tread
'Tree with tags' 
(0 (1 ((2 3 )((6 7 (4 5 ))(9 (8 (10 (11 12 ))))))((13 14 )((39 (31 (((32 33 )(36 (37 38 )))(34 35 ))))(41 (40 (42 (43 ((44 45 )(46 47 ))))))))((15 16 )(17 (18 (19 ((20 21 )((22 23 )(24 25 )))))))(27 (26 (28 (29 30 )))))); 
ttag *!; 
ttag +49 ???; 
ttag +50 8; 
ttag +51 6; 
ttag +52 7; 
ttag +53 10; 
ttag +54 3; 
ttag +55 1; 
ttag +56 3; 
ttag +57 3; 
ttag +58 8; 
ttag +59 10; 
ttag +60 2; 
ttag +61 15; 
ttag +62 8; 
ttag +63 3; 
ttag +64 4; 
ttag +65 1; 
ttag +66 4; 
ttag +67 1; 
ttag +68 5; 
ttag +69 6; 
ttag +70 7; 
ttag +71 1; 
ttag +72 6; 
ttag +73 9; 
ttag +74 5; 
ttag +75 11; 
ttag +76 4; 
ttag +77 4; 
ttag +78 4; 
ttag +79 1; 
ttag +80 3; 
ttag +81 2; 
ttag +82 10; 
ttag +83 12; 
ttag +84 4; 
ttag +85 7; 
ttag +86 8; 
ttag +87 5; 
ttag +88 3; 
ttag +89 8; 
ttag +90 3; 
tread
'Tree with tags' 
(0 ((1 ((13 14 )((39 (31 (((32 33 )(36 (37 38 )))(34 35 ))))(41 (40 (42 (43 ((44 45 )(46 47 )))))))))(((2 3 )((6 (7 (4 5 )))(9 (8 (10 (11 12 ))))))(((15 16 )(17 (18 (19 ((20 21 )((22 23 )(24 25 )))))))(27 (26 (28 (29 30 )))))))); 
ttag *!; 
ttag +0 ////; 
ttag +1 ////; 
ttag +2 ////; 
ttag +3 ////; 
ttag +4 ////; 
ttag +5 ////; 
ttag +6 ////; 
ttag +7 ////; 
ttag +8 ////; 
ttag +9 ////; 
ttag +10 ////; 
ttag +11 ////; 
ttag +12 ////; 
ttag +13 ////; 
ttag +14 ////; 
ttag +15 ////; 
ttag +16 ////; 
ttag +17 ////; 
ttag +18 ////; 
ttag +19 ////; 
ttag +20 ////; 
ttag +21 ////; 
ttag +22 ////; 
ttag +23 ////; 
ttag +24 ////; 
ttag +25 ////; 
ttag +26 ////; 
ttag +27 ////; 
ttag +28 ////; 
ttag +29 ////; 
ttag +30 ////; 
ttag +31 ////; 
ttag +32 ////; 
ttag +33 ////; 
ttag +34 ////; 
ttag +35 ////; 
ttag +36 ////; 
ttag +37 ////; 
ttag +38 ////; 
ttag +39 ////; 
ttag +40 ////; 
ttag +41 ////; 
ttag +42 ////; 
ttag +43 ////; 
ttag +44 ////; 
ttag +45 ////; 
ttag +46 ////; 
ttag +47 ////; 
ttag +48 ////; 
ttag +49 20/3/?/3/0; 
ttag +50 100/100/100/100/100; 
ttag +51 100/100/100/100/100; 
ttag +52 97/96/90/96/92; 
ttag +53 14/[10]/?/?/?; 
ttag +54 99/99/95/100/96; 
ttag +55 38/[4]/?/?/?; 
ttag +56 100/100/100/100/99; 
ttag +57 92/88/84/86/85; 
ttag +58 40/25/12/26/15; 
ttag +59 78/74/61/79/60; 
ttag +60 85/78/77/84/72; 
ttag +61 100/100/98/98/98; 
ttag +62 100/100/100/100/100; 
ttag +63 68/55/30/55/31; 
ttag +64 100/100/100/100/100; 
ttag +65 97/96/97/97/95; 
ttag +66 32/17/8/12/2; 
ttag +67 90/87/80/84/78; 
ttag +68 92/89/81/94/78; 
ttag +69 62/48/38/50/48; 
ttag +70 99/99/97/97/98; 
ttag +71 62/48/37/50/32; 
ttag +72 98/98/96/98/94; 
ttag +73 98/97/95/99/92; 
ttag +74 99/99/99/99/94; 
ttag +75 46/20/3/25/4; 
ttag +76 96/94/90/96/91; 
ttag +77 99/99/100/100/98; 
ttag +78 98/98/95/98/97; 
ttag +79 99/99/100/100/99; 
ttag +80 96/95/88/96/88; 
ttag +81 88/84/67/87/72; 
ttag +82 96/94/93/96/92; 
ttag +83 52/47/39/53/35; 
ttag +84 72/67/57/77/59; 
ttag +85 84/79/72/80/68; 
ttag +86 100/100/97/100/99; 
ttag +87 100/100/100/100/100; 
ttag +88 86/82/78/90/77; 
ttag +89 95/94/91/98/88; 
ttag +90 100/100/99/100/100; 
ttag +91 98/98/86/92/91; 
ttag +92 87/84/78/86/74; 
ttag +93 99/99/98/100/98; 
ttag +94 93/90/80/86/82; 
