tread
'Tree with tags' 
(0 (1 (((2 3 )(8 9 (6 7 (4 5 ))(10 (11 12 ))))((13 14 )((26 (27 (28 (29 30 ))))(39 ((31 (((32 33 )(34 35 ))(36 (37 38 ))))((40 41 )(42 (43 ((44 45 )(46 47 ))))))))))(17 (15 16 )(18 19 ((20 21 )((22 23 )(24 25 ))))))); 
ttag *!; 
ttag +49 ???; 
ttag +50 5; 
ttag +51 5; 
ttag +52 1; 
ttag +53 9; 
ttag +54 3; 
ttag +55 2; 
ttag +56 1; 
ttag +57 4; 
ttag +58 8; 
ttag +59 1; 
ttag +60 14; 
ttag +61 3; 
ttag +62 5; 
ttag +63 10; 
ttag +64 4; 
ttag +65 5; 
ttag +66 8; 
ttag +67 3; 
ttag +68 5; 
ttag +69 10; 
ttag +70 1; 
ttag +71 10; 
ttag +72 12; 
ttag +73 9; 
ttag +74 1; 
ttag +75 3; 
ttag +76 6; 
ttag +77 1; 
ttag +78 4; 
ttag +79 3; 
ttag +80 10; 
ttag +81 9; 
ttag +82 6; 
ttag +83 3; 
ttag +84 6; 
ttag +85 7; 
ttag +86 5; 
ttag +87 8; 
ttag +88 6; 
tread
'Tree with tags' 
(0 ((1 (((2 3 )((8 (9 (6 (7 (4 5 )))))(10 (11 12 ))))((13 14 )((26 (27 (28 (29 30 ))))(39 ((31 (((32 33 )(34 35 ))(36 (37 38 ))))((40 41 )(42 (43 ((44 45 )(46 47 )))))))))))((17 (15 16 ))(19 (18 ((20 21 )((22 23 )(24 25 )))))))); 
ttag *!; 
ttag +0 ////; 
ttag +1 ////; 
ttag +2 ////; 
ttag +3 ////; 
ttag +4 ////; 
ttag +5 ////; 
ttag +6 ////; 
ttag +7 ////; 
ttag +8 ////; 
ttag +9 ////; 
ttag +10 ////; 
ttag +11 ////; 
ttag +12 ////; 
ttag +13 ////; 
ttag +14 ////; 
ttag +15 ////; 
ttag +16 ////; 
ttag +17 ////; 
ttag +18 ////; 
ttag +19 ////; 
ttag +20 ////; 
ttag +21 ////; 
ttag +22 ////; 
ttag +23 ////; 
ttag +24 ////; 
ttag +25 ////; 
ttag +26 ////; 
ttag +27 ////; 
ttag +28 ////; 
ttag +29 ////; 
ttag +30 ////; 
ttag +31 ////; 
ttag +32 ////; 
ttag +33 ////; 
ttag +34 ////; 
ttag +35 ////; 
ttag +36 ////; 
ttag +37 ////; 
ttag +38 ////; 
ttag +39 ////; 
ttag +40 ////; 
ttag +41 ////; 
ttag +42 ////; 
ttag +43 ////; 
ttag +44 ////; 
ttag +45 ////; 
ttag +46 ////; 
ttag +47 ////; 
ttag +48 ////; 
ttag +49 6/[18]/?/?/?; 
ttag +50 100/100/100/100/100; 
ttag +51 98/98/91/96/92; 
ttag +52 98/98/94/98/93; 
ttag +53 40/15/20/24/15; 
ttag +54 100/100/100/100/100; 
ttag +55 20/[9]/?/?/0; 
ttag +56 86/81/70/79/70; 
ttag +57 32/[8]/?/?/?; 
ttag +58 42/9/8/7/10; 
ttag +59 83/78/66/76/70; 
ttag +60 65/62/48/56/47; 
ttag +61 99/99/97/98/96; 
ttag +62 100/100/100/100/99; 
ttag +63 32/5/8/12/?; 
ttag +64 100/100/100/100/100; 
ttag +65 0/[18]/?/?/?; 
ttag +66 70/50/58/65/49; 
ttag +67 38/4/?/0/?; 
ttag +68 93/92/86/94/82; 
ttag +69 100/100/100/100/100; 
ttag +70 92/89/76/90/77; 
ttag +71 95/94/83/94/80; 
ttag +72 100/100/98/99/96; 
ttag +73 95/95/93/94/90; 
ttag +74 94/94/86/95/89; 
ttag +75 99/99/97/99/95; 
ttag +76 54/30/21/42/24; 
ttag +77 100/100/98/100/99; 
ttag +78 100/100/100/100/100; 
ttag +79 100/100/98/99/97; 
ttag +80 44/28/23/32/26; 
ttag +81 62/51/40/58/48; 
ttag +82 98/98/98/100/96; 
ttag +83 43/31/28/44/32; 
ttag +84 84/79/72/84/69; 
ttag +85 91/90/82/92/82; 
ttag +86 100/100/100/100/98; 
ttag +87 100/100/100/100/99; 
ttag +88 98/97/92/97/89; 
ttag +89 80/73/74/77/65; 
ttag +90 97/96/96/97/93; 
ttag +91 100/100/99/99/97; 
ttag +92 96/96/90/95/92; 
ttag +93 99/99/98/99/94; 
ttag +94 100/100/97/99/99; 
