tread
'Tree with tags' 
(0 ((1 (((13 14 )((15 16 )(17 (18 (19 ((20 21 )((22 23 )(24 25 ))))))))((26 (27 (28 (29 30 ))))((39 (31 (((32 33 )(36 (37 38 )))(34 35 ))))(41 (40 (42 (43 ((44 45 )(46 47 ))))))))))((2 3 )((((4 5 )(6 7 ))(10 (11 12 )))(8 9 ))))); 
ttag *!; 
ttag +49 1; 
ttag +50 ???; 
ttag +51 6; 
ttag +52 7; 
ttag +53 1; 
ttag +54 8; 
ttag +55 2; 
ttag +56 4; 
ttag +57 2; 
ttag +58 1; 
ttag +59 1; 
ttag +60 7; 
ttag +61 6; 
ttag +62 1; 
ttag +63 2; 
ttag +64 6; 
ttag +65 7; 
ttag +66 3; 
ttag +67 3; 
ttag +68 4; 
ttag +69 9; 
ttag +70 6; 
ttag +71 6; 
ttag +72 5; 
ttag +73 5; 
ttag +74 4; 
ttag +75 10; 
ttag +76 5; 
ttag +77 6; 
ttag +78 12; 
ttag +79 7; 
ttag +80 1; 
ttag +81 4; 
ttag +82 3; 
ttag +83 2; 
ttag +84 6; 
ttag +85 3; 
ttag +86 11; 
ttag +87 13; 
ttag +88 1; 
ttag +89 5; 
ttag +90 11; 
ttag +91 1; 
ttag +92 4; 
ttag +93 9; 
ttag +94 2; 
tread
'Tree with tags' 
(0 ((1 (((13 14 )((15 16 )(17 (18 (19 ((20 21 )((22 23 )(24 25 ))))))))((26 (27 (28 (29 30 ))))((39 (31 (((32 33 )(36 (37 38 )))(34 35 ))))(41 (40 (42 (43 ((44 45 )(46 47 ))))))))))((2 3 )((((4 5 )(6 7 ))(10 (11 12 )))(8 9 ))))); 
ttag *!; 
ttag +0 ////; 
ttag +1 ////; 
ttag +2 ////; 
ttag +3 ////; 
ttag +4 ////; 
ttag +5 ////; 
ttag +6 ////; 
ttag +7 ////; 
ttag +8 ////; 
ttag +9 ////; 
ttag +10 ////; 
ttag +11 ////; 
ttag +12 ////; 
ttag +13 ////; 
ttag +14 ////; 
ttag +15 ////; 
ttag +16 ////; 
ttag +17 ////; 
ttag +18 ////; 
ttag +19 ////; 
ttag +20 ////; 
ttag +21 ////; 
ttag +22 ////; 
ttag +23 ////; 
ttag +24 ////; 
ttag +25 ////; 
ttag +26 ////; 
ttag +27 ////; 
ttag +28 ////; 
ttag +29 ////; 
ttag +30 ////; 
ttag +31 ////; 
ttag +32 ////; 
ttag +33 ////; 
ttag +34 ////; 
ttag +35 ////; 
ttag +36 ////; 
ttag +37 ////; 
ttag +38 ////; 
ttag +39 ////; 
ttag +40 ////; 
ttag +41 ////; 
ttag +42 ////; 
ttag +43 ////; 
ttag +44 ////; 
ttag +45 ////; 
ttag +46 ////; 
ttag +47 ////; 
ttag +48 ////; 
ttag +49 40/20/10/14/18; 
ttag +50 100/100/100/100/100; 
ttag +51 98/98/94/97/97; 
ttag +52 97/96/95/98/94; 
ttag +53 60/36/35/40/34; 
ttag +54 98/97/98/98/95; 
ttag +55 72/66/42/64/47; 
ttag +56 82/78/62/84/70; 
ttag +57 76/64/64/69/55; 
ttag +58 30/[1]/8/?/?; 
ttag +59 45/7/4/17/?; 
ttag +60 99/99/97/99/97; 
ttag +61 100/100/99/98/99; 
ttag +62 50/34/24/35/15; 
ttag +63 56/47/42/53/52; 
ttag +64 98/98/97/96/95; 
ttag +65 97/96/94/100/94; 
ttag +66 89/88/74/86/82; 
ttag +67 82/78/64/81/67; 
ttag +68 90/89/79/90/74; 
ttag +69 100/100/99/100/100; 
ttag +70 98/97/88/97/91; 
ttag +71 99/99/96/99/98; 
ttag +72 96/94/91/95/89; 
ttag +73 94/92/82/91/80; 
ttag +74 88/82/82/92/84; 
ttag +75 100/100/100/100/97; 
ttag +76 93/92/81/92/80; 
ttag +77 98/98/98/100/99; 
ttag +78 100/100/100/100/100; 
ttag +79 98/98/96/99/96; 
ttag +80 49/38/29/33/30; 
ttag +81 88/84/78/90/76; 
ttag +82 84/80/74/77/74; 
ttag +83 73/70/60/58/58; 
ttag +84 97/96/88/94/88; 
ttag +85 91/90/85/82/84; 
ttag +86 100/100/100/100/100; 
ttag +87 100/100/100/100/100; 
ttag +88 56/33/31/32/20; 
ttag +89 91/90/82/90/80; 
ttag +90 100/100/98/99/99; 
ttag +91 51/22/12/32/32; 
ttag +92 97/96/94/97/93; 
ttag +93 100/100/99/99/100; 
ttag +94 65/47/38/53/46; 
