tread
'Tree with tags' 
(0 (1 ((2 3 )(((4 5 )(6 7 ))((8 9 )(10 (11 12 )))))(13 14 )((15 16 )(17 (18 (19 ((20 21 )((22 23 )(24 25 )))))))(26 27 (28 (29 30 ))((31 ((32 33 )((34 35 )(36 (37 38 )))))(39 (40 41 (42 43 ((44 45 )(46 47 ))))))))); 
ttag *!; 
ttag +49 ???; 
ttag +50 2; 
ttag +51 6; 
ttag +52 4; 
ttag +53 9; 
ttag +54 1; 
ttag +55 2; 
ttag +56 3; 
ttag +57 3; 
ttag +58 7; 
ttag +59 12; 
ttag +60 4; 
ttag +61 11; 
ttag +62 5; 
ttag +63 2; 
ttag +64 1; 
ttag +65 4; 
ttag +66 7; 
ttag +67 9; 
ttag +68 8; 
ttag +69 9; 
ttag +70 4; 
ttag +71 5; 
ttag +72 5; 
ttag +73 6; 
ttag +74 7; 
ttag +75 7; 
ttag +76 3; 
ttag +77 1; 
ttag +78 6; 
ttag +79 1; 
ttag +80 8; 
ttag +81 11; 
ttag +82 1; 
ttag +83 4; 
ttag +84 7; 
ttag +85 6; 
ttag +86 5; 
ttag +87 3; 
tread
'Tree with tags' 
(0 ((1 ((2 3 )(((4 5 )(6 7 ))((8 9 )(10 (11 12 ))))))(((13 14 )(26 ((27 ((31 ((32 33 )((34 35 )(36 (37 38 )))))(39 (40 (41 ((42 43 )((44 45 )(46 47 ))))))))(28 (29 30 )))))((15 16 )(17 (18 (19 ((20 21 )((22 23 )(24 25 )))))))))); 
ttag *!; 
ttag +0 ////; 
ttag +1 ////; 
ttag +2 ////; 
ttag +3 ////; 
ttag +4 ////; 
ttag +5 ////; 
ttag +6 ////; 
ttag +7 ////; 
ttag +8 ////; 
ttag +9 ////; 
ttag +10 ////; 
ttag +11 ////; 
ttag +12 ////; 
ttag +13 ////; 
ttag +14 ////; 
ttag +15 ////; 
ttag +16 ////; 
ttag +17 ////; 
ttag +18 ////; 
ttag +19 ////; 
ttag +20 ////; 
ttag +21 ////; 
ttag +22 ////; 
ttag +23 ////; 
ttag +24 ////; 
ttag +25 ////; 
ttag +26 ////; 
ttag +27 ////; 
ttag +28 ////; 
ttag +29 ////; 
ttag +30 ////; 
ttag +31 ////; 
ttag +32 ////; 
ttag +33 ////; 
ttag +34 ////; 
ttag +35 ////; 
ttag +36 ////; 
ttag +37 ////; 
ttag +38 ////; 
ttag +39 ////; 
ttag +40 ////; 
ttag +41 ////; 
ttag +42 ////; 
ttag +43 ////; 
ttag +44 ////; 
ttag +45 ////; 
ttag +46 ////; 
ttag +47 ////; 
ttag +48 ////; 
ttag +49 37/[6]/?/?/?; 
ttag +50 100/100/100/100/100; 
ttag +51 86/84/73/78/70; 
ttag +52 99/98/94/99/96; 
ttag +53 98/98/93/97/94; 
ttag +54 99/99/97/100/98; 
ttag +55 74/64/53/54/55; 
ttag +56 62/37/34/46/28; 
ttag +57 77/71/62/80/62; 
ttag +58 83/80/67/80/60; 
ttag +59 94/92/94/96/90; 
ttag +60 100/100/100/100/100; 
ttag +61 99/98/96/98/98; 
ttag +62 20/[24]/?/?/?; 
ttag +63 37/[6]/?/?/?; 
ttag +64 100/100/100/100/100; 
ttag +65 90/88/84/91/81; 
ttag +66 74/62/48/64/60; 
ttag +67 62/44/19/50/38; 
ttag +68 92/91/88/95/90; 
ttag +69 100/100/100/100/100; 
ttag +70 100/100/99/100/99; 
ttag +71 99/99/98/99/95; 
ttag +72 99/99/100/100/98; 
ttag +73 94/94/87/97/90; 
ttag +74 99/99/93/97/94; 
ttag +75 19/[13]/?/?/?; 
ttag +76 49/22/11/24/10; 
ttag +77 96/96/97/98/92; 
ttag +78 100/100/98/100/99; 
ttag +79 97/97/94/94/93; 
ttag +80 95/94/93/98/91; 
ttag +81 81/75/69/81/65; 
ttag +82 36/17/7/21/9; 
ttag +83 98/97/96/96/92; 
ttag +84 48/31/18/28/12; 
ttag +85 99/99/97/98/99; 
ttag +86 100/100/100/100/100; 
ttag +87 56/52/52/47/46; 
ttag +88 96/96/92/94/92; 
ttag +89 14/[17]/?/?/?; 
ttag +90 36/1/21/4/2; 
ttag +91 99/99/95/100/98; 
ttag +92 99/99/98/98/95; 
ttag +93 98/96/90/96/95; 
ttag +94 88/84/80/86/84; 
