tread
'Tree with tags' 
(0 (1 ((2 3 )(((4 5 )(6 7 ))(8 9 )(10 (11 12 ))))(13 14 )((15 16 )(17 ((18 19 )((20 21 )(25 (24 (22 23 )))))))((26 (27 (28 (29 30 ))))((31 ((32 33 )((34 35 )(36 (37 38 )))))(39 (40 (41 (42 (43 ((44 45 )(46 47 ))))))))))); 
ttag *!; 
ttag +49 ???; 
ttag +50 6; 
ttag +51 5; 
ttag +52 9; 
ttag +53 7; 
ttag +54 7; 
ttag +55 3; 
ttag +56 1; 
ttag +57 2; 
ttag +58 5; 
ttag +59 4; 
ttag +60 10; 
ttag +61 7; 
ttag +62 2; 
ttag +63 1; 
ttag +64 2; 
ttag +65 4; 
ttag +66 2; 
ttag +67 11; 
ttag +68 1; 
ttag +69 4; 
ttag +70 2; 
ttag +71 3; 
ttag +72 2; 
ttag +73 2; 
ttag +74 12; 
ttag +75 7; 
ttag +76 9; 
ttag +77 7; 
ttag +78 7; 
ttag +79 4; 
ttag +80 2; 
ttag +81 8; 
ttag +82 14; 
ttag +83 7; 
ttag +84 9; 
ttag +85 2; 
ttag +86 13; 
ttag +87 4; 
ttag +88 4; 
ttag +89 6; 
ttag +90 4; 
tread
'Tree with tags' 
(0 (1 (((((2 3 )(((4 5 )(6 7 ))((8 9 )(10 (11 12 )))))((26 (27 (28 (29 30 ))))((31 ((32 33 )((34 35 )(36 (37 38 )))))(39 (40 (41 (42 (43 ((44 45 )(46 47 ))))))))))((15 16 )(17 ((18 19 )((20 21 )(25 (24 (22 23 ))))))))(13 14 )))); 
ttag *!; 
ttag +0 ////; 
ttag +1 ////; 
ttag +2 ////; 
ttag +3 ////; 
ttag +4 ////; 
ttag +5 ////; 
ttag +6 ////; 
ttag +7 ////; 
ttag +8 ////; 
ttag +9 ////; 
ttag +10 ////; 
ttag +11 ////; 
ttag +12 ////; 
ttag +13 ////; 
ttag +14 ////; 
ttag +15 ////; 
ttag +16 ////; 
ttag +17 ////; 
ttag +18 ////; 
ttag +19 ////; 
ttag +20 ////; 
ttag +21 ////; 
ttag +22 ////; 
ttag +23 ////; 
ttag +24 ////; 
ttag +25 ////; 
ttag +26 ////; 
ttag +27 ////; 
ttag +28 ////; 
ttag +29 ////; 
ttag +30 ////; 
ttag +31 ////; 
ttag +32 ////; 
ttag +33 ////; 
ttag +34 ////; 
ttag +35 ////; 
ttag +36 ////; 
ttag +37 ////; 
ttag +38 ////; 
ttag +39 ////; 
ttag +40 ////; 
ttag +41 ////; 
ttag +42 ////; 
ttag +43 ////; 
ttag +44 ////; 
ttag +45 ////; 
ttag +46 ////; 
ttag +47 ////; 
ttag +48 ////; 
ttag +49 100/100/100/100/100; 
ttag +50 99/99/98/99/98; 
ttag +51 86/80/68/81/74; 
ttag +52 27/[12]/?/?/?; 
ttag +53 26/12/13/14/11; 
ttag +54 6/[22]/?/?/?; 
ttag +55 100/100/98/100/96; 
ttag +56 96/94/96/98/93; 
ttag +57 100/100/98/99/99; 
ttag +58 91/87/79/86/74; 
ttag +59 67/44/34/36/30; 
ttag +60 35/13/5/4/3; 
ttag +61 85/80/76/89/74; 
ttag +62 96/96/93/97/92; 
ttag +63 98/98/96/98/98; 
ttag +64 100/100/100/100/100; 
ttag +65 96/95/88/92/90; 
ttag +66 57/45/42/44/35; 
ttag +67 36/24/18/28/13; 
ttag +68 44/32/29/36/29; 
ttag +69 99/99/98/98/98; 
ttag +70 63/52/48/58/55; 
ttag +71 100/100/100/100/100; 
ttag +72 33/[2]/?/5/?; 
ttag +73 77/71/59/74/67; 
ttag +74 81/79/64/75/63; 
ttag +75 89/87/82/87/80; 
ttag +76 71/62/54/58/47; 
ttag +77 71/64/52/62/40; 
ttag +78 100/100/99/100/100; 
ttag +79 99/99/97/99/95; 
ttag +80 100/100/98/99/98; 
ttag +81 98/98/98/100/98; 
ttag +82 99/98/98/99/97; 
ttag +83 98/98/98/98/98; 
ttag +84 86/86/85/86/83; 
ttag +85 99/99/98/100/98; 
ttag +86 100/100/100/100/100; 
ttag +87 100/100/95/100/98; 
ttag +88 100/100/99/100/99; 
ttag +89 80/75/70/80/69; 
ttag +90 100/100/100/100/100; 
ttag +91 93/93/87/94/86; 
ttag +92 95/94/88/94/89; 
ttag +93 99/99/98/99/98; 
ttag +94 93/90/84/92/79; 
