tread
'Tree with tags' 
(0 (1 ((2 3 )((6 7 (4 5 ))(8 9 )(10 (11 12 ))))(13 14 )((17 (15 16 )(18 19 (20 21 )((22 23 )(24 25 ))))(26 (27 (28 (29 30 )))(39 ((31 ((32 33 )(34 35 ))(36 (37 38 )))((40 41 )(42 (43 ((44 45 )(46 47 ))))))))))); 
ttag *!; 
ttag +49 ???; 
ttag +50 6; 
ttag +51 3; 
ttag +52 9; 
ttag +53 5; 
ttag +54 7; 
ttag +55 1; 
ttag +56 5; 
ttag +57 8; 
ttag +58 9; 
ttag +59 10; 
ttag +60 7; 
ttag +61 1; 
ttag +62 1; 
ttag +63 9; 
ttag +64 10; 
ttag +65 4; 
ttag +66 1; 
ttag +67 3; 
ttag +68 3; 
ttag +69 5; 
ttag +70 12; 
ttag +71 3; 
ttag +72 3; 
ttag +73 7; 
ttag +74 5; 
ttag +75 3; 
ttag +76 4; 
ttag +77 12; 
ttag +78 2; 
ttag +79 1; 
ttag +80 8; 
ttag +81 14; 
ttag +82 2; 
ttag +83 6; 
ttag +84 7; 
ttag +85 5; 
tread
'Tree with tags' 
(0 ((1 (13 14 ))(((2 3 )(((6 (7 (4 5 )))(10 (11 12 )))(8 9 )))(((15 16 )(17 (19 (18 ((20 21 )((22 23 )(24 25 )))))))((26 (39 (((31 (36 (37 38 )))((32 33 )(34 35 )))((40 41 )(42 (43 ((44 45 )(46 47 ))))))))(27 (28 (29 30 )))))))); 
ttag *!; 
ttag +0 ////; 
ttag +1 ////; 
ttag +2 ////; 
ttag +3 ////; 
ttag +4 ////; 
ttag +5 ////; 
ttag +6 ////; 
ttag +7 ////; 
ttag +8 ////; 
ttag +9 ////; 
ttag +10 ////; 
ttag +11 ////; 
ttag +12 ////; 
ttag +13 ////; 
ttag +14 ////; 
ttag +15 ////; 
ttag +16 ////; 
ttag +17 ////; 
ttag +18 ////; 
ttag +19 ////; 
ttag +20 ////; 
ttag +21 ////; 
ttag +22 ////; 
ttag +23 ////; 
ttag +24 ////; 
ttag +25 ////; 
ttag +26 ////; 
ttag +27 ////; 
ttag +28 ////; 
ttag +29 ////; 
ttag +30 ////; 
ttag +31 ////; 
ttag +32 ////; 
ttag +33 ////; 
ttag +34 ////; 
ttag +35 ////; 
ttag +36 ////; 
ttag +37 ////; 
ttag +38 ////; 
ttag +39 ////; 
ttag +40 ////; 
ttag +41 ////; 
ttag +42 ////; 
ttag +43 ////; 
ttag +44 ////; 
ttag +45 ////; 
ttag +46 ////; 
ttag +47 ////; 
ttag +48 ////; 
ttag +49 15/[4]/?/?/?; 
ttag +50 100/100/100/100/100; 
ttag +51 99/98/99/99/99; 
ttag +52 94/92/87/94/90; 
ttag +53 34/14/2/10/9; 
ttag +54 100/100/100/100/99; 
ttag +55 20/[17]/?/?/?; 
ttag +56 93/91/88/92/84; 
ttag +57 20/[4]/2/?/1; 
ttag +58 98/97/94/97/93; 
ttag +59 46/25/16/32/17; 
ttag +60 98/98/94/96/90; 
ttag +61 100/100/98/100/99; 
ttag +62 100/100/100/100/98; 
ttag +63 99/99/99/100/98; 
ttag +64 98/98/96/100/98; 
ttag +65 42/21/13/38/23; 
ttag +66 44/27/22/22/17; 
ttag +67 7/[30]/?/?/?; 
ttag +68 63/52/37/51/44; 
ttag +69 100/100/100/100/100; 
ttag +70 63/54/58/57/55; 
ttag +71 100/100/100/100/99; 
ttag +72 94/94/80/94/78; 
ttag +73 60/41/35/35/35; 
ttag +74 38/[7]/?/?/?; 
ttag +75 92/90/80/85/79; 
ttag +76 90/90/89/94/89; 
ttag +77 96/95/94/97/92; 
ttag +78 100/100/100/100/100; 
ttag +79 18/[20]/?/?/?; 
ttag +80 87/82/69/75/71; 
ttag +81 93/93/86/90/82; 
ttag +82 99/98/98/100/98; 
ttag +83 97/96/91/96/88; 
ttag +84 86/85/82/87/81; 
ttag +85 98/97/96/96/96; 
ttag +86 100/100/98/100/99; 
ttag +87 71/52/43/59/46; 
ttag +88 73/60/53/60/50; 
ttag +89 99/99/99/99/96; 
ttag +90 100/100/100/100/100; 
ttag +91 78/70/63/74/63; 
ttag +92 99/99/96/99/98; 
ttag +93 99/99/98/99/98; 
ttag +94 99/98/96/99/96; 
