tread
'Tree with tags' 
(0 (1 ((2 3 )(((4 5 )(6 7 ))(8 9 (10 (11 12 )))))(((13 14 )((26 (27 (28 (29 30 ))))((39 (31 ((32 33 )((34 35 )(36 (37 38 ))))))((40 41 )(42 (43 (46 47 (44 45 ))))))))(17 (15 16 )(18 (19 ((20 21 )((22 23 )(24 25 ))))))))); 
ttag *!; 
ttag +49 ???; 
ttag +50 3; 
ttag +51 12; 
ttag +52 2; 
ttag +53 4; 
ttag +54 1; 
ttag +55 1; 
ttag +56 2; 
ttag +57 4; 
ttag +58 5; 
ttag +59 11; 
ttag +60 1; 
ttag +61 1; 
ttag +62 11; 
ttag +63 5; 
ttag +64 3; 
ttag +65 3; 
ttag +66 12; 
ttag +67 4; 
ttag +68 5; 
ttag +69 3; 
ttag +70 1; 
ttag +71 6; 
ttag +72 5; 
ttag +73 2; 
ttag +74 3; 
ttag +75 13; 
ttag +76 3; 
ttag +77 1; 
ttag +78 5; 
ttag +79 6; 
ttag +80 3; 
ttag +81 1; 
ttag +82 1; 
ttag +83 12; 
ttag +84 9; 
ttag +85 4; 
ttag +86 11; 
ttag +87 6; 
ttag +88 2; 
ttag +89 11; 
ttag +90 4; 
tread
'Tree with tags' 
(0 ((1 (((13 14 )((26 (27 (28 (29 30 ))))((39 (31 ((32 33 )((34 35 )(36 (37 38 ))))))((40 41 )(42 (43 (46 (47 (44 45 )))))))))((15 16 )(17 (18 (19 ((20 21 )((22 23 )(24 25 )))))))))((2 3 )(((4 5 )(6 7 ))(9 (8 (10 (11 12 )))))))); 
ttag *!; 
ttag +0 ////; 
ttag +1 ////; 
ttag +2 ////; 
ttag +3 ////; 
ttag +4 ////; 
ttag +5 ////; 
ttag +6 ////; 
ttag +7 ////; 
ttag +8 ////; 
ttag +9 ////; 
ttag +10 ////; 
ttag +11 ////; 
ttag +12 ////; 
ttag +13 ////; 
ttag +14 ////; 
ttag +15 ////; 
ttag +16 ////; 
ttag +17 ////; 
ttag +18 ////; 
ttag +19 ////; 
ttag +20 ////; 
ttag +21 ////; 
ttag +22 ////; 
ttag +23 ////; 
ttag +24 ////; 
ttag +25 ////; 
ttag +26 ////; 
ttag +27 ////; 
ttag +28 ////; 
ttag +29 ////; 
ttag +30 ////; 
ttag +31 ////; 
ttag +32 ////; 
ttag +33 ////; 
ttag +34 ////; 
ttag +35 ////; 
ttag +36 ////; 
ttag +37 ////; 
ttag +38 ////; 
ttag +39 ////; 
ttag +40 ////; 
ttag +41 ////; 
ttag +42 ////; 
ttag +43 ////; 
ttag +44 ////; 
ttag +45 ////; 
ttag +46 ////; 
ttag +47 ////; 
ttag +48 ////; 
ttag +49 19/[10]/?/0/4; 
ttag +50 100/100/100/100/100; 
ttag +51 87/83/78/77/75; 
ttag +52 100/100/100/100/99; 
ttag +53 68/59/40/53/46; 
ttag +54 94/93/85/92/84; 
ttag +55 56/32/16/29/15; 
ttag +56 44/14/16/22/12; 
ttag +57 18/[9]/?/?/?; 
ttag +58 72/68/61/73/60; 
ttag +59 86/79/72/83/75; 
ttag +60 98/98/98/98/98; 
ttag +61 100/100/99/100/99; 
ttag +62 64/51/29/53/38; 
ttag +63 67/59/46/51/46; 
ttag +64 100/100/100/100/100; 
ttag +65 95/94/88/94/85; 
ttag +66 36/6/?/?/0; 
ttag +67 84/83/77/86/78; 
ttag +68 89/86/80/92/80; 
ttag +69 100/100/100/100/100; 
ttag +70 91/88/81/93/80; 
ttag +71 99/99/100/98/100; 
ttag +72 84/79/80/84/71; 
ttag +73 58/40/34/38/47; 
ttag +74 97/97/94/99/98; 
ttag +75 90/88/71/85/72; 
ttag +76 55/28/22/31/19; 
ttag +77 71/55/55/55/49; 
ttag +78 100/100/100/100/99; 
ttag +79 83/81/66/78/66; 
ttag +80 62/54/45/55/46; 
ttag +81 94/92/82/92/83; 
ttag +82 99/99/96/97/96; 
ttag +83 83/77/63/81/63; 
ttag +84 67/52/54/50/42; 
ttag +85 74/72/56/66/66; 
ttag +86 100/100/100/99/100; 
ttag +87 100/100/100/100/100; 
ttag +88 93/91/85/93/86; 
ttag +89 99/99/99/100/98; 
ttag +90 98/98/96/99/98; 
ttag +91 80/69/52/62/56; 
ttag +92 100/100/100/100/99; 
ttag +93 27/[12]/?/?/?; 
ttag +94 92/88/81/90/84; 
