tread
'Tree with tags' 
(0 (1 (((((2 3 )(7 (6 (4 5 ))))(8 9 ))(10 (11 12 )))((13 14 )(((15 16 )(17 (18 (19 ((20 21 )((22 23 )(24 25 )))))))((26 (27 (28 (29 30 ))))((31 ((32 33 )(34 35 )(36 (37 38 ))))(39 (40 41 (42 (43 ((44 45 )(46 47 ))))))))))))); 
ttag *!; 
ttag +49 ???; 
ttag +50 8; 
ttag +51 1; 
ttag +52 1; 
ttag +53 7; 
ttag +54 1; 
ttag +55 2; 
ttag +56 2; 
ttag +57 6; 
ttag +58 1; 
ttag +59 6; 
ttag +60 7; 
ttag +61 10; 
ttag +62 1; 
ttag +63 15; 
ttag +64 2; 
ttag +65 1; 
ttag +66 1; 
ttag +67 2; 
ttag +68 1; 
ttag +69 5; 
ttag +70 9; 
ttag +71 12; 
ttag +72 2; 
ttag +73 3; 
ttag +74 5; 
ttag +75 6; 
ttag +76 2; 
ttag +77 4; 
ttag +78 9; 
ttag +79 6; 
ttag +80 7; 
ttag +81 8; 
ttag +82 8; 
ttag +83 5; 
ttag +84 9; 
ttag +85 2; 
ttag +86 1; 
ttag +87 12; 
ttag +88 6; 
ttag +89 4; 
ttag +90 6; 
ttag +91 4; 
ttag +92 2; 
tread
'Tree with tags' 
(0 (1 (((((2 3 )(7 (6 (4 5 ))))(8 9 ))(10 (11 12 )))((13 14 )(((15 16 )(17 (18 (19 ((20 21 )((22 23 )(24 25 )))))))((26 (27 (28 (29 30 ))))((31 ((32 33 )((34 35 )(36 (37 38 )))))(39 ((40 41 )(42 (43 ((44 45 )(46 47 ))))))))))))); 
ttag *!; 
ttag +0 ////; 
ttag +1 ////; 
ttag +2 ////; 
ttag +3 ////; 
ttag +4 ////; 
ttag +5 ////; 
ttag +6 ////; 
ttag +7 ////; 
ttag +8 ////; 
ttag +9 ////; 
ttag +10 ////; 
ttag +11 ////; 
ttag +12 ////; 
ttag +13 ////; 
ttag +14 ////; 
ttag +15 ////; 
ttag +16 ////; 
ttag +17 ////; 
ttag +18 ////; 
ttag +19 ////; 
ttag +20 ////; 
ttag +21 ////; 
ttag +22 ////; 
ttag +23 ////; 
ttag +24 ////; 
ttag +25 ////; 
ttag +26 ////; 
ttag +27 ////; 
ttag +28 ////; 
ttag +29 ////; 
ttag +30 ////; 
ttag +31 ////; 
ttag +32 ////; 
ttag +33 ////; 
ttag +34 ////; 
ttag +35 ////; 
ttag +36 ////; 
ttag +37 ////; 
ttag +38 ////; 
ttag +39 ////; 
ttag +40 ////; 
ttag +41 ////; 
ttag +42 ////; 
ttag +43 ////; 
ttag +44 ////; 
ttag +45 ////; 
ttag +46 ////; 
ttag +47 ////; 
ttag +48 ////; 
ttag +49 100/100/100/100/100; 
ttag +50 99/99/96/100/98; 
ttag +51 44/28/22/28/29; 
ttag +52 63/47/38/51/42; 
ttag +53 99/99/94/99/97; 
ttag +54 51/46/42/50/42; 
ttag +55 63/48/54/56/32; 
ttag +56 66/58/56/64/48; 
ttag +57 98/97/88/95/92; 
ttag +58 22/7/11/12/16; 
ttag +59 98/98/94/98/92; 
ttag +60 100/100/100/100/99; 
ttag +61 100/100/100/100/100; 
ttag +62 30/17/6/14/7; 
ttag +63 100/100/100/100/100; 
ttag +64 74/66/61/73/53; 
ttag +65 33/20/6/18/6; 
ttag +66 54/46/48/51/37; 
ttag +67 70/65/66/79/63; 
ttag +68 63/44/40/33/34; 
ttag +69 99/99/99/99/98; 
ttag +70 100/100/100/100/100; 
ttag +71 100/100/100/100/100; 
ttag +72 75/59/38/56/53; 
ttag +73 86/79/80/90/80; 
ttag +74 96/94/87/91/91; 
ttag +75 96/95/84/97/90; 
ttag +76 77/68/65/73/68; 
ttag +77 98/98/98/99/96; 
ttag +78 100/100/98/100/100; 
ttag +79 92/90/87/94/90; 
ttag +80 99/98/96/99/93; 
ttag +81 99/99/100/100/99; 
ttag +82 99/99/96/99/98; 
ttag +83 99/99/98/99/96; 
ttag +84 22/[20]/?/?/?; 
ttag +85 100/100/99/100/99; 
ttag +86 72/61/58/72/61; 
ttag +87 63/58/53/57/52; 
ttag +88 30/[1]/1/2/?; 
ttag +89 100/100/100/99/99; 
ttag +90 96/94/76/95/82; 
ttag +91 91/90/69/88/71; 
ttag +92 96/95/85/94/83; 
ttag +93 94/93/90/94/85; 
ttag +94 74/68/61/72/50; 
