tread
'Tree with tags' 
(0 (1 ((2 3 )(8 9 (6 7 (4 5 ))(10 (11 12 ))))(13 14 )((15 16 )(17 (18 (19 ((20 21 )(24 (25 (22 23 ))))))))((26 (27 (28 (29 30 ))))((31 (((32 33 )(36 (37 38 )))(34 35 )))(39 ((40 41 )(42 (43 ((44 45 )(46 47 )))))))))); 
ttag *!; 
ttag +49 ???; 
ttag +50 3; 
ttag +51 4; 
ttag +52 3; 
ttag +53 4; 
ttag +54 1; 
ttag +55 7; 
ttag +56 12; 
ttag +57 6; 
ttag +58 10; 
ttag +59 3; 
ttag +60 3; 
ttag +61 2; 
ttag +62 4; 
ttag +63 7; 
ttag +64 5; 
ttag +65 12; 
ttag +66 2; 
ttag +67 9; 
ttag +68 2; 
ttag +69 2; 
ttag +70 4; 
ttag +71 6; 
ttag +72 12; 
ttag +73 6; 
ttag +74 5; 
ttag +75 11; 
ttag +76 1; 
ttag +77 3; 
ttag +78 3; 
ttag +79 11; 
ttag +80 5; 
ttag +81 3; 
ttag +82 4; 
ttag +83 4; 
ttag +84 11; 
ttag +85 5; 
ttag +86 5; 
ttag +87 3; 
ttag +88 3; 
tread
'Tree with tags' 
(0 ((1 (((13 14 )((26 (27 (28 (29 30 ))))((31 (((32 33 )(36 (37 38 )))(34 35 )))(39 ((40 41 )(42 (43 ((44 45 )(46 47 )))))))))((15 16 )(17 (18 (19 ((20 21 )(24 (25 (22 23 ))))))))))((2 3 )(9 (8 (((4 5 )(6 7 ))(10 (11 12 )))))))); 
ttag *!; 
ttag +0 ////; 
ttag +1 ////; 
ttag +2 ////; 
ttag +3 ////; 
ttag +4 ////; 
ttag +5 ////; 
ttag +6 ////; 
ttag +7 ////; 
ttag +8 ////; 
ttag +9 ////; 
ttag +10 ////; 
ttag +11 ////; 
ttag +12 ////; 
ttag +13 ////; 
ttag +14 ////; 
ttag +15 ////; 
ttag +16 ////; 
ttag +17 ////; 
ttag +18 ////; 
ttag +19 ////; 
ttag +20 ////; 
ttag +21 ////; 
ttag +22 ////; 
ttag +23 ////; 
ttag +24 ////; 
ttag +25 ////; 
ttag +26 ////; 
ttag +27 ////; 
ttag +28 ////; 
ttag +29 ////; 
ttag +30 ////; 
ttag +31 ////; 
ttag +32 ////; 
ttag +33 ////; 
ttag +34 ////; 
ttag +35 ////; 
ttag +36 ////; 
ttag +37 ////; 
ttag +38 ////; 
ttag +39 ////; 
ttag +40 ////; 
ttag +41 ////; 
ttag +42 ////; 
ttag +43 ////; 
ttag +44 ////; 
ttag +45 ////; 
ttag +46 ////; 
ttag +47 ////; 
ttag +48 ////; 
ttag +49 22/[1]/?/?/?; 
ttag +50 100/100/100/100/100; 
ttag +51 94/90/85/88/87; 
ttag +52 98/97/94/97/95; 
ttag +53 94/92/91/92/89; 
ttag +54 97/95/93/98/94; 
ttag +55 28/[14]/?/?/?; 
ttag +56 38/19/15/17/15; 
ttag +57 57/43/44/43/41; 
ttag +58 42/8/9/7/16; 
ttag +59 100/100/95/98/96; 
ttag +60 100/100/100/100/100; 
ttag +61 98/98/99/98/97; 
ttag +62 18/[6]/?/?/?; 
ttag +63 19/[4]/?/?/?; 
ttag +64 99/99/100/100/100; 
ttag +65 78/71/56/72/54; 
ttag +66 93/92/90/89/85; 
ttag +67 84/82/78/75/71; 
ttag +68 94/93/88/94/87; 
ttag +69 100/100/100/99/99; 
ttag +70 96/95/96/98/91; 
ttag +71 100/100/100/100/100; 
ttag +72 72/67/62/68/57; 
ttag +73 100/100/99/100/99; 
ttag +74 80/70/59/69/57; 
ttag +75 88/84/75/77/81; 
ttag +76 94/93/82/92/83; 
ttag +77 100/100/97/98/94; 
ttag +78 100/100/100/100/100; 
ttag +79 100/100/98/98/96; 
ttag +80 93/92/89/93/86; 
ttag +81 100/100/100/99/100; 
ttag +82 59/58/58/65/54; 
ttag +83 94/94/83/91/85; 
ttag +84 84/82/82/88/80; 
ttag +85 100/100/100/100/100; 
ttag +86 98/97/98/97/94; 
ttag +87 88/86/82/88/67; 
ttag +88 94/92/83/91/85; 
ttag +89 90/88/80/92/74; 
ttag +90 100/100/100/100/100; 
ttag +91 95/92/82/91/82; 
ttag +92 97/96/93/96/95; 
ttag +93 90/86/86/90/84; 
ttag +94 84/82/72/82/75; 
