tread
'Tree with tags' 
(0 ((1 ((2 3 )((6 7 (4 5 ))((8 9 )(10 (11 12 ))))))(13 14 )((17 ((15 16 )(18 (19 ((20 21 )((22 23 )(24 25 )))))))((26 (27 (28 (29 30 ))))((39 (31 ((32 33 )((34 35 )(36 (37 38 ))))))((40 41 )(42 (43 ((44 45 )(46 47 )))))))))); 
ttag *!; 
ttag +49 3; 
ttag +50 ???; 
ttag +51 3; 
ttag +52 13; 
ttag +53 8; 
ttag +54 6; 
ttag +55 3; 
ttag +56 2; 
ttag +57 3; 
ttag +58 4; 
ttag +59 6; 
ttag +60 5; 
ttag +61 10; 
ttag +62 2; 
ttag +63 3; 
ttag +64 2; 
ttag +65 5; 
ttag +66 4; 
ttag +67 7; 
ttag +68 3; 
ttag +69 13; 
ttag +70 9; 
ttag +71 5; 
ttag +72 3; 
ttag +73 4; 
ttag +74 4; 
ttag +75 2; 
ttag +76 9; 
ttag +77 5; 
ttag +78 2; 
ttag +79 6; 
ttag +80 5; 
ttag +81 4; 
ttag +82 3; 
ttag +83 1; 
ttag +84 6; 
ttag +85 10; 
ttag +86 3; 
ttag +87 4; 
ttag +88 6; 
ttag +89 3; 
ttag +90 6; 
ttag +91 7; 
ttag +92 2; 
tread
'Tree with tags' 
(0 (((1 ((2 3 )((6 (7 (4 5 )))((8 9 )(10 (11 12 ))))))(13 14 ))((17 ((15 16 )(18 (19 ((20 21 )((22 23 )(24 25 )))))))((26 (27 (28 (29 30 ))))((39 (31 ((32 33 )((34 35 )(36 (37 38 ))))))((40 41 )(42 (43 ((44 45 )(46 47 )))))))))); 
ttag *!; 
ttag +0 ////; 
ttag +1 ////; 
ttag +2 ////; 
ttag +3 ////; 
ttag +4 ////; 
ttag +5 ////; 
ttag +6 ////; 
ttag +7 ////; 
ttag +8 ////; 
ttag +9 ////; 
ttag +10 ////; 
ttag +11 ////; 
ttag +12 ////; 
ttag +13 ////; 
ttag +14 ////; 
ttag +15 ////; 
ttag +16 ////; 
ttag +17 ////; 
ttag +18 ////; 
ttag +19 ////; 
ttag +20 ////; 
ttag +21 ////; 
ttag +22 ////; 
ttag +23 ////; 
ttag +24 ////; 
ttag +25 ////; 
ttag +26 ////; 
ttag +27 ////; 
ttag +28 ////; 
ttag +29 ////; 
ttag +30 ////; 
ttag +31 ////; 
ttag +32 ////; 
ttag +33 ////; 
ttag +34 ////; 
ttag +35 ////; 
ttag +36 ////; 
ttag +37 ////; 
ttag +38 ////; 
ttag +39 ////; 
ttag +40 ////; 
ttag +41 ////; 
ttag +42 ////; 
ttag +43 ////; 
ttag +44 ////; 
ttag +45 ////; 
ttag +46 ////; 
ttag +47 ////; 
ttag +48 ////; 
ttag +49 67/60/37/56/40; 
ttag +50 17/[10]/?/?/?; 
ttag +51 100/100/100/100/100; 
ttag +52 92/90/88/91/88; 
ttag +53 99/99/98/100/99; 
ttag +54 100/100/100/100/99; 
ttag +55 0/[6]/?/?/?; 
ttag +56 95/93/88/94/90; 
ttag +57 79/74/58/72/55; 
ttag +58 59/54/35/56/38; 
ttag +59 80/76/64/82/62; 
ttag +60 96/96/92/95/91; 
ttag +61 99/99/97/99/96; 
ttag +62 99/99/96/96/95; 
ttag +63 100/100/99/100/100; 
ttag +64 59/41/38/40/26; 
ttag +65 82/77/71/71/70; 
ttag +66 55/48/28/47/32; 
ttag +67 99/99/98/98/96; 
ttag +68 92/91/86/92/82; 
ttag +69 100/100/100/100/100; 
ttag +70 93/92/88/94/88; 
ttag +71 100/100/100/100/100; 
ttag +72 100/100/98/100/98; 
ttag +73 98/98/98/98/94; 
ttag +74 84/78/76/81/74; 
ttag +75 90/86/70/86/76; 
ttag +76 75/69/56/78/63; 
ttag +77 71/65/53/74/60; 
ttag +78 99/98/99/99/98; 
ttag +79 95/94/81/92/86; 
ttag +80 68/59/47/62/43; 
ttag +81 94/92/84/93/82; 
ttag +82 98/98/92/96/94; 
ttag +83 89/86/73/85/74; 
ttag +84 84/81/75/82/74; 
ttag +85 65/62/38/56/44; 
ttag +86 95/94/95/98/95; 
ttag +87 100/100/100/100/99; 
ttag +88 83/79/65/75/58; 
ttag +89 91/90/83/90/81; 
ttag +90 98/97/96/99/94; 
ttag +91 94/94/83/89/85; 
ttag +92 98/97/96/98/95; 
ttag +93 98/98/92/98/93; 
ttag +94 75/64/54/70/46; 
