tread
'Tree with tags' 
(0 ((1 ((2 3 )((6 7 (4 5 ))((8 9 )(10 (11 12 ))))))((13 14 )(((15 16 )(17 18 19 (((20 21 )(22 23 ))(24 25 ))))((26 (27 (28 (29 30 ))))((31 (((32 33 )(36 (37 38 )))(34 35 )))(39 ((40 41 )(42 (43 ((44 45 )(46 47 )))))))))))); 
ttag *!; 
ttag +49 1; 
ttag +50 ???; 
ttag +51 4; 
ttag +52 7; 
ttag +53 8; 
ttag +54 6; 
ttag +55 1; 
ttag +56 3; 
ttag +57 2; 
ttag +58 5; 
ttag +59 5; 
ttag +60 9; 
ttag +61 1; 
ttag +62 9; 
ttag +63 5; 
ttag +64 1; 
ttag +65 1; 
ttag +66 7; 
ttag +67 1; 
ttag +68 4; 
ttag +69 7; 
ttag +70 4; 
ttag +71 7; 
ttag +72 1; 
ttag +73 4; 
ttag +74 2; 
ttag +75 9; 
ttag +76 4; 
ttag +77 4; 
ttag +78 4; 
ttag +79 1; 
ttag +80 6; 
ttag +81 6; 
ttag +82 12; 
ttag +83 4; 
ttag +84 2; 
ttag +85 2; 
ttag +86 4; 
ttag +87 7; 
ttag +88 3; 
ttag +89 7; 
ttag +90 4; 
ttag +91 2; 
tread
'Tree with tags' 
(0 ((1 ((2 3 )((6 (7 (4 5 )))((8 9 )(10 (11 12 ))))))((13 14 )(((15 16 )((17 18 )(19 (((20 21 )(22 23 ))(24 25 )))))((26 (27 (28 (29 30 ))))((31 (((32 33 )(36 (37 38 )))(34 35 )))(39 ((40 41 )(42 (43 ((44 45 )(46 47 )))))))))))); 
ttag *!; 
ttag +0 ////; 
ttag +1 ////; 
ttag +2 ////; 
ttag +3 ////; 
ttag +4 ////; 
ttag +5 ////; 
ttag +6 ////; 
ttag +7 ////; 
ttag +8 ////; 
ttag +9 ////; 
ttag +10 ////; 
ttag +11 ////; 
ttag +12 ////; 
ttag +13 ////; 
ttag +14 ////; 
ttag +15 ////; 
ttag +16 ////; 
ttag +17 ////; 
ttag +18 ////; 
ttag +19 ////; 
ttag +20 ////; 
ttag +21 ////; 
ttag +22 ////; 
ttag +23 ////; 
ttag +24 ////; 
ttag +25 ////; 
ttag +26 ////; 
ttag +27 ////; 
ttag +28 ////; 
ttag +29 ////; 
ttag +30 ////; 
ttag +31 ////; 
ttag +32 ////; 
ttag +33 ////; 
ttag +34 ////; 
ttag +35 ////; 
ttag +36 ////; 
ttag +37 ////; 
ttag +38 ////; 
ttag +39 ////; 
ttag +40 ////; 
ttag +41 ////; 
ttag +42 ////; 
ttag +43 ////; 
ttag +44 ////; 
ttag +45 ////; 
ttag +46 ////; 
ttag +47 ////; 
ttag +48 ////; 
ttag +49 50/32/26/10/16; 
ttag +50 100/100/100/100/100; 
ttag +51 96/95/90/92/91; 
ttag +52 98/98/97/97/92; 
ttag +53 99/99/99/100/99; 
ttag +54 36/[7]/?/?/?; 
ttag +55 96/95/95/98/91; 
ttag +56 63/52/44/54/50; 
ttag +57 80/75/66/87/65; 
ttag +58 60/49/34/58/40; 
ttag +59 93/91/78/94/78; 
ttag +60 97/97/90/96/88; 
ttag +61 100/100/99/100/100; 
ttag +62 11/[6]/?/?/?; 
ttag +63 100/100/99/100/100; 
ttag +64 96/95/89/96/88; 
ttag +65 30/13/10/1/4; 
ttag +66 27/5/0/3/?; 
ttag +67 56/47/39/39/42; 
ttag +68 46/24/23/24/11; 
ttag +69 99/99/99/100/99; 
ttag +70 64/52/31/44/30; 
ttag +71 95/93/86/94/87; 
ttag +72 100/100/100/100/97; 
ttag +73 90/89/80/88/74; 
ttag +74 99/99/100/100/99; 
ttag +75 45/30/25/24/26; 
ttag +76 94/91/86/94/84; 
ttag +77 76/66/58/68/61; 
ttag +78 100/100/99/100/100; 
ttag +79 93/90/82/91/84; 
ttag +80 87/82/71/84/71; 
ttag +81 93/90/80/89/80; 
ttag +82 61/58/50/57/54; 
ttag +83 95/92/87/92/91; 
ttag +84 98/98/98/99/97; 
ttag +85 100/100/99/99/98; 
ttag +86 94/92/81/90/84; 
ttag +87 77/68/65/80/59; 
ttag +88 63/44/38/50/38; 
ttag +89 89/87/86/86/84; 
ttag +90 97/96/98/99/96; 
ttag +91 88/83/78/86/77; 
ttag +92 98/97/97/98/96; 
ttag +93 94/94/86/94/84; 
ttag +94 84/84/82/83/85; 
