tread
'Tree with tags' 
(0 ((1 ((2 3 )((4 5 )(6 7 )(8 9 (10 (11 12 ))))))(((13 14 )((15 16 )(17 (19 (18 ((20 21 )((22 23 )(24 25 ))))))))((26 (27 (28 (29 30 ))))((31 (((32 33 )(36 (37 38 )))(34 35 )))(39 ((40 41 )(42 (43 (46 47 (44 45 ))))))))))); 
ttag *!; 
ttag +49 1; 
ttag +50 ???; 
ttag +51 7; 
ttag +52 8; 
ttag +53 3; 
ttag +54 5; 
ttag +55 1; 
ttag +56 2; 
ttag +57 9; 
ttag +58 4; 
ttag +59 9; 
ttag +60 1; 
ttag +61 2; 
ttag +62 10; 
ttag +63 7; 
ttag +64 2; 
ttag +65 1; 
ttag +66 2; 
ttag +67 10; 
ttag +68 3; 
ttag +69 3; 
ttag +70 5; 
ttag +71 3; 
ttag +72 5; 
ttag +73 10; 
ttag +74 2; 
ttag +75 6; 
ttag +76 18; 
ttag +77 6; 
ttag +78 3; 
ttag +79 4; 
ttag +80 1; 
ttag +81 6; 
ttag +82 5; 
ttag +83 7; 
ttag +84 5; 
ttag +85 1; 
ttag +86 1; 
ttag +87 11; 
ttag +88 4; 
ttag +89 3; 
ttag +90 3; 
ttag +91 3; 
tread
'Tree with tags' 
(0 ((1 ((2 3 )((4 5 )((6 7 )(9 (8 (10 (11 12 ))))))))(((13 14 )((15 16 )(17 (19 (18 ((20 21 )((22 23 )(24 25 ))))))))((26 (27 (28 (29 30 ))))((31 (((32 33 )(36 (37 38 )))(34 35 )))(39 ((40 41 )(42 (43 (46 (47 (44 45 )))))))))))); 
ttag *!; 
ttag +0 ////; 
ttag +1 ////; 
ttag +2 ////; 
ttag +3 ////; 
ttag +4 ////; 
ttag +5 ////; 
ttag +6 ////; 
ttag +7 ////; 
ttag +8 ////; 
ttag +9 ////; 
ttag +10 ////; 
ttag +11 ////; 
ttag +12 ////; 
ttag +13 ////; 
ttag +14 ////; 
ttag +15 ////; 
ttag +16 ////; 
ttag +17 ////; 
ttag +18 ////; 
ttag +19 ////; 
ttag +20 ////; 
ttag +21 ////; 
ttag +22 ////; 
ttag +23 ////; 
ttag +24 ////; 
ttag +25 ////; 
ttag +26 ////; 
ttag +27 ////; 
ttag +28 ////; 
ttag +29 ////; 
ttag +30 ////; 
ttag +31 ////; 
ttag +32 ////; 
ttag +33 ////; 
ttag +34 ////; 
ttag +35 ////; 
ttag +36 ////; 
ttag +37 ////; 
ttag +38 ////; 
ttag +39 ////; 
ttag +40 ////; 
ttag +41 ////; 
ttag +42 ////; 
ttag +43 ////; 
ttag +44 ////; 
ttag +45 ////; 
ttag +46 ////; 
ttag +47 ////; 
ttag +48 ////; 
ttag +49 38/22/14/32/14; 
ttag +50 100/100/100/100/100; 
ttag +51 98/98/97/97/96; 
ttag +52 95/92/86/94/85; 
ttag +53 93/91/88/87/89; 
ttag +54 87/82/73/82/70; 
ttag +55 60/36/34/43/34; 
ttag +56 25/[20]/?/?/?; 
ttag +57 33/12/9/13/5; 
ttag +58 63/58/52/69/59; 
ttag +59 100/100/100/100/98; 
ttag +60 94/92/92/92/90; 
ttag +61 100/100/100/100/99; 
ttag +62 29/12/2/9/?; 
ttag +63 52/38/24/40/20; 
ttag +64 100/100/100/100/100; 
ttag +65 99/99/92/97/91; 
ttag +66 71/62/46/53/48; 
ttag +67 42/24/16/27/23; 
ttag +68 73/69/57/69/59; 
ttag +69 100/100/100/100/100; 
ttag +70 76/72/60/71/61; 
ttag +71 85/78/70/85/68; 
ttag +72 96/95/91/95/90; 
ttag +73 87/80/78/81/78; 
ttag +74 94/93/92/95/92; 
ttag +75 100/100/98/100/99; 
ttag +76 62/54/41/58/46; 
ttag +77 97/96/90/97/88; 
ttag +78 100/100/100/100/100; 
ttag +79 98/98/94/98/93; 
ttag +80 68/58/46/58/46; 
ttag +81 86/83/77/87/76; 
ttag +82 39/17/19/22/15; 
ttag +83 94/93/91/94/92; 
ttag +84 100/100/99/99/99; 
ttag +85 99/99/96/99/97; 
ttag +86 96/96/93/96/91; 
ttag +87 30/16/15/22/13; 
ttag +88 50/12/19/14/20; 
ttag +89 99/99/98/99/98; 
ttag +90 90/84/75/86/71; 
ttag +91 82/77/66/82/62; 
ttag +92 84/76/69/85/67; 
ttag +93 23/[24]/?/?/?; 
ttag +94 91/89/84/94/86; 
