tread
'Tree with tags' 
(0 ((1 (((13 14 )((15 16 )(17 (18 (19 ((20 21 )((22 23 )(24 25 ))))))))((26 (27 (28 (29 30 ))))(39 (31 (((32 33 )(34 35 ))(36 (37 38 ))))((40 41 )(42 (43 ((44 45 )(46 47 )))))))))((2 3 )((4 5 )(6 7 ))((8 9 )(10 (11 12 )))))); 
ttag *!; 
ttag +49 1; 
ttag +50 ???; 
ttag +51 4; 
ttag +52 7; 
ttag +53 5; 
ttag +54 3; 
ttag +55 6; 
ttag +56 2; 
ttag +57 1; 
ttag +58 12; 
ttag +59 8; 
ttag +60 8; 
ttag +61 1; 
ttag +62 2; 
ttag +63 8; 
ttag +64 9; 
ttag +65 3; 
ttag +66 4; 
ttag +67 3; 
ttag +68 6; 
ttag +69 2; 
ttag +70 10; 
ttag +71 3; 
ttag +72 7; 
ttag +73 9; 
ttag +74 8; 
ttag +75 1; 
ttag +76 5; 
ttag +77 9; 
ttag +78 3; 
ttag +79 3; 
ttag +80 6; 
ttag +81 1; 
ttag +82 4; 
ttag +83 3; 
ttag +84 5; 
ttag +85 14; 
ttag +86 3; 
ttag +87 3; 
ttag +88 5; 
ttag +89 6; 
ttag +90 11; 
ttag +91 6; 
ttag +92 1; 
tread
'Tree with tags' 
(0 ((1 (((13 14 )((15 16 )(17 (18 (19 ((20 21 )((22 23 )(24 25 ))))))))((26 (27 (28 (29 30 ))))(39 ((31 (((32 33 )(34 35 ))(36 (37 38 ))))((40 41 )(42 (43 ((44 45 )(46 47 ))))))))))(((2 3 )((8 9 )(10 (11 12 ))))((4 5 )(6 7 ))))); 
ttag *!; 
ttag +0 ////; 
ttag +1 ////; 
ttag +2 ////; 
ttag +3 ////; 
ttag +4 ////; 
ttag +5 ////; 
ttag +6 ////; 
ttag +7 ////; 
ttag +8 ////; 
ttag +9 ////; 
ttag +10 ////; 
ttag +11 ////; 
ttag +12 ////; 
ttag +13 ////; 
ttag +14 ////; 
ttag +15 ////; 
ttag +16 ////; 
ttag +17 ////; 
ttag +18 ////; 
ttag +19 ////; 
ttag +20 ////; 
ttag +21 ////; 
ttag +22 ////; 
ttag +23 ////; 
ttag +24 ////; 
ttag +25 ////; 
ttag +26 ////; 
ttag +27 ////; 
ttag +28 ////; 
ttag +29 ////; 
ttag +30 ////; 
ttag +31 ////; 
ttag +32 ////; 
ttag +33 ////; 
ttag +34 ////; 
ttag +35 ////; 
ttag +36 ////; 
ttag +37 ////; 
ttag +38 ////; 
ttag +39 ////; 
ttag +40 ////; 
ttag +41 ////; 
ttag +42 ////; 
ttag +43 ////; 
ttag +44 ////; 
ttag +45 ////; 
ttag +46 ////; 
ttag +47 ////; 
ttag +48 ////; 
ttag +49 32/8/6/10/0; 
ttag +50 100/100/100/100/100; 
ttag +51 89/86/88/89/80; 
ttag +52 30/[20]/?/?/?; 
ttag +53 95/95/93/97/89; 
ttag +54 98/98/97/99/98; 
ttag +55 85/79/72/90/76; 
ttag +56 98/98/95/97/92; 
ttag +57 84/82/82/79/74; 
ttag +58 73/65/52/62/56; 
ttag +59 100/100/100/100/100; 
ttag +60 100/100/100/99/99; 
ttag +61 100/100/99/100/98; 
ttag +62 30/2/8/11/2; 
ttag +63 61/54/49/60/40; 
ttag +64 100/100/100/100/100; 
ttag +65 98/98/94/98/96; 
ttag +66 66/49/42/61/38; 
ttag +67 76/72/69/80/64; 
ttag +68 71/66/60/76/60; 
ttag +69 100/100/99/99/100; 
ttag +70 75/70/58/76/66; 
ttag +71 99/99/98/100/100; 
ttag +72 84/76/68/77/69; 
ttag +73 97/97/94/98/89; 
ttag +74 99/99/98/100/98; 
ttag +75 99/99/96/99/96; 
ttag +76 55/43/44/44/26; 
ttag +77 97/97/92/100/93; 
ttag +78 100/100/98/100/98; 
ttag +79 80/71/63/62/50; 
ttag +80 8/[18]/?/?/?; 
ttag +81 83/77/68/79/70; 
ttag +82 99/99/97/98/94; 
ttag +83 57/52/46/48/46; 
ttag +84 90/89/78/90/82; 
ttag +85 88/86/80/83/73; 
ttag +86 88/86/79/89/76; 
ttag +87 100/100/100/99/100; 
ttag +88 87/83/78/80/79; 
ttag +89 92/89/89/89/82; 
ttag +90 97/96/90/95/87; 
ttag +91 98/97/95/98/96; 
ttag +92 100/100/100/100/99; 
ttag +93 98/97/97/99/95; 
ttag +94 62/48/27/42/30; 
