tread
'Tree with tags' 
(0 (17 (1 ((2 3 )(((4 5 )(6 7 ))(8 9 )(10 (11 12 )))))(13 14 )(15 16 )(18 (19 ((20 21 )((22 23 )(24 25 )))))((26 (27 (28 (29 30 ))))(39 (31 (((32 33 )(36 (37 38 )))(34 35 )))((40 41 )((42 43 )(46 47 (44 45 )))))))); 
ttag *!; 
ttag +49 1; 
ttag +50 ???; 
ttag +51 8; 
ttag +52 5; 
ttag +53 6; 
ttag +54 4; 
ttag +55 1; 
ttag +56 4; 
ttag +57 1; 
ttag +58 7; 
ttag +59 7; 
ttag +60 14; 
ttag +61 9; 
ttag +62 3; 
ttag +63 1; 
ttag +64 7; 
ttag +65 3; 
ttag +66 8; 
ttag +67 3; 
ttag +68 3; 
ttag +69 6; 
ttag +70 5; 
ttag +71 3; 
ttag +72 7; 
ttag +73 9; 
ttag +74 8; 
ttag +75 7; 
ttag +76 4; 
ttag +77 1; 
ttag +78 10; 
ttag +79 3; 
ttag +80 9; 
ttag +81 7; 
ttag +82 2; 
ttag +83 9; 
ttag +84 3; 
ttag +85 4; 
ttag +86 3; 
ttag +87 5; 
tread
'Tree with tags' 
(0 ((((1 ((2 3 )((((4 5 )(6 7 ))(10 (11 12 )))(8 9 ))))((15 16 )(17 (18 (19 ((20 21 )((22 23 )(24 25 ))))))))(13 14 ))((26 (27 (28 (29 30 ))))(39 ((31 (((32 33 )(36 (37 38 )))(34 35 )))((40 41 )((42 43 )((44 45 )(46 47 ))))))))); 
ttag *!; 
ttag +0 ////; 
ttag +1 ////; 
ttag +2 ////; 
ttag +3 ////; 
ttag +4 ////; 
ttag +5 ////; 
ttag +6 ////; 
ttag +7 ////; 
ttag +8 ////; 
ttag +9 ////; 
ttag +10 ////; 
ttag +11 ////; 
ttag +12 ////; 
ttag +13 ////; 
ttag +14 ////; 
ttag +15 ////; 
ttag +16 ////; 
ttag +17 ////; 
ttag +18 ////; 
ttag +19 ////; 
ttag +20 ////; 
ttag +21 ////; 
ttag +22 ////; 
ttag +23 ////; 
ttag +24 ////; 
ttag +25 ////; 
ttag +26 ////; 
ttag +27 ////; 
ttag +28 ////; 
ttag +29 ////; 
ttag +30 ////; 
ttag +31 ////; 
ttag +32 ////; 
ttag +33 ////; 
ttag +34 ////; 
ttag +35 ////; 
ttag +36 ////; 
ttag +37 ////; 
ttag +38 ////; 
ttag +39 ////; 
ttag +40 ////; 
ttag +41 ////; 
ttag +42 ////; 
ttag +43 ////; 
ttag +44 ////; 
ttag +45 ////; 
ttag +46 ////; 
ttag +47 ////; 
ttag +48 ////; 
ttag +49 59/48/42/61/49; 
ttag +50 0/[29]/?/?/?; 
ttag +51 23/[6]/?/?/?; 
ttag +52 100/100/100/100/100; 
ttag +53 98/98/98/98/96; 
ttag +54 92/90/81/92/86; 
ttag +55 99/98/99/99/99; 
ttag +56 95/94/91/94/88; 
ttag +57 12/[26]/?/?/?; 
ttag +58 62/52/42/42/37; 
ttag +59 92/88/84/96/86; 
ttag +60 53/46/31/45/31; 
ttag +61 97/96/90/98/94; 
ttag +62 99/99/97/100/99; 
ttag +63 100/100/100/100/100; 
ttag +64 99/99/99/100/98; 
ttag +65 37/7/2/10/?; 
ttag +66 45/16/4/14/?; 
ttag +67 78/75/60/80/60; 
ttag +68 74/67/58/72/53; 
ttag +69 99/99/100/100/99; 
ttag +70 86/85/64/84/68; 
ttag +71 100/100/100/100/98; 
ttag +72 86/84/73/85/69; 
ttag +73 88/81/84/86/79; 
ttag +74 97/96/98/98/96; 
ttag +75 95/95/86/95/89; 
ttag +76 91/90/85/96/89; 
ttag +77 99/99/98/98/98; 
ttag +78 100/100/100/100/100; 
ttag +79 99/98/96/99/97; 
ttag +80 32/0/?/2/2; 
ttag +81 97/96/88/98/88; 
ttag +82 96/95/90/96/90; 
ttag +83 51/30/10/38/25; 
ttag +84 100/100/99/100/100; 
ttag +85 94/94/88/93/93; 
ttag +86 100/100/99/100/99; 
ttag +87 100/100/100/99/98; 
ttag +88 76/67/66/74/68; 
ttag +89 99/99/98/100/98; 
ttag +90 83/79/70/83/61; 
ttag +91 90/88/88/91/82; 
ttag +92 81/73/62/75/63; 
ttag +93 94/93/89/94/87; 
ttag +94 19/2/?/?/?; 
