tread
'Tree with tags' 
(0 (1 (((2 3 )(((4 5 )(6 7 ))(10 (8 9 ))))(11 12 ))((13 14 )(((15 16 )(17 (18 (19 ((20 21 )((22 23 )(24 25 )))))))((26 (27 (28 (29 30 ))))(39 (31 ((32 33 )((34 35 )(36 (37 38 )))))((40 41 )(42 (43 ((44 45 )(46 47 ))))))))))); 
ttag *!; 
ttag +49 ???; 
ttag +50 7; 
ttag +51 3; 
ttag +52 10; 
ttag +53 7; 
ttag +54 5; 
ttag +55 2; 
ttag +56 4; 
ttag +57 2; 
ttag +58 2; 
ttag +59 7; 
ttag +60 9; 
ttag +61 3; 
ttag +62 9; 
ttag +63 5; 
ttag +64 1; 
ttag +65 5; 
ttag +66 5; 
ttag +67 2; 
ttag +68 5; 
ttag +69 7; 
ttag +70 10; 
ttag +71 3; 
ttag +72 4; 
ttag +73 7; 
ttag +74 2; 
ttag +75 2; 
ttag +76 8; 
ttag +77 6; 
ttag +78 2; 
ttag +79 2; 
ttag +80 4; 
ttag +81 3; 
ttag +82 3; 
ttag +83 1; 
ttag +84 10; 
ttag +85 4; 
ttag +86 5; 
ttag +87 5; 
ttag +88 8; 
ttag +89 3; 
ttag +90 3; 
ttag +91 3; 
ttag +92 1; 
tread
'Tree with tags' 
(0 ((1 (((2 3 )(((4 5 )(6 7 ))(10 (8 9 ))))(11 12 )))((13 14 )(((15 16 )(17 (18 (19 ((20 21 )((22 23 )(24 25 )))))))((26 (27 (28 (29 30 ))))((39 (31 ((32 33 )((34 35 )(36 (37 38 ))))))((40 41 )(42 (43 ((44 45 )(46 47 ))))))))))); 
ttag *!; 
ttag +0 ////; 
ttag +1 ////; 
ttag +2 ////; 
ttag +3 ////; 
ttag +4 ////; 
ttag +5 ////; 
ttag +6 ////; 
ttag +7 ////; 
ttag +8 ////; 
ttag +9 ////; 
ttag +10 ////; 
ttag +11 ////; 
ttag +12 ////; 
ttag +13 ////; 
ttag +14 ////; 
ttag +15 ////; 
ttag +16 ////; 
ttag +17 ////; 
ttag +18 ////; 
ttag +19 ////; 
ttag +20 ////; 
ttag +21 ////; 
ttag +22 ////; 
ttag +23 ////; 
ttag +24 ////; 
ttag +25 ////; 
ttag +26 ////; 
ttag +27 ////; 
ttag +28 ////; 
ttag +29 ////; 
ttag +30 ////; 
ttag +31 ////; 
ttag +32 ////; 
ttag +33 ////; 
ttag +34 ////; 
ttag +35 ////; 
ttag +36 ////; 
ttag +37 ////; 
ttag +38 ////; 
ttag +39 ////; 
ttag +40 ////; 
ttag +41 ////; 
ttag +42 ////; 
ttag +43 ////; 
ttag +44 ////; 
ttag +45 ////; 
ttag +46 ////; 
ttag +47 ////; 
ttag +48 ////; 
ttag +49 34/14/12/4/10; 
ttag +50 100/100/100/100/100; 
ttag +51 96/96/94/98/94; 
ttag +52 69/61/54/62/52; 
ttag +53 100/100/100/100/98; 
ttag +54 96/96/93/98/96; 
ttag +55 92/90/82/93/88; 
ttag +56 54/46/22/43/25; 
ttag +57 96/96/85/92/93; 
ttag +58 63/55/49/58/43; 
ttag +59 52/42/26/40/25; 
ttag +60 99/99/98/98/98; 
ttag +61 100/100/100/99/100; 
ttag +62 82/79/65/75/60; 
ttag +63 100/100/98/99/99; 
ttag +64 98/97/89/95/87; 
ttag +65 63/57/46/45/45; 
ttag +66 94/91/85/92/82; 
ttag +67 96/94/89/97/86; 
ttag +68 70/64/45/62/41; 
ttag +69 99/99/98/97/96; 
ttag +70 98/98/98/98/97; 
ttag +71 100/100/100/100/99; 
ttag +72 84/81/61/75/59; 
ttag +73 87/83/81/92/75; 
ttag +74 99/99/98/98/96; 
ttag +75 85/83/75/82/63; 
ttag +76 85/81/78/82/81; 
ttag +77 100/100/100/99/100; 
ttag +78 98/98/96/99/96; 
ttag +79 70/64/56/64/48; 
ttag +80 22/[11]/?/3/?; 
ttag +81 61/44/39/54/27; 
ttag +82 97/96/92/98/93; 
ttag +83 74/68/64/70/54; 
ttag +84 87/86/72/88/84; 
ttag +85 48/36/36/31/30; 
ttag +86 99/98/99/98/94; 
ttag +87 90/86/88/88/87; 
ttag +88 91/89/83/96/86; 
ttag +89 95/94/87/95/84; 
ttag +90 100/100/96/99/97; 
ttag +91 89/86/66/78/68; 
ttag +92 89/87/78/90/85; 
ttag +93 88/84/74/85/72; 
ttag +94 60/43/50/46/50; 
