tread
'Tree with tags' 
(0 (1 ((2 3 )((7 (6 (4 5 )))(10 (8 9 )(11 12 ))))(((13 14 )((17 (15 16 ))(18 (19 ((20 21 )((22 23 )(24 25 )))))))((26 (27 (28 (29 30 ))))((31 ((32 33 )(34 35 )(36 (37 38 ))))(39 ((40 41 )(42 (43 ((44 45 )(46 47 ))))))))))); 
ttag *!; 
ttag +49 ???; 
ttag +50 5; 
ttag +51 12; 
ttag +52 6; 
ttag +53 1; 
ttag +54 9; 
ttag +55 2; 
ttag +56 1; 
ttag +57 3; 
ttag +58 6; 
ttag +59 8; 
ttag +60 2; 
ttag +61 2; 
ttag +62 12; 
ttag +63 1; 
ttag +64 3; 
ttag +65 4; 
ttag +66 3; 
ttag +67 4; 
ttag +68 10; 
ttag +69 6; 
ttag +70 6; 
ttag +71 3; 
ttag +72 4; 
ttag +73 4; 
ttag +74 2; 
ttag +75 8; 
ttag +76 14; 
ttag +77 4; 
ttag +78 8; 
ttag +79 5; 
ttag +80 1; 
ttag +81 2; 
ttag +82 8; 
ttag +83 11; 
ttag +84 1; 
ttag +85 2; 
ttag +86 8; 
ttag +87 6; 
ttag +88 6; 
ttag +89 10; 
ttag +90 4; 
ttag +91 5; 
tread
'Tree with tags' 
(0 ((1 (((13 14 )((17 (15 16 ))(18 (19 ((20 21 )((22 23 )(24 25 )))))))((26 (27 (28 (29 30 ))))((31 (((32 33 )(34 35 ))(36 (37 38 ))))(39 ((40 41 )(42 (43 ((44 45 )(46 47 ))))))))))((2 3 )((7 (6 (4 5 )))(10 ((8 9 )(11 12 ))))))); 
ttag *!; 
ttag +0 ////; 
ttag +1 ////; 
ttag +2 ////; 
ttag +3 ////; 
ttag +4 ////; 
ttag +5 ////; 
ttag +6 ////; 
ttag +7 ////; 
ttag +8 ////; 
ttag +9 ////; 
ttag +10 ////; 
ttag +11 ////; 
ttag +12 ////; 
ttag +13 ////; 
ttag +14 ////; 
ttag +15 ////; 
ttag +16 ////; 
ttag +17 ////; 
ttag +18 ////; 
ttag +19 ////; 
ttag +20 ////; 
ttag +21 ////; 
ttag +22 ////; 
ttag +23 ////; 
ttag +24 ////; 
ttag +25 ////; 
ttag +26 ////; 
ttag +27 ////; 
ttag +28 ////; 
ttag +29 ////; 
ttag +30 ////; 
ttag +31 ////; 
ttag +32 ////; 
ttag +33 ////; 
ttag +34 ////; 
ttag +35 ////; 
ttag +36 ////; 
ttag +37 ////; 
ttag +38 ////; 
ttag +39 ////; 
ttag +40 ////; 
ttag +41 ////; 
ttag +42 ////; 
ttag +43 ////; 
ttag +44 ////; 
ttag +45 ////; 
ttag +46 ////; 
ttag +47 ////; 
ttag +48 ////; 
ttag +49 2/[14]/?/?/?; 
ttag +50 100/100/100/100/100; 
ttag +51 97/95/94/98/93; 
ttag +52 100/100/97/100/98; 
ttag +53 98/98/91/98/94; 
ttag +54 58/38/39/48/41; 
ttag +55 100/100/99/100/99; 
ttag +56 87/84/80/75/71; 
ttag +57 56/35/18/17/20; 
ttag +58 22/[7]/?/?/?; 
ttag +59 85/82/78/82/71; 
ttag +60 100/100/96/98/98; 
ttag +61 100/100/100/100/99; 
ttag +62 45/28/17/46/22; 
ttag +63 51/34/20/50/25; 
ttag +64 100/100/100/100/100; 
ttag +65 46/27/22/39/25; 
ttag +66 80/78/66/81/71; 
ttag +67 91/90/87/92/90; 
ttag +68 89/85/77/84/86; 
ttag +69 95/92/93/96/89; 
ttag +70 99/99/96/100/99; 
ttag +71 99/98/94/98/97; 
ttag +72 98/98/94/97/96; 
ttag +73 86/84/75/87/72; 
ttag +74 92/89/82/88/80; 
ttag +75 87/84/74/93/77; 
ttag +76 77/71/56/73/52; 
ttag +77 100/100/99/100/99; 
ttag +78 100/100/100/100/100; 
ttag +79 92/90/80/92/86; 
ttag +80 100/100/99/99/99; 
ttag +81 98/98/98/98/98; 
ttag +82 40/14/20/3/12; 
ttag +83 68/57/52/61/50; 
ttag +84 86/83/74/81/73; 
ttag +85 100/100/98/99/98; 
ttag +86 100/100/100/100/100; 
ttag +87 62/48/37/48/38; 
ttag +88 74/62/59/68/53; 
ttag +89 100/100/100/100/99; 
ttag +90 98/98/93/98/93; 
ttag +91 96/95/93/97/91; 
ttag +92 100/100/100/100/100; 
ttag +93 89/84/81/94/78; 
ttag +94 96/94/92/99/91; 
