tread
'Tree with tags' 
(0 (((1 (13 14 ))(((17 (15 16 ))(18 (19 ((20 21 )((22 23 )(24 25 ))))))((26 27 (28 (29 30 )))(39 ((31 (((32 33 )(36 (37 38 )))(34 35 )))((40 41 )(42 (43 ((44 45 )(46 47 ))))))))))(((2 3 )((8 9 )(10 (11 12 ))))((4 5 )(6 7 ))))); 
ttag *!; 
ttag +49 1; 
ttag +50 1; 
ttag +51 ???; 
ttag +52 5; 
ttag +53 1; 
ttag +54 5; 
ttag +55 5; 
ttag +56 5; 
ttag +57 2; 
ttag +58 1; 
ttag +59 1; 
ttag +60 8; 
ttag +61 9; 
ttag +62 6; 
ttag +63 12; 
ttag +64 2; 
ttag +65 4; 
ttag +66 2; 
ttag +67 7; 
ttag +68 1; 
ttag +69 10; 
ttag +70 6; 
ttag +71 6; 
ttag +72 3; 
ttag +73 3; 
ttag +74 4; 
ttag +75 4; 
ttag +76 2; 
ttag +77 12; 
ttag +78 6; 
ttag +79 1; 
ttag +80 6; 
ttag +81 3; 
ttag +82 1; 
ttag +83 3; 
ttag +84 6; 
ttag +85 11; 
ttag +86 8; 
ttag +87 3; 
ttag +88 4; 
ttag +89 7; 
ttag +90 2; 
ttag +91 5; 
ttag +92 5; 
ttag +93 7; 
tread
'Tree with tags' 
(0 (((1 (13 14 ))(((17 (15 16 ))(18 (19 ((20 21 )((22 23 )(24 25 ))))))((26 (27 (28 (29 30 ))))(39 ((31 (((32 33 )(36 (37 38 )))(34 35 )))((40 41 )(42 (43 ((44 45 )(46 47 ))))))))))(((2 3 )((8 9 )(10 (11 12 ))))((4 5 )(6 7 ))))); 
ttag *!; 
ttag +0 ////; 
ttag +1 ////; 
ttag +2 ////; 
ttag +3 ////; 
ttag +4 ////; 
ttag +5 ////; 
ttag +6 ////; 
ttag +7 ////; 
ttag +8 ////; 
ttag +9 ////; 
ttag +10 ////; 
ttag +11 ////; 
ttag +12 ////; 
ttag +13 ////; 
ttag +14 ////; 
ttag +15 ////; 
ttag +16 ////; 
ttag +17 ////; 
ttag +18 ////; 
ttag +19 ////; 
ttag +20 ////; 
ttag +21 ////; 
ttag +22 ////; 
ttag +23 ////; 
ttag +24 ////; 
ttag +25 ////; 
ttag +26 ////; 
ttag +27 ////; 
ttag +28 ////; 
ttag +29 ////; 
ttag +30 ////; 
ttag +31 ////; 
ttag +32 ////; 
ttag +33 ////; 
ttag +34 ////; 
ttag +35 ////; 
ttag +36 ////; 
ttag +37 ////; 
ttag +38 ////; 
ttag +39 ////; 
ttag +40 ////; 
ttag +41 ////; 
ttag +42 ////; 
ttag +43 ////; 
ttag +44 ////; 
ttag +45 ////; 
ttag +46 ////; 
ttag +47 ////; 
ttag +48 ////; 
ttag +49 38/12/3/15/6; 
ttag +50 52/47/42/42/32; 
ttag +51 100/100/100/100/100; 
ttag +52 97/96/93/98/95; 
ttag +53 28/[23]/?/?/?; 
ttag +54 90/84/89/90/84; 
ttag +55 97/97/91/97/93; 
ttag +56 93/91/88/96/94; 
ttag +57 84/81/79/74/76; 
ttag +58 70/64/55/68/63; 
ttag +59 55/30/32/30/29; 
ttag +60 100/100/98/99/98; 
ttag +61 100/100/100/100/100; 
ttag +62 100/100/100/99/99; 
ttag +63 100/100/99/100/100; 
ttag +64 70/61/60/65/55; 
ttag +65 88/86/78/84/73; 
ttag +66 60/52/45/56/36; 
ttag +67 96/95/95/96/90; 
ttag +68 51/40/36/45/28; 
ttag +69 100/100/100/100/100; 
ttag +70 96/94/88/92/85; 
ttag +71 99/99/98/99/96; 
ttag +72 84/77/74/88/67; 
ttag +73 86/82/71/83/79; 
ttag +74 83/79/67/80/69; 
ttag +75 97/96/93/97/93; 
ttag +76 36/4/?/10/2; 
ttag +77 68/63/53/66/50; 
ttag +78 100/100/99/100/99; 
ttag +79 99/99/98/99/97; 
ttag +80 51/26/15/36/28; 
ttag +81 99/98/92/96/94; 
ttag +82 89/86/76/89/76; 
ttag +83 34/28/12/30/16; 
ttag +84 76/64/49/66/56; 
ttag +85 97/97/97/98/96; 
ttag +86 100/100/100/100/100; 
ttag +87 100/100/97/99/94; 
ttag +88 87/79/79/84/77; 
ttag +89 87/84/73/87/78; 
ttag +90 99/99/96/98/93; 
ttag +91 80/73/61/77/67; 
ttag +92 98/97/93/96/92; 
ttag +93 94/94/84/93/84; 
ttag +94 98/98/99/99/96; 
