tread
'Tree with tags' 
(0 (((1 ((13 14 )((27 (26 (28 (29 30 ))))((31 (((32 33 )(36 (37 38 )))(34 35 )))(39 ((40 41 )(42 (43 ((44 45 )(46 47 ))))))))))((2 3 )(((4 5 )(6 7 ))((8 9 )(10 (11 12 ))))))((15 16 )(17 (18 (19 ((20 21 )((22 23 )(24 25 ))))))))); 
ttag *!; 
ttag +49 1; 
ttag +50 1; 
ttag +51 ???; 
ttag +52 8; 
ttag +53 7; 
ttag +54 10; 
ttag +55 5; 
ttag +56 1; 
ttag +57 2; 
ttag +58 1; 
ttag +59 3; 
ttag +60 6; 
ttag +61 8; 
ttag +62 7; 
ttag +63 1; 
ttag +64 10; 
ttag +65 7; 
ttag +66 1; 
ttag +67 2; 
ttag +68 1; 
ttag +69 4; 
ttag +70 4; 
ttag +71 6; 
ttag +72 7; 
ttag +73 11; 
ttag +74 1; 
ttag +75 8; 
ttag +76 2; 
ttag +77 8; 
ttag +78 7; 
ttag +79 5; 
ttag +80 4; 
ttag +81 6; 
ttag +82 1; 
ttag +83 2; 
ttag +84 1; 
ttag +85 7; 
ttag +86 11; 
ttag +87 1; 
ttag +88 7; 
ttag +89 7; 
ttag +90 7; 
ttag +91 5; 
ttag +92 3; 
ttag +93 8; 
ttag +94 2; 
tread
'Tree with tags' 
(0 (((1 ((13 14 )((27 (26 (28 (29 30 ))))((31 (((32 33 )(36 (37 38 )))(34 35 )))(39 ((40 41 )(42 (43 ((44 45 )(46 47 ))))))))))((2 3 )(((4 5 )(6 7 ))((8 9 )(10 (11 12 ))))))((15 16 )(17 (18 (19 ((20 21 )((22 23 )(24 25 ))))))))); 
ttag *!; 
ttag +0 ////; 
ttag +1 ////; 
ttag +2 ////; 
ttag +3 ////; 
ttag +4 ////; 
ttag +5 ////; 
ttag +6 ////; 
ttag +7 ////; 
ttag +8 ////; 
ttag +9 ////; 
ttag +10 ////; 
ttag +11 ////; 
ttag +12 ////; 
ttag +13 ////; 
ttag +14 ////; 
ttag +15 ////; 
ttag +16 ////; 
ttag +17 ////; 
ttag +18 ////; 
ttag +19 ////; 
ttag +20 ////; 
ttag +21 ////; 
ttag +22 ////; 
ttag +23 ////; 
ttag +24 ////; 
ttag +25 ////; 
ttag +26 ////; 
ttag +27 ////; 
ttag +28 ////; 
ttag +29 ////; 
ttag +30 ////; 
ttag +31 ////; 
ttag +32 ////; 
ttag +33 ////; 
ttag +34 ////; 
ttag +35 ////; 
ttag +36 ////; 
ttag +37 ////; 
ttag +38 ////; 
ttag +39 ////; 
ttag +40 ////; 
ttag +41 ////; 
ttag +42 ////; 
ttag +43 ////; 
ttag +44 ////; 
ttag +45 ////; 
ttag +46 ////; 
ttag +47 ////; 
ttag +48 ////; 
ttag +49 24/6/?/2/?; 
ttag +50 36/25/14/22/16; 
ttag +51 100/100/100/100/100; 
ttag +52 100/100/100/98/98; 
ttag +53 98/98/98/98/94; 
ttag +54 100/100/98/100/98; 
ttag +55 92/91/80/90/80; 
ttag +56 43/30/30/33/28; 
ttag +57 74/69/70/67/64; 
ttag +58 47/36/34/40/26; 
ttag +59 86/84/81/81/81; 
ttag +60 94/93/88/94/89; 
ttag +61 100/100/100/100/100; 
ttag +62 100/100/98/100/98; 
ttag +63 32/13/5/8/7; 
ttag +64 100/100/100/100/100; 
ttag +65 97/96/86/97/89; 
ttag +66 54/36/31/40/24; 
ttag +67 79/75/66/76/60; 
ttag +68 49/35/36/43/31; 
ttag +69 90/87/84/91/88; 
ttag +70 86/81/70/84/66; 
ttag +71 97/96/94/96/92; 
ttag +72 99/98/98/99/95; 
ttag +73 100/100/97/100/99; 
ttag +74 49/15/14/29/16; 
ttag +75 100/100/99/99/99; 
ttag +76 71/53/38/46/33; 
ttag +77 99/99/100/100/98; 
ttag +78 100/100/100/99/100; 
ttag +79 94/92/81/94/81; 
ttag +80 90/88/85/93/78; 
ttag +81 99/99/97/98/97; 
ttag +82 59/50/44/56/34; 
ttag +83 79/72/63/75/65; 
ttag +84 44/29/17/18/19; 
ttag +85 98/98/99/99/94; 
ttag +86 100/100/100/100/100; 
ttag +87 38/3/?/0/?; 
ttag +88 97/96/92/98/92; 
ttag +89 98/98/90/98/91; 
ttag +90 99/98/94/98/96; 
ttag +91 93/90/82/94/88; 
ttag +92 84/76/63/72/59; 
ttag +93 98/98/95/100/99; 
ttag +94 58/47/35/52/40; 
