tread
'Tree with tags' 
(0 (((1 ((2 3 )(((4 5 )(6 7 ))(8 9 (10 (11 12 ))))))(17 ((15 16 )(18 (19 ((20 21 )((22 23 )(24 25 ))))))))((13 14 )((26 (27 (28 (29 30 ))))(39 (31 ((32 33 )(34 35 (36 (37 38 )))))((40 41 )(42 (43 ((44 45 )(46 47 )))))))))); 
ttag *!; 
ttag +49 2; 
ttag +50 1; 
ttag +51 ???; 
ttag +52 9; 
ttag +53 10; 
ttag +54 5; 
ttag +55 6; 
ttag +56 3; 
ttag +57 2; 
ttag +58 1; 
ttag +59 4; 
ttag +60 8; 
ttag +61 10; 
ttag +62 2; 
ttag +63 10; 
ttag +64 1; 
ttag +65 4; 
ttag +66 2; 
ttag +67 2; 
ttag +68 5; 
ttag +69 7; 
ttag +70 7; 
ttag +71 7; 
ttag +72 1; 
ttag +73 9; 
ttag +74 8; 
ttag +75 3; 
ttag +76 4; 
ttag +77 12; 
ttag +78 10; 
ttag +79 1; 
ttag +80 6; 
ttag +81 3; 
ttag +82 3; 
ttag +83 7; 
ttag +84 8; 
ttag +85 4; 
ttag +86 8; 
ttag +87 8; 
ttag +88 3; 
ttag +89 7; 
ttag +90 6; 
ttag +91 1; 
tread
'Tree with tags' 
(0 (((1 ((2 3 )(((4 5 )(6 7 ))((8 9 )(10 (11 12 ))))))(17 ((15 16 )(18 (19 ((20 21 )((22 23 )(24 25 ))))))))((13 14 )((26 (27 (28 (29 30 ))))((31 ((32 33 )(34 (35 (36 (37 38 ))))))(39 ((40 41 )(42 (43 ((44 45 )(46 47 ))))))))))); 
ttag *!; 
ttag +0 ////; 
ttag +1 ////; 
ttag +2 ////; 
ttag +3 ////; 
ttag +4 ////; 
ttag +5 ////; 
ttag +6 ////; 
ttag +7 ////; 
ttag +8 ////; 
ttag +9 ////; 
ttag +10 ////; 
ttag +11 ////; 
ttag +12 ////; 
ttag +13 ////; 
ttag +14 ////; 
ttag +15 ////; 
ttag +16 ////; 
ttag +17 ////; 
ttag +18 ////; 
ttag +19 ////; 
ttag +20 ////; 
ttag +21 ////; 
ttag +22 ////; 
ttag +23 ////; 
ttag +24 ////; 
ttag +25 ////; 
ttag +26 ////; 
ttag +27 ////; 
ttag +28 ////; 
ttag +29 ////; 
ttag +30 ////; 
ttag +31 ////; 
ttag +32 ////; 
ttag +33 ////; 
ttag +34 ////; 
ttag +35 ////; 
ttag +36 ////; 
ttag +37 ////; 
ttag +38 ////; 
ttag +39 ////; 
ttag +40 ////; 
ttag +41 ////; 
ttag +42 ////; 
ttag +43 ////; 
ttag +44 ////; 
ttag +45 ////; 
ttag +46 ////; 
ttag +47 ////; 
ttag +48 ////; 
ttag +49 59/53/38/51/38; 
ttag +50 41/29/23/34/22; 
ttag +51 100/100/100/100/100; 
ttag +52 100/100/99/100/98; 
ttag +53 100/100/98/100/99; 
ttag +54 98/98/97/97/96; 
ttag +55 95/94/92/96/88; 
ttag +56 91/89/75/88/79; 
ttag +57 71/60/52/62/58; 
ttag +58 22/[1]/?/?/?; 
ttag +59 62/41/29/40/24; 
ttag +60 92/92/82/92/84; 
ttag +61 100/100/99/99/98; 
ttag +62 100/100/100/100/99; 
ttag +63 72/69/51/66/48; 
ttag +64 100/100/100/100/99; 
ttag +65 55/29/36/33/21; 
ttag +66 93/92/86/96/89; 
ttag +67 75/63/60/60/62; 
ttag +68 78/72/65/77/64; 
ttag +69 100/100/99/100/99; 
ttag +70 98/98/95/99/95; 
ttag +71 100/100/97/99/96; 
ttag +72 99/98/98/100/99; 
ttag +73 54/34/30/40/28; 
ttag +74 99/99/98/100/98; 
ttag +75 97/96/91/98/95; 
ttag +76 77/70/62/72/57; 
ttag +77 91/87/77/85/74; 
ttag +78 100/100/100/100/99; 
ttag +79 100/100/98/100/98; 
ttag +80 60/49/46/46/46; 
ttag +81 100/100/100/99/98; 
ttag +82 89/88/78/91/78; 
ttag +83 88/86/76/87/73; 
ttag +84 28/[6]/?/?/?; 
ttag +85 96/94/85/97/82; 
ttag +86 100/100/99/100/99; 
ttag +87 30/[16]/?/?/?; 
ttag +88 97/96/89/92/90; 
ttag +89 99/99/97/100/98; 
ttag +90 100/100/99/100/95; 
ttag +91 80/76/66/79/64; 
ttag +92 99/99/98/99/99; 
ttag +93 96/95/88/98/92; 
ttag +94 54/34/30/45/40; 
