tread
'Tree with tags' 
(0 (1 ((2 3 )(((6 (7 (4 5 )))(8 9 ))(10 (11 12 ))))(13 14 )(((15 16 )(17 (18 19 ((20 21 )((22 23 )(24 25 ))))))(((26 27 )(28 (29 30 )))(39 ((31 ((32 33 )((34 35 )(36 (37 38 )))))((40 41 )(42 (43 ((44 45 )(46 47 ))))))))))); 
ttag *!; 
ttag +49 ???; 
ttag +50 6; 
ttag +51 11; 
ttag +52 6; 
ttag +53 2; 
ttag +54 13; 
ttag +55 1; 
ttag +56 5; 
ttag +57 1; 
ttag +58 2; 
ttag +59 12; 
ttag +60 11; 
ttag +61 10; 
ttag +62 2; 
ttag +63 2; 
ttag +64 3; 
ttag +65 6; 
ttag +66 9; 
ttag +67 4; 
ttag +68 7; 
ttag +69 7; 
ttag +70 5; 
ttag +71 1; 
ttag +72 6; 
ttag +73 7; 
ttag +74 6; 
ttag +75 5; 
ttag +76 6; 
ttag +77 1; 
ttag +78 6; 
ttag +79 4; 
ttag +80 5; 
ttag +81 1; 
ttag +82 1; 
ttag +83 4; 
ttag +84 12; 
ttag +85 3; 
ttag +86 6; 
ttag +87 12; 
ttag +88 3; 
ttag +89 5; 
ttag +90 5; 
ttag +91 6; 
tread
'Tree with tags' 
(0 (((1 (((15 16 )(17 (18 (19 ((20 21 )((22 23 )(24 25 )))))))(((26 27 )(28 (29 30 )))(39 ((31 ((32 33 )((34 35 )(36 (37 38 )))))((40 41 )(42 (43 ((44 45 )(46 47 ))))))))))(13 14 ))((2 3 )(((6 (7 (4 5 )))(8 9 ))(10 (11 12 )))))); 
ttag *!; 
ttag +0 ////; 
ttag +1 ////; 
ttag +2 ////; 
ttag +3 ////; 
ttag +4 ////; 
ttag +5 ////; 
ttag +6 ////; 
ttag +7 ////; 
ttag +8 ////; 
ttag +9 ////; 
ttag +10 ////; 
ttag +11 ////; 
ttag +12 ////; 
ttag +13 ////; 
ttag +14 ////; 
ttag +15 ////; 
ttag +16 ////; 
ttag +17 ////; 
ttag +18 ////; 
ttag +19 ////; 
ttag +20 ////; 
ttag +21 ////; 
ttag +22 ////; 
ttag +23 ////; 
ttag +24 ////; 
ttag +25 ////; 
ttag +26 ////; 
ttag +27 ////; 
ttag +28 ////; 
ttag +29 ////; 
ttag +30 ////; 
ttag +31 ////; 
ttag +32 ////; 
ttag +33 ////; 
ttag +34 ////; 
ttag +35 ////; 
ttag +36 ////; 
ttag +37 ////; 
ttag +38 ////; 
ttag +39 ////; 
ttag +40 ////; 
ttag +41 ////; 
ttag +42 ////; 
ttag +43 ////; 
ttag +44 ////; 
ttag +45 ////; 
ttag +46 ////; 
ttag +47 ////; 
ttag +48 ////; 
ttag +49 24/11/3/10/2; 
ttag +50 12/[18]/?/?/?; 
ttag +51 100/100/100/100/100; 
ttag +52 99/98/99/99/98; 
ttag +53 99/99/99/100/99; 
ttag +54 94/92/90/88/86; 
ttag +55 58/36/34/34/28; 
ttag +56 100/100/100/100/99; 
ttag +57 37/18/8/20/11; 
ttag +58 92/92/84/92/88; 
ttag +59 50/29/18/16/22; 
ttag +60 49/30/21/30/22; 
ttag +61 100/100/100/100/100; 
ttag +62 100/100/99/100/100; 
ttag +63 100/100/100/100/98; 
ttag +64 65/52/43/48/39; 
ttag +65 57/45/36/40/34; 
ttag +66 90/85/62/80/65; 
ttag +67 92/89/79/91/81; 
ttag +68 0/[18]/?/?/?; 
ttag +69 100/100/99/100/99; 
ttag +70 89/84/75/88/79; 
ttag +71 99/99/99/100/98; 
ttag +72 99/99/99/99/98; 
ttag +73 97/96/85/94/90; 
ttag +74 56/30/32/37/26; 
ttag +75 99/99/96/98/97; 
ttag +76 98/97/98/98/95; 
ttag +77 98/98/97/99/97; 
ttag +78 96/95/94/97/92; 
ttag +79 97/97/97/96/93; 
ttag +80 48/26/21/33/22; 
ttag +81 95/93/84/92/79; 
ttag +82 92/91/90/93/90; 
ttag +83 94/93/89/94/86; 
ttag +84 59/43/40/44/36; 
ttag +85 70/54/29/37/32; 
ttag +86 95/94/81/92/82; 
ttag +87 100/100/100/100/100; 
ttag +88 83/78/74/81/68; 
ttag +89 98/96/92/99/94; 
ttag +90 100/100/98/99/99; 
ttag +91 90/87/84/87/85; 
ttag +92 98/98/92/98/98; 
ttag +93 95/93/85/94/85; 
ttag +94 98/98/96/98/94; 
