tread
'Tree with tags' 
(0 ((1 ((2 3 )(6 7 (4 5 ))(8 9 (10 (11 12 )))))((13 14 )(((15 16 )(17 (18 19 ((20 21 )((22 23 )(24 25 ))))))((26 (27 (28 (29 30 ))))((31 ((32 33 )(34 35 )(36 (37 38 ))))(39 (40 41 (42 (43 ((44 45 )(46 47 )))))))))))); 
ttag *!; 
ttag +49 1; 
ttag +50 ???; 
ttag +51 8; 
ttag +52 2; 
ttag +53 8; 
ttag +54 3; 
ttag +55 2; 
ttag +56 7; 
ttag +57 7; 
ttag +58 6; 
ttag +59 1; 
ttag +60 16; 
ttag +61 3; 
ttag +62 1; 
ttag +63 2; 
ttag +64 2; 
ttag +65 12; 
ttag +66 2; 
ttag +67 2; 
ttag +68 1; 
ttag +69 4; 
ttag +70 3; 
ttag +71 6; 
ttag +72 4; 
ttag +73 4; 
ttag +74 10; 
ttag +75 7; 
ttag +76 2; 
ttag +77 3; 
ttag +78 5; 
ttag +79 3; 
ttag +80 10; 
ttag +81 15; 
ttag +82 3; 
ttag +83 3; 
ttag +84 9; 
ttag +85 6; 
ttag +86 11; 
ttag +87 8; 
ttag +88 3; 
tread
'Tree with tags' 
(0 ((1 ((2 3 )(((4 5 )(6 7 ))(8 (9 (10 (11 12 )))))))((13 14 )(((15 16 )(17 (18 (19 ((20 21 )((22 23 )(24 25 )))))))((26 (27 (28 (29 30 ))))((31 (((32 33 )(36 (37 38 )))(34 35 )))(39 (41 (40 (42 (43 ((44 45 )(46 47 ))))))))))))); 
ttag *!; 
ttag +0 ////; 
ttag +1 ////; 
ttag +2 ////; 
ttag +3 ////; 
ttag +4 ////; 
ttag +5 ////; 
ttag +6 ////; 
ttag +7 ////; 
ttag +8 ////; 
ttag +9 ////; 
ttag +10 ////; 
ttag +11 ////; 
ttag +12 ////; 
ttag +13 ////; 
ttag +14 ////; 
ttag +15 ////; 
ttag +16 ////; 
ttag +17 ////; 
ttag +18 ////; 
ttag +19 ////; 
ttag +20 ////; 
ttag +21 ////; 
ttag +22 ////; 
ttag +23 ////; 
ttag +24 ////; 
ttag +25 ////; 
ttag +26 ////; 
ttag +27 ////; 
ttag +28 ////; 
ttag +29 ////; 
ttag +30 ////; 
ttag +31 ////; 
ttag +32 ////; 
ttag +33 ////; 
ttag +34 ////; 
ttag +35 ////; 
ttag +36 ////; 
ttag +37 ////; 
ttag +38 ////; 
ttag +39 ////; 
ttag +40 ////; 
ttag +41 ////; 
ttag +42 ////; 
ttag +43 ////; 
ttag +44 ////; 
ttag +45 ////; 
ttag +46 ////; 
ttag +47 ////; 
ttag +48 ////; 
ttag +49 37/26/18/32/19; 
ttag +50 100/100/100/100/100; 
ttag +51 100/100/99/100/99; 
ttag +52 85/78/71/79/63; 
ttag +53 99/99/100/100/99; 
ttag +54 96/96/85/89/84; 
ttag +55 42/16/21/9/14; 
ttag +56 47/12/10/10/12; 
ttag +57 81/77/74/85/71; 
ttag +58 36/[2]/?/?/?; 
ttag +59 99/99/98/100/99; 
ttag +60 100/100/100/99/100; 
ttag +61 98/98/96/98/97; 
ttag +62 36/26/24/31/21; 
ttag +63 100/100/100/100/100; 
ttag +64 90/86/76/80/74; 
ttag +65 56/44/32/48/38; 
ttag +66 81/81/82/83/78; 
ttag +67 64/58/44/60/52; 
ttag +68 8/1/?/?/1; 
ttag +69 100/100/100/100/100; 
ttag +70 80/73/68/79/66; 
ttag +71 80/77/68/75/69; 
ttag +72 62/45/49/46/42; 
ttag +73 94/92/84/93/88; 
ttag +74 90/88/77/86/77; 
ttag +75 97/96/88/97/90; 
ttag +76 92/90/78/90/72; 
ttag +77 97/96/83/94/80; 
ttag +78 99/99/93/100/93; 
ttag +79 99/98/95/98/97; 
ttag +80 72/65/67/74/55; 
ttag +81 87/82/72/87/73; 
ttag +82 33/[4]/?/1/4; 
ttag +83 98/98/90/96/92; 
ttag +84 96/96/95/94/93; 
ttag +85 100/100/99/100/99; 
ttag +86 100/100/100/100/100; 
ttag +87 74/67/62/78/62; 
ttag +88 39/0/4/1/?; 
ttag +89 84/76/66/79/60; 
ttag +90 100/100/97/98/98; 
ttag +91 95/92/84/88/82; 
ttag +92 99/99/96/100/98; 
ttag +93 96/94/90/94/92; 
ttag +94 89/83/77/89/74; 
