tread
'Tree with tags' 
(0 (1 ((((2 3 )((((4 5 )(6 7 ))(10 (11 12 )))(8 9 )))((26 (27 (28 (29 30 ))))(39 (31 (((32 33 )(36 (37 38 )))(34 35 )))((40 41 )(42 43 ((44 45 )(46 47 )))))))((13 14 )((15 16 )(17 (18 (19 ((20 21 )(22 23 )(24 25 )))))))))); 
ttag *!; 
ttag +49 ???; 
ttag +50 3; 
ttag +51 10; 
ttag +52 1; 
ttag +53 1; 
ttag +54 4; 
ttag +55 4; 
ttag +56 3; 
ttag +57 3; 
ttag +58 3; 
ttag +59 4; 
ttag +60 2; 
ttag +61 8; 
ttag +62 8; 
ttag +63 1; 
ttag +64 13; 
ttag +65 3; 
ttag +66 2; 
ttag +67 4; 
ttag +68 4; 
ttag +69 11; 
ttag +70 8; 
ttag +71 5; 
ttag +72 1; 
ttag +73 1; 
ttag +74 5; 
ttag +75 1; 
ttag +76 7; 
ttag +77 9; 
ttag +78 5; 
ttag +79 12; 
ttag +80 8; 
ttag +81 1; 
ttag +82 8; 
ttag +83 2; 
ttag +84 9; 
ttag +85 8; 
ttag +86 3; 
ttag +87 4; 
ttag +88 3; 
ttag +89 4; 
ttag +90 1; 
ttag +91 5; 
tread
'Tree with tags' 
(0 (1 ((((2 3 )((((4 5 )(6 7 ))(10 (11 12 )))(8 9 )))((26 (27 (28 (29 30 ))))(39 ((31 (((32 33 )(36 (37 38 )))(34 35 )))((40 41 )(42 (43 ((44 45 )(46 47 )))))))))((13 14 )((15 16 )(17 (18 (19 (((20 21 )(24 25 ))(22 23 )))))))))); 
ttag *!; 
ttag +0 ////; 
ttag +1 ////; 
ttag +2 ////; 
ttag +3 ////; 
ttag +4 ////; 
ttag +5 ////; 
ttag +6 ////; 
ttag +7 ////; 
ttag +8 ////; 
ttag +9 ////; 
ttag +10 ////; 
ttag +11 ////; 
ttag +12 ////; 
ttag +13 ////; 
ttag +14 ////; 
ttag +15 ////; 
ttag +16 ////; 
ttag +17 ////; 
ttag +18 ////; 
ttag +19 ////; 
ttag +20 ////; 
ttag +21 ////; 
ttag +22 ////; 
ttag +23 ////; 
ttag +24 ////; 
ttag +25 ////; 
ttag +26 ////; 
ttag +27 ////; 
ttag +28 ////; 
ttag +29 ////; 
ttag +30 ////; 
ttag +31 ////; 
ttag +32 ////; 
ttag +33 ////; 
ttag +34 ////; 
ttag +35 ////; 
ttag +36 ////; 
ttag +37 ////; 
ttag +38 ////; 
ttag +39 ////; 
ttag +40 ////; 
ttag +41 ////; 
ttag +42 ////; 
ttag +43 ////; 
ttag +44 ////; 
ttag +45 ////; 
ttag +46 ////; 
ttag +47 ////; 
ttag +48 ////; 
ttag +49 100/100/100/100/100; 
ttag +50 94/93/91/94/90; 
ttag +51 100/100/98/100/100; 
ttag +52 29/0/2/?/?; 
ttag +53 44/33/30/27/23; 
ttag +54 92/88/82/91/80; 
ttag +55 93/92/87/94/88; 
ttag +56 52/32/30/51/31; 
ttag +57 68/54/43/58/37; 
ttag +58 80/78/68/86/76; 
ttag +59 74/69/48/68/48; 
ttag +60 51/31/28/49/31; 
ttag +61 100/100/99/99/99; 
ttag +62 99/99/100/100/98; 
ttag +63 42/28/25/17/28; 
ttag +64 100/100/100/100/100; 
ttag +65 85/76/71/75/66; 
ttag +66 73/61/50/59/44; 
ttag +67 91/91/87/92/81; 
ttag +68 92/91/90/91/85; 
ttag +69 100/100/100/100/100; 
ttag +70 31/[7]/?/0/?; 
ttag +71 99/99/98/100/98; 
ttag +72 98/98/100/98/98; 
ttag +73 75/64/61/65/66; 
ttag +74 66/55/54/61/53; 
ttag +75 94/94/88/90/89; 
ttag +76 76/68/70/67/62; 
ttag +77 99/99/98/100/98; 
ttag +78 100/100/100/100/99; 
ttag +79 96/95/89/96/93; 
ttag +80 32/[5]/?/1/?; 
ttag +81 100/100/100/100/100; 
ttag +82 100/100/99/100/99; 
ttag +83 66/52/46/47/42; 
ttag +84 100/100/100/100/100; 
ttag +85 87/87/88/88/85; 
ttag +86 100/100/100/100/100; 
ttag +87 99/99/98/99/99; 
ttag +88 92/90/86/93/89; 
ttag +89 95/93/91/93/86; 
ttag +90 90/86/76/84/80; 
ttag +91 38/5/17/4/2; 
ttag +92 96/94/90/92/84; 
ttag +93 63/42/36/44/39; 
ttag +94 98/98/95/98/97; 
