tread
'Tree with tags' 
(0 ((1 ((2 3 )(10 (8 9 ((4 5 )(6 7 )))(11 12 ))))((13 14 )((15 16 )(17 (18 (19 ((20 21 )((22 23 )(24 25 )))))))((26 (27 (28 (29 30 ))))(39 ((31 ((32 33 )((34 35 )(36 (37 38 )))))((40 41 )(43 (42 ((44 45 )(46 47 ))))))))))); 
ttag *!; 
ttag +49 1; 
ttag +50 ???; 
ttag +51 7; 
ttag +52 10; 
ttag +53 8; 
ttag +54 11; 
ttag +55 2; 
ttag +56 3; 
ttag +57 1; 
ttag +58 9; 
ttag +59 10; 
ttag +60 2; 
ttag +61 12; 
ttag +62 4; 
ttag +63 2; 
ttag +64 5; 
ttag +65 1; 
ttag +66 5; 
ttag +67 2; 
ttag +68 7; 
ttag +69 7; 
ttag +70 3; 
ttag +71 8; 
ttag +72 10; 
ttag +73 2; 
ttag +74 5; 
ttag +75 7; 
ttag +76 3; 
ttag +77 1; 
ttag +78 6; 
ttag +79 3; 
ttag +80 8; 
ttag +81 3; 
ttag +82 1; 
ttag +83 11; 
ttag +84 3; 
ttag +85 1; 
ttag +86 4; 
ttag +87 1; 
ttag +88 8; 
ttag +89 6; 
ttag +90 8; 
ttag +91 2; 
tread
'Tree with tags' 
(0 ((1 ((2 3 )((9 (8 ((4 5 )(6 7 ))))(10 (11 12 )))))(((13 14 )((15 16 )(17 (18 (19 ((20 21 )((22 23 )(24 25 ))))))))((26 (27 (28 (29 30 ))))(39 ((31 ((32 33 )((34 35 )(36 (37 38 )))))((40 41 )(43 (42 ((44 45 )(46 47 ))))))))))); 
ttag *!; 
ttag +0 ////; 
ttag +1 ////; 
ttag +2 ////; 
ttag +3 ////; 
ttag +4 ////; 
ttag +5 ////; 
ttag +6 ////; 
ttag +7 ////; 
ttag +8 ////; 
ttag +9 ////; 
ttag +10 ////; 
ttag +11 ////; 
ttag +12 ////; 
ttag +13 ////; 
ttag +14 ////; 
ttag +15 ////; 
ttag +16 ////; 
ttag +17 ////; 
ttag +18 ////; 
ttag +19 ////; 
ttag +20 ////; 
ttag +21 ////; 
ttag +22 ////; 
ttag +23 ////; 
ttag +24 ////; 
ttag +25 ////; 
ttag +26 ////; 
ttag +27 ////; 
ttag +28 ////; 
ttag +29 ////; 
ttag +30 ////; 
ttag +31 ////; 
ttag +32 ////; 
ttag +33 ////; 
ttag +34 ////; 
ttag +35 ////; 
ttag +36 ////; 
ttag +37 ////; 
ttag +38 ////; 
ttag +39 ////; 
ttag +40 ////; 
ttag +41 ////; 
ttag +42 ////; 
ttag +43 ////; 
ttag +44 ////; 
ttag +45 ////; 
ttag +46 ////; 
ttag +47 ////; 
ttag +48 ////; 
ttag +49 50/34/39/47/40; 
ttag +50 100/100/100/100/100; 
ttag +51 98/97/98/99/97; 
ttag +52 100/100/99/100/99; 
ttag +53 100/100/100/98/97; 
ttag +54 100/100/98/99/98; 
ttag +55 16/[19]/?/?/?; 
ttag +56 51/39/33/40/32; 
ttag +57 78/74/64/72/55; 
ttag +58 64/47/38/37/44; 
ttag +59 30/0/9/2/?; 
ttag +60 100/100/100/100/99; 
ttag +61 100/100/99/100/98; 
ttag +62 2/[19]/?/?/?; 
ttag +63 44/25/23/31/30; 
ttag +64 100/100/100/100/99; 
ttag +65 87/85/79/88/81; 
ttag +66 70/61/56/68/46; 
ttag +67 97/96/92/98/92; 
ttag +68 46/33/26/37/25; 
ttag +69 96/96/98/97/96; 
ttag +70 67/58/45/60/52; 
ttag +71 99/98/99/99/100; 
ttag +72 99/99/97/99/98; 
ttag +73 86/78/64/82/66; 
ttag +74 99/98/98/99/97; 
ttag +75 100/100/98/100/97; 
ttag +76 67/54/46/62/50; 
ttag +77 98/98/92/98/92; 
ttag +78 99/99/95/100/96; 
ttag +79 89/88/82/83/81; 
ttag +80 44/35/29/29/26; 
ttag +81 95/94/92/94/83; 
ttag +82 92/90/86/90/86; 
ttag +83 99/99/96/98/93; 
ttag +84 90/86/82/81/87; 
ttag +85 51/22/12/27/3; 
ttag +86 100/100/100/99/99; 
ttag +87 84/81/77/78/80; 
ttag +88 54/27/22/36/31; 
ttag +89 88/85/81/87/77; 
ttag +90 39/18/10/13/12; 
ttag +91 100/100/99/100/97; 
ttag +92 99/98/94/98/95; 
ttag +93 98/97/94/99/94; 
ttag +94 69/60/59/67/63; 
