tread
'Tree with tags' 
(0 (1 ((2 3 )(((4 5 )(6 7 ))(8 9 (10 (11 12 )))))((13 14 )(((15 16 )(17 (18 19 ((20 21 )((22 23 )(24 25 ))))))((26 (27 (28 (29 30 ))))((39 (31 ((32 33 )((34 35 )(36 (37 38 ))))))((40 41 )(42 (43 ((44 45 )(46 47 ))))))))))); 
ttag *!; 
ttag +49 ???; 
ttag +50 7; 
ttag +51 10; 
ttag +52 5; 
ttag +53 5; 
ttag +54 2; 
ttag +55 4; 
ttag +56 2; 
ttag +57 7; 
ttag +58 6; 
ttag +59 5; 
ttag +60 1; 
ttag +61 6; 
ttag +62 2; 
ttag +63 1; 
ttag +64 1; 
ttag +65 4; 
ttag +66 10; 
ttag +67 4; 
ttag +68 11; 
ttag +69 4; 
ttag +70 6; 
ttag +71 4; 
ttag +72 1; 
ttag +73 1; 
ttag +74 5; 
ttag +75 10; 
ttag +76 6; 
ttag +77 1; 
ttag +78 6; 
ttag +79 3; 
ttag +80 2; 
ttag +81 1; 
ttag +82 1; 
ttag +83 13; 
ttag +84 7; 
ttag +85 2; 
ttag +86 4; 
ttag +87 7; 
ttag +88 3; 
ttag +89 3; 
ttag +90 7; 
ttag +91 5; 
tread
'Tree with tags' 
(0 (1 (((2 3 )(((4 5 )(6 7 ))(9 (8 (10 (11 12 ))))))((13 14 )(((15 16 )(17 ((18 19 )((20 21 )((22 23 )(24 25 ))))))((26 (27 (28 (29 30 ))))((39 (31 ((32 33 )((34 35 )(36 (37 38 ))))))((40 41 )(42 (43 ((44 45 )(46 47 )))))))))))); 
ttag *!; 
ttag +0 ////; 
ttag +1 ////; 
ttag +2 ////; 
ttag +3 ////; 
ttag +4 ////; 
ttag +5 ////; 
ttag +6 ////; 
ttag +7 ////; 
ttag +8 ////; 
ttag +9 ////; 
ttag +10 ////; 
ttag +11 ////; 
ttag +12 ////; 
ttag +13 ////; 
ttag +14 ////; 
ttag +15 ////; 
ttag +16 ////; 
ttag +17 ////; 
ttag +18 ////; 
ttag +19 ////; 
ttag +20 ////; 
ttag +21 ////; 
ttag +22 ////; 
ttag +23 ////; 
ttag +24 ////; 
ttag +25 ////; 
ttag +26 ////; 
ttag +27 ////; 
ttag +28 ////; 
ttag +29 ////; 
ttag +30 ////; 
ttag +31 ////; 
ttag +32 ////; 
ttag +33 ////; 
ttag +34 ////; 
ttag +35 ////; 
ttag +36 ////; 
ttag +37 ////; 
ttag +38 ////; 
ttag +39 ////; 
ttag +40 ////; 
ttag +41 ////; 
ttag +42 ////; 
ttag +43 ////; 
ttag +44 ////; 
ttag +45 ////; 
ttag +46 ////; 
ttag +47 ////; 
ttag +48 ////; 
ttag +49 100/100/100/100/100; 
ttag +50 98/98/94/98/99; 
ttag +51 99/99/98/99/97; 
ttag +52 2/[4]/?/?/?; 
ttag +53 95/94/91/92/87; 
ttag +54 96/96/93/98/98; 
ttag +55 76/73/53/69/59; 
ttag +56 93/91/84/90/75; 
ttag +57 25/[9]/?/?/?; 
ttag +58 71/64/52/63/50; 
ttag +59 100/100/97/100/97; 
ttag +60 100/100/98/100/98; 
ttag +61 99/99/98/98/97; 
ttag +62 36/23/4/23/8; 
ttag +63 99/99/99/98/100; 
ttag +64 67/52/52/60/60; 
ttag +65 53/47/34/42/34; 
ttag +66 65/52/41/48/38; 
ttag +67 33/[1]/?/?/?; 
ttag +68 77/72/68/78/70; 
ttag +69 100/100/100/100/100; 
ttag +70 92/91/83/93/82; 
ttag +71 100/100/100/100/100; 
ttag +72 96/95/88/93/87; 
ttag +73 98/97/96/99/96; 
ttag +74 94/93/90/93/88; 
ttag +75 48/33/24/37/34; 
ttag +76 60/40/40/42/31; 
ttag +77 97/96/96/96/94; 
ttag +78 100/100/100/100/100; 
ttag +79 98/98/91/97/88; 
ttag +80 50/38/40/35/32; 
ttag +81 97/97/92/99/94; 
ttag +82 89/87/78/87/76; 
ttag +83 66/57/39/51/44; 
ttag +84 71/57/48/53/58; 
ttag +85 48/44/32/44/36; 
ttag +86 100/100/99/100/100; 
ttag +87 99/99/94/98/90; 
ttag +88 72/60/66/71/68; 
ttag +89 95/94/87/93/90; 
ttag +90 100/100/97/100/98; 
ttag +91 86/79/68/77/69; 
ttag +92 88/84/79/90/74; 
ttag +93 99/98/96/97/92; 
ttag +94 98/98/95/97/94; 
