tread
'Tree with tags' 
(0 (1 ((2 3 )(((4 5 )(6 7 ))((8 9 )(10 (11 12 )))))((13 14 )(17 (15 16 )(18 (19 ((20 21 )((22 23 )(24 25 )))))))((26 (27 (28 (29 30 ))))((31 (((32 33 )(36 (37 38 )))(34 35 )))(39 ((40 41 )((47 (42 43 ))(46 (44 45 ))))))))); 
ttag *!; 
ttag +49 ???; 
ttag +50 6; 
ttag +51 3; 
ttag +52 4; 
ttag +53 6; 
ttag +54 2; 
ttag +55 4; 
ttag +56 4; 
ttag +57 1; 
ttag +58 6; 
ttag +59 12; 
ttag +60 6; 
ttag +61 1; 
ttag +62 14; 
ttag +63 4; 
ttag +64 2; 
ttag +65 1; 
ttag +66 10; 
ttag +67 4; 
ttag +68 9; 
ttag +69 4; 
ttag +70 5; 
ttag +71 4; 
ttag +72 10; 
ttag +73 1; 
ttag +74 5; 
ttag +75 4; 
ttag +76 3; 
ttag +77 5; 
ttag +78 5; 
ttag +79 1; 
ttag +80 6; 
ttag +81 9; 
ttag +82 5; 
ttag +83 11; 
ttag +84 2; 
ttag +85 3; 
ttag +86 8; 
ttag +87 1; 
ttag +88 1; 
ttag +89 4; 
ttag +90 13; 
ttag +91 1; 
tread
'Tree with tags' 
(0 (1 ((((2 3 )(((4 5 )(6 7 ))((8 9 )(10 (11 12 )))))((26 (27 (28 (29 30 ))))((31 (((32 33 )(36 (37 38 )))(34 35 )))(39 ((40 41 )((47 (42 43 ))(46 (44 45 ))))))))((13 14 )((15 16 )(17 (18 (19 ((20 21 )((22 23 )(24 25 ))))))))))); 
ttag *!; 
ttag +0 ////; 
ttag +1 ////; 
ttag +2 ////; 
ttag +3 ////; 
ttag +4 ////; 
ttag +5 ////; 
ttag +6 ////; 
ttag +7 ////; 
ttag +8 ////; 
ttag +9 ////; 
ttag +10 ////; 
ttag +11 ////; 
ttag +12 ////; 
ttag +13 ////; 
ttag +14 ////; 
ttag +15 ////; 
ttag +16 ////; 
ttag +17 ////; 
ttag +18 ////; 
ttag +19 ////; 
ttag +20 ////; 
ttag +21 ////; 
ttag +22 ////; 
ttag +23 ////; 
ttag +24 ////; 
ttag +25 ////; 
ttag +26 ////; 
ttag +27 ////; 
ttag +28 ////; 
ttag +29 ////; 
ttag +30 ////; 
ttag +31 ////; 
ttag +32 ////; 
ttag +33 ////; 
ttag +34 ////; 
ttag +35 ////; 
ttag +36 ////; 
ttag +37 ////; 
ttag +38 ////; 
ttag +39 ////; 
ttag +40 ////; 
ttag +41 ////; 
ttag +42 ////; 
ttag +43 ////; 
ttag +44 ////; 
ttag +45 ////; 
ttag +46 ////; 
ttag +47 ////; 
ttag +48 ////; 
ttag +49 100/100/100/100/100; 
ttag +50 99/98/95/98/97; 
ttag +51 78/73/57/69/62; 
ttag +52 27/12/10/5/9; 
ttag +53 35/24/32/21/23; 
ttag +54 97/96/95/97/93; 
ttag +55 98/98/97/98/95; 
ttag +56 88/86/79/84/85; 
ttag +57 96/96/90/96/90; 
ttag +58 92/89/86/93/86; 
ttag +59 58/46/42/51/36; 
ttag +60 98/97/96/98/92; 
ttag +61 100/100/100/100/100; 
ttag +62 100/100/100/100/99; 
ttag +63 62/54/49/46/49; 
ttag +64 100/100/100/100/100; 
ttag +65 93/92/85/94/81; 
ttag +66 31/[14]/?/?/?; 
ttag +67 87/86/81/81/85; 
ttag +68 58/44/35/49/37; 
ttag +69 100/100/100/100/100; 
ttag +70 91/86/72/88/78; 
ttag +71 100/100/100/100/99; 
ttag +72 94/92/85/92/86; 
ttag +73 96/94/87/97/90; 
ttag +74 95/94/89/91/92; 
ttag +75 100/100/98/100/98; 
ttag +76 64/44/39/38/35; 
ttag +77 99/99/95/98/97; 
ttag +78 83/74/72/92/75; 
ttag +79 89/86/78/87/76; 
ttag +80 84/82/81/90/80; 
ttag +81 99/98/98/99/98; 
ttag +82 60/57/48/58/54; 
ttag +83 92/90/84/92/82; 
ttag +84 99/99/99/100/99; 
ttag +85 90/88/81/94/84; 
ttag +86 100/100/98/100/99; 
ttag +87 59/51/36/56/30; 
ttag +88 74/63/52/70/59; 
ttag +89 88/84/81/87/82; 
ttag +90 53/25/35/30/22; 
ttag +91 19/[14]/?/?/?; 
ttag +92 97/96/95/96/91; 
ttag +93 100/100/100/100/100; 
ttag +94 40/6/12/12/?; 
