tread
'Tree with tags' 
(0 (1 (((2 3 )(((4 5 )(6 7 ))((8 9 )(10 (11 12 )))))(13 14 )(17 18 19 (15 16 )((20 21 )((22 23 )(24 25 ))))((26 (27 (28 (29 30 ))))(39 (31 (((32 33 )(36 (37 38 )))(34 35 )))((40 41 )(42 (43 (46 47 (44 45 )))))))))); 
ttag *!; 
ttag +49 ???; 
ttag +50 7; 
ttag +51 9; 
ttag +52 1; 
ttag +53 3; 
ttag +54 4; 
ttag +55 2; 
ttag +56 2; 
ttag +57 1; 
ttag +58 1; 
ttag +59 2; 
ttag +60 11; 
ttag +61 8; 
ttag +62 7; 
ttag +63 1; 
ttag +64 9; 
ttag +65 3; 
ttag +66 7; 
ttag +67 7; 
ttag +68 5; 
ttag +69 2; 
ttag +70 5; 
ttag +71 4; 
ttag +72 3; 
ttag +73 6; 
ttag +74 9; 
ttag +75 7; 
ttag +76 2; 
ttag +77 1; 
ttag +78 1; 
ttag +79 3; 
ttag +80 8; 
ttag +81 7; 
ttag +82 2; 
ttag +83 7; 
ttag +84 3; 
ttag +85 3; 
ttag +86 7; 
ttag +87 2; 
tread
'Tree with tags' 
(0 (1 (((((2 3 )(((4 5 )(6 7 ))((8 9 )(10 (11 12 )))))((15 16 )(17 (18 (19 ((20 21 )((22 23 )(24 25 ))))))))((26 (27 (28 (29 30 ))))((39 (31 (((32 33 )(36 (37 38 )))(34 35 ))))((40 41 )(42 (43 ((44 45 )(46 47 ))))))))(13 14 )))); 
ttag *!; 
ttag +0 ////; 
ttag +1 ////; 
ttag +2 ////; 
ttag +3 ////; 
ttag +4 ////; 
ttag +5 ////; 
ttag +6 ////; 
ttag +7 ////; 
ttag +8 ////; 
ttag +9 ////; 
ttag +10 ////; 
ttag +11 ////; 
ttag +12 ////; 
ttag +13 ////; 
ttag +14 ////; 
ttag +15 ////; 
ttag +16 ////; 
ttag +17 ////; 
ttag +18 ////; 
ttag +19 ////; 
ttag +20 ////; 
ttag +21 ////; 
ttag +22 ////; 
ttag +23 ////; 
ttag +24 ////; 
ttag +25 ////; 
ttag +26 ////; 
ttag +27 ////; 
ttag +28 ////; 
ttag +29 ////; 
ttag +30 ////; 
ttag +31 ////; 
ttag +32 ////; 
ttag +33 ////; 
ttag +34 ////; 
ttag +35 ////; 
ttag +36 ////; 
ttag +37 ////; 
ttag +38 ////; 
ttag +39 ////; 
ttag +40 ////; 
ttag +41 ////; 
ttag +42 ////; 
ttag +43 ////; 
ttag +44 ////; 
ttag +45 ////; 
ttag +46 ////; 
ttag +47 ////; 
ttag +48 ////; 
ttag +49 100/100/100/100/100; 
ttag +50 100/100/99/100/100; 
ttag +51 100/100/98/99/98; 
ttag +52 21/[5]/?/?/?; 
ttag +53 22/[4]/4/1/?; 
ttag +54 44/30/30/43/26; 
ttag +55 93/90/88/90/90; 
ttag +56 97/97/92/92/89; 
ttag +57 80/75/72/76/66; 
ttag +58 73/69/65/70/70; 
ttag +59 48/33/27/19/24; 
ttag +60 57/44/43/52/43; 
ttag +61 84/80/75/83/75; 
ttag +62 100/100/100/100/100; 
ttag +63 100/100/98/98/98; 
ttag +64 99/99/98/98/98; 
ttag +65 78/71/64/59/60; 
ttag +66 41/10/13/12/4; 
ttag +67 46/18/27/15/13; 
ttag +68 26/[1]/5/?/?; 
ttag +69 100/100/100/100/100; 
ttag +70 84/80/67/80/57; 
ttag +71 98/98/94/99/96; 
ttag +72 98/97/95/99/96; 
ttag +73 96/94/87/94/86; 
ttag +74 88/82/63/73/68; 
ttag +75 96/94/90/96/94; 
ttag +76 94/92/81/89/82; 
ttag +77 91/89/87/89/83; 
ttag +78 97/95/90/95/87; 
ttag +79 100/100/95/99/98; 
ttag +80 2/[66]/?/?/?; 
ttag +81 99/99/96/98/97; 
ttag +82 51/43/34/48/36; 
ttag +83 24/5/10/1/?; 
ttag +84 36/5/20/5/8; 
ttag +85 84/83/80/84/77; 
ttag +86 100/100/100/100/100; 
ttag +87 100/100/97/99/98; 
ttag +88 80/76/66/88/75; 
ttag +89 99/99/97/99/98; 
ttag +90 94/92/95/94/90; 
ttag +91 90/88/84/85/80; 
ttag +92 100/100/98/100/100; 
ttag +93 80/70/53/77/64; 
ttag +94 46/10/26/?/8; 
