tread
'Tree with tags' 
(0 ((1 ((2 3 )(((4 5 )(6 7 ))((8 9 )(10 (11 12 ))))))(((13 14 )((26 (27 (28 (29 30 ))))((31 (((32 33 )(36 (37 38 )))(34 35 )))(39 ((40 41 )(42 (43 ((44 45 )(46 47 )))))))))((15 16 )(17 (18 (19 ((20 21 )((22 23 )(24 25 )))))))))); 
ttag *!; 
ttag +49 2; 
ttag +50 ???; 
ttag +51 9; 
ttag +52 3; 
ttag +53 6; 
ttag +54 7; 
ttag +55 2; 
ttag +56 4; 
ttag +57 4; 
ttag +58 1; 
ttag +59 7; 
ttag +60 7; 
ttag +61 5; 
ttag +62 1; 
ttag +63 1; 
ttag +64 13; 
ttag +65 6; 
ttag +66 2; 
ttag +67 3; 
ttag +68 4; 
ttag +69 7; 
ttag +70 5; 
ttag +71 8; 
ttag +72 9; 
ttag +73 3; 
ttag +74 6; 
ttag +75 9; 
ttag +76 1; 
ttag +77 7; 
ttag +78 5; 
ttag +79 4; 
ttag +80 3; 
ttag +81 1; 
ttag +82 2; 
ttag +83 4; 
ttag +84 4; 
ttag +85 7; 
ttag +86 4; 
ttag +87 2; 
ttag +88 6; 
ttag +89 9; 
ttag +90 8; 
ttag +91 4; 
ttag +92 6; 
ttag +93 5; 
ttag +94 3; 
tread
'Tree with tags' 
(0 ((1 ((2 3 )(((4 5 )(6 7 ))((8 9 )(10 (11 12 ))))))(((13 14 )((26 (27 (28 (29 30 ))))((31 (((32 33 )(36 (37 38 )))(34 35 )))(39 ((40 41 )(42 (43 ((44 45 )(46 47 )))))))))((15 16 )(17 (18 (19 ((20 21 )((22 23 )(24 25 )))))))))); 
ttag *!; 
ttag +0 ////; 
ttag +1 ////; 
ttag +2 ////; 
ttag +3 ////; 
ttag +4 ////; 
ttag +5 ////; 
ttag +6 ////; 
ttag +7 ////; 
ttag +8 ////; 
ttag +9 ////; 
ttag +10 ////; 
ttag +11 ////; 
ttag +12 ////; 
ttag +13 ////; 
ttag +14 ////; 
ttag +15 ////; 
ttag +16 ////; 
ttag +17 ////; 
ttag +18 ////; 
ttag +19 ////; 
ttag +20 ////; 
ttag +21 ////; 
ttag +22 ////; 
ttag +23 ////; 
ttag +24 ////; 
ttag +25 ////; 
ttag +26 ////; 
ttag +27 ////; 
ttag +28 ////; 
ttag +29 ////; 
ttag +30 ////; 
ttag +31 ////; 
ttag +32 ////; 
ttag +33 ////; 
ttag +34 ////; 
ttag +35 ////; 
ttag +36 ////; 
ttag +37 ////; 
ttag +38 ////; 
ttag +39 ////; 
ttag +40 ////; 
ttag +41 ////; 
ttag +42 ////; 
ttag +43 ////; 
ttag +44 ////; 
ttag +45 ////; 
ttag +46 ////; 
ttag +47 ////; 
ttag +48 ////; 
ttag +49 36/11/14/13/7; 
ttag +50 100/100/100/100/100; 
ttag +51 100/100/98/100/100; 
ttag +52 54/37/32/35/33; 
ttag +53 98/98/94/97/96; 
ttag +54 95/93/86/97/80; 
ttag +55 79/73/68/78/60; 
ttag +56 95/94/88/93/83; 
ttag +57 93/91/84/92/82; 
ttag +58 42/12/11/16/12; 
ttag +59 98/96/94/98/96; 
ttag +60 98/98/99/99/98; 
ttag +61 97/96/94/96/94; 
ttag +62 22/0/?/?/?; 
ttag +63 27/2/4/1/?; 
ttag +64 100/100/100/100/100; 
ttag +65 97/97/92/94/92; 
ttag +66 54/37/37/36/35; 
ttag +67 94/93/80/92/84; 
ttag +68 96/96/88/92/87; 
ttag +69 100/100/100/100/99; 
ttag +70 98/97/97/98/94; 
ttag +71 99/99/97/100/98; 
ttag +72 100/100/100/99/99; 
ttag +73 93/91/78/93/75; 
ttag +74 99/99/94/99/94; 
ttag +75 100/100/100/100/98; 
ttag +76 42/3/?/?/?; 
ttag +77 100/100/99/100/98; 
ttag +78 99/99/99/99/98; 
ttag +79 95/94/86/93/82; 
ttag +80 83/74/70/73/55; 
ttag +81 67/66/66/64/63; 
ttag +82 67/62/46/63/41; 
ttag +83 92/92/84/91/79; 
ttag +84 95/94/94/98/93; 
ttag +85 99/99/100/100/98; 
ttag +86 85/77/64/76/58; 
ttag +87 59/45/33/41/28; 
ttag +88 98/97/91/98/93; 
ttag +89 98/98/96/97/94; 
ttag +90 99/99/97/98/96; 
ttag +91 91/90/83/90/83; 
ttag +92 98/98/96/98/91; 
ttag +93 97/96/92/98/92; 
ttag +94 95/95/95/97/92; 
