tread
'Tree with tags' 
(0 (1 ((((2 3 )(((4 5 )(6 7 ))(9 (8 (10 (11 12 ))))))((26 (27 (28 (29 30 ))))(39 (31 ((32 33 )((34 35 )(36 (37 38 )))))((40 41 )(42 (43 ((44 45 )(46 47 ))))))))((13 14 )((15 16 )(17 (18 19 ((20 21 )((22 23 )(24 25 )))))))))); 
ttag *!; 
ttag +49 ???; 
ttag +50 5; 
ttag +51 5; 
ttag +52 2; 
ttag +53 1; 
ttag +54 2; 
ttag +55 1; 
ttag +56 3; 
ttag +57 2; 
ttag +58 1; 
ttag +59 3; 
ttag +60 5; 
ttag +61 5; 
ttag +62 9; 
ttag +63 1; 
ttag +64 7; 
ttag +65 2; 
ttag +66 1; 
ttag +67 4; 
ttag +68 8; 
ttag +69 5; 
ttag +70 8; 
ttag +71 4; 
ttag +72 8; 
ttag +73 8; 
ttag +74 9; 
ttag +75 2; 
ttag +76 9; 
ttag +77 9; 
ttag +78 2; 
ttag +79 5; 
ttag +80 3; 
ttag +81 5; 
ttag +82 3; 
ttag +83 1; 
ttag +84 12; 
ttag +85 8; 
ttag +86 6; 
ttag +87 3; 
ttag +88 11; 
ttag +89 5; 
ttag +90 2; 
ttag +91 5; 
ttag +92 2; 
tread
'Tree with tags' 
(0 (1 ((((2 3 )(((4 5 )(6 7 ))(9 (8 (10 (11 12 ))))))((26 (27 (28 (29 30 ))))((39 (31 ((32 33 )((34 35 )(36 (37 38 ))))))((40 41 )(42 (43 ((44 45 )(46 47 ))))))))((13 14 )((15 16 )(17 ((18 19 )((20 21 )((22 23 )(24 25 )))))))))); 
ttag *!; 
ttag +0 ////; 
ttag +1 ////; 
ttag +2 ////; 
ttag +3 ////; 
ttag +4 ////; 
ttag +5 ////; 
ttag +6 ////; 
ttag +7 ////; 
ttag +8 ////; 
ttag +9 ////; 
ttag +10 ////; 
ttag +11 ////; 
ttag +12 ////; 
ttag +13 ////; 
ttag +14 ////; 
ttag +15 ////; 
ttag +16 ////; 
ttag +17 ////; 
ttag +18 ////; 
ttag +19 ////; 
ttag +20 ////; 
ttag +21 ////; 
ttag +22 ////; 
ttag +23 ////; 
ttag +24 ////; 
ttag +25 ////; 
ttag +26 ////; 
ttag +27 ////; 
ttag +28 ////; 
ttag +29 ////; 
ttag +30 ////; 
ttag +31 ////; 
ttag +32 ////; 
ttag +33 ////; 
ttag +34 ////; 
ttag +35 ////; 
ttag +36 ////; 
ttag +37 ////; 
ttag +38 ////; 
ttag +39 ////; 
ttag +40 ////; 
ttag +41 ////; 
ttag +42 ////; 
ttag +43 ////; 
ttag +44 ////; 
ttag +45 ////; 
ttag +46 ////; 
ttag +47 ////; 
ttag +48 ////; 
ttag +49 100/100/100/100/100; 
ttag +50 94/92/95/96/90; 
ttag +51 94/92/82/91/81; 
ttag +52 53/42/39/48/38; 
ttag +53 56/47/32/31/32; 
ttag +54 75/63/57/60/54; 
ttag +55 57/29/36/33/32; 
ttag +56 69/63/46/57/41; 
ttag +57 78/73/57/72/66; 
ttag +58 36/10/7/15/5; 
ttag +59 71/68/58/69/48; 
ttag +60 87/85/73/88/71; 
ttag +61 98/97/92/97/98; 
ttag +62 100/100/100/100/99; 
ttag +63 38/24/6/25/20; 
ttag +64 100/100/98/100/98; 
ttag +65 89/88/74/84/80; 
ttag +66 55/32/10/29/16; 
ttag +67 32/[9]/?/?/?; 
ttag +68 93/91/74/90/81; 
ttag +69 100/100/100/100/100; 
ttag +70 95/93/86/94/86; 
ttag +71 100/100/99/100/100; 
ttag +72 91/87/82/89/78; 
ttag +73 99/99/98/100/94; 
ttag +74 100/100/96/100/96; 
ttag +75 99/98/92/97/90; 
ttag +76 73/60/47/72/59; 
ttag +77 100/100/96/99/95; 
ttag +78 100/100/98/100/100; 
ttag +79 66/61/41/64/46; 
ttag +80 2/[1]/0/?/?; 
ttag +81 94/91/76/93/81; 
ttag +82 89/85/72/83/82; 
ttag +83 98/98/85/93/90; 
ttag +84 90/86/79/90/86; 
ttag +85 63/53/48/51/38; 
ttag +86 100/100/100/100/100; 
ttag +87 99/99/96/99/99; 
ttag +88 96/95/85/98/88; 
ttag +89 79/78/64/80/67; 
ttag +90 99/99/96/100/98; 
ttag +91 87/85/75/87/76; 
ttag +92 72/62/72/66/53; 
ttag +93 92/90/84/94/83; 
ttag +94 74/70/61/70/56; 
