tread
'Tree with tags' 
(0 ((1 ((13 14 )(((15 16 )(18 (17 (19 ((20 21 )((22 23 )(24 25 )))))))((26 (27 (28 (29 30 ))))((39 (31 (((32 33 )(34 35 ))(36 (37 38 )))))((40 41 )(42 (43 ((44 45 )(46 47 ))))))))))((2 3 )(((6 7 (4 5 ))(10 (11 12 )))(8 9 ))))); 
ttag *!; 
ttag +49 1; 
ttag +50 ???; 
ttag +51 10; 
ttag +52 7; 
ttag +53 5; 
ttag +54 4; 
ttag +55 1; 
ttag +56 2; 
ttag +57 2; 
ttag +58 5; 
ttag +59 5; 
ttag +60 8; 
ttag +61 2; 
ttag +62 8; 
ttag +63 4; 
ttag +64 2; 
ttag +65 2; 
ttag +66 1; 
ttag +67 2; 
ttag +68 9; 
ttag +69 4; 
ttag +70 4; 
ttag +71 2; 
ttag +72 5; 
ttag +73 8; 
ttag +74 1; 
ttag +75 4; 
ttag +76 3; 
ttag +77 7; 
ttag +78 6; 
ttag +79 1; 
ttag +80 5; 
ttag +81 11; 
ttag +82 2; 
ttag +83 3; 
ttag +84 3; 
ttag +85 7; 
ttag +86 6; 
ttag +87 4; 
ttag +88 5; 
ttag +89 11; 
ttag +90 4; 
ttag +91 10; 
ttag +92 15; 
ttag +93 5; 
tread
'Tree with tags' 
(0 ((1 ((13 14 )(((15 16 )(18 (17 (19 ((20 21 )((22 23 )(24 25 )))))))((26 (27 (28 (29 30 ))))((39 (31 (((32 33 )(34 35 ))(36 (37 38 )))))((40 41 )(42 (43 ((44 45 )(46 47 ))))))))))((2 3 )((((4 5 )(6 7 ))(10 (11 12 )))(8 9 ))))); 
ttag *!; 
ttag +0 ////; 
ttag +1 ////; 
ttag +2 ////; 
ttag +3 ////; 
ttag +4 ////; 
ttag +5 ////; 
ttag +6 ////; 
ttag +7 ////; 
ttag +8 ////; 
ttag +9 ////; 
ttag +10 ////; 
ttag +11 ////; 
ttag +12 ////; 
ttag +13 ////; 
ttag +14 ////; 
ttag +15 ////; 
ttag +16 ////; 
ttag +17 ////; 
ttag +18 ////; 
ttag +19 ////; 
ttag +20 ////; 
ttag +21 ////; 
ttag +22 ////; 
ttag +23 ////; 
ttag +24 ////; 
ttag +25 ////; 
ttag +26 ////; 
ttag +27 ////; 
ttag +28 ////; 
ttag +29 ////; 
ttag +30 ////; 
ttag +31 ////; 
ttag +32 ////; 
ttag +33 ////; 
ttag +34 ////; 
ttag +35 ////; 
ttag +36 ////; 
ttag +37 ////; 
ttag +38 ////; 
ttag +39 ////; 
ttag +40 ////; 
ttag +41 ////; 
ttag +42 ////; 
ttag +43 ////; 
ttag +44 ////; 
ttag +45 ////; 
ttag +46 ////; 
ttag +47 ////; 
ttag +48 ////; 
ttag +49 53/42/30/49/35; 
ttag +50 100/100/100/100/100; 
ttag +51 100/100/100/100/99; 
ttag +52 97/96/90/96/94; 
ttag +53 97/97/95/100/96; 
ttag +54 85/83/79/86/78; 
ttag +55 49/36/30/38/30; 
ttag +56 56/47/25/48/33; 
ttag +57 32/8/?/0/3; 
ttag +58 64/55/40/49/40; 
ttag +59 97/96/94/98/94; 
ttag +60 97/96/96/99/92; 
ttag +61 99/99/100/100/99; 
ttag +62 67/59/52/65/58; 
ttag +63 100/100/99/100/100; 
ttag +64 91/88/67/82/73; 
ttag +65 78/75/60/77/60; 
ttag +66 52/34/30/41/25; 
ttag +67 56/38/37/42/30; 
ttag +68 66/48/35/48/34; 
ttag +69 100/100/100/100/100; 
ttag +70 90/89/83/90/78; 
ttag +71 92/90/82/90/82; 
ttag +72 78/66/65/70/63; 
ttag +73 96/95/82/94/81; 
ttag +74 100/100/99/99/97; 
ttag +75 71/58/45/48/47; 
ttag +76 94/93/80/95/82; 
ttag +77 87/80/69/87/74; 
ttag +78 100/100/97/100/99; 
ttag +79 98/97/93/98/94; 
ttag +80 45/34/25/38/24; 
ttag +81 96/96/82/96/87; 
ttag +82 100/100/100/100/100; 
ttag +83 71/57/60/62/56; 
ttag +84 92/88/79/91/82; 
ttag +85 91/89/81/87/78; 
ttag +86 98/98/97/100/100; 
ttag +87 98/97/98/100/95; 
ttag +88 93/91/81/94/78; 
ttag +89 90/89/69/88/76; 
ttag +90 100/100/100/100/100; 
ttag +91 94/93/90/94/82; 
ttag +92 100/100/99/100/100; 
ttag +93 100/100/100/100/100; 
ttag +94 99/99/99/99/98; 
