tread
'Tree with tags' 
(0 ((1 ((2 3 )((((4 5 )(6 7 ))(10 (11 12 )))(8 9 ))))(13 14 )((15 16 )(17 (18 (19 ((20 21 )((22 23 )(24 25 )))))))((26 27 (28 (29 30 )))((31 ((32 33 )(34 35 )(36 (37 38 ))))(39 ((40 41 )(42 (43 ((44 45 )(46 47 )))))))))); 
ttag *!; 
ttag +49 2; 
ttag +50 ???; 
ttag +51 6; 
ttag +52 9; 
ttag +53 3; 
ttag +54 7; 
ttag +55 3; 
ttag +56 6; 
ttag +57 1; 
ttag +58 1; 
ttag +59 6; 
ttag +60 5; 
ttag +61 8; 
ttag +62 6; 
ttag +63 4; 
ttag +64 1; 
ttag +65 1; 
ttag +66 1; 
ttag +67 7; 
ttag +68 6; 
ttag +69 6; 
ttag +70 11; 
ttag +71 3; 
ttag +72 10; 
ttag +73 5; 
ttag +74 1; 
ttag +75 13; 
ttag +76 8; 
ttag +77 2; 
ttag +78 5; 
ttag +79 2; 
ttag +80 6; 
ttag +81 10; 
ttag +82 8; 
ttag +83 1; 
ttag +84 4; 
ttag +85 7; 
ttag +86 9; 
ttag +87 2; 
ttag +88 3; 
ttag +89 3; 
ttag +90 5; 
tread
'Tree with tags' 
(0 ((1 ((2 3 )((((4 5 )(6 7 ))(10 (11 12 )))(8 9 ))))(((13 14 )((15 16 )(17 (18 (19 ((20 21 )((22 23 )(24 25 ))))))))((27 (26 (28 (29 30 ))))((31 ((32 33 )((34 35 )(36 (37 38 )))))(39 ((40 41 )(42 (43 ((44 45 )(46 47 ))))))))))); 
ttag *!; 
ttag +0 ////; 
ttag +1 ////; 
ttag +2 ////; 
ttag +3 ////; 
ttag +4 ////; 
ttag +5 ////; 
ttag +6 ////; 
ttag +7 ////; 
ttag +8 ////; 
ttag +9 ////; 
ttag +10 ////; 
ttag +11 ////; 
ttag +12 ////; 
ttag +13 ////; 
ttag +14 ////; 
ttag +15 ////; 
ttag +16 ////; 
ttag +17 ////; 
ttag +18 ////; 
ttag +19 ////; 
ttag +20 ////; 
ttag +21 ////; 
ttag +22 ////; 
ttag +23 ////; 
ttag +24 ////; 
ttag +25 ////; 
ttag +26 ////; 
ttag +27 ////; 
ttag +28 ////; 
ttag +29 ////; 
ttag +30 ////; 
ttag +31 ////; 
ttag +32 ////; 
ttag +33 ////; 
ttag +34 ////; 
ttag +35 ////; 
ttag +36 ////; 
ttag +37 ////; 
ttag +38 ////; 
ttag +39 ////; 
ttag +40 ////; 
ttag +41 ////; 
ttag +42 ////; 
ttag +43 ////; 
ttag +44 ////; 
ttag +45 ////; 
ttag +46 ////; 
ttag +47 ////; 
ttag +48 ////; 
ttag +49 72/67/50/58/51; 
ttag +50 100/100/100/100/100; 
ttag +51 99/99/97/98/96; 
ttag +52 100/100/99/99/98; 
ttag +53 84/78/76/85/79; 
ttag +54 99/98/98/100/98; 
ttag +55 66/58/51/62/46; 
ttag +56 96/96/90/98/92; 
ttag +57 51/22/22/26/19; 
ttag +58 56/37/44/44/26; 
ttag +59 98/97/92/98/91; 
ttag +60 92/90/81/88/80; 
ttag +61 100/100/98/100/98; 
ttag +62 33/20/16/18/18; 
ttag +63 40/13/7/11/3; 
ttag +64 98/97/95/99/96; 
ttag +65 94/93/86/92/86; 
ttag +66 52/45/34/43/28; 
ttag +67 58/48/44/52/43; 
ttag +68 52/45/31/47/29; 
ttag +69 100/100/100/99/100; 
ttag +70 95/93/83/94/88; 
ttag +71 98/97/94/99/94; 
ttag +72 100/100/100/100/100; 
ttag +73 87/83/74/82/70; 
ttag +74 0/[21]/?/?/?; 
ttag +75 99/99/98/99/99; 
ttag +76 97/96/85/96/88; 
ttag +77 70/59/55/62/44; 
ttag +78 100/100/100/100/99; 
ttag +79 98/98/100/99/94; 
ttag +80 72/64/47/56/42; 
ttag +81 99/99/98/98/97; 
ttag +82 80/74/64/70/61; 
ttag +83 99/99/99/99/95; 
ttag +84 26/[1]/0/?/0; 
ttag +85 99/98/98/99/98; 
ttag +86 99/99/99/100/100; 
ttag +87 64/56/42/54/35; 
ttag +88 90/86/75/79/70; 
ttag +89 95/94/87/97/86; 
ttag +90 99/99/98/99/99; 
ttag +91 80/74/70/80/64; 
ttag +92 85/79/71/81/74; 
ttag +93 80/74/64/76/59; 
ttag +94 98/97/94/98/94; 
