tread
'Tree with tags' 
(0 ((1 ((13 14 )((15 16 )(17 (18 (19 ((20 21 )((22 23 )(24 25 )))))))((26 (27 (28 (29 30 ))))(39 (31 ((32 33 )((34 35 )(36 (37 38 )))))((40 41 )(42 (43 (46 47 (44 45 )))))))))((2 3 )(((4 5 )(6 7 ))(8 9 (10 (11 12 ))))))); 
ttag *!; 
ttag +49 1; 
ttag +50 ???; 
ttag +51 5; 
ttag +52 8; 
ttag +53 5; 
ttag +54 7; 
ttag +55 3; 
ttag +56 2; 
ttag +57 3; 
ttag +58 14; 
ttag +59 5; 
ttag +60 8; 
ttag +61 1; 
ttag +62 14; 
ttag +63 6; 
ttag +64 6; 
ttag +65 4; 
ttag +66 3; 
ttag +67 4; 
ttag +68 6; 
ttag +69 6; 
ttag +70 10; 
ttag +71 7; 
ttag +72 8; 
ttag +73 9; 
ttag +74 1; 
ttag +75 4; 
ttag +76 6; 
ttag +77 4; 
ttag +78 4; 
ttag +79 8; 
ttag +80 8; 
ttag +81 1; 
ttag +82 1; 
ttag +83 8; 
ttag +84 9; 
ttag +85 5; 
ttag +86 5; 
ttag +87 7; 
ttag +88 2; 
ttag +89 3; 
ttag +90 3; 
tread
'Tree with tags' 
(0 ((1 ((13 14 )(((15 16 )(17 (18 (19 ((20 21 )((22 23 )(24 25 )))))))((26 (27 (28 (29 30 ))))((39 (31 ((32 33 )((34 35 )(36 (37 38 ))))))((40 41 )(42 (43 (46 (47 (44 45 )))))))))))((2 3 )(((4 5 )(6 7 ))((8 9 )(10 (11 12 ))))))); 
ttag *!; 
ttag +0 ////; 
ttag +1 ////; 
ttag +2 ////; 
ttag +3 ////; 
ttag +4 ////; 
ttag +5 ////; 
ttag +6 ////; 
ttag +7 ////; 
ttag +8 ////; 
ttag +9 ////; 
ttag +10 ////; 
ttag +11 ////; 
ttag +12 ////; 
ttag +13 ////; 
ttag +14 ////; 
ttag +15 ////; 
ttag +16 ////; 
ttag +17 ////; 
ttag +18 ////; 
ttag +19 ////; 
ttag +20 ////; 
ttag +21 ////; 
ttag +22 ////; 
ttag +23 ////; 
ttag +24 ////; 
ttag +25 ////; 
ttag +26 ////; 
ttag +27 ////; 
ttag +28 ////; 
ttag +29 ////; 
ttag +30 ////; 
ttag +31 ////; 
ttag +32 ////; 
ttag +33 ////; 
ttag +34 ////; 
ttag +35 ////; 
ttag +36 ////; 
ttag +37 ////; 
ttag +38 ////; 
ttag +39 ////; 
ttag +40 ////; 
ttag +41 ////; 
ttag +42 ////; 
ttag +43 ////; 
ttag +44 ////; 
ttag +45 ////; 
ttag +46 ////; 
ttag +47 ////; 
ttag +48 ////; 
ttag +49 27/10/6/15/4; 
ttag +50 100/100/100/100/100; 
ttag +51 95/94/90/94/89; 
ttag +52 100/100/97/100/99; 
ttag +53 96/94/88/92/86; 
ttag +54 98/98/95/98/96; 
ttag +55 78/70/60/70/59; 
ttag +56 56/40/40/50/43; 
ttag +57 23/[16]/?/?/?; 
ttag +58 87/86/80/84/75; 
ttag +59 100/100/100/100/100; 
ttag +60 98/98/96/98/97; 
ttag +61 100/100/99/100/100; 
ttag +62 43/29/29/32/30; 
ttag +63 100/100/100/100/100; 
ttag +64 98/98/96/98/96; 
ttag +65 10/[13]/?/?/?; 
ttag +66 98/98/94/98/92; 
ttag +67 97/97/95/97/94; 
ttag +68 92/91/79/88/75; 
ttag +69 95/94/87/95/94; 
ttag +70 99/98/94/98/95; 
ttag +71 99/99/97/99/98; 
ttag +72 100/100/100/100/100; 
ttag +73 100/100/98/100/99; 
ttag +74 100/100/98/99/98; 
ttag +75 99/99/96/100/96; 
ttag +76 69/55/42/63/54; 
ttag +77 94/93/89/96/90; 
ttag +78 99/99/97/99/98; 
ttag +79 98/98/97/95/97; 
ttag +80 26/[11]/?/?/?; 
ttag +81 91/90/76/94/83; 
ttag +82 99/98/98/100/100; 
ttag +83 99/99/100/100/100; 
ttag +84 60/43/47/43/34; 
ttag +85 64/54/47/45/48; 
ttag +86 100/100/100/100/99; 
ttag +87 100/100/100/100/99; 
ttag +88 96/94/94/99/95; 
ttag +89 98/97/93/99/94; 
ttag +90 100/100/98/100/98; 
ttag +91 86/80/81/84/83; 
ttag +92 86/85/70/86/77; 
ttag +93 34/[10]/?/?/?; 
ttag +94 88/83/72/83/72; 
