tread
'Tree with tags' 
(0 (1 ((2 3 )(((4 5 )(6 7 ))(8 (9 (10 (11 12 ))))))(((13 14 )((26 (27 (28 (29 30 ))))((39 (31 ((32 33 )(34 35 )(36 (37 38 )))))((40 41 )(42 (43 ((44 45 )(46 47 ))))))))(17 (15 16 )(18 (19 ((20 21 )((22 23 )(24 25 ))))))))); 
ttag *!; 
ttag +49 ???; 
ttag +50 9; 
ttag +51 11; 
ttag +52 3; 
ttag +53 6; 
ttag +54 3; 
ttag +55 8; 
ttag +56 3; 
ttag +57 3; 
ttag +58 4; 
ttag +59 12; 
ttag +60 2; 
ttag +61 1; 
ttag +62 1; 
ttag +63 9; 
ttag +64 3; 
ttag +65 3; 
ttag +66 2; 
ttag +67 11; 
ttag +68 4; 
ttag +69 8; 
ttag +70 4; 
ttag +71 6; 
ttag +72 6; 
ttag +73 3; 
ttag +74 7; 
ttag +75 4; 
ttag +76 9; 
ttag +77 6; 
ttag +78 1; 
ttag +79 1; 
ttag +80 7; 
ttag +81 4; 
ttag +82 2; 
ttag +83 8; 
ttag +84 10; 
ttag +85 8; 
ttag +86 5; 
ttag +87 5; 
ttag +88 4; 
ttag +89 4; 
ttag +90 9; 
ttag +91 3; 
tread
'Tree with tags' 
(0 ((1 ((2 3 )(((4 5 )(6 7 ))(8 (9 (10 (11 12 )))))))(((13 14 )((26 (27 (28 (29 30 ))))((39 (31 ((32 33 )((34 35 )(36 (37 38 ))))))((40 41 )(42 (43 ((44 45 )(46 47 ))))))))((17 (15 16 ))(18 (19 ((20 21 )((22 23 )(24 25 ))))))))); 
ttag *!; 
ttag +0 ////; 
ttag +1 ////; 
ttag +2 ////; 
ttag +3 ////; 
ttag +4 ////; 
ttag +5 ////; 
ttag +6 ////; 
ttag +7 ////; 
ttag +8 ////; 
ttag +9 ////; 
ttag +10 ////; 
ttag +11 ////; 
ttag +12 ////; 
ttag +13 ////; 
ttag +14 ////; 
ttag +15 ////; 
ttag +16 ////; 
ttag +17 ////; 
ttag +18 ////; 
ttag +19 ////; 
ttag +20 ////; 
ttag +21 ////; 
ttag +22 ////; 
ttag +23 ////; 
ttag +24 ////; 
ttag +25 ////; 
ttag +26 ////; 
ttag +27 ////; 
ttag +28 ////; 
ttag +29 ////; 
ttag +30 ////; 
ttag +31 ////; 
ttag +32 ////; 
ttag +33 ////; 
ttag +34 ////; 
ttag +35 ////; 
ttag +36 ////; 
ttag +37 ////; 
ttag +38 ////; 
ttag +39 ////; 
ttag +40 ////; 
ttag +41 ////; 
ttag +42 ////; 
ttag +43 ////; 
ttag +44 ////; 
ttag +45 ////; 
ttag +46 ////; 
ttag +47 ////; 
ttag +48 ////; 
ttag +49 34/12/10/11/6; 
ttag +50 100/100/100/100/100; 
ttag +51 98/97/97/99/95; 
ttag +52 100/100/98/100/98; 
ttag +53 84/82/77/84/71; 
ttag +54 91/89/75/90/74; 
ttag +55 72/63/38/62/45; 
ttag +56 98/97/93/98/94; 
ttag +57 60/51/42/60/38; 
ttag +58 56/52/46/59/42; 
ttag +59 82/75/69/84/62; 
ttag +60 100/100/99/100/100; 
ttag +61 84/76/82/84/86; 
ttag +62 64/58/48/50/58; 
ttag +63 61/43/30/41/26; 
ttag +64 100/100/100/100/100; 
ttag +65 25/[10]/?/?/?; 
ttag +66 82/78/69/84/68; 
ttag +67 84/79/75/80/71; 
ttag +68 78/71/65/65/56; 
ttag +69 100/100/99/100/100; 
ttag +70 95/94/86/92/88; 
ttag +71 100/100/98/100/98; 
ttag +72 93/92/79/93/85; 
ttag +73 97/96/91/98/91; 
ttag +74 99/99/99/100/99; 
ttag +75 92/90/89/92/91; 
ttag +76 99/99/99/100/99; 
ttag +77 98/98/99/98/98; 
ttag +78 100/100/100/100/100; 
ttag +79 96/95/96/98/94; 
ttag +80 26/[10]/?/?/?; 
ttag +81 35/[1]/?/3/1; 
ttag +82 100/100/99/99/99; 
ttag +83 94/93/94/96/93; 
ttag +84 86/82/80/82/72; 
ttag +85 33/0/?/?/?; 
ttag +86 98/98/98/100/96; 
ttag +87 100/100/100/100/98; 
ttag +88 100/100/95/100/97; 
ttag +89 98/98/93/97/92; 
ttag +90 97/96/95/94/91; 
ttag +91 95/94/84/94/87; 
ttag +92 95/93/89/96/89; 
ttag +93 100/100/97/100/96; 
ttag +94 96/96/93/96/94; 
