tread
'Tree with tags' 
(0 ((1 ((15 16 )(17 (18 (19 ((20 21 )((22 23 )(24 25 ))))))))(((2 3 )(9 (((4 5 )(6 7 ))(8 (10 (11 12 ))))))((13 14 )((26 (27 (28 (29 30 ))))(39 (31 ((32 33 )((34 35 )(36 (37 38 )))))((40 41 )(42 (43 ((44 45 )(46 47 ))))))))))); 
ttag *!; 
ttag +49 1; 
ttag +50 ???; 
ttag +51 3; 
ttag +52 8; 
ttag +53 1; 
ttag +54 6; 
ttag +55 7; 
ttag +56 1; 
ttag +57 6; 
ttag +58 3; 
ttag +59 1; 
ttag +60 7; 
ttag +61 6; 
ttag +62 3; 
ttag +63 1; 
ttag +64 10; 
ttag +65 8; 
ttag +66 2; 
ttag +67 4; 
ttag +68 2; 
ttag +69 8; 
ttag +70 11; 
ttag +71 5; 
ttag +72 5; 
ttag +73 5; 
ttag +74 8; 
ttag +75 8; 
ttag +76 2; 
ttag +77 5; 
ttag +78 5; 
ttag +79 5; 
ttag +80 1; 
ttag +81 8; 
ttag +82 5; 
ttag +83 5; 
ttag +84 1; 
ttag +85 3; 
ttag +86 3; 
ttag +87 1; 
ttag +88 10; 
ttag +89 6; 
ttag +90 4; 
ttag +91 14; 
ttag +92 3; 
ttag +93 1; 
tread
'Tree with tags' 
(0 ((1 ((15 16 )(17 (18 (19 ((20 21 )((22 23 )(24 25 ))))))))(((2 3 )(9 (((4 5 )(6 7 ))(8 (10 (11 12 ))))))((13 14 )((26 (27 (28 (29 30 ))))((31 ((32 33 )((34 35 )(36 (37 38 )))))(39 ((40 41 )(42 (43 ((44 45 )(46 47 )))))))))))); 
ttag *!; 
ttag +0 ////; 
ttag +1 ////; 
ttag +2 ////; 
ttag +3 ////; 
ttag +4 ////; 
ttag +5 ////; 
ttag +6 ////; 
ttag +7 ////; 
ttag +8 ////; 
ttag +9 ////; 
ttag +10 ////; 
ttag +11 ////; 
ttag +12 ////; 
ttag +13 ////; 
ttag +14 ////; 
ttag +15 ////; 
ttag +16 ////; 
ttag +17 ////; 
ttag +18 ////; 
ttag +19 ////; 
ttag +20 ////; 
ttag +21 ////; 
ttag +22 ////; 
ttag +23 ////; 
ttag +24 ////; 
ttag +25 ////; 
ttag +26 ////; 
ttag +27 ////; 
ttag +28 ////; 
ttag +29 ////; 
ttag +30 ////; 
ttag +31 ////; 
ttag +32 ////; 
ttag +33 ////; 
ttag +34 ////; 
ttag +35 ////; 
ttag +36 ////; 
ttag +37 ////; 
ttag +38 ////; 
ttag +39 ////; 
ttag +40 ////; 
ttag +41 ////; 
ttag +42 ////; 
ttag +43 ////; 
ttag +44 ////; 
ttag +45 ////; 
ttag +46 ////; 
ttag +47 ////; 
ttag +48 ////; 
ttag +49 27/[5]/2/6/?; 
ttag +50 100/100/100/100/100; 
ttag +51 72/64/57/67/56; 
ttag +52 100/100/97/99/97; 
ttag +53 21/[11]/?/1/?; 
ttag +54 97/96/96/95/95; 
ttag +55 98/97/92/96/91; 
ttag +56 42/15/14/22/20; 
ttag +57 96/96/91/95/91; 
ttag +58 71/64/58/64/50; 
ttag +59 53/39/30/38/28; 
ttag +60 98/98/95/99/94; 
ttag +61 100/100/94/98/97; 
ttag +62 88/82/82/86/80; 
ttag +63 32/19/12/16/13; 
ttag +64 100/100/100/100/98; 
ttag +65 99/98/98/100/95; 
ttag +66 74/69/59/68/64; 
ttag +67 87/85/82/84/79; 
ttag +68 73/71/68/69/69; 
ttag +69 100/100/100/100/100; 
ttag +70 100/100/99/100/98; 
ttag +71 98/97/92/96/93; 
ttag +72 96/94/88/96/87; 
ttag +73 96/95/91/96/91; 
ttag +74 100/100/100/99/97; 
ttag +75 100/100/97/100/98; 
ttag +76 72/67/68/74/60; 
ttag +77 97/96/90/96/92; 
ttag +78 97/97/92/97/92; 
ttag +79 97/96/93/97/94; 
ttag +80 73/61/59/58/47; 
ttag +81 100/100/100/100/100; 
ttag +82 98/98/95/99/99; 
ttag +83 99/99/100/100/99; 
ttag +84 60/40/47/50/33; 
ttag +85 85/80/77/89/80; 
ttag +86 92/90/88/94/88; 
ttag +87 38/19/21/12/7; 
ttag +88 50/40/33/47/42; 
ttag +89 99/99/99/100/98; 
ttag +90 100/100/98/100/97; 
ttag +91 96/96/92/97/87; 
ttag +92 100/100/100/100/100; 
ttag +93 86/80/79/89/79; 
ttag +94 55/39/30/31/30; 
