tread
'Tree with tags' 
(0 (1 (8 9 (2 3 )((4 5 )(6 7 ))(10 (11 12 )))(13 14 )((15 16 )(17 (18 (19 ((20 21 )((22 23 )(24 25 )))))))((26 27 (28 (29 30 )))(39 ((31 ((32 33 )((34 35 )(36 (37 38 )))))((40 41 )(42 (43 ((44 45 )(46 47 )))))))))); 
ttag *!; 
ttag +49 ???; 
ttag +50 5; 
ttag +51 12; 
ttag +52 5; 
ttag +53 8; 
ttag +54 3; 
ttag +55 6; 
ttag +56 6; 
ttag +57 4; 
ttag +58 8; 
ttag +59 3; 
ttag +60 1; 
ttag +61 1; 
ttag +62 1; 
ttag +63 8; 
ttag +64 5; 
ttag +65 8; 
ttag +66 4; 
ttag +67 5; 
ttag +68 3; 
ttag +69 2; 
ttag +70 12; 
ttag +71 6; 
ttag +72 5; 
ttag +73 1; 
ttag +74 4; 
ttag +75 10; 
ttag +76 2; 
ttag +77 4; 
ttag +78 1; 
ttag +79 7; 
ttag +80 7; 
ttag +81 5; 
ttag +82 5; 
ttag +83 7; 
ttag +84 10; 
ttag +85 3; 
ttag +86 10; 
ttag +87 4; 
tread
'Tree with tags' 
(0 ((1 (((13 14 )((26 (27 (28 (29 30 ))))(39 ((31 ((32 33 )((34 35 )(36 (37 38 )))))((40 41 )(42 (43 ((44 45 )(46 47 )))))))))((15 16 )(17 (18 (19 ((20 21 )((22 23 )(24 25 )))))))))(((2 3 )(8 (9 ((4 5 )(6 7 )))))(10 (11 12 ))))); 
ttag *!; 
ttag +0 ////; 
ttag +1 ////; 
ttag +2 ////; 
ttag +3 ////; 
ttag +4 ////; 
ttag +5 ////; 
ttag +6 ////; 
ttag +7 ////; 
ttag +8 ////; 
ttag +9 ////; 
ttag +10 ////; 
ttag +11 ////; 
ttag +12 ////; 
ttag +13 ////; 
ttag +14 ////; 
ttag +15 ////; 
ttag +16 ////; 
ttag +17 ////; 
ttag +18 ////; 
ttag +19 ////; 
ttag +20 ////; 
ttag +21 ////; 
ttag +22 ////; 
ttag +23 ////; 
ttag +24 ////; 
ttag +25 ////; 
ttag +26 ////; 
ttag +27 ////; 
ttag +28 ////; 
ttag +29 ////; 
ttag +30 ////; 
ttag +31 ////; 
ttag +32 ////; 
ttag +33 ////; 
ttag +34 ////; 
ttag +35 ////; 
ttag +36 ////; 
ttag +37 ////; 
ttag +38 ////; 
ttag +39 ////; 
ttag +40 ////; 
ttag +41 ////; 
ttag +42 ////; 
ttag +43 ////; 
ttag +44 ////; 
ttag +45 ////; 
ttag +46 ////; 
ttag +47 ////; 
ttag +48 ////; 
ttag +49 8/[16]/?/?/?; 
ttag +50 100/100/100/100/100; 
ttag +51 95/93/91/93/90; 
ttag +52 24/[14]/?/?/?; 
ttag +53 99/99/99/99/98; 
ttag +54 100/100/97/98/98; 
ttag +55 100/100/99/100/100; 
ttag +56 26/0/?/?/?; 
ttag +57 30/5/4/?/?; 
ttag +58 83/75/47/68/46; 
ttag +59 98/97/94/99/95; 
ttag +60 99/99/97/100/98; 
ttag +61 94/92/93/94/90; 
ttag +62 40/16/1/7/3; 
ttag +63 14/[10]/?/?/?; 
ttag +64 99/99/96/99/98; 
ttag +65 93/90/89/92/88; 
ttag +66 46/18/6/22/18; 
ttag +67 52/33/25/30/25; 
ttag +68 33/14/7/26/12; 
ttag +69 99/99/98/98/98; 
ttag +70 96/96/84/96/84; 
ttag +71 99/99/95/99/97; 
ttag +72 96/96/88/94/90; 
ttag +73 98/98/96/99/96; 
ttag +74 88/86/77/92/83; 
ttag +75 66/59/43/54/45; 
ttag +76 57/31/39/30/42; 
ttag +77 100/100/99/100/99; 
ttag +78 99/99/97/99/95; 
ttag +79 97/97/91/98/94; 
ttag +80 54/36/46/41/36; 
ttag +81 91/88/92/90/85; 
ttag +82 100/100/100/99/100; 
ttag +83 73/62/47/72/51; 
ttag +84 94/94/92/97/88; 
ttag +85 55/43/37/44/45; 
ttag +86 98/98/95/99/93; 
ttag +87 99/99/98/100/94; 
ttag +88 95/95/87/92/84; 
ttag +89 87/84/85/89/78; 
ttag +90 99/98/97/100/93; 
ttag +91 99/99/97/100/97; 
ttag +92 93/91/90/89/84; 
ttag +93 100/100/100/98/98; 
ttag +94 94/92/90/98/91; 
