tread
'Tree with tags' 
(0 (1 ((2 3 )(((4 5 )(6 7 ))(8 (9 (10 (11 12 ))))))(13 14 )((15 16 )(17 (18 (19 ((20 21 )((22 23 )(24 25 )))))))((26 (27 (28 (29 30 ))))(31 39 ((32 33 )(34 35 )(36 (37 38 )))(40 41 (42 (43 ((44 45 )(46 47 ))))))))); 
ttag *!; 
ttag +49 ???; 
ttag +50 6; 
ttag +51 5; 
ttag +52 7; 
ttag +53 4; 
ttag +54 5; 
ttag +55 7; 
ttag +56 4; 
ttag +57 1; 
ttag +58 7; 
ttag +59 8; 
ttag +60 11; 
ttag +61 12; 
ttag +62 4; 
ttag +63 4; 
ttag +64 6; 
ttag +65 2; 
ttag +66 11; 
ttag +67 14; 
ttag +68 6; 
ttag +69 5; 
ttag +70 8; 
ttag +71 9; 
ttag +72 2; 
ttag +73 2; 
ttag +74 6; 
ttag +75 6; 
ttag +76 4; 
ttag +77 5; 
ttag +78 3; 
ttag +79 3; 
ttag +80 9; 
ttag +81 5; 
ttag +82 8; 
ttag +83 5; 
ttag +84 1; 
ttag +85 9; 
ttag +86 9; 
ttag +87 1; 
tread
'Tree with tags' 
(0 ((1 (((2 3 )(((4 5 )(6 7 ))(8 (9 (10 (11 12 ))))))((15 16 )(17 (18 (19 ((20 21 )((22 23 )(24 25 )))))))))((13 14 )((26 (27 (28 (29 30 ))))(((31 39 )(((32 33 )(34 35 ))(36 (37 38 ))))(41 (40 (42 (43 ((44 45 )(46 47 ))))))))))); 
ttag *!; 
ttag +0 ////; 
ttag +1 ////; 
ttag +2 ////; 
ttag +3 ////; 
ttag +4 ////; 
ttag +5 ////; 
ttag +6 ////; 
ttag +7 ////; 
ttag +8 ////; 
ttag +9 ////; 
ttag +10 ////; 
ttag +11 ////; 
ttag +12 ////; 
ttag +13 ////; 
ttag +14 ////; 
ttag +15 ////; 
ttag +16 ////; 
ttag +17 ////; 
ttag +18 ////; 
ttag +19 ////; 
ttag +20 ////; 
ttag +21 ////; 
ttag +22 ////; 
ttag +23 ////; 
ttag +24 ////; 
ttag +25 ////; 
ttag +26 ////; 
ttag +27 ////; 
ttag +28 ////; 
ttag +29 ////; 
ttag +30 ////; 
ttag +31 ////; 
ttag +32 ////; 
ttag +33 ////; 
ttag +34 ////; 
ttag +35 ////; 
ttag +36 ////; 
ttag +37 ////; 
ttag +38 ////; 
ttag +39 ////; 
ttag +40 ////; 
ttag +41 ////; 
ttag +42 ////; 
ttag +43 ////; 
ttag +44 ////; 
ttag +45 ////; 
ttag +46 ////; 
ttag +47 ////; 
ttag +48 ////; 
ttag +49 1/[16]/?/?/?; 
ttag +50 100/100/100/100/100; 
ttag +51 99/99/98/99/99; 
ttag +52 95/94/87/96/88; 
ttag +53 39/16/?/5/9; 
ttag +54 99/99/98/99/98; 
ttag +55 87/86/81/92/79; 
ttag +56 94/94/91/96/91; 
ttag +57 94/93/92/96/89; 
ttag +58 89/88/76/91/73; 
ttag +59 58/40/20/40/32; 
ttag +60 99/99/95/98/96; 
ttag +61 99/99/99/99/99; 
ttag +62 100/100/100/100/100; 
ttag +63 40/22/24/25/18; 
ttag +64 100/100/100/100/100; 
ttag +65 90/86/76/87/80; 
ttag +66 97/95/92/96/92; 
ttag +67 96/95/88/94/91; 
ttag +68 72/56/50/65/49; 
ttag +69 100/100/100/100/100; 
ttag +70 100/100/100/100/100; 
ttag +71 97/96/94/98/93; 
ttag +72 92/88/85/95/83; 
ttag +73 98/96/94/98/97; 
ttag +74 100/100/99/100/97; 
ttag +75 84/79/67/72/62; 
ttag +76 80/76/63/74/66; 
ttag +77 100/100/97/99/99; 
ttag +78 97/96/95/97/91; 
ttag +79 22/[16]/?/?/?; 
ttag +80 18/[20]/?/?/?; 
ttag +81 90/89/80/94/89; 
ttag +82 98/97/95/96/95; 
ttag +83 16/[2]/2/4/10; 
ttag +84 84/83/77/82/73; 
ttag +85 94/93/88/94/90; 
ttag +86 99/99/99/100/98; 
ttag +87 96/96/90/99/92; 
ttag +88 35/[1]/?/5/12; 
ttag +89 98/98/99/100/97; 
ttag +90 96/96/93/95/92; 
ttag +91 55/29/36/45/20; 
ttag +92 98/98/94/99/95; 
ttag +93 100/100/100/100/100; 
ttag +94 35/23/24/30/28; 
