tread
'Tree with tags' 
(0 ((1 ((2 3 )((6 (7 (4 5 )))((8 9 )(10 (11 12 ))))))(((13 14 )((15 16 )(17 (18 (19 ((20 21 )((22 23 )(24 25 ))))))))((26 (27 (28 (29 30 ))))((39 (31 ((32 33 )(34 35 )(36 (37 38 )))))((40 41 )(42 (43 ((44 45 )(46 47 )))))))))); 
ttag *!; 
ttag +49 1; 
ttag +50 ???; 
ttag +51 2; 
ttag +52 10; 
ttag +53 9; 
ttag +54 2; 
ttag +55 8; 
ttag +56 1; 
ttag +57 2; 
ttag +58 2; 
ttag +59 3; 
ttag +60 7; 
ttag +61 12; 
ttag +62 1; 
ttag +63 3; 
ttag +64 5; 
ttag +65 4; 
ttag +66 1; 
ttag +67 9; 
ttag +68 2; 
ttag +69 9; 
ttag +70 12; 
ttag +71 7; 
ttag +72 3; 
ttag +73 9; 
ttag +74 2; 
ttag +75 8; 
ttag +76 2; 
ttag +77 2; 
ttag +78 9; 
ttag +79 2; 
ttag +80 2; 
ttag +81 9; 
ttag +82 7; 
ttag +83 3; 
ttag +84 4; 
ttag +85 5; 
ttag +86 8; 
ttag +87 3; 
ttag +88 6; 
ttag +89 2; 
ttag +90 2; 
ttag +91 6; 
ttag +92 9; 
ttag +93 1; 
tread
'Tree with tags' 
(0 ((1 ((2 3 )((6 (7 (4 5 )))((8 9 )(10 (11 12 ))))))(((13 14 )((15 16 )(17 (18 (19 ((20 21 )((22 23 )(24 25 ))))))))((26 (27 (28 (29 30 ))))((39 (31 ((32 33 )(34 35 )(36 (37 38 )))))((40 41 )(42 (43 ((44 45 )(46 47 )))))))))); 
ttag *!; 
ttag +0 ////; 
ttag +1 ////; 
ttag +2 ////; 
ttag +3 ////; 
ttag +4 ////; 
ttag +5 ////; 
ttag +6 ////; 
ttag +7 ////; 
ttag +8 ////; 
ttag +9 ////; 
ttag +10 ////; 
ttag +11 ////; 
ttag +12 ////; 
ttag +13 ////; 
ttag +14 ////; 
ttag +15 ////; 
ttag +16 ////; 
ttag +17 ////; 
ttag +18 ////; 
ttag +19 ////; 
ttag +20 ////; 
ttag +21 ////; 
ttag +22 ////; 
ttag +23 ////; 
ttag +24 ////; 
ttag +25 ////; 
ttag +26 ////; 
ttag +27 ////; 
ttag +28 ////; 
ttag +29 ////; 
ttag +30 ////; 
ttag +31 ////; 
ttag +32 ////; 
ttag +33 ////; 
ttag +34 ////; 
ttag +35 ////; 
ttag +36 ////; 
ttag +37 ////; 
ttag +38 ////; 
ttag +39 ////; 
ttag +40 ////; 
ttag +41 ////; 
ttag +42 ////; 
ttag +43 ////; 
ttag +44 ////; 
ttag +45 ////; 
ttag +46 ////; 
ttag +47 ////; 
ttag +48 ////; 
ttag +49 43/23/19/27/?; 
ttag +50 100/100/100/100/100; 
ttag +51 82/74/61/71/56; 
ttag +52 99/99/99/100/96; 
ttag +53 100/100/100/100/99; 
ttag +54 83/82/81/84/78; 
ttag +55 98/98/96/99/95; 
ttag +56 46/40/35/42/29; 
ttag +57 66/58/52/67/50; 
ttag +58 70/66/53/64/56; 
ttag +59 80/75/56/72/61; 
ttag +60 99/99/99/100/98; 
ttag +61 100/100/100/100/100; 
ttag +62 16/5/0/9/?; 
ttag +63 65/53/49/57/37; 
ttag +64 94/90/86/94/82; 
ttag +65 84/74/73/76/66; 
ttag +66 46/18/12/21/1; 
ttag +67 100/100/98/100/99; 
ttag +68 68/51/46/54/43; 
ttag +69 100/100/100/100/100; 
ttag +70 100/100/100/100/99; 
ttag +71 98/98/97/99/98; 
ttag +72 83/76/68/76/71; 
ttag +73 99/99/98/100/97; 
ttag +74 80/68/64/73/74; 
ttag +75 98/97/91/98/94; 
ttag +76 67/58/51/56/45; 
ttag +77 76/66/62/68/61; 
ttag +78 100/100/99/99/100; 
ttag +79 50/34/6/29/4; 
ttag +80 57/41/12/34/16; 
ttag +81 98/98/94/97/94; 
ttag +82 100/100/98/99/99; 
ttag +83 80/70/52/66/54; 
ttag +84 97/97/91/96/89; 
ttag +85 84/74/67/79/65; 
ttag +86 100/100/100/99/98; 
ttag +87 88/80/64/78/63; 
ttag +88 99/99/96/99/96; 
ttag +89 69/58/53/59/52; 
ttag +90 40/21/16/35/21; 
ttag +91 98/97/95/95/96; 
ttag +92 100/100/98/100/99; 
ttag +93 52/28/20/47/32; 
