tread
'Tree with tags' 
(0 (((1 ((2 3 )(((4 5 )(6 7 ))(8 (9 (10 (11 12 )))))))((26 (27 (28 (29 30 ))))((39 (31 ((32 33 )((34 35 )(36 (37 38 ))))))(40 41 (42 (43 ((44 45 )(46 47 ))))))))((13 14 )(17 (15 16 )(18 (19 ((20 21 )((22 23 )(24 25 ))))))))); 
ttag *!; 
ttag +49 1; 
ttag +50 1; 
ttag +51 ???; 
ttag +52 9; 
ttag +53 3; 
ttag +54 4; 
ttag +55 8; 
ttag +56 3; 
ttag +57 4; 
ttag +58 4; 
ttag +59 1; 
ttag +60 4; 
ttag +61 7; 
ttag +62 9; 
ttag +63 1; 
ttag +64 13; 
ttag +65 8; 
ttag +66 4; 
ttag +67 5; 
ttag +68 7; 
ttag +69 6; 
ttag +70 12; 
ttag +71 2; 
ttag +72 2; 
ttag +73 8; 
ttag +74 11; 
ttag +75 3; 
ttag +76 9; 
ttag +77 7; 
ttag +78 5; 
ttag +79 1; 
ttag +80 4; 
ttag +81 2; 
ttag +82 3; 
ttag +83 2; 
ttag +84 1; 
ttag +85 8; 
ttag +86 2; 
ttag +87 2; 
ttag +88 9; 
ttag +89 3; 
ttag +90 3; 
ttag +91 6; 
ttag +92 1; 
tread
'Tree with tags' 
(0 (((1 ((2 3 )(((4 5 )(6 7 ))(8 (9 (10 (11 12 )))))))((26 (27 (28 (29 30 ))))((39 (31 ((32 33 )((34 35 )(36 (37 38 ))))))(41 (40 (42 (43 ((44 45 )(46 47 )))))))))((13 14 )(17 ((15 16 )(18 (19 ((20 21 )((22 23 )(24 25 )))))))))); 
ttag *!; 
ttag +0 ////; 
ttag +1 ////; 
ttag +2 ////; 
ttag +3 ////; 
ttag +4 ////; 
ttag +5 ////; 
ttag +6 ////; 
ttag +7 ////; 
ttag +8 ////; 
ttag +9 ////; 
ttag +10 ////; 
ttag +11 ////; 
ttag +12 ////; 
ttag +13 ////; 
ttag +14 ////; 
ttag +15 ////; 
ttag +16 ////; 
ttag +17 ////; 
ttag +18 ////; 
ttag +19 ////; 
ttag +20 ////; 
ttag +21 ////; 
ttag +22 ////; 
ttag +23 ////; 
ttag +24 ////; 
ttag +25 ////; 
ttag +26 ////; 
ttag +27 ////; 
ttag +28 ////; 
ttag +29 ////; 
ttag +30 ////; 
ttag +31 ////; 
ttag +32 ////; 
ttag +33 ////; 
ttag +34 ////; 
ttag +35 ////; 
ttag +36 ////; 
ttag +37 ////; 
ttag +38 ////; 
ttag +39 ////; 
ttag +40 ////; 
ttag +41 ////; 
ttag +42 ////; 
ttag +43 ////; 
ttag +44 ////; 
ttag +45 ////; 
ttag +46 ////; 
ttag +47 ////; 
ttag +48 ////; 
ttag +49 12/[4]/?/?/?; 
ttag +50 6/[10]/?/?/?; 
ttag +51 100/100/100/100/100; 
ttag +52 99/99/98/100/98; 
ttag +53 60/42/40/53/31; 
ttag +54 93/91/88/92/83; 
ttag +55 100/100/98/99/98; 
ttag +56 64/42/34/50/37; 
ttag +57 97/96/91/96/90; 
ttag +58 75/67/68/67/64; 
ttag +59 31/12/13/27/4; 
ttag +60 67/63/58/72/61; 
ttag +61 100/100/99/99/100; 
ttag +62 100/100/99/100/99; 
ttag +63 17/0/0/7/?; 
ttag +64 100/100/100/100/99; 
ttag +65 20/[31]/?/?/?; 
ttag +66 94/90/85/92/85; 
ttag +67 90/88/77/86/78; 
ttag +68 98/97/92/98/96; 
ttag +69 100/100/99/100/100; 
ttag +70 97/96/92/97/95; 
ttag +71 99/99/100/100/100; 
ttag +72 80/77/58/75/67; 
ttag +73 69/50/52/59/42; 
ttag +74 100/100/94/100/98; 
ttag +75 99/99/98/100/98; 
ttag +76 88/84/69/79/70; 
ttag +77 99/99/97/100/97; 
ttag +78 100/100/98/100/98; 
ttag +79 94/93/89/96/86; 
ttag +80 38/9/5/21/11; 
ttag +81 92/90/75/87/78; 
ttag +82 74/65/59/68/56; 
ttag +83 79/75/69/77/62; 
ttag +84 88/88/83/85/86; 
ttag +85 51/26/16/31/23; 
ttag +86 99/99/99/100/98; 
ttag +87 84/77/65/75/59; 
ttag +88 32/[6]/?/?/?; 
ttag +89 81/75/58/71/64; 
ttag +90 100/100/98/98/96; 
ttag +91 87/84/79/84/78; 
ttag +92 95/94/86/93/88; 
ttag +93 97/95/96/100/95; 
ttag +94 64/44/35/40/29; 
