tread
'Tree with tags' 
(0 ((1 ((2 3 )((6 7 (4 5 ))((8 9 )(10 (11 12 ))))))((13 14 )(((15 16 )(17 (18 19 ((20 21 )((22 23 )(24 25 ))))))((27 (26 (28 (29 30 ))))((39 (31 ((32 33 )((34 35 )(36 (37 38 ))))))((40 41 )(42 (43 ((44 45 )(46 47 ))))))))))); 
ttag *!; 
ttag +49 1; 
ttag +50 ???; 
ttag +51 2; 
ttag +52 8; 
ttag +53 2; 
ttag +54 6; 
ttag +55 1; 
ttag +56 5; 
ttag +57 1; 
ttag +58 2; 
ttag +59 10; 
ttag +60 5; 
ttag +61 3; 
ttag +62 7; 
ttag +63 4; 
ttag +64 1; 
ttag +65 2; 
ttag +66 3; 
ttag +67 5; 
ttag +68 7; 
ttag +69 5; 
ttag +70 3; 
ttag +71 9; 
ttag +72 1; 
ttag +73 7; 
ttag +74 8; 
ttag +75 8; 
ttag +76 7; 
ttag +77 3; 
ttag +78 1; 
ttag +79 2; 
ttag +80 4; 
ttag +81 9; 
ttag +82 2; 
ttag +83 3; 
ttag +84 13; 
ttag +85 11; 
ttag +86 4; 
ttag +87 10; 
ttag +88 10; 
ttag +89 2; 
ttag +90 2; 
ttag +91 5; 
ttag +92 4; 
tread
'Tree with tags' 
(0 ((1 ((2 3 )((7 (6 (4 5 )))((8 9 )(10 (11 12 ))))))((13 14 )(((15 16 )(17 (18 (19 ((20 21 )((22 23 )(24 25 )))))))((27 (26 (28 (29 30 ))))((39 (31 ((32 33 )((34 35 )(36 (37 38 ))))))((40 41 )(42 (43 ((44 45 )(46 47 ))))))))))); 
ttag *!; 
ttag +0 ////; 
ttag +1 ////; 
ttag +2 ////; 
ttag +3 ////; 
ttag +4 ////; 
ttag +5 ////; 
ttag +6 ////; 
ttag +7 ////; 
ttag +8 ////; 
ttag +9 ////; 
ttag +10 ////; 
ttag +11 ////; 
ttag +12 ////; 
ttag +13 ////; 
ttag +14 ////; 
ttag +15 ////; 
ttag +16 ////; 
ttag +17 ////; 
ttag +18 ////; 
ttag +19 ////; 
ttag +20 ////; 
ttag +21 ////; 
ttag +22 ////; 
ttag +23 ////; 
ttag +24 ////; 
ttag +25 ////; 
ttag +26 ////; 
ttag +27 ////; 
ttag +28 ////; 
ttag +29 ////; 
ttag +30 ////; 
ttag +31 ////; 
ttag +32 ////; 
ttag +33 ////; 
ttag +34 ////; 
ttag +35 ////; 
ttag +36 ////; 
ttag +37 ////; 
ttag +38 ////; 
ttag +39 ////; 
ttag +40 ////; 
ttag +41 ////; 
ttag +42 ////; 
ttag +43 ////; 
ttag +44 ////; 
ttag +45 ////; 
ttag +46 ////; 
ttag +47 ////; 
ttag +48 ////; 
ttag +49 48/35/22/33/27; 
ttag +50 100/100/100/100/100; 
ttag +51 80/70/66/76/68; 
ttag +52 100/100/96/100/98; 
ttag +53 73/66/62/77/69; 
ttag +54 23/[22]/?/?/?; 
ttag +55 98/97/89/97/92; 
ttag +56 52/42/43/45/43; 
ttag +57 92/91/80/92/80; 
ttag +58 36/18/16/27/22; 
ttag +59 64/53/41/54/43; 
ttag +60 100/100/99/100/98; 
ttag +61 96/96/93/96/90; 
ttag +62 82/73/60/64/61; 
ttag +63 100/100/100/99/100; 
ttag +64 89/87/80/90/77; 
ttag +65 54/36/34/37/38; 
ttag +66 70/58/44/55/42; 
ttag +67 86/82/72/83/76; 
ttag +68 29/[6]/?/1/?; 
ttag +69 98/98/98/99/99; 
ttag +70 98/98/97/100/94; 
ttag +71 98/98/96/98/96; 
ttag +72 89/85/86/90/86; 
ttag +73 99/99/97/98/94; 
ttag +74 60/59/54/50/59; 
ttag +75 98/97/94/95/96; 
ttag +76 98/97/96/99/95; 
ttag +77 99/99/96/99/95; 
ttag +78 100/100/100/99/99; 
ttag +79 75/69/65/76/71; 
ttag +80 40/26/21/33/28; 
ttag +81 54/40/35/51/37; 
ttag +82 96/96/89/92/94; 
ttag +83 100/100/96/100/98; 
ttag +84 88/88/86/84/85; 
ttag +85 96/96/90/94/92; 
ttag +86 100/100/100/100/100; 
ttag +87 100/100/100/100/100; 
ttag +88 95/94/80/94/84; 
ttag +89 98/98/96/99/98; 
ttag +90 100/100/99/99/98; 
ttag +91 74/64/56/59/39; 
ttag +92 74/62/51/66/52; 
ttag +93 98/98/94/98/90; 
ttag +94 94/94/88/94/87; 
