tread
'Tree with tags' 
(0 (1 ((2 3 )(((4 5 )(6 7 ))((8 9 )(10 (11 12 )))))((13 14 )(((15 16 )(17 (18 (19 ((20 21 )((22 23 )(24 25 )))))))((26 (27 (28 (29 30 ))))(39 (31 (((32 33 )(34 35 ))(36 (37 38 ))))((40 41 )(42 (43 ((44 45 )(46 47 ))))))))))); 
ttag *!; 
ttag +49 ???; 
ttag +50 6; 
ttag +51 9; 
ttag +52 3; 
ttag +53 9; 
ttag +54 6; 
ttag +55 8; 
ttag +56 3; 
ttag +57 2; 
ttag +58 6; 
ttag +59 7; 
ttag +60 9; 
ttag +61 3; 
ttag +62 10; 
ttag +63 3; 
ttag +64 2; 
ttag +65 2; 
ttag +66 5; 
ttag +67 5; 
ttag +68 8; 
ttag +69 3; 
ttag +70 13; 
ttag +71 5; 
ttag +72 3; 
ttag +73 4; 
ttag +74 2; 
ttag +75 2; 
ttag +76 3; 
ttag +77 4; 
ttag +78 8; 
ttag +79 5; 
ttag +80 5; 
ttag +81 1; 
ttag +82 2; 
ttag +83 4; 
ttag +84 7; 
ttag +85 17; 
ttag +86 3; 
ttag +87 11; 
ttag +88 5; 
ttag +89 2; 
ttag +90 10; 
ttag +91 5; 
ttag +92 2; 
tread
'Tree with tags' 
(0 ((1 ((2 3 )(((4 5 )(6 7 ))((8 9 )(10 (11 12 ))))))((13 14 )(((15 16 )(17 (18 (19 ((20 21 )((22 23 )(24 25 )))))))((26 (27 (28 (29 30 ))))(39 ((31 (((32 33 )(34 35 ))(36 (37 38 ))))((40 41 )(42 (43 ((44 45 )(46 47 )))))))))))); 
ttag *!; 
ttag +0 ////; 
ttag +1 ////; 
ttag +2 ////; 
ttag +3 ////; 
ttag +4 ////; 
ttag +5 ////; 
ttag +6 ////; 
ttag +7 ////; 
ttag +8 ////; 
ttag +9 ////; 
ttag +10 ////; 
ttag +11 ////; 
ttag +12 ////; 
ttag +13 ////; 
ttag +14 ////; 
ttag +15 ////; 
ttag +16 ////; 
ttag +17 ////; 
ttag +18 ////; 
ttag +19 ////; 
ttag +20 ////; 
ttag +21 ////; 
ttag +22 ////; 
ttag +23 ////; 
ttag +24 ////; 
ttag +25 ////; 
ttag +26 ////; 
ttag +27 ////; 
ttag +28 ////; 
ttag +29 ////; 
ttag +30 ////; 
ttag +31 ////; 
ttag +32 ////; 
ttag +33 ////; 
ttag +34 ////; 
ttag +35 ////; 
ttag +36 ////; 
ttag +37 ////; 
ttag +38 ////; 
ttag +39 ////; 
ttag +40 ////; 
ttag +41 ////; 
ttag +42 ////; 
ttag +43 ////; 
ttag +44 ////; 
ttag +45 ////; 
ttag +46 ////; 
ttag +47 ////; 
ttag +48 ////; 
ttag +49 38/16/9/11/6; 
ttag +50 100/100/100/100/100; 
ttag +51 94/94/91/94/86; 
ttag +52 99/99/99/100/99; 
ttag +53 92/90/88/88/89; 
ttag +54 100/100/96/99/98; 
ttag +55 98/98/96/98/97; 
ttag +56 99/98/94/100/95; 
ttag +57 83/79/62/78/59; 
ttag +58 68/53/36/58/32; 
ttag +59 93/92/92/95/90; 
ttag +60 98/98/99/100/98; 
ttag +61 100/100/100/100/100; 
ttag +62 65/51/44/54/32; 
ttag +63 100/100/99/100/100; 
ttag +64 80/76/65/79/71; 
ttag +65 82/77/67/72/64; 
ttag +66 67/57/45/59/40; 
ttag +67 88/82/73/80/64; 
ttag +68 85/79/68/84/64; 
ttag +69 100/100/100/100/100; 
ttag +70 76/70/67/73/58; 
ttag +71 100/100/100/100/100; 
ttag +72 96/95/88/96/86; 
ttag +73 81/76/62/76/68; 
ttag +74 96/94/91/92/89; 
ttag +75 63/49/32/50/33; 
ttag +76 84/82/72/78/70; 
ttag +77 91/88/81/90/84; 
ttag +78 92/88/84/95/88; 
ttag +79 99/99/92/98/95; 
ttag +80 23/[28]/?/?/?; 
ttag +81 87/83/69/85/73; 
ttag +82 100/100/97/100/98; 
ttag +83 73/73/66/62/72; 
ttag +84 85/81/78/84/81; 
ttag +85 96/95/87/95/92; 
ttag +86 99/99/92/99/93; 
ttag +87 100/100/100/100/100; 
ttag +88 89/86/72/89/75; 
ttag +89 100/100/100/100/100; 
ttag +90 98/96/94/94/95; 
ttag +91 68/60/51/61/46; 
ttag +92 100/100/99/99/100; 
ttag +93 98/98/98/100/99; 
ttag +94 80/70/54/70/63; 
