tread
'Tree with tags' 
(0 (((1 (13 14 ))((15 16 )(17 (18 (19 ((20 21 )((22 23 )(24 25 ))))))))(((2 3 )(((6 7 (4 5 ))(8 9 ))(10 (11 12 ))))((26 27 (28 (29 30 )))(39 (31 (((32 33 )((34 35 )(36 (37 38 ))))((40 41 )((42 43 )((44 45 )(46 47 ))))))))))); 
ttag *!; 
ttag +49 2; 
ttag +50 1; 
ttag +51 ???; 
ttag +52 7; 
ttag +53 8; 
ttag +54 3; 
ttag +55 8; 
ttag +56 5; 
ttag +57 1; 
ttag +58 10; 
ttag +59 1; 
ttag +60 3; 
ttag +61 11; 
ttag +62 5; 
ttag +63 7; 
ttag +64 7; 
ttag +65 1; 
ttag +66 2; 
ttag +67 2; 
ttag +68 9; 
ttag +69 3; 
ttag +70 5; 
ttag +71 5; 
ttag +72 4; 
ttag +73 5; 
ttag +74 1; 
ttag +75 1; 
ttag +76 9; 
ttag +77 6; 
ttag +78 6; 
ttag +79 1; 
ttag +80 8; 
ttag +81 1; 
ttag +82 2; 
ttag +83 1; 
ttag +84 7; 
ttag +85 12; 
ttag +86 6; 
ttag +87 8; 
ttag +88 1; 
ttag +89 9; 
ttag +90 6; 
ttag +91 5; 
ttag +92 2; 
tread
'Tree with tags' 
(0 (((1 (13 14 ))((15 16 )(17 (18 (19 ((20 21 )((22 23 )(24 25 ))))))))(((2 3 )((((4 5 )(6 7 ))(8 9 ))(10 (11 12 ))))((26 (27 (28 (29 30 ))))(39 (31 (((32 33 )((34 35 )(36 (37 38 ))))((40 41 )((42 43 )((44 45 )(46 47 ))))))))))); 
ttag *!; 
ttag +0 ////; 
ttag +1 ////; 
ttag +2 ////; 
ttag +3 ////; 
ttag +4 ////; 
ttag +5 ////; 
ttag +6 ////; 
ttag +7 ////; 
ttag +8 ////; 
ttag +9 ////; 
ttag +10 ////; 
ttag +11 ////; 
ttag +12 ////; 
ttag +13 ////; 
ttag +14 ////; 
ttag +15 ////; 
ttag +16 ////; 
ttag +17 ////; 
ttag +18 ////; 
ttag +19 ////; 
ttag +20 ////; 
ttag +21 ////; 
ttag +22 ////; 
ttag +23 ////; 
ttag +24 ////; 
ttag +25 ////; 
ttag +26 ////; 
ttag +27 ////; 
ttag +28 ////; 
ttag +29 ////; 
ttag +30 ////; 
ttag +31 ////; 
ttag +32 ////; 
ttag +33 ////; 
ttag +34 ////; 
ttag +35 ////; 
ttag +36 ////; 
ttag +37 ////; 
ttag +38 ////; 
ttag +39 ////; 
ttag +40 ////; 
ttag +41 ////; 
ttag +42 ////; 
ttag +43 ////; 
ttag +44 ////; 
ttag +45 ////; 
ttag +46 ////; 
ttag +47 ////; 
ttag +48 ////; 
ttag +49 60/49/33/54/34; 
ttag +50 26/17/9/24/12; 
ttag +51 100/100/100/100/100; 
ttag +52 100/100/98/98/99; 
ttag +53 98/97/96/99/98; 
ttag +54 71/68/46/64/46; 
ttag +55 98/98/94/99/95; 
ttag +56 94/92/89/96/90; 
ttag +57 49/38/27/46/26; 
ttag +58 98/97/99/100/98; 
ttag +59 42/4/4/0/1; 
ttag +60 46/35/26/45/35; 
ttag +61 83/78/76/86/75; 
ttag +62 100/100/100/100/100; 
ttag +63 97/96/95/97/94; 
ttag +64 100/100/97/100/99; 
ttag +65 98/97/96/98/91; 
ttag +66 71/54/51/47/52; 
ttag +67 82/72/67/73/60; 
ttag +68 84/80/66/75/69; 
ttag +69 100/100/100/100/100; 
ttag +70 84/82/66/85/74; 
ttag +71 98/98/96/98/98; 
ttag +72 94/94/83/94/86; 
ttag +73 96/94/93/96/91; 
ttag +74 98/98/90/98/91; 
ttag +75 43/22/23/24/19; 
ttag +76 0/0/?/?/?; 
ttag +77 54/27/33/28/27; 
ttag +78 100/100/99/100/99; 
ttag +79 97/97/92/97/92; 
ttag +80 100/100/96/99/96; 
ttag +81 68/59/59/56/50; 
ttag +82 98/97/97/99/98; 
ttag +83 42/6/?/6/14; 
ttag +84 76/72/66/82/68; 
ttag +85 59/45/30/33/42; 
ttag +86 100/100/97/100/99; 
ttag +87 100/100/100/100/100; 
ttag +88 96/96/86/93/92; 
ttag +89 100/100/99/100/98; 
ttag +90 47/9/6/8/10; 
ttag +91 100/100/100/100/100; 
ttag +92 97/96/95/99/95; 
ttag +93 97/97/87/96/88; 
ttag +94 67/60/50/64/53; 
