tread
'Tree with tags' 
(0 (1 (8 9 (2 3 )(6 7 (4 5 ))(10 (11 12 )))((13 14 )(17 (15 16 )(18 19 ((20 21 )((22 23 )(24 25 ))))))((26 (27 (28 (29 30 ))))(39 (31 ((32 33 )(34 35 (37 (36 38 )))))(40 41 (42 (43 ((44 45 )(46 47 ))))))))); 
ttag *!; 
ttag +49 ???; 
ttag +50 8; 
ttag +51 7; 
ttag +52 5; 
ttag +53 5; 
ttag +54 5; 
ttag +55 9; 
ttag +56 7; 
ttag +57 1; 
ttag +58 12; 
ttag +59 3; 
ttag +60 9; 
ttag +61 5; 
ttag +62 5; 
ttag +63 6; 
ttag +64 5; 
ttag +65 4; 
ttag +66 6; 
ttag +67 8; 
ttag +68 7; 
ttag +69 5; 
ttag +70 13; 
ttag +71 4; 
ttag +72 2; 
ttag +73 8; 
ttag +74 3; 
ttag +75 2; 
ttag +76 1; 
ttag +77 12; 
ttag +78 9; 
ttag +79 8; 
ttag +80 2; 
ttag +81 7; 
ttag +82 2; 
ttag +83 2; 
tread
'Tree with tags' 
(0 ((1 (((2 3 )(9 (8 (10 (11 12 )))))((4 5 )(6 7 ))))(((13 14 )(17 ((15 16 )(19 (18 ((20 21 )((22 23 )(24 25 ))))))))((26 (27 (28 (29 30 ))))((31 ((32 33 )(34 (35 (37 (36 38 ))))))(39 (40 (41 (42 (43 ((44 45 )(46 47 )))))))))))); 
ttag *!; 
ttag +0 ////; 
ttag +1 ////; 
ttag +2 ////; 
ttag +3 ////; 
ttag +4 ////; 
ttag +5 ////; 
ttag +6 ////; 
ttag +7 ////; 
ttag +8 ////; 
ttag +9 ////; 
ttag +10 ////; 
ttag +11 ////; 
ttag +12 ////; 
ttag +13 ////; 
ttag +14 ////; 
ttag +15 ////; 
ttag +16 ////; 
ttag +17 ////; 
ttag +18 ////; 
ttag +19 ////; 
ttag +20 ////; 
ttag +21 ////; 
ttag +22 ////; 
ttag +23 ////; 
ttag +24 ////; 
ttag +25 ////; 
ttag +26 ////; 
ttag +27 ////; 
ttag +28 ////; 
ttag +29 ////; 
ttag +30 ////; 
ttag +31 ////; 
ttag +32 ////; 
ttag +33 ////; 
ttag +34 ////; 
ttag +35 ////; 
ttag +36 ////; 
ttag +37 ////; 
ttag +38 ////; 
ttag +39 ////; 
ttag +40 ////; 
ttag +41 ////; 
ttag +42 ////; 
ttag +43 ////; 
ttag +44 ////; 
ttag +45 ////; 
ttag +46 ////; 
ttag +47 ////; 
ttag +48 ////; 
ttag +49 34/23/22/15/18; 
ttag +50 100/100/100/100/100; 
ttag +51 100/100/100/100/99; 
ttag +52 35/18/7/14/6; 
ttag +53 99/99/98/99/98; 
ttag +54 98/98/96/98/94; 
ttag +55 97/96/90/94/89; 
ttag +56 53/29/8/20/6; 
ttag +57 26/[10]/?/?/?; 
ttag +58 35/24/14/23/19; 
ttag +59 98/98/91/94/88; 
ttag +60 100/100/99/100/99; 
ttag +61 100/100/100/99/99; 
ttag +62 60/52/42/44/32; 
ttag +63 46/36/30/24/27; 
ttag +64 100/100/100/100/100; 
ttag +65 38/18/15/10/5; 
ttag +66 88/86/84/85/76; 
ttag +67 29/[13]/?/?/?; 
ttag +68 99/99/98/100/98; 
ttag +69 99/99/100/98/99; 
ttag +70 96/96/93/96/90; 
ttag +71 96/95/94/97/95; 
ttag +72 98/98/88/98/92; 
ttag +73 90/87/84/94/90; 
ttag +74 98/98/96/99/93; 
ttag +75 98/98/98/99/96; 
ttag +76 98/98/98/99/96; 
ttag +77 97/97/98/97/94; 
ttag +78 100/100/100/100/100; 
ttag +79 91/86/75/85/78; 
ttag +80 74/67/56/73/56; 
ttag +81 99/99/98/99/97; 
ttag +82 83/74/53/72/58; 
ttag +83 75/72/73/71/68; 
ttag +84 38/9/?/0/?; 
ttag +85 58/35/40/37/38; 
ttag +86 100/100/100/100/100; 
ttag +87 37/0/11/?/10; 
ttag +88 99/98/98/100/99; 
ttag +89 29/[7]/?/?/?; 
ttag +90 99/99/97/100/96; 
ttag +91 71/57/56/56/53; 
ttag +92 98/98/95/98/96; 
ttag +93 72/63/58/70/54; 
ttag +94 74/70/60/68/62; 
