tread
'Tree with tags' 
(0 (1 ((2 3 )(((4 5 )(6 7 ))(8 9 (10 (11 12 )))))(13 14 )(17 (15 16 )(18 19 ((20 21 )((22 23 )(24 25 )))))((26 (27 (28 (29 30 ))))(39 (31 ((32 33 )(34 35 )(36 (37 38 ))))((40 41 )(42 (43 ((44 45 )(46 47 ))))))))); 
ttag *!; 
ttag +49 ???; 
ttag +50 5; 
ttag +51 4; 
ttag +52 6; 
ttag +53 3; 
ttag +54 1; 
ttag +55 4; 
ttag +56 1; 
ttag +57 7; 
ttag +58 8; 
ttag +59 7; 
ttag +60 7; 
ttag +61 1; 
ttag +62 8; 
ttag +63 8; 
ttag +64 6; 
ttag +65 10; 
ttag +66 7; 
ttag +67 4; 
ttag +68 4; 
ttag +69 14; 
ttag +70 4; 
ttag +71 10; 
ttag +72 8; 
ttag +73 6; 
ttag +74 8; 
ttag +75 8; 
ttag +76 3; 
ttag +77 6; 
ttag +78 9; 
ttag +79 2; 
ttag +80 3; 
ttag +81 8; 
ttag +82 11; 
ttag +83 1; 
ttag +84 7; 
ttag +85 7; 
ttag +86 2; 
tread
'Tree with tags' 
(0 ((1 ((2 3 )(((4 5 )(6 7 ))(9 (8 (10 (11 12 )))))))((13 14 )((17 ((15 16 )(18 (19 ((20 21 )((22 23 )(24 25 )))))))((26 (27 (28 (29 30 ))))((31 (((32 33 )(34 35 ))(36 (37 38 ))))(39 ((40 41 )(42 (43 ((44 45 )(46 47 )))))))))))); 
ttag *!; 
ttag +0 ////; 
ttag +1 ////; 
ttag +2 ////; 
ttag +3 ////; 
ttag +4 ////; 
ttag +5 ////; 
ttag +6 ////; 
ttag +7 ////; 
ttag +8 ////; 
ttag +9 ////; 
ttag +10 ////; 
ttag +11 ////; 
ttag +12 ////; 
ttag +13 ////; 
ttag +14 ////; 
ttag +15 ////; 
ttag +16 ////; 
ttag +17 ////; 
ttag +18 ////; 
ttag +19 ////; 
ttag +20 ////; 
ttag +21 ////; 
ttag +22 ////; 
ttag +23 ////; 
ttag +24 ////; 
ttag +25 ////; 
ttag +26 ////; 
ttag +27 ////; 
ttag +28 ////; 
ttag +29 ////; 
ttag +30 ////; 
ttag +31 ////; 
ttag +32 ////; 
ttag +33 ////; 
ttag +34 ////; 
ttag +35 ////; 
ttag +36 ////; 
ttag +37 ////; 
ttag +38 ////; 
ttag +39 ////; 
ttag +40 ////; 
ttag +41 ////; 
ttag +42 ////; 
ttag +43 ////; 
ttag +44 ////; 
ttag +45 ////; 
ttag +46 ////; 
ttag +47 ////; 
ttag +48 ////; 
ttag +49 36/17/17/16/10; 
ttag +50 100/100/100/100/100; 
ttag +51 97/96/90/97/92; 
ttag +52 97/96/90/97/84; 
ttag +53 98/98/96/100/92; 
ttag +54 70/63/59/72/63; 
ttag +55 42/35/33/40/39; 
ttag +56 92/91/87/95/88; 
ttag +57 20/[26]/?/?/?; 
ttag +58 33/22/22/33/17; 
ttag +59 98/98/95/98/96; 
ttag +60 99/99/98/100/97; 
ttag +61 98/98/99/99/98; 
ttag +62 24/5/6/4/5; 
ttag +63 99/99/99/100/100; 
ttag +64 52/23/22/18/19; 
ttag +65 66/50/38/42/39; 
ttag +66 24/8/4/0/2; 
ttag +67 100/100/97/100/98; 
ttag +68 59/36/24/30/26; 
ttag +69 100/100/100/100/99; 
ttag +70 99/99/96/99/95; 
ttag +71 100/100/100/100/100; 
ttag +72 100/100/100/100/100; 
ttag +73 100/100/98/98/98; 
ttag +74 98/98/92/98/90; 
ttag +75 100/100/99/100/99; 
ttag +76 94/93/87/94/87; 
ttag +77 100/100/95/100/94; 
ttag +78 100/100/99/99/99; 
ttag +79 100/100/96/97/97; 
ttag +80 97/96/87/98/91; 
ttag +81 100/100/100/100/99; 
ttag +82 31/[14]/?/?/?; 
ttag +83 88/85/81/88/84; 
ttag +84 99/99/96/99/98; 
ttag +85 100/100/98/100/100; 
ttag +86 76/66/64/61/59; 
ttag +87 55/44/28/35/29; 
ttag +88 88/83/63/81/71; 
ttag +89 95/93/93/98/94; 
ttag +90 99/99/99/100/98; 
ttag +91 49/27/22/30/30; 
ttag +92 98/98/96/99/96; 
ttag +93 99/98/98/100/98; 
ttag +94 70/65/60/72/62; 
