tread
'Tree with tags' 
(0 (((1 ((13 14 )((15 16 )(17 (18 (19 ((20 21 )((22 23 )(24 25 )))))))))(((2 3 )((8 9 )(10 (11 12 ))))((4 5 )(6 7 ))))((26 (27 (28 (29 30 ))))(39 ((31 ((32 33 )((34 35 )(36 (37 38 )))))(40 41 (42 (43 ((44 45 )(46 47 )))))))))); 
ttag *!; 
ttag +49 1; 
ttag +50 1; 
ttag +51 ???; 
ttag +52 6; 
ttag +53 1; 
ttag +54 5; 
ttag +55 4; 
ttag +56 7; 
ttag +57 4; 
ttag +58 2; 
ttag +59 2; 
ttag +60 1; 
ttag +61 6; 
ttag +62 9; 
ttag +63 1; 
ttag +64 15; 
ttag +65 5; 
ttag +66 1; 
ttag +67 3; 
ttag +68 3; 
ttag +69 8; 
ttag +70 7; 
ttag +71 5; 
ttag +72 6; 
ttag +73 4; 
ttag +74 2; 
ttag +75 10; 
ttag +76 3; 
ttag +77 6; 
ttag +78 10; 
ttag +79 4; 
ttag +80 1; 
ttag +81 7; 
ttag +82 3; 
ttag +83 2; 
ttag +84 3; 
ttag +85 2; 
ttag +86 17; 
ttag +87 7; 
ttag +88 2; 
ttag +89 10; 
ttag +90 7; 
ttag +91 4; 
ttag +92 5; 
ttag +93 3; 
tread
'Tree with tags' 
(0 (((1 ((13 14 )((15 16 )(17 (18 (19 ((20 21 )((22 23 )(24 25 )))))))))(((2 3 )((8 9 )(10 (11 12 ))))((4 5 )(6 7 ))))((26 (27 (28 (29 30 ))))(39 ((31 ((32 33 )((34 35 )(36 (37 38 )))))(40 (41 (42 (43 ((44 45 )(46 47 ))))))))))); 
ttag *!; 
ttag +0 ////; 
ttag +1 ////; 
ttag +2 ////; 
ttag +3 ////; 
ttag +4 ////; 
ttag +5 ////; 
ttag +6 ////; 
ttag +7 ////; 
ttag +8 ////; 
ttag +9 ////; 
ttag +10 ////; 
ttag +11 ////; 
ttag +12 ////; 
ttag +13 ////; 
ttag +14 ////; 
ttag +15 ////; 
ttag +16 ////; 
ttag +17 ////; 
ttag +18 ////; 
ttag +19 ////; 
ttag +20 ////; 
ttag +21 ////; 
ttag +22 ////; 
ttag +23 ////; 
ttag +24 ////; 
ttag +25 ////; 
ttag +26 ////; 
ttag +27 ////; 
ttag +28 ////; 
ttag +29 ////; 
ttag +30 ////; 
ttag +31 ////; 
ttag +32 ////; 
ttag +33 ////; 
ttag +34 ////; 
ttag +35 ////; 
ttag +36 ////; 
ttag +37 ////; 
ttag +38 ////; 
ttag +39 ////; 
ttag +40 ////; 
ttag +41 ////; 
ttag +42 ////; 
ttag +43 ////; 
ttag +44 ////; 
ttag +45 ////; 
ttag +46 ////; 
ttag +47 ////; 
ttag +48 ////; 
ttag +49 25/[4]/?/?/?; 
ttag +50 19/[10]/?/?/?; 
ttag +51 100/100/100/100/100; 
ttag +52 98/98/95/99/96; 
ttag +53 60/47/38/39/33; 
ttag +54 99/99/99/100/98; 
ttag +55 88/85/86/81/74; 
ttag +56 98/98/98/99/97; 
ttag +57 93/92/80/94/84; 
ttag +58 72/66/54/70/59; 
ttag +59 52/36/18/50/25; 
ttag +60 63/56/53/48/42; 
ttag +61 100/100/100/100/100; 
ttag +62 100/100/100/100/100; 
ttag +63 35/5/?/2/?; 
ttag +64 100/100/100/100/100; 
ttag +65 92/90/82/92/83; 
ttag +66 60/38/20/43/18; 
ttag +67 82/76/69/84/62; 
ttag +68 90/88/79/90/70; 
ttag +69 100/100/100/100/100; 
ttag +70 94/91/84/96/83; 
ttag +71 98/98/96/98/96; 
ttag +72 98/98/96/98/94; 
ttag +73 92/89/69/85/76; 
ttag +74 77/72/58/73/61; 
ttag +75 99/98/99/100/100; 
ttag +76 81/76/64/78/68; 
ttag +77 100/100/100/99/100; 
ttag +78 100/100/100/100/100; 
ttag +79 90/87/82/92/81; 
ttag +80 32/13/12/13/11; 
ttag +81 100/100/99/100/100; 
ttag +82 93/89/83/87/83; 
ttag +83 67/58/47/62/49; 
ttag +84 82/76/71/86/78; 
ttag +85 77/73/63/75/65; 
ttag +86 100/100/100/100/100; 
ttag +87 98/97/92/98/93; 
ttag +88 77/72/72/73/65; 
ttag +89 37/[9]/?/?/?; 
ttag +90 100/100/100/100/100; 
ttag +91 99/98/99/99/98; 
ttag +92 87/83/77/90/82; 
ttag +93 98/98/94/97/93; 
ttag +94 82/77/77/82/67; 
