tread
'Tree with tags' 
(0 ((1 ((2 3 )(((4 5 )(6 7 ))((8 9 )(10 (11 12 ))))))((13 14 )(((15 16 )(17 (18 (19 ((20 21 )((22 23 )(24 25 )))))))((26 (27 (28 (29 30 ))))(39 ((31 ((32 33 )((34 35 )(36 (37 38 )))))((40 41 )(42 (43 ((44 45 )(46 47 )))))))))))); 
ttag *!; 
ttag +49 3; 
ttag +50 ???; 
ttag +51 5; 
ttag +52 12; 
ttag +53 5; 
ttag +54 8; 
ttag +55 4; 
ttag +56 1; 
ttag +57 1; 
ttag +58 1; 
ttag +59 3; 
ttag +60 10; 
ttag +61 11; 
ttag +62 3; 
ttag +63 6; 
ttag +64 8; 
ttag +65 2; 
ttag +66 3; 
ttag +67 3; 
ttag +68 1; 
ttag +69 7; 
ttag +70 2; 
ttag +71 8; 
ttag +72 2; 
ttag +73 4; 
ttag +74 6; 
ttag +75 5; 
ttag +76 2; 
ttag +77 7; 
ttag +78 9; 
ttag +79 2; 
ttag +80 1; 
ttag +81 7; 
ttag +82 5; 
ttag +83 4; 
ttag +84 4; 
ttag +85 1; 
ttag +86 12; 
ttag +87 9; 
ttag +88 8; 
ttag +89 6; 
ttag +90 7; 
ttag +91 5; 
ttag +92 7; 
ttag +93 6; 
ttag +94 1; 
tread
'Tree with tags' 
(0 ((1 ((2 3 )(((4 5 )(6 7 ))((8 9 )(10 (11 12 ))))))((13 14 )(((15 16 )(17 (18 (19 ((20 21 )((22 23 )(24 25 )))))))((26 (27 (28 (29 30 ))))(39 ((31 ((32 33 )((34 35 )(36 (37 38 )))))((40 41 )(42 (43 ((44 45 )(46 47 )))))))))))); 
ttag *!; 
ttag +0 ////; 
ttag +1 ////; 
ttag +2 ////; 
ttag +3 ////; 
ttag +4 ////; 
ttag +5 ////; 
ttag +6 ////; 
ttag +7 ////; 
ttag +8 ////; 
ttag +9 ////; 
ttag +10 ////; 
ttag +11 ////; 
ttag +12 ////; 
ttag +13 ////; 
ttag +14 ////; 
ttag +15 ////; 
ttag +16 ////; 
ttag +17 ////; 
ttag +18 ////; 
ttag +19 ////; 
ttag +20 ////; 
ttag +21 ////; 
ttag +22 ////; 
ttag +23 ////; 
ttag +24 ////; 
ttag +25 ////; 
ttag +26 ////; 
ttag +27 ////; 
ttag +28 ////; 
ttag +29 ////; 
ttag +30 ////; 
ttag +31 ////; 
ttag +32 ////; 
ttag +33 ////; 
ttag +34 ////; 
ttag +35 ////; 
ttag +36 ////; 
ttag +37 ////; 
ttag +38 ////; 
ttag +39 ////; 
ttag +40 ////; 
ttag +41 ////; 
ttag +42 ////; 
ttag +43 ////; 
ttag +44 ////; 
ttag +45 ////; 
ttag +46 ////; 
ttag +47 ////; 
ttag +48 ////; 
ttag +49 85/84/71/88/77; 
ttag +50 100/100/100/100/100; 
ttag +51 92/90/90/97/90; 
ttag +52 100/100/100/100/100; 
ttag +53 94/92/92/94/90; 
ttag +54 99/99/99/99/97; 
ttag +55 91/89/71/86/74; 
ttag +56 57/40/16/30/23; 
ttag +57 39/22/20/20/21; 
ttag +58 48/22/17/16/7; 
ttag +59 81/74/58/66/57; 
ttag +60 100/100/100/100/99; 
ttag +61 100/100/100/100/100; 
ttag +62 74/66/51/74/66; 
ttag +63 98/98/96/98/98; 
ttag +64 99/98/92/98/95; 
ttag +65 67/59/43/58/52; 
ttag +66 88/86/73/80/65; 
ttag +67 92/90/79/87/80; 
ttag +68 50/33/17/38/34; 
ttag +69 100/100/99/99/99; 
ttag +70 75/70/63/71/68; 
ttag +71 99/99/100/100/100; 
ttag +72 72/54/49/63/53; 
ttag +73 92/90/91/91/84; 
ttag +74 95/94/87/97/85; 
ttag +75 95/94/83/92/88; 
ttag +76 68/51/47/64/47; 
ttag +77 99/99/99/99/98; 
ttag +78 100/100/100/100/100; 
ttag +79 54/39/24/35/22; 
ttag +80 47/34/22/31/21; 
ttag +81 97/96/90/98/92; 
ttag +82 98/98/94/98/97; 
ttag +83 84/78/62/80/64; 
ttag +84 98/98/98/98/98; 
ttag +85 42/28/12/32/11; 
ttag +86 100/100/100/100/100; 
ttag +87 100/100/98/100/100; 
ttag +88 98/98/98/99/96; 
ttag +89 95/94/92/97/92; 
ttag +90 98/98/97/98/91; 
ttag +91 98/98/98/98/96; 
ttag +92 98/97/92/98/93; 
ttag +93 98/98/98/99/96; 
ttag +94 60/45/38/45/43; 
