tread
'Tree with tags' 
(0 ((1 ((2 3 )((6 7 (4 5 ))(8 9 (10 (11 12 ))))))(13 14 )((15 16 )(17 (18 (19 ((20 21 )((22 23 )(24 25 )))))))((26 (27 (28 (29 30 ))))((39 (31 ((32 33 )((34 35 )(36 37 38 )))))((40 41 )(42 (43 ((44 45 )(46 47 ))))))))); 
ttag *!; 
ttag +49 1; 
ttag +50 ???; 
ttag +51 4; 
ttag +52 5; 
ttag +53 6; 
ttag +54 7; 
ttag +55 1; 
ttag +56 1; 
ttag +57 4; 
ttag +58 12; 
ttag +59 10; 
ttag +60 5; 
ttag +61 3; 
ttag +62 4; 
ttag +63 5; 
ttag +64 2; 
ttag +65 5; 
ttag +66 10; 
ttag +67 5; 
ttag +68 8; 
ttag +69 5; 
ttag +70 5; 
ttag +71 6; 
ttag +72 7; 
ttag +73 2; 
ttag +74 13; 
ttag +75 7; 
ttag +76 1; 
ttag +77 5; 
ttag +78 2; 
ttag +79 5; 
ttag +80 4; 
ttag +81 1; 
ttag +82 6; 
ttag +83 2; 
ttag +84 3; 
ttag +85 9; 
ttag +86 2; 
ttag +87 5; 
ttag +88 7; 
ttag +89 3; 
tread
'Tree with tags' 
(0 ((((1 ((2 3 )((6 (7 (4 5 )))(9 (8 (10 (11 12 )))))))((26 (27 (28 (29 30 ))))((39 (31 ((32 33 )((34 35 )(37 (36 38 ))))))((40 41 )(42 (43 ((44 45 )(46 47 ))))))))((15 16 )(17 (18 (19 ((20 21 )((22 23 )(24 25 ))))))))(13 14 ))); 
ttag *!; 
ttag +0 ////; 
ttag +1 ////; 
ttag +2 ////; 
ttag +3 ////; 
ttag +4 ////; 
ttag +5 ////; 
ttag +6 ////; 
ttag +7 ////; 
ttag +8 ////; 
ttag +9 ////; 
ttag +10 ////; 
ttag +11 ////; 
ttag +12 ////; 
ttag +13 ////; 
ttag +14 ////; 
ttag +15 ////; 
ttag +16 ////; 
ttag +17 ////; 
ttag +18 ////; 
ttag +19 ////; 
ttag +20 ////; 
ttag +21 ////; 
ttag +22 ////; 
ttag +23 ////; 
ttag +24 ////; 
ttag +25 ////; 
ttag +26 ////; 
ttag +27 ////; 
ttag +28 ////; 
ttag +29 ////; 
ttag +30 ////; 
ttag +31 ////; 
ttag +32 ////; 
ttag +33 ////; 
ttag +34 ////; 
ttag +35 ////; 
ttag +36 ////; 
ttag +37 ////; 
ttag +38 ////; 
ttag +39 ////; 
ttag +40 ////; 
ttag +41 ////; 
ttag +42 ////; 
ttag +43 ////; 
ttag +44 ////; 
ttag +45 ////; 
ttag +46 ////; 
ttag +47 ////; 
ttag +48 ////; 
ttag +49 37/29/24/30/27; 
ttag +50 12/[1]/?/?/?; 
ttag +51 10/[9]/?/?/?; 
ttag +52 100/100/100/100/100; 
ttag +53 92/90/86/92/90; 
ttag +54 98/98/90/95/89; 
ttag +55 98/98/92/98/93; 
ttag +56 32/[11]/?/?/?; 
ttag +57 100/100/98/100/97; 
ttag +58 70/58/58/65/57; 
ttag +59 34/[1]/?/?/?; 
ttag +60 66/62/52/54/51; 
ttag +61 90/88/84/90/81; 
ttag +62 100/100/100/100/100; 
ttag +63 100/100/100/99/100; 
ttag +64 97/96/94/98/94; 
ttag +65 78/74/61/80/64; 
ttag +66 89/85/80/86/78; 
ttag +67 95/94/88/94/92; 
ttag +68 74/69/52/76/61; 
ttag +69 99/99/100/99/98; 
ttag +70 99/99/98/100/98; 
ttag +71 98/97/97/98/96; 
ttag +72 99/99/98/100/98; 
ttag +73 94/93/90/97/88; 
ttag +74 98/98/94/98/96; 
ttag +75 99/99/95/98/96; 
ttag +76 100/100/97/99/98; 
ttag +77 75/65/61/66/54; 
ttag +78 100/100/100/100/100; 
ttag +79 100/100/98/99/98; 
ttag +80 67/64/53/57/49; 
ttag +81 92/90/80/87/76; 
ttag +82 68/48/45/60/44; 
ttag +83 95/93/88/98/90; 
ttag +84 97/96/94/95/94; 
ttag +85 42/21/12/34/16; 
ttag +86 32/[10]/?/?/?; 
ttag +87 98/97/89/96/92; 
ttag +88 71/55/58/59/55; 
ttag +89 98/97/91/94/90; 
ttag +90 100/100/98/100/99; 
ttag +91 80/70/61/73/55; 
ttag +92 96/94/92/94/94; 
ttag +93 100/100/99/98/100; 
ttag +94 86/81/82/88/79; 
