tread
'Tree with tags' 
(0 (1 ((2 3 )(((4 5 )(6 7 ))((8 9 )(10 (11 12 )))))((13 14 )((15 16 )(17 (18 19 ((20 21 )((22 23 )(24 25 )))))))((26 (27 (28 (29 30 ))))(31 39 ((32 33 )(34 35 )(36 (37 38 )))((40 41 )(42 (43 (44 (45 (46 47 )))))))))); 
ttag *!; 
ttag +49 ???; 
ttag +50 4; 
ttag +51 8; 
ttag +52 3; 
ttag +53 9; 
ttag +54 4; 
ttag +55 1; 
ttag +56 1; 
ttag +57 1; 
ttag +58 6; 
ttag +59 6; 
ttag +60 6; 
ttag +61 1; 
ttag +62 4; 
ttag +63 5; 
ttag +64 1; 
ttag +65 3; 
ttag +66 8; 
ttag +67 4; 
ttag +68 9; 
ttag +69 6; 
ttag +70 5; 
ttag +71 8; 
ttag +72 3; 
ttag +73 1; 
ttag +74 6; 
ttag +75 11; 
ttag +76 3; 
ttag +77 5; 
ttag +78 2; 
ttag +79 2; 
ttag +80 1; 
ttag +81 5; 
ttag +82 6; 
ttag +83 5; 
ttag +84 5; 
ttag +85 2; 
ttag +86 4; 
ttag +87 1; 
ttag +88 9; 
tread
'Tree with tags' 
(0 (1 (((2 3 )(((4 5 )(6 7 ))((8 9 )(10 (11 12 )))))(((13 14 )((15 16 )(17 (18 (19 ((20 21 )((22 23 )(24 25 ))))))))((26 (27 (28 (29 30 ))))(39 (31 ((((32 33 )(34 35 ))(36 (37 38 )))((40 41 )(42 (43 (44 (45 (46 47 )))))))))))))); 
ttag *!; 
ttag +0 ////; 
ttag +1 ////; 
ttag +2 ////; 
ttag +3 ////; 
ttag +4 ////; 
ttag +5 ////; 
ttag +6 ////; 
ttag +7 ////; 
ttag +8 ////; 
ttag +9 ////; 
ttag +10 ////; 
ttag +11 ////; 
ttag +12 ////; 
ttag +13 ////; 
ttag +14 ////; 
ttag +15 ////; 
ttag +16 ////; 
ttag +17 ////; 
ttag +18 ////; 
ttag +19 ////; 
ttag +20 ////; 
ttag +21 ////; 
ttag +22 ////; 
ttag +23 ////; 
ttag +24 ////; 
ttag +25 ////; 
ttag +26 ////; 
ttag +27 ////; 
ttag +28 ////; 
ttag +29 ////; 
ttag +30 ////; 
ttag +31 ////; 
ttag +32 ////; 
ttag +33 ////; 
ttag +34 ////; 
ttag +35 ////; 
ttag +36 ////; 
ttag +37 ////; 
ttag +38 ////; 
ttag +39 ////; 
ttag +40 ////; 
ttag +41 ////; 
ttag +42 ////; 
ttag +43 ////; 
ttag +44 ////; 
ttag +45 ////; 
ttag +46 ////; 
ttag +47 ////; 
ttag +48 ////; 
ttag +49 100/100/100/100/100; 
ttag +50 90/88/85/88/83; 
ttag +51 99/99/98/100/96; 
ttag +52 23/1/0/2/?; 
ttag +53 85/82/74/77/72; 
ttag +54 100/100/98/100/100; 
ttag +55 89/83/76/91/80; 
ttag +56 55/28/30/39/19; 
ttag +57 52/32/33/49/42; 
ttag +58 64/57/56/64/62; 
ttag +59 97/97/96/99/95; 
ttag +60 99/99/97/98/97; 
ttag +61 99/99/98/100/99; 
ttag +62 51/38/24/33/26; 
ttag +63 53/36/17/23/16; 
ttag +64 94/92/86/95/91; 
ttag +65 98/97/95/97/96; 
ttag +66 56/32/44/46/27; 
ttag +67 80/77/68/82/74; 
ttag +68 3/[1]/2/?/?; 
ttag +69 100/100/100/100/100; 
ttag +70 92/87/82/89/82; 
ttag +71 100/100/98/100/98; 
ttag +72 97/97/96/100/98; 
ttag +73 97/96/96/99/92; 
ttag +74 99/99/99/99/98; 
ttag +75 76/63/37/63/43; 
ttag +76 63/50/22/44/30; 
ttag +77 96/95/90/98/91; 
ttag +78 100/100/99/100/99; 
ttag +79 43/13/29/18/22; 
ttag +80 92/90/86/92/82; 
ttag +81 98/98/96/97/91; 
ttag +82 52/29/16/19/14; 
ttag +83 83/76/74/80/76; 
ttag +84 18/[47]/?/?/?; 
ttag +85 89/87/74/83/84; 
ttag +86 77/68/61/63/63; 
ttag +87 98/97/92/94/98; 
ttag +88 97/96/94/95/92; 
ttag +89 96/95/86/92/84; 
ttag +90 99/99/97/99/98; 
ttag +91 69/63/62/74/59; 
ttag +92 94/92/88/92/84; 
ttag +93 44/25/24/30/15; 
ttag +94 98/98/98/99/99; 
