tread
'Tree with tags' 
(0 ((1 (((13 14 )((15 16 )(17 (18 19 ((20 21 )((22 23 )(24 25 )))))))((26 (27 (28 (29 30 ))))((31 (((32 33 )(34 35 ))(36 (37 38 ))))(39 ((40 41 )(42 (43 ((44 45 )(46 47 ))))))))))((2 3 )((6 7 (4 5 ))(9 (8 (10 (11 12 )))))))); 
ttag *!; 
ttag +49 2; 
ttag +50 ???; 
ttag +51 4; 
ttag +52 13; 
ttag +53 6; 
ttag +54 7; 
ttag +55 5; 
ttag +56 1; 
ttag +57 1; 
ttag +58 1; 
ttag +59 10; 
ttag +60 13; 
ttag +61 3; 
ttag +62 2; 
ttag +63 8; 
ttag +64 4; 
ttag +65 1; 
ttag +66 3; 
ttag +67 7; 
ttag +68 5; 
ttag +69 9; 
ttag +70 3; 
ttag +71 5; 
ttag +72 11; 
ttag +73 2; 
ttag +74 1; 
ttag +75 1; 
ttag +76 15; 
ttag +77 3; 
ttag +78 1; 
ttag +79 5; 
ttag +80 3; 
ttag +81 6; 
ttag +82 4; 
ttag +83 7; 
ttag +84 8; 
ttag +85 1; 
ttag +86 6; 
ttag +87 2; 
ttag +88 8; 
ttag +89 3; 
ttag +90 1; 
ttag +91 2; 
ttag +92 2; 
tread
'Tree with tags' 
(0 ((1 (((13 14 )((15 16 )(17 (18 (19 ((20 21 )((22 23 )(24 25 ))))))))((26 (27 (28 (29 30 ))))((31 (((32 33 )(34 35 ))(36 (37 38 ))))(39 ((40 41 )(42 (43 ((44 45 )(46 47 ))))))))))((2 3 )((6 (7 (4 5 )))(9 (8 (10 (11 12 )))))))); 
ttag *!; 
ttag +0 ////; 
ttag +1 ////; 
ttag +2 ////; 
ttag +3 ////; 
ttag +4 ////; 
ttag +5 ////; 
ttag +6 ////; 
ttag +7 ////; 
ttag +8 ////; 
ttag +9 ////; 
ttag +10 ////; 
ttag +11 ////; 
ttag +12 ////; 
ttag +13 ////; 
ttag +14 ////; 
ttag +15 ////; 
ttag +16 ////; 
ttag +17 ////; 
ttag +18 ////; 
ttag +19 ////; 
ttag +20 ////; 
ttag +21 ////; 
ttag +22 ////; 
ttag +23 ////; 
ttag +24 ////; 
ttag +25 ////; 
ttag +26 ////; 
ttag +27 ////; 
ttag +28 ////; 
ttag +29 ////; 
ttag +30 ////; 
ttag +31 ////; 
ttag +32 ////; 
ttag +33 ////; 
ttag +34 ////; 
ttag +35 ////; 
ttag +36 ////; 
ttag +37 ////; 
ttag +38 ////; 
ttag +39 ////; 
ttag +40 ////; 
ttag +41 ////; 
ttag +42 ////; 
ttag +43 ////; 
ttag +44 ////; 
ttag +45 ////; 
ttag +46 ////; 
ttag +47 ////; 
ttag +48 ////; 
ttag +49 53/39/30/37/23; 
ttag +50 100/100/100/100/100; 
ttag +51 88/86/76/85/77; 
ttag +52 100/100/99/100/99; 
ttag +53 98/98/97/99/97; 
ttag +54 30/[1]/?/?/?; 
ttag +55 99/99/90/97/94; 
ttag +56 77/61/44/67/42; 
ttag +57 32/10/?/14/?; 
ttag +58 61/52/43/49/42; 
ttag +59 39/17/7/22/8; 
ttag +60 100/100/100/99/100; 
ttag +61 100/100/100/100/100; 
ttag +62 61/50/42/55/42; 
ttag +63 76/69/64/72/58; 
ttag +64 100/100/98/99/99; 
ttag +65 91/88/76/88/80; 
ttag +66 40/16/15/31/15; 
ttag +67 83/78/71/86/75; 
ttag +68 33/14/10/?/10; 
ttag +69 99/99/99/99/99; 
ttag +70 90/86/81/90/77; 
ttag +71 99/99/98/99/98; 
ttag +72 86/82/76/85/73; 
ttag +73 95/94/94/98/94; 
ttag +74 100/100/99/100/100; 
ttag +75 85/81/74/78/76; 
ttag +76 56/31/26/32/21; 
ttag +77 49/23/11/23/16; 
ttag +78 100/100/100/100/100; 
ttag +79 76/70/63/70/56; 
ttag +80 33/4/10/6/6; 
ttag +81 96/96/94/99/95; 
ttag +82 91/89/87/94/90; 
ttag +83 93/91/82/92/79; 
ttag +84 96/96/94/98/94; 
ttag +85 99/99/98/98/96; 
ttag +86 100/100/97/100/100; 
ttag +87 38/16/9/11/9; 
ttag +88 98/97/90/96/90; 
ttag +89 87/81/86/82/82; 
ttag +90 100/100/99/100/99; 
ttag +91 82/78/63/80/76; 
ttag +92 69/64/59/50/52; 
ttag +93 66/44/50/64/32; 
ttag +94 71/64/61/66/59; 
