tread
'Tree with tags' 
(0 ((1 ((15 16 )(17 (18 (19 ((20 21 )((22 23 )(24 25 ))))))))((2 3 )((7 (6 (4 5 )))((8 9 )(10 (11 12 )))))(13 14 )((27 (26 (28 (29 30 ))))((39 (31 ((32 33 )((34 35 )(36 (37 38 ))))))((40 41 )(42 (43 ((44 45 )(46 47 ))))))))); 
ttag *!; 
ttag +49 1; 
ttag +50 ???; 
ttag +51 10; 
ttag +52 11; 
ttag +53 5; 
ttag +54 1; 
ttag +55 6; 
ttag +56 3; 
ttag +57 3; 
ttag +58 3; 
ttag +59 6; 
ttag +60 12; 
ttag +61 8; 
ttag +62 9; 
ttag +63 8; 
ttag +64 3; 
ttag +65 4; 
ttag +66 3; 
ttag +67 8; 
ttag +68 9; 
ttag +69 7; 
ttag +70 9; 
ttag +71 5; 
ttag +72 1; 
ttag +73 9; 
ttag +74 3; 
ttag +75 3; 
ttag +76 8; 
ttag +77 4; 
ttag +78 2; 
ttag +79 5; 
ttag +80 6; 
ttag +81 7; 
ttag +82 2; 
ttag +83 2; 
ttag +84 12; 
ttag +85 9; 
ttag +86 3; 
ttag +87 8; 
ttag +88 8; 
ttag +89 6; 
ttag +90 12; 
ttag +91 6; 
ttag +92 5; 
tread
'Tree with tags' 
(0 ((1 ((15 16 )(17 (18 (19 ((20 21 )((22 23 )(24 25 ))))))))((((2 3 )((7 (6 (4 5 )))((8 9 )(10 (11 12 )))))((27 (26 (28 (29 30 ))))((39 (31 ((32 33 )((34 35 )(36 (37 38 ))))))((40 41 )(42 (43 ((44 45 )(46 47 ))))))))(13 14 )))); 
ttag *!; 
ttag +0 ////; 
ttag +1 ////; 
ttag +2 ////; 
ttag +3 ////; 
ttag +4 ////; 
ttag +5 ////; 
ttag +6 ////; 
ttag +7 ////; 
ttag +8 ////; 
ttag +9 ////; 
ttag +10 ////; 
ttag +11 ////; 
ttag +12 ////; 
ttag +13 ////; 
ttag +14 ////; 
ttag +15 ////; 
ttag +16 ////; 
ttag +17 ////; 
ttag +18 ////; 
ttag +19 ////; 
ttag +20 ////; 
ttag +21 ////; 
ttag +22 ////; 
ttag +23 ////; 
ttag +24 ////; 
ttag +25 ////; 
ttag +26 ////; 
ttag +27 ////; 
ttag +28 ////; 
ttag +29 ////; 
ttag +30 ////; 
ttag +31 ////; 
ttag +32 ////; 
ttag +33 ////; 
ttag +34 ////; 
ttag +35 ////; 
ttag +36 ////; 
ttag +37 ////; 
ttag +38 ////; 
ttag +39 ////; 
ttag +40 ////; 
ttag +41 ////; 
ttag +42 ////; 
ttag +43 ////; 
ttag +44 ////; 
ttag +45 ////; 
ttag +46 ////; 
ttag +47 ////; 
ttag +48 ////; 
ttag +49 37/23/18/28/25; 
ttag +50 100/100/100/100/100; 
ttag +51 100/100/100/100/98; 
ttag +52 100/100/97/100/99; 
ttag +53 28/[4]/6/4/4; 
ttag +54 15/[16]/?/?/?; 
ttag +55 98/98/98/98/97; 
ttag +56 45/17/28/36/18; 
ttag +57 94/93/90/98/92; 
ttag +58 80/71/57/79/64; 
ttag +59 82/78/72/86/72; 
ttag +60 90/88/82/91/84; 
ttag +61 92/90/89/95/86; 
ttag +62 100/100/100/100/100; 
ttag +63 99/99/97/100/100; 
ttag +64 100/100/98/99/99; 
ttag +65 100/100/100/99/99; 
ttag +66 80/72/69/83/66; 
ttag +67 86/82/73/85/80; 
ttag +68 82/79/68/79/70; 
ttag +69 100/100/100/99/100; 
ttag +70 100/100/99/100/98; 
ttag +71 99/99/99/99/96; 
ttag +72 100/100/98/100/99; 
ttag +73 98/98/88/98/93; 
ttag +74 70/53/29/51/27; 
ttag +75 100/100/99/100/98; 
ttag +76 86/84/78/91/85; 
ttag +77 95/95/91/90/88; 
ttag +78 100/100/98/99/98; 
ttag +79 88/82/71/81/76; 
ttag +80 65/48/36/51/41; 
ttag +81 94/92/89/94/88; 
ttag +82 97/96/92/97/95; 
ttag +83 97/96/90/97/93; 
ttag +84 73/63/52/68/55; 
ttag +85 68/58/44/62/46; 
ttag +86 100/100/100/99/100; 
ttag +87 100/100/100/100/100; 
ttag +88 80/72/70/80/61; 
ttag +89 99/99/98/99/98; 
ttag +90 99/99/98/100/98; 
ttag +91 94/92/85/94/83; 
ttag +92 100/100/100/100/100; 
ttag +93 97/97/90/96/89; 
ttag +94 95/93/92/96/91; 
