tread
'Tree with tags' 
(0 ((1 ((2 3 )(((4 5 )(6 7 ))(8 9 (10 (11 12 ))))))(((13 14 )((15 16 )(17 (18 (19 ((20 21 )((22 23 )(24 25 ))))))))((26 (27 (28 (29 30 ))))(39 (31 (32 33 )(34 35 )(36 (37 38 )))((40 41 )(42 43 ((44 45 )(46 47 ))))))))); 
ttag *!; 
ttag +49 1; 
ttag +50 ???; 
ttag +51 6; 
ttag +52 7; 
ttag +53 6; 
ttag +54 5; 
ttag +55 8; 
ttag +56 2; 
ttag +57 1; 
ttag +58 5; 
ttag +59 3; 
ttag +60 4; 
ttag +61 1; 
ttag +62 1; 
ttag +63 13; 
ttag +64 10; 
ttag +65 1; 
ttag +66 6; 
ttag +67 4; 
ttag +68 8; 
ttag +69 3; 
ttag +70 4; 
ttag +71 6; 
ttag +72 6; 
ttag +73 6; 
ttag +74 5; 
ttag +75 3; 
ttag +76 6; 
ttag +77 8; 
ttag +78 7; 
ttag +79 4; 
ttag +80 1; 
ttag +81 3; 
ttag +82 13; 
ttag +83 5; 
ttag +84 3; 
ttag +85 7; 
ttag +86 6; 
ttag +87 7; 
ttag +88 6; 
ttag +89 5; 
tread
'Tree with tags' 
(0 ((1 ((2 3 )(((4 5 )(6 7 ))(9 (8 (10 (11 12 )))))))(((13 14 )((15 16 )(17 (18 (19 ((20 21 )((22 23 )(24 25 ))))))))((26 (27 (28 (29 30 ))))(39 ((31 ((32 33 )((34 35 )(36 (37 38 )))))((40 41 )(43 (42 ((44 45 )(46 47 ))))))))))); 
ttag *!; 
ttag +0 ////; 
ttag +1 ////; 
ttag +2 ////; 
ttag +3 ////; 
ttag +4 ////; 
ttag +5 ////; 
ttag +6 ////; 
ttag +7 ////; 
ttag +8 ////; 
ttag +9 ////; 
ttag +10 ////; 
ttag +11 ////; 
ttag +12 ////; 
ttag +13 ////; 
ttag +14 ////; 
ttag +15 ////; 
ttag +16 ////; 
ttag +17 ////; 
ttag +18 ////; 
ttag +19 ////; 
ttag +20 ////; 
ttag +21 ////; 
ttag +22 ////; 
ttag +23 ////; 
ttag +24 ////; 
ttag +25 ////; 
ttag +26 ////; 
ttag +27 ////; 
ttag +28 ////; 
ttag +29 ////; 
ttag +30 ////; 
ttag +31 ////; 
ttag +32 ////; 
ttag +33 ////; 
ttag +34 ////; 
ttag +35 ////; 
ttag +36 ////; 
ttag +37 ////; 
ttag +38 ////; 
ttag +39 ////; 
ttag +40 ////; 
ttag +41 ////; 
ttag +42 ////; 
ttag +43 ////; 
ttag +44 ////; 
ttag +45 ////; 
ttag +46 ////; 
ttag +47 ////; 
ttag +48 ////; 
ttag +49 41/20/12/18/12; 
ttag +50 100/100/100/100/100; 
ttag +51 98/97/93/99/93; 
ttag +52 99/99/98/100/99; 
ttag +53 98/98/98/97/94; 
ttag +54 94/94/88/94/87; 
ttag +55 100/100/96/99/98; 
ttag +56 65/46/41/47/40; 
ttag +57 8/[20]/?/?/?; 
ttag +58 55/26/15/25/20; 
ttag +59 97/96/91/96/89; 
ttag +60 86/82/73/82/72; 
ttag +61 99/98/97/98/98; 
ttag +62 38/8/?/10/5; 
ttag +63 36/15/13/19/9; 
ttag +64 100/100/100/100/100; 
ttag +65 99/99/95/99/94; 
ttag +66 77/68/65/71/69; 
ttag +67 98/97/94/99/94; 
ttag +68 92/89/82/92/90; 
ttag +69 100/100/100/100/100; 
ttag +70 90/88/88/94/86; 
ttag +71 92/89/86/93/80; 
ttag +72 100/100/100/99/99; 
ttag +73 98/97/92/98/97; 
ttag +74 96/94/93/98/90; 
ttag +75 89/86/80/86/76; 
ttag +76 82/77/65/82/66; 
ttag +77 96/96/90/96/93; 
ttag +78 99/98/98/99/98; 
ttag +79 99/98/94/98/93; 
ttag +80 34/18/16/10/10; 
ttag +81 96/96/88/93/88; 
ttag +82 61/45/36/54/40; 
ttag +83 33/[10]/?/?/?; 
ttag +84 91/89/85/91/87; 
ttag +85 28/[15]/?/?/?; 
ttag +86 100/100/100/100/100; 
ttag +87 96/96/92/96/91; 
ttag +88 85/80/75/79/80; 
ttag +89 99/99/97/100/94; 
ttag +90 26/[33]/?/?/?; 
ttag +91 99/99/96/99/96; 
ttag +92 100/100/98/99/97; 
ttag +93 99/98/96/99/95; 
ttag +94 98/98/92/97/94; 
