tread
'Tree with tags' 
(0 (1 (8 9 (2 3 )(6 7 (4 5 ))(10 (11 12 )))((13 14 )((17 (15 16 )(18 (19 ((20 21 )((22 23 )(24 25 ))))))((26 (27 (28 (29 30 ))))(39 (31 ((32 33 )(34 35 )(36 (37 38 ))))(41 (40 (42 (43 ((44 45 )(46 47 )))))))))))); 
ttag *!; 
ttag +49 ???; 
ttag +50 9; 
ttag +51 12; 
ttag +52 5; 
ttag +53 4; 
ttag +54 8; 
ttag +55 8; 
ttag +56 9; 
ttag +57 1; 
ttag +58 10; 
ttag +59 2; 
ttag +60 1; 
ttag +61 3; 
ttag +62 3; 
ttag +63 8; 
ttag +64 7; 
ttag +65 8; 
ttag +66 8; 
ttag +67 5; 
ttag +68 4; 
ttag +69 3; 
ttag +70 1; 
ttag +71 6; 
ttag +72 2; 
ttag +73 6; 
ttag +74 8; 
ttag +75 7; 
ttag +76 5; 
ttag +77 5; 
ttag +78 11; 
ttag +79 9; 
ttag +80 1; 
ttag +81 9; 
ttag +82 5; 
ttag +83 1; 
ttag +84 3; 
ttag +85 5; 
ttag +86 2; 
tread
'Tree with tags' 
(0 ((1 ((13 14 )((17 ((15 16 )(18 (19 ((20 21 )((22 23 )(24 25 )))))))((26 (27 (28 (29 30 ))))((39 (31 ((32 33 )((34 35 )(36 (37 38 ))))))(41 (40 (42 (43 ((44 45 )(46 47 )))))))))))((2 3 )(((4 5 )(6 7 ))(8 (9 (10 (11 12 )))))))); 
ttag *!; 
ttag +0 ////; 
ttag +1 ////; 
ttag +2 ////; 
ttag +3 ////; 
ttag +4 ////; 
ttag +5 ////; 
ttag +6 ////; 
ttag +7 ////; 
ttag +8 ////; 
ttag +9 ////; 
ttag +10 ////; 
ttag +11 ////; 
ttag +12 ////; 
ttag +13 ////; 
ttag +14 ////; 
ttag +15 ////; 
ttag +16 ////; 
ttag +17 ////; 
ttag +18 ////; 
ttag +19 ////; 
ttag +20 ////; 
ttag +21 ////; 
ttag +22 ////; 
ttag +23 ////; 
ttag +24 ////; 
ttag +25 ////; 
ttag +26 ////; 
ttag +27 ////; 
ttag +28 ////; 
ttag +29 ////; 
ttag +30 ////; 
ttag +31 ////; 
ttag +32 ////; 
ttag +33 ////; 
ttag +34 ////; 
ttag +35 ////; 
ttag +36 ////; 
ttag +37 ////; 
ttag +38 ////; 
ttag +39 ////; 
ttag +40 ////; 
ttag +41 ////; 
ttag +42 ////; 
ttag +43 ////; 
ttag +44 ////; 
ttag +45 ////; 
ttag +46 ////; 
ttag +47 ////; 
ttag +48 ////; 
ttag +49 19/[4]/?/?/?; 
ttag +50 100/100/100/100/100; 
ttag +51 100/100/100/99/99; 
ttag +52 100/100/99/100/100; 
ttag +53 96/95/96/98/94; 
ttag +54 96/94/90/90/84; 
ttag +55 32/16/20/24/16; 
ttag +56 37/2/5/2/?; 
ttag +57 40/27/20/18/25; 
ttag +58 42/28/15/12/16; 
ttag +59 99/99/98/100/99; 
ttag +60 100/100/99/100/99; 
ttag +61 100/100/100/100/100; 
ttag +62 55/48/43/48/48; 
ttag +63 100/100/99/100/96; 
ttag +64 12/[46]/?/?/?; 
ttag +65 72/64/58/72/58; 
ttag +66 64/50/54/44/52; 
ttag +67 89/86/71/84/65; 
ttag +68 86/83/78/90/78; 
ttag +69 100/100/100/99/100; 
ttag +70 97/96/92/99/91; 
ttag +71 100/100/100/100/100; 
ttag +72 99/98/96/99/96; 
ttag +73 98/97/94/98/92; 
ttag +74 93/92/88/91/86; 
ttag +75 91/86/85/91/71; 
ttag +76 67/53/35/43/38; 
ttag +77 98/97/94/97/94; 
ttag +78 65/53/48/56/46; 
ttag +79 97/97/94/98/94; 
ttag +80 35/[4]/?/2/7; 
ttag +81 99/99/98/100/98; 
ttag +82 100/100/99/100/100; 
ttag +83 98/98/94/98/98; 
ttag +84 100/100/97/98/95; 
ttag +85 26/[10]/?/?/1; 
ttag +86 100/100/100/99/99; 
ttag +87 99/99/98/99/99; 
ttag +88 57/48/36/50/40; 
ttag +89 100/100/98/98/98; 
ttag +90 95/94/90/95/86; 
ttag +91 46/29/25/24/22; 
ttag +92 93/91/87/96/89; 
ttag +93 96/96/92/96/93; 
ttag +94 62/44/40/52/44; 
