tread
'Tree with tags' 
(0 (1 ((2 3 )(((4 5 )(6 7 ))((8 9 )(10 (11 12 )))))((13 14 )((15 16 )(17 (18 (19 ((20 21 )((22 23 )(24 25 )))))))((26 (27 (28 (29 30 ))))((31 (((32 33 )(34 35 ))(36 (37 38 ))))(39 (40 41 (42 (43 (46 47 (44 45 ))))))))))); 
ttag *!; 
ttag +49 ???; 
ttag +50 5; 
ttag +51 6; 
ttag +52 6; 
ttag +53 6; 
ttag +54 2; 
ttag +55 1; 
ttag +56 1; 
ttag +57 1; 
ttag +58 4; 
ttag +59 8; 
ttag +60 7; 
ttag +61 1; 
ttag +62 15; 
ttag +63 8; 
ttag +64 1; 
ttag +65 7; 
ttag +66 3; 
ttag +67 4; 
ttag +68 7; 
ttag +69 8; 
ttag +70 9; 
ttag +71 1; 
ttag +72 7; 
ttag +73 2; 
ttag +74 2; 
ttag +75 3; 
ttag +76 6; 
ttag +77 3; 
ttag +78 7; 
ttag +79 4; 
ttag +80 3; 
ttag +81 5; 
ttag +82 4; 
ttag +83 16; 
ttag +84 6; 
ttag +85 1; 
ttag +86 5; 
ttag +87 4; 
ttag +88 2; 
ttag +89 3; 
ttag +90 6; 
tread
'Tree with tags' 
(0 ((1 ((13 14 )(((15 16 )(17 (18 (19 ((20 21 )((22 23 )(24 25 )))))))((26 (27 (28 (29 30 ))))((31 (((32 33 )(34 35 ))(36 (37 38 ))))(39 (41 (40 (42 (43 (47 (46 (44 45 )))))))))))))((2 3 )(((4 5 )(6 7 ))((8 9 )(10 (11 12 ))))))); 
ttag *!; 
ttag +0 ////; 
ttag +1 ////; 
ttag +2 ////; 
ttag +3 ////; 
ttag +4 ////; 
ttag +5 ////; 
ttag +6 ////; 
ttag +7 ////; 
ttag +8 ////; 
ttag +9 ////; 
ttag +10 ////; 
ttag +11 ////; 
ttag +12 ////; 
ttag +13 ////; 
ttag +14 ////; 
ttag +15 ////; 
ttag +16 ////; 
ttag +17 ////; 
ttag +18 ////; 
ttag +19 ////; 
ttag +20 ////; 
ttag +21 ////; 
ttag +22 ////; 
ttag +23 ////; 
ttag +24 ////; 
ttag +25 ////; 
ttag +26 ////; 
ttag +27 ////; 
ttag +28 ////; 
ttag +29 ////; 
ttag +30 ////; 
ttag +31 ////; 
ttag +32 ////; 
ttag +33 ////; 
ttag +34 ////; 
ttag +35 ////; 
ttag +36 ////; 
ttag +37 ////; 
ttag +38 ////; 
ttag +39 ////; 
ttag +40 ////; 
ttag +41 ////; 
ttag +42 ////; 
ttag +43 ////; 
ttag +44 ////; 
ttag +45 ////; 
ttag +46 ////; 
ttag +47 ////; 
ttag +48 ////; 
ttag +49 11/[24]/?/?/?; 
ttag +50 100/100/100/100/100; 
ttag +51 96/96/96/97/92; 
ttag +52 93/92/86/94/85; 
ttag +53 98/98/98/100/96; 
ttag +54 96/96/91/97/93; 
ttag +55 55/25/22/22/26; 
ttag +56 41/8/1/12/7; 
ttag +57 47/27/20/31/24; 
ttag +58 57/51/44/43/39; 
ttag +59 96/95/92/96/92; 
ttag +60 100/100/98/99/99; 
ttag +61 99/99/96/99/98; 
ttag +62 27/2/?/1/3; 
ttag +63 100/100/100/100/100; 
ttag +64 100/100/98/99/97; 
ttag +65 4/[26]/?/?/?; 
ttag +66 53/33/23/52/34; 
ttag +67 94/93/90/96/88; 
ttag +68 91/89/82/92/84; 
ttag +69 93/92/92/97/92; 
ttag +70 99/99/96/98/94; 
ttag +71 99/99/99/99/96; 
ttag +72 100/100/99/99/100; 
ttag +73 50/20/24/36/25; 
ttag +74 99/98/98/99/97; 
ttag +75 75/72/66/78/70; 
ttag +76 55/36/15/34/30; 
ttag +77 64/46/22/42/42; 
ttag +78 99/99/98/98/96; 
ttag +79 86/83/80/90/78; 
ttag +80 99/98/98/100/98; 
ttag +81 99/99/96/98/97; 
ttag +82 87/86/72/87/68; 
ttag +83 87/81/80/90/75; 
ttag +84 98/96/90/95/92; 
ttag +85 100/100/100/100/100; 
ttag +86 97/95/94/98/90; 
ttag +87 63/49/30/38/41; 
ttag +88 40/4/4/1/4; 
ttag +89 95/94/93/95/92; 
ttag +90 76/64/62/70/66; 
ttag +91 70/58/54/60/60; 
ttag +92 79/72/70/73/62; 
ttag +93 19/[7]/?/?/?; 
ttag +94 97/96/95/97/86; 
