tread
'Tree with tags' 
(0 ((1 (((8 (9 (2 3 )))(10 (11 12 )))(4 5 6 7 )))(((13 14 )((15 16 )(17 ((18 19 )((20 21 )((22 23 )(24 25 )))))))((26 (27 28 (29 30 )))((31 ((32 33 )(34 35 )(36 (37 38 ))))(39 ((40 41 )(42 (43 ((44 45 )(46 47 ))))))))))); 
ttag *!; 
ttag +49 2; 
ttag +50 ???; 
ttag +51 7; 
ttag +52 1; 
ttag +53 1; 
ttag +54 3; 
ttag +55 15; 
ttag +56 5; 
ttag +57 9; 
ttag +58 6; 
ttag +59 7; 
ttag +60 1; 
ttag +61 4; 
ttag +62 10; 
ttag +63 1; 
ttag +64 2; 
ttag +65 1; 
ttag +66 5; 
ttag +67 8; 
ttag +68 8; 
ttag +69 16; 
ttag +70 5; 
ttag +71 2; 
ttag +72 3; 
ttag +73 8; 
ttag +74 5; 
ttag +75 9; 
ttag +76 4; 
ttag +77 5; 
ttag +78 5; 
ttag +79 8; 
ttag +80 6; 
ttag +81 9; 
ttag +82 9; 
ttag +83 1; 
ttag +84 1; 
ttag +85 3; 
ttag +86 10; 
ttag +87 2; 
ttag +88 7; 
ttag +89 2; 
ttag +90 3; 
tread
'Tree with tags' 
(0 ((1 (((8 (9 (2 3 )))(10 (11 12 )))(7 (4 (5 6 )))))(((13 14 )((15 16 )(17 ((18 19 )((20 21 )((22 23 )(24 25 )))))))((26 (27 (28 (29 30 ))))((31 ((32 33 )((34 35 )(36 (37 38 )))))(39 ((40 41 )(42 (43 ((44 45 )(46 47 ))))))))))); 
ttag *!; 
ttag +0 ////; 
ttag +1 ////; 
ttag +2 ////; 
ttag +3 ////; 
ttag +4 ////; 
ttag +5 ////; 
ttag +6 ////; 
ttag +7 ////; 
ttag +8 ////; 
ttag +9 ////; 
ttag +10 ////; 
ttag +11 ////; 
ttag +12 ////; 
ttag +13 ////; 
ttag +14 ////; 
ttag +15 ////; 
ttag +16 ////; 
ttag +17 ////; 
ttag +18 ////; 
ttag +19 ////; 
ttag +20 ////; 
ttag +21 ////; 
ttag +22 ////; 
ttag +23 ////; 
ttag +24 ////; 
ttag +25 ////; 
ttag +26 ////; 
ttag +27 ////; 
ttag +28 ////; 
ttag +29 ////; 
ttag +30 ////; 
ttag +31 ////; 
ttag +32 ////; 
ttag +33 ////; 
ttag +34 ////; 
ttag +35 ////; 
ttag +36 ////; 
ttag +37 ////; 
ttag +38 ////; 
ttag +39 ////; 
ttag +40 ////; 
ttag +41 ////; 
ttag +42 ////; 
ttag +43 ////; 
ttag +44 ////; 
ttag +45 ////; 
ttag +46 ////; 
ttag +47 ////; 
ttag +48 ////; 
ttag +49 67/61/45/68/46; 
ttag +50 100/100/100/100/100; 
ttag +51 97/96/90/98/87; 
ttag +52 36/24/10/32/7; 
ttag +53 38/25/10/35/3; 
ttag +54 72/64/50/65/42; 
ttag +55 99/99/97/100/98; 
ttag +56 36/19/19/17/10; 
ttag +57 96/95/91/96/95; 
ttag +58 20/[35]/?/?/?; 
ttag +59 95/94/94/98/94; 
ttag +60 98/97/88/94/83; 
ttag +61 99/99/99/100/99; 
ttag +62 32/16/22/24/20; 
ttag +63 74/70/66/75/58; 
ttag +64 100/100/99/100/100; 
ttag +65 39/22/22/31/20; 
ttag +66 78/72/56/67/54; 
ttag +67 60/47/34/55/43; 
ttag +68 97/97/90/95/87; 
ttag +69 100/100/100/100/100; 
ttag +70 98/98/94/100/94; 
ttag +71 100/100/100/100/99; 
ttag +72 96/95/94/98/94; 
ttag +73 73/60/51/58/44; 
ttag +74 84/79/79/87/80; 
ttag +75 100/100/98/100/97; 
ttag +76 86/82/82/89/84; 
ttag +77 32/[7]/?/?/?; 
ttag +78 98/98/97/97/98; 
ttag +79 95/94/90/94/87; 
ttag +80 94/92/82/90/78; 
ttag +81 99/99/97/99/93; 
ttag +82 100/100/99/98/99; 
ttag +83 99/99/97/98/99; 
ttag +84 50/16/6/13/0; 
ttag +85 100/100/100/100/100; 
ttag +86 100/100/100/99/99; 
ttag +87 56/35/32/44/28; 
ttag +88 48/16/7/23/15; 
ttag +89 90/88/76/85/80; 
ttag +90 100/100/100/100/99; 
ttag +91 50/16/?/20/?; 
ttag +92 98/98/98/99/98; 
ttag +93 57/40/30/41/28; 
ttag +94 72/59/39/62/50; 
