tread
'Tree with tags' 
(0 ((1 ((2 3 )(((4 5 )(6 7 ))((8 9 )(10 (11 12 ))))))(((13 14 )((26 (27 (28 (29 30 ))))(39 (31 ((32 33 )((34 35 )(36 (37 38 )))))(40 41 (42 43 (46 47 (44 45 )))))))(17 (15 16 )(18 19 ((20 21 )((22 23 )(24 25 )))))))); 
ttag *!; 
ttag +49 2; 
ttag +50 ???; 
ttag +51 8; 
ttag +52 9; 
ttag +53 7; 
ttag +54 9; 
ttag +55 5; 
ttag +56 6; 
ttag +57 1; 
ttag +58 1; 
ttag +59 2; 
ttag +60 11; 
ttag +61 8; 
ttag +62 2; 
ttag +63 2; 
ttag +64 12; 
ttag +65 7; 
ttag +66 3; 
ttag +67 7; 
ttag +68 2; 
ttag +69 8; 
ttag +70 7; 
ttag +71 2; 
ttag +72 5; 
ttag +73 6; 
ttag +74 4; 
ttag +75 7; 
ttag +76 11; 
ttag +77 9; 
ttag +78 1; 
ttag +79 10; 
ttag +80 2; 
ttag +81 4; 
ttag +82 1; 
ttag +83 9; 
ttag +84 2; 
ttag +85 4; 
ttag +86 6; 
ttag +87 1; 
ttag +88 7; 
tread
'Tree with tags' 
(0 ((1 ((2 3 )(((4 5 )(6 7 ))((8 9 )(10 (11 12 ))))))(((13 14 )((26 (27 (28 (29 30 ))))(39 ((31 ((32 33 )((34 35 )(36 (37 38 )))))((40 41 )(43 (42 (47 (46 (44 45 ))))))))))((15 16 )(17 (18 (19 ((20 21 )((22 23 )(24 25 )))))))))); 
ttag *!; 
ttag +0 ////; 
ttag +1 ////; 
ttag +2 ////; 
ttag +3 ////; 
ttag +4 ////; 
ttag +5 ////; 
ttag +6 ////; 
ttag +7 ////; 
ttag +8 ////; 
ttag +9 ////; 
ttag +10 ////; 
ttag +11 ////; 
ttag +12 ////; 
ttag +13 ////; 
ttag +14 ////; 
ttag +15 ////; 
ttag +16 ////; 
ttag +17 ////; 
ttag +18 ////; 
ttag +19 ////; 
ttag +20 ////; 
ttag +21 ////; 
ttag +22 ////; 
ttag +23 ////; 
ttag +24 ////; 
ttag +25 ////; 
ttag +26 ////; 
ttag +27 ////; 
ttag +28 ////; 
ttag +29 ////; 
ttag +30 ////; 
ttag +31 ////; 
ttag +32 ////; 
ttag +33 ////; 
ttag +34 ////; 
ttag +35 ////; 
ttag +36 ////; 
ttag +37 ////; 
ttag +38 ////; 
ttag +39 ////; 
ttag +40 ////; 
ttag +41 ////; 
ttag +42 ////; 
ttag +43 ////; 
ttag +44 ////; 
ttag +45 ////; 
ttag +46 ////; 
ttag +47 ////; 
ttag +48 ////; 
ttag +49 76/72/68/80/61; 
ttag +50 100/100/100/100/100; 
ttag +51 100/100/98/100/100; 
ttag +52 100/100/99/100/99; 
ttag +53 99/99/95/99/97; 
ttag +54 100/100/98/99/98; 
ttag +55 97/96/90/92/84; 
ttag +56 100/100/94/97/96; 
ttag +57 48/33/30/33/37; 
ttag +58 48/28/34/34/22; 
ttag +59 77/66/57/62/51; 
ttag +60 100/100/100/100/100; 
ttag +61 99/99/99/100/99; 
ttag +62 83/79/72/81/66; 
ttag +63 83/79/75/79/68; 
ttag +64 100/100/100/100/100; 
ttag +65 98/98/97/100/94; 
ttag +66 24/[10]/?/?/?; 
ttag +67 70/51/44/66/49; 
ttag +68 30/18/12/12/4; 
ttag +69 100/100/100/100/100; 
ttag +70 75/66/63/75/57; 
ttag +71 100/100/98/100/99; 
ttag +72 100/100/99/99/100; 
ttag +73 75/64/59/68/68; 
ttag +74 97/96/92/98/92; 
ttag +75 98/98/97/99/97; 
ttag +76 96/94/91/96/94; 
ttag +77 100/100/98/99/100; 
ttag +78 100/100/98/100/98; 
ttag +79 100/100/99/99/98; 
ttag +80 38/12/?/12/7; 
ttag +81 76/62/41/55/46; 
ttag +82 100/100/99/100/99; 
ttag +83 69/63/40/56/43; 
ttag +84 98/98/94/96/96; 
ttag +85 55/32/7/30/15; 
ttag +86 100/100/100/100/97; 
ttag +87 64/54/33/48/41; 
ttag +88 51/24/19/24/17; 
ttag +89 90/88/70/87/78; 
ttag +90 23/[23]/?/?/?; 
ttag +91 99/99/98/100/98; 
ttag +92 70/53/30/46/46; 
ttag +93 25/[5]/?/?/3; 
ttag +94 99/98/97/100/96; 
