tread
'Tree with tags' 
(0 (((1 ((2 3 )(((4 5 )(6 7 ))(8 (9 (10 (11 12 )))))))((15 16 )(17 (18 (19 ((20 21 )((22 23 )(24 25 ))))))))(13 14 )((26 (27 (28 (29 30 ))))((31 (((32 33 )(34 35 ))(36 (37 38 ))))(39 ((40 41 )(42 (43 ((44 45 )(46 47 )))))))))); 
ttag *!; 
ttag +49 1; 
ttag +50 1; 
ttag +51 ???; 
ttag +52 1; 
ttag +53 5; 
ttag +54 6; 
ttag +55 7; 
ttag +56 5; 
ttag +57 1; 
ttag +58 4; 
ttag +59 1; 
ttag +60 2; 
ttag +61 7; 
ttag +62 7; 
ttag +63 11; 
ttag +64 4; 
ttag +65 1; 
ttag +66 2; 
ttag +67 4; 
ttag +68 5; 
ttag +69 8; 
ttag +70 10; 
ttag +71 4; 
ttag +72 7; 
ttag +73 3; 
ttag +74 8; 
ttag +75 3; 
ttag +76 6; 
ttag +77 3; 
ttag +78 7; 
ttag +79 2; 
ttag +80 5; 
ttag +81 1; 
ttag +82 2; 
ttag +83 8; 
ttag +84 9; 
ttag +85 4; 
ttag +86 3; 
ttag +87 1; 
ttag +88 10; 
ttag +89 7; 
ttag +90 3; 
ttag +91 9; 
ttag +92 7; 
ttag +93 2; 
tread
'Tree with tags' 
(0 (((1 ((2 3 )(((4 5 )(6 7 ))(8 (9 (10 (11 12 )))))))((15 16 )(17 (18 (19 ((20 21 )((22 23 )(24 25 ))))))))((13 14 )((26 (27 (28 (29 30 ))))((31 (((32 33 )(34 35 ))(36 (37 38 ))))(39 ((40 41 )(42 (43 ((44 45 )(46 47 ))))))))))); 
ttag *!; 
ttag +0 ////; 
ttag +1 ////; 
ttag +2 ////; 
ttag +3 ////; 
ttag +4 ////; 
ttag +5 ////; 
ttag +6 ////; 
ttag +7 ////; 
ttag +8 ////; 
ttag +9 ////; 
ttag +10 ////; 
ttag +11 ////; 
ttag +12 ////; 
ttag +13 ////; 
ttag +14 ////; 
ttag +15 ////; 
ttag +16 ////; 
ttag +17 ////; 
ttag +18 ////; 
ttag +19 ////; 
ttag +20 ////; 
ttag +21 ////; 
ttag +22 ////; 
ttag +23 ////; 
ttag +24 ////; 
ttag +25 ////; 
ttag +26 ////; 
ttag +27 ////; 
ttag +28 ////; 
ttag +29 ////; 
ttag +30 ////; 
ttag +31 ////; 
ttag +32 ////; 
ttag +33 ////; 
ttag +34 ////; 
ttag +35 ////; 
ttag +36 ////; 
ttag +37 ////; 
ttag +38 ////; 
ttag +39 ////; 
ttag +40 ////; 
ttag +41 ////; 
ttag +42 ////; 
ttag +43 ////; 
ttag +44 ////; 
ttag +45 ////; 
ttag +46 ////; 
ttag +47 ////; 
ttag +48 ////; 
ttag +49 59/41/42/51/44; 
ttag +50 52/40/17/30/31; 
ttag +51 100/100/100/100/100; 
ttag +52 62/39/36/40/41; 
ttag +53 94/90/80/92/80; 
ttag +54 94/91/88/98/92; 
ttag +55 100/100/98/98/99; 
ttag +56 91/87/74/85/77; 
ttag +57 39/15/24/25/11; 
ttag +58 70/62/58/70/55; 
ttag +59 21/[1]/7/12/4; 
ttag +60 64/56/52/50/54; 
ttag +61 100/100/98/99/96; 
ttag +62 99/99/98/99/98; 
ttag +63 24/[2]/?/?/?; 
ttag +64 100/100/100/100/99; 
ttag +65 91/89/82/90/82; 
ttag +66 52/44/40/44/31; 
ttag +67 57/50/56/60/54; 
ttag +68 80/73/71/83/73; 
ttag +69 100/100/99/98/99; 
ttag +70 98/96/88/97/89; 
ttag +71 99/99/99/98/100; 
ttag +72 83/74/61/78/65; 
ttag +73 99/99/97/99/96; 
ttag +74 88/86/81/89/79; 
ttag +75 100/100/92/99/96; 
ttag +76 94/93/88/93/88; 
ttag +77 100/100/96/98/92; 
ttag +78 96/96/98/95/96; 
ttag +79 99/99/91/100/95; 
ttag +80 71/54/40/60/52; 
ttag +81 98/98/96/96/94; 
ttag +82 46/33/33/28/23; 
ttag +83 67/55/48/58/50; 
ttag +84 100/100/96/100/99; 
ttag +85 100/100/99/100/99; 
ttag +86 90/86/82/89/77; 
ttag +87 86/81/60/77/70; 
ttag +88 61/42/24/38/30; 
ttag +89 100/100/98/99/97; 
ttag +90 99/99/96/98/97; 
ttag +91 78/66/55/75/67; 
ttag +92 100/100/97/100/100; 
ttag +93 99/99/97/98/94; 
ttag +94 87/87/84/91/85; 
