tread
'Tree with tags' 
(0 ((1 ((15 16 )(17 (18 (19 ((20 21 )(25 (24 (22 23 )))))))))(((2 3 )(((4 5 )(6 7 ))(8 (9 (10 (11 12 ))))))((13 14 )((26 (27 (28 (29 30 ))))(39 (31 (((32 33 )(36 (37 38 )))(34 35 )))((40 41 )(43 (42 (46 (47 (44 45 )))))))))))); 
ttag *!; 
ttag +49 2; 
ttag +50 ???; 
ttag +51 8; 
ttag +52 4; 
ttag +53 2; 
ttag +54 8; 
ttag +55 11; 
ttag +56 7; 
ttag +57 4; 
ttag +58 3; 
ttag +59 1; 
ttag +60 3; 
ttag +61 4; 
ttag +62 8; 
ttag +63 2; 
ttag +64 7; 
ttag +65 6; 
ttag +66 1; 
ttag +67 3; 
ttag +68 2; 
ttag +69 13; 
ttag +70 2; 
ttag +71 7; 
ttag +72 1; 
ttag +73 3; 
ttag +74 4; 
ttag +75 6; 
ttag +76 2; 
ttag +77 2; 
ttag +78 9; 
ttag +79 1; 
ttag +80 4; 
ttag +81 6; 
ttag +82 1; 
ttag +83 4; 
ttag +84 4; 
ttag +85 7; 
ttag +86 5; 
ttag +87 2; 
ttag +88 4; 
ttag +89 2; 
ttag +90 9; 
ttag +91 5; 
ttag +92 1; 
ttag +93 7; 
tread
'Tree with tags' 
(0 ((1 ((15 16 )(17 (18 (19 ((20 21 )(25 (24 (22 23 )))))))))(((2 3 )(((4 5 )(6 7 ))(8 (9 (10 (11 12 ))))))((13 14 )((26 (27 (28 (29 30 ))))((39 (31 (((32 33 )(36 (37 38 )))(34 35 ))))((40 41 )(43 (42 (46 (47 (44 45 )))))))))))); 
ttag *!; 
ttag +0 ////; 
ttag +1 ////; 
ttag +2 ////; 
ttag +3 ////; 
ttag +4 ////; 
ttag +5 ////; 
ttag +6 ////; 
ttag +7 ////; 
ttag +8 ////; 
ttag +9 ////; 
ttag +10 ////; 
ttag +11 ////; 
ttag +12 ////; 
ttag +13 ////; 
ttag +14 ////; 
ttag +15 ////; 
ttag +16 ////; 
ttag +17 ////; 
ttag +18 ////; 
ttag +19 ////; 
ttag +20 ////; 
ttag +21 ////; 
ttag +22 ////; 
ttag +23 ////; 
ttag +24 ////; 
ttag +25 ////; 
ttag +26 ////; 
ttag +27 ////; 
ttag +28 ////; 
ttag +29 ////; 
ttag +30 ////; 
ttag +31 ////; 
ttag +32 ////; 
ttag +33 ////; 
ttag +34 ////; 
ttag +35 ////; 
ttag +36 ////; 
ttag +37 ////; 
ttag +38 ////; 
ttag +39 ////; 
ttag +40 ////; 
ttag +41 ////; 
ttag +42 ////; 
ttag +43 ////; 
ttag +44 ////; 
ttag +45 ////; 
ttag +46 ////; 
ttag +47 ////; 
ttag +48 ////; 
ttag +49 40/10/4/16/3; 
ttag +50 100/100/100/100/100; 
ttag +51 100/100/100/99/99; 
ttag +52 88/85/74/80/76; 
ttag +53 47/36/21/22/18; 
ttag +54 98/98/96/99/99; 
ttag +55 100/100/100/100/98; 
ttag +56 98/97/91/96/93; 
ttag +57 97/96/94/96/93; 
ttag +58 76/68/59/76/55; 
ttag +59 38/16/21/16/12; 
ttag +60 80/76/61/77/56; 
ttag +61 95/94/85/90/84; 
ttag +62 99/99/98/98/98; 
ttag +63 61/52/49/54/52; 
ttag +64 99/98/97/98/93; 
ttag +65 97/96/91/94/86; 
ttag +66 62/44/39/42/29; 
ttag +67 93/88/80/90/86; 
ttag +68 73/68/62/76/62; 
ttag +69 100/100/100/100/100; 
ttag +70 78/67/60/57/51; 
ttag +71 99/99/98/99/98; 
ttag +72 53/37/31/32/34; 
ttag +73 84/77/72/79/73; 
ttag +74 75/69/61/71/57; 
ttag +75 99/98/94/97/93; 
ttag +76 60/51/39/67/44; 
ttag +77 62/44/30/60/27; 
ttag +78 99/99/98/100/99; 
ttag +79 53/34/35/31/35; 
ttag +80 27/[15]/?/?/?; 
ttag +81 96/95/90/96/92; 
ttag +82 99/99/97/98/98; 
ttag +83 61/47/38/38/30; 
ttag +84 96/96/92/90/91; 
ttag +85 98/98/97/97/96; 
ttag +86 94/94/92/94/92; 
ttag +87 96/94/90/92/87; 
ttag +88 75/64/56/66/45; 
ttag +89 90/88/84/92/91; 
ttag +90 60/42/33/48/23; 
ttag +91 99/98/98/99/96; 
ttag +92 91/90/83/90/76; 
ttag +93 46/9/?/16/?; 
ttag +94 96/96/93/96/95; 
