tread
'Tree with tags' 
(0 (1 (((10 ((2 3 )(11 12 )))(8 9 ))((4 5 )(6 7 )))(13 14 )((15 16 )(17 (18 (19 ((20 21 )((22 23 )(24 25 )))))))((26 (27 (28 (29 30 ))))((31 (((32 33 )(36 (37 38 )))(34 35 )))(39 ((40 41 )(42 (43 ((44 45 )(46 47 )))))))))); 
ttag *!; 
ttag +49 ???; 
ttag +50 9; 
ttag +51 1; 
ttag +52 2; 
ttag +53 1; 
ttag +54 5; 
ttag +55 8; 
ttag +56 5; 
ttag +57 2; 
ttag +58 2; 
ttag +59 8; 
ttag +60 14; 
ttag +61 8; 
ttag +62 7; 
ttag +63 2; 
ttag +64 1; 
ttag +65 2; 
ttag +66 9; 
ttag +67 7; 
ttag +68 11; 
ttag +69 8; 
ttag +70 6; 
ttag +71 10; 
ttag +72 3; 
ttag +73 5; 
ttag +74 7; 
ttag +75 10; 
ttag +76 2; 
ttag +77 4; 
ttag +78 6; 
ttag +79 3; 
ttag +80 3; 
ttag +81 4; 
ttag +82 7; 
ttag +83 12; 
ttag +84 1; 
ttag +85 4; 
ttag +86 9; 
ttag +87 4; 
ttag +88 4; 
ttag +89 6; 
ttag +90 2; 
ttag +91 4; 
tread
'Tree with tags' 
(0 ((1 ((13 14 )(((15 16 )(17 (18 (19 ((20 21 )((22 23 )(24 25 )))))))((26 (27 (28 (29 30 ))))((31 (((32 33 )(36 (37 38 )))(34 35 )))(39 ((40 41 )(42 (43 ((44 45 )(46 47 )))))))))))(((10 ((2 3 )(11 12 )))(8 9 ))((4 5 )(6 7 ))))); 
ttag *!; 
ttag +0 ////; 
ttag +1 ////; 
ttag +2 ////; 
ttag +3 ////; 
ttag +4 ////; 
ttag +5 ////; 
ttag +6 ////; 
ttag +7 ////; 
ttag +8 ////; 
ttag +9 ////; 
ttag +10 ////; 
ttag +11 ////; 
ttag +12 ////; 
ttag +13 ////; 
ttag +14 ////; 
ttag +15 ////; 
ttag +16 ////; 
ttag +17 ////; 
ttag +18 ////; 
ttag +19 ////; 
ttag +20 ////; 
ttag +21 ////; 
ttag +22 ////; 
ttag +23 ////; 
ttag +24 ////; 
ttag +25 ////; 
ttag +26 ////; 
ttag +27 ////; 
ttag +28 ////; 
ttag +29 ////; 
ttag +30 ////; 
ttag +31 ////; 
ttag +32 ////; 
ttag +33 ////; 
ttag +34 ////; 
ttag +35 ////; 
ttag +36 ////; 
ttag +37 ////; 
ttag +38 ////; 
ttag +39 ////; 
ttag +40 ////; 
ttag +41 ////; 
ttag +42 ////; 
ttag +43 ////; 
ttag +44 ////; 
ttag +45 ////; 
ttag +46 ////; 
ttag +47 ////; 
ttag +48 ////; 
ttag +49 20/0/?/?/4; 
ttag +50 100/100/100/100/100; 
ttag +51 100/100/98/100/98; 
ttag +52 45/17/22/35/12; 
ttag +53 50/22/20/42/12; 
ttag +54 28/0/0/14/?; 
ttag +55 90/89/75/90/75; 
ttag +56 100/100/98/99/98; 
ttag +57 96/95/85/94/85; 
ttag +58 64/54/42/57/36; 
ttag +59 70/59/56/59/47; 
ttag +60 100/100/99/99/100; 
ttag +61 100/100/100/100/100; 
ttag +62 15/[2]/?/?/?; 
ttag +63 100/100/100/100/100; 
ttag +64 98/98/96/99/96; 
ttag +65 9/[9]/?/?/?; 
ttag +66 71/65/67/66/66; 
ttag +67 70/62/64/58/57; 
ttag +68 70/65/58/71/62; 
ttag +69 99/99/100/100/100; 
ttag +70 98/98/100/100/100; 
ttag +71 100/100/100/100/100; 
ttag +72 99/99/97/98/98; 
ttag +73 98/98/94/99/98; 
ttag +74 100/100/99/99/100; 
ttag +75 81/77/64/74/68; 
ttag +76 93/91/85/96/87; 
ttag +77 99/99/98/100/96; 
ttag +78 100/100/100/100/98; 
ttag +79 70/58/53/61/40; 
ttag +80 95/94/86/92/91; 
ttag +81 100/100/100/100/99; 
ttag +82 86/83/78/88/73; 
ttag +83 84/82/72/88/67; 
ttag +84 91/90/79/88/78; 
ttag +85 96/96/89/98/90; 
ttag +86 100/100/100/100/100; 
ttag +87 37/16/6/21/4; 
ttag +88 86/82/83/91/83; 
ttag +89 99/99/94/99/95; 
ttag +90 92/91/82/93/87; 
ttag +91 93/92/80/92/85; 
ttag +92 95/93/85/94/81; 
ttag +93 76/70/65/69/61; 
ttag +94 94/93/89/95/90; 
