tread
'Tree with tags' 
(0 ((1 ((2 3 )(((4 5 )(6 7 ))((8 9 )(10 (11 12 ))))))((13 14 )((17 ((15 16 )(18 (19 ((20 21 )((22 23 )(24 25 )))))))((26 (27 (28 (29 30 ))))((39 (31 (((32 33 )(34 35 ))(36 (37 38 )))))((40 41 )(42 (43 ((44 45 )(46 47 ))))))))))); 
ttag *!; 
ttag +49 1; 
ttag +50 ???; 
ttag +51 8; 
ttag +52 8; 
ttag +53 6; 
ttag +54 7; 
ttag +55 4; 
ttag +56 2; 
ttag +57 2; 
ttag +58 2; 
ttag +59 4; 
ttag +60 8; 
ttag +61 6; 
ttag +62 2; 
ttag +63 12; 
ttag +64 2; 
ttag +65 8; 
ttag +66 3; 
ttag +67 1; 
ttag +68 6; 
ttag +69 6; 
ttag +70 3; 
ttag +71 2; 
ttag +72 7; 
ttag +73 4; 
ttag +74 3; 
ttag +75 5; 
ttag +76 3; 
ttag +77 6; 
ttag +78 8; 
ttag +79 8; 
ttag +80 1; 
ttag +81 4; 
ttag +82 5; 
ttag +83 3; 
ttag +84 9; 
ttag +85 8; 
ttag +86 7; 
ttag +87 9; 
ttag +88 7; 
ttag +89 6; 
ttag +90 9; 
ttag +91 5; 
ttag +92 5; 
ttag +93 7; 
ttag +94 2; 
tread
'Tree with tags' 
(0 ((1 ((2 3 )(((4 5 )(6 7 ))((8 9 )(10 (11 12 ))))))((13 14 )((17 ((15 16 )(18 (19 ((20 21 )((22 23 )(24 25 )))))))((26 (27 (28 (29 30 ))))((39 (31 (((32 33 )(34 35 ))(36 (37 38 )))))((40 41 )(42 (43 ((44 45 )(46 47 ))))))))))); 
ttag *!; 
ttag +0 ////; 
ttag +1 ////; 
ttag +2 ////; 
ttag +3 ////; 
ttag +4 ////; 
ttag +5 ////; 
ttag +6 ////; 
ttag +7 ////; 
ttag +8 ////; 
ttag +9 ////; 
ttag +10 ////; 
ttag +11 ////; 
ttag +12 ////; 
ttag +13 ////; 
ttag +14 ////; 
ttag +15 ////; 
ttag +16 ////; 
ttag +17 ////; 
ttag +18 ////; 
ttag +19 ////; 
ttag +20 ////; 
ttag +21 ////; 
ttag +22 ////; 
ttag +23 ////; 
ttag +24 ////; 
ttag +25 ////; 
ttag +26 ////; 
ttag +27 ////; 
ttag +28 ////; 
ttag +29 ////; 
ttag +30 ////; 
ttag +31 ////; 
ttag +32 ////; 
ttag +33 ////; 
ttag +34 ////; 
ttag +35 ////; 
ttag +36 ////; 
ttag +37 ////; 
ttag +38 ////; 
ttag +39 ////; 
ttag +40 ////; 
ttag +41 ////; 
ttag +42 ////; 
ttag +43 ////; 
ttag +44 ////; 
ttag +45 ////; 
ttag +46 ////; 
ttag +47 ////; 
ttag +48 ////; 
ttag +49 41/34/23/30/27; 
ttag +50 100/100/100/100/100; 
ttag +51 100/100/100/100/98; 
ttag +52 99/99/96/98/96; 
ttag +53 98/98/97/98/96; 
ttag +54 98/98/98/99/98; 
ttag +55 78/70/59/76/61; 
ttag +56 77/65/60/76/69; 
ttag +57 43/29/24/29/21; 
ttag +58 43/18/1/24/5; 
ttag +59 95/94/83/92/84; 
ttag +60 99/98/99/98/98; 
ttag +61 92/89/86/90/87; 
ttag +62 54/34/36/34/32; 
ttag +63 100/100/99/100/99; 
ttag +64 70/62/51/52/42; 
ttag +65 98/98/93/99/90; 
ttag +66 60/51/47/44/30; 
ttag +67 44/17/13/18/13; 
ttag +68 89/84/87/93/90; 
ttag +69 100/100/99/100/100; 
ttag +70 90/88/82/94/85; 
ttag +71 78/68/76/77/64; 
ttag +72 98/98/96/99/98; 
ttag +73 95/94/85/90/85; 
ttag +74 96/95/86/89/84; 
ttag +75 95/92/85/89/85; 
ttag +76 85/80/63/76/68; 
ttag +77 97/97/95/98/92; 
ttag +78 100/100/98/98/98; 
ttag +79 100/100/99/100/98; 
ttag +80 50/27/22/16/24; 
ttag +81 79/65/71/74/62; 
ttag +82 97/96/88/96/89; 
ttag +83 87/86/72/80/66; 
ttag +84 100/100/98/100/99; 
ttag +85 99/99/99/99/99; 
ttag +86 100/100/98/99/95; 
ttag +87 99/99/99/99/98; 
ttag +88 98/98/96/99/98; 
ttag +89 96/95/92/96/92; 
ttag +90 100/100/98/99/96; 
ttag +91 94/93/86/94/87; 
ttag +92 98/98/97/98/94; 
ttag +93 99/99/98/100/98; 
ttag +94 78/68/56/68/59; 
