tread
'Tree with tags' 
(0 (1 (((2 3 )(((4 5 )(6 7 ))(8 9 )(10 (11 12 ))))(13 14 ))((15 16 )(17 (18 (19 ((20 21 )((22 23 )(24 25 )))))))((26 (27 (28 (29 30 ))))(39 (31 (((32 33 )(36 (37 38 )))(34 35 )))((40 41 )(42 ((43 (46 47 ))(44 45 )))))))); 
ttag *!; 
ttag +49 ???; 
ttag +50 8; 
ttag +51 6; 
ttag +52 1; 
ttag +53 2; 
ttag +54 6; 
ttag +55 1; 
ttag +56 2; 
ttag +57 1; 
ttag +58 3; 
ttag +59 4; 
ttag +60 6; 
ttag +61 14; 
ttag +62 2; 
ttag +63 1; 
ttag +64 2; 
ttag +65 3; 
ttag +66 10; 
ttag +67 8; 
ttag +68 7; 
ttag +69 11; 
ttag +70 5; 
ttag +71 7; 
ttag +72 3; 
ttag +73 1; 
ttag +74 9; 
ttag +75 7; 
ttag +76 3; 
ttag +77 3; 
ttag +78 8; 
ttag +79 1; 
ttag +80 3; 
ttag +81 7; 
ttag +82 9; 
ttag +83 2; 
ttag +84 1; 
ttag +85 7; 
ttag +86 4; 
ttag +87 1; 
ttag +88 6; 
ttag +89 3; 
ttag +90 5; 
tread
'Tree with tags' 
(0 (1 (((((2 3 )((((4 5 )(6 7 ))(10 (11 12 )))(8 9 )))(13 14 ))((26 (27 (28 (29 30 ))))((31 (((32 33 )(36 (37 38 )))(34 35 )))(39 ((40 41 )(42 ((43 (46 47 ))(44 45 ))))))))((15 16 )(17 (18 (19 ((20 21 )((22 23 )(24 25 )))))))))); 
ttag *!; 
ttag +0 ////; 
ttag +1 ////; 
ttag +2 ////; 
ttag +3 ////; 
ttag +4 ////; 
ttag +5 ////; 
ttag +6 ////; 
ttag +7 ////; 
ttag +8 ////; 
ttag +9 ////; 
ttag +10 ////; 
ttag +11 ////; 
ttag +12 ////; 
ttag +13 ////; 
ttag +14 ////; 
ttag +15 ////; 
ttag +16 ////; 
ttag +17 ////; 
ttag +18 ////; 
ttag +19 ////; 
ttag +20 ////; 
ttag +21 ////; 
ttag +22 ////; 
ttag +23 ////; 
ttag +24 ////; 
ttag +25 ////; 
ttag +26 ////; 
ttag +27 ////; 
ttag +28 ////; 
ttag +29 ////; 
ttag +30 ////; 
ttag +31 ////; 
ttag +32 ////; 
ttag +33 ////; 
ttag +34 ////; 
ttag +35 ////; 
ttag +36 ////; 
ttag +37 ////; 
ttag +38 ////; 
ttag +39 ////; 
ttag +40 ////; 
ttag +41 ////; 
ttag +42 ////; 
ttag +43 ////; 
ttag +44 ////; 
ttag +45 ////; 
ttag +46 ////; 
ttag +47 ////; 
ttag +48 ////; 
ttag +49 100/100/100/100/100; 
ttag +50 99/98/98/99/99; 
ttag +51 90/89/80/87/78; 
ttag +52 31/10/?/17/8; 
ttag +53 1/[19]/?/?/?; 
ttag +54 8/[9]/?/?/?; 
ttag +55 69/57/60/57/54; 
ttag +56 97/96/91/96/94; 
ttag +57 12/[10]/?/?/?; 
ttag +58 33/13/6/22/14; 
ttag +59 61/48/41/54/46; 
ttag +60 40/31/27/40/24; 
ttag +61 81/77/64/74/54; 
ttag +62 96/96/94/95/94; 
ttag +63 99/98/99/99/99; 
ttag +64 100/100/100/100/100; 
ttag +65 64/57/52/53/56; 
ttag +66 56/49/50/48/44; 
ttag +67 92/91/88/87/83; 
ttag +68 93/92/81/88/87; 
ttag +69 100/100/100/100/100; 
ttag +70 100/100/95/98/97; 
ttag +71 99/99/98/100/98; 
ttag +72 100/100/100/100/100; 
ttag +73 99/99/100/98/98; 
ttag +74 99/99/98/100/96; 
ttag +75 87/82/67/84/75; 
ttag +76 77/67/60/52/53; 
ttag +77 100/100/100/100/100; 
ttag +78 100/100/100/100/100; 
ttag +79 82/78/73/84/68; 
ttag +80 82/79/78/79/79; 
ttag +81 100/100/100/99/100; 
ttag +82 60/57/57/57/60; 
ttag +83 77/70/65/75/67; 
ttag +84 100/100/99/100/99; 
ttag +85 100/100/99/100/100; 
ttag +86 71/65/46/58/53; 
ttag +87 10/[10]/?/?/?; 
ttag +88 51/16/18/12/3; 
ttag +89 99/99/98/100/97; 
ttag +90 92/88/89/90/84; 
ttag +91 42/24/18/22/14; 
ttag +92 99/99/93/98/94; 
ttag +93 88/83/81/86/78; 
ttag +94 91/89/84/92/83; 
