tread
'Tree with tags' 
(0 (1 ((((2 3 )(((4 5 )(6 7 ))((8 9 )(10 (11 12 )))))((26 (27 (28 (29 30 ))))(39 ((31 ((32 33 )((34 35 )(36 (37 38 )))))(40 41 (42 (43 ((44 45 )(46 47 )))))))))((13 14 )(18 (17 (15 16 ))(19 ((20 21 )((22 23 )(24 25 ))))))))); 
ttag *!; 
ttag +49 ???; 
ttag +50 13; 
ttag +51 6; 
ttag +52 1; 
ttag +53 1; 
ttag +54 4; 
ttag +55 6; 
ttag +56 2; 
ttag +57 1; 
ttag +58 1; 
ttag +59 2; 
ttag +60 3; 
ttag +61 6; 
ttag +62 10; 
ttag +63 2; 
ttag +64 13; 
ttag +65 1; 
ttag +66 3; 
ttag +67 4; 
ttag +68 6; 
ttag +69 6; 
ttag +70 11; 
ttag +71 5; 
ttag +72 4; 
ttag +73 7; 
ttag +74 9; 
ttag +75 2; 
ttag +76 3; 
ttag +77 13; 
ttag +78 8; 
ttag +79 2; 
ttag +80 8; 
ttag +81 8; 
ttag +82 3; 
ttag +83 2; 
ttag +84 2; 
ttag +85 13; 
ttag +86 6; 
ttag +87 7; 
ttag +88 1; 
ttag +89 5; 
ttag +90 6; 
ttag +91 5; 
ttag +92 4; 
tread
'Tree with tags' 
(0 (1 ((((2 3 )(((4 5 )(6 7 ))((8 9 )(10 (11 12 )))))((26 (27 (28 (29 30 ))))(39 ((31 ((32 33 )((34 35 )(36 (37 38 )))))((40 41 )(42 (43 ((44 45 )(46 47 )))))))))((13 14 )(18 ((17 (15 16 ))(19 ((20 21 )((22 23 )(24 25 )))))))))); 
ttag *!; 
ttag +0 ////; 
ttag +1 ////; 
ttag +2 ////; 
ttag +3 ////; 
ttag +4 ////; 
ttag +5 ////; 
ttag +6 ////; 
ttag +7 ////; 
ttag +8 ////; 
ttag +9 ////; 
ttag +10 ////; 
ttag +11 ////; 
ttag +12 ////; 
ttag +13 ////; 
ttag +14 ////; 
ttag +15 ////; 
ttag +16 ////; 
ttag +17 ////; 
ttag +18 ////; 
ttag +19 ////; 
ttag +20 ////; 
ttag +21 ////; 
ttag +22 ////; 
ttag +23 ////; 
ttag +24 ////; 
ttag +25 ////; 
ttag +26 ////; 
ttag +27 ////; 
ttag +28 ////; 
ttag +29 ////; 
ttag +30 ////; 
ttag +31 ////; 
ttag +32 ////; 
ttag +33 ////; 
ttag +34 ////; 
ttag +35 ////; 
ttag +36 ////; 
ttag +37 ////; 
ttag +38 ////; 
ttag +39 ////; 
ttag +40 ////; 
ttag +41 ////; 
ttag +42 ////; 
ttag +43 ////; 
ttag +44 ////; 
ttag +45 ////; 
ttag +46 ////; 
ttag +47 ////; 
ttag +48 ////; 
ttag +49 100/100/100/100/100; 
ttag +50 100/100/100/100/100; 
ttag +51 93/92/85/91/83; 
ttag +52 18/0/?/?/?; 
ttag +53 28/8/4/3/0; 
ttag +54 96/95/93/94/93; 
ttag +55 92/88/87/90/88; 
ttag +56 50/32/21/27/26; 
ttag +57 44/27/17/25/22; 
ttag +58 27/9/6/11/12; 
ttag +59 25/7/8/15/12; 
ttag +60 64/50/54/58/49; 
ttag +61 98/97/96/97/94; 
ttag +62 100/100/100/100/99; 
ttag +63 32/18/7/20/12; 
ttag +64 100/100/100/100/100; 
ttag +65 36/12/5/24/4; 
ttag +66 14/[10]/?/?/?; 
ttag +67 58/44/32/55/48; 
ttag +68 89/86/77/88/78; 
ttag +69 100/100/98/99/99; 
ttag +70 96/95/92/98/90; 
ttag +71 100/100/98/100/100; 
ttag +72 98/98/92/95/92; 
ttag +73 93/91/86/92/83; 
ttag +74 97/96/92/98/94; 
ttag +75 100/100/98/99/98; 
ttag +76 66/52/46/47/47; 
ttag +77 77/74/68/77/66; 
ttag +78 100/100/100/100/100; 
ttag +79 99/98/98/99/94; 
ttag +80 81/76/66/76/64; 
ttag +81 99/99/94/98/93; 
ttag +82 99/99/99/98/97; 
ttag +83 86/77/74/85/73; 
ttag +84 77/70/70/71/59; 
ttag +85 77/68/70/76/59; 
ttag +86 100/100/100/100/100; 
ttag +87 96/94/90/94/89; 
ttag +88 40/11/10/9/18; 
ttag +89 99/99/98/100/96; 
ttag +90 70/54/45/50/37; 
ttag +91 98/97/97/97/96; 
ttag +92 98/98/94/96/92; 
ttag +93 100/100/97/100/98; 
ttag +94 90/86/82/88/84; 
