tread
'Tree with tags' 
(0 (((1 ((26 (27 (28 (29 30 ))))(39 ((31 ((32 33 )((34 35 )(36 (37 38 )))))(41 (40 (42 (43 ((44 45 )(46 47 ))))))))))((13 14 )((17 (15 16 ))(19 (18 ((20 21 )((22 23 )(24 25 ))))))))((2 3 )(((4 5 )(6 7 ))(8 9 (10 (11 12 ))))))); 
ttag *!; 
ttag +49 1; 
ttag +50 1; 
ttag +51 ???; 
ttag +52 5; 
ttag +53 10; 
ttag +54 5; 
ttag +55 7; 
ttag +56 2; 
ttag +57 1; 
ttag +58 1; 
ttag +59 1; 
ttag +60 9; 
ttag +61 12; 
ttag +62 2; 
ttag +63 7; 
ttag +64 1; 
ttag +65 5; 
ttag +66 1; 
ttag +67 3; 
ttag +68 9; 
ttag +69 1; 
ttag +70 7; 
ttag +71 8; 
ttag +72 5; 
ttag +73 6; 
ttag +74 5; 
ttag +75 3; 
ttag +76 4; 
ttag +77 8; 
ttag +78 10; 
ttag +79 3; 
ttag +80 8; 
ttag +81 5; 
ttag +82 7; 
ttag +83 3; 
ttag +84 2; 
ttag +85 11; 
ttag +86 11; 
ttag +87 1; 
ttag +88 6; 
ttag +89 9; 
ttag +90 9; 
ttag +91 6; 
ttag +92 5; 
ttag +93 3; 
tread
'Tree with tags' 
(0 (((1 ((26 (27 (28 (29 30 ))))(39 ((31 ((32 33 )((34 35 )(36 (37 38 )))))(41 (40 (42 (43 ((44 45 )(46 47 ))))))))))((13 14 )((17 (15 16 ))(19 (18 ((20 21 )((22 23 )(24 25 ))))))))((2 3 )(((4 5 )(6 7 ))(9 (8 (10 (11 12 )))))))); 
ttag *!; 
ttag +0 ////; 
ttag +1 ////; 
ttag +2 ////; 
ttag +3 ////; 
ttag +4 ////; 
ttag +5 ////; 
ttag +6 ////; 
ttag +7 ////; 
ttag +8 ////; 
ttag +9 ////; 
ttag +10 ////; 
ttag +11 ////; 
ttag +12 ////; 
ttag +13 ////; 
ttag +14 ////; 
ttag +15 ////; 
ttag +16 ////; 
ttag +17 ////; 
ttag +18 ////; 
ttag +19 ////; 
ttag +20 ////; 
ttag +21 ////; 
ttag +22 ////; 
ttag +23 ////; 
ttag +24 ////; 
ttag +25 ////; 
ttag +26 ////; 
ttag +27 ////; 
ttag +28 ////; 
ttag +29 ////; 
ttag +30 ////; 
ttag +31 ////; 
ttag +32 ////; 
ttag +33 ////; 
ttag +34 ////; 
ttag +35 ////; 
ttag +36 ////; 
ttag +37 ////; 
ttag +38 ////; 
ttag +39 ////; 
ttag +40 ////; 
ttag +41 ////; 
ttag +42 ////; 
ttag +43 ////; 
ttag +44 ////; 
ttag +45 ////; 
ttag +46 ////; 
ttag +47 ////; 
ttag +48 ////; 
ttag +49 27/[10]/?/?/?; 
ttag +50 29/[8]/?/?/?; 
ttag +51 100/100/100/100/100; 
ttag +52 96/94/91/97/92; 
ttag +53 100/100/100/100/99; 
ttag +54 93/89/86/93/92; 
ttag +55 99/98/96/99/95; 
ttag +56 55/44/49/54/47; 
ttag +57 62/41/29/45/29; 
ttag +58 40/12/13/11/10; 
ttag +59 32/22/18/25/10; 
ttag +60 59/50/38/43/40; 
ttag +61 100/100/100/100/100; 
ttag +62 100/100/100/100/99; 
ttag +63 66/64/52/52/49; 
ttag +64 98/98/94/98/96; 
ttag +65 50/37/36/30/24; 
ttag +66 94/93/86/92/88; 
ttag +67 58/46/54/44/47; 
ttag +68 84/79/71/77/73; 
ttag +69 100/100/100/100/100; 
ttag +70 57/29/23/28/22; 
ttag +71 97/97/95/98/97; 
ttag +72 100/100/99/99/98; 
ttag +73 98/98/96/96/94; 
ttag +74 95/94/89/98/92; 
ttag +75 92/89/86/96/84; 
ttag +76 78/70/60/75/65; 
ttag +77 95/94/84/89/88; 
ttag +78 98/98/97/100/99; 
ttag +79 100/100/100/99/100; 
ttag +80 85/83/66/82/74; 
ttag +81 98/98/96/98/94; 
ttag +82 98/98/92/94/90; 
ttag +83 99/99/99/100/98; 
ttag +84 95/94/91/92/88; 
ttag +85 77/74/60/64/61; 
ttag +86 100/100/100/100/98; 
ttag +87 100/100/100/100/100; 
ttag +88 56/38/32/30/30; 
ttag +89 91/89/81/94/83; 
ttag +90 100/100/99/100/98; 
ttag +91 100/100/99/99/97; 
ttag +92 98/98/96/97/91; 
ttag +93 98/97/94/96/88; 
ttag +94 93/92/88/91/83; 
