tread
'Tree with tags' 
(0 ((1 ((2 3 )(((4 5 )(6 7 ))(8 9 (10 (11 12 ))))))((13 14 )(((17 (15 16 ))(18 (19 ((20 21 )(24 25 (22 23 ))))))((26 (27 (28 (29 30 ))))((39 (31 (((32 33 )(34 35 ))(36 (37 38 )))))((40 41 )(42 (43 ((44 45 )(46 47 ))))))))))); 
ttag *!; 
ttag +49 3; 
ttag +50 ???; 
ttag +51 8; 
ttag +52 7; 
ttag +53 10; 
ttag +54 6; 
ttag +55 6; 
ttag +56 2; 
ttag +57 2; 
ttag +58 4; 
ttag +59 8; 
ttag +60 8; 
ttag +61 1; 
ttag +62 13; 
ttag +63 1; 
ttag +64 7; 
ttag +65 1; 
ttag +66 4; 
ttag +67 2; 
ttag +68 10; 
ttag +69 6; 
ttag +70 7; 
ttag +71 3; 
ttag +72 6; 
ttag +73 3; 
ttag +74 4; 
ttag +75 10; 
ttag +76 10; 
ttag +77 2; 
ttag +78 1; 
ttag +79 6; 
ttag +80 8; 
ttag +81 3; 
ttag +82 3; 
ttag +83 2; 
ttag +84 9; 
ttag +85 14; 
ttag +86 2; 
ttag +87 6; 
ttag +88 8; 
ttag +89 4; 
ttag +90 13; 
ttag +91 8; 
ttag +92 2; 
tread
'Tree with tags' 
(0 ((1 ((2 3 )(((4 5 )(6 7 ))((8 9 )(10 (11 12 ))))))((13 14 )(((17 (15 16 ))(18 (19 ((20 21 )((22 23 )(24 25 ))))))((26 (27 (28 (29 30 ))))((39 (31 (((32 33 )(34 35 ))(36 (37 38 )))))((40 41 )(42 (43 ((44 45 )(46 47 ))))))))))); 
ttag *!; 
ttag +0 ////; 
ttag +1 ////; 
ttag +2 ////; 
ttag +3 ////; 
ttag +4 ////; 
ttag +5 ////; 
ttag +6 ////; 
ttag +7 ////; 
ttag +8 ////; 
ttag +9 ////; 
ttag +10 ////; 
ttag +11 ////; 
ttag +12 ////; 
ttag +13 ////; 
ttag +14 ////; 
ttag +15 ////; 
ttag +16 ////; 
ttag +17 ////; 
ttag +18 ////; 
ttag +19 ////; 
ttag +20 ////; 
ttag +21 ////; 
ttag +22 ////; 
ttag +23 ////; 
ttag +24 ////; 
ttag +25 ////; 
ttag +26 ////; 
ttag +27 ////; 
ttag +28 ////; 
ttag +29 ////; 
ttag +30 ////; 
ttag +31 ////; 
ttag +32 ////; 
ttag +33 ////; 
ttag +34 ////; 
ttag +35 ////; 
ttag +36 ////; 
ttag +37 ////; 
ttag +38 ////; 
ttag +39 ////; 
ttag +40 ////; 
ttag +41 ////; 
ttag +42 ////; 
ttag +43 ////; 
ttag +44 ////; 
ttag +45 ////; 
ttag +46 ////; 
ttag +47 ////; 
ttag +48 ////; 
ttag +49 80/72/58/78/62; 
ttag +50 100/100/100/100/100; 
ttag +51 100/100/99/100/99; 
ttag +52 100/100/98/100/98; 
ttag +53 100/100/99/100/99; 
ttag +54 96/96/91/97/90; 
ttag +55 96/95/92/97/89; 
ttag +56 73/65/57/66/51; 
ttag +57 28/1/0/1/?; 
ttag +58 73/66/62/74/52; 
ttag +59 88/85/76/90/77; 
ttag +60 100/100/100/100/100; 
ttag +61 100/100/100/98/98; 
ttag +62 42/34/22/26/18; 
ttag +63 100/100/100/100/100; 
ttag +64 50/28/22/34/10; 
ttag +65 99/99/96/98/96; 
ttag +66 42/34/31/43/34; 
ttag +67 92/88/81/89/73; 
ttag +68 81/76/79/75/70; 
ttag +69 100/100/100/100/100; 
ttag +70 100/100/95/98/95; 
ttag +71 98/98/97/100/95; 
ttag +72 88/82/78/85/84; 
ttag +73 40/[5]/1/?/2; 
ttag +74 99/99/98/98/98; 
ttag +75 90/89/87/91/80; 
ttag +76 100/100/97/98/98; 
ttag +77 100/100/100/100/100; 
ttag +78 100/100/100/99/100; 
ttag +79 64/50/48/64/42; 
ttag +80 62/43/36/38/47; 
ttag +81 96/94/92/96/85; 
ttag +82 99/99/100/99/99; 
ttag +83 92/91/85/92/80; 
ttag +84 76/70/66/73/59; 
ttag +85 72/67/60/77/58; 
ttag +86 100/100/99/100/98; 
ttag +87 100/100/100/100/100; 
ttag +88 71/58/58/69/65; 
ttag +89 99/99/95/98/95; 
ttag +90 98/98/98/100/99; 
ttag +91 82/78/67/82/73; 
ttag +92 100/100/100/100/100; 
ttag +93 99/99/96/99/95; 
ttag +94 84/81/68/80/78; 
