tread
'Tree with tags' 
(0 ((1 ((13 14 )((15 16 )(17 (18 19 ((20 21 )((22 23 )(24 25 ))))))))(((2 3 )(((4 5 )(6 7 ))(8 9 )(10 (11 12 ))))((26 (27 (28 (29 30 ))))(39 ((31 ((32 33 )(34 35 )(36 (37 38 ))))(40 41 ((42 43 )(44 45 (46 47 )))))))))); 
ttag *!; 
ttag +49 1; 
ttag +50 ???; 
ttag +51 7; 
ttag +52 6; 
ttag +53 1; 
ttag +54 1; 
ttag +55 8; 
ttag +56 1; 
ttag +57 3; 
ttag +58 1; 
ttag +59 1; 
ttag +60 10; 
ttag +61 4; 
ttag +62 1; 
ttag +63 10; 
ttag +64 7; 
ttag +65 1; 
ttag +66 10; 
ttag +67 7; 
ttag +68 2; 
ttag +69 12; 
ttag +70 2; 
ttag +71 1; 
ttag +72 4; 
ttag +73 4; 
ttag +74 2; 
ttag +75 3; 
ttag +76 14; 
ttag +77 5; 
ttag +78 3; 
ttag +79 10; 
ttag +80 4; 
ttag +81 2; 
ttag +82 3; 
ttag +83 12; 
ttag +84 11; 
ttag +85 2; 
ttag +86 3; 
ttag +87 3; 
ttag +88 3; 
ttag +89 1; 
tread
'Tree with tags' 
(0 ((1 ((13 14 )((15 16 )(17 (18 (19 ((20 21 )((22 23 )(24 25 )))))))))(((2 3 )(((4 5 )(6 7 ))((8 9 )(10 (11 12 )))))((26 (27 (28 (29 30 ))))(39 ((31 (((32 33 )(36 (37 38 )))(34 35 )))((40 41 )((42 43 )(45 (44 (46 47 ))))))))))); 
ttag *!; 
ttag +0 ////; 
ttag +1 ////; 
ttag +2 ////; 
ttag +3 ////; 
ttag +4 ////; 
ttag +5 ////; 
ttag +6 ////; 
ttag +7 ////; 
ttag +8 ////; 
ttag +9 ////; 
ttag +10 ////; 
ttag +11 ////; 
ttag +12 ////; 
ttag +13 ////; 
ttag +14 ////; 
ttag +15 ////; 
ttag +16 ////; 
ttag +17 ////; 
ttag +18 ////; 
ttag +19 ////; 
ttag +20 ////; 
ttag +21 ////; 
ttag +22 ////; 
ttag +23 ////; 
ttag +24 ////; 
ttag +25 ////; 
ttag +26 ////; 
ttag +27 ////; 
ttag +28 ////; 
ttag +29 ////; 
ttag +30 ////; 
ttag +31 ////; 
ttag +32 ////; 
ttag +33 ////; 
ttag +34 ////; 
ttag +35 ////; 
ttag +36 ////; 
ttag +37 ////; 
ttag +38 ////; 
ttag +39 ////; 
ttag +40 ////; 
ttag +41 ////; 
ttag +42 ////; 
ttag +43 ////; 
ttag +44 ////; 
ttag +45 ////; 
ttag +46 ////; 
ttag +47 ////; 
ttag +48 ////; 
ttag +49 39/22/7/23/11; 
ttag +50 100/100/100/100/100; 
ttag +51 97/96/96/97/93; 
ttag +52 98/97/86/96/86; 
ttag +53 38/21/14/22/10; 
ttag +54 74/64/52/55/49; 
ttag +55 99/99/97/98/98; 
ttag +56 33/20/7/21/8; 
ttag +57 90/85/79/85/75; 
ttag +58 34/22/11/23/20; 
ttag +59 13/[8]/?/?/?; 
ttag +60 55/42/32/40/36; 
ttag +61 100/100/99/100/99; 
ttag +62 94/92/88/94/90; 
ttag +63 36/30/20/29/24; 
ttag +64 100/100/100/100/100; 
ttag +65 99/99/97/98/94; 
ttag +66 63/43/28/29/35; 
ttag +67 100/100/100/100/99; 
ttag +68 24/[18]/?/?/?; 
ttag +69 99/99/100/100/100; 
ttag +70 77/68/61/71/67; 
ttag +71 100/100/100/100/99; 
ttag +72 81/80/58/76/58; 
ttag +73 63/48/58/54/45; 
ttag +74 79/75/73/81/60; 
ttag +75 84/76/65/87/63; 
ttag +76 69/59/54/60/37; 
ttag +77 80/75/66/80/59; 
ttag +78 100/100/100/100/100; 
ttag +79 100/100/99/99/98; 
ttag +80 92/89/80/92/81; 
ttag +81 100/100/98/100/100; 
ttag +82 96/95/90/97/91; 
ttag +83 0/[8]/?/?/?; 
ttag +84 83/74/68/79/66; 
ttag +85 89/84/84/90/85; 
ttag +86 100/100/100/100/99; 
ttag +87 100/100/100/100/100; 
ttag +88 54/20/27/16/27; 
ttag +89 90/86/76/86/84; 
ttag +90 87/84/70/88/73; 
ttag +91 91/88/82/93/88; 
ttag +92 53/22/10/24/14; 
ttag +93 94/92/86/95/84; 
ttag +94 75/66/60/74/63; 
