tread
'Tree with tags' 
(0 (1 (6 7 (2 3 )(4 5 )(8 9 (10 (11 12 ))))(13 14 )((15 16 )(17 (18 (19 ((20 21 )((22 23 )(24 25 )))))))((26 (27 (28 (29 30 ))))(39 (31 ((32 33 )(34 35 )(36 (37 38 ))))(40 (41 (42 43 ((44 45 )(46 47 ))))))))); 
ttag *!; 
ttag +49 ???; 
ttag +50 3; 
ttag +51 1; 
ttag +52 5; 
ttag +53 1; 
ttag +54 4; 
ttag +55 4; 
ttag +56 6; 
ttag +57 8; 
ttag +58 2; 
ttag +59 2; 
ttag +60 6; 
ttag +61 4; 
ttag +62 9; 
ttag +63 3; 
ttag +64 2; 
ttag +65 4; 
ttag +66 5; 
ttag +67 2; 
ttag +68 4; 
ttag +69 3; 
ttag +70 3; 
ttag +71 10; 
ttag +72 5; 
ttag +73 4; 
ttag +74 5; 
ttag +75 5; 
ttag +76 4; 
ttag +77 7; 
ttag +78 10; 
ttag +79 7; 
ttag +80 2; 
ttag +81 9; 
ttag +82 10; 
ttag +83 3; 
ttag +84 2; 
tread
'Tree with tags' 
(0 ((1 (13 14 ))((((2 3 )(6 ((7 (4 5 ))((8 9 )(10 (11 12 ))))))((26 (27 (28 (29 30 ))))((31 ((32 33 )((34 35 )(36 (37 38 )))))(39 (40 (41 (42 (43 ((44 45 )(46 47 ))))))))))((15 16 )(17 (18 (19 ((20 21 )((22 23 )(24 25 )))))))))); 
ttag *!; 
ttag +0 ////; 
ttag +1 ////; 
ttag +2 ////; 
ttag +3 ////; 
ttag +4 ////; 
ttag +5 ////; 
ttag +6 ////; 
ttag +7 ////; 
ttag +8 ////; 
ttag +9 ////; 
ttag +10 ////; 
ttag +11 ////; 
ttag +12 ////; 
ttag +13 ////; 
ttag +14 ////; 
ttag +15 ////; 
ttag +16 ////; 
ttag +17 ////; 
ttag +18 ////; 
ttag +19 ////; 
ttag +20 ////; 
ttag +21 ////; 
ttag +22 ////; 
ttag +23 ////; 
ttag +24 ////; 
ttag +25 ////; 
ttag +26 ////; 
ttag +27 ////; 
ttag +28 ////; 
ttag +29 ////; 
ttag +30 ////; 
ttag +31 ////; 
ttag +32 ////; 
ttag +33 ////; 
ttag +34 ////; 
ttag +35 ////; 
ttag +36 ////; 
ttag +37 ////; 
ttag +38 ////; 
ttag +39 ////; 
ttag +40 ////; 
ttag +41 ////; 
ttag +42 ////; 
ttag +43 ////; 
ttag +44 ////; 
ttag +45 ////; 
ttag +46 ////; 
ttag +47 ////; 
ttag +48 ////; 
ttag +49 9/[16]/?/?/?; 
ttag +50 100/100/100/100/100; 
ttag +51 95/93/90/91/86; 
ttag +52 92/91/88/82/81; 
ttag +53 52/31/24/25/25; 
ttag +54 3/[21]/?/?/?; 
ttag +55 98/98/97/97/98; 
ttag +56 61/42/31/35/30; 
ttag +57 27/[10]/?/?/?; 
ttag +58 45/24/27/20/17; 
ttag +59 20/0/5/?/4; 
ttag +60 53/32/33/32/34; 
ttag +61 93/93/87/94/82; 
ttag +62 93/91/90/94/89; 
ttag +63 99/99/99/99/99; 
ttag +64 100/100/98/100/100; 
ttag +65 82/79/73/82/73; 
ttag +66 68/60/61/71/62; 
ttag +67 94/91/83/98/86; 
ttag +68 84/78/69/87/70; 
ttag +69 100/100/100/100/100; 
ttag +70 92/92/87/93/90; 
ttag +71 72/61/64/72/57; 
ttag +72 88/84/76/82/74; 
ttag +73 97/96/94/97/92; 
ttag +74 78/70/71/77/63; 
ttag +75 97/96/90/96/90; 
ttag +76 98/98/94/96/93; 
ttag +77 88/85/75/84/76; 
ttag +78 100/100/99/100/100; 
ttag +79 94/94/90/95/88; 
ttag +80 97/97/94/94/92; 
ttag +81 98/97/96/97/95; 
ttag +82 97/96/86/93/90; 
ttag +83 97/96/95/94/96; 
ttag +84 23/[14]/?/?/?; 
ttag +85 100/100/99/100/98; 
ttag +86 99/99/100/100/100; 
ttag +87 4/3/4/2/6; 
ttag +88 100/100/98/99/95; 
ttag +89 84/79/72/84/75; 
ttag +90 99/99/100/100/98; 
ttag +91 55/32/22/25/19; 
ttag +92 100/100/99/100/99; 
ttag +93 80/69/61/73/66; 
ttag +94 81/78/56/74/66; 
