tread
'Tree with tags' 
(0 (1 (((8 9 (2 3 )((4 5 )(6 7 ))(10 (11 12 )))(15 16 )(17 (19 (18 ((20 21 )((22 23 )(24 25 )))))))((13 14 )((26 27 (28 (29 30 )))((31 (((32 33 )(34 35 ))(36 (37 38 ))))(39 ((40 41 )(42 (43 ((44 45 )(46 47 )))))))))))); 
ttag *!; 
ttag +49 ???; 
ttag +50 7; 
ttag +51 9; 
ttag +52 1; 
ttag +53 1; 
ttag +54 7; 
ttag +55 8; 
ttag +56 3; 
ttag +57 1; 
ttag +58 6; 
ttag +59 9; 
ttag +60 1; 
ttag +61 7; 
ttag +62 3; 
ttag +63 2; 
ttag +64 7; 
ttag +65 9; 
ttag +66 4; 
ttag +67 10; 
ttag +68 6; 
ttag +69 5; 
ttag +70 5; 
ttag +71 4; 
ttag +72 5; 
ttag +73 8; 
ttag +74 3; 
ttag +75 5; 
ttag +76 6; 
ttag +77 1; 
ttag +78 7; 
ttag +79 1; 
ttag +80 10; 
ttag +81 9; 
ttag +82 1; 
ttag +83 2; 
ttag +84 6; 
ttag +85 6; 
ttag +86 2; 
ttag +87 8; 
ttag +88 5; 
ttag +89 5; 
tread
'Tree with tags' 
(0 (1 (((((2 3 )(((4 5 )(6 7 ))((8 9 )(10 (11 12 )))))(15 16 ))(17 (19 (18 ((20 21 )((22 23 )(24 25 )))))))((13 14 )((26 (27 (28 (29 30 ))))((31 (((32 33 )(34 35 ))(36 (37 38 ))))(39 ((40 41 )(42 (43 ((44 45 )(46 47 )))))))))))); 
ttag *!; 
ttag +0 ////; 
ttag +1 ////; 
ttag +2 ////; 
ttag +3 ////; 
ttag +4 ////; 
ttag +5 ////; 
ttag +6 ////; 
ttag +7 ////; 
ttag +8 ////; 
ttag +9 ////; 
ttag +10 ////; 
ttag +11 ////; 
ttag +12 ////; 
ttag +13 ////; 
ttag +14 ////; 
ttag +15 ////; 
ttag +16 ////; 
ttag +17 ////; 
ttag +18 ////; 
ttag +19 ////; 
ttag +20 ////; 
ttag +21 ////; 
ttag +22 ////; 
ttag +23 ////; 
ttag +24 ////; 
ttag +25 ////; 
ttag +26 ////; 
ttag +27 ////; 
ttag +28 ////; 
ttag +29 ////; 
ttag +30 ////; 
ttag +31 ////; 
ttag +32 ////; 
ttag +33 ////; 
ttag +34 ////; 
ttag +35 ////; 
ttag +36 ////; 
ttag +37 ////; 
ttag +38 ////; 
ttag +39 ////; 
ttag +40 ////; 
ttag +41 ////; 
ttag +42 ////; 
ttag +43 ////; 
ttag +44 ////; 
ttag +45 ////; 
ttag +46 ////; 
ttag +47 ////; 
ttag +48 ////; 
ttag +49 100/100/100/100/100; 
ttag +50 100/100/100/100/100; 
ttag +51 99/99/96/100/96; 
ttag +52 24/[26]/?/?/?; 
ttag +53 32/10/10/10/1; 
ttag +54 57/41/42/43/27; 
ttag +55 98/98/96/100/98; 
ttag +56 98/98/95/99/94; 
ttag +57 18/[19]/?/?/?; 
ttag +58 83/78/75/80/72; 
ttag +59 20/[16]/?/?/?; 
ttag +60 7/[28]/?/?/?; 
ttag +61 60/53/45/46/40; 
ttag +62 97/95/91/97/93; 
ttag +63 99/99/99/100/100; 
ttag +64 32/23/18/22/16; 
ttag +65 99/99/96/98/98; 
ttag +66 82/76/69/77/67; 
ttag +67 74/70/62/75/55; 
ttag +68 95/94/89/96/88; 
ttag +69 100/100/100/100/100; 
ttag +70 95/94/85/95/84; 
ttag +71 100/100/100/100/100; 
ttag +72 98/98/98/98/94; 
ttag +73 92/91/88/95/83; 
ttag +74 98/98/95/100/96; 
ttag +75 86/83/77/88/74; 
ttag +76 32/2/0/6/?; 
ttag +77 93/92/84/94/85; 
ttag +78 99/99/100/100/99; 
ttag +79 97/96/90/95/91; 
ttag +80 96/95/91/95/90; 
ttag +81 99/99/97/99/98; 
ttag +82 51/26/12/30/19; 
ttag +83 98/97/95/99/96; 
ttag +84 60/46/32/42/32; 
ttag +85 100/100/100/99/100; 
ttag +86 100/100/100/100/99; 
ttag +87 46/32/20/29/30; 
ttag +88 83/74/68/84/76; 
ttag +89 88/80/73/89/76; 
ttag +90 95/94/92/97/96; 
ttag +91 78/75/71/83/74; 
ttag +92 99/99/98/100/100; 
ttag +93 95/94/89/94/88; 
ttag +94 97/96/90/98/91; 
