tread
'Tree with tags' 
(0 (1 ((2 3 )(((4 5 )(6 7 ))(8 9 (10 (11 12 )))))(13 14 )((15 16 )(17 (18 (19 ((20 21 )((22 23 )(24 25 )))))))((26 27 (28 (29 30 )))(39 (31 ((32 33 )((34 35 )(36 (37 38 )))))((40 41 )(43 (42 ((44 45 )(46 47 ))))))))); 
ttag *!; 
ttag +49 ???; 
ttag +50 5; 
ttag +51 6; 
ttag +52 6; 
ttag +53 2; 
ttag +54 1; 
ttag +55 2; 
ttag +56 2; 
ttag +57 4; 
ttag +58 7; 
ttag +59 6; 
ttag +60 12; 
ttag +61 4; 
ttag +62 2; 
ttag +63 4; 
ttag +64 6; 
ttag +65 10; 
ttag +66 4; 
ttag +67 5; 
ttag +68 7; 
ttag +69 4; 
ttag +70 6; 
ttag +71 7; 
ttag +72 8; 
ttag +73 7; 
ttag +74 6; 
ttag +75 1; 
ttag +76 12; 
ttag +77 7; 
ttag +78 6; 
ttag +79 2; 
ttag +80 9; 
ttag +81 6; 
ttag +82 1; 
ttag +83 10; 
ttag +84 1; 
ttag +85 10; 
ttag +86 3; 
ttag +87 3; 
ttag +88 6; 
tread
'Tree with tags' 
(0 ((1 ((15 16 )(17 (18 (19 ((20 21 )((22 23 )(24 25 ))))))))((((2 3 )(((4 5 )(6 7 ))(8 (9 (10 (11 12 ))))))(13 14 ))((26 (27 (28 (29 30 ))))((31 ((32 33 )((34 35 )(36 (37 38 )))))(39 ((40 41 )(43 (42 ((44 45 )(46 47 ))))))))))); 
ttag *!; 
ttag +0 ////; 
ttag +1 ////; 
ttag +2 ////; 
ttag +3 ////; 
ttag +4 ////; 
ttag +5 ////; 
ttag +6 ////; 
ttag +7 ////; 
ttag +8 ////; 
ttag +9 ////; 
ttag +10 ////; 
ttag +11 ////; 
ttag +12 ////; 
ttag +13 ////; 
ttag +14 ////; 
ttag +15 ////; 
ttag +16 ////; 
ttag +17 ////; 
ttag +18 ////; 
ttag +19 ////; 
ttag +20 ////; 
ttag +21 ////; 
ttag +22 ////; 
ttag +23 ////; 
ttag +24 ////; 
ttag +25 ////; 
ttag +26 ////; 
ttag +27 ////; 
ttag +28 ////; 
ttag +29 ////; 
ttag +30 ////; 
ttag +31 ////; 
ttag +32 ////; 
ttag +33 ////; 
ttag +34 ////; 
ttag +35 ////; 
ttag +36 ////; 
ttag +37 ////; 
ttag +38 ////; 
ttag +39 ////; 
ttag +40 ////; 
ttag +41 ////; 
ttag +42 ////; 
ttag +43 ////; 
ttag +44 ////; 
ttag +45 ////; 
ttag +46 ////; 
ttag +47 ////; 
ttag +48 ////; 
ttag +49 27/[3]/?/?/?; 
ttag +50 100/100/100/100/100; 
ttag +51 99/99/98/99/100; 
ttag +52 99/98/97/99/96; 
ttag +53 24/[6]/?/?/?; 
ttag +54 28/[2]/?/0/4; 
ttag +55 99/99/99/100/99; 
ttag +56 87/82/72/80/68; 
ttag +57 78/73/72/74/73; 
ttag +58 82/80/72/77/71; 
ttag +59 86/83/72/77/66; 
ttag +60 27/[14]/?/?/?; 
ttag +61 93/90/91/92/89; 
ttag +62 99/98/100/99/100; 
ttag +63 100/100/99/100/99; 
ttag +64 100/100/100/100/100; 
ttag +65 88/84/72/84/68; 
ttag +66 82/77/61/66/60; 
ttag +67 88/81/73/86/76; 
ttag +68 98/98/95/97/94; 
ttag +69 100/100/100/100/100; 
ttag +70 91/88/75/87/69; 
ttag +71 99/99/100/99/98; 
ttag +72 96/95/95/99/94; 
ttag +73 93/91/80/90/79; 
ttag +74 98/98/96/100/95; 
ttag +75 97/96/97/98/96; 
ttag +76 48/21/21/29/28; 
ttag +77 100/100/99/99/98; 
ttag +78 99/99/98/100/98; 
ttag +79 98/98/93/99/96; 
ttag +80 73/64/46/60/50; 
ttag +81 100/100/100/100/100; 
ttag +82 99/99/96/99/98; 
ttag +83 99/99/97/97/95; 
ttag +84 82/77/66/72/62; 
ttag +85 99/99/95/99/96; 
ttag +86 98/98/96/99/95; 
ttag +87 26/4/?/?/?; 
ttag +88 80/77/66/67/66; 
ttag +89 100/100/99/100/97; 
ttag +90 56/28/18/27/22; 
ttag +91 100/100/98/100/98; 
ttag +92 87/81/78/82/75; 
ttag +93 88/83/72/75/67; 
ttag +94 97/96/93/97/90; 
