tread
'Tree with tags' 
(0 ((1 (((26 ((27 28 )(29 30 )))(39 ((40 41 )(42 (43 ((44 45 )(46 47 )))))))(31 ((32 33 )(34 35 (36 (37 38 )))))))(((2 3 )((8 (9 ((4 5 )(6 7 ))))(10 (11 12 ))))((13 14 )((15 16 )(17 (19 (18 ((20 21 )((22 23 )(24 25 ))))))))))); 
ttag *!; 
ttag +49 1; 
ttag +50 ???; 
ttag +51 7; 
ttag +52 5; 
ttag +53 1; 
ttag +54 6; 
ttag +55 9; 
ttag +56 3; 
ttag +57 2; 
ttag +58 4; 
ttag +59 1; 
ttag +60 4; 
ttag +61 9; 
ttag +62 3; 
ttag +63 2; 
ttag +64 6; 
ttag +65 4; 
ttag +66 2; 
ttag +67 1; 
ttag +68 5; 
ttag +69 5; 
ttag +70 4; 
ttag +71 8; 
ttag +72 5; 
ttag +73 1; 
ttag +74 8; 
ttag +75 1; 
ttag +76 7; 
ttag +77 1; 
ttag +78 1; 
ttag +79 3; 
ttag +80 8; 
ttag +81 9; 
ttag +82 4; 
ttag +83 1; 
ttag +84 8; 
ttag +85 13; 
ttag +86 2; 
ttag +87 6; 
ttag +88 5; 
ttag +89 13; 
ttag +90 2; 
ttag +91 4; 
ttag +92 9; 
ttag +93 4; 
tread
'Tree with tags' 
(0 ((1 (((26 ((27 28 )(29 30 )))(39 ((40 41 )(42 (43 ((44 45 )(46 47 )))))))(31 ((32 33 )(35 (34 (36 (37 38 ))))))))(((2 3 )((8 (9 ((4 5 )(6 7 ))))(10 (11 12 ))))((13 14 )((15 16 )(17 (19 (18 ((20 21 )((22 23 )(24 25 ))))))))))); 
ttag *!; 
ttag +0 ////; 
ttag +1 ////; 
ttag +2 ////; 
ttag +3 ////; 
ttag +4 ////; 
ttag +5 ////; 
ttag +6 ////; 
ttag +7 ////; 
ttag +8 ////; 
ttag +9 ////; 
ttag +10 ////; 
ttag +11 ////; 
ttag +12 ////; 
ttag +13 ////; 
ttag +14 ////; 
ttag +15 ////; 
ttag +16 ////; 
ttag +17 ////; 
ttag +18 ////; 
ttag +19 ////; 
ttag +20 ////; 
ttag +21 ////; 
ttag +22 ////; 
ttag +23 ////; 
ttag +24 ////; 
ttag +25 ////; 
ttag +26 ////; 
ttag +27 ////; 
ttag +28 ////; 
ttag +29 ////; 
ttag +30 ////; 
ttag +31 ////; 
ttag +32 ////; 
ttag +33 ////; 
ttag +34 ////; 
ttag +35 ////; 
ttag +36 ////; 
ttag +37 ////; 
ttag +38 ////; 
ttag +39 ////; 
ttag +40 ////; 
ttag +41 ////; 
ttag +42 ////; 
ttag +43 ////; 
ttag +44 ////; 
ttag +45 ////; 
ttag +46 ////; 
ttag +47 ////; 
ttag +48 ////; 
ttag +49 17/[5]/?/?/?; 
ttag +50 100/100/100/100/100; 
ttag +51 98/97/92/98/92; 
ttag +52 97/95/90/95/93; 
ttag +53 26/3/?/3/?; 
ttag +54 97/96/96/99/96; 
ttag +55 100/100/96/100/96; 
ttag +56 72/68/48/78/60; 
ttag +57 53/45/28/51/40; 
ttag +58 80/74/64/83/70; 
ttag +59 59/36/32/42/39; 
ttag +60 82/75/64/84/66; 
ttag +61 100/100/100/99/97; 
ttag +62 88/85/85/88/85; 
ttag +63 75/72/55/70/57; 
ttag +64 96/96/88/98/91; 
ttag +65 96/95/88/91/90; 
ttag +66 61/49/52/57/47; 
ttag +67 55/34/36/36/30; 
ttag +68 96/94/91/96/90; 
ttag +69 99/99/99/99/99; 
ttag +70 92/91/82/92/87; 
ttag +71 100/100/100/100/98; 
ttag +72 96/95/96/96/93; 
ttag +73 58/34/34/36/33; 
ttag +74 98/98/98/99/94; 
ttag +75 24/[34]/?/?/?; 
ttag +76 99/99/98/99/98; 
ttag +77 32/4/?/6/?; 
ttag +78 64/48/48/54/49; 
ttag +79 89/86/78/80/75; 
ttag +80 99/99/99/99/98; 
ttag +81 100/100/100/100/100; 
ttag +82 83/80/78/90/79; 
ttag +83 22/[21]/?/?/?; 
ttag +84 56/37/33/38/30; 
ttag +85 100/100/99/100/99; 
ttag +86 100/100/100/100/100; 
ttag +87 68/57/46/57/48; 
ttag +88 97/96/94/97/97; 
ttag +89 95/93/85/92/94; 
ttag +90 100/100/100/100/100; 
ttag +91 72/57/62/68/54; 
ttag +92 94/92/88/95/89; 
ttag +93 100/100/100/100/100; 
ttag +94 97/97/93/94/90; 
