tread
'Tree with tags' 
(0 (1 ((2 3 )(((4 5 )(6 7 ))((8 9 )(10 (11 12 )))))((13 14 )(15 16 )(17 (18 (19 ((20 21 )((22 23 )(24 25 )))))))((26 (27 (28 (29 30 ))))((31 ((32 33 )((34 35 )(36 (37 38 )))))(39 ((40 41 )(42 (43 ((44 45 )(46 47 )))))))))); 
ttag *!; 
ttag +49 ???; 
ttag +50 8; 
ttag +51 8; 
ttag +52 4; 
ttag +53 8; 
ttag +54 4; 
ttag +55 1; 
ttag +56 1; 
ttag +57 1; 
ttag +58 8; 
ttag +59 5; 
ttag +60 4; 
ttag +61 1; 
ttag +62 9; 
ttag +63 4; 
ttag +64 1; 
ttag +65 1; 
ttag +66 11; 
ttag +67 5; 
ttag +68 10; 
ttag +69 3; 
ttag +70 2; 
ttag +71 7; 
ttag +72 4; 
ttag +73 4; 
ttag +74 1; 
ttag +75 6; 
ttag +76 9; 
ttag +77 7; 
ttag +78 9; 
ttag +79 5; 
ttag +80 5; 
ttag +81 1; 
ttag +82 13; 
ttag +83 4; 
ttag +84 2; 
ttag +85 2; 
ttag +86 7; 
ttag +87 8; 
ttag +88 4; 
ttag +89 10; 
ttag +90 3; 
ttag +91 1; 
tread
'Tree with tags' 
(0 ((1 ((2 3 )(((4 5 )(6 7 ))((8 9 )(10 (11 12 ))))))((((13 14 )(15 16 ))(17 (18 (19 ((20 21 )((22 23 )(24 25 )))))))((26 (27 (28 (29 30 ))))((31 ((32 33 )((34 35 )(36 (37 38 )))))(39 ((40 41 )(42 (43 ((44 45 )(46 47 ))))))))))); 
ttag *!; 
ttag +0 ////; 
ttag +1 ////; 
ttag +2 ////; 
ttag +3 ////; 
ttag +4 ////; 
ttag +5 ////; 
ttag +6 ////; 
ttag +7 ////; 
ttag +8 ////; 
ttag +9 ////; 
ttag +10 ////; 
ttag +11 ////; 
ttag +12 ////; 
ttag +13 ////; 
ttag +14 ////; 
ttag +15 ////; 
ttag +16 ////; 
ttag +17 ////; 
ttag +18 ////; 
ttag +19 ////; 
ttag +20 ////; 
ttag +21 ////; 
ttag +22 ////; 
ttag +23 ////; 
ttag +24 ////; 
ttag +25 ////; 
ttag +26 ////; 
ttag +27 ////; 
ttag +28 ////; 
ttag +29 ////; 
ttag +30 ////; 
ttag +31 ////; 
ttag +32 ////; 
ttag +33 ////; 
ttag +34 ////; 
ttag +35 ////; 
ttag +36 ////; 
ttag +37 ////; 
ttag +38 ////; 
ttag +39 ////; 
ttag +40 ////; 
ttag +41 ////; 
ttag +42 ////; 
ttag +43 ////; 
ttag +44 ////; 
ttag +45 ////; 
ttag +46 ////; 
ttag +47 ////; 
ttag +48 ////; 
ttag +49 12/[7]/?/?/?; 
ttag +50 100/100/100/100/100; 
ttag +51 99/99/99/100/98; 
ttag +52 100/100/97/99/100; 
ttag +53 89/84/78/89/77; 
ttag +54 100/100/98/100/99; 
ttag +55 94/93/81/94/78; 
ttag +56 35/11/?/5/8; 
ttag +57 32/18/14/10/19; 
ttag +58 43/13/3/4/13; 
ttag +59 98/98/99/99/98; 
ttag +60 99/99/98/99/99; 
ttag +61 98/98/97/98/97; 
ttag +62 36/12/15/13/11; 
ttag +63 34/25/9/8/4; 
ttag +64 17/[2]/1/?/3; 
ttag +65 100/100/99/100/99; 
ttag +66 96/96/91/97/93; 
ttag +67 77/64/52/64/56; 
ttag +68 57/44/38/41/34; 
ttag +69 100/100/100/100/100; 
ttag +70 94/93/83/96/86; 
ttag +71 100/100/97/100/100; 
ttag +72 86/81/77/82/76; 
ttag +73 72/59/54/70/61; 
ttag +74 100/100/97/100/95; 
ttag +75 83/74/63/76/64; 
ttag +76 92/88/83/90/81; 
ttag +77 56/40/21/34/12; 
ttag +78 98/98/98/99/96; 
ttag +79 99/99/98/99/100; 
ttag +80 100/100/98/100/98; 
ttag +81 100/100/98/100/100; 
ttag +82 98/96/95/98/94; 
ttag +83 97/96/95/97/94; 
ttag +84 58/33/31/40/26; 
ttag +85 100/100/100/100/100; 
ttag +86 90/86/85/92/88; 
ttag +87 77/70/53/70/63; 
ttag +88 64/44/53/56/47; 
ttag +89 98/98/98/99/97; 
ttag +90 100/100/98/100/98; 
ttag +91 92/88/85/92/84; 
ttag +92 100/100/100/100/100; 
ttag +93 90/88/84/86/82; 
ttag +94 55/36/33/42/30; 
