tread
'Tree with tags' 
(0 (1 (((2 3 )(10 (11 12 )))(((4 5 )(6 7 ))(8 9 )))(13 14 )((18 19 (17 (15 16 ))((20 21 )((22 23 )(24 25 ))))((26 (27 (28 (29 30 ))))(39 (31 ((32 33 )((34 35 )(36 (37 38 )))))((40 41 )(42 (43 (46 47 (44 45 )))))))))); 
ttag *!; 
ttag +49 ???; 
ttag +50 8; 
ttag +51 1; 
ttag +52 10; 
ttag +53 4; 
ttag +54 7; 
ttag +55 1; 
ttag +56 2; 
ttag +57 1; 
ttag +58 5; 
ttag +59 8; 
ttag +60 6; 
ttag +61 8; 
ttag +62 2; 
ttag +63 5; 
ttag +64 1; 
ttag +65 7; 
ttag +66 5; 
ttag +67 12; 
ttag +68 1; 
ttag +69 3; 
ttag +70 5; 
ttag +71 5; 
ttag +72 4; 
ttag +73 8; 
ttag +74 5; 
ttag +75 5; 
ttag +76 2; 
ttag +77 7; 
ttag +78 2; 
ttag +79 3; 
ttag +80 2; 
ttag +81 13; 
ttag +82 7; 
ttag +83 3; 
ttag +84 4; 
ttag +85 6; 
ttag +86 7; 
ttag +87 4; 
ttag +88 7; 
tread
'Tree with tags' 
(0 (((1 (((2 3 )(10 (11 12 )))(((4 5 )(6 7 ))(8 9 ))))(((19 (18 (17 (15 16 ))))((20 21 )((22 23 )(24 25 ))))((26 (27 (28 (29 30 ))))((31 ((32 33 )((34 35 )(36 (37 38 )))))(39 ((40 41 )(42 (43 (47 (46 (44 45 )))))))))))(13 14 ))); 
ttag *!; 
ttag +0 ////; 
ttag +1 ////; 
ttag +2 ////; 
ttag +3 ////; 
ttag +4 ////; 
ttag +5 ////; 
ttag +6 ////; 
ttag +7 ////; 
ttag +8 ////; 
ttag +9 ////; 
ttag +10 ////; 
ttag +11 ////; 
ttag +12 ////; 
ttag +13 ////; 
ttag +14 ////; 
ttag +15 ////; 
ttag +16 ////; 
ttag +17 ////; 
ttag +18 ////; 
ttag +19 ////; 
ttag +20 ////; 
ttag +21 ////; 
ttag +22 ////; 
ttag +23 ////; 
ttag +24 ////; 
ttag +25 ////; 
ttag +26 ////; 
ttag +27 ////; 
ttag +28 ////; 
ttag +29 ////; 
ttag +30 ////; 
ttag +31 ////; 
ttag +32 ////; 
ttag +33 ////; 
ttag +34 ////; 
ttag +35 ////; 
ttag +36 ////; 
ttag +37 ////; 
ttag +38 ////; 
ttag +39 ////; 
ttag +40 ////; 
ttag +41 ////; 
ttag +42 ////; 
ttag +43 ////; 
ttag +44 ////; 
ttag +45 ////; 
ttag +46 ////; 
ttag +47 ////; 
ttag +48 ////; 
ttag +49 30/7/6/1/4; 
ttag +50 34/4/?/?/?; 
ttag +51 100/100/100/100/100; 
ttag +52 99/99/98/98/98; 
ttag +53 32/[4]/?/?/?; 
ttag +54 98/98/94/98/92; 
ttag +55 90/89/81/91/80; 
ttag +56 97/97/95/99/96; 
ttag +57 28/[5]/?/?/?; 
ttag +58 58/46/46/50/36; 
ttag +59 54/40/36/38/29; 
ttag +60 94/92/88/93/88; 
ttag +61 99/99/98/100/99; 
ttag +62 99/99/99/99/99; 
ttag +63 96/96/96/98/92; 
ttag +64 64/43/30/41/34; 
ttag +65 12/[24]/?/?/?; 
ttag +66 15/[23]/?/?/?; 
ttag +67 89/86/80/88/79; 
ttag +68 61/57/51/58/46; 
ttag +69 100/100/100/100/100; 
ttag +70 93/92/84/92/80; 
ttag +71 100/100/100/100/100; 
ttag +72 58/31/29/35/30; 
ttag +73 86/83/79/84/75; 
ttag +74 98/97/96/97/82; 
ttag +75 88/83/76/84/80; 
ttag +76 98/97/90/92/88; 
ttag +77 99/99/100/100/98; 
ttag +78 96/95/92/94/83; 
ttag +79 94/92/86/94/94; 
ttag +80 64/57/43/55/42; 
ttag +81 100/100/99/100/99; 
ttag +82 66/59/53/64/55; 
ttag +83 96/95/92/92/89; 
ttag +84 70/66/49/62/51; 
ttag +85 100/100/100/100/100; 
ttag +86 99/98/97/98/97; 
ttag +87 0/[18]/?/?/?; 
ttag +88 86/83/82/86/78; 
ttag +89 86/83/68/81/76; 
ttag +90 93/91/79/85/78; 
ttag +91 98/98/95/99/96; 
ttag +92 96/95/88/92/86; 
ttag +93 33/0/?/?/0; 
ttag +94 99/98/97/98/96; 
