tread
'Tree with tags' 
(0 ((1 ((2 3 )(((4 5 )(6 7 ))((8 9 )(10 (11 12 ))))))(((13 14 )((15 16 )(17 (18 (19 ((20 21 )((22 23 )(24 25 ))))))))((27 (26 (28 (29 30 ))))(39 ((31 ((32 33 )((34 35 )(36 (37 38 )))))((40 41 )(42 43 46 47 (44 45 ))))))))); 
ttag *!; 
ttag +49 2; 
ttag +50 ???; 
ttag +51 5; 
ttag +52 9; 
ttag +53 3; 
ttag +54 4; 
ttag +55 2; 
ttag +56 1; 
ttag +57 2; 
ttag +58 1; 
ttag +59 1; 
ttag +60 10; 
ttag +61 7; 
ttag +62 2; 
ttag +63 2; 
ttag +64 8; 
ttag +65 8; 
ttag +66 1; 
ttag +67 3; 
ttag +68 1; 
ttag +69 7; 
ttag +70 8; 
ttag +71 8; 
ttag +72 7; 
ttag +73 1; 
ttag +74 1; 
ttag +75 11; 
ttag +76 4; 
ttag +77 6; 
ttag +78 6; 
ttag +79 2; 
ttag +80 2; 
ttag +81 6; 
ttag +82 10; 
ttag +83 9; 
ttag +84 2; 
ttag +85 1; 
ttag +86 8; 
ttag +87 10; 
ttag +88 3; 
ttag +89 4; 
ttag +90 4; 
ttag +91 6; 
tread
'Tree with tags' 
(0 ((1 ((2 3 )(((4 5 )(6 7 ))((8 9 )(10 (11 12 ))))))(((13 14 )((15 16 )(17 (18 (19 ((20 21 )((22 23 )(24 25 ))))))))((27 (26 (28 (29 30 ))))(39 ((31 ((32 33 )((34 35 )(36 (37 38 )))))((40 41 )((42 43 )(47 (46 (44 45 ))))))))))); 
ttag *!; 
ttag +0 ////; 
ttag +1 ////; 
ttag +2 ////; 
ttag +3 ////; 
ttag +4 ////; 
ttag +5 ////; 
ttag +6 ////; 
ttag +7 ////; 
ttag +8 ////; 
ttag +9 ////; 
ttag +10 ////; 
ttag +11 ////; 
ttag +12 ////; 
ttag +13 ////; 
ttag +14 ////; 
ttag +15 ////; 
ttag +16 ////; 
ttag +17 ////; 
ttag +18 ////; 
ttag +19 ////; 
ttag +20 ////; 
ttag +21 ////; 
ttag +22 ////; 
ttag +23 ////; 
ttag +24 ////; 
ttag +25 ////; 
ttag +26 ////; 
ttag +27 ////; 
ttag +28 ////; 
ttag +29 ////; 
ttag +30 ////; 
ttag +31 ////; 
ttag +32 ////; 
ttag +33 ////; 
ttag +34 ////; 
ttag +35 ////; 
ttag +36 ////; 
ttag +37 ////; 
ttag +38 ////; 
ttag +39 ////; 
ttag +40 ////; 
ttag +41 ////; 
ttag +42 ////; 
ttag +43 ////; 
ttag +44 ////; 
ttag +45 ////; 
ttag +46 ////; 
ttag +47 ////; 
ttag +48 ////; 
ttag +49 60/49/44/60/40; 
ttag +50 100/100/100/100/100; 
ttag +51 90/86/76/91/81; 
ttag +52 98/98/96/98/96; 
ttag +53 92/89/72/85/80; 
ttag +54 94/94/85/93/88; 
ttag +55 77/71/71/75/69; 
ttag +56 62/41/38/50/38; 
ttag +57 82/77/73/78/75; 
ttag +58 60/49/38/44/40; 
ttag +59 38/15/8/20/8; 
ttag +60 100/100/100/100/100; 
ttag +61 100/100/98/100/99; 
ttag +62 62/49/20/48/32; 
ttag +63 54/42/33/52/32; 
ttag +64 99/98/94/98/92; 
ttag +65 98/98/94/98/96; 
ttag +66 60/39/23/41/34; 
ttag +67 94/93/81/87/80; 
ttag +68 58/46/50/46/43; 
ttag +69 100/100/100/100/100; 
ttag +70 99/98/97/99/99; 
ttag +71 99/98/99/99/97; 
ttag +72 99/99/97/99/98; 
ttag +73 66/46/32/40/41; 
ttag +74 60/40/28/41/32; 
ttag +75 99/99/100/100/99; 
ttag +76 84/81/75/83/69; 
ttag +77 97/97/97/98/93; 
ttag +78 100/100/98/99/96; 
ttag +79 63/48/48/64/42; 
ttag +80 75/71/58/71/58; 
ttag +81 90/86/77/88/76; 
ttag +82 100/100/100/100/99; 
ttag +83 98/97/96/97/94; 
ttag +84 73/70/56/73/63; 
ttag +85 63/56/37/46/36; 
ttag +86 99/99/97/100/94; 
ttag +87 100/100/99/100/100; 
ttag +88 92/88/86/89/77; 
ttag +89 94/93/95/97/86; 
ttag +90 61/44/39/42/40; 
ttag +91 96/95/94/95/88; 
ttag +92 98/98/96/98/98; 
ttag +93 6/[18]/?/?/?; 
ttag +94 53/34/15/24/17; 
