tread
'Tree with tags' 
(0 ((1 ((2 3 )(((4 5 )(6 7 ))((8 9 )(10 (11 12 ))))))((13 14 )((17 (15 16 ))((18 19 )((20 21 )((22 23 )(24 25 )))))((26 (27 (28 (29 30 ))))(39 (31 ((32 33 )(34 35 )(36 (37 38 ))))((40 41 )(42 (43 ((44 45 )(46 47 )))))))))); 
ttag *!; 
ttag +49 2; 
ttag +50 ???; 
ttag +51 12; 
ttag +52 9; 
ttag +53 10; 
ttag +54 6; 
ttag +55 2; 
ttag +56 6; 
ttag +57 1; 
ttag +58 2; 
ttag +59 7; 
ttag +60 7; 
ttag +61 5; 
ttag +62 2; 
ttag +63 17; 
ttag +64 2; 
ttag +65 6; 
ttag +66 1; 
ttag +67 6; 
ttag +68 7; 
ttag +69 9; 
ttag +70 5; 
ttag +71 7; 
ttag +72 4; 
ttag +73 7; 
ttag +74 8; 
ttag +75 4; 
ttag +76 2; 
ttag +77 6; 
ttag +78 7; 
ttag +79 3; 
ttag +80 5; 
ttag +81 2; 
ttag +82 3; 
ttag +83 10; 
ttag +84 8; 
ttag +85 2; 
ttag +86 7; 
ttag +87 10; 
ttag +88 2; 
ttag +89 7; 
ttag +90 7; 
ttag +91 7; 
tread
'Tree with tags' 
(0 ((1 ((2 3 )(((4 5 )(6 7 ))((8 9 )(10 (11 12 ))))))((13 14 )((17 (15 16 ))((18 19 )((20 21 )((22 23 )(24 25 )))))((26 (27 (28 (29 30 ))))(39 (31 ((32 33 )(34 35 )(36 (37 38 ))))((40 41 )(42 (43 ((44 45 )(46 47 )))))))))); 
ttag *!; 
ttag +0 ////; 
ttag +1 ////; 
ttag +2 ////; 
ttag +3 ////; 
ttag +4 ////; 
ttag +5 ////; 
ttag +6 ////; 
ttag +7 ////; 
ttag +8 ////; 
ttag +9 ////; 
ttag +10 ////; 
ttag +11 ////; 
ttag +12 ////; 
ttag +13 ////; 
ttag +14 ////; 
ttag +15 ////; 
ttag +16 ////; 
ttag +17 ////; 
ttag +18 ////; 
ttag +19 ////; 
ttag +20 ////; 
ttag +21 ////; 
ttag +22 ////; 
ttag +23 ////; 
ttag +24 ////; 
ttag +25 ////; 
ttag +26 ////; 
ttag +27 ////; 
ttag +28 ////; 
ttag +29 ////; 
ttag +30 ////; 
ttag +31 ////; 
ttag +32 ////; 
ttag +33 ////; 
ttag +34 ////; 
ttag +35 ////; 
ttag +36 ////; 
ttag +37 ////; 
ttag +38 ////; 
ttag +39 ////; 
ttag +40 ////; 
ttag +41 ////; 
ttag +42 ////; 
ttag +43 ////; 
ttag +44 ////; 
ttag +45 ////; 
ttag +46 ////; 
ttag +47 ////; 
ttag +48 ////; 
ttag +49 71/57/50/63/40; 
ttag +50 100/100/100/100/100; 
ttag +51 100/100/100/100/100; 
ttag +52 99/99/99/100/99; 
ttag +53 99/99/100/99/100; 
ttag +54 98/98/98/98/96; 
ttag +55 60/44/42/54/41; 
ttag +56 95/94/91/96/91; 
ttag +57 45/36/29/48/32; 
ttag +58 68/65/58/75/52; 
ttag +59 97/95/88/96/87; 
ttag +60 100/100/99/100/97; 
ttag +61 99/98/98/100/97; 
ttag +62 64/50/38/52/30; 
ttag +63 100/100/100/100/100; 
ttag +64 79/72/70/76/71; 
ttag +65 99/99/95/98/95; 
ttag +66 47/30/20/33/11; 
ttag +67 99/98/94/97/95; 
ttag +68 100/100/99/99/100; 
ttag +69 100/100/99/100/98; 
ttag +70 98/98/96/98/95; 
ttag +71 99/99/95/98/95; 
ttag +72 94/93/82/91/82; 
ttag +73 100/100/93/99/95; 
ttag +74 99/99/97/99/96; 
ttag +75 96/95/85/95/88; 
ttag +76 75/59/57/67/64; 
ttag +77 99/99/96/99/94; 
ttag +78 99/99/98/100/98; 
ttag +79 90/88/70/85/79; 
ttag +80 98/98/97/98/92; 
ttag +81 79/76/73/80/69; 
ttag +82 98/97/92/93/94; 
ttag +83 100/100/99/100/100; 
ttag +84 99/99/99/99/100; 
ttag +85 68/62/46/62/52; 
ttag +86 99/99/96/99/97; 
ttag +87 100/100/100/100/100; 
ttag +88 80/77/60/77/68; 
ttag +89 99/99/97/98/98; 
ttag +90 100/100/99/99/97; 
ttag +91 100/100/99/98/99; 
