tread
'Tree with tags' 
(0 (((1 ((15 16 )(17 (18 (19 ((20 21 )((22 23 )(24 25 ))))))))((13 14 )((26 (27 28 (29 30 )))((39 (31 ((32 33 )((34 35 )(36 (37 38 ))))))((40 41 )(42 (43 ((44 45 )(46 47 )))))))))((2 3 )(((4 5 )(6 7 ))((8 9 )(10 (11 12 ))))))); 
ttag *!; 
ttag +49 1; 
ttag +50 1; 
ttag +51 ???; 
ttag +52 8; 
ttag +53 3; 
ttag +54 6; 
ttag +55 8; 
ttag +56 7; 
ttag +57 6; 
ttag +58 3; 
ttag +59 3; 
ttag +60 7; 
ttag +61 10; 
ttag +62 6; 
ttag +63 2; 
ttag +64 18; 
ttag +65 6; 
ttag +66 5; 
ttag +67 3; 
ttag +68 4; 
ttag +69 8; 
ttag +70 6; 
ttag +71 8; 
ttag +72 3; 
ttag +73 1; 
ttag +74 7; 
ttag +75 2; 
ttag +76 2; 
ttag +77 11; 
ttag +78 11; 
ttag +79 1; 
ttag +80 10; 
ttag +81 4; 
ttag +82 5; 
ttag +83 1; 
ttag +84 3; 
ttag +85 11; 
ttag +86 6; 
ttag +87 7; 
ttag +88 6; 
ttag +89 7; 
ttag +90 1; 
ttag +91 6; 
ttag +92 5; 
ttag +93 1; 
tread
'Tree with tags' 
(0 (((1 ((15 16 )(17 (18 (19 ((20 21 )((22 23 )(24 25 ))))))))((13 14 )((26 (27 (28 (29 30 ))))((39 (31 ((32 33 )((34 35 )(36 (37 38 ))))))((40 41 )(42 (43 ((44 45 )(46 47 )))))))))((2 3 )(((4 5 )(6 7 ))((8 9 )(10 (11 12 ))))))); 
ttag *!; 
ttag +0 ////; 
ttag +1 ////; 
ttag +2 ////; 
ttag +3 ////; 
ttag +4 ////; 
ttag +5 ////; 
ttag +6 ////; 
ttag +7 ////; 
ttag +8 ////; 
ttag +9 ////; 
ttag +10 ////; 
ttag +11 ////; 
ttag +12 ////; 
ttag +13 ////; 
ttag +14 ////; 
ttag +15 ////; 
ttag +16 ////; 
ttag +17 ////; 
ttag +18 ////; 
ttag +19 ////; 
ttag +20 ////; 
ttag +21 ////; 
ttag +22 ////; 
ttag +23 ////; 
ttag +24 ////; 
ttag +25 ////; 
ttag +26 ////; 
ttag +27 ////; 
ttag +28 ////; 
ttag +29 ////; 
ttag +30 ////; 
ttag +31 ////; 
ttag +32 ////; 
ttag +33 ////; 
ttag +34 ////; 
ttag +35 ////; 
ttag +36 ////; 
ttag +37 ////; 
ttag +38 ////; 
ttag +39 ////; 
ttag +40 ////; 
ttag +41 ////; 
ttag +42 ////; 
ttag +43 ////; 
ttag +44 ////; 
ttag +45 ////; 
ttag +46 ////; 
ttag +47 ////; 
ttag +48 ////; 
ttag +49 54/42/24/38/28; 
ttag +50 47/37/18/36/18; 
ttag +51 100/100/100/100/100; 
ttag +52 98/98/95/97/93; 
ttag +53 79/74/55/71/60; 
ttag +54 98/98/97/97/96; 
ttag +55 99/99/99/100/98; 
ttag +56 98/98/94/98/92; 
ttag +57 96/94/90/95/88; 
ttag +58 84/78/66/84/66; 
ttag +59 87/82/71/85/68; 
ttag +60 98/98/96/98/91; 
ttag +61 100/100/100/100/100; 
ttag +62 98/98/96/99/98; 
ttag +63 62/57/53/58/51; 
ttag +64 100/100/100/100/100; 
ttag +65 96/95/81/96/81; 
ttag +66 96/94/88/94/88; 
ttag +67 86/82/75/86/75; 
ttag +68 93/92/86/91/84; 
ttag +69 100/100/100/100/100; 
ttag +70 100/100/96/99/96; 
ttag +71 100/100/100/100/98; 
ttag +72 90/89/77/90/81; 
ttag +73 60/46/44/40/36; 
ttag +74 100/100/99/100/100; 
ttag +75 69/57/35/61/31; 
ttag +76 83/80/72/77/69; 
ttag +77 42/4/10/5/5; 
ttag +78 100/100/100/100/99; 
ttag +79 100/100/99/100/100; 
ttag +80 62/48/45/52/49; 
ttag +81 100/100/98/100/97; 
ttag +82 99/99/95/98/94; 
ttag +83 93/90/82/87/79; 
ttag +84 55/54/43/53/47; 
ttag +85 79/74/52/74/49; 
ttag +86 100/100/99/100/98; 
ttag +87 97/96/94/98/89; 
ttag +88 98/98/98/99/96; 
ttag +89 98/98/88/97/86; 
ttag +90 98/98/97/99/96; 
ttag +91 70/54/38/52/43; 
ttag +92 94/92/92/95/94; 
ttag +93 97/96/92/95/88; 
ttag +94 47/24/26/28/34; 
