tread
'Tree with tags' 
(0 (((1 ((15 16 )(17 (18 19 ((20 21 )((22 23 )(24 25 )))))))((13 14 )((26 (27 (28 (29 30 ))))((31 ((32 33 )((34 35 )(36 (37 38 )))))(39 ((40 41 )(43 (42 ((44 45 )(46 47 ))))))))))((2 3 )((8 (9 ((4 5 )(6 7 ))))(10 (11 12 )))))); 
ttag *!; 
ttag +49 1; 
ttag +50 1; 
ttag +51 ???; 
ttag +52 2; 
ttag +53 5; 
ttag +54 4; 
ttag +55 6; 
ttag +56 1; 
ttag +57 1; 
ttag +58 3; 
ttag +59 3; 
ttag +60 10; 
ttag +61 6; 
ttag +62 2; 
ttag +63 1; 
ttag +64 15; 
ttag +65 5; 
ttag +66 1; 
ttag +67 6; 
ttag +68 6; 
ttag +69 4; 
ttag +70 8; 
ttag +71 5; 
ttag +72 8; 
ttag +73 1; 
ttag +74 7; 
ttag +75 2; 
ttag +76 5; 
ttag +77 10; 
ttag +78 4; 
ttag +79 8; 
ttag +80 10; 
ttag +81 5; 
ttag +82 5; 
ttag +83 4; 
ttag +84 7; 
ttag +85 14; 
ttag +86 1; 
ttag +87 1; 
ttag +88 5; 
ttag +89 2; 
ttag +90 9; 
ttag +91 6; 
ttag +92 10; 
ttag +93 1; 
tread
'Tree with tags' 
(0 (((1 ((15 16 )(17 (19 (18 ((20 21 )((22 23 )(24 25 ))))))))((13 14 )((26 (27 (28 (29 30 ))))((31 ((32 33 )((34 35 )(36 (37 38 )))))(39 ((40 41 )(43 (42 ((44 45 )(46 47 ))))))))))((2 3 )((8 (9 ((4 5 )(6 7 ))))(10 (11 12 )))))); 
ttag *!; 
ttag +0 ////; 
ttag +1 ////; 
ttag +2 ////; 
ttag +3 ////; 
ttag +4 ////; 
ttag +5 ////; 
ttag +6 ////; 
ttag +7 ////; 
ttag +8 ////; 
ttag +9 ////; 
ttag +10 ////; 
ttag +11 ////; 
ttag +12 ////; 
ttag +13 ////; 
ttag +14 ////; 
ttag +15 ////; 
ttag +16 ////; 
ttag +17 ////; 
ttag +18 ////; 
ttag +19 ////; 
ttag +20 ////; 
ttag +21 ////; 
ttag +22 ////; 
ttag +23 ////; 
ttag +24 ////; 
ttag +25 ////; 
ttag +26 ////; 
ttag +27 ////; 
ttag +28 ////; 
ttag +29 ////; 
ttag +30 ////; 
ttag +31 ////; 
ttag +32 ////; 
ttag +33 ////; 
ttag +34 ////; 
ttag +35 ////; 
ttag +36 ////; 
ttag +37 ////; 
ttag +38 ////; 
ttag +39 ////; 
ttag +40 ////; 
ttag +41 ////; 
ttag +42 ////; 
ttag +43 ////; 
ttag +44 ////; 
ttag +45 ////; 
ttag +46 ////; 
ttag +47 ////; 
ttag +48 ////; 
ttag +49 36/14/11/16/10; 
ttag +50 46/29/21/30/22; 
ttag +51 100/100/100/100/100; 
ttag +52 84/79/75/83/81; 
ttag +53 96/94/94/94/92; 
ttag +54 93/91/84/96/87; 
ttag +55 96/95/94/97/95; 
ttag +56 30/[2]/?/9/3; 
ttag +57 26/8/6/17/14; 
ttag +58 85/77/72/83/78; 
ttag +59 90/87/84/88/88; 
ttag +60 100/100/100/100/99; 
ttag +61 98/98/96/99/97; 
ttag +62 72/65/54/56/59; 
ttag +63 34/12/12/19/8; 
ttag +64 100/100/100/100/100; 
ttag +65 87/82/65/79/70; 
ttag +66 72/68/74/72/71; 
ttag +67 35/0/?/?/?; 
ttag +68 99/99/96/98/95; 
ttag +69 100/100/100/100/100; 
ttag +70 93/91/83/90/80; 
ttag +71 98/98/100/99/100; 
ttag +72 94/93/95/95/89; 
ttag +73 100/100/98/99/100; 
ttag +74 60/58/57/42/50; 
ttag +75 91/87/82/94/79; 
ttag +76 69/60/40/56/46; 
ttag +77 97/97/91/94/94; 
ttag +78 100/100/100/100/100; 
ttag +79 94/92/81/92/84; 
ttag +80 98/97/97/99/95; 
ttag +81 100/100/99/100/100; 
ttag +82 95/93/86/96/87; 
ttag +83 100/100/96/98/97; 
ttag +84 96/94/90/94/88; 
ttag +85 99/99/98/99/98; 
ttag +86 100/100/100/100/100; 
ttag +87 50/33/26/38/27; 
ttag +88 64/46/48/48/30; 
ttag +89 97/95/87/98/89; 
ttag +90 68/50/47/59/60; 
ttag +91 99/98/94/98/98; 
ttag +92 98/98/94/99/97; 
ttag +93 100/100/99/99/100; 
ttag +94 48/26/23/27/13; 
