tread
'Tree with tags' 
(0 ((1 ((17 (15 16 )(18 19 ((20 21 )((22 23 )(24 25 )))))((26 (27 (28 (29 30 ))))((31 ((32 33 )((34 35 )(36 (37 38 )))))(39 ((40 41 )(42 (43 ((44 45 )(46 47 ))))))))))(((2 3 )(8 ((4 5 )(6 7 ))(9 (10 (11 12 )))))(13 14 )))); 
ttag *!; 
ttag +49 1; 
ttag +50 ???; 
ttag +51 8; 
ttag +52 7; 
ttag +53 2; 
ttag +54 5; 
ttag +55 2; 
ttag +56 1; 
ttag +57 1; 
ttag +58 2; 
ttag +59 3; 
ttag +60 9; 
ttag +61 9; 
ttag +62 10; 
ttag +63 7; 
ttag +64 3; 
ttag +65 5; 
ttag +66 3; 
ttag +67 6; 
ttag +68 9; 
ttag +69 1; 
ttag +70 6; 
ttag +71 8; 
ttag +72 3; 
ttag +73 4; 
ttag +74 8; 
ttag +75 12; 
ttag +76 6; 
ttag +77 4; 
ttag +78 8; 
ttag +79 2; 
ttag +80 3; 
ttag +81 1; 
ttag +82 11; 
ttag +83 11; 
ttag +84 2; 
ttag +85 4; 
ttag +86 2; 
ttag +87 11; 
ttag +88 3; 
ttag +89 5; 
ttag +90 7; 
ttag +91 3; 
tread
'Tree with tags' 
(0 ((1 ((17 ((15 16 )(18 (19 ((20 21 )((22 23 )(24 25 )))))))((26 (27 (28 (29 30 ))))((31 ((32 33 )((34 35 )(36 (37 38 )))))(39 ((40 41 )(42 (43 ((44 45 )(46 47 ))))))))))(((2 3 )(((4 5 )(6 7 ))(8 (9 (10 (11 12 ))))))(13 14 )))); 
ttag *!; 
ttag +0 ////; 
ttag +1 ////; 
ttag +2 ////; 
ttag +3 ////; 
ttag +4 ////; 
ttag +5 ////; 
ttag +6 ////; 
ttag +7 ////; 
ttag +8 ////; 
ttag +9 ////; 
ttag +10 ////; 
ttag +11 ////; 
ttag +12 ////; 
ttag +13 ////; 
ttag +14 ////; 
ttag +15 ////; 
ttag +16 ////; 
ttag +17 ////; 
ttag +18 ////; 
ttag +19 ////; 
ttag +20 ////; 
ttag +21 ////; 
ttag +22 ////; 
ttag +23 ////; 
ttag +24 ////; 
ttag +25 ////; 
ttag +26 ////; 
ttag +27 ////; 
ttag +28 ////; 
ttag +29 ////; 
ttag +30 ////; 
ttag +31 ////; 
ttag +32 ////; 
ttag +33 ////; 
ttag +34 ////; 
ttag +35 ////; 
ttag +36 ////; 
ttag +37 ////; 
ttag +38 ////; 
ttag +39 ////; 
ttag +40 ////; 
ttag +41 ////; 
ttag +42 ////; 
ttag +43 ////; 
ttag +44 ////; 
ttag +45 ////; 
ttag +46 ////; 
ttag +47 ////; 
ttag +48 ////; 
ttag +49 48/38/32/39/24; 
ttag +50 100/100/100/100/100; 
ttag +51 98/98/99/99/98; 
ttag +52 98/97/98/98/97; 
ttag +53 58/51/43/52/43; 
ttag +54 93/92/75/92/79; 
ttag +55 46/28/22/29/16; 
ttag +56 55/42/27/36/18; 
ttag +57 43/25/27/29/24; 
ttag +58 14/[3]/?/?/?; 
ttag +59 78/76/59/80/66; 
ttag +60 78/68/61/76/70; 
ttag +61 100/100/98/100/100; 
ttag +62 99/99/100/100/99; 
ttag +63 100/100/99/100/100; 
ttag +64 19/0/?/?/?; 
ttag +65 98/97/94/98/90; 
ttag +66 73/67/54/66/54; 
ttag +67 98/97/91/96/93; 
ttag +68 26/[14]/?/?/?; 
ttag +69 99/99/96/97/95; 
ttag +70 96/95/93/96/95; 
ttag +71 100/100/100/99/100; 
ttag +72 50/36/34/47/39; 
ttag +73 98/98/94/98/96; 
ttag +74 99/99/98/99/94; 
ttag +75 81/75/68/76/69; 
ttag +76 89/86/83/89/85; 
ttag +77 99/99/99/99/98; 
ttag +78 100/100/100/100/100; 
ttag +79 99/98/82/94/87; 
ttag +80 92/91/84/95/82; 
ttag +81 99/99/99/100/100; 
ttag +82 83/81/74/81/77; 
ttag +83 93/91/87/94/86; 
ttag +84 55/46/32/41/33; 
ttag +85 100/100/100/100/99; 
ttag +86 100/100/100/100/100; 
ttag +87 54/42/23/49/34; 
ttag +88 90/85/87/92/88; 
ttag +89 58/48/32/50/44; 
ttag +90 100/100/99/100/99; 
ttag +91 82/72/68/78/71; 
ttag +92 98/98/88/97/91; 
ttag +93 98/98/96/98/93; 
ttag +94 92/89/79/92/84; 
