tread
'Tree with tags' 
(0 (1 ((2 3 )(((4 5 )(6 7 ))(9 (8 (10 (11 12 ))))))(13 14 )((15 16 )(17 (18 (19 ((20 21 )((22 23 )(24 25 ))))))((26 (27 (28 (29 30 ))))(39 (31 ((32 33 )(34 35 )(36 (37 38 ))))(40 41 (42 (43 ((44 45 )(46 47 )))))))))); 
ttag *!; 
ttag +49 ???; 
ttag +50 2; 
ttag +51 7; 
ttag +52 2; 
ttag +53 6; 
ttag +54 7; 
ttag +55 2; 
ttag +56 1; 
ttag +57 1; 
ttag +58 6; 
ttag +59 7; 
ttag +60 6; 
ttag +61 7; 
ttag +62 1; 
ttag +63 3; 
ttag +64 7; 
ttag +65 2; 
ttag +66 8; 
ttag +67 7; 
ttag +68 15; 
ttag +69 5; 
ttag +70 10; 
ttag +71 1; 
ttag +72 2; 
ttag +73 2; 
ttag +74 4; 
ttag +75 11; 
ttag +76 5; 
ttag +77 5; 
ttag +78 7; 
ttag +79 2; 
ttag +80 1; 
ttag +81 15; 
ttag +82 7; 
ttag +83 1; 
ttag +84 7; 
ttag +85 3; 
ttag +86 8; 
ttag +87 8; 
ttag +88 4; 
tread
'Tree with tags' 
(0 ((1 ((13 14 )(((15 16 )((26 (27 (28 (29 30 ))))((39 (31 (((32 33 )(34 35 ))(36 (37 38 )))))((40 41 )(42 (43 ((44 45 )(46 47 ))))))))(17 (18 (19 ((20 21 )((22 23 )(24 25 )))))))))((2 3 )(((4 5 )(6 7 ))(9 (8 (10 (11 12 )))))))); 
ttag *!; 
ttag +0 ////; 
ttag +1 ////; 
ttag +2 ////; 
ttag +3 ////; 
ttag +4 ////; 
ttag +5 ////; 
ttag +6 ////; 
ttag +7 ////; 
ttag +8 ////; 
ttag +9 ////; 
ttag +10 ////; 
ttag +11 ////; 
ttag +12 ////; 
ttag +13 ////; 
ttag +14 ////; 
ttag +15 ////; 
ttag +16 ////; 
ttag +17 ////; 
ttag +18 ////; 
ttag +19 ////; 
ttag +20 ////; 
ttag +21 ////; 
ttag +22 ////; 
ttag +23 ////; 
ttag +24 ////; 
ttag +25 ////; 
ttag +26 ////; 
ttag +27 ////; 
ttag +28 ////; 
ttag +29 ////; 
ttag +30 ////; 
ttag +31 ////; 
ttag +32 ////; 
ttag +33 ////; 
ttag +34 ////; 
ttag +35 ////; 
ttag +36 ////; 
ttag +37 ////; 
ttag +38 ////; 
ttag +39 ////; 
ttag +40 ////; 
ttag +41 ////; 
ttag +42 ////; 
ttag +43 ////; 
ttag +44 ////; 
ttag +45 ////; 
ttag +46 ////; 
ttag +47 ////; 
ttag +48 ////; 
ttag +49 24/[6]/?/?/?; 
ttag +50 100/100/100/100/100; 
ttag +51 64/53/42/53/34; 
ttag +52 98/98/92/98/94; 
ttag +53 66/45/36/49/38; 
ttag +54 98/98/92/98/94; 
ttag +55 97/97/89/94/89; 
ttag +56 79/68/68/77/70; 
ttag +57 17/[5]/?/?/?; 
ttag +58 72/63/54/60/54; 
ttag +59 92/90/77/87/77; 
ttag +60 98/98/94/97/96; 
ttag +61 98/98/93/92/92; 
ttag +62 25/8/2/7/2; 
ttag +63 98/98/94/98/97; 
ttag +64 32/18/13/18/14; 
ttag +65 45/30/29/38/28; 
ttag +66 85/83/68/82/69; 
ttag +67 99/99/96/99/96; 
ttag +68 80/75/67/75/60; 
ttag +69 100/100/100/100/100; 
ttag +70 95/94/87/99/88; 
ttag +71 100/100/100/100/100; 
ttag +72 88/82/71/80/71; 
ttag +73 100/100/100/100/100; 
ttag +74 75/64/61/69/59; 
ttag +75 79/73/64/75/61; 
ttag +76 84/82/70/82/70; 
ttag +77 95/95/89/96/91; 
ttag +78 100/100/100/100/100; 
ttag +79 95/95/89/97/93; 
ttag +80 14/[46]/?/?/?; 
ttag +81 95/94/87/98/92; 
ttag +82 99/99/97/100/99; 
ttag +83 4/[34]/?/?/?; 
ttag +84 77/72/50/73/57; 
ttag +85 84/84/78/76/86; 
ttag +86 100/100/100/100/100; 
ttag +87 99/99/98/100/98; 
ttag +88 62/33/47/26/21; 
ttag +89 77/69/56/81/71; 
ttag +90 99/99/98/99/99; 
ttag +91 86/84/80/88/82; 
ttag +92 99/98/97/100/98; 
ttag +93 98/97/96/98/96; 
ttag +94 93/90/80/92/80; 
