tread
'Tree with tags' 
(0 ((1 ((2 3 )(((4 5 )(6 7 ))(8 9 (10 (11 12 ))))))(((13 14 )((26 (27 (28 (29 30 ))))(39 ((31 (34 35 (32 33 )(36 (37 38 ))))((40 41 )(42 (43 ((44 45 )(46 47 )))))))))((15 16 )(17 (18 19 ((20 21 )((22 23 )(24 25 ))))))))); 
ttag *!; 
ttag +49 2; 
ttag +50 ???; 
ttag +51 7; 
ttag +52 9; 
ttag +53 5; 
ttag +54 5; 
ttag +55 1; 
ttag +56 3; 
ttag +57 2; 
ttag +58 2; 
ttag +59 2; 
ttag +60 1; 
ttag +61 1; 
ttag +62 1; 
ttag +63 13; 
ttag +64 6; 
ttag +65 6; 
ttag +66 5; 
ttag +67 4; 
ttag +68 14; 
ttag +69 13; 
ttag +70 4; 
ttag +71 2; 
ttag +72 4; 
ttag +73 7; 
ttag +74 3; 
ttag +75 6; 
ttag +76 10; 
ttag +77 11; 
ttag +78 1; 
ttag +79 4; 
ttag +80 2; 
ttag +81 1; 
ttag +82 7; 
ttag +83 12; 
ttag +84 1; 
ttag +85 4; 
ttag +86 10; 
ttag +87 3; 
ttag +88 4; 
ttag +89 6; 
ttag +90 2; 
tread
'Tree with tags' 
(0 ((1 ((2 3 )(((4 5 )(6 7 ))(9 (8 (10 (11 12 )))))))(((13 14 )((26 (27 (28 (29 30 ))))(39 ((31 ((32 33 )((34 35 )(36 (37 38 )))))((40 41 )(42 (43 ((44 45 )(46 47 )))))))))((15 16 )(17 (18 (19 ((20 21 )((22 23 )(24 25 )))))))))); 
ttag *!; 
ttag +0 ////; 
ttag +1 ////; 
ttag +2 ////; 
ttag +3 ////; 
ttag +4 ////; 
ttag +5 ////; 
ttag +6 ////; 
ttag +7 ////; 
ttag +8 ////; 
ttag +9 ////; 
ttag +10 ////; 
ttag +11 ////; 
ttag +12 ////; 
ttag +13 ////; 
ttag +14 ////; 
ttag +15 ////; 
ttag +16 ////; 
ttag +17 ////; 
ttag +18 ////; 
ttag +19 ////; 
ttag +20 ////; 
ttag +21 ////; 
ttag +22 ////; 
ttag +23 ////; 
ttag +24 ////; 
ttag +25 ////; 
ttag +26 ////; 
ttag +27 ////; 
ttag +28 ////; 
ttag +29 ////; 
ttag +30 ////; 
ttag +31 ////; 
ttag +32 ////; 
ttag +33 ////; 
ttag +34 ////; 
ttag +35 ////; 
ttag +36 ////; 
ttag +37 ////; 
ttag +38 ////; 
ttag +39 ////; 
ttag +40 ////; 
ttag +41 ////; 
ttag +42 ////; 
ttag +43 ////; 
ttag +44 ////; 
ttag +45 ////; 
ttag +46 ////; 
ttag +47 ////; 
ttag +48 ////; 
ttag +49 69/53/34/48/38; 
ttag +50 100/100/100/100/100; 
ttag +51 98/97/96/99/98; 
ttag +52 100/100/98/99/98; 
ttag +53 96/95/86/96/94; 
ttag +54 99/99/94/96/93; 
ttag +55 35/17/8/15/2; 
ttag +56 86/82/76/80/73; 
ttag +57 14/[26]/?/?/?; 
ttag +58 68/57/45/55/38; 
ttag +59 62/51/43/54/33; 
ttag +60 92/91/86/90/87; 
ttag +61 51/43/39/35/32; 
ttag +62 30/14/0/3/?; 
ttag +63 40/24/11/10/5; 
ttag +64 100/100/100/100/99; 
ttag +65 96/94/95/98/88; 
ttag +66 96/95/91/97/94; 
ttag +67 91/90/85/93/86; 
ttag +68 30/0/2/?/?; 
ttag +69 98/98/98/99/97; 
ttag +70 100/100/98/100/99; 
ttag +71 100/100/100/100/100; 
ttag +72 91/90/82/88/82; 
ttag +73 74/65/55/66/54; 
ttag +74 93/90/83/91/82; 
ttag +75 92/89/83/86/82; 
ttag +76 86/85/80/89/78; 
ttag +77 99/99/98/99/98; 
ttag +78 100/100/100/100/100; 
ttag +79 100/100/97/100/99; 
ttag +80 45/21/15/19/17; 
ttag +81 74/61/57/72/51; 
ttag +82 82/76/68/84/70; 
ttag +83 58/44/44/55/46; 
ttag +84 47/26/18/32/21; 
ttag +85 49/39/40/24/34; 
ttag +86 98/98/97/98/96; 
ttag +87 100/100/99/100/100; 
ttag +88 42/8/2/7/8; 
ttag +89 92/89/76/90/75; 
ttag +90 100/100/99/100/100; 
ttag +91 77/65/60/58/60; 
ttag +92 94/92/92/95/94; 
ttag +93 99/99/96/99/96; 
ttag +94 76/63/57/69/54; 
