tread
'Tree with tags' 
(0 ((1 ((2 3 )(((4 5 )(6 7 ))((8 9 )(10 (11 12 ))))))((13 14 )((17 (15 16 )(18 (19 ((20 21 )((22 23 )(24 25 ))))))((26 (27 (28 (29 30 ))))(39 (31 ((32 33 )((34 35 )(36 (37 38 )))))((40 41 )(42 (43 ((44 45 )(46 47 ))))))))))); 
ttag *!; 
ttag +49 1; 
ttag +50 ???; 
ttag +51 7; 
ttag +52 6; 
ttag +53 4; 
ttag +54 10; 
ttag +55 6; 
ttag +56 3; 
ttag +57 1; 
ttag +58 1; 
ttag +59 3; 
ttag +60 18; 
ttag +61 3; 
ttag +62 2; 
ttag +63 10; 
ttag +64 2; 
ttag +65 2; 
ttag +66 4; 
ttag +67 1; 
ttag +68 10; 
ttag +69 3; 
ttag +70 12; 
ttag +71 4; 
ttag +72 3; 
ttag +73 6; 
ttag +74 4; 
ttag +75 1; 
ttag +76 5; 
ttag +77 4; 
ttag +78 5; 
ttag +79 4; 
ttag +80 5; 
ttag +81 4; 
ttag +82 5; 
ttag +83 2; 
ttag +84 11; 
ttag +85 6; 
ttag +86 3; 
ttag +87 7; 
ttag +88 5; 
ttag +89 4; 
ttag +90 8; 
ttag +91 5; 
ttag +92 2; 
tread
'Tree with tags' 
(0 ((1 ((2 3 )(((4 5 )(6 7 ))((8 9 )(10 (11 12 ))))))((13 14 )((17 ((15 16 )(18 (19 ((20 21 )((22 23 )(24 25 )))))))((26 (27 (28 (29 30 ))))(39 ((31 ((32 33 )((34 35 )(36 (37 38 )))))((40 41 )(42 (43 ((44 45 )(46 47 )))))))))))); 
ttag *!; 
ttag +0 ////; 
ttag +1 ////; 
ttag +2 ////; 
ttag +3 ////; 
ttag +4 ////; 
ttag +5 ////; 
ttag +6 ////; 
ttag +7 ////; 
ttag +8 ////; 
ttag +9 ////; 
ttag +10 ////; 
ttag +11 ////; 
ttag +12 ////; 
ttag +13 ////; 
ttag +14 ////; 
ttag +15 ////; 
ttag +16 ////; 
ttag +17 ////; 
ttag +18 ////; 
ttag +19 ////; 
ttag +20 ////; 
ttag +21 ////; 
ttag +22 ////; 
ttag +23 ////; 
ttag +24 ////; 
ttag +25 ////; 
ttag +26 ////; 
ttag +27 ////; 
ttag +28 ////; 
ttag +29 ////; 
ttag +30 ////; 
ttag +31 ////; 
ttag +32 ////; 
ttag +33 ////; 
ttag +34 ////; 
ttag +35 ////; 
ttag +36 ////; 
ttag +37 ////; 
ttag +38 ////; 
ttag +39 ////; 
ttag +40 ////; 
ttag +41 ////; 
ttag +42 ////; 
ttag +43 ////; 
ttag +44 ////; 
ttag +45 ////; 
ttag +46 ////; 
ttag +47 ////; 
ttag +48 ////; 
ttag +49 52/30/23/38/25; 
ttag +50 100/100/100/100/100; 
ttag +51 100/100/98/99/99; 
ttag +52 98/97/94/98/93; 
ttag +53 92/91/85/92/82; 
ttag +54 100/100/98/100/99; 
ttag +55 92/91/80/93/81; 
ttag +56 79/72/64/70/64; 
ttag +57 31/[4]/?/1/?; 
ttag +58 39/3/4/14/6; 
ttag +59 86/79/64/74/69; 
ttag +60 100/100/100/100/100; 
ttag +61 90/88/81/91/77; 
ttag +62 65/50/41/59/44; 
ttag +63 99/99/100/100/99; 
ttag +64 32/16/16/25/19; 
ttag +65 52/44/22/46/26; 
ttag +66 64/59/44/61/53; 
ttag +67 95/94/81/93/84; 
ttag +68 62/54/42/46/45; 
ttag +69 100/100/100/100/100; 
ttag +70 93/92/88/91/90; 
ttag +71 100/100/100/100/100; 
ttag +72 96/95/88/92/90; 
ttag +73 80/70/75/74/72; 
ttag +74 96/95/89/95/88; 
ttag +75 89/86/80/88/77; 
ttag +76 67/57/54/52/58; 
ttag +77 96/96/93/95/93; 
ttag +78 94/93/88/91/86; 
ttag +79 96/96/87/96/90; 
ttag +80 22/5/?/1/?; 
ttag +81 83/76/57/77/64; 
ttag +82 98/98/89/97/96; 
ttag +83 90/88/77/86/78; 
ttag +84 99/99/98/99/98; 
ttag +85 84/82/71/81/76; 
ttag +86 100/100/99/100/99; 
ttag +87 98/98/95/100/93; 
ttag +88 93/92/82/93/84; 
ttag +89 98/98/92/98/96; 
ttag +90 96/96/94/98/87; 
ttag +91 94/94/86/90/84; 
ttag +92 99/98/96/99/98; 
ttag +93 95/93/90/93/91; 
ttag +94 78/73/62/67/62; 
