tread
'Tree with tags' 
(0 (1 ((2 3 )(8 9 (6 (7 (4 5 )))(10 (11 12 ))))(13 14 )((15 16 )(17 (19 (18 ((20 21 )((22 23 )(24 25 )))))))(39 (26 (27 (28 (29 30 ))))(31 (((32 33 )(36 (37 38 )))(34 35 )))((40 41 )(42 (43 ((44 45 )(46 47 )))))))); 
ttag *!; 
ttag +49 ???; 
ttag +50 8; 
ttag +51 15; 
ttag +52 5; 
ttag +53 2; 
ttag +54 3; 
ttag +55 4; 
ttag +56 4; 
ttag +57 1; 
ttag +58 7; 
ttag +59 12; 
ttag +60 1; 
ttag +61 3; 
ttag +62 2; 
ttag +63 7; 
ttag +64 5; 
ttag +65 8; 
ttag +66 9; 
ttag +67 4; 
ttag +68 5; 
ttag +69 9; 
ttag +70 9; 
ttag +71 2; 
ttag +72 7; 
ttag +73 6; 
ttag +74 3; 
ttag +75 8; 
ttag +76 1; 
ttag +77 1; 
ttag +78 2; 
ttag +79 8; 
ttag +80 5; 
ttag +81 2; 
ttag +82 6; 
ttag +83 9; 
ttag +84 3; 
ttag +85 8; 
ttag +86 5; 
ttag +87 5; 
tread
'Tree with tags' 
(0 (((1 (13 14 ))((2 3 )(((6 (7 (4 5 )))(8 9 ))(10 (11 12 )))))(((15 16 )(17 (19 (18 ((20 21 )((22 23 )(24 25 )))))))((26 (27 (28 (29 30 ))))((39 (31 (((32 33 )(36 (37 38 )))(34 35 ))))((40 41 )(42 (43 ((44 45 )(46 47 )))))))))); 
ttag *!; 
ttag +0 ////; 
ttag +1 ////; 
ttag +2 ////; 
ttag +3 ////; 
ttag +4 ////; 
ttag +5 ////; 
ttag +6 ////; 
ttag +7 ////; 
ttag +8 ////; 
ttag +9 ////; 
ttag +10 ////; 
ttag +11 ////; 
ttag +12 ////; 
ttag +13 ////; 
ttag +14 ////; 
ttag +15 ////; 
ttag +16 ////; 
ttag +17 ////; 
ttag +18 ////; 
ttag +19 ////; 
ttag +20 ////; 
ttag +21 ////; 
ttag +22 ////; 
ttag +23 ////; 
ttag +24 ////; 
ttag +25 ////; 
ttag +26 ////; 
ttag +27 ////; 
ttag +28 ////; 
ttag +29 ////; 
ttag +30 ////; 
ttag +31 ////; 
ttag +32 ////; 
ttag +33 ////; 
ttag +34 ////; 
ttag +35 ////; 
ttag +36 ////; 
ttag +37 ////; 
ttag +38 ////; 
ttag +39 ////; 
ttag +40 ////; 
ttag +41 ////; 
ttag +42 ////; 
ttag +43 ////; 
ttag +44 ////; 
ttag +45 ////; 
ttag +46 ////; 
ttag +47 ////; 
ttag +48 ////; 
ttag +49 8/[10]/?/?/?; 
ttag +50 26/12/2/9/7; 
ttag +51 100/100/100/100/100; 
ttag +52 100/100/99/100/99; 
ttag +53 100/100/99/100/100; 
ttag +54 96/96/92/98/90; 
ttag +55 74/64/46/64/50; 
ttag +56 94/93/87/90/88; 
ttag +57 20/[5]/?/?/?; 
ttag +58 93/92/83/92/83; 
ttag +59 35/6/?/16/6; 
ttag +60 98/98/95/98/98; 
ttag +61 52/31/23/33/25; 
ttag +62 98/98/98/99/98; 
ttag +63 100/100/100/100/100; 
ttag +64 78/67/56/69/58; 
ttag +65 65/58/41/57/48; 
ttag +66 96/95/88/94/86; 
ttag +67 77/69/57/76/56; 
ttag +68 100/100/96/100/97; 
ttag +69 99/99/100/100/99; 
ttag +70 100/100/99/99/98; 
ttag +71 100/100/100/100/98; 
ttag +72 92/87/77/90/70; 
ttag +73 98/98/97/98/96; 
ttag +74 100/100/98/100/99; 
ttag +75 96/94/94/98/96; 
ttag +76 73/60/52/62/51; 
ttag +77 99/99/98/100/98; 
ttag +78 99/99/97/98/94; 
ttag +79 87/86/75/84/80; 
ttag +80 52/37/35/43/42; 
ttag +81 49/28/24/25/22; 
ttag +82 100/100/98/100/100; 
ttag +83 58/49/36/47/34; 
ttag +84 50/33/26/38/27; 
ttag +85 89/87/82/85/76; 
ttag +86 100/100/99/100/98; 
ttag +87 96/94/89/95/90; 
ttag +88 71/54/50/57/46; 
ttag +89 94/91/88/95/88; 
ttag +90 100/100/100/100/100; 
ttag +91 86/83/81/92/81; 
ttag +92 97/96/97/100/98; 
ttag +93 94/92/88/94/87; 
ttag +94 98/98/91/97/94; 
