tread
'Tree with tags' 
(0 ((1 (((13 14 )((15 16 )(17 (18 19 ((20 21 )((22 23 )(24 25 )))))))((26 (27 (28 (29 30 ))))((31 ((32 33 )(34 35 )(36 (37 38 ))))(39 ((40 41 )(42 (43 ((44 45 )(46 47 ))))))))))((2 3 )(((4 5 )(6 7 ))((8 9 )(10 (11 12 ))))))); 
ttag *!; 
ttag +49 1; 
ttag +50 ???; 
ttag +51 2; 
ttag +52 7; 
ttag +53 7; 
ttag +54 3; 
ttag +55 4; 
ttag +56 2; 
ttag +57 2; 
ttag +58 2; 
ttag +59 4; 
ttag +60 6; 
ttag +61 10; 
ttag +62 1; 
ttag +63 1; 
ttag +64 9; 
ttag +65 3; 
ttag +66 1; 
ttag +67 6; 
ttag +68 5; 
ttag +69 4; 
ttag +70 5; 
ttag +71 5; 
ttag +72 2; 
ttag +73 7; 
ttag +74 3; 
ttag +75 3; 
ttag +76 8; 
ttag +77 5; 
ttag +78 4; 
ttag +79 8; 
ttag +80 2; 
ttag +81 6; 
ttag +82 4; 
ttag +83 8; 
ttag +84 4; 
ttag +85 2; 
ttag +86 1; 
ttag +87 7; 
ttag +88 8; 
ttag +89 4; 
ttag +90 12; 
ttag +91 7; 
ttag +92 2; 
tread
'Tree with tags' 
(0 ((1 (((13 14 )((15 16 )(17 (18 (19 ((20 21 )((22 23 )(24 25 ))))))))((26 (27 (28 (29 30 ))))((31 (((32 33 )(36 (37 38 )))(34 35 )))(39 ((40 41 )(42 (43 ((44 45 )(46 47 ))))))))))((2 3 )(((4 5 )(6 7 ))((8 9 )(10 (11 12 ))))))); 
ttag *!; 
ttag +0 ////; 
ttag +1 ////; 
ttag +2 ////; 
ttag +3 ////; 
ttag +4 ////; 
ttag +5 ////; 
ttag +6 ////; 
ttag +7 ////; 
ttag +8 ////; 
ttag +9 ////; 
ttag +10 ////; 
ttag +11 ////; 
ttag +12 ////; 
ttag +13 ////; 
ttag +14 ////; 
ttag +15 ////; 
ttag +16 ////; 
ttag +17 ////; 
ttag +18 ////; 
ttag +19 ////; 
ttag +20 ////; 
ttag +21 ////; 
ttag +22 ////; 
ttag +23 ////; 
ttag +24 ////; 
ttag +25 ////; 
ttag +26 ////; 
ttag +27 ////; 
ttag +28 ////; 
ttag +29 ////; 
ttag +30 ////; 
ttag +31 ////; 
ttag +32 ////; 
ttag +33 ////; 
ttag +34 ////; 
ttag +35 ////; 
ttag +36 ////; 
ttag +37 ////; 
ttag +38 ////; 
ttag +39 ////; 
ttag +40 ////; 
ttag +41 ////; 
ttag +42 ////; 
ttag +43 ////; 
ttag +44 ////; 
ttag +45 ////; 
ttag +46 ////; 
ttag +47 ////; 
ttag +48 ////; 
ttag +49 28/6/?/5/?; 
ttag +50 100/100/100/100/100; 
ttag +51 62/42/44/65/54; 
ttag +52 95/94/92/96/89; 
ttag +53 99/98/96/100/94; 
ttag +54 75/62/50/54/40; 
ttag +55 94/93/90/92/91; 
ttag +56 58/45/35/40/28; 
ttag +57 66/63/49/66/58; 
ttag +58 58/46/37/56/46; 
ttag +59 80/74/62/81/64; 
ttag +60 98/97/95/97/94; 
ttag +61 100/100/99/100/99; 
ttag +62 49/27/17/17/4; 
ttag +63 46/24/12/19/1; 
ttag +64 100/100/100/100/100; 
ttag +65 86/83/76/87/74; 
ttag +66 47/34/27/39/29; 
ttag +67 92/89/76/90/79; 
ttag +68 25/[26]/?/?/?; 
ttag +69 99/99/100/100/100; 
ttag +70 89/86/73/88/67; 
ttag +71 97/96/90/93/90; 
ttag +72 92/90/86/94/78; 
ttag +73 88/82/70/77/73; 
ttag +74 99/98/99/98/97; 
ttag +75 69/59/50/65/54; 
ttag +76 77/69/65/83/69; 
ttag +77 100/100/100/100/99; 
ttag +78 99/99/98/99/99; 
ttag +79 93/91/87/92/85; 
ttag +80 99/99/97/100/96; 
ttag +81 87/85/84/88/84; 
ttag +82 37/[6]/?/3/?; 
ttag +83 97/96/97/97/94; 
ttag +84 98/98/98/97/98; 
ttag +85 100/100/99/100/98; 
ttag +86 90/84/77/84/73; 
ttag +87 76/73/67/70/65; 
ttag +88 51/18/22/35/19; 
ttag +89 100/100/97/100/98; 
ttag +90 99/99/99/99/98; 
ttag +91 96/95/86/91/86; 
ttag +92 100/100/100/100/100; 
ttag +93 100/100/98/100/99; 
ttag +94 56/42/54/64/50; 
