tread
'Tree with tags' 
(0 (1 ((((2 3 )((6 (7 (4 5 )))((8 9 )(10 (11 12 )))))((26 27 (28 (29 30 )))((31 ((32 33 )(34 35 )(36 (37 38 ))))(39 ((40 41 )(42 43 (46 47 (44 45 ))))))))(13 14 ))((15 16 )(17 (19 (18 ((20 21 )((22 23 )(24 25 ))))))))); 
ttag *!; 
ttag +49 ???; 
ttag +50 6; 
ttag +51 7; 
ttag +52 1; 
ttag +53 1; 
ttag +54 1; 
ttag +55 1; 
ttag +56 7; 
ttag +57 3; 
ttag +58 1; 
ttag +59 3; 
ttag +60 2; 
ttag +61 9; 
ttag +62 5; 
ttag +63 12; 
ttag +64 9; 
ttag +65 3; 
ttag +66 1; 
ttag +67 7; 
ttag +68 11; 
ttag +69 4; 
ttag +70 3; 
ttag +71 7; 
ttag +72 3; 
ttag +73 4; 
ttag +74 5; 
ttag +75 8; 
ttag +76 17; 
ttag +77 6; 
ttag +78 7; 
ttag +79 7; 
ttag +80 3; 
ttag +81 4; 
ttag +82 6; 
ttag +83 9; 
ttag +84 1; 
ttag +85 3; 
ttag +86 6; 
ttag +87 9; 
ttag +88 9; 
ttag +89 8; 
tread
'Tree with tags' 
(0 ((1 ((((2 3 )((6 (7 (4 5 )))((8 9 )(10 (11 12 )))))((26 (27 (28 (29 30 ))))((31 (((32 33 )(34 35 ))(36 (37 38 ))))(39 ((40 41 )((42 43 )(47 (46 (44 45 )))))))))(13 14 )))((15 16 )(17 (19 (18 ((20 21 )((22 23 )(24 25 ))))))))); 
ttag *!; 
ttag +0 ////; 
ttag +1 ////; 
ttag +2 ////; 
ttag +3 ////; 
ttag +4 ////; 
ttag +5 ////; 
ttag +6 ////; 
ttag +7 ////; 
ttag +8 ////; 
ttag +9 ////; 
ttag +10 ////; 
ttag +11 ////; 
ttag +12 ////; 
ttag +13 ////; 
ttag +14 ////; 
ttag +15 ////; 
ttag +16 ////; 
ttag +17 ////; 
ttag +18 ////; 
ttag +19 ////; 
ttag +20 ////; 
ttag +21 ////; 
ttag +22 ////; 
ttag +23 ////; 
ttag +24 ////; 
ttag +25 ////; 
ttag +26 ////; 
ttag +27 ////; 
ttag +28 ////; 
ttag +29 ////; 
ttag +30 ////; 
ttag +31 ////; 
ttag +32 ////; 
ttag +33 ////; 
ttag +34 ////; 
ttag +35 ////; 
ttag +36 ////; 
ttag +37 ////; 
ttag +38 ////; 
ttag +39 ////; 
ttag +40 ////; 
ttag +41 ////; 
ttag +42 ////; 
ttag +43 ////; 
ttag +44 ////; 
ttag +45 ////; 
ttag +46 ////; 
ttag +47 ////; 
ttag +48 ////; 
ttag +49 26/1/2/?/9; 
ttag +50 100/100/100/100/100; 
ttag +51 97/96/96/98/94; 
ttag +52 98/98/90/97/88; 
ttag +53 31/[3]/?/?/?; 
ttag +54 32/[2]/?/?/?; 
ttag +55 60/34/36/34/18; 
ttag +56 54/29/23/26/9; 
ttag +57 98/98/96/97/96; 
ttag +58 81/70/60/69/60; 
ttag +59 45/28/26/31/28; 
ttag +60 89/86/82/90/76; 
ttag +61 80/72/66/74/70; 
ttag +62 100/100/100/100/99; 
ttag +63 96/96/89/95/89; 
ttag +64 100/100/100/100/100; 
ttag +65 99/98/98/100/94; 
ttag +66 88/82/70/82/77; 
ttag +67 46/37/34/35/34; 
ttag +68 99/99/94/98/94; 
ttag +69 100/100/100/100/100; 
ttag +70 92/90/84/93/86; 
ttag +71 86/84/79/88/82; 
ttag +72 98/97/96/98/99; 
ttag +73 77/69/66/74/59; 
ttag +74 92/88/72/88/77; 
ttag +75 92/89/79/90/83; 
ttag +76 34/3/6/9/7; 
ttag +77 99/99/97/100/96; 
ttag +78 100/100/100/100/100; 
ttag +79 96/95/92/97/94; 
ttag +80 99/98/96/98/97; 
ttag +81 99/98/98/99/98; 
ttag +82 19/[8]/?/?/?; 
ttag +83 87/84/76/87/80; 
ttag +84 93/91/87/91/87; 
ttag +85 98/98/94/99/95; 
ttag +86 99/99/100/100/100; 
ttag +87 41/8/1/17/4; 
ttag +88 79/66/51/71/62; 
ttag +89 98/98/93/96/86; 
ttag +90 37/[5]/?/?/0; 
ttag +91 100/100/100/100/97; 
ttag +92 100/100/100/100/100; 
ttag +93 33/[14]/?/?/?; 
ttag +94 100/100/98/100/97; 
