tread
'Tree with tags' 
(0 (1 ((2 3 )(((4 5 )(6 7 ))((8 9 )(10 (11 12 )))))(13 14 )(((15 16 )(17 (18 (19 ((20 21 )((22 23 )(24 25 )))))))((26 (27 (28 (29 30 ))))((31 (34 35 (32 33 )(36 (37 38 ))))(39 (40 41 (42 (43 ((44 45 )(46 47 ))))))))))); 
ttag *!; 
ttag +49 ???; 
ttag +50 4; 
ttag +51 8; 
ttag +52 4; 
ttag +53 8; 
ttag +54 3; 
ttag +55 6; 
ttag +56 3; 
ttag +57 3; 
ttag +58 6; 
ttag +59 14; 
ttag +60 9; 
ttag +61 11; 
ttag +62 6; 
ttag +63 1; 
ttag +64 1; 
ttag +65 8; 
ttag +66 2; 
ttag +67 9; 
ttag +68 4; 
ttag +69 10; 
ttag +70 11; 
ttag +71 4; 
ttag +72 2; 
ttag +73 5; 
ttag +74 2; 
ttag +75 7; 
ttag +76 13; 
ttag +77 6; 
ttag +78 4; 
ttag +79 6; 
ttag +80 7; 
ttag +81 8; 
ttag +82 4; 
ttag +83 2; 
ttag +84 5; 
ttag +85 8; 
ttag +86 5; 
ttag +87 9; 
ttag +88 9; 
ttag +89 3; 
tread
'Tree with tags' 
(0 ((1 (((2 3 )(((4 5 )(6 7 ))((8 9 )(10 (11 12 )))))(13 14 )))(((15 16 )(17 (18 (19 ((20 21 )((22 23 )(24 25 )))))))((26 (27 (28 (29 30 ))))((31 (35 ((32 33 )(34 (36 (37 38 ))))))(39 (40 (41 (42 (43 ((44 45 )(46 47 )))))))))))); 
ttag *!; 
ttag +0 ////; 
ttag +1 ////; 
ttag +2 ////; 
ttag +3 ////; 
ttag +4 ////; 
ttag +5 ////; 
ttag +6 ////; 
ttag +7 ////; 
ttag +8 ////; 
ttag +9 ////; 
ttag +10 ////; 
ttag +11 ////; 
ttag +12 ////; 
ttag +13 ////; 
ttag +14 ////; 
ttag +15 ////; 
ttag +16 ////; 
ttag +17 ////; 
ttag +18 ////; 
ttag +19 ////; 
ttag +20 ////; 
ttag +21 ////; 
ttag +22 ////; 
ttag +23 ////; 
ttag +24 ////; 
ttag +25 ////; 
ttag +26 ////; 
ttag +27 ////; 
ttag +28 ////; 
ttag +29 ////; 
ttag +30 ////; 
ttag +31 ////; 
ttag +32 ////; 
ttag +33 ////; 
ttag +34 ////; 
ttag +35 ////; 
ttag +36 ////; 
ttag +37 ////; 
ttag +38 ////; 
ttag +39 ////; 
ttag +40 ////; 
ttag +41 ////; 
ttag +42 ////; 
ttag +43 ////; 
ttag +44 ////; 
ttag +45 ////; 
ttag +46 ////; 
ttag +47 ////; 
ttag +48 ////; 
ttag +49 10/[6]/?/?/?; 
ttag +50 100/100/100/100/100; 
ttag +51 95/93/85/94/82; 
ttag +52 99/98/99/98/96; 
ttag +53 25/10/2/?/?; 
ttag +54 93/93/87/96/88; 
ttag +55 98/98/98/100/98; 
ttag +56 88/83/78/85/75; 
ttag +57 98/98/96/98/94; 
ttag +58 94/94/93/90/89; 
ttag +59 87/82/72/84/71; 
ttag +60 98/98/92/98/90; 
ttag +61 100/100/100/100/100; 
ttag +62 100/100/100/100/100; 
ttag +63 100/100/98/99/100; 
ttag +64 100/100/98/100/98; 
ttag +65 48/31/32/30/20; 
ttag +66 63/47/26/40/33; 
ttag +67 98/97/95/97/96; 
ttag +68 78/76/65/79/66; 
ttag +69 100/100/100/100/100; 
ttag +70 88/86/69/87/75; 
ttag +71 100/100/100/99/100; 
ttag +72 100/100/99/100/99; 
ttag +73 93/91/83/92/83; 
ttag +74 56/34/18/29/15; 
ttag +75 96/96/93/97/89; 
ttag +76 59/46/39/37/33; 
ttag +77 98/98/95/99/98; 
ttag +78 100/100/100/100/99; 
ttag +79 93/91/86/95/90; 
ttag +80 95/94/89/93/84; 
ttag +81 99/99/96/99/98; 
ttag +82 31/[4]/?/?/?; 
ttag +83 98/98/94/99/96; 
ttag +84 40/5/?/4/?; 
ttag +85 99/99/98/97/98; 
ttag +86 94/93/87/92/92; 
ttag +87 64/48/39/50/44; 
ttag +88 95/95/89/93/87; 
ttag +89 18/[11]/?/?/?; 
ttag +90 100/100/100/100/99; 
ttag +91 98/97/99/99/97; 
ttag +92 100/100/100/100/99; 
ttag +93 100/100/99/100/98; 
ttag +94 89/87/80/90/81; 
