tread
'Tree with tags' 
(0 (((1 ((15 16 )(17 (18 (19 ((20 21 )((22 23 )(24 25 ))))))))((13 14 )((26 (27 (28 (29 30 ))))((39 (31 ((32 33 )((34 35 )(36 (37 38 ))))))((40 41 )(42 (43 ((44 45 )(46 47 )))))))))((2 3 )((((4 5 )(6 7 ))(10 (11 12 )))(8 9 ))))); 
ttag *!; 
ttag +49 1; 
ttag +50 1; 
ttag +51 ???; 
ttag +52 6; 
ttag +53 7; 
ttag +54 6; 
ttag +55 5; 
ttag +56 1; 
ttag +57 2; 
ttag +58 5; 
ttag +59 1; 
ttag +60 9; 
ttag +61 11; 
ttag +62 7; 
ttag +63 1; 
ttag +64 9; 
ttag +65 8; 
ttag +66 3; 
ttag +67 7; 
ttag +68 1; 
ttag +69 4; 
ttag +70 7; 
ttag +71 5; 
ttag +72 3; 
ttag +73 7; 
ttag +74 5; 
ttag +75 4; 
ttag +76 2; 
ttag +77 3; 
ttag +78 5; 
ttag +79 6; 
ttag +80 1; 
ttag +81 1; 
ttag +82 7; 
ttag +83 4; 
ttag +84 2; 
ttag +85 2; 
ttag +86 8; 
ttag +87 5; 
ttag +88 4; 
ttag +89 7; 
ttag +90 8; 
ttag +91 4; 
ttag +92 4; 
ttag +93 3; 
ttag +94 3; 
tread
'Tree with tags' 
(0 (((1 ((15 16 )(17 (18 (19 ((20 21 )((22 23 )(24 25 ))))))))((13 14 )((26 (27 (28 (29 30 ))))((39 (31 ((32 33 )((34 35 )(36 (37 38 ))))))((40 41 )(42 (43 ((44 45 )(46 47 )))))))))((2 3 )((((4 5 )(6 7 ))(10 (11 12 )))(8 9 ))))); 
ttag *!; 
ttag +0 ////; 
ttag +1 ////; 
ttag +2 ////; 
ttag +3 ////; 
ttag +4 ////; 
ttag +5 ////; 
ttag +6 ////; 
ttag +7 ////; 
ttag +8 ////; 
ttag +9 ////; 
ttag +10 ////; 
ttag +11 ////; 
ttag +12 ////; 
ttag +13 ////; 
ttag +14 ////; 
ttag +15 ////; 
ttag +16 ////; 
ttag +17 ////; 
ttag +18 ////; 
ttag +19 ////; 
ttag +20 ////; 
ttag +21 ////; 
ttag +22 ////; 
ttag +23 ////; 
ttag +24 ////; 
ttag +25 ////; 
ttag +26 ////; 
ttag +27 ////; 
ttag +28 ////; 
ttag +29 ////; 
ttag +30 ////; 
ttag +31 ////; 
ttag +32 ////; 
ttag +33 ////; 
ttag +34 ////; 
ttag +35 ////; 
ttag +36 ////; 
ttag +37 ////; 
ttag +38 ////; 
ttag +39 ////; 
ttag +40 ////; 
ttag +41 ////; 
ttag +42 ////; 
ttag +43 ////; 
ttag +44 ////; 
ttag +45 ////; 
ttag +46 ////; 
ttag +47 ////; 
ttag +48 ////; 
ttag +49 28/14/13/15/10; 
ttag +50 46/32/27/33/26; 
ttag +51 100/100/100/100/100; 
ttag +52 98/97/96/98/94; 
ttag +53 98/98/92/98/94; 
ttag +54 97/96/90/98/96; 
ttag +55 98/97/96/98/95; 
ttag +56 37/6/7/19/1; 
ttag +57 60/48/51/54/52; 
ttag +58 96/94/93/95/92; 
ttag +59 48/26/21/28/13; 
ttag +60 99/98/98/98/98; 
ttag +61 100/100/100/100/100; 
ttag +62 100/100/98/100/99; 
ttag +63 35/20/22/22/18; 
ttag +64 100/100/100/99/100; 
ttag +65 100/100/98/99/97; 
ttag +66 92/90/81/86/80; 
ttag +67 100/100/97/99/98; 
ttag +68 54/45/33/44/40; 
ttag +69 94/92/94/93/91; 
ttag +70 99/98/98/99/98; 
ttag +71 99/99/95/98/93; 
ttag +72 88/82/74/88/83; 
ttag +73 98/98/95/98/99; 
ttag +74 98/97/92/98/94; 
ttag +75 92/88/82/86/80; 
ttag +76 82/75/66/75/75; 
ttag +77 84/77/82/82/75; 
ttag +78 97/97/92/96/94; 
ttag +79 96/94/90/97/89; 
ttag +80 56/46/40/46/36; 
ttag +81 59/40/38/42/41; 
ttag +82 100/100/99/100/99; 
ttag +83 92/88/78/90/73; 
ttag +84 85/80/58/77/71; 
ttag +85 81/79/71/79/63; 
ttag +86 99/99/96/98/96; 
ttag +87 96/94/88/98/90; 
ttag +88 94/92/88/96/91; 
ttag +89 99/99/98/100/98; 
ttag +90 100/100/99/100/99; 
ttag +91 92/88/90/92/88; 
ttag +92 98/97/92/96/89; 
ttag +93 98/98/98/97/96; 
ttag +94 87/83/70/87/74; 
