tread
'Tree with tags' 
(0 (1 (((17 (9 (8 (((2 3 )((4 5 )(6 7 )))(10 (11 12 ))))))((15 16 )(18 (19 ((20 21 )((22 23 )(24 25 )))))))((13 14 )((26 (27 (28 (29 30 ))))((31 ((32 33 )((34 35 )(36 (37 38 )))))(39 ((40 41 )(42 43 ((44 45 )(46 47 ))))))))))); 
ttag *!; 
ttag +49 ???; 
ttag +50 7; 
ttag +51 2; 
ttag +52 2; 
ttag +53 2; 
ttag +54 11; 
ttag +55 2; 
ttag +56 3; 
ttag +57 1; 
ttag +58 7; 
ttag +59 5; 
ttag +60 4; 
ttag +61 4; 
ttag +62 11; 
ttag +63 6; 
ttag +64 1; 
ttag +65 8; 
ttag +66 2; 
ttag +67 3; 
ttag +68 2; 
ttag +69 7; 
ttag +70 6; 
ttag +71 9; 
ttag +72 7; 
ttag +73 13; 
ttag +74 2; 
ttag +75 12; 
ttag +76 6; 
ttag +77 8; 
ttag +78 12; 
ttag +79 6; 
ttag +80 6; 
ttag +81 4; 
ttag +82 2; 
ttag +83 1; 
ttag +84 2; 
ttag +85 5; 
ttag +86 9; 
ttag +87 2; 
ttag +88 1; 
ttag +89 8; 
ttag +90 6; 
ttag +91 3; 
ttag +92 9; 
ttag +93 5; 
tread
'Tree with tags' 
(0 (1 (((17 (9 (8 (((2 3 )((4 5 )(6 7 )))(10 (11 12 ))))))((15 16 )(18 (19 ((20 21 )((22 23 )(24 25 )))))))((13 14 )((26 (27 (28 (29 30 ))))((31 ((32 33 )((34 35 )(36 (37 38 )))))(39 ((40 41 )(42 (43 ((44 45 )(46 47 )))))))))))); 
ttag *!; 
ttag +0 ////; 
ttag +1 ////; 
ttag +2 ////; 
ttag +3 ////; 
ttag +4 ////; 
ttag +5 ////; 
ttag +6 ////; 
ttag +7 ////; 
ttag +8 ////; 
ttag +9 ////; 
ttag +10 ////; 
ttag +11 ////; 
ttag +12 ////; 
ttag +13 ////; 
ttag +14 ////; 
ttag +15 ////; 
ttag +16 ////; 
ttag +17 ////; 
ttag +18 ////; 
ttag +19 ////; 
ttag +20 ////; 
ttag +21 ////; 
ttag +22 ////; 
ttag +23 ////; 
ttag +24 ////; 
ttag +25 ////; 
ttag +26 ////; 
ttag +27 ////; 
ttag +28 ////; 
ttag +29 ////; 
ttag +30 ////; 
ttag +31 ////; 
ttag +32 ////; 
ttag +33 ////; 
ttag +34 ////; 
ttag +35 ////; 
ttag +36 ////; 
ttag +37 ////; 
ttag +38 ////; 
ttag +39 ////; 
ttag +40 ////; 
ttag +41 ////; 
ttag +42 ////; 
ttag +43 ////; 
ttag +44 ////; 
ttag +45 ////; 
ttag +46 ////; 
ttag +47 ////; 
ttag +48 ////; 
ttag +49 100/100/100/100/100; 
ttag +50 98/97/95/98/95; 
ttag +51 28/[7]/?/?/?; 
ttag +52 20/[15]/?/?/?; 
ttag +53 18/[20]/?/?/?; 
ttag +54 97/96/90/97/86; 
ttag +55 31/[1]/?/0/?; 
ttag +56 53/47/43/54/50; 
ttag +57 9/[6]/?/0/?; 
ttag +58 99/99/97/99/99; 
ttag +59 96/94/84/96/89; 
ttag +60 73/56/50/62/40; 
ttag +61 68/64/55/69/54; 
ttag +62 100/100/100/100/99; 
ttag +63 100/100/99/99/99; 
ttag +64 31/15/12/17/0; 
ttag +65 100/100/99/100/99; 
ttag +66 39/7/?/11/?; 
ttag +67 61/55/49/58/51; 
ttag +68 75/72/58/70/64; 
ttag +69 100/100/100/100/99; 
ttag +70 96/95/93/96/96; 
ttag +71 100/100/99/100/99; 
ttag +72 98/98/96/98/96; 
ttag +73 100/100/100/100/100; 
ttag +74 67/58/56/65/50; 
ttag +75 100/100/100/100/98; 
ttag +76 95/94/85/93/84; 
ttag +77 99/99/99/100/96; 
ttag +78 100/100/100/100/100; 
ttag +79 100/100/99/100/98; 
ttag +80 99/98/95/98/97; 
ttag +81 95/95/90/98/93; 
ttag +82 61/38/32/42/26; 
ttag +83 58/47/39/52/26; 
ttag +84 69/60/51/60/44; 
ttag +85 97/96/89/95/87; 
ttag +86 99/99/99/100/99; 
ttag +87 89/89/83/90/85; 
ttag +88 59/44/48/50/40; 
ttag +89 99/99/92/99/94; 
ttag +90 100/100/100/99/99; 
ttag +91 36/[6]/?/?/?; 
ttag +92 92/91/86/86/84; 
ttag +93 100/100/100/100/98; 
ttag +94 98/98/97/99/98; 
