tread
'Tree with tags' 
(0 ((1 (13 14 ))((9 (((2 3 )(7 (6 (4 5 ))))(8 (10 (11 12 )))))((26 (27 (28 (29 30 ))))((31 ((32 33 )(34 35 )(36 (37 38 ))))(39 ((40 41 )(42 (43 ((44 45 )(46 47 )))))))))((15 16 )(17 (18 (19 ((20 21 )((22 23 )(24 25 ))))))))); 
ttag *!; 
ttag +49 1; 
ttag +50 ???; 
ttag +51 4; 
ttag +52 1; 
ttag +53 1; 
ttag +54 4; 
ttag +55 1; 
ttag +56 8; 
ttag +57 1; 
ttag +58 4; 
ttag +59 1; 
ttag +60 3; 
ttag +61 13; 
ttag +62 7; 
ttag +63 15; 
ttag +64 5; 
ttag +65 7; 
ttag +66 8; 
ttag +67 3; 
ttag +68 7; 
ttag +69 7; 
ttag +70 8; 
ttag +71 2; 
ttag +72 3; 
ttag +73 7; 
ttag +74 6; 
ttag +75 5; 
ttag +76 7; 
ttag +77 10; 
ttag +78 7; 
ttag +79 4; 
ttag +80 5; 
ttag +81 5; 
ttag +82 5; 
ttag +83 11; 
ttag +84 7; 
ttag +85 1; 
ttag +86 1; 
ttag +87 4; 
ttag +88 5; 
ttag +89 1; 
ttag +90 5; 
ttag +91 5; 
ttag +92 2; 
tread
'Tree with tags' 
(0 (((1 (13 14 ))((9 (((2 3 )(7 (6 (4 5 ))))(8 (10 (11 12 )))))((26 (27 (28 (29 30 ))))((31 (((32 33 )(36 (37 38 )))(34 35 )))(39 ((40 41 )(42 (43 ((44 45 )(46 47 ))))))))))((15 16 )(17 (18 (19 ((20 21 )((22 23 )(24 25 ))))))))); 
ttag *!; 
ttag +0 ////; 
ttag +1 ////; 
ttag +2 ////; 
ttag +3 ////; 
ttag +4 ////; 
ttag +5 ////; 
ttag +6 ////; 
ttag +7 ////; 
ttag +8 ////; 
ttag +9 ////; 
ttag +10 ////; 
ttag +11 ////; 
ttag +12 ////; 
ttag +13 ////; 
ttag +14 ////; 
ttag +15 ////; 
ttag +16 ////; 
ttag +17 ////; 
ttag +18 ////; 
ttag +19 ////; 
ttag +20 ////; 
ttag +21 ////; 
ttag +22 ////; 
ttag +23 ////; 
ttag +24 ////; 
ttag +25 ////; 
ttag +26 ////; 
ttag +27 ////; 
ttag +28 ////; 
ttag +29 ////; 
ttag +30 ////; 
ttag +31 ////; 
ttag +32 ////; 
ttag +33 ////; 
ttag +34 ////; 
ttag +35 ////; 
ttag +36 ////; 
ttag +37 ////; 
ttag +38 ////; 
ttag +39 ////; 
ttag +40 ////; 
ttag +41 ////; 
ttag +42 ////; 
ttag +43 ////; 
ttag +44 ////; 
ttag +45 ////; 
ttag +46 ////; 
ttag +47 ////; 
ttag +48 ////; 
ttag +49 38/7/?/14/?; 
ttag +50 17/[14]/?/?/?; 
ttag +51 100/100/100/100/100; 
ttag +52 91/89/81/87/78; 
ttag +53 46/31/30/33/27; 
ttag +54 30/20/10/20/18; 
ttag +55 90/88/74/88/74; 
ttag +56 40/16/9/20/12; 
ttag +57 99/98/97/99/96; 
ttag +58 19/[6]/?/?/?; 
ttag +59 84/79/64/79/69; 
ttag +60 44/33/33/30/29; 
ttag +61 83/82/76/88/78; 
ttag +62 100/100/100/100/100; 
ttag +63 99/99/98/100/98; 
ttag +64 100/100/100/100/100; 
ttag +65 96/95/91/94/86; 
ttag +66 99/98/96/99/98; 
ttag +67 98/97/92/98/93; 
ttag +68 78/68/52/68/53; 
ttag +69 100/100/99/99/99; 
ttag +70 100/100/98/100/98; 
ttag +71 100/100/100/100/100; 
ttag +72 77/66/60/67/58; 
ttag +73 77/62/48/68/56; 
ttag +74 98/98/94/98/97; 
ttag +75 96/96/91/96/92; 
ttag +76 91/89/83/91/79; 
ttag +77 99/99/99/97/96; 
ttag +78 100/100/100/99/100; 
ttag +79 100/100/100/100/98; 
ttag +80 88/81/65/80/64; 
ttag +81 96/95/96/98/93; 
ttag +82 32/1/9/1/?; 
ttag +83 98/98/92/97/92; 
ttag +84 99/99/98/100/98; 
ttag +85 100/100/100/100/98; 
ttag +86 99/99/100/100/100; 
ttag +87 43/12/8/12/10; 
ttag +88 46/32/40/39/32; 
ttag +89 93/90/88/94/84; 
ttag +90 98/97/91/95/94; 
ttag +91 43/25/27/30/24; 
ttag +92 96/93/80/95/84; 
ttag +93 96/94/90/95/89; 
ttag +94 86/80/74/70/76; 
