tread
'Tree with tags' 
(0 ((1 ((2 3 )(((4 5 )(6 7 ))(8 9 )(10 (11 12 )))))(((13 14 )((15 16 )(17 (18 19 ((20 21 )((22 23 )(24 25 )))))))((26 (27 (28 (29 30 ))))(39 (31 ((32 33 )(34 35 )(36 (37 38 ))))((40 41 )(42 (43 (47 (46 (44 45 ))))))))))); 
ttag *!; 
ttag +49 2; 
ttag +50 ???; 
ttag +51 8; 
ttag +52 10; 
ttag +53 3; 
ttag +54 4; 
ttag +55 2; 
ttag +56 5; 
ttag +57 1; 
ttag +58 5; 
ttag +59 2; 
ttag +60 9; 
ttag +61 1; 
ttag +62 2; 
ttag +63 11; 
ttag +64 9; 
ttag +65 1; 
ttag +66 8; 
ttag +67 10; 
ttag +68 3; 
ttag +69 7; 
ttag +70 2; 
ttag +71 6; 
ttag +72 5; 
ttag +73 2; 
ttag +74 2; 
ttag +75 4; 
ttag +76 8; 
ttag +77 5; 
ttag +78 8; 
ttag +79 5; 
ttag +80 5; 
ttag +81 2; 
ttag +82 11; 
ttag +83 9; 
ttag +84 1; 
ttag +85 3; 
ttag +86 11; 
ttag +87 3; 
ttag +88 7; 
ttag +89 1; 
ttag +90 7; 
tread
'Tree with tags' 
(0 ((1 ((2 3 )(((4 5 )(6 7 ))((8 9 )(10 (11 12 ))))))(((13 14 )((15 16 )(17 ((18 19 )((20 21 )((22 23 )(24 25 )))))))((26 (27 (28 (29 30 ))))((31 ((32 33 )((34 35 )(36 (37 38 )))))(39 ((40 41 )(42 (43 (47 (46 (44 45 )))))))))))); 
ttag *!; 
ttag +0 ////; 
ttag +1 ////; 
ttag +2 ////; 
ttag +3 ////; 
ttag +4 ////; 
ttag +5 ////; 
ttag +6 ////; 
ttag +7 ////; 
ttag +8 ////; 
ttag +9 ////; 
ttag +10 ////; 
ttag +11 ////; 
ttag +12 ////; 
ttag +13 ////; 
ttag +14 ////; 
ttag +15 ////; 
ttag +16 ////; 
ttag +17 ////; 
ttag +18 ////; 
ttag +19 ////; 
ttag +20 ////; 
ttag +21 ////; 
ttag +22 ////; 
ttag +23 ////; 
ttag +24 ////; 
ttag +25 ////; 
ttag +26 ////; 
ttag +27 ////; 
ttag +28 ////; 
ttag +29 ////; 
ttag +30 ////; 
ttag +31 ////; 
ttag +32 ////; 
ttag +33 ////; 
ttag +34 ////; 
ttag +35 ////; 
ttag +36 ////; 
ttag +37 ////; 
ttag +38 ////; 
ttag +39 ////; 
ttag +40 ////; 
ttag +41 ////; 
ttag +42 ////; 
ttag +43 ////; 
ttag +44 ////; 
ttag +45 ////; 
ttag +46 ////; 
ttag +47 ////; 
ttag +48 ////; 
ttag +49 72/66/46/62/48; 
ttag +50 100/100/100/100/100; 
ttag +51 98/98/98/99/96; 
ttag +52 99/98/99/99/98; 
ttag +53 92/90/86/95/90; 
ttag +54 92/90/86/94/90; 
ttag +55 74/70/54/73/63; 
ttag +56 94/92/86/92/85; 
ttag +57 74/62/58/51/59; 
ttag +58 34/[13]/?/?/?; 
ttag +59 99/98/97/98/95; 
ttag +60 82/77/70/80/72; 
ttag +61 100/100/100/99/99; 
ttag +62 27/17/17/14/4; 
ttag +63 52/46/36/44/33; 
ttag +64 100/100/100/100/100; 
ttag +65 99/99/99/99/96; 
ttag +66 52/36/27/44/25; 
ttag +67 4/[12]/?/?/?; 
ttag +68 99/99/96/98/96; 
ttag +69 100/100/100/100/100; 
ttag +70 84/81/74/87/78; 
ttag +71 100/100/95/100/98; 
ttag +72 74/63/43/63/52; 
ttag +73 100/100/98/99/98; 
ttag +74 98/98/93/97/95; 
ttag +75 63/49/49/44/47; 
ttag +76 68/48/34/52/30; 
ttag +77 95/93/88/94/94; 
ttag +78 100/100/98/99/99; 
ttag +79 96/96/90/97/90; 
ttag +80 100/100/98/99/99; 
ttag +81 97/97/88/96/92; 
ttag +82 97/96/86/97/90; 
ttag +83 88/87/74/76/74; 
ttag +84 34/3/?/?/?; 
ttag +85 100/100/98/100/100; 
ttag +86 100/100/99/100/98; 
ttag +87 28/0/3/3/2; 
ttag +88 62/47/40/54/41; 
ttag +89 80/68/62/67/57; 
ttag +90 99/99/99/100/98; 
ttag +91 81/74/60/74/56; 
ttag +92 98/97/93/94/96; 
ttag +93 55/34/19/32/27; 
ttag +94 98/97/96/97/92; 
