tread
'Tree with tags' 
(0 (((1 ((2 3 )(((4 5 )(6 7 ))(8 9 (10 (11 12 ))))))((13 14 )((26 (27 (28 (29 30 ))))((31 (((32 33 )(34 35 ))(36 (37 38 ))))(39 ((40 41 )(42 (43 (46 47 (44 45 ))))))))))((15 16 )(17 (18 (19 ((20 21 )((22 23 )(24 25 ))))))))); 
ttag *!; 
ttag +49 1; 
ttag +50 1; 
ttag +51 ???; 
ttag +52 5; 
ttag +53 9; 
ttag +54 9; 
ttag +55 8; 
ttag +56 3; 
ttag +57 3; 
ttag +58 1; 
ttag +59 3; 
ttag +60 10; 
ttag +61 6; 
ttag +62 1; 
ttag +63 13; 
ttag +64 5; 
ttag +65 3; 
ttag +66 6; 
ttag +67 6; 
ttag +68 11; 
ttag +69 6; 
ttag +70 5; 
ttag +71 11; 
ttag +72 8; 
ttag +73 4; 
ttag +74 4; 
ttag +75 3; 
ttag +76 2; 
ttag +77 7; 
ttag +78 5; 
ttag +79 11; 
ttag +80 4; 
ttag +81 1; 
ttag +82 4; 
ttag +83 1; 
ttag +84 10; 
ttag +85 7; 
ttag +86 2; 
ttag +87 3; 
ttag +88 9; 
ttag +89 3; 
ttag +90 3; 
ttag +91 6; 
ttag +92 1; 
tread
'Tree with tags' 
(0 (((1 ((2 3 )(((4 5 )(6 7 ))((8 9 )(10 (11 12 ))))))((13 14 )((26 (27 (28 (29 30 ))))((31 (((32 33 )(34 35 ))(36 (37 38 ))))(39 ((40 41 )(42 (43 ((44 45 )(46 47 ))))))))))((15 16 )(17 (18 (19 ((20 21 )((22 23 )(24 25 ))))))))); 
ttag *!; 
ttag +0 ////; 
ttag +1 ////; 
ttag +2 ////; 
ttag +3 ////; 
ttag +4 ////; 
ttag +5 ////; 
ttag +6 ////; 
ttag +7 ////; 
ttag +8 ////; 
ttag +9 ////; 
ttag +10 ////; 
ttag +11 ////; 
ttag +12 ////; 
ttag +13 ////; 
ttag +14 ////; 
ttag +15 ////; 
ttag +16 ////; 
ttag +17 ////; 
ttag +18 ////; 
ttag +19 ////; 
ttag +20 ////; 
ttag +21 ////; 
ttag +22 ////; 
ttag +23 ////; 
ttag +24 ////; 
ttag +25 ////; 
ttag +26 ////; 
ttag +27 ////; 
ttag +28 ////; 
ttag +29 ////; 
ttag +30 ////; 
ttag +31 ////; 
ttag +32 ////; 
ttag +33 ////; 
ttag +34 ////; 
ttag +35 ////; 
ttag +36 ////; 
ttag +37 ////; 
ttag +38 ////; 
ttag +39 ////; 
ttag +40 ////; 
ttag +41 ////; 
ttag +42 ////; 
ttag +43 ////; 
ttag +44 ////; 
ttag +45 ////; 
ttag +46 ////; 
ttag +47 ////; 
ttag +48 ////; 
ttag +49 35/5/?/8/?; 
ttag +50 28/[1]/?/0/?; 
ttag +51 100/100/100/100/100; 
ttag +52 90/84/74/82/73; 
ttag +53 99/98/97/98/99; 
ttag +54 99/99/100/100/100; 
ttag +55 97/97/89/99/92; 
ttag +56 80/77/60/76/64; 
ttag +57 88/83/70/84/77; 
ttag +58 27/[6]/?/?/?; 
ttag +59 57/50/40/46/44; 
ttag +60 89/84/76/84/77; 
ttag +61 100/100/100/100/100; 
ttag +62 98/97/95/99/95; 
ttag +63 27/14/0/8/0; 
ttag +64 100/100/100/100/100; 
ttag +65 89/86/80/85/74; 
ttag +66 85/82/79/81/72; 
ttag +67 98/97/96/98/95; 
ttag +68 99/99/97/99/94; 
ttag +69 100/100/100/100/100; 
ttag +70 99/99/99/99/98; 
ttag +71 92/89/81/92/86; 
ttag +72 100/100/100/100/100; 
ttag +73 99/99/100/100/98; 
ttag +74 88/84/70/88/69; 
ttag +75 87/81/74/77/65; 
ttag +76 83/79/75/86/74; 
ttag +77 74/64/51/61/57; 
ttag +78 99/98/99/99/98; 
ttag +79 97/96/89/95/92; 
ttag +80 100/100/98/100/98; 
ttag +81 94/90/91/94/91; 
ttag +82 58/53/56/59/60; 
ttag +83 83/77/61/80/70; 
ttag +84 70/70/64/64/58; 
ttag +85 100/100/99/100/100; 
ttag +86 98/97/97/98/95; 
ttag +87 60/50/32/57/44; 
ttag +88 81/75/73/77/69; 
ttag +89 98/98/98/98/96; 
ttag +90 88/85/75/87/73; 
ttag +91 78/68/35/60/44; 
ttag +92 96/95/87/97/90; 
ttag +93 62/57/42/43/40; 
ttag +94 28/15/13/9/21; 
