tread
'Tree with tags' 
(0 (1 ((2 3 )(8 (9 (((4 5 )(6 7 ))(10 (11 12 ))))))(13 14 )((17 (15 16 )(18 (19 ((20 21 )((22 23 )(24 25 ))))))((26 (27 (28 (29 30 ))))(39 (31 ((32 33 )(34 35 )(36 (37 38 ))))((40 41 )(42 (43 ((44 45 )(46 47 )))))))))); 
ttag *!; 
ttag +49 ???; 
ttag +50 11; 
ttag +51 6; 
ttag +52 5; 
ttag +53 5; 
ttag +54 2; 
ttag +55 1; 
ttag +56 4; 
ttag +57 5; 
ttag +58 7; 
ttag +59 9; 
ttag +60 6; 
ttag +61 11; 
ttag +62 4; 
ttag +63 1; 
ttag +64 3; 
ttag +65 6; 
ttag +66 3; 
ttag +67 5; 
ttag +68 6; 
ttag +69 5; 
ttag +70 3; 
ttag +71 4; 
ttag +72 4; 
ttag +73 4; 
ttag +74 8; 
ttag +75 6; 
ttag +76 8; 
ttag +77 3; 
ttag +78 3; 
ttag +79 4; 
ttag +80 8; 
ttag +81 4; 
ttag +82 11; 
ttag +83 2; 
ttag +84 5; 
ttag +85 6; 
ttag +86 2; 
ttag +87 3; 
ttag +88 4; 
ttag +89 1; 
tread
'Tree with tags' 
(0 ((1 (13 14 ))(((2 3 )(8 (9 (((4 5 )(6 7 ))(10 (11 12 ))))))(((15 16 )(17 (18 (19 ((20 21 )((22 23 )(24 25 )))))))((26 (27 (28 (29 30 ))))((39 (31 ((32 33 )((34 35 )(36 (37 38 ))))))((40 41 )(42 (43 ((44 45 )(46 47 ))))))))))); 
ttag *!; 
ttag +0 ////; 
ttag +1 ////; 
ttag +2 ////; 
ttag +3 ////; 
ttag +4 ////; 
ttag +5 ////; 
ttag +6 ////; 
ttag +7 ////; 
ttag +8 ////; 
ttag +9 ////; 
ttag +10 ////; 
ttag +11 ////; 
ttag +12 ////; 
ttag +13 ////; 
ttag +14 ////; 
ttag +15 ////; 
ttag +16 ////; 
ttag +17 ////; 
ttag +18 ////; 
ttag +19 ////; 
ttag +20 ////; 
ttag +21 ////; 
ttag +22 ////; 
ttag +23 ////; 
ttag +24 ////; 
ttag +25 ////; 
ttag +26 ////; 
ttag +27 ////; 
ttag +28 ////; 
ttag +29 ////; 
ttag +30 ////; 
ttag +31 ////; 
ttag +32 ////; 
ttag +33 ////; 
ttag +34 ////; 
ttag +35 ////; 
ttag +36 ////; 
ttag +37 ////; 
ttag +38 ////; 
ttag +39 ////; 
ttag +40 ////; 
ttag +41 ////; 
ttag +42 ////; 
ttag +43 ////; 
ttag +44 ////; 
ttag +45 ////; 
ttag +46 ////; 
ttag +47 ////; 
ttag +48 ////; 
ttag +49 23/[19]/?/?/?; 
ttag +50 100/100/100/100/100; 
ttag +51 100/100/100/100/98; 
ttag +52 94/92/94/93/90; 
ttag +53 24/[18]/?/?/?; 
ttag +54 91/88/82/90/75; 
ttag +55 88/86/72/84/63; 
ttag +56 62/51/34/57/24; 
ttag +57 53/40/22/46/11; 
ttag +58 76/67/57/76/46; 
ttag +59 99/99/96/98/96; 
ttag +60 99/98/96/98/94; 
ttag +61 100/100/99/99/98; 
ttag +62 96/95/89/96/87; 
ttag +63 100/100/100/100/100; 
ttag +64 88/86/78/81/71; 
ttag +65 69/64/61/61/58; 
ttag +66 38/[1]/?/?/?; 
ttag +67 80/76/75/80/74; 
ttag +68 98/98/95/98/92; 
ttag +69 94/92/87/92/85; 
ttag +70 95/93/89/94/89; 
ttag +71 98/96/90/98/92; 
ttag +72 95/94/92/96/93; 
ttag +73 89/88/76/87/78; 
ttag +74 97/96/97/97/88; 
ttag +75 90/87/85/90/84; 
ttag +76 96/96/94/98/94; 
ttag +77 100/100/100/100/99; 
ttag +78 99/99/98/98/97; 
ttag +79 99/99/96/99/97; 
ttag +80 30/[6]/?/?/?; 
ttag +81 91/90/83/92/88; 
ttag +82 91/90/82/95/90; 
ttag +83 93/92/81/92/82; 
ttag +84 99/98/98/99/96; 
ttag +85 30/[20]/?/?/?; 
ttag +86 90/86/76/88/76; 
ttag +87 100/100/100/100/100; 
ttag +88 68/51/33/49/29; 
ttag +89 96/96/91/97/85; 
ttag +90 97/96/88/92/84; 
ttag +91 68/49/43/53/47; 
ttag +92 83/76/71/87/64; 
ttag +93 93/92/84/93/86; 
ttag +94 54/33/24/28/32; 
