tread
'Tree with tags' 
(0 (((1 ((2 3 )((6 (7 (4 5 )))(8 (9 (10 (11 12 )))))))((15 16 )(17 (18 (19 ((20 21 )((22 23 )(24 25 ))))))))((13 14 )((26 27 (28 (29 30 )))(39 ((31 ((32 33 )(34 35 )(36 (37 38 ))))((40 41 )(42 (43 ((44 45 )(46 47 ))))))))))); 
ttag *!; 
ttag +49 2; 
ttag +50 1; 
ttag +51 ???; 
ttag +52 6; 
ttag +53 9; 
ttag +54 10; 
ttag +55 1; 
ttag +56 5; 
ttag +57 1; 
ttag +58 5; 
ttag +59 2; 
ttag +60 9; 
ttag +61 10; 
ttag +62 6; 
ttag +63 2; 
ttag +64 11; 
ttag +65 8; 
ttag +66 5; 
ttag +67 8; 
ttag +68 1; 
ttag +69 6; 
ttag +70 2; 
ttag +71 12; 
ttag +72 8; 
ttag +73 2; 
ttag +74 5; 
ttag +75 9; 
ttag +76 3; 
ttag +77 8; 
ttag +78 9; 
ttag +79 1; 
ttag +80 5; 
ttag +81 8; 
ttag +82 5; 
ttag +83 2; 
ttag +84 15; 
ttag +85 7; 
ttag +86 1; 
ttag +87 8; 
ttag +88 8; 
ttag +89 2; 
ttag +90 6; 
ttag +91 1; 
ttag +92 4; 
tread
'Tree with tags' 
(0 (((1 ((2 3 )((6 (7 (4 5 )))(8 (9 (10 (11 12 )))))))((15 16 )(17 (18 (19 ((20 21 )((22 23 )(24 25 ))))))))((13 14 )((27 (26 (28 (29 30 ))))(39 ((31 ((32 33 )((34 35 )(36 (37 38 )))))((40 41 )(42 (43 ((44 45 )(46 47 ))))))))))); 
ttag *!; 
ttag +0 ////; 
ttag +1 ////; 
ttag +2 ////; 
ttag +3 ////; 
ttag +4 ////; 
ttag +5 ////; 
ttag +6 ////; 
ttag +7 ////; 
ttag +8 ////; 
ttag +9 ////; 
ttag +10 ////; 
ttag +11 ////; 
ttag +12 ////; 
ttag +13 ////; 
ttag +14 ////; 
ttag +15 ////; 
ttag +16 ////; 
ttag +17 ////; 
ttag +18 ////; 
ttag +19 ////; 
ttag +20 ////; 
ttag +21 ////; 
ttag +22 ////; 
ttag +23 ////; 
ttag +24 ////; 
ttag +25 ////; 
ttag +26 ////; 
ttag +27 ////; 
ttag +28 ////; 
ttag +29 ////; 
ttag +30 ////; 
ttag +31 ////; 
ttag +32 ////; 
ttag +33 ////; 
ttag +34 ////; 
ttag +35 ////; 
ttag +36 ////; 
ttag +37 ////; 
ttag +38 ////; 
ttag +39 ////; 
ttag +40 ////; 
ttag +41 ////; 
ttag +42 ////; 
ttag +43 ////; 
ttag +44 ////; 
ttag +45 ////; 
ttag +46 ////; 
ttag +47 ////; 
ttag +48 ////; 
ttag +49 55/48/33/46/40; 
ttag +50 36/27/4/21/11; 
ttag +51 100/100/100/100/100; 
ttag +52 98/98/96/99/95; 
ttag +53 99/99/98/99/98; 
ttag +54 100/100/100/100/99; 
ttag +55 54/37/40/50/38; 
ttag +56 95/93/89/96/92; 
ttag +57 53/42/25/46/36; 
ttag +58 83/78/64/85/68; 
ttag +59 70/65/56/70/59; 
ttag +60 100/100/99/99/98; 
ttag +61 100/100/100/99/100; 
ttag +62 98/98/97/98/98; 
ttag +63 55/46/26/38/27; 
ttag +64 100/100/100/100/100; 
ttag +65 100/100/98/98/97; 
ttag +66 99/99/96/97/94; 
ttag +67 99/99/97/99/97; 
ttag +68 56/35/40/40/39; 
ttag +69 100/100/100/99/100; 
ttag +70 73/59/54/63/47; 
ttag +71 100/100/99/100/99; 
ttag +72 100/100/98/99/97; 
ttag +73 70/61/48/66/54; 
ttag +74 34/[7]/?/?/?; 
ttag +75 97/96/90/95/87; 
ttag +76 100/100/100/100/97; 
ttag +77 85/82/73/87/75; 
ttag +78 100/100/99/99/100; 
ttag +79 99/99/96/100/96; 
ttag +80 68/65/50/65/48; 
ttag +81 89/86/72/87/67; 
ttag +82 99/99/100/100/98; 
ttag +83 95/94/88/95/88; 
ttag +84 86/81/78/79/81; 
ttag +85 37/[4]/?/?/6; 
ttag +86 100/100/100/100/100; 
ttag +87 99/99/99/100/99; 
ttag +88 69/57/59/56/58; 
ttag +89 98/98/98/100/98; 
ttag +90 99/99/98/98/93; 
ttag +91 82/72/69/75/66; 
ttag +92 99/98/92/97/92; 
ttag +93 62/48/47/52/47; 
ttag +94 93/89/86/90/80; 
