tread
'Tree with tags' 
(0 ((1 ((13 14 )((26 (27 (28 (29 30 ))))(39 (31 ((32 33 )(34 35 )(36 (37 38 ))))((40 41 )(42 43 ((44 45 )(46 47 ))))))))(((2 3 )(((4 5 )(6 7 ))(9 (8 (10 (11 12 ))))))((17 (15 16 ))(18 (19 ((20 21 )((22 23 )(24 25 ))))))))); 
ttag *!; 
ttag +49 1; 
ttag +50 ???; 
ttag +51 4; 
ttag +52 9; 
ttag +53 1; 
ttag +54 4; 
ttag +55 2; 
ttag +56 3; 
ttag +57 2; 
ttag +58 1; 
ttag +59 3; 
ttag +60 4; 
ttag +61 13; 
ttag +62 4; 
ttag +63 1; 
ttag +64 5; 
ttag +65 1; 
ttag +66 1; 
ttag +67 2; 
ttag +68 1; 
ttag +69 7; 
ttag +70 5; 
ttag +71 6; 
ttag +72 5; 
ttag +73 8; 
ttag +74 6; 
ttag +75 5; 
ttag +76 5; 
ttag +77 4; 
ttag +78 7; 
ttag +79 6; 
ttag +80 6; 
ttag +81 1; 
ttag +82 7; 
ttag +83 6; 
ttag +84 2; 
ttag +85 10; 
ttag +86 6; 
ttag +87 7; 
ttag +88 10; 
ttag +89 6; 
ttag +90 9; 
ttag +91 5; 
tread
'Tree with tags' 
(0 ((1 ((13 14 )((26 (27 (28 (29 30 ))))((31 (((32 33 )(36 (37 38 )))(34 35 )))(39 ((40 41 )(43 (42 ((44 45 )(46 47 ))))))))))(((2 3 )(((4 5 )(6 7 ))(9 (8 (10 (11 12 ))))))((17 (15 16 ))(18 (19 ((20 21 )((22 23 )(24 25 ))))))))); 
ttag *!; 
ttag +0 ////; 
ttag +1 ////; 
ttag +2 ////; 
ttag +3 ////; 
ttag +4 ////; 
ttag +5 ////; 
ttag +6 ////; 
ttag +7 ////; 
ttag +8 ////; 
ttag +9 ////; 
ttag +10 ////; 
ttag +11 ////; 
ttag +12 ////; 
ttag +13 ////; 
ttag +14 ////; 
ttag +15 ////; 
ttag +16 ////; 
ttag +17 ////; 
ttag +18 ////; 
ttag +19 ////; 
ttag +20 ////; 
ttag +21 ////; 
ttag +22 ////; 
ttag +23 ////; 
ttag +24 ////; 
ttag +25 ////; 
ttag +26 ////; 
ttag +27 ////; 
ttag +28 ////; 
ttag +29 ////; 
ttag +30 ////; 
ttag +31 ////; 
ttag +32 ////; 
ttag +33 ////; 
ttag +34 ////; 
ttag +35 ////; 
ttag +36 ////; 
ttag +37 ////; 
ttag +38 ////; 
ttag +39 ////; 
ttag +40 ////; 
ttag +41 ////; 
ttag +42 ////; 
ttag +43 ////; 
ttag +44 ////; 
ttag +45 ////; 
ttag +46 ////; 
ttag +47 ////; 
ttag +48 ////; 
ttag +49 8/[21]/?/?/?; 
ttag +50 100/100/100/100/100; 
ttag +51 92/90/78/92/75; 
ttag +52 99/99/99/100/97; 
ttag +53 23/[6]/?/2/?; 
ttag +54 94/93/90/91/89; 
ttag +55 80/74/62/75/61; 
ttag +56 85/80/66/87/68; 
ttag +57 67/57/50/62/47; 
ttag +58 48/20/13/29/7; 
ttag +59 75/70/62/76/58; 
ttag +60 92/92/82/93/81; 
ttag +61 100/100/100/100/100; 
ttag +62 95/95/92/96/94; 
ttag +63 19/[10]/?/?/?; 
ttag +64 96/95/91/95/92; 
ttag +65 27/[22]/?/?/?; 
ttag +66 54/24/32/33/33; 
ttag +67 81/74/56/70/60; 
ttag +68 44/10/?/19/?; 
ttag +69 100/100/100/100/99; 
ttag +70 92/89/84/92/78; 
ttag +71 98/98/95/98/91; 
ttag +72 90/88/84/90/80; 
ttag +73 99/99/98/100/98; 
ttag +74 100/100/98/99/98; 
ttag +75 95/94/90/96/85; 
ttag +76 95/94/91/97/92; 
ttag +77 92/90/83/92/80; 
ttag +78 100/100/98/99/98; 
ttag +79 97/96/90/96/92; 
ttag +80 97/97/93/98/90; 
ttag +81 37/23/16/26/19; 
ttag +82 23/[3]/?/?/?; 
ttag +83 100/100/95/99/96; 
ttag +84 98/98/96/98/94; 
ttag +85 69/53/37/59/40; 
ttag +86 100/100/99/100/99; 
ttag +87 26/[21]/?/?/?; 
ttag +88 99/98/92/98/90; 
ttag +89 98/98/90/96/91; 
ttag +90 42/13/17/12/10; 
ttag +91 99/99/98/99/98; 
ttag +92 98/98/95/98/93; 
ttag +93 100/100/100/100/100; 
ttag +94 97/97/90/96/89; 
