tread
'Tree with tags' 
(0 (1 (((2 3 )((39 (31 (((32 33 )(34 35 ))(36 (37 38 )))))((40 41 )((42 43 )((44 45 )(46 47 ))))))(26 (27 (28 (29 30 )))))(((6 7 (4 5 ))(8 9 ))(10 (11 12 )))((13 14 )(17 18 (15 16 )(19 ((20 21 )((22 23 )(24 25 )))))))); 
ttag *!; 
ttag +49 ???; 
ttag +50 6; 
ttag +51 1; 
ttag +52 1; 
ttag +53 5; 
ttag +54 9; 
ttag +55 2; 
ttag +56 2; 
ttag +57 2; 
ttag +58 5; 
ttag +59 7; 
ttag +60 6; 
ttag +61 1; 
ttag +62 7; 
ttag +63 8; 
ttag +64 5; 
ttag +65 10; 
ttag +66 7; 
ttag +67 9; 
ttag +68 1; 
ttag +69 6; 
ttag +70 5; 
ttag +71 4; 
ttag +72 5; 
ttag +73 5; 
ttag +74 8; 
ttag +75 3; 
ttag +76 6; 
ttag +77 7; 
ttag +78 1; 
ttag +79 5; 
ttag +80 5; 
ttag +81 5; 
ttag +82 10; 
ttag +83 5; 
ttag +84 1; 
ttag +85 1; 
ttag +86 10; 
ttag +87 10; 
ttag +88 3; 
ttag +89 2; 
tread
'Tree with tags' 
(0 ((1 ((((2 3 )((39 (31 (((32 33 )(34 35 ))(36 (37 38 )))))((40 41 )((42 43 )((44 45 )(46 47 ))))))(26 (27 (28 (29 30 )))))(((6 (7 (4 5 )))(8 9 ))(10 (11 12 )))))((13 14 )(17 ((18 (15 16 ))(19 ((20 21 )((22 23 )(24 25 ))))))))); 
ttag *!; 
ttag +0 ////; 
ttag +1 ////; 
ttag +2 ////; 
ttag +3 ////; 
ttag +4 ////; 
ttag +5 ////; 
ttag +6 ////; 
ttag +7 ////; 
ttag +8 ////; 
ttag +9 ////; 
ttag +10 ////; 
ttag +11 ////; 
ttag +12 ////; 
ttag +13 ////; 
ttag +14 ////; 
ttag +15 ////; 
ttag +16 ////; 
ttag +17 ////; 
ttag +18 ////; 
ttag +19 ////; 
ttag +20 ////; 
ttag +21 ////; 
ttag +22 ////; 
ttag +23 ////; 
ttag +24 ////; 
ttag +25 ////; 
ttag +26 ////; 
ttag +27 ////; 
ttag +28 ////; 
ttag +29 ////; 
ttag +30 ////; 
ttag +31 ////; 
ttag +32 ////; 
ttag +33 ////; 
ttag +34 ////; 
ttag +35 ////; 
ttag +36 ////; 
ttag +37 ////; 
ttag +38 ////; 
ttag +39 ////; 
ttag +40 ////; 
ttag +41 ////; 
ttag +42 ////; 
ttag +43 ////; 
ttag +44 ////; 
ttag +45 ////; 
ttag +46 ////; 
ttag +47 ////; 
ttag +48 ////; 
ttag +49 19/0/?/9/7; 
ttag +50 100/100/100/100/100; 
ttag +51 97/96/88/95/86; 
ttag +52 34/[7]/?/?/?; 
ttag +53 47/29/17/30/13; 
ttag +54 18/1/4/8/5; 
ttag +55 97/97/96/97/95; 
ttag +56 34/4/4/3/6; 
ttag +57 100/100/99/99/100; 
ttag +58 53/41/32/46/30; 
ttag +59 71/62/53/59/52; 
ttag +60 60/50/48/43/48; 
ttag +61 97/97/93/96/92; 
ttag +62 97/96/96/97/94; 
ttag +63 99/99/96/99/98; 
ttag +64 27/10/9/16/20; 
ttag +65 99/99/98/100/100; 
ttag +66 23/[33]/?/?/?; 
ttag +67 38/11/10/13/14; 
ttag +68 98/97/95/98/95; 
ttag +69 96/96/96/97/94; 
ttag +70 100/100/100/100/100; 
ttag +71 99/99/98/100/99; 
ttag +72 100/100/100/100/100; 
ttag +73 56/36/23/45/33; 
ttag +74 99/99/99/99/99; 
ttag +75 92/90/87/93/91; 
ttag +76 94/93/86/91/92; 
ttag +77 99/99/99/98/98; 
ttag +78 99/99/96/99/97; 
ttag +79 100/100/98/100/98; 
ttag +80 72/65/66/68/62; 
ttag +81 97/96/86/96/85; 
ttag +82 99/99/96/100/95; 
ttag +83 62/48/36/50/44; 
ttag +84 95/94/92/95/92; 
ttag +85 96/96/94/98/96; 
ttag +86 98/97/91/96/92; 
ttag +87 100/100/100/100/100; 
ttag +88 98/98/93/97/93; 
ttag +89 44/28/15/23/7; 
ttag +90 26/6/6/8/6; 
ttag +91 99/99/100/100/99; 
ttag +92 100/100/100/100/100; 
ttag +93 76/68/54/68/67; 
ttag +94 60/54/45/47/46; 
