tread
'Tree with tags' 
(0 (1 17 ((2 3 )(6 7 (4 5 ))(8 9 (10 (11 12 ))))(13 14 )(15 16 )(18 (19 ((20 21 )((22 23 )(24 25 )))))((26 27 28 (29 30 ))((31 ((32 33 )((34 35 )(36 (37 38 )))))(39 ((40 41 )(42 (43 (47 (46 (44 45 ))))))))))); 
ttag *!; 
ttag +49 ???; 
ttag +50 2; 
ttag +51 1; 
ttag +52 8; 
ttag +53 3; 
ttag +54 3; 
ttag +55 7; 
ttag +56 8; 
ttag +57 5; 
ttag +58 11; 
ttag +59 6; 
ttag +60 4; 
ttag +61 13; 
ttag +62 5; 
ttag +63 8; 
ttag +64 4; 
ttag +65 5; 
ttag +66 2; 
ttag +67 3; 
ttag +68 9; 
ttag +69 4; 
ttag +70 5; 
ttag +71 4; 
ttag +72 2; 
ttag +73 4; 
ttag +74 1; 
ttag +75 9; 
ttag +76 4; 
ttag +77 1; 
ttag +78 4; 
ttag +79 3; 
ttag +80 2; 
ttag +81 7; 
ttag +82 10; 
ttag +83 1; 
ttag +84 6; 
tread
'Tree with tags' 
(0 (1 ((((((2 3 )((4 5 )(6 7 )))((8 9 )(10 (11 12 ))))((15 16 )(17 (18 (19 ((20 21 )((22 23 )(24 25 ))))))))(13 14 ))((26 (27 (28 (29 30 ))))((31 ((32 33 )((34 35 )(36 (37 38 )))))(39 ((40 41 )(42 (43 (47 (46 (44 45 )))))))))))); 
ttag *!; 
ttag +0 ////; 
ttag +1 ////; 
ttag +2 ////; 
ttag +3 ////; 
ttag +4 ////; 
ttag +5 ////; 
ttag +6 ////; 
ttag +7 ////; 
ttag +8 ////; 
ttag +9 ////; 
ttag +10 ////; 
ttag +11 ////; 
ttag +12 ////; 
ttag +13 ////; 
ttag +14 ////; 
ttag +15 ////; 
ttag +16 ////; 
ttag +17 ////; 
ttag +18 ////; 
ttag +19 ////; 
ttag +20 ////; 
ttag +21 ////; 
ttag +22 ////; 
ttag +23 ////; 
ttag +24 ////; 
ttag +25 ////; 
ttag +26 ////; 
ttag +27 ////; 
ttag +28 ////; 
ttag +29 ////; 
ttag +30 ////; 
ttag +31 ////; 
ttag +32 ////; 
ttag +33 ////; 
ttag +34 ////; 
ttag +35 ////; 
ttag +36 ////; 
ttag +37 ////; 
ttag +38 ////; 
ttag +39 ////; 
ttag +40 ////; 
ttag +41 ////; 
ttag +42 ////; 
ttag +43 ////; 
ttag +44 ////; 
ttag +45 ////; 
ttag +46 ////; 
ttag +47 ////; 
ttag +48 ////; 
ttag +49 100/100/100/100/100; 
ttag +50 89/85/76/81/68; 
ttag +51 21/[24]/?/?/?; 
ttag +52 76/69/52/58/51; 
ttag +53 20/[8]/?/?/?; 
ttag +54 7/[27]/?/?/?; 
ttag +55 67/62/62/59/55; 
ttag +56 99/99/98/100/98; 
ttag +57 88/86/77/83/73; 
ttag +58 34/[4]/?/?/?; 
ttag +59 36/8/7/8/0; 
ttag +60 75/71/55/68/55; 
ttag +61 98/98/93/99/92; 
ttag +62 99/99/100/100/97; 
ttag +63 98/98/98/99/97; 
ttag +64 100/100/100/100/100; 
ttag +65 25/4/?/4/?; 
ttag +66 74/67/61/68/68; 
ttag +67 98/98/97/99/96; 
ttag +68 97/97/90/94/89; 
ttag +69 100/100/100/100/100; 
ttag +70 97/97/96/96/92; 
ttag +71 100/100/99/100/100; 
ttag +72 92/88/83/89/79; 
ttag +73 97/97/88/96/90; 
ttag +74 89/84/67/76/67; 
ttag +75 79/74/57/74/58; 
ttag +76 7/[37]/?/?/?; 
ttag +77 40/[4]/?/?/?; 
ttag +78 100/100/100/100/99; 
ttag +79 93/92/80/94/85; 
ttag +80 99/99/98/99/98; 
ttag +81 97/97/95/95/95; 
ttag +82 79/72/64/72/58; 
ttag +83 93/90/88/89/87; 
ttag +84 54/46/27/40/30; 
ttag +85 100/100/98/100/98; 
ttag +86 97/96/87/95/82; 
ttag +87 56/48/39/59/39; 
ttag +88 97/97/92/97/88; 
ttag +89 75/67/61/77/62; 
ttag +90 81/74/66/70/64; 
ttag +91 96/94/84/96/89; 
ttag +92 96/94/96/98/94; 
ttag +93 57/34/32/34/18; 
ttag +94 98/97/91/95/84; 
