tread
'Tree with tags' 
(0 ((1 ((2 3 )(((4 5 )(6 7 ))(8 9 (10 (11 12 ))))))((13 14 )((15 16 )(17 (18 (19 ((20 21 )(25 (24 (22 23 )))))))))((26 (27 (28 (29 30 ))))((31 ((32 33 )((34 35 )(36 (37 38 )))))(39 (41 (40 (42 (43 ((44 45 )(46 47 ))))))))))); 
ttag *!; 
ttag +49 1; 
ttag +50 ???; 
ttag +51 5; 
ttag +52 3; 
ttag +53 6; 
ttag +54 6; 
ttag +55 4; 
ttag +56 4; 
ttag +57 1; 
ttag +58 5; 
ttag +59 6; 
ttag +60 10; 
ttag +61 1; 
ttag +62 9; 
ttag +63 1; 
ttag +64 1; 
ttag +65 2; 
ttag +66 2; 
ttag +67 12; 
ttag +68 8; 
ttag +69 7; 
ttag +70 4; 
ttag +71 6; 
ttag +72 5; 
ttag +73 5; 
ttag +74 2; 
ttag +75 1; 
ttag +76 11; 
ttag +77 3; 
ttag +78 6; 
ttag +79 3; 
ttag +80 2; 
ttag +81 2; 
ttag +82 1; 
ttag +83 11; 
ttag +84 5; 
ttag +85 1; 
ttag +86 2; 
ttag +87 5; 
ttag +88 9; 
ttag +89 7; 
ttag +90 8; 
ttag +91 4; 
ttag +92 6; 
tread
'Tree with tags' 
(0 (((1 ((2 3 )(((4 5 )(6 7 ))((8 9 )(10 (11 12 ))))))((26 (27 (28 (29 30 ))))((31 ((32 33 )((34 35 )(36 (37 38 )))))(39 (41 (40 (42 (43 ((44 45 )(46 47 ))))))))))((13 14 )((15 16 )(17 (18 (19 ((20 21 )(25 (24 (22 23 ))))))))))); 
ttag *!; 
ttag +0 ////; 
ttag +1 ////; 
ttag +2 ////; 
ttag +3 ////; 
ttag +4 ////; 
ttag +5 ////; 
ttag +6 ////; 
ttag +7 ////; 
ttag +8 ////; 
ttag +9 ////; 
ttag +10 ////; 
ttag +11 ////; 
ttag +12 ////; 
ttag +13 ////; 
ttag +14 ////; 
ttag +15 ////; 
ttag +16 ////; 
ttag +17 ////; 
ttag +18 ////; 
ttag +19 ////; 
ttag +20 ////; 
ttag +21 ////; 
ttag +22 ////; 
ttag +23 ////; 
ttag +24 ////; 
ttag +25 ////; 
ttag +26 ////; 
ttag +27 ////; 
ttag +28 ////; 
ttag +29 ////; 
ttag +30 ////; 
ttag +31 ////; 
ttag +32 ////; 
ttag +33 ////; 
ttag +34 ////; 
ttag +35 ////; 
ttag +36 ////; 
ttag +37 ////; 
ttag +38 ////; 
ttag +39 ////; 
ttag +40 ////; 
ttag +41 ////; 
ttag +42 ////; 
ttag +43 ////; 
ttag +44 ////; 
ttag +45 ////; 
ttag +46 ////; 
ttag +47 ////; 
ttag +48 ////; 
ttag +49 62/60/43/52/44; 
ttag +50 13/[6]/?/?/?; 
ttag +51 100/100/100/100/100; 
ttag +52 97/96/96/96/96; 
ttag +53 85/78/70/85/73; 
ttag +54 99/99/98/99/99; 
ttag +55 99/99/94/99/93; 
ttag +56 96/96/89/94/89; 
ttag +57 86/84/75/83/69; 
ttag +58 32/0/2/?/?; 
ttag +59 58/46/37/38/32; 
ttag +60 99/99/92/98/90; 
ttag +61 99/99/98/99/99; 
ttag +62 100/100/100/100/100; 
ttag +63 40/32/23/36/26; 
ttag +64 100/100/98/100/96; 
ttag +65 46/34/43/41/41; 
ttag +66 69/62/54/61/56; 
ttag +67 58/34/29/43/35; 
ttag +68 49/22/12/34/8; 
ttag +69 100/100/100/100/100; 
ttag +70 98/97/94/98/94; 
ttag +71 99/98/95/99/94; 
ttag +72 84/75/71/86/71; 
ttag +73 96/95/88/97/89; 
ttag +74 97/96/96/95/93; 
ttag +75 88/87/68/82/68; 
ttag +76 76/62/61/66/56; 
ttag +77 60/48/40/47/44; 
ttag +78 100/100/100/100/100; 
ttag +79 82/79/72/86/73; 
ttag +80 97/97/89/96/92; 
ttag +81 95/93/93/92/86; 
ttag +82 70/58/44/56/46; 
ttag +83 92/91/85/87/88; 
ttag +84 57/40/35/36/47; 
ttag +85 100/100/100/100/100; 
ttag +86 94/94/86/96/88; 
ttag +87 43/23/20/22/16; 
ttag +88 65/44/21/56/41; 
ttag +89 87/81/56/82/73; 
ttag +90 100/100/98/100/98; 
ttag +91 98/97/96/99/97; 
ttag +92 100/100/98/100/98; 
ttag +93 92/89/85/93/88; 
ttag +94 100/100/97/99/95; 
