tread
'Tree with tags' 
(0 (1 (2 3 )((6 7 (4 5 ))(8 9 (10 (11 12 ))))(13 14 )((15 16 )(17 (18 (19 ((20 21 )((22 23 )(24 25 )))))))((26 27 (28 (29 30 )))(39 (31 ((32 33 )((34 35 )(36 (37 38 )))))((40 41 )(42 (43 ((44 45 )(46 47 ))))))))); 
ttag *!; 
ttag +49 ???; 
ttag +50 7; 
ttag +51 7; 
ttag +52 7; 
ttag +53 4; 
ttag +54 1; 
ttag +55 4; 
ttag +56 6; 
ttag +57 9; 
ttag +58 3; 
ttag +59 4; 
ttag +60 2; 
ttag +61 7; 
ttag +62 1; 
ttag +63 9; 
ttag +64 4; 
ttag +65 7; 
ttag +66 8; 
ttag +67 4; 
ttag +68 2; 
ttag +69 5; 
ttag +70 7; 
ttag +71 5; 
ttag +72 2; 
ttag +73 2; 
ttag +74 5; 
ttag +75 2; 
ttag +76 5; 
ttag +77 1; 
ttag +78 12; 
ttag +79 6; 
ttag +80 2; 
ttag +81 2; 
ttag +82 4; 
ttag +83 7; 
ttag +84 5; 
ttag +85 7; 
ttag +86 2; 
tread
'Tree with tags' 
(0 ((1 ((2 3 )(((4 5 )(6 7 ))(9 (8 (10 (11 12 )))))))(((13 14 )((15 16 )(17 (18 (19 ((20 21 )((22 23 )(24 25 ))))))))((27 (26 (28 (29 30 ))))((39 (31 ((32 33 )((34 35 )(36 (37 38 ))))))((40 41 )(42 (43 ((44 45 )(46 47 )))))))))); 
ttag *!; 
ttag +0 ////; 
ttag +1 ////; 
ttag +2 ////; 
ttag +3 ////; 
ttag +4 ////; 
ttag +5 ////; 
ttag +6 ////; 
ttag +7 ////; 
ttag +8 ////; 
ttag +9 ////; 
ttag +10 ////; 
ttag +11 ////; 
ttag +12 ////; 
ttag +13 ////; 
ttag +14 ////; 
ttag +15 ////; 
ttag +16 ////; 
ttag +17 ////; 
ttag +18 ////; 
ttag +19 ////; 
ttag +20 ////; 
ttag +21 ////; 
ttag +22 ////; 
ttag +23 ////; 
ttag +24 ////; 
ttag +25 ////; 
ttag +26 ////; 
ttag +27 ////; 
ttag +28 ////; 
ttag +29 ////; 
ttag +30 ////; 
ttag +31 ////; 
ttag +32 ////; 
ttag +33 ////; 
ttag +34 ////; 
ttag +35 ////; 
ttag +36 ////; 
ttag +37 ////; 
ttag +38 ////; 
ttag +39 ////; 
ttag +40 ////; 
ttag +41 ////; 
ttag +42 ////; 
ttag +43 ////; 
ttag +44 ////; 
ttag +45 ////; 
ttag +46 ////; 
ttag +47 ////; 
ttag +48 ////; 
ttag +49 15/[12]/?/?/?; 
ttag +50 100/100/100/100/100; 
ttag +51 100/100/100/100/98; 
ttag +52 41/13/9/10/8; 
ttag +53 99/99/97/99/98; 
ttag +54 100/100/98/100/99; 
ttag +55 90/89/78/96/79; 
ttag +56 52/34/26/19/28; 
ttag +57 26/9/2/3/0; 
ttag +58 57/41/24/36/30; 
ttag +59 98/97/95/99/95; 
ttag +60 98/98/96/99/95; 
ttag +61 100/100/99/99/100; 
ttag +62 10/[30]/?/?/?; 
ttag +63 9/[32]/?/?/?; 
ttag +64 97/96/92/94/89; 
ttag +65 92/89/79/86/84; 
ttag +66 68/48/52/46/43; 
ttag +67 99/99/100/99/99; 
ttag +68 68/54/47/63/54; 
ttag +69 100/100/100/100/100; 
ttag +70 96/95/89/97/86; 
ttag +71 99/99/97/99/98; 
ttag +72 100/100/99/100/97; 
ttag +73 99/98/96/98/95; 
ttag +74 24/[31]/?/?/?; 
ttag +75 85/79/76/82/82; 
ttag +76 99/98/94/98/98; 
ttag +77 100/100/100/99/100; 
ttag +78 98/97/97/98/96; 
ttag +79 48/24/10/24/12; 
ttag +80 26/2/?/3/?; 
ttag +81 92/90/86/90/84; 
ttag +82 100/100/100/98/99; 
ttag +83 52/31/29/31/20; 
ttag +84 96/96/96/97/95; 
ttag +85 33/20/10/19/10; 
ttag +86 100/100/100/100/99; 
ttag +87 97/96/91/94/85; 
ttag +88 70/48/46/49/44; 
ttag +89 81/67/66/74/60; 
ttag +90 94/93/90/94/90; 
ttag +91 98/97/94/98/91; 
ttag +92 98/98/96/100/95; 
ttag +93 97/96/94/98/94; 
ttag +94 68/57/43/53/40; 
