tread
'Tree with tags' 
(0 (1 (((2 3 )(((4 5 )(6 7 ))((8 9 )(10 (11 12 )))))(13 14 ))(17 (15 16 )(18 (19 ((20 21 )(24 25 (22 23 ))))))((26 (27 (28 (29 30 ))))(39 (31 ((32 33 )((34 35 )(36 (37 38 )))))(40 41 (43 (42 (46 47 (44 45 ))))))))); 
ttag *!; 
ttag +49 ???; 
ttag +50 10; 
ttag +51 9; 
ttag +52 1; 
ttag +53 5; 
ttag +54 3; 
ttag +55 5; 
ttag +56 5; 
ttag +57 1; 
ttag +58 1; 
ttag +59 5; 
ttag +60 10; 
ttag +61 6; 
ttag +62 4; 
ttag +63 2; 
ttag +64 4; 
ttag +65 2; 
ttag +66 7; 
ttag +67 3; 
ttag +68 8; 
ttag +69 7; 
ttag +70 4; 
ttag +71 2; 
ttag +72 2; 
ttag +73 6; 
ttag +74 7; 
ttag +75 4; 
ttag +76 4; 
ttag +77 8; 
ttag +78 5; 
ttag +79 1; 
ttag +80 2; 
ttag +81 13; 
ttag +82 14; 
ttag +83 2; 
ttag +84 1; 
ttag +85 5; 
ttag +86 4; 
ttag +87 7; 
tread
'Tree with tags' 
(0 ((1 (((2 3 )(((4 5 )(6 7 ))((8 9 )(10 (11 12 )))))(13 14 )))(((15 16 )(17 (18 (19 ((20 21 )((22 23 )(24 25 )))))))((26 (27 (28 (29 30 ))))((39 (31 ((32 33 )((34 35 )(36 (37 38 ))))))(41 (40 (43 (42 ((44 45 )(46 47 ))))))))))); 
ttag *!; 
ttag +0 ////; 
ttag +1 ////; 
ttag +2 ////; 
ttag +3 ////; 
ttag +4 ////; 
ttag +5 ////; 
ttag +6 ////; 
ttag +7 ////; 
ttag +8 ////; 
ttag +9 ////; 
ttag +10 ////; 
ttag +11 ////; 
ttag +12 ////; 
ttag +13 ////; 
ttag +14 ////; 
ttag +15 ////; 
ttag +16 ////; 
ttag +17 ////; 
ttag +18 ////; 
ttag +19 ////; 
ttag +20 ////; 
ttag +21 ////; 
ttag +22 ////; 
ttag +23 ////; 
ttag +24 ////; 
ttag +25 ////; 
ttag +26 ////; 
ttag +27 ////; 
ttag +28 ////; 
ttag +29 ////; 
ttag +30 ////; 
ttag +31 ////; 
ttag +32 ////; 
ttag +33 ////; 
ttag +34 ////; 
ttag +35 ////; 
ttag +36 ////; 
ttag +37 ////; 
ttag +38 ////; 
ttag +39 ////; 
ttag +40 ////; 
ttag +41 ////; 
ttag +42 ////; 
ttag +43 ////; 
ttag +44 ////; 
ttag +45 ////; 
ttag +46 ////; 
ttag +47 ////; 
ttag +48 ////; 
ttag +49 2/[33]/?/?/?; 
ttag +50 100/100/100/100/100; 
ttag +51 100/100/100/99/99; 
ttag +52 100/100/96/98/95; 
ttag +53 36/9/9/11/?; 
ttag +54 96/96/90/99/92; 
ttag +55 74/67/53/72/55; 
ttag +56 80/73/62/76/58; 
ttag +57 94/92/92/94/87; 
ttag +58 22/[20]/?/?/?; 
ttag +59 49/28/22/18/23; 
ttag +60 98/97/94/96/94; 
ttag +61 100/100/100/100/99; 
ttag +62 97/96/93/97/92; 
ttag +63 93/91/87/94/80; 
ttag +64 82/78/66/76/63; 
ttag +65 12/[14]/?/?/?; 
ttag +66 42/5/20/2/6; 
ttag +67 96/95/75/88/84; 
ttag +68 73/67/60/76/68; 
ttag +69 100/100/100/100/100; 
ttag +70 80/72/58/80/66; 
ttag +71 99/99/97/99/96; 
ttag +72 99/98/95/100/97; 
ttag +73 35/6/6/?/3; 
ttag +74 91/88/85/88/88; 
ttag +75 72/56/47/60/47; 
ttag +76 68/52/40/50/48; 
ttag +77 98/98/94/97/94; 
ttag +78 100/100/99/99/100; 
ttag +79 90/88/79/88/81; 
ttag +80 10/[24]/?/?/?; 
ttag +81 93/92/73/90/85; 
ttag +82 100/100/100/100/100; 
ttag +83 98/97/94/98/93; 
ttag +84 76/69/60/69/66; 
ttag +85 86/78/72/70/70; 
ttag +86 100/100/100/100/100; 
ttag +87 100/100/100/100/100; 
ttag +88 31/[2]/4/1/?; 
ttag +89 91/90/92/95/92; 
ttag +90 62/45/40/46/43; 
ttag +91 92/88/82/89/79; 
ttag +92 94/92/90/95/92; 
ttag +93 98/98/97/100/97; 
ttag +94 19/[5]/?/?/?; 
