tread
'Tree with tags' 
(0 (((1 ((2 3 )(8 (9 ((4 5 )(6 7 )))(10 (11 12 )))))(13 14 ))(((15 16 )(17 (18 (19 ((20 21 )((22 23 )(24 25 )))))))((26 (27 (28 (29 30 ))))(39 (31 ((32 33 )(34 35 )(36 (37 38 ))))((40 41 )(42 (43 ((44 45 )(46 47 )))))))))); 
ttag *!; 
ttag +49 1; 
ttag +50 1; 
ttag +51 ???; 
ttag +52 4; 
ttag +53 5; 
ttag +54 7; 
ttag +55 2; 
ttag +56 1; 
ttag +57 4; 
ttag +58 1; 
ttag +59 1; 
ttag +60 5; 
ttag +61 4; 
ttag +62 13; 
ttag +63 7; 
ttag +64 1; 
ttag +65 2; 
ttag +66 7; 
ttag +67 3; 
ttag +68 7; 
ttag +69 4; 
ttag +70 12; 
ttag +71 7; 
ttag +72 6; 
ttag +73 7; 
ttag +74 5; 
ttag +75 4; 
ttag +76 6; 
ttag +77 8; 
ttag +78 5; 
ttag +79 4; 
ttag +80 5; 
ttag +81 6; 
ttag +82 3; 
ttag +83 10; 
ttag +84 8; 
ttag +85 3; 
ttag +86 3; 
ttag +87 5; 
ttag +88 3; 
ttag +89 7; 
ttag +90 7; 
ttag +91 3; 
tread
'Tree with tags' 
(0 (((1 ((2 3 )((8 (9 ((4 5 )(6 7 ))))(10 (11 12 )))))(13 14 ))(((15 16 )(17 (18 (19 ((20 21 )((22 23 )(24 25 )))))))((26 (27 (28 (29 30 ))))((39 (31 (((32 33 )(36 (37 38 )))(34 35 ))))((40 41 )(42 (43 ((44 45 )(46 47 )))))))))); 
ttag *!; 
ttag +0 ////; 
ttag +1 ////; 
ttag +2 ////; 
ttag +3 ////; 
ttag +4 ////; 
ttag +5 ////; 
ttag +6 ////; 
ttag +7 ////; 
ttag +8 ////; 
ttag +9 ////; 
ttag +10 ////; 
ttag +11 ////; 
ttag +12 ////; 
ttag +13 ////; 
ttag +14 ////; 
ttag +15 ////; 
ttag +16 ////; 
ttag +17 ////; 
ttag +18 ////; 
ttag +19 ////; 
ttag +20 ////; 
ttag +21 ////; 
ttag +22 ////; 
ttag +23 ////; 
ttag +24 ////; 
ttag +25 ////; 
ttag +26 ////; 
ttag +27 ////; 
ttag +28 ////; 
ttag +29 ////; 
ttag +30 ////; 
ttag +31 ////; 
ttag +32 ////; 
ttag +33 ////; 
ttag +34 ////; 
ttag +35 ////; 
ttag +36 ////; 
ttag +37 ////; 
ttag +38 ////; 
ttag +39 ////; 
ttag +40 ////; 
ttag +41 ////; 
ttag +42 ////; 
ttag +43 ////; 
ttag +44 ////; 
ttag +45 ////; 
ttag +46 ////; 
ttag +47 ////; 
ttag +48 ////; 
ttag +49 47/39/31/41/32; 
ttag +50 54/37/38/39/35; 
ttag +51 100/100/100/100/100; 
ttag +52 86/80/78/80/78; 
ttag +53 97/96/96/98/95; 
ttag +54 99/99/97/99/98; 
ttag +55 74/64/51/66/58; 
ttag +56 22/5/8/6/4; 
ttag +57 18/[2]/?/?/?; 
ttag +58 78/68/62/76/61; 
ttag +59 63/44/42/51/46; 
ttag +60 67/58/46/56/50; 
ttag +61 98/98/97/98/95; 
ttag +62 93/92/84/96/89; 
ttag +63 100/100/100/100/100; 
ttag +64 98/97/94/96/93; 
ttag +65 51/38/28/38/25; 
ttag +66 85/81/71/86/76; 
ttag +67 99/99/100/99/100; 
ttag +68 92/92/92/96/95; 
ttag +69 100/100/100/100/100; 
ttag +70 98/98/96/98/96; 
ttag +71 100/100/100/100/100; 
ttag +72 99/99/98/99/98; 
ttag +73 99/99/98/98/98; 
ttag +74 100/100/98/100/99; 
ttag +75 89/87/86/91/84; 
ttag +76 94/92/87/94/87; 
ttag +77 98/98/96/99/96; 
ttag +78 100/100/100/99/100; 
ttag +79 95/93/92/94/93; 
ttag +80 17/[26]/?/?/?; 
ttag +81 90/89/80/89/84; 
ttag +82 97/96/94/98/97; 
ttag +83 26/6/14/5/8; 
ttag +84 98/98/95/96/92; 
ttag +85 96/96/94/95/94; 
ttag +86 100/100/100/100/100; 
ttag +87 99/99/100/100/100; 
ttag +88 82/78/73/74/73; 
ttag +89 89/86/79/89/84; 
ttag +90 96/96/94/95/94; 
ttag +91 84/78/73/76/72; 
ttag +92 100/100/98/98/97; 
ttag +93 100/100/98/99/99; 
ttag +94 80/75/69/81/67; 
