tread
'Tree with tags' 
(0 ((1 ((13 14 )(((17 ((15 16 )(18 (19 ((20 21 )(24 25 (22 23 )))))))(39 ((31 (((32 33 )(34 35 ))(36 (37 38 ))))(40 (41 (42 (43 ((44 45 )(46 47 )))))))))(26 (27 (28 (29 30 )))))))((2 3 )(((4 5 )(6 7 ))((8 9 )(10 (11 12 ))))))); 
ttag *!; 
ttag +49 2; 
ttag +50 ???; 
ttag +51 9; 
ttag +52 4; 
ttag +53 5; 
ttag +54 5; 
ttag +55 2; 
ttag +56 4; 
ttag +57 1; 
ttag +58 3; 
ttag +59 3; 
ttag +60 8; 
ttag +61 4; 
ttag +62 1; 
ttag +63 12; 
ttag +64 1; 
ttag +65 3; 
ttag +66 1; 
ttag +67 2; 
ttag +68 4; 
ttag +69 5; 
ttag +70 7; 
ttag +71 8; 
ttag +72 11; 
ttag +73 2; 
ttag +74 4; 
ttag +75 1; 
ttag +76 4; 
ttag +77 10; 
ttag +78 3; 
ttag +79 1; 
ttag +80 4; 
ttag +81 8; 
ttag +82 1; 
ttag +83 1; 
ttag +84 3; 
ttag +85 8; 
ttag +86 4; 
ttag +87 12; 
ttag +88 3; 
ttag +89 5; 
ttag +90 5; 
ttag +91 7; 
ttag +92 1; 
ttag +93 3; 
tread
'Tree with tags' 
(0 ((1 ((13 14 )(((17 ((15 16 )(18 (19 ((20 21 )(25 (24 (22 23 ))))))))(39 ((31 (((32 33 )(34 35 ))(36 (37 38 ))))(40 (41 (42 (43 ((44 45 )(46 47 )))))))))(26 (27 (28 (29 30 )))))))((2 3 )(((4 5 )(6 7 ))((8 9 )(10 (11 12 ))))))); 
ttag *!; 
ttag +0 ////; 
ttag +1 ////; 
ttag +2 ////; 
ttag +3 ////; 
ttag +4 ////; 
ttag +5 ////; 
ttag +6 ////; 
ttag +7 ////; 
ttag +8 ////; 
ttag +9 ////; 
ttag +10 ////; 
ttag +11 ////; 
ttag +12 ////; 
ttag +13 ////; 
ttag +14 ////; 
ttag +15 ////; 
ttag +16 ////; 
ttag +17 ////; 
ttag +18 ////; 
ttag +19 ////; 
ttag +20 ////; 
ttag +21 ////; 
ttag +22 ////; 
ttag +23 ////; 
ttag +24 ////; 
ttag +25 ////; 
ttag +26 ////; 
ttag +27 ////; 
ttag +28 ////; 
ttag +29 ////; 
ttag +30 ////; 
ttag +31 ////; 
ttag +32 ////; 
ttag +33 ////; 
ttag +34 ////; 
ttag +35 ////; 
ttag +36 ////; 
ttag +37 ////; 
ttag +38 ////; 
ttag +39 ////; 
ttag +40 ////; 
ttag +41 ////; 
ttag +42 ////; 
ttag +43 ////; 
ttag +44 ////; 
ttag +45 ////; 
ttag +46 ////; 
ttag +47 ////; 
ttag +48 ////; 
ttag +49 44/18/19/26/10; 
ttag +50 100/100/100/100/100; 
ttag +51 99/99/98/100/97; 
ttag +52 96/94/90/96/90; 
ttag +53 98/98/95/99/94; 
ttag +54 97/96/88/98/89; 
ttag +55 58/49/35/47/38; 
ttag +56 92/89/93/96/93; 
ttag +57 50/45/38/51/41; 
ttag +58 84/80/73/87/72; 
ttag +59 85/82/69/78/68; 
ttag +60 99/99/97/98/96; 
ttag +61 91/89/81/87/82; 
ttag +62 24/2/?/4/?; 
ttag +63 100/100/100/100/100; 
ttag +64 32/17/4/10/?; 
ttag +65 78/66/48/68/45; 
ttag +66 34/12/0/8/3; 
ttag +67 52/40/24/37/24; 
ttag +68 95/94/90/95/88; 
ttag +69 97/96/90/98/89; 
ttag +70 100/100/99/99/99; 
ttag +71 100/100/98/100/98; 
ttag +72 100/100/100/100/100; 
ttag +73 42/5/15/1/12; 
ttag +74 80/72/62/77/63; 
ttag +75 96/96/84/92/84; 
ttag +76 37/[6]/?/?/?; 
ttag +77 97/96/88/96/86; 
ttag +78 100/100/100/100/100; 
ttag +79 76/63/54/61/55; 
ttag +80 36/[9]/?/?/?; 
ttag +81 94/94/82/90/84; 
ttag +82 99/99/99/100/99; 
ttag +83 55/34/39/52/43; 
ttag +84 31/14/9/9/4; 
ttag +85 91/88/79/87/83; 
ttag +86 99/98/96/98/91; 
ttag +87 92/88/78/87/80; 
ttag +88 100/100/100/100/100; 
ttag +89 72/58/50/64/48; 
ttag +90 96/95/88/94/87; 
ttag +91 94/93/92/96/91; 
ttag +92 99/99/96/99/95; 
ttag +93 61/34/27/28/17; 
ttag +94 85/82/68/75/72; 
