tread
'Tree with tags' 
(0 (1 ((((2 3 )(((4 5 )(6 7 ))(9 (8 (10 (11 12 ))))))((15 16 )(17 (18 (19 ((20 21 )((22 23 )(24 25 ))))))))((13 14 )((26 (27 (28 (29 30 ))))(39 (31 ((32 33 )(34 35 )(36 (37 38 ))))((40 41 )(42 (43 ((44 45 )(46 47 ))))))))))); 
ttag *!; 
ttag +49 ???; 
ttag +50 9; 
ttag +51 6; 
ttag +52 1; 
ttag +53 1; 
ttag +54 4; 
ttag +55 4; 
ttag +56 1; 
ttag +57 3; 
ttag +58 1; 
ttag +59 7; 
ttag +60 3; 
ttag +61 11; 
ttag +62 9; 
ttag +63 1; 
ttag +64 10; 
ttag +65 4; 
ttag +66 1; 
ttag +67 4; 
ttag +68 1; 
ttag +69 15; 
ttag +70 9; 
ttag +71 10; 
ttag +72 8; 
ttag +73 6; 
ttag +74 9; 
ttag +75 1; 
ttag +76 2; 
ttag +77 3; 
ttag +78 8; 
ttag +79 4; 
ttag +80 12; 
ttag +81 8; 
ttag +82 6; 
ttag +83 1; 
ttag +84 8; 
ttag +85 11; 
ttag +86 4; 
ttag +87 5; 
ttag +88 9; 
ttag +89 5; 
ttag +90 6; 
ttag +91 5; 
ttag +92 2; 
tread
'Tree with tags' 
(0 (1 ((((2 3 )(((4 5 )(6 7 ))(9 (8 (10 (11 12 ))))))((15 16 )(17 (18 (19 ((20 21 )((22 23 )(24 25 ))))))))((13 14 )((26 (27 (28 (29 30 ))))((31 ((32 33 )((34 35 )(36 (37 38 )))))(39 ((40 41 )(42 (43 ((44 45 )(46 47 )))))))))))); 
ttag *!; 
ttag +0 ////; 
ttag +1 ////; 
ttag +2 ////; 
ttag +3 ////; 
ttag +4 ////; 
ttag +5 ////; 
ttag +6 ////; 
ttag +7 ////; 
ttag +8 ////; 
ttag +9 ////; 
ttag +10 ////; 
ttag +11 ////; 
ttag +12 ////; 
ttag +13 ////; 
ttag +14 ////; 
ttag +15 ////; 
ttag +16 ////; 
ttag +17 ////; 
ttag +18 ////; 
ttag +19 ////; 
ttag +20 ////; 
ttag +21 ////; 
ttag +22 ////; 
ttag +23 ////; 
ttag +24 ////; 
ttag +25 ////; 
ttag +26 ////; 
ttag +27 ////; 
ttag +28 ////; 
ttag +29 ////; 
ttag +30 ////; 
ttag +31 ////; 
ttag +32 ////; 
ttag +33 ////; 
ttag +34 ////; 
ttag +35 ////; 
ttag +36 ////; 
ttag +37 ////; 
ttag +38 ////; 
ttag +39 ////; 
ttag +40 ////; 
ttag +41 ////; 
ttag +42 ////; 
ttag +43 ////; 
ttag +44 ////; 
ttag +45 ////; 
ttag +46 ////; 
ttag +47 ////; 
ttag +48 ////; 
ttag +49 100/100/100/100/100; 
ttag +50 99/99/99/100/99; 
ttag +51 88/85/75/85/66; 
ttag +52 28/17/23/24/15; 
ttag +53 32/22/13/19/23; 
ttag +54 96/94/91/92/92; 
ttag +55 87/82/81/89/76; 
ttag +56 55/34/29/41/25; 
ttag +57 89/88/81/89/76; 
ttag +58 63/52/41/47/47; 
ttag +59 94/92/87/97/83; 
ttag +60 86/83/71/84/77; 
ttag +61 100/100/100/100/100; 
ttag +62 99/98/98/99/99; 
ttag +63 51/42/26/42/34; 
ttag +64 100/100/100/100/99; 
ttag +65 92/91/84/95/84; 
ttag +66 35/7/0/17/3; 
ttag +67 86/82/73/86/80; 
ttag +68 56/39/40/51/34; 
ttag +69 100/100/100/100/100; 
ttag +70 96/95/89/98/92; 
ttag +71 100/100/100/99/99; 
ttag +72 96/95/94/98/92; 
ttag +73 99/98/94/98/97; 
ttag +74 99/99/96/98/97; 
ttag +75 64/52/54/59/48; 
ttag +76 68/54/48/60/39; 
ttag +77 90/87/81/84/80; 
ttag +78 100/100/98/99/99; 
ttag +79 94/92/90/91/85; 
ttag +80 100/100/100/100/100; 
ttag +81 99/99/99/100/99; 
ttag +82 96/95/94/97/89; 
ttag +83 77/74/60/71/55; 
ttag +84 22/[4]/?/?/2; 
ttag +85 99/99/94/98/94; 
ttag +86 100/100/100/100/100; 
ttag +87 34/[14]/?/?/1; 
ttag +88 92/89/81/91/82; 
ttag +89 98/98/95/100/95; 
ttag +90 100/100/99/100/99; 
ttag +91 100/100/98/98/98; 
ttag +92 98/97/97/98/97; 
ttag +93 94/91/89/96/85; 
ttag +94 80/73/66/78/68; 
