tread
'Tree with tags' 
(0 (1 ((2 3 )((6 7 (4 5 ))((8 9 )(10 (11 12 )))))(13 14 )((15 16 )(17 (18 (19 ((20 21 )(24 25 (22 23 )))))))((26 (27 (28 (29 30 ))))(39 ((31 ((32 33 )((34 35 )(36 (37 38 )))))(41 (40 (42 (43 ((44 45 )(46 47 ))))))))))); 
ttag *!; 
ttag +49 ???; 
ttag +50 8; 
ttag +51 5; 
ttag +52 4; 
ttag +53 1; 
ttag +54 1; 
ttag +55 3; 
ttag +56 3; 
ttag +57 6; 
ttag +58 1; 
ttag +59 12; 
ttag +60 10; 
ttag +61 3; 
ttag +62 3; 
ttag +63 2; 
ttag +64 1; 
ttag +65 3; 
ttag +66 7; 
ttag +67 9; 
ttag +68 5; 
ttag +69 5; 
ttag +70 4; 
ttag +71 3; 
ttag +72 4; 
ttag +73 8; 
ttag +74 3; 
ttag +75 2; 
ttag +76 5; 
ttag +77 3; 
ttag +78 8; 
ttag +79 3; 
ttag +80 5; 
ttag +81 17; 
ttag +82 9; 
ttag +83 1; 
ttag +84 9; 
ttag +85 9; 
ttag +86 1; 
ttag +87 7; 
ttag +88 1; 
ttag +89 2; 
tread
'Tree with tags' 
(0 (1 (((2 3 )((6 (7 (4 5 )))((8 9 )(10 (11 12 )))))(((13 14 )((15 16 )(17 (18 (19 ((20 21 )(25 (24 (22 23 )))))))))((26 (27 (28 (29 30 ))))(39 ((31 ((32 33 )((34 35 )(36 (37 38 )))))(41 (40 (42 (43 ((44 45 )(46 47 ))))))))))))); 
ttag *!; 
ttag +0 ////; 
ttag +1 ////; 
ttag +2 ////; 
ttag +3 ////; 
ttag +4 ////; 
ttag +5 ////; 
ttag +6 ////; 
ttag +7 ////; 
ttag +8 ////; 
ttag +9 ////; 
ttag +10 ////; 
ttag +11 ////; 
ttag +12 ////; 
ttag +13 ////; 
ttag +14 ////; 
ttag +15 ////; 
ttag +16 ////; 
ttag +17 ////; 
ttag +18 ////; 
ttag +19 ////; 
ttag +20 ////; 
ttag +21 ////; 
ttag +22 ////; 
ttag +23 ////; 
ttag +24 ////; 
ttag +25 ////; 
ttag +26 ////; 
ttag +27 ////; 
ttag +28 ////; 
ttag +29 ////; 
ttag +30 ////; 
ttag +31 ////; 
ttag +32 ////; 
ttag +33 ////; 
ttag +34 ////; 
ttag +35 ////; 
ttag +36 ////; 
ttag +37 ////; 
ttag +38 ////; 
ttag +39 ////; 
ttag +40 ////; 
ttag +41 ////; 
ttag +42 ////; 
ttag +43 ////; 
ttag +44 ////; 
ttag +45 ////; 
ttag +46 ////; 
ttag +47 ////; 
ttag +48 ////; 
ttag +49 100/100/100/100/100; 
ttag +50 99/99/99/100/100; 
ttag +51 94/93/89/96/89; 
ttag +52 11/[13]/?/?/?; 
ttag +53 96/95/91/95/93; 
ttag +54 42/23/20/19/26; 
ttag +55 70/63/58/62/58; 
ttag +56 61/41/33/36/31; 
ttag +57 85/81/70/82/72; 
ttag +58 88/86/74/88/77; 
ttag +59 99/99/99/99/97; 
ttag +60 63/48/43/54/41; 
ttag +61 100/100/100/100/100; 
ttag +62 34/16/4/17/8; 
ttag +63 13/[5]/?/?/?; 
ttag +64 100/100/100/100/100; 
ttag +65 89/85/70/82/71; 
ttag +66 88/84/77/84/67; 
ttag +67 82/78/68/77/72; 
ttag +68 58/41/34/42/28; 
ttag +69 98/98/90/96/91; 
ttag +70 100/100/99/100/99; 
ttag +71 100/100/99/100/100; 
ttag +72 41/4/12/3/2; 
ttag +73 98/98/94/98/92; 
ttag +74 98/98/94/96/94; 
ttag +75 90/86/74/90/82; 
ttag +76 86/83/80/93/78; 
ttag +77 96/96/95/96/96; 
ttag +78 98/98/98/99/98; 
ttag +79 92/91/85/90/83; 
ttag +80 80/76/63/78/71; 
ttag +81 94/93/89/96/83; 
ttag +82 96/96/96/94/90; 
ttag +83 100/100/98/99/94; 
ttag +84 94/94/92/94/92; 
ttag +85 97/96/94/95/88; 
ttag +86 100/100/100/100/100; 
ttag +87 100/100/99/99/98; 
ttag +88 65/52/52/60/50; 
ttag +89 99/99/99/100/99; 
ttag +90 100/100/99/100/100; 
ttag +91 57/40/35/40/34; 
ttag +92 98/98/99/100/97; 
ttag +93 65/51/48/55/52; 
ttag +94 67/48/49/54/38; 
