tread
'Tree with tags' 
(0 (1 ((2 3 )(10 (6 7 (4 5 ))(8 9 )(11 12 )))(13 14 )((15 16 )(17 (18 (19 ((20 21 )((22 23 )(24 25 )))))))((26 (27 (28 (29 30 ))))(39 (31 ((32 33 )((34 35 )(36 (37 38 )))))(42 43 (40 41 )((44 45 )(46 47 ))))))); 
ttag *!; 
ttag +49 ???; 
ttag +50 6; 
ttag +51 4; 
ttag +52 4; 
ttag +53 8; 
ttag +54 2; 
ttag +55 1; 
ttag +56 11; 
ttag +57 4; 
ttag +58 11; 
ttag +59 3; 
ttag +60 1; 
ttag +61 2; 
ttag +62 1; 
ttag +63 12; 
ttag +64 7; 
ttag +65 9; 
ttag +66 5; 
ttag +67 12; 
ttag +68 6; 
ttag +69 5; 
ttag +70 1; 
ttag +71 3; 
ttag +72 10; 
ttag +73 7; 
ttag +74 1; 
ttag +75 9; 
ttag +76 6; 
ttag +77 5; 
ttag +78 1; 
ttag +79 6; 
ttag +80 10; 
ttag +81 5; 
ttag +82 8; 
ttag +83 10; 
ttag +84 5; 
ttag +85 2; 
tread
'Tree with tags' 
(0 (1 (((2 3 )(((4 5 )(6 7 ))((8 9 )(10 (11 12 )))))(((13 14 )((26 (27 (28 (29 30 ))))((31 ((32 33 )((34 35 )(36 (37 38 )))))(39 (43 (42 ((40 41 )((44 45 )(46 47 )))))))))((15 16 )(17 (18 (19 ((20 21 )((22 23 )(24 25 ))))))))))); 
ttag *!; 
ttag +0 ////; 
ttag +1 ////; 
ttag +2 ////; 
ttag +3 ////; 
ttag +4 ////; 
ttag +5 ////; 
ttag +6 ////; 
ttag +7 ////; 
ttag +8 ////; 
ttag +9 ////; 
ttag +10 ////; 
ttag +11 ////; 
ttag +12 ////; 
ttag +13 ////; 
ttag +14 ////; 
ttag +15 ////; 
ttag +16 ////; 
ttag +17 ////; 
ttag +18 ////; 
ttag +19 ////; 
ttag +20 ////; 
ttag +21 ////; 
ttag +22 ////; 
ttag +23 ////; 
ttag +24 ////; 
ttag +25 ////; 
ttag +26 ////; 
ttag +27 ////; 
ttag +28 ////; 
ttag +29 ////; 
ttag +30 ////; 
ttag +31 ////; 
ttag +32 ////; 
ttag +33 ////; 
ttag +34 ////; 
ttag +35 ////; 
ttag +36 ////; 
ttag +37 ////; 
ttag +38 ////; 
ttag +39 ////; 
ttag +40 ////; 
ttag +41 ////; 
ttag +42 ////; 
ttag +43 ////; 
ttag +44 ////; 
ttag +45 ////; 
ttag +46 ////; 
ttag +47 ////; 
ttag +48 ////; 
ttag +49 100/100/100/100/100; 
ttag +50 98/96/97/100/96; 
ttag +51 95/93/94/94/91; 
ttag +52 32/9/12/19/16; 
ttag +53 97/95/94/96/94; 
ttag +54 99/99/99/100/98; 
ttag +55 83/80/75/78/70; 
ttag +56 36/14/4/13/6; 
ttag +57 70/56/44/61/52; 
ttag +58 32/11/11/6/14; 
ttag +59 21/[11]/?/?/2; 
ttag +60 100/100/100/100/100; 
ttag +61 96/96/92/95/89; 
ttag +62 12/[12]/?/?/?; 
ttag +63 60/50/45/41/43; 
ttag +64 100/100/100/100/100; 
ttag +65 69/61/57/70/49; 
ttag +66 55/37/30/36/29; 
ttag +67 62/53/41/54/41; 
ttag +68 55/46/34/45/38; 
ttag +69 100/100/100/100/100; 
ttag +70 94/92/82/93/79; 
ttag +71 98/98/98/100/98; 
ttag +72 88/85/80/89/77; 
ttag +73 100/100/100/100/100; 
ttag +74 98/97/94/96/93; 
ttag +75 94/91/89/96/85; 
ttag +76 42/22/7/20/14; 
ttag +77 89/86/65/85/77; 
ttag +78 99/99/100/100/98; 
ttag +79 98/98/97/98/95; 
ttag +80 64/48/35/44/37; 
ttag +81 99/99/98/99/98; 
ttag +82 98/97/96/98/92; 
ttag +83 98/98/93/99/93; 
ttag +84 67/66/56/58/60; 
ttag +85 99/99/96/98/93; 
ttag +86 100/100/98/99/100; 
ttag +87 8/[27]/?/?/?; 
ttag +88 96/95/90/97/90; 
ttag +89 31/[2]/5/4/2; 
ttag +90 27/[7]/0/1/?; 
ttag +91 94/92/92/96/86; 
ttag +92 99/99/98/100/100; 
ttag +93 92/90/90/93/84; 
ttag +94 65/48/40/52/48; 
