tread
'Tree with tags' 
(0 (((1 ((2 3 )(((4 5 )(6 7 ))(8 (9 (10 (11 12 )))))))((15 16 )(17 ((18 19 )((20 21 )((22 23 )(24 25 )))))))((13 14 )((26 (27 (28 (29 30 ))))(39 ((31 ((32 33 )((34 35 )(36 (37 38 )))))((40 41 )((42 43 )((44 45 )(46 47 )))))))))); 
ttag *!; 
ttag +49 1; 
ttag +50 1; 
ttag +51 ???; 
ttag +52 5; 
ttag +53 5; 
ttag +54 3; 
ttag +55 10; 
ttag +56 5; 
ttag +57 3; 
ttag +58 2; 
ttag +59 1; 
ttag +60 4; 
ttag +61 5; 
ttag +62 6; 
ttag +63 1; 
ttag +64 9; 
ttag +65 7; 
ttag +66 1; 
ttag +67 2; 
ttag +68 3; 
ttag +69 3; 
ttag +70 4; 
ttag +71 10; 
ttag +72 4; 
ttag +73 5; 
ttag +74 9; 
ttag +75 4; 
ttag +76 2; 
ttag +77 5; 
ttag +78 11; 
ttag +79 10; 
ttag +80 2; 
ttag +81 6; 
ttag +82 7; 
ttag +83 9; 
ttag +84 6; 
ttag +85 2; 
ttag +86 9; 
ttag +87 11; 
ttag +88 4; 
ttag +89 4; 
ttag +90 1; 
ttag +91 7; 
ttag +92 4; 
ttag +93 9; 
ttag +94 3; 
tread
'Tree with tags' 
(0 (((1 ((2 3 )(((4 5 )(6 7 ))(8 (9 (10 (11 12 )))))))((15 16 )(17 ((18 19 )((20 21 )((22 23 )(24 25 )))))))((13 14 )((26 (27 (28 (29 30 ))))(39 ((31 ((32 33 )((34 35 )(36 (37 38 )))))((40 41 )((42 43 )((44 45 )(46 47 )))))))))); 
ttag *!; 
ttag +0 ////; 
ttag +1 ////; 
ttag +2 ////; 
ttag +3 ////; 
ttag +4 ////; 
ttag +5 ////; 
ttag +6 ////; 
ttag +7 ////; 
ttag +8 ////; 
ttag +9 ////; 
ttag +10 ////; 
ttag +11 ////; 
ttag +12 ////; 
ttag +13 ////; 
ttag +14 ////; 
ttag +15 ////; 
ttag +16 ////; 
ttag +17 ////; 
ttag +18 ////; 
ttag +19 ////; 
ttag +20 ////; 
ttag +21 ////; 
ttag +22 ////; 
ttag +23 ////; 
ttag +24 ////; 
ttag +25 ////; 
ttag +26 ////; 
ttag +27 ////; 
ttag +28 ////; 
ttag +29 ////; 
ttag +30 ////; 
ttag +31 ////; 
ttag +32 ////; 
ttag +33 ////; 
ttag +34 ////; 
ttag +35 ////; 
ttag +36 ////; 
ttag +37 ////; 
ttag +38 ////; 
ttag +39 ////; 
ttag +40 ////; 
ttag +41 ////; 
ttag +42 ////; 
ttag +43 ////; 
ttag +44 ////; 
ttag +45 ////; 
ttag +46 ////; 
ttag +47 ////; 
ttag +48 ////; 
ttag +49 55/43/32/37/31; 
ttag +50 12/[16]/?/?/?; 
ttag +51 100/100/100/100/100; 
ttag +52 95/94/88/92/86; 
ttag +53 95/94/91/90/90; 
ttag +54 89/87/78/81/76; 
ttag +55 98/97/89/97/88; 
ttag +56 85/81/73/80/74; 
ttag +57 86/83/69/83/66; 
ttag +58 58/45/45/52/43; 
ttag +59 46/31/24/28/25; 
ttag +60 72/52/46/53/48; 
ttag +61 98/98/96/98/94; 
ttag +62 100/100/96/99/98; 
ttag +63 17/[11]/?/?/?; 
ttag +64 100/100/99/100/100; 
ttag +65 93/92/80/90/83; 
ttag +66 35/10/6/8/0; 
ttag +67 90/88/84/82/79; 
ttag +68 74/62/45/69/50; 
ttag +69 95/94/90/94/93; 
ttag +70 93/91/86/95/80; 
ttag +71 100/100/100/99/100; 
ttag +72 86/82/69/88/73; 
ttag +73 96/95/86/93/90; 
ttag +74 100/100/99/100/98; 
ttag +75 84/80/72/83/67; 
ttag +76 68/50/54/55/36; 
ttag +77 98/98/94/97/93; 
ttag +78 100/100/99/100/100; 
ttag +79 100/100/100/100/100; 
ttag +80 56/39/38/54/30; 
ttag +81 94/93/85/95/79; 
ttag +82 100/100/98/100/99; 
ttag +83 99/99/95/99/97; 
ttag +84 99/99/98/99/96; 
ttag +85 83/76/67/72/61; 
ttag +86 100/100/99/100/99; 
ttag +87 100/100/100/100/100; 
ttag +88 94/92/87/92/80; 
ttag +89 92/91/75/87/78; 
ttag +90 48/32/30/38/19; 
ttag +91 99/98/98/98/98; 
ttag +92 94/93/86/96/88; 
ttag +93 100/100/96/100/96; 
ttag +94 85/80/59/79/66; 
