tread
'Tree with tags' 
(0 ((1 (9 (2 3 )(6 7 (4 5 ))(8 (10 (11 12 )))))(13 14 )((17 (15 16 ))(18 (19 ((20 21 )((22 23 )(24 25 ))))))((26 (27 (28 (29 30 ))))((31 ((32 33 )(34 35 )(36 (37 38 ))))(39 ((40 41 )(42 (43 ((44 45 )(46 47 )))))))))); 
ttag *!; 
ttag +49 1; 
ttag +50 ???; 
ttag +51 6; 
ttag +52 10; 
ttag +53 2; 
ttag +54 5; 
ttag +55 2; 
ttag +56 3; 
ttag +57 4; 
ttag +58 12; 
ttag +59 8; 
ttag +60 1; 
ttag +61 4; 
ttag +62 9; 
ttag +63 3; 
ttag +64 8; 
ttag +65 3; 
ttag +66 14; 
ttag +67 5; 
ttag +68 5; 
ttag +69 3; 
ttag +70 3; 
ttag +71 4; 
ttag +72 6; 
ttag +73 9; 
ttag +74 6; 
ttag +75 6; 
ttag +76 5; 
ttag +77 5; 
ttag +78 4; 
ttag +79 10; 
ttag +80 5; 
ttag +81 1; 
ttag +82 4; 
ttag +83 7; 
ttag +84 10; 
ttag +85 4; 
ttag +86 8; 
ttag +87 4; 
ttag +88 2; 
tread
'Tree with tags' 
(0 ((((1 ((2 3 )((9 ((4 5 )(6 7 )))(8 (10 (11 12 ))))))((26 (27 (28 (29 30 ))))((31 (((32 33 )(36 (37 38 )))(34 35 )))(39 ((40 41 )(42 (43 ((44 45 )(46 47 )))))))))((17 (15 16 ))(18 (19 ((20 21 )((22 23 )(24 25 )))))))(13 14 ))); 
ttag *!; 
ttag +0 ////; 
ttag +1 ////; 
ttag +2 ////; 
ttag +3 ////; 
ttag +4 ////; 
ttag +5 ////; 
ttag +6 ////; 
ttag +7 ////; 
ttag +8 ////; 
ttag +9 ////; 
ttag +10 ////; 
ttag +11 ////; 
ttag +12 ////; 
ttag +13 ////; 
ttag +14 ////; 
ttag +15 ////; 
ttag +16 ////; 
ttag +17 ////; 
ttag +18 ////; 
ttag +19 ////; 
ttag +20 ////; 
ttag +21 ////; 
ttag +22 ////; 
ttag +23 ////; 
ttag +24 ////; 
ttag +25 ////; 
ttag +26 ////; 
ttag +27 ////; 
ttag +28 ////; 
ttag +29 ////; 
ttag +30 ////; 
ttag +31 ////; 
ttag +32 ////; 
ttag +33 ////; 
ttag +34 ////; 
ttag +35 ////; 
ttag +36 ////; 
ttag +37 ////; 
ttag +38 ////; 
ttag +39 ////; 
ttag +40 ////; 
ttag +41 ////; 
ttag +42 ////; 
ttag +43 ////; 
ttag +44 ////; 
ttag +45 ////; 
ttag +46 ////; 
ttag +47 ////; 
ttag +48 ////; 
ttag +49 35/15/11/9/10; 
ttag +50 7/[16]/?/?/?; 
ttag +51 16/[6]/?/?/1; 
ttag +52 100/100/100/100/100; 
ttag +53 98/97/94/97/94; 
ttag +54 100/100/98/100/100; 
ttag +55 90/86/77/82/79; 
ttag +56 100/100/93/96/94; 
ttag +57 27/0/?/1/?; 
ttag +58 9/[18]/?/?/?; 
ttag +59 49/18/20/15/?; 
ttag +60 84/81/64/78/65; 
ttag +61 87/84/64/84/72; 
ttag +62 88/85/78/89/77; 
ttag +63 100/100/100/100/100; 
ttag +64 100/100/98/100/100; 
ttag +65 50/30/35/44/32; 
ttag +66 86/84/70/84/74; 
ttag +67 100/100/98/100/98; 
ttag +68 93/92/88/92/86; 
ttag +69 100/100/99/100/100; 
ttag +70 90/88/82/88/81; 
ttag +71 100/100/100/100/100; 
ttag +72 96/96/92/96/88; 
ttag +73 98/96/89/96/89; 
ttag +74 92/90/90/94/85; 
ttag +75 72/68/46/66/54; 
ttag +76 89/87/90/90/84; 
ttag +77 98/98/96/99/96; 
ttag +78 100/100/99/99/100; 
ttag +79 95/94/82/94/88; 
ttag +80 93/92/81/92/81; 
ttag +81 98/98/94/98/95; 
ttag +82 0/[6]/?/?/?; 
ttag +83 92/90/73/89/72; 
ttag +84 86/78/77/91/75; 
ttag +85 100/100/100/100/99; 
ttag +86 99/99/96/98/94; 
ttag +87 56/52/22/47/30; 
ttag +88 92/92/86/85/84; 
ttag +89 88/84/56/85/67; 
ttag +90 99/98/93/98/95; 
ttag +91 92/90/74/86/79; 
ttag +92 100/100/98/98/98; 
ttag +93 91/87/81/88/80; 
ttag +94 73/62/53/64/50; 
