tread
'Tree with tags' 
(0 ((1 ((2 3 )(((4 5 )(6 7 ))(9 (8 (10 (11 12 )))))))((13 14 )(((17 (15 16 ))(18 19 ((20 21 )((22 23 )(24 25 )))))((26 (27 (28 (29 30 ))))(39 (31 ((32 33 )(34 35 )(36 (37 38 ))))((40 41 )(42 (43 (46 47 (44 45 ))))))))))); 
ttag *!; 
ttag +49 1; 
ttag +50 ???; 
ttag +51 4; 
ttag +52 10; 
ttag +53 8; 
ttag +54 3; 
ttag +55 7; 
ttag +56 3; 
ttag +57 1; 
ttag +58 2; 
ttag +59 5; 
ttag +60 5; 
ttag +61 4; 
ttag +62 2; 
ttag +63 8; 
ttag +64 1; 
ttag +65 2; 
ttag +66 1; 
ttag +67 3; 
ttag +68 8; 
ttag +69 4; 
ttag +70 3; 
ttag +71 4; 
ttag +72 4; 
ttag +73 6; 
ttag +74 1; 
ttag +75 5; 
ttag +76 7; 
ttag +77 10; 
ttag +78 9; 
ttag +79 2; 
ttag +80 6; 
ttag +81 5; 
ttag +82 3; 
ttag +83 7; 
ttag +84 8; 
ttag +85 3; 
ttag +86 4; 
ttag +87 6; 
ttag +88 1; 
ttag +89 9; 
ttag +90 5; 
tread
'Tree with tags' 
(0 ((1 ((2 3 )(((4 5 )(6 7 ))(9 (8 (10 (11 12 )))))))((13 14 )(((17 (15 16 ))(18 (19 ((20 21 )((22 23 )(24 25 ))))))((26 (27 (28 (29 30 ))))((39 (31 (((32 33 )(34 35 ))(36 (37 38 )))))((40 41 )(42 (43 (46 (47 (44 45 )))))))))))); 
ttag *!; 
ttag +0 ////; 
ttag +1 ////; 
ttag +2 ////; 
ttag +3 ////; 
ttag +4 ////; 
ttag +5 ////; 
ttag +6 ////; 
ttag +7 ////; 
ttag +8 ////; 
ttag +9 ////; 
ttag +10 ////; 
ttag +11 ////; 
ttag +12 ////; 
ttag +13 ////; 
ttag +14 ////; 
ttag +15 ////; 
ttag +16 ////; 
ttag +17 ////; 
ttag +18 ////; 
ttag +19 ////; 
ttag +20 ////; 
ttag +21 ////; 
ttag +22 ////; 
ttag +23 ////; 
ttag +24 ////; 
ttag +25 ////; 
ttag +26 ////; 
ttag +27 ////; 
ttag +28 ////; 
ttag +29 ////; 
ttag +30 ////; 
ttag +31 ////; 
ttag +32 ////; 
ttag +33 ////; 
ttag +34 ////; 
ttag +35 ////; 
ttag +36 ////; 
ttag +37 ////; 
ttag +38 ////; 
ttag +39 ////; 
ttag +40 ////; 
ttag +41 ////; 
ttag +42 ////; 
ttag +43 ////; 
ttag +44 ////; 
ttag +45 ////; 
ttag +46 ////; 
ttag +47 ////; 
ttag +48 ////; 
ttag +49 42/25/22/27/21; 
ttag +50 100/100/100/100/100; 
ttag +51 96/95/87/96/93; 
ttag +52 99/98/97/100/98; 
ttag +53 99/99/98/100/95; 
ttag +54 87/84/82/87/82; 
ttag +55 96/96/89/96/90; 
ttag +56 84/76/65/84/71; 
ttag +57 62/50/47/57/36; 
ttag +58 78/67/70/74/67; 
ttag +59 96/94/91/96/89; 
ttag +60 99/98/98/98/96; 
ttag +61 93/92/90/91/93; 
ttag +62 35/26/13/24/16; 
ttag +63 100/100/98/98/98; 
ttag +64 16/[5]/?/?/?; 
ttag +65 62/51/23/43/31; 
ttag +66 27/15/5/10/3; 
ttag +67 90/87/88/84/82; 
ttag +68 26/[22]/?/?/?; 
ttag +69 100/100/100/100/100; 
ttag +70 96/96/93/95/96; 
ttag +71 81/67/73/72/64; 
ttag +72 85/78/69/85/73; 
ttag +73 94/92/86/90/90; 
ttag +74 98/98/94/98/92; 
ttag +75 42/29/21/22/21; 
ttag +76 96/95/90/91/87; 
ttag +77 100/100/99/100/99; 
ttag +78 100/100/99/100/100; 
ttag +79 100/100/98/100/100; 
ttag +80 40/21/21/18/24; 
ttag +81 84/82/77/82/71; 
ttag +82 99/99/96/99/97; 
ttag +83 45/8/12/8/4; 
ttag +84 97/96/92/96/96; 
ttag +85 96/95/90/93/80; 
ttag +86 99/99/96/98/97; 
ttag +87 100/100/98/100/99; 
ttag +88 76/69/55/74/58; 
ttag +89 88/85/77/87/73; 
ttag +90 99/98/98/99/95; 
ttag +91 62/48/46/51/49; 
ttag +92 99/98/100/100/97; 
ttag +93 28/[10]/?/?/?; 
ttag +94 94/92/86/98/91; 
