tread
'Tree with tags' 
(0 (((1 ((2 3 )(((4 5 )(6 7 ))(8 9 )(10 (11 12 )))))(17 (15 16 )(18 19 ((20 21 )((22 23 )(24 25 ))))))((13 14 )((26 (27 (28 (29 30 ))))(39 (31 (((32 33 )(36 (37 38 )))(34 35 )))((40 41 )(42 (43 ((44 45 )(46 47 )))))))))); 
ttag *!; 
ttag +49 2; 
ttag +50 1; 
ttag +51 ???; 
ttag +52 8; 
ttag +53 9; 
ttag +54 5; 
ttag +55 1; 
ttag +56 2; 
ttag +57 1; 
ttag +58 1; 
ttag +59 5; 
ttag +60 5; 
ttag +61 5; 
ttag +62 3; 
ttag +63 6; 
ttag +64 10; 
ttag +65 3; 
ttag +66 11; 
ttag +67 6; 
ttag +68 7; 
ttag +69 3; 
ttag +70 5; 
ttag +71 7; 
ttag +72 5; 
ttag +73 3; 
ttag +74 5; 
ttag +75 4; 
ttag +76 2; 
ttag +77 5; 
ttag +78 9; 
ttag +79 1; 
ttag +80 6; 
ttag +81 1; 
ttag +82 11; 
ttag +83 10; 
ttag +84 3; 
ttag +85 6; 
ttag +86 10; 
ttag +87 7; 
ttag +88 4; 
ttag +89 3; 
ttag +90 7; 
tread
'Tree with tags' 
(0 (((1 ((2 3 )((((4 5 )(6 7 ))(10 (11 12 )))(8 9 ))))((17 (15 16 ))((18 19 )((20 21 )((22 23 )(24 25 ))))))((13 14 )((26 (27 (28 (29 30 ))))((31 (((32 33 )(36 (37 38 )))(34 35 )))(39 ((40 41 )(42 (43 ((44 45 )(46 47 ))))))))))); 
ttag *!; 
ttag +0 ////; 
ttag +1 ////; 
ttag +2 ////; 
ttag +3 ////; 
ttag +4 ////; 
ttag +5 ////; 
ttag +6 ////; 
ttag +7 ////; 
ttag +8 ////; 
ttag +9 ////; 
ttag +10 ////; 
ttag +11 ////; 
ttag +12 ////; 
ttag +13 ////; 
ttag +14 ////; 
ttag +15 ////; 
ttag +16 ////; 
ttag +17 ////; 
ttag +18 ////; 
ttag +19 ////; 
ttag +20 ////; 
ttag +21 ////; 
ttag +22 ////; 
ttag +23 ////; 
ttag +24 ////; 
ttag +25 ////; 
ttag +26 ////; 
ttag +27 ////; 
ttag +28 ////; 
ttag +29 ////; 
ttag +30 ////; 
ttag +31 ////; 
ttag +32 ////; 
ttag +33 ////; 
ttag +34 ////; 
ttag +35 ////; 
ttag +36 ////; 
ttag +37 ////; 
ttag +38 ////; 
ttag +39 ////; 
ttag +40 ////; 
ttag +41 ////; 
ttag +42 ////; 
ttag +43 ////; 
ttag +44 ////; 
ttag +45 ////; 
ttag +46 ////; 
ttag +47 ////; 
ttag +48 ////; 
ttag +49 83/80/70/76/69; 
ttag +50 55/52/40/51/47; 
ttag +51 100/100/100/100/100; 
ttag +52 99/99/97/99/100; 
ttag +53 99/99/97/99/100; 
ttag +54 99/99/97/99/98; 
ttag +55 54/39/31/43/42; 
ttag +56 26/[13]/?/?/?; 
ttag +57 74/66/62/62/52; 
ttag +58 64/55/57/64/49; 
ttag +59 63/56/58/46/48; 
ttag +60 98/97/96/98/94; 
ttag +61 98/98/96/98/97; 
ttag +62 95/94/90/95/95; 
ttag +63 79/76/67/81/74; 
ttag +64 100/100/96/100/98; 
ttag +65 55/28/21/22/18; 
ttag +66 99/99/99/100/98; 
ttag +67 40/19/28/14/10; 
ttag +68 97/96/91/92/89; 
ttag +69 100/100/100/100/100; 
ttag +70 99/99/99/99/97; 
ttag +71 99/99/98/99/98; 
ttag +72 78/67/62/78/68; 
ttag +73 96/94/89/96/87; 
ttag +74 97/97/92/99/93; 
ttag +75 96/95/94/95/92; 
ttag +76 83/79/65/80/61; 
ttag +77 97/96/92/97/94; 
ttag +78 98/98/98/98/96; 
ttag +79 64/56/44/60/50; 
ttag +80 94/93/94/98/94; 
ttag +81 100/100/100/100/100; 
ttag +82 60/55/44/50/40; 
ttag +83 93/92/86/96/88; 
ttag +84 60/52/42/57/42; 
ttag +85 99/99/99/100/98; 
ttag +86 98/98/98/100/96; 
ttag +87 32/1/8/?/?; 
ttag +88 91/88/80/88/81; 
ttag +89 98/97/92/97/96; 
ttag +90 100/100/100/100/99; 
ttag +91 100/100/94/99/97; 
ttag +92 94/93/86/94/87; 
ttag +93 94/94/94/94/96; 
ttag +94 99/99/99/100/100; 
