tread
'Tree with tags' 
(0 (1 ((((2 3 )(((4 5 )(6 7 ))(8 9 (10 (11 12 )))))((26 (27 (28 (29 30 ))))((31 ((32 33 )(34 35 )(36 (37 38 ))))(39 ((40 41 )(42 (43 ((44 45 )(46 47 )))))))))(17 (15 16 )(18 (19 ((20 21 )((22 23 )(24 25 )))))))(13 14 ))); 
ttag *!; 
ttag +49 ???; 
ttag +50 6; 
ttag +51 7; 
ttag +52 1; 
ttag +53 1; 
ttag +54 6; 
ttag +55 6; 
ttag +56 2; 
ttag +57 1; 
ttag +58 5; 
ttag +59 6; 
ttag +60 8; 
ttag +61 14; 
ttag +62 6; 
ttag +63 2; 
ttag +64 5; 
ttag +65 3; 
ttag +66 9; 
ttag +67 2; 
ttag +68 7; 
ttag +69 4; 
ttag +70 3; 
ttag +71 6; 
ttag +72 6; 
ttag +73 7; 
ttag +74 5; 
ttag +75 7; 
ttag +76 4; 
ttag +77 3; 
ttag +78 10; 
ttag +79 4; 
ttag +80 2; 
ttag +81 7; 
ttag +82 6; 
ttag +83 2; 
ttag +84 3; 
ttag +85 8; 
ttag +86 9; 
ttag +87 2; 
ttag +88 11; 
ttag +89 3; 
ttag +90 2; 
tread
'Tree with tags' 
(0 ((1 ((((2 3 )(((4 5 )(6 7 ))((8 9 )(10 (11 12 )))))((26 (27 (28 (29 30 ))))((31 (((32 33 )(36 (37 38 )))(34 35 )))(39 ((40 41 )(42 (43 ((44 45 )(46 47 )))))))))((15 16 )(17 (18 (19 ((20 21 )((22 23 )(24 25 )))))))))(13 14 ))); 
ttag *!; 
ttag +0 ////; 
ttag +1 ////; 
ttag +2 ////; 
ttag +3 ////; 
ttag +4 ////; 
ttag +5 ////; 
ttag +6 ////; 
ttag +7 ////; 
ttag +8 ////; 
ttag +9 ////; 
ttag +10 ////; 
ttag +11 ////; 
ttag +12 ////; 
ttag +13 ////; 
ttag +14 ////; 
ttag +15 ////; 
ttag +16 ////; 
ttag +17 ////; 
ttag +18 ////; 
ttag +19 ////; 
ttag +20 ////; 
ttag +21 ////; 
ttag +22 ////; 
ttag +23 ////; 
ttag +24 ////; 
ttag +25 ////; 
ttag +26 ////; 
ttag +27 ////; 
ttag +28 ////; 
ttag +29 ////; 
ttag +30 ////; 
ttag +31 ////; 
ttag +32 ////; 
ttag +33 ////; 
ttag +34 ////; 
ttag +35 ////; 
ttag +36 ////; 
ttag +37 ////; 
ttag +38 ////; 
ttag +39 ////; 
ttag +40 ////; 
ttag +41 ////; 
ttag +42 ////; 
ttag +43 ////; 
ttag +44 ////; 
ttag +45 ////; 
ttag +46 ////; 
ttag +47 ////; 
ttag +48 ////; 
ttag +49 29/[4]/?/?/?; 
ttag +50 100/100/100/100/100; 
ttag +51 100/100/96/100/96; 
ttag +52 99/99/98/98/97; 
ttag +53 49/35/20/30/24; 
ttag +54 37/23/17/24/19; 
ttag +55 98/98/90/98/91; 
ttag +56 99/98/97/99/97; 
ttag +57 80/72/69/76/70; 
ttag +58 78/78/75/70/70; 
ttag +59 39/11/4/6/3; 
ttag +60 96/95/90/94/90; 
ttag +61 96/95/92/96/93; 
ttag +62 100/100/100/100/100; 
ttag +63 100/100/100/100/100; 
ttag +64 100/100/96/98/96; 
ttag +65 68/62/46/54/48; 
ttag +66 37/[8]/?/?/?; 
ttag +67 99/98/91/96/96; 
ttag +68 92/90/81/92/81; 
ttag +69 100/100/100/100/100; 
ttag +70 78/66/55/68/51; 
ttag +71 100/100/98/99/100; 
ttag +72 95/94/84/94/80; 
ttag +73 85/81/77/85/84; 
ttag +74 98/98/96/97/98; 
ttag +75 97/96/94/97/94; 
ttag +76 100/100/99/98/97; 
ttag +77 99/98/92/98/95; 
ttag +78 100/100/99/100/100; 
ttag +79 98/97/94/96/89; 
ttag +80 80/75/54/77/62; 
ttag +81 100/100/100/100/100; 
ttag +82 25/[4]/?/?/?; 
ttag +83 92/90/76/89/81; 
ttag +84 79/72/62/78/70; 
ttag +85 99/99/98/99/98; 
ttag +86 98/98/97/99/98; 
ttag +87 54/41/32/42/34; 
ttag +88 78/68/58/67/63; 
ttag +89 98/98/96/99/98; 
ttag +90 100/100/99/99/99; 
ttag +91 62/55/42/62/38; 
ttag +92 99/99/99/100/100; 
ttag +93 60/50/39/52/37; 
ttag +94 50/38/31/54/26; 
