tread
'Tree with tags' 
(0 ((1 (((13 14 )((26 27 (28 (29 30 )))((31 (((32 33 )(34 35 ))(36 (37 38 ))))(39 ((40 41 )(42 (43 ((44 45 )(46 47 )))))))))((15 16 )(17 (18 (19 ((20 21 )((22 23 )(24 25 )))))))))((2 3 )((9 ((4 5 )(6 7 )))(8 (10 (11 12 ))))))); 
ttag *!; 
ttag +49 1; 
ttag +50 ???; 
ttag +51 4; 
ttag +52 4; 
ttag +53 3; 
ttag +54 8; 
ttag +55 1; 
ttag +56 2; 
ttag +57 2; 
ttag +58 1; 
ttag +59 6; 
ttag +60 11; 
ttag +61 10; 
ttag +62 2; 
ttag +63 1; 
ttag +64 12; 
ttag +65 5; 
ttag +66 1; 
ttag +67 6; 
ttag +68 4; 
ttag +69 7; 
ttag +70 8; 
ttag +71 10; 
ttag +72 5; 
ttag +73 1; 
ttag +74 5; 
ttag +75 1; 
ttag +76 4; 
ttag +77 6; 
ttag +78 6; 
ttag +79 4; 
ttag +80 7; 
ttag +81 2; 
ttag +82 7; 
ttag +83 5; 
ttag +84 2; 
ttag +85 10; 
ttag +86 1; 
ttag +87 4; 
ttag +88 9; 
ttag +89 8; 
ttag +90 2; 
ttag +91 7; 
ttag +92 8; 
ttag +93 1; 
tread
'Tree with tags' 
(0 ((1 (((13 14 )((27 (26 (28 (29 30 ))))((31 (((32 33 )(34 35 ))(36 (37 38 ))))(39 ((40 41 )(42 (43 ((44 45 )(46 47 )))))))))((15 16 )(17 (18 (19 ((20 21 )((22 23 )(24 25 )))))))))((2 3 )((9 ((4 5 )(6 7 )))(8 (10 (11 12 ))))))); 
ttag *!; 
ttag +0 ////; 
ttag +1 ////; 
ttag +2 ////; 
ttag +3 ////; 
ttag +4 ////; 
ttag +5 ////; 
ttag +6 ////; 
ttag +7 ////; 
ttag +8 ////; 
ttag +9 ////; 
ttag +10 ////; 
ttag +11 ////; 
ttag +12 ////; 
ttag +13 ////; 
ttag +14 ////; 
ttag +15 ////; 
ttag +16 ////; 
ttag +17 ////; 
ttag +18 ////; 
ttag +19 ////; 
ttag +20 ////; 
ttag +21 ////; 
ttag +22 ////; 
ttag +23 ////; 
ttag +24 ////; 
ttag +25 ////; 
ttag +26 ////; 
ttag +27 ////; 
ttag +28 ////; 
ttag +29 ////; 
ttag +30 ////; 
ttag +31 ////; 
ttag +32 ////; 
ttag +33 ////; 
ttag +34 ////; 
ttag +35 ////; 
ttag +36 ////; 
ttag +37 ////; 
ttag +38 ////; 
ttag +39 ////; 
ttag +40 ////; 
ttag +41 ////; 
ttag +42 ////; 
ttag +43 ////; 
ttag +44 ////; 
ttag +45 ////; 
ttag +46 ////; 
ttag +47 ////; 
ttag +48 ////; 
ttag +49 39/23/7/22/13; 
ttag +50 100/100/100/100/100; 
ttag +51 94/92/87/92/81; 
ttag +52 85/80/66/79/61; 
ttag +53 89/84/65/80/72; 
ttag +54 100/100/98/99/99; 
ttag +55 38/8/2/5/?; 
ttag +56 71/62/50/53/42; 
ttag +57 84/79/68/73/63; 
ttag +58 37/7/?/4/?; 
ttag +59 96/96/89/97/95; 
ttag +60 100/100/100/100/100; 
ttag +61 100/100/100/100/99; 
ttag +62 75/70/52/63/47; 
ttag +63 35/12/12/14/13; 
ttag +64 100/100/99/100/100; 
ttag +65 87/84/74/89/75; 
ttag +66 54/35/32/34/26; 
ttag +67 97/96/87/96/90; 
ttag +68 96/96/89/97/92; 
ttag +69 100/100/100/100/99; 
ttag +70 100/100/95/100/96; 
ttag +71 100/100/100/100/100; 
ttag +72 98/98/97/98/96; 
ttag +73 62/42/25/32/26; 
ttag +74 20/[26]/?/?/?; 
ttag +75 97/97/87/97/86; 
ttag +76 57/31/38/48/37; 
ttag +77 95/94/84/92/78; 
ttag +78 100/100/97/99/98; 
ttag +79 96/96/93/97/91; 
ttag +80 89/83/77/90/76; 
ttag +81 100/100/97/100/97; 
ttag +82 91/90/80/84/80; 
ttag +83 100/100/96/98/97; 
ttag +84 98/98/95/98/96; 
ttag +85 70/52/55/55/48; 
ttag +86 100/100/100/100/99; 
ttag +87 61/54/40/54/39; 
ttag +88 98/97/82/92/90; 
ttag +89 98/96/90/98/89; 
ttag +90 98/97/95/99/90; 
ttag +91 76/71/65/68/64; 
ttag +92 97/96/98/99/97; 
ttag +93 99/99/99/100/98; 
ttag +94 68/50/51/52/50; 
