tread
'Tree with tags' 
(0 (1 (8 9 ((2 3 )((4 5 )(6 7 )))(10 (11 12 )))(13 14 )((15 16 )(17 (18 (19 ((20 21 )((22 23 )(24 25 )))))))((26 (27 (28 (29 30 ))))(39 ((31 ((32 33 )((34 35 )(36 (37 38 )))))((40 41 )(42 (43 ((44 45 )(46 47 )))))))))); 
ttag *!; 
ttag +49 ???; 
ttag +50 5; 
ttag +51 2; 
ttag +52 6; 
ttag +53 5; 
ttag +54 2; 
ttag +55 1; 
ttag +56 3; 
ttag +57 8; 
ttag +58 12; 
ttag +59 8; 
ttag +60 4; 
ttag +61 5; 
ttag +62 11; 
ttag +63 3; 
ttag +64 8; 
ttag +65 6; 
ttag +66 11; 
ttag +67 7; 
ttag +68 4; 
ttag +69 9; 
ttag +70 7; 
ttag +71 3; 
ttag +72 5; 
ttag +73 11; 
ttag +74 5; 
ttag +75 1; 
ttag +76 6; 
ttag +77 5; 
ttag +78 7; 
ttag +79 8; 
ttag +80 1; 
ttag +81 8; 
ttag +82 12; 
ttag +83 3; 
ttag +84 3; 
ttag +85 6; 
ttag +86 9; 
ttag +87 6; 
ttag +88 2; 
ttag +89 4; 
tread
'Tree with tags' 
(0 ((1 (((15 16 )(17 (18 (19 ((20 21 )((22 23 )(24 25 )))))))((26 (27 (28 (29 30 ))))(39 ((31 ((32 33 )((34 35 )(36 (37 38 )))))((40 41 )(42 (43 ((44 45 )(46 47 ))))))))))((((2 3 )((4 5 )(6 7 )))(8 (9 (10 (11 12 )))))(13 14 )))); 
ttag *!; 
ttag +0 ////; 
ttag +1 ////; 
ttag +2 ////; 
ttag +3 ////; 
ttag +4 ////; 
ttag +5 ////; 
ttag +6 ////; 
ttag +7 ////; 
ttag +8 ////; 
ttag +9 ////; 
ttag +10 ////; 
ttag +11 ////; 
ttag +12 ////; 
ttag +13 ////; 
ttag +14 ////; 
ttag +15 ////; 
ttag +16 ////; 
ttag +17 ////; 
ttag +18 ////; 
ttag +19 ////; 
ttag +20 ////; 
ttag +21 ////; 
ttag +22 ////; 
ttag +23 ////; 
ttag +24 ////; 
ttag +25 ////; 
ttag +26 ////; 
ttag +27 ////; 
ttag +28 ////; 
ttag +29 ////; 
ttag +30 ////; 
ttag +31 ////; 
ttag +32 ////; 
ttag +33 ////; 
ttag +34 ////; 
ttag +35 ////; 
ttag +36 ////; 
ttag +37 ////; 
ttag +38 ////; 
ttag +39 ////; 
ttag +40 ////; 
ttag +41 ////; 
ttag +42 ////; 
ttag +43 ////; 
ttag +44 ////; 
ttag +45 ////; 
ttag +46 ////; 
ttag +47 ////; 
ttag +48 ////; 
ttag +49 18/[24]/?/?/?; 
ttag +50 100/100/100/100/100; 
ttag +51 98/97/94/94/94; 
ttag +52 76/68/60/72/67; 
ttag +53 98/98/97/98/96; 
ttag +54 25/[16]/?/?/?; 
ttag +55 95/94/90/91/86; 
ttag +56 87/83/76/80/70; 
ttag +57 58/46/35/48/33; 
ttag +58 35/1/9/6/2; 
ttag +59 18/[16]/?/?/?; 
ttag +60 94/91/84/91/83; 
ttag +61 99/99/100/100/98; 
ttag +62 100/100/100/100/100; 
ttag +63 100/100/100/100/98; 
ttag +64 93/92/83/93/76; 
ttag +65 26/0/?/?/?; 
ttag +66 94/93/87/92/81; 
ttag +67 100/100/100/99/98; 
ttag +68 95/94/90/92/84; 
ttag +69 100/100/100/100/99; 
ttag +70 97/96/92/96/87; 
ttag +71 100/100/100/100/99; 
ttag +72 99/99/99/97/95; 
ttag +73 94/93/83/94/83; 
ttag +74 99/99/99/99/98; 
ttag +75 99/99/97/99/97; 
ttag +76 85/80/71/90/75; 
ttag +77 94/93/80/94/83; 
ttag +78 100/100/98/99/99; 
ttag +79 90/86/72/86/81; 
ttag +80 42/32/22/33/23; 
ttag +81 98/98/91/94/94; 
ttag +82 100/100/99/100/98; 
ttag +83 99/99/98/100/100; 
ttag +84 99/99/98/100/100; 
ttag +85 61/45/41/45/40; 
ttag +86 100/100/97/100/97; 
ttag +87 100/100/100/100/100; 
ttag +88 86/79/69/80/64; 
ttag +89 84/81/72/88/84; 
ttag +90 100/100/99/100/98; 
ttag +91 99/99/99/100/99; 
ttag +92 99/99/96/100/93; 
ttag +93 84/80/73/72/71; 
ttag +94 96/95/95/96/90; 
