tread
'Tree with tags' 
(0 (1 ((2 3 )(((4 5 )(6 7 ))((8 9 )(10 (11 12 )))))(13 14 )((15 16 )(17 (18 (19 ((20 21 )((22 23 )(24 25 )))))))((26 (27 (28 (29 30 ))))((39 (31 (((32 33 )(34 35 ))(36 (37 38 )))))((40 41 )(42 (43 ((44 45 )(46 47 ))))))))); 
ttag *!; 
ttag +49 ???; 
ttag +50 9; 
ttag +51 10; 
ttag +52 9; 
ttag +53 10; 
ttag +54 8; 
ttag +55 2; 
ttag +56 2; 
ttag +57 3; 
ttag +58 1; 
ttag +59 12; 
ttag +60 7; 
ttag +61 11; 
ttag +62 3; 
ttag +63 1; 
ttag +64 1; 
ttag +65 1; 
ttag +66 9; 
ttag +67 5; 
ttag +68 9; 
ttag +69 5; 
ttag +70 6; 
ttag +71 5; 
ttag +72 4; 
ttag +73 5; 
ttag +74 4; 
ttag +75 6; 
ttag +76 6; 
ttag +77 3; 
ttag +78 6; 
ttag +79 13; 
ttag +80 3; 
ttag +81 6; 
ttag +82 6; 
ttag +83 6; 
ttag +84 5; 
ttag +85 1; 
ttag +86 4; 
ttag +87 7; 
ttag +88 6; 
ttag +89 5; 
ttag +90 4; 
ttag +91 4; 
tread
'Tree with tags' 
(0 ((1 (((15 16 )(17 (18 (19 ((20 21 )((22 23 )(24 25 )))))))((26 (27 (28 (29 30 ))))((39 (31 (((32 33 )(34 35 ))(36 (37 38 )))))((40 41 )(42 (43 ((44 45 )(46 47 )))))))))(((2 3 )(((4 5 )(6 7 ))((8 9 )(10 (11 12 )))))(13 14 )))); 
ttag *!; 
ttag +0 ////; 
ttag +1 ////; 
ttag +2 ////; 
ttag +3 ////; 
ttag +4 ////; 
ttag +5 ////; 
ttag +6 ////; 
ttag +7 ////; 
ttag +8 ////; 
ttag +9 ////; 
ttag +10 ////; 
ttag +11 ////; 
ttag +12 ////; 
ttag +13 ////; 
ttag +14 ////; 
ttag +15 ////; 
ttag +16 ////; 
ttag +17 ////; 
ttag +18 ////; 
ttag +19 ////; 
ttag +20 ////; 
ttag +21 ////; 
ttag +22 ////; 
ttag +23 ////; 
ttag +24 ////; 
ttag +25 ////; 
ttag +26 ////; 
ttag +27 ////; 
ttag +28 ////; 
ttag +29 ////; 
ttag +30 ////; 
ttag +31 ////; 
ttag +32 ////; 
ttag +33 ////; 
ttag +34 ////; 
ttag +35 ////; 
ttag +36 ////; 
ttag +37 ////; 
ttag +38 ////; 
ttag +39 ////; 
ttag +40 ////; 
ttag +41 ////; 
ttag +42 ////; 
ttag +43 ////; 
ttag +44 ////; 
ttag +45 ////; 
ttag +46 ////; 
ttag +47 ////; 
ttag +48 ////; 
ttag +49 8/[16]/?/?/?; 
ttag +50 100/100/100/100/100; 
ttag +51 99/98/97/99/96; 
ttag +52 100/100/99/99/98; 
ttag +53 26/1/?/?/?; 
ttag +54 100/100/100/100/99; 
ttag +55 99/99/97/100/97; 
ttag +56 98/97/90/97/88; 
ttag +57 71/66/58/70/66; 
ttag +58 76/72/66/68/60; 
ttag +59 86/82/64/75/67; 
ttag +60 75/74/68/69/68; 
ttag +61 100/100/99/100/100; 
ttag +62 99/99/98/99/99; 
ttag +63 100/100/99/100/100; 
ttag +64 85/80/70/78/70; 
ttag +65 13/[12]/?/?/?; 
ttag +66 50/21/11/27/8; 
ttag +67 54/24/18/32/14; 
ttag +68 43/14/8/20/4; 
ttag +69 100/100/100/100/100; 
ttag +70 91/87/86/92/82; 
ttag +71 99/99/99/99/97; 
ttag +72 95/94/94/97/91; 
ttag +73 99/99/92/98/95; 
ttag +74 98/98/92/98/94; 
ttag +75 97/96/87/93/86; 
ttag +76 99/99/94/98/98; 
ttag +77 91/86/87/91/83; 
ttag +78 99/99/98/99/97; 
ttag +79 100/100/100/100/99; 
ttag +80 92/91/84/90/82; 
ttag +81 97/96/92/96/90; 
ttag +82 100/100/100/100/100; 
ttag +83 97/97/96/95/96; 
ttag +84 98/98/92/95/92; 
ttag +85 100/100/99/99/100; 
ttag +86 98/98/98/98/98; 
ttag +87 99/99/97/96/96; 
ttag +88 50/36/20/41/27; 
ttag +89 94/92/87/93/87; 
ttag +90 99/99/97/100/95; 
ttag +91 97/96/96/98/96; 
ttag +92 94/94/88/93/88; 
ttag +93 94/92/86/92/88; 
ttag +94 92/92/86/93/83; 
