tread
'Tree with tags' 
(0 ((1 ((2 3 )((((4 5 )(6 7 ))(8 9 ))(10 (11 12 )))))(((13 14 )((15 16 )(17 (18 (19 ((20 21 )((22 23 )(24 25 ))))))))((26 (27 (28 (29 30 ))))((39 (31 ((32 33 )((34 35 )(36 (37 38 ))))))((40 41 )(42 (43 ((44 45 )(46 47 )))))))))); 
ttag *!; 
ttag +49 1; 
ttag +50 ???; 
ttag +51 11; 
ttag +52 3; 
ttag +53 10; 
ttag +54 7; 
ttag +55 1; 
ttag +56 1; 
ttag +57 3; 
ttag +58 1; 
ttag +59 3; 
ttag +60 8; 
ttag +61 4; 
ttag +62 2; 
ttag +63 1; 
ttag +64 5; 
ttag +65 9; 
ttag +66 2; 
ttag +67 5; 
ttag +68 3; 
ttag +69 6; 
ttag +70 3; 
ttag +71 14; 
ttag +72 9; 
ttag +73 6; 
ttag +74 6; 
ttag +75 14; 
ttag +76 3; 
ttag +77 8; 
ttag +78 9; 
ttag +79 4; 
ttag +80 2; 
ttag +81 5; 
ttag +82 7; 
ttag +83 5; 
ttag +84 5; 
ttag +85 4; 
ttag +86 3; 
ttag +87 7; 
ttag +88 2; 
ttag +89 9; 
ttag +90 4; 
ttag +91 4; 
ttag +92 11; 
ttag +93 2; 
ttag +94 2; 
tread
'Tree with tags' 
(0 ((1 ((2 3 )((((4 5 )(6 7 ))(8 9 ))(10 (11 12 )))))(((13 14 )((15 16 )(17 (18 (19 ((20 21 )((22 23 )(24 25 ))))))))((26 (27 (28 (29 30 ))))((39 (31 ((32 33 )((34 35 )(36 (37 38 ))))))((40 41 )(42 (43 ((44 45 )(46 47 )))))))))); 
ttag *!; 
ttag +0 ////; 
ttag +1 ////; 
ttag +2 ////; 
ttag +3 ////; 
ttag +4 ////; 
ttag +5 ////; 
ttag +6 ////; 
ttag +7 ////; 
ttag +8 ////; 
ttag +9 ////; 
ttag +10 ////; 
ttag +11 ////; 
ttag +12 ////; 
ttag +13 ////; 
ttag +14 ////; 
ttag +15 ////; 
ttag +16 ////; 
ttag +17 ////; 
ttag +18 ////; 
ttag +19 ////; 
ttag +20 ////; 
ttag +21 ////; 
ttag +22 ////; 
ttag +23 ////; 
ttag +24 ////; 
ttag +25 ////; 
ttag +26 ////; 
ttag +27 ////; 
ttag +28 ////; 
ttag +29 ////; 
ttag +30 ////; 
ttag +31 ////; 
ttag +32 ////; 
ttag +33 ////; 
ttag +34 ////; 
ttag +35 ////; 
ttag +36 ////; 
ttag +37 ////; 
ttag +38 ////; 
ttag +39 ////; 
ttag +40 ////; 
ttag +41 ////; 
ttag +42 ////; 
ttag +43 ////; 
ttag +44 ////; 
ttag +45 ////; 
ttag +46 ////; 
ttag +47 ////; 
ttag +48 ////; 
ttag +49 27/18/9/18/8; 
ttag +50 100/100/100/100/100; 
ttag +51 100/100/98/100/97; 
ttag +52 66/60/47/66/47; 
ttag +53 100/100/100/100/99; 
ttag +54 96/96/91/98/95; 
ttag +55 20/[9]/?/?/?; 
ttag +56 38/12/2/15/10; 
ttag +57 89/83/82/89/85; 
ttag +58 33/21/14/14/17; 
ttag +59 82/79/65/81/73; 
ttag +60 100/100/98/98/98; 
ttag +61 92/91/84/89/87; 
ttag +62 68/63/54/66/49; 
ttag +63 39/30/14/32/19; 
ttag +64 96/94/95/98/96; 
ttag +65 100/100/97/100/96; 
ttag +66 82/80/78/83/81; 
ttag +67 93/91/80/90/82; 
ttag +68 80/76/66/80/68; 
ttag +69 100/100/100/100/99; 
ttag +70 89/88/73/83/73; 
ttag +71 100/100/100/100/100; 
ttag +72 98/98/94/99/96; 
ttag +73 99/98/94/98/98; 
ttag +74 99/99/95/98/96; 
ttag +75 99/99/100/100/98; 
ttag +76 89/85/79/83/80; 
ttag +77 100/100/100/99/100; 
ttag +78 100/100/100/100/100; 
ttag +79 89/85/76/85/80; 
ttag +80 62/51/35/50/40; 
ttag +81 88/85/67/88/75; 
ttag +82 100/100/98/100/99; 
ttag +83 92/91/85/94/84; 
ttag +84 99/99/99/98/96; 
ttag +85 82/74/67/81/68; 
ttag +86 78/70/58/77/60; 
ttag +87 98/98/97/98/96; 
ttag +88 50/36/22/38/23; 
ttag +89 98/98/91/98/91; 
ttag +90 86/83/70/84/70; 
ttag +91 92/88/83/88/76; 
ttag +92 100/100/100/100/100; 
ttag +93 64/52/41/53/47; 
ttag +94 68/57/51/65/50; 
