tread
'Tree with tags' 
(0 (((1 ((2 3 )(9 (8 ((4 5 )(6 7 ))(10 (11 12 ))))))((13 14 )((15 16 )(17 (18 (19 ((20 21 )((22 23 )(24 25 )))))))))((26 (27 (28 (29 30 ))))(39 ((31 ((32 33 )((34 35 )(36 (37 38 )))))((40 41 )(42 (43 ((44 45 )(46 47 )))))))))); 
ttag *!; 
ttag +49 4; 
ttag +50 1; 
ttag +51 ???; 
ttag +52 7; 
ttag +53 9; 
ttag +54 5; 
ttag +55 3; 
ttag +56 1; 
ttag +57 7; 
ttag +58 4; 
ttag +59 9; 
ttag +60 4; 
ttag +61 7; 
ttag +62 1; 
ttag +63 15; 
ttag +64 3; 
ttag +65 2; 
ttag +66 6; 
ttag +67 3; 
ttag +68 8; 
ttag +69 9; 
ttag +70 10; 
ttag +71 4; 
ttag +72 7; 
ttag +73 5; 
ttag +74 9; 
ttag +75 3; 
ttag +76 4; 
ttag +77 6; 
ttag +78 6; 
ttag +79 1; 
ttag +80 6; 
ttag +81 5; 
ttag +82 4; 
ttag +83 3; 
ttag +84 1; 
ttag +85 12; 
ttag +86 6; 
ttag +87 5; 
ttag +88 4; 
ttag +89 8; 
ttag +90 4; 
ttag +91 6; 
ttag +92 10; 
ttag +93 3; 
tread
'Tree with tags' 
(0 (((1 ((2 3 )(9 (((4 5 )(6 7 ))(8 (10 (11 12 )))))))((13 14 )((15 16 )(17 (18 (19 ((20 21 )((22 23 )(24 25 )))))))))((26 (27 (28 (29 30 ))))(39 ((31 ((32 33 )((34 35 )(36 (37 38 )))))((40 41 )(42 (43 ((44 45 )(46 47 )))))))))); 
ttag *!; 
ttag +0 ////; 
ttag +1 ////; 
ttag +2 ////; 
ttag +3 ////; 
ttag +4 ////; 
ttag +5 ////; 
ttag +6 ////; 
ttag +7 ////; 
ttag +8 ////; 
ttag +9 ////; 
ttag +10 ////; 
ttag +11 ////; 
ttag +12 ////; 
ttag +13 ////; 
ttag +14 ////; 
ttag +15 ////; 
ttag +16 ////; 
ttag +17 ////; 
ttag +18 ////; 
ttag +19 ////; 
ttag +20 ////; 
ttag +21 ////; 
ttag +22 ////; 
ttag +23 ////; 
ttag +24 ////; 
ttag +25 ////; 
ttag +26 ////; 
ttag +27 ////; 
ttag +28 ////; 
ttag +29 ////; 
ttag +30 ////; 
ttag +31 ////; 
ttag +32 ////; 
ttag +33 ////; 
ttag +34 ////; 
ttag +35 ////; 
ttag +36 ////; 
ttag +37 ////; 
ttag +38 ////; 
ttag +39 ////; 
ttag +40 ////; 
ttag +41 ////; 
ttag +42 ////; 
ttag +43 ////; 
ttag +44 ////; 
ttag +45 ////; 
ttag +46 ////; 
ttag +47 ////; 
ttag +48 ////; 
ttag +49 86/85/80/88/80; 
ttag +50 52/40/26/38/31; 
ttag +51 100/100/100/100/100; 
ttag +52 98/98/97/98/96; 
ttag +53 99/99/100/100/99; 
ttag +54 99/99/99/99/99; 
ttag +55 92/92/83/89/81; 
ttag +56 44/25/12/22/18; 
ttag +57 98/98/96/98/96; 
ttag +58 95/95/93/97/91; 
ttag +59 16/[5]/?/?/?; 
ttag +60 100/100/100/100/100; 
ttag +61 92/89/88/89/81; 
ttag +62 99/99/100/99/98; 
ttag +63 52/38/25/40/23; 
ttag +64 100/100/100/100/100; 
ttag +65 64/50/42/50/34; 
ttag +66 64/56/42/60/47; 
ttag +67 94/91/87/96/90; 
ttag +68 79/73/57/78/61; 
ttag +69 100/100/100/100/100; 
ttag +70 98/98/96/99/98; 
ttag +71 100/100/100/100/100; 
ttag +72 95/95/92/96/90; 
ttag +73 99/99/97/99/96; 
ttag +74 96/96/97/94/90; 
ttag +75 99/99/95/99/96; 
ttag +76 82/76/57/81/62; 
ttag +77 99/99/94/98/97; 
ttag +78 99/99/95/100/99; 
ttag +79 97/96/93/96/92; 
ttag +80 64/60/49/64/44; 
ttag +81 95/94/85/97/89; 
ttag +82 98/97/96/97/96; 
ttag +83 92/90/82/88/77; 
ttag +84 96/96/95/95/92; 
ttag +85 52/43/22/36/24; 
ttag +86 100/100/100/100/100; 
ttag +87 99/99/93/96/92; 
ttag +88 97/97/94/99/97; 
ttag +89 89/84/77/89/70; 
ttag +90 100/100/96/100/96; 
ttag +91 89/86/75/92/81; 
ttag +92 100/100/99/100/99; 
ttag +93 99/99/98/100/99; 
ttag +94 98/98/95/96/95; 
