tread
'Tree with tags' 
(0 ((1 (6 7 8 9 (2 3 )(4 5 )(10 (11 12 ))))(((13 14 )((26 (27 (28 (29 30 ))))((39 (31 ((32 33 )((34 35 )(36 (37 38 ))))))((40 41 )(42 (43 ((44 45 )(46 47 ))))))))((15 16 )(17 (18 (19 (20 21 )(22 23 (24 25 ))))))))); 
ttag *!; 
ttag +49 1; 
ttag +50 ???; 
ttag +51 4; 
ttag +52 6; 
ttag +53 4; 
ttag +54 7; 
ttag +55 5; 
ttag +56 3; 
ttag +57 1; 
ttag +58 1; 
ttag +59 17; 
ttag +60 5; 
ttag +61 1; 
ttag +62 4; 
ttag +63 2; 
ttag +64 9; 
ttag +65 3; 
ttag +66 5; 
ttag +67 14; 
ttag +68 5; 
ttag +69 5; 
ttag +70 4; 
ttag +71 8; 
ttag +72 7; 
ttag +73 3; 
ttag +74 11; 
ttag +75 6; 
ttag +76 6; 
ttag +77 3; 
ttag +78 1; 
ttag +79 13; 
ttag +80 7; 
ttag +81 3; 
ttag +82 5; 
ttag +83 12; 
ttag +84 1; 
ttag +85 6; 
ttag +86 12; 
ttag +87 1; 
tread
'Tree with tags' 
(0 ((1 ((((2 3 )(8 9 ))(4 5 ))((6 7 )(10 (11 12 )))))(((13 14 )((26 (27 (28 (29 30 ))))((39 (31 ((32 33 )((34 35 )(36 (37 38 ))))))((40 41 )(42 (43 ((44 45 )(46 47 ))))))))((15 16 )(17 (18 ((19 (20 21 ))(22 (23 (24 25 )))))))))); 
ttag *!; 
ttag +0 ////; 
ttag +1 ////; 
ttag +2 ////; 
ttag +3 ////; 
ttag +4 ////; 
ttag +5 ////; 
ttag +6 ////; 
ttag +7 ////; 
ttag +8 ////; 
ttag +9 ////; 
ttag +10 ////; 
ttag +11 ////; 
ttag +12 ////; 
ttag +13 ////; 
ttag +14 ////; 
ttag +15 ////; 
ttag +16 ////; 
ttag +17 ////; 
ttag +18 ////; 
ttag +19 ////; 
ttag +20 ////; 
ttag +21 ////; 
ttag +22 ////; 
ttag +23 ////; 
ttag +24 ////; 
ttag +25 ////; 
ttag +26 ////; 
ttag +27 ////; 
ttag +28 ////; 
ttag +29 ////; 
ttag +30 ////; 
ttag +31 ////; 
ttag +32 ////; 
ttag +33 ////; 
ttag +34 ////; 
ttag +35 ////; 
ttag +36 ////; 
ttag +37 ////; 
ttag +38 ////; 
ttag +39 ////; 
ttag +40 ////; 
ttag +41 ////; 
ttag +42 ////; 
ttag +43 ////; 
ttag +44 ////; 
ttag +45 ////; 
ttag +46 ////; 
ttag +47 ////; 
ttag +48 ////; 
ttag +49 64/51/32/44/31; 
ttag +50 100/100/100/100/100; 
ttag +51 92/91/90/92/87; 
ttag +52 33/14/?/8/?; 
ttag +53 6/[19]/?/?/?; 
ttag +54 99/98/88/97/94; 
ttag +55 98/98/97/99/96; 
ttag +56 46/20/8/13/28; 
ttag +57 46/20/29/24/14; 
ttag +58 49/39/34/34/31; 
ttag +59 100/100/96/100/100; 
ttag +60 99/99/99/99/99; 
ttag +61 88/86/79/94/79; 
ttag +62 39/1/?/13/?; 
ttag +63 57/47/45/47/32; 
ttag +64 100/100/100/100/100; 
ttag +65 92/90/86/96/92; 
ttag +66 56/51/36/47/34; 
ttag +67 91/90/81/88/80; 
ttag +68 29/[14]/?/?/?; 
ttag +69 80/78/73/80/70; 
ttag +70 100/100/100/100/100; 
ttag +71 91/90/81/93/82; 
ttag +72 39/11/9/?/4; 
ttag +73 98/97/88/94/90; 
ttag +74 100/100/100/100/100; 
ttag +75 96/95/90/95/84; 
ttag +76 97/97/88/96/93; 
ttag +77 96/95/93/97/95; 
ttag +78 100/100/99/99/97; 
ttag +79 96/96/86/94/84; 
ttag +80 92/90/71/84/65; 
ttag +81 99/99/98/100/100; 
ttag +82 97/96/95/98/98; 
ttag +83 96/96/87/97/93; 
ttag +84 91/88/87/91/80; 
ttag +85 62/51/44/51/54; 
ttag +86 100/100/100/100/100; 
ttag +87 99/99/98/99/98; 
ttag +88 91/86/68/85/77; 
ttag +89 98/98/98/99/98; 
ttag +90 100/100/99/100/99; 
ttag +91 59/37/37/44/35; 
ttag +92 99/99/95/99/97; 
ttag +93 100/100/100/100/100; 
ttag +94 30/5/8/13/5; 
