tread
'Tree with tags' 
(0 ((1 (13 14 )((15 16 )(17 (18 (19 ((20 21 )((22 23 )(24 25 )))))))((26 (27 (28 (29 30 ))))(39 (31 ((32 33 )(34 (35 (36 (37 38 ))))))(40 41 (42 (43 ((44 45 )(46 47 ))))))))(8 9 (2 3 )((4 5 )(6 7 ))(10 (11 12 ))))); 
ttag *!; 
ttag +49 1; 
ttag +50 ???; 
ttag +51 6; 
ttag +52 4; 
ttag +53 3; 
ttag +54 8; 
ttag +55 6; 
ttag +56 1; 
ttag +57 10; 
ttag +58 6; 
ttag +59 7; 
ttag +60 3; 
ttag +61 1; 
ttag +62 2; 
ttag +63 2; 
ttag +64 5; 
ttag +65 16; 
ttag +66 13; 
ttag +67 4; 
ttag +68 4; 
ttag +69 4; 
ttag +70 5; 
ttag +71 4; 
ttag +72 5; 
ttag +73 9; 
ttag +74 6; 
ttag +75 3; 
ttag +76 5; 
ttag +77 3; 
ttag +78 4; 
ttag +79 1; 
ttag +80 19; 
ttag +81 3; 
ttag +82 8; 
ttag +83 8; 
ttag +84 2; 
ttag +85 3; 
ttag +86 4; 
ttag +87 6; 
tread
'Tree with tags' 
(0 ((((1 (13 14 ))((15 16 )(17 (18 (19 ((20 21 )((22 23 )(24 25 ))))))))((26 (27 (28 (29 30 ))))((39 (31 ((32 33 )(34 (35 (36 (37 38 )))))))((40 41 )(42 (43 ((44 45 )(46 47 ))))))))((2 3 )((8 (9 ((4 5 )(6 7 ))))(10 (11 12 )))))); 
ttag *!; 
ttag +0 ////; 
ttag +1 ////; 
ttag +2 ////; 
ttag +3 ////; 
ttag +4 ////; 
ttag +5 ////; 
ttag +6 ////; 
ttag +7 ////; 
ttag +8 ////; 
ttag +9 ////; 
ttag +10 ////; 
ttag +11 ////; 
ttag +12 ////; 
ttag +13 ////; 
ttag +14 ////; 
ttag +15 ////; 
ttag +16 ////; 
ttag +17 ////; 
ttag +18 ////; 
ttag +19 ////; 
ttag +20 ////; 
ttag +21 ////; 
ttag +22 ////; 
ttag +23 ////; 
ttag +24 ////; 
ttag +25 ////; 
ttag +26 ////; 
ttag +27 ////; 
ttag +28 ////; 
ttag +29 ////; 
ttag +30 ////; 
ttag +31 ////; 
ttag +32 ////; 
ttag +33 ////; 
ttag +34 ////; 
ttag +35 ////; 
ttag +36 ////; 
ttag +37 ////; 
ttag +38 ////; 
ttag +39 ////; 
ttag +40 ////; 
ttag +41 ////; 
ttag +42 ////; 
ttag +43 ////; 
ttag +44 ////; 
ttag +45 ////; 
ttag +46 ////; 
ttag +47 ////; 
ttag +48 ////; 
ttag +49 14/[9]/?/?/?; 
ttag +50 42/24/5/30/18; 
ttag +51 59/47/46/51/48; 
ttag +52 100/100/100/100/100; 
ttag +53 96/94/92/98/96; 
ttag +54 98/98/94/96/92; 
ttag +55 90/83/76/85/72; 
ttag +56 98/97/92/99/91; 
ttag +57 15/[14]/?/?/?; 
ttag +58 30/12/13/?/?; 
ttag +59 42/23/16/20/18; 
ttag +60 98/97/96/98/97; 
ttag +61 58/49/44/60/46; 
ttag +62 100/100/100/99/100; 
ttag +63 99/99/98/99/99; 
ttag +64 99/99/99/100/98; 
ttag +65 92/91/81/94/86; 
ttag +66 65/43/48/48/45; 
ttag +67 90/89/89/88/88; 
ttag +68 73/69/55/72/58; 
ttag +69 98/98/98/99/94; 
ttag +70 100/100/100/100/100; 
ttag +71 100/100/100/100/100; 
ttag +72 92/89/82/93/79; 
ttag +73 93/92/86/93/86; 
ttag +74 97/97/94/98/92; 
ttag +75 96/95/92/97/92; 
ttag +76 98/98/94/97/95; 
ttag +77 96/96/95/97/93; 
ttag +78 99/99/99/100/100; 
ttag +79 91/87/88/95/84; 
ttag +80 32/28/29/27/22; 
ttag +81 88/85/74/92/72; 
ttag +82 100/100/99/98/98; 
ttag +83 80/76/65/83/65; 
ttag +84 89/84/71/88/75; 
ttag +85 54/34/20/47/30; 
ttag +86 100/100/100/100/100; 
ttag +87 89/87/75/84/71; 
ttag +88 34/3/2/3/?; 
ttag +89 97/96/91/98/92; 
ttag +90 98/98/95/99/96; 
ttag +91 85/81/69/82/79; 
ttag +92 75/60/52/70/57; 
ttag +93 92/89/78/93/81; 
ttag +94 99/98/97/99/95; 
