tread
'Tree with tags' 
(0 (1 ((2 3 )(8 9 ((6 7 (4 5 ))(10 (11 12 )))))(13 14 )(17 (15 16 )(18 19 ((20 21 )((22 23 )(24 25 )))))(26 27 (28 (29 30 )))(39 (31 (32 33 )(34 35 )(36 (37 38 )))((40 41 )(42 (43 ((44 45 )(46 47 )))))))); 
ttag *!; 
ttag +49 ???; 
ttag +50 3; 
ttag +51 10; 
ttag +52 3; 
ttag +53 6; 
ttag +54 3; 
ttag +55 5; 
ttag +56 3; 
ttag +57 8; 
ttag +58 5; 
ttag +59 8; 
ttag +60 3; 
ttag +61 7; 
ttag +62 6; 
ttag +63 6; 
ttag +64 7; 
ttag +65 5; 
ttag +66 4; 
ttag +67 4; 
ttag +68 5; 
ttag +69 9; 
ttag +70 6; 
ttag +71 2; 
ttag +72 5; 
ttag +73 2; 
ttag +74 8; 
ttag +75 6; 
ttag +76 4; 
ttag +77 4; 
ttag +78 10; 
ttag +79 1; 
ttag +80 8; 
ttag +81 7; 
ttag +82 5; 
tread
'Tree with tags' 
(0 (1 ((((((2 3 )(9 (8 ((7 (6 (4 5 )))(10 (11 12 ))))))((39 ((31 ((32 33 )(34 35 )))(36 (37 38 ))))((40 41 )(42 (43 ((44 45 )(46 47 )))))))(26 (27 (28 (29 30 )))))(13 14 ))((15 16 )(17 (19 (18 ((20 21 )((22 23 )(24 25 )))))))))); 
ttag *!; 
ttag +0 ////; 
ttag +1 ////; 
ttag +2 ////; 
ttag +3 ////; 
ttag +4 ////; 
ttag +5 ////; 
ttag +6 ////; 
ttag +7 ////; 
ttag +8 ////; 
ttag +9 ////; 
ttag +10 ////; 
ttag +11 ////; 
ttag +12 ////; 
ttag +13 ////; 
ttag +14 ////; 
ttag +15 ////; 
ttag +16 ////; 
ttag +17 ////; 
ttag +18 ////; 
ttag +19 ////; 
ttag +20 ////; 
ttag +21 ////; 
ttag +22 ////; 
ttag +23 ////; 
ttag +24 ////; 
ttag +25 ////; 
ttag +26 ////; 
ttag +27 ////; 
ttag +28 ////; 
ttag +29 ////; 
ttag +30 ////; 
ttag +31 ////; 
ttag +32 ////; 
ttag +33 ////; 
ttag +34 ////; 
ttag +35 ////; 
ttag +36 ////; 
ttag +37 ////; 
ttag +38 ////; 
ttag +39 ////; 
ttag +40 ////; 
ttag +41 ////; 
ttag +42 ////; 
ttag +43 ////; 
ttag +44 ////; 
ttag +45 ////; 
ttag +46 ////; 
ttag +47 ////; 
ttag +48 ////; 
ttag +49 100/100/100/100/100; 
ttag +50 96/95/84/91/80; 
ttag +51 100/100/100/100/98; 
ttag +52 32/[20]/?/?/?; 
ttag +53 26/8/?/2/?; 
ttag +54 54/46/40/31/29; 
ttag +55 50/38/41/25/41; 
ttag +56 86/85/81/92/82; 
ttag +57 21/[10]/?/?/?; 
ttag +58 92/91/89/95/90; 
ttag +59 79/73/63/82/68; 
ttag +60 47/36/32/45/29; 
ttag +61 93/92/90/93/94; 
ttag +62 89/84/74/84/74; 
ttag +63 99/99/98/99/97; 
ttag +64 99/99/98/99/97; 
ttag +65 100/100/99/100/100; 
ttag +66 98/96/83/95/90; 
ttag +67 36/[14]/?/?/?; 
ttag +68 50/28/24/30/12; 
ttag +69 99/99/98/100/97; 
ttag +70 99/99/96/100/98; 
ttag +71 97/96/96/100/99; 
ttag +72 99/99/98/99/98; 
ttag +73 96/96/97/98/94; 
ttag +74 92/88/81/89/78; 
ttag +75 93/92/86/94/84; 
ttag +76 56/37/16/18/16; 
ttag +77 99/98/96/98/94; 
ttag +78 100/100/99/99/98; 
ttag +79 30/[5]/?/?/?; 
ttag +80 99/99/98/98/98; 
ttag +81 39/14/14/7/12; 
ttag +82 88/82/80/82/74; 
ttag +83 98/98/94/98/90; 
ttag +84 39/9/?/3/?; 
ttag +85 72/68/63/70/65; 
ttag +86 99/99/100/100/99; 
ttag +87 95/93/84/93/84; 
ttag +88 91/87/83/90/76; 
ttag +89 94/91/86/91/84; 
ttag +90 100/100/99/99/100; 
ttag +91 64/52/58/60/34; 
ttag +92 100/100/100/99/98; 
ttag +93 100/100/98/98/97; 
ttag +94 97/96/94/97/93; 
