tread
'Tree with tags' 
(0 (1 ((2 3 )((((4 5 )(6 7 ))(8 9 ))(10 (11 12 ))))((13 14 )((15 16 )(17 (18 (19 ((20 21 )((22 23 )(24 25 )))))))((26 (27 (28 (29 30 ))))(39 ((31 (((32 33 )(34 35 ))(36 (37 38 ))))((40 41 )(42 (43 ((44 45 )(46 47 ))))))))))); 
ttag *!; 
ttag +49 ???; 
ttag +50 6; 
ttag +51 7; 
ttag +52 12; 
ttag +53 8; 
ttag +54 1; 
ttag +55 1; 
ttag +56 2; 
ttag +57 2; 
ttag +58 1; 
ttag +59 5; 
ttag +60 7; 
ttag +61 2; 
ttag +62 12; 
ttag +63 7; 
ttag +64 2; 
ttag +65 3; 
ttag +66 3; 
ttag +67 8; 
ttag +68 3; 
ttag +69 9; 
ttag +70 6; 
ttag +71 2; 
ttag +72 6; 
ttag +73 3; 
ttag +74 6; 
ttag +75 4; 
ttag +76 17; 
ttag +77 8; 
ttag +78 1; 
ttag +79 3; 
ttag +80 6; 
ttag +81 1; 
ttag +82 4; 
ttag +83 3; 
ttag +84 12; 
ttag +85 10; 
ttag +86 3; 
ttag +87 7; 
ttag +88 6; 
ttag +89 1; 
ttag +90 6; 
ttag +91 2; 
ttag +92 1; 
tread
'Tree with tags' 
(0 ((1 (((13 14 )((26 (27 (28 (29 30 ))))(39 ((31 (((32 33 )(34 35 ))(36 (37 38 ))))((40 41 )(42 (43 ((44 45 )(46 47 )))))))))((15 16 )(17 (18 (19 ((20 21 )((22 23 )(24 25 )))))))))((2 3 )((((4 5 )(6 7 ))(8 9 ))(10 (11 12 )))))); 
ttag *!; 
ttag +0 ////; 
ttag +1 ////; 
ttag +2 ////; 
ttag +3 ////; 
ttag +4 ////; 
ttag +5 ////; 
ttag +6 ////; 
ttag +7 ////; 
ttag +8 ////; 
ttag +9 ////; 
ttag +10 ////; 
ttag +11 ////; 
ttag +12 ////; 
ttag +13 ////; 
ttag +14 ////; 
ttag +15 ////; 
ttag +16 ////; 
ttag +17 ////; 
ttag +18 ////; 
ttag +19 ////; 
ttag +20 ////; 
ttag +21 ////; 
ttag +22 ////; 
ttag +23 ////; 
ttag +24 ////; 
ttag +25 ////; 
ttag +26 ////; 
ttag +27 ////; 
ttag +28 ////; 
ttag +29 ////; 
ttag +30 ////; 
ttag +31 ////; 
ttag +32 ////; 
ttag +33 ////; 
ttag +34 ////; 
ttag +35 ////; 
ttag +36 ////; 
ttag +37 ////; 
ttag +38 ////; 
ttag +39 ////; 
ttag +40 ////; 
ttag +41 ////; 
ttag +42 ////; 
ttag +43 ////; 
ttag +44 ////; 
ttag +45 ////; 
ttag +46 ////; 
ttag +47 ////; 
ttag +48 ////; 
ttag +49 16/[17]/?/?/?; 
ttag +50 100/100/100/100/100; 
ttag +51 99/99/96/98/96; 
ttag +52 99/99/97/98/99; 
ttag +53 100/100/100/100/100; 
ttag +54 100/100/99/100/98; 
ttag +55 29/0/?/?/10; 
ttag +56 54/38/32/41/44; 
ttag +57 71/56/58/57/50; 
ttag +58 69/62/54/63/57; 
ttag +59 58/40/26/33/40; 
ttag +60 98/98/93/98/94; 
ttag +61 98/98/98/100/97; 
ttag +62 6/[4]/?/?/?; 
ttag +63 69/60/53/60/49; 
ttag +64 100/100/100/100/100; 
ttag +65 98/97/93/97/92; 
ttag +66 57/44/27/52/41; 
ttag +67 84/80/75/86/76; 
ttag +68 70/51/56/64/48; 
ttag +69 99/99/98/99/99; 
ttag +70 81/76/74/85/66; 
ttag +71 100/100/100/100/100; 
ttag +72 96/94/90/98/85; 
ttag +73 75/70/60/75/62; 
ttag +74 98/98/98/99/96; 
ttag +75 79/68/55/68/60; 
ttag +76 99/99/97/99/98; 
ttag +77 91/88/86/88/86; 
ttag +78 100/100/100/100/100; 
ttag +79 98/98/93/99/98; 
ttag +80 50/31/24/32/23; 
ttag +81 88/84/85/86/84; 
ttag +82 96/96/91/99/94; 
ttag +83 61/60/58/62/55; 
ttag +84 90/88/81/95/86; 
ttag +85 89/87/83/88/78; 
ttag +86 100/100/100/100/100; 
ttag +87 98/96/96/100/96; 
ttag +88 86/79/73/84/76; 
ttag +89 98/96/92/98/92; 
ttag +90 97/96/92/98/94; 
ttag +91 55/44/31/38/33; 
ttag +92 98/98/98/99/97; 
ttag +93 80/75/67/81/72; 
ttag +94 60/38/28/20/10; 
