tread
'Tree with tags' 
(0 (1 17 (2 3 )(8 9 (6 7 (4 5 ))(10 (11 12 )))(13 14 )(15 16 )(18 (19 ((20 21 )((22 23 )(24 25 )))))((26 (27 (28 (29 30 ))))(39 (31 ((32 33 )(34 35 )(36 (37 38 ))))((40 41 )(42 (43 (44 (45 (46 47 )))))))))); 
ttag *!; 
ttag +49 ???; 
ttag +50 11; 
ttag +51 5; 
ttag +52 1; 
ttag +53 5; 
ttag +54 4; 
ttag +55 8; 
ttag +56 6; 
ttag +57 13; 
ttag +58 6; 
ttag +59 2; 
ttag +60 10; 
ttag +61 6; 
ttag +62 7; 
ttag +63 9; 
ttag +64 3; 
ttag +65 6; 
ttag +66 3; 
ttag +67 1; 
ttag +68 9; 
ttag +69 8; 
ttag +70 2; 
ttag +71 5; 
ttag +72 3; 
ttag +73 2; 
ttag +74 4; 
ttag +75 9; 
ttag +76 7; 
ttag +77 3; 
ttag +78 4; 
ttag +79 9; 
ttag +80 5; 
ttag +81 9; 
ttag +82 1; 
ttag +83 7; 
tread
'Tree with tags' 
(0 ((1 (2 3 ))(((((4 5 )(6 7 ))(9 (8 (10 (11 12 )))))(13 14 ))((17 ((15 16 )(18 (19 ((20 21 )((22 23 )(24 25 )))))))((26 (27 (28 (29 30 ))))((31 (((32 33 )(36 (37 38 )))(34 35 )))(39 ((40 41 )(42 (43 (44 (45 (46 47 ))))))))))))); 
ttag *!; 
ttag +0 ////; 
ttag +1 ////; 
ttag +2 ////; 
ttag +3 ////; 
ttag +4 ////; 
ttag +5 ////; 
ttag +6 ////; 
ttag +7 ////; 
ttag +8 ////; 
ttag +9 ////; 
ttag +10 ////; 
ttag +11 ////; 
ttag +12 ////; 
ttag +13 ////; 
ttag +14 ////; 
ttag +15 ////; 
ttag +16 ////; 
ttag +17 ////; 
ttag +18 ////; 
ttag +19 ////; 
ttag +20 ////; 
ttag +21 ////; 
ttag +22 ////; 
ttag +23 ////; 
ttag +24 ////; 
ttag +25 ////; 
ttag +26 ////; 
ttag +27 ////; 
ttag +28 ////; 
ttag +29 ////; 
ttag +30 ////; 
ttag +31 ////; 
ttag +32 ////; 
ttag +33 ////; 
ttag +34 ////; 
ttag +35 ////; 
ttag +36 ////; 
ttag +37 ////; 
ttag +38 ////; 
ttag +39 ////; 
ttag +40 ////; 
ttag +41 ////; 
ttag +42 ////; 
ttag +43 ////; 
ttag +44 ////; 
ttag +45 ////; 
ttag +46 ////; 
ttag +47 ////; 
ttag +48 ////; 
ttag +49 19/[24]/?/?/?; 
ttag +50 100/100/100/100/100; 
ttag +51 100/100/100/100/100; 
ttag +52 98/98/97/95/93; 
ttag +53 67/58/49/62/56; 
ttag +54 99/99/94/98/96; 
ttag +55 24/[20]/?/?/?; 
ttag +56 25/[18]/?/?/?; 
ttag +57 35/7/?/?/4; 
ttag +58 14/[31]/?/?/?; 
ttag +59 34/[6]/5/?/7; 
ttag +60 95/93/85/93/85; 
ttag +61 99/99/98/100/98; 
ttag +62 99/99/98/100/99; 
ttag +63 100/100/100/100/100; 
ttag +64 30/[11]/?/?/?; 
ttag +65 65/44/31/38/44; 
ttag +66 40/27/36/35/27; 
ttag +67 98/98/93/98/91; 
ttag +68 81/74/64/74/60; 
ttag +69 100/100/100/100/100; 
ttag +70 97/96/90/97/90; 
ttag +71 99/99/99/99/99; 
ttag +72 99/99/98/100/99; 
ttag +73 72/66/60/69/56; 
ttag +74 100/100/100/99/99; 
ttag +75 94/92/90/95/89; 
ttag +76 66/49/40/57/50; 
ttag +77 100/100/98/100/98; 
ttag +78 100/100/100/100/100; 
ttag +79 77/65/58/72/56; 
ttag +80 97/96/87/95/86; 
ttag +81 92/90/83/90/86; 
ttag +82 28/2/?/6/5; 
ttag +83 85/81/73/80/76; 
ttag +84 91/87/78/86/76; 
ttag +85 99/99/99/99/98; 
ttag +86 99/98/95/100/96; 
ttag +87 28/9/?/14/0; 
ttag +88 84/79/75/77/67; 
ttag +89 94/93/83/91/86; 
ttag +90 100/100/98/100/100; 
ttag +91 95/95/92/94/92; 
ttag +92 98/98/96/98/94; 
ttag +93 48/36/33/43/29; 
ttag +94 96/96/93/96/94; 
