tread
'Tree with tags' 
(0 (1 ((2 3 )(((4 5 )(6 7 ))((8 9 )(10 (11 12 )))))(((13 14 )(15 16 )(17 (18 (19 ((20 21 )((22 23 )(24 25 )))))))((26 (27 (28 (29 30 ))))((31 ((32 33 )((34 35 )(36 (37 38 )))))(39 ((40 41 )(42 (43 ((44 45 )(46 47 ))))))))))); 
ttag *!; 
ttag +49 ???; 
ttag +50 8; 
ttag +51 6; 
ttag +52 8; 
ttag +53 5; 
ttag +54 3; 
ttag +55 2; 
ttag +56 1; 
ttag +57 2; 
ttag +58 4; 
ttag +59 12; 
ttag +60 11; 
ttag +61 1; 
ttag +62 1; 
ttag +63 6; 
ttag +64 1; 
ttag +65 1; 
ttag +66 3; 
ttag +67 9; 
ttag +68 8; 
ttag +69 7; 
ttag +70 4; 
ttag +71 5; 
ttag +72 6; 
ttag +73 6; 
ttag +74 4; 
ttag +75 4; 
ttag +76 12; 
ttag +77 5; 
ttag +78 13; 
ttag +79 8; 
ttag +80 3; 
ttag +81 4; 
ttag +82 2; 
ttag +83 13; 
ttag +84 5; 
ttag +85 1; 
ttag +86 3; 
ttag +87 7; 
ttag +88 11; 
ttag +89 5; 
ttag +90 5; 
ttag +91 4; 
ttag +92 3; 
tread
'Tree with tags' 
(0 ((1 ((2 3 )(((4 5 )(6 7 ))((8 9 )(10 (11 12 ))))))((((13 14 )(15 16 ))(17 (18 (19 ((20 21 )((22 23 )(24 25 )))))))((26 (27 (28 (29 30 ))))((31 ((32 33 )((34 35 )(36 (37 38 )))))(39 ((40 41 )(42 (43 ((44 45 )(46 47 ))))))))))); 
ttag *!; 
ttag +0 ////; 
ttag +1 ////; 
ttag +2 ////; 
ttag +3 ////; 
ttag +4 ////; 
ttag +5 ////; 
ttag +6 ////; 
ttag +7 ////; 
ttag +8 ////; 
ttag +9 ////; 
ttag +10 ////; 
ttag +11 ////; 
ttag +12 ////; 
ttag +13 ////; 
ttag +14 ////; 
ttag +15 ////; 
ttag +16 ////; 
ttag +17 ////; 
ttag +18 ////; 
ttag +19 ////; 
ttag +20 ////; 
ttag +21 ////; 
ttag +22 ////; 
ttag +23 ////; 
ttag +24 ////; 
ttag +25 ////; 
ttag +26 ////; 
ttag +27 ////; 
ttag +28 ////; 
ttag +29 ////; 
ttag +30 ////; 
ttag +31 ////; 
ttag +32 ////; 
ttag +33 ////; 
ttag +34 ////; 
ttag +35 ////; 
ttag +36 ////; 
ttag +37 ////; 
ttag +38 ////; 
ttag +39 ////; 
ttag +40 ////; 
ttag +41 ////; 
ttag +42 ////; 
ttag +43 ////; 
ttag +44 ////; 
ttag +45 ////; 
ttag +46 ////; 
ttag +47 ////; 
ttag +48 ////; 
ttag +49 14/[27]/?/?/?; 
ttag +50 100/100/100/100/100; 
ttag +51 99/99/96/99/97; 
ttag +52 98/98/90/98/95; 
ttag +53 99/99/98/99/100; 
ttag +54 96/96/82/95/84; 
ttag +55 90/89/79/91/80; 
ttag +56 71/56/46/62/54; 
ttag +57 64/50/23/48/44; 
ttag +58 86/85/74/87/66; 
ttag +59 96/96/82/94/88; 
ttag +60 100/100/100/100/100; 
ttag +61 100/100/100/100/100; 
ttag +62 18/2/?/2/?; 
ttag +63 38/23/10/20/13; 
ttag +64 24/9/?/8/5; 
ttag +65 100/100/92/98/98; 
ttag +66 66/54/55/60/52; 
ttag +67 84/78/73/77/76; 
ttag +68 86/81/78/85/76; 
ttag +69 100/100/100/100/100; 
ttag +70 100/100/98/100/98; 
ttag +71 98/97/96/99/96; 
ttag +72 98/98/98/98/95; 
ttag +73 99/99/94/100/92; 
ttag +74 96/96/89/98/90; 
ttag +75 96/95/82/97/88; 
ttag +76 97/96/85/95/87; 
ttag +77 90/88/75/88/74; 
ttag +78 100/100/100/100/100; 
ttag +79 92/90/81/94/78; 
ttag +80 100/100/97/100/97; 
ttag +81 99/99/99/100/99; 
ttag +82 77/66/56/79/59; 
ttag +83 98/98/98/98/98; 
ttag +84 68/63/57/71/48; 
ttag +85 100/100/100/100/99; 
ttag +86 94/91/82/93/87; 
ttag +87 65/62/58/60/56; 
ttag +88 88/83/57/82/60; 
ttag +89 96/96/88/94/92; 
ttag +90 100/100/100/100/100; 
ttag +91 94/92/85/89/76; 
ttag +92 99/99/98/98/96; 
ttag +93 91/88/76/91/83; 
ttag +94 88/86/75/86/75; 
