tread
'Tree with tags' 
(0 (((1 ((2 3 )((6 7 (4 5 ))((8 9 )(10 (11 12 ))))))((13 14 )((15 16 )(17 (18 (19 ((20 21 )((22 23 )(24 25 )))))))))((26 (27 (28 (29 30 ))))((31 ((32 33 )((34 35 )(36 (37 38 )))))(39 (40 41 (42 (43 (47 (46 (44 45 ))))))))))); 
ttag *!; 
ttag +49 2; 
ttag +50 2; 
ttag +51 ???; 
ttag +52 7; 
ttag +53 4; 
ttag +54 3; 
ttag +55 6; 
ttag +56 7; 
ttag +57 4; 
ttag +58 2; 
ttag +59 3; 
ttag +60 7; 
ttag +61 5; 
ttag +62 2; 
ttag +63 8; 
ttag +64 7; 
ttag +65 2; 
ttag +66 4; 
ttag +67 1; 
ttag +68 6; 
ttag +69 8; 
ttag +70 8; 
ttag +71 5; 
ttag +72 4; 
ttag +73 11; 
ttag +74 5; 
ttag +75 1; 
ttag +76 7; 
ttag +77 11; 
ttag +78 2; 
ttag +79 3; 
ttag +80 10; 
ttag +81 2; 
ttag +82 1; 
ttag +83 1; 
ttag +84 11; 
ttag +85 9; 
ttag +86 2; 
ttag +87 5; 
ttag +88 6; 
ttag +89 1; 
ttag +90 4; 
ttag +91 1; 
ttag +92 7; 
tread
'Tree with tags' 
(0 (((1 ((2 3 )(((4 5 )(6 7 ))((8 9 )(10 (11 12 ))))))((13 14 )((15 16 )(17 (18 (19 ((20 21 )((22 23 )(24 25 )))))))))((26 (27 (28 (29 30 ))))((31 ((32 33 )((34 35 )(36 (37 38 )))))(39 (41 (40 (42 (43 (47 (46 (44 45 )))))))))))); 
ttag *!; 
ttag +0 ////; 
ttag +1 ////; 
ttag +2 ////; 
ttag +3 ////; 
ttag +4 ////; 
ttag +5 ////; 
ttag +6 ////; 
ttag +7 ////; 
ttag +8 ////; 
ttag +9 ////; 
ttag +10 ////; 
ttag +11 ////; 
ttag +12 ////; 
ttag +13 ////; 
ttag +14 ////; 
ttag +15 ////; 
ttag +16 ////; 
ttag +17 ////; 
ttag +18 ////; 
ttag +19 ////; 
ttag +20 ////; 
ttag +21 ////; 
ttag +22 ////; 
ttag +23 ////; 
ttag +24 ////; 
ttag +25 ////; 
ttag +26 ////; 
ttag +27 ////; 
ttag +28 ////; 
ttag +29 ////; 
ttag +30 ////; 
ttag +31 ////; 
ttag +32 ////; 
ttag +33 ////; 
ttag +34 ////; 
ttag +35 ////; 
ttag +36 ////; 
ttag +37 ////; 
ttag +38 ////; 
ttag +39 ////; 
ttag +40 ////; 
ttag +41 ////; 
ttag +42 ////; 
ttag +43 ////; 
ttag +44 ////; 
ttag +45 ////; 
ttag +46 ////; 
ttag +47 ////; 
ttag +48 ////; 
ttag +49 16/[17]/?/?/?; 
ttag +50 23/[10]/?/4/?; 
ttag +51 100/100/100/100/100; 
ttag +52 98/98/96/99/97; 
ttag +53 84/76/72/83/77; 
ttag +54 71/52/54/61/51; 
ttag +55 98/98/99/99/97; 
ttag +56 96/96/90/96/88; 
ttag +57 44/11/2/6/10; 
ttag +58 74/67/58/74/57; 
ttag +59 41/14/12/21/8; 
ttag +60 86/81/73/86/70; 
ttag +61 94/92/89/95/88; 
ttag +62 99/99/97/98/96; 
ttag +63 64/54/51/58/55; 
ttag +64 100/100/99/100/100; 
ttag +65 99/99/95/98/95; 
ttag +66 80/79/63/75/68; 
ttag +67 79/74/69/84/70; 
ttag +68 54/43/33/46/35; 
ttag +69 99/98/98/99/100; 
ttag +70 99/99/96/99/97; 
ttag +71 100/100/98/99/96; 
ttag +72 96/94/90/93/86; 
ttag +73 94/92/88/95/86; 
ttag +74 100/100/100/100/100; 
ttag +75 92/90/81/96/84; 
ttag +76 63/48/40/51/42; 
ttag +77 99/99/99/100/97; 
ttag +78 100/100/100/100/98; 
ttag +79 74/61/54/61/61; 
ttag +80 74/64/50/68/58; 
ttag +81 100/100/100/100/100; 
ttag +82 71/62/54/73/62; 
ttag +83 71/70/66/65/59; 
ttag +84 67/60/46/52/40; 
ttag +85 100/100/99/100/100; 
ttag +86 100/100/98/100/99; 
ttag +87 70/66/54/69/56; 
ttag +88 24/[17]/?/?/?; 
ttag +89 82/78/73/82/70; 
ttag +90 94/93/82/92/80; 
ttag +91 65/44/35/40/34; 
ttag +92 94/92/92/96/88; 
ttag +93 53/26/18/22/21; 
ttag +94 99/99/96/99/96; 
