tread
'Tree with tags' 
(0 ((1 ((2 3 )(8 9 (6 7 (4 5 ))(10 (11 12 )))))(((13 14 )(17 (15 16 )(18 (19 ((20 21 )((22 23 )(24 25 )))))))((26 (27 (28 (29 30 ))))(39 (31 ((32 33 )((34 35 )(36 (37 38 )))))((40 41 )(42 43 ((44 45 )(46 47 ))))))))); 
ttag *!; 
ttag +49 1; 
ttag +50 ???; 
ttag +51 5; 
ttag +52 7; 
ttag +53 3; 
ttag +54 4; 
ttag +55 6; 
ttag +56 5; 
ttag +57 7; 
ttag +58 7; 
ttag +59 1; 
ttag +60 2; 
ttag +61 9; 
ttag +62 5; 
ttag +63 2; 
ttag +64 2; 
ttag +65 7; 
ttag +66 7; 
ttag +67 19; 
ttag +68 2; 
ttag +69 3; 
ttag +70 10; 
ttag +71 10; 
ttag +72 1; 
ttag +73 6; 
ttag +74 8; 
ttag +75 4; 
ttag +76 5; 
ttag +77 5; 
ttag +78 4; 
ttag +79 6; 
ttag +80 1; 
ttag +81 12; 
ttag +82 3; 
ttag +83 1; 
ttag +84 5; 
ttag +85 5; 
ttag +86 7; 
ttag +87 5; 
ttag +88 1; 
tread
'Tree with tags' 
(0 ((1 ((2 3 )(8 9 (6 7 (4 5 ))(10 (11 12 )))))(((13 14 )(17 (15 16 )(18 (19 ((20 21 )((22 23 )(24 25 )))))))((26 (27 (28 (29 30 ))))(39 (31 ((32 33 )((34 35 )(36 (37 38 )))))((40 41 )(42 43 ((44 45 )(46 47 ))))))))); 
ttag *!; 
ttag +0 ////; 
ttag +1 ////; 
ttag +2 ////; 
ttag +3 ////; 
ttag +4 ////; 
ttag +5 ////; 
ttag +6 ////; 
ttag +7 ////; 
ttag +8 ////; 
ttag +9 ////; 
ttag +10 ////; 
ttag +11 ////; 
ttag +12 ////; 
ttag +13 ////; 
ttag +14 ////; 
ttag +15 ////; 
ttag +16 ////; 
ttag +17 ////; 
ttag +18 ////; 
ttag +19 ////; 
ttag +20 ////; 
ttag +21 ////; 
ttag +22 ////; 
ttag +23 ////; 
ttag +24 ////; 
ttag +25 ////; 
ttag +26 ////; 
ttag +27 ////; 
ttag +28 ////; 
ttag +29 ////; 
ttag +30 ////; 
ttag +31 ////; 
ttag +32 ////; 
ttag +33 ////; 
ttag +34 ////; 
ttag +35 ////; 
ttag +36 ////; 
ttag +37 ////; 
ttag +38 ////; 
ttag +39 ////; 
ttag +40 ////; 
ttag +41 ////; 
ttag +42 ////; 
ttag +43 ////; 
ttag +44 ////; 
ttag +45 ////; 
ttag +46 ////; 
ttag +47 ////; 
ttag +48 ////; 
ttag +49 71/65/58/67/55; 
ttag +50 100/100/100/100/100; 
ttag +51 95/94/92/95/90; 
ttag +52 99/99/97/98/95; 
ttag +53 98/98/93/96/90; 
ttag +54 91/86/82/88/76; 
ttag +55 99/99/98/99/95; 
ttag +56 98/96/85/96/89; 
ttag +57 98/98/99/99/99; 
ttag +58 99/99/100/99/99; 
ttag +59 80/74/54/66/62; 
ttag +60 86/82/67/81/64; 
ttag +61 100/100/98/100/98; 
ttag +62 98/98/89/96/90; 
ttag +63 83/80/74/79/67; 
ttag +64 81/81/80/82/73; 
ttag +65 100/100/100/100/98; 
ttag +66 96/96/92/98/94; 
ttag +67 100/100/100/100/100; 
ttag +68 67/48/48/50/39; 
ttag +69 88/87/77/85/72; 
ttag +70 100/100/98/100/99; 
ttag +71 99/98/97/100/96; 
ttag +72 57/36/34/44/45; 
ttag +73 100/100/98/99/98; 
ttag +74 100/100/99/99/99; 
ttag +75 85/81/78/89/76; 
ttag +76 100/100/98/99/96; 
ttag +77 98/98/89/96/92; 
ttag +78 93/91/80/93/80; 
ttag +79 99/98/98/98/98; 
ttag +80 54/38/16/38/34; 
ttag +81 100/100/100/99/100; 
ttag +82 84/82/76/89/80; 
ttag +83 78/70/66/64/63; 
ttag +84 95/92/82/94/84; 
ttag +85 98/98/97/98/96; 
ttag +86 100/100/100/100/98; 
ttag +87 94/94/83/95/80; 
ttag +88 48/36/33/43/37; 
