tread
'Tree with tags' 
(0 ((1 ((2 3 )(8 (9 ((6 (7 (4 5 )))(10 (11 12 )))))))(((13 14 )((15 16 )(17 (18 (19 ((20 21 )((22 23 )(24 25 ))))))))((26 (27 (28 (29 30 ))))(39 (31 ((32 33 )(34 35 )(36 (37 38 ))))(40 41 )(42 43 ((44 45 )(46 47 )))))))); 
ttag *!; 
ttag +49 1; 
ttag +50 ???; 
ttag +51 12; 
ttag +52 4; 
ttag +53 5; 
ttag +54 1; 
ttag +55 6; 
ttag +56 1; 
ttag +57 1; 
ttag +58 2; 
ttag +59 3; 
ttag +60 6; 
ttag +61 7; 
ttag +62 3; 
ttag +63 1; 
ttag +64 9; 
ttag +65 5; 
ttag +66 2; 
ttag +67 5; 
ttag +68 3; 
ttag +69 5; 
ttag +70 9; 
ttag +71 8; 
ttag +72 6; 
ttag +73 10; 
ttag +74 6; 
ttag +75 4; 
ttag +76 2; 
ttag +77 6; 
ttag +78 11; 
ttag +79 8; 
ttag +80 2; 
ttag +81 4; 
ttag +82 3; 
ttag +83 5; 
ttag +84 5; 
ttag +85 8; 
ttag +86 4; 
ttag +87 10; 
ttag +88 5; 
ttag +89 4; 
ttag +90 5; 
tread
'Tree with tags' 
(0 ((1 ((2 3 )(8 (9 ((6 (7 (4 5 )))(10 (11 12 )))))))(((13 14 )((15 16 )(17 (18 (19 ((20 21 )((22 23 )(24 25 ))))))))((26 (27 (28 (29 30 ))))(39 ((31 (((32 33 )(36 (37 38 )))(34 35 )))((40 41 )(42 (43 ((44 45 )(46 47 ))))))))))); 
ttag *!; 
ttag +0 ////; 
ttag +1 ////; 
ttag +2 ////; 
ttag +3 ////; 
ttag +4 ////; 
ttag +5 ////; 
ttag +6 ////; 
ttag +7 ////; 
ttag +8 ////; 
ttag +9 ////; 
ttag +10 ////; 
ttag +11 ////; 
ttag +12 ////; 
ttag +13 ////; 
ttag +14 ////; 
ttag +15 ////; 
ttag +16 ////; 
ttag +17 ////; 
ttag +18 ////; 
ttag +19 ////; 
ttag +20 ////; 
ttag +21 ////; 
ttag +22 ////; 
ttag +23 ////; 
ttag +24 ////; 
ttag +25 ////; 
ttag +26 ////; 
ttag +27 ////; 
ttag +28 ////; 
ttag +29 ////; 
ttag +30 ////; 
ttag +31 ////; 
ttag +32 ////; 
ttag +33 ////; 
ttag +34 ////; 
ttag +35 ////; 
ttag +36 ////; 
ttag +37 ////; 
ttag +38 ////; 
ttag +39 ////; 
ttag +40 ////; 
ttag +41 ////; 
ttag +42 ////; 
ttag +43 ////; 
ttag +44 ////; 
ttag +45 ////; 
ttag +46 ////; 
ttag +47 ////; 
ttag +48 ////; 
ttag +49 44/30/20/28/24; 
ttag +50 100/100/100/100/100; 
ttag +51 100/100/100/100/100; 
ttag +52 90/89/80/86/84; 
ttag +53 98/98/93/96/90; 
ttag +54 41/1/0/3/7; 
ttag +55 98/98/91/96/94; 
ttag +56 34/14/?/6/9; 
ttag +57 30/10/?/4/2; 
ttag +58 58/38/14/34/25; 
ttag +59 80/74/64/75/66; 
ttag +60 100/100/100/100/100; 
ttag +61 98/98/95/99/97; 
ttag +62 81/76/66/77/67; 
ttag +63 60/46/28/42/42; 
ttag +64 100/100/99/100/100; 
ttag +65 94/92/89/96/85; 
ttag +66 77/69/64/67/59; 
ttag +67 86/80/72/86/74; 
ttag +68 80/74/62/81/70; 
ttag +69 97/96/93/96/92; 
ttag +70 100/100/97/100/100; 
ttag +71 100/100/98/100/99; 
ttag +72 99/99/95/98/96; 
ttag +73 100/100/100/100/100; 
ttag +74 98/98/96/99/94; 
ttag +75 92/90/85/94/86; 
ttag +76 68/52/32/57/43; 
ttag +77 96/95/91/96/91; 
ttag +78 100/100/100/100/99; 
ttag +79 99/99/97/100/98; 
ttag +80 16/[27]/?/?/?; 
ttag +81 74/66/51/69/50; 
ttag +82 98/98/96/97/97; 
ttag +83 28/[4]/?/5/2; 
ttag +84 88/83/65/84/67; 
ttag +85 100/100/96/100/98; 
ttag +86 97/96/89/96/94; 
ttag +87 100/100/99/100/98; 
ttag +88 93/91/92/95/88; 
ttag +89 74/61/67/64/51; 
ttag +90 100/100/99/100/99; 
ttag +91 50/13/7/14/9; 
ttag +92 99/99/96/96/94; 
ttag +93 95/92/88/98/91; 
ttag +94 95/94/92/97/92; 
