tread
'Tree with tags' 
(0 ((1 (((13 14 )((26 (27 (28 (29 30 ))))((39 (31 ((32 33 )(34 35 )(36 (37 38 )))))((40 41 )(42 (43 ((44 45 )(46 47 ))))))))((15 16 )(17 (18 (19 ((20 21 )((22 23 )(24 25 )))))))))((2 3 )((9 (8 (6 7 (4 5 ))))(10 (11 12 )))))); 
ttag *!; 
ttag +49 1; 
ttag +50 ???; 
ttag +51 7; 
ttag +52 7; 
ttag +53 3; 
ttag +54 13; 
ttag +55 2; 
ttag +56 1; 
ttag +57 2; 
ttag +58 7; 
ttag +59 12; 
ttag +60 9; 
ttag +61 1; 
ttag +62 3; 
ttag +63 9; 
ttag +64 1; 
ttag +65 4; 
ttag +66 6; 
ttag +67 4; 
ttag +68 8; 
ttag +69 7; 
ttag +70 11; 
ttag +71 8; 
ttag +72 3; 
ttag +73 7; 
ttag +74 7; 
ttag +75 3; 
ttag +76 7; 
ttag +77 10; 
ttag +78 3; 
ttag +79 4; 
ttag +80 7; 
ttag +81 9; 
ttag +82 7; 
ttag +83 4; 
ttag +84 8; 
ttag +85 6; 
ttag +86 7; 
ttag +87 5; 
ttag +88 14; 
ttag +89 3; 
ttag +90 5; 
ttag +91 7; 
ttag +92 3; 
tread
'Tree with tags' 
(0 ((1 (((13 14 )((26 (27 (28 (29 30 ))))((39 (31 ((32 33 )((34 35 )(36 (37 38 ))))))((40 41 )(42 (43 ((44 45 )(46 47 ))))))))((15 16 )(17 (18 (19 ((20 21 )((22 23 )(24 25 )))))))))((2 3 )((9 (8 ((4 5 )(6 7 ))))(10 (11 12 )))))); 
ttag *!; 
ttag +0 ////; 
ttag +1 ////; 
ttag +2 ////; 
ttag +3 ////; 
ttag +4 ////; 
ttag +5 ////; 
ttag +6 ////; 
ttag +7 ////; 
ttag +8 ////; 
ttag +9 ////; 
ttag +10 ////; 
ttag +11 ////; 
ttag +12 ////; 
ttag +13 ////; 
ttag +14 ////; 
ttag +15 ////; 
ttag +16 ////; 
ttag +17 ////; 
ttag +18 ////; 
ttag +19 ////; 
ttag +20 ////; 
ttag +21 ////; 
ttag +22 ////; 
ttag +23 ////; 
ttag +24 ////; 
ttag +25 ////; 
ttag +26 ////; 
ttag +27 ////; 
ttag +28 ////; 
ttag +29 ////; 
ttag +30 ////; 
ttag +31 ////; 
ttag +32 ////; 
ttag +33 ////; 
ttag +34 ////; 
ttag +35 ////; 
ttag +36 ////; 
ttag +37 ////; 
ttag +38 ////; 
ttag +39 ////; 
ttag +40 ////; 
ttag +41 ////; 
ttag +42 ////; 
ttag +43 ////; 
ttag +44 ////; 
ttag +45 ////; 
ttag +46 ////; 
ttag +47 ////; 
ttag +48 ////; 
ttag +49 44/21/?/35/4; 
ttag +50 100/100/100/100/100; 
ttag +51 99/99/97/99/95; 
ttag +52 97/96/94/98/93; 
ttag +53 92/91/88/93/79; 
ttag +54 100/100/100/99/100; 
ttag +55 57/42/31/42/27; 
ttag +56 26/6/?/11/?; 
ttag +57 45/30/26/36/24; 
ttag +58 24/[14]/?/?/?; 
ttag +59 99/99/96/99/97; 
ttag +60 100/100/100/100/100; 
ttag +61 100/100/99/100/100; 
ttag +62 44/25/17/20/12; 
ttag +63 62/53/37/57/46; 
ttag +64 99/99/100/100/98; 
ttag +65 52/33/21/36/12; 
ttag +66 95/94/92/98/90; 
ttag +67 98/98/94/97/93; 
ttag +68 97/96/94/98/95; 
ttag +69 100/100/100/99/98; 
ttag +70 99/98/98/99/98; 
ttag +71 100/100/98/100/99; 
ttag +72 99/99/99/100/100; 
ttag +73 83/76/65/80/57; 
ttag +74 98/97/92/95/93; 
ttag +75 97/97/92/99/90; 
ttag +76 82/76/65/82/73; 
ttag +77 99/99/95/99/96; 
ttag +78 100/100/100/100/100; 
ttag +79 83/79/61/82/64; 
ttag +80 80/76/64/80/68; 
ttag +81 92/89/78/91/77; 
ttag +82 100/100/100/100/100; 
ttag +83 96/94/92/98/88; 
ttag +84 98/98/96/99/95; 
ttag +85 16/[2]/3/?/?; 
ttag +86 100/100/99/100/98; 
ttag +87 97/95/92/97/92; 
ttag +88 99/98/94/99/95; 
ttag +89 79/74/65/83/65; 
ttag +90 99/99/99/100/97; 
ttag +91 64/48/34/68/39; 
ttag +92 96/95/91/95/94; 
ttag +93 95/94/91/99/92; 
ttag +94 82/75/56/71/62; 
