tread
'Tree with tags' 
(0 (1 ((2 3 )(((4 5 )(6 7 ))(8 (9 (10 (11 12 ))))))((13 14 )((15 16 )(17 (18 (19 ((20 21 )(24 25 (22 23 ))))))))((26 (27 (28 (29 30 ))))((39 (31 (((32 33 )(36 (37 38 )))(34 35 ))))((40 41 )(42 (43 ((44 45 )(46 47 ))))))))); 
ttag *!; 
ttag +49 ???; 
ttag +50 3; 
ttag +51 4; 
ttag +52 4; 
ttag +53 3; 
ttag +54 5; 
ttag +55 1; 
ttag +56 2; 
ttag +57 1; 
ttag +58 7; 
ttag +59 10; 
ttag +60 7; 
ttag +61 1; 
ttag +62 10; 
ttag +63 1; 
ttag +64 4; 
ttag +65 4; 
ttag +66 3; 
ttag +67 7; 
ttag +68 11; 
ttag +69 13; 
ttag +70 6; 
ttag +71 10; 
ttag +72 7; 
ttag +73 1; 
ttag +74 11; 
ttag +75 7; 
ttag +76 3; 
ttag +77 1; 
ttag +78 5; 
ttag +79 6; 
ttag +80 2; 
ttag +81 6; 
ttag +82 4; 
ttag +83 2; 
ttag +84 11; 
ttag +85 7; 
ttag +86 1; 
ttag +87 10; 
ttag +88 4; 
ttag +89 4; 
ttag +90 5; 
ttag +91 5; 
tread
'Tree with tags' 
(0 ((1 ((2 3 )(((4 5 )(6 7 ))(8 (9 (10 (11 12 )))))))(((13 14 )((15 16 )(17 (18 (19 ((20 21 )((22 23 )(24 25 ))))))))((26 (27 (28 (29 30 ))))((39 (31 (((32 33 )(36 (37 38 )))(34 35 ))))((40 41 )(42 (43 ((44 45 )(46 47 )))))))))); 
ttag *!; 
ttag +0 ////; 
ttag +1 ////; 
ttag +2 ////; 
ttag +3 ////; 
ttag +4 ////; 
ttag +5 ////; 
ttag +6 ////; 
ttag +7 ////; 
ttag +8 ////; 
ttag +9 ////; 
ttag +10 ////; 
ttag +11 ////; 
ttag +12 ////; 
ttag +13 ////; 
ttag +14 ////; 
ttag +15 ////; 
ttag +16 ////; 
ttag +17 ////; 
ttag +18 ////; 
ttag +19 ////; 
ttag +20 ////; 
ttag +21 ////; 
ttag +22 ////; 
ttag +23 ////; 
ttag +24 ////; 
ttag +25 ////; 
ttag +26 ////; 
ttag +27 ////; 
ttag +28 ////; 
ttag +29 ////; 
ttag +30 ////; 
ttag +31 ////; 
ttag +32 ////; 
ttag +33 ////; 
ttag +34 ////; 
ttag +35 ////; 
ttag +36 ////; 
ttag +37 ////; 
ttag +38 ////; 
ttag +39 ////; 
ttag +40 ////; 
ttag +41 ////; 
ttag +42 ////; 
ttag +43 ////; 
ttag +44 ////; 
ttag +45 ////; 
ttag +46 ////; 
ttag +47 ////; 
ttag +48 ////; 
ttag +49 14/[10]/?/?/?; 
ttag +50 100/100/100/100/100; 
ttag +51 95/94/85/96/88; 
ttag +52 94/91/94/92/87; 
ttag +53 93/90/85/94/88; 
ttag +54 94/92/92/96/91; 
ttag +55 97/97/95/96/97; 
ttag +56 54/30/38/39/26; 
ttag +57 92/88/85/85/83; 
ttag +58 54/29/24/22/22; 
ttag +59 98/98/94/97/96; 
ttag +60 100/100/99/100/100; 
ttag +61 98/98/99/99/99; 
ttag +62 32/20/19/29/20; 
ttag +63 15/[8]/?/?/?; 
ttag +64 100/100/100/100/99; 
ttag +65 38/26/25/27/21; 
ttag +66 89/87/77/86/77; 
ttag +67 89/83/75/91/75; 
ttag +68 83/78/63/84/67; 
ttag +69 100/100/100/100/100; 
ttag +70 100/100/99/99/99; 
ttag +71 100/100/100/100/100; 
ttag +72 98/98/95/99/94; 
ttag +73 38/[2]/?/?/?; 
ttag +74 100/100/100/100/98; 
ttag +75 99/99/96/98/96; 
ttag +76 71/58/54/55/58; 
ttag +77 100/100/100/100/99; 
ttag +78 100/100/100/100/99; 
ttag +79 77/74/56/71/57; 
ttag +80 36/17/16/17/8; 
ttag +81 91/88/82/92/80; 
ttag +82 98/97/97/99/93; 
ttag +83 78/76/58/74/62; 
ttag +84 92/91/80/92/80; 
ttag +85 94/90/82/90/87; 
ttag +86 64/39/31/33/23; 
ttag +87 100/100/100/100/98; 
ttag +88 98/98/98/98/97; 
ttag +89 48/30/19/35/17; 
ttag +90 99/98/97/99/97; 
ttag +91 72/64/57/75/53; 
ttag +92 94/91/81/92/70; 
ttag +93 76/68/60/82/61; 
ttag +94 96/96/92/96/92; 
