tread
'Tree with tags' 
(0 ((1 ((2 3 )((6 (7 (4 5 )))(8 (9 (10 (11 12 )))))))((13 14 )(((17 (15 16 ))(18 (19 ((20 21 )((22 23 )(24 25 ))))))(((26 27 )(28 (29 30 )))((31 (34 35 (32 33 )(36 (37 38 ))))(39 ((40 41 )((42 43 )((44 45 )(46 47 ))))))))))); 
ttag *!; 
ttag +49 1; 
ttag +50 ???; 
ttag +51 12; 
ttag +52 7; 
ttag +53 6; 
ttag +54 2; 
ttag +55 8; 
ttag +56 3; 
ttag +57 3; 
ttag +58 2; 
ttag +59 7; 
ttag +60 8; 
ttag +61 6; 
ttag +62 3; 
ttag +63 12; 
ttag +64 1; 
ttag +65 5; 
ttag +66 1; 
ttag +67 3; 
ttag +68 2; 
ttag +69 11; 
ttag +70 6; 
ttag +71 8; 
ttag +72 5; 
ttag +73 3; 
ttag +74 1; 
ttag +75 11; 
ttag +76 10; 
ttag +77 6; 
ttag +78 10; 
ttag +79 1; 
ttag +80 5; 
ttag +81 5; 
ttag +82 1; 
ttag +83 12; 
ttag +84 8; 
ttag +85 1; 
ttag +86 1; 
ttag +87 3; 
ttag +88 1; 
ttag +89 10; 
ttag +90 10; 
ttag +91 4; 
ttag +92 4; 
tread
'Tree with tags' 
(0 ((1 ((2 3 )((6 (7 (4 5 )))(8 (9 (10 (11 12 )))))))((13 14 )(((17 (15 16 ))(18 (19 ((20 21 )((22 23 )(24 25 ))))))(((26 27 )(28 (29 30 )))((31 (35 (34 ((32 33 )(36 (37 38 ))))))(39 ((40 41 )((42 43 )((44 45 )(46 47 ))))))))))); 
ttag *!; 
ttag +0 ////; 
ttag +1 ////; 
ttag +2 ////; 
ttag +3 ////; 
ttag +4 ////; 
ttag +5 ////; 
ttag +6 ////; 
ttag +7 ////; 
ttag +8 ////; 
ttag +9 ////; 
ttag +10 ////; 
ttag +11 ////; 
ttag +12 ////; 
ttag +13 ////; 
ttag +14 ////; 
ttag +15 ////; 
ttag +16 ////; 
ttag +17 ////; 
ttag +18 ////; 
ttag +19 ////; 
ttag +20 ////; 
ttag +21 ////; 
ttag +22 ////; 
ttag +23 ////; 
ttag +24 ////; 
ttag +25 ////; 
ttag +26 ////; 
ttag +27 ////; 
ttag +28 ////; 
ttag +29 ////; 
ttag +30 ////; 
ttag +31 ////; 
ttag +32 ////; 
ttag +33 ////; 
ttag +34 ////; 
ttag +35 ////; 
ttag +36 ////; 
ttag +37 ////; 
ttag +38 ////; 
ttag +39 ////; 
ttag +40 ////; 
ttag +41 ////; 
ttag +42 ////; 
ttag +43 ////; 
ttag +44 ////; 
ttag +45 ////; 
ttag +46 ////; 
ttag +47 ////; 
ttag +48 ////; 
ttag +49 48/28/26/37/23; 
ttag +50 100/100/100/100/100; 
ttag +51 100/100/100/100/99; 
ttag +52 99/98/97/98/96; 
ttag +53 96/95/81/90/86; 
ttag +54 56/36/20/38/19; 
ttag +55 98/98/96/98/96; 
ttag +56 65/54/48/53/41; 
ttag +57 80/77/63/78/70; 
ttag +58 60/38/11/40/40; 
ttag +59 92/92/81/93/84; 
ttag +60 100/100/100/100/98; 
ttag +61 97/97/90/96/94; 
ttag +62 78/74/68/77/69; 
ttag +63 100/100/99/100/100; 
ttag +64 38/19/19/17/15; 
ttag +65 95/92/86/92/84; 
ttag +66 62/54/38/42/33; 
ttag +67 71/63/47/66/53; 
ttag +68 71/61/43/60/51; 
ttag +69 100/100/100/100/100; 
ttag +70 99/98/92/98/95; 
ttag +71 100/100/99/100/99; 
ttag +72 99/99/99/98/98; 
ttag +73 82/79/62/82/71; 
ttag +74 45/12/14/34/24; 
ttag +75 100/100/100/100/100; 
ttag +76 100/100/98/100/99; 
ttag +77 99/99/98/98/95; 
ttag +78 100/100/99/100/97; 
ttag +79 61/55/48/46/54; 
ttag +80 98/97/90/96/89; 
ttag +81 100/100/98/99/98; 
ttag +82 17/[9]/?/?/?; 
ttag +83 8/[42]/?/?/?; 
ttag +84 56/30/25/25/32; 
ttag +85 100/100/100/100/100; 
ttag +86 100/100/98/99/98; 
ttag +87 46/30/18/22/22; 
ttag +88 64/57/46/56/51; 
ttag +89 85/78/68/83/65; 
ttag +90 60/41/49/57/39; 
ttag +91 100/100/100/100/98; 
ttag +92 100/100/98/99/97; 
ttag +93 94/93/86/95/87; 
ttag +94 95/95/94/96/88; 
