tread
'Tree with tags' 
(0 (1 ((((2 3 )(((4 5 )(6 7 ))(8 (9 (10 (11 12 ))))))((13 14 )((15 16 )(17 (18 (19 ((20 21 )(24 25 (22 23 )))))))))((26 (27 (28 (29 30 ))))(((31 (32 33 ))((34 35 )(36 (37 38 ))))(39 (40 41 (42 (43 ((44 45 )(46 47 ))))))))))); 
ttag *!; 
ttag +49 ???; 
ttag +50 8; 
ttag +51 8; 
ttag +52 1; 
ttag +53 1; 
ttag +54 6; 
ttag +55 6; 
ttag +56 5; 
ttag +57 1; 
ttag +58 1; 
ttag +59 1; 
ttag +60 5; 
ttag +61 8; 
ttag +62 11; 
ttag +63 1; 
ttag +64 14; 
ttag +65 5; 
ttag +66 2; 
ttag +67 4; 
ttag +68 4; 
ttag +69 9; 
ttag +70 5; 
ttag +71 15; 
ttag +72 5; 
ttag +73 8; 
ttag +74 6; 
ttag +75 2; 
ttag +76 5; 
ttag +77 8; 
ttag +78 1; 
ttag +79 2; 
ttag +80 2; 
ttag +81 5; 
ttag +82 2; 
ttag +83 1; 
ttag +84 8; 
ttag +85 3; 
ttag +86 2; 
ttag +87 11; 
ttag +88 8; 
ttag +89 5; 
ttag +90 4; 
ttag +91 12; 
ttag +92 5; 
tread
'Tree with tags' 
(0 (1 ((((2 3 )(((4 5 )(6 7 ))(8 (9 (10 (11 12 ))))))((13 14 )((15 16 )(17 (18 (19 ((20 21 )(24 (25 (22 23 ))))))))))((26 (27 (28 (29 30 ))))(((31 (32 33 ))((34 35 )(36 (37 38 ))))(39 (40 (41 (42 (43 ((44 45 )(46 47 )))))))))))); 
ttag *!; 
ttag +0 ////; 
ttag +1 ////; 
ttag +2 ////; 
ttag +3 ////; 
ttag +4 ////; 
ttag +5 ////; 
ttag +6 ////; 
ttag +7 ////; 
ttag +8 ////; 
ttag +9 ////; 
ttag +10 ////; 
ttag +11 ////; 
ttag +12 ////; 
ttag +13 ////; 
ttag +14 ////; 
ttag +15 ////; 
ttag +16 ////; 
ttag +17 ////; 
ttag +18 ////; 
ttag +19 ////; 
ttag +20 ////; 
ttag +21 ////; 
ttag +22 ////; 
ttag +23 ////; 
ttag +24 ////; 
ttag +25 ////; 
ttag +26 ////; 
ttag +27 ////; 
ttag +28 ////; 
ttag +29 ////; 
ttag +30 ////; 
ttag +31 ////; 
ttag +32 ////; 
ttag +33 ////; 
ttag +34 ////; 
ttag +35 ////; 
ttag +36 ////; 
ttag +37 ////; 
ttag +38 ////; 
ttag +39 ////; 
ttag +40 ////; 
ttag +41 ////; 
ttag +42 ////; 
ttag +43 ////; 
ttag +44 ////; 
ttag +45 ////; 
ttag +46 ////; 
ttag +47 ////; 
ttag +48 ////; 
ttag +49 100/100/100/100/100; 
ttag +50 99/98/100/99/100; 
ttag +51 100/100/98/99/99; 
ttag +52 22/9/3/1/4; 
ttag +53 45/33/27/33/30; 
ttag +54 95/94/86/97/93; 
ttag +55 97/96/91/96/90; 
ttag +56 90/88/75/88/80; 
ttag +57 66/52/52/52/50; 
ttag +58 34/21/17/25/24; 
ttag +59 31/12/7/7/?; 
ttag +60 90/89/83/94/86; 
ttag +61 99/99/98/99/97; 
ttag +62 100/100/100/100/100; 
ttag +63 34/20/12/14/6; 
ttag +64 100/100/98/100/100; 
ttag +65 94/93/83/93/86; 
ttag +66 69/61/46/54/39; 
ttag +67 93/92/84/92/86; 
ttag +68 88/86/82/88/75; 
ttag +69 100/100/100/100/100; 
ttag +70 96/96/90/94/84; 
ttag +71 100/100/100/100/100; 
ttag +72 42/2/6/1/?; 
ttag +73 98/98/96/98/95; 
ttag +74 99/99/97/98/96; 
ttag +75 93/92/84/92/89; 
ttag +76 71/61/54/62/58; 
ttag +77 97/96/93/96/94; 
ttag +78 100/100/98/100/98; 
ttag +79 17/[4]/?/0/?; 
ttag +80 43/31/14/22/16; 
ttag +81 42/20/6/22/12; 
ttag +82 86/83/66/79/73; 
ttag +83 69/53/52/58/54; 
ttag +84 54/39/34/36/34; 
ttag +85 99/98/96/100/98; 
ttag +86 84/78/73/81/73; 
ttag +87 33/13/4/2/?; 
ttag +88 100/100/99/100/98; 
ttag +89 34/[4]/?/?/?; 
ttag +90 100/100/98/99/97; 
ttag +91 98/96/94/96/96; 
ttag +92 95/94/93/94/92; 
ttag +93 100/100/100/100/99; 
ttag +94 96/94/84/94/83; 
