tread
'Tree with tags' 
(0 (1 ((2 3 )(((4 5 )(6 7 ))(8 9 )(10 (11 12 ))))(13 14 )((17 (15 16 ))(18 (19 (((20 21 )(24 25 ))(22 23 )))))(26 (27 (28 (29 30 ))))((31 (((32 33 )(36 (37 38 )))(34 35 )))(39 ((40 41 )(42 (43 ((44 45 )(46 47 ))))))))); 
ttag *!; 
ttag +49 ???; 
ttag +50 6; 
ttag +51 2; 
ttag +52 2; 
ttag +53 9; 
ttag +54 2; 
ttag +55 1; 
ttag +56 1; 
ttag +57 6; 
ttag +58 10; 
ttag +59 9; 
ttag +60 8; 
ttag +61 2; 
ttag +62 4; 
ttag +63 3; 
ttag +64 2; 
ttag +65 5; 
ttag +66 1; 
ttag +67 10; 
ttag +68 13; 
ttag +69 8; 
ttag +70 1; 
ttag +71 3; 
ttag +72 3; 
ttag +73 13; 
ttag +74 2; 
ttag +75 2; 
ttag +76 7; 
ttag +77 1; 
ttag +78 8; 
ttag +79 5; 
ttag +80 8; 
ttag +81 7; 
ttag +82 2; 
ttag +83 1; 
ttag +84 8; 
ttag +85 6; 
ttag +86 1; 
ttag +87 2; 
ttag +88 7; 
ttag +89 5; 
tread
'Tree with tags' 
(0 ((((1 ((26 (27 (28 (29 30 ))))((31 (((32 33 )(36 (37 38 )))(34 35 )))(39 ((40 41 )(42 (43 ((44 45 )(46 47 )))))))))(13 14 ))((17 (15 16 ))(18 (19 (((20 21 )(24 25 ))(22 23 ))))))((2 3 )(((4 5 )(6 7 ))((8 9 )(10 (11 12 ))))))); 
ttag *!; 
ttag +0 ////; 
ttag +1 ////; 
ttag +2 ////; 
ttag +3 ////; 
ttag +4 ////; 
ttag +5 ////; 
ttag +6 ////; 
ttag +7 ////; 
ttag +8 ////; 
ttag +9 ////; 
ttag +10 ////; 
ttag +11 ////; 
ttag +12 ////; 
ttag +13 ////; 
ttag +14 ////; 
ttag +15 ////; 
ttag +16 ////; 
ttag +17 ////; 
ttag +18 ////; 
ttag +19 ////; 
ttag +20 ////; 
ttag +21 ////; 
ttag +22 ////; 
ttag +23 ////; 
ttag +24 ////; 
ttag +25 ////; 
ttag +26 ////; 
ttag +27 ////; 
ttag +28 ////; 
ttag +29 ////; 
ttag +30 ////; 
ttag +31 ////; 
ttag +32 ////; 
ttag +33 ////; 
ttag +34 ////; 
ttag +35 ////; 
ttag +36 ////; 
ttag +37 ////; 
ttag +38 ////; 
ttag +39 ////; 
ttag +40 ////; 
ttag +41 ////; 
ttag +42 ////; 
ttag +43 ////; 
ttag +44 ////; 
ttag +45 ////; 
ttag +46 ////; 
ttag +47 ////; 
ttag +48 ////; 
ttag +49 7/[43]/?/?/?; 
ttag +50 6/[44]/?/?/?; 
ttag +51 8/[42]/?/?/?; 
ttag +52 100/100/100/100/100; 
ttag +53 99/99/98/98/98; 
ttag +54 78/68/53/67/57; 
ttag +55 80/71/64/78/68; 
ttag +56 100/100/99/100/100; 
ttag +57 77/65/58/68/60; 
ttag +58 67/57/56/65/59; 
ttag +59 60/38/32/43/40; 
ttag +60 34/[8]/?/1/4; 
ttag +61 99/98/97/99/96; 
ttag +62 100/100/100/100/100; 
ttag +63 100/100/99/100/100; 
ttag +64 99/99/100/99/98; 
ttag +65 63/52/47/52/30; 
ttag +66 94/93/88/93/86; 
ttag +67 76/67/70/71/60; 
ttag +68 76/72/67/71/61; 
ttag +69 98/98/98/98/96; 
ttag +70 66/50/35/28/25; 
ttag +71 100/100/98/100/98; 
ttag +72 100/100/100/100/100; 
ttag +73 100/100/98/99/99; 
ttag +74 58/50/37/45/41; 
ttag +75 44/14/19/2/12; 
ttag +76 90/88/78/92/86; 
ttag +77 91/88/80/92/82; 
ttag +78 100/100/100/100/100; 
ttag +79 59/44/25/37/25; 
ttag +80 80/77/70/78/64; 
ttag +81 99/99/99/98/98; 
ttag +82 52/36/15/35/24; 
ttag +83 97/96/87/96/95; 
ttag +84 98/98/97/97/96; 
ttag +85 99/99/97/100/98; 
ttag +86 98/98/98/98/96; 
ttag +87 46/31/21/33/19; 
ttag +88 54/32/32/30/22; 
ttag +89 100/100/97/98/97; 
ttag +90 97/96/90/96/96; 
ttag +91 64/46/38/47/30; 
ttag +92 70/52/57/65/50; 
ttag +93 98/98/97/98/96; 
ttag +94 99/99/97/99/97; 
