tread
'Tree with tags' 
(0 (1 ((2 3 )(((6 (7 (4 5 )))(8 9 ))(10 (11 12 ))))(13 14 )((15 16 )(17 (18 (19 ((20 21 )((22 23 )(24 25 )))))))(26 27 (28 (29 30 )))((31 ((35 (34 (32 33 )))(36 (37 38 ))))(39 ((40 41 )(42 (43 (46 (47 (44 45 )))))))))); 
ttag *!; 
ttag +49 ???; 
ttag +50 3; 
ttag +51 4; 
ttag +52 11; 
ttag +53 1; 
ttag +54 6; 
ttag +55 1; 
ttag +56 3; 
ttag +57 3; 
ttag +58 6; 
ttag +59 4; 
ttag +60 5; 
ttag +61 7; 
ttag +62 3; 
ttag +63 2; 
ttag +64 9; 
ttag +65 5; 
ttag +66 7; 
ttag +67 7; 
ttag +68 10; 
ttag +69 4; 
ttag +70 2; 
ttag +71 6; 
ttag +72 3; 
ttag +73 6; 
ttag +74 3; 
ttag +75 2; 
ttag +76 7; 
ttag +77 2; 
ttag +78 2; 
ttag +79 3; 
ttag +80 10; 
ttag +81 11; 
ttag +82 1; 
ttag +83 1; 
ttag +84 6; 
ttag +85 1; 
ttag +86 1; 
ttag +87 9; 
ttag +88 2; 
ttag +89 5; 
tread
'Tree with tags' 
(0 ((1 ((13 14 )(27 (26 (28 (29 30 ))))))((((2 3 )(((6 (7 (4 5 )))(8 9 ))(10 (11 12 ))))((15 16 )(17 (18 (19 ((20 21 )((22 23 )(24 25 ))))))))((31 ((35 (34 (32 33 )))(36 (37 38 ))))(39 ((40 41 )(42 (43 (46 (47 (44 45 ))))))))))); 
ttag *!; 
ttag +0 ////; 
ttag +1 ////; 
ttag +2 ////; 
ttag +3 ////; 
ttag +4 ////; 
ttag +5 ////; 
ttag +6 ////; 
ttag +7 ////; 
ttag +8 ////; 
ttag +9 ////; 
ttag +10 ////; 
ttag +11 ////; 
ttag +12 ////; 
ttag +13 ////; 
ttag +14 ////; 
ttag +15 ////; 
ttag +16 ////; 
ttag +17 ////; 
ttag +18 ////; 
ttag +19 ////; 
ttag +20 ////; 
ttag +21 ////; 
ttag +22 ////; 
ttag +23 ////; 
ttag +24 ////; 
ttag +25 ////; 
ttag +26 ////; 
ttag +27 ////; 
ttag +28 ////; 
ttag +29 ////; 
ttag +30 ////; 
ttag +31 ////; 
ttag +32 ////; 
ttag +33 ////; 
ttag +34 ////; 
ttag +35 ////; 
ttag +36 ////; 
ttag +37 ////; 
ttag +38 ////; 
ttag +39 ////; 
ttag +40 ////; 
ttag +41 ////; 
ttag +42 ////; 
ttag +43 ////; 
ttag +44 ////; 
ttag +45 ////; 
ttag +46 ////; 
ttag +47 ////; 
ttag +48 ////; 
ttag +49 12/[15]/?/?/?; 
ttag +50 100/100/100/100/100; 
ttag +51 88/81/80/85/67; 
ttag +52 94/93/88/94/87; 
ttag +53 32/12/9/13/7; 
ttag +54 17/[10]/?/?/?; 
ttag +55 100/100/100/100/100; 
ttag +56 52/30/13/30/16; 
ttag +57 99/98/93/97/93; 
ttag +58 43/34/30/36/27; 
ttag +59 77/68/62/70/63; 
ttag +60 81/76/61/74/60; 
ttag +61 97/96/92/96/92; 
ttag +62 93/91/86/93/89; 
ttag +63 100/100/98/99/98; 
ttag +64 23/[4]/?/?/?; 
ttag +65 98/97/98/97/96; 
ttag +66 84/77/60/74/69; 
ttag +67 81/77/65/77/51; 
ttag +68 99/99/98/98/96; 
ttag +69 98/97/89/96/89; 
ttag +70 100/100/100/100/100; 
ttag +71 98/98/92/98/95; 
ttag +72 100/100/99/100/98; 
ttag +73 94/93/87/93/88; 
ttag +74 68/56/42/65/46; 
ttag +75 15/[12]/?/?/?; 
ttag +76 97/97/97/99/96; 
ttag +77 83/79/73/86/76; 
ttag +78 99/99/98/98/96; 
ttag +79 86/82/76/84/74; 
ttag +80 90/87/90/85/74; 
ttag +81 99/98/99/100/99; 
ttag +82 80/78/72/80/69; 
ttag +83 83/81/74/83/64; 
ttag +84 92/92/87/95/90; 
ttag +85 100/100/100/100/99; 
ttag +86 100/100/100/100/100; 
ttag +87 56/42/39/44/32; 
ttag +88 66/64/48/58/50; 
ttag +89 98/98/94/99/98; 
ttag +90 51/17/25/17/13; 
ttag +91 66/58/56/62/54; 
ttag +92 96/95/94/96/92; 
ttag +93 64/44/42/68/47; 
ttag +94 94/94/84/92/84; 
