tread
'Tree with tags' 
(0 ((1 ((15 16 )(17 ((18 19 )((20 21 )((22 23 )(24 25 )))))))(((2 3 )((8 9 )(10 (11 12 ))))((4 5 )(6 7 )))((13 14 )(((26 (28 (27 (29 30 ))))((40 41 )(42 (43 ((44 45 )(46 47 ))))))(39 (31 ((32 33 )(34 35 )(36 (37 38 ))))))))); 
ttag *!; 
ttag +49 1; 
ttag +50 ???; 
ttag +51 2; 
ttag +52 1; 
ttag +53 3; 
ttag +54 4; 
ttag +55 6; 
ttag +56 6; 
ttag +57 1; 
ttag +58 1; 
ttag +59 5; 
ttag +60 5; 
ttag +61 6; 
ttag +62 1; 
ttag +63 10; 
ttag +64 3; 
ttag +65 1; 
ttag +66 1; 
ttag +67 6; 
ttag +68 5; 
ttag +69 4; 
ttag +70 12; 
ttag +71 3; 
ttag +72 8; 
ttag +73 6; 
ttag +74 1; 
ttag +75 2; 
ttag +76 1; 
ttag +77 2; 
ttag +78 11; 
ttag +79 7; 
ttag +80 1; 
ttag +81 6; 
ttag +82 2; 
ttag +83 2; 
ttag +84 10; 
ttag +85 7; 
ttag +86 2; 
ttag +87 8; 
ttag +88 1; 
ttag +89 1; 
ttag +90 12; 
ttag +91 7; 
ttag +92 5; 
tread
'Tree with tags' 
(0 ((1 ((15 16 )(17 ((18 19 )((20 21 )((22 23 )(24 25 )))))))((((2 3 )((8 9 )(10 (11 12 ))))((4 5 )(6 7 )))((13 14 )(((26 (28 (27 (29 30 ))))((40 41 )(42 (43 ((44 45 )(46 47 ))))))(39 (31 ((32 33 )((34 35 )(36 (37 38 ))))))))))); 
ttag *!; 
ttag +0 ////; 
ttag +1 ////; 
ttag +2 ////; 
ttag +3 ////; 
ttag +4 ////; 
ttag +5 ////; 
ttag +6 ////; 
ttag +7 ////; 
ttag +8 ////; 
ttag +9 ////; 
ttag +10 ////; 
ttag +11 ////; 
ttag +12 ////; 
ttag +13 ////; 
ttag +14 ////; 
ttag +15 ////; 
ttag +16 ////; 
ttag +17 ////; 
ttag +18 ////; 
ttag +19 ////; 
ttag +20 ////; 
ttag +21 ////; 
ttag +22 ////; 
ttag +23 ////; 
ttag +24 ////; 
ttag +25 ////; 
ttag +26 ////; 
ttag +27 ////; 
ttag +28 ////; 
ttag +29 ////; 
ttag +30 ////; 
ttag +31 ////; 
ttag +32 ////; 
ttag +33 ////; 
ttag +34 ////; 
ttag +35 ////; 
ttag +36 ////; 
ttag +37 ////; 
ttag +38 ////; 
ttag +39 ////; 
ttag +40 ////; 
ttag +41 ////; 
ttag +42 ////; 
ttag +43 ////; 
ttag +44 ////; 
ttag +45 ////; 
ttag +46 ////; 
ttag +47 ////; 
ttag +48 ////; 
ttag +49 18/0/?/2/5; 
ttag +50 100/100/100/100/100; 
ttag +51 85/83/67/79/63; 
ttag +52 29/3/?/8/?; 
ttag +53 84/82/76/84/77; 
ttag +54 8/[5]/?/?/?; 
ttag +55 97/96/94/97/90; 
ttag +56 98/98/96/99/96; 
ttag +57 99/99/98/99/94; 
ttag +58 40/27/17/24/13; 
ttag +59 47/40/31/39/30; 
ttag +60 97/97/90/95/88; 
ttag +61 97/96/92/98/92; 
ttag +62 99/98/96/96/94; 
ttag +63 18/4/?/?/4; 
ttag +64 100/100/99/100/100; 
ttag +65 81/77/71/80/60; 
ttag +66 59/38/30/52/32; 
ttag +67 44/19/13/10/12; 
ttag +68 98/98/95/100/96; 
ttag +69 99/99/98/99/100; 
ttag +70 94/92/82/92/84; 
ttag +71 100/100/100/100/100; 
ttag +72 82/74/62/76/61; 
ttag +73 100/100/97/100/98; 
ttag +74 99/99/96/100/95; 
ttag +75 26/[20]/?/?/?; 
ttag +76 92/90/79/89/78; 
ttag +77 39/8/13/9/?; 
ttag +78 76/71/60/67/56; 
ttag +79 100/100/100/100/100; 
ttag +80 97/97/94/99/91; 
ttag +81 56/35/41/35/22; 
ttag +82 100/100/98/99/98; 
ttag +83 78/75/65/77/68; 
ttag +84 79/76/69/78/76; 
ttag +85 38/10/6/8/7; 
ttag +86 99/99/97/100/97; 
ttag +87 100/100/99/98/98; 
ttag +88 76/73/61/75/56; 
ttag +89 99/99/98/98/97; 
ttag +90 78/68/57/72/65; 
ttag +91 50/30/25/34/30; 
ttag +92 100/100/99/100/100; 
ttag +93 95/93/90/98/90; 
ttag +94 92/91/87/94/88; 
