tread
'Tree with tags' 
(0 ((1 ((2 3 )(((4 5 )(6 7 ))(8 9 )(10 (11 12 )))))((13 14 )(((15 16 )(17 (18 (19 ((20 21 )((22 23 )(24 25 )))))))((26 (27 (28 (29 30 ))))((31 (((32 33 )(34 35 ))(36 (37 38 ))))(39 ((40 41 )(42 (43 ((44 45 )(46 47 )))))))))))); 
ttag *!; 
ttag +49 5; 
ttag +50 ???; 
ttag +51 1; 
ttag +52 4; 
ttag +53 6; 
ttag +54 1; 
ttag +55 4; 
ttag +56 7; 
ttag +57 1; 
ttag +58 5; 
ttag +59 8; 
ttag +60 14; 
ttag +61 3; 
ttag +62 7; 
ttag +63 5; 
ttag +64 1; 
ttag +65 2; 
ttag +66 2; 
ttag +67 4; 
ttag +68 5; 
ttag +69 3; 
ttag +70 13; 
ttag +71 5; 
ttag +72 4; 
ttag +73 8; 
ttag +74 3; 
ttag +75 4; 
ttag +76 11; 
ttag +77 5; 
ttag +78 6; 
ttag +79 5; 
ttag +80 5; 
ttag +81 1; 
ttag +82 5; 
ttag +83 5; 
ttag +84 4; 
ttag +85 6; 
ttag +86 1; 
ttag +87 1; 
ttag +88 6; 
ttag +89 7; 
ttag +90 2; 
ttag +91 4; 
ttag +92 6; 
ttag +93 6; 
tread
'Tree with tags' 
(0 ((1 ((2 3 )((((4 5 )(6 7 ))(8 9 ))(10 (11 12 )))))((13 14 )(((15 16 )(17 (18 (19 ((20 21 )((22 23 )(24 25 )))))))((26 (27 (28 (29 30 ))))((31 (((32 33 )(34 35 ))(36 (37 38 ))))(39 ((40 41 )(42 (43 ((44 45 )(46 47 )))))))))))); 
ttag *!; 
ttag +0 ////; 
ttag +1 ////; 
ttag +2 ////; 
ttag +3 ////; 
ttag +4 ////; 
ttag +5 ////; 
ttag +6 ////; 
ttag +7 ////; 
ttag +8 ////; 
ttag +9 ////; 
ttag +10 ////; 
ttag +11 ////; 
ttag +12 ////; 
ttag +13 ////; 
ttag +14 ////; 
ttag +15 ////; 
ttag +16 ////; 
ttag +17 ////; 
ttag +18 ////; 
ttag +19 ////; 
ttag +20 ////; 
ttag +21 ////; 
ttag +22 ////; 
ttag +23 ////; 
ttag +24 ////; 
ttag +25 ////; 
ttag +26 ////; 
ttag +27 ////; 
ttag +28 ////; 
ttag +29 ////; 
ttag +30 ////; 
ttag +31 ////; 
ttag +32 ////; 
ttag +33 ////; 
ttag +34 ////; 
ttag +35 ////; 
ttag +36 ////; 
ttag +37 ////; 
ttag +38 ////; 
ttag +39 ////; 
ttag +40 ////; 
ttag +41 ////; 
ttag +42 ////; 
ttag +43 ////; 
ttag +44 ////; 
ttag +45 ////; 
ttag +46 ////; 
ttag +47 ////; 
ttag +48 ////; 
ttag +49 95/94/89/96/85; 
ttag +50 100/100/100/100/100; 
ttag +51 72/60/44/50/48; 
ttag +52 93/92/84/94/83; 
ttag +53 98/98/95/98/98; 
ttag +54 57/46/38/46/32; 
ttag +55 20/[16]/?/?/?; 
ttag +56 96/95/86/93/79; 
ttag +57 98/97/96/98/95; 
ttag +58 65/49/45/47/48; 
ttag +59 98/97/93/97/94; 
ttag +60 99/98/98/99/95; 
ttag +61 100/100/100/100/100; 
ttag +62 88/86/81/87/74; 
ttag +63 100/100/98/99/99; 
ttag +64 96/95/93/96/93; 
ttag +65 56/37/25/42/19; 
ttag +66 64/55/48/59/44; 
ttag +67 74/69/68/76/62; 
ttag +68 90/88/86/88/85; 
ttag +69 99/99/96/97/95; 
ttag +70 86/83/82/86/84; 
ttag +71 100/100/100/100/100; 
ttag +72 96/94/84/94/91; 
ttag +73 92/88/86/81/74; 
ttag +74 100/100/98/100/99; 
ttag +75 86/85/80/89/78; 
ttag +76 90/87/85/87/76; 
ttag +77 100/100/100/100/100; 
ttag +78 97/96/91/98/92; 
ttag +79 98/98/99/100/98; 
ttag +80 94/93/86/96/83; 
ttag +81 98/97/94/96/96; 
ttag +82 63/47/31/46/41; 
ttag +83 98/98/98/98/97; 
ttag +84 94/91/89/97/93; 
ttag +85 92/89/82/89/82; 
ttag +86 97/97/93/97/95; 
ttag +87 55/45/43/46/29; 
ttag +88 54/31/34/40/42; 
ttag +89 99/99/92/98/96; 
ttag +90 98/97/96/98/94; 
ttag +91 78/69/49/59/56; 
ttag +92 92/88/81/89/84; 
ttag +93 98/98/94/97/92; 
ttag +94 99/99/98/98/98; 
