tread
'Tree with tags' 
(0 ((1 ((2 3 )(((4 5 )(6 7 ))(8 9 )(10 (11 12 )))))((13 14 )(17 ((15 16 )(18 (19 ((20 21 )((22 23 )(24 25 )))))))((26 (27 (28 (29 30 ))))((31 (((32 33 )(34 35 ))(36 (37 38 ))))(39 ((40 41 )(42 (43 ((44 45 )(46 47 ))))))))))); 
ttag *!; 
ttag +49 2; 
ttag +50 ???; 
ttag +51 7; 
ttag +52 12; 
ttag +53 8; 
ttag +54 5; 
ttag +55 1; 
ttag +56 3; 
ttag +57 3; 
ttag +58 5; 
ttag +59 8; 
ttag +60 5; 
ttag +61 3; 
ttag +62 9; 
ttag +63 1; 
ttag +64 4; 
ttag +65 3; 
ttag +66 8; 
ttag +67 5; 
ttag +68 9; 
ttag +69 6; 
ttag +70 6; 
ttag +71 7; 
ttag +72 4; 
ttag +73 5; 
ttag +74 4; 
ttag +75 5; 
ttag +76 10; 
ttag +77 3; 
ttag +78 1; 
ttag +79 8; 
ttag +80 1; 
ttag +81 5; 
ttag +82 5; 
ttag +83 7; 
ttag +84 9; 
ttag +85 1; 
ttag +86 3; 
ttag +87 5; 
ttag +88 4; 
ttag +89 5; 
ttag +90 7; 
ttag +91 8; 
ttag +92 1; 
tread
'Tree with tags' 
(0 ((1 ((2 3 )((((4 5 )(6 7 ))(8 9 ))(10 (11 12 )))))((13 14 )((17 ((15 16 )(18 (19 ((20 21 )((22 23 )(24 25 )))))))((26 (27 (28 (29 30 ))))((31 (((32 33 )(34 35 ))(36 (37 38 ))))(39 ((40 41 )(42 (43 ((44 45 )(46 47 )))))))))))); 
ttag *!; 
ttag +0 ////; 
ttag +1 ////; 
ttag +2 ////; 
ttag +3 ////; 
ttag +4 ////; 
ttag +5 ////; 
ttag +6 ////; 
ttag +7 ////; 
ttag +8 ////; 
ttag +9 ////; 
ttag +10 ////; 
ttag +11 ////; 
ttag +12 ////; 
ttag +13 ////; 
ttag +14 ////; 
ttag +15 ////; 
ttag +16 ////; 
ttag +17 ////; 
ttag +18 ////; 
ttag +19 ////; 
ttag +20 ////; 
ttag +21 ////; 
ttag +22 ////; 
ttag +23 ////; 
ttag +24 ////; 
ttag +25 ////; 
ttag +26 ////; 
ttag +27 ////; 
ttag +28 ////; 
ttag +29 ////; 
ttag +30 ////; 
ttag +31 ////; 
ttag +32 ////; 
ttag +33 ////; 
ttag +34 ////; 
ttag +35 ////; 
ttag +36 ////; 
ttag +37 ////; 
ttag +38 ////; 
ttag +39 ////; 
ttag +40 ////; 
ttag +41 ////; 
ttag +42 ////; 
ttag +43 ////; 
ttag +44 ////; 
ttag +45 ////; 
ttag +46 ////; 
ttag +47 ////; 
ttag +48 ////; 
ttag +49 77/71/58/76/59; 
ttag +50 100/100/100/100/100; 
ttag +51 99/98/99/99/97; 
ttag +52 100/100/98/100/98; 
ttag +53 100/100/98/99/98; 
ttag +54 85/80/70/92/75; 
ttag +55 24/[9]/?/?/?; 
ttag +56 55/42/40/46/28; 
ttag +57 89/85/73/86/73; 
ttag +58 86/84/74/88/78; 
ttag +59 96/95/91/92/90; 
ttag +60 98/98/98/100/98; 
ttag +61 99/98/96/97/97; 
ttag +62 83/80/70/85/69; 
ttag +63 99/99/98/100/100; 
ttag +64 66/52/34/45/47; 
ttag +65 94/92/87/88/84; 
ttag +66 53/38/35/27/34; 
ttag +67 98/98/94/95/91; 
ttag +68 98/98/98/100/96; 
ttag +69 100/100/98/100/99; 
ttag +70 100/100/99/100/99; 
ttag +71 97/96/96/98/96; 
ttag +72 98/97/93/98/94; 
ttag +73 100/100/96/100/96; 
ttag +74 95/94/86/93/90; 
ttag +75 95/94/84/92/85; 
ttag +76 96/96/88/96/93; 
ttag +77 97/96/91/98/91; 
ttag +78 100/100/100/100/100; 
ttag +79 82/79/69/84/73; 
ttag +80 56/26/17/38/32; 
ttag +81 100/100/98/100/97; 
ttag +82 55/30/27/46/33; 
ttag +83 98/98/95/98/94; 
ttag +84 98/98/95/98/96; 
ttag +85 99/99/98/100/99; 
ttag +86 100/100/100/100/100; 
ttag +87 46/17/8/28/20; 
ttag +88 83/78/74/86/76; 
ttag +89 93/91/86/95/86; 
ttag +90 92/90/86/92/85; 
ttag +91 92/91/85/92/82; 
ttag +92 98/97/97/99/96; 
ttag +93 99/99/96/99/98; 
ttag +94 61/42/31/50/44; 
