tread
'Tree with tags' 
(0 ((1 ((((8 9 (2 3 ))(6 7 (4 5 )))(10 (11 12 )))(13 14 )))((15 16 )(17 (19 (18 ((20 21 )((22 23 )(24 25 )))))))((26 27 (28 (29 30 )))(39 (31 (32 33 )(34 35 )(36 (37 38 )))((40 41 )(42 (43 ((44 45 )(46 47 ))))))))); 
ttag *!; 
ttag +49 1; 
ttag +50 ???; 
ttag +51 10; 
ttag +52 1; 
ttag +53 1; 
ttag +54 9; 
ttag +55 1; 
ttag +56 4; 
ttag +57 4; 
ttag +58 5; 
ttag +59 13; 
ttag +60 4; 
ttag +61 8; 
ttag +62 7; 
ttag +63 1; 
ttag +64 1; 
ttag +65 6; 
ttag +66 8; 
ttag +67 6; 
ttag +68 8; 
ttag +69 2; 
ttag +70 4; 
ttag +71 3; 
ttag +72 6; 
ttag +73 4; 
ttag +74 5; 
ttag +75 4; 
ttag +76 3; 
ttag +77 5; 
ttag +78 4; 
ttag +79 12; 
ttag +80 7; 
ttag +81 4; 
ttag +82 7; 
ttag +83 12; 
ttag +84 3; 
ttag +85 10; 
ttag +86 10; 
ttag +87 5; 
tread
'Tree with tags' 
(0 ((1 (((((2 3 )(8 9 ))((4 5 )(6 7 )))(10 (11 12 )))(13 14 )))(((15 16 )(17 (19 (18 ((20 21 )((22 23 )(24 25 )))))))((27 (26 (28 (29 30 ))))((39 (31 (((32 33 )(34 35 ))(36 (37 38 )))))((40 41 )(42 (43 ((44 45 )(46 47 )))))))))); 
ttag *!; 
ttag +0 ////; 
ttag +1 ////; 
ttag +2 ////; 
ttag +3 ////; 
ttag +4 ////; 
ttag +5 ////; 
ttag +6 ////; 
ttag +7 ////; 
ttag +8 ////; 
ttag +9 ////; 
ttag +10 ////; 
ttag +11 ////; 
ttag +12 ////; 
ttag +13 ////; 
ttag +14 ////; 
ttag +15 ////; 
ttag +16 ////; 
ttag +17 ////; 
ttag +18 ////; 
ttag +19 ////; 
ttag +20 ////; 
ttag +21 ////; 
ttag +22 ////; 
ttag +23 ////; 
ttag +24 ////; 
ttag +25 ////; 
ttag +26 ////; 
ttag +27 ////; 
ttag +28 ////; 
ttag +29 ////; 
ttag +30 ////; 
ttag +31 ////; 
ttag +32 ////; 
ttag +33 ////; 
ttag +34 ////; 
ttag +35 ////; 
ttag +36 ////; 
ttag +37 ////; 
ttag +38 ////; 
ttag +39 ////; 
ttag +40 ////; 
ttag +41 ////; 
ttag +42 ////; 
ttag +43 ////; 
ttag +44 ////; 
ttag +45 ////; 
ttag +46 ////; 
ttag +47 ////; 
ttag +48 ////; 
ttag +49 20/0/?/6/?; 
ttag +50 100/100/100/100/100; 
ttag +51 100/100/98/99/99; 
ttag +52 43/12/17/16/20; 
ttag +53 32/0/4/6/10; 
ttag +54 100/100/99/98/99; 
ttag +55 13/[18]/?/?/?; 
ttag +56 94/93/86/93/86; 
ttag +57 86/82/77/90/78; 
ttag +58 39/4/5/13/11; 
ttag +59 15/[14]/?/?/?; 
ttag +60 84/80/64/92/73; 
ttag +61 100/100/100/100/100; 
ttag +62 98/98/94/98/94; 
ttag +63 99/99/99/100/98; 
ttag +64 98/98/96/98/97; 
ttag +65 16/[6]/?/?/?; 
ttag +66 51/41/43/48/38; 
ttag +67 49/29/39/43/35; 
ttag +68 99/99/94/98/94; 
ttag +69 99/99/100/100/100; 
ttag +70 95/94/88/97/88; 
ttag +71 100/100/98/100/99; 
ttag +72 80/71/54/69/48; 
ttag +73 86/78/77/85/78; 
ttag +74 61/50/43/53/42; 
ttag +75 90/86/84/90/84; 
ttag +76 99/99/93/95/92; 
ttag +77 98/98/97/98/92; 
ttag +78 97/96/91/98/87; 
ttag +79 92/90/79/90/76; 
ttag +80 36/16/10/7/9; 
ttag +81 89/86/89/89/82; 
ttag +82 98/98/98/99/97; 
ttag +83 56/36/36/30/32; 
ttag +84 30/[10]/?/?/?; 
ttag +85 99/99/97/98/99; 
ttag +86 100/100/99/100/99; 
ttag +87 100/100/98/99/96; 
ttag +88 98/98/98/98/95; 
ttag +89 98/96/96/98/95; 
ttag +90 100/100/99/100/99; 
ttag +91 94/94/93/94/90; 
ttag +92 100/100/100/99/99; 
ttag +93 100/100/98/99/98; 
ttag +94 99/99/97/98/98; 
