tread
'Tree with tags' 
(0 (((1 ((15 16 )(17 ((18 19 )((20 21 )((22 23 )(24 25 )))))))(((2 3 )((4 5 )(6 7 )))(9 (8 (10 (11 12 ))))))((13 14 )((26 (27 (28 (29 30 ))))((31 (((32 33 )(34 35 ))(36 (37 38 ))))(39 ((40 41 )(42 (43 ((44 45 )(46 47 ))))))))))); 
ttag *!; 
ttag +49 1; 
ttag +50 1; 
ttag +51 ???; 
ttag +52 12; 
ttag +53 2; 
ttag +54 6; 
ttag +55 6; 
ttag +56 4; 
ttag +57 2; 
ttag +58 1; 
ttag +59 1; 
ttag +60 2; 
ttag +61 12; 
ttag +62 8; 
ttag +63 1; 
ttag +64 11; 
ttag +65 2; 
ttag +66 3; 
ttag +67 1; 
ttag +68 2; 
ttag +69 9; 
ttag +70 8; 
ttag +71 4; 
ttag +72 8; 
ttag +73 4; 
ttag +74 6; 
ttag +75 5; 
ttag +76 3; 
ttag +77 8; 
ttag +78 12; 
ttag +79 6; 
ttag +80 8; 
ttag +81 6; 
ttag +82 3; 
ttag +83 4; 
ttag +84 4; 
ttag +85 13; 
ttag +86 9; 
ttag +87 1; 
ttag +88 5; 
ttag +89 10; 
ttag +90 10; 
ttag +91 4; 
ttag +92 7; 
ttag +93 6; 
ttag +94 5; 
tread
'Tree with tags' 
(0 (((1 ((15 16 )(17 ((18 19 )((20 21 )((22 23 )(24 25 )))))))(((2 3 )((4 5 )(6 7 )))(9 (8 (10 (11 12 ))))))((13 14 )((26 (27 (28 (29 30 ))))((31 (((32 33 )(34 35 ))(36 (37 38 ))))(39 ((40 41 )(42 (43 ((44 45 )(46 47 ))))))))))); 
ttag *!; 
ttag +0 ////; 
ttag +1 ////; 
ttag +2 ////; 
ttag +3 ////; 
ttag +4 ////; 
ttag +5 ////; 
ttag +6 ////; 
ttag +7 ////; 
ttag +8 ////; 
ttag +9 ////; 
ttag +10 ////; 
ttag +11 ////; 
ttag +12 ////; 
ttag +13 ////; 
ttag +14 ////; 
ttag +15 ////; 
ttag +16 ////; 
ttag +17 ////; 
ttag +18 ////; 
ttag +19 ////; 
ttag +20 ////; 
ttag +21 ////; 
ttag +22 ////; 
ttag +23 ////; 
ttag +24 ////; 
ttag +25 ////; 
ttag +26 ////; 
ttag +27 ////; 
ttag +28 ////; 
ttag +29 ////; 
ttag +30 ////; 
ttag +31 ////; 
ttag +32 ////; 
ttag +33 ////; 
ttag +34 ////; 
ttag +35 ////; 
ttag +36 ////; 
ttag +37 ////; 
ttag +38 ////; 
ttag +39 ////; 
ttag +40 ////; 
ttag +41 ////; 
ttag +42 ////; 
ttag +43 ////; 
ttag +44 ////; 
ttag +45 ////; 
ttag +46 ////; 
ttag +47 ////; 
ttag +48 ////; 
ttag +49 36/22/10/31/8; 
ttag +50 17/1/?/3/?; 
ttag +51 100/100/100/100/100; 
ttag +52 100/100/100/100/100; 
ttag +53 52/45/31/43/31; 
ttag +54 95/95/90/98/90; 
ttag +55 99/99/96/98/98; 
ttag +56 83/77/66/78/71; 
ttag +57 64/45/37/45/40; 
ttag +58 23/11/0/4/?; 
ttag +59 34/11/1/10/8; 
ttag +60 60/48/26/40/30; 
ttag +61 100/100/100/99/100; 
ttag +62 100/100/99/100/100; 
ttag +63 18/2/?/9/?; 
ttag +64 100/100/100/100/100; 
ttag +65 62/44/42/61/36; 
ttag +66 89/86/76/86/77; 
ttag +67 56/43/40/42/36; 
ttag +68 76/69/54/71/54; 
ttag +69 100/100/100/100/100; 
ttag +70 99/98/92/98/90; 
ttag +71 96/96/81/94/89; 
ttag +72 95/93/88/96/84; 
ttag +73 94/92/82/94/82; 
ttag +74 97/96/90/98/88; 
ttag +75 94/92/88/95/88; 
ttag +76 90/88/82/85/79; 
ttag +77 100/100/98/100/97; 
ttag +78 100/100/100/100/100; 
ttag +79 98/98/96/98/95; 
ttag +80 98/98/93/100/96; 
ttag +81 99/99/98/100/99; 
ttag +82 92/92/89/96/84; 
ttag +83 98/97/96/98/96; 
ttag +84 94/92/88/96/86; 
ttag +85 100/100/100/100/100; 
ttag +86 100/100/99/100/100; 
ttag +87 66/64/54/62/50; 
ttag +88 98/98/96/98/96; 
ttag +89 99/99/95/99/96; 
ttag +90 100/100/100/100/99; 
ttag +91 94/93/85/94/87; 
ttag +92 100/100/99/100/100; 
ttag +93 99/99/98/99/97; 
ttag +94 100/100/98/99/99; 
