tread
'Tree with tags' 
(0 (1 (((((2 3 )(((4 5 )(6 7 ))((8 9 )(10 (11 12 )))))(17 ((15 16 )(18 19 ((20 21 )((22 23 )(24 25 )))))))((26 (27 (28 (29 30 ))))(39 (31 (32 33 )(34 35 )(36 (37 38 )))((40 41 )(42 (43 ((44 45 )(46 47 ))))))))(13 14 )))); 
ttag *!; 
ttag +49 ???; 
ttag +50 6; 
ttag +51 10; 
ttag +52 1; 
ttag +53 1; 
ttag +54 2; 
ttag +55 10; 
ttag +56 5; 
ttag +57 3; 
ttag +58 2; 
ttag +59 4; 
ttag +60 2; 
ttag +61 4; 
ttag +62 5; 
ttag +63 6; 
ttag +64 10; 
ttag +65 1; 
ttag +66 2; 
ttag +67 4; 
ttag +68 6; 
ttag +69 7; 
ttag +70 10; 
ttag +71 4; 
ttag +72 4; 
ttag +73 8; 
ttag +74 7; 
ttag +75 4; 
ttag +76 6; 
ttag +77 10; 
ttag +78 8; 
ttag +79 3; 
ttag +80 9; 
ttag +81 6; 
ttag +82 8; 
ttag +83 7; 
ttag +84 7; 
ttag +85 4; 
ttag +86 13; 
ttag +87 3; 
ttag +88 5; 
ttag +89 6; 
ttag +90 1; 
tread
'Tree with tags' 
(0 (1 (((((2 3 )(((4 5 )(6 7 ))((8 9 )(10 (11 12 )))))(17 ((15 16 )(18 (19 ((20 21 )((22 23 )(24 25 ))))))))((26 (27 (28 (29 30 ))))(39 (((31 ((32 33 )(34 35 )))(36 (37 38 )))((40 41 )(42 (43 ((44 45 )(46 47 )))))))))(13 14 )))); 
ttag *!; 
ttag +0 ////; 
ttag +1 ////; 
ttag +2 ////; 
ttag +3 ////; 
ttag +4 ////; 
ttag +5 ////; 
ttag +6 ////; 
ttag +7 ////; 
ttag +8 ////; 
ttag +9 ////; 
ttag +10 ////; 
ttag +11 ////; 
ttag +12 ////; 
ttag +13 ////; 
ttag +14 ////; 
ttag +15 ////; 
ttag +16 ////; 
ttag +17 ////; 
ttag +18 ////; 
ttag +19 ////; 
ttag +20 ////; 
ttag +21 ////; 
ttag +22 ////; 
ttag +23 ////; 
ttag +24 ////; 
ttag +25 ////; 
ttag +26 ////; 
ttag +27 ////; 
ttag +28 ////; 
ttag +29 ////; 
ttag +30 ////; 
ttag +31 ////; 
ttag +32 ////; 
ttag +33 ////; 
ttag +34 ////; 
ttag +35 ////; 
ttag +36 ////; 
ttag +37 ////; 
ttag +38 ////; 
ttag +39 ////; 
ttag +40 ////; 
ttag +41 ////; 
ttag +42 ////; 
ttag +43 ////; 
ttag +44 ////; 
ttag +45 ////; 
ttag +46 ////; 
ttag +47 ////; 
ttag +48 ////; 
ttag +49 100/100/100/100/100; 
ttag +50 98/98/96/98/93; 
ttag +51 100/100/99/100/97; 
ttag +52 26/[4]/7/1/8; 
ttag +53 42/12/19/19/21; 
ttag +54 82/81/74/80/77; 
ttag +55 99/99/98/100/99; 
ttag +56 96/95/92/96/92; 
ttag +57 76/69/55/70/51; 
ttag +58 72/59/45/57/48; 
ttag +59 87/79/73/79/75; 
ttag +60 65/57/43/59/45; 
ttag +61 86/83/72/84/72; 
ttag +62 95/93/87/95/88; 
ttag +63 98/98/96/98/96; 
ttag +64 99/98/96/98/98; 
ttag +65 47/32/26/42/32; 
ttag +66 64/54/42/60/45; 
ttag +67 88/86/83/85/84; 
ttag +68 40/12/22/7/10; 
ttag +69 99/99/98/100/98; 
ttag +70 98/98/98/100/97; 
ttag +71 100/100/100/100/100; 
ttag +72 94/92/85/90/86; 
ttag +73 90/87/84/92/82; 
ttag +74 100/100/99/100/100; 
ttag +75 98/98/94/98/96; 
ttag +76 97/97/98/100/98; 
ttag +77 100/100/98/99/99; 
ttag +78 100/100/100/100/100; 
ttag +79 22/[22]/?/?/?; 
ttag +80 99/99/94/99/94; 
ttag +81 13/[16]/?/?/?; 
ttag +82 92/90/82/91/82; 
ttag +83 100/100/100/99/100; 
ttag +84 22/[22]/?/?/3; 
ttag +85 99/99/98/99/100; 
ttag +86 100/100/99/100/99; 
ttag +87 99/99/97/97/95; 
ttag +88 98/98/94/99/97; 
ttag +89 93/92/87/94/87; 
ttag +90 100/100/100/100/100; 
ttag +91 73/58/54/69/55; 
ttag +92 94/93/84/94/88; 
ttag +93 96/95/90/97/87; 
ttag +94 36/8/11/23/6; 
