tread
'Tree with tags' 
(0 ((1 ((15 16 )(17 18 19 ((20 21 )((22 23 )(24 25 ))))))((2 3 )(8 ((4 5 )(6 7 ))(9 (10 (11 12 )))))(13 14 )((26 (27 (28 (29 30 ))))(39 (31 (34 35 (32 33 )(36 (37 38 ))))(40 41 (42 (43 ((44 45 )(46 47 ))))))))); 
ttag *!; 
ttag +49 1; 
ttag +50 ???; 
ttag +51 10; 
ttag +52 8; 
ttag +53 10; 
ttag +54 7; 
ttag +55 1; 
ttag +56 4; 
ttag +57 1; 
ttag +58 5; 
ttag +59 7; 
ttag +60 8; 
ttag +61 3; 
ttag +62 4; 
ttag +63 2; 
ttag +64 6; 
ttag +65 4; 
ttag +66 5; 
ttag +67 7; 
ttag +68 1; 
ttag +69 5; 
ttag +70 1; 
ttag +71 3; 
ttag +72 6; 
ttag +73 9; 
ttag +74 8; 
ttag +75 1; 
ttag +76 6; 
ttag +77 1; 
ttag +78 6; 
ttag +79 5; 
ttag +80 5; 
ttag +81 7; 
ttag +82 3; 
ttag +83 5; 
ttag +84 4; 
ttag +85 1; 
tread
'Tree with tags' 
(0 (((1 ((15 16 )(17 (18 (19 ((20 21 )((22 23 )(24 25 ))))))))(13 14 ))(((2 3 )(((4 5 )(6 7 ))(8 (9 (10 (11 12 ))))))((26 (27 (28 (29 30 ))))((31 (((32 33 )(34 35 ))(36 (37 38 ))))(39 ((40 41 )(42 (43 ((44 45 )(46 47 ))))))))))); 
ttag *!; 
ttag +0 ////; 
ttag +1 ////; 
ttag +2 ////; 
ttag +3 ////; 
ttag +4 ////; 
ttag +5 ////; 
ttag +6 ////; 
ttag +7 ////; 
ttag +8 ////; 
ttag +9 ////; 
ttag +10 ////; 
ttag +11 ////; 
ttag +12 ////; 
ttag +13 ////; 
ttag +14 ////; 
ttag +15 ////; 
ttag +16 ////; 
ttag +17 ////; 
ttag +18 ////; 
ttag +19 ////; 
ttag +20 ////; 
ttag +21 ////; 
ttag +22 ////; 
ttag +23 ////; 
ttag +24 ////; 
ttag +25 ////; 
ttag +26 ////; 
ttag +27 ////; 
ttag +28 ////; 
ttag +29 ////; 
ttag +30 ////; 
ttag +31 ////; 
ttag +32 ////; 
ttag +33 ////; 
ttag +34 ////; 
ttag +35 ////; 
ttag +36 ////; 
ttag +37 ////; 
ttag +38 ////; 
ttag +39 ////; 
ttag +40 ////; 
ttag +41 ////; 
ttag +42 ////; 
ttag +43 ////; 
ttag +44 ////; 
ttag +45 ////; 
ttag +46 ////; 
ttag +47 ////; 
ttag +48 ////; 
ttag +49 44/32/27/33/23; 
ttag +50 21/[1]/?/?/?; 
ttag +51 100/100/100/100/100; 
ttag +52 100/100/98/100/99; 
ttag +53 98/97/95/98/94; 
ttag +54 26/4/2/2/?; 
ttag +55 100/100/100/100/100; 
ttag +56 99/99/98/98/96; 
ttag +57 39/24/29/40/16; 
ttag +58 94/92/84/92/83; 
ttag +59 25/12/5/20/8; 
ttag +60 20/[1]/0/11/0; 
ttag +61 94/92/84/89/80; 
ttag +62 99/99/97/100/98; 
ttag +63 100/100/95/99/96; 
ttag +64 91/90/85/91/86; 
ttag +65 84/81/69/80/67; 
ttag +66 75/70/51/64/47; 
ttag +67 40/7/?/?/2; 
ttag +68 14/[18]/?/?/?; 
ttag +69 100/100/98/100/98; 
ttag +70 92/90/86/96/89; 
ttag +71 96/94/91/99/94; 
ttag +72 98/98/99/100/99; 
ttag +73 60/38/35/39/36; 
ttag +74 95/94/94/98/94; 
ttag +75 60/55/46/53/44; 
ttag +76 95/94/93/94/93; 
ttag +77 100/100/98/100/98; 
ttag +78 99/99/99/100/98; 
ttag +79 100/100/97/100/98; 
ttag +80 74/65/48/61/53; 
ttag +81 99/99/98/98/99; 
ttag +82 47/20/25/31/22; 
ttag +83 69/52/42/40/51; 
ttag +84 64/52/51/51/56; 
ttag +85 99/99/96/99/98; 
ttag +86 95/95/91/97/93; 
ttag +87 53/34/25/30/16; 
ttag +88 53/20/28/24/27; 
ttag +89 96/96/90/95/87; 
ttag +90 100/100/97/98/98; 
ttag +91 85/80/70/82/69; 
ttag +92 99/99/98/99/98; 
ttag +93 94/93/85/88/78; 
ttag +94 46/36/34/40/32; 
