tread
'Tree with tags' 
(0 (1 ((2 3 )(((4 5 )(6 7 ))(8 9 (10 (11 12 )))))(13 14 )((15 16 )(17 (18 (19 ((20 21 )((22 23 )(24 25 )))))))(26 (27 (28 (29 30 ))))((31 ((32 33 )((34 35 )(36 (37 38 )))))(39 ((40 41 )(42 (43 ((44 45 )(46 47 ))))))))); 
ttag *!; 
ttag +49 ???; 
ttag +50 9; 
ttag +51 1; 
ttag +52 6; 
ttag +53 4; 
ttag +54 2; 
ttag +55 8; 
ttag +56 4; 
ttag +57 7; 
ttag +58 8; 
ttag +59 8; 
ttag +60 13; 
ttag +61 6; 
ttag +62 1; 
ttag +63 7; 
ttag +64 1; 
ttag +65 7; 
ttag +66 4; 
ttag +67 4; 
ttag +68 7; 
ttag +69 4; 
ttag +70 5; 
ttag +71 2; 
ttag +72 3; 
ttag +73 11; 
ttag +74 6; 
ttag +75 7; 
ttag +76 9; 
ttag +77 2; 
ttag +78 1; 
ttag +79 2; 
ttag +80 13; 
ttag +81 6; 
ttag +82 1; 
ttag +83 3; 
ttag +84 9; 
ttag +85 9; 
ttag +86 2; 
ttag +87 3; 
ttag +88 5; 
ttag +89 1; 
tread
'Tree with tags' 
(0 (((1 ((2 3 )(((4 5 )(6 7 ))((8 9 )(10 (11 12 ))))))((13 14 )((15 16 )(17 (18 (19 ((20 21 )((22 23 )(24 25 )))))))))((26 (27 (28 (29 30 ))))((31 ((32 33 )((34 35 )(36 (37 38 )))))(39 ((40 41 )(42 (43 ((44 45 )(46 47 )))))))))); 
ttag *!; 
ttag +0 ////; 
ttag +1 ////; 
ttag +2 ////; 
ttag +3 ////; 
ttag +4 ////; 
ttag +5 ////; 
ttag +6 ////; 
ttag +7 ////; 
ttag +8 ////; 
ttag +9 ////; 
ttag +10 ////; 
ttag +11 ////; 
ttag +12 ////; 
ttag +13 ////; 
ttag +14 ////; 
ttag +15 ////; 
ttag +16 ////; 
ttag +17 ////; 
ttag +18 ////; 
ttag +19 ////; 
ttag +20 ////; 
ttag +21 ////; 
ttag +22 ////; 
ttag +23 ////; 
ttag +24 ////; 
ttag +25 ////; 
ttag +26 ////; 
ttag +27 ////; 
ttag +28 ////; 
ttag +29 ////; 
ttag +30 ////; 
ttag +31 ////; 
ttag +32 ////; 
ttag +33 ////; 
ttag +34 ////; 
ttag +35 ////; 
ttag +36 ////; 
ttag +37 ////; 
ttag +38 ////; 
ttag +39 ////; 
ttag +40 ////; 
ttag +41 ////; 
ttag +42 ////; 
ttag +43 ////; 
ttag +44 ////; 
ttag +45 ////; 
ttag +46 ////; 
ttag +47 ////; 
ttag +48 ////; 
ttag +49 35/10/?/13/3; 
ttag +50 21/4/?/?/?; 
ttag +51 100/100/100/100/100; 
ttag +52 100/100/100/100/100; 
ttag +53 70/58/54/67/54; 
ttag +54 97/97/99/99/97; 
ttag +55 95/94/89/95/92; 
ttag +56 86/80/71/78/75; 
ttag +57 100/100/100/99/99; 
ttag +58 22/0/2/12/6; 
ttag +59 97/96/92/96/90; 
ttag +60 100/100/99/100/98; 
ttag +61 100/100/98/100/99; 
ttag +62 98/98/99/100/99; 
ttag +63 7/[18]/?/?/?; 
ttag +64 100/100/99/99/99; 
ttag +65 96/96/87/97/90; 
ttag +66 56/41/36/52/36; 
ttag +67 98/98/95/100/94; 
ttag +68 45/20/18/31/12; 
ttag +69 100/100/100/100/99; 
ttag +70 88/84/82/86/74; 
ttag +71 88/83/77/88/74; 
ttag +72 98/98/95/99/95; 
ttag +73 93/92/81/94/88; 
ttag +74 95/94/90/94/88; 
ttag +75 52/38/22/37/32; 
ttag +76 70/64/48/64/47; 
ttag +77 95/95/91/95/93; 
ttag +78 100/100/100/100/100; 
ttag +79 99/99/98/98/97; 
ttag +80 98/97/94/98/90; 
ttag +81 99/99/98/99/98; 
ttag +82 69/57/46/62/48; 
ttag +83 67/50/44/46/35; 
ttag +84 74/64/47/66/60; 
ttag +85 100/100/100/100/100; 
ttag +86 99/99/98/99/98; 
ttag +87 56/41/30/50/39; 
ttag +88 82/74/72/80/67; 
ttag +89 98/96/96/100/98; 
ttag +90 100/100/97/99/97; 
ttag +91 80/76/58/79/62; 
ttag +92 80/75/68/75/70; 
ttag +93 94/92/84/95/90; 
ttag +94 59/32/30/32/30; 
