tread
'Tree with tags' 
(0 ((1 ((2 3 )(((4 5 )(6 7 ))((8 9 )(10 (11 12 ))))))((13 14 )(((15 16 )(17 (18 (19 ((20 21 )((22 23 )(24 25 )))))))((26 (27 (28 (29 30 ))))(39 ((31 ((32 33 )(34 35 )(36 (37 38 ))))((40 41 )(43 (42 ((44 45 )(46 47 )))))))))))); 
ttag *!; 
ttag +49 1; 
ttag +50 ???; 
ttag +51 4; 
ttag +52 8; 
ttag +53 9; 
ttag +54 9; 
ttag +55 4; 
ttag +56 3; 
ttag +57 1; 
ttag +58 1; 
ttag +59 6; 
ttag +60 11; 
ttag +61 9; 
ttag +62 2; 
ttag +63 6; 
ttag +64 7; 
ttag +65 2; 
ttag +66 1; 
ttag +67 6; 
ttag +68 1; 
ttag +69 12; 
ttag +70 4; 
ttag +71 5; 
ttag +72 8; 
ttag +73 4; 
ttag +74 14; 
ttag +75 5; 
ttag +76 2; 
ttag +77 7; 
ttag +78 4; 
ttag +79 10; 
ttag +80 5; 
ttag +81 10; 
ttag +82 6; 
ttag +83 4; 
ttag +84 2; 
ttag +85 14; 
ttag +86 9; 
ttag +87 3; 
ttag +88 7; 
ttag +89 2; 
ttag +90 6; 
ttag +91 2; 
ttag +92 5; 
ttag +93 5; 
tread
'Tree with tags' 
(0 ((1 ((2 3 )(((4 5 )(6 7 ))((8 9 )(10 (11 12 ))))))((13 14 )(((15 16 )(17 (18 (19 ((20 21 )((22 23 )(24 25 )))))))((26 (27 (28 (29 30 ))))(39 ((31 ((32 33 )((34 35 )(36 (37 38 )))))((40 41 )(43 (42 ((44 45 )(46 47 )))))))))))); 
ttag *!; 
ttag +0 ////; 
ttag +1 ////; 
ttag +2 ////; 
ttag +3 ////; 
ttag +4 ////; 
ttag +5 ////; 
ttag +6 ////; 
ttag +7 ////; 
ttag +8 ////; 
ttag +9 ////; 
ttag +10 ////; 
ttag +11 ////; 
ttag +12 ////; 
ttag +13 ////; 
ttag +14 ////; 
ttag +15 ////; 
ttag +16 ////; 
ttag +17 ////; 
ttag +18 ////; 
ttag +19 ////; 
ttag +20 ////; 
ttag +21 ////; 
ttag +22 ////; 
ttag +23 ////; 
ttag +24 ////; 
ttag +25 ////; 
ttag +26 ////; 
ttag +27 ////; 
ttag +28 ////; 
ttag +29 ////; 
ttag +30 ////; 
ttag +31 ////; 
ttag +32 ////; 
ttag +33 ////; 
ttag +34 ////; 
ttag +35 ////; 
ttag +36 ////; 
ttag +37 ////; 
ttag +38 ////; 
ttag +39 ////; 
ttag +40 ////; 
ttag +41 ////; 
ttag +42 ////; 
ttag +43 ////; 
ttag +44 ////; 
ttag +45 ////; 
ttag +46 ////; 
ttag +47 ////; 
ttag +48 ////; 
ttag +49 45/36/24/37/24; 
ttag +50 100/100/100/100/100; 
ttag +51 97/96/96/98/94; 
ttag +52 99/99/99/99/98; 
ttag +53 100/100/98/100/98; 
ttag +54 98/98/99/100/97; 
ttag +55 88/85/85/90/85; 
ttag +56 82/78/60/74/57; 
ttag +57 59/38/34/45/36; 
ttag +58 68/59/49/55/40; 
ttag +59 96/95/94/97/90; 
ttag +60 100/100/99/100/100; 
ttag +61 100/100/99/100/100; 
ttag +62 67/59/47/57/54; 
ttag +63 99/98/98/99/99; 
ttag +64 98/98/95/98/96; 
ttag +65 64/56/51/68/53; 
ttag +66 53/34/22/37/27; 
ttag +67 95/94/86/97/87; 
ttag +68 39/34/22/38/24; 
ttag +69 100/100/100/100/100; 
ttag +70 91/89/74/95/75; 
ttag +71 100/100/98/100/98; 
ttag +72 100/100/96/100/96; 
ttag +73 94/92/82/96/86; 
ttag +74 100/100/100/100/100; 
ttag +75 82/74/60/81/71; 
ttag +76 76/64/45/68/49; 
ttag +77 94/91/79/94/82; 
ttag +78 92/90/85/92/86; 
ttag +79 100/100/96/99/96; 
ttag +80 93/92/80/92/84; 
ttag +81 99/99/94/98/95; 
ttag +82 98/98/96/99/94; 
ttag +83 97/96/82/94/85; 
ttag +84 72/65/59/65/60; 
ttag +85 36/4/2/0/?; 
ttag +86 100/100/100/100/100; 
ttag +87 99/99/98/100/100; 
ttag +88 93/91/80/86/78; 
ttag +89 100/100/98/99/98; 
ttag +90 79/75/59/69/63; 
ttag +91 96/96/88/96/93; 
ttag +92 81/71/63/70/59; 
ttag +93 97/96/90/94/91; 
ttag +94 94/92/78/93/88; 
