tread
'Tree with tags' 
(0 ((1 (13 14 )((15 16 )(17 (18 19 ((20 21 )((22 23 )(24 25 ))))))((26 (27 (28 (29 30 ))))(39 (31 (((32 33 )(36 (37 38 )))(34 35 )))((40 41 )(42 (43 ((44 45 )(46 47 ))))))))((2 3 )(8 9 ((6 (7 (4 5 )))(10 (11 12 ))))))); 
ttag *!; 
ttag +49 1; 
ttag +50 ???; 
ttag +51 9; 
ttag +52 6; 
ttag +53 5; 
ttag +54 1; 
ttag +55 3; 
ttag +56 4; 
ttag +57 7; 
ttag +58 3; 
ttag +59 13; 
ttag +60 3; 
ttag +61 12; 
ttag +62 6; 
ttag +63 1; 
ttag +64 3; 
ttag +65 8; 
ttag +66 8; 
ttag +67 8; 
ttag +68 8; 
ttag +69 5; 
ttag +70 4; 
ttag +71 3; 
ttag +72 2; 
ttag +73 3; 
ttag +74 16; 
ttag +75 6; 
ttag +76 10; 
ttag +77 5; 
ttag +78 1; 
ttag +79 8; 
ttag +80 3; 
ttag +81 11; 
ttag +82 6; 
ttag +83 2; 
ttag +84 4; 
ttag +85 4; 
ttag +86 4; 
ttag +87 1; 
ttag +88 8; 
ttag +89 3; 
tread
'Tree with tags' 
(0 (((1 (13 14 ))(((15 16 )(17 ((18 19 )((20 21 )((22 23 )(24 25 ))))))((26 (27 (28 (29 30 ))))(39 ((31 (((32 33 )(36 (37 38 )))(34 35 )))((40 41 )(42 (43 ((44 45 )(46 47 ))))))))))((2 3 )(9 (8 ((6 (7 (4 5 )))(10 (11 12 )))))))); 
ttag *!; 
ttag +0 ////; 
ttag +1 ////; 
ttag +2 ////; 
ttag +3 ////; 
ttag +4 ////; 
ttag +5 ////; 
ttag +6 ////; 
ttag +7 ////; 
ttag +8 ////; 
ttag +9 ////; 
ttag +10 ////; 
ttag +11 ////; 
ttag +12 ////; 
ttag +13 ////; 
ttag +14 ////; 
ttag +15 ////; 
ttag +16 ////; 
ttag +17 ////; 
ttag +18 ////; 
ttag +19 ////; 
ttag +20 ////; 
ttag +21 ////; 
ttag +22 ////; 
ttag +23 ////; 
ttag +24 ////; 
ttag +25 ////; 
ttag +26 ////; 
ttag +27 ////; 
ttag +28 ////; 
ttag +29 ////; 
ttag +30 ////; 
ttag +31 ////; 
ttag +32 ////; 
ttag +33 ////; 
ttag +34 ////; 
ttag +35 ////; 
ttag +36 ////; 
ttag +37 ////; 
ttag +38 ////; 
ttag +39 ////; 
ttag +40 ////; 
ttag +41 ////; 
ttag +42 ////; 
ttag +43 ////; 
ttag +44 ////; 
ttag +45 ////; 
ttag +46 ////; 
ttag +47 ////; 
ttag +48 ////; 
ttag +49 20/[6]/?/?/?; 
ttag +50 76/75/69/66/64; 
ttag +51 100/100/100/100/100; 
ttag +52 100/100/100/100/100; 
ttag +53 98/98/92/97/94; 
ttag +54 96/96/92/95/92; 
ttag +55 67/50/20/29/18; 
ttag +56 93/91/83/89/82; 
ttag +57 90/88/74/80/75; 
ttag +58 28/[10]/?/?/?; 
ttag +59 99/99/98/98/98; 
ttag +60 87/80/79/81/67; 
ttag +61 100/100/100/100/100; 
ttag +62 95/94/93/92/86; 
ttag +63 100/100/100/100/100; 
ttag +64 97/96/93/97/95; 
ttag +65 14/[8]/?/?/?; 
ttag +66 69/58/60/52/58; 
ttag +67 30/[1]/0/5/?; 
ttag +68 89/87/78/92/76; 
ttag +69 100/100/100/100/100; 
ttag +70 100/100/97/98/96; 
ttag +71 100/100/98/99/98; 
ttag +72 100/100/99/99/100; 
ttag +73 98/98/95/97/97; 
ttag +74 92/91/84/94/83; 
ttag +75 93/92/86/94/90; 
ttag +76 86/79/63/77/67; 
ttag +77 90/87/82/90/76; 
ttag +78 100/100/100/100/100; 
ttag +79 98/97/92/96/88; 
ttag +80 46/29/10/18/20; 
ttag +81 100/100/99/100/100; 
ttag +82 96/96/93/96/91; 
ttag +83 61/44/21/39/34; 
ttag +84 99/99/95/99/96; 
ttag +85 94/94/87/90/84; 
ttag +86 100/100/100/100/100; 
ttag +87 97/97/97/99/97; 
ttag +88 71/59/50/66/47; 
ttag +89 89/87/76/87/79; 
ttag +90 82/76/68/83/62; 
ttag +91 80/75/63/83/62; 
ttag +92 66/50/28/40/30; 
ttag +93 98/98/95/99/97; 
ttag +94 92/88/84/86/84; 
