tread
'Tree with tags' 
(0 (1 ((2 3 )(8 9 ((6 (7 (4 5 )))(10 (11 12 )))))(13 14 )((15 16 )(17 (18 (19 ((20 21 )((22 23 )(24 25 )))))))((26 27 (28 (29 30 )))(39 (31 ((32 33 )(34 35 )(36 (37 38 ))))((40 41 )(42 (43 ((44 45 )(46 47 ))))))))); 
ttag *!; 
ttag +49 ???; 
ttag +50 6; 
ttag +51 3; 
ttag +52 8; 
ttag +53 1; 
ttag +54 7; 
ttag +55 1; 
ttag +56 4; 
ttag +57 2; 
ttag +58 3; 
ttag +59 9; 
ttag +60 10; 
ttag +61 4; 
ttag +62 3; 
ttag +63 4; 
ttag +64 3; 
ttag +65 17; 
ttag +66 4; 
ttag +67 12; 
ttag +68 5; 
ttag +69 7; 
ttag +70 9; 
ttag +71 3; 
ttag +72 1; 
ttag +73 9; 
ttag +74 2; 
ttag +75 8; 
ttag +76 8; 
ttag +77 5; 
ttag +78 2; 
ttag +79 4; 
ttag +80 5; 
ttag +81 4; 
ttag +82 4; 
ttag +83 3; 
ttag +84 4; 
ttag +85 2; 
ttag +86 3; 
ttag +87 5; 
tread
'Tree with tags' 
(0 ((1 (13 14 ))(((2 3 )(9 (8 ((6 (7 (4 5 )))(10 (11 12 ))))))(((15 16 )(17 (18 (19 ((20 21 )((22 23 )(24 25 )))))))((26 (27 (28 (29 30 ))))((31 (((32 33 )(36 (37 38 )))(34 35 )))(39 ((40 41 )(42 (43 ((44 45 )(46 47 )))))))))))); 
ttag *!; 
ttag +0 ////; 
ttag +1 ////; 
ttag +2 ////; 
ttag +3 ////; 
ttag +4 ////; 
ttag +5 ////; 
ttag +6 ////; 
ttag +7 ////; 
ttag +8 ////; 
ttag +9 ////; 
ttag +10 ////; 
ttag +11 ////; 
ttag +12 ////; 
ttag +13 ////; 
ttag +14 ////; 
ttag +15 ////; 
ttag +16 ////; 
ttag +17 ////; 
ttag +18 ////; 
ttag +19 ////; 
ttag +20 ////; 
ttag +21 ////; 
ttag +22 ////; 
ttag +23 ////; 
ttag +24 ////; 
ttag +25 ////; 
ttag +26 ////; 
ttag +27 ////; 
ttag +28 ////; 
ttag +29 ////; 
ttag +30 ////; 
ttag +31 ////; 
ttag +32 ////; 
ttag +33 ////; 
ttag +34 ////; 
ttag +35 ////; 
ttag +36 ////; 
ttag +37 ////; 
ttag +38 ////; 
ttag +39 ////; 
ttag +40 ////; 
ttag +41 ////; 
ttag +42 ////; 
ttag +43 ////; 
ttag +44 ////; 
ttag +45 ////; 
ttag +46 ////; 
ttag +47 ////; 
ttag +48 ////; 
ttag +49 33/0/4/?/2; 
ttag +50 100/100/100/100/100; 
ttag +51 100/100/99/100/99; 
ttag +52 85/79/66/76/72; 
ttag +53 3/[31]/?/?/?; 
ttag +54 99/98/94/99/93; 
ttag +55 61/41/31/34/38; 
ttag +56 98/98/97/98/96; 
ttag +57 27/5/1/11/8; 
ttag +58 14/[25]/?/?/?; 
ttag +59 91/89/81/93/84; 
ttag +60 85/80/66/78/66; 
ttag +61 80/68/60/64/51; 
ttag +62 100/100/100/99/99; 
ttag +63 100/100/100/100/99; 
ttag +64 91/90/83/92/86; 
ttag +65 2/[24]/?/?/?; 
ttag +66 93/93/85/94/83; 
ttag +67 92/92/85/94/81; 
ttag +68 84/80/64/88/71; 
ttag +69 100/100/100/100/100; 
ttag +70 88/84/72/90/76; 
ttag +71 100/100/100/100/100; 
ttag +72 98/98/90/98/94; 
ttag +73 100/100/100/100/99; 
ttag +74 100/100/99/100/99; 
ttag +75 83/77/68/75/69; 
ttag +76 40/0/?/?/?; 
ttag +77 68/55/42/47/40; 
ttag +78 100/100/96/99/99; 
ttag +79 88/82/84/82/82; 
ttag +80 100/100/100/100/99; 
ttag +81 100/100/100/100/98; 
ttag +82 34/3/?/?/?; 
ttag +83 98/98/96/96/98; 
ttag +84 84/81/79/80/78; 
ttag +85 96/95/89/94/92; 
ttag +86 98/97/96/99/96; 
ttag +87 29/[2]/?/?/?; 
ttag +88 94/92/84/90/87; 
ttag +89 97/97/94/98/96; 
ttag +90 87/84/74/90/79; 
ttag +91 94/93/85/95/89; 
ttag +92 82/78/71/72/68; 
ttag +93 87/83/76/84/75; 
ttag +94 92/90/87/92/87; 
