tread
'Tree with tags' 
(0 (((1 ((26 (27 (28 (29 30 ))))((31 (((32 33 )(34 35 ))(36 (37 38 ))))(39 ((40 41 )(42 (43 ((44 45 )(46 47 )))))))))((13 14 )((15 16 )(17 ((18 19 )(20 21 )((22 23 )(24 25 )))))))(((2 3 )(6 (7 (4 5 ))))((8 9 )(10 (11 12 )))))); 
ttag *!; 
ttag +49 1; 
ttag +50 1; 
ttag +51 ???; 
ttag +52 9; 
ttag +53 1; 
ttag +54 4; 
ttag +55 5; 
ttag +56 1; 
ttag +57 5; 
ttag +58 1; 
ttag +59 1; 
ttag +60 7; 
ttag +61 8; 
ttag +62 7; 
ttag +63 4; 
ttag +64 17; 
ttag +65 7; 
ttag +66 3; 
ttag +67 1; 
ttag +68 3; 
ttag +69 7; 
ttag +70 5; 
ttag +71 6; 
ttag +72 5; 
ttag +73 9; 
ttag +74 8; 
ttag +75 5; 
ttag +76 6; 
ttag +77 10; 
ttag +78 10; 
ttag +79 5; 
ttag +80 4; 
ttag +81 1; 
ttag +82 3; 
ttag +83 7; 
ttag +84 9; 
ttag +85 10; 
ttag +86 4; 
ttag +87 2; 
ttag +88 6; 
ttag +89 10; 
ttag +90 4; 
ttag +91 7; 
ttag +92 3; 
ttag +93 3; 
tread
'Tree with tags' 
(0 (((1 ((26 (27 (28 (29 30 ))))((31 (((32 33 )(34 35 ))(36 (37 38 ))))(39 ((40 41 )(42 (43 ((44 45 )(46 47 )))))))))((13 14 )((15 16 )(17 (((18 19 )(20 21 ))((22 23 )(24 25 )))))))(((2 3 )(6 (7 (4 5 ))))((8 9 )(10 (11 12 )))))); 
ttag *!; 
ttag +0 ////; 
ttag +1 ////; 
ttag +2 ////; 
ttag +3 ////; 
ttag +4 ////; 
ttag +5 ////; 
ttag +6 ////; 
ttag +7 ////; 
ttag +8 ////; 
ttag +9 ////; 
ttag +10 ////; 
ttag +11 ////; 
ttag +12 ////; 
ttag +13 ////; 
ttag +14 ////; 
ttag +15 ////; 
ttag +16 ////; 
ttag +17 ////; 
ttag +18 ////; 
ttag +19 ////; 
ttag +20 ////; 
ttag +21 ////; 
ttag +22 ////; 
ttag +23 ////; 
ttag +24 ////; 
ttag +25 ////; 
ttag +26 ////; 
ttag +27 ////; 
ttag +28 ////; 
ttag +29 ////; 
ttag +30 ////; 
ttag +31 ////; 
ttag +32 ////; 
ttag +33 ////; 
ttag +34 ////; 
ttag +35 ////; 
ttag +36 ////; 
ttag +37 ////; 
ttag +38 ////; 
ttag +39 ////; 
ttag +40 ////; 
ttag +41 ////; 
ttag +42 ////; 
ttag +43 ////; 
ttag +44 ////; 
ttag +45 ////; 
ttag +46 ////; 
ttag +47 ////; 
ttag +48 ////; 
ttag +49 28/[3]/?/17/4; 
ttag +50 30/[1]/5/18/6; 
ttag +51 100/100/100/100/100; 
ttag +52 100/100/100/100/98; 
ttag +53 27/[18]/?/?/?; 
ttag +54 90/89/84/94/86; 
ttag +55 97/96/95/94/94; 
ttag +56 28/[4]/?/8/?; 
ttag +57 92/90/88/92/81; 
ttag +58 39/7/10/10/3; 
ttag +59 44/13/12/19/8; 
ttag +60 96/96/90/97/92; 
ttag +61 100/100/99/100/99; 
ttag +62 98/98/96/98/96; 
ttag +63 92/90/81/93/76; 
ttag +64 100/100/100/100/100; 
ttag +65 97/96/90/98/93; 
ttag +66 86/84/79/86/82; 
ttag +67 50/45/46/52/33; 
ttag +68 31/[1]/2/6/9; 
ttag +69 92/89/83/89/88; 
ttag +70 100/100/99/100/100; 
ttag +71 99/99/98/98/94; 
ttag +72 95/93/96/96/92; 
ttag +73 96/95/94/93/93; 
ttag +74 99/99/99/100/98; 
ttag +75 98/98/93/97/92; 
ttag +76 93/90/85/93/82; 
ttag +77 99/99/94/100/95; 
ttag +78 99/99/97/100/98; 
ttag +79 99/99/92/98/91; 
ttag +80 93/92/80/92/80; 
ttag +81 96/96/95/98/95; 
ttag +82 59/37/32/28/26; 
ttag +83 85/80/69/86/75; 
ttag +84 100/100/100/99/100; 
ttag +85 100/100/99/100/99; 
ttag +86 100/100/98/100/99; 
ttag +87 88/87/76/92/74; 
ttag +88 83/79/66/71/74; 
ttag +89 96/95/89/99/90; 
ttag +90 100/100/100/100/98; 
ttag +91 96/95/87/93/90; 
ttag +92 99/99/97/98/95; 
ttag +93 88/83/70/76/62; 
ttag +94 90/87/80/85/78; 
