tread
'Tree with tags' 
(0 ((1 ((2 3 )(8 ((9 (6 7 (4 5 )))(10 (11 12 ))))))((13 14 )(((15 16 )(17 (18 (19 ((20 21 )((22 23 )(24 25 )))))))((26 (27 (28 (29 30 ))))((39 (31 ((32 33 )(34 35 )(36 (37 38 )))))((40 41 )(42 (43 ((44 45 )(46 47 ))))))))))); 
ttag *!; 
ttag +49 1; 
ttag +50 ???; 
ttag +51 7; 
ttag +52 11; 
ttag +53 12; 
ttag +54 2; 
ttag +55 1; 
ttag +56 1; 
ttag +57 1; 
ttag +58 4; 
ttag +59 11; 
ttag +60 1; 
ttag +61 1; 
ttag +62 10; 
ttag +63 4; 
ttag +64 2; 
ttag +65 1; 
ttag +66 6; 
ttag +67 3; 
ttag +68 14; 
ttag +69 8; 
ttag +70 8; 
ttag +71 5; 
ttag +72 4; 
ttag +73 11; 
ttag +74 3; 
ttag +75 2; 
ttag +76 5; 
ttag +77 6; 
ttag +78 3; 
ttag +79 3; 
ttag +80 1; 
ttag +81 3; 
ttag +82 6; 
ttag +83 4; 
ttag +84 8; 
ttag +85 16; 
ttag +86 1; 
ttag +87 11; 
ttag +88 9; 
ttag +89 6; 
ttag +90 9; 
ttag +91 2; 
ttag +92 3; 
tread
'Tree with tags' 
(0 ((1 ((2 3 )(8 ((9 (6 (7 (4 5 ))))(10 (11 12 ))))))((13 14 )(((15 16 )(17 (18 (19 ((20 21 )((22 23 )(24 25 )))))))((26 (27 (28 (29 30 ))))((39 (31 ((32 33 )((34 35 )(36 (37 38 ))))))((40 41 )(42 (43 ((44 45 )(46 47 ))))))))))); 
ttag *!; 
ttag +0 ////; 
ttag +1 ////; 
ttag +2 ////; 
ttag +3 ////; 
ttag +4 ////; 
ttag +5 ////; 
ttag +6 ////; 
ttag +7 ////; 
ttag +8 ////; 
ttag +9 ////; 
ttag +10 ////; 
ttag +11 ////; 
ttag +12 ////; 
ttag +13 ////; 
ttag +14 ////; 
ttag +15 ////; 
ttag +16 ////; 
ttag +17 ////; 
ttag +18 ////; 
ttag +19 ////; 
ttag +20 ////; 
ttag +21 ////; 
ttag +22 ////; 
ttag +23 ////; 
ttag +24 ////; 
ttag +25 ////; 
ttag +26 ////; 
ttag +27 ////; 
ttag +28 ////; 
ttag +29 ////; 
ttag +30 ////; 
ttag +31 ////; 
ttag +32 ////; 
ttag +33 ////; 
ttag +34 ////; 
ttag +35 ////; 
ttag +36 ////; 
ttag +37 ////; 
ttag +38 ////; 
ttag +39 ////; 
ttag +40 ////; 
ttag +41 ////; 
ttag +42 ////; 
ttag +43 ////; 
ttag +44 ////; 
ttag +45 ////; 
ttag +46 ////; 
ttag +47 ////; 
ttag +48 ////; 
ttag +49 43/23/15/30/19; 
ttag +50 100/100/100/100/100; 
ttag +51 100/100/99/100/100; 
ttag +52 99/99/98/100/98; 
ttag +53 100/100/100/100/100; 
ttag +54 12/[21]/?/?/?; 
ttag +55 67/58/53/52/53; 
ttag +56 52/29/25/35/34; 
ttag +57 15/[14]/?/?/?; 
ttag +58 28/[1]/?/?/3; 
ttag +59 86/84/76/87/71; 
ttag +60 100/100/100/100/100; 
ttag +61 76/62/66/73/78; 
ttag +62 35/17/8/24/10; 
ttag +63 100/100/98/100/99; 
ttag +64 83/79/62/88/68; 
ttag +65 61/50/36/49/31; 
ttag +66 53/28/28/39/15; 
ttag +67 98/98/92/97/92; 
ttag +68 94/94/93/94/90; 
ttag +69 100/100/100/100/100; 
ttag +70 99/99/99/100/96; 
ttag +71 100/100/100/100/100; 
ttag +72 97/97/97/98/92; 
ttag +73 90/88/81/93/82; 
ttag +74 100/100/98/100/97; 
ttag +75 85/82/82/86/76; 
ttag +76 78/71/62/69/65; 
ttag +77 92/90/86/93/88; 
ttag +78 99/99/98/99/99; 
ttag +79 88/84/76/84/75; 
ttag +80 65/60/48/64/44; 
ttag +81 62/40/22/50/27; 
ttag +82 95/94/92/93/91; 
ttag +83 92/88/88/92/90; 
ttag +84 96/94/92/95/90; 
ttag +85 29/2/6/?/?; 
ttag +86 98/98/98/99/98; 
ttag +87 100/100/100/100/100; 
ttag +88 65/54/54/50/48; 
ttag +89 100/100/100/100/98; 
ttag +90 100/100/99/100/100; 
ttag +91 99/99/99/100/97; 
ttag +92 100/100/99/99/100; 
ttag +93 78/68/57/66/57; 
ttag +94 91/89/82/91/82; 
