tread
'Tree with tags' 
(0 (1 ((((2 3 )((6 7 (4 5 ))(8 (9 (10 (11 12 ))))))((15 16 )(17 (19 (18 ((20 21 )((22 23 )(24 25 ))))))))((13 14 )((26 (27 (28 (29 30 ))))(39 (31 ((32 33 )(34 35 )(36 (37 38 )))))((40 41 )(42 (43 ((44 45 )(46 47 )))))))))); 
ttag *!; 
ttag +49 ???; 
ttag +50 3; 
ttag +51 6; 
ttag +52 1; 
ttag +53 1; 
ttag +54 7; 
ttag +55 3; 
ttag +56 3; 
ttag +57 2; 
ttag +58 2; 
ttag +59 12; 
ttag +60 7; 
ttag +61 5; 
ttag +62 2; 
ttag +63 9; 
ttag +64 7; 
ttag +65 2; 
ttag +66 1; 
ttag +67 4; 
ttag +68 6; 
ttag +69 3; 
ttag +70 12; 
ttag +71 6; 
ttag +72 7; 
ttag +73 6; 
ttag +74 4; 
ttag +75 4; 
ttag +76 2; 
ttag +77 8; 
ttag +78 5; 
ttag +79 1; 
ttag +80 7; 
ttag +81 4; 
ttag +82 7; 
ttag +83 9; 
ttag +84 11; 
ttag +85 1; 
ttag +86 3; 
ttag +87 9; 
ttag +88 2; 
ttag +89 9; 
ttag +90 7; 
ttag +91 1; 
tread
'Tree with tags' 
(0 (1 ((((2 3 )((6 (7 (4 5 )))(8 (9 (10 (11 12 ))))))((15 16 )(17 (19 (18 ((20 21 )((22 23 )(24 25 ))))))))((13 14 )((26 (27 (28 (29 30 ))))((39 (31 (((32 33 )(34 35 ))(36 (37 38 )))))((40 41 )(42 (43 ((44 45 )(46 47 ))))))))))); 
ttag *!; 
ttag +0 ////; 
ttag +1 ////; 
ttag +2 ////; 
ttag +3 ////; 
ttag +4 ////; 
ttag +5 ////; 
ttag +6 ////; 
ttag +7 ////; 
ttag +8 ////; 
ttag +9 ////; 
ttag +10 ////; 
ttag +11 ////; 
ttag +12 ////; 
ttag +13 ////; 
ttag +14 ////; 
ttag +15 ////; 
ttag +16 ////; 
ttag +17 ////; 
ttag +18 ////; 
ttag +19 ////; 
ttag +20 ////; 
ttag +21 ////; 
ttag +22 ////; 
ttag +23 ////; 
ttag +24 ////; 
ttag +25 ////; 
ttag +26 ////; 
ttag +27 ////; 
ttag +28 ////; 
ttag +29 ////; 
ttag +30 ////; 
ttag +31 ////; 
ttag +32 ////; 
ttag +33 ////; 
ttag +34 ////; 
ttag +35 ////; 
ttag +36 ////; 
ttag +37 ////; 
ttag +38 ////; 
ttag +39 ////; 
ttag +40 ////; 
ttag +41 ////; 
ttag +42 ////; 
ttag +43 ////; 
ttag +44 ////; 
ttag +45 ////; 
ttag +46 ////; 
ttag +47 ////; 
ttag +48 ////; 
ttag +49 100/100/100/100/100; 
ttag +50 85/80/72/84/74; 
ttag +51 99/99/96/98/96; 
ttag +52 40/12/4/21/19; 
ttag +53 37/14/6/15/10; 
ttag +54 99/98/95/100/98; 
ttag +55 26/[1]/1/5/?; 
ttag +56 82/74/62/72/59; 
ttag +57 64/57/46/54/48; 
ttag +58 50/28/14/26/16; 
ttag +59 52/30/14/28/15; 
ttag +60 99/99/99/100/99; 
ttag +61 97/96/95/98/87; 
ttag +62 98/98/96/99/97; 
ttag +63 68/62/54/58/55; 
ttag +64 99/99/97/98/97; 
ttag +65 92/88/80/91/84; 
ttag +66 73/68/60/70/56; 
ttag +67 31/20/9/36/15; 
ttag +68 69/64/42/76/52; 
ttag +69 100/100/99/99/100; 
ttag +70 68/57/36/67/49; 
ttag +71 99/99/100/100/100; 
ttag +72 94/92/77/97/85; 
ttag +73 99/99/97/100/99; 
ttag +74 99/98/98/99/99; 
ttag +75 96/95/88/96/88; 
ttag +76 99/99/97/97/98; 
ttag +77 80/74/66/80/66; 
ttag +78 100/100/99/100/99; 
ttag +79 97/97/96/96/96; 
ttag +80 51/40/30/41/27; 
ttag +81 47/22/17/11/20; 
ttag +82 98/98/95/98/94; 
ttag +83 0/[2]/?/?/?; 
ttag +84 87/83/72/82/64; 
ttag +85 100/100/98/100/99; 
ttag +86 100/100/97/100/98; 
ttag +87 100/100/100/100/99; 
ttag +88 53/41/37/40/39; 
ttag +89 90/88/72/86/78; 
ttag +90 100/100/99/100/100; 
ttag +91 85/77/62/73/65; 
ttag +92 100/100/99/100/99; 
ttag +93 96/95/89/94/90; 
ttag +94 62/46/44/41/33; 
