tread
'Tree with tags' 
(0 ((1 ((6 7 (2 3 )(4 5 ))((8 9 )(10 (11 12 )))))(((13 14 )((15 16 )(17 (18 19 ((20 21 )((22 23 )(24 25 )))))))((26 (27 (28 (29 30 ))))(39 (31 (32 33 )(34 35 )(36 (37 38 )))((40 41 )(42 (43 ((44 45 )(46 47 )))))))))); 
ttag *!; 
ttag +49 1; 
ttag +50 ???; 
ttag +51 12; 
ttag +52 1; 
ttag +53 2; 
ttag +54 6; 
ttag +55 3; 
ttag +56 1; 
ttag +57 2; 
ttag +58 6; 
ttag +59 4; 
ttag +60 2; 
ttag +61 2; 
ttag +62 7; 
ttag +63 8; 
ttag +64 1; 
ttag +65 5; 
ttag +66 8; 
ttag +67 5; 
ttag +68 4; 
ttag +69 9; 
ttag +70 3; 
ttag +71 5; 
ttag +72 7; 
ttag +73 8; 
ttag +74 3; 
ttag +75 8; 
ttag +76 5; 
ttag +77 10; 
ttag +78 9; 
ttag +79 5; 
ttag +80 4; 
ttag +81 2; 
ttag +82 1; 
ttag +83 2; 
ttag +84 8; 
ttag +85 3; 
ttag +86 10; 
ttag +87 6; 
ttag +88 4; 
tread
'Tree with tags' 
(0 ((1 ((((2 3 )(4 5 ))(6 7 ))((8 9 )(10 (11 12 )))))(((13 14 )((15 16 )(17 (18 (19 ((20 21 )((22 23 )(24 25 ))))))))((26 (27 (28 (29 30 ))))(((31 ((32 33 )(36 (37 38 ))))(34 35 ))(39 ((40 41 )(42 (43 ((44 45 )(46 47 ))))))))))); 
ttag *!; 
ttag +0 ////; 
ttag +1 ////; 
ttag +2 ////; 
ttag +3 ////; 
ttag +4 ////; 
ttag +5 ////; 
ttag +6 ////; 
ttag +7 ////; 
ttag +8 ////; 
ttag +9 ////; 
ttag +10 ////; 
ttag +11 ////; 
ttag +12 ////; 
ttag +13 ////; 
ttag +14 ////; 
ttag +15 ////; 
ttag +16 ////; 
ttag +17 ////; 
ttag +18 ////; 
ttag +19 ////; 
ttag +20 ////; 
ttag +21 ////; 
ttag +22 ////; 
ttag +23 ////; 
ttag +24 ////; 
ttag +25 ////; 
ttag +26 ////; 
ttag +27 ////; 
ttag +28 ////; 
ttag +29 ////; 
ttag +30 ////; 
ttag +31 ////; 
ttag +32 ////; 
ttag +33 ////; 
ttag +34 ////; 
ttag +35 ////; 
ttag +36 ////; 
ttag +37 ////; 
ttag +38 ////; 
ttag +39 ////; 
ttag +40 ////; 
ttag +41 ////; 
ttag +42 ////; 
ttag +43 ////; 
ttag +44 ////; 
ttag +45 ////; 
ttag +46 ////; 
ttag +47 ////; 
ttag +48 ////; 
ttag +49 21/[13]/?/?/?; 
ttag +50 100/100/100/100/100; 
ttag +51 100/100/100/100/98; 
ttag +52 23/[21]/?/?/?; 
ttag +53 51/47/38/48/40; 
ttag +54 72/68/65/72/60; 
ttag +55 98/98/100/100/98; 
ttag +56 36/[8]/6/?/11; 
ttag +57 89/88/76/86/76; 
ttag +58 30/14/2/22/2; 
ttag +59 57/43/35/56/44; 
ttag +60 99/99/94/99/96; 
ttag +61 92/89/92/90/91; 
ttag +62 50/38/30/49/40; 
ttag +63 52/40/29/53/32; 
ttag +64 99/99/99/99/99; 
ttag +65 99/99/100/100/98; 
ttag +66 47/17/35/32/25; 
ttag +67 98/97/94/98/96; 
ttag +68 22/0/?/?/?; 
ttag +69 100/100/99/98/100; 
ttag +70 95/94/94/96/90; 
ttag +71 97/96/87/94/91; 
ttag +72 99/99/100/99/100; 
ttag +73 90/86/78/85/70; 
ttag +74 96/95/87/92/84; 
ttag +75 99/99/94/99/90; 
ttag +76 99/99/98/99/95; 
ttag +77 95/95/94/96/89; 
ttag +78 99/99/98/100/97; 
ttag +79 25/1/2/1/?; 
ttag +80 95/94/89/94/88; 
ttag +81 99/99/99/99/98; 
ttag +82 100/100/99/100/100; 
ttag +83 30/11/1/15/7; 
ttag +84 97/96/96/98/96; 
ttag +85 96/95/89/94/91; 
ttag +86 80/70/54/72/63; 
ttag +87 18/[6]/?/?/?; 
ttag +88 53/29/29/31/33; 
ttag +89 72/64/63/62/42; 
ttag +90 99/99/98/99/98; 
ttag +91 90/86/74/86/72; 
ttag +92 99/99/99/100/98; 
ttag +93 96/95/93/97/86; 
ttag +94 95/95/92/93/90; 
