tread
'Tree with tags' 
(0 ((1 (10 (2 3 )((4 5 )(6 7 ))(8 9 )(11 12 )))(13 14 )((15 16 )(17 (18 (19 ((20 21 )((22 23 )(24 25 )))))))((26 (27 (28 (29 30 ))))(39 (31 ((32 33 )((34 35 )(36 (37 38 )))))(40 41 (42 (43 (44 45 (46 47 ))))))))); 
ttag *!; 
ttag +49 2; 
ttag +50 ???; 
ttag +51 13; 
ttag +52 3; 
ttag +53 6; 
ttag +54 9; 
ttag +55 2; 
ttag +56 2; 
ttag +57 13; 
ttag +58 6; 
ttag +59 3; 
ttag +60 7; 
ttag +61 1; 
ttag +62 2; 
ttag +63 6; 
ttag +64 11; 
ttag +65 8; 
ttag +66 10; 
ttag +67 5; 
ttag +68 7; 
ttag +69 6; 
ttag +70 5; 
ttag +71 7; 
ttag +72 3; 
ttag +73 12; 
ttag +74 2; 
ttag +75 6; 
ttag +76 3; 
ttag +77 6; 
ttag +78 2; 
ttag +79 1; 
ttag +80 4; 
ttag +81 13; 
ttag +82 3; 
ttag +83 5; 
ttag +84 3; 
ttag +85 3; 
ttag +86 2; 
tread
'Tree with tags' 
(0 ((1 (((10 (2 3 ))((8 9 )(11 12 )))((4 5 )(6 7 ))))(((13 14 )((15 16 )(17 (18 (19 ((20 21 )((22 23 )(24 25 ))))))))((26 (27 (28 (29 30 ))))((31 ((32 33 )((34 35 )(36 (37 38 )))))(39 (40 (41 (42 (43 ((44 45 )(46 47 )))))))))))); 
ttag *!; 
ttag +0 ////; 
ttag +1 ////; 
ttag +2 ////; 
ttag +3 ////; 
ttag +4 ////; 
ttag +5 ////; 
ttag +6 ////; 
ttag +7 ////; 
ttag +8 ////; 
ttag +9 ////; 
ttag +10 ////; 
ttag +11 ////; 
ttag +12 ////; 
ttag +13 ////; 
ttag +14 ////; 
ttag +15 ////; 
ttag +16 ////; 
ttag +17 ////; 
ttag +18 ////; 
ttag +19 ////; 
ttag +20 ////; 
ttag +21 ////; 
ttag +22 ////; 
ttag +23 ////; 
ttag +24 ////; 
ttag +25 ////; 
ttag +26 ////; 
ttag +27 ////; 
ttag +28 ////; 
ttag +29 ////; 
ttag +30 ////; 
ttag +31 ////; 
ttag +32 ////; 
ttag +33 ////; 
ttag +34 ////; 
ttag +35 ////; 
ttag +36 ////; 
ttag +37 ////; 
ttag +38 ////; 
ttag +39 ////; 
ttag +40 ////; 
ttag +41 ////; 
ttag +42 ////; 
ttag +43 ////; 
ttag +44 ////; 
ttag +45 ////; 
ttag +46 ////; 
ttag +47 ////; 
ttag +48 ////; 
ttag +49 66/58/47/64/49; 
ttag +50 100/100/100/100/100; 
ttag +51 100/100/100/100/99; 
ttag +52 20/[12]/?/?/?; 
ttag +53 54/22/15/25/24; 
ttag +54 89/87/85/89/84; 
ttag +55 99/99/98/100/99; 
ttag +56 99/99/99/100/99; 
ttag +57 87/82/79/74/73; 
ttag +58 75/68/50/70/60; 
ttag +59 23/0/0/?/1; 
ttag +60 100/100/99/100/100; 
ttag +61 100/100/98/99/98; 
ttag +62 0/[24]/?/?/?; 
ttag +63 36/12/5/3/2; 
ttag +64 80/76/71/84/73; 
ttag +65 100/100/97/99/96; 
ttag +66 43/32/23/37/23; 
ttag +67 67/57/45/56/46; 
ttag +68 98/97/92/97/92; 
ttag +69 100/100/100/100/99; 
ttag +70 100/100/99/100/98; 
ttag +71 100/100/100/100/100; 
ttag +72 100/100/99/100/97; 
ttag +73 98/98/96/99/97; 
ttag +74 98/98/97/98/93; 
ttag +75 95/95/93/97/94; 
ttag +76 99/98/94/98/94; 
ttag +77 88/85/70/82/72; 
ttag +78 100/100/100/100/100; 
ttag +79 75/67/60/71/63; 
ttag +80 98/98/96/98/98; 
ttag +81 84/81/76/81/76; 
ttag +82 95/92/83/92/87; 
ttag +83 83/75/63/72/70; 
ttag +84 42/24/24/33/28; 
ttag +85 92/89/88/87/88; 
ttag +86 100/100/100/100/100; 
ttag +87 31/7/0/16/10; 
ttag +88 84/80/73/84/75; 
ttag +89 21/[6]/?/?/?; 
ttag +90 98/96/93/97/91; 
ttag +91 89/85/74/83/79; 
ttag +92 36/[6]/8/2/0; 
ttag +93 77/73/61/74/66; 
ttag +94 67/49/50/60/52; 
