tread
'Tree with tags' 
(0 (1 ((2 3 )(((4 5 )(6 7 ))((8 9 )(10 (11 12 )))))((13 14 )(((15 16 )(17 (18 (19 ((20 21 )((22 23 )(24 25 )))))))((26 (27 28 (29 30 )))((31 ((32 33 )(34 35 )(36 (37 38 ))))(39 ((40 41 )(42 43 ((44 45 )(46 47 ))))))))))); 
ttag *!; 
ttag +49 ???; 
ttag +50 4; 
ttag +51 7; 
ttag +52 5; 
ttag +53 2; 
ttag +54 3; 
ttag +55 3; 
ttag +56 4; 
ttag +57 5; 
ttag +58 4; 
ttag +59 6; 
ttag +60 8; 
ttag +61 2; 
ttag +62 8; 
ttag +63 6; 
ttag +64 1; 
ttag +65 2; 
ttag +66 4; 
ttag +67 2; 
ttag +68 1; 
ttag +69 8; 
ttag +70 14; 
ttag +71 3; 
ttag +72 7; 
ttag +73 4; 
ttag +74 1; 
ttag +75 1; 
ttag +76 7; 
ttag +77 5; 
ttag +78 3; 
ttag +79 7; 
ttag +80 5; 
ttag +81 2; 
ttag +82 6; 
ttag +83 10; 
ttag +84 1; 
ttag +85 7; 
ttag +86 8; 
ttag +87 6; 
ttag +88 6; 
ttag +89 3; 
ttag +90 1; 
tread
'Tree with tags' 
(0 (1 (((2 3 )(((4 5 )(6 7 ))((8 9 )(10 (11 12 )))))((13 14 )(((15 16 )(17 (18 (19 ((20 21 )((22 23 )(24 25 )))))))((26 ((27 28 )(29 30 )))((31 (((32 33 )(34 35 ))(36 (37 38 ))))(39 ((40 41 )(42 (43 ((44 45 )(46 47 ))))))))))))); 
ttag *!; 
ttag +0 ////; 
ttag +1 ////; 
ttag +2 ////; 
ttag +3 ////; 
ttag +4 ////; 
ttag +5 ////; 
ttag +6 ////; 
ttag +7 ////; 
ttag +8 ////; 
ttag +9 ////; 
ttag +10 ////; 
ttag +11 ////; 
ttag +12 ////; 
ttag +13 ////; 
ttag +14 ////; 
ttag +15 ////; 
ttag +16 ////; 
ttag +17 ////; 
ttag +18 ////; 
ttag +19 ////; 
ttag +20 ////; 
ttag +21 ////; 
ttag +22 ////; 
ttag +23 ////; 
ttag +24 ////; 
ttag +25 ////; 
ttag +26 ////; 
ttag +27 ////; 
ttag +28 ////; 
ttag +29 ////; 
ttag +30 ////; 
ttag +31 ////; 
ttag +32 ////; 
ttag +33 ////; 
ttag +34 ////; 
ttag +35 ////; 
ttag +36 ////; 
ttag +37 ////; 
ttag +38 ////; 
ttag +39 ////; 
ttag +40 ////; 
ttag +41 ////; 
ttag +42 ////; 
ttag +43 ////; 
ttag +44 ////; 
ttag +45 ////; 
ttag +46 ////; 
ttag +47 ////; 
ttag +48 ////; 
ttag +49 100/100/100/100/100; 
ttag +50 97/96/92/96/94; 
ttag +51 98/98/95/98/96; 
ttag +52 28/1/1/3/7; 
ttag +53 94/91/90/97/90; 
ttag +54 69/64/54/61/47; 
ttag +55 85/80/77/80/75; 
ttag +56 81/71/72/79/73; 
ttag +57 95/94/93/96/92; 
ttag +58 80/75/63/81/62; 
ttag +59 78/74/58/79/57; 
ttag +60 97/96/97/98/96; 
ttag +61 100/100/100/100/100; 
ttag +62 78/69/60/68/49; 
ttag +63 100/100/99/100/100; 
ttag +64 98/98/94/98/92; 
ttag +65 74/68/60/73/61; 
ttag +66 81/77/64/78/60; 
ttag +67 93/91/78/92/78; 
ttag +68 80/78/74/76/71; 
ttag +69 68/55/44/51/44; 
ttag +70 99/99/99/100/98; 
ttag +71 100/100/100/100/100; 
ttag +72 89/84/78/80/72; 
ttag +73 99/98/97/98/98; 
ttag +74 92/90/81/91/84; 
ttag +75 86/80/76/81/76; 
ttag +76 31/[2]/?/?/?; 
ttag +77 67/62/54/60/56; 
ttag +78 97/97/92/98/90; 
ttag +79 94/92/80/92/80; 
ttag +80 85/81/71/82/74; 
ttag +81 98/98/95/100/98; 
ttag +82 25/[14]/?/?/?; 
ttag +83 97/97/89/97/86; 
ttag +84 84/84/86/87/86; 
ttag +85 98/98/93/98/89; 
ttag +86 100/100/99/100/100; 
ttag +87 64/60/53/61/50; 
ttag +88 99/98/98/99/97; 
ttag +89 99/99/94/99/95; 
ttag +90 98/96/93/97/94; 
ttag +91 40/9/4/?/?; 
ttag +92 97/96/92/98/93; 
ttag +93 93/92/88/90/85; 
ttag +94 69/56/39/47/48; 
