tread
'Tree with tags' 
(0 ((1 ((10 (((2 3 )(8 9 ))((4 5 )(6 7 ))))(11 12 )))((13 14 )((15 16 )(17 (18 (19 ((20 21 )((22 23 )(24 25 )))))))((26 27 (28 (29 30 )))(39 ((31 (((32 33 )(34 35 ))(36 (37 38 ))))((40 41 )(42 (43 (46 47 (44 45 ))))))))))); 
ttag *!; 
ttag +49 1; 
ttag +50 ???; 
ttag +51 9; 
ttag +52 1; 
ttag +53 1; 
ttag +54 1; 
ttag +55 15; 
ttag +56 5; 
ttag +57 4; 
ttag +58 1; 
ttag +59 1; 
ttag +60 4; 
ttag +61 6; 
ttag +62 1; 
ttag +63 7; 
ttag +64 3; 
ttag +65 2; 
ttag +66 2; 
ttag +67 1; 
ttag +68 6; 
ttag +69 6; 
ttag +70 14; 
ttag +71 8; 
ttag +72 5; 
ttag +73 7; 
ttag +74 2; 
ttag +75 4; 
ttag +76 5; 
ttag +77 4; 
ttag +78 3; 
ttag +79 9; 
ttag +80 7; 
ttag +81 1; 
ttag +82 6; 
ttag +83 2; 
ttag +84 8; 
ttag +85 7; 
ttag +86 2; 
ttag +87 7; 
ttag +88 8; 
ttag +89 3; 
ttag +90 8; 
ttag +91 9; 
tread
'Tree with tags' 
(0 ((1 ((10 (((2 3 )(8 9 ))((4 5 )(6 7 ))))(11 12 )))(((13 14 )((27 (26 (28 (29 30 ))))(39 ((31 (((32 33 )(34 35 ))(36 (37 38 ))))((40 41 )(42 (43 (46 (47 (44 45 ))))))))))((15 16 )(17 (18 (19 ((20 21 )((22 23 )(24 25 )))))))))); 
ttag *!; 
ttag +0 ////; 
ttag +1 ////; 
ttag +2 ////; 
ttag +3 ////; 
ttag +4 ////; 
ttag +5 ////; 
ttag +6 ////; 
ttag +7 ////; 
ttag +8 ////; 
ttag +9 ////; 
ttag +10 ////; 
ttag +11 ////; 
ttag +12 ////; 
ttag +13 ////; 
ttag +14 ////; 
ttag +15 ////; 
ttag +16 ////; 
ttag +17 ////; 
ttag +18 ////; 
ttag +19 ////; 
ttag +20 ////; 
ttag +21 ////; 
ttag +22 ////; 
ttag +23 ////; 
ttag +24 ////; 
ttag +25 ////; 
ttag +26 ////; 
ttag +27 ////; 
ttag +28 ////; 
ttag +29 ////; 
ttag +30 ////; 
ttag +31 ////; 
ttag +32 ////; 
ttag +33 ////; 
ttag +34 ////; 
ttag +35 ////; 
ttag +36 ////; 
ttag +37 ////; 
ttag +38 ////; 
ttag +39 ////; 
ttag +40 ////; 
ttag +41 ////; 
ttag +42 ////; 
ttag +43 ////; 
ttag +44 ////; 
ttag +45 ////; 
ttag +46 ////; 
ttag +47 ////; 
ttag +48 ////; 
ttag +49 50/39/29/42/22; 
ttag +50 100/100/100/100/100; 
ttag +51 98/98/87/97/91; 
ttag +52 25/[2]/?/?/?; 
ttag +53 31/5/?/8/?; 
ttag +54 39/[8]/0/?/?; 
ttag +55 100/100/99/100/99; 
ttag +56 94/92/88/94/88; 
ttag +57 84/81/74/80/77; 
ttag +58 46/30/21/29/30; 
ttag +59 39/11/1/14/6; 
ttag +60 98/98/95/98/96; 
ttag +61 100/100/98/98/98; 
ttag +62 23/[7]/?/?/?; 
ttag +63 33/11/10/19/9; 
ttag +64 99/99/99/99/99; 
ttag +65 89/87/78/82/76; 
ttag +66 75/65/55/65/54; 
ttag +67 84/82/77/78/77; 
ttag +68 53/44/33/46/37; 
ttag +69 100/100/100/99/99; 
ttag +70 98/98/98/99/96; 
ttag +71 100/100/100/100/100; 
ttag +72 100/100/97/99/98; 
ttag +73 98/98/92/99/94; 
ttag +74 24/[30]/?/?/?; 
ttag +75 100/100/100/99/99; 
ttag +76 87/82/78/83/76; 
ttag +77 97/97/94/97/92; 
ttag +78 98/98/94/99/96; 
ttag +79 94/94/79/86/77; 
ttag +80 61/43/45/64/43; 
ttag +81 99/99/96/99/98; 
ttag +82 98/98/96/98/95; 
ttag +83 52/24/15/27/12; 
ttag +84 94/92/81/94/83; 
ttag +85 73/66/60/71/52; 
ttag +86 100/100/99/100/98; 
ttag +87 99/99/98/98/97; 
ttag +88 60/40/38/59/37; 
ttag +89 100/100/97/98/98; 
ttag +90 98/98/98/98/97; 
ttag +91 89/86/84/88/79; 
ttag +92 99/99/99/100/99; 
ttag +93 40/0/?/?/?; 
ttag +94 100/100/98/100/99; 
