tread
'Tree with tags' 
(0 ((1 (13 14 ))(8 9 (2 3 )((4 5 )(6 7 ))(10 (11 12 )))((17 (15 16 )(18 (19 ((20 21 )((22 23 )(24 25 ))))))((26 (27 (28 (29 30 ))))((31 ((32 33 )((34 35 )(36 (37 38 )))))(39 (42 ((40 41 )(43 ((44 45 )(46 47 ))))))))))); 
ttag *!; 
ttag +49 1; 
ttag +50 ???; 
ttag +51 7; 
ttag +52 4; 
ttag +53 3; 
ttag +54 3; 
ttag +55 2; 
ttag +56 5; 
ttag +57 8; 
ttag +58 11; 
ttag +59 11; 
ttag +60 2; 
ttag +61 1; 
ttag +62 4; 
ttag +63 2; 
ttag +64 10; 
ttag +65 5; 
ttag +66 9; 
ttag +67 12; 
ttag +68 2; 
ttag +69 6; 
ttag +70 9; 
ttag +71 6; 
ttag +72 5; 
ttag +73 14; 
ttag +74 5; 
ttag +75 3; 
ttag +76 7; 
ttag +77 6; 
ttag +78 4; 
ttag +79 1; 
ttag +80 10; 
ttag +81 9; 
ttag +82 2; 
ttag +83 3; 
ttag +84 4; 
ttag +85 11; 
ttag +86 4; 
ttag +87 6; 
ttag +88 1; 
ttag +89 7; 
tread
'Tree with tags' 
(0 (((1 (13 14 ))((2 3 )((8 (9 ((4 5 )(6 7 ))))(10 (11 12 )))))(((17 (15 16 ))(18 (19 ((20 21 )((22 23 )(24 25 ))))))((26 (27 (28 (29 30 ))))((31 ((32 33 )((34 35 )(36 (37 38 )))))(39 (42 ((40 41 )(43 ((44 45 )(46 47 ))))))))))); 
ttag *!; 
ttag +0 ////; 
ttag +1 ////; 
ttag +2 ////; 
ttag +3 ////; 
ttag +4 ////; 
ttag +5 ////; 
ttag +6 ////; 
ttag +7 ////; 
ttag +8 ////; 
ttag +9 ////; 
ttag +10 ////; 
ttag +11 ////; 
ttag +12 ////; 
ttag +13 ////; 
ttag +14 ////; 
ttag +15 ////; 
ttag +16 ////; 
ttag +17 ////; 
ttag +18 ////; 
ttag +19 ////; 
ttag +20 ////; 
ttag +21 ////; 
ttag +22 ////; 
ttag +23 ////; 
ttag +24 ////; 
ttag +25 ////; 
ttag +26 ////; 
ttag +27 ////; 
ttag +28 ////; 
ttag +29 ////; 
ttag +30 ////; 
ttag +31 ////; 
ttag +32 ////; 
ttag +33 ////; 
ttag +34 ////; 
ttag +35 ////; 
ttag +36 ////; 
ttag +37 ////; 
ttag +38 ////; 
ttag +39 ////; 
ttag +40 ////; 
ttag +41 ////; 
ttag +42 ////; 
ttag +43 ////; 
ttag +44 ////; 
ttag +45 ////; 
ttag +46 ////; 
ttag +47 ////; 
ttag +48 ////; 
ttag +49 40/21/14/32/26; 
ttag +50 23/4/?/6/7; 
ttag +51 100/100/100/100/100; 
ttag +52 100/100/100/99/100; 
ttag +53 92/92/83/90/80; 
ttag +54 97/97/93/97/95; 
ttag +55 86/84/80/88/83; 
ttag +56 14/[22]/?/?/?; 
ttag +57 31/[4]/?/?/?; 
ttag +58 50/32/13/17/23; 
ttag +59 76/62/67/81/62; 
ttag +60 98/97/95/97/93; 
ttag +61 100/100/99/100/98; 
ttag +62 100/100/100/100/100; 
ttag +63 100/100/98/99/100; 
ttag +64 18/[9]/?/4/?; 
ttag +65 68/59/58/65/48; 
ttag +66 32/13/4/18/11; 
ttag +67 93/91/92/96/94; 
ttag +68 86/80/68/72/71; 
ttag +69 100/100/100/100/100; 
ttag +70 99/99/98/98/96; 
ttag +71 100/100/99/100/98; 
ttag +72 100/100/100/100/100; 
ttag +73 64/51/51/60/46; 
ttag +74 98/97/96/97/96; 
ttag +75 99/99/96/99/96; 
ttag +76 98/98/92/98/95; 
ttag +77 97/96/90/96/93; 
ttag +78 100/100/100/100/100; 
ttag +79 97/96/91/97/92; 
ttag +80 71/60/57/64/60; 
ttag +81 100/100/98/100/99; 
ttag +82 97/96/92/99/92; 
ttag +83 98/98/98/97/96; 
ttag +84 61/44/33/51/36; 
ttag +85 98/98/96/99/97; 
ttag +86 100/100/100/100/100; 
ttag +87 45/33/20/38/25; 
ttag +88 70/62/46/65/54; 
ttag +89 60/44/23/51/28; 
ttag +90 100/100/99/100/99; 
ttag +91 75/66/52/71/52; 
ttag +92 98/98/95/98/93; 
ttag +93 49/32/26/40/32; 
ttag +94 98/97/93/97/94; 
