tread
'Tree with tags' 
(0 ((1 ((2 3 )(8 9 ((4 5 )(6 7 ))(10 (11 12 )))))((13 14 )(((15 16 )(17 ((18 19 )((20 21 )((22 23 )(24 25 ))))))((26 (27 (28 (29 30 ))))((31 ((32 33 )(34 35 )(36 (37 38 ))))(39 ((40 41 )(42 (43 ((44 45 )(46 47 )))))))))))); 
ttag *!; 
ttag +49 1; 
ttag +50 ???; 
ttag +51 7; 
ttag +52 4; 
ttag +53 7; 
ttag +54 7; 
ttag +55 2; 
ttag +56 4; 
ttag +57 4; 
ttag +58 9; 
ttag +59 9; 
ttag +60 1; 
ttag +61 10; 
ttag +62 5; 
ttag +63 1; 
ttag +64 3; 
ttag +65 1; 
ttag +66 8; 
ttag +67 14; 
ttag +68 6; 
ttag +69 8; 
ttag +70 3; 
ttag +71 5; 
ttag +72 10; 
ttag +73 4; 
ttag +74 3; 
ttag +75 3; 
ttag +76 12; 
ttag +77 2; 
ttag +78 9; 
ttag +79 8; 
ttag +80 5; 
ttag +81 3; 
ttag +82 10; 
ttag +83 11; 
ttag +84 2; 
ttag +85 6; 
ttag +86 8; 
ttag +87 9; 
ttag +88 6; 
ttag +89 11; 
ttag +90 4; 
ttag +91 3; 
tread
'Tree with tags' 
(0 ((1 ((2 3 )(((4 5 )(6 7 ))((8 9 )(10 (11 12 ))))))((13 14 )(((15 16 )(17 ((18 19 )((20 21 )((22 23 )(24 25 ))))))((26 (27 (28 (29 30 ))))((31 (((32 33 )(34 35 ))(36 (37 38 ))))(39 ((40 41 )(42 (43 ((44 45 )(46 47 )))))))))))); 
ttag *!; 
ttag +0 ////; 
ttag +1 ////; 
ttag +2 ////; 
ttag +3 ////; 
ttag +4 ////; 
ttag +5 ////; 
ttag +6 ////; 
ttag +7 ////; 
ttag +8 ////; 
ttag +9 ////; 
ttag +10 ////; 
ttag +11 ////; 
ttag +12 ////; 
ttag +13 ////; 
ttag +14 ////; 
ttag +15 ////; 
ttag +16 ////; 
ttag +17 ////; 
ttag +18 ////; 
ttag +19 ////; 
ttag +20 ////; 
ttag +21 ////; 
ttag +22 ////; 
ttag +23 ////; 
ttag +24 ////; 
ttag +25 ////; 
ttag +26 ////; 
ttag +27 ////; 
ttag +28 ////; 
ttag +29 ////; 
ttag +30 ////; 
ttag +31 ////; 
ttag +32 ////; 
ttag +33 ////; 
ttag +34 ////; 
ttag +35 ////; 
ttag +36 ////; 
ttag +37 ////; 
ttag +38 ////; 
ttag +39 ////; 
ttag +40 ////; 
ttag +41 ////; 
ttag +42 ////; 
ttag +43 ////; 
ttag +44 ////; 
ttag +45 ////; 
ttag +46 ////; 
ttag +47 ////; 
ttag +48 ////; 
ttag +49 46/38/25/31/22; 
ttag +50 100/100/100/100/100; 
ttag +51 98/98/94/96/94; 
ttag +52 88/87/77/84/78; 
ttag +53 100/100/99/99/99; 
ttag +54 97/96/90/98/97; 
ttag +55 78/70/45/67/51; 
ttag +56 93/90/87/90/85; 
ttag +57 44/16/14/11/19; 
ttag +58 44/19/17/20/18; 
ttag +59 90/88/77/92/78; 
ttag +60 100/100/99/100/100; 
ttag +61 100/100/100/100/100; 
ttag +62 41/32/24/29/16; 
ttag +63 99/99/99/100/99; 
ttag +64 89/87/75/90/70; 
ttag +65 44/33/23/31/15; 
ttag +66 78/73/58/74/57; 
ttag +67 50/19/18/33/16; 
ttag +68 98/98/95/99/96; 
ttag +69 100/100/100/100/100; 
ttag +70 97/96/92/98/93; 
ttag +71 100/100/100/100/100; 
ttag +72 89/85/80/89/78; 
ttag +73 95/94/95/94/92; 
ttag +74 100/100/99/100/99; 
ttag +75 90/89/77/91/73; 
ttag +76 88/85/77/84/73; 
ttag +77 91/89/83/91/83; 
ttag +78 100/100/100/100/100; 
ttag +79 73/66/58/69/60; 
ttag +80 98/98/93/99/89; 
ttag +81 100/100/100/100/100; 
ttag +82 13/[10]/?/?/5; 
ttag +83 96/96/91/97/85; 
ttag +84 85/82/77/86/82; 
ttag +85 100/100/98/100/97; 
ttag +86 100/100/99/100/99; 
ttag +87 75/71/66/77/69; 
ttag +88 98/96/92/97/94; 
ttag +89 99/98/94/98/93; 
ttag +90 100/100/98/99/99; 
ttag +91 98/98/96/100/96; 
ttag +92 100/100/100/100/98; 
ttag +93 79/69/59/82/64; 
ttag +94 80/74/68/84/68; 
