tread
'Tree with tags' 
(0 ((1 ((2 3 )(((4 5 )(6 7 ))((8 9 )(10 (11 12 ))))))((13 14 )((15 16 )(17 (18 (19 ((20 21 )((22 23 )(24 25 )))))))((26 (27 (28 (29 30 ))))((39 (31 (((32 33 )(36 (37 38 )))(34 35 ))))(40 (41 (42 (43 ((44 45 )(46 47 ))))))))))); 
ttag *!; 
ttag +49 4; 
ttag +50 ???; 
ttag +51 11; 
ttag +52 7; 
ttag +53 6; 
ttag +54 12; 
ttag +55 4; 
ttag +56 3; 
ttag +57 2; 
ttag +58 5; 
ttag +59 8; 
ttag +60 14; 
ttag +61 10; 
ttag +62 3; 
ttag +63 8; 
ttag +64 10; 
ttag +65 2; 
ttag +66 6; 
ttag +67 6; 
ttag +68 7; 
ttag +69 11; 
ttag +70 4; 
ttag +71 7; 
ttag +72 4; 
ttag +73 8; 
ttag +74 7; 
ttag +75 2; 
ttag +76 4; 
ttag +77 11; 
ttag +78 4; 
ttag +79 2; 
ttag +80 5; 
ttag +81 3; 
ttag +82 1; 
ttag +83 6; 
ttag +84 2; 
ttag +85 12; 
ttag +86 9; 
ttag +87 13; 
ttag +88 5; 
ttag +89 9; 
ttag +90 3; 
ttag +91 9; 
ttag +92 4; 
ttag +93 3; 
tread
'Tree with tags' 
(0 ((1 ((2 3 )(((4 5 )(6 7 ))((8 9 )(10 (11 12 ))))))((13 14 )(((15 16 )(17 (18 (19 ((20 21 )((22 23 )(24 25 )))))))((26 (27 (28 (29 30 ))))((39 (31 (((32 33 )(36 (37 38 )))(34 35 ))))(40 (41 (42 (43 ((44 45 )(46 47 )))))))))))); 
ttag *!; 
ttag +0 ////; 
ttag +1 ////; 
ttag +2 ////; 
ttag +3 ////; 
ttag +4 ////; 
ttag +5 ////; 
ttag +6 ////; 
ttag +7 ////; 
ttag +8 ////; 
ttag +9 ////; 
ttag +10 ////; 
ttag +11 ////; 
ttag +12 ////; 
ttag +13 ////; 
ttag +14 ////; 
ttag +15 ////; 
ttag +16 ////; 
ttag +17 ////; 
ttag +18 ////; 
ttag +19 ////; 
ttag +20 ////; 
ttag +21 ////; 
ttag +22 ////; 
ttag +23 ////; 
ttag +24 ////; 
ttag +25 ////; 
ttag +26 ////; 
ttag +27 ////; 
ttag +28 ////; 
ttag +29 ////; 
ttag +30 ////; 
ttag +31 ////; 
ttag +32 ////; 
ttag +33 ////; 
ttag +34 ////; 
ttag +35 ////; 
ttag +36 ////; 
ttag +37 ////; 
ttag +38 ////; 
ttag +39 ////; 
ttag +40 ////; 
ttag +41 ////; 
ttag +42 ////; 
ttag +43 ////; 
ttag +44 ////; 
ttag +45 ////; 
ttag +46 ////; 
ttag +47 ////; 
ttag +48 ////; 
ttag +49 90/89/78/90/76; 
ttag +50 100/100/100/100/100; 
ttag +51 100/100/100/100/100; 
ttag +52 97/97/91/95/90; 
ttag +53 97/97/95/99/95; 
ttag +54 100/100/100/100/99; 
ttag +55 88/84/79/95/77; 
ttag +56 90/89/82/86/84; 
ttag +57 74/65/58/68/61; 
ttag +58 93/92/85/97/85; 
ttag +59 99/99/98/100/97; 
ttag +60 100/100/100/100/100; 
ttag +61 100/100/100/100/100; 
ttag +62 86/84/76/84/67; 
ttag +63 100/100/98/99/99; 
ttag +64 100/100/98/100/98; 
ttag +65 28/[5]/?/?/1; 
ttag +66 78/69/54/75/64; 
ttag +67 97/96/92/97/94; 
ttag +68 96/94/90/98/91; 
ttag +69 100/100/100/99/100; 
ttag +70 100/100/100/100/100; 
ttag +71 91/86/80/92/76; 
ttag +72 98/97/93/99/96; 
ttag +73 94/93/81/94/82; 
ttag +74 99/99/99/100/99; 
ttag +75 99/99/98/99/94; 
ttag +76 84/77/69/77/67; 
ttag +77 98/98/97/98/97; 
ttag +78 100/100/100/99/99; 
ttag +79 88/85/72/85/77; 
ttag +80 73/61/39/64/44; 
ttag +81 96/94/87/96/88; 
ttag +82 88/86/82/87/83; 
ttag +83 53/34/25/28/16; 
ttag +84 98/98/95/98/97; 
ttag +85 60/41/32/44/21; 
ttag +86 100/100/100/100/100; 
ttag +87 100/100/99/100/100; 
ttag +88 100/100/100/100/100; 
ttag +89 94/93/75/94/80; 
ttag +90 100/100/98/100/99; 
ttag +91 89/87/71/89/74; 
ttag +92 99/99/98/100/98; 
ttag +93 92/90/85/92/77; 
ttag +94 84/76/67/84/80; 
