tread
'Tree with tags' 
(0 (1 ((2 3 )(((4 5 )(6 7 ))((8 9 )(10 (11 12 )))))(13 14 )(17 (15 16 )(18 19 ((20 21 )(22 23 )(24 25 ))))((26 (27 (28 (29 30 ))))(39 (31 (((32 33 )(34 35 ))(36 (37 38 )))))(40 41 (42 (43 ((44 45 )(46 47 )))))))); 
ttag *!; 
ttag +49 ???; 
ttag +50 3; 
ttag +51 5; 
ttag +52 10; 
ttag +53 4; 
ttag +54 3; 
ttag +55 5; 
ttag +56 4; 
ttag +57 6; 
ttag +58 4; 
ttag +59 9; 
ttag +60 5; 
ttag +61 12; 
ttag +62 6; 
ttag +63 2; 
ttag +64 11; 
ttag +65 1; 
ttag +66 4; 
ttag +67 7; 
ttag +68 6; 
ttag +69 4; 
ttag +70 2; 
ttag +71 4; 
ttag +72 13; 
ttag +73 9; 
ttag +74 1; 
ttag +75 8; 
ttag +76 1; 
ttag +77 4; 
ttag +78 1; 
ttag +79 6; 
ttag +80 15; 
ttag +81 6; 
ttag +82 15; 
ttag +83 2; 
ttag +84 9; 
ttag +85 6; 
ttag +86 3; 
tread
'Tree with tags' 
(0 (((1 ((15 16 )(17 (19 (18 ((20 21 )((22 23 )(24 25 ))))))))((13 14 )((26 (27 (28 (29 30 ))))((39 (31 (((32 33 )(34 35 ))(36 (37 38 )))))(41 (40 (42 (43 ((44 45 )(46 47 ))))))))))((2 3 )(((4 5 )(6 7 ))((8 9 )(10 (11 12 ))))))); 
ttag *!; 
ttag +0 ////; 
ttag +1 ////; 
ttag +2 ////; 
ttag +3 ////; 
ttag +4 ////; 
ttag +5 ////; 
ttag +6 ////; 
ttag +7 ////; 
ttag +8 ////; 
ttag +9 ////; 
ttag +10 ////; 
ttag +11 ////; 
ttag +12 ////; 
ttag +13 ////; 
ttag +14 ////; 
ttag +15 ////; 
ttag +16 ////; 
ttag +17 ////; 
ttag +18 ////; 
ttag +19 ////; 
ttag +20 ////; 
ttag +21 ////; 
ttag +22 ////; 
ttag +23 ////; 
ttag +24 ////; 
ttag +25 ////; 
ttag +26 ////; 
ttag +27 ////; 
ttag +28 ////; 
ttag +29 ////; 
ttag +30 ////; 
ttag +31 ////; 
ttag +32 ////; 
ttag +33 ////; 
ttag +34 ////; 
ttag +35 ////; 
ttag +36 ////; 
ttag +37 ////; 
ttag +38 ////; 
ttag +39 ////; 
ttag +40 ////; 
ttag +41 ////; 
ttag +42 ////; 
ttag +43 ////; 
ttag +44 ////; 
ttag +45 ////; 
ttag +46 ////; 
ttag +47 ////; 
ttag +48 ////; 
ttag +49 14/[3]/?/?/2; 
ttag +50 35/18/?/14/11; 
ttag +51 100/100/100/100/100; 
ttag +52 84/81/69/86/70; 
ttag +53 97/96/87/94/86; 
ttag +54 100/100/100/100/99; 
ttag +55 96/96/84/92/84; 
ttag +56 89/85/81/91/81; 
ttag +57 96/96/92/98/95; 
ttag +58 96/96/92/98/92; 
ttag +59 100/100/98/99/98; 
ttag +60 94/94/85/94/84; 
ttag +61 100/100/100/100/99; 
ttag +62 97/97/89/96/95; 
ttag +63 43/29/12/10/19; 
ttag +64 100/100/100/100/100; 
ttag +65 99/99/97/99/96; 
ttag +66 29/0/12/?/4; 
ttag +67 17/[17]/?/?/?; 
ttag +68 90/88/78/88/83; 
ttag +69 100/100/100/100/100; 
ttag +70 68/64/56/63/56; 
ttag +71 97/97/94/96/93; 
ttag +72 40/7/?/?/5; 
ttag +73 100/100/100/100/100; 
ttag +74 97/96/88/96/87; 
ttag +75 95/94/84/92/86; 
ttag +76 76/69/64/75/62; 
ttag +77 88/83/76/90/82; 
ttag +78 100/100/100/100/100; 
ttag +79 100/100/98/100/99; 
ttag +80 59/41/22/35/27; 
ttag +81 33/2/8/13/14; 
ttag +82 100/100/100/100/100; 
ttag +83 57/48/31/50/40; 
ttag +84 96/94/91/95/90; 
ttag +85 58/40/41/46/51; 
ttag +86 99/99/98/99/98; 
ttag +87 100/100/100/100/99; 
ttag +88 28/[16]/?/?/?; 
ttag +89 97/97/92/96/95; 
ttag +90 100/100/100/100/100; 
ttag +91 84/79/71/86/66; 
ttag +92 99/99/98/100/98; 
ttag +93 97/97/92/96/92; 
ttag +94 85/82/73/83/73; 
