tread
'Tree with tags' 
(0 (1 (((2 3 )((((4 5 )(6 7 ))(8 9 ))(10 (11 12 ))))(((15 16 )(17 (18 (19 ((20 21 )((22 23 )(24 25 )))))))((26 (27 (28 (29 30 ))))(39 ((31 ((32 33 )((34 35 )(36 (37 38 )))))((40 41 )(42 43 ((44 45 )(46 47 )))))))))(13 14 ))); 
ttag *!; 
ttag +49 ???; 
ttag +50 2; 
ttag +51 5; 
ttag +52 1; 
ttag +53 9; 
ttag +54 5; 
ttag +55 2; 
ttag +56 7; 
ttag +57 5; 
ttag +58 1; 
ttag +59 7; 
ttag +60 6; 
ttag +61 6; 
ttag +62 5; 
ttag +63 3; 
ttag +64 1; 
ttag +65 3; 
ttag +66 5; 
ttag +67 5; 
ttag +68 5; 
ttag +69 7; 
ttag +70 6; 
ttag +71 2; 
ttag +72 9; 
ttag +73 7; 
ttag +74 8; 
ttag +75 4; 
ttag +76 4; 
ttag +77 3; 
ttag +78 6; 
ttag +79 1; 
ttag +80 2; 
ttag +81 3; 
ttag +82 5; 
ttag +83 7; 
ttag +84 1; 
ttag +85 7; 
ttag +86 7; 
ttag +87 2; 
ttag +88 2; 
ttag +89 6; 
ttag +90 8; 
ttag +91 1; 
ttag +92 5; 
tread
'Tree with tags' 
(0 ((1 (13 14 ))(((2 3 )((((4 5 )(6 7 ))(8 9 ))(10 (11 12 ))))(((15 16 )(17 (18 (19 ((20 21 )((22 23 )(24 25 )))))))((26 (27 (28 (29 30 ))))(39 ((31 ((32 33 )((34 35 )(36 (37 38 )))))((40 41 )(43 (42 ((44 45 )(46 47 )))))))))))); 
ttag *!; 
ttag +0 ////; 
ttag +1 ////; 
ttag +2 ////; 
ttag +3 ////; 
ttag +4 ////; 
ttag +5 ////; 
ttag +6 ////; 
ttag +7 ////; 
ttag +8 ////; 
ttag +9 ////; 
ttag +10 ////; 
ttag +11 ////; 
ttag +12 ////; 
ttag +13 ////; 
ttag +14 ////; 
ttag +15 ////; 
ttag +16 ////; 
ttag +17 ////; 
ttag +18 ////; 
ttag +19 ////; 
ttag +20 ////; 
ttag +21 ////; 
ttag +22 ////; 
ttag +23 ////; 
ttag +24 ////; 
ttag +25 ////; 
ttag +26 ////; 
ttag +27 ////; 
ttag +28 ////; 
ttag +29 ////; 
ttag +30 ////; 
ttag +31 ////; 
ttag +32 ////; 
ttag +33 ////; 
ttag +34 ////; 
ttag +35 ////; 
ttag +36 ////; 
ttag +37 ////; 
ttag +38 ////; 
ttag +39 ////; 
ttag +40 ////; 
ttag +41 ////; 
ttag +42 ////; 
ttag +43 ////; 
ttag +44 ////; 
ttag +45 ////; 
ttag +46 ////; 
ttag +47 ////; 
ttag +48 ////; 
ttag +49 14/[22]/?/?/?; 
ttag +50 100/100/100/100/100; 
ttag +51 68/61/59/67/52; 
ttag +52 95/94/84/90/82; 
ttag +53 42/26/10/30/3; 
ttag +54 100/100/99/100/99; 
ttag +55 90/88/80/95/81; 
ttag +56 71/59/45/66/46; 
ttag +57 96/95/82/96/88; 
ttag +58 95/94/87/95/86; 
ttag +59 60/45/38/47/28; 
ttag +60 96/96/87/96/84; 
ttag +61 99/99/98/99/99; 
ttag +62 93/91/88/96/91; 
ttag +63 98/97/94/99/92; 
ttag +64 91/90/82/89/82; 
ttag +65 41/25/11/31/4; 
ttag +66 94/94/92/94/89; 
ttag +67 95/92/86/96/84; 
ttag +68 98/97/93/98/95; 
ttag +69 99/99/96/99/98; 
ttag +70 100/100/98/100/98; 
ttag +71 97/97/92/97/93; 
ttag +72 80/74/60/74/66; 
ttag +73 100/100/99/100/100; 
ttag +74 100/100/98/99/97; 
ttag +75 97/95/96/99/91; 
ttag +76 96/95/91/92/89; 
ttag +77 97/96/95/95/94; 
ttag +78 88/82/70/80/75; 
ttag +79 100/100/97/99/99; 
ttag +80 46/14/17/21/12; 
ttag +81 67/58/43/59/49; 
ttag +82 84/81/69/86/70; 
ttag +83 90/86/75/92/74; 
ttag +84 99/99/96/100/97; 
ttag +85 46/24/19/36/20; 
ttag +86 99/99/97/100/97; 
ttag +87 99/99/96/100/97; 
ttag +88 85/80/74/87/70; 
ttag +89 87/81/70/79/80; 
ttag +90 30/[2]/2/0/7; 
ttag +91 97/97/95/98/94; 
ttag +92 99/99/99/99/99; 
ttag +93 66/60/53/58/48; 
ttag +94 98/96/91/93/91; 
