tread
'Tree with tags' 
(0 ((1 ((2 3 )(9 ((6 (7 (4 5 )))(8 (10 (11 12 )))))))((13 14 )(((15 16 )(17 (18 (19 ((20 21 )((22 23 )(24 25 )))))))((26 (27 (28 (29 30 ))))((39 (31 (((32 33 )(36 (37 38 )))(34 35 ))))((40 41 )(42 (43 ((44 45 )(46 47 ))))))))))); 
ttag *!; 
ttag +49 1; 
ttag +50 ???; 
ttag +51 8; 
ttag +52 5; 
ttag +53 6; 
ttag +54 1; 
ttag +55 8; 
ttag +56 2; 
ttag +57 3; 
ttag +58 2; 
ttag +59 5; 
ttag +60 3; 
ttag +61 3; 
ttag +62 1; 
ttag +63 14; 
ttag +64 6; 
ttag +65 1; 
ttag +66 1; 
ttag +67 6; 
ttag +68 3; 
ttag +69 15; 
ttag +70 8; 
ttag +71 13; 
ttag +72 5; 
ttag +73 2; 
ttag +74 7; 
ttag +75 4; 
ttag +76 5; 
ttag +77 3; 
ttag +78 12; 
ttag +79 4; 
ttag +80 1; 
ttag +81 7; 
ttag +82 8; 
ttag +83 1; 
ttag +84 5; 
ttag +85 1; 
ttag +86 10; 
ttag +87 11; 
ttag +88 3; 
ttag +89 4; 
ttag +90 6; 
ttag +91 5; 
ttag +92 3; 
ttag +93 7; 
ttag +94 2; 
tread
'Tree with tags' 
(0 ((1 ((2 3 )(9 ((6 (7 (4 5 )))(8 (10 (11 12 )))))))((13 14 )(((15 16 )(17 (18 (19 ((20 21 )((22 23 )(24 25 )))))))((26 (27 (28 (29 30 ))))((39 (31 (((32 33 )(36 (37 38 )))(34 35 ))))((40 41 )(42 (43 ((44 45 )(46 47 ))))))))))); 
ttag *!; 
ttag +0 ////; 
ttag +1 ////; 
ttag +2 ////; 
ttag +3 ////; 
ttag +4 ////; 
ttag +5 ////; 
ttag +6 ////; 
ttag +7 ////; 
ttag +8 ////; 
ttag +9 ////; 
ttag +10 ////; 
ttag +11 ////; 
ttag +12 ////; 
ttag +13 ////; 
ttag +14 ////; 
ttag +15 ////; 
ttag +16 ////; 
ttag +17 ////; 
ttag +18 ////; 
ttag +19 ////; 
ttag +20 ////; 
ttag +21 ////; 
ttag +22 ////; 
ttag +23 ////; 
ttag +24 ////; 
ttag +25 ////; 
ttag +26 ////; 
ttag +27 ////; 
ttag +28 ////; 
ttag +29 ////; 
ttag +30 ////; 
ttag +31 ////; 
ttag +32 ////; 
ttag +33 ////; 
ttag +34 ////; 
ttag +35 ////; 
ttag +36 ////; 
ttag +37 ////; 
ttag +38 ////; 
ttag +39 ////; 
ttag +40 ////; 
ttag +41 ////; 
ttag +42 ////; 
ttag +43 ////; 
ttag +44 ////; 
ttag +45 ////; 
ttag +46 ////; 
ttag +47 ////; 
ttag +48 ////; 
ttag +49 52/36/38/40/32; 
ttag +50 100/100/100/100/100; 
ttag +51 99/99/99/100/100; 
ttag +52 96/96/90/96/87; 
ttag +53 98/98/91/96/90; 
ttag +54 44/7/?/11/?; 
ttag +55 92/89/90/94/81; 
ttag +56 37/16/10/24/14; 
ttag +57 77/65/56/67/54; 
ttag +58 51/30/32/43/31; 
ttag +59 95/94/85/90/85; 
ttag +60 87/82/74/84/72; 
ttag +61 97/97/95/95/95; 
ttag +62 51/29/16/21/16; 
ttag +63 100/100/100/100/100; 
ttag +64 90/86/70/88/72; 
ttag +65 44/24/24/36/25; 
ttag +66 43/15/8/10/8; 
ttag +67 98/97/88/95/86; 
ttag +68 94/93/81/83/77; 
ttag +69 100/100/100/100/100; 
ttag +70 99/99/96/99/97; 
ttag +71 100/100/100/100/100; 
ttag +72 96/96/90/98/91; 
ttag +73 76/66/50/62/46; 
ttag +74 100/100/97/98/97; 
ttag +75 89/86/77/90/80; 
ttag +76 99/99/93/96/94; 
ttag +77 95/95/92/95/93; 
ttag +78 100/100/100/100/100; 
ttag +79 90/86/74/87/78; 
ttag +80 56/45/31/44/33; 
ttag +81 97/96/93/97/93; 
ttag +82 100/100/100/100/100; 
ttag +83 41/28/19/25/28; 
ttag +84 95/94/90/94/90; 
ttag +85 63/50/40/41/42; 
ttag +86 99/99/99/100/98; 
ttag +87 100/100/99/99/99; 
ttag +88 79/72/56/70/58; 
ttag +89 91/89/78/93/86; 
ttag +90 98/98/97/98/96; 
ttag +91 89/83/75/84/84; 
ttag +92 84/76/78/78/65; 
ttag +93 100/100/96/100/95; 
ttag +94 76/73/50/60/56; 
