tread
'Tree with tags' 
(0 (1 ((10 (2 3 )((4 5 )(6 7 ))(8 9 )(11 12 ))(13 14 ))((15 16 )(17 (18 (19 ((20 21 )((22 23 )(24 25 )))))))((26 (27 (28 (29 30 ))))(((39 (31 (((32 33 )(36 (37 38 )))(34 35 ))))(40 41 ))(42 (43 ((44 45 )(46 47 )))))))); 
ttag *!; 
ttag +49 ???; 
ttag +50 1; 
ttag +51 10; 
ttag +52 1; 
ttag +53 6; 
ttag +54 6; 
ttag +55 3; 
ttag +56 3; 
ttag +57 9; 
ttag +58 4; 
ttag +59 11; 
ttag +60 2; 
ttag +61 1; 
ttag +62 2; 
ttag +63 2; 
ttag +64 13; 
ttag +65 2; 
ttag +66 9; 
ttag +67 2; 
ttag +68 2; 
ttag +69 5; 
ttag +70 5; 
ttag +71 7; 
ttag +72 6; 
ttag +73 16; 
ttag +74 7; 
ttag +75 1; 
ttag +76 1; 
ttag +77 7; 
ttag +78 6; 
ttag +79 1; 
ttag +80 5; 
ttag +81 3; 
ttag +82 13; 
ttag +83 9; 
ttag +84 2; 
ttag +85 11; 
ttag +86 1; 
ttag +87 7; 
ttag +88 4; 
ttag +89 3; 
tread
'Tree with tags' 
(0 (((1 ((15 16 )(17 (18 (19 ((20 21 )((22 23 )(24 25 ))))))))((26 (27 (28 (29 30 ))))(((39 (31 (((32 33 )(36 (37 38 )))(34 35 ))))(40 41 ))(42 (43 ((44 45 )(46 47 )))))))((((10 ((2 3 )(11 12 )))(8 9 ))((4 5 )(6 7 )))(13 14 )))); 
ttag *!; 
ttag +0 ////; 
ttag +1 ////; 
ttag +2 ////; 
ttag +3 ////; 
ttag +4 ////; 
ttag +5 ////; 
ttag +6 ////; 
ttag +7 ////; 
ttag +8 ////; 
ttag +9 ////; 
ttag +10 ////; 
ttag +11 ////; 
ttag +12 ////; 
ttag +13 ////; 
ttag +14 ////; 
ttag +15 ////; 
ttag +16 ////; 
ttag +17 ////; 
ttag +18 ////; 
ttag +19 ////; 
ttag +20 ////; 
ttag +21 ////; 
ttag +22 ////; 
ttag +23 ////; 
ttag +24 ////; 
ttag +25 ////; 
ttag +26 ////; 
ttag +27 ////; 
ttag +28 ////; 
ttag +29 ////; 
ttag +30 ////; 
ttag +31 ////; 
ttag +32 ////; 
ttag +33 ////; 
ttag +34 ////; 
ttag +35 ////; 
ttag +36 ////; 
ttag +37 ////; 
ttag +38 ////; 
ttag +39 ////; 
ttag +40 ////; 
ttag +41 ////; 
ttag +42 ////; 
ttag +43 ////; 
ttag +44 ////; 
ttag +45 ////; 
ttag +46 ////; 
ttag +47 ////; 
ttag +48 ////; 
ttag +49 6/[28]/?/?/?; 
ttag +50 0/[34]/?/?/?; 
ttag +51 100/100/100/100/100; 
ttag +52 44/11/16/10/12; 
ttag +53 10/[37]/?/?/?; 
ttag +54 6/[40]/?/?/?; 
ttag +55 10/[37]/?/?/?; 
ttag +56 98/98/98/100/96; 
ttag +57 21/[13]/?/?/?; 
ttag +58 99/99/95/100/96; 
ttag +59 97/97/91/98/92; 
ttag +60 97/96/92/95/92; 
ttag +61 76/71/57/80/56; 
ttag +62 100/100/100/100/99; 
ttag +63 96/95/96/93/92; 
ttag +64 100/100/100/100/100; 
ttag +65 64/39/40/54/42; 
ttag +66 40/16/19/24/17; 
ttag +67 64/39/40/53/38; 
ttag +68 50/25/22/37/17; 
ttag +69 100/100/100/100/100; 
ttag +70 67/43/50/58/48; 
ttag +71 100/100/99/100/100; 
ttag +72 62/40/42/52/42; 
ttag +73 52/40/40/48/39; 
ttag +74 99/99/98/98/94; 
ttag +75 95/93/90/95/88; 
ttag +76 98/96/97/99/95; 
ttag +77 98/98/96/98/95; 
ttag +78 100/100/100/100/100; 
ttag +79 97/96/92/97/92; 
ttag +80 66/54/36/43/53; 
ttag +81 46/10/?/6/?; 
ttag +82 100/100/98/100/96; 
ttag +83 98/98/98/99/98; 
ttag +84 66/46/26/38/34; 
ttag +85 96/96/89/93/87; 
ttag +86 93/90/86/91/84; 
ttag +87 100/100/100/100/100; 
ttag +88 99/99/99/100/98; 
ttag +89 75/62/48/64/48; 
ttag +90 100/100/100/100/100; 
ttag +91 58/40/25/43/24; 
ttag +92 100/100/96/99/97; 
ttag +93 90/88/80/90/83; 
ttag +94 88/87/77/87/78; 
