tread
'Tree with tags' 
(0 ((1 ((2 3 )((4 5 )(6 7 ))(9 (8 (10 (11 12 ))))))(13 14 )(17 (15 16 )(18 (19 ((20 21 )((22 23 )(24 25 ))))))((26 (27 (28 (29 30 ))))(39 (31 (((32 33 )(34 35 ))(36 (37 38 ))))((40 41 )(42 (43 ((44 45 )(46 47 ))))))))); 
ttag *!; 
ttag +49 3; 
ttag +50 ???; 
ttag +51 8; 
ttag +52 6; 
ttag +53 4; 
ttag +54 12; 
ttag +55 1; 
ttag +56 1; 
ttag +57 2; 
ttag +58 2; 
ttag +59 9; 
ttag +60 9; 
ttag +61 7; 
ttag +62 7; 
ttag +63 3; 
ttag +64 1; 
ttag +65 3; 
ttag +66 7; 
ttag +67 10; 
ttag +68 5; 
ttag +69 10; 
ttag +70 12; 
ttag +71 3; 
ttag +72 1; 
ttag +73 4; 
ttag +74 9; 
ttag +75 6; 
ttag +76 6; 
ttag +77 7; 
ttag +78 1; 
ttag +79 2; 
ttag +80 4; 
ttag +81 10; 
ttag +82 9; 
ttag +83 1; 
ttag +84 5; 
ttag +85 12; 
ttag +86 4; 
ttag +87 2; 
ttag +88 8; 
ttag +89 1; 
tread
'Tree with tags' 
(0 ((1 (((2 3 )(9 (8 (10 (11 12 )))))((4 5 )(6 7 ))))(((13 14 )((17 (15 16 ))(18 (19 ((20 21 )((22 23 )(24 25 )))))))((26 (27 (28 (29 30 ))))((39 (31 (((32 33 )(34 35 ))(36 (37 38 )))))((40 41 )(42 (43 ((44 45 )(46 47 )))))))))); 
ttag *!; 
ttag +0 ////; 
ttag +1 ////; 
ttag +2 ////; 
ttag +3 ////; 
ttag +4 ////; 
ttag +5 ////; 
ttag +6 ////; 
ttag +7 ////; 
ttag +8 ////; 
ttag +9 ////; 
ttag +10 ////; 
ttag +11 ////; 
ttag +12 ////; 
ttag +13 ////; 
ttag +14 ////; 
ttag +15 ////; 
ttag +16 ////; 
ttag +17 ////; 
ttag +18 ////; 
ttag +19 ////; 
ttag +20 ////; 
ttag +21 ////; 
ttag +22 ////; 
ttag +23 ////; 
ttag +24 ////; 
ttag +25 ////; 
ttag +26 ////; 
ttag +27 ////; 
ttag +28 ////; 
ttag +29 ////; 
ttag +30 ////; 
ttag +31 ////; 
ttag +32 ////; 
ttag +33 ////; 
ttag +34 ////; 
ttag +35 ////; 
ttag +36 ////; 
ttag +37 ////; 
ttag +38 ////; 
ttag +39 ////; 
ttag +40 ////; 
ttag +41 ////; 
ttag +42 ////; 
ttag +43 ////; 
ttag +44 ////; 
ttag +45 ////; 
ttag +46 ////; 
ttag +47 ////; 
ttag +48 ////; 
ttag +49 92/91/81/94/78; 
ttag +50 100/100/100/100/100; 
ttag +51 100/100/100/99/100; 
ttag +52 10/[28]/?/?/?; 
ttag +53 98/98/88/98/92; 
ttag +54 94/91/90/95/95; 
ttag +55 100/100/100/100/100; 
ttag +56 72/53/48/58/59; 
ttag +57 31/8/11/30/14; 
ttag +58 71/54/54/72/59; 
ttag +59 69/55/50/66/54; 
ttag +60 100/100/100/100/100; 
ttag +61 100/100/100/99/98; 
ttag +62 17/[18]/?/?/?; 
ttag +63 46/28/14/19/5; 
ttag +64 100/100/100/100/98; 
ttag +65 42/24/16/35/17; 
ttag +66 99/99/92/98/95; 
ttag +67 88/85/84/89/83; 
ttag +68 70/63/60/71/66; 
ttag +69 95/95/97/94/95; 
ttag +70 100/100/98/99/99; 
ttag +71 100/100/100/100/100; 
ttag +72 98/98/95/99/96; 
ttag +73 100/100/100/100/99; 
ttag +74 100/100/100/100/100; 
ttag +75 89/86/67/87/72; 
ttag +76 63/46/34/54/41; 
ttag +77 97/96/94/97/90; 
ttag +78 100/100/100/100/100; 
ttag +79 96/96/93/100/94; 
ttag +80 33/1/4/?/?; 
ttag +81 99/98/96/100/97; 
ttag +82 100/100/98/99/98; 
ttag +83 61/42/39/52/40; 
ttag +84 82/75/80/76/68; 
ttag +85 98/98/99/98/97; 
ttag +86 99/99/100/100/98; 
ttag +87 100/100/99/100/98; 
ttag +88 68/54/43/47/31; 
ttag +89 97/96/94/97/96; 
ttag +90 100/100/99/100/100; 
ttag +91 96/96/96/94/92; 
ttag +92 74/62/64/68/54; 
ttag +93 100/100/99/100/100; 
ttag +94 64/45/38/47/45; 
