tread
'Tree with tags' 
(0 ((1 (8 9 (2 3 )((4 5 )(6 7 ))(10 (11 12 ))))((13 14 )((15 16 )(17 (18 (19 ((20 21 )((22 23 )(24 25 )))))))((26 27 (28 (29 30 )))(39 (31 ((32 33 )(34 35 )(36 (37 38 ))))((40 41 )(42 (43 ((44 45 )(46 47 )))))))))); 
ttag *!; 
ttag +49 1; 
ttag +50 ???; 
ttag +51 6; 
ttag +52 7; 
ttag +53 6; 
ttag +54 5; 
ttag +55 2; 
ttag +56 4; 
ttag +57 9; 
ttag +58 7; 
ttag +59 1; 
ttag +60 10; 
ttag +61 4; 
ttag +62 1; 
ttag +63 4; 
ttag +64 1; 
ttag +65 7; 
ttag +66 8; 
ttag +67 13; 
ttag +68 1; 
ttag +69 2; 
ttag +70 6; 
ttag +71 3; 
ttag +72 5; 
ttag +73 4; 
ttag +74 8; 
ttag +75 4; 
ttag +76 2; 
ttag +77 8; 
ttag +78 3; 
ttag +79 6; 
ttag +80 11; 
ttag +81 6; 
ttag +82 7; 
ttag +83 4; 
ttag +84 4; 
ttag +85 6; 
ttag +86 3; 
ttag +87 1; 
tread
'Tree with tags' 
(0 ((1 ((((2 3 )(10 (11 12 )))(8 9 ))((4 5 )(6 7 ))))(((13 14 )((26 (27 (28 (29 30 ))))((39 (31 ((32 33 )((34 35 )(36 (37 38 ))))))((40 41 )(42 (43 ((44 45 )(46 47 ))))))))((15 16 )(17 (18 (19 ((20 21 )((22 23 )(24 25 )))))))))); 
ttag *!; 
ttag +0 ////; 
ttag +1 ////; 
ttag +2 ////; 
ttag +3 ////; 
ttag +4 ////; 
ttag +5 ////; 
ttag +6 ////; 
ttag +7 ////; 
ttag +8 ////; 
ttag +9 ////; 
ttag +10 ////; 
ttag +11 ////; 
ttag +12 ////; 
ttag +13 ////; 
ttag +14 ////; 
ttag +15 ////; 
ttag +16 ////; 
ttag +17 ////; 
ttag +18 ////; 
ttag +19 ////; 
ttag +20 ////; 
ttag +21 ////; 
ttag +22 ////; 
ttag +23 ////; 
ttag +24 ////; 
ttag +25 ////; 
ttag +26 ////; 
ttag +27 ////; 
ttag +28 ////; 
ttag +29 ////; 
ttag +30 ////; 
ttag +31 ////; 
ttag +32 ////; 
ttag +33 ////; 
ttag +34 ////; 
ttag +35 ////; 
ttag +36 ////; 
ttag +37 ////; 
ttag +38 ////; 
ttag +39 ////; 
ttag +40 ////; 
ttag +41 ////; 
ttag +42 ////; 
ttag +43 ////; 
ttag +44 ////; 
ttag +45 ////; 
ttag +46 ////; 
ttag +47 ////; 
ttag +48 ////; 
ttag +49 38/20/12/24/17; 
ttag +50 100/100/100/100/100; 
ttag +51 97/97/90/94/90; 
ttag +52 25/[7]/?/?/?; 
ttag +53 19/[13]/?/?/?; 
ttag +54 99/99/97/99/96; 
ttag +55 100/100/99/99/99; 
ttag +56 97/96/93/98/93; 
ttag +57 77/67/56/72/53; 
ttag +58 23/12/3/7/5; 
ttag +59 93/90/87/93/82; 
ttag +60 100/100/99/100/98; 
ttag +61 99/99/94/100/99; 
ttag +62 39/26/13/25/12; 
ttag +63 35/17/9/19/5; 
ttag +64 99/99/99/100/98; 
ttag +65 83/80/66/83/73; 
ttag +66 77/70/45/72/53; 
ttag +67 95/93/95/98/90; 
ttag +68 53/28/36/45/34; 
ttag +69 100/100/100/100/100; 
ttag +70 100/100/98/99/97; 
ttag +71 100/100/99/100/100; 
ttag +72 52/25/20/33/20; 
ttag +73 68/58/44/62/50; 
ttag +74 100/100/99/100/97; 
ttag +75 77/67/60/72/58; 
ttag +76 53/27/9/32/16; 
ttag +77 93/90/85/92/84; 
ttag +78 91/89/78/89/83; 
ttag +79 98/98/98/98/98; 
ttag +80 39/8/21/14/17; 
ttag +81 94/90/82/88/80; 
ttag +82 73/56/46/60/44; 
ttag +83 99/98/98/99/97; 
ttag +84 92/90/91/94/83; 
ttag +85 37/15/11/6/16; 
ttag +86 96/94/88/93/88; 
ttag +87 100/100/100/100/100; 
ttag +88 99/99/94/97/92; 
ttag +89 98/98/94/99/98; 
ttag +90 98/98/90/93/88; 
ttag +91 95/94/87/94/94; 
ttag +92 98/97/95/98/93; 
ttag +93 92/90/76/86/79; 
ttag +94 62/46/44/46/38; 
