tread
'Tree with tags' 
(0 ((1 (((2 3 )(((4 5 )(6 7 ))(9 (8 (10 (11 12 ))))))((15 16 )(17 ((18 19 )((20 21 )((22 23 )(24 25 ))))))))((13 14 )((26 27 (28 (29 30 )))(31 ((32 33 )(34 35 )(36 (37 38 ))))(39 ((40 41 )(42 (43 ((44 45 )(46 47 )))))))))); 
ttag *!; 
ttag +49 2; 
ttag +50 ???; 
ttag +51 10; 
ttag +52 6; 
ttag +53 2; 
ttag +54 10; 
ttag +55 9; 
ttag +56 3; 
ttag +57 3; 
ttag +58 2; 
ttag +59 3; 
ttag +60 6; 
ttag +61 7; 
ttag +62 11; 
ttag +63 1; 
ttag +64 20; 
ttag +65 7; 
ttag +66 2; 
ttag +67 1; 
ttag +68 2; 
ttag +69 8; 
ttag +70 3; 
ttag +71 4; 
ttag +72 1; 
ttag +73 10; 
ttag +74 8; 
ttag +75 6; 
ttag +76 8; 
ttag +77 5; 
ttag +78 5; 
ttag +79 1; 
ttag +80 4; 
ttag +81 6; 
ttag +82 10; 
ttag +83 3; 
ttag +84 1; 
ttag +85 1; 
ttag +86 4; 
ttag +87 7; 
ttag +88 5; 
ttag +89 12; 
ttag +90 3; 
ttag +91 4; 
tread
'Tree with tags' 
(0 ((1 (((2 3 )(((4 5 )(6 7 ))(9 (8 (10 (11 12 ))))))((15 16 )(17 ((18 19 )((20 21 )((22 23 )(24 25 ))))))))((13 14 )((27 (26 (28 (29 30 ))))((31 (((32 33 )(34 35 ))(36 (37 38 ))))(39 ((40 41 )(42 (43 ((44 45 )(46 47 ))))))))))); 
ttag *!; 
ttag +0 ////; 
ttag +1 ////; 
ttag +2 ////; 
ttag +3 ////; 
ttag +4 ////; 
ttag +5 ////; 
ttag +6 ////; 
ttag +7 ////; 
ttag +8 ////; 
ttag +9 ////; 
ttag +10 ////; 
ttag +11 ////; 
ttag +12 ////; 
ttag +13 ////; 
ttag +14 ////; 
ttag +15 ////; 
ttag +16 ////; 
ttag +17 ////; 
ttag +18 ////; 
ttag +19 ////; 
ttag +20 ////; 
ttag +21 ////; 
ttag +22 ////; 
ttag +23 ////; 
ttag +24 ////; 
ttag +25 ////; 
ttag +26 ////; 
ttag +27 ////; 
ttag +28 ////; 
ttag +29 ////; 
ttag +30 ////; 
ttag +31 ////; 
ttag +32 ////; 
ttag +33 ////; 
ttag +34 ////; 
ttag +35 ////; 
ttag +36 ////; 
ttag +37 ////; 
ttag +38 ////; 
ttag +39 ////; 
ttag +40 ////; 
ttag +41 ////; 
ttag +42 ////; 
ttag +43 ////; 
ttag +44 ////; 
ttag +45 ////; 
ttag +46 ////; 
ttag +47 ////; 
ttag +48 ////; 
ttag +49 66/61/53/60/49; 
ttag +50 100/100/100/100/100; 
ttag +51 99/99/99/99/98; 
ttag +52 95/94/86/96/86; 
ttag +53 71/66/59/68/60; 
ttag +54 100/100/100/100/99; 
ttag +55 100/100/98/100/98; 
ttag +56 86/83/74/83/72; 
ttag +57 85/83/68/85/70; 
ttag +58 81/79/63/77/67; 
ttag +59 65/52/42/59/34; 
ttag +60 97/96/88/97/88; 
ttag +61 99/99/96/100/94; 
ttag +62 100/100/99/100/100; 
ttag +63 72/69/55/56/55; 
ttag +64 100/100/100/100/100; 
ttag +65 96/94/86/96/89; 
ttag +66 65/52/58/58/55; 
ttag +67 28/20/19/26/20; 
ttag +68 61/47/43/57/42; 
ttag +69 100/100/100/100/100; 
ttag +70 74/66/65/70/56; 
ttag +71 93/90/82/92/86; 
ttag +72 42/26/20/41/23; 
ttag +73 99/99/99/99/98; 
ttag +74 29/[3]/?/?/7; 
ttag +75 99/99/98/99/98; 
ttag +76 96/96/83/96/86; 
ttag +77 99/99/97/99/97; 
ttag +78 96/95/89/97/92; 
ttag +79 95/93/88/93/89; 
ttag +80 27/[4]/1/?/4; 
ttag +81 60/42/50/49/44; 
ttag +82 22/[40]/?/?/?; 
ttag +83 94/93/87/92/88; 
ttag +84 100/100/100/100/98; 
ttag +85 100/100/99/100/100; 
ttag +86 87/84/72/78/70; 
ttag +87 48/34/19/36/28; 
ttag +88 53/40/36/48/49; 
ttag +89 92/90/85/92/82; 
ttag +90 99/99/97/100/98; 
ttag +91 91/89/80/89/85; 
ttag +92 100/100/99/100/100; 
ttag +93 90/88/82/84/81; 
ttag +94 94/92/80/95/89; 
