tread
'Tree with tags' 
(0 (1 (((2 3 )(((4 5 )(6 7 ))(9 (8 (10 (11 12 ))))))(13 14 ))(((15 16 )(17 (18 (19 ((20 21 )((22 23 )(24 25 )))))))((26 (27 (28 (29 30 ))))((31 ((32 33 )((34 35 )(36 (37 38 )))))(39 ((40 41 )(42 (43 ((44 45 )(46 47 ))))))))))); 
ttag *!; 
ttag +49 ???; 
ttag +50 13; 
ttag +51 6; 
ttag +52 1; 
ttag +53 6; 
ttag +54 13; 
ttag +55 3; 
ttag +56 6; 
ttag +57 3; 
ttag +58 2; 
ttag +59 4; 
ttag +60 10; 
ttag +61 8; 
ttag +62 9; 
ttag +63 3; 
ttag +64 1; 
ttag +65 1; 
ttag +66 6; 
ttag +67 4; 
ttag +68 8; 
ttag +69 4; 
ttag +70 6; 
ttag +71 7; 
ttag +72 2; 
ttag +73 6; 
ttag +74 10; 
ttag +75 4; 
ttag +76 10; 
ttag +77 11; 
ttag +78 9; 
ttag +79 5; 
ttag +80 4; 
ttag +81 2; 
ttag +82 5; 
ttag +83 2; 
ttag +84 12; 
ttag +85 8; 
ttag +86 3; 
ttag +87 3; 
ttag +88 2; 
ttag +89 4; 
ttag +90 1; 
ttag +91 14; 
ttag +92 3; 
ttag +93 1; 
tread
'Tree with tags' 
(0 ((1 (((2 3 )(((4 5 )(6 7 ))(9 (8 (10 (11 12 ))))))(13 14 )))(((15 16 )(17 (18 (19 ((20 21 )((22 23 )(24 25 )))))))((26 (27 (28 (29 30 ))))((31 ((32 33 )((34 35 )(36 (37 38 )))))(39 ((40 41 )(42 (43 ((44 45 )(46 47 ))))))))))); 
ttag *!; 
ttag +0 ////; 
ttag +1 ////; 
ttag +2 ////; 
ttag +3 ////; 
ttag +4 ////; 
ttag +5 ////; 
ttag +6 ////; 
ttag +7 ////; 
ttag +8 ////; 
ttag +9 ////; 
ttag +10 ////; 
ttag +11 ////; 
ttag +12 ////; 
ttag +13 ////; 
ttag +14 ////; 
ttag +15 ////; 
ttag +16 ////; 
ttag +17 ////; 
ttag +18 ////; 
ttag +19 ////; 
ttag +20 ////; 
ttag +21 ////; 
ttag +22 ////; 
ttag +23 ////; 
ttag +24 ////; 
ttag +25 ////; 
ttag +26 ////; 
ttag +27 ////; 
ttag +28 ////; 
ttag +29 ////; 
ttag +30 ////; 
ttag +31 ////; 
ttag +32 ////; 
ttag +33 ////; 
ttag +34 ////; 
ttag +35 ////; 
ttag +36 ////; 
ttag +37 ////; 
ttag +38 ////; 
ttag +39 ////; 
ttag +40 ////; 
ttag +41 ////; 
ttag +42 ////; 
ttag +43 ////; 
ttag +44 ////; 
ttag +45 ////; 
ttag +46 ////; 
ttag +47 ////; 
ttag +48 ////; 
ttag +49 7/[4]/?/?/?; 
ttag +50 100/100/100/100/100; 
ttag +51 100/100/100/100/99; 
ttag +52 98/98/95/97/96; 
ttag +53 43/22/29/26/22; 
ttag +54 98/98/94/98/98; 
ttag +55 99/99/99/100/100; 
ttag +56 72/58/44/68/42; 
ttag +57 95/91/88/97/87; 
ttag +58 76/66/54/73/57; 
ttag +59 72/66/53/65/60; 
ttag +60 94/93/93/96/92; 
ttag +61 100/100/100/100/100; 
ttag +62 100/100/100/100/100; 
ttag +63 100/100/100/99/98; 
ttag +64 61/56/47/64/49; 
ttag +65 24/2/?/7/?; 
ttag +66 54/31/36/29/31; 
ttag +67 97/96/91/98/91; 
ttag +68 95/94/86/95/82; 
ttag +69 100/100/98/100/100; 
ttag +70 95/94/94/94/91; 
ttag +71 99/99/95/99/95; 
ttag +72 98/96/96/97/94; 
ttag +73 90/90/87/90/86; 
ttag +74 100/100/93/98/97; 
ttag +75 99/99/98/99/96; 
ttag +76 93/91/90/97/91; 
ttag +77 100/100/100/100/100; 
ttag +78 100/100/99/100/99; 
ttag +79 99/99/98/99/99; 
ttag +80 90/84/78/84/72; 
ttag +81 95/92/92/95/91; 
ttag +82 78/71/54/72/55; 
ttag +83 100/100/98/97/98; 
ttag +84 70/56/43/65/46; 
ttag +85 100/100/100/100/100; 
ttag +86 98/98/95/98/94; 
ttag +87 80/74/61/71/59; 
ttag +88 77/68/60/73/63; 
ttag +89 85/81/70/78/66; 
ttag +90 87/83/76/92/82; 
ttag +91 45/23/20/34/29; 
ttag +92 100/100/99/100/99; 
ttag +93 76/66/66/76/58; 
ttag +94 48/30/20/32/18; 
