tread
'Tree with tags' 
(0 (((1 ((2 3 )((8 ((4 5 )(6 7 )))(9 (10 (11 12 ))))))(((15 16 )(17 (18 (19 ((20 21 )((22 23 )(24 25 )))))))(26 27 (28 (29 30 ))(39 ((31 (34 35 (32 33 )(36 (37 38 ))))((40 41 )(42 (43 (46 (47 (44 45 )))))))))))(13 14 ))); 
ttag *!; 
ttag +49 1; 
ttag +50 1; 
ttag +51 ???; 
ttag +52 3; 
ttag +53 6; 
ttag +54 4; 
ttag +55 7; 
ttag +56 2; 
ttag +57 5; 
ttag +58 8; 
ttag +59 1; 
ttag +60 6; 
ttag +61 12; 
ttag +62 7; 
ttag +63 9; 
ttag +64 5; 
ttag +65 1; 
ttag +66 5; 
ttag +67 6; 
ttag +68 3; 
ttag +69 8; 
ttag +70 6; 
ttag +71 8; 
ttag +72 7; 
ttag +73 9; 
ttag +74 6; 
ttag +75 5; 
ttag +76 10; 
ttag +77 8; 
ttag +78 2; 
ttag +79 8; 
ttag +80 3; 
ttag +81 7; 
ttag +82 9; 
ttag +83 10; 
ttag +84 8; 
ttag +85 7; 
ttag +86 10; 
ttag +87 7; 
ttag +88 4; 
ttag +89 1; 
ttag +90 7; 
tread
'Tree with tags' 
(0 (((1 ((2 3 )((8 ((4 5 )(6 7 )))(9 (10 (11 12 ))))))(((15 16 )(17 (18 (19 ((20 21 )((22 23 )(24 25 )))))))((26 (27 (39 ((31 ((32 33 )(34 (35 (36 (37 38 ))))))((40 41 )(42 (43 (46 (47 (44 45 ))))))))))(28 (29 30 )))))(13 14 ))); 
ttag *!; 
ttag +0 ////; 
ttag +1 ////; 
ttag +2 ////; 
ttag +3 ////; 
ttag +4 ////; 
ttag +5 ////; 
ttag +6 ////; 
ttag +7 ////; 
ttag +8 ////; 
ttag +9 ////; 
ttag +10 ////; 
ttag +11 ////; 
ttag +12 ////; 
ttag +13 ////; 
ttag +14 ////; 
ttag +15 ////; 
ttag +16 ////; 
ttag +17 ////; 
ttag +18 ////; 
ttag +19 ////; 
ttag +20 ////; 
ttag +21 ////; 
ttag +22 ////; 
ttag +23 ////; 
ttag +24 ////; 
ttag +25 ////; 
ttag +26 ////; 
ttag +27 ////; 
ttag +28 ////; 
ttag +29 ////; 
ttag +30 ////; 
ttag +31 ////; 
ttag +32 ////; 
ttag +33 ////; 
ttag +34 ////; 
ttag +35 ////; 
ttag +36 ////; 
ttag +37 ////; 
ttag +38 ////; 
ttag +39 ////; 
ttag +40 ////; 
ttag +41 ////; 
ttag +42 ////; 
ttag +43 ////; 
ttag +44 ////; 
ttag +45 ////; 
ttag +46 ////; 
ttag +47 ////; 
ttag +48 ////; 
ttag +49 42/10/1/9/?; 
ttag +50 32/0/?/?/?; 
ttag +51 100/100/100/100/100; 
ttag +52 96/94/90/92/90; 
ttag +53 95/94/88/95/82; 
ttag +54 82/74/59/75/64; 
ttag +55 95/93/85/96/87; 
ttag +56 50/30/17/35/13; 
ttag +57 67/58/48/66/47; 
ttag +58 100/100/95/100/95; 
ttag +59 26/6/?/13/?; 
ttag +60 92/90/88/95/86; 
ttag +61 100/100/100/100/100; 
ttag +62 98/98/93/98/96; 
ttag +63 100/100/100/100/98; 
ttag +64 80/68/49/73/63; 
ttag +65 46/34/10/36/9; 
ttag +66 88/84/77/88/66; 
ttag +67 93/91/88/89/86; 
ttag +68 88/82/60/81/72; 
ttag +69 100/100/100/100/100; 
ttag +70 97/96/90/96/92; 
ttag +71 99/99/99/100/99; 
ttag +72 99/99/92/99/94; 
ttag +73 100/100/99/100/99; 
ttag +74 23/[20]/?/?/?; 
ttag +75 99/98/96/98/95; 
ttag +76 40/22/6/14/4; 
ttag +77 98/98/98/97/96; 
ttag +78 100/100/100/100/100; 
ttag +79 100/100/99/100/99; 
ttag +80 93/91/90/87/86; 
ttag +81 100/100/98/98/97; 
ttag +82 92/89/83/88/80; 
ttag +83 100/100/96/99/96; 
ttag +84 22/[11]/?/?/?; 
ttag +85 26/[3]/?/1/?; 
ttag +86 100/100/100/100/100; 
ttag +87 100/100/100/100/100; 
ttag +88 100/100/100/100/100; 
ttag +89 100/100/98/100/97; 
ttag +90 100/100/100/100/99; 
ttag +91 100/100/99/99/97; 
ttag +92 90/86/78/89/88; 
ttag +93 54/33/32/31/26; 
ttag +94 100/100/98/100/99; 
