tread
'Tree with tags' 
(0 (((1 ((2 3 )(7 (6 (4 5 )))((8 9 )(10 (11 12 )))))(13 14 ))(((15 16 )(17 (18 (19 ((20 21 )(22 23 )(24 25 ))))))((26 27 (28 (29 30 )))(39 (31 (((32 33 )(34 35 ))(36 (37 38 ))))(40 41 )(42 (43 (47 (46 (44 45 )))))))))); 
ttag *!; 
ttag +49 2; 
ttag +50 1; 
ttag +51 ???; 
ttag +52 5; 
ttag +53 8; 
ttag +54 8; 
ttag +55 1; 
ttag +56 3; 
ttag +57 1; 
ttag +58 4; 
ttag +59 5; 
ttag +60 3; 
ttag +61 10; 
ttag +62 10; 
ttag +63 8; 
ttag +64 2; 
ttag +65 5; 
ttag +66 3; 
ttag +67 3; 
ttag +68 6; 
ttag +69 7; 
ttag +70 11; 
ttag +71 6; 
ttag +72 6; 
ttag +73 4; 
ttag +74 4; 
ttag +75 5; 
ttag +76 5; 
ttag +77 6; 
ttag +78 10; 
ttag +79 1; 
ttag +80 8; 
ttag +81 2; 
ttag +82 6; 
ttag +83 11; 
ttag +84 5; 
ttag +85 11; 
ttag +86 1; 
ttag +87 7; 
ttag +88 2; 
ttag +89 7; 
tread
'Tree with tags' 
(0 (((1 (((2 3 )((8 9 )(10 (11 12 ))))(7 (6 (4 5 )))))(13 14 ))(((15 16 )(17 (18 (19 (((20 21 )(24 25 ))(22 23 ))))))((27 (26 (28 (29 30 ))))((39 (31 (((32 33 )(34 35 ))(36 (37 38 )))))((40 41 )(42 (43 (47 (46 (44 45 ))))))))))); 
ttag *!; 
ttag +0 ////; 
ttag +1 ////; 
ttag +2 ////; 
ttag +3 ////; 
ttag +4 ////; 
ttag +5 ////; 
ttag +6 ////; 
ttag +7 ////; 
ttag +8 ////; 
ttag +9 ////; 
ttag +10 ////; 
ttag +11 ////; 
ttag +12 ////; 
ttag +13 ////; 
ttag +14 ////; 
ttag +15 ////; 
ttag +16 ////; 
ttag +17 ////; 
ttag +18 ////; 
ttag +19 ////; 
ttag +20 ////; 
ttag +21 ////; 
ttag +22 ////; 
ttag +23 ////; 
ttag +24 ////; 
ttag +25 ////; 
ttag +26 ////; 
ttag +27 ////; 
ttag +28 ////; 
ttag +29 ////; 
ttag +30 ////; 
ttag +31 ////; 
ttag +32 ////; 
ttag +33 ////; 
ttag +34 ////; 
ttag +35 ////; 
ttag +36 ////; 
ttag +37 ////; 
ttag +38 ////; 
ttag +39 ////; 
ttag +40 ////; 
ttag +41 ////; 
ttag +42 ////; 
ttag +43 ////; 
ttag +44 ////; 
ttag +45 ////; 
ttag +46 ////; 
ttag +47 ////; 
ttag +48 ////; 
ttag +49 65/57/38/58/44; 
ttag +50 19/11/0/15/8; 
ttag +51 100/100/100/100/100; 
ttag +52 95/94/87/96/88; 
ttag +53 25/[16]/?/?/?; 
ttag +54 99/99/96/100/97; 
ttag +55 100/100/100/100/100; 
ttag +56 40/2/3/?/?; 
ttag +57 92/92/86/94/88; 
ttag +58 57/30/16/14/27; 
ttag +59 92/92/87/90/84; 
ttag +60 97/96/94/98/95; 
ttag +61 97/97/98/96/94; 
ttag +62 99/99/100/100/99; 
ttag +63 100/100/100/100/99; 
ttag +64 96/95/90/98/91; 
ttag +65 63/55/37/52/42; 
ttag +66 95/94/87/96/90; 
ttag +67 94/92/84/94/88; 
ttag +68 95/94/89/93/92; 
ttag +69 99/99/100/100/100; 
ttag +70 33/1/?/?/?; 
ttag +71 99/99/97/98/96; 
ttag +72 100/100/99/100/100; 
ttag +73 98/98/92/98/92; 
ttag +74 25/[13]/?/?/7; 
ttag +75 100/100/97/100/98; 
ttag +76 80/78/62/70/59; 
ttag +77 93/92/94/96/89; 
ttag +78 98/97/96/98/95; 
ttag +79 97/96/92/94/91; 
ttag +80 25/[15]/?/?/?; 
ttag +81 98/97/93/97/92; 
ttag +82 99/99/100/100/100; 
ttag +83 55/35/35/33/26; 
ttag +84 100/100/97/100/98; 
ttag +85 72/67/56/58/56; 
ttag +86 100/100/96/99/98; 
ttag +87 100/100/100/100/99; 
ttag +88 97/96/87/98/89; 
ttag +89 47/23/31/34/14; 
ttag +90 100/100/100/100/100; 
ttag +91 65/50/42/60/54; 
ttag +92 93/89/76/94/82; 
ttag +93 72/65/54/66/57; 
ttag +94 99/99/97/98/96; 
