tread
'Tree with tags' 
(0 (1 ((2 3 )((6 7 (4 5 ))(8 9 )(10 (11 12 ))))(13 14 )((15 16 )(17 ((18 19 )((20 21 )((22 23 )(24 25 ))))))(39 (26 (27 (28 (29 30 ))))(31 (((32 33 )(36 (37 38 )))(34 35 )))(40 41 )(42 43 ((44 45 )(46 47 )))))); 
ttag *!; 
ttag +49 ???; 
ttag +50 2; 
ttag +51 9; 
ttag +52 6; 
ttag +53 3; 
ttag +54 1; 
ttag +55 1; 
ttag +56 2; 
ttag +57 12; 
ttag +58 10; 
ttag +59 8; 
ttag +60 5; 
ttag +61 2; 
ttag +62 1; 
ttag +63 9; 
ttag +64 7; 
ttag +65 3; 
ttag +66 11; 
ttag +67 4; 
ttag +68 2; 
ttag +69 11; 
ttag +70 5; 
ttag +71 5; 
ttag +72 5; 
ttag +73 3; 
ttag +74 8; 
ttag +75 2; 
ttag +76 1; 
ttag +77 3; 
ttag +78 3; 
ttag +79 10; 
ttag +80 5; 
ttag +81 2; 
ttag +82 5; 
ttag +83 10; 
ttag +84 5; 
ttag +85 2; 
tread
'Tree with tags' 
(0 (((1 (((2 3 )(((7 (6 (4 5 )))(8 9 ))(10 (11 12 ))))((15 16 )(17 ((18 19 )((20 21 )((22 23 )(24 25 ))))))))((26 (27 (28 (29 30 ))))(39 ((31 (((32 33 )(36 (37 38 )))(34 35 )))((40 41 )(42 (43 ((44 45 )(46 47 )))))))))(13 14 ))); 
ttag *!; 
ttag +0 ////; 
ttag +1 ////; 
ttag +2 ////; 
ttag +3 ////; 
ttag +4 ////; 
ttag +5 ////; 
ttag +6 ////; 
ttag +7 ////; 
ttag +8 ////; 
ttag +9 ////; 
ttag +10 ////; 
ttag +11 ////; 
ttag +12 ////; 
ttag +13 ////; 
ttag +14 ////; 
ttag +15 ////; 
ttag +16 ////; 
ttag +17 ////; 
ttag +18 ////; 
ttag +19 ////; 
ttag +20 ////; 
ttag +21 ////; 
ttag +22 ////; 
ttag +23 ////; 
ttag +24 ////; 
ttag +25 ////; 
ttag +26 ////; 
ttag +27 ////; 
ttag +28 ////; 
ttag +29 ////; 
ttag +30 ////; 
ttag +31 ////; 
ttag +32 ////; 
ttag +33 ////; 
ttag +34 ////; 
ttag +35 ////; 
ttag +36 ////; 
ttag +37 ////; 
ttag +38 ////; 
ttag +39 ////; 
ttag +40 ////; 
ttag +41 ////; 
ttag +42 ////; 
ttag +43 ////; 
ttag +44 ////; 
ttag +45 ////; 
ttag +46 ////; 
ttag +47 ////; 
ttag +48 ////; 
ttag +49 27/10/2/12/15; 
ttag +50 21/4/3/?/?; 
ttag +51 100/100/100/100/100; 
ttag +52 87/82/77/86/76; 
ttag +53 99/99/99/99/98; 
ttag +54 18/[18]/?/?/?; 
ttag +55 99/99/96/100/97; 
ttag +56 32/16/17/18/11; 
ttag +57 85/80/74/84/70; 
ttag +58 16/[3]/?/?/?; 
ttag +59 48/28/14/12/20; 
ttag +60 55/35/22/24/27; 
ttag +61 62/58/41/51/42; 
ttag +62 100/100/100/100/100; 
ttag +63 100/100/99/100/100; 
ttag +64 100/100/100/99/100; 
ttag +65 99/99/96/99/96; 
ttag +66 59/44/44/56/38; 
ttag +67 57/50/37/50/25; 
ttag +68 99/99/98/99/96; 
ttag +69 100/100/100/99/98; 
ttag +70 79/72/58/75/52; 
ttag +71 100/100/99/100/99; 
ttag +72 93/91/82/91/85; 
ttag +73 74/59/59/68/61; 
ttag +74 100/100/99/100/99; 
ttag +75 93/92/84/94/80; 
ttag +76 99/99/97/98/94; 
ttag +77 98/98/95/96/93; 
ttag +78 91/90/86/89/77; 
ttag +79 100/100/99/100/98; 
ttag +80 37/13/5/8/3; 
ttag +81 26/[2]/9/12/14; 
ttag +82 79/69/72/72/75; 
ttag +83 48/36/27/44/26; 
ttag +84 89/86/78/88/75; 
ttag +85 88/83/82/88/79; 
ttag +86 100/100/98/100/100; 
ttag +87 93/88/90/94/92; 
ttag +88 83/78/63/73/68; 
ttag +89 40/12/29/30/28; 
ttag +90 98/97/91/97/91; 
ttag +91 32/0/1/2/?; 
ttag +92 100/100/100/100/100; 
ttag +93 98/98/96/99/94; 
ttag +94 84/79/76/76/68; 
