tread
'Tree with tags' 
(0 ((1 ((2 3 )(8 9 (6 7 (4 5 ))(10 (11 12 )))))(13 14 )(17 18 (15 16 )(19 ((20 21 )((22 23 )(24 25 )))))(26 (27 (28 (29 30 )))(39 (31 ((32 33 )((34 35 )(36 (37 38 )))))((40 41 )(42 (43 ((44 45 )(46 47 ))))))))); 
ttag *!; 
ttag +49 1; 
ttag +50 ???; 
ttag +51 6; 
ttag +52 8; 
ttag +53 2; 
ttag +54 5; 
ttag +55 4; 
ttag +56 2; 
ttag +57 3; 
ttag +58 9; 
ttag +59 8; 
ttag +60 6; 
ttag +61 1; 
ttag +62 8; 
ttag +63 7; 
ttag +64 14; 
ttag +65 4; 
ttag +66 4; 
ttag +67 3; 
ttag +68 1; 
ttag +69 5; 
ttag +70 9; 
ttag +71 3; 
ttag +72 9; 
ttag +73 2; 
ttag +74 5; 
ttag +75 5; 
ttag +76 1; 
ttag +77 8; 
ttag +78 7; 
ttag +79 1; 
ttag +80 8; 
ttag +81 4; 
ttag +82 6; 
ttag +83 4; 
ttag +84 3; 
ttag +85 3; 
tread
'Tree with tags' 
(0 ((1 ((2 3 )(8 9 (6 7 (4 5 ))(10 (11 12 )))))(13 14 )(17 18 (15 16 )(19 ((20 21 )((22 23 )(24 25 )))))(26 (27 (28 (29 30 )))(39 (31 ((32 33 )((34 35 )(36 (37 38 )))))((40 41 )(42 (43 ((44 45 )(46 47 ))))))))); 
ttag *!; 
ttag +0 ////; 
ttag +1 ////; 
ttag +2 ////; 
ttag +3 ////; 
ttag +4 ////; 
ttag +5 ////; 
ttag +6 ////; 
ttag +7 ////; 
ttag +8 ////; 
ttag +9 ////; 
ttag +10 ////; 
ttag +11 ////; 
ttag +12 ////; 
ttag +13 ////; 
ttag +14 ////; 
ttag +15 ////; 
ttag +16 ////; 
ttag +17 ////; 
ttag +18 ////; 
ttag +19 ////; 
ttag +20 ////; 
ttag +21 ////; 
ttag +22 ////; 
ttag +23 ////; 
ttag +24 ////; 
ttag +25 ////; 
ttag +26 ////; 
ttag +27 ////; 
ttag +28 ////; 
ttag +29 ////; 
ttag +30 ////; 
ttag +31 ////; 
ttag +32 ////; 
ttag +33 ////; 
ttag +34 ////; 
ttag +35 ////; 
ttag +36 ////; 
ttag +37 ////; 
ttag +38 ////; 
ttag +39 ////; 
ttag +40 ////; 
ttag +41 ////; 
ttag +42 ////; 
ttag +43 ////; 
ttag +44 ////; 
ttag +45 ////; 
ttag +46 ////; 
ttag +47 ////; 
ttag +48 ////; 
ttag +49 44/21/14/32/10; 
ttag +50 100/100/100/100/100; 
ttag +51 96/93/91/96/91; 
ttag +52 98/98/96/99/95; 
ttag +53 83/72/64/77/70; 
ttag +54 98/98/92/96/92; 
ttag +55 82/79/79/86/75; 
ttag +56 76/67/66/70/68; 
ttag +57 91/88/76/90/82; 
ttag +58 100/100/100/100/100; 
ttag +59 100/100/100/100/100; 
ttag +60 96/94/91/96/89; 
ttag +61 63/45/32/51/26; 
ttag +62 100/100/100/100/100; 
ttag +63 96/96/91/98/92; 
ttag +64 100/100/100/100/100; 
ttag +65 90/86/78/86/74; 
ttag +66 89/85/80/87/74; 
ttag +67 82/77/70/80/66; 
ttag +68 54/46/34/46/42; 
ttag +69 97/97/93/97/89; 
ttag +70 100/100/100/100/100; 
ttag +71 89/86/73/87/74; 
ttag +72 99/99/98/100/95; 
ttag +73 77/69/74/79/70; 
ttag +74 96/95/89/93/91; 
ttag +75 98/97/99/99/92; 
ttag +76 68/67/62/59/60; 
ttag +77 99/99/97/100/98; 
ttag +78 99/99/93/97/96; 
ttag +79 68/52/45/57/48; 
ttag +80 99/99/98/99/98; 
ttag +81 94/92/89/96/84; 
ttag +82 97/96/96/98/96; 
ttag +83 96/96/92/96/94; 
ttag +84 88/80/74/82/68; 
ttag +85 95/95/91/95/87; 
