tread
'Tree with tags' 
(0 ((1 ((2 3 )(8 9 ((4 5 )(6 7 ))(10 (11 12 )))))((13 14 )(((15 16 )(17 (18 (19 ((20 21 )(24 25 (22 23 )))))))((26 (27 (28 (29 30 ))))(39 (31 (((32 33 )(34 35 ))(36 (37 38 ))))((40 41 )(42 (43 ((44 45 )(46 47 ))))))))))); 
ttag *!; 
ttag +49 2; 
ttag +50 ???; 
ttag +51 7; 
ttag +52 6; 
ttag +53 7; 
ttag +54 3; 
ttag +55 7; 
ttag +56 1; 
ttag +57 5; 
ttag +58 11; 
ttag +59 7; 
ttag +60 2; 
ttag +61 12; 
ttag +62 5; 
ttag +63 1; 
ttag +64 6; 
ttag +65 4; 
ttag +66 3; 
ttag +67 9; 
ttag +68 6; 
ttag +69 6; 
ttag +70 6; 
ttag +71 6; 
ttag +72 4; 
ttag +73 2; 
ttag +74 6; 
ttag +75 6; 
ttag +76 5; 
ttag +77 9; 
ttag +78 6; 
ttag +79 1; 
ttag +80 7; 
ttag +81 2; 
ttag +82 10; 
ttag +83 6; 
ttag +84 7; 
ttag +85 7; 
ttag +86 8; 
ttag +87 3; 
ttag +88 5; 
ttag +89 9; 
ttag +90 3; 
tread
'Tree with tags' 
(0 ((1 ((2 3 )(((4 5 )(6 7 ))((8 9 )(10 (11 12 ))))))((13 14 )(((15 16 )(17 (18 (19 ((20 21 )((22 23 )(24 25 )))))))((26 (27 (28 (29 30 ))))(39 ((31 (((32 33 )(34 35 ))(36 (37 38 ))))((40 41 )(42 (43 ((44 45 )(46 47 )))))))))))); 
ttag *!; 
ttag +0 ////; 
ttag +1 ////; 
ttag +2 ////; 
ttag +3 ////; 
ttag +4 ////; 
ttag +5 ////; 
ttag +6 ////; 
ttag +7 ////; 
ttag +8 ////; 
ttag +9 ////; 
ttag +10 ////; 
ttag +11 ////; 
ttag +12 ////; 
ttag +13 ////; 
ttag +14 ////; 
ttag +15 ////; 
ttag +16 ////; 
ttag +17 ////; 
ttag +18 ////; 
ttag +19 ////; 
ttag +20 ////; 
ttag +21 ////; 
ttag +22 ////; 
ttag +23 ////; 
ttag +24 ////; 
ttag +25 ////; 
ttag +26 ////; 
ttag +27 ////; 
ttag +28 ////; 
ttag +29 ////; 
ttag +30 ////; 
ttag +31 ////; 
ttag +32 ////; 
ttag +33 ////; 
ttag +34 ////; 
ttag +35 ////; 
ttag +36 ////; 
ttag +37 ////; 
ttag +38 ////; 
ttag +39 ////; 
ttag +40 ////; 
ttag +41 ////; 
ttag +42 ////; 
ttag +43 ////; 
ttag +44 ////; 
ttag +45 ////; 
ttag +46 ////; 
ttag +47 ////; 
ttag +48 ////; 
ttag +49 84/82/68/74/62; 
ttag +50 100/100/100/100/100; 
ttag +51 99/99/94/98/97; 
ttag +52 98/98/96/97/98; 
ttag +53 99/99/98/98/98; 
ttag +54 88/86/66/84/76; 
ttag +55 100/100/96/98/97; 
ttag +56 71/61/53/54/65; 
ttag +57 17/[14]/?/?/?; 
ttag +58 39/15/18/4/14; 
ttag +59 81/70/73/66/62; 
ttag +60 100/100/100/100/100; 
ttag +61 99/99/99/100/99; 
ttag +62 74/71/54/61/49; 
ttag +63 100/100/99/100/100; 
ttag +64 96/96/84/96/86; 
ttag +65 50/47/31/47/36; 
ttag +66 96/95/90/97/92; 
ttag +67 94/94/76/88/81; 
ttag +68 88/84/70/88/78; 
ttag +69 99/99/100/100/100; 
ttag +70 98/98/92/98/94; 
ttag +71 96/95/94/96/89; 
ttag +72 98/98/95/98/94; 
ttag +73 33/3/?/0/?; 
ttag +74 98/98/98/100/98; 
ttag +75 83/80/65/78/68; 
ttag +76 86/80/73/81/73; 
ttag +77 100/100/98/99/98; 
ttag +78 98/98/98/99/97; 
ttag +79 95/93/87/86/84; 
ttag +80 28/[7]/?/?/?; 
ttag +81 100/100/97/100/98; 
ttag +82 99/99/98/100/96; 
ttag +83 54/53/45/53/45; 
ttag +84 98/98/96/99/95; 
ttag +85 80/78/65/72/58; 
ttag +86 99/99/99/100/100; 
ttag +87 100/100/99/99/98; 
ttag +88 98/98/94/97/95; 
ttag +89 97/96/92/97/94; 
ttag +90 99/99/98/99/97; 
ttag +91 81/74/51/80/62; 
ttag +92 92/92/80/89/79; 
ttag +93 99/99/100/100/99; 
ttag +94 93/93/88/94/89; 
