tread
'Tree with tags' 
(0 (1 ((2 3 )((7 (6 (4 5 )))((8 9 )(10 (11 12 )))))(13 14 )(((15 16 )(17 (19 (18 ((20 21 )((22 23 )(24 25 )))))))((26 27 (28 (29 30 )))((39 (31 ((32 33 )(34 35 )(36 (37 38 )))))(40 41 (42 (43 ((44 45 )(46 47 )))))))))); 
ttag *!; 
ttag +49 ???; 
ttag +50 4; 
ttag +51 4; 
ttag +52 9; 
ttag +53 2; 
ttag +54 7; 
ttag +55 1; 
ttag +56 2; 
ttag +57 2; 
ttag +58 3; 
ttag +59 9; 
ttag +60 5; 
ttag +61 8; 
ttag +62 9; 
ttag +63 1; 
ttag +64 2; 
ttag +65 1; 
ttag +66 8; 
ttag +67 6; 
ttag +68 12; 
ttag +69 14; 
ttag +70 2; 
ttag +71 6; 
ttag +72 4; 
ttag +73 9; 
ttag +74 5; 
ttag +75 9; 
ttag +76 5; 
ttag +77 3; 
ttag +78 5; 
ttag +79 5; 
ttag +80 7; 
ttag +81 2; 
ttag +82 11; 
ttag +83 6; 
ttag +84 7; 
ttag +85 4; 
ttag +86 1; 
ttag +87 1; 
ttag +88 3; 
ttag +89 2; 
tread
'Tree with tags' 
(0 ((1 (((2 3 )((7 (6 (4 5 )))((8 9 )(10 (11 12 )))))(13 14 )))(((15 16 )(17 (19 (18 ((20 21 )((22 23 )(24 25 )))))))((27 (26 (28 (29 30 ))))((39 (31 (((32 33 )(36 (37 38 )))(34 35 ))))((40 41 )(42 (43 ((44 45 )(46 47 )))))))))); 
ttag *!; 
ttag +0 ////; 
ttag +1 ////; 
ttag +2 ////; 
ttag +3 ////; 
ttag +4 ////; 
ttag +5 ////; 
ttag +6 ////; 
ttag +7 ////; 
ttag +8 ////; 
ttag +9 ////; 
ttag +10 ////; 
ttag +11 ////; 
ttag +12 ////; 
ttag +13 ////; 
ttag +14 ////; 
ttag +15 ////; 
ttag +16 ////; 
ttag +17 ////; 
ttag +18 ////; 
ttag +19 ////; 
ttag +20 ////; 
ttag +21 ////; 
ttag +22 ////; 
ttag +23 ////; 
ttag +24 ////; 
ttag +25 ////; 
ttag +26 ////; 
ttag +27 ////; 
ttag +28 ////; 
ttag +29 ////; 
ttag +30 ////; 
ttag +31 ////; 
ttag +32 ////; 
ttag +33 ////; 
ttag +34 ////; 
ttag +35 ////; 
ttag +36 ////; 
ttag +37 ////; 
ttag +38 ////; 
ttag +39 ////; 
ttag +40 ////; 
ttag +41 ////; 
ttag +42 ////; 
ttag +43 ////; 
ttag +44 ////; 
ttag +45 ////; 
ttag +46 ////; 
ttag +47 ////; 
ttag +48 ////; 
ttag +49 34/14/6/13/11; 
ttag +50 100/100/100/100/100; 
ttag +51 88/84/78/90/82; 
ttag +52 95/94/91/93/87; 
ttag +53 18/[30]/?/?/?; 
ttag +54 100/100/98/99/99; 
ttag +55 71/65/47/58/53; 
ttag +56 96/95/91/94/90; 
ttag +57 57/32/24/39/28; 
ttag +58 85/83/78/75/75; 
ttag +59 65/53/38/56/36; 
ttag +60 74/69/60/71/56; 
ttag +61 100/100/99/100/98; 
ttag +62 99/99/98/99/98; 
ttag +63 99/99/99/100/99; 
ttag +64 100/100/99/99/97; 
ttag +65 65/56/45/59/36; 
ttag +66 84/75/67/77/68; 
ttag +67 53/42/31/44/36; 
ttag +68 99/99/95/98/96; 
ttag +69 99/99/98/100/99; 
ttag +70 100/100/100/100/100; 
ttag +71 100/100/100/100/100; 
ttag +72 76/74/74/80/68; 
ttag +73 100/100/93/97/96; 
ttag +74 26/[16]/?/?/?; 
ttag +75 95/94/90/94/89; 
ttag +76 99/99/98/99/98; 
ttag +77 99/99/94/96/98; 
ttag +78 100/100/100/100/100; 
ttag +79 87/82/70/87/76; 
ttag +80 84/78/66/83/70; 
ttag +81 97/96/91/97/86; 
ttag +82 96/95/98/98/98; 
ttag +83 41/8/?/1/1; 
ttag +84 98/97/91/96/90; 
ttag +85 83/80/73/82/71; 
ttag +86 100/100/98/100/100; 
ttag +87 98/98/98/98/98; 
ttag +88 36/4/9/8/8; 
ttag +89 99/98/97/99/95; 
ttag +90 96/95/90/96/88; 
ttag +91 56/44/32/48/44; 
ttag +92 67/49/30/36/32; 
ttag +93 86/80/79/87/73; 
ttag +94 86/82/75/83/77; 
