tread
'Tree with tags' 
(0 ((1 ((2 3 )(((4 5 )(6 7 ))(8 (9 (10 (11 12 )))))))(((13 14 )((26 (27 (28 (29 30 ))))(39 ((31 ((32 33 )(34 35 )(36 (37 38 ))))((40 41 )(42 (43 ((44 45 )(46 47 )))))))))((15 16 )(17 (18 (19 ((20 21 )((22 23 )(24 25 )))))))))); 
ttag *!; 
ttag +49 2; 
ttag +50 ???; 
ttag +51 3; 
ttag +52 12; 
ttag +53 4; 
ttag +54 3; 
ttag +55 8; 
ttag +56 1; 
ttag +57 4; 
ttag +58 1; 
ttag +59 4; 
ttag +60 7; 
ttag +61 7; 
ttag +62 1; 
ttag +63 2; 
ttag +64 7; 
ttag +65 2; 
ttag +66 2; 
ttag +67 7; 
ttag +68 2; 
ttag +69 10; 
ttag +70 6; 
ttag +71 8; 
ttag +72 4; 
ttag +73 3; 
ttag +74 4; 
ttag +75 10; 
ttag +76 1; 
ttag +77 5; 
ttag +78 6; 
ttag +79 10; 
ttag +80 2; 
ttag +81 1; 
ttag +82 6; 
ttag +83 3; 
ttag +84 1; 
ttag +85 8; 
ttag +86 3; 
ttag +87 4; 
ttag +88 6; 
ttag +89 7; 
ttag +90 1; 
ttag +91 6; 
ttag +92 6; 
ttag +93 4; 
tread
'Tree with tags' 
(0 ((1 ((2 3 )(((4 5 )(6 7 ))(8 (9 (10 (11 12 )))))))(((13 14 )((26 (27 (28 (29 30 ))))(39 ((31 ((32 33 )((34 35 )(36 (37 38 )))))((40 41 )(42 (43 ((44 45 )(46 47 )))))))))((15 16 )(17 (18 (19 ((20 21 )((22 23 )(24 25 )))))))))); 
ttag *!; 
ttag +0 ////; 
ttag +1 ////; 
ttag +2 ////; 
ttag +3 ////; 
ttag +4 ////; 
ttag +5 ////; 
ttag +6 ////; 
ttag +7 ////; 
ttag +8 ////; 
ttag +9 ////; 
ttag +10 ////; 
ttag +11 ////; 
ttag +12 ////; 
ttag +13 ////; 
ttag +14 ////; 
ttag +15 ////; 
ttag +16 ////; 
ttag +17 ////; 
ttag +18 ////; 
ttag +19 ////; 
ttag +20 ////; 
ttag +21 ////; 
ttag +22 ////; 
ttag +23 ////; 
ttag +24 ////; 
ttag +25 ////; 
ttag +26 ////; 
ttag +27 ////; 
ttag +28 ////; 
ttag +29 ////; 
ttag +30 ////; 
ttag +31 ////; 
ttag +32 ////; 
ttag +33 ////; 
ttag +34 ////; 
ttag +35 ////; 
ttag +36 ////; 
ttag +37 ////; 
ttag +38 ////; 
ttag +39 ////; 
ttag +40 ////; 
ttag +41 ////; 
ttag +42 ////; 
ttag +43 ////; 
ttag +44 ////; 
ttag +45 ////; 
ttag +46 ////; 
ttag +47 ////; 
ttag +48 ////; 
ttag +49 73/64/48/66/50; 
ttag +50 100/100/100/100/100; 
ttag +51 81/78/72/86/79; 
ttag +52 100/100/98/100/100; 
ttag +53 85/80/72/84/72; 
ttag +54 89/87/82/87/82; 
ttag +55 99/99/93/99/95; 
ttag +56 54/32/28/38/30; 
ttag +57 88/86/76/85/81; 
ttag +58 64/46/32/33/26; 
ttag +59 84/81/68/84/72; 
ttag +60 99/99/99/100/99; 
ttag +61 99/99/97/99/98; 
ttag +62 38/19/10/20/16; 
ttag +63 59/49/41/50/37; 
ttag +64 100/100/100/100/99; 
ttag +65 63/44/32/53/48; 
ttag +66 46/23/15/35/32; 
ttag +67 97/96/89/95/91; 
ttag +68 65/51/46/59/47; 
ttag +69 100/100/100/100/100; 
ttag +70 93/91/86/91/88; 
ttag +71 99/98/96/99/96; 
ttag +72 91/88/86/94/80; 
ttag +73 82/72/69/78/66; 
ttag +74 91/88/79/92/80; 
ttag +75 99/99/98/100/100; 
ttag +76 45/8/?/2/?; 
ttag +77 96/96/89/96/90; 
ttag +78 99/98/95/97/95; 
ttag +79 100/100/98/99/99; 
ttag +80 72/61/50/68/60; 
ttag +81 60/47/42/40/44; 
ttag +82 98/97/97/97/97; 
ttag +83 96/95/92/94/91; 
ttag +84 52/44/48/54/47; 
ttag +85 33/[4]/?/2/4; 
ttag +86 97/97/90/94/92; 
ttag +87 87/83/82/91/80; 
ttag +88 94/92/82/92/83; 
ttag +89 99/99/98/100/97; 
ttag +90 98/98/98/99/98; 
ttag +91 57/36/35/45/28; 
ttag +92 99/99/100/98/95; 
ttag +93 97/97/92/98/90; 
ttag +94 94/92/92/96/88; 
