tread
'Tree with tags' 
(0 ((1 ((2 3 )(10 ((((4 5 )(6 7 ))(8 9 ))(11 12 )))))((13 14 )(((17 (15 16 ))(18 (19 ((20 21 )((22 23 )(24 25 ))))))((26 (27 (28 (29 30 ))))((31 (((32 33 )(34 35 ))(36 (37 38 ))))(39 (41 (40 (42 (43 ((44 45 )(46 47 ))))))))))))); 
ttag *!; 
ttag +49 4; 
ttag +50 ???; 
ttag +51 5; 
ttag +52 2; 
ttag +53 12; 
ttag +54 5; 
ttag +55 2; 
ttag +56 2; 
ttag +57 4; 
ttag +58 2; 
ttag +59 5; 
ttag +60 16; 
ttag +61 11; 
ttag +62 1; 
ttag +63 10; 
ttag +64 1; 
ttag +65 4; 
ttag +66 2; 
ttag +67 6; 
ttag +68 2; 
ttag +69 10; 
ttag +70 2; 
ttag +71 7; 
ttag +72 14; 
ttag +73 1; 
ttag +74 9; 
ttag +75 6; 
ttag +76 1; 
ttag +77 5; 
ttag +78 9; 
ttag +79 3; 
ttag +80 8; 
ttag +81 7; 
ttag +82 1; 
ttag +83 5; 
ttag +84 3; 
ttag +85 10; 
ttag +86 11; 
ttag +87 2; 
ttag +88 1; 
ttag +89 12; 
ttag +90 16; 
ttag +91 4; 
ttag +92 5; 
ttag +93 7; 
ttag +94 3; 
tread
'Tree with tags' 
(0 ((1 ((2 3 )(10 ((((4 5 )(6 7 ))(8 9 ))(11 12 )))))((13 14 )(((17 (15 16 ))(18 (19 ((20 21 )((22 23 )(24 25 ))))))((26 (27 (28 (29 30 ))))((31 (((32 33 )(34 35 ))(36 (37 38 ))))(39 (41 (40 (42 (43 ((44 45 )(46 47 ))))))))))))); 
ttag *!; 
ttag +0 ////; 
ttag +1 ////; 
ttag +2 ////; 
ttag +3 ////; 
ttag +4 ////; 
ttag +5 ////; 
ttag +6 ////; 
ttag +7 ////; 
ttag +8 ////; 
ttag +9 ////; 
ttag +10 ////; 
ttag +11 ////; 
ttag +12 ////; 
ttag +13 ////; 
ttag +14 ////; 
ttag +15 ////; 
ttag +16 ////; 
ttag +17 ////; 
ttag +18 ////; 
ttag +19 ////; 
ttag +20 ////; 
ttag +21 ////; 
ttag +22 ////; 
ttag +23 ////; 
ttag +24 ////; 
ttag +25 ////; 
ttag +26 ////; 
ttag +27 ////; 
ttag +28 ////; 
ttag +29 ////; 
ttag +30 ////; 
ttag +31 ////; 
ttag +32 ////; 
ttag +33 ////; 
ttag +34 ////; 
ttag +35 ////; 
ttag +36 ////; 
ttag +37 ////; 
ttag +38 ////; 
ttag +39 ////; 
ttag +40 ////; 
ttag +41 ////; 
ttag +42 ////; 
ttag +43 ////; 
ttag +44 ////; 
ttag +45 ////; 
ttag +46 ////; 
ttag +47 ////; 
ttag +48 ////; 
ttag +49 76/71/52/69/48; 
ttag +50 100/100/100/100/100; 
ttag +51 94/93/89/94/87; 
ttag +52 74/70/54/68/55; 
ttag +53 100/100/100/100/99; 
ttag +54 91/88/85/91/84; 
ttag +55 56/48/40/39/31; 
ttag +56 58/34/19/28/8; 
ttag +57 81/78/67/80/68; 
ttag +58 79/66/52/59/52; 
ttag +59 94/93/84/92/81; 
ttag +60 100/100/100/100/100; 
ttag +61 100/100/100/100/100; 
ttag +62 47/36/24/45/26; 
ttag +63 100/100/100/100/100; 
ttag +64 60/45/36/44/35; 
ttag +65 81/78/57/82/59; 
ttag +66 60/55/38/60/32; 
ttag +67 91/89/80/90/81; 
ttag +68 65/60/57/70/50; 
ttag +69 100/100/100/100/100; 
ttag +70 76/68/59/72/63; 
ttag +71 99/99/98/99/98; 
ttag +72 100/100/98/100/100; 
ttag +73 53/36/32/39/39; 
ttag +74 100/100/97/98/97; 
ttag +75 93/92/81/96/84; 
ttag +76 45/21/6/19/?; 
ttag +77 93/91/86/95/89; 
ttag +78 99/99/100/100/99; 
ttag +79 84/82/64/87/68; 
ttag +80 98/97/91/97/92; 
ttag +81 100/100/98/100/99; 
ttag +82 33/16/16/15/10; 
ttag +83 92/90/75/92/76; 
ttag +84 87/83/66/77/65; 
ttag +85 99/99/98/99/99; 
ttag +86 98/98/95/100/94; 
ttag +87 56/40/21/43/21; 
ttag +88 41/2/?/11/?; 
ttag +89 100/100/96/100/96; 
ttag +90 100/100/99/100/98; 
ttag +91 85/82/76/87/80; 
ttag +92 90/86/76/92/78; 
ttag +93 92/88/74/92/79; 
ttag +94 96/96/94/96/93; 
