tread
'Tree with tags' 
(0 ((1 ((2 3 )((6 (7 (4 5 )))(8 10 )(9 (11 12 )))))((13 14 )((15 16 )(17 (18 (19 ((20 21 )((22 23 )(24 25 )))))))((26 (27 (28 (29 30 ))))(39 (31 (34 35 ((32 33 )(36 (37 38 )))))(40 41 (42 (43 ((44 45 )(46 47 )))))))))); 
ttag *!; 
ttag +49 4; 
ttag +50 ???; 
ttag +51 11; 
ttag +52 7; 
ttag +53 8; 
ttag +54 1; 
ttag +55 7; 
ttag +56 6; 
ttag +57 1; 
ttag +58 1; 
ttag +59 11; 
ttag +60 6; 
ttag +61 2; 
ttag +62 7; 
ttag +63 6; 
ttag +64 3; 
ttag +65 8; 
ttag +66 4; 
ttag +67 11; 
ttag +68 6; 
ttag +69 10; 
ttag +70 3; 
ttag +71 4; 
ttag +72 3; 
ttag +73 9; 
ttag +74 2; 
ttag +75 4; 
ttag +76 13; 
ttag +77 6; 
ttag +78 2; 
ttag +79 7; 
ttag +80 2; 
ttag +81 1; 
ttag +82 11; 
ttag +83 4; 
ttag +84 5; 
ttag +85 2; 
ttag +86 1; 
ttag +87 6; 
ttag +88 2; 
ttag +89 1; 
tread
'Tree with tags' 
(0 ((1 ((2 3 )(((6 (7 (4 5 )))(9 (11 12 )))(8 10 ))))(((13 14 )((15 16 )(17 (18 (19 ((20 21 )((22 23 )(24 25 ))))))))((26 (27 (28 (29 30 ))))((31 (35 (34 ((32 33 )(36 (37 38 ))))))(39 ((40 41 )(42 (43 ((44 45 )(46 47 ))))))))))); 
ttag *!; 
ttag +0 ////; 
ttag +1 ////; 
ttag +2 ////; 
ttag +3 ////; 
ttag +4 ////; 
ttag +5 ////; 
ttag +6 ////; 
ttag +7 ////; 
ttag +8 ////; 
ttag +9 ////; 
ttag +10 ////; 
ttag +11 ////; 
ttag +12 ////; 
ttag +13 ////; 
ttag +14 ////; 
ttag +15 ////; 
ttag +16 ////; 
ttag +17 ////; 
ttag +18 ////; 
ttag +19 ////; 
ttag +20 ////; 
ttag +21 ////; 
ttag +22 ////; 
ttag +23 ////; 
ttag +24 ////; 
ttag +25 ////; 
ttag +26 ////; 
ttag +27 ////; 
ttag +28 ////; 
ttag +29 ////; 
ttag +30 ////; 
ttag +31 ////; 
ttag +32 ////; 
ttag +33 ////; 
ttag +34 ////; 
ttag +35 ////; 
ttag +36 ////; 
ttag +37 ////; 
ttag +38 ////; 
ttag +39 ////; 
ttag +40 ////; 
ttag +41 ////; 
ttag +42 ////; 
ttag +43 ////; 
ttag +44 ////; 
ttag +45 ////; 
ttag +46 ////; 
ttag +47 ////; 
ttag +48 ////; 
ttag +49 93/90/79/90/82; 
ttag +50 100/100/100/100/100; 
ttag +51 100/100/100/100/100; 
ttag +52 99/99/95/100/96; 
ttag +53 100/100/99/99/97; 
ttag +54 63/46/37/40/40; 
ttag +55 92/90/79/89/78; 
ttag +56 13/[15]/?/?/?; 
ttag +57 98/98/95/98/93; 
ttag +58 50/22/16/24/14; 
ttag +59 34/5/8/16/3; 
ttag +60 100/100/98/99/98; 
ttag +61 98/97/98/99/99; 
ttag +62 29/12/18/14/18; 
ttag +63 78/74/62/76/73; 
ttag +64 100/100/100/100/100; 
ttag +65 95/94/91/94/86; 
ttag +66 80/72/64/74/63; 
ttag +67 99/99/98/98/98; 
ttag +68 93/91/87/92/88; 
ttag +69 100/100/100/100/100; 
ttag +70 95/94/94/95/92; 
ttag +71 100/100/100/100/100; 
ttag +72 85/79/72/84/73; 
ttag +73 86/80/71/75/68; 
ttag +74 95/94/87/94/87; 
ttag +75 100/100/98/99/98; 
ttag +76 72/58/56/72/59; 
ttag +77 95/94/88/95/89; 
ttag +78 100/100/100/100/100; 
ttag +79 97/96/94/98/93; 
ttag +80 62/56/50/64/48; 
ttag +81 99/99/100/99/99; 
ttag +82 76/66/54/69/54; 
ttag +83 20/[21]/?/?/?; 
ttag +84 56/46/38/53/32; 
ttag +85 100/100/100/100/100; 
ttag +86 92/89/82/85/76; 
ttag +87 22/[1]/1/2/?; 
ttag +88 20/[20]/?/?/?; 
ttag +89 93/91/90/94/87; 
ttag +90 88/82/76/76/82; 
ttag +91 65/47/46/42/40; 
ttag +92 98/96/92/98/94; 
ttag +93 77/66/49/66/61; 
ttag +94 79/72/78/63/73; 
