tread
'Tree with tags' 
(0 ((1 ((26 (27 (28 (29 30 ))))(39 ((31 ((32 33 )(34 35 )(36 (37 38 ))))((40 41 )(42 (43 ((44 45 )(46 47 )))))))))((2 3 )(8 9 ((4 5 )(6 7 ))(10 (11 12 ))))(13 14 )(15 16 )(17 (18 19 )((20 21 )((22 23 )(24 25 )))))); 
ttag *!; 
ttag +49 1; 
ttag +50 ???; 
ttag +51 9; 
ttag +52 4; 
ttag +53 8; 
ttag +54 7; 
ttag +55 3; 
ttag +56 3; 
ttag +57 2; 
ttag +58 9; 
ttag +59 6; 
ttag +60 8; 
ttag +61 3; 
ttag +62 2; 
ttag +63 4; 
ttag +64 12; 
ttag +65 7; 
ttag +66 3; 
ttag +67 2; 
ttag +68 7; 
ttag +69 6; 
ttag +70 3; 
ttag +71 6; 
ttag +72 11; 
ttag +73 7; 
ttag +74 1; 
ttag +75 4; 
ttag +76 8; 
ttag +77 5; 
ttag +78 1; 
ttag +79 4; 
ttag +80 6; 
ttag +81 5; 
ttag +82 4; 
ttag +83 7; 
ttag +84 6; 
ttag +85 9; 
ttag +86 8; 
ttag +87 3; 
tread
'Tree with tags' 
(0 (((1 ((26 (27 (28 (29 30 ))))(39 ((31 ((32 33 )((34 35 )(36 (37 38 )))))((40 41 )(42 (43 ((44 45 )(46 47 )))))))))(((13 14 )(17 ((18 19 )((20 21 )((22 23 )(24 25 ))))))(15 16 )))((2 3 )(8 ((9 ((4 5 )(6 7 )))(10 (11 12 ))))))); 
ttag *!; 
ttag +0 ////; 
ttag +1 ////; 
ttag +2 ////; 
ttag +3 ////; 
ttag +4 ////; 
ttag +5 ////; 
ttag +6 ////; 
ttag +7 ////; 
ttag +8 ////; 
ttag +9 ////; 
ttag +10 ////; 
ttag +11 ////; 
ttag +12 ////; 
ttag +13 ////; 
ttag +14 ////; 
ttag +15 ////; 
ttag +16 ////; 
ttag +17 ////; 
ttag +18 ////; 
ttag +19 ////; 
ttag +20 ////; 
ttag +21 ////; 
ttag +22 ////; 
ttag +23 ////; 
ttag +24 ////; 
ttag +25 ////; 
ttag +26 ////; 
ttag +27 ////; 
ttag +28 ////; 
ttag +29 ////; 
ttag +30 ////; 
ttag +31 ////; 
ttag +32 ////; 
ttag +33 ////; 
ttag +34 ////; 
ttag +35 ////; 
ttag +36 ////; 
ttag +37 ////; 
ttag +38 ////; 
ttag +39 ////; 
ttag +40 ////; 
ttag +41 ////; 
ttag +42 ////; 
ttag +43 ////; 
ttag +44 ////; 
ttag +45 ////; 
ttag +46 ////; 
ttag +47 ////; 
ttag +48 ////; 
ttag +49 41/30/18/30/19; 
ttag +50 7/[9]/?/?/?; 
ttag +51 100/100/100/100/100; 
ttag +52 100/100/99/99/98; 
ttag +53 94/93/86/97/90; 
ttag +54 99/98/98/99/100; 
ttag +55 99/99/94/99/96; 
ttag +56 28/4/3/5/6; 
ttag +57 17/[8]/?/?/?; 
ttag +58 81/73/71/80/64; 
ttag +59 92/90/81/88/88; 
ttag +60 87/81/66/83/75; 
ttag +61 100/100/99/100/100; 
ttag +62 99/99/98/99/97; 
ttag +63 20/0/9/0/8; 
ttag +64 15/6/4/2/3; 
ttag +65 100/100/99/100/98; 
ttag +66 91/90/72/84/75; 
ttag +67 89/86/83/86/76; 
ttag +68 38/[5]/?/2/10; 
ttag +69 96/94/92/96/88; 
ttag +70 100/100/99/100/100; 
ttag +71 100/100/95/98/94; 
ttag +72 93/90/80/91/80; 
ttag +73 85/80/78/82/80; 
ttag +74 97/96/93/100/94; 
ttag +75 99/98/92/99/90; 
ttag +76 86/83/68/82/62; 
ttag +77 98/98/94/98/95; 
ttag +78 100/100/99/100/99; 
ttag +79 99/98/100/99/97; 
ttag +80 56/38/26/39/28; 
ttag +81 90/88/80/85/84; 
ttag +82 100/100/100/100/99; 
ttag +83 95/93/90/93/89; 
ttag +84 67/66/64/71/64; 
ttag +85 44/9/?/?/1; 
ttag +86 97/96/92/96/91; 
ttag +87 98/98/92/98/93; 
ttag +88 98/98/92/98/94; 
ttag +89 95/94/80/90/77; 
ttag +90 99/99/97/100/98; 
ttag +91 97/97/92/96/88; 
ttag +92 99/99/99/100/100; 
ttag +93 99/99/98/100/98; 
ttag +94 96/96/94/96/94; 
