tread
'Tree with tags' 
(0 ((1 (((13 14 )((26 27 (28 (29 30 )))((39 (31 ((32 33 )((34 35 )(36 (37 38 ))))))((40 41 )(42 43 ((44 45 )(46 47 )))))))((15 16 )(17 (19 (18 (20 21 ((22 23 )(24 25 )))))))))((2 3 )(((4 5 )(6 7 ))((8 9 )(10 (11 12 ))))))); 
ttag *!; 
ttag +49 1; 
ttag +50 ???; 
ttag +51 5; 
ttag +52 8; 
ttag +53 7; 
ttag +54 6; 
ttag +55 3; 
ttag +56 5; 
ttag +57 2; 
ttag +58 4; 
ttag +59 7; 
ttag +60 8; 
ttag +61 4; 
ttag +62 1; 
ttag +63 1; 
ttag +64 14; 
ttag +65 6; 
ttag +66 4; 
ttag +67 1; 
ttag +68 6; 
ttag +69 3; 
ttag +70 6; 
ttag +71 9; 
ttag +72 4; 
ttag +73 4; 
ttag +74 7; 
ttag +75 4; 
ttag +76 9; 
ttag +77 6; 
ttag +78 1; 
ttag +79 3; 
ttag +80 13; 
ttag +81 1; 
ttag +82 2; 
ttag +83 1; 
ttag +84 6; 
ttag +85 2; 
ttag +86 5; 
ttag +87 2; 
ttag +88 10; 
ttag +89 3; 
ttag +90 5; 
ttag +91 9; 
tread
'Tree with tags' 
(0 ((1 (((13 14 )(((26 27 )(28 (29 30 )))((39 (31 ((32 33 )((34 35 )(36 (37 38 ))))))((40 41 )(42 (43 ((44 45 )(46 47 ))))))))((15 16 )(17 (19 (18 (21 (20 ((22 23 )(24 25 ))))))))))((2 3 )(((4 5 )(6 7 ))((8 9 )(10 (11 12 ))))))); 
ttag *!; 
ttag +0 ////; 
ttag +1 ////; 
ttag +2 ////; 
ttag +3 ////; 
ttag +4 ////; 
ttag +5 ////; 
ttag +6 ////; 
ttag +7 ////; 
ttag +8 ////; 
ttag +9 ////; 
ttag +10 ////; 
ttag +11 ////; 
ttag +12 ////; 
ttag +13 ////; 
ttag +14 ////; 
ttag +15 ////; 
ttag +16 ////; 
ttag +17 ////; 
ttag +18 ////; 
ttag +19 ////; 
ttag +20 ////; 
ttag +21 ////; 
ttag +22 ////; 
ttag +23 ////; 
ttag +24 ////; 
ttag +25 ////; 
ttag +26 ////; 
ttag +27 ////; 
ttag +28 ////; 
ttag +29 ////; 
ttag +30 ////; 
ttag +31 ////; 
ttag +32 ////; 
ttag +33 ////; 
ttag +34 ////; 
ttag +35 ////; 
ttag +36 ////; 
ttag +37 ////; 
ttag +38 ////; 
ttag +39 ////; 
ttag +40 ////; 
ttag +41 ////; 
ttag +42 ////; 
ttag +43 ////; 
ttag +44 ////; 
ttag +45 ////; 
ttag +46 ////; 
ttag +47 ////; 
ttag +48 ////; 
ttag +49 33/8/2/3/2; 
ttag +50 100/100/100/100/100; 
ttag +51 97/96/97/96/97; 
ttag +52 100/100/99/98/97; 
ttag +53 100/100/99/100/98; 
ttag +54 99/98/95/99/97; 
ttag +55 91/87/72/81/68; 
ttag +56 87/82/82/95/80; 
ttag +57 76/70/57/73/59; 
ttag +58 82/76/64/80/67; 
ttag +59 100/100/98/100/98; 
ttag +60 100/100/99/100/100; 
ttag +61 97/96/93/94/91; 
ttag +62 40/19/17/17/15; 
ttag +63 28/7/8/14/6; 
ttag +64 100/100/100/100/100; 
ttag +65 99/98/96/97/91; 
ttag +66 94/92/80/91/88; 
ttag +67 52/44/26/40/26; 
ttag +68 95/94/83/96/90; 
ttag +69 0/[10]/?/?/?; 
ttag +70 85/82/66/82/70; 
ttag +71 98/98/99/98/97; 
ttag +72 100/100/100/100/98; 
ttag +73 91/86/81/90/83; 
ttag +74 18/[17]/?/?/?; 
ttag +75 92/89/86/90/80; 
ttag +76 99/99/98/99/97; 
ttag +77 94/92/85/96/89; 
ttag +78 100/100/97/100/97; 
ttag +79 97/96/87/97/89; 
ttag +80 56/45/35/34/34; 
ttag +81 92/90/86/86/79; 
ttag +82 100/100/100/100/100; 
ttag +83 82/78/66/64/68; 
ttag +84 82/77/75/83/77; 
ttag +85 55/28/33/37/40; 
ttag +86 98/97/93/98/93; 
ttag +87 86/83/71/80/75; 
ttag +88 94/93/91/96/92; 
ttag +89 74/68/66/77/60; 
ttag +90 100/100/96/100/98; 
ttag +91 30/[25]/?/?/?; 
ttag +92 78/67/68/72/62; 
ttag +93 81/70/69/75/63; 
ttag +94 100/100/100/99/99; 
