tread
'Tree with tags' 
(0 ((1 ((2 3 )(8 9 ((4 5 )(6 7 ))(10 (11 12 )))))((13 14 )(((15 16 )(17 (18 (19 ((20 21 )((22 23 )(24 25 )))))))((26 (27 (28 (29 30 ))))(39 (31 (((32 33 )(34 35 ))(36 (37 38 ))))(40 41 (42 (43 ((44 45 )(46 47 ))))))))))); 
ttag *!; 
ttag +49 1; 
ttag +50 ???; 
ttag +51 6; 
ttag +52 2; 
ttag +53 4; 
ttag +54 7; 
ttag +55 4; 
ttag +56 3; 
ttag +57 6; 
ttag +58 8; 
ttag +59 6; 
ttag +60 2; 
ttag +61 7; 
ttag +62 6; 
ttag +63 2; 
ttag +64 2; 
ttag +65 7; 
ttag +66 3; 
ttag +67 11; 
ttag +68 13; 
ttag +69 9; 
ttag +70 4; 
ttag +71 5; 
ttag +72 10; 
ttag +73 4; 
ttag +74 5; 
ttag +75 5; 
ttag +76 10; 
ttag +77 4; 
ttag +78 4; 
ttag +79 7; 
ttag +80 1; 
ttag +81 1; 
ttag +82 1; 
ttag +83 11; 
ttag +84 7; 
ttag +85 8; 
ttag +86 10; 
ttag +87 5; 
ttag +88 6; 
ttag +89 6; 
ttag +90 4; 
tread
'Tree with tags' 
(0 ((1 ((2 3 )((8 (9 ((4 5 )(6 7 ))))(10 (11 12 )))))((13 14 )(((15 16 )(17 (18 (19 ((20 21 )((22 23 )(24 25 )))))))((26 (27 (28 (29 30 ))))(39 ((31 (((32 33 )(34 35 ))(36 (37 38 ))))(41 (40 (42 (43 ((44 45 )(46 47 ))))))))))))); 
ttag *!; 
ttag +0 ////; 
ttag +1 ////; 
ttag +2 ////; 
ttag +3 ////; 
ttag +4 ////; 
ttag +5 ////; 
ttag +6 ////; 
ttag +7 ////; 
ttag +8 ////; 
ttag +9 ////; 
ttag +10 ////; 
ttag +11 ////; 
ttag +12 ////; 
ttag +13 ////; 
ttag +14 ////; 
ttag +15 ////; 
ttag +16 ////; 
ttag +17 ////; 
ttag +18 ////; 
ttag +19 ////; 
ttag +20 ////; 
ttag +21 ////; 
ttag +22 ////; 
ttag +23 ////; 
ttag +24 ////; 
ttag +25 ////; 
ttag +26 ////; 
ttag +27 ////; 
ttag +28 ////; 
ttag +29 ////; 
ttag +30 ////; 
ttag +31 ////; 
ttag +32 ////; 
ttag +33 ////; 
ttag +34 ////; 
ttag +35 ////; 
ttag +36 ////; 
ttag +37 ////; 
ttag +38 ////; 
ttag +39 ////; 
ttag +40 ////; 
ttag +41 ////; 
ttag +42 ////; 
ttag +43 ////; 
ttag +44 ////; 
ttag +45 ////; 
ttag +46 ////; 
ttag +47 ////; 
ttag +48 ////; 
ttag +49 36/16/15/23/14; 
ttag +50 100/100/100/100/100; 
ttag +51 98/97/97/98/94; 
ttag +52 73/60/54/67/59; 
ttag +53 92/89/84/89/87; 
ttag +54 98/98/95/99/95; 
ttag +55 38/8/5/2/8; 
ttag +56 37/3/?/1/?; 
ttag +57 95/94/87/96/90; 
ttag +58 80/73/58/75/70; 
ttag +59 96/94/86/96/88; 
ttag +60 100/100/98/100/99; 
ttag +61 98/98/97/98/98; 
ttag +62 59/50/44/59/55; 
ttag +63 100/100/100/100/99; 
ttag +64 98/98/93/97/92; 
ttag +65 65/50/47/60/45; 
ttag +66 72/62/47/59/44; 
ttag +67 98/98/94/99/93; 
ttag +68 90/86/82/87/77; 
ttag +69 100/100/100/100/100; 
ttag +70 100/100/99/100/100; 
ttag +71 100/100/98/100/100; 
ttag +72 93/92/82/90/81; 
ttag +73 97/96/88/96/90; 
ttag +74 99/99/97/98/94; 
ttag +75 88/85/77/93/80; 
ttag +76 92/89/82/96/85; 
ttag +77 97/96/96/98/92; 
ttag +78 99/99/99/100/97; 
ttag +79 90/90/80/88/78; 
ttag +80 34/[3]/2/?/4; 
ttag +81 89/84/71/86/66; 
ttag +82 98/98/96/99/98; 
ttag +83 58/47/32/49/36; 
ttag +84 51/38/37/41/37; 
ttag +85 66/55/50/57/55; 
ttag +86 100/100/99/100/100; 
ttag +87 99/99/93/97/94; 
ttag +88 48/24/13/28/23; 
ttag +89 98/98/93/96/93; 
ttag +90 100/100/99/99/98; 
ttag +91 95/92/93/95/85; 
ttag +92 98/98/96/98/91; 
ttag +93 95/93/92/96/87; 
ttag +94 97/95/94/97/93; 
