tread
'Tree with tags' 
(0 (1 (8 9 (2 3 )((4 5 )(6 7 ))(10 (11 12 )))(13 14 )(17 (15 16 )(18 (19 ((20 21 )((22 23 )(24 25 ))))))(26 (27 (28 (29 30 ))))(39 (31 (((32 33 )(36 (37 38 )))(34 35 )))((40 41 )(42 (43 ((44 45 )(46 47 )))))))); 
ttag *!; 
ttag +49 ???; 
ttag +50 2; 
ttag +51 11; 
ttag +52 8; 
ttag +53 3; 
ttag +54 1; 
ttag +55 5; 
ttag +56 4; 
ttag +57 6; 
ttag +58 15; 
ttag +59 5; 
ttag +60 9; 
ttag +61 1; 
ttag +62 8; 
ttag +63 4; 
ttag +64 12; 
ttag +65 5; 
ttag +66 3; 
ttag +67 7; 
ttag +68 4; 
ttag +69 5; 
ttag +70 9; 
ttag +71 8; 
ttag +72 6; 
ttag +73 4; 
ttag +74 1; 
ttag +75 2; 
ttag +76 8; 
ttag +77 10; 
ttag +78 5; 
ttag +79 4; 
ttag +80 1; 
ttag +81 11; 
ttag +82 4; 
ttag +83 5; 
ttag +84 4; 
ttag +85 1; 
tread
'Tree with tags' 
(0 ((1 ((13 14 )((((17 (15 16 ))(18 (19 ((20 21 )((22 23 )(24 25 ))))))(39 ((31 (((32 33 )(36 (37 38 )))(34 35 )))((40 41 )(42 (43 ((44 45 )(46 47 ))))))))(26 (27 (28 (29 30 )))))))((2 3 )(8 ((9 ((4 5 )(6 7 )))(10 (11 12 ))))))); 
ttag *!; 
ttag +0 ////; 
ttag +1 ////; 
ttag +2 ////; 
ttag +3 ////; 
ttag +4 ////; 
ttag +5 ////; 
ttag +6 ////; 
ttag +7 ////; 
ttag +8 ////; 
ttag +9 ////; 
ttag +10 ////; 
ttag +11 ////; 
ttag +12 ////; 
ttag +13 ////; 
ttag +14 ////; 
ttag +15 ////; 
ttag +16 ////; 
ttag +17 ////; 
ttag +18 ////; 
ttag +19 ////; 
ttag +20 ////; 
ttag +21 ////; 
ttag +22 ////; 
ttag +23 ////; 
ttag +24 ////; 
ttag +25 ////; 
ttag +26 ////; 
ttag +27 ////; 
ttag +28 ////; 
ttag +29 ////; 
ttag +30 ////; 
ttag +31 ////; 
ttag +32 ////; 
ttag +33 ////; 
ttag +34 ////; 
ttag +35 ////; 
ttag +36 ////; 
ttag +37 ////; 
ttag +38 ////; 
ttag +39 ////; 
ttag +40 ////; 
ttag +41 ////; 
ttag +42 ////; 
ttag +43 ////; 
ttag +44 ////; 
ttag +45 ////; 
ttag +46 ////; 
ttag +47 ////; 
ttag +48 ////; 
ttag +49 14/[18]/?/?/?; 
ttag +50 100/100/100/100/100; 
ttag +51 95/92/88/90/94; 
ttag +52 100/100/99/100/98; 
ttag +53 98/98/99/99/97; 
ttag +54 78/74/62/78/56; 
ttag +55 8/[12]/?/?/?; 
ttag +56 12/[6]/?/?/?; 
ttag +57 50/37/39/44/37; 
ttag +58 79/75/59/70/59; 
ttag +59 93/92/90/97/88; 
ttag +60 98/98/97/98/96; 
ttag +61 99/99/98/99/96; 
ttag +62 13/[16]/?/?/?; 
ttag +63 100/100/100/100/100; 
ttag +64 37/[14]/?/?/?; 
ttag +65 97/97/91/97/92; 
ttag +66 24/5/1/10/8; 
ttag +67 4/[24]/?/?/?; 
ttag +68 100/100/100/100/100; 
ttag +69 73/61/56/63/58; 
ttag +70 100/100/100/99/100; 
ttag +71 96/96/94/97/94; 
ttag +72 100/100/99/100/99; 
ttag +73 99/99/95/97/95; 
ttag +74 84/74/69/69/60; 
ttag +75 99/99/99/97/95; 
ttag +76 94/92/86/92/84; 
ttag +77 94/93/91/93/86; 
ttag +78 100/100/98/99/100; 
ttag +79 97/97/94/98/95; 
ttag +80 32/0/?/?/?; 
ttag +81 95/93/89/96/87; 
ttag +82 95/92/90/93/87; 
ttag +83 49/37/24/36/29; 
ttag +84 86/83/81/84/79; 
ttag +85 99/99/99/99/98; 
ttag +86 99/99/99/100/99; 
ttag +87 96/95/88/96/93; 
ttag +88 94/92/83/94/81; 
ttag +89 54/38/46/41/37; 
ttag +90 100/100/98/99/98; 
ttag +91 98/97/86/95/85; 
ttag +92 98/97/89/95/92; 
ttag +93 89/86/78/87/82; 
ttag +94 64/46/46/48/48; 
