tread
'Tree with tags' 
(0 (1 (((2 3 )(((4 5 )(6 7 ))(8 9 )(10 (11 12 ))))((15 16 )(17 (18 19 ((20 21 )((22 23 )(24 25 )))))))(13 14 )((26 (27 (28 (29 30 ))))((31 ((32 33 )(34 35 )(36 (37 38 ))))(39 ((40 41 )(42 (43 (46 47 (44 45 )))))))))); 
ttag *!; 
ttag +49 ???; 
ttag +50 9; 
ttag +51 7; 
ttag +52 1; 
ttag +53 2; 
ttag +54 4; 
ttag +55 3; 
ttag +56 2; 
ttag +57 1; 
ttag +58 8; 
ttag +59 7; 
ttag +60 5; 
ttag +61 8; 
ttag +62 5; 
ttag +63 1; 
ttag +64 4; 
ttag +65 9; 
ttag +66 2; 
ttag +67 11; 
ttag +68 1; 
ttag +69 4; 
ttag +70 8; 
ttag +71 5; 
ttag +72 3; 
ttag +73 6; 
ttag +74 12; 
ttag +75 5; 
ttag +76 4; 
ttag +77 9; 
ttag +78 2; 
ttag +79 2; 
ttag +80 7; 
ttag +81 10; 
ttag +82 3; 
ttag +83 3; 
ttag +84 6; 
ttag +85 8; 
ttag +86 2; 
ttag +87 10; 
ttag +88 5; 
tread
'Tree with tags' 
(0 (((1 (((2 3 )(((4 5 )(6 7 ))((8 9 )(10 (11 12 )))))((15 16 )(17 (19 (18 ((20 21 )((22 23 )(24 25 )))))))))((26 (27 (28 (29 30 ))))((31 (((32 33 )(36 (37 38 )))(34 35 )))(39 ((40 41 )(42 (43 (47 (46 (44 45 ))))))))))(13 14 ))); 
ttag *!; 
ttag +0 ////; 
ttag +1 ////; 
ttag +2 ////; 
ttag +3 ////; 
ttag +4 ////; 
ttag +5 ////; 
ttag +6 ////; 
ttag +7 ////; 
ttag +8 ////; 
ttag +9 ////; 
ttag +10 ////; 
ttag +11 ////; 
ttag +12 ////; 
ttag +13 ////; 
ttag +14 ////; 
ttag +15 ////; 
ttag +16 ////; 
ttag +17 ////; 
ttag +18 ////; 
ttag +19 ////; 
ttag +20 ////; 
ttag +21 ////; 
ttag +22 ////; 
ttag +23 ////; 
ttag +24 ////; 
ttag +25 ////; 
ttag +26 ////; 
ttag +27 ////; 
ttag +28 ////; 
ttag +29 ////; 
ttag +30 ////; 
ttag +31 ////; 
ttag +32 ////; 
ttag +33 ////; 
ttag +34 ////; 
ttag +35 ////; 
ttag +36 ////; 
ttag +37 ////; 
ttag +38 ////; 
ttag +39 ////; 
ttag +40 ////; 
ttag +41 ////; 
ttag +42 ////; 
ttag +43 ////; 
ttag +44 ////; 
ttag +45 ////; 
ttag +46 ////; 
ttag +47 ////; 
ttag +48 ////; 
ttag +49 9/[20]/?/?/?; 
ttag +50 15/[14]/?/?/?; 
ttag +51 100/100/100/100/100; 
ttag +52 100/100/98/99/99; 
ttag +53 99/99/98/100/98; 
ttag +54 31/2/3/2/2; 
ttag +55 68/54/53/64/48; 
ttag +56 95/94/90/96/88; 
ttag +57 96/96/96/94/93; 
ttag +58 78/71/68/71/69; 
ttag +59 62/44/37/38/44; 
ttag +60 42/18/16/11/18; 
ttag +61 100/100/100/100/99; 
ttag +62 100/100/100/100/99; 
ttag +63 98/96/96/96/96; 
ttag +64 100/100/100/100/100; 
ttag +65 96/94/91/95/91; 
ttag +66 52/26/31/32/30; 
ttag +67 12/[43]/?/?/?; 
ttag +68 98/98/95/98/94; 
ttag +69 100/100/100/100/100; 
ttag +70 82/76/73/77/69; 
ttag +71 100/100/100/100/99; 
ttag +72 65/45/47/49/45; 
ttag +73 94/92/90/95/86; 
ttag +74 98/98/98/100/98; 
ttag +75 92/90/84/95/85; 
ttag +76 92/92/92/93/90; 
ttag +77 98/98/94/99/95; 
ttag +78 100/100/99/100/100; 
ttag +79 96/95/93/96/90; 
ttag +80 97/96/90/96/89; 
ttag +81 100/100/99/100/100; 
ttag +82 30/[6]/2/?/?; 
ttag +83 77/70/53/73/59; 
ttag +84 82/78/73/81/74; 
ttag +85 95/92/88/94/84; 
ttag +86 100/100/100/100/100; 
ttag +87 82/78/65/83/72; 
ttag +88 80/72/56/65/56; 
ttag +89 97/97/95/98/94; 
ttag +90 99/99/98/98/97; 
ttag +91 71/64/56/62/58; 
ttag +92 100/100/100/100/98; 
ttag +93 33/0/10/6/?; 
ttag +94 96/95/91/98/92; 
