tread
'Tree with tags' 
(0 ((1 (((2 3 )((((4 5 )(6 7 ))(8 9 ))(10 (11 12 ))))(13 14 )))(((15 16 )(17 (18 (19 ((20 21 )((22 23 )(24 25 )))))))((26 (27 (28 (29 30 ))))((39 (31 ((32 33 )((34 35 )(36 (37 38 ))))))(40 41 (42 (43 (47 (46 (44 45 ))))))))))); 
ttag *!; 
ttag +49 2; 
ttag +50 ???; 
ttag +51 6; 
ttag +52 7; 
ttag +53 1; 
ttag +54 7; 
ttag +55 6; 
ttag +56 2; 
ttag +57 4; 
ttag +58 3; 
ttag +59 1; 
ttag +60 4; 
ttag +61 8; 
ttag +62 3; 
ttag +63 11; 
ttag +64 2; 
ttag +65 1; 
ttag +66 2; 
ttag +67 2; 
ttag +68 1; 
ttag +69 8; 
ttag +70 10; 
ttag +71 13; 
ttag +72 5; 
ttag +73 6; 
ttag +74 3; 
ttag +75 4; 
ttag +76 1; 
ttag +77 7; 
ttag +78 8; 
ttag +79 6; 
ttag +80 1; 
ttag +81 5; 
ttag +82 2; 
ttag +83 5; 
ttag +84 6; 
ttag +85 1; 
ttag +86 8; 
ttag +87 10; 
ttag +88 2; 
ttag +89 5; 
ttag +90 5; 
ttag +91 8; 
ttag +92 1; 
ttag +93 4; 
tread
'Tree with tags' 
(0 ((1 (((2 3 )((((4 5 )(6 7 ))(8 9 ))(10 (11 12 ))))(13 14 )))(((15 16 )(17 (18 (19 ((20 21 )((22 23 )(24 25 )))))))((26 (27 (28 (29 30 ))))((39 (31 ((32 33 )((34 35 )(36 (37 38 ))))))(41 (40 (42 (43 (47 (46 (44 45 )))))))))))); 
ttag *!; 
ttag +0 ////; 
ttag +1 ////; 
ttag +2 ////; 
ttag +3 ////; 
ttag +4 ////; 
ttag +5 ////; 
ttag +6 ////; 
ttag +7 ////; 
ttag +8 ////; 
ttag +9 ////; 
ttag +10 ////; 
ttag +11 ////; 
ttag +12 ////; 
ttag +13 ////; 
ttag +14 ////; 
ttag +15 ////; 
ttag +16 ////; 
ttag +17 ////; 
ttag +18 ////; 
ttag +19 ////; 
ttag +20 ////; 
ttag +21 ////; 
ttag +22 ////; 
ttag +23 ////; 
ttag +24 ////; 
ttag +25 ////; 
ttag +26 ////; 
ttag +27 ////; 
ttag +28 ////; 
ttag +29 ////; 
ttag +30 ////; 
ttag +31 ////; 
ttag +32 ////; 
ttag +33 ////; 
ttag +34 ////; 
ttag +35 ////; 
ttag +36 ////; 
ttag +37 ////; 
ttag +38 ////; 
ttag +39 ////; 
ttag +40 ////; 
ttag +41 ////; 
ttag +42 ////; 
ttag +43 ////; 
ttag +44 ////; 
ttag +45 ////; 
ttag +46 ////; 
ttag +47 ////; 
ttag +48 ////; 
ttag +49 28/19/9/23/18; 
ttag +50 100/100/100/100/100; 
ttag +51 99/98/97/99/98; 
ttag +52 98/97/96/97/94; 
ttag +53 43/21/16/23/15; 
ttag +54 100/100/99/100/100; 
ttag +55 99/99/93/98/92; 
ttag +56 77/68/58/65/49; 
ttag +57 92/90/86/93/84; 
ttag +58 86/80/67/80/55; 
ttag +59 54/31/32/36/27; 
ttag +60 92/89/84/89/78; 
ttag +61 99/99/98/99/97; 
ttag +62 92/90/87/88/85; 
ttag +63 100/100/100/100/100; 
ttag +64 63/43/42/39/45; 
ttag +65 17/0/3/13/4; 
ttag +66 48/19/9/28/18; 
ttag +67 54/45/35/46/34; 
ttag +68 45/27/34/30/24; 
ttag +69 100/100/100/100/100; 
ttag +70 100/100/98/100/97; 
ttag +71 100/100/100/100/100; 
ttag +72 98/98/94/97/94; 
ttag +73 96/96/94/98/94; 
ttag +74 64/45/41/64/46; 
ttag +75 98/97/94/91/95; 
ttag +76 53/36/23/45/37; 
ttag +77 96/95/94/98/94; 
ttag +78 99/99/100/100/100; 
ttag +79 99/98/96/100/98; 
ttag +80 58/35/46/30/37; 
ttag +81 96/96/88/93/86; 
ttag +82 87/82/72/80/76; 
ttag +83 99/99/93/99/93; 
ttag +84 98/98/97/98/95; 
ttag +85 74/74/58/64/63; 
ttag +86 100/100/99/100/98; 
ttag +87 100/100/100/100/99; 
ttag +88 35/[2]/?/?/5; 
ttag +89 87/84/85/88/88; 
ttag +90 96/96/97/98/95; 
ttag +91 98/97/88/95/95; 
ttag +92 100/100/99/99/99; 
ttag +93 61/42/37/34/31; 
ttag +94 98/98/96/95/96; 
