tread
'Tree with tags' 
(0 ((1 ((2 3 )(((4 5 )(6 7 ))(8 9 )(10 (11 12 )))))((13 14 )(((15 16 )(17 (18 (19 ((20 21 )((22 23 )(24 25 )))))))((26 (27 (28 (29 30 ))))(39 (31 (((32 33 )(36 (37 38 )))(34 35 )))((40 41 )(42 (43 (47 (46 (44 45 )))))))))))); 
ttag *!; 
ttag +49 2; 
ttag +50 ???; 
ttag +51 9; 
ttag +52 8; 
ttag +53 5; 
ttag +54 2; 
ttag +55 3; 
ttag +56 4; 
ttag +57 3; 
ttag +58 3; 
ttag +59 6; 
ttag +60 5; 
ttag +61 1; 
ttag +62 12; 
ttag +63 7; 
ttag +64 1; 
ttag +65 2; 
ttag +66 4; 
ttag +67 3; 
ttag +68 2; 
ttag +69 12; 
ttag +70 10; 
ttag +71 7; 
ttag +72 3; 
ttag +73 6; 
ttag +74 4; 
ttag +75 2; 
ttag +76 2; 
ttag +77 6; 
ttag +78 6; 
ttag +79 2; 
ttag +80 5; 
ttag +81 1; 
ttag +82 3; 
ttag +83 7; 
ttag +84 3; 
ttag +85 12; 
ttag +86 1; 
ttag +87 6; 
ttag +88 7; 
ttag +89 8; 
ttag +90 9; 
ttag +91 1; 
ttag +92 5; 
tread
'Tree with tags' 
(0 ((1 ((2 3 )((((4 5 )(6 7 ))(10 (11 12 )))(8 9 ))))((13 14 )(((15 16 )(17 (18 (19 ((20 21 )((22 23 )(24 25 )))))))((26 (27 (28 (29 30 ))))((31 (((32 33 )(36 (37 38 )))(34 35 )))(39 ((40 41 )(42 (43 (47 (46 (44 45 ))))))))))))); 
ttag *!; 
ttag +0 ////; 
ttag +1 ////; 
ttag +2 ////; 
ttag +3 ////; 
ttag +4 ////; 
ttag +5 ////; 
ttag +6 ////; 
ttag +7 ////; 
ttag +8 ////; 
ttag +9 ////; 
ttag +10 ////; 
ttag +11 ////; 
ttag +12 ////; 
ttag +13 ////; 
ttag +14 ////; 
ttag +15 ////; 
ttag +16 ////; 
ttag +17 ////; 
ttag +18 ////; 
ttag +19 ////; 
ttag +20 ////; 
ttag +21 ////; 
ttag +22 ////; 
ttag +23 ////; 
ttag +24 ////; 
ttag +25 ////; 
ttag +26 ////; 
ttag +27 ////; 
ttag +28 ////; 
ttag +29 ////; 
ttag +30 ////; 
ttag +31 ////; 
ttag +32 ////; 
ttag +33 ////; 
ttag +34 ////; 
ttag +35 ////; 
ttag +36 ////; 
ttag +37 ////; 
ttag +38 ////; 
ttag +39 ////; 
ttag +40 ////; 
ttag +41 ////; 
ttag +42 ////; 
ttag +43 ////; 
ttag +44 ////; 
ttag +45 ////; 
ttag +46 ////; 
ttag +47 ////; 
ttag +48 ////; 
ttag +49 70/67/46/71/54; 
ttag +50 100/100/100/100/100; 
ttag +51 100/100/100/99/100; 
ttag +52 98/98/92/99/97; 
ttag +53 98/98/99/98/96; 
ttag +54 80/76/66/76/68; 
ttag +55 23/[6]/?/?/?; 
ttag +56 93/92/82/94/86; 
ttag +57 95/93/92/92/86; 
ttag +58 78/71/63/70/61; 
ttag +59 76/62/56/61/55; 
ttag +60 99/99/92/96/95; 
ttag +61 98/98/96/97/95; 
ttag +62 50/38/24/37/28; 
ttag +63 100/100/100/100/100; 
ttag +64 99/98/94/99/94; 
ttag +65 28/17/3/26/12; 
ttag +66 59/33/10/40/22; 
ttag +67 85/81/63/81/70; 
ttag +68 83/79/64/81/67; 
ttag +69 86/86/87/85/86; 
ttag +70 100/100/100/100/100; 
ttag +71 100/100/98/100/99; 
ttag +72 99/99/99/99/99; 
ttag +73 86/81/71/86/70; 
ttag +74 99/99/98/97/98; 
ttag +75 94/94/85/93/84; 
ttag +76 69/56/45/58/34; 
ttag +77 69/58/58/62/59; 
ttag +78 100/100/98/98/99; 
ttag +79 97/97/90/95/96; 
ttag +80 60/53/35/50/36; 
ttag +81 94/93/87/95/85; 
ttag +82 51/43/25/44/33; 
ttag +83 85/82/72/86/70; 
ttag +84 99/99/98/98/98; 
ttag +85 86/80/71/77/71; 
ttag +86 100/100/100/100/100; 
ttag +87 14/10/16/6/19; 
ttag +88 61/41/26/41/26; 
ttag +89 99/99/95/99/96; 
ttag +90 99/99/96/99/96; 
ttag +91 98/98/99/98/98; 
ttag +92 99/99/100/100/100; 
ttag +93 43/28/18/31/20; 
ttag +94 94/92/87/94/86; 
