tread
'Tree with tags' 
(0 ((1 ((2 3 )(6 7 (4 5 ))(8 9 (10 (11 12 )))))(((13 14 )(17 (18 (15 16 )(19 ((20 21 )((22 23 )(24 25 )))))))((26 (27 (28 (29 30 ))))(39 ((31 (((32 33 )(34 35 ))(36 (37 38 ))))(42 ((40 41 )(43 ((44 45 )(46 47 ))))))))))); 
ttag *!; 
ttag +49 2; 
ttag +50 ???; 
ttag +51 8; 
ttag +52 5; 
ttag +53 3; 
ttag +54 5; 
ttag +55 4; 
ttag +56 5; 
ttag +57 8; 
ttag +58 10; 
ttag +59 1; 
ttag +60 2; 
ttag +61 11; 
ttag +62 2; 
ttag +63 5; 
ttag +64 2; 
ttag +65 5; 
ttag +66 5; 
ttag +67 6; 
ttag +68 3; 
ttag +69 4; 
ttag +70 10; 
ttag +71 4; 
ttag +72 6; 
ttag +73 3; 
ttag +74 5; 
ttag +75 3; 
ttag +76 1; 
ttag +77 11; 
ttag +78 4; 
ttag +79 1; 
ttag +80 4; 
ttag +81 6; 
ttag +82 10; 
ttag +83 7; 
ttag +84 4; 
ttag +85 1; 
ttag +86 4; 
ttag +87 2; 
ttag +88 6; 
ttag +89 9; 
ttag +90 6; 
tread
'Tree with tags' 
(0 ((1 (((2 3 )((4 5 )(6 7 )))(9 (8 (10 (11 12 ))))))(((13 14 )(17 (18 ((15 16 )(19 ((20 21 )((22 23 )(24 25 ))))))))((26 (27 (28 (29 30 ))))(39 ((31 (((32 33 )(34 35 ))(36 (37 38 ))))(42 ((40 41 )(43 ((44 45 )(46 47 ))))))))))); 
ttag *!; 
ttag +0 ////; 
ttag +1 ////; 
ttag +2 ////; 
ttag +3 ////; 
ttag +4 ////; 
ttag +5 ////; 
ttag +6 ////; 
ttag +7 ////; 
ttag +8 ////; 
ttag +9 ////; 
ttag +10 ////; 
ttag +11 ////; 
ttag +12 ////; 
ttag +13 ////; 
ttag +14 ////; 
ttag +15 ////; 
ttag +16 ////; 
ttag +17 ////; 
ttag +18 ////; 
ttag +19 ////; 
ttag +20 ////; 
ttag +21 ////; 
ttag +22 ////; 
ttag +23 ////; 
ttag +24 ////; 
ttag +25 ////; 
ttag +26 ////; 
ttag +27 ////; 
ttag +28 ////; 
ttag +29 ////; 
ttag +30 ////; 
ttag +31 ////; 
ttag +32 ////; 
ttag +33 ////; 
ttag +34 ////; 
ttag +35 ////; 
ttag +36 ////; 
ttag +37 ////; 
ttag +38 ////; 
ttag +39 ////; 
ttag +40 ////; 
ttag +41 ////; 
ttag +42 ////; 
ttag +43 ////; 
ttag +44 ////; 
ttag +45 ////; 
ttag +46 ////; 
ttag +47 ////; 
ttag +48 ////; 
ttag +49 59/49/30/58/41; 
ttag +50 100/100/100/100/100; 
ttag +51 99/99/99/100/99; 
ttag +52 30/0/5/10/?; 
ttag +53 96/96/94/97/93; 
ttag +54 89/86/78/88/77; 
ttag +55 97/96/94/96/89; 
ttag +56 36/[3]/?/?/?; 
ttag +57 26/[12]/?/?/?; 
ttag +58 94/93/92/96/93; 
ttag +59 96/96/94/93/85; 
ttag +60 100/100/100/100/99; 
ttag +61 100/100/100/100/100; 
ttag +62 42/31/15/39/28; 
ttag +63 50/43/28/54/29; 
ttag +64 100/100/100/100/100; 
ttag +65 37/[5]/?/?/?; 
ttag +66 74/62/48/64/45; 
ttag +67 82/78/62/80/62; 
ttag +68 78/71/66/75/72; 
ttag +69 100/100/100/98/97; 
ttag +70 98/97/92/97/92; 
ttag +71 96/94/90/97/92; 
ttag +72 77/72/75/73/58; 
ttag +73 96/95/87/96/87; 
ttag +74 100/100/99/99/99; 
ttag +75 83/80/64/85/72; 
ttag +76 98/98/93/97/92; 
ttag +77 92/90/84/94/88; 
ttag +78 96/94/92/97/93; 
ttag +79 85/82/82/84/78; 
ttag +80 50/21/30/29/23; 
ttag +81 99/99/99/99/97; 
ttag +82 98/98/96/96/96; 
ttag +83 62/41/32/44/44; 
ttag +84 92/87/84/88/72; 
ttag +85 99/99/96/98/98; 
ttag +86 99/99/99/100/99; 
ttag +87 99/99/99/100/97; 
ttag +88 86/84/77/86/79; 
ttag +89 52/38/22/40/32; 
ttag +90 91/91/80/91/87; 
ttag +91 68/57/49/64/51; 
ttag +92 97/97/97/98/96; 
ttag +93 100/100/98/100/99; 
ttag +94 99/98/94/96/92; 
