tread
'Tree with tags' 
(0 ((1 ((2 3 )((6 7 (4 5 ))(9 (8 (10 (11 12 )))))))(((13 14 )((26 (27 (28 (29 30 ))))((39 (31 ((32 33 )((34 35 )(36 (37 38 ))))))((40 41 )(42 (43 ((44 45 )(46 47 ))))))))(17 (15 16 )(18 19 ((20 21 )((22 23 )(24 25 )))))))); 
ttag *!; 
ttag +49 1; 
ttag +50 ???; 
ttag +51 8; 
ttag +52 10; 
ttag +53 8; 
ttag +54 6; 
ttag +55 4; 
ttag +56 1; 
ttag +57 1; 
ttag +58 6; 
ttag +59 4; 
ttag +60 8; 
ttag +61 2; 
ttag +62 1; 
ttag +63 11; 
ttag +64 9; 
ttag +65 3; 
ttag +66 8; 
ttag +67 8; 
ttag +68 9; 
ttag +69 2; 
ttag +70 6; 
ttag +71 11; 
ttag +72 6; 
ttag +73 3; 
ttag +74 10; 
ttag +75 3; 
ttag +76 7; 
ttag +77 3; 
ttag +78 6; 
ttag +79 7; 
ttag +80 5; 
ttag +81 6; 
ttag +82 1; 
ttag +83 6; 
ttag +84 6; 
ttag +85 4; 
ttag +86 7; 
ttag +87 5; 
ttag +88 5; 
ttag +89 13; 
ttag +90 5; 
ttag +91 2; 
tread
'Tree with tags' 
(0 ((1 ((2 3 )((6 7 (4 5 ))(9 (8 (10 (11 12 )))))))(((13 14 )((26 (27 (28 (29 30 ))))((39 (31 ((32 33 )((34 35 )(36 (37 38 ))))))((40 41 )(42 (43 ((44 45 )(46 47 ))))))))(17 (15 16 )(18 19 ((20 21 )((22 23 )(24 25 )))))))); 
ttag *!; 
ttag +0 ////; 
ttag +1 ////; 
ttag +2 ////; 
ttag +3 ////; 
ttag +4 ////; 
ttag +5 ////; 
ttag +6 ////; 
ttag +7 ////; 
ttag +8 ////; 
ttag +9 ////; 
ttag +10 ////; 
ttag +11 ////; 
ttag +12 ////; 
ttag +13 ////; 
ttag +14 ////; 
ttag +15 ////; 
ttag +16 ////; 
ttag +17 ////; 
ttag +18 ////; 
ttag +19 ////; 
ttag +20 ////; 
ttag +21 ////; 
ttag +22 ////; 
ttag +23 ////; 
ttag +24 ////; 
ttag +25 ////; 
ttag +26 ////; 
ttag +27 ////; 
ttag +28 ////; 
ttag +29 ////; 
ttag +30 ////; 
ttag +31 ////; 
ttag +32 ////; 
ttag +33 ////; 
ttag +34 ////; 
ttag +35 ////; 
ttag +36 ////; 
ttag +37 ////; 
ttag +38 ////; 
ttag +39 ////; 
ttag +40 ////; 
ttag +41 ////; 
ttag +42 ////; 
ttag +43 ////; 
ttag +44 ////; 
ttag +45 ////; 
ttag +46 ////; 
ttag +47 ////; 
ttag +48 ////; 
ttag +49 42/31/21/39/27; 
ttag +50 100/100/100/100/100; 
ttag +51 97/96/89/98/92; 
ttag +52 99/99/97/100/98; 
ttag +53 99/99/93/98/97; 
ttag +54 97/96/90/96/90; 
ttag +55 76/70/60/79/66; 
ttag +56 47/14/?/21/0; 
ttag +57 54/43/39/44/37; 
ttag +58 91/89/82/93/88; 
ttag +59 94/91/88/88/87; 
ttag +60 100/100/98/100/98; 
ttag +61 68/56/41/67/49; 
ttag +62 56/45/34/48/30; 
ttag +63 100/100/100/100/100; 
ttag +64 98/97/96/98/94; 
ttag +65 73/64/53/69/54; 
ttag +66 100/100/100/100/100; 
ttag +67 99/99/98/99/98; 
ttag +68 100/100/100/100/98; 
ttag +69 85/80/74/78/67; 
ttag +70 98/98/96/97/96; 
ttag +71 100/100/100/100/100; 
ttag +72 98/97/94/98/96; 
ttag +73 89/86/83/89/78; 
ttag +74 100/100/99/100/100; 
ttag +75 90/88/80/87/80; 
ttag +76 100/100/99/99/99; 
ttag +77 86/84/78/87/64; 
ttag +78 97/96/91/97/92; 
ttag +79 100/100/97/99/97; 
ttag +80 98/98/94/97/96; 
ttag +81 98/98/93/98/94; 
ttag +82 70/69/65/58/60; 
ttag +83 98/98/97/99/95; 
ttag +84 98/98/94/98/98; 
ttag +85 98/98/96/97/98; 
ttag +86 100/100/96/98/99; 
ttag +87 97/97/92/97/94; 
ttag +88 92/91/83/91/81; 
ttag +89 100/100/99/100/99; 
ttag +90 90/88/78/88/79; 
ttag +91 85/84/77/81/76; 
