tread
'Tree with tags' 
(0 (1 ((2 3 )(((4 5 )(6 7 ))((8 9 )(10 (11 12 )))))(13 14 )(((15 16 )(17 (18 (19 ((20 21 )(24 25 (22 23 )))))))((26 (27 (28 (29 30 ))))(39 (31 ((32 33 )((34 35 )(36 (37 38 )))))(40 41 (42 (43 ((44 45 )(46 47 )))))))))); 
ttag *!; 
ttag +49 ???; 
ttag +50 8; 
ttag +51 4; 
ttag +52 7; 
ttag +53 7; 
ttag +54 2; 
ttag +55 1; 
ttag +56 1; 
ttag +57 2; 
ttag +58 4; 
ttag +59 12; 
ttag +60 10; 
ttag +61 11; 
ttag +62 1; 
ttag +63 1; 
ttag +64 3; 
ttag +65 5; 
ttag +66 1; 
ttag +67 5; 
ttag +68 4; 
ttag +69 11; 
ttag +70 13; 
ttag +71 5; 
ttag +72 5; 
ttag +73 1; 
ttag +74 1; 
ttag +75 12; 
ttag +76 2; 
ttag +77 2; 
ttag +78 9; 
ttag +79 3; 
ttag +80 7; 
ttag +81 1; 
ttag +82 12; 
ttag +83 9; 
ttag +84 7; 
ttag +85 7; 
ttag +86 1; 
ttag +87 11; 
ttag +88 6; 
ttag +89 7; 
tread
'Tree with tags' 
(0 (((1 ((2 3 )(((4 5 )(6 7 ))((8 9 )(10 (11 12 ))))))(13 14 ))(((15 16 )(17 (18 (19 ((20 21 )((22 23 )(24 25 )))))))((26 (27 (28 (29 30 ))))((39 (31 ((32 33 )((34 35 )(36 (37 38 ))))))(41 (40 (42 (43 ((44 45 )(46 47 ))))))))))); 
ttag *!; 
ttag +0 ////; 
ttag +1 ////; 
ttag +2 ////; 
ttag +3 ////; 
ttag +4 ////; 
ttag +5 ////; 
ttag +6 ////; 
ttag +7 ////; 
ttag +8 ////; 
ttag +9 ////; 
ttag +10 ////; 
ttag +11 ////; 
ttag +12 ////; 
ttag +13 ////; 
ttag +14 ////; 
ttag +15 ////; 
ttag +16 ////; 
ttag +17 ////; 
ttag +18 ////; 
ttag +19 ////; 
ttag +20 ////; 
ttag +21 ////; 
ttag +22 ////; 
ttag +23 ////; 
ttag +24 ////; 
ttag +25 ////; 
ttag +26 ////; 
ttag +27 ////; 
ttag +28 ////; 
ttag +29 ////; 
ttag +30 ////; 
ttag +31 ////; 
ttag +32 ////; 
ttag +33 ////; 
ttag +34 ////; 
ttag +35 ////; 
ttag +36 ////; 
ttag +37 ////; 
ttag +38 ////; 
ttag +39 ////; 
ttag +40 ////; 
ttag +41 ////; 
ttag +42 ////; 
ttag +43 ////; 
ttag +44 ////; 
ttag +45 ////; 
ttag +46 ////; 
ttag +47 ////; 
ttag +48 ////; 
ttag +49 39/24/24/19/18; 
ttag +50 24/1/2/2/?; 
ttag +51 100/100/100/100/100; 
ttag +52 100/100/100/100/99; 
ttag +53 94/94/79/92/86; 
ttag +54 100/100/99/99/98; 
ttag +55 100/100/98/99/99; 
ttag +56 82/75/62/72/67; 
ttag +57 57/40/38/35/40; 
ttag +58 49/34/17/34/23; 
ttag +59 71/57/37/53/38; 
ttag +60 94/94/90/93/88; 
ttag +61 100/100/100/100/100; 
ttag +62 100/100/100/100/100; 
ttag +63 100/100/100/100/100; 
ttag +64 72/69/56/68/63; 
ttag +65 52/47/46/35/38; 
ttag +66 91/89/79/88/78; 
ttag +67 97/96/87/94/89; 
ttag +68 47/37/30/47/29; 
ttag +69 99/98/96/98/99; 
ttag +70 96/95/90/97/92; 
ttag +71 100/100/99/100/100; 
ttag +72 100/100/99/100/100; 
ttag +73 25/2/4/?/0; 
ttag +74 98/97/94/98/92; 
ttag +75 98/98/94/97/92; 
ttag +76 68/53/45/52/43; 
ttag +77 79/73/55/70/58; 
ttag +78 100/100/100/100/100; 
ttag +79 68/53/38/64/48; 
ttag +80 33/10/10/11/13; 
ttag +81 85/79/67/80/68; 
ttag +82 99/99/99/100/99; 
ttag +83 71/68/57/73/69; 
ttag +84 99/99/100/100/100; 
ttag +85 57/39/28/38/30; 
ttag +86 100/100/100/100/100; 
ttag +87 100/100/98/100/100; 
ttag +88 25/2/?/0/2; 
ttag +89 98/97/96/99/98; 
ttag +90 99/98/97/99/98; 
ttag +91 52/25/17/28/21; 
ttag +92 100/100/99/100/100; 
ttag +93 99/98/97/99/96; 
ttag +94 99/99/99/100/100; 
