tread
'Tree with tags' 
(0 ((1 ((2 3 )((6 7 (4 5 ))(10 (8 9 )(11 12 )))))((13 14 )((17 (15 16 )(18 (19 ((20 21 )((22 23 )(24 25 ))))))(((26 27 )(28 (29 30 )))((31 (((32 33 )(36 (37 38 )))(34 35 )))(39 ((40 41 )(42 43 (44 45 )(46 47 )))))))))); 
ttag *!; 
ttag +49 1; 
ttag +50 ???; 
ttag +51 2; 
ttag +52 5; 
ttag +53 2; 
ttag +54 5; 
ttag +55 3; 
ttag +56 1; 
ttag +57 2; 
ttag +58 6; 
ttag +59 8; 
ttag +60 2; 
ttag +61 8; 
ttag +62 4; 
ttag +63 2; 
ttag +64 3; 
ttag +65 3; 
ttag +66 6; 
ttag +67 6; 
ttag +68 10; 
ttag +69 3; 
ttag +70 4; 
ttag +71 1; 
ttag +72 11; 
ttag +73 3; 
ttag +74 5; 
ttag +75 11; 
ttag +76 4; 
ttag +77 3; 
ttag +78 14; 
ttag +79 1; 
ttag +80 4; 
ttag +81 5; 
ttag +82 5; 
ttag +83 12; 
ttag +84 1; 
ttag +85 3; 
ttag +86 8; 
ttag +87 8; 
ttag +88 5; 
ttag +89 2; 
tread
'Tree with tags' 
(0 ((1 ((2 3 )((6 (7 (4 5 )))((8 9 )(10 (11 12 ))))))((13 14 )(((15 16 )(17 (18 (19 ((20 21 )((22 23 )(24 25 )))))))(((26 27 )(28 (29 30 )))((31 (((32 33 )(36 (37 38 )))(34 35 )))(39 ((40 41 )(42 (43 ((44 45 )(46 47 )))))))))))); 
ttag *!; 
ttag +0 ////; 
ttag +1 ////; 
ttag +2 ////; 
ttag +3 ////; 
ttag +4 ////; 
ttag +5 ////; 
ttag +6 ////; 
ttag +7 ////; 
ttag +8 ////; 
ttag +9 ////; 
ttag +10 ////; 
ttag +11 ////; 
ttag +12 ////; 
ttag +13 ////; 
ttag +14 ////; 
ttag +15 ////; 
ttag +16 ////; 
ttag +17 ////; 
ttag +18 ////; 
ttag +19 ////; 
ttag +20 ////; 
ttag +21 ////; 
ttag +22 ////; 
ttag +23 ////; 
ttag +24 ////; 
ttag +25 ////; 
ttag +26 ////; 
ttag +27 ////; 
ttag +28 ////; 
ttag +29 ////; 
ttag +30 ////; 
ttag +31 ////; 
ttag +32 ////; 
ttag +33 ////; 
ttag +34 ////; 
ttag +35 ////; 
ttag +36 ////; 
ttag +37 ////; 
ttag +38 ////; 
ttag +39 ////; 
ttag +40 ////; 
ttag +41 ////; 
ttag +42 ////; 
ttag +43 ////; 
ttag +44 ////; 
ttag +45 ////; 
ttag +46 ////; 
ttag +47 ////; 
ttag +48 ////; 
ttag +49 60/46/41/47/38; 
ttag +50 100/100/100/100/100; 
ttag +51 75/64/52/58/49; 
ttag +52 95/94/82/94/87; 
ttag +53 75/62/60/56/54; 
ttag +54 39/[1]/?/?/?; 
ttag +55 97/96/86/96/85; 
ttag +56 75/67/64/74/56; 
ttag +57 68/63/65/50/48; 
ttag +58 71/59/54/64/52; 
ttag +59 34/9/5/7/14; 
ttag +60 98/98/97/98/98; 
ttag +61 100/100/100/100/100; 
ttag +62 74/70/68/67/54; 
ttag +63 99/99/97/99/99; 
ttag +64 95/95/94/97/89; 
ttag +65 68/62/58/68/53; 
ttag +66 23/[1]/?/?/?; 
ttag +67 70/54/42/56/49; 
ttag +68 68/52/38/56/47; 
ttag +69 99/99/99/99/100; 
ttag +70 97/97/92/98/90; 
ttag +71 100/100/99/100/99; 
ttag +72 85/81/74/80/67; 
ttag +73 89/88/83/89/84; 
ttag +74 71/70/62/65/61; 
ttag +75 100/100/100/99/99; 
ttag +76 80/75/64/81/70; 
ttag +77 99/99/91/98/90; 
ttag +78 100/100/100/100/99; 
ttag +79 86/84/68/88/71; 
ttag +80 82/78/69/85/73; 
ttag +81 100/100/100/100/100; 
ttag +82 55/44/32/41/32; 
ttag +83 92/90/68/87/70; 
ttag +84 98/98/94/95/91; 
ttag +85 91/88/84/94/86; 
ttag +86 100/100/100/100/100; 
ttag +87 45/41/28/43/35; 
ttag +88 83/75/68/73/61; 
ttag +89 99/99/97/100/97; 
ttag +90 99/99/98/99/96; 
ttag +91 47/28/35/28/41; 
ttag +92 97/95/90/97/90; 
ttag +93 36/12/16/15/0; 
ttag +94 94/92/93/91/89; 
