tread
'Tree with tags' 
(0 ((1 (((2 3 )(((4 5 )(6 7 ))(8 9 (10 (11 12 )))))(15 16 )))(((13 14 )(17 (18 (19 ((20 21 )((22 23 )(24 25 )))))))((26 (27 (28 (29 30 ))))(39 ((31 ((32 33 )(34 35 (36 (37 38 )))))((40 41 )(43 (42 ((44 45 )(46 47 ))))))))))); 
ttag *!; 
ttag +49 1; 
ttag +50 ???; 
ttag +51 12; 
ttag +52 8; 
ttag +53 1; 
ttag +54 11; 
ttag +55 9; 
ttag +56 3; 
ttag +57 1; 
ttag +58 3; 
ttag +59 8; 
ttag +60 9; 
ttag +61 9; 
ttag +62 1; 
ttag +63 1; 
ttag +64 9; 
ttag +65 5; 
ttag +66 5; 
ttag +67 1; 
ttag +68 5; 
ttag +69 7; 
ttag +70 13; 
ttag +71 6; 
ttag +72 7; 
ttag +73 10; 
ttag +74 7; 
ttag +75 1; 
ttag +76 8; 
ttag +77 11; 
ttag +78 4; 
ttag +79 1; 
ttag +80 5; 
ttag +81 4; 
ttag +82 6; 
ttag +83 1; 
ttag +84 13; 
ttag +85 3; 
ttag +86 5; 
ttag +87 6; 
ttag +88 1; 
ttag +89 7; 
ttag +90 5; 
ttag +91 9; 
ttag +92 3; 
tread
'Tree with tags' 
(0 ((1 (((2 3 )(((4 5 )(6 7 ))((8 9 )(10 (11 12 )))))(15 16 )))(((13 14 )(17 (18 (19 ((20 21 )((22 23 )(24 25 )))))))((26 (27 (28 (29 30 ))))(39 ((31 ((32 33 )(34 (35 (36 (37 38 ))))))((40 41 )(43 (42 ((44 45 )(46 47 ))))))))))); 
ttag *!; 
ttag +0 ////; 
ttag +1 ////; 
ttag +2 ////; 
ttag +3 ////; 
ttag +4 ////; 
ttag +5 ////; 
ttag +6 ////; 
ttag +7 ////; 
ttag +8 ////; 
ttag +9 ////; 
ttag +10 ////; 
ttag +11 ////; 
ttag +12 ////; 
ttag +13 ////; 
ttag +14 ////; 
ttag +15 ////; 
ttag +16 ////; 
ttag +17 ////; 
ttag +18 ////; 
ttag +19 ////; 
ttag +20 ////; 
ttag +21 ////; 
ttag +22 ////; 
ttag +23 ////; 
ttag +24 ////; 
ttag +25 ////; 
ttag +26 ////; 
ttag +27 ////; 
ttag +28 ////; 
ttag +29 ////; 
ttag +30 ////; 
ttag +31 ////; 
ttag +32 ////; 
ttag +33 ////; 
ttag +34 ////; 
ttag +35 ////; 
ttag +36 ////; 
ttag +37 ////; 
ttag +38 ////; 
ttag +39 ////; 
ttag +40 ////; 
ttag +41 ////; 
ttag +42 ////; 
ttag +43 ////; 
ttag +44 ////; 
ttag +45 ////; 
ttag +46 ////; 
ttag +47 ////; 
ttag +48 ////; 
ttag +49 25/[23]/?/?/?; 
ttag +50 100/100/100/100/100; 
ttag +51 100/100/100/100/100; 
ttag +52 99/99/99/99/98; 
ttag +53 35/[13]/?/?/?; 
ttag +54 100/100/100/100/99; 
ttag +55 100/100/98/99/96; 
ttag +56 85/78/62/78/55; 
ttag +57 58/35/35/42/33; 
ttag +58 20/3/1/?/1; 
ttag +59 81/76/64/76/64; 
ttag +60 94/93/90/95/88; 
ttag +61 100/100/100/99/99; 
ttag +62 100/100/98/100/100; 
ttag +63 34/[14]/?/?/?; 
ttag +64 18/[30]/?/?/?; 
ttag +65 99/99/99/100/99; 
ttag +66 97/96/92/98/91; 
ttag +67 97/96/85/92/89; 
ttag +68 54/39/30/33/24; 
ttag +69 99/99/98/98/98; 
ttag +70 96/93/84/98/87; 
ttag +71 100/100/100/100/100; 
ttag +72 97/96/93/98/90; 
ttag +73 99/99/96/99/96; 
ttag +74 99/99/98/100/99; 
ttag +75 91/90/79/93/80; 
ttag +76 60/40/30/47/38; 
ttag +77 100/100/97/99/98; 
ttag +78 100/100/100/100/100; 
ttag +79 96/95/92/96/88; 
ttag +80 44/34/32/43/20; 
ttag +81 96/95/87/97/89; 
ttag +82 87/81/78/89/81; 
ttag +83 98/98/95/98/95; 
ttag +84 52/42/37/44/34; 
ttag +85 32/4/?/4/?; 
ttag +86 100/100/100/100/98; 
ttag +87 89/85/86/89/83; 
ttag +88 98/98/94/93/94; 
ttag +89 94/90/87/94/85; 
ttag +90 47/21/14/25/10; 
ttag +91 96/95/86/96/91; 
ttag +92 92/89/89/95/86; 
ttag +93 98/98/96/99/95; 
ttag +94 90/86/82/86/76; 
