tread
'Tree with tags' 
(0 (1 (6 7 (2 3 )(4 5 )((8 9 )(10 (11 12 ))))(13 14 )((15 16 )(17 (18 (19 ((20 21 )((22 23 )(24 25 )))))))(39 (26 27 (28 (29 30 )))(31 (35 (34 ((32 33 )(36 (37 38 ))))))(40 41 (42 (43 ((44 45 )(46 47 )))))))); 
ttag *!; 
ttag +49 ???; 
ttag +50 5; 
ttag +51 7; 
ttag +52 6; 
ttag +53 1; 
ttag +54 3; 
ttag +55 3; 
ttag +56 5; 
ttag +57 4; 
ttag +58 12; 
ttag +59 7; 
ttag +60 1; 
ttag +61 2; 
ttag +62 2; 
ttag +63 12; 
ttag +64 4; 
ttag +65 12; 
ttag +66 6; 
ttag +67 6; 
ttag +68 2; 
ttag +69 6; 
ttag +70 2; 
ttag +71 3; 
ttag +72 4; 
ttag +73 6; 
ttag +74 1; 
ttag +75 1; 
ttag +76 6; 
ttag +77 13; 
ttag +78 10; 
ttag +79 3; 
ttag +80 9; 
ttag +81 3; 
ttag +82 8; 
ttag +83 8; 
ttag +84 2; 
tread
'Tree with tags' 
(0 ((1 ((2 3 )(6 ((4 5 )(7 ((8 9 )(10 (11 12 ))))))))(((13 14 )((26 (27 (28 (29 30 ))))(39 ((31 (35 (34 ((32 33 )(36 (37 38 ))))))((40 41 )(42 (43 ((44 45 )(46 47 )))))))))((15 16 )(17 (18 (19 ((20 21 )((22 23 )(24 25 )))))))))); 
ttag *!; 
ttag +0 ////; 
ttag +1 ////; 
ttag +2 ////; 
ttag +3 ////; 
ttag +4 ////; 
ttag +5 ////; 
ttag +6 ////; 
ttag +7 ////; 
ttag +8 ////; 
ttag +9 ////; 
ttag +10 ////; 
ttag +11 ////; 
ttag +12 ////; 
ttag +13 ////; 
ttag +14 ////; 
ttag +15 ////; 
ttag +16 ////; 
ttag +17 ////; 
ttag +18 ////; 
ttag +19 ////; 
ttag +20 ////; 
ttag +21 ////; 
ttag +22 ////; 
ttag +23 ////; 
ttag +24 ////; 
ttag +25 ////; 
ttag +26 ////; 
ttag +27 ////; 
ttag +28 ////; 
ttag +29 ////; 
ttag +30 ////; 
ttag +31 ////; 
ttag +32 ////; 
ttag +33 ////; 
ttag +34 ////; 
ttag +35 ////; 
ttag +36 ////; 
ttag +37 ////; 
ttag +38 ////; 
ttag +39 ////; 
ttag +40 ////; 
ttag +41 ////; 
ttag +42 ////; 
ttag +43 ////; 
ttag +44 ////; 
ttag +45 ////; 
ttag +46 ////; 
ttag +47 ////; 
ttag +48 ////; 
ttag +49 33/4/?/4/?; 
ttag +50 100/100/100/100/100; 
ttag +51 99/99/96/96/97; 
ttag +52 99/99/96/99/93; 
ttag +53 99/99/95/100/95; 
ttag +54 18/[37]/?/?/?; 
ttag +55 29/[8]/?/?/?; 
ttag +56 9/[45]/?/?/?; 
ttag +57 69/67/63/66/60; 
ttag +58 78/75/58/75/61; 
ttag +59 86/82/75/82/68; 
ttag +60 98/98/94/96/95; 
ttag +61 98/98/96/98/96; 
ttag +62 43/14/13/18/14; 
ttag +63 43/14/10/17/5; 
ttag +64 100/100/100/100/100; 
ttag +65 98/97/93/97/88; 
ttag +66 44/18/16/33/12; 
ttag +67 61/36/43/57/32; 
ttag +68 80/76/60/74/66; 
ttag +69 100/100/100/100/100; 
ttag +70 88/84/68/82/69; 
ttag +71 100/100/100/100/100; 
ttag +72 97/95/87/98/91; 
ttag +73 99/99/96/99/98; 
ttag +74 74/67/65/77/64; 
ttag +75 96/95/94/95/88; 
ttag +76 24/[22]/?/?/?; 
ttag +77 73/62/64/76/60; 
ttag +78 85/82/70/86/67; 
ttag +79 93/92/76/86/78; 
ttag +80 14/[30]/?/?/?; 
ttag +81 66/55/41/47/40; 
ttag +82 94/91/86/89/85; 
ttag +83 32/21/16/33/30; 
ttag +84 47/29/20/32/26; 
ttag +85 98/98/94/100/96; 
ttag +86 100/100/98/100/99; 
ttag +87 100/100/100/100/100; 
ttag +88 44/1/?/4/7; 
ttag +89 92/90/88/92/84; 
ttag +90 100/100/100/100/100; 
ttag +91 84/80/76/76/68; 
ttag +92 100/100/99/100/98; 
ttag +93 100/100/98/99/97; 
ttag +94 90/90/86/88/85; 
