tread
'Tree with tags' 
(0 ((1 ((2 3 )(9 (8 ((4 5 )(6 7 ))(10 (11 12 ))))))(((13 14 )((26 27 (28 (29 30 )))((31 (((32 33 )(34 35 ))(36 (37 38 ))))(39 ((40 41 )(42 (43 ((44 45 )(46 47 )))))))))((15 16 )(17 ((18 19 )((20 21 )((22 23 )(24 25 ))))))))); 
ttag *!; 
ttag +49 1; 
ttag +50 ???; 
ttag +51 8; 
ttag +52 7; 
ttag +53 8; 
ttag +54 6; 
ttag +55 1; 
ttag +56 2; 
ttag +57 1; 
ttag +58 7; 
ttag +59 7; 
ttag +60 4; 
ttag +61 1; 
ttag +62 2; 
ttag +63 12; 
ttag +64 5; 
ttag +65 3; 
ttag +66 1; 
ttag +67 4; 
ttag +68 4; 
ttag +69 3; 
ttag +70 8; 
ttag +71 1; 
ttag +72 4; 
ttag +73 9; 
ttag +74 3; 
ttag +75 1; 
ttag +76 5; 
ttag +77 4; 
ttag +78 10; 
ttag +79 4; 
ttag +80 2; 
ttag +81 2; 
ttag +82 2; 
ttag +83 16; 
ttag +84 9; 
ttag +85 2; 
ttag +86 3; 
ttag +87 11; 
ttag +88 7; 
ttag +89 6; 
ttag +90 7; 
ttag +91 5; 
ttag +92 1; 
tread
'Tree with tags' 
(0 ((1 ((2 3 )(9 (8 (((4 5 )(6 7 ))(10 (11 12 )))))))(((13 14 )(((26 27 )(28 (29 30 )))((31 (((32 33 )(34 35 ))(36 (37 38 ))))(39 ((40 41 )(42 (43 ((44 45 )(46 47 )))))))))((15 16 )(17 ((18 19 )((20 21 )((22 23 )(24 25 ))))))))); 
ttag *!; 
ttag +0 ////; 
ttag +1 ////; 
ttag +2 ////; 
ttag +3 ////; 
ttag +4 ////; 
ttag +5 ////; 
ttag +6 ////; 
ttag +7 ////; 
ttag +8 ////; 
ttag +9 ////; 
ttag +10 ////; 
ttag +11 ////; 
ttag +12 ////; 
ttag +13 ////; 
ttag +14 ////; 
ttag +15 ////; 
ttag +16 ////; 
ttag +17 ////; 
ttag +18 ////; 
ttag +19 ////; 
ttag +20 ////; 
ttag +21 ////; 
ttag +22 ////; 
ttag +23 ////; 
ttag +24 ////; 
ttag +25 ////; 
ttag +26 ////; 
ttag +27 ////; 
ttag +28 ////; 
ttag +29 ////; 
ttag +30 ////; 
ttag +31 ////; 
ttag +32 ////; 
ttag +33 ////; 
ttag +34 ////; 
ttag +35 ////; 
ttag +36 ////; 
ttag +37 ////; 
ttag +38 ////; 
ttag +39 ////; 
ttag +40 ////; 
ttag +41 ////; 
ttag +42 ////; 
ttag +43 ////; 
ttag +44 ////; 
ttag +45 ////; 
ttag +46 ////; 
ttag +47 ////; 
ttag +48 ////; 
ttag +49 34/25/25/27/23; 
ttag +50 100/100/100/100/100; 
ttag +51 99/99/98/99/99; 
ttag +52 99/98/97/99/98; 
ttag +53 99/99/100/99/99; 
ttag +54 97/97/88/96/93; 
ttag +55 11/[9]/?/?/?; 
ttag +56 34/20/12/16/18; 
ttag +57 59/49/38/45/50; 
ttag +58 56/33/21/31/20; 
ttag +59 97/97/88/97/87; 
ttag +60 100/100/99/99/99; 
ttag +61 95/94/95/93/94; 
ttag +62 29/7/6/13/11; 
ttag +63 66/58/58/62/50; 
ttag +64 100/100/100/100/100; 
ttag +65 91/88/82/88/82; 
ttag +66 78/67/51/64/60; 
ttag +67 45/21/25/26/18; 
ttag +68 90/88/85/92/83; 
ttag +69 98/98/96/96/98; 
ttag +70 84/81/72/85/75; 
ttag +71 99/99/98/100/100; 
ttag +72 63/52/41/55/47; 
ttag +73 94/92/89/92/89; 
ttag +74 42/13/8/14/9; 
ttag +75 100/100/100/100/98; 
ttag +76 84/81/69/84/73; 
ttag +77 62/50/56/44/49; 
ttag +78 100/100/93/98/96; 
ttag +79 92/88/88/94/85; 
ttag +80 100/100/99/100/99; 
ttag +81 92/91/90/92/87; 
ttag +82 65/60/57/57/51; 
ttag +83 62/54/54/70/63; 
ttag +84 78/70/68/66/62; 
ttag +85 100/100/100/100/100; 
ttag +86 100/100/98/100/100; 
ttag +87 58/32/32/44/37; 
ttag +88 87/81/74/84/77; 
ttag +89 100/100/100/100/100; 
ttag +90 99/99/96/98/94; 
ttag +91 97/97/90/96/89; 
ttag +92 100/100/98/100/98; 
ttag +93 97/96/95/96/95; 
ttag +94 62/49/46/46/34; 
