tread
'Tree with tags' 
(0 ((1 ((2 3 )(((4 5 )(6 7 ))(9 (8 (10 (11 12 )))))))(((13 14 )((15 16 )(17 (18 (19 ((20 21 )((22 23 )(24 25 ))))))))((26 (27 (28 (29 30 ))))(39 (31 ((32 33 )((34 35 )(36 (37 38 ))))))((40 41 )(42 (43 ((44 45 )(46 47 ))))))))); 
ttag *!; 
ttag +49 1; 
ttag +50 ???; 
ttag +51 7; 
ttag +52 8; 
ttag +53 3; 
ttag +54 6; 
ttag +55 2; 
ttag +56 1; 
ttag +57 1; 
ttag +58 1; 
ttag +59 6; 
ttag +60 7; 
ttag +61 7; 
ttag +62 2; 
ttag +63 1; 
ttag +64 6; 
ttag +65 9; 
ttag +66 2; 
ttag +67 6; 
ttag +68 2; 
ttag +69 10; 
ttag +70 4; 
ttag +71 10; 
ttag +72 6; 
ttag +73 3; 
ttag +74 5; 
ttag +75 4; 
ttag +76 1; 
ttag +77 7; 
ttag +78 3; 
ttag +79 3; 
ttag +80 1; 
ttag +81 6; 
ttag +82 2; 
ttag +83 3; 
ttag +84 1; 
ttag +85 13; 
ttag +86 8; 
ttag +87 4; 
ttag +88 6; 
ttag +89 7; 
ttag +90 2; 
ttag +91 15; 
ttag +92 2; 
ttag +93 2; 
tread
'Tree with tags' 
(0 ((1 ((2 3 )(((4 5 )(6 7 ))(9 (8 (10 (11 12 )))))))(((13 14 )((15 16 )(17 (18 (19 ((20 21 )((22 23 )(24 25 ))))))))((26 (27 (28 (29 30 ))))(39 (31 ((32 33 )((34 35 )(36 (37 38 ))))))((40 41 )(42 (43 ((44 45 )(46 47 ))))))))); 
ttag *!; 
ttag +0 ////; 
ttag +1 ////; 
ttag +2 ////; 
ttag +3 ////; 
ttag +4 ////; 
ttag +5 ////; 
ttag +6 ////; 
ttag +7 ////; 
ttag +8 ////; 
ttag +9 ////; 
ttag +10 ////; 
ttag +11 ////; 
ttag +12 ////; 
ttag +13 ////; 
ttag +14 ////; 
ttag +15 ////; 
ttag +16 ////; 
ttag +17 ////; 
ttag +18 ////; 
ttag +19 ////; 
ttag +20 ////; 
ttag +21 ////; 
ttag +22 ////; 
ttag +23 ////; 
ttag +24 ////; 
ttag +25 ////; 
ttag +26 ////; 
ttag +27 ////; 
ttag +28 ////; 
ttag +29 ////; 
ttag +30 ////; 
ttag +31 ////; 
ttag +32 ////; 
ttag +33 ////; 
ttag +34 ////; 
ttag +35 ////; 
ttag +36 ////; 
ttag +37 ////; 
ttag +38 ////; 
ttag +39 ////; 
ttag +40 ////; 
ttag +41 ////; 
ttag +42 ////; 
ttag +43 ////; 
ttag +44 ////; 
ttag +45 ////; 
ttag +46 ////; 
ttag +47 ////; 
ttag +48 ////; 
ttag +49 36/26/19/23/20; 
ttag +50 100/100/100/100/100; 
ttag +51 99/99/99/100/99; 
ttag +52 100/100/98/100/98; 
ttag +53 97/96/92/95/89; 
ttag +54 94/93/88/98/86; 
ttag +55 56/30/21/36/25; 
ttag +56 46/22/19/23/16; 
ttag +57 28/18/13/16/9; 
ttag +58 36/23/24/23/20; 
ttag +59 96/94/91/98/91; 
ttag +60 100/100/99/100/100; 
ttag +61 100/100/98/99/99; 
ttag +62 58/47/46/48/38; 
ttag +63 35/25/16/26/22; 
ttag +64 98/98/95/97/94; 
ttag +65 98/98/92/98/97; 
ttag +66 65/48/52/61/44; 
ttag +67 98/98/96/98/95; 
ttag +68 69/56/50/60/46; 
ttag +69 100/100/100/100/100; 
ttag +70 90/86/84/86/74; 
ttag +71 100/100/99/100/99; 
ttag +72 100/100/99/100/100; 
ttag +73 87/82/77/83/76; 
ttag +74 95/94/91/96/91; 
ttag +75 93/91/77/87/83; 
ttag +76 66/54/49/64/45; 
ttag +77 98/98/95/99/95; 
ttag +78 86/82/70/80/77; 
ttag +79 84/81/74/91/79; 
ttag +80 27/14/16/28/12; 
ttag +81 100/100/99/100/99; 
ttag +82 77/64/51/78/60; 
ttag +83 84/81/74/82/73; 
ttag +84 48/31/15/37/23; 
ttag +85 100/100/100/100/99; 
ttag +86 99/98/97/100/97; 
ttag +87 97/97/95/98/91; 
ttag +88 96/95/84/98/89; 
ttag +89 100/100/97/100/98; 
ttag +90 82/74/73/84/70; 
ttag +91 100/100/100/100/100; 
ttag +92 72/66/49/62/49; 
ttag +93 72/68/61/72/55; 
