tread
'Tree with tags' 
(0 (1 ((2 3 )(8 9 (6 7 (4 5 ))(10 (11 12 ))))(13 14 )((15 16 )(17 (18 19 ((20 21 )(22 23 )(24 25 )))))((26 (27 (28 (29 30 ))))(39 (31 ((32 33 )(34 35 )(36 (37 38 ))))((40 41 )(42 (43 ((44 45 )(46 47 ))))))))); 
ttag *!; 
ttag +49 ???; 
ttag +50 6; 
ttag +51 6; 
ttag +52 4; 
ttag +53 4; 
ttag +54 1; 
ttag +55 7; 
ttag +56 1; 
ttag +57 5; 
ttag +58 7; 
ttag +59 2; 
ttag +60 5; 
ttag +61 4; 
ttag +62 7; 
ttag +63 8; 
ttag +64 14; 
ttag +65 6; 
ttag +66 9; 
ttag +67 7; 
ttag +68 4; 
ttag +69 6; 
ttag +70 13; 
ttag +71 10; 
ttag +72 4; 
ttag +73 4; 
ttag +74 5; 
ttag +75 4; 
ttag +76 8; 
ttag +77 7; 
ttag +78 1; 
ttag +79 3; 
ttag +80 5; 
ttag +81 3; 
ttag +82 11; 
ttag +83 5; 
ttag +84 3; 
tread
'Tree with tags' 
(0 ((1 ((2 3 )((7 (6 (4 5 )))(8 (9 (10 (11 12 )))))))((13 14 )(((15 16 )(17 (18 (19 ((20 21 )((22 23 )(24 25 )))))))((26 (27 (28 (29 30 ))))(39 ((31 ((32 33 )((34 35 )(36 (37 38 )))))((40 41 )(42 (43 ((44 45 )(46 47 )))))))))))); 
ttag *!; 
ttag +0 ////; 
ttag +1 ////; 
ttag +2 ////; 
ttag +3 ////; 
ttag +4 ////; 
ttag +5 ////; 
ttag +6 ////; 
ttag +7 ////; 
ttag +8 ////; 
ttag +9 ////; 
ttag +10 ////; 
ttag +11 ////; 
ttag +12 ////; 
ttag +13 ////; 
ttag +14 ////; 
ttag +15 ////; 
ttag +16 ////; 
ttag +17 ////; 
ttag +18 ////; 
ttag +19 ////; 
ttag +20 ////; 
ttag +21 ////; 
ttag +22 ////; 
ttag +23 ////; 
ttag +24 ////; 
ttag +25 ////; 
ttag +26 ////; 
ttag +27 ////; 
ttag +28 ////; 
ttag +29 ////; 
ttag +30 ////; 
ttag +31 ////; 
ttag +32 ////; 
ttag +33 ////; 
ttag +34 ////; 
ttag +35 ////; 
ttag +36 ////; 
ttag +37 ////; 
ttag +38 ////; 
ttag +39 ////; 
ttag +40 ////; 
ttag +41 ////; 
ttag +42 ////; 
ttag +43 ////; 
ttag +44 ////; 
ttag +45 ////; 
ttag +46 ////; 
ttag +47 ////; 
ttag +48 ////; 
ttag +49 32/6/8/15/0; 
ttag +50 100/100/100/100/100; 
ttag +51 98/98/94/97/97; 
ttag +52 99/99/97/99/97; 
ttag +53 99/99/95/98/95; 
ttag +54 45/8/?/5/2; 
ttag +55 93/91/82/95/72; 
ttag +56 60/44/46/58/50; 
ttag +57 33/7/10/6/4; 
ttag +58 42/28/23/25/22; 
ttag +59 100/100/97/99/93; 
ttag +60 53/32/26/47/43; 
ttag +61 99/99/98/98/99; 
ttag +62 24/4/3/0/3; 
ttag +63 100/100/98/100/99; 
ttag +64 72/54/52/53/34; 
ttag +65 60/52/39/43/39; 
ttag +66 98/98/94/99/98; 
ttag +67 89/87/77/88/78; 
ttag +68 38/7/16/16/12; 
ttag +69 100/100/99/99/99; 
ttag +70 99/99/96/99/97; 
ttag +71 100/100/100/100/100; 
ttag +72 26/[25]/?/?/?; 
ttag +73 99/99/99/99/100; 
ttag +74 99/99/99/100/100; 
ttag +75 95/95/90/98/87; 
ttag +76 94/91/87/93/82; 
ttag +77 98/98/97/98/96; 
ttag +78 100/100/100/100/100; 
ttag +79 100/100/100/100/100; 
ttag +80 13/[11]/?/?/?; 
ttag +81 95/94/86/91/85; 
ttag +82 96/94/92/94/84; 
ttag +83 96/93/95/98/93; 
ttag +84 98/98/96/98/94; 
ttag +85 38/[1]/1/1/?; 
ttag +86 99/99/98/100/98; 
ttag +87 100/100/96/98/97; 
ttag +88 70/59/57/63/60; 
ttag +89 89/86/77/81/78; 
ttag +90 96/96/93/98/95; 
ttag +91 86/80/69/80/70; 
ttag +92 100/100/100/100/99; 
ttag +93 98/98/96/97/96; 
ttag +94 91/87/69/86/77; 
