tread
'Tree with tags' 
(0 (1 (((2 3 )((8 (9 ((4 5 )(6 7 ))))(10 (11 12 ))))(((13 14 )((17 (15 16 ))(18 19 ((20 21 )((22 23 )(24 25 ))))))((26 (27 (28 (29 30 ))))((31 ((32 33 )(34 35 )(36 (37 38 ))))(39 (40 41 (42 (43 ((44 45 )(46 47 )))))))))))); 
ttag *!; 
ttag +49 ???; 
ttag +50 7; 
ttag +51 8; 
ttag +52 1; 
ttag +53 10; 
ttag +54 6; 
ttag +55 3; 
ttag +56 2; 
ttag +57 4; 
ttag +58 3; 
ttag +59 7; 
ttag +60 2; 
ttag +61 4; 
ttag +62 1; 
ttag +63 1; 
ttag +64 14; 
ttag +65 1; 
ttag +66 6; 
ttag +67 4; 
ttag +68 3; 
ttag +69 8; 
ttag +70 6; 
ttag +71 7; 
ttag +72 3; 
ttag +73 3; 
ttag +74 2; 
ttag +75 1; 
ttag +76 9; 
ttag +77 6; 
ttag +78 11; 
ttag +79 7; 
ttag +80 5; 
ttag +81 3; 
ttag +82 3; 
ttag +83 13; 
ttag +84 10; 
ttag +85 1; 
ttag +86 7; 
ttag +87 7; 
ttag +88 5; 
ttag +89 3; 
ttag +90 4; 
ttag +91 5; 
tread
'Tree with tags' 
(0 (1 (((2 3 )((8 (9 ((4 5 )(6 7 ))))(10 (11 12 ))))(((13 14 )((17 (15 16 ))(19 (18 ((20 21 )((22 23 )(24 25 )))))))((26 (27 (28 (29 30 ))))((31 ((32 33 )((34 35 )(36 (37 38 )))))(39 (41 (40 (42 (43 ((44 45 )(46 47 ))))))))))))); 
ttag *!; 
ttag +0 ////; 
ttag +1 ////; 
ttag +2 ////; 
ttag +3 ////; 
ttag +4 ////; 
ttag +5 ////; 
ttag +6 ////; 
ttag +7 ////; 
ttag +8 ////; 
ttag +9 ////; 
ttag +10 ////; 
ttag +11 ////; 
ttag +12 ////; 
ttag +13 ////; 
ttag +14 ////; 
ttag +15 ////; 
ttag +16 ////; 
ttag +17 ////; 
ttag +18 ////; 
ttag +19 ////; 
ttag +20 ////; 
ttag +21 ////; 
ttag +22 ////; 
ttag +23 ////; 
ttag +24 ////; 
ttag +25 ////; 
ttag +26 ////; 
ttag +27 ////; 
ttag +28 ////; 
ttag +29 ////; 
ttag +30 ////; 
ttag +31 ////; 
ttag +32 ////; 
ttag +33 ////; 
ttag +34 ////; 
ttag +35 ////; 
ttag +36 ////; 
ttag +37 ////; 
ttag +38 ////; 
ttag +39 ////; 
ttag +40 ////; 
ttag +41 ////; 
ttag +42 ////; 
ttag +43 ////; 
ttag +44 ////; 
ttag +45 ////; 
ttag +46 ////; 
ttag +47 ////; 
ttag +48 ////; 
ttag +49 100/100/100/100/100; 
ttag +50 96/96/94/98/86; 
ttag +51 100/100/98/98/96; 
ttag +52 51/34/34/42/25; 
ttag +53 99/99/99/100/100; 
ttag +54 91/88/82/88/78; 
ttag +55 50/39/26/47/26; 
ttag +56 45/34/19/38/21; 
ttag +57 90/85/76/85/72; 
ttag +58 83/75/66/78/56; 
ttag +59 100/100/99/100/98; 
ttag +60 64/41/38/43/31; 
ttag +61 96/96/92/96/90; 
ttag +62 33/26/32/24/18; 
ttag +63 48/38/18/31/14; 
ttag +64 100/100/100/100/99; 
ttag +65 36/20/8/36/6; 
ttag +66 93/92/91/96/86; 
ttag +67 17/[12]/4/?/?; 
ttag +68 88/84/72/90/69; 
ttag +69 91/87/88/90/91; 
ttag +70 97/95/91/96/92; 
ttag +71 98/98/100/99/98; 
ttag +72 99/98/94/98/95; 
ttag +73 84/74/59/70/60; 
ttag +74 92/91/78/90/79; 
ttag +75 83/78/61/77/68; 
ttag +76 46/34/24/38/20; 
ttag +77 100/100/98/99/99; 
ttag +78 98/98/94/97/90; 
ttag +79 100/100/99/100/98; 
ttag +80 98/97/94/94/91; 
ttag +81 99/99/98/100/100; 
ttag +82 88/86/81/88/77; 
ttag +83 88/86/84/86/80; 
ttag +84 44/13/?/6/8; 
ttag +85 100/100/100/100/100; 
ttag +86 100/100/98/99/100; 
ttag +87 67/66/54/58/63; 
ttag +88 27/[9]/?/?/4; 
ttag +89 99/99/96/97/97; 
ttag +90 99/99/99/99/96; 
ttag +91 96/95/92/98/89; 
ttag +92 81/76/75/82/74; 
ttag +93 92/90/80/90/86; 
ttag +94 99/99/98/99/96; 
