tread
'Tree with tags' 
(0 ((1 ((2 3 )(10 ((6 (7 (4 5 )))((8 9 )(11 12 ))))))((13 14 )(((15 16 )(17 (18 (19 ((20 21 )((22 23 )(24 25 )))))))(26 (27 (28 (29 30 ))))((31 ((32 33 )((34 35 )(36 (37 38 )))))(39 ((40 41 )(42 (43 ((44 45 )(46 47 ))))))))))); 
ttag *!; 
ttag +49 1; 
ttag +50 ???; 
ttag +51 6; 
ttag +52 6; 
ttag +53 5; 
ttag +54 3; 
ttag +55 7; 
ttag +56 3; 
ttag +57 5; 
ttag +58 2; 
ttag +59 1; 
ttag +60 8; 
ttag +61 11; 
ttag +62 2; 
ttag +63 14; 
ttag +64 12; 
ttag +65 2; 
ttag +66 4; 
ttag +67 4; 
ttag +68 2; 
ttag +69 5; 
ttag +70 4; 
ttag +71 4; 
ttag +72 5; 
ttag +73 2; 
ttag +74 5; 
ttag +75 1; 
ttag +76 4; 
ttag +77 11; 
ttag +78 5; 
ttag +79 4; 
ttag +80 10; 
ttag +81 3; 
ttag +82 2; 
ttag +83 2; 
ttag +84 8; 
ttag +85 14; 
ttag +86 1; 
ttag +87 4; 
ttag +88 7; 
ttag +89 7; 
ttag +90 3; 
ttag +91 7; 
ttag +92 5; 
ttag +93 2; 
tread
'Tree with tags' 
(0 ((1 ((2 3 )(10 ((6 (7 (4 5 )))((8 9 )(11 12 ))))))((13 14 )((((15 16 )(17 (18 (19 ((20 21 )((22 23 )(24 25 )))))))(26 (27 (28 (29 30 )))))((31 ((32 33 )((34 35 )(36 (37 38 )))))(39 ((40 41 )(42 (43 ((44 45 )(46 47 ))))))))))); 
ttag *!; 
ttag +0 ////; 
ttag +1 ////; 
ttag +2 ////; 
ttag +3 ////; 
ttag +4 ////; 
ttag +5 ////; 
ttag +6 ////; 
ttag +7 ////; 
ttag +8 ////; 
ttag +9 ////; 
ttag +10 ////; 
ttag +11 ////; 
ttag +12 ////; 
ttag +13 ////; 
ttag +14 ////; 
ttag +15 ////; 
ttag +16 ////; 
ttag +17 ////; 
ttag +18 ////; 
ttag +19 ////; 
ttag +20 ////; 
ttag +21 ////; 
ttag +22 ////; 
ttag +23 ////; 
ttag +24 ////; 
ttag +25 ////; 
ttag +26 ////; 
ttag +27 ////; 
ttag +28 ////; 
ttag +29 ////; 
ttag +30 ////; 
ttag +31 ////; 
ttag +32 ////; 
ttag +33 ////; 
ttag +34 ////; 
ttag +35 ////; 
ttag +36 ////; 
ttag +37 ////; 
ttag +38 ////; 
ttag +39 ////; 
ttag +40 ////; 
ttag +41 ////; 
ttag +42 ////; 
ttag +43 ////; 
ttag +44 ////; 
ttag +45 ////; 
ttag +46 ////; 
ttag +47 ////; 
ttag +48 ////; 
ttag +49 65/61/50/64/54; 
ttag +50 100/100/100/100/100; 
ttag +51 96/95/97/97/94; 
ttag +52 98/98/96/98/96; 
ttag +53 96/95/90/95/88; 
ttag +54 80/73/61/75/64; 
ttag +55 98/98/93/98/95; 
ttag +56 65/48/26/61/28; 
ttag +57 90/89/83/91/78; 
ttag +58 70/64/55/68/59; 
ttag +59 50/33/16/30/12; 
ttag +60 99/98/98/100/100; 
ttag +61 100/100/100/100/100; 
ttag +62 60/56/40/55/38; 
ttag +63 100/100/100/99/98; 
ttag +64 100/100/98/100/98; 
ttag +65 41/12/12/10/11; 
ttag +66 64/59/34/60/43; 
ttag +67 96/95/86/96/91; 
ttag +68 88/83/78/92/77; 
ttag +69 75/68/50/73/64; 
ttag +70 100/100/98/99/99; 
ttag +71 88/86/80/90/80; 
ttag +72 96/95/80/90/89; 
ttag +73 94/92/83/94/85; 
ttag +74 65/42/62/68/56; 
ttag +75 98/98/97/98/95; 
ttag +76 53/42/26/42/40; 
ttag +77 92/90/80/87/82; 
ttag +78 100/100/100/100/100; 
ttag +79 99/99/96/98/95; 
ttag +80 80/75/55/79/66; 
ttag +81 100/100/100/100/100; 
ttag +82 86/82/69/71/66; 
ttag +83 50/30/33/48/29; 
ttag +84 51/30/36/50/28; 
ttag +85 100/100/98/100/97; 
ttag +86 100/100/100/100/100; 
ttag +87 47/26/3/37/11; 
ttag +88 97/97/93/98/96; 
ttag +89 97/96/92/97/92; 
ttag +90 99/98/98/98/98; 
ttag +91 94/94/91/92/91; 
ttag +92 100/100/97/100/100; 
ttag +93 97/97/95/98/95; 
ttag +94 73/57/50/53/49; 
