tread
'Tree with tags' 
(0 (1 ((2 3 )(((7 (6 (4 5 )))(8 9 ))(10 (11 12 ))))(((13 14 )((15 16 )(17 (18 (19 ((20 21 )(22 23 )(24 25 )))))))((26 (27 (28 (29 30 ))))(39 (31 (((32 33 )(34 35 ))(36 (37 38 ))))((40 41 )(42 43 (44 45 )(46 47 )))))))); 
ttag *!; 
ttag +49 ???; 
ttag +50 8; 
ttag +51 6; 
ttag +52 8; 
ttag +53 2; 
ttag +54 7; 
ttag +55 3; 
ttag +56 6; 
ttag +57 1; 
ttag +58 5; 
ttag +59 5; 
ttag +60 7; 
ttag +61 2; 
ttag +62 1; 
ttag +63 13; 
ttag +64 6; 
ttag +65 2; 
ttag +66 6; 
ttag +67 1; 
ttag +68 8; 
ttag +69 3; 
ttag +70 9; 
ttag +71 6; 
ttag +72 5; 
ttag +73 3; 
ttag +74 4; 
ttag +75 5; 
ttag +76 13; 
ttag +77 3; 
ttag +78 5; 
ttag +79 6; 
ttag +80 2; 
ttag +81 5; 
ttag +82 3; 
ttag +83 15; 
ttag +84 3; 
ttag +85 2; 
ttag +86 5; 
ttag +87 6; 
ttag +88 12; 
ttag +89 3; 
tread
'Tree with tags' 
(0 ((1 ((2 3 )(((7 (6 (4 5 )))(8 9 ))(10 (11 12 )))))(((13 14 )((15 16 )(17 (18 (19 (((20 21 )(24 25 ))(22 23 )))))))((26 (27 (28 (29 30 ))))((31 (((32 33 )(34 35 ))(36 (37 38 ))))(39 ((40 41 )(42 (43 ((44 45 )(46 47 ))))))))))); 
ttag *!; 
ttag +0 ////; 
ttag +1 ////; 
ttag +2 ////; 
ttag +3 ////; 
ttag +4 ////; 
ttag +5 ////; 
ttag +6 ////; 
ttag +7 ////; 
ttag +8 ////; 
ttag +9 ////; 
ttag +10 ////; 
ttag +11 ////; 
ttag +12 ////; 
ttag +13 ////; 
ttag +14 ////; 
ttag +15 ////; 
ttag +16 ////; 
ttag +17 ////; 
ttag +18 ////; 
ttag +19 ////; 
ttag +20 ////; 
ttag +21 ////; 
ttag +22 ////; 
ttag +23 ////; 
ttag +24 ////; 
ttag +25 ////; 
ttag +26 ////; 
ttag +27 ////; 
ttag +28 ////; 
ttag +29 ////; 
ttag +30 ////; 
ttag +31 ////; 
ttag +32 ////; 
ttag +33 ////; 
ttag +34 ////; 
ttag +35 ////; 
ttag +36 ////; 
ttag +37 ////; 
ttag +38 ////; 
ttag +39 ////; 
ttag +40 ////; 
ttag +41 ////; 
ttag +42 ////; 
ttag +43 ////; 
ttag +44 ////; 
ttag +45 ////; 
ttag +46 ////; 
ttag +47 ////; 
ttag +48 ////; 
ttag +49 31/8/7/?/7; 
ttag +50 100/100/100/100/100; 
ttag +51 99/99/97/100/96; 
ttag +52 98/97/95/98/94; 
ttag +53 99/99/100/99/98; 
ttag +54 68/51/39/53/45; 
ttag +55 94/92/90/94/90; 
ttag +56 56/39/22/47/32; 
ttag +57 90/86/82/92/88; 
ttag +58 36/20/5/15/13; 
ttag +59 94/92/91/95/89; 
ttag +60 99/99/96/97/98; 
ttag +61 100/100/99/100/100; 
ttag +62 57/48/40/61/43; 
ttag +63 47/40/31/42/31; 
ttag +64 100/100/100/100/99; 
ttag +65 92/90/79/94/82; 
ttag +66 70/67/54/67/59; 
ttag +67 98/97/94/97/89; 
ttag +68 55/50/48/39/41; 
ttag +69 100/100/99/100/100; 
ttag +70 28/[6]/?/?/?; 
ttag +71 87/83/83/91/77; 
ttag +72 100/100/100/100/100; 
ttag +73 98/97/93/97/92; 
ttag +74 96/95/91/98/93; 
ttag +75 80/76/73/84/74; 
ttag +76 91/88/79/92/77; 
ttag +77 97/96/95/99/94; 
ttag +78 100/100/100/100/100; 
ttag +79 71/60/36/64/42; 
ttag +80 91/90/85/95/80; 
ttag +81 99/99/96/97/96; 
ttag +82 74/70/56/70/50; 
ttag +83 78/67/44/70/52; 
ttag +84 92/92/93/92/90; 
ttag +85 100/100/100/100/100; 
ttag +86 76/62/46/71/40; 
ttag +87 22/[14]/?/?/?; 
ttag +88 82/76/58/81/68; 
ttag +89 84/77/66/77/71; 
ttag +90 95/93/79/94/85; 
ttag +91 20/[1]/?/?/?; 
ttag +92 100/100/100/100/100; 
ttag +93 34/6/2/4/4; 
ttag +94 92/87/79/89/83; 
