tread
'Tree with tags' 
(0 ((1 ((2 3 )((4 5 )(6 7 ))(8 9 (10 (11 12 )))))((13 14 )(17 (15 16 )(18 (19 ((20 21 )((22 23 )(24 25 ))))))((26 (27 (28 (29 30 ))))((31 ((32 33 )((34 35 )(36 (37 38 )))))(39 ((40 41 )(43 (42 ((44 45 )(46 47 ))))))))))); 
ttag *!; 
ttag +49 2; 
ttag +50 ???; 
ttag +51 7; 
ttag +52 11; 
ttag +53 10; 
ttag +54 3; 
ttag +55 1; 
ttag +56 1; 
ttag +57 3; 
ttag +58 5; 
ttag +59 9; 
ttag +60 2; 
ttag +61 7; 
ttag +62 5; 
ttag +63 6; 
ttag +64 4; 
ttag +65 8; 
ttag +66 4; 
ttag +67 9; 
ttag +68 2; 
ttag +69 8; 
ttag +70 5; 
ttag +71 8; 
ttag +72 2; 
ttag +73 1; 
ttag +74 10; 
ttag +75 6; 
ttag +76 8; 
ttag +77 7; 
ttag +78 4; 
ttag +79 3; 
ttag +80 2; 
ttag +81 12; 
ttag +82 11; 
ttag +83 3; 
ttag +84 5; 
ttag +85 8; 
ttag +86 4; 
ttag +87 10; 
ttag +88 8; 
ttag +89 10; 
ttag +90 2; 
tread
'Tree with tags' 
(0 ((1 ((2 3 )(((4 5 )(6 7 ))((8 9 )(10 (11 12 ))))))(((13 14 )((26 (27 (28 (29 30 ))))((31 ((32 33 )((34 35 )(36 (37 38 )))))(39 ((40 41 )(43 (42 ((44 45 )(46 47 )))))))))(17 ((15 16 )(18 (19 ((20 21 )((22 23 )(24 25 )))))))))); 
ttag *!; 
ttag +0 ////; 
ttag +1 ////; 
ttag +2 ////; 
ttag +3 ////; 
ttag +4 ////; 
ttag +5 ////; 
ttag +6 ////; 
ttag +7 ////; 
ttag +8 ////; 
ttag +9 ////; 
ttag +10 ////; 
ttag +11 ////; 
ttag +12 ////; 
ttag +13 ////; 
ttag +14 ////; 
ttag +15 ////; 
ttag +16 ////; 
ttag +17 ////; 
ttag +18 ////; 
ttag +19 ////; 
ttag +20 ////; 
ttag +21 ////; 
ttag +22 ////; 
ttag +23 ////; 
ttag +24 ////; 
ttag +25 ////; 
ttag +26 ////; 
ttag +27 ////; 
ttag +28 ////; 
ttag +29 ////; 
ttag +30 ////; 
ttag +31 ////; 
ttag +32 ////; 
ttag +33 ////; 
ttag +34 ////; 
ttag +35 ////; 
ttag +36 ////; 
ttag +37 ////; 
ttag +38 ////; 
ttag +39 ////; 
ttag +40 ////; 
ttag +41 ////; 
ttag +42 ////; 
ttag +43 ////; 
ttag +44 ////; 
ttag +45 ////; 
ttag +46 ////; 
ttag +47 ////; 
ttag +48 ////; 
ttag +49 69/62/43/64/44; 
ttag +50 100/100/100/100/100; 
ttag +51 99/99/98/99/98; 
ttag +52 100/100/98/100/98; 
ttag +53 100/100/100/99/99; 
ttag +54 92/90/80/87/82; 
ttag +55 20/1/?/1/1; 
ttag +56 52/44/34/45/37; 
ttag +57 36/13/9/13/9; 
ttag +58 51/41/26/38/28; 
ttag +59 86/84/72/83/68; 
ttag +60 99/99/89/94/88; 
ttag +61 100/100/98/99/100; 
ttag +62 34/19/22/14/16; 
ttag +63 59/52/37/58/40; 
ttag +64 100/100/100/100/100; 
ttag +65 20/[34]/?/?/?; 
ttag +66 89/88/71/92/80; 
ttag +67 95/94/85/97/87; 
ttag +68 95/94/84/95/84; 
ttag +69 100/100/99/100/100; 
ttag +70 95/94/83/94/81; 
ttag +71 99/99/98/100/99; 
ttag +72 79/68/50/59/51; 
ttag +73 99/99/97/99/98; 
ttag +74 94/94/93/94/94; 
ttag +75 98/97/91/95/89; 
ttag +76 69/61/55/71/58; 
ttag +77 63/47/36/54/41; 
ttag +78 100/100/100/100/98; 
ttag +79 96/95/92/96/88; 
ttag +80 94/93/89/94/86; 
ttag +81 99/99/97/100/94; 
ttag +82 92/91/83/90/81; 
ttag +83 92/92/89/92/92; 
ttag +84 68/61/49/68/56; 
ttag +85 100/100/100/100/99; 
ttag +86 100/100/100/100/100; 
ttag +87 90/89/78/89/79; 
ttag +88 99/98/92/97/92; 
ttag +89 94/92/82/92/86; 
ttag +90 89/84/68/86/74; 
ttag +91 99/99/98/98/98; 
ttag +92 98/98/95/97/92; 
ttag +93 98/98/93/98/94; 
ttag +94 73/68/62/74/56; 
