tread
'Tree with tags' 
(0 (1 17 ((2 3 )((4 5 )(6 7 ))((8 9 )(10 (11 12 ))))(13 14 )(15 16 )(18 (19 ((20 21 )((22 23 )(24 25 )))))((26 (27 (28 (29 30 ))))((31 ((32 33 )(34 35 (36 (37 38 )))))(39 (40 41 (42 43 ((44 45 )(46 47 ))))))))); 
ttag *!; 
ttag +49 ???; 
ttag +50 6; 
ttag +51 7; 
ttag +52 7; 
ttag +53 7; 
ttag +54 1; 
ttag +55 1; 
ttag +56 1; 
ttag +57 3; 
ttag +58 10; 
ttag +59 9; 
ttag +60 7; 
ttag +61 4; 
ttag +62 1; 
ttag +63 5; 
ttag +64 5; 
ttag +65 10; 
ttag +66 6; 
ttag +67 7; 
ttag +68 2; 
ttag +69 5; 
ttag +70 2; 
ttag +71 7; 
ttag +72 8; 
ttag +73 5; 
ttag +74 3; 
ttag +75 6; 
ttag +76 7; 
ttag +77 2; 
ttag +78 6; 
ttag +79 8; 
ttag +80 2; 
ttag +81 10; 
ttag +82 8; 
ttag +83 11; 
ttag +84 5; 
ttag +85 1; 
tread
'Tree with tags' 
(0 (1 (((((((2 3 )((4 5 )(6 7 )))((8 9 )(10 (11 12 ))))(17 (18 (19 ((20 21 )((22 23 )(24 25 )))))))(15 16 ))((26 (27 (28 (29 30 ))))((31 ((32 33 )(35 (34 (36 (37 38 ))))))(39 (41 (40 ((42 43 )((44 45 )(46 47 )))))))))(13 14 )))); 
ttag *!; 
ttag +0 ////; 
ttag +1 ////; 
ttag +2 ////; 
ttag +3 ////; 
ttag +4 ////; 
ttag +5 ////; 
ttag +6 ////; 
ttag +7 ////; 
ttag +8 ////; 
ttag +9 ////; 
ttag +10 ////; 
ttag +11 ////; 
ttag +12 ////; 
ttag +13 ////; 
ttag +14 ////; 
ttag +15 ////; 
ttag +16 ////; 
ttag +17 ////; 
ttag +18 ////; 
ttag +19 ////; 
ttag +20 ////; 
ttag +21 ////; 
ttag +22 ////; 
ttag +23 ////; 
ttag +24 ////; 
ttag +25 ////; 
ttag +26 ////; 
ttag +27 ////; 
ttag +28 ////; 
ttag +29 ////; 
ttag +30 ////; 
ttag +31 ////; 
ttag +32 ////; 
ttag +33 ////; 
ttag +34 ////; 
ttag +35 ////; 
ttag +36 ////; 
ttag +37 ////; 
ttag +38 ////; 
ttag +39 ////; 
ttag +40 ////; 
ttag +41 ////; 
ttag +42 ////; 
ttag +43 ////; 
ttag +44 ////; 
ttag +45 ////; 
ttag +46 ////; 
ttag +47 ////; 
ttag +48 ////; 
ttag +49 100/100/100/100/100; 
ttag +50 99/99/92/100/96; 
ttag +51 29/9/8/12/7; 
ttag +52 99/99/96/100/98; 
ttag +53 6/[12]/?/?/?; 
ttag +54 26/12/2/8/6; 
ttag +55 6/[4]/4/?/?; 
ttag +56 16/[9]/?/?/?; 
ttag +57 99/99/97/99/97; 
ttag +58 99/99/94/98/95; 
ttag +59 51/32/21/27/13; 
ttag +60 51/30/23/42/22; 
ttag +61 64/48/30/42/34; 
ttag +62 84/80/66/79/66; 
ttag +63 100/100/100/100/100; 
ttag +64 100/100/100/100/100; 
ttag +65 100/100/96/98/97; 
ttag +66 54/36/28/36/34; 
ttag +67 97/97/92/98/95; 
ttag +68 60/50/46/50/46; 
ttag +69 98/98/98/99/96; 
ttag +70 96/95/92/97/92; 
ttag +71 99/99/100/100/100; 
ttag +72 99/99/96/98/97; 
ttag +73 98/98/97/98/94; 
ttag +74 79/76/68/71/70; 
ttag +75 96/95/87/94/85; 
ttag +76 62/56/50/59/55; 
ttag +77 99/99/98/100/99; 
ttag +78 99/99/97/100/98; 
ttag +79 94/93/80/95/86; 
ttag +80 87/85/68/82/77; 
ttag +81 100/100/99/100/97; 
ttag +82 98/98/90/99/96; 
ttag +83 28/[8]/?/?/?; 
ttag +84 75/71/58/76/64; 
ttag +85 93/91/81/96/84; 
ttag +86 100/100/99/100/99; 
ttag +87 74/71/51/70/64; 
ttag +88 27/[9]/?/?/?; 
ttag +89 100/100/97/100/100; 
ttag +90 48/24/27/18/28; 
ttag +91 100/100/97/99/96; 
ttag +92 100/100/99/100/100; 
ttag +93 96/94/89/94/91; 
ttag +94 62/50/36/40/33; 
