tread
'Tree with tags' 
(0 (1 (((2 3 )(8 ((9 ((4 5 )(6 7 )))(10 (11 12 )))))(13 14 ))((15 16 )(17 (18 (19 ((20 21 )((22 23 )(24 25 )))))))((26 (27 (28 (29 30 ))))(39 ((31 (((32 33 )(36 (37 38 )))(34 35 )))((40 41 )(43 (42 ((44 45 )(46 47 )))))))))); 
ttag *!; 
ttag +49 ???; 
ttag +50 3; 
ttag +51 4; 
ttag +52 2; 
ttag +53 5; 
ttag +54 11; 
ttag +55 1; 
ttag +56 1; 
ttag +57 1; 
ttag +58 4; 
ttag +59 5; 
ttag +60 8; 
ttag +61 5; 
ttag +62 9; 
ttag +63 6; 
ttag +64 3; 
ttag +65 1; 
ttag +66 3; 
ttag +67 9; 
ttag +68 9; 
ttag +69 9; 
ttag +70 4; 
ttag +71 3; 
ttag +72 6; 
ttag +73 6; 
ttag +74 2; 
ttag +75 5; 
ttag +76 8; 
ttag +77 7; 
ttag +78 1; 
ttag +79 6; 
ttag +80 2; 
ttag +81 1; 
ttag +82 1; 
ttag +83 1; 
ttag +84 5; 
ttag +85 14; 
ttag +86 1; 
ttag +87 9; 
ttag +88 2; 
ttag +89 8; 
ttag +90 7; 
ttag +91 5; 
ttag +92 2; 
tread
'Tree with tags' 
(0 (1 (((((2 3 )(8 ((9 ((4 5 )(6 7 )))(10 (11 12 )))))(13 14 ))((15 16 )(17 (18 (19 ((20 21 )((22 23 )(24 25 ))))))))((26 (27 (28 (29 30 ))))(39 ((31 (((32 33 )(36 (37 38 )))(34 35 )))((40 41 )(43 (42 ((44 45 )(46 47 ))))))))))); 
ttag *!; 
ttag +0 ////; 
ttag +1 ////; 
ttag +2 ////; 
ttag +3 ////; 
ttag +4 ////; 
ttag +5 ////; 
ttag +6 ////; 
ttag +7 ////; 
ttag +8 ////; 
ttag +9 ////; 
ttag +10 ////; 
ttag +11 ////; 
ttag +12 ////; 
ttag +13 ////; 
ttag +14 ////; 
ttag +15 ////; 
ttag +16 ////; 
ttag +17 ////; 
ttag +18 ////; 
ttag +19 ////; 
ttag +20 ////; 
ttag +21 ////; 
ttag +22 ////; 
ttag +23 ////; 
ttag +24 ////; 
ttag +25 ////; 
ttag +26 ////; 
ttag +27 ////; 
ttag +28 ////; 
ttag +29 ////; 
ttag +30 ////; 
ttag +31 ////; 
ttag +32 ////; 
ttag +33 ////; 
ttag +34 ////; 
ttag +35 ////; 
ttag +36 ////; 
ttag +37 ////; 
ttag +38 ////; 
ttag +39 ////; 
ttag +40 ////; 
ttag +41 ////; 
ttag +42 ////; 
ttag +43 ////; 
ttag +44 ////; 
ttag +45 ////; 
ttag +46 ////; 
ttag +47 ////; 
ttag +48 ////; 
ttag +49 100/100/100/100/100; 
ttag +50 76/67/52/71/57; 
ttag +51 97/97/86/94/87; 
ttag +52 81/77/57/82/60; 
ttag +53 22/[18]/?/?/?; 
ttag +54 24/4/7/?/5; 
ttag +55 99/99/95/98/94; 
ttag +56 100/100/99/100/98; 
ttag +57 41/10/8/12/1; 
ttag +58 30/[1]/?/3/?; 
ttag +59 53/34/20/30/26; 
ttag +60 94/91/79/90/78; 
ttag +61 90/87/85/97/79; 
ttag +62 100/100/100/100/100; 
ttag +63 96/96/96/97/92; 
ttag +64 100/100/100/100/100; 
ttag +65 98/98/92/98/95; 
ttag +66 79/74/63/76/59; 
ttag +67 50/30/24/42/21; 
ttag +68 84/76/60/74/61; 
ttag +69 100/100/100/100/100; 
ttag +70 99/99/98/100/96; 
ttag +71 99/99/99/99/97; 
ttag +72 89/87/86/89/80; 
ttag +73 87/79/68/80/69; 
ttag +74 98/98/96/98/96; 
ttag +75 96/95/92/96/87; 
ttag +76 77/70/58/76/62; 
ttag +77 92/89/79/91/82; 
ttag +78 100/100/99/100/99; 
ttag +79 100/100/98/100/97; 
ttag +80 53/41/29/36/31; 
ttag +81 98/98/96/97/96; 
ttag +82 88/88/77/84/74; 
ttag +83 46/29/32/33/31; 
ttag +84 51/34/35/33/35; 
ttag +85 66/58/58/64/49; 
ttag +86 97/97/93/98/92; 
ttag +87 100/100/100/100/99; 
ttag +88 68/56/42/42/32; 
ttag +89 99/99/98/98/96; 
ttag +90 63/43/42/62/57; 
ttag +91 99/99/99/100/99; 
ttag +92 97/97/93/98/94; 
ttag +93 96/96/91/98/92; 
ttag +94 68/54/58/66/50; 
