tread
'Tree with tags' 
(0 (1 ((2 3 )((8 (9 (6 (7 (4 5 )))))(10 (11 12 ))))(13 14 )((15 16 )(17 (19 (18 ((20 21 )((22 23 )(24 25 )))))))((26 (27 (28 (29 30 ))))((39 (31 (((32 33 )(36 (37 38 )))(34 35 ))))((40 41 )(42 (43 ((44 45 )(46 47 ))))))))); 
ttag *!; 
ttag +49 ???; 
ttag +50 5; 
ttag +51 11; 
ttag +52 10; 
ttag +53 2; 
ttag +54 5; 
ttag +55 1; 
ttag +56 1; 
ttag +57 3; 
ttag +58 2; 
ttag +59 8; 
ttag +60 6; 
ttag +61 12; 
ttag +62 5; 
ttag +63 1; 
ttag +64 2; 
ttag +65 8; 
ttag +66 9; 
ttag +67 7; 
ttag +68 6; 
ttag +69 4; 
ttag +70 7; 
ttag +71 8; 
ttag +72 6; 
ttag +73 2; 
ttag +74 8; 
ttag +75 5; 
ttag +76 14; 
ttag +77 1; 
ttag +78 3; 
ttag +79 4; 
ttag +80 1; 
ttag +81 5; 
ttag +82 2; 
ttag +83 10; 
ttag +84 4; 
ttag +85 2; 
ttag +86 6; 
ttag +87 12; 
ttag +88 4; 
ttag +89 9; 
ttag +90 2; 
ttag +91 1; 
tread
'Tree with tags' 
(0 (((1 (13 14 ))((2 3 )((8 (9 (6 (7 (4 5 )))))(10 (11 12 )))))(((15 16 )(17 (19 (18 ((20 21 )((22 23 )(24 25 )))))))((26 (27 (28 (29 30 ))))((39 (31 (((32 33 )(36 (37 38 )))(34 35 ))))((40 41 )(42 (43 ((44 45 )(46 47 )))))))))); 
ttag *!; 
ttag +0 ////; 
ttag +1 ////; 
ttag +2 ////; 
ttag +3 ////; 
ttag +4 ////; 
ttag +5 ////; 
ttag +6 ////; 
ttag +7 ////; 
ttag +8 ////; 
ttag +9 ////; 
ttag +10 ////; 
ttag +11 ////; 
ttag +12 ////; 
ttag +13 ////; 
ttag +14 ////; 
ttag +15 ////; 
ttag +16 ////; 
ttag +17 ////; 
ttag +18 ////; 
ttag +19 ////; 
ttag +20 ////; 
ttag +21 ////; 
ttag +22 ////; 
ttag +23 ////; 
ttag +24 ////; 
ttag +25 ////; 
ttag +26 ////; 
ttag +27 ////; 
ttag +28 ////; 
ttag +29 ////; 
ttag +30 ////; 
ttag +31 ////; 
ttag +32 ////; 
ttag +33 ////; 
ttag +34 ////; 
ttag +35 ////; 
ttag +36 ////; 
ttag +37 ////; 
ttag +38 ////; 
ttag +39 ////; 
ttag +40 ////; 
ttag +41 ////; 
ttag +42 ////; 
ttag +43 ////; 
ttag +44 ////; 
ttag +45 ////; 
ttag +46 ////; 
ttag +47 ////; 
ttag +48 ////; 
ttag +49 17/[12]/?/?/?; 
ttag +50 11/[18]/?/?/?; 
ttag +51 100/100/100/100/100; 
ttag +52 94/94/91/94/94; 
ttag +53 100/100/99/100/98; 
ttag +54 100/100/100/100/99; 
ttag +55 64/45/40/57/40; 
ttag +56 98/97/92/96/89; 
ttag +57 23/[10]/?/?/?; 
ttag +58 30/[3]/6/8/2; 
ttag +59 84/80/81/80/79; 
ttag +60 72/62/46/56/37; 
ttag +61 99/99/99/99/98; 
ttag +62 98/98/98/98/97; 
ttag +63 100/100/100/100/99; 
ttag +64 93/89/88/95/85; 
ttag +65 32/2/11/12/6; 
ttag +66 56/34/30/40/44; 
ttag +67 68/55/48/61/46; 
ttag +68 99/99/97/97/98; 
ttag +69 100/100/100/100/100; 
ttag +70 100/100/99/100/98; 
ttag +71 98/98/94/98/93; 
ttag +72 96/94/90/97/94; 
ttag +73 99/99/98/98/100; 
ttag +74 100/100/99/100/97; 
ttag +75 94/92/87/85/87; 
ttag +76 84/78/62/74/59; 
ttag +77 99/98/98/99/97; 
ttag +78 98/97/90/94/86; 
ttag +79 100/100/99/100/99; 
ttag +80 56/32/27/34/17; 
ttag +81 86/81/72/78/66; 
ttag +82 92/92/80/92/85; 
ttag +83 68/67/57/63/56; 
ttag +84 94/94/87/95/86; 
ttag +85 83/83/74/76/73; 
ttag +86 100/100/99/100/99; 
ttag +87 93/90/79/91/82; 
ttag +88 67/54/52/63/60; 
ttag +89 97/97/93/97/91; 
ttag +90 100/100/100/100/100; 
ttag +91 86/83/77/83/73; 
ttag +92 100/100/99/100/99; 
ttag +93 68/48/51/57/43; 
ttag +94 45/15/20/26/3; 
