tread
'Tree with tags' 
(0 ((1 (((26 27 )(28 (29 30 )))(39 (31 (((32 33 )(36 (37 38 )))(34 35 )))((40 41 )(42 (43 ((44 45 )(46 47 ))))))))((2 3 )(((4 5 )(6 7 ))((8 9 )(10 (11 12 )))))(13 14 )(17 ((15 16 )(18 19 ((20 21 )((22 23 )(24 25 )))))))); 
ttag *!; 
ttag +49 1; 
ttag +50 ???; 
ttag +51 10; 
ttag +52 9; 
ttag +53 2; 
ttag +54 5; 
ttag +55 3; 
ttag +56 5; 
ttag +57 4; 
ttag +58 5; 
ttag +59 7; 
ttag +60 7; 
ttag +61 7; 
ttag +62 13; 
ttag +63 2; 
ttag +64 9; 
ttag +65 4; 
ttag +66 7; 
ttag +67 2; 
ttag +68 9; 
ttag +69 5; 
ttag +70 3; 
ttag +71 1; 
ttag +72 7; 
ttag +73 4; 
ttag +74 8; 
ttag +75 7; 
ttag +76 2; 
ttag +77 7; 
ttag +78 4; 
ttag +79 1; 
ttag +80 6; 
ttag +81 2; 
ttag +82 5; 
ttag +83 6; 
ttag +84 3; 
ttag +85 5; 
ttag +86 10; 
ttag +87 2; 
ttag +88 7; 
ttag +89 5; 
ttag +90 3; 
tread
'Tree with tags' 
(0 ((((1 (((26 27 )(28 (29 30 )))(39 ((31 (((32 33 )(36 (37 38 )))(34 35 )))((40 41 )(42 (43 ((44 45 )(46 47 )))))))))(13 14 ))(17 ((15 16 )(18 (19 ((20 21 )((22 23 )(24 25 ))))))))((2 3 )(((4 5 )(6 7 ))((8 9 )(10 (11 12 ))))))); 
ttag *!; 
ttag +0 ////; 
ttag +1 ////; 
ttag +2 ////; 
ttag +3 ////; 
ttag +4 ////; 
ttag +5 ////; 
ttag +6 ////; 
ttag +7 ////; 
ttag +8 ////; 
ttag +9 ////; 
ttag +10 ////; 
ttag +11 ////; 
ttag +12 ////; 
ttag +13 ////; 
ttag +14 ////; 
ttag +15 ////; 
ttag +16 ////; 
ttag +17 ////; 
ttag +18 ////; 
ttag +19 ////; 
ttag +20 ////; 
ttag +21 ////; 
ttag +22 ////; 
ttag +23 ////; 
ttag +24 ////; 
ttag +25 ////; 
ttag +26 ////; 
ttag +27 ////; 
ttag +28 ////; 
ttag +29 ////; 
ttag +30 ////; 
ttag +31 ////; 
ttag +32 ////; 
ttag +33 ////; 
ttag +34 ////; 
ttag +35 ////; 
ttag +36 ////; 
ttag +37 ////; 
ttag +38 ////; 
ttag +39 ////; 
ttag +40 ////; 
ttag +41 ////; 
ttag +42 ////; 
ttag +43 ////; 
ttag +44 ////; 
ttag +45 ////; 
ttag +46 ////; 
ttag +47 ////; 
ttag +48 ////; 
ttag +49 32/25/20/31/22; 
ttag +50 18/[18]/?/?/?; 
ttag +51 23/[13]/?/?/?; 
ttag +52 100/100/100/100/100; 
ttag +53 100/100/100/100/99; 
ttag +54 100/100/98/100/98; 
ttag +55 65/59/40/62/45; 
ttag +56 88/83/70/86/75; 
ttag +57 83/76/62/81/61; 
ttag +58 90/86/84/93/82; 
ttag +59 92/91/84/91/87; 
ttag +60 93/92/85/90/83; 
ttag +61 96/95/96/98/93; 
ttag +62 100/100/99/100/100; 
ttag +63 99/99/100/100/98; 
ttag +64 100/100/100/100/100; 
ttag +65 72/65/54/67/59; 
ttag +66 100/100/100/99/98; 
ttag +67 87/86/71/83/67; 
ttag +68 6/[1]/?/0/?; 
ttag +69 100/100/100/100/100; 
ttag +70 67/59/49/66/36; 
ttag +71 100/100/98/99/98; 
ttag +72 88/82/75/88/77; 
ttag +73 87/80/70/81/68; 
ttag +74 52/40/32/41/37; 
ttag +75 98/98/98/99/97; 
ttag +76 90/87/78/83/75; 
ttag +77 99/99/99/100/98; 
ttag +78 100/100/99/99/99; 
ttag +79 77/68/66/73/71; 
ttag +80 44/18/22/16/17; 
ttag +81 100/100/98/100/97; 
ttag +82 90/86/91/92/84; 
ttag +83 44/28/24/40/21; 
ttag +84 97/96/96/98/96; 
ttag +85 71/62/67/69/61; 
ttag +86 98/97/93/95/91; 
ttag +87 98/98/94/98/91; 
ttag +88 83/73/62/74/68; 
ttag +89 97/96/88/94/90; 
ttag +90 100/100/99/100/97; 
ttag +91 54/36/22/41/25; 
ttag +92 99/98/96/98/98; 
ttag +93 92/90/83/91/80; 
ttag +94 96/96/94/91/89; 
