tread
'Tree with tags' 
(0 ((1 ((2 3 )(9 ((4 5 )(6 7 ))(8 (10 (11 12 )))))(13 14 )(17 (15 16 )((18 19 )((20 21 )((22 23 )(24 25 ))))))((26 (27 (28 (29 30 ))))(39 ((31 ((32 33 )(34 35 )(36 (37 38 ))))((40 41 )(42 (43 ((44 45 )(46 47 )))))))))); 
ttag *!; 
ttag +49 1; 
ttag +50 ???; 
ttag +51 2; 
ttag +52 8; 
ttag +53 4; 
ttag +54 7; 
ttag +55 3; 
ttag +56 1; 
ttag +57 1; 
ttag +58 5; 
ttag +59 6; 
ttag +60 8; 
ttag +61 10; 
ttag +62 3; 
ttag +63 1; 
ttag +64 3; 
ttag +65 9; 
ttag +66 5; 
ttag +67 13; 
ttag +68 9; 
ttag +69 4; 
ttag +70 5; 
ttag +71 7; 
ttag +72 4; 
ttag +73 6; 
ttag +74 10; 
ttag +75 1; 
ttag +76 1; 
ttag +77 6; 
ttag +78 4; 
ttag +79 5; 
ttag +80 7; 
ttag +81 13; 
ttag +82 7; 
ttag +83 3; 
ttag +84 6; 
ttag +85 5; 
ttag +86 4; 
ttag +87 6; 
ttag +88 9; 
ttag +89 1; 
tread
'Tree with tags' 
(0 (((1 ((2 3 )(((4 5 )(6 7 ))(9 (8 (10 (11 12 )))))))((13 14 )((15 16 )(17 ((18 19 )((20 21 )((22 23 )(24 25 ))))))))((26 (27 (28 (29 30 ))))(39 ((31 ((32 33 )((34 35 )(36 (37 38 )))))((40 41 )(42 (43 ((44 45 )(46 47 )))))))))); 
ttag *!; 
ttag +0 ////; 
ttag +1 ////; 
ttag +2 ////; 
ttag +3 ////; 
ttag +4 ////; 
ttag +5 ////; 
ttag +6 ////; 
ttag +7 ////; 
ttag +8 ////; 
ttag +9 ////; 
ttag +10 ////; 
ttag +11 ////; 
ttag +12 ////; 
ttag +13 ////; 
ttag +14 ////; 
ttag +15 ////; 
ttag +16 ////; 
ttag +17 ////; 
ttag +18 ////; 
ttag +19 ////; 
ttag +20 ////; 
ttag +21 ////; 
ttag +22 ////; 
ttag +23 ////; 
ttag +24 ////; 
ttag +25 ////; 
ttag +26 ////; 
ttag +27 ////; 
ttag +28 ////; 
ttag +29 ////; 
ttag +30 ////; 
ttag +31 ////; 
ttag +32 ////; 
ttag +33 ////; 
ttag +34 ////; 
ttag +35 ////; 
ttag +36 ////; 
ttag +37 ////; 
ttag +38 ////; 
ttag +39 ////; 
ttag +40 ////; 
ttag +41 ////; 
ttag +42 ////; 
ttag +43 ////; 
ttag +44 ////; 
ttag +45 ////; 
ttag +46 ////; 
ttag +47 ////; 
ttag +48 ////; 
ttag +49 36/19/4/24/8; 
ttag +50 59/47/46/55/39; 
ttag +51 100/100/100/100/100; 
ttag +52 76/67/63/68/65; 
ttag +53 99/99/99/98/98; 
ttag +54 91/90/75/89/77; 
ttag +55 98/98/96/98/96; 
ttag +56 81/78/74/80/68; 
ttag +57 62/51/34/52/44; 
ttag +58 48/23/25/35/30; 
ttag +59 20/[6]/?/?/5; 
ttag +60 97/96/97/97/94; 
ttag +61 99/99/96/96/95; 
ttag +62 100/100/98/99/99; 
ttag +63 41/23/6/24/5; 
ttag +64 100/100/99/100/98; 
ttag +65 78/72/56/69/59; 
ttag +66 40/2/?/4/?; 
ttag +67 51/26/12/28/12; 
ttag +68 80/75/60/74/50; 
ttag +69 100/100/100/100/99; 
ttag +70 96/95/88/92/87; 
ttag +71 100/100/100/100/100; 
ttag +72 100/100/98/100/100; 
ttag +73 92/87/71/86/73; 
ttag +74 98/98/90/95/90; 
ttag +75 98/98/95/98/96; 
ttag +76 95/95/92/95/89; 
ttag +77 97/95/91/98/93; 
ttag +78 99/99/98/100/100; 
ttag +79 57/47/28/43/46; 
ttag +80 52/37/36/41/18; 
ttag +81 97/96/96/97/94; 
ttag +82 98/98/94/97/97; 
ttag +83 95/94/88/97/88; 
ttag +84 99/99/97/100/98; 
ttag +85 37/7/?/?/?; 
ttag +86 100/100/99/100/100; 
ttag +87 98/98/96/99/97; 
ttag +88 83/77/73/76/67; 
ttag +89 99/99/93/98/94; 
ttag +90 95/94/91/95/92; 
ttag +91 90/85/74/89/79; 
ttag +92 99/99/98/99/98; 
ttag +93 100/100/98/100/97; 
ttag +94 58/50/39/47/35; 
