tread
'Tree with tags' 
(0 ((1 ((2 3 )(((4 5 )(6 7 ))(8 9 (10 (11 12 ))))))((13 14 )((15 16 )(17 (18 (19 ((20 21 )((22 23 )(24 25 )))))))((26 (27 (28 (29 30 ))))(31 ((32 33 )(34 35 )(36 (37 38 ))))(39 ((40 41 )(42 (43 ((44 45 )(46 47 )))))))))); 
ttag *!; 
ttag +49 1; 
ttag +50 ???; 
ttag +51 7; 
ttag +52 10; 
ttag +53 6; 
ttag +54 9; 
ttag +55 5; 
ttag +56 2; 
ttag +57 1; 
ttag +58 4; 
ttag +59 6; 
ttag +60 2; 
ttag +61 3; 
ttag +62 13; 
ttag +63 2; 
ttag +64 3; 
ttag +65 9; 
ttag +66 1; 
ttag +67 6; 
ttag +68 12; 
ttag +69 8; 
ttag +70 8; 
ttag +71 7; 
ttag +72 2; 
ttag +73 11; 
ttag +74 2; 
ttag +75 2; 
ttag +76 10; 
ttag +77 5; 
ttag +78 8; 
ttag +79 4; 
ttag +80 2; 
ttag +81 10; 
ttag +82 8; 
ttag +83 1; 
ttag +84 6; 
ttag +85 3; 
ttag +86 6; 
ttag +87 8; 
ttag +88 9; 
ttag +89 11; 
ttag +90 2; 
tread
'Tree with tags' 
(0 ((1 ((2 3 )(((4 5 )(6 7 ))(9 (8 (10 (11 12 )))))))(((13 14 )(((26 (27 (28 (29 30 ))))(39 ((40 41 )(42 (43 ((44 45 )(46 47 )))))))(31 (((32 33 )(36 (37 38 )))(34 35 )))))((15 16 )(17 (18 (19 ((20 21 )((22 23 )(24 25 )))))))))); 
ttag *!; 
ttag +0 ////; 
ttag +1 ////; 
ttag +2 ////; 
ttag +3 ////; 
ttag +4 ////; 
ttag +5 ////; 
ttag +6 ////; 
ttag +7 ////; 
ttag +8 ////; 
ttag +9 ////; 
ttag +10 ////; 
ttag +11 ////; 
ttag +12 ////; 
ttag +13 ////; 
ttag +14 ////; 
ttag +15 ////; 
ttag +16 ////; 
ttag +17 ////; 
ttag +18 ////; 
ttag +19 ////; 
ttag +20 ////; 
ttag +21 ////; 
ttag +22 ////; 
ttag +23 ////; 
ttag +24 ////; 
ttag +25 ////; 
ttag +26 ////; 
ttag +27 ////; 
ttag +28 ////; 
ttag +29 ////; 
ttag +30 ////; 
ttag +31 ////; 
ttag +32 ////; 
ttag +33 ////; 
ttag +34 ////; 
ttag +35 ////; 
ttag +36 ////; 
ttag +37 ////; 
ttag +38 ////; 
ttag +39 ////; 
ttag +40 ////; 
ttag +41 ////; 
ttag +42 ////; 
ttag +43 ////; 
ttag +44 ////; 
ttag +45 ////; 
ttag +46 ////; 
ttag +47 ////; 
ttag +48 ////; 
ttag +49 48/38/27/42/27; 
ttag +50 100/100/100/100/100; 
ttag +51 98/98/98/99/96; 
ttag +52 95/94/94/97/92; 
ttag +53 99/99/99/99/99; 
ttag +54 100/100/98/100/99; 
ttag +55 94/93/86/96/90; 
ttag +56 68/53/50/64/49; 
ttag +57 24/[10]/?/?/?; 
ttag +58 43/26/10/26/14; 
ttag +59 92/90/83/92/81; 
ttag +60 98/98/92/97/94; 
ttag +61 87/84/73/80/73; 
ttag +62 55/39/43/35/38; 
ttag +63 64/54/40/61/43; 
ttag +64 100/100/100/100/100; 
ttag +65 60/50/38/58/37; 
ttag +66 90/86/67/85/74; 
ttag +67 100/100/100/100/100; 
ttag +68 65/47/28/42/35; 
ttag +69 100/100/100/99/100; 
ttag +70 100/100/100/100/100; 
ttag +71 99/98/99/99/98; 
ttag +72 100/100/98/99/100; 
ttag +73 100/100/100/100/99; 
ttag +74 86/83/73/81/76; 
ttag +75 29/[2]/?/?/?; 
ttag +76 100/100/100/100/100; 
ttag +77 55/46/42/57/44; 
ttag +78 70/60/61/69/61; 
ttag +79 100/100/100/100/99; 
ttag +80 97/97/89/95/92; 
ttag +81 100/100/99/100/100; 
ttag +82 19/0/?/?/?; 
ttag +83 96/95/77/92/85; 
ttag +84 78/67/55/68/63; 
ttag +85 100/100/99/100/100; 
ttag +86 99/99/97/99/97; 
ttag +87 49/41/32/31/32; 
ttag +88 100/100/97/99/96; 
ttag +89 93/92/84/86/85; 
ttag +90 97/97/96/98/94; 
ttag +91 100/100/100/99/97; 
ttag +92 100/100/99/99/98; 
ttag +93 100/100/100/100/99; 
ttag +94 74/62/56/67/52; 
