tread
'Tree with tags' 
(0 (1 ((2 3 )((6 7 (4 5 ))((8 9 )(10 (11 12 )))))((13 14 )((15 16 )(17 (18 (19 ((20 21 )((22 23 )(24 25 ))))))))((26 (27 (28 (29 30 ))))((31 ((35 (34 (32 33 )))(36 (37 38 ))))(39 (40 41 (42 43 (46 47 (44 45 ))))))))); 
ttag *!; 
ttag +49 ???; 
ttag +50 8; 
ttag +51 6; 
ttag +52 5; 
ttag +53 11; 
ttag +54 2; 
ttag +55 1; 
ttag +56 1; 
ttag +57 1; 
ttag +58 5; 
ttag +59 7; 
ttag +60 1; 
ttag +61 5; 
ttag +62 6; 
ttag +63 2; 
ttag +64 5; 
ttag +65 3; 
ttag +66 7; 
ttag +67 10; 
ttag +68 6; 
ttag +69 1; 
ttag +70 3; 
ttag +71 7; 
ttag +72 3; 
ttag +73 5; 
ttag +74 7; 
ttag +75 12; 
ttag +76 2; 
ttag +77 9; 
ttag +78 12; 
ttag +79 1; 
ttag +80 1; 
ttag +81 11; 
ttag +82 6; 
ttag +83 11; 
ttag +84 1; 
ttag +85 14; 
ttag +86 3; 
ttag +87 4; 
ttag +88 2; 
tread
'Tree with tags' 
(0 ((1 ((13 14 )((15 16 )(17 (18 (19 ((20 21 )((22 23 )(24 25 )))))))))(((2 3 )((7 (6 (4 5 )))((8 9 )(10 (11 12 )))))((26 (27 (28 (29 30 ))))((31 ((35 (34 (32 33 )))(36 (37 38 ))))(39 (40 (41 (42 (43 (47 (46 (44 45 ))))))))))))); 
ttag *!; 
ttag +0 ////; 
ttag +1 ////; 
ttag +2 ////; 
ttag +3 ////; 
ttag +4 ////; 
ttag +5 ////; 
ttag +6 ////; 
ttag +7 ////; 
ttag +8 ////; 
ttag +9 ////; 
ttag +10 ////; 
ttag +11 ////; 
ttag +12 ////; 
ttag +13 ////; 
ttag +14 ////; 
ttag +15 ////; 
ttag +16 ////; 
ttag +17 ////; 
ttag +18 ////; 
ttag +19 ////; 
ttag +20 ////; 
ttag +21 ////; 
ttag +22 ////; 
ttag +23 ////; 
ttag +24 ////; 
ttag +25 ////; 
ttag +26 ////; 
ttag +27 ////; 
ttag +28 ////; 
ttag +29 ////; 
ttag +30 ////; 
ttag +31 ////; 
ttag +32 ////; 
ttag +33 ////; 
ttag +34 ////; 
ttag +35 ////; 
ttag +36 ////; 
ttag +37 ////; 
ttag +38 ////; 
ttag +39 ////; 
ttag +40 ////; 
ttag +41 ////; 
ttag +42 ////; 
ttag +43 ////; 
ttag +44 ////; 
ttag +45 ////; 
ttag +46 ////; 
ttag +47 ////; 
ttag +48 ////; 
ttag +49 20/[16]/?/?/?; 
ttag +50 100/100/100/100/100; 
ttag +51 100/100/100/100/100; 
ttag +52 96/94/80/96/88; 
ttag +53 33/[4]/?/?/0; 
ttag +54 93/92/89/94/84; 
ttag +55 32/[13]/?/?/?; 
ttag +56 100/100/100/100/100; 
ttag +57 81/76/60/78/66; 
ttag +58 22/1/?/7/?; 
ttag +59 64/54/44/54/38; 
ttag +60 30/9/6/11/4; 
ttag +61 99/99/98/99/98; 
ttag +62 100/100/97/99/99; 
ttag +63 66/55/45/60/56; 
ttag +64 94/92/76/89/78; 
ttag +65 96/96/84/96/90; 
ttag +66 70/70/64/72/69; 
ttag +67 94/93/76/95/86; 
ttag +68 88/85/64/92/76; 
ttag +69 100/100/99/100/100; 
ttag +70 99/98/98/99/97; 
ttag +71 100/100/98/99/97; 
ttag +72 55/29/28/24/21; 
ttag +73 84/78/73/84/71; 
ttag +74 99/99/96/99/97; 
ttag +75 86/84/68/86/77; 
ttag +76 95/94/84/96/89; 
ttag +77 99/99/98/98/97; 
ttag +78 100/100/100/100/100; 
ttag +79 58/38/32/38/33; 
ttag +80 100/100/99/100/99; 
ttag +81 100/100/100/100/100; 
ttag +82 37/16/4/15/9; 
ttag +83 52/32/20/32/24; 
ttag +84 100/100/99/100/100; 
ttag +85 99/99/98/98/97; 
ttag +86 100/100/100/100/100; 
ttag +87 45/22/7/22/16; 
ttag +88 100/100/100/100/100; 
ttag +89 15/[33]/?/?/?; 
ttag +90 96/95/86/93/84; 
ttag +91 57/31/19/27/23; 
ttag +92 98/96/89/96/92; 
ttag +93 28/[14]/?/?/?; 
ttag +94 75/65/69/71/60; 
