tread
'Tree with tags' 
(0 ((1 ((2 3 )(((4 5 )(6 7 ))(8 9 (10 (11 12 ))))))(13 14 )((17 (15 16 ))((18 19 )((20 21 )((22 23 )(24 25 )))))((26 27 (28 (29 30 )))(39 ((31 (((32 33 )(36 (37 38 )))(34 35 )))((40 41 )(42 (43 ((44 45 )(46 47 )))))))))); 
ttag *!; 
ttag +49 2; 
ttag +50 ???; 
ttag +51 8; 
ttag +52 4; 
ttag +53 6; 
ttag +54 7; 
ttag +55 4; 
ttag +56 4; 
ttag +57 4; 
ttag +58 2; 
ttag +59 8; 
ttag +60 7; 
ttag +61 16; 
ttag +62 2; 
ttag +63 5; 
ttag +64 1; 
ttag +65 6; 
ttag +66 12; 
ttag +67 5; 
ttag +68 12; 
ttag +69 4; 
ttag +70 5; 
ttag +71 5; 
ttag +72 6; 
ttag +73 6; 
ttag +74 4; 
ttag +75 2; 
ttag +76 3; 
ttag +77 4; 
ttag +78 5; 
ttag +79 1; 
ttag +80 8; 
ttag +81 7; 
ttag +82 11; 
ttag +83 11; 
ttag +84 4; 
ttag +85 2; 
ttag +86 4; 
ttag +87 2; 
ttag +88 9; 
ttag +89 12; 
ttag +90 1; 
tread
'Tree with tags' 
(0 ((1 ((2 3 )(((4 5 )(6 7 ))(8 9 (10 (11 12 ))))))(13 14 )((17 (15 16 ))((18 19 )((20 21 )((22 23 )(24 25 )))))((26 27 (28 (29 30 )))(39 ((31 (((32 33 )(36 (37 38 )))(34 35 )))((40 41 )(42 (43 ((44 45 )(46 47 )))))))))); 
ttag *!; 
ttag +0 ////; 
ttag +1 ////; 
ttag +2 ////; 
ttag +3 ////; 
ttag +4 ////; 
ttag +5 ////; 
ttag +6 ////; 
ttag +7 ////; 
ttag +8 ////; 
ttag +9 ////; 
ttag +10 ////; 
ttag +11 ////; 
ttag +12 ////; 
ttag +13 ////; 
ttag +14 ////; 
ttag +15 ////; 
ttag +16 ////; 
ttag +17 ////; 
ttag +18 ////; 
ttag +19 ////; 
ttag +20 ////; 
ttag +21 ////; 
ttag +22 ////; 
ttag +23 ////; 
ttag +24 ////; 
ttag +25 ////; 
ttag +26 ////; 
ttag +27 ////; 
ttag +28 ////; 
ttag +29 ////; 
ttag +30 ////; 
ttag +31 ////; 
ttag +32 ////; 
ttag +33 ////; 
ttag +34 ////; 
ttag +35 ////; 
ttag +36 ////; 
ttag +37 ////; 
ttag +38 ////; 
ttag +39 ////; 
ttag +40 ////; 
ttag +41 ////; 
ttag +42 ////; 
ttag +43 ////; 
ttag +44 ////; 
ttag +45 ////; 
ttag +46 ////; 
ttag +47 ////; 
ttag +48 ////; 
ttag +49 61/54/41/54/38; 
ttag +50 100/100/100/100/100; 
ttag +51 100/100/100/99/99; 
ttag +52 92/92/81/88/88; 
ttag +53 99/99/98/98/98; 
ttag +54 100/100/99/100/98; 
ttag +55 91/90/76/91/75; 
ttag +56 93/90/87/93/88; 
ttag +57 83/81/69/84/70; 
ttag +58 67/56/38/56/42; 
ttag +59 100/100/99/100/100; 
ttag +60 98/98/97/99/95; 
ttag +61 100/100/100/100/100; 
ttag +62 57/32/20/49/14; 
ttag +63 91/85/76/91/74; 
ttag +64 53/46/38/53/40; 
ttag +65 98/98/94/97/88; 
ttag +66 100/100/100/100/100; 
ttag +67 93/91/80/94/82; 
ttag +68 100/100/100/100/99; 
ttag +69 94/92/96/95/87; 
ttag +70 98/97/94/96/92; 
ttag +71 97/96/89/99/89; 
ttag +72 98/97/92/96/89; 
ttag +73 97/96/93/98/90; 
ttag +74 96/94/88/94/89; 
ttag +75 66/42/20/33/19; 
ttag +76 86/84/80/82/78; 
ttag +77 93/91/87/88/84; 
ttag +78 96/96/91/95/91; 
ttag +79 37/19/2/18/0; 
ttag +80 96/95/86/97/90; 
ttag +81 100/100/100/100/100; 
ttag +82 98/98/96/98/96; 
ttag +83 100/100/100/100/100; 
ttag +84 90/88/82/88/84; 
ttag +85 75/62/40/60/49; 
ttag +86 80/78/66/85/70; 
ttag +87 69/59/45/65/46; 
ttag +88 99/98/98/99/97; 
ttag +89 100/100/98/100/98; 
ttag +90 70/70/59/64/61; 
