tread
'Tree with tags' 
(0 ((1 ((2 3 )(6 (7 (4 5 )))((8 9 )(10 (11 12 )))))(((13 14 )((26 (27 (28 (29 30 ))))(39 ((31 (((32 33 )(36 (37 38 )))(34 35 )))((40 41 )(42 (43 (46 (47 (44 45 ))))))))))(17 (18 (19 ((15 16 )(20 21 )((22 23 )(24 25 ))))))))); 
ttag *!; 
ttag +49 1; 
ttag +50 ???; 
ttag +51 10; 
ttag +52 6; 
ttag +53 8; 
ttag +54 2; 
ttag +55 9; 
ttag +56 2; 
ttag +57 1; 
ttag +58 9; 
ttag +59 10; 
ttag +60 7; 
ttag +61 2; 
ttag +62 1; 
ttag +63 8; 
ttag +64 1; 
ttag +65 1; 
ttag +66 1; 
ttag +67 4; 
ttag +68 6; 
ttag +69 8; 
ttag +70 10; 
ttag +71 4; 
ttag +72 6; 
ttag +73 4; 
ttag +74 4; 
ttag +75 5; 
ttag +76 11; 
ttag +77 3; 
ttag +78 1; 
ttag +79 1; 
ttag +80 12; 
ttag +81 1; 
ttag +82 4; 
ttag +83 2; 
ttag +84 7; 
ttag +85 9; 
ttag +86 6; 
ttag +87 7; 
ttag +88 12; 
ttag +89 2; 
ttag +90 7; 
ttag +91 1; 
ttag +92 4; 
tread
'Tree with tags' 
(0 ((1 (((2 3 )(6 (7 (4 5 ))))((8 9 )(10 (11 12 )))))(((13 14 )((26 (27 (28 (29 30 ))))(39 ((31 (((32 33 )(36 (37 38 )))(34 35 )))((40 41 )(42 (43 (46 (47 (44 45 ))))))))))(17 (18 (19 (((15 16 )((22 23 )(24 25 )))(20 21 )))))))); 
ttag *!; 
ttag +0 ////; 
ttag +1 ////; 
ttag +2 ////; 
ttag +3 ////; 
ttag +4 ////; 
ttag +5 ////; 
ttag +6 ////; 
ttag +7 ////; 
ttag +8 ////; 
ttag +9 ////; 
ttag +10 ////; 
ttag +11 ////; 
ttag +12 ////; 
ttag +13 ////; 
ttag +14 ////; 
ttag +15 ////; 
ttag +16 ////; 
ttag +17 ////; 
ttag +18 ////; 
ttag +19 ////; 
ttag +20 ////; 
ttag +21 ////; 
ttag +22 ////; 
ttag +23 ////; 
ttag +24 ////; 
ttag +25 ////; 
ttag +26 ////; 
ttag +27 ////; 
ttag +28 ////; 
ttag +29 ////; 
ttag +30 ////; 
ttag +31 ////; 
ttag +32 ////; 
ttag +33 ////; 
ttag +34 ////; 
ttag +35 ////; 
ttag +36 ////; 
ttag +37 ////; 
ttag +38 ////; 
ttag +39 ////; 
ttag +40 ////; 
ttag +41 ////; 
ttag +42 ////; 
ttag +43 ////; 
ttag +44 ////; 
ttag +45 ////; 
ttag +46 ////; 
ttag +47 ////; 
ttag +48 ////; 
ttag +49 65/46/46/54/54; 
ttag +50 100/100/100/100/100; 
ttag +51 99/99/100/100/100; 
ttag +52 34/[10]/?/0/?; 
ttag +53 98/97/97/99/96; 
ttag +54 99/99/97/100/97; 
ttag +55 68/59/51/62/55; 
ttag +56 100/100/98/99/99; 
ttag +57 87/84/77/83/82; 
ttag +58 62/56/56/61/46; 
ttag +59 99/98/98/100/100; 
ttag +60 100/100/100/100/100; 
ttag +61 98/98/96/98/96; 
ttag +62 76/72/59/70/55; 
ttag +63 34/15/19/20/24; 
ttag +64 99/99/98/99/95; 
ttag +65 16/[18]/?/?/?; 
ttag +66 35/0/?/8/6; 
ttag +67 30/[3]/?/5/?; 
ttag +68 36/2/6/19/14; 
ttag +69 96/96/91/95/89; 
ttag +70 100/100/100/98/100; 
ttag +71 99/99/97/100/99; 
ttag +72 99/99/100/100/99; 
ttag +73 86/80/66/81/67; 
ttag +74 100/100/97/97/94; 
ttag +75 92/89/88/90/92; 
ttag +76 88/85/81/86/79; 
ttag +77 96/95/91/98/94; 
ttag +78 100/100/100/100/100; 
ttag +79 80/70/52/60/44; 
ttag +80 42/26/24/31/24; 
ttag +81 67/56/48/50/40; 
ttag +82 100/100/99/100/99; 
ttag +83 42/26/11/28/12; 
ttag +84 83/78/62/79/66; 
ttag +85 64/47/39/46/35; 
ttag +86 100/100/98/99/98; 
ttag +87 99/99/98/100/99; 
ttag +88 99/98/97/98/98; 
ttag +89 95/94/85/95/83; 
ttag +90 100/100/99/100/100; 
ttag +91 66/49/40/49/38; 
ttag +92 99/99/95/98/96; 
ttag +93 51/22/15/15/3; 
ttag +94 82/76/68/71/62; 
