tread
'Tree with tags' 
(0 ((1 ((2 3 )(((10 (6 7 (4 5 )))(8 9 ))(11 12 ))))((13 14 )(17 (15 16 )(18 (19 ((20 21 )((22 23 )(24 25 ))))))(39 (26 (27 (28 (29 30 ))))(31 ((32 33 )(34 35 )(36 (37 38 ))))((40 41 )(42 (43 ((44 45 )(46 47 ))))))))); 
ttag *!; 
ttag +49 3; 
ttag +50 ???; 
ttag +51 3; 
ttag +52 8; 
ttag +53 6; 
ttag +54 7; 
ttag +55 1; 
ttag +56 1; 
ttag +57 4; 
ttag +58 1; 
ttag +59 8; 
ttag +60 8; 
ttag +61 1; 
ttag +62 12; 
ttag +63 4; 
ttag +64 6; 
ttag +65 3; 
ttag +66 7; 
ttag +67 6; 
ttag +68 10; 
ttag +69 4; 
ttag +70 9; 
ttag +71 4; 
ttag +72 2; 
ttag +73 2; 
ttag +74 2; 
ttag +75 9; 
ttag +76 11; 
ttag +77 2; 
ttag +78 4; 
ttag +79 1; 
ttag +80 9; 
ttag +81 5; 
ttag +82 3; 
ttag +83 6; 
ttag +84 5; 
ttag +85 1; 
ttag +86 3; 
ttag +87 1; 
ttag +88 4; 
tread
'Tree with tags' 
(0 ((1 ((2 3 )(((10 (6 (7 (4 5 ))))(8 9 ))(11 12 ))))(((13 14 )((26 (27 (28 (29 30 ))))(39 ((31 ((32 33 )((34 35 )(36 (37 38 )))))((40 41 )(42 (43 ((44 45 )(46 47 )))))))))((15 16 )(17 (18 (19 ((20 21 )((22 23 )(24 25 )))))))))); 
ttag *!; 
ttag +0 ////; 
ttag +1 ////; 
ttag +2 ////; 
ttag +3 ////; 
ttag +4 ////; 
ttag +5 ////; 
ttag +6 ////; 
ttag +7 ////; 
ttag +8 ////; 
ttag +9 ////; 
ttag +10 ////; 
ttag +11 ////; 
ttag +12 ////; 
ttag +13 ////; 
ttag +14 ////; 
ttag +15 ////; 
ttag +16 ////; 
ttag +17 ////; 
ttag +18 ////; 
ttag +19 ////; 
ttag +20 ////; 
ttag +21 ////; 
ttag +22 ////; 
ttag +23 ////; 
ttag +24 ////; 
ttag +25 ////; 
ttag +26 ////; 
ttag +27 ////; 
ttag +28 ////; 
ttag +29 ////; 
ttag +30 ////; 
ttag +31 ////; 
ttag +32 ////; 
ttag +33 ////; 
ttag +34 ////; 
ttag +35 ////; 
ttag +36 ////; 
ttag +37 ////; 
ttag +38 ////; 
ttag +39 ////; 
ttag +40 ////; 
ttag +41 ////; 
ttag +42 ////; 
ttag +43 ////; 
ttag +44 ////; 
ttag +45 ////; 
ttag +46 ////; 
ttag +47 ////; 
ttag +48 ////; 
ttag +49 81/77/65/78/64; 
ttag +50 100/100/100/100/100; 
ttag +51 85/81/72/83/68; 
ttag +52 99/98/99/98/98; 
ttag +53 98/98/97/98/95; 
ttag +54 16/[39]/?/?/?; 
ttag +55 97/96/91/97/91; 
ttag +56 41/0/?/13/5; 
ttag +57 26/[15]/?/?/?; 
ttag +58 77/66/61/71/58; 
ttag +59 53/47/35/48/46; 
ttag +60 99/99/98/98/99; 
ttag +61 99/99/99/100/100; 
ttag +62 32/12/?/4/?; 
ttag +63 74/68/53/69/60; 
ttag +64 100/100/100/100/99; 
ttag +65 84/80/68/82/68; 
ttag +66 44/44/46/27/42; 
ttag +67 100/100/96/98/95; 
ttag +68 92/91/75/90/79; 
ttag +69 100/100/100/100/100; 
ttag +70 100/100/94/99/95; 
ttag +71 100/100/98/100/100; 
ttag +72 98/98/94/98/96; 
ttag +73 100/100/99/100/100; 
ttag +74 98/98/94/99/92; 
ttag +75 65/59/54/67/45; 
ttag +76 90/87/79/81/72; 
ttag +77 83/78/61/74/71; 
ttag +78 99/99/98/100/99; 
ttag +79 97/95/94/98/94; 
ttag +80 14/[32]/?/?/?; 
ttag +81 58/29/31/37/32; 
ttag +82 77/68/57/70/69; 
ttag +83 85/82/83/88/74; 
ttag +84 59/39/35/48/40; 
ttag +85 37/28/29/25/28; 
ttag +86 98/98/100/100/98; 
ttag +87 96/94/88/95/81; 
ttag +88 96/95/88/96/92; 
ttag +89 97/96/87/95/90; 
ttag +90 98/98/94/98/95; 
ttag +91 79/70/52/62/64; 
ttag +92 96/96/92/90/85; 
ttag +93 66/49/41/52/39; 
ttag +94 91/88/74/86/78; 
