tread
'Tree with tags' 
(0 (1 (9 (8 (2 3 ))(((4 5 )(6 7 ))(10 (11 12 ))))(13 14 )((15 16 )(17 18 (19 ((20 21 )((22 23 )(24 25 ))))))((26 (27 (28 (29 30 ))))(39 ((31 ((32 33 )((34 35 )(36 (37 38 )))))((40 41 )(42 (43 ((44 45 )(46 47 )))))))))); 
ttag *!; 
ttag +49 ???; 
ttag +50 10; 
ttag +51 1; 
ttag +52 11; 
ttag +53 8; 
ttag +54 7; 
ttag +55 1; 
ttag +56 2; 
ttag +57 3; 
ttag +58 9; 
ttag +59 9; 
ttag +60 4; 
ttag +61 3; 
ttag +62 2; 
ttag +63 1; 
ttag +64 7; 
ttag +65 5; 
ttag +66 14; 
ttag +67 10; 
ttag +68 4; 
ttag +69 7; 
ttag +70 6; 
ttag +71 3; 
ttag +72 2; 
ttag +73 12; 
ttag +74 6; 
ttag +75 1; 
ttag +76 5; 
ttag +77 3; 
ttag +78 8; 
ttag +79 3; 
ttag +80 2; 
ttag +81 12; 
ttag +82 1; 
ttag +83 4; 
ttag +84 4; 
ttag +85 10; 
ttag +86 4; 
ttag +87 12; 
ttag +88 12; 
ttag +89 2; 
tread
'Tree with tags' 
(0 (((1 ((26 (27 (28 (29 30 ))))(39 ((31 ((32 33 )((34 35 )(36 (37 38 )))))((40 41 )(42 (43 ((44 45 )(46 47 )))))))))((13 14 )((15 16 )(17 (18 (19 ((20 21 )((22 23 )(24 25 )))))))))(9 ((8 (2 3 ))(((4 5 )(6 7 ))(10 (11 12 ))))))); 
ttag *!; 
ttag +0 ////; 
ttag +1 ////; 
ttag +2 ////; 
ttag +3 ////; 
ttag +4 ////; 
ttag +5 ////; 
ttag +6 ////; 
ttag +7 ////; 
ttag +8 ////; 
ttag +9 ////; 
ttag +10 ////; 
ttag +11 ////; 
ttag +12 ////; 
ttag +13 ////; 
ttag +14 ////; 
ttag +15 ////; 
ttag +16 ////; 
ttag +17 ////; 
ttag +18 ////; 
ttag +19 ////; 
ttag +20 ////; 
ttag +21 ////; 
ttag +22 ////; 
ttag +23 ////; 
ttag +24 ////; 
ttag +25 ////; 
ttag +26 ////; 
ttag +27 ////; 
ttag +28 ////; 
ttag +29 ////; 
ttag +30 ////; 
ttag +31 ////; 
ttag +32 ////; 
ttag +33 ////; 
ttag +34 ////; 
ttag +35 ////; 
ttag +36 ////; 
ttag +37 ////; 
ttag +38 ////; 
ttag +39 ////; 
ttag +40 ////; 
ttag +41 ////; 
ttag +42 ////; 
ttag +43 ////; 
ttag +44 ////; 
ttag +45 ////; 
ttag +46 ////; 
ttag +47 ////; 
ttag +48 ////; 
ttag +49 11/[12]/?/?/?; 
ttag +50 20/[2]/?/?/?; 
ttag +51 100/100/100/100/100; 
ttag +52 100/100/98/100/99; 
ttag +53 45/22/15/26/21; 
ttag +54 18/[4]/?/?/?; 
ttag +55 99/98/96/99/96; 
ttag +56 100/100/99/100/99; 
ttag +57 97/96/94/99/93; 
ttag +58 31/15/11/16/11; 
ttag +59 78/70/62/72/60; 
ttag +60 69/58/42/56/44; 
ttag +61 100/100/99/100/100; 
ttag +62 100/100/100/100/100; 
ttag +63 32/20/23/30/22; 
ttag +64 92/90/82/89/80; 
ttag +65 74/72/54/68/52; 
ttag +66 70/68/49/62/40; 
ttag +67 32/12/13/7/6; 
ttag +68 62/54/50/63/48; 
ttag +69 99/99/99/99/100; 
ttag +70 95/94/86/92/80; 
ttag +71 100/100/100/100/100; 
ttag +72 100/100/99/100/99; 
ttag +73 96/94/90/95/90; 
ttag +74 95/93/87/97/90; 
ttag +75 89/86/70/91/71; 
ttag +76 84/82/65/86/64; 
ttag +77 75/62/52/63/50; 
ttag +78 100/100/100/100/100; 
ttag +79 100/100/97/99/95; 
ttag +80 58/44/30/55/28; 
ttag +81 97/97/88/95/94; 
ttag +82 89/88/81/88/76; 
ttag +83 98/98/90/99/93; 
ttag +84 89/88/80/88/81; 
ttag +85 76/68/56/72/61; 
ttag +86 100/100/100/100/100; 
ttag +87 50/41/32/39/38; 
ttag +88 92/89/88/92/80; 
ttag +89 86/80/68/86/68; 
ttag +90 100/100/98/100/98; 
ttag +91 93/91/84/87/76; 
ttag +92 100/100/100/100/100; 
ttag +93 100/100/99/100/99; 
ttag +94 83/73/64/68/66; 
