tread
'Tree with tags' 
(0 (1 ((((2 3 )(((4 5 )(6 7 ))(8 9 (10 (11 12 )))))(17 (15 16 )(18 (19 ((20 21 )((22 23 )(24 25 )))))))(13 14 )((26 ((27 28 )(29 30 )))((39 (31 ((32 33 )((34 35 )(36 (37 38 ))))))((40 41 )(42 (43 ((44 45 )(46 47 )))))))))); 
ttag *!; 
ttag +49 ???; 
ttag +50 6; 
ttag +51 6; 
ttag +52 1; 
ttag +53 1; 
ttag +54 1; 
ttag +55 5; 
ttag +56 6; 
ttag +57 3; 
ttag +58 3; 
ttag +59 1; 
ttag +60 16; 
ttag +61 6; 
ttag +62 11; 
ttag +63 3; 
ttag +64 1; 
ttag +65 3; 
ttag +66 8; 
ttag +67 5; 
ttag +68 7; 
ttag +69 3; 
ttag +70 7; 
ttag +71 3; 
ttag +72 2; 
ttag +73 1; 
ttag +74 5; 
ttag +75 3; 
ttag +76 7; 
ttag +77 2; 
ttag +78 8; 
ttag +79 8; 
ttag +80 4; 
ttag +81 6; 
ttag +82 2; 
ttag +83 10; 
ttag +84 7; 
ttag +85 1; 
ttag +86 3; 
ttag +87 7; 
ttag +88 2; 
ttag +89 5; 
ttag +90 8; 
ttag +91 2; 
tread
'Tree with tags' 
(0 (1 ((((2 3 )(((4 5 )(6 7 ))(8 9 (10 (11 12 )))))(17 (15 16 )(18 (19 ((20 21 )((22 23 )(24 25 )))))))(13 14 )((26 ((27 28 )(29 30 )))((39 (31 ((32 33 )((34 35 )(36 (37 38 ))))))((40 41 )(42 (43 ((44 45 )(46 47 )))))))))); 
ttag *!; 
ttag +0 ////; 
ttag +1 ////; 
ttag +2 ////; 
ttag +3 ////; 
ttag +4 ////; 
ttag +5 ////; 
ttag +6 ////; 
ttag +7 ////; 
ttag +8 ////; 
ttag +9 ////; 
ttag +10 ////; 
ttag +11 ////; 
ttag +12 ////; 
ttag +13 ////; 
ttag +14 ////; 
ttag +15 ////; 
ttag +16 ////; 
ttag +17 ////; 
ttag +18 ////; 
ttag +19 ////; 
ttag +20 ////; 
ttag +21 ////; 
ttag +22 ////; 
ttag +23 ////; 
ttag +24 ////; 
ttag +25 ////; 
ttag +26 ////; 
ttag +27 ////; 
ttag +28 ////; 
ttag +29 ////; 
ttag +30 ////; 
ttag +31 ////; 
ttag +32 ////; 
ttag +33 ////; 
ttag +34 ////; 
ttag +35 ////; 
ttag +36 ////; 
ttag +37 ////; 
ttag +38 ////; 
ttag +39 ////; 
ttag +40 ////; 
ttag +41 ////; 
ttag +42 ////; 
ttag +43 ////; 
ttag +44 ////; 
ttag +45 ////; 
ttag +46 ////; 
ttag +47 ////; 
ttag +48 ////; 
ttag +49 100/100/100/100/100; 
ttag +50 98/97/94/98/95; 
ttag +51 90/88/79/90/82; 
ttag +52 38/24/12/36/13; 
ttag +53 51/40/37/50/41; 
ttag +54 59/44/30/49/38; 
ttag +55 90/87/75/88/72; 
ttag +56 96/94/87/97/90; 
ttag +57 77/74/61/74/59; 
ttag +58 78/76/61/71/61; 
ttag +59 56/35/33/34/36; 
ttag +60 100/100/100/100/100; 
ttag +61 99/99/98/98/98; 
ttag +62 100/100/100/100/100; 
ttag +63 86/82/77/88/74; 
ttag +64 72/67/67/62/58; 
ttag +65 77/71/66/74/56; 
ttag +66 100/100/100/100/100; 
ttag +67 94/93/89/93/82; 
ttag +68 98/96/92/97/94; 
ttag +69 84/82/74/84/76; 
ttag +70 100/100/99/99/98; 
ttag +71 92/89/83/87/84; 
ttag +72 56/49/39/53/34; 
ttag +73 58/43/31/45/38; 
ttag +74 96/95/91/98/94; 
ttag +75 84/75/72/73/66; 
ttag +76 98/97/94/98/90; 
ttag +77 78/72/66/78/66; 
ttag +78 98/98/97/99/93; 
ttag +79 100/100/99/100/100; 
ttag +80 90/88/82/93/80; 
ttag +81 99/99/97/99/98; 
ttag +82 87/87/78/86/78; 
ttag +83 99/99/96/100/94; 
ttag +84 99/99/99/100/99; 
ttag +85 62/45/38/39/36; 
ttag +86 84/80/74/84/76; 
ttag +87 99/99/98/100/99; 
ttag +88 63/52/46/50/20; 
ttag +89 97/97/94/97/95; 
ttag +90 100/100/99/99/99; 
ttag +91 73/69/53/64/47; 
