tread
'Tree with tags' 
(0 (1 ((2 3 )(8 9 (((4 5 )(6 7 ))(10 (11 12 )))))((13 14 )(39 ((31 ((32 33 )((34 35 )(36 (37 38 )))))((40 41 )(42 (43 ((44 45 )(46 47 ))))))))(((15 16 )(17 ((18 19 )((20 21 )((22 23 )(24 25 ))))))(26 (27 (28 (29 30 ))))))); 
ttag *!; 
ttag +49 ???; 
ttag +50 8; 
ttag +51 4; 
ttag +52 3; 
ttag +53 9; 
ttag +54 1; 
ttag +55 5; 
ttag +56 2; 
ttag +57 4; 
ttag +58 7; 
ttag +59 7; 
ttag +60 1; 
ttag +61 10; 
ttag +62 6; 
ttag +63 1; 
ttag +64 1; 
ttag +65 1; 
ttag +66 6; 
ttag +67 7; 
ttag +68 6; 
ttag +69 7; 
ttag +70 4; 
ttag +71 5; 
ttag +72 8; 
ttag +73 3; 
ttag +74 4; 
ttag +75 15; 
ttag +76 6; 
ttag +77 1; 
ttag +78 3; 
ttag +79 7; 
ttag +80 2; 
ttag +81 7; 
ttag +82 2; 
ttag +83 15; 
ttag +84 9; 
ttag +85 5; 
ttag +86 4; 
ttag +87 2; 
ttag +88 1; 
ttag +89 11; 
ttag +90 3; 
ttag +91 4; 
tread
'Tree with tags' 
(0 (((1 (((15 16 )(17 ((18 19 )((20 21 )((22 23 )(24 25 ))))))(26 (27 (28 (29 30 ))))))((13 14 )(39 ((31 ((32 33 )((34 35 )(36 (37 38 )))))((40 41 )(42 (43 ((44 45 )(46 47 )))))))))((2 3 )((((4 5 )(6 7 ))(10 (11 12 )))(8 9 ))))); 
ttag *!; 
ttag +0 ////; 
ttag +1 ////; 
ttag +2 ////; 
ttag +3 ////; 
ttag +4 ////; 
ttag +5 ////; 
ttag +6 ////; 
ttag +7 ////; 
ttag +8 ////; 
ttag +9 ////; 
ttag +10 ////; 
ttag +11 ////; 
ttag +12 ////; 
ttag +13 ////; 
ttag +14 ////; 
ttag +15 ////; 
ttag +16 ////; 
ttag +17 ////; 
ttag +18 ////; 
ttag +19 ////; 
ttag +20 ////; 
ttag +21 ////; 
ttag +22 ////; 
ttag +23 ////; 
ttag +24 ////; 
ttag +25 ////; 
ttag +26 ////; 
ttag +27 ////; 
ttag +28 ////; 
ttag +29 ////; 
ttag +30 ////; 
ttag +31 ////; 
ttag +32 ////; 
ttag +33 ////; 
ttag +34 ////; 
ttag +35 ////; 
ttag +36 ////; 
ttag +37 ////; 
ttag +38 ////; 
ttag +39 ////; 
ttag +40 ////; 
ttag +41 ////; 
ttag +42 ////; 
ttag +43 ////; 
ttag +44 ////; 
ttag +45 ////; 
ttag +46 ////; 
ttag +47 ////; 
ttag +48 ////; 
ttag +49 6/[25]/?/?/?; 
ttag +50 0/[25]/?/?/?; 
ttag +51 100/100/100/100/100; 
ttag +52 100/100/98/100/96; 
ttag +53 62/54/44/60/45; 
ttag +54 86/79/70/81/61; 
ttag +55 100/100/99/100/98; 
ttag +56 34/17/11/24/19; 
ttag +57 91/90/87/94/85; 
ttag +58 83/79/75/78/76; 
ttag +59 18/3/?/?/6; 
ttag +60 93/88/76/89/70; 
ttag +61 99/99/99/99/100; 
ttag +62 100/100/97/98/96; 
ttag +63 20/[11]/?/?/?; 
ttag +64 100/100/100/100/99; 
ttag +65 96/96/89/96/92; 
ttag +66 16/[14]/?/?/?; 
ttag +67 56/34/11/26/14; 
ttag +68 50/19/25/28/20; 
ttag +69 96/96/92/98/93; 
ttag +70 99/99/100/100/100; 
ttag +71 96/96/93/97/88; 
ttag +72 100/100/97/100/98; 
ttag +73 90/86/79/92/80; 
ttag +74 95/93/93/92/87; 
ttag +75 98/96/92/98/94; 
ttag +76 90/88/74/88/74; 
ttag +77 87/83/69/84/72; 
ttag +78 100/100/100/100/99; 
ttag +79 95/95/91/96/89; 
ttag +80 34/26/20/29/23; 
ttag +81 62/54/44/66/50; 
ttag +82 99/99/98/100/98; 
ttag +83 73/70/47/69/55; 
ttag +84 99/99/99/99/99; 
ttag +85 79/73/51/70/64; 
ttag +86 100/100/100/100/100; 
ttag +87 100/100/100/100/100; 
ttag +88 99/99/96/96/95; 
ttag +89 79/70/59/78/63; 
ttag +90 70/58/56/62/48; 
ttag +91 59/44/54/54/53; 
ttag +92 100/100/100/100/100; 
ttag +93 83/80/62/76/66; 
ttag +94 97/96/91/96/96; 
