tread
'Tree with tags' 
(0 (1 ((2 3 )(8 9 (6 7 (4 5 ))(10 (11 12 ))))(13 14 )((15 16 )(17 (18 (19 ((20 21 )((22 23 )(24 25 )))))))((26 (27 (28 (29 30 ))))(39 (31 ((32 33 )((34 35 )(36 (37 38 )))))(40 41 (42 (43 ((44 45 )(46 47 ))))))))); 
ttag *!; 
ttag +49 ???; 
ttag +50 8; 
ttag +51 8; 
ttag +52 8; 
ttag +53 1; 
ttag +54 2; 
ttag +55 3; 
ttag +56 3; 
ttag +57 8; 
ttag +58 8; 
ttag +59 9; 
ttag +60 3; 
ttag +61 5; 
ttag +62 3; 
ttag +63 9; 
ttag +64 5; 
ttag +65 9; 
ttag +66 7; 
ttag +67 3; 
ttag +68 9; 
ttag +69 6; 
ttag +70 1; 
ttag +71 5; 
ttag +72 4; 
ttag +73 4; 
ttag +74 6; 
ttag +75 5; 
ttag +76 2; 
ttag +77 3; 
ttag +78 1; 
ttag +79 7; 
ttag +80 12; 
ttag +81 2; 
ttag +82 11; 
ttag +83 2; 
ttag +84 6; 
ttag +85 6; 
ttag +86 6; 
tread
'Tree with tags' 
(0 (((1 ((2 3 )((8 (9 (6 (7 (4 5 )))))(10 (11 12 )))))(13 14 ))(((15 16 )(17 (18 (19 ((20 21 )((22 23 )(24 25 )))))))((26 (27 (28 (29 30 ))))(39 ((31 ((32 33 )((34 35 )(36 (37 38 )))))((40 41 )(42 (43 ((44 45 )(46 47 ))))))))))); 
ttag *!; 
ttag +0 ////; 
ttag +1 ////; 
ttag +2 ////; 
ttag +3 ////; 
ttag +4 ////; 
ttag +5 ////; 
ttag +6 ////; 
ttag +7 ////; 
ttag +8 ////; 
ttag +9 ////; 
ttag +10 ////; 
ttag +11 ////; 
ttag +12 ////; 
ttag +13 ////; 
ttag +14 ////; 
ttag +15 ////; 
ttag +16 ////; 
ttag +17 ////; 
ttag +18 ////; 
ttag +19 ////; 
ttag +20 ////; 
ttag +21 ////; 
ttag +22 ////; 
ttag +23 ////; 
ttag +24 ////; 
ttag +25 ////; 
ttag +26 ////; 
ttag +27 ////; 
ttag +28 ////; 
ttag +29 ////; 
ttag +30 ////; 
ttag +31 ////; 
ttag +32 ////; 
ttag +33 ////; 
ttag +34 ////; 
ttag +35 ////; 
ttag +36 ////; 
ttag +37 ////; 
ttag +38 ////; 
ttag +39 ////; 
ttag +40 ////; 
ttag +41 ////; 
ttag +42 ////; 
ttag +43 ////; 
ttag +44 ////; 
ttag +45 ////; 
ttag +46 ////; 
ttag +47 ////; 
ttag +48 ////; 
ttag +49 29/[8]/2/?/2; 
ttag +50 20/[18]/?/?/?; 
ttag +51 100/100/100/100/100; 
ttag +52 100/100/100/100/100; 
ttag +53 100/100/98/99/97; 
ttag +54 99/99/99/100/99; 
ttag +55 43/0/?/?/?; 
ttag +56 80/76/68/73/69; 
ttag +57 21/[16]/?/?/?; 
ttag +58 16/[22]/?/?/?; 
ttag +59 84/76/65/79/66; 
ttag +60 97/96/91/94/91; 
ttag +61 89/86/74/82/76; 
ttag +62 100/100/100/100/100; 
ttag +63 100/100/100/99/100; 
ttag +64 99/99/98/100/98; 
ttag +65 29/[8]/3/?/2; 
ttag +66 88/82/71/79/75; 
ttag +67 98/98/95/99/94; 
ttag +68 94/94/90/92/90; 
ttag +69 100/100/100/100/100; 
ttag +70 98/98/91/94/90; 
ttag +71 100/100/99/100/100; 
ttag +72 99/99/95/99/95; 
ttag +73 75/70/67/79/60; 
ttag +74 99/99/99/100/98; 
ttag +75 97/96/87/96/90; 
ttag +76 66/46/38/49/43; 
ttag +77 98/97/97/98/94; 
ttag +78 94/92/85/93/78; 
ttag +79 90/87/84/91/82; 
ttag +80 14/[10]/?/?/?; 
ttag +81 100/100/95/98/95; 
ttag +82 92/90/84/95/87; 
ttag +83 93/92/87/91/89; 
ttag +84 89/87/86/93/85; 
ttag +85 48/34/34/45/30; 
ttag +86 98/97/94/98/94; 
ttag +87 100/100/100/100/99; 
ttag +88 48/15/8/20/20; 
ttag +89 90/87/80/82/78; 
ttag +90 100/100/99/100/100; 
ttag +91 92/92/86/89/90; 
ttag +92 98/98/95/99/94; 
ttag +93 98/97/93/96/94; 
ttag +94 99/99/99/99/99; 
