tread
'Tree with tags' 
(0 ((1 ((2 3 )(8 9 10 (6 7 (4 5 ))(11 12 ))))(((13 14 )((15 16 )(17 (18 (19 ((20 21 )((22 23 )(24 25 ))))))))((27 (26 (28 (29 30 ))))(39 ((31 (((32 33 )(34 35 ))(36 (37 38 ))))((40 41 )(42 (43 ((44 45 )(46 47 ))))))))))); 
ttag *!; 
ttag +49 1; 
ttag +50 ???; 
ttag +51 9; 
ttag +52 7; 
ttag +53 3; 
ttag +54 8; 
ttag +55 5; 
ttag +56 12; 
ttag +57 9; 
ttag +58 1; 
ttag +59 3; 
ttag +60 15; 
ttag +61 3; 
ttag +62 4; 
ttag +63 8; 
ttag +64 3; 
ttag +65 6; 
ttag +66 4; 
ttag +67 5; 
ttag +68 8; 
ttag +69 1; 
ttag +70 2; 
ttag +71 11; 
ttag +72 2; 
ttag +73 7; 
ttag +74 13; 
ttag +75 2; 
ttag +76 1; 
ttag +77 7; 
ttag +78 4; 
ttag +79 2; 
ttag +80 7; 
ttag +81 3; 
ttag +82 4; 
ttag +83 5; 
ttag +84 2; 
ttag +85 8; 
ttag +86 3; 
ttag +87 2; 
ttag +88 12; 
ttag +89 4; 
ttag +90 3; 
tread
'Tree with tags' 
(0 ((1 ((2 3 )((8 ((4 5 )(6 7 )))(9 (10 (11 12 ))))))(((13 14 )((15 16 )(17 (18 (19 ((20 21 )((22 23 )(24 25 ))))))))((27 (26 (28 (29 30 ))))(39 ((31 (((32 33 )(34 35 ))(36 (37 38 ))))((40 41 )(42 (43 ((44 45 )(46 47 ))))))))))); 
ttag *!; 
ttag +0 ////; 
ttag +1 ////; 
ttag +2 ////; 
ttag +3 ////; 
ttag +4 ////; 
ttag +5 ////; 
ttag +6 ////; 
ttag +7 ////; 
ttag +8 ////; 
ttag +9 ////; 
ttag +10 ////; 
ttag +11 ////; 
ttag +12 ////; 
ttag +13 ////; 
ttag +14 ////; 
ttag +15 ////; 
ttag +16 ////; 
ttag +17 ////; 
ttag +18 ////; 
ttag +19 ////; 
ttag +20 ////; 
ttag +21 ////; 
ttag +22 ////; 
ttag +23 ////; 
ttag +24 ////; 
ttag +25 ////; 
ttag +26 ////; 
ttag +27 ////; 
ttag +28 ////; 
ttag +29 ////; 
ttag +30 ////; 
ttag +31 ////; 
ttag +32 ////; 
ttag +33 ////; 
ttag +34 ////; 
ttag +35 ////; 
ttag +36 ////; 
ttag +37 ////; 
ttag +38 ////; 
ttag +39 ////; 
ttag +40 ////; 
ttag +41 ////; 
ttag +42 ////; 
ttag +43 ////; 
ttag +44 ////; 
ttag +45 ////; 
ttag +46 ////; 
ttag +47 ////; 
ttag +48 ////; 
ttag +49 30/16/8/16/6; 
ttag +50 100/100/100/100/100; 
ttag +51 100/100/100/99/100; 
ttag +52 97/96/92/97/91; 
ttag +53 90/85/87/93/88; 
ttag +54 99/99/99/99/98; 
ttag +55 31/14/13/11/13; 
ttag +56 92/90/87/94/88; 
ttag +57 42/14/20/28/11; 
ttag +58 9/[9]/?/?/?; 
ttag +59 52/39/36/39/40; 
ttag +60 100/100/99/100/100; 
ttag +61 99/99/99/100/99; 
ttag +62 28/15/12/21/9; 
ttag +63 69/63/54/65/49; 
ttag +64 100/100/100/100/100; 
ttag +65 64/50/43/54/53; 
ttag +66 89/85/80/84/75; 
ttag +67 99/99/98/99/99; 
ttag +68 95/94/88/93/94; 
ttag +69 99/99/99/99/99; 
ttag +70 96/96/93/98/95; 
ttag +71 98/98/96/99/97; 
ttag +72 99/99/96/100/99; 
ttag +73 59/33/36/40/22; 
ttag +74 75/66/52/64/54; 
ttag +75 100/100/99/100/99; 
ttag +76 49/42/34/42/32; 
ttag +77 99/99/95/98/98; 
ttag +78 100/100/100/100/100; 
ttag +79 67/57/54/55/55; 
ttag +80 28/[5]/?/?/?; 
ttag +81 99/99/98/99/98; 
ttag +82 94/93/92/97/94; 
ttag +83 76/68/54/62/47; 
ttag +84 99/99/99/100/99; 
ttag +85 90/88/80/90/83; 
ttag +86 96/94/88/95/91; 
ttag +87 97/96/93/98/94; 
ttag +88 50/25/19/26/24; 
ttag +89 97/96/92/97/93; 
ttag +90 76/67/61/66/58; 
ttag +91 57/40/39/46/42; 
ttag +92 100/100/100/100/99; 
ttag +93 94/92/85/92/83; 
ttag +94 86/85/79/85/78; 
