tread
'Tree with tags' 
(0 (1 ((2 3 )(8 9 (6 (7 (4 5 )))(10 (11 12 ))))(13 14 )((15 16 )(17 (18 (19 ((20 21 )((22 23 )(24 25 )))))))((26 (27 (28 (29 30 ))))(39 (31 ((32 33 )((34 35 )(36 (37 38 )))))((40 41 )(42 (43 (46 47 (44 45 ))))))))); 
ttag *!; 
ttag +49 ???; 
ttag +50 8; 
ttag +51 6; 
ttag +52 8; 
ttag +53 2; 
ttag +54 4; 
ttag +55 5; 
ttag +56 3; 
ttag +57 10; 
ttag +58 1; 
ttag +59 7; 
ttag +60 4; 
ttag +61 1; 
ttag +62 4; 
ttag +63 2; 
ttag +64 6; 
ttag +65 8; 
ttag +66 11; 
ttag +67 6; 
ttag +68 3; 
ttag +69 9; 
ttag +70 2; 
ttag +71 7; 
ttag +72 7; 
ttag +73 17; 
ttag +74 9; 
ttag +75 5; 
ttag +76 7; 
ttag +77 8; 
ttag +78 6; 
ttag +79 1; 
ttag +80 8; 
ttag +81 3; 
ttag +82 1; 
ttag +83 5; 
ttag +84 10; 
ttag +85 3; 
ttag +86 3; 
ttag +87 1; 
tread
'Tree with tags' 
(0 ((1 ((26 (27 (28 (29 30 ))))(39 ((31 ((32 33 )((34 35 )(36 (37 38 )))))((40 41 )(42 (43 (47 (46 (44 45 ))))))))))((((2 3 )((6 (7 (4 5 )))((8 9 )(10 (11 12 )))))((15 16 )(17 (18 (19 ((20 21 )((22 23 )(24 25 ))))))))(13 14 )))); 
ttag *!; 
ttag +0 ////; 
ttag +1 ////; 
ttag +2 ////; 
ttag +3 ////; 
ttag +4 ////; 
ttag +5 ////; 
ttag +6 ////; 
ttag +7 ////; 
ttag +8 ////; 
ttag +9 ////; 
ttag +10 ////; 
ttag +11 ////; 
ttag +12 ////; 
ttag +13 ////; 
ttag +14 ////; 
ttag +15 ////; 
ttag +16 ////; 
ttag +17 ////; 
ttag +18 ////; 
ttag +19 ////; 
ttag +20 ////; 
ttag +21 ////; 
ttag +22 ////; 
ttag +23 ////; 
ttag +24 ////; 
ttag +25 ////; 
ttag +26 ////; 
ttag +27 ////; 
ttag +28 ////; 
ttag +29 ////; 
ttag +30 ////; 
ttag +31 ////; 
ttag +32 ////; 
ttag +33 ////; 
ttag +34 ////; 
ttag +35 ////; 
ttag +36 ////; 
ttag +37 ////; 
ttag +38 ////; 
ttag +39 ////; 
ttag +40 ////; 
ttag +41 ////; 
ttag +42 ////; 
ttag +43 ////; 
ttag +44 ////; 
ttag +45 ////; 
ttag +46 ////; 
ttag +47 ////; 
ttag +48 ////; 
ttag +49 34/12/13/14/0; 
ttag +50 100/100/100/100/100; 
ttag +51 100/100/99/100/100; 
ttag +52 98/97/97/98/97; 
ttag +53 12/[10]/?/?/?; 
ttag +54 19/[3]/?/?/?; 
ttag +55 98/98/94/98/96; 
ttag +56 74/60/40/40/39; 
ttag +57 94/94/88/89/90; 
ttag +58 95/94/86/93/90; 
ttag +59 11/[16]/?/?/?; 
ttag +60 53/35/22/13/26; 
ttag +61 85/84/70/69/70; 
ttag +62 100/100/99/100/100; 
ttag +63 67/54/45/56/37; 
ttag +64 99/99/100/100/100; 
ttag +65 98/98/97/97/95; 
ttag +66 48/19/26/33/13; 
ttag +67 94/91/87/91/88; 
ttag +68 78/74/65/75/70; 
ttag +69 100/100/100/100/100; 
ttag +70 99/99/99/100/99; 
ttag +71 100/100/98/100/98; 
ttag +72 99/99/99/99/99; 
ttag +73 92/91/83/92/84; 
ttag +74 99/99/99/100/98; 
ttag +75 58/36/36/42/25; 
ttag +76 99/99/99/99/96; 
ttag +77 100/100/96/100/97; 
ttag +78 100/100/100/100/100; 
ttag +79 100/100/99/99/97; 
ttag +80 16/[22]/?/?/?; 
ttag +81 96/95/92/99/91; 
ttag +82 100/100/96/99/97; 
ttag +83 100/100/99/100/96; 
ttag +84 99/98/100/99/98; 
ttag +85 55/43/28/42/37; 
ttag +86 98/98/96/99/98; 
ttag +87 78/65/56/64/61; 
ttag +88 52/33/31/27/22; 
ttag +89 95/93/90/96/91; 
ttag +90 100/100/100/99/98; 
ttag +91 74/70/49/63/57; 
ttag +92 71/55/38/43/34; 
ttag +93 36/[2]/?/?/?; 
ttag +94 51/32/18/25/17; 
