tread
'Tree with tags' 
(0 (((1 ((26 27 (28 (29 30 )))((31 ((32 33 )((34 35 )(36 (37 38 )))))(39 ((40 41 )(42 (43 (46 47 (44 45 )))))))))((13 14 )(17 (15 16 )(18 (19 ((20 21 )((22 23 )(24 25 ))))))))((2 3 )(8 9 ((4 5 )(6 7 ))(10 (11 12 )))))); 
ttag *!; 
ttag +49 1; 
ttag +50 1; 
ttag +51 ???; 
ttag +52 6; 
ttag +53 8; 
ttag +54 4; 
ttag +55 5; 
ttag +56 2; 
ttag +57 1; 
ttag +58 8; 
ttag +59 3; 
ttag +60 10; 
ttag +61 1; 
ttag +62 6; 
ttag +63 8; 
ttag +64 8; 
ttag +65 1; 
ttag +66 4; 
ttag +67 4; 
ttag +68 13; 
ttag +69 4; 
ttag +70 3; 
ttag +71 7; 
ttag +72 5; 
ttag +73 4; 
ttag +74 9; 
ttag +75 4; 
ttag +76 5; 
ttag +77 2; 
ttag +78 6; 
ttag +79 4; 
ttag +80 1; 
ttag +81 9; 
ttag +82 6; 
ttag +83 2; 
ttag +84 2; 
ttag +85 6; 
ttag +86 10; 
ttag +87 3; 
ttag +88 11; 
ttag +89 3; 
tread
'Tree with tags' 
(0 (((1 ((27 (26 (28 (29 30 ))))((31 ((32 33 )((34 35 )(36 (37 38 )))))(39 ((40 41 )(42 (43 (46 (47 (44 45 ))))))))))((13 14 )((17 (15 16 ))(18 (19 ((20 21 )((22 23 )(24 25 ))))))))((2 3 )(((4 5 )(6 7 ))(9 (8 (10 (11 12 )))))))); 
ttag *!; 
ttag +0 ////; 
ttag +1 ////; 
ttag +2 ////; 
ttag +3 ////; 
ttag +4 ////; 
ttag +5 ////; 
ttag +6 ////; 
ttag +7 ////; 
ttag +8 ////; 
ttag +9 ////; 
ttag +10 ////; 
ttag +11 ////; 
ttag +12 ////; 
ttag +13 ////; 
ttag +14 ////; 
ttag +15 ////; 
ttag +16 ////; 
ttag +17 ////; 
ttag +18 ////; 
ttag +19 ////; 
ttag +20 ////; 
ttag +21 ////; 
ttag +22 ////; 
ttag +23 ////; 
ttag +24 ////; 
ttag +25 ////; 
ttag +26 ////; 
ttag +27 ////; 
ttag +28 ////; 
ttag +29 ////; 
ttag +30 ////; 
ttag +31 ////; 
ttag +32 ////; 
ttag +33 ////; 
ttag +34 ////; 
ttag +35 ////; 
ttag +36 ////; 
ttag +37 ////; 
ttag +38 ////; 
ttag +39 ////; 
ttag +40 ////; 
ttag +41 ////; 
ttag +42 ////; 
ttag +43 ////; 
ttag +44 ////; 
ttag +45 ////; 
ttag +46 ////; 
ttag +47 ////; 
ttag +48 ////; 
ttag +49 27/8/11/15/7; 
ttag +50 48/30/32/29/24; 
ttag +51 100/100/100/100/100; 
ttag +52 98/98/95/99/96; 
ttag +53 100/100/98/100/99; 
ttag +54 94/93/88/93/88; 
ttag +55 97/97/98/98/93; 
ttag +56 61/47/45/46/37; 
ttag +57 56/49/43/48/42; 
ttag +58 28/8/4/9/?; 
ttag +59 36/16/23/18/15; 
ttag +60 100/100/99/99/97; 
ttag +61 92/89/82/90/82; 
ttag +62 100/100/99/100/100; 
ttag +63 58/46/45/50/32; 
ttag +64 100/100/99/99/99; 
ttag +65 31/[6]/?/?/?; 
ttag +66 99/99/98/99/97; 
ttag +67 99/99/95/99/94; 
ttag +68 73/70/65/74/69; 
ttag +69 98/98/98/98/98; 
ttag +70 93/90/84/93/83; 
ttag +71 100/100/100/100/100; 
ttag +72 90/86/84/91/84; 
ttag +73 87/82/73/90/79; 
ttag +74 29/[11]/?/?/0; 
ttag +75 100/100/98/99/99; 
ttag +76 96/94/85/95/90; 
ttag +77 91/88/81/93/84; 
ttag +78 100/100/100/100/100; 
ttag +79 97/96/90/94/91; 
ttag +80 99/98/94/98/96; 
ttag +81 74/65/55/66/52; 
ttag +82 100/100/96/99/96; 
ttag +83 95/94/90/95/93; 
ttag +84 60/40/37/37/26; 
ttag +85 100/100/98/100/98; 
ttag +86 99/98/97/98/98; 
ttag +87 81/80/76/79/77; 
ttag +88 84/83/69/79/70; 
ttag +89 99/99/96/98/95; 
ttag +90 100/100/100/99/100; 
ttag +91 93/92/86/94/85; 
ttag +92 100/100/100/100/100; 
ttag +93 38/11/3/?/?; 
ttag +94 87/85/74/85/77; 
