tread
'Tree with tags' 
(0 (((1 ((2 3 )((10 ((4 5 )(6 7 )))(8 9 )(11 12 ))))((15 16 )(17 (18 19 ((20 21 )((22 23 )(24 25 )))))))((13 14 )((26 (27 (28 (29 30 ))))((31 ((32 33 )((34 35 )(36 (37 38 )))))(39 ((40 41 )((42 43 )((44 45 )(46 47 )))))))))); 
ttag *!; 
ttag +49 3; 
ttag +50 1; 
ttag +51 ???; 
ttag +52 5; 
ttag +53 5; 
ttag +54 4; 
ttag +55 13; 
ttag +56 1; 
ttag +57 4; 
ttag +58 2; 
ttag +59 4; 
ttag +60 8; 
ttag +61 9; 
ttag +62 3; 
ttag +63 9; 
ttag +64 6; 
ttag +65 2; 
ttag +66 4; 
ttag +67 6; 
ttag +68 11; 
ttag +69 9; 
ttag +70 4; 
ttag +71 2; 
ttag +72 10; 
ttag +73 5; 
ttag +74 3; 
ttag +75 1; 
ttag +76 7; 
ttag +77 7; 
ttag +78 2; 
ttag +79 3; 
ttag +80 3; 
ttag +81 8; 
ttag +82 2; 
ttag +83 9; 
ttag +84 6; 
ttag +85 1; 
ttag +86 7; 
ttag +87 8; 
ttag +88 1; 
ttag +89 6; 
ttag +90 6; 
ttag +91 3; 
ttag +92 1; 
tread
'Tree with tags' 
(0 (((1 ((2 3 )(((10 ((4 5 )(6 7 )))(8 9 ))(11 12 ))))((15 16 )(17 (19 (18 ((20 21 )((22 23 )(24 25 ))))))))((13 14 )((26 (27 (28 (29 30 ))))((31 ((32 33 )((34 35 )(36 (37 38 )))))(39 ((40 41 )((42 43 )((44 45 )(46 47 )))))))))); 
ttag *!; 
ttag +0 ////; 
ttag +1 ////; 
ttag +2 ////; 
ttag +3 ////; 
ttag +4 ////; 
ttag +5 ////; 
ttag +6 ////; 
ttag +7 ////; 
ttag +8 ////; 
ttag +9 ////; 
ttag +10 ////; 
ttag +11 ////; 
ttag +12 ////; 
ttag +13 ////; 
ttag +14 ////; 
ttag +15 ////; 
ttag +16 ////; 
ttag +17 ////; 
ttag +18 ////; 
ttag +19 ////; 
ttag +20 ////; 
ttag +21 ////; 
ttag +22 ////; 
ttag +23 ////; 
ttag +24 ////; 
ttag +25 ////; 
ttag +26 ////; 
ttag +27 ////; 
ttag +28 ////; 
ttag +29 ////; 
ttag +30 ////; 
ttag +31 ////; 
ttag +32 ////; 
ttag +33 ////; 
ttag +34 ////; 
ttag +35 ////; 
ttag +36 ////; 
ttag +37 ////; 
ttag +38 ////; 
ttag +39 ////; 
ttag +40 ////; 
ttag +41 ////; 
ttag +42 ////; 
ttag +43 ////; 
ttag +44 ////; 
ttag +45 ////; 
ttag +46 ////; 
ttag +47 ////; 
ttag +48 ////; 
ttag +49 91/89/79/90/85; 
ttag +50 53/27/17/27/11; 
ttag +51 100/100/100/100/100; 
ttag +52 91/88/84/92/83; 
ttag +53 97/96/94/94/92; 
ttag +54 88/84/64/82/65; 
ttag +55 100/100/100/100/100; 
ttag +56 43/27/23/26/20; 
ttag +57 21/[1]/?/?/?; 
ttag +58 90/87/73/88/76; 
ttag +59 79/70/63/80/68; 
ttag +60 87/82/76/90/77; 
ttag +61 98/98/97/98/98; 
ttag +62 99/99/99/99/98; 
ttag +63 84/81/66/80/69; 
ttag +64 99/99/99/99/98; 
ttag +65 95/94/78/94/85; 
ttag +66 65/56/47/59/36; 
ttag +67 36/1/5/6/2; 
ttag +68 90/88/67/86/63; 
ttag +69 100/100/100/100/99; 
ttag +70 99/99/94/98/94; 
ttag +71 100/100/100/100/100; 
ttag +72 93/91/81/92/82; 
ttag +73 72/62/62/70/61; 
ttag +74 99/99/99/100/99; 
ttag +75 84/82/69/80/71; 
ttag +76 78/68/58/75/62; 
ttag +77 48/26/24/28/21; 
ttag +78 98/97/91/99/94; 
ttag +79 98/98/97/99/94; 
ttag +80 60/54/36/54/44; 
ttag +81 91/89/88/91/85; 
ttag +82 90/88/81/89/77; 
ttag +83 100/100/100/100/99; 
ttag +84 78/69/58/64/62; 
ttag +85 99/99/98/100/100; 
ttag +86 98/98/94/96/94; 
ttag +87 42/13/1/12/?; 
ttag +88 99/99/97/98/98; 
ttag +89 98/98/84/95/89; 
ttag +90 58/31/31/22/23; 
ttag +91 97/97/85/96/89; 
ttag +92 98/97/94/98/96; 
ttag +93 78/68/48/69/58; 
ttag +94 50/37/16/31/22; 
