tread
'Tree with tags' 
(0 ((1 (((13 14 )((15 16 )(17 (18 (19 ((20 21 )((22 23 )(24 25 ))))))))((26 (27 (28 (29 30 ))))(39 ((31 ((32 33 )((34 35 )(36 (37 38 )))))((40 41 )(42 (43 ((44 45 )(46 47 ))))))))))((2 3 )((6 7 (4 5 ))(8 9 (10 (11 12 ))))))); 
ttag *!; 
ttag +49 1; 
ttag +50 ???; 
ttag +51 11; 
ttag +52 2; 
ttag +53 8; 
ttag +54 4; 
ttag +55 4; 
ttag +56 2; 
ttag +57 3; 
ttag +58 6; 
ttag +59 9; 
ttag +60 1; 
ttag +61 1; 
ttag +62 6; 
ttag +63 5; 
ttag +64 3; 
ttag +65 5; 
ttag +66 2; 
ttag +67 7; 
ttag +68 8; 
ttag +69 6; 
ttag +70 5; 
ttag +71 3; 
ttag +72 6; 
ttag +73 5; 
ttag +74 6; 
ttag +75 6; 
ttag +76 7; 
ttag +77 7; 
ttag +78 2; 
ttag +79 6; 
ttag +80 7; 
ttag +81 3; 
ttag +82 4; 
ttag +83 3; 
ttag +84 13; 
ttag +85 10; 
ttag +86 8; 
ttag +87 7; 
ttag +88 7; 
ttag +89 2; 
ttag +90 6; 
ttag +91 4; 
ttag +92 4; 
tread
'Tree with tags' 
(0 ((1 (((13 14 )((15 16 )(17 (18 (19 ((20 21 )((22 23 )(24 25 ))))))))((26 (27 (28 (29 30 ))))(39 ((31 ((32 33 )((34 35 )(36 (37 38 )))))((40 41 )(42 (43 ((44 45 )(46 47 ))))))))))((2 3 )((7 (6 (4 5 )))((8 9 )(10 (11 12 ))))))); 
ttag *!; 
ttag +0 ////; 
ttag +1 ////; 
ttag +2 ////; 
ttag +3 ////; 
ttag +4 ////; 
ttag +5 ////; 
ttag +6 ////; 
ttag +7 ////; 
ttag +8 ////; 
ttag +9 ////; 
ttag +10 ////; 
ttag +11 ////; 
ttag +12 ////; 
ttag +13 ////; 
ttag +14 ////; 
ttag +15 ////; 
ttag +16 ////; 
ttag +17 ////; 
ttag +18 ////; 
ttag +19 ////; 
ttag +20 ////; 
ttag +21 ////; 
ttag +22 ////; 
ttag +23 ////; 
ttag +24 ////; 
ttag +25 ////; 
ttag +26 ////; 
ttag +27 ////; 
ttag +28 ////; 
ttag +29 ////; 
ttag +30 ////; 
ttag +31 ////; 
ttag +32 ////; 
ttag +33 ////; 
ttag +34 ////; 
ttag +35 ////; 
ttag +36 ////; 
ttag +37 ////; 
ttag +38 ////; 
ttag +39 ////; 
ttag +40 ////; 
ttag +41 ////; 
ttag +42 ////; 
ttag +43 ////; 
ttag +44 ////; 
ttag +45 ////; 
ttag +46 ////; 
ttag +47 ////; 
ttag +48 ////; 
ttag +49 32/22/6/18/9; 
ttag +50 100/100/100/100/100; 
ttag +51 100/100/99/100/100; 
ttag +52 73/65/56/61/57; 
ttag +53 99/98/96/99/98; 
ttag +54 22/[18]/?/?/?; 
ttag +55 96/96/90/94/92; 
ttag +56 88/85/74/88/82; 
ttag +57 42/24/22/23/19; 
ttag +58 74/67/52/69/57; 
ttag +59 86/83/68/83/66; 
ttag +60 96/96/92/97/92; 
ttag +61 100/100/100/100/100; 
ttag +62 48/38/16/37/26; 
ttag +63 46/36/22/38/26; 
ttag +64 99/99/96/99/99; 
ttag +65 98/98/93/98/92; 
ttag +66 85/83/77/83/79; 
ttag +67 96/96/91/96/87; 
ttag +68 73/68/63/74/62; 
ttag +69 100/100/99/99/100; 
ttag +70 99/99/99/100/99; 
ttag +71 97/96/94/97/93; 
ttag +72 98/98/88/94/91; 
ttag +73 84/76/62/77/75; 
ttag +74 100/100/98/99/96; 
ttag +75 94/92/78/94/82; 
ttag +76 96/95/88/95/92; 
ttag +77 98/98/85/97/89; 
ttag +78 99/99/98/99/98; 
ttag +79 98/97/94/97/94; 
ttag +80 67/57/41/56/35; 
ttag +81 85/78/61/75/55; 
ttag +82 98/98/94/100/94; 
ttag +83 84/78/64/80/66; 
ttag +84 99/99/96/97/98; 
ttag +85 93/92/83/92/88; 
ttag +86 100/100/100/100/100; 
ttag +87 100/100/100/99/99; 
ttag +88 100/100/99/99/98; 
ttag +89 98/97/90/97/90; 
ttag +90 100/100/100/99/99; 
ttag +91 80/72/57/62/58; 
ttag +92 98/98/96/98/94; 
ttag +93 89/84/82/82/81; 
ttag +94 94/92/90/94/80; 
