tread
'Tree with tags' 
(0 (1 17 ((2 3 )(8 9 (6 7 (4 5 ))(10 (11 12 ))))(13 14 )(15 16 )(18 (19 ((20 21 )((22 23 )(24 25 )))))((26 (27 (28 (29 30 ))))((31 ((32 33 )((34 35 )(36 (37 38 )))))(39 (40 41 (42 43 ((44 45 )(46 47 ))))))))); 
ttag *!; 
ttag +49 ???; 
ttag +50 10; 
ttag +51 2; 
ttag +52 1; 
ttag +53 4; 
ttag +54 4; 
ttag +55 6; 
ttag +56 9; 
ttag +57 11; 
ttag +58 7; 
ttag +59 4; 
ttag +60 4; 
ttag +61 9; 
ttag +62 6; 
ttag +63 8; 
ttag +64 7; 
ttag +65 6; 
ttag +66 7; 
ttag +67 6; 
ttag +68 1; 
ttag +69 1; 
ttag +70 9; 
ttag +71 7; 
ttag +72 2; 
ttag +73 7; 
ttag +74 2; 
ttag +75 8; 
ttag +76 2; 
ttag +77 10; 
ttag +78 11; 
ttag +79 1; 
ttag +80 7; 
ttag +81 10; 
ttag +82 4; 
ttag +83 2; 
ttag +84 3; 
tread
'Tree with tags' 
(0 (((1 (((17 (15 16 ))(18 (19 ((20 21 )((22 23 )(24 25 ))))))((26 (27 (28 (29 30 ))))((31 ((32 33 )((34 35 )(36 (37 38 )))))(39 ((40 41 )(43 (42 ((44 45 )(46 47 ))))))))))((2 3 )(((6 (7 (4 5 )))(10 (11 12 )))(8 9 ))))(13 14 ))); 
ttag *!; 
ttag +0 ////; 
ttag +1 ////; 
ttag +2 ////; 
ttag +3 ////; 
ttag +4 ////; 
ttag +5 ////; 
ttag +6 ////; 
ttag +7 ////; 
ttag +8 ////; 
ttag +9 ////; 
ttag +10 ////; 
ttag +11 ////; 
ttag +12 ////; 
ttag +13 ////; 
ttag +14 ////; 
ttag +15 ////; 
ttag +16 ////; 
ttag +17 ////; 
ttag +18 ////; 
ttag +19 ////; 
ttag +20 ////; 
ttag +21 ////; 
ttag +22 ////; 
ttag +23 ////; 
ttag +24 ////; 
ttag +25 ////; 
ttag +26 ////; 
ttag +27 ////; 
ttag +28 ////; 
ttag +29 ////; 
ttag +30 ////; 
ttag +31 ////; 
ttag +32 ////; 
ttag +33 ////; 
ttag +34 ////; 
ttag +35 ////; 
ttag +36 ////; 
ttag +37 ////; 
ttag +38 ////; 
ttag +39 ////; 
ttag +40 ////; 
ttag +41 ////; 
ttag +42 ////; 
ttag +43 ////; 
ttag +44 ////; 
ttag +45 ////; 
ttag +46 ////; 
ttag +47 ////; 
ttag +48 ////; 
ttag +49 1/[18]/?/?/?; 
ttag +50 16/[4]/?/?/?; 
ttag +51 100/100/100/100/100; 
ttag +52 100/100/100/100/99; 
ttag +53 81/77/60/74/64; 
ttag +54 62/49/55/62/46; 
ttag +55 35/4/2/9/?; 
ttag +56 96/96/88/94/89; 
ttag +57 30/[9]/?/?/?; 
ttag +58 98/98/96/98/94; 
ttag +59 54/28/14/11/9; 
ttag +60 97/96/95/99/92; 
ttag +61 100/100/99/100/98; 
ttag +62 100/100/99/100/100; 
ttag +63 100/100/97/100/98; 
ttag +64 24/[26]/?/?/?; 
ttag +65 48/31/24/32/29; 
ttag +66 31/14/10/16/17; 
ttag +67 96/95/90/97/97; 
ttag +68 96/96/87/96/96; 
ttag +69 100/100/99/99/100; 
ttag +70 98/97/91/98/96; 
ttag +71 100/100/99/100/99; 
ttag +72 100/100/97/99/98; 
ttag +73 99/98/97/99/98; 
ttag +74 100/100/98/98/100; 
ttag +75 96/95/88/96/91; 
ttag +76 58/40/41/36/38; 
ttag +77 56/36/33/36/35; 
ttag +78 100/100/100/100/100; 
ttag +79 98/98/95/99/98; 
ttag +80 64/53/36/50/40; 
ttag +81 97/97/96/97/93; 
ttag +82 73/65/58/73/65; 
ttag +83 100/100/100/100/100; 
ttag +84 64/57/46/63/52; 
ttag +85 100/100/100/100/99; 
ttag +86 100/100/99/100/100; 
ttag +87 50/39/24/34/26; 
ttag +88 31/9/7/4/9; 
ttag +89 99/99/90/99/92; 
ttag +90 27/[5]/5/?/4; 
ttag +91 99/99/99/100/98; 
ttag +92 90/89/86/92/82; 
ttag +93 79/70/67/74/65; 
ttag +94 95/95/91/95/94; 
