tread
'Tree with tags' 
(0 (1 ((2 3 )(((4 5 )(6 7 ))(9 (8 (10 (11 12 ))))))(13 14 )(17 (15 16 )(18 (19 ((20 21 )((22 23 )(24 25 ))))))((26 (27 (28 (29 30 ))))((31 (((32 33 )(36 (37 38 )))(34 35 )))(39 ((40 41 )(42 (43 ((44 45 )(46 47 )))))))))); 
ttag *!; 
ttag +49 ???; 
ttag +50 9; 
ttag +51 5; 
ttag +52 4; 
ttag +53 5; 
ttag +54 2; 
ttag +55 6; 
ttag +56 1; 
ttag +57 3; 
ttag +58 2; 
ttag +59 8; 
ttag +60 6; 
ttag +61 8; 
ttag +62 4; 
ttag +63 6; 
ttag +64 1; 
ttag +65 11; 
ttag +66 5; 
ttag +67 8; 
ttag +68 6; 
ttag +69 1; 
ttag +70 5; 
ttag +71 6; 
ttag +72 9; 
ttag +73 6; 
ttag +74 8; 
ttag +75 2; 
ttag +76 1; 
ttag +77 3; 
ttag +78 2; 
ttag +79 6; 
ttag +80 2; 
ttag +81 4; 
ttag +82 4; 
ttag +83 1; 
ttag +84 4; 
ttag +85 5; 
ttag +86 10; 
ttag +87 5; 
ttag +88 12; 
ttag +89 5; 
ttag +90 1; 
tread
'Tree with tags' 
(0 (1 (((((2 3 )(((4 5 )(6 7 ))(9 (8 (10 (11 12 ))))))(13 14 ))((26 (27 (28 (29 30 ))))((31 (((32 33 )(36 (37 38 )))(34 35 )))(39 ((40 41 )(42 (43 ((44 45 )(46 47 )))))))))((17 (15 16 ))(18 (19 ((20 21 )((22 23 )(24 25 ))))))))); 
ttag *!; 
ttag +0 ////; 
ttag +1 ////; 
ttag +2 ////; 
ttag +3 ////; 
ttag +4 ////; 
ttag +5 ////; 
ttag +6 ////; 
ttag +7 ////; 
ttag +8 ////; 
ttag +9 ////; 
ttag +10 ////; 
ttag +11 ////; 
ttag +12 ////; 
ttag +13 ////; 
ttag +14 ////; 
ttag +15 ////; 
ttag +16 ////; 
ttag +17 ////; 
ttag +18 ////; 
ttag +19 ////; 
ttag +20 ////; 
ttag +21 ////; 
ttag +22 ////; 
ttag +23 ////; 
ttag +24 ////; 
ttag +25 ////; 
ttag +26 ////; 
ttag +27 ////; 
ttag +28 ////; 
ttag +29 ////; 
ttag +30 ////; 
ttag +31 ////; 
ttag +32 ////; 
ttag +33 ////; 
ttag +34 ////; 
ttag +35 ////; 
ttag +36 ////; 
ttag +37 ////; 
ttag +38 ////; 
ttag +39 ////; 
ttag +40 ////; 
ttag +41 ////; 
ttag +42 ////; 
ttag +43 ////; 
ttag +44 ////; 
ttag +45 ////; 
ttag +46 ////; 
ttag +47 ////; 
ttag +48 ////; 
ttag +49 100/100/100/100/100; 
ttag +50 100/100/99/100/100; 
ttag +51 99/99/96/96/96; 
ttag +52 26/[1]/?/5/0; 
ttag +53 10/[4]/?/?/?; 
ttag +54 23/10/?/1/?; 
ttag +55 97/96/92/96/93; 
ttag +56 92/88/84/91/84; 
ttag +57 69/58/54/62/54; 
ttag +58 91/89/82/91/84; 
ttag +59 37/22/5/24/12; 
ttag +60 77/71/54/75/53; 
ttag +61 66/57/39/56/32; 
ttag +62 100/100/99/100/100; 
ttag +63 98/98/97/99/98; 
ttag +64 100/100/100/100/100; 
ttag +65 28/[4]/?/?/?; 
ttag +66 94/92/79/90/84; 
ttag +67 99/99/97/98/97; 
ttag +68 70/69/60/57/57; 
ttag +69 100/100/100/100/100; 
ttag +70 97/97/84/94/88; 
ttag +71 100/100/99/100/100; 
ttag +72 100/100/93/99/95; 
ttag +73 54/36/24/33/28; 
ttag +74 99/99/95/99/98; 
ttag +75 99/99/96/98/98; 
ttag +76 100/100/99/100/100; 
ttag +77 99/99/100/100/99; 
ttag +78 99/99/98/100/100; 
ttag +79 80/73/71/80/75; 
ttag +80 56/40/38/40/30; 
ttag +81 84/77/69/74/62; 
ttag +82 77/72/61/75/69; 
ttag +83 98/97/97/96/94; 
ttag +84 84/81/71/75/63; 
ttag +85 96/95/88/95/92; 
ttag +86 90/87/75/83/75; 
ttag +87 68/61/54/52/43; 
ttag +88 98/97/92/96/90; 
ttag +89 94/93/83/94/88; 
ttag +90 99/99/97/100/99; 
ttag +91 97/96/93/97/92; 
ttag +92 100/100/99/100/100; 
ttag +93 97/96/91/97/89; 
ttag +94 55/36/31/39/31; 
