tread
'Tree with tags' 
(0 ((1 ((17 ((15 16 )(18 19 ((20 21 )((22 23 )(24 25 ))))))((26 (27 (28 (29 30 ))))((31 ((32 33 )(34 35 )(36 (37 38 ))))(39 ((40 41 )(42 (43 (44 45 )(46 47 )))))))))(((2 3 )(8 9 ((4 5 )(6 7 ))(10 (11 12 ))))(13 14 )))); 
ttag *!; 
ttag +49 1; 
ttag +50 ???; 
ttag +51 8; 
ttag +52 5; 
ttag +53 1; 
ttag +54 6; 
ttag +55 7; 
ttag +56 2; 
ttag +57 2; 
ttag +58 4; 
ttag +59 12; 
ttag +60 8; 
ttag +61 9; 
ttag +62 1; 
ttag +63 8; 
ttag +64 2; 
ttag +65 4; 
ttag +66 12; 
ttag +67 4; 
ttag +68 8; 
ttag +69 3; 
ttag +70 9; 
ttag +71 6; 
ttag +72 4; 
ttag +73 4; 
ttag +74 8; 
ttag +75 8; 
ttag +76 7; 
ttag +77 8; 
ttag +78 2; 
ttag +79 3; 
ttag +80 1; 
ttag +81 12; 
ttag +82 7; 
ttag +83 1; 
ttag +84 2; 
ttag +85 1; 
ttag +86 7; 
ttag +87 3; 
ttag +88 1; 
ttag +89 1; 
tread
'Tree with tags' 
(0 ((1 ((17 ((15 16 )(18 (19 ((20 21 )((22 23 )(24 25 )))))))((26 (27 (28 (29 30 ))))((31 (((32 33 )(36 (37 38 )))(34 35 )))(39 ((40 41 )(42 (43 ((44 45 )(46 47 ))))))))))(((2 3 )((9 (8 ((4 5 )(6 7 ))))(10 (11 12 ))))(13 14 )))); 
ttag *!; 
ttag +0 ////; 
ttag +1 ////; 
ttag +2 ////; 
ttag +3 ////; 
ttag +4 ////; 
ttag +5 ////; 
ttag +6 ////; 
ttag +7 ////; 
ttag +8 ////; 
ttag +9 ////; 
ttag +10 ////; 
ttag +11 ////; 
ttag +12 ////; 
ttag +13 ////; 
ttag +14 ////; 
ttag +15 ////; 
ttag +16 ////; 
ttag +17 ////; 
ttag +18 ////; 
ttag +19 ////; 
ttag +20 ////; 
ttag +21 ////; 
ttag +22 ////; 
ttag +23 ////; 
ttag +24 ////; 
ttag +25 ////; 
ttag +26 ////; 
ttag +27 ////; 
ttag +28 ////; 
ttag +29 ////; 
ttag +30 ////; 
ttag +31 ////; 
ttag +32 ////; 
ttag +33 ////; 
ttag +34 ////; 
ttag +35 ////; 
ttag +36 ////; 
ttag +37 ////; 
ttag +38 ////; 
ttag +39 ////; 
ttag +40 ////; 
ttag +41 ////; 
ttag +42 ////; 
ttag +43 ////; 
ttag +44 ////; 
ttag +45 ////; 
ttag +46 ////; 
ttag +47 ////; 
ttag +48 ////; 
ttag +49 20/8/0/14/?; 
ttag +50 100/100/100/100/100; 
ttag +51 99/98/98/100/99; 
ttag +52 90/89/72/87/75; 
ttag +53 22/10/3/18/?; 
ttag +54 97/97/92/97/89; 
ttag +55 98/97/91/98/88; 
ttag +56 19/[3]/5/?/1; 
ttag +57 32/10/11/15/12; 
ttag +58 65/54/46/60/50; 
ttag +59 71/54/44/57/43; 
ttag +60 93/92/81/91/78; 
ttag +61 100/100/99/100/99; 
ttag +62 99/99/98/100/98; 
ttag +63 100/100/100/99/100; 
ttag +64 55/30/14/18/4; 
ttag +65 98/98/94/98/94; 
ttag +66 30/13/11/22/1; 
ttag +67 92/90/81/88/78; 
ttag +68 32/[2]/?/?/?; 
ttag +69 100/100/100/100/100; 
ttag +70 91/90/88/94/82; 
ttag +71 99/99/98/99/98; 
ttag +72 90/88/81/86/85; 
ttag +73 100/100/99/100/99; 
ttag +74 98/98/92/98/93; 
ttag +75 75/71/48/78/54; 
ttag +76 88/84/71/86/72; 
ttag +77 99/99/99/99/97; 
ttag +78 100/100/100/100/100; 
ttag +79 98/98/95/100/96; 
ttag +80 98/97/92/97/87; 
ttag +81 78/74/68/76/68; 
ttag +82 28/[11]/?/?/?; 
ttag +83 84/79/68/80/66; 
ttag +84 62/54/48/54/55; 
ttag +85 100/100/100/100/99; 
ttag +86 99/99/99/99/99; 
ttag +87 39/20/20/22/13; 
ttag +88 86/83/68/82/65; 
ttag +89 67/48/44/44/38; 
ttag +90 97/97/94/100/96; 
ttag +91 78/64/61/66/52; 
ttag +92 60/40/34/33/13; 
ttag +93 29/6/2/4/?; 
ttag +94 64/44/40/41/22; 
