tread
'Tree with tags' 
(0 ((1 ((17 (15 16 ))(18 (19 ((20 21 )((22 23 )(24 25 )))))))(((2 3 )((((4 5 )(6 7 ))(8 9 ))(10 (11 12 ))))(13 14 ))((26 (27 28 (29 30 )))((31 ((32 33 )(34 35 )(36 (37 38 ))))(39 ((40 41 )(42 (43 ((44 45 )(46 47 )))))))))); 
ttag *!; 
ttag +49 1; 
ttag +50 ???; 
ttag +51 4; 
ttag +52 10; 
ttag +53 1; 
ttag +54 4; 
ttag +55 5; 
ttag +56 1; 
ttag +57 8; 
ttag +58 1; 
ttag +59 4; 
ttag +60 5; 
ttag +61 8; 
ttag +62 10; 
ttag +63 12; 
ttag +64 1; 
ttag +65 1; 
ttag +66 7; 
ttag +67 2; 
ttag +68 6; 
ttag +69 7; 
ttag +70 5; 
ttag +71 6; 
ttag +72 2; 
ttag +73 7; 
ttag +74 7; 
ttag +75 6; 
ttag +76 7; 
ttag +77 7; 
ttag +78 6; 
ttag +79 7; 
ttag +80 2; 
ttag +81 2; 
ttag +82 12; 
ttag +83 3; 
ttag +84 2; 
ttag +85 4; 
ttag +86 6; 
ttag +87 5; 
ttag +88 1; 
ttag +89 2; 
ttag +90 9; 
ttag +91 6; 
tread
'Tree with tags' 
(0 (((1 ((17 (15 16 ))(18 (19 ((20 21 )((22 23 )(24 25 )))))))((26 (27 (28 (29 30 ))))((31 ((32 33 )((34 35 )(36 (37 38 )))))(39 ((40 41 )(42 (43 ((44 45 )(46 47 )))))))))(((2 3 )((((4 5 )(6 7 ))(8 9 ))(10 (11 12 ))))(13 14 )))); 
ttag *!; 
ttag +0 ////; 
ttag +1 ////; 
ttag +2 ////; 
ttag +3 ////; 
ttag +4 ////; 
ttag +5 ////; 
ttag +6 ////; 
ttag +7 ////; 
ttag +8 ////; 
ttag +9 ////; 
ttag +10 ////; 
ttag +11 ////; 
ttag +12 ////; 
ttag +13 ////; 
ttag +14 ////; 
ttag +15 ////; 
ttag +16 ////; 
ttag +17 ////; 
ttag +18 ////; 
ttag +19 ////; 
ttag +20 ////; 
ttag +21 ////; 
ttag +22 ////; 
ttag +23 ////; 
ttag +24 ////; 
ttag +25 ////; 
ttag +26 ////; 
ttag +27 ////; 
ttag +28 ////; 
ttag +29 ////; 
ttag +30 ////; 
ttag +31 ////; 
ttag +32 ////; 
ttag +33 ////; 
ttag +34 ////; 
ttag +35 ////; 
ttag +36 ////; 
ttag +37 ////; 
ttag +38 ////; 
ttag +39 ////; 
ttag +40 ////; 
ttag +41 ////; 
ttag +42 ////; 
ttag +43 ////; 
ttag +44 ////; 
ttag +45 ////; 
ttag +46 ////; 
ttag +47 ////; 
ttag +48 ////; 
ttag +49 15/[8]/?/?/?; 
ttag +50 11/[17]/?/?/?; 
ttag +51 100/100/100/100/100; 
ttag +52 92/90/89/91/86; 
ttag +53 99/99/99/100/98; 
ttag +54 35/20/10/12/9; 
ttag +55 96/95/90/97/95; 
ttag +56 94/92/81/93/82; 
ttag +57 42/32/17/30/25; 
ttag +58 97/97/90/97/92; 
ttag +59 62/48/31/40/27; 
ttag +60 95/91/84/93/87; 
ttag +61 98/98/92/96/90; 
ttag +62 98/98/97/100/98; 
ttag +63 100/100/100/100/100; 
ttag +64 100/100/99/100/98; 
ttag +65 38/5/?/?/?; 
ttag +66 61/52/37/46/44; 
ttag +67 99/99/93/98/97; 
ttag +68 66/54/43/54/48; 
ttag +69 98/98/98/99/99; 
ttag +70 98/97/88/96/91; 
ttag +71 94/93/90/98/92; 
ttag +72 99/99/98/100/98; 
ttag +73 68/51/40/56/45; 
ttag +74 100/100/100/100/100; 
ttag +75 97/96/95/99/93; 
ttag +76 98/96/93/97/96; 
ttag +77 41/4/6/?/?; 
ttag +78 99/99/98/100/99; 
ttag +79 99/98/95/99/98; 
ttag +80 91/90/80/92/78; 
ttag +81 100/100/100/100/100; 
ttag +82 80/77/75/76/74; 
ttag +83 75/69/63/75/64; 
ttag +84 26/0/?/?/1; 
ttag +85 100/100/100/100/100; 
ttag +86 97/97/95/96/91; 
ttag +87 84/83/70/84/70; 
ttag +88 89/86/84/91/87; 
ttag +89 93/91/83/94/80; 
ttag +90 93/92/79/92/86; 
ttag +91 60/42/35/35/44; 
ttag +92 71/53/57/67/55; 
ttag +93 99/99/100/100/99; 
ttag +94 99/99/99/99/99; 
