tread
'Tree with tags' 
(0 ((1 ((2 3 )(9 (8 (((4 5 )(6 7 ))(10 (11 12 )))))))((13 14 )((15 16 )(17 (18 (19 ((20 21 )((22 23 )(24 25 )))))))((26 (27 (28 (29 30 ))))(39 (31 ((32 33 )(34 35 )(36 (37 38 ))))((40 41 )(43 (42 ((44 45 )(46 47 )))))))))); 
ttag *!; 
ttag +49 2; 
ttag +50 ???; 
ttag +51 5; 
ttag +52 10; 
ttag +53 5; 
ttag +54 8; 
ttag +55 1; 
ttag +56 1; 
ttag +57 3; 
ttag +58 1; 
ttag +59 4; 
ttag +60 7; 
ttag +61 3; 
ttag +62 2; 
ttag +63 8; 
ttag +64 4; 
ttag +65 3; 
ttag +66 3; 
ttag +67 2; 
ttag +68 8; 
ttag +69 4; 
ttag +70 10; 
ttag +71 8; 
ttag +72 4; 
ttag +73 3; 
ttag +74 8; 
ttag +75 3; 
ttag +76 3; 
ttag +77 8; 
ttag +78 5; 
ttag +79 6; 
ttag +80 5; 
ttag +81 3; 
ttag +82 1; 
ttag +83 9; 
ttag +84 8; 
ttag +85 1; 
ttag +86 11; 
ttag +87 1; 
ttag +88 8; 
ttag +89 3; 
ttag +90 6; 
ttag +91 6; 
tread
'Tree with tags' 
(0 ((1 ((2 3 )(9 (8 (((4 5 )(6 7 ))(10 (11 12 )))))))(((13 14 )((26 (27 (28 (29 30 ))))(39 ((31 (((32 33 )(34 35 ))(36 (37 38 ))))((40 41 )(43 (42 ((44 45 )(46 47 )))))))))((15 16 )(17 (18 (19 ((20 21 )((22 23 )(24 25 )))))))))); 
ttag *!; 
ttag +0 ////; 
ttag +1 ////; 
ttag +2 ////; 
ttag +3 ////; 
ttag +4 ////; 
ttag +5 ////; 
ttag +6 ////; 
ttag +7 ////; 
ttag +8 ////; 
ttag +9 ////; 
ttag +10 ////; 
ttag +11 ////; 
ttag +12 ////; 
ttag +13 ////; 
ttag +14 ////; 
ttag +15 ////; 
ttag +16 ////; 
ttag +17 ////; 
ttag +18 ////; 
ttag +19 ////; 
ttag +20 ////; 
ttag +21 ////; 
ttag +22 ////; 
ttag +23 ////; 
ttag +24 ////; 
ttag +25 ////; 
ttag +26 ////; 
ttag +27 ////; 
ttag +28 ////; 
ttag +29 ////; 
ttag +30 ////; 
ttag +31 ////; 
ttag +32 ////; 
ttag +33 ////; 
ttag +34 ////; 
ttag +35 ////; 
ttag +36 ////; 
ttag +37 ////; 
ttag +38 ////; 
ttag +39 ////; 
ttag +40 ////; 
ttag +41 ////; 
ttag +42 ////; 
ttag +43 ////; 
ttag +44 ////; 
ttag +45 ////; 
ttag +46 ////; 
ttag +47 ////; 
ttag +48 ////; 
ttag +49 77/65/45/72/50; 
ttag +50 100/100/100/100/100; 
ttag +51 95/92/94/98/95; 
ttag +52 99/99/97/99/99; 
ttag +53 98/98/90/96/92; 
ttag +54 97/96/94/98/94; 
ttag +55 38/10/2/16/11; 
ttag +56 36/[17]/?/?/?; 
ttag +57 76/70/63/81/60; 
ttag +58 52/25/34/21/33; 
ttag +59 97/96/84/94/88; 
ttag +60 99/99/100/100/98; 
ttag +61 93/92/80/92/88; 
ttag +62 38/[6]/2/?/?; 
ttag +63 69/62/49/57/54; 
ttag +64 99/99/99/99/98; 
ttag +65 94/93/90/96/90; 
ttag +66 79/74/63/76/61; 
ttag +67 92/91/84/90/85; 
ttag +68 69/58/64/66/60; 
ttag +69 100/100/100/100/100; 
ttag +70 82/76/82/83/73; 
ttag +71 100/100/100/100/100; 
ttag +72 100/100/98/100/97; 
ttag +73 98/97/98/98/98; 
ttag +74 89/85/79/84/71; 
ttag +75 99/99/94/99/97; 
ttag +76 88/85/77/82/71; 
ttag +77 81/79/76/86/72; 
ttag +78 100/100/98/100/97; 
ttag +79 97/96/94/98/94; 
ttag +80 32/0/4/6/7; 
ttag +81 97/96/88/98/94; 
ttag +82 96/94/91/95/90; 
ttag +83 22/1/?/?/?; 
ttag +84 93/92/82/92/85; 
ttag +85 69/62/61/63/56; 
ttag +86 100/100/98/99/99; 
ttag +87 100/100/98/100/98; 
ttag +88 58/32/16/23/26; 
ttag +89 100/100/100/100/100; 
ttag +90 78/76/71/78/68; 
ttag +91 99/99/98/100/98; 
ttag +92 89/84/82/84/67; 
ttag +93 98/98/92/99/96; 
ttag +94 97/97/91/99/93; 
