tread
'Tree with tags' 
(0 (1 ((2 3 )((4 5 )(6 7 ))(8 (9 (10 (11 12 )))))((13 14 )((26 (27 (28 (29 30 ))))((31 (((32 33 )(36 (37 38 )))(34 35 )))(39 (41 (40 (42 43 ((44 45 )(46 47 )))))))))((15 16 )(17 (18 (19 ((20 21 )((22 23 )(24 25 ))))))))); 
ttag *!; 
ttag +49 ???; 
ttag +50 7; 
ttag +51 6; 
ttag +52 7; 
ttag +53 1; 
ttag +54 3; 
ttag +55 1; 
ttag +56 1; 
ttag +57 5; 
ttag +58 10; 
ttag +59 8; 
ttag +60 1; 
ttag +61 13; 
ttag +62 4; 
ttag +63 1; 
ttag +64 6; 
ttag +65 1; 
ttag +66 1; 
ttag +67 6; 
ttag +68 6; 
ttag +69 2; 
ttag +70 4; 
ttag +71 4; 
ttag +72 7; 
ttag +73 2; 
ttag +74 3; 
ttag +75 9; 
ttag +76 6; 
ttag +77 7; 
ttag +78 4; 
ttag +79 2; 
ttag +80 4; 
ttag +81 4; 
ttag +82 10; 
ttag +83 8; 
ttag +84 3; 
ttag +85 2; 
ttag +86 7; 
ttag +87 11; 
ttag +88 6; 
ttag +89 2; 
ttag +90 4; 
tread
'Tree with tags' 
(0 (1 ((((2 3 )(8 (9 (10 (11 12 )))))((4 5 )(6 7 )))(((13 14 )((26 (27 (28 (29 30 ))))((31 (((32 33 )(36 (37 38 )))(34 35 )))(39 (41 (40 (42 (43 ((44 45 )(46 47 ))))))))))((15 16 )(17 (18 (19 ((20 21 )((22 23 )(24 25 ))))))))))); 
ttag *!; 
ttag +0 ////; 
ttag +1 ////; 
ttag +2 ////; 
ttag +3 ////; 
ttag +4 ////; 
ttag +5 ////; 
ttag +6 ////; 
ttag +7 ////; 
ttag +8 ////; 
ttag +9 ////; 
ttag +10 ////; 
ttag +11 ////; 
ttag +12 ////; 
ttag +13 ////; 
ttag +14 ////; 
ttag +15 ////; 
ttag +16 ////; 
ttag +17 ////; 
ttag +18 ////; 
ttag +19 ////; 
ttag +20 ////; 
ttag +21 ////; 
ttag +22 ////; 
ttag +23 ////; 
ttag +24 ////; 
ttag +25 ////; 
ttag +26 ////; 
ttag +27 ////; 
ttag +28 ////; 
ttag +29 ////; 
ttag +30 ////; 
ttag +31 ////; 
ttag +32 ////; 
ttag +33 ////; 
ttag +34 ////; 
ttag +35 ////; 
ttag +36 ////; 
ttag +37 ////; 
ttag +38 ////; 
ttag +39 ////; 
ttag +40 ////; 
ttag +41 ////; 
ttag +42 ////; 
ttag +43 ////; 
ttag +44 ////; 
ttag +45 ////; 
ttag +46 ////; 
ttag +47 ////; 
ttag +48 ////; 
ttag +49 100/100/100/100/100; 
ttag +50 98/98/99/100/100; 
ttag +51 22/[16]/?/?/?; 
ttag +52 99/99/95/98/97; 
ttag +53 30/5/?/4/?; 
ttag +54 100/100/100/100/99; 
ttag +55 71/61/51/56/50; 
ttag +56 86/81/79/87/76; 
ttag +57 71/67/55/56/53; 
ttag +58 46/38/22/41/26; 
ttag +59 92/89/77/91/74; 
ttag +60 100/100/100/100/100; 
ttag +61 99/99/100/100/98; 
ttag +62 47/35/26/44/33; 
ttag +63 47/36/33/34/37; 
ttag +64 100/100/100/100/100; 
ttag +65 80/68/56/78/58; 
ttag +66 40/10/10/14/14; 
ttag +67 90/88/81/90/76; 
ttag +68 65/54/36/51/37; 
ttag +69 79/73/63/60/72; 
ttag +70 93/91/81/91/84; 
ttag +71 97/97/96/99/96; 
ttag +72 65/57/53/64/46; 
ttag +73 87/84/74/87/82; 
ttag +74 93/92/83/92/80; 
ttag +75 98/98/96/99/96; 
ttag +76 86/82/77/79/68; 
ttag +77 83/76/69/82/73; 
ttag +78 100/100/100/100/100; 
ttag +79 99/99/97/99/95; 
ttag +80 97/97/96/98/94; 
ttag +81 92/90/79/91/81; 
ttag +82 80/79/69/79/64; 
ttag +83 93/93/82/88/80; 
ttag +84 94/93/92/94/88; 
ttag +85 100/100/99/99/95; 
ttag +86 99/99/96/98/96; 
ttag +87 91/89/74/89/82; 
ttag +88 75/66/56/76/54; 
ttag +89 98/98/94/98/95; 
ttag +90 100/100/100/100/100; 
ttag +91 29/[8]/?/?/?; 
ttag +92 98/98/99/97/99; 
ttag +93 80/71/66/79/64; 
ttag +94 94/94/80/94/82; 
