tread
'Tree with tags' 
(0 (1 ((2 3 )(((4 5 )(6 7 ))(8 9 10 (11 12 ))))((13 14 )(17 18 (15 16 )(19 ((20 21 )((22 23 )(24 25 )))))((26 (27 (28 (29 30 ))))((31 (((32 33 )(36 (37 38 )))(34 35 )))(39 ((40 41 )(42 43 ((44 45 )(46 47 )))))))))); 
ttag *!; 
ttag +49 ???; 
ttag +50 9; 
ttag +51 6; 
ttag +52 10; 
ttag +53 5; 
ttag +54 1; 
ttag +55 2; 
ttag +56 2; 
ttag +57 9; 
ttag +58 9; 
ttag +59 2; 
ttag +60 7; 
ttag +61 2; 
ttag +62 4; 
ttag +63 14; 
ttag +64 5; 
ttag +65 9; 
ttag +66 6; 
ttag +67 3; 
ttag +68 3; 
ttag +69 10; 
ttag +70 3; 
ttag +71 5; 
ttag +72 6; 
ttag +73 4; 
ttag +74 7; 
ttag +75 8; 
ttag +76 1; 
ttag +77 3; 
ttag +78 2; 
ttag +79 8; 
ttag +80 11; 
ttag +81 1; 
ttag +82 2; 
ttag +83 5; 
ttag +84 9; 
ttag +85 1; 
ttag +86 2; 
ttag +87 7; 
tread
'Tree with tags' 
(0 ((1 (((13 14 )((26 (27 (28 (29 30 ))))((31 (((32 33 )(36 (37 38 )))(34 35 )))(39 ((40 41 )(43 (42 ((44 45 )(46 47 )))))))))(17 ((15 16 )(18 (19 ((20 21 )((22 23 )(24 25 )))))))))((2 3 )(((4 5 )(6 7 ))((10 (8 9 ))(11 12 )))))); 
ttag *!; 
ttag +0 ////; 
ttag +1 ////; 
ttag +2 ////; 
ttag +3 ////; 
ttag +4 ////; 
ttag +5 ////; 
ttag +6 ////; 
ttag +7 ////; 
ttag +8 ////; 
ttag +9 ////; 
ttag +10 ////; 
ttag +11 ////; 
ttag +12 ////; 
ttag +13 ////; 
ttag +14 ////; 
ttag +15 ////; 
ttag +16 ////; 
ttag +17 ////; 
ttag +18 ////; 
ttag +19 ////; 
ttag +20 ////; 
ttag +21 ////; 
ttag +22 ////; 
ttag +23 ////; 
ttag +24 ////; 
ttag +25 ////; 
ttag +26 ////; 
ttag +27 ////; 
ttag +28 ////; 
ttag +29 ////; 
ttag +30 ////; 
ttag +31 ////; 
ttag +32 ////; 
ttag +33 ////; 
ttag +34 ////; 
ttag +35 ////; 
ttag +36 ////; 
ttag +37 ////; 
ttag +38 ////; 
ttag +39 ////; 
ttag +40 ////; 
ttag +41 ////; 
ttag +42 ////; 
ttag +43 ////; 
ttag +44 ////; 
ttag +45 ////; 
ttag +46 ////; 
ttag +47 ////; 
ttag +48 ////; 
ttag +49 36/4/0/2/1; 
ttag +50 100/100/100/100/100; 
ttag +51 99/99/99/99/99; 
ttag +52 98/98/86/95/89; 
ttag +53 100/100/99/100/100; 
ttag +54 97/97/94/94/88; 
ttag +55 56/44/40/53/50; 
ttag +56 86/86/72/81/78; 
ttag +57 46/30/33/21/24; 
ttag +58 28/3/2/?/?; 
ttag +59 52/33/20/34/17; 
ttag +60 99/99/100/100/99; 
ttag +61 100/100/99/99/99; 
ttag +62 12/[48]/?/?/?; 
ttag +63 68/65/48/56/50; 
ttag +64 99/99/98/98/96; 
ttag +65 45/7/11/6/?; 
ttag +66 81/76/65/68/67; 
ttag +67 59/41/33/36/39; 
ttag +68 97/96/89/98/92; 
ttag +69 100/100/100/100/100; 
ttag +70 98/98/90/98/93; 
ttag +71 100/100/100/100/100; 
ttag +72 98/97/90/99/94; 
ttag +73 82/74/67/78/67; 
ttag +74 91/89/82/89/73; 
ttag +75 100/100/97/99/98; 
ttag +76 93/92/88/94/80; 
ttag +77 95/94/87/96/86; 
ttag +78 98/97/95/97/91; 
ttag +79 87/84/78/86/74; 
ttag +80 99/99/96/98/98; 
ttag +81 99/98/100/100/99; 
ttag +82 50/41/37/48/39; 
ttag +83 72/57/44/66/56; 
ttag +84 68/61/57/62/56; 
ttag +85 99/98/98/95/93; 
ttag +86 100/100/100/100/99; 
ttag +87 68/55/50/51/40; 
ttag +88 76/67/60/71/56; 
ttag +89 96/96/92/91/90; 
ttag +90 42/8/?/4/?; 
ttag +91 99/98/98/98/96; 
ttag +92 60/42/36/44/44; 
ttag +93 75/62/59/63/49; 
ttag +94 99/98/99/99/98; 
