tread
'Tree with tags' 
(0 (1 ((((2 3 )((((4 5 )(6 7 ))(10 (11 12 )))(8 9 )))((13 14 )((26 ((31 ((32 33 )(34 35 )(36 (37 38 ))))(39 ((40 41 )(42 (43 ((44 45 )(46 47 ))))))))(27 (28 (29 30 ))))))(17 (18 (15 16 )(19 ((20 21 )((22 23 )(24 25 ))))))))); 
ttag *!; 
ttag +49 ???; 
ttag +50 6; 
ttag +51 6; 
ttag +52 1; 
ttag +53 1; 
ttag +54 3; 
ttag +55 5; 
ttag +56 4; 
ttag +57 7; 
ttag +58 5; 
ttag +59 3; 
ttag +60 5; 
ttag +61 7; 
ttag +62 13; 
ttag +63 1; 
ttag +64 14; 
ttag +65 1; 
ttag +66 6; 
ttag +67 2; 
ttag +68 6; 
ttag +69 11; 
ttag +70 16; 
ttag +71 8; 
ttag +72 3; 
ttag +73 1; 
ttag +74 7; 
ttag +75 6; 
ttag +76 3; 
ttag +77 10; 
ttag +78 6; 
ttag +79 9; 
ttag +80 3; 
ttag +81 1; 
ttag +82 2; 
ttag +83 8; 
ttag +84 13; 
ttag +85 1; 
ttag +86 4; 
ttag +87 13; 
ttag +88 8; 
ttag +89 7; 
ttag +90 4; 
ttag +91 7; 
ttag +92 5; 
tread
'Tree with tags' 
(0 (1 ((((2 3 )((((4 5 )(6 7 ))(10 (11 12 )))(8 9 )))((13 14 )((26 ((31 ((32 33 )((34 35 )(36 (37 38 )))))(39 ((40 41 )(42 (43 ((44 45 )(46 47 ))))))))(27 (28 (29 30 ))))))(17 ((15 16 )(18 (19 ((20 21 )((22 23 )(24 25 )))))))))); 
ttag *!; 
ttag +0 ////; 
ttag +1 ////; 
ttag +2 ////; 
ttag +3 ////; 
ttag +4 ////; 
ttag +5 ////; 
ttag +6 ////; 
ttag +7 ////; 
ttag +8 ////; 
ttag +9 ////; 
ttag +10 ////; 
ttag +11 ////; 
ttag +12 ////; 
ttag +13 ////; 
ttag +14 ////; 
ttag +15 ////; 
ttag +16 ////; 
ttag +17 ////; 
ttag +18 ////; 
ttag +19 ////; 
ttag +20 ////; 
ttag +21 ////; 
ttag +22 ////; 
ttag +23 ////; 
ttag +24 ////; 
ttag +25 ////; 
ttag +26 ////; 
ttag +27 ////; 
ttag +28 ////; 
ttag +29 ////; 
ttag +30 ////; 
ttag +31 ////; 
ttag +32 ////; 
ttag +33 ////; 
ttag +34 ////; 
ttag +35 ////; 
ttag +36 ////; 
ttag +37 ////; 
ttag +38 ////; 
ttag +39 ////; 
ttag +40 ////; 
ttag +41 ////; 
ttag +42 ////; 
ttag +43 ////; 
ttag +44 ////; 
ttag +45 ////; 
ttag +46 ////; 
ttag +47 ////; 
ttag +48 ////; 
ttag +49 100/100/100/100/100; 
ttag +50 99/99/98/99/96; 
ttag +51 93/92/84/96/84; 
ttag +52 41/29/16/24/22; 
ttag +53 38/24/19/15/21; 
ttag +54 90/86/82/86/79; 
ttag +55 92/92/82/96/89; 
ttag +56 89/86/77/91/80; 
ttag +57 99/98/93/100/98; 
ttag +58 96/95/89/95/90; 
ttag +59 83/78/72/82/70; 
ttag +60 96/95/81/96/90; 
ttag +61 100/100/100/100/99; 
ttag +62 100/100/100/100/99; 
ttag +63 57/50/36/44/41; 
ttag +64 100/100/100/100/100; 
ttag +65 52/41/43/42/35; 
ttag +66 96/95/88/96/88; 
ttag +67 43/22/24/18/26; 
ttag +68 74/68/62/72/57; 
ttag +69 99/99/99/100/100; 
ttag +70 99/99/96/100/98; 
ttag +71 100/100/100/100/100; 
ttag +72 99/99/96/100/98; 
ttag +73 86/83/75/88/72; 
ttag +74 62/53/46/58/51; 
ttag +75 96/96/92/97/94; 
ttag +76 98/97/94/98/91; 
ttag +77 82/76/68/82/81; 
ttag +78 100/100/99/100/100; 
ttag +79 98/96/94/99/93; 
ttag +80 97/96/96/99/95; 
ttag +81 86/82/81/87/80; 
ttag +82 47/36/36/48/36; 
ttag +83 84/83/67/82/76; 
ttag +84 20/[7]/?/?/?; 
ttag +85 99/98/97/100/98; 
ttag +86 100/100/100/100/100; 
ttag +87 58/36/34/40/26; 
ttag +88 92/88/86/92/89; 
ttag +89 100/100/100/100/100; 
ttag +90 99/99/99/99/98; 
ttag +91 99/99/98/99/93; 
ttag +92 94/93/86/94/90; 
ttag +93 100/100/93/100/97; 
ttag +94 97/97/90/96/94; 
