tread
'Tree with tags' 
(0 (1 ((2 3 )(8 9 ((4 5 )(6 7 ))(10 (11 12 ))))(13 14 )(17 (15 16 )(18 (19 ((20 21 )((22 23 )(24 25 ))))))((26 27 (28 (29 30 )))(39 (31 ((32 33 )(34 35 )(36 (37 38 ))))((40 41 )(42 (43 ((44 45 )(46 47 ))))))))); 
ttag *!; 
ttag +49 ???; 
ttag +50 5; 
ttag +51 6; 
ttag +52 5; 
ttag +53 5; 
ttag +54 6; 
ttag +55 1; 
ttag +56 7; 
ttag +57 7; 
ttag +58 11; 
ttag +59 11; 
ttag +60 5; 
ttag +61 5; 
ttag +62 4; 
ttag +63 8; 
ttag +64 3; 
ttag +65 15; 
ttag +66 2; 
ttag +67 4; 
ttag +68 4; 
ttag +69 5; 
ttag +70 7; 
ttag +71 10; 
ttag +72 5; 
ttag +73 3; 
ttag +74 7; 
ttag +75 4; 
ttag +76 3; 
ttag +77 10; 
ttag +78 9; 
ttag +79 8; 
ttag +80 5; 
ttag +81 5; 
ttag +82 1; 
ttag +83 3; 
ttag +84 10; 
ttag +85 4; 
tread
'Tree with tags' 
(0 ((1 ((2 3 )((((4 5 )(6 7 ))(8 9 ))(10 (11 12 )))))(((13 14 )(17 ((15 16 )(18 (19 ((20 21 )((22 23 )(24 25 ))))))))((27 (26 (28 (29 30 ))))((39 (31 (((32 33 )(36 (37 38 )))(34 35 ))))((40 41 )(42 (43 ((44 45 )(46 47 )))))))))); 
ttag *!; 
ttag +0 ////; 
ttag +1 ////; 
ttag +2 ////; 
ttag +3 ////; 
ttag +4 ////; 
ttag +5 ////; 
ttag +6 ////; 
ttag +7 ////; 
ttag +8 ////; 
ttag +9 ////; 
ttag +10 ////; 
ttag +11 ////; 
ttag +12 ////; 
ttag +13 ////; 
ttag +14 ////; 
ttag +15 ////; 
ttag +16 ////; 
ttag +17 ////; 
ttag +18 ////; 
ttag +19 ////; 
ttag +20 ////; 
ttag +21 ////; 
ttag +22 ////; 
ttag +23 ////; 
ttag +24 ////; 
ttag +25 ////; 
ttag +26 ////; 
ttag +27 ////; 
ttag +28 ////; 
ttag +29 ////; 
ttag +30 ////; 
ttag +31 ////; 
ttag +32 ////; 
ttag +33 ////; 
ttag +34 ////; 
ttag +35 ////; 
ttag +36 ////; 
ttag +37 ////; 
ttag +38 ////; 
ttag +39 ////; 
ttag +40 ////; 
ttag +41 ////; 
ttag +42 ////; 
ttag +43 ////; 
ttag +44 ////; 
ttag +45 ////; 
ttag +46 ////; 
ttag +47 ////; 
ttag +48 ////; 
ttag +49 34/10/14/16/7; 
ttag +50 100/100/100/100/100; 
ttag +51 100/100/99/99/99; 
ttag +52 98/98/98/100/96; 
ttag +53 98/98/96/96/93; 
ttag +54 86/80/76/86/84; 
ttag +55 6/[27]/?/?/?; 
ttag +56 99/98/94/98/91; 
ttag +57 61/50/42/56/41; 
ttag +58 53/44/38/45/51; 
ttag +59 99/98/97/100/99; 
ttag +60 99/99/99/100/99; 
ttag +61 100/100/100/100/100; 
ttag +62 42/29/20/8/14; 
ttag +63 19/[4]/?/7/?; 
ttag +64 100/100/99/100/100; 
ttag +65 13/[36]/?/?/?; 
ttag +66 97/96/88/95/92; 
ttag +67 89/86/77/94/77; 
ttag +68 95/94/81/96/84; 
ttag +69 100/100/100/100/100; 
ttag +70 86/80/72/78/62; 
ttag +71 100/100/100/100/100; 
ttag +72 67/60/56/70/64; 
ttag +73 93/90/88/92/85; 
ttag +74 41/9/7/15/13; 
ttag +75 97/97/92/93/89; 
ttag +76 98/97/95/98/96; 
ttag +77 100/100/99/100/100; 
ttag +78 100/100/100/100/100; 
ttag +79 97/97/94/98/93; 
ttag +80 14/[7]/2/8/0; 
ttag +81 80/73/61/72/74; 
ttag +82 99/98/96/99/98; 
ttag +83 32/[4]/?/8/11; 
ttag +84 98/98/95/97/94; 
ttag +85 91/90/82/89/80; 
ttag +86 100/100/100/99/99; 
ttag +87 99/99/98/100/98; 
ttag +88 99/99/98/98/98; 
ttag +89 99/99/97/98/99; 
ttag +90 94/91/85/96/87; 
ttag +91 54/44/31/38/20; 
ttag +92 87/84/75/84/80; 
ttag +93 100/100/100/100/100; 
ttag +94 92/90/78/91/77; 
