tread
'Tree with tags' 
(0 ((1 ((2 3 )(9 (8 (((4 5 )(6 7 ))(10 (11 12 )))))))((13 14 )(((15 16 )(17 (18 (19 ((20 21 )((22 23 )(24 25 )))))))((26 (27 (28 (29 30 ))))((39 (31 ((32 33 )(34 35 )(36 (37 38 )))))((40 41 )(42 43 (46 47 (44 45 )))))))))); 
ttag *!; 
ttag +49 2; 
ttag +50 ???; 
ttag +51 8; 
ttag +52 8; 
ttag +53 5; 
ttag +54 9; 
ttag +55 2; 
ttag +56 1; 
ttag +57 6; 
ttag +58 3; 
ttag +59 3; 
ttag +60 7; 
ttag +61 9; 
ttag +62 1; 
ttag +63 9; 
ttag +64 7; 
ttag +65 1; 
ttag +66 3; 
ttag +67 6; 
ttag +68 3; 
ttag +69 9; 
ttag +70 7; 
ttag +71 16; 
ttag +72 1; 
ttag +73 3; 
ttag +74 6; 
ttag +75 7; 
ttag +76 4; 
ttag +77 4; 
ttag +78 6; 
ttag +79 10; 
ttag +80 1; 
ttag +81 8; 
ttag +82 3; 
ttag +83 4; 
ttag +84 4; 
ttag +85 7; 
ttag +86 7; 
ttag +87 2; 
ttag +88 7; 
ttag +89 6; 
ttag +90 5; 
ttag +91 10; 
tread
'Tree with tags' 
(0 ((1 ((2 3 )(9 (8 (((4 5 )(6 7 ))(10 (11 12 )))))))((13 14 )(((15 16 )(17 (18 (19 ((20 21 )((22 23 )(24 25 )))))))((26 (27 (28 (29 30 ))))((39 (31 ((32 33 )((34 35 )(36 (37 38 ))))))((40 41 )(43 (42 (47 (46 (44 45 )))))))))))); 
ttag *!; 
ttag +0 ////; 
ttag +1 ////; 
ttag +2 ////; 
ttag +3 ////; 
ttag +4 ////; 
ttag +5 ////; 
ttag +6 ////; 
ttag +7 ////; 
ttag +8 ////; 
ttag +9 ////; 
ttag +10 ////; 
ttag +11 ////; 
ttag +12 ////; 
ttag +13 ////; 
ttag +14 ////; 
ttag +15 ////; 
ttag +16 ////; 
ttag +17 ////; 
ttag +18 ////; 
ttag +19 ////; 
ttag +20 ////; 
ttag +21 ////; 
ttag +22 ////; 
ttag +23 ////; 
ttag +24 ////; 
ttag +25 ////; 
ttag +26 ////; 
ttag +27 ////; 
ttag +28 ////; 
ttag +29 ////; 
ttag +30 ////; 
ttag +31 ////; 
ttag +32 ////; 
ttag +33 ////; 
ttag +34 ////; 
ttag +35 ////; 
ttag +36 ////; 
ttag +37 ////; 
ttag +38 ////; 
ttag +39 ////; 
ttag +40 ////; 
ttag +41 ////; 
ttag +42 ////; 
ttag +43 ////; 
ttag +44 ////; 
ttag +45 ////; 
ttag +46 ////; 
ttag +47 ////; 
ttag +48 ////; 
ttag +49 64/52/48/56/44; 
ttag +50 100/100/100/100/100; 
ttag +51 100/100/100/100/100; 
ttag +52 98/97/96/99/92; 
ttag +53 94/93/86/96/91; 
ttag +54 100/100/97/100/98; 
ttag +55 56/35/25/40/23; 
ttag +56 40/19/13/22/9; 
ttag +57 96/95/88/97/91; 
ttag +58 88/87/74/91/72; 
ttag +59 85/80/78/83/73; 
ttag +60 98/98/97/99/99; 
ttag +61 100/100/100/100/99; 
ttag +62 48/39/32/40/26; 
ttag +63 100/100/100/100/98; 
ttag +64 99/99/99/99/96; 
ttag +65 53/40/30/36/22; 
ttag +66 85/80/77/85/84; 
ttag +67 95/94/97/96/94; 
ttag +68 97/96/89/94/89; 
ttag +69 100/100/100/99/100; 
ttag +70 98/98/100/99/98; 
ttag +71 100/100/100/100/100; 
ttag +72 61/38/27/32/29; 
ttag +73 83/79/73/80/71; 
ttag +74 96/95/90/98/90; 
ttag +75 98/98/96/98/96; 
ttag +76 92/91/93/96/90; 
ttag +77 92/90/84/89/80; 
ttag +78 100/100/100/99/97; 
ttag +79 100/100/98/100/99; 
ttag +80 76/66/55/63/59; 
ttag +81 100/100/99/100/99; 
ttag +82 92/91/86/91/87; 
ttag +83 92/89/86/88/86; 
ttag +84 97/96/89/96/92; 
ttag +85 33/10/6/9/2; 
ttag +86 99/99/96/100/97; 
ttag +87 99/99/99/100/96; 
ttag +88 89/85/82/82/74; 
ttag +89 100/100/100/99/98; 
ttag +90 41/10/?/?/?; 
ttag +91 98/98/96/97/90; 
ttag +92 96/96/96/95/89; 
ttag +93 28/11/?/?/0; 
ttag +94 99/99/99/100/97; 
