tread
'Tree with tags' 
(0 (1 ((2 3 )((7 (6 (4 5 )))(8 (9 (10 (11 12 ))))))(((13 14 )((15 16 )(17 (18 (19 ((20 21 )((22 23 )(24 25 ))))))))((26 (27 (28 (29 30 ))))(39 (31 (32 33 )(34 35 )(36 (37 38 )))((40 41 )(42 (43 (46 47 (44 45 )))))))))); 
ttag *!; 
ttag +49 ???; 
ttag +50 6; 
ttag +51 8; 
ttag +52 6; 
ttag +53 1; 
ttag +54 9; 
ttag +55 2; 
ttag +56 2; 
ttag +57 2; 
ttag +58 9; 
ttag +59 5; 
ttag +60 7; 
ttag +61 2; 
ttag +62 2; 
ttag +63 7; 
ttag +64 4; 
ttag +65 5; 
ttag +66 8; 
ttag +67 4; 
ttag +68 12; 
ttag +69 5; 
ttag +70 15; 
ttag +71 6; 
ttag +72 6; 
ttag +73 6; 
ttag +74 5; 
ttag +75 2; 
ttag +76 6; 
ttag +77 13; 
ttag +78 8; 
ttag +79 3; 
ttag +80 6; 
ttag +81 1; 
ttag +82 6; 
ttag +83 2; 
ttag +84 4; 
ttag +85 2; 
ttag +86 8; 
ttag +87 2; 
ttag +88 6; 
ttag +89 2; 
tread
'Tree with tags' 
(0 ((1 ((2 3 )((7 (6 (4 5 )))(8 (9 (10 (11 12 )))))))(((13 14 )((15 16 )(17 (18 (19 ((20 21 )((22 23 )(24 25 ))))))))((26 (27 (28 (29 30 ))))((39 ((31 (32 33 ))((34 35 )(36 (37 38 )))))((40 41 )(42 (43 (46 (47 (44 45 ))))))))))); 
ttag *!; 
ttag +0 ////; 
ttag +1 ////; 
ttag +2 ////; 
ttag +3 ////; 
ttag +4 ////; 
ttag +5 ////; 
ttag +6 ////; 
ttag +7 ////; 
ttag +8 ////; 
ttag +9 ////; 
ttag +10 ////; 
ttag +11 ////; 
ttag +12 ////; 
ttag +13 ////; 
ttag +14 ////; 
ttag +15 ////; 
ttag +16 ////; 
ttag +17 ////; 
ttag +18 ////; 
ttag +19 ////; 
ttag +20 ////; 
ttag +21 ////; 
ttag +22 ////; 
ttag +23 ////; 
ttag +24 ////; 
ttag +25 ////; 
ttag +26 ////; 
ttag +27 ////; 
ttag +28 ////; 
ttag +29 ////; 
ttag +30 ////; 
ttag +31 ////; 
ttag +32 ////; 
ttag +33 ////; 
ttag +34 ////; 
ttag +35 ////; 
ttag +36 ////; 
ttag +37 ////; 
ttag +38 ////; 
ttag +39 ////; 
ttag +40 ////; 
ttag +41 ////; 
ttag +42 ////; 
ttag +43 ////; 
ttag +44 ////; 
ttag +45 ////; 
ttag +46 ////; 
ttag +47 ////; 
ttag +48 ////; 
ttag +49 20/0/0/3/0; 
ttag +50 100/100/100/100/100; 
ttag +51 99/98/95/98/96; 
ttag +52 98/97/93/98/95; 
ttag +53 99/99/99/99/98; 
ttag +54 35/16/12/27/6; 
ttag +55 100/100/99/99/99; 
ttag +56 62/45/44/58/41; 
ttag +57 58/38/35/52/34; 
ttag +58 68/60/56/62/48; 
ttag +59 98/98/96/99/96; 
ttag +60 96/95/84/95/85; 
ttag +61 99/98/97/98/97; 
ttag +62 62/53/28/50/30; 
ttag +63 53/44/21/50/23; 
ttag +64 99/99/97/99/99; 
ttag +65 90/86/76/89/83; 
ttag +66 98/98/94/96/96; 
ttag +67 99/99/98/100/98; 
ttag +68 97/96/96/96/93; 
ttag +69 100/100/100/100/100; 
ttag +70 96/95/92/94/89; 
ttag +71 100/100/100/100/100; 
ttag +72 98/98/94/98/94; 
ttag +73 98/98/97/98/94; 
ttag +74 96/96/92/96/88; 
ttag +75 97/96/86/98/88; 
ttag +76 84/80/78/84/70; 
ttag +77 99/99/96/99/96; 
ttag +78 100/100/100/100/100; 
ttag +79 20/[34]/?/?/?; 
ttag +80 99/99/98/99/99; 
ttag +81 40/7/?/?/8; 
ttag +82 87/82/78/83/82; 
ttag +83 98/97/94/98/95; 
ttag +84 64/50/52/56/58; 
ttag +85 0/[13]/?/?/?; 
ttag +86 94/91/84/94/85; 
ttag +87 89/83/71/85/80; 
ttag +88 94/91/83/94/90; 
ttag +89 86/78/71/74/72; 
ttag +90 100/100/99/100/100; 
ttag +91 67/46/43/53/39; 
ttag +92 98/97/93/96/96; 
ttag +93 18/[15]/?/?/?; 
ttag +94 61/51/48/56/49; 
