tread
'Tree with tags' 
(0 (1 ((9 (2 3 ))((4 5 )(6 7 ))(8 (10 (11 12 ))))(13 14 )(17 ((15 16 )(18 (19 ((20 21 )((22 23 )(24 25 )))))))((26 (27 (28 (29 30 ))))(39 (31 (((32 33 )(36 (37 38 )))(34 35 )))(40 41 (42 43 (46 47 (44 45 )))))))); 
ttag *!; 
ttag +49 ???; 
ttag +50 8; 
ttag +51 2; 
ttag +52 9; 
ttag +53 6; 
ttag +54 7; 
ttag +55 1; 
ttag +56 1; 
ttag +57 6; 
ttag +58 5; 
ttag +59 12; 
ttag +60 9; 
ttag +61 1; 
ttag +62 3; 
ttag +63 5; 
ttag +64 1; 
ttag +65 8; 
ttag +66 6; 
ttag +67 9; 
ttag +68 7; 
ttag +69 5; 
ttag +70 3; 
ttag +71 6; 
ttag +72 2; 
ttag +73 3; 
ttag +74 9; 
ttag +75 5; 
ttag +76 7; 
ttag +77 13; 
ttag +78 1; 
ttag +79 5; 
ttag +80 3; 
ttag +81 5; 
ttag +82 8; 
ttag +83 8; 
ttag +84 4; 
ttag +85 7; 
ttag +86 5; 
tread
'Tree with tags' 
(0 (1 ((9 (2 3 ))((4 5 )(6 7 ))(8 (10 (11 12 ))))(13 14 )(17 ((15 16 )(18 (19 ((20 21 )((22 23 )(24 25 )))))))((26 (27 (28 (29 30 ))))(39 (31 (((32 33 )(36 (37 38 )))(34 35 )))(40 41 (42 43 (46 47 (44 45 )))))))); 
ttag *!; 
ttag +0 ////; 
ttag +1 ////; 
ttag +2 ////; 
ttag +3 ////; 
ttag +4 ////; 
ttag +5 ////; 
ttag +6 ////; 
ttag +7 ////; 
ttag +8 ////; 
ttag +9 ////; 
ttag +10 ////; 
ttag +11 ////; 
ttag +12 ////; 
ttag +13 ////; 
ttag +14 ////; 
ttag +15 ////; 
ttag +16 ////; 
ttag +17 ////; 
ttag +18 ////; 
ttag +19 ////; 
ttag +20 ////; 
ttag +21 ////; 
ttag +22 ////; 
ttag +23 ////; 
ttag +24 ////; 
ttag +25 ////; 
ttag +26 ////; 
ttag +27 ////; 
ttag +28 ////; 
ttag +29 ////; 
ttag +30 ////; 
ttag +31 ////; 
ttag +32 ////; 
ttag +33 ////; 
ttag +34 ////; 
ttag +35 ////; 
ttag +36 ////; 
ttag +37 ////; 
ttag +38 ////; 
ttag +39 ////; 
ttag +40 ////; 
ttag +41 ////; 
ttag +42 ////; 
ttag +43 ////; 
ttag +44 ////; 
ttag +45 ////; 
ttag +46 ////; 
ttag +47 ////; 
ttag +48 ////; 
ttag +49 100/100/100/100/100; 
ttag +50 92/90/84/92/87; 
ttag +51 54/40/30/49/35; 
ttag +52 94/91/85/95/91; 
ttag +53 98/98/95/99/99; 
ttag +54 100/100/98/99/100; 
ttag +55 61/48/42/48/45; 
ttag +56 46/36/30/46/39; 
ttag +57 91/89/80/96/79; 
ttag +58 96/96/97/99/95; 
ttag +59 100/100/100/100/100; 
ttag +60 100/100/96/98/97; 
ttag +61 69/59/38/56/51; 
ttag +62 83/78/71/86/75; 
ttag +63 89/84/77/88/79; 
ttag +64 38/21/2/22/13; 
ttag +65 100/100/100/100/100; 
ttag +66 90/85/73/86/80; 
ttag +67 100/100/100/100/100; 
ttag +68 98/98/94/99/95; 
ttag +69 89/86/85/91/86; 
ttag +70 92/90/83/86/86; 
ttag +71 98/97/95/99/97; 
ttag +72 84/80/81/80/72; 
ttag +73 93/92/91/93/84; 
ttag +74 100/100/100/100/100; 
ttag +75 96/96/92/98/92; 
ttag +76 100/100/98/100/98; 
ttag +77 100/100/100/100/100; 
ttag +78 52/44/35/40/32; 
ttag +79 97/97/91/98/93; 
ttag +80 94/94/91/91/92; 
ttag +81 95/95/92/94/89; 
ttag +82 100/100/98/100/100; 
ttag +83 100/100/100/99/99; 
ttag +84 97/96/94/93/92; 
ttag +85 99/99/99/100/99; 
ttag +86 97/96/95/96/95; 
