tread
'Tree with tags' 
(0 (1 (((2 3 )((4 5 )(6 7 ))(8 9 (10 (11 12 ))))(13 14 )(17 (15 16 )(18 (19 ((20 21 )((22 23 )(24 25 ))))))((26 (27 (28 (29 30 ))))(39 (31 ((32 33 )((34 35 )(36 (37 38 )))))((40 41 )(42 (43 ((44 45 )(46 47 )))))))))); 
ttag *!; 
ttag +49 ???; 
ttag +50 8; 
ttag +51 4; 
ttag +52 1; 
ttag +53 3; 
ttag +54 7; 
ttag +55 2; 
ttag +56 5; 
ttag +57 2; 
ttag +58 7; 
ttag +59 9; 
ttag +60 10; 
ttag +61 5; 
ttag +62 2; 
ttag +63 3; 
ttag +64 14; 
ttag +65 5; 
ttag +66 8; 
ttag +67 4; 
ttag +68 3; 
ttag +69 7; 
ttag +70 5; 
ttag +71 1; 
ttag +72 7; 
ttag +73 5; 
ttag +74 3; 
ttag +75 5; 
ttag +76 7; 
ttag +77 2; 
ttag +78 2; 
ttag +79 2; 
ttag +80 10; 
ttag +81 7; 
ttag +82 3; 
ttag +83 5; 
ttag +84 8; 
ttag +85 6; 
ttag +86 5; 
ttag +87 7; 
ttag +88 5; 
tread
'Tree with tags' 
(0 (1 ((((((2 3 )((4 5 )(6 7 )))(8 (9 (10 (11 12 )))))(17 ((15 16 )(18 (19 ((20 21 )((22 23 )(24 25 ))))))))((26 (27 (28 (29 30 ))))((39 (31 ((32 33 )((34 35 )(36 (37 38 ))))))((40 41 )(42 (43 ((44 45 )(46 47 ))))))))(13 14 )))); 
ttag *!; 
ttag +0 ////; 
ttag +1 ////; 
ttag +2 ////; 
ttag +3 ////; 
ttag +4 ////; 
ttag +5 ////; 
ttag +6 ////; 
ttag +7 ////; 
ttag +8 ////; 
ttag +9 ////; 
ttag +10 ////; 
ttag +11 ////; 
ttag +12 ////; 
ttag +13 ////; 
ttag +14 ////; 
ttag +15 ////; 
ttag +16 ////; 
ttag +17 ////; 
ttag +18 ////; 
ttag +19 ////; 
ttag +20 ////; 
ttag +21 ////; 
ttag +22 ////; 
ttag +23 ////; 
ttag +24 ////; 
ttag +25 ////; 
ttag +26 ////; 
ttag +27 ////; 
ttag +28 ////; 
ttag +29 ////; 
ttag +30 ////; 
ttag +31 ////; 
ttag +32 ////; 
ttag +33 ////; 
ttag +34 ////; 
ttag +35 ////; 
ttag +36 ////; 
ttag +37 ////; 
ttag +38 ////; 
ttag +39 ////; 
ttag +40 ////; 
ttag +41 ////; 
ttag +42 ////; 
ttag +43 ////; 
ttag +44 ////; 
ttag +45 ////; 
ttag +46 ////; 
ttag +47 ////; 
ttag +48 ////; 
ttag +49 100/100/100/100/100; 
ttag +50 99/98/99/100/100; 
ttag +51 55/22/30/27/37; 
ttag +52 93/92/78/92/79; 
ttag +53 30/[17]/?/?/?; 
ttag +54 22/[4]/8/1/12; 
ttag +55 45/34/34/39/23; 
ttag +56 86/84/70/82/73; 
ttag +57 100/100/98/100/99; 
ttag +58 78/66/58/79/65; 
ttag +59 97/96/95/98/97; 
ttag +60 42/5/?/?/?; 
ttag +61 90/85/68/83/73; 
ttag +62 99/99/98/99/99; 
ttag +63 100/100/100/100/99; 
ttag +64 100/100/100/100/100; 
ttag +65 27/[4]/0/?/5; 
ttag +66 97/96/87/96/84; 
ttag +67 73/65/58/73/55; 
ttag +68 84/81/58/82/56; 
ttag +69 100/100/100/100/100; 
ttag +70 88/86/70/89/67; 
ttag +71 99/99/97/100/99; 
ttag +72 90/88/76/89/76; 
ttag +73 86/80/56/77/49; 
ttag +74 100/100/97/99/98; 
ttag +75 96/96/94/99/94; 
ttag +76 63/48/31/50/36; 
ttag +77 100/100/98/100/98; 
ttag +78 99/99/97/98/98; 
ttag +79 89/86/78/84/72; 
ttag +80 20/[3]/?/?/?; 
ttag +81 98/97/86/94/86; 
ttag +82 100/100/98/99/98; 
ttag +83 78/73/65/72/62; 
ttag +84 82/76/77/82/71; 
ttag +85 78/70/52/78/62; 
ttag +86 99/99/100/100/99; 
ttag +87 99/98/96/99/98; 
ttag +88 87/83/70/88/75; 
ttag +89 99/98/95/98/92; 
ttag +90 99/99/98/100/99; 
ttag +91 99/99/96/98/94; 
ttag +92 98/98/94/97/93; 
ttag +93 99/99/96/98/95; 
ttag +94 99/99/95/98/94; 
