tread
'Tree with tags' 
(0 (1 (((((2 3 )(((4 5 )(6 7 ))(8 (9 (10 (11 12 ))))))((15 16 )((17 ((20 21 )(22 23 )(24 25 )))(18 19 ))))(13 14 ))((26 (27 (28 (29 30 ))))(39 (31 (((32 33 )(36 (37 38 )))(34 35 )))((40 41 )(42 (43 ((44 45 )(46 47 )))))))))); 
ttag *!; 
ttag +49 ???; 
ttag +50 4; 
ttag +51 5; 
ttag +52 1; 
ttag +53 1; 
ttag +54 1; 
ttag +55 10; 
ttag +56 1; 
ttag +57 4; 
ttag +58 3; 
ttag +59 4; 
ttag +60 1; 
ttag +61 13; 
ttag +62 13; 
ttag +63 10; 
ttag +64 14; 
ttag +65 5; 
ttag +66 1; 
ttag +67 6; 
ttag +68 2; 
ttag +69 4; 
ttag +70 7; 
ttag +71 7; 
ttag +72 7; 
ttag +73 5; 
ttag +74 4; 
ttag +75 2; 
ttag +76 1; 
ttag +77 8; 
ttag +78 6; 
ttag +79 4; 
ttag +80 3; 
ttag +81 2; 
ttag +82 6; 
ttag +83 9; 
ttag +84 15; 
ttag +85 9; 
ttag +86 4; 
ttag +87 11; 
ttag +88 6; 
ttag +89 1; 
ttag +90 5; 
ttag +91 4; 
ttag +92 2; 
tread
'Tree with tags' 
(0 (1 (((((2 3 )(((4 5 )(6 7 ))(8 (9 (10 (11 12 ))))))((15 16 )((17 ((20 21 )((22 23 )(24 25 ))))(18 19 ))))(13 14 ))((26 (27 (28 (29 30 ))))((39 (31 (((32 33 )(36 (37 38 )))(34 35 ))))((40 41 )(42 (43 ((44 45 )(46 47 )))))))))); 
ttag *!; 
ttag +0 ////; 
ttag +1 ////; 
ttag +2 ////; 
ttag +3 ////; 
ttag +4 ////; 
ttag +5 ////; 
ttag +6 ////; 
ttag +7 ////; 
ttag +8 ////; 
ttag +9 ////; 
ttag +10 ////; 
ttag +11 ////; 
ttag +12 ////; 
ttag +13 ////; 
ttag +14 ////; 
ttag +15 ////; 
ttag +16 ////; 
ttag +17 ////; 
ttag +18 ////; 
ttag +19 ////; 
ttag +20 ////; 
ttag +21 ////; 
ttag +22 ////; 
ttag +23 ////; 
ttag +24 ////; 
ttag +25 ////; 
ttag +26 ////; 
ttag +27 ////; 
ttag +28 ////; 
ttag +29 ////; 
ttag +30 ////; 
ttag +31 ////; 
ttag +32 ////; 
ttag +33 ////; 
ttag +34 ////; 
ttag +35 ////; 
ttag +36 ////; 
ttag +37 ////; 
ttag +38 ////; 
ttag +39 ////; 
ttag +40 ////; 
ttag +41 ////; 
ttag +42 ////; 
ttag +43 ////; 
ttag +44 ////; 
ttag +45 ////; 
ttag +46 ////; 
ttag +47 ////; 
ttag +48 ////; 
ttag +49 100/100/100/100/100; 
ttag +50 94/92/90/94/88; 
ttag +51 90/88/78/84/74; 
ttag +52 34/10/5/9/1; 
ttag +53 24/3/?/3/4; 
ttag +54 24/11/11/8/?; 
ttag +55 100/100/99/100/100; 
ttag +56 71/64/45/55/60; 
ttag +57 82/77/79/84/78; 
ttag +58 58/42/46/50/48; 
ttag +59 86/79/66/77/63; 
ttag +60 48/27/26/30/19; 
ttag +61 99/99/98/99/97; 
ttag +62 100/100/100/100/100; 
ttag +63 100/100/99/100/98; 
ttag +64 100/100/100/100/100; 
ttag +65 89/85/77/94/75; 
ttag +66 37/18/13/28/11; 
ttag +67 98/98/92/98/94; 
ttag +68 43/25/15/34/17; 
ttag +69 98/98/96/99/97; 
ttag +70 99/99/98/100/97; 
ttag +71 99/99/98/100/98; 
ttag +72 38/7/3/?/0; 
ttag +73 99/99/97/100/98; 
ttag +74 95/94/92/96/92; 
ttag +75 92/90/85/92/79; 
ttag +76 68/54/46/47/42; 
ttag +77 43/29/26/26/21; 
ttag +78 99/99/100/100/99; 
ttag +79 95/94/92/95/93; 
ttag +80 30/10/?/4/6; 
ttag +81 91/90/86/91/80; 
ttag +82 88/85/76/89/78; 
ttag +83 76/74/64/76/63; 
ttag +84 96/95/92/96/93; 
ttag +85 100/100/99/100/99; 
ttag +86 100/100/99/100/100; 
ttag +87 100/100/99/100/100; 
ttag +88 93/91/85/94/89; 
ttag +89 100/100/98/100/100; 
ttag +90 98/98/94/99/94; 
ttag +91 62/40/42/44/37; 
ttag +92 97/97/93/96/94; 
ttag +93 92/87/80/93/84; 
ttag +94 84/80/70/73/69; 
