tread
'Tree with tags' 
(0 (1 (((((2 3 )((4 5 (6 7 ))(8 9 )(10 (11 12 ))))(13 14 ))((26 (27 (28 (29 30 ))))((31 (((32 33 )(34 35 ))(36 (37 38 ))))(39 ((40 41 )(42 (43 ((44 45 )(46 47 )))))))))((15 16 )(17 (18 (19 ((20 21 )((22 23 )(24 25 )))))))))); 
ttag *!; 
ttag +49 ???; 
ttag +50 2; 
ttag +51 11; 
ttag +52 2; 
ttag +53 1; 
ttag +54 1; 
ttag +55 4; 
ttag +56 1; 
ttag +57 2; 
ttag +58 2; 
ttag +59 6; 
ttag +60 7; 
ttag +61 10; 
ttag +62 12; 
ttag +63 4; 
ttag +64 4; 
ttag +65 5; 
ttag +66 1; 
ttag +67 10; 
ttag +68 7; 
ttag +69 7; 
ttag +70 6; 
ttag +71 3; 
ttag +72 7; 
ttag +73 7; 
ttag +74 6; 
ttag +75 3; 
ttag +76 10; 
ttag +77 6; 
ttag +78 3; 
ttag +79 11; 
ttag +80 1; 
ttag +81 5; 
ttag +82 3; 
ttag +83 6; 
ttag +84 10; 
ttag +85 2; 
ttag +86 1; 
ttag +87 6; 
ttag +88 12; 
ttag +89 2; 
ttag +90 11; 
ttag +91 3; 
ttag +92 2; 
tread
'Tree with tags' 
(0 (1 (((((2 3 )(((4 5 )(6 7 ))((8 9 )(10 (11 12 )))))(13 14 ))((26 (27 (28 (29 30 ))))((31 (((32 33 )(34 35 ))(36 (37 38 ))))(39 ((40 41 )(42 (43 ((44 45 )(46 47 )))))))))((15 16 )(17 (18 (19 ((20 21 )((22 23 )(24 25 )))))))))); 
ttag *!; 
ttag +0 ////; 
ttag +1 ////; 
ttag +2 ////; 
ttag +3 ////; 
ttag +4 ////; 
ttag +5 ////; 
ttag +6 ////; 
ttag +7 ////; 
ttag +8 ////; 
ttag +9 ////; 
ttag +10 ////; 
ttag +11 ////; 
ttag +12 ////; 
ttag +13 ////; 
ttag +14 ////; 
ttag +15 ////; 
ttag +16 ////; 
ttag +17 ////; 
ttag +18 ////; 
ttag +19 ////; 
ttag +20 ////; 
ttag +21 ////; 
ttag +22 ////; 
ttag +23 ////; 
ttag +24 ////; 
ttag +25 ////; 
ttag +26 ////; 
ttag +27 ////; 
ttag +28 ////; 
ttag +29 ////; 
ttag +30 ////; 
ttag +31 ////; 
ttag +32 ////; 
ttag +33 ////; 
ttag +34 ////; 
ttag +35 ////; 
ttag +36 ////; 
ttag +37 ////; 
ttag +38 ////; 
ttag +39 ////; 
ttag +40 ////; 
ttag +41 ////; 
ttag +42 ////; 
ttag +43 ////; 
ttag +44 ////; 
ttag +45 ////; 
ttag +46 ////; 
ttag +47 ////; 
ttag +48 ////; 
ttag +49 100/100/100/100/100; 
ttag +50 65/51/49/62/46; 
ttag +51 100/100/99/100/98; 
ttag +52 42/28/12/36/19; 
ttag +53 36/25/13/37/20; 
ttag +54 64/62/62/66/60; 
ttag +55 22/0/?/?/?; 
ttag +56 94/94/90/95/88; 
ttag +57 51/36/24/42/34; 
ttag +58 79/74/70/78/70; 
ttag +59 62/46/29/48/42; 
ttag +60 32/4/?/0/?; 
ttag +61 97/96/92/99/87; 
ttag +62 98/98/99/100/98; 
ttag +63 100/100/100/100/100; 
ttag +64 100/100/99/100/100; 
ttag +65 73/62/52/75/67; 
ttag +66 97/97/90/97/86; 
ttag +67 94/93/85/94/81; 
ttag +68 64/50/51/41/40; 
ttag +69 100/100/100/100/100; 
ttag +70 98/98/98/99/96; 
ttag +71 99/99/98/99/97; 
ttag +72 98/98/93/97/91; 
ttag +73 91/88/74/87/70; 
ttag +74 99/99/96/98/98; 
ttag +75 94/92/88/96/82; 
ttag +76 98/97/91/99/92; 
ttag +77 89/88/80/87/78; 
ttag +78 100/100/100/100/100; 
ttag +79 99/99/98/99/94; 
ttag +80 84/78/67/79/70; 
ttag +81 100/100/100/99/99; 
ttag +82 51/42/34/43/31; 
ttag +83 97/96/87/96/88; 
ttag +84 96/96/95/93/94; 
ttag +85 99/99/94/98/97; 
ttag +86 100/100/100/100/100; 
ttag +87 61/54/34/58/50; 
ttag +88 65/52/43/44/44; 
ttag +89 98/97/92/98/91; 
ttag +90 99/99/99/100/98; 
ttag +91 74/70/70/74/68; 
ttag +92 100/100/99/99/100; 
ttag +93 83/75/65/80/66; 
ttag +94 79/68/58/66/55; 
