tread
'Tree with tags' 
(0 ((1 (((2 3 )(((4 5 )(6 7 ))(8 9 (10 (11 12 )))))(39 (26 (27 (28 (29 30 ))))(31 ((32 33 )((34 35 )(36 (37 38 )))))(40 41 (42 (43 ((44 45 )(46 47 ))))))))((13 14 )((15 16 )(17 (18 (19 ((20 21 )((22 23 )(24 25 )))))))))); 
ttag *!; 
ttag +49 1; 
ttag +50 ???; 
ttag +51 3; 
ttag +52 4; 
ttag +53 2; 
ttag +54 6; 
ttag +55 2; 
ttag +56 3; 
ttag +57 4; 
ttag +58 3; 
ttag +59 5; 
ttag +60 7; 
ttag +61 10; 
ttag +62 2; 
ttag +63 12; 
ttag +64 9; 
ttag +65 2; 
ttag +66 9; 
ttag +67 4; 
ttag +68 6; 
ttag +69 5; 
ttag +70 16; 
ttag +71 3; 
ttag +72 5; 
ttag +73 7; 
ttag +74 6; 
ttag +75 3; 
ttag +76 7; 
ttag +77 5; 
ttag +78 1; 
ttag +79 6; 
ttag +80 2; 
ttag +81 1; 
ttag +82 1; 
ttag +83 11; 
ttag +84 6; 
ttag +85 9; 
ttag +86 10; 
ttag +87 1; 
ttag +88 6; 
ttag +89 7; 
ttag +90 2; 
tread
'Tree with tags' 
(0 ((1 (((2 3 )(((4 5 )(6 7 ))(8 (9 (10 (11 12 ))))))(((26 (27 (28 (29 30 ))))(39 (40 (41 (42 (43 ((44 45 )(46 47 ))))))))(31 ((32 33 )((34 35 )(36 (37 38 ))))))))((13 14 )((15 16 )(17 (18 (19 ((20 21 )((22 23 )(24 25 )))))))))); 
ttag *!; 
ttag +0 ////; 
ttag +1 ////; 
ttag +2 ////; 
ttag +3 ////; 
ttag +4 ////; 
ttag +5 ////; 
ttag +6 ////; 
ttag +7 ////; 
ttag +8 ////; 
ttag +9 ////; 
ttag +10 ////; 
ttag +11 ////; 
ttag +12 ////; 
ttag +13 ////; 
ttag +14 ////; 
ttag +15 ////; 
ttag +16 ////; 
ttag +17 ////; 
ttag +18 ////; 
ttag +19 ////; 
ttag +20 ////; 
ttag +21 ////; 
ttag +22 ////; 
ttag +23 ////; 
ttag +24 ////; 
ttag +25 ////; 
ttag +26 ////; 
ttag +27 ////; 
ttag +28 ////; 
ttag +29 ////; 
ttag +30 ////; 
ttag +31 ////; 
ttag +32 ////; 
ttag +33 ////; 
ttag +34 ////; 
ttag +35 ////; 
ttag +36 ////; 
ttag +37 ////; 
ttag +38 ////; 
ttag +39 ////; 
ttag +40 ////; 
ttag +41 ////; 
ttag +42 ////; 
ttag +43 ////; 
ttag +44 ////; 
ttag +45 ////; 
ttag +46 ////; 
ttag +47 ////; 
ttag +48 ////; 
ttag +49 36/18/8/24/13; 
ttag +50 100/100/100/100/100; 
ttag +51 82/71/60/75/68; 
ttag +52 98/97/96/96/94; 
ttag +53 60/41/32/51/33; 
ttag +54 98/97/94/98/94; 
ttag +55 71/62/55/65/66; 
ttag +56 78/73/61/73/58; 
ttag +57 94/91/84/93/88; 
ttag +58 86/84/67/85/70; 
ttag +59 30/0/0/3/?; 
ttag +60 94/93/87/97/89; 
ttag +61 100/100/99/99/99; 
ttag +62 100/100/100/100/100; 
ttag +63 45/26/16/34/15; 
ttag +64 100/100/100/100/99; 
ttag +65 98/98/98/99/98; 
ttag +66 80/79/70/78/70; 
ttag +67 100/100/97/99/98; 
ttag +68 94/93/92/93/88; 
ttag +69 100/100/99/99/100; 
ttag +70 96/94/87/94/93; 
ttag +71 100/100/100/100/100; 
ttag +72 86/82/76/85/73; 
ttag +73 98/98/96/99/93; 
ttag +74 100/100/97/100/97; 
ttag +75 26/1/2/5/?; 
ttag +76 93/91/84/92/85; 
ttag +77 82/78/63/78/60; 
ttag +78 100/100/98/100/97; 
ttag +79 95/95/92/98/92; 
ttag +80 26/10/15/22/16; 
ttag +81 99/99/99/99/99; 
ttag +82 56/51/46/60/51; 
ttag +83 81/73/72/64/72; 
ttag +84 38/[1]/?/12/8; 
ttag +85 100/100/100/100/100; 
ttag +86 95/94/90/96/92; 
ttag +87 27/1/8/?/?; 
ttag +88 100/100/96/99/97; 
ttag +89 17/[36]/?/?/?; 
ttag +90 100/100/100/100/99; 
ttag +91 52/30/26/32/24; 
ttag +92 99/98/98/96/96; 
ttag +93 98/97/96/97/95; 
ttag +94 73/60/62/65/49; 
