tread
'Tree with tags' 
(0 (1 ((((2 3 )(8 9 ((4 5 )(6 7 ))(10 (11 12 ))))(13 14 ))(((15 16 )(17 (19 (18 ((20 21 )((22 23 )(24 25 )))))))((26 (27 (28 (29 30 ))))(39 ((31 ((32 33 )((34 35 )(36 (37 38 )))))((40 41 )(42 (43 (46 47 (44 45 )))))))))))); 
ttag *!; 
ttag +49 ???; 
ttag +50 5; 
ttag +51 9; 
ttag +52 1; 
ttag +53 1; 
ttag +54 4; 
ttag +55 7; 
ttag +56 2; 
ttag +57 1; 
ttag +58 3; 
ttag +59 9; 
ttag +60 4; 
ttag +61 9; 
ttag +62 4; 
ttag +63 2; 
ttag +64 5; 
ttag +65 1; 
ttag +66 1; 
ttag +67 2; 
ttag +68 5; 
ttag +69 10; 
ttag +70 8; 
ttag +71 3; 
ttag +72 11; 
ttag +73 4; 
ttag +74 3; 
ttag +75 3; 
ttag +76 17; 
ttag +77 8; 
ttag +78 3; 
ttag +79 6; 
ttag +80 6; 
ttag +81 4; 
ttag +82 7; 
ttag +83 4; 
ttag +84 7; 
ttag +85 13; 
ttag +86 3; 
ttag +87 11; 
ttag +88 6; 
ttag +89 1; 
ttag +90 5; 
ttag +91 4; 
tread
'Tree with tags' 
(0 (1 ((((2 3 )(((4 5 )(6 7 ))(8 (9 (10 (11 12 ))))))(13 14 ))(((15 16 )(17 (19 (18 ((20 21 )((22 23 )(24 25 )))))))((26 (27 (28 (29 30 ))))(39 ((31 ((32 33 )((34 35 )(36 (37 38 )))))((40 41 )(42 (43 (46 (47 (44 45 ))))))))))))); 
ttag *!; 
ttag +0 ////; 
ttag +1 ////; 
ttag +2 ////; 
ttag +3 ////; 
ttag +4 ////; 
ttag +5 ////; 
ttag +6 ////; 
ttag +7 ////; 
ttag +8 ////; 
ttag +9 ////; 
ttag +10 ////; 
ttag +11 ////; 
ttag +12 ////; 
ttag +13 ////; 
ttag +14 ////; 
ttag +15 ////; 
ttag +16 ////; 
ttag +17 ////; 
ttag +18 ////; 
ttag +19 ////; 
ttag +20 ////; 
ttag +21 ////; 
ttag +22 ////; 
ttag +23 ////; 
ttag +24 ////; 
ttag +25 ////; 
ttag +26 ////; 
ttag +27 ////; 
ttag +28 ////; 
ttag +29 ////; 
ttag +30 ////; 
ttag +31 ////; 
ttag +32 ////; 
ttag +33 ////; 
ttag +34 ////; 
ttag +35 ////; 
ttag +36 ////; 
ttag +37 ////; 
ttag +38 ////; 
ttag +39 ////; 
ttag +40 ////; 
ttag +41 ////; 
ttag +42 ////; 
ttag +43 ////; 
ttag +44 ////; 
ttag +45 ////; 
ttag +46 ////; 
ttag +47 ////; 
ttag +48 ////; 
ttag +49 100/100/100/100/100; 
ttag +50 98/97/95/96/95; 
ttag +51 98/98/96/98/96; 
ttag +52 34/19/9/18/8; 
ttag +53 57/41/31/35/33; 
ttag +54 96/95/92/97/97; 
ttag +55 99/99/98/99/96; 
ttag +56 70/57/46/54/47; 
ttag +57 69/53/50/54/47; 
ttag +58 32/5/11/14/17; 
ttag +59 13/[24]/?/?/?; 
ttag +60 77/70/60/80/65; 
ttag +61 100/100/99/100/100; 
ttag +62 97/97/93/99/98; 
ttag +63 99/99/98/99/100; 
ttag +64 87/85/73/87/71; 
ttag +65 58/46/40/50/29; 
ttag +66 96/94/89/97/91; 
ttag +67 50/30/13/25/16; 
ttag +68 62/43/31/46/34; 
ttag +69 90/90/90/90/92; 
ttag +70 93/91/84/94/87; 
ttag +71 100/100/99/100/100; 
ttag +72 100/100/100/100/99; 
ttag +73 85/75/66/80/68; 
ttag +74 98/98/98/98/98; 
ttag +75 78/74/59/74/61; 
ttag +76 65/47/31/45/30; 
ttag +77 66/47/30/44/30; 
ttag +78 100/100/100/100/100; 
ttag +79 99/99/98/99/94; 
ttag +80 66/50/36/45/33; 
ttag +81 92/90/89/87/83; 
ttag +82 100/100/99/99/97; 
ttag +83 93/92/86/95/86; 
ttag +84 100/100/99/99/98; 
ttag +85 96/95/94/96/87; 
ttag +86 98/97/96/98/90; 
ttag +87 100/100/100/100/99; 
ttag +88 79/73/66/78/72; 
ttag +89 99/99/99/100/97; 
ttag +90 95/94/88/95/83; 
ttag +91 53/28/20/22/14; 
ttag +92 98/98/92/97/94; 
ttag +93 18/[2]/1/?/?; 
ttag +94 94/94/86/92/86; 
