tread
'Tree with tags' 
(0 (1 ((2 3 )(8 9 ((4 5 )(6 7 ))(10 (11 12 ))))((13 14 )((17 (15 16 )(18 (19 ((20 21 )((22 23 )(24 25 ))))))((26 (27 (28 (29 30 ))))(31 (((32 33 )(34 35 ))(36 (37 38 ))))(39 ((40 41 )(42 (43 ((44 45 )(46 47 ))))))))))); 
ttag *!; 
ttag +49 ???; 
ttag +50 8; 
ttag +51 5; 
ttag +52 4; 
ttag +53 6; 
ttag +54 1; 
ttag +55 3; 
ttag +56 2; 
ttag +57 4; 
ttag +58 8; 
ttag +59 1; 
ttag +60 18; 
ttag +61 2; 
ttag +62 1; 
ttag +63 5; 
ttag +64 3; 
ttag +65 11; 
ttag +66 5; 
ttag +67 6; 
ttag +68 3; 
ttag +69 5; 
ttag +70 2; 
ttag +71 8; 
ttag +72 2; 
ttag +73 3; 
ttag +74 10; 
ttag +75 3; 
ttag +76 5; 
ttag +77 1; 
ttag +78 4; 
ttag +79 6; 
ttag +80 12; 
ttag +81 3; 
ttag +82 2; 
ttag +83 4; 
ttag +84 5; 
ttag +85 7; 
ttag +86 2; 
ttag +87 4; 
ttag +88 1; 
ttag +89 5; 
tread
'Tree with tags' 
(0 ((1 ((13 14 )(((17 (15 16 ))(18 (19 ((20 21 )((22 23 )(24 25 ))))))(((26 (27 (28 (29 30 ))))(31 (((32 33 )(34 35 ))(36 (37 38 )))))(39 ((40 41 )(42 (43 ((44 45 )(46 47 ))))))))))((2 3 )(((4 5 )(6 7 ))(9 (8 (10 (11 12 )))))))); 
ttag *!; 
ttag +0 ////; 
ttag +1 ////; 
ttag +2 ////; 
ttag +3 ////; 
ttag +4 ////; 
ttag +5 ////; 
ttag +6 ////; 
ttag +7 ////; 
ttag +8 ////; 
ttag +9 ////; 
ttag +10 ////; 
ttag +11 ////; 
ttag +12 ////; 
ttag +13 ////; 
ttag +14 ////; 
ttag +15 ////; 
ttag +16 ////; 
ttag +17 ////; 
ttag +18 ////; 
ttag +19 ////; 
ttag +20 ////; 
ttag +21 ////; 
ttag +22 ////; 
ttag +23 ////; 
ttag +24 ////; 
ttag +25 ////; 
ttag +26 ////; 
ttag +27 ////; 
ttag +28 ////; 
ttag +29 ////; 
ttag +30 ////; 
ttag +31 ////; 
ttag +32 ////; 
ttag +33 ////; 
ttag +34 ////; 
ttag +35 ////; 
ttag +36 ////; 
ttag +37 ////; 
ttag +38 ////; 
ttag +39 ////; 
ttag +40 ////; 
ttag +41 ////; 
ttag +42 ////; 
ttag +43 ////; 
ttag +44 ////; 
ttag +45 ////; 
ttag +46 ////; 
ttag +47 ////; 
ttag +48 ////; 
ttag +49 15/[18]/?/?/?; 
ttag +50 100/100/100/100/100; 
ttag +51 99/99/98/98/97; 
ttag +52 97/96/91/96/88; 
ttag +53 91/87/83/92/82; 
ttag +54 99/99/97/99/98; 
ttag +55 72/65/58/66/54; 
ttag +56 88/86/77/87/77; 
ttag +57 7/[12]/?/?/?; 
ttag +58 36/16/23/8/17; 
ttag +59 74/65/57/71/58; 
ttag +60 95/94/89/95/91; 
ttag +61 100/100/100/100/99; 
ttag +62 63/57/52/52/46; 
ttag +63 100/100/100/100/100; 
ttag +64 38/[7]/?/?/?; 
ttag +65 75/65/51/66/50; 
ttag +66 60/56/46/52/46; 
ttag +67 98/97/90/94/85; 
ttag +68 95/94/87/95/84; 
ttag +69 100/100/100/100/100; 
ttag +70 99/99/90/98/90; 
ttag +71 98/98/93/99/96; 
ttag +72 82/77/72/84/70; 
ttag +73 99/99/96/98/94; 
ttag +74 88/86/85/86/82; 
ttag +75 30/[17]/?/?/?; 
ttag +76 96/95/90/97/94; 
ttag +77 62/52/40/60/41; 
ttag +78 92/91/83/92/83; 
ttag +79 100/100/100/100/100; 
ttag +80 86/84/82/85/78; 
ttag +81 96/96/95/96/88; 
ttag +82 48/26/27/36/32; 
ttag +83 84/82/82/90/82; 
ttag +84 99/99/98/98/97; 
ttag +85 100/100/99/100/100; 
ttag +86 92/87/64/86/71; 
ttag +87 77/74/67/76/67; 
ttag +88 96/96/94/96/98; 
ttag +89 93/90/92/90/84; 
ttag +90 99/99/98/99/94; 
ttag +91 64/53/54/59/47; 
ttag +92 89/86/82/91/85; 
ttag +93 51/22/26/23/22; 
ttag +94 97/97/92/98/95; 
