tread
'Tree with tags' 
(0 (1 ((2 3 )((4 5 )(6 7 ))((8 9 )(10 (11 12 ))))(13 14 )((17 (15 16 ))(18 (19 ((20 21 )((22 23 )(24 25 ))))))((26 (27 (28 (29 30 ))))((31 (((32 33 )(36 (37 38 )))(34 35 )))(39 ((40 41 )(42 (43 ((44 45 )(46 47 )))))))))); 
ttag *!; 
ttag +49 ???; 
ttag +50 6; 
ttag +51 6; 
ttag +52 3; 
ttag +53 3; 
ttag +54 1; 
ttag +55 4; 
ttag +56 1; 
ttag +57 2; 
ttag +58 8; 
ttag +59 14; 
ttag +60 7; 
ttag +61 1; 
ttag +62 1; 
ttag +63 3; 
ttag +64 3; 
ttag +65 5; 
ttag +66 4; 
ttag +67 12; 
ttag +68 14; 
ttag +69 3; 
ttag +70 4; 
ttag +71 4; 
ttag +72 3; 
ttag +73 11; 
ttag +74 11; 
ttag +75 1; 
ttag +76 4; 
ttag +77 2; 
ttag +78 1; 
ttag +79 5; 
ttag +80 1; 
ttag +81 9; 
ttag +82 6; 
ttag +83 2; 
ttag +84 1; 
ttag +85 9; 
ttag +86 10; 
ttag +87 4; 
ttag +88 8; 
ttag +89 11; 
ttag +90 2; 
tread
'Tree with tags' 
(0 (((1 ((17 (15 16 ))(18 (19 ((20 21 )((22 23 )(24 25 )))))))((13 14 )((26 (27 (28 (29 30 ))))((31 (((32 33 )(36 (37 38 )))(34 35 )))(39 ((40 41 )(42 (43 ((44 45 )(46 47 ))))))))))(((2 3 )((4 5 )(6 7 )))((8 9 )(10 (11 12 )))))); 
ttag *!; 
ttag +0 ////; 
ttag +1 ////; 
ttag +2 ////; 
ttag +3 ////; 
ttag +4 ////; 
ttag +5 ////; 
ttag +6 ////; 
ttag +7 ////; 
ttag +8 ////; 
ttag +9 ////; 
ttag +10 ////; 
ttag +11 ////; 
ttag +12 ////; 
ttag +13 ////; 
ttag +14 ////; 
ttag +15 ////; 
ttag +16 ////; 
ttag +17 ////; 
ttag +18 ////; 
ttag +19 ////; 
ttag +20 ////; 
ttag +21 ////; 
ttag +22 ////; 
ttag +23 ////; 
ttag +24 ////; 
ttag +25 ////; 
ttag +26 ////; 
ttag +27 ////; 
ttag +28 ////; 
ttag +29 ////; 
ttag +30 ////; 
ttag +31 ////; 
ttag +32 ////; 
ttag +33 ////; 
ttag +34 ////; 
ttag +35 ////; 
ttag +36 ////; 
ttag +37 ////; 
ttag +38 ////; 
ttag +39 ////; 
ttag +40 ////; 
ttag +41 ////; 
ttag +42 ////; 
ttag +43 ////; 
ttag +44 ////; 
ttag +45 ////; 
ttag +46 ////; 
ttag +47 ////; 
ttag +48 ////; 
ttag +49 8/[19]/?/?/?; 
ttag +50 27/6/5/12/10; 
ttag +51 100/100/100/100/100; 
ttag +52 98/97/94/98/96; 
ttag +53 7/[22]/?/?/?; 
ttag +54 92/90/86/96/88; 
ttag +55 92/91/86/90/86; 
ttag +56 83/76/58/72/70; 
ttag +57 68/52/58/58/62; 
ttag +58 99/99/95/98/96; 
ttag +59 36/20/15/25/17; 
ttag +60 59/43/40/58/38; 
ttag +61 100/100/100/100/98; 
ttag +62 100/100/100/100/100; 
ttag +63 13/[7]/?/0/?; 
ttag +64 99/99/98/100/99; 
ttag +65 37/[1]/?/18/?; 
ttag +66 65/44/36/50/40; 
ttag +67 66/59/52/74/54; 
ttag +68 70/59/36/67/42; 
ttag +69 97/96/97/98/97; 
ttag +70 81/73/60/86/62; 
ttag +71 100/100/100/99/99; 
ttag +72 100/100/100/100/100; 
ttag +73 88/86/74/84/75; 
ttag +74 96/95/90/96/91; 
ttag +75 82/76/78/84/70; 
ttag +76 87/83/83/90/75; 
ttag +77 100/100/100/100/100; 
ttag +78 100/100/100/100/100; 
ttag +79 50/38/26/50/14; 
ttag +80 96/96/93/98/95; 
ttag +81 91/87/85/81/82; 
ttag +82 50/34/27/43/30; 
ttag +83 90/88/75/92/76; 
ttag +84 54/48/43/47/42; 
ttag +85 99/99/97/99/96; 
ttag +86 98/96/92/95/94; 
ttag +87 86/84/73/77/72; 
ttag +88 65/44/31/33/23; 
ttag +89 99/99/98/100/98; 
ttag +90 100/100/100/100/98; 
ttag +91 90/88/83/93/88; 
ttag +92 99/99/98/99/98; 
ttag +93 100/100/99/100/100; 
ttag +94 76/69/65/75/63; 
