tread
'Tree with tags' 
(0 (1 ((2 3 )(((4 5 )(6 7 ))((8 9 )(10 (11 12 )))))(13 14 )((15 16 )(17 (18 (19 ((20 21 )((22 23 )(24 25 )))))))((26 27 (28 (29 30 )))(31 (39 (((32 33 )(34 35 )(36 (37 38 )))((40 41 )(42 (43 ((44 45 )(46 47 ))))))))))); 
ttag *!; 
ttag +49 ???; 
ttag +50 3; 
ttag +51 7; 
ttag +52 2; 
ttag +53 5; 
ttag +54 4; 
ttag +55 2; 
ttag +56 1; 
ttag +57 1; 
ttag +58 5; 
ttag +59 6; 
ttag +60 10; 
ttag +61 6; 
ttag +62 1; 
ttag +63 1; 
ttag +64 9; 
ttag +65 2; 
ttag +66 6; 
ttag +67 4; 
ttag +68 8; 
ttag +69 2; 
ttag +70 4; 
ttag +71 2; 
ttag +72 7; 
ttag +73 7; 
ttag +74 11; 
ttag +75 8; 
ttag +76 7; 
ttag +77 3; 
ttag +78 3; 
ttag +79 2; 
ttag +80 1; 
ttag +81 9; 
ttag +82 1; 
ttag +83 8; 
ttag +84 5; 
ttag +85 7; 
ttag +86 4; 
ttag +87 3; 
ttag +88 11; 
ttag +89 1; 
tread
'Tree with tags' 
(0 ((1 (((26 27 )(28 (29 30 )))(31 (39 (((32 33 )((34 35 )(36 (37 38 ))))((40 41 )(42 (43 ((44 45 )(46 47 ))))))))))(((2 3 )(((4 5 )(6 7 ))((8 9 )(10 (11 12 )))))((13 14 )((15 16 )(17 (18 (19 ((20 21 )((22 23 )(24 25 ))))))))))); 
ttag *!; 
ttag +0 ////; 
ttag +1 ////; 
ttag +2 ////; 
ttag +3 ////; 
ttag +4 ////; 
ttag +5 ////; 
ttag +6 ////; 
ttag +7 ////; 
ttag +8 ////; 
ttag +9 ////; 
ttag +10 ////; 
ttag +11 ////; 
ttag +12 ////; 
ttag +13 ////; 
ttag +14 ////; 
ttag +15 ////; 
ttag +16 ////; 
ttag +17 ////; 
ttag +18 ////; 
ttag +19 ////; 
ttag +20 ////; 
ttag +21 ////; 
ttag +22 ////; 
ttag +23 ////; 
ttag +24 ////; 
ttag +25 ////; 
ttag +26 ////; 
ttag +27 ////; 
ttag +28 ////; 
ttag +29 ////; 
ttag +30 ////; 
ttag +31 ////; 
ttag +32 ////; 
ttag +33 ////; 
ttag +34 ////; 
ttag +35 ////; 
ttag +36 ////; 
ttag +37 ////; 
ttag +38 ////; 
ttag +39 ////; 
ttag +40 ////; 
ttag +41 ////; 
ttag +42 ////; 
ttag +43 ////; 
ttag +44 ////; 
ttag +45 ////; 
ttag +46 ////; 
ttag +47 ////; 
ttag +48 ////; 
ttag +49 34/8/?/5/6; 
ttag +50 100/100/100/100/100; 
ttag +51 84/76/69/76/65; 
ttag +52 97/97/95/97/96; 
ttag +53 17/[14]/?/?/?; 
ttag +54 82/74/72/66/56; 
ttag +55 98/98/92/98/94; 
ttag +56 89/84/78/88/82; 
ttag +57 76/67/69/69/66; 
ttag +58 59/49/44/49/51; 
ttag +59 66/60/33/60/57; 
ttag +60 97/96/92/98/92; 
ttag +61 97/96/97/99/94; 
ttag +62 100/100/100/100/100; 
ttag +63 38/12/4/5/13; 
ttag +64 96/96/88/97/94; 
ttag +65 64/55/52/57/43; 
ttag +66 49/32/32/37/43; 
ttag +67 100/100/98/100/98; 
ttag +68 85/81/68/76/73; 
ttag +69 100/100/100/100/100; 
ttag +70 96/95/83/96/88; 
ttag +71 100/100/99/99/100; 
ttag +72 78/74/71/76/78; 
ttag +73 91/85/71/87/77; 
ttag +74 12/[12]/?/?/?; 
ttag +75 58/33/32/39/29; 
ttag +76 96/95/82/96/97; 
ttag +77 98/98/97/99/98; 
ttag +78 99/99/98/100/100; 
ttag +79 99/99/96/98/96; 
ttag +80 100/100/100/99/98; 
ttag +81 88/84/75/89/82; 
ttag +82 47/15/5/14/3; 
ttag +83 43/12/2/9/?; 
ttag +84 70/60/57/60/58; 
ttag +85 33/2/?/?/2; 
ttag +86 100/100/99/99/99; 
ttag +87 75/62/50/61/49; 
ttag +88 99/99/98/99/99; 
ttag +89 80/70/59/64/60; 
ttag +90 98/98/94/98/88; 
ttag +91 78/70/60/71/65; 
ttag +92 76/64/66/77/56; 
ttag +93 100/100/100/100/98; 
ttag +94 54/36/30/36/30; 
