tread
'Tree with tags' 
(0 ((1 ((13 14 )((17 (15 16 )(18 (19 ((20 21 )((22 23 )(24 25 ))))))((26 (27 (28 (29 30 ))))(39 ((31 ((32 33 )((34 35 )(36 (37 38 )))))((40 41 )(42 (43 (46 47 (44 45 )))))))))))((2 3 )((6 7 (4 5 ))(8 9 )(10 (11 12 )))))); 
ttag *!; 
ttag +49 3; 
ttag +50 ???; 
ttag +51 4; 
ttag +52 13; 
ttag +53 8; 
ttag +54 6; 
ttag +55 3; 
ttag +56 1; 
ttag +57 6; 
ttag +58 10; 
ttag +59 11; 
ttag +60 3; 
ttag +61 14; 
ttag +62 10; 
ttag +63 2; 
ttag +64 3; 
ttag +65 2; 
ttag +66 9; 
ttag +67 8; 
ttag +68 10; 
ttag +69 7; 
ttag +70 8; 
ttag +71 6; 
ttag +72 5; 
ttag +73 2; 
ttag +74 4; 
ttag +75 6; 
ttag +76 7; 
ttag +77 1; 
ttag +78 7; 
ttag +79 6; 
ttag +80 4; 
ttag +81 1; 
ttag +82 1; 
ttag +83 7; 
ttag +84 6; 
ttag +85 2; 
ttag +86 8; 
ttag +87 4; 
ttag +88 2; 
ttag +89 5; 
ttag +90 5; 
tread
'Tree with tags' 
(0 ((1 ((13 14 )(((17 (15 16 ))(18 (19 ((20 21 )((22 23 )(24 25 ))))))((26 (27 (28 (29 30 ))))(39 ((31 ((32 33 )((34 35 )(36 (37 38 )))))((40 41 )(42 (43 (47 (46 (44 45 ))))))))))))((2 3 )(((4 5 )(6 7 ))((8 9 )(10 (11 12 ))))))); 
ttag *!; 
ttag +0 ////; 
ttag +1 ////; 
ttag +2 ////; 
ttag +3 ////; 
ttag +4 ////; 
ttag +5 ////; 
ttag +6 ////; 
ttag +7 ////; 
ttag +8 ////; 
ttag +9 ////; 
ttag +10 ////; 
ttag +11 ////; 
ttag +12 ////; 
ttag +13 ////; 
ttag +14 ////; 
ttag +15 ////; 
ttag +16 ////; 
ttag +17 ////; 
ttag +18 ////; 
ttag +19 ////; 
ttag +20 ////; 
ttag +21 ////; 
ttag +22 ////; 
ttag +23 ////; 
ttag +24 ////; 
ttag +25 ////; 
ttag +26 ////; 
ttag +27 ////; 
ttag +28 ////; 
ttag +29 ////; 
ttag +30 ////; 
ttag +31 ////; 
ttag +32 ////; 
ttag +33 ////; 
ttag +34 ////; 
ttag +35 ////; 
ttag +36 ////; 
ttag +37 ////; 
ttag +38 ////; 
ttag +39 ////; 
ttag +40 ////; 
ttag +41 ////; 
ttag +42 ////; 
ttag +43 ////; 
ttag +44 ////; 
ttag +45 ////; 
ttag +46 ////; 
ttag +47 ////; 
ttag +48 ////; 
ttag +49 79/72/60/77/55; 
ttag +50 100/100/100/100/100; 
ttag +51 96/96/92/97/93; 
ttag +52 100/100/100/100/100; 
ttag +53 99/99/97/99/97; 
ttag +54 97/96/93/96/93; 
ttag +55 82/77/61/82/62; 
ttag +56 53/28/29/15/20; 
ttag +57 50/38/32/46/29; 
ttag +58 18/[7]/?/?/?; 
ttag +59 98/97/90/97/91; 
ttag +60 100/100/100/100/100; 
ttag +61 100/100/99/100/100; 
ttag +62 79/76/68/82/70; 
ttag +63 100/100/100/100/100; 
ttag +64 32/[6]/?/?/?; 
ttag +65 100/100/99/100/100; 
ttag +66 74/60/45/62/46; 
ttag +67 85/79/73/86/74; 
ttag +68 77/74/62/75/64; 
ttag +69 100/100/100/100/100; 
ttag +70 100/100/99/100/99; 
ttag +71 100/100/100/100/100; 
ttag +72 100/100/97/98/98; 
ttag +73 99/99/99/100/99; 
ttag +74 99/98/95/98/97; 
ttag +75 97/97/82/94/87; 
ttag +76 82/76/58/67/59; 
ttag +77 94/93/78/92/82; 
ttag +78 98/97/95/99/96; 
ttag +79 99/99/99/99/97; 
ttag +80 46/20/6/26/13; 
ttag +81 96/95/86/95/89; 
ttag +82 100/100/96/98/98; 
ttag +83 87/84/76/92/82; 
ttag +84 54/41/41/55/42; 
ttag +85 62/51/43/48/48; 
ttag +86 100/100/99/100/96; 
ttag +87 99/99/99/99/99; 
ttag +88 67/50/41/58/46; 
ttag +89 98/98/95/98/96; 
ttag +90 92/88/67/84/76; 
ttag +91 56/42/28/49/39; 
ttag +92 90/86/81/93/83; 
ttag +93 23/[21]/?/?/?; 
ttag +94 94/93/88/96/88; 
