tread
'Tree with tags' 
(0 ((1 ((17 (15 16 ))(18 (19 ((20 21 )((22 23 )(24 25 )))))))((2 3 )(8 9 (4 5 )(6 7 )(10 (11 12 ))))(13 14 )((26 (27 (28 (29 30 ))))((39 (31 ((32 33 )((34 35 )(36 (37 38 ))))))((40 41 )(42 (43 (44 45 )(46 47 )))))))); 
ttag *!; 
ttag +49 1; 
ttag +50 ???; 
ttag +51 10; 
ttag +52 4; 
ttag +53 9; 
ttag +54 3; 
ttag +55 3; 
ttag +56 7; 
ttag +57 10; 
ttag +58 7; 
ttag +59 16; 
ttag +60 4; 
ttag +61 6; 
ttag +62 7; 
ttag +63 2; 
ttag +64 12; 
ttag +65 10; 
ttag +66 11; 
ttag +67 6; 
ttag +68 1; 
ttag +69 11; 
ttag +70 5; 
ttag +71 2; 
ttag +72 5; 
ttag +73 6; 
ttag +74 7; 
ttag +75 2; 
ttag +76 8; 
ttag +77 5; 
ttag +78 5; 
ttag +79 11; 
ttag +80 2; 
ttag +81 13; 
ttag +82 8; 
ttag +83 6; 
ttag +84 6; 
ttag +85 8; 
ttag +86 2; 
ttag +87 4; 
ttag +88 1; 
tread
'Tree with tags' 
(0 (((1 ((17 (15 16 ))(18 (19 ((20 21 )((22 23 )(24 25 )))))))(((2 3 )(((4 5 )(6 7 ))(8 (9 (10 (11 12 ))))))(13 14 )))((26 (27 (28 (29 30 ))))((39 (31 ((32 33 )((34 35 )(36 (37 38 ))))))((40 41 )(42 ((43 (46 47 ))(44 45 )))))))); 
ttag *!; 
ttag +0 ////; 
ttag +1 ////; 
ttag +2 ////; 
ttag +3 ////; 
ttag +4 ////; 
ttag +5 ////; 
ttag +6 ////; 
ttag +7 ////; 
ttag +8 ////; 
ttag +9 ////; 
ttag +10 ////; 
ttag +11 ////; 
ttag +12 ////; 
ttag +13 ////; 
ttag +14 ////; 
ttag +15 ////; 
ttag +16 ////; 
ttag +17 ////; 
ttag +18 ////; 
ttag +19 ////; 
ttag +20 ////; 
ttag +21 ////; 
ttag +22 ////; 
ttag +23 ////; 
ttag +24 ////; 
ttag +25 ////; 
ttag +26 ////; 
ttag +27 ////; 
ttag +28 ////; 
ttag +29 ////; 
ttag +30 ////; 
ttag +31 ////; 
ttag +32 ////; 
ttag +33 ////; 
ttag +34 ////; 
ttag +35 ////; 
ttag +36 ////; 
ttag +37 ////; 
ttag +38 ////; 
ttag +39 ////; 
ttag +40 ////; 
ttag +41 ////; 
ttag +42 ////; 
ttag +43 ////; 
ttag +44 ////; 
ttag +45 ////; 
ttag +46 ////; 
ttag +47 ////; 
ttag +48 ////; 
ttag +49 65/60/44/50/40; 
ttag +50 35/[1]/12/4/6; 
ttag +51 100/100/100/100/100; 
ttag +52 100/100/98/100/99; 
ttag +53 89/86/76/83/71; 
ttag +54 31/[5]/7/2/?; 
ttag +55 100/100/100/100/100; 
ttag +56 42/18/18/7/19; 
ttag +57 82/80/75/86/74; 
ttag +58 86/84/74/89/74; 
ttag +59 31/15/14/11/16; 
ttag +60 12/[3]/4/?/0; 
ttag +61 97/97/94/99/96; 
ttag +62 100/100/99/100/100; 
ttag +63 99/99/98/99/98; 
ttag +64 100/100/100/100/100; 
ttag +65 93/91/77/90/81; 
ttag +66 98/98/91/98/92; 
ttag +67 99/98/97/99/94; 
ttag +68 78/69/56/73/54; 
ttag +69 100/100/100/100/100; 
ttag +70 100/100/97/99/99; 
ttag +71 100/100/99/100/99; 
ttag +72 97/97/91/97/94; 
ttag +73 62/44/36/42/38; 
ttag +74 100/100/100/100/100; 
ttag +75 95/94/84/95/86; 
ttag +76 86/84/82/88/79; 
ttag +77 96/95/92/96/94; 
ttag +78 100/100/100/100/99; 
ttag +79 97/97/94/98/88; 
ttag +80 81/77/68/78/62; 
ttag +81 98/98/96/98/94; 
ttag +82 97/97/87/96/89; 
ttag +83 94/94/92/92/83; 
ttag +84 100/100/100/100/100; 
ttag +85 84/84/75/82/67; 
ttag +86 100/100/100/100/100; 
ttag +87 99/99/100/100/99; 
ttag +88 98/98/94/99/92; 
ttag +89 98/98/90/97/89; 
ttag +90 99/99/98/99/98; 
ttag +91 28/[20]/?/?/?; 
ttag +92 68/58/46/62/50; 
ttag +93 95/94/92/93/90; 
ttag +94 59/41/25/46/29; 
