tread
'Tree with tags' 
(0 (1 ((2 3 )(((4 5 )(6 7 ))(8 9 )(10 (11 12 ))))(((13 14 )((15 16 )(17 (18 (19 ((20 21 )((22 23 )(24 25 ))))))))((26 (27 (28 (29 30 ))))(39 ((31 ((32 33 )(34 35 )(36 (37 38 ))))((40 41 )(42 (43 ((44 45 )(46 47 ))))))))))); 
ttag *!; 
ttag +49 ???; 
ttag +50 6; 
ttag +51 2; 
ttag +52 12; 
ttag +53 3; 
ttag +54 4; 
ttag +55 5; 
ttag +56 1; 
ttag +57 4; 
ttag +58 5; 
ttag +59 10; 
ttag +60 1; 
ttag +61 1; 
ttag +62 6; 
ttag +63 4; 
ttag +64 2; 
ttag +65 6; 
ttag +66 4; 
ttag +67 9; 
ttag +68 7; 
ttag +69 8; 
ttag +70 6; 
ttag +71 3; 
ttag +72 8; 
ttag +73 8; 
ttag +74 1; 
ttag +75 10; 
ttag +76 11; 
ttag +77 8; 
ttag +78 1; 
ttag +79 7; 
ttag +80 6; 
ttag +81 5; 
ttag +82 2; 
ttag +83 10; 
ttag +84 6; 
ttag +85 2; 
ttag +86 10; 
ttag +87 9; 
ttag +88 6; 
ttag +89 6; 
ttag +90 1; 
ttag +91 3; 
tread
'Tree with tags' 
(0 ((1 ((2 3 )((((4 5 )(6 7 ))(8 9 ))(10 (11 12 )))))(((13 14 )((15 16 )(17 (18 (19 ((20 21 )((22 23 )(24 25 ))))))))((26 (27 (28 (29 30 ))))(39 ((31 ((32 33 )((34 35 )(36 (37 38 )))))((40 41 )(42 (43 ((44 45 )(46 47 ))))))))))); 
ttag *!; 
ttag +0 ////; 
ttag +1 ////; 
ttag +2 ////; 
ttag +3 ////; 
ttag +4 ////; 
ttag +5 ////; 
ttag +6 ////; 
ttag +7 ////; 
ttag +8 ////; 
ttag +9 ////; 
ttag +10 ////; 
ttag +11 ////; 
ttag +12 ////; 
ttag +13 ////; 
ttag +14 ////; 
ttag +15 ////; 
ttag +16 ////; 
ttag +17 ////; 
ttag +18 ////; 
ttag +19 ////; 
ttag +20 ////; 
ttag +21 ////; 
ttag +22 ////; 
ttag +23 ////; 
ttag +24 ////; 
ttag +25 ////; 
ttag +26 ////; 
ttag +27 ////; 
ttag +28 ////; 
ttag +29 ////; 
ttag +30 ////; 
ttag +31 ////; 
ttag +32 ////; 
ttag +33 ////; 
ttag +34 ////; 
ttag +35 ////; 
ttag +36 ////; 
ttag +37 ////; 
ttag +38 ////; 
ttag +39 ////; 
ttag +40 ////; 
ttag +41 ////; 
ttag +42 ////; 
ttag +43 ////; 
ttag +44 ////; 
ttag +45 ////; 
ttag +46 ////; 
ttag +47 ////; 
ttag +48 ////; 
ttag +49 24/10/5/16/9; 
ttag +50 100/100/100/100/100; 
ttag +51 99/99/98/99/97; 
ttag +52 66/52/51/63/46; 
ttag +53 100/100/100/100/100; 
ttag +54 80/71/66/76/60; 
ttag +55 17/[29]/?/?/?; 
ttag +56 96/95/84/94/82; 
ttag +57 97/96/93/96/91; 
ttag +58 56/50/32/43/36; 
ttag +59 94/93/82/88/83; 
ttag +60 97/97/93/96/92; 
ttag +61 100/100/98/100/99; 
ttag +62 28/19/10/22/10; 
ttag +63 32/18/10/25/12; 
ttag +64 100/100/96/98/96; 
ttag +65 85/84/80/91/83; 
ttag +66 72/58/48/66/60; 
ttag +67 98/98/96/98/96; 
ttag +68 94/92/90/91/89; 
ttag +69 100/100/100/100/100; 
ttag +70 100/100/98/100/98; 
ttag +71 100/100/98/100/99; 
ttag +72 96/95/88/95/86; 
ttag +73 86/80/67/84/76; 
ttag +74 99/99/97/99/98; 
ttag +75 95/94/90/97/91; 
ttag +76 69/69/63/64/58; 
ttag +77 100/100/96/100/99; 
ttag +78 100/100/100/100/100; 
ttag +79 100/100/98/99/96; 
ttag +80 46/32/24/38/21; 
ttag +81 95/93/86/97/94; 
ttag +82 100/100/100/100/99; 
ttag +83 98/97/95/97/92; 
ttag +84 78/74/76/72/68; 
ttag +85 30/0/?/?/4; 
ttag +86 99/99/98/100/98; 
ttag +87 100/100/98/99/97; 
ttag +88 73/64/52/60/53; 
ttag +89 100/100/99/100/99; 
ttag +90 99/98/96/98/98; 
ttag +91 97/96/95/100/92; 
ttag +92 98/98/96/98/92; 
ttag +93 62/44/30/35/30; 
ttag +94 89/86/88/93/90; 
