tread
'Tree with tags' 
(0 (1 ((2 3 )(((4 5 )(6 7 ))((8 9 )(10 (11 12 )))))((13 14 )(((15 16 )(17 (18 (19 ((20 21 )((22 23 )(24 25 )))))))((26 (27 (28 (29 30 ))))((39 (31 ((32 33 )(34 35 )(36 (37 38 )))))((40 41 )(42 (43 ((44 45 )(46 47 ))))))))))); 
ttag *!; 
ttag +49 ???; 
ttag +50 9; 
ttag +51 10; 
ttag +52 2; 
ttag +53 4; 
ttag +54 2; 
ttag +55 3; 
ttag +56 1; 
ttag +57 3; 
ttag +58 5; 
ttag +59 6; 
ttag +60 6; 
ttag +61 5; 
ttag +62 11; 
ttag +63 5; 
ttag +64 1; 
ttag +65 6; 
ttag +66 3; 
ttag +67 2; 
ttag +68 9; 
ttag +69 7; 
ttag +70 4; 
ttag +71 3; 
ttag +72 4; 
ttag +73 8; 
ttag +74 9; 
ttag +75 7; 
ttag +76 8; 
ttag +77 8; 
ttag +78 7; 
ttag +79 2; 
ttag +80 6; 
ttag +81 6; 
ttag +82 3; 
ttag +83 6; 
ttag +84 11; 
ttag +85 4; 
ttag +86 2; 
ttag +87 7; 
ttag +88 4; 
ttag +89 3; 
ttag +90 10; 
ttag +91 6; 
ttag +92 4; 
tread
'Tree with tags' 
(0 ((1 ((13 14 )(((15 16 )(17 (18 (19 ((20 21 )((22 23 )(24 25 )))))))((26 (27 (28 (29 30 ))))((39 (31 (((32 33 )(36 (37 38 )))(34 35 ))))((40 41 )(42 (43 ((44 45 )(46 47 ))))))))))((2 3 )(((4 5 )(6 7 ))((8 9 )(10 (11 12 ))))))); 
ttag *!; 
ttag +0 ////; 
ttag +1 ////; 
ttag +2 ////; 
ttag +3 ////; 
ttag +4 ////; 
ttag +5 ////; 
ttag +6 ////; 
ttag +7 ////; 
ttag +8 ////; 
ttag +9 ////; 
ttag +10 ////; 
ttag +11 ////; 
ttag +12 ////; 
ttag +13 ////; 
ttag +14 ////; 
ttag +15 ////; 
ttag +16 ////; 
ttag +17 ////; 
ttag +18 ////; 
ttag +19 ////; 
ttag +20 ////; 
ttag +21 ////; 
ttag +22 ////; 
ttag +23 ////; 
ttag +24 ////; 
ttag +25 ////; 
ttag +26 ////; 
ttag +27 ////; 
ttag +28 ////; 
ttag +29 ////; 
ttag +30 ////; 
ttag +31 ////; 
ttag +32 ////; 
ttag +33 ////; 
ttag +34 ////; 
ttag +35 ////; 
ttag +36 ////; 
ttag +37 ////; 
ttag +38 ////; 
ttag +39 ////; 
ttag +40 ////; 
ttag +41 ////; 
ttag +42 ////; 
ttag +43 ////; 
ttag +44 ////; 
ttag +45 ////; 
ttag +46 ////; 
ttag +47 ////; 
ttag +48 ////; 
ttag +49 19/[27]/?/?/?; 
ttag +50 100/100/100/100/100; 
ttag +51 100/100/99/100/99; 
ttag +52 100/100/99/100/97; 
ttag +53 68/54/44/63/46; 
ttag +54 88/85/72/90/70; 
ttag +55 64/54/38/55/38; 
ttag +56 75/71/60/72/63; 
ttag +57 52/38/43/46/52; 
ttag +58 60/45/48/57/57; 
ttag +59 88/86/82/91/79; 
ttag +60 96/95/93/98/94; 
ttag +61 99/99/99/99/98; 
ttag +62 88/84/82/90/80; 
ttag +63 100/100/100/100/100; 
ttag +64 91/88/73/88/78; 
ttag +65 48/35/26/31/30; 
ttag +66 96/95/87/98/90; 
ttag +67 79/70/52/70/51; 
ttag +68 78/75/56/74/56; 
ttag +69 100/100/99/100/100; 
ttag +70 97/96/90/96/92; 
ttag +71 90/85/82/86/87; 
ttag +72 89/82/62/81/61; 
ttag +73 93/90/73/87/76; 
ttag +74 99/99/98/99/98; 
ttag +75 99/99/98/99/98; 
ttag +76 99/99/97/99/97; 
ttag +77 100/100/97/100/98; 
ttag +78 100/100/100/100/99; 
ttag +79 96/95/84/96/87; 
ttag +80 64/55/39/54/45; 
ttag +81 98/98/95/95/93; 
ttag +82 99/98/97/98/99; 
ttag +83 28/[2]/2/?/?; 
ttag +84 82/76/73/80/77; 
ttag +85 100/100/100/99/99; 
ttag +86 100/100/100/100/99; 
ttag +87 94/91/82/89/84; 
ttag +88 80/76/64/71/52; 
ttag +89 98/98/93/96/93; 
ttag +90 84/76/63/77/69; 
ttag +91 78/70/64/82/72; 
ttag +92 100/100/100/99/100; 
ttag +93 98/98/94/97/94; 
ttag +94 96/95/92/93/91; 
