tread
'Tree with tags' 
(0 ((1 (((2 3 )((8 (9 (6 7 (4 5 ))))(10 (11 12 ))))(13 14 )))(((15 16 )(17 (18 (19 ((20 21 )((22 23 )(24 25 )))))))((26 (27 (28 (29 30 ))))((31 ((32 33 )((34 35 )(36 (37 38 )))))(39 ((40 41 )(42 (43 ((44 45 )(46 47 ))))))))))); 
ttag *!; 
ttag +49 1; 
ttag +50 ???; 
ttag +51 5; 
ttag +52 7; 
ttag +53 1; 
ttag +54 7; 
ttag +55 10; 
ttag +56 1; 
ttag +57 1; 
ttag +58 6; 
ttag +59 5; 
ttag +60 8; 
ttag +61 9; 
ttag +62 6; 
ttag +63 4; 
ttag +64 1; 
ttag +65 2; 
ttag +66 4; 
ttag +67 1; 
ttag +68 11; 
ttag +69 3; 
ttag +70 6; 
ttag +71 8; 
ttag +72 4; 
ttag +73 5; 
ttag +74 8; 
ttag +75 4; 
ttag +76 2; 
ttag +77 14; 
ttag +78 2; 
ttag +79 8; 
ttag +80 4; 
ttag +81 7; 
ttag +82 5; 
ttag +83 1; 
ttag +84 10; 
ttag +85 5; 
ttag +86 1; 
ttag +87 1; 
ttag +88 3; 
ttag +89 18; 
ttag +90 9; 
ttag +91 7; 
ttag +92 3; 
ttag +93 2; 
tread
'Tree with tags' 
(0 ((1 (((2 3 )((8 (9 ((4 5 )(6 7 ))))(10 (11 12 ))))(13 14 )))(((15 16 )(17 (18 (19 ((20 21 )((22 23 )(24 25 )))))))((26 (27 (28 (29 30 ))))((31 ((32 33 )((34 35 )(36 (37 38 )))))(39 ((40 41 )(42 (43 ((44 45 )(46 47 ))))))))))); 
ttag *!; 
ttag +0 ////; 
ttag +1 ////; 
ttag +2 ////; 
ttag +3 ////; 
ttag +4 ////; 
ttag +5 ////; 
ttag +6 ////; 
ttag +7 ////; 
ttag +8 ////; 
ttag +9 ////; 
ttag +10 ////; 
ttag +11 ////; 
ttag +12 ////; 
ttag +13 ////; 
ttag +14 ////; 
ttag +15 ////; 
ttag +16 ////; 
ttag +17 ////; 
ttag +18 ////; 
ttag +19 ////; 
ttag +20 ////; 
ttag +21 ////; 
ttag +22 ////; 
ttag +23 ////; 
ttag +24 ////; 
ttag +25 ////; 
ttag +26 ////; 
ttag +27 ////; 
ttag +28 ////; 
ttag +29 ////; 
ttag +30 ////; 
ttag +31 ////; 
ttag +32 ////; 
ttag +33 ////; 
ttag +34 ////; 
ttag +35 ////; 
ttag +36 ////; 
ttag +37 ////; 
ttag +38 ////; 
ttag +39 ////; 
ttag +40 ////; 
ttag +41 ////; 
ttag +42 ////; 
ttag +43 ////; 
ttag +44 ////; 
ttag +45 ////; 
ttag +46 ////; 
ttag +47 ////; 
ttag +48 ////; 
ttag +49 23/4/?/11/3; 
ttag +50 100/100/100/100/100; 
ttag +51 98/97/96/96/96; 
ttag +52 92/92/83/92/82; 
ttag +53 36/17/12/26/13; 
ttag +54 100/100/100/100/100; 
ttag +55 99/99/98/100/100; 
ttag +56 34/7/?/15/6; 
ttag +57 38/11/3/20/10; 
ttag +58 93/90/88/96/89; 
ttag +59 29/[26]/?/?/?; 
ttag +60 94/92/90/96/92; 
ttag +61 100/100/99/100/98; 
ttag +62 100/100/98/100/98; 
ttag +63 96/95/90/96/89; 
ttag +64 90/90/77/92/83; 
ttag +65 19/0/?/1/?; 
ttag +66 54/25/23/36/19; 
ttag +67 92/90/82/90/77; 
ttag +68 52/30/17/32/34; 
ttag +69 99/99/100/100/100; 
ttag +70 93/93/87/90/86; 
ttag +71 100/100/95/98/94; 
ttag +72 100/100/98/100/97; 
ttag +73 90/84/71/88/76; 
ttag +74 98/98/96/98/97; 
ttag +75 97/97/92/96/88; 
ttag +76 93/91/82/92/85; 
ttag +77 76/65/54/62/66; 
ttag +78 100/100/100/100/100; 
ttag +79 92/92/87/93/90; 
ttag +80 97/95/86/93/82; 
ttag +81 91/86/78/87/74; 
ttag +82 99/98/95/98/95; 
ttag +83 99/99/94/98/93; 
ttag +84 33/28/13/17/16; 
ttag +85 100/100/100/100/97; 
ttag +86 92/90/82/93/89; 
ttag +87 46/25/24/37/28; 
ttag +88 67/56/47/59/54; 
ttag +89 77/66/66/70/55; 
ttag +90 100/100/100/100/100; 
ttag +91 100/100/99/99/97; 
ttag +92 98/98/96/99/94; 
ttag +93 89/84/81/85/73; 
ttag +94 65/60/56/71/52; 
