tread
'Tree with tags' 
(0 ((((1 ((2 3 )(((4 5 )(6 7 ))(8 (9 (10 (11 12 )))))))((26 27 (28 (29 30 )))((39 (31 ((32 33 )(34 35 )(36 (37 38 )))))(40 41 (42 (43 ((44 45 )(46 47 ))))))))(13 14 ))((15 16 )(17 (18 (19 ((20 21 )((22 23 )(24 25 ))))))))); 
ttag *!; 
ttag +49 1; 
ttag +50 1; 
ttag +51 1; 
ttag +52 ???; 
ttag +53 1; 
ttag +54 3; 
ttag +55 1; 
ttag +56 5; 
ttag +57 6; 
ttag +58 3; 
ttag +59 2; 
ttag +60 2; 
ttag +61 2; 
ttag +62 7; 
ttag +63 11; 
ttag +64 9; 
ttag +65 4; 
ttag +66 3; 
ttag +67 5; 
ttag +68 3; 
ttag +69 14; 
ttag +70 2; 
ttag +71 7; 
ttag +72 3; 
ttag +73 3; 
ttag +74 5; 
ttag +75 6; 
ttag +76 5; 
ttag +77 14; 
ttag +78 6; 
ttag +79 1; 
ttag +80 2; 
ttag +81 7; 
ttag +82 4; 
ttag +83 3; 
ttag +84 12; 
ttag +85 5; 
ttag +86 9; 
ttag +87 7; 
ttag +88 1; 
ttag +89 11; 
ttag +90 4; 
ttag +91 5; 
tread
'Tree with tags' 
(0 ((((1 ((2 3 )(((4 5 )(6 7 ))(8 (9 (10 (11 12 )))))))(((26 27 )(28 (29 30 )))((39 (31 ((32 33 )((34 35 )(36 (37 38 ))))))((40 41 )(42 (43 ((44 45 )(46 47 ))))))))(13 14 ))((15 16 )(17 (18 (19 ((20 21 )((22 23 )(24 25 ))))))))); 
ttag *!; 
ttag +0 ////; 
ttag +1 ////; 
ttag +2 ////; 
ttag +3 ////; 
ttag +4 ////; 
ttag +5 ////; 
ttag +6 ////; 
ttag +7 ////; 
ttag +8 ////; 
ttag +9 ////; 
ttag +10 ////; 
ttag +11 ////; 
ttag +12 ////; 
ttag +13 ////; 
ttag +14 ////; 
ttag +15 ////; 
ttag +16 ////; 
ttag +17 ////; 
ttag +18 ////; 
ttag +19 ////; 
ttag +20 ////; 
ttag +21 ////; 
ttag +22 ////; 
ttag +23 ////; 
ttag +24 ////; 
ttag +25 ////; 
ttag +26 ////; 
ttag +27 ////; 
ttag +28 ////; 
ttag +29 ////; 
ttag +30 ////; 
ttag +31 ////; 
ttag +32 ////; 
ttag +33 ////; 
ttag +34 ////; 
ttag +35 ////; 
ttag +36 ////; 
ttag +37 ////; 
ttag +38 ////; 
ttag +39 ////; 
ttag +40 ////; 
ttag +41 ////; 
ttag +42 ////; 
ttag +43 ////; 
ttag +44 ////; 
ttag +45 ////; 
ttag +46 ////; 
ttag +47 ////; 
ttag +48 ////; 
ttag +49 24/[4]/?/?/?; 
ttag +50 20/[8]/?/?/?; 
ttag +51 48/36/15/32/19; 
ttag +52 100/100/100/100/100; 
ttag +53 70/50/64/57/52; 
ttag +54 80/77/62/79/71; 
ttag +55 58/46/38/58/40; 
ttag +56 97/96/96/96/94; 
ttag +57 99/99/100/100/98; 
ttag +58 93/91/84/91/86; 
ttag +59 68/52/42/52/44; 
ttag +60 62/46/36/47/38; 
ttag +61 69/60/50/54/44; 
ttag +62 100/100/98/99/99; 
ttag +63 99/99/99/99/100; 
ttag +64 100/100/100/100/99; 
ttag +65 78/67/46/74/58; 
ttag +66 87/84/66/86/72; 
ttag +67 99/98/95/97/98; 
ttag +68 78/72/47/71/64; 
ttag +69 100/100/100/100/100; 
ttag +70 62/44/33/60/48; 
ttag +71 96/94/93/98/89; 
ttag +72 77/75/55/79/57; 
ttag +73 88/86/74/86/69; 
ttag +74 28/6/5/6/11; 
ttag +75 95/93/84/97/90; 
ttag +76 98/97/91/99/93; 
ttag +77 98/98/92/99/95; 
ttag +78 100/100/100/100/100; 
ttag +79 99/99/97/98/96; 
ttag +80 44/19/11/14/10; 
ttag +81 86/83/80/76/77; 
ttag +82 100/100/100/100/100; 
ttag +83 94/92/85/90/92; 
ttag +84 95/95/88/95/92; 
ttag +85 44/9/?/7/6; 
ttag +86 100/100/100/100/100; 
ttag +87 99/99/92/95/91; 
ttag +88 43/3/15/10/11; 
ttag +89 100/100/99/100/100; 
ttag +90 100/100/99/100/100; 
ttag +91 72/64/54/68/59; 
ttag +92 100/100/100/100/99; 
ttag +93 94/92/88/94/88; 
ttag +94 96/96/92/99/95; 
