tread
'Tree with tags' 
(0 ((((1 ((31 (((32 33 )(34 35 ))(36 (37 38 ))))(39 ((40 41 )((42 43 )((44 45 )(46 47 )))))))(26 (27 (28 (29 30 )))))((13 14 )((15 16 )(17 (18 (19 ((20 21 )((22 23 )(24 25 )))))))))((2 3 )((6 7 (4 5 ))((8 9 )(10 (11 12 ))))))); 
ttag *!; 
ttag +49 1; 
ttag +50 1; 
ttag +51 1; 
ttag +52 ???; 
ttag +53 6; 
ttag +54 8; 
ttag +55 2; 
ttag +56 4; 
ttag +57 4; 
ttag +58 6; 
ttag +59 1; 
ttag +60 1; 
ttag +61 5; 
ttag +62 6; 
ttag +63 1; 
ttag +64 8; 
ttag +65 5; 
ttag +66 1; 
ttag +67 2; 
ttag +68 4; 
ttag +69 7; 
ttag +70 8; 
ttag +71 8; 
ttag +72 5; 
ttag +73 9; 
ttag +74 9; 
ttag +75 5; 
ttag +76 4; 
ttag +77 4; 
ttag +78 5; 
ttag +79 5; 
ttag +80 4; 
ttag +81 2; 
ttag +82 3; 
ttag +83 6; 
ttag +84 4; 
ttag +85 9; 
ttag +86 1; 
ttag +87 1; 
ttag +88 7; 
ttag +89 2; 
ttag +90 10; 
ttag +91 14; 
ttag +92 1; 
ttag +93 4; 
tread
'Tree with tags' 
(0 ((((1 ((31 (((32 33 )(34 35 ))(36 (37 38 ))))(39 ((40 41 )((42 43 )((44 45 )(46 47 )))))))(26 (27 (28 (29 30 )))))((13 14 )((15 16 )(17 (18 (19 ((20 21 )((22 23 )(24 25 )))))))))((2 3 )(((4 5 )(6 7 ))((8 9 )(10 (11 12 ))))))); 
ttag *!; 
ttag +0 ////; 
ttag +1 ////; 
ttag +2 ////; 
ttag +3 ////; 
ttag +4 ////; 
ttag +5 ////; 
ttag +6 ////; 
ttag +7 ////; 
ttag +8 ////; 
ttag +9 ////; 
ttag +10 ////; 
ttag +11 ////; 
ttag +12 ////; 
ttag +13 ////; 
ttag +14 ////; 
ttag +15 ////; 
ttag +16 ////; 
ttag +17 ////; 
ttag +18 ////; 
ttag +19 ////; 
ttag +20 ////; 
ttag +21 ////; 
ttag +22 ////; 
ttag +23 ////; 
ttag +24 ////; 
ttag +25 ////; 
ttag +26 ////; 
ttag +27 ////; 
ttag +28 ////; 
ttag +29 ////; 
ttag +30 ////; 
ttag +31 ////; 
ttag +32 ////; 
ttag +33 ////; 
ttag +34 ////; 
ttag +35 ////; 
ttag +36 ////; 
ttag +37 ////; 
ttag +38 ////; 
ttag +39 ////; 
ttag +40 ////; 
ttag +41 ////; 
ttag +42 ////; 
ttag +43 ////; 
ttag +44 ////; 
ttag +45 ////; 
ttag +46 ////; 
ttag +47 ////; 
ttag +48 ////; 
ttag +49 42/8/1/12/8; 
ttag +50 34/7/2/7/8; 
ttag +51 16/[10]/?/?/?; 
ttag +52 100/100/100/100/100; 
ttag +53 94/92/80/97/84; 
ttag +54 96/96/96/100/98; 
ttag +55 76/70/58/72/69; 
ttag +56 81/78/63/83/68; 
ttag +57 82/76/69/84/75; 
ttag +58 25/[32]/?/?/?; 
ttag +59 98/98/96/97/95; 
ttag +60 61/50/37/50/44; 
ttag +61 64/53/46/51/44; 
ttag +62 99/99/98/99/99; 
ttag +63 98/98/97/99/96; 
ttag +64 36/23/22/31/28; 
ttag +65 99/99/97/98/99; 
ttag +66 95/94/93/97/92; 
ttag +67 40/20/10/28/19; 
ttag +68 50/34/24/44/27; 
ttag +69 89/86/72/88/76; 
ttag +70 100/100/100/100/100; 
ttag +71 98/98/94/98/95; 
ttag +72 100/100/98/99/98; 
ttag +73 94/93/78/94/83; 
ttag +74 100/100/100/100/98; 
ttag +75 98/98/99/99/99; 
ttag +76 83/77/71/81/64; 
ttag +77 80/71/62/80/58; 
ttag +78 84/73/58/76/56; 
ttag +79 90/86/85/90/83; 
ttag +80 96/96/90/96/91; 
ttag +81 97/97/95/96/93; 
ttag +82 85/85/87/90/89; 
ttag +83 81/75/70/82/70; 
ttag +84 100/100/100/100/99; 
ttag +85 91/87/82/88/76; 
ttag +86 100/100/99/100/100; 
ttag +87 45/35/28/41/30; 
ttag +88 52/28/38/41/37; 
ttag +89 100/100/96/98/96; 
ttag +90 72/68/61/70/62; 
ttag +91 100/100/99/100/99; 
ttag +92 100/100/100/100/100; 
ttag +93 59/36/30/44/38; 
ttag +94 90/88/74/91/83; 
