tread
'Tree with tags' 
(0 ((1 ((2 3 )(8 9 ((4 5 )(6 7 ))(10 (11 12 )))))(((13 14 )(17 ((15 16 )(18 (19 ((20 21 )((22 23 )(24 25 ))))))))((26 (27 (28 (29 30 ))))(39 ((((31 (36 (37 38 )))(34 35 ))(32 33 ))(40 41 (42 43 (46 47 (44 45 )))))))))); 
ttag *!; 
ttag +49 2; 
ttag +50 ???; 
ttag +51 7; 
ttag +52 5; 
ttag +53 2; 
ttag +54 5; 
ttag +55 1; 
ttag +56 3; 
ttag +57 2; 
ttag +58 8; 
ttag +59 8; 
ttag +60 2; 
ttag +61 2; 
ttag +62 9; 
ttag +63 1; 
ttag +64 5; 
ttag +65 6; 
ttag +66 2; 
ttag +67 13; 
ttag +68 1; 
ttag +69 9; 
ttag +70 6; 
ttag +71 6; 
ttag +72 5; 
ttag +73 1; 
ttag +74 1; 
ttag +75 9; 
ttag +76 7; 
ttag +77 2; 
ttag +78 2; 
ttag +79 6; 
ttag +80 2; 
ttag +81 6; 
ttag +82 6; 
ttag +83 1; 
ttag +84 11; 
ttag +85 11; 
ttag +86 5; 
ttag +87 4; 
ttag +88 9; 
ttag +89 10; 
tread
'Tree with tags' 
(0 ((1 ((2 3 )((8 ((4 5 )(6 7 )))(9 (10 (11 12 ))))))(((13 14 )(17 ((15 16 )(18 (19 ((20 21 )((22 23 )(24 25 ))))))))((26 (27 (28 (29 30 ))))(39 ((((31 (36 (37 38 )))(34 35 ))(32 33 ))(41 (40 (43 (42 ((44 45 )(46 47 )))))))))))); 
ttag *!; 
ttag +0 ////; 
ttag +1 ////; 
ttag +2 ////; 
ttag +3 ////; 
ttag +4 ////; 
ttag +5 ////; 
ttag +6 ////; 
ttag +7 ////; 
ttag +8 ////; 
ttag +9 ////; 
ttag +10 ////; 
ttag +11 ////; 
ttag +12 ////; 
ttag +13 ////; 
ttag +14 ////; 
ttag +15 ////; 
ttag +16 ////; 
ttag +17 ////; 
ttag +18 ////; 
ttag +19 ////; 
ttag +20 ////; 
ttag +21 ////; 
ttag +22 ////; 
ttag +23 ////; 
ttag +24 ////; 
ttag +25 ////; 
ttag +26 ////; 
ttag +27 ////; 
ttag +28 ////; 
ttag +29 ////; 
ttag +30 ////; 
ttag +31 ////; 
ttag +32 ////; 
ttag +33 ////; 
ttag +34 ////; 
ttag +35 ////; 
ttag +36 ////; 
ttag +37 ////; 
ttag +38 ////; 
ttag +39 ////; 
ttag +40 ////; 
ttag +41 ////; 
ttag +42 ////; 
ttag +43 ////; 
ttag +44 ////; 
ttag +45 ////; 
ttag +46 ////; 
ttag +47 ////; 
ttag +48 ////; 
ttag +49 48/31/20/39/13; 
ttag +50 100/100/100/100/100; 
ttag +51 99/99/99/99/99; 
ttag +52 95/93/88/95/86; 
ttag +53 89/83/74/78/75; 
ttag +54 95/93/89/94/88; 
ttag +55 47/19/5/22/5; 
ttag +56 73/60/53/62/55; 
ttag +57 93/91/83/94/90; 
ttag +58 16/[4]/?/?/0; 
ttag +59 83/79/57/74/63; 
ttag +60 100/100/98/100/99; 
ttag +61 100/100/100/100/100; 
ttag +62 54/43/32/46/32; 
ttag +63 52/44/29/52/32; 
ttag +64 99/99/99/100/98; 
ttag +65 59/40/32/48/41; 
ttag +66 88/83/78/88/79; 
ttag +67 92/89/84/95/85; 
ttag +68 66/52/52/63/52; 
ttag +69 100/100/100/100/100; 
ttag +70 48/28/28/39/26; 
ttag +71 100/100/98/100/100; 
ttag +72 94/94/84/94/85; 
ttag +73 98/98/96/97/93; 
ttag +74 92/91/80/93/82; 
ttag +75 43/32/23/34/18; 
ttag +76 58/35/30/40/24; 
ttag +77 98/98/96/99/98; 
ttag +78 99/99/99/98/96; 
ttag +79 63/49/34/53/37; 
ttag +80 66/51/38/55/41; 
ttag +81 99/98/94/99/93; 
ttag +82 66/52/42/58/44; 
ttag +83 97/96/92/98/89; 
ttag +84 96/95/90/96/94; 
ttag +85 56/43/46/56/42; 
ttag +86 100/100/100/100/99; 
ttag +87 100/100/99/100/100; 
ttag +88 31/[15]/?/?/?; 
ttag +89 92/89/85/92/82; 
ttag +90 37/7/5/2/?; 
ttag +91 90/87/79/84/78; 
ttag +92 99/99/100/100/99; 
ttag +93 99/99/100/100/100; 
ttag +94 49/28/24/30/22; 
