tread
'Tree with tags' 
(0 (1 (8 9 ((2 3 )((4 5 )(6 7 )))(10 (11 12 )))(13 14 )(17 (15 16 )(18 19 ((20 21 )((22 23 )(24 25 )))))((26 (27 (28 (29 30 ))))((31 (32 33 )((34 35 )(36 (37 38 ))))(39 ((40 41 )(42 (43 (44 45 )(46 47 ))))))))); 
ttag *!; 
ttag +49 ???; 
ttag +50 8; 
ttag +51 1; 
ttag +52 9; 
ttag +53 8; 
ttag +54 4; 
ttag +55 3; 
ttag +56 4; 
ttag +57 10; 
ttag +58 3; 
ttag +59 5; 
ttag +60 5; 
ttag +61 6; 
ttag +62 3; 
ttag +63 4; 
ttag +64 7; 
ttag +65 7; 
ttag +66 5; 
ttag +67 4; 
ttag +68 8; 
ttag +69 3; 
ttag +70 4; 
ttag +71 11; 
ttag +72 7; 
ttag +73 5; 
ttag +74 14; 
ttag +75 6; 
ttag +76 1; 
ttag +77 7; 
ttag +78 6; 
ttag +79 2; 
ttag +80 1; 
ttag +81 9; 
ttag +82 6; 
ttag +83 4; 
ttag +84 7; 
ttag +85 6; 
tread
'Tree with tags' 
(0 (((1 ((9 (8 ((2 3 )((4 5 )(6 7 )))))(10 (11 12 ))))((13 14 )((26 (27 (28 (29 30 ))))(((31 ((34 35 )(36 (37 38 ))))(32 33 ))(39 ((40 41 )(42 ((43 (44 45 ))(46 47 )))))))))((15 16 )(17 (19 (18 ((20 21 )((22 23 )(24 25 ))))))))); 
ttag *!; 
ttag +0 ////; 
ttag +1 ////; 
ttag +2 ////; 
ttag +3 ////; 
ttag +4 ////; 
ttag +5 ////; 
ttag +6 ////; 
ttag +7 ////; 
ttag +8 ////; 
ttag +9 ////; 
ttag +10 ////; 
ttag +11 ////; 
ttag +12 ////; 
ttag +13 ////; 
ttag +14 ////; 
ttag +15 ////; 
ttag +16 ////; 
ttag +17 ////; 
ttag +18 ////; 
ttag +19 ////; 
ttag +20 ////; 
ttag +21 ////; 
ttag +22 ////; 
ttag +23 ////; 
ttag +24 ////; 
ttag +25 ////; 
ttag +26 ////; 
ttag +27 ////; 
ttag +28 ////; 
ttag +29 ////; 
ttag +30 ////; 
ttag +31 ////; 
ttag +32 ////; 
ttag +33 ////; 
ttag +34 ////; 
ttag +35 ////; 
ttag +36 ////; 
ttag +37 ////; 
ttag +38 ////; 
ttag +39 ////; 
ttag +40 ////; 
ttag +41 ////; 
ttag +42 ////; 
ttag +43 ////; 
ttag +44 ////; 
ttag +45 ////; 
ttag +46 ////; 
ttag +47 ////; 
ttag +48 ////; 
ttag +49 28/[1]/2/6/4; 
ttag +50 14/[2]/?/?/?; 
ttag +51 100/100/100/100/100; 
ttag +52 100/100/100/99/100; 
ttag +53 44/29/20/25/15; 
ttag +54 4/[17]/?/?/?; 
ttag +55 9/[12]/?/?/?; 
ttag +56 100/100/98/99/99; 
ttag +57 99/98/97/99/99; 
ttag +58 96/96/93/98/88; 
ttag +59 91/88/72/82/74; 
ttag +60 94/93/92/94/87; 
ttag +61 100/100/100/100/100; 
ttag +62 92/88/80/83/74; 
ttag +63 30/1/10/13/4; 
ttag +64 96/94/93/93/91; 
ttag +65 95/94/89/95/89; 
ttag +66 52/40/44/43/40; 
ttag +67 39/16/19/18/20; 
ttag +68 100/100/98/98/97; 
ttag +69 96/96/97/98/95; 
ttag +70 97/96/92/98/92; 
ttag +71 99/99/99/100/98; 
ttag +72 99/98/97/99/99; 
ttag +73 96/95/91/94/93; 
ttag +74 92/88/86/94/82; 
ttag +75 100/100/98/99/96; 
ttag +76 90/87/84/90/82; 
ttag +77 98/97/88/94/81; 
ttag +78 100/100/100/100/100; 
ttag +79 19/[10]/?/?/?; 
ttag +80 99/99/94/97/90; 
ttag +81 92/90/83/92/80; 
ttag +82 100/100/100/100/100; 
ttag +83 99/98/92/96/92; 
ttag +84 48/18/18/28/15; 
ttag +85 98/98/90/96/90; 
ttag +86 97/97/89/94/91; 
ttag +87 84/83/81/85/85; 
ttag +88 34/12/13/20/16; 
ttag +89 99/99/100/100/98; 
ttag +90 98/98/94/98/96; 
ttag +91 22/[4]/1/?/1; 
ttag +92 74/59/59/65/54; 
ttag +93 98/97/92/97/92; 
ttag +94 96/96/89/96/89; 
