tread
'Tree with tags' 
(0 ((1 (((2 3 )(10 (11 12 )))(((4 5 )(6 7 ))(8 9 ))))((13 14 )(17 (15 16 )(18 (19 ((20 21 )((22 23 )(24 25 ))))))((26 (27 (28 (29 30 ))))(39 (31 (((32 33 )(34 35 ))(36 (37 38 ))))((40 41 )(42 (43 ((44 45 )(46 47 )))))))))); 
ttag *!; 
ttag +49 1; 
ttag +50 ???; 
ttag +51 9; 
ttag +52 1; 
ttag +53 7; 
ttag +54 6; 
ttag +55 4; 
ttag +56 1; 
ttag +57 6; 
ttag +58 1; 
ttag +59 8; 
ttag +60 5; 
ttag +61 6; 
ttag +62 1; 
ttag +63 10; 
ttag +64 6; 
ttag +65 6; 
ttag +66 1; 
ttag +67 8; 
ttag +68 9; 
ttag +69 12; 
ttag +70 10; 
ttag +71 5; 
ttag +72 4; 
ttag +73 9; 
ttag +74 3; 
ttag +75 1; 
ttag +76 7; 
ttag +77 7; 
ttag +78 5; 
ttag +79 6; 
ttag +80 1; 
ttag +81 7; 
ttag +82 2; 
ttag +83 5; 
ttag +84 4; 
ttag +85 2; 
ttag +86 2; 
ttag +87 7; 
ttag +88 3; 
ttag +89 11; 
ttag +90 7; 
ttag +91 2; 
tread
'Tree with tags' 
(0 ((1 (((2 3 )(10 (11 12 )))(((4 5 )(6 7 ))(8 9 ))))((13 14 )((17 ((15 16 )(18 (19 ((20 21 )((22 23 )(24 25 )))))))((26 (27 (28 (29 30 ))))((39 (31 (((32 33 )(34 35 ))(36 (37 38 )))))((40 41 )(42 (43 ((44 45 )(46 47 ))))))))))); 
ttag *!; 
ttag +0 ////; 
ttag +1 ////; 
ttag +2 ////; 
ttag +3 ////; 
ttag +4 ////; 
ttag +5 ////; 
ttag +6 ////; 
ttag +7 ////; 
ttag +8 ////; 
ttag +9 ////; 
ttag +10 ////; 
ttag +11 ////; 
ttag +12 ////; 
ttag +13 ////; 
ttag +14 ////; 
ttag +15 ////; 
ttag +16 ////; 
ttag +17 ////; 
ttag +18 ////; 
ttag +19 ////; 
ttag +20 ////; 
ttag +21 ////; 
ttag +22 ////; 
ttag +23 ////; 
ttag +24 ////; 
ttag +25 ////; 
ttag +26 ////; 
ttag +27 ////; 
ttag +28 ////; 
ttag +29 ////; 
ttag +30 ////; 
ttag +31 ////; 
ttag +32 ////; 
ttag +33 ////; 
ttag +34 ////; 
ttag +35 ////; 
ttag +36 ////; 
ttag +37 ////; 
ttag +38 ////; 
ttag +39 ////; 
ttag +40 ////; 
ttag +41 ////; 
ttag +42 ////; 
ttag +43 ////; 
ttag +44 ////; 
ttag +45 ////; 
ttag +46 ////; 
ttag +47 ////; 
ttag +48 ////; 
ttag +49 34/[8]/?/?/?; 
ttag +50 100/100/100/100/100; 
ttag +51 99/99/98/99/99; 
ttag +52 27/[30]/?/?/?; 
ttag +53 98/98/92/98/94; 
ttag +54 97/97/97/99/99; 
ttag +55 87/83/70/86/64; 
ttag +56 25/[32]/?/?/?; 
ttag +57 90/86/74/88/69; 
ttag +58 44/11/16/23/21; 
ttag +59 99/99/95/100/96; 
ttag +60 100/100/94/98/97; 
ttag +61 99/99/98/98/98; 
ttag +62 57/44/47/47/45; 
ttag +63 100/100/100/100/100; 
ttag +64 30/[2]/?/?/?; 
ttag +65 97/97/93/98/94; 
ttag +66 22/9/4/?/4; 
ttag +67 97/95/93/99/91; 
ttag +68 64/63/60/66/61; 
ttag +69 100/100/100/100/100; 
ttag +70 99/98/98/99/96; 
ttag +71 100/100/100/100/99; 
ttag +72 100/100/99/100/100; 
ttag +73 98/96/95/98/98; 
ttag +74 92/89/84/95/86; 
ttag +75 99/99/99/100/99; 
ttag +76 82/81/67/84/77; 
ttag +77 50/17/10/28/10; 
ttag +78 99/99/97/100/98; 
ttag +79 99/98/94/98/97; 
ttag +80 32/13/14/12/14; 
ttag +81 80/72/66/77/68; 
ttag +82 99/98/98/100/98; 
ttag +83 66/62/56/55/54; 
ttag +84 100/100/95/98/97; 
ttag +85 78/72/74/76/69; 
ttag +86 100/100/99/98/99; 
ttag +87 93/92/90/98/88; 
ttag +88 79/72/62/76/64; 
ttag +89 62/52/35/47/45; 
ttag +90 99/99/99/99/97; 
ttag +91 84/80/68/82/74; 
ttag +92 100/100/98/100/98; 
ttag +93 99/98/97/100/98; 
ttag +94 81/77/66/75/67; 
