tread
'Tree with tags' 
(0 (((1 ((2 3 )(8 (9 ((4 5 )(6 7 ))))(10 (11 12 ))))((15 16 )(17 (18 (19 ((20 21 )((22 23 )(24 25 ))))))))((13 14 )((26 27 (28 (29 30 )))((31 ((32 33 )(34 35 )(36 (37 38 ))))(39 ((40 41 )(42 (43 (47 (46 (44 45 )))))))))))); 
ttag *!; 
ttag +49 1; 
ttag +50 1; 
ttag +51 ???; 
ttag +52 8; 
ttag +53 5; 
ttag +54 5; 
ttag +55 4; 
ttag +56 1; 
ttag +57 1; 
ttag +58 4; 
ttag +59 6; 
ttag +60 3; 
ttag +61 7; 
ttag +62 1; 
ttag +63 6; 
ttag +64 7; 
ttag +65 1; 
ttag +66 1; 
ttag +67 1; 
ttag +68 6; 
ttag +69 6; 
ttag +70 3; 
ttag +71 4; 
ttag +72 12; 
ttag +73 6; 
ttag +74 10; 
ttag +75 7; 
ttag +76 9; 
ttag +77 2; 
ttag +78 6; 
ttag +79 7; 
ttag +80 5; 
ttag +81 3; 
ttag +82 11; 
ttag +83 8; 
ttag +84 2; 
ttag +85 2; 
ttag +86 6; 
ttag +87 11; 
ttag +88 2; 
ttag +89 10; 
ttag +90 1; 
ttag +91 8; 
tread
'Tree with tags' 
(0 (((1 (((2 3 )(10 (11 12 )))(8 (9 ((4 5 )(6 7 ))))))((15 16 )(17 (18 (19 ((20 21 )((22 23 )(24 25 ))))))))((13 14 )(((26 27 )(28 (29 30 )))((31 (((32 33 )(34 35 ))(36 (37 38 ))))(39 ((40 41 )(42 (43 (47 (46 (44 45 )))))))))))); 
ttag *!; 
ttag +0 ////; 
ttag +1 ////; 
ttag +2 ////; 
ttag +3 ////; 
ttag +4 ////; 
ttag +5 ////; 
ttag +6 ////; 
ttag +7 ////; 
ttag +8 ////; 
ttag +9 ////; 
ttag +10 ////; 
ttag +11 ////; 
ttag +12 ////; 
ttag +13 ////; 
ttag +14 ////; 
ttag +15 ////; 
ttag +16 ////; 
ttag +17 ////; 
ttag +18 ////; 
ttag +19 ////; 
ttag +20 ////; 
ttag +21 ////; 
ttag +22 ////; 
ttag +23 ////; 
ttag +24 ////; 
ttag +25 ////; 
ttag +26 ////; 
ttag +27 ////; 
ttag +28 ////; 
ttag +29 ////; 
ttag +30 ////; 
ttag +31 ////; 
ttag +32 ////; 
ttag +33 ////; 
ttag +34 ////; 
ttag +35 ////; 
ttag +36 ////; 
ttag +37 ////; 
ttag +38 ////; 
ttag +39 ////; 
ttag +40 ////; 
ttag +41 ////; 
ttag +42 ////; 
ttag +43 ////; 
ttag +44 ////; 
ttag +45 ////; 
ttag +46 ////; 
ttag +47 ////; 
ttag +48 ////; 
ttag +49 56/36/33/40/35; 
ttag +50 32/8/4/13/0; 
ttag +51 100/100/100/100/100; 
ttag +52 99/98/97/98/97; 
ttag +53 26/6/15/11/10; 
ttag +54 98/97/88/95/88; 
ttag +55 95/92/82/94/88; 
ttag +56 86/84/78/85/75; 
ttag +57 19/2/2/11/?; 
ttag +58 23/6/10/16/6; 
ttag +59 78/64/54/70/50; 
ttag +60 98/97/90/96/92; 
ttag +61 81/77/65/78/67; 
ttag +62 99/99/99/99/100; 
ttag +63 56/42/34/39/30; 
ttag +64 99/99/98/98/98; 
ttag +65 94/91/89/92/88; 
ttag +66 61/50/40/37/41; 
ttag +67 62/44/42/44/43; 
ttag +68 58/38/42/46/36; 
ttag +69 99/99/99/99/100; 
ttag +70 99/99/96/99/97; 
ttag +71 88/87/78/87/71; 
ttag +72 98/98/96/98/96; 
ttag +73 100/100/100/100/100; 
ttag +74 46/18/6/6/5; 
ttag +75 98/97/97/99/93; 
ttag +76 99/98/98/100/97; 
ttag +77 100/100/98/100/100; 
ttag +78 100/100/99/100/100; 
ttag +79 79/74/59/74/57; 
ttag +80 100/100/96/97/97; 
ttag +81 99/99/100/100/99; 
ttag +82 30/[10]/?/2/6; 
ttag +83 99/99/97/98/97; 
ttag +84 89/86/78/89/74; 
ttag +85 100/100/100/100/100; 
ttag +86 100/100/98/100/100; 
ttag +87 77/72/67/76/67; 
ttag +88 59/36/35/59/41; 
ttag +89 98/97/93/99/92; 
ttag +90 100/100/100/100/100; 
ttag +91 56/32/43/54/38; 
ttag +92 100/100/98/100/99; 
ttag +93 46/30/26/34/27; 
ttag +94 99/98/98/99/97; 
