tread
'Tree with tags' 
(0 ((1 ((2 3 )(((4 5 )(6 7 ))(8 9 (10 (11 12 ))))))(((13 14 )(17 (15 16 )(18 (19 ((20 21 )(25 (24 (22 23 ))))))))((26 (27 (28 (29 30 ))))((39 (31 (((32 33 )(36 (37 38 )))(34 35 ))))(41 (40 (42 (43 ((44 45 )(46 47 ))))))))))); 
ttag *!; 
ttag +49 1; 
ttag +50 ???; 
ttag +51 4; 
ttag +52 5; 
ttag +53 5; 
ttag +54 9; 
ttag +55 2; 
ttag +56 1; 
ttag +57 2; 
ttag +58 1; 
ttag +59 6; 
ttag +60 5; 
ttag +61 1; 
ttag +62 1; 
ttag +63 8; 
ttag +64 2; 
ttag +65 5; 
ttag +66 4; 
ttag +67 4; 
ttag +68 7; 
ttag +69 7; 
ttag +70 1; 
ttag +71 3; 
ttag +72 5; 
ttag +73 4; 
ttag +74 5; 
ttag +75 15; 
ttag +76 12; 
ttag +77 7; 
ttag +78 2; 
ttag +79 3; 
ttag +80 7; 
ttag +81 1; 
ttag +82 2; 
ttag +83 6; 
ttag +84 9; 
ttag +85 5; 
ttag +86 2; 
ttag +87 3; 
ttag +88 14; 
ttag +89 4; 
ttag +90 5; 
ttag +91 7; 
ttag +92 1; 
tread
'Tree with tags' 
(0 ((1 ((2 3 )(((4 5 )(6 7 ))((8 9 )(10 (11 12 ))))))(((13 14 )((17 (15 16 ))(18 (19 ((20 21 )(25 (24 (22 23 ))))))))((26 (27 (28 (29 30 ))))((39 (31 (((32 33 )(36 (37 38 )))(34 35 ))))(41 (40 (42 (43 ((44 45 )(46 47 ))))))))))); 
ttag *!; 
ttag +0 ////; 
ttag +1 ////; 
ttag +2 ////; 
ttag +3 ////; 
ttag +4 ////; 
ttag +5 ////; 
ttag +6 ////; 
ttag +7 ////; 
ttag +8 ////; 
ttag +9 ////; 
ttag +10 ////; 
ttag +11 ////; 
ttag +12 ////; 
ttag +13 ////; 
ttag +14 ////; 
ttag +15 ////; 
ttag +16 ////; 
ttag +17 ////; 
ttag +18 ////; 
ttag +19 ////; 
ttag +20 ////; 
ttag +21 ////; 
ttag +22 ////; 
ttag +23 ////; 
ttag +24 ////; 
ttag +25 ////; 
ttag +26 ////; 
ttag +27 ////; 
ttag +28 ////; 
ttag +29 ////; 
ttag +30 ////; 
ttag +31 ////; 
ttag +32 ////; 
ttag +33 ////; 
ttag +34 ////; 
ttag +35 ////; 
ttag +36 ////; 
ttag +37 ////; 
ttag +38 ////; 
ttag +39 ////; 
ttag +40 ////; 
ttag +41 ////; 
ttag +42 ////; 
ttag +43 ////; 
ttag +44 ////; 
ttag +45 ////; 
ttag +46 ////; 
ttag +47 ////; 
ttag +48 ////; 
ttag +49 22/6/12/10/8; 
ttag +50 100/100/100/100/100; 
ttag +51 96/92/88/90/83; 
ttag +52 98/98/94/98/92; 
ttag +53 96/96/98/99/96; 
ttag +54 98/97/98/100/98; 
ttag +55 66/51/55/66/56; 
ttag +56 48/22/24/35/20; 
ttag +57 20/1/?/?/?; 
ttag +58 56/50/37/50/47; 
ttag +59 51/34/27/29/23; 
ttag +60 100/100/99/100/99; 
ttag +61 98/98/94/99/93; 
ttag +62 27/14/7/14/10; 
ttag +63 41/28/23/34/35; 
ttag +64 100/100/98/100/99; 
ttag +65 17/[10]/?/?/?; 
ttag +66 67/55/46/57/56; 
ttag +67 97/97/95/99/90; 
ttag +68 96/96/95/97/92; 
ttag +69 100/100/98/98/98; 
ttag +70 100/100/95/100/97; 
ttag +71 99/99/97/99/96; 
ttag +72 55/32/27/33/24; 
ttag +73 85/82/85/82/74; 
ttag +74 96/96/90/95/89; 
ttag +75 88/87/83/86/77; 
ttag +76 99/99/98/98/99; 
ttag +77 100/100/100/100/100; 
ttag +78 100/100/100/100/100; 
ttag +79 98/98/97/97/94; 
ttag +80 52/39/28/38/32; 
ttag +81 79/74/49/63/57; 
ttag +82 99/99/97/98/96; 
ttag +83 52/40/47/48/35; 
ttag +84 77/70/62/73/64; 
ttag +85 100/100/99/99/99; 
ttag +86 100/100/99/100/100; 
ttag +87 99/99/95/98/95; 
ttag +88 56/25/3/24/8; 
ttag +89 68/55/34/53/34; 
ttag +90 100/100/100/100/99; 
ttag +91 85/78/61/77/68; 
ttag +92 97/97/90/96/92; 
ttag +93 97/96/93/95/88; 
ttag +94 63/51/48/58/56; 
