tread
'Tree with tags' 
(0 (((1 ((15 16 )(17 (18 (19 ((20 21 )((22 23 )(24 25 ))))))))((2 3 )(8 9 ((4 5 )(6 7 ))(10 (11 12 )))))((13 14 )(26 (27 (28 (29 30 ))))((31 ((32 33 )((34 35 )(36 (37 38 )))))(39 (40 41 (42 43 ((44 45 )(46 47 ))))))))); 
ttag *!; 
ttag +49 4; 
ttag +50 2; 
ttag +51 ???; 
ttag +52 1; 
ttag +53 11; 
ttag +54 3; 
ttag +55 9; 
ttag +56 3; 
ttag +57 3; 
ttag +58 6; 
ttag +59 9; 
ttag +60 3; 
ttag +61 1; 
ttag +62 10; 
ttag +63 8; 
ttag +64 5; 
ttag +65 3; 
ttag +66 1; 
ttag +67 7; 
ttag +68 7; 
ttag +69 12; 
ttag +70 9; 
ttag +71 6; 
ttag +72 8; 
ttag +73 2; 
ttag +74 7; 
ttag +75 8; 
ttag +76 4; 
ttag +77 6; 
ttag +78 10; 
ttag +79 4; 
ttag +80 1; 
ttag +81 2; 
ttag +82 7; 
ttag +83 9; 
ttag +84 1; 
ttag +85 6; 
ttag +86 9; 
ttag +87 7; 
ttag +88 1; 
ttag +89 1; 
tread
'Tree with tags' 
(0 (((1 ((15 16 )(17 (18 (19 ((20 21 )((22 23 )(24 25 ))))))))((2 3 )(((4 5 )(6 7 ))(8 (9 (10 (11 12 )))))))((13 14 )((26 (27 (28 (29 30 ))))((31 ((32 33 )((34 35 )(36 (37 38 )))))(39 (40 (41 ((42 43 )((44 45 )(46 47 ))))))))))); 
ttag *!; 
ttag +0 ////; 
ttag +1 ////; 
ttag +2 ////; 
ttag +3 ////; 
ttag +4 ////; 
ttag +5 ////; 
ttag +6 ////; 
ttag +7 ////; 
ttag +8 ////; 
ttag +9 ////; 
ttag +10 ////; 
ttag +11 ////; 
ttag +12 ////; 
ttag +13 ////; 
ttag +14 ////; 
ttag +15 ////; 
ttag +16 ////; 
ttag +17 ////; 
ttag +18 ////; 
ttag +19 ////; 
ttag +20 ////; 
ttag +21 ////; 
ttag +22 ////; 
ttag +23 ////; 
ttag +24 ////; 
ttag +25 ////; 
ttag +26 ////; 
ttag +27 ////; 
ttag +28 ////; 
ttag +29 ////; 
ttag +30 ////; 
ttag +31 ////; 
ttag +32 ////; 
ttag +33 ////; 
ttag +34 ////; 
ttag +35 ////; 
ttag +36 ////; 
ttag +37 ////; 
ttag +38 ////; 
ttag +39 ////; 
ttag +40 ////; 
ttag +41 ////; 
ttag +42 ////; 
ttag +43 ////; 
ttag +44 ////; 
ttag +45 ////; 
ttag +46 ////; 
ttag +47 ////; 
ttag +48 ////; 
ttag +49 96/96/84/93/87; 
ttag +50 78/73/62/75/58; 
ttag +51 100/100/100/100/100; 
ttag +52 60/44/41/49/39; 
ttag +53 100/100/98/100/100; 
ttag +54 85/82/83/90/76; 
ttag +55 100/100/100/100/100; 
ttag +56 83/76/62/71/58; 
ttag +57 85/78/70/74/55; 
ttag +58 34/0/22/7/20; 
ttag +59 19/[29]/?/?/?; 
ttag +60 98/97/97/98/95; 
ttag +61 99/99/100/99/99; 
ttag +62 96/95/90/93/94; 
ttag +63 62/53/46/57/52; 
ttag +64 100/100/100/100/100; 
ttag +65 100/100/94/98/96; 
ttag +66 98/98/94/97/90; 
ttag +67 90/88/76/90/78; 
ttag +68 62/62/58/64/57; 
ttag +69 100/100/100/100/99; 
ttag +70 98/98/93/98/89; 
ttag +71 100/100/100/100/99; 
ttag +72 100/100/100/100/98; 
ttag +73 98/98/98/100/96; 
ttag +74 100/100/100/100/98; 
ttag +75 40/[4]/?/?/2; 
ttag +76 87/82/76/80/75; 
ttag +77 100/100/96/99/100; 
ttag +78 100/100/100/100/100; 
ttag +79 95/94/81/94/84; 
ttag +80 99/99/98/99/97; 
ttag +81 100/100/100/100/99; 
ttag +82 93/92/86/92/86; 
ttag +83 66/64/48/54/57; 
ttag +84 76/72/55/70/57; 
ttag +85 100/100/97/100/95; 
ttag +86 99/99/95/99/95; 
ttag +87 58/44/40/49/36; 
ttag +88 98/98/92/97/91; 
ttag +89 27/[27]/?/?/?; 
ttag +90 29/[2]/?/6/0; 
ttag +91 100/100/98/100/98; 
ttag +92 99/99/98/99/98; 
ttag +93 62/49/26/56/47; 
ttag +94 82/75/69/74/63; 
