tread
'Tree with tags' 
(0 (((1 (((15 16 )(17 (18 (19 ((20 21 )((22 23 )(24 25 )))))))((39 ((26 (27 (28 (29 30 ))))(31 ((32 33 )((34 35 )(36 (37 38 )))))))((40 41 )(42 (43 (46 (47 (44 45 )))))))))(13 14 ))((2 3 )(9 (((4 5 )(6 7 ))(8 (10 (11 12 )))))))); 
ttag *!; 
ttag +49 1; 
ttag +50 2; 
ttag +51 ???; 
ttag +52 7; 
ttag +53 7; 
ttag +54 9; 
ttag +55 5; 
ttag +56 1; 
ttag +57 5; 
ttag +58 4; 
ttag +59 2; 
ttag +60 2; 
ttag +61 7; 
ttag +62 5; 
ttag +63 7; 
ttag +64 4; 
ttag +65 2; 
ttag +66 2; 
ttag +67 3; 
ttag +68 2; 
ttag +69 10; 
ttag +70 8; 
ttag +71 17; 
ttag +72 5; 
ttag +73 6; 
ttag +74 9; 
ttag +75 1; 
ttag +76 1; 
ttag +77 6; 
ttag +78 2; 
ttag +79 5; 
ttag +80 6; 
ttag +81 4; 
ttag +82 11; 
ttag +83 2; 
ttag +84 3; 
ttag +85 3; 
ttag +86 8; 
ttag +87 3; 
ttag +88 5; 
ttag +89 4; 
ttag +90 5; 
ttag +91 3; 
ttag +92 10; 
ttag +93 4; 
ttag +94 10; 
tread
'Tree with tags' 
(0 (((1 (((15 16 )(17 (18 (19 ((20 21 )((22 23 )(24 25 )))))))((39 ((26 (27 (28 (29 30 ))))(31 ((32 33 )((34 35 )(36 (37 38 )))))))((40 41 )(42 (43 (46 (47 (44 45 )))))))))(13 14 ))((2 3 )(9 (((4 5 )(6 7 ))(8 (10 (11 12 )))))))); 
ttag *!; 
ttag +0 ////; 
ttag +1 ////; 
ttag +2 ////; 
ttag +3 ////; 
ttag +4 ////; 
ttag +5 ////; 
ttag +6 ////; 
ttag +7 ////; 
ttag +8 ////; 
ttag +9 ////; 
ttag +10 ////; 
ttag +11 ////; 
ttag +12 ////; 
ttag +13 ////; 
ttag +14 ////; 
ttag +15 ////; 
ttag +16 ////; 
ttag +17 ////; 
ttag +18 ////; 
ttag +19 ////; 
ttag +20 ////; 
ttag +21 ////; 
ttag +22 ////; 
ttag +23 ////; 
ttag +24 ////; 
ttag +25 ////; 
ttag +26 ////; 
ttag +27 ////; 
ttag +28 ////; 
ttag +29 ////; 
ttag +30 ////; 
ttag +31 ////; 
ttag +32 ////; 
ttag +33 ////; 
ttag +34 ////; 
ttag +35 ////; 
ttag +36 ////; 
ttag +37 ////; 
ttag +38 ////; 
ttag +39 ////; 
ttag +40 ////; 
ttag +41 ////; 
ttag +42 ////; 
ttag +43 ////; 
ttag +44 ////; 
ttag +45 ////; 
ttag +46 ////; 
ttag +47 ////; 
ttag +48 ////; 
ttag +49 19/6/13/15/4; 
ttag +50 46/37/33/44/33; 
ttag +51 100/100/100/100/100; 
ttag +52 98/98/98/99/97; 
ttag +53 99/99/96/97/96; 
ttag +54 100/100/99/100/99; 
ttag +55 86/82/76/89/70; 
ttag +56 45/25/20/26/15; 
ttag +57 87/80/70/83/77; 
ttag +58 96/96/86/97/93; 
ttag +59 60/51/42/43/48; 
ttag +60 56/30/26/36/30; 
ttag +61 100/100/99/99/99; 
ttag +62 98/98/94/96/93; 
ttag +63 99/99/98/99/99; 
ttag +64 90/88/87/90/86; 
ttag +65 39/29/21/32/23; 
ttag +66 74/69/55/68/57; 
ttag +67 88/86/69/82/79; 
ttag +68 78/72/47/68/47; 
ttag +69 100/100/100/100/100; 
ttag +70 95/94/88/98/88; 
ttag +71 100/100/100/100/100; 
ttag +72 93/92/84/95/83; 
ttag +73 97/96/92/99/89; 
ttag +74 100/100/98/100/99; 
ttag +75 23/[4]/?/?/?; 
ttag +76 28/0/?/4/?; 
ttag +77 96/96/88/97/92; 
ttag +78 72/64/59/69/61; 
ttag +79 97/96/96/99/93; 
ttag +80 99/98/95/97/93; 
ttag +81 80/71/62/77/59; 
ttag +82 100/100/100/100/99; 
ttag +83 74/71/56/73/58; 
ttag +84 80/75/64/75/72; 
ttag +85 86/84/81/86/76; 
ttag +86 100/100/100/100/100; 
ttag +87 84/80/85/88/81; 
ttag +88 98/98/96/98/93; 
ttag +89 95/94/88/96/90; 
ttag +90 91/88/78/87/75; 
ttag +91 89/86/74/86/73; 
ttag +92 99/98/96/98/93; 
ttag +93 88/84/78/89/76; 
ttag +94 100/100/99/99/100; 
