tread
'Tree with tags' 
(0 ((1 (((2 3 )((8 ((4 5 )(6 7 )))(9 (10 (11 12 )))))(13 14 )))(((15 16 )(17 (18 (19 ((20 21 )((22 23 )(24 25 )))))))((26 (28 (27 (29 30 ))))((39 (31 ((32 33 )((34 35 )(36 (37 38 ))))))((40 41 )(42 (43 ((44 45 )(46 47 )))))))))); 
ttag *!; 
ttag +49 1; 
ttag +50 ???; 
ttag +51 9; 
ttag +52 2; 
ttag +53 1; 
ttag +54 8; 
ttag +55 6; 
ttag +56 2; 
ttag +57 6; 
ttag +58 4; 
ttag +59 2; 
ttag +60 3; 
ttag +61 6; 
ttag +62 4; 
ttag +63 15; 
ttag +64 6; 
ttag +65 1; 
ttag +66 3; 
ttag +67 6; 
ttag +68 4; 
ttag +69 7; 
ttag +70 7; 
ttag +71 9; 
ttag +72 9; 
ttag +73 10; 
ttag +74 5; 
ttag +75 7; 
ttag +76 1; 
ttag +77 5; 
ttag +78 13; 
ttag +79 1; 
ttag +80 1; 
ttag +81 2; 
ttag +82 9; 
ttag +83 2; 
ttag +84 3; 
ttag +85 1; 
ttag +86 9; 
ttag +87 6; 
ttag +88 5; 
ttag +89 4; 
ttag +90 8; 
ttag +91 1; 
ttag +92 10; 
ttag +93 3; 
ttag +94 2; 
tread
'Tree with tags' 
(0 ((1 (((2 3 )((8 ((4 5 )(6 7 )))(9 (10 (11 12 )))))(13 14 )))(((15 16 )(17 (18 (19 ((20 21 )((22 23 )(24 25 )))))))((26 (28 (27 (29 30 ))))((39 (31 ((32 33 )((34 35 )(36 (37 38 ))))))((40 41 )(42 (43 ((44 45 )(46 47 )))))))))); 
ttag *!; 
ttag +0 ////; 
ttag +1 ////; 
ttag +2 ////; 
ttag +3 ////; 
ttag +4 ////; 
ttag +5 ////; 
ttag +6 ////; 
ttag +7 ////; 
ttag +8 ////; 
ttag +9 ////; 
ttag +10 ////; 
ttag +11 ////; 
ttag +12 ////; 
ttag +13 ////; 
ttag +14 ////; 
ttag +15 ////; 
ttag +16 ////; 
ttag +17 ////; 
ttag +18 ////; 
ttag +19 ////; 
ttag +20 ////; 
ttag +21 ////; 
ttag +22 ////; 
ttag +23 ////; 
ttag +24 ////; 
ttag +25 ////; 
ttag +26 ////; 
ttag +27 ////; 
ttag +28 ////; 
ttag +29 ////; 
ttag +30 ////; 
ttag +31 ////; 
ttag +32 ////; 
ttag +33 ////; 
ttag +34 ////; 
ttag +35 ////; 
ttag +36 ////; 
ttag +37 ////; 
ttag +38 ////; 
ttag +39 ////; 
ttag +40 ////; 
ttag +41 ////; 
ttag +42 ////; 
ttag +43 ////; 
ttag +44 ////; 
ttag +45 ////; 
ttag +46 ////; 
ttag +47 ////; 
ttag +48 ////; 
ttag +49 6/[18]/?/?/?; 
ttag +50 100/100/100/100/100; 
ttag +51 99/99/99/99/99; 
ttag +52 60/50/37/49/48; 
ttag +53 30/5/8/16/11; 
ttag +54 100/100/99/100/98; 
ttag +55 97/96/88/94/84; 
ttag +56 26/[6]/?/1/?; 
ttag +57 95/93/89/95/88; 
ttag +58 90/86/78/86/75; 
ttag +59 33/0/?/4/0; 
ttag +60 82/72/72/69/66; 
ttag +61 97/96/93/98/92; 
ttag +62 91/89/87/88/85; 
ttag +63 100/100/100/100/100; 
ttag +64 99/99/98/97/98; 
ttag +65 7/[17]/?/?/?; 
ttag +66 74/66/59/72/52; 
ttag +67 85/77/70/82/62; 
ttag +68 85/77/69/81/63; 
ttag +69 99/99/99/99/100; 
ttag +70 96/94/90/96/88; 
ttag +71 100/100/100/100/100; 
ttag +72 97/97/94/96/93; 
ttag +73 100/100/100/99/99; 
ttag +74 98/96/88/96/93; 
ttag +75 99/99/98/97/97; 
ttag +76 55/36/20/35/19; 
ttag +77 95/94/84/95/86; 
ttag +78 100/100/100/100/99; 
ttag +79 47/30/26/34/14; 
ttag +80 27/8/8/6/?; 
ttag +81 79/72/55/76/54; 
ttag +82 100/100/98/100/99; 
ttag +83 70/66/56/72/48; 
ttag +84 93/92/88/90/90; 
ttag +85 38/14/14/16/2; 
ttag +86 100/100/99/100/99; 
ttag +87 98/96/96/98/96; 
ttag +88 95/95/90/97/89; 
ttag +89 94/92/74/91/76; 
ttag +90 99/98/94/99/94; 
ttag +91 68/55/48/49/38; 
ttag +92 100/100/100/100/100; 
ttag +93 83/78/69/76/66; 
ttag +94 80/76/70/74/61; 
