tread
'Tree with tags' 
(0 ((1 ((2 3 )(((6 7 (4 5 ))(10 (11 12 )))(8 9 ))))((13 14 )(39 (26 (27 28 (29 30 )))(31 ((32 33 )((34 35 )(36 (37 38 )))))((40 41 )(42 (43 ((44 45 )(46 47 )))))))((15 16 )(17 (18 19 ((20 21 )((22 23 )(24 25 )))))))); 
ttag *!; 
ttag +49 1; 
ttag +50 ???; 
ttag +51 9; 
ttag +52 10; 
ttag +53 8; 
ttag +54 8; 
ttag +55 1; 
ttag +56 1; 
ttag +57 1; 
ttag +58 3; 
ttag +59 6; 
ttag +60 11; 
ttag +61 1; 
ttag +62 6; 
ttag +63 7; 
ttag +64 3; 
ttag +65 3; 
ttag +66 5; 
ttag +67 4; 
ttag +68 9; 
ttag +69 10; 
ttag +70 4; 
ttag +71 6; 
ttag +72 6; 
ttag +73 1; 
ttag +74 13; 
ttag +75 5; 
ttag +76 3; 
ttag +77 1; 
ttag +78 4; 
ttag +79 1; 
ttag +80 8; 
ttag +81 10; 
ttag +82 2; 
ttag +83 7; 
ttag +84 11; 
ttag +85 5; 
ttag +86 4; 
ttag +87 6; 
ttag +88 5; 
tread
'Tree with tags' 
(0 ((1 ((2 3 )(((7 (6 (4 5 )))(10 (11 12 )))(8 9 ))))(((13 14 )(((26 (27 (28 (29 30 ))))(39 (31 ((32 33 )((34 35 )(36 (37 38 )))))))((40 41 )(42 (43 ((44 45 )(46 47 )))))))((15 16 )(17 (18 (19 ((20 21 )((22 23 )(24 25 )))))))))); 
ttag *!; 
ttag +0 ////; 
ttag +1 ////; 
ttag +2 ////; 
ttag +3 ////; 
ttag +4 ////; 
ttag +5 ////; 
ttag +6 ////; 
ttag +7 ////; 
ttag +8 ////; 
ttag +9 ////; 
ttag +10 ////; 
ttag +11 ////; 
ttag +12 ////; 
ttag +13 ////; 
ttag +14 ////; 
ttag +15 ////; 
ttag +16 ////; 
ttag +17 ////; 
ttag +18 ////; 
ttag +19 ////; 
ttag +20 ////; 
ttag +21 ////; 
ttag +22 ////; 
ttag +23 ////; 
ttag +24 ////; 
ttag +25 ////; 
ttag +26 ////; 
ttag +27 ////; 
ttag +28 ////; 
ttag +29 ////; 
ttag +30 ////; 
ttag +31 ////; 
ttag +32 ////; 
ttag +33 ////; 
ttag +34 ////; 
ttag +35 ////; 
ttag +36 ////; 
ttag +37 ////; 
ttag +38 ////; 
ttag +39 ////; 
ttag +40 ////; 
ttag +41 ////; 
ttag +42 ////; 
ttag +43 ////; 
ttag +44 ////; 
ttag +45 ////; 
ttag +46 ////; 
ttag +47 ////; 
ttag +48 ////; 
ttag +49 41/16/15/16/8; 
ttag +50 100/100/100/100/100; 
ttag +51 99/99/96/99/98; 
ttag +52 98/98/96/98/93; 
ttag +53 100/100/99/100/99; 
ttag +54 35/0/?/?/?; 
ttag +55 99/98/95/98/96; 
ttag +56 20/1/?/?/?; 
ttag +57 53/37/25/27/14; 
ttag +58 41/22/19/16/17; 
ttag +59 86/81/75/83/72; 
ttag +60 99/99/99/99/98; 
ttag +61 100/100/100/100/100; 
ttag +62 54/40/38/35/35; 
ttag +63 25/10/13/8/9; 
ttag +64 99/99/95/98/98; 
ttag +65 98/98/98/99/96; 
ttag +66 91/87/83/90/76; 
ttag +67 88/85/84/86/83; 
ttag +68 36/0/4/5/1; 
ttag +69 98/98/97/98/97; 
ttag +70 97/96/94/98/95; 
ttag +71 100/100/99/100/100; 
ttag +72 100/100/100/100/98; 
ttag +73 94/92/85/89/86; 
ttag +74 97/97/94/98/94; 
ttag +75 22/[12]/?/?/?; 
ttag +76 98/98/98/100/96; 
ttag +77 70/63/53/64/54; 
ttag +78 39/16/21/20/20; 
ttag +79 100/100/100/100/100; 
ttag +80 92/89/83/91/85; 
ttag +81 30/10/2/19/13; 
ttag +82 96/95/89/95/95; 
ttag +83 29/12/1/?/2; 
ttag +84 100/100/92/96/88; 
ttag +85 65/44/31/27/26; 
ttag +86 100/100/98/100/98; 
ttag +87 100/100/100/100/100; 
ttag +88 68/59/56/69/61; 
ttag +89 98/98/95/99/96; 
ttag +90 100/100/99/100/99; 
ttag +91 94/93/88/96/90; 
ttag +92 91/85/87/90/83; 
ttag +93 96/95/92/99/92; 
ttag +94 99/98/98/97/94; 
