tread
'Tree with tags' 
(0 ((1 ((2 3 )(((4 5 )(6 7 ))(8 9 )(10 (11 12 )))))(((13 14 )((26 (27 (28 (29 30 ))))((39 (31 ((32 33 )((34 35 )(36 (37 38 ))))))((40 41 )(42 (43 ((44 45 )(46 47 ))))))))((15 16 )(17 ((18 19 )((20 21 )((22 23 )(24 25 ))))))))); 
ttag *!; 
ttag +49 1; 
ttag +50 ???; 
ttag +51 6; 
ttag +52 6; 
ttag +53 6; 
ttag +54 2; 
ttag +55 3; 
ttag +56 2; 
ttag +57 1; 
ttag +58 2; 
ttag +59 10; 
ttag +60 4; 
ttag +61 1; 
ttag +62 1; 
ttag +63 10; 
ttag +64 4; 
ttag +65 2; 
ttag +66 1; 
ttag +67 1; 
ttag +68 9; 
ttag +69 5; 
ttag +70 8; 
ttag +71 6; 
ttag +72 7; 
ttag +73 10; 
ttag +74 5; 
ttag +75 4; 
ttag +76 4; 
ttag +77 10; 
ttag +78 8; 
ttag +79 1; 
ttag +80 5; 
ttag +81 5; 
ttag +82 7; 
ttag +83 3; 
ttag +84 2; 
ttag +85 7; 
ttag +86 7; 
ttag +87 4; 
ttag +88 7; 
ttag +89 4; 
ttag +90 4; 
ttag +91 3; 
ttag +92 1; 
ttag +93 6; 
tread
'Tree with tags' 
(0 ((1 ((2 3 )((((4 5 )(6 7 ))(10 (11 12 )))(8 9 ))))(((13 14 )((26 (27 (28 (29 30 ))))((39 (31 ((32 33 )((34 35 )(36 (37 38 ))))))((40 41 )(42 (43 ((44 45 )(46 47 ))))))))((15 16 )(17 ((18 19 )((20 21 )((22 23 )(24 25 ))))))))); 
ttag *!; 
ttag +0 ////; 
ttag +1 ////; 
ttag +2 ////; 
ttag +3 ////; 
ttag +4 ////; 
ttag +5 ////; 
ttag +6 ////; 
ttag +7 ////; 
ttag +8 ////; 
ttag +9 ////; 
ttag +10 ////; 
ttag +11 ////; 
ttag +12 ////; 
ttag +13 ////; 
ttag +14 ////; 
ttag +15 ////; 
ttag +16 ////; 
ttag +17 ////; 
ttag +18 ////; 
ttag +19 ////; 
ttag +20 ////; 
ttag +21 ////; 
ttag +22 ////; 
ttag +23 ////; 
ttag +24 ////; 
ttag +25 ////; 
ttag +26 ////; 
ttag +27 ////; 
ttag +28 ////; 
ttag +29 ////; 
ttag +30 ////; 
ttag +31 ////; 
ttag +32 ////; 
ttag +33 ////; 
ttag +34 ////; 
ttag +35 ////; 
ttag +36 ////; 
ttag +37 ////; 
ttag +38 ////; 
ttag +39 ////; 
ttag +40 ////; 
ttag +41 ////; 
ttag +42 ////; 
ttag +43 ////; 
ttag +44 ////; 
ttag +45 ////; 
ttag +46 ////; 
ttag +47 ////; 
ttag +48 ////; 
ttag +49 50/36/21/35/16; 
ttag +50 100/100/100/100/100; 
ttag +51 97/96/94/98/93; 
ttag +52 94/93/91/94/90; 
ttag +53 98/97/97/98/94; 
ttag +54 80/78/69/78/72; 
ttag +55 22/[2]/?/?/?; 
ttag +56 80/75/69/72/48; 
ttag +57 86/81/73/86/77; 
ttag +58 55/42/42/38/33; 
ttag +59 75/69/65/70/62; 
ttag +60 100/100/99/100/100; 
ttag +61 97/97/92/95/94; 
ttag +62 50/37/32/43/30; 
ttag +63 35/21/7/17/6; 
ttag +64 99/99/100/100/100; 
ttag +65 95/93/87/93/91; 
ttag +66 75/70/59/72/64; 
ttag +67 51/41/36/48/41; 
ttag +68 58/40/36/44/34; 
ttag +69 100/100/100/100/99; 
ttag +70 94/93/88/94/86; 
ttag +71 99/99/100/100/100; 
ttag +72 98/98/96/100/97; 
ttag +73 100/100/100/100/100; 
ttag +74 100/100/100/99/99; 
ttag +75 80/72/62/74/60; 
ttag +76 98/98/94/98/98; 
ttag +77 95/95/88/92/89; 
ttag +78 100/100/100/100/100; 
ttag +79 98/98/97/100/98; 
ttag +80 70/57/43/51/50; 
ttag +81 81/74/74/80/64; 
ttag +82 99/99/99/99/98; 
ttag +83 100/100/99/100/99; 
ttag +84 97/97/94/95/97; 
ttag +85 80/74/64/74/60; 
ttag +86 99/99/99/100/97; 
ttag +87 98/98/92/99/96; 
ttag +88 94/93/80/93/88; 
ttag +89 99/99/97/100/96; 
ttag +90 95/94/92/97/88; 
ttag +91 93/92/87/94/84; 
ttag +92 73/60/55/64/60; 
ttag +93 40/27/28/32/35; 
ttag +94 98/98/97/99/98; 
