tread
'Tree with tags' 
(0 (((1 ((2 3 )((6 7 (4 5 ))((8 9 )(10 (11 12 ))))))(13 14 ))(((15 16 )(17 (18 (19 ((20 21 )((22 23 )(24 25 )))))))((26 (27 (28 (29 30 ))))((31 ((32 33 )((34 35 )(36 (37 38 )))))(39 ((40 41 )(42 (43 (46 47 (44 45 ))))))))))); 
ttag *!; 
ttag +49 2; 
ttag +50 1; 
ttag +51 ???; 
ttag +52 7; 
ttag +53 8; 
ttag +54 8; 
ttag +55 9; 
ttag +56 3; 
ttag +57 1; 
ttag +58 2; 
ttag +59 3; 
ttag +60 9; 
ttag +61 11; 
ttag +62 7; 
ttag +63 4; 
ttag +64 1; 
ttag +65 2; 
ttag +66 5; 
ttag +67 5; 
ttag +68 11; 
ttag +69 3; 
ttag +70 8; 
ttag +71 7; 
ttag +72 5; 
ttag +73 6; 
ttag +74 6; 
ttag +75 5; 
ttag +76 2; 
ttag +77 9; 
ttag +78 8; 
ttag +79 8; 
ttag +80 3; 
ttag +81 7; 
ttag +82 1; 
ttag +83 1; 
ttag +84 11; 
ttag +85 3; 
ttag +86 1; 
ttag +87 1; 
ttag +88 12; 
ttag +89 10; 
ttag +90 4; 
ttag +91 6; 
ttag +92 5; 
tread
'Tree with tags' 
(0 (((1 ((2 3 )(((4 5 )(6 7 ))((8 9 )(10 (11 12 ))))))(13 14 ))(((15 16 )(17 (18 (19 ((20 21 )((22 23 )(24 25 )))))))((26 (27 (28 (29 30 ))))((31 ((32 33 )((34 35 )(36 (37 38 )))))(39 ((40 41 )(42 (43 (47 (46 (44 45 )))))))))))); 
ttag *!; 
ttag +0 ////; 
ttag +1 ////; 
ttag +2 ////; 
ttag +3 ////; 
ttag +4 ////; 
ttag +5 ////; 
ttag +6 ////; 
ttag +7 ////; 
ttag +8 ////; 
ttag +9 ////; 
ttag +10 ////; 
ttag +11 ////; 
ttag +12 ////; 
ttag +13 ////; 
ttag +14 ////; 
ttag +15 ////; 
ttag +16 ////; 
ttag +17 ////; 
ttag +18 ////; 
ttag +19 ////; 
ttag +20 ////; 
ttag +21 ////; 
ttag +22 ////; 
ttag +23 ////; 
ttag +24 ////; 
ttag +25 ////; 
ttag +26 ////; 
ttag +27 ////; 
ttag +28 ////; 
ttag +29 ////; 
ttag +30 ////; 
ttag +31 ////; 
ttag +32 ////; 
ttag +33 ////; 
ttag +34 ////; 
ttag +35 ////; 
ttag +36 ////; 
ttag +37 ////; 
ttag +38 ////; 
ttag +39 ////; 
ttag +40 ////; 
ttag +41 ////; 
ttag +42 ////; 
ttag +43 ////; 
ttag +44 ////; 
ttag +45 ////; 
ttag +46 ////; 
ttag +47 ////; 
ttag +48 ////; 
ttag +49 50/40/22/43/26; 
ttag +50 29/19/4/14/8; 
ttag +51 100/100/100/100/100; 
ttag +52 100/100/99/100/98; 
ttag +53 98/97/96/96/96; 
ttag +54 99/98/99/100/99; 
ttag +55 99/99/99/99/98; 
ttag +56 77/68/69/78/66; 
ttag +57 26/[15]/?/?/?; 
ttag +58 68/59/50/53/51; 
ttag +59 67/55/43/57/49; 
ttag +60 66/54/46/60/49; 
ttag +61 98/98/98/100/100; 
ttag +62 100/100/99/100/100; 
ttag +63 99/99/97/97/98; 
ttag +64 79/69/43/69/52; 
ttag +65 39/29/14/20/18; 
ttag +66 78/70/57/75/57; 
ttag +67 94/92/89/92/89; 
ttag +68 90/86/77/87/73; 
ttag +69 100/100/100/100/100; 
ttag +70 92/89/80/88/79; 
ttag +71 100/100/99/100/100; 
ttag +72 100/100/100/100/98; 
ttag +73 95/93/84/92/85; 
ttag +74 94/92/90/96/90; 
ttag +75 98/97/88/96/87; 
ttag +76 83/76/70/86/72; 
ttag +77 74/67/61/78/67; 
ttag +78 99/99/97/99/98; 
ttag +79 96/94/91/99/90; 
ttag +80 96/94/92/97/93; 
ttag +81 94/94/92/95/91; 
ttag +82 97/95/91/99/91; 
ttag +83 69/54/55/60/38; 
ttag +84 67/54/52/58/56; 
ttag +85 100/100/99/100/99; 
ttag +86 92/92/82/87/76; 
ttag +87 47/24/25/39/24; 
ttag +88 51/26/28/26/12; 
ttag +89 100/100/100/100/100; 
ttag +90 100/100/98/100/98; 
ttag +91 95/94/90/96/91; 
ttag +92 99/99/98/99/97; 
ttag +93 26/1/?/?/?; 
ttag +94 98/98/94/98/96; 
