tread
'Tree with tags' 
(0 ((1 ((((2 3 )((4 5 )(6 7 )))(8 (9 (10 (11 12 )))))((26 (27 (28 (29 30 ))))((39 (31 ((32 33 )((34 35 )(36 (37 38 ))))))(40 41 (42 43 ((44 45 )(46 47 ))))))))((13 14 )((17 (15 16 ))(18 19 ((20 21 )((22 23 )(24 25 )))))))); 
ttag *!; 
ttag +49 1; 
ttag +50 ???; 
ttag +51 6; 
ttag +52 2; 
ttag +53 9; 
ttag +54 1; 
ttag +55 6; 
ttag +56 8; 
ttag +57 1; 
ttag +58 2; 
ttag +59 2; 
ttag +60 1; 
ttag +61 7; 
ttag +62 11; 
ttag +63 1; 
ttag +64 7; 
ttag +65 1; 
ttag +66 6; 
ttag +67 3; 
ttag +68 9; 
ttag +69 5; 
ttag +70 12; 
ttag +71 5; 
ttag +72 4; 
ttag +73 9; 
ttag +74 5; 
ttag +75 4; 
ttag +76 5; 
ttag +77 6; 
ttag +78 10; 
ttag +79 2; 
ttag +80 7; 
ttag +81 6; 
ttag +82 8; 
ttag +83 4; 
ttag +84 1; 
ttag +85 3; 
ttag +86 5; 
ttag +87 2; 
ttag +88 9; 
ttag +89 7; 
ttag +90 8; 
ttag +91 5; 
tread
'Tree with tags' 
(0 ((1 ((((2 3 )((4 5 )(6 7 )))(8 (9 (10 (11 12 )))))((26 (27 (28 (29 30 ))))((39 (31 ((32 33 )((34 35 )(36 (37 38 ))))))(40 (41 (42 (43 ((44 45 )(46 47 ))))))))))((13 14 )((17 (15 16 ))(18 (19 ((20 21 )((22 23 )(24 25 ))))))))); 
ttag *!; 
ttag +0 ////; 
ttag +1 ////; 
ttag +2 ////; 
ttag +3 ////; 
ttag +4 ////; 
ttag +5 ////; 
ttag +6 ////; 
ttag +7 ////; 
ttag +8 ////; 
ttag +9 ////; 
ttag +10 ////; 
ttag +11 ////; 
ttag +12 ////; 
ttag +13 ////; 
ttag +14 ////; 
ttag +15 ////; 
ttag +16 ////; 
ttag +17 ////; 
ttag +18 ////; 
ttag +19 ////; 
ttag +20 ////; 
ttag +21 ////; 
ttag +22 ////; 
ttag +23 ////; 
ttag +24 ////; 
ttag +25 ////; 
ttag +26 ////; 
ttag +27 ////; 
ttag +28 ////; 
ttag +29 ////; 
ttag +30 ////; 
ttag +31 ////; 
ttag +32 ////; 
ttag +33 ////; 
ttag +34 ////; 
ttag +35 ////; 
ttag +36 ////; 
ttag +37 ////; 
ttag +38 ////; 
ttag +39 ////; 
ttag +40 ////; 
ttag +41 ////; 
ttag +42 ////; 
ttag +43 ////; 
ttag +44 ////; 
ttag +45 ////; 
ttag +46 ////; 
ttag +47 ////; 
ttag +48 ////; 
ttag +49 12/[7]/?/?/?; 
ttag +50 100/100/100/100/100; 
ttag +51 98/98/91/98/94; 
ttag +52 70/58/55/64/49; 
ttag +53 100/100/97/99/97; 
ttag +54 14/[9]/?/?/?; 
ttag +55 97/97/98/98/96; 
ttag +56 99/99/94/97/94; 
ttag +57 47/32/22/31/25; 
ttag +58 60/50/39/46/31; 
ttag +59 46/36/31/38/26; 
ttag +60 58/44/37/51/42; 
ttag +61 100/100/98/99/99; 
ttag +62 100/100/100/100/100; 
ttag +63 20/0/?/?/?; 
ttag +64 100/100/98/99/99; 
ttag +65 32/[3]/?/6/6; 
ttag +66 97/97/87/97/86; 
ttag +67 89/87/82/88/72; 
ttag +68 16/[4]/?/?/?; 
ttag +69 100/100/100/100/100; 
ttag +70 98/98/91/95/84; 
ttag +71 100/100/100/100/100; 
ttag +72 97/97/92/96/83; 
ttag +73 95/92/85/92/83; 
ttag +74 99/99/99/99/99; 
ttag +75 96/95/93/93/88; 
ttag +76 96/96/86/95/93; 
ttag +77 98/98/94/97/90; 
ttag +78 100/100/99/99/98; 
ttag +79 99/98/99/99/99; 
ttag +80 69/56/42/64/35; 
ttag +81 96/95/90/97/90; 
ttag +82 100/100/100/100/98; 
ttag +83 98/98/97/99/98; 
ttag +84 100/100/98/98/98; 
ttag +85 81/80/81/81/76; 
ttag +86 94/94/92/94/93; 
ttag +87 99/99/94/98/93; 
ttag +88 64/54/47/62/52; 
ttag +89 14/[28]/?/?/?; 
ttag +90 99/99/98/99/99; 
ttag +91 44/10/13/12/1; 
ttag +92 100/100/95/99/97; 
ttag +93 99/98/99/99/100; 
ttag +94 98/97/92/98/95; 
