tread
'Tree with tags' 
(0 (1 ((2 3 )(8 9 ((4 5 )(6 7 ))(10 (11 12 ))))(13 14 )((15 16 )(17 (18 19 ((20 21 )((22 23 )(24 25 ))))))((26 (27 (28 (29 30 ))))((31 ((32 33 )(34 35 )(36 (37 38 ))))(39 ((40 41 )(43 (42 (46 47 (44 45 )))))))))); 
ttag *!; 
ttag +49 ???; 
ttag +50 4; 
ttag +51 5; 
ttag +52 6; 
ttag +53 8; 
ttag +54 3; 
ttag +55 2; 
ttag +56 3; 
ttag +57 15; 
ttag +58 5; 
ttag +59 10; 
ttag +60 3; 
ttag +61 2; 
ttag +62 2; 
ttag +63 7; 
ttag +64 2; 
ttag +65 14; 
ttag +66 4; 
ttag +67 3; 
ttag +68 7; 
ttag +69 1; 
ttag +70 1; 
ttag +71 7; 
ttag +72 11; 
ttag +73 6; 
ttag +74 4; 
ttag +75 7; 
ttag +76 4; 
ttag +77 3; 
ttag +78 9; 
ttag +79 11; 
ttag +80 2; 
ttag +81 5; 
ttag +82 4; 
ttag +83 1; 
ttag +84 5; 
ttag +85 7; 
ttag +86 5; 
tread
'Tree with tags' 
(0 (1 (((((2 3 )(((4 5 )(6 7 ))(8 (9 (10 (11 12 ))))))((15 16 )(17 ((18 19 )((20 21 )((22 23 )(24 25 )))))))((26 (27 (28 (29 30 ))))((31 ((32 33 )((34 35 )(36 (37 38 )))))(39 ((40 41 )(43 (42 (47 (46 (44 45 ))))))))))(13 14 )))); 
ttag *!; 
ttag +0 ////; 
ttag +1 ////; 
ttag +2 ////; 
ttag +3 ////; 
ttag +4 ////; 
ttag +5 ////; 
ttag +6 ////; 
ttag +7 ////; 
ttag +8 ////; 
ttag +9 ////; 
ttag +10 ////; 
ttag +11 ////; 
ttag +12 ////; 
ttag +13 ////; 
ttag +14 ////; 
ttag +15 ////; 
ttag +16 ////; 
ttag +17 ////; 
ttag +18 ////; 
ttag +19 ////; 
ttag +20 ////; 
ttag +21 ////; 
ttag +22 ////; 
ttag +23 ////; 
ttag +24 ////; 
ttag +25 ////; 
ttag +26 ////; 
ttag +27 ////; 
ttag +28 ////; 
ttag +29 ////; 
ttag +30 ////; 
ttag +31 ////; 
ttag +32 ////; 
ttag +33 ////; 
ttag +34 ////; 
ttag +35 ////; 
ttag +36 ////; 
ttag +37 ////; 
ttag +38 ////; 
ttag +39 ////; 
ttag +40 ////; 
ttag +41 ////; 
ttag +42 ////; 
ttag +43 ////; 
ttag +44 ////; 
ttag +45 ////; 
ttag +46 ////; 
ttag +47 ////; 
ttag +48 ////; 
ttag +49 100/100/100/100/100; 
ttag +50 96/95/92/92/94; 
ttag +51 91/90/88/93/87; 
ttag +52 22/[5]/?/?/?; 
ttag +53 12/[15]/?/?/?; 
ttag +54 64/58/60/65/58; 
ttag +55 99/99/98/100/96; 
ttag +56 100/100/100/100/99; 
ttag +57 79/75/68/77/73; 
ttag +58 78/71/65/78/66; 
ttag +59 60/43/39/48/39; 
ttag +60 45/28/17/32/28; 
ttag +61 84/80/74/83/75; 
ttag +62 100/100/100/100/100; 
ttag +63 99/98/97/98/97; 
ttag +64 100/100/99/100/100; 
ttag +65 94/91/81/92/85; 
ttag +66 88/85/80/88/73; 
ttag +67 18/[21]/?/?/?; 
ttag +68 88/83/84/83/79; 
ttag +69 99/99/100/100/100; 
ttag +70 80/75/68/70/65; 
ttag +71 100/100/100/100/100; 
ttag +72 94/93/84/90/84; 
ttag +73 94/92/90/88/86; 
ttag +74 100/100/98/99/96; 
ttag +75 71/65/57/59/56; 
ttag +76 62/37/28/27/17; 
ttag +77 100/100/98/100/99; 
ttag +78 100/100/99/99/100; 
ttag +79 95/94/92/98/92; 
ttag +80 93/91/82/93/84; 
ttag +81 99/99/100/100/98; 
ttag +82 92/90/88/92/81; 
ttag +83 92/90/84/94/81; 
ttag +84 36/10/2/?/?; 
ttag +85 99/99/98/99/98; 
ttag +86 100/100/100/100/100; 
ttag +87 76/70/75/78/62; 
ttag +88 99/99/97/97/94; 
ttag +89 95/94/89/92/84; 
ttag +90 41/14/21/25/21; 
ttag +91 98/97/94/95/90; 
ttag +92 100/100/98/98/97; 
ttag +93 43/0/?/2/?; 
ttag +94 96/95/94/99/94; 
