tread
'Tree with tags' 
(0 (1 ((2 3 )((4 5 (6 7 ))(8 (9 (10 (11 12 ))))))(13 14 )((15 16 )(17 18 (19 ((20 21 )((22 23 )(24 25 ))))))((26 (28 (27 (29 30 ))))(39 (31 (32 33 )(34 35 )(36 (37 38 )))((40 41 )(42 (43 ((44 45 )(46 47 ))))))))); 
ttag *!; 
ttag +49 ???; 
ttag +50 5; 
ttag +51 1; 
ttag +52 1; 
ttag +53 2; 
ttag +54 1; 
ttag +55 3; 
ttag +56 1; 
ttag +57 3; 
ttag +58 12; 
ttag +59 6; 
ttag +60 9; 
ttag +61 5; 
ttag +62 2; 
ttag +63 2; 
ttag +64 9; 
ttag +65 4; 
ttag +66 7; 
ttag +67 3; 
ttag +68 3; 
ttag +69 7; 
ttag +70 6; 
ttag +71 1; 
ttag +72 6; 
ttag +73 10; 
ttag +74 6; 
ttag +75 3; 
ttag +76 7; 
ttag +77 1; 
ttag +78 10; 
ttag +79 8; 
ttag +80 4; 
ttag +81 3; 
ttag +82 3; 
ttag +83 5; 
ttag +84 11; 
ttag +85 8; 
ttag +86 1; 
tread
'Tree with tags' 
(0 (1 (((2 3 )(((4 5 )(6 7 ))(8 (9 (10 (11 12 ))))))((13 14 )(((15 16 )(17 (18 (19 ((20 21 )((22 23 )(24 25 )))))))((26 (28 (27 (29 30 ))))(((31 ((32 33 )(34 35 )))(36 (37 38 )))(39 ((40 41 )(42 (43 ((44 45 )(46 47 ))))))))))))); 
ttag *!; 
ttag +0 ////; 
ttag +1 ////; 
ttag +2 ////; 
ttag +3 ////; 
ttag +4 ////; 
ttag +5 ////; 
ttag +6 ////; 
ttag +7 ////; 
ttag +8 ////; 
ttag +9 ////; 
ttag +10 ////; 
ttag +11 ////; 
ttag +12 ////; 
ttag +13 ////; 
ttag +14 ////; 
ttag +15 ////; 
ttag +16 ////; 
ttag +17 ////; 
ttag +18 ////; 
ttag +19 ////; 
ttag +20 ////; 
ttag +21 ////; 
ttag +22 ////; 
ttag +23 ////; 
ttag +24 ////; 
ttag +25 ////; 
ttag +26 ////; 
ttag +27 ////; 
ttag +28 ////; 
ttag +29 ////; 
ttag +30 ////; 
ttag +31 ////; 
ttag +32 ////; 
ttag +33 ////; 
ttag +34 ////; 
ttag +35 ////; 
ttag +36 ////; 
ttag +37 ////; 
ttag +38 ////; 
ttag +39 ////; 
ttag +40 ////; 
ttag +41 ////; 
ttag +42 ////; 
ttag +43 ////; 
ttag +44 ////; 
ttag +45 ////; 
ttag +46 ////; 
ttag +47 ////; 
ttag +48 ////; 
ttag +49 100/100/100/100/100; 
ttag +50 96/95/97/96/95; 
ttag +51 61/34/41/37/36; 
ttag +52 10/[15]/?/?/?; 
ttag +53 37/19/21/20/10; 
ttag +54 71/66/54/70/61; 
ttag +55 86/82/71/80/70; 
ttag +56 66/47/44/42/51; 
ttag +57 80/77/61/78/67; 
ttag +58 42/21/22/26/21; 
ttag +59 84/79/63/80/68; 
ttag +60 100/100/100/100/100; 
ttag +61 99/99/99/100/99; 
ttag +62 25/6/2/2/6; 
ttag +63 100/100/99/100/98; 
ttag +64 94/94/85/96/86; 
ttag +65 26/7/2/0/5; 
ttag +66 76/67/51/74/60; 
ttag +67 34/[4]/6/?/4; 
ttag +68 69/60/43/70/52; 
ttag +69 100/100/99/100/99; 
ttag +70 90/87/70/86/74; 
ttag +71 99/99/97/99/98; 
ttag +72 83/80/64/84/68; 
ttag +73 85/79/70/84/74; 
ttag +74 99/99/99/100/98; 
ttag +75 98/98/97/98/96; 
ttag +76 60/43/32/57/43; 
ttag +77 99/99/91/99/97; 
ttag +78 100/100/100/100/100; 
ttag +79 12/[62]/?/?/?; 
ttag +80 98/98/94/99/90; 
ttag +81 96/96/89/94/92; 
ttag +82 100/100/99/100/99; 
ttag +83 41/7/9/10/6; 
ttag +84 83/74/72/70/68; 
ttag +85 100/100/100/100/99; 
ttag +86 98/97/97/99/94; 
ttag +87 44/21/27/21/25; 
ttag +88 91/89/84/95/85; 
ttag +89 89/88/76/88/80; 
ttag +90 84/75/68/82/70; 
ttag +91 95/95/84/92/85; 
ttag +92 100/100/100/100/99; 
ttag +93 98/98/95/99/96; 
ttag +94 67/56/43/52/50; 
