tread
'Tree with tags' 
(0 ((1 (((2 3 )(9 ((8 ((4 5 )(6 7 )))(10 (11 12 )))))(13 14 )))(((17 (15 16 ))(18 (19 ((20 21 )((22 23 )(24 25 ))))))((26 (27 (28 (29 30 ))))((39 (31 (((32 33 )(34 35 ))(36 (37 38 )))))((40 41 )(43 (42 ((44 45 )(46 47 )))))))))); 
ttag *!; 
ttag +49 1; 
ttag +50 ???; 
ttag +51 1; 
ttag +52 9; 
ttag +53 1; 
ttag +54 5; 
ttag +55 15; 
ttag +56 1; 
ttag +57 2; 
ttag +58 6; 
ttag +59 4; 
ttag +60 4; 
ttag +61 10; 
ttag +62 12; 
ttag +63 11; 
ttag +64 1; 
ttag +65 6; 
ttag +66 3; 
ttag +67 3; 
ttag +68 3; 
ttag +69 13; 
ttag +70 6; 
ttag +71 6; 
ttag +72 8; 
ttag +73 8; 
ttag +74 5; 
ttag +75 3; 
ttag +76 4; 
ttag +77 8; 
ttag +78 10; 
ttag +79 4; 
ttag +80 1; 
ttag +81 5; 
ttag +82 6; 
ttag +83 2; 
ttag +84 6; 
ttag +85 5; 
ttag +86 11; 
ttag +87 7; 
ttag +88 2; 
ttag +89 3; 
ttag +90 3; 
ttag +91 16; 
ttag +92 6; 
ttag +93 3; 
ttag +94 2; 
tread
'Tree with tags' 
(0 ((1 (((2 3 )(9 ((8 ((4 5 )(6 7 )))(10 (11 12 )))))(13 14 )))(((17 (15 16 ))(18 (19 ((20 21 )((22 23 )(24 25 ))))))((26 (27 (28 (29 30 ))))((39 (31 (((32 33 )(34 35 ))(36 (37 38 )))))((40 41 )(43 (42 ((44 45 )(46 47 )))))))))); 
ttag *!; 
ttag +0 ////; 
ttag +1 ////; 
ttag +2 ////; 
ttag +3 ////; 
ttag +4 ////; 
ttag +5 ////; 
ttag +6 ////; 
ttag +7 ////; 
ttag +8 ////; 
ttag +9 ////; 
ttag +10 ////; 
ttag +11 ////; 
ttag +12 ////; 
ttag +13 ////; 
ttag +14 ////; 
ttag +15 ////; 
ttag +16 ////; 
ttag +17 ////; 
ttag +18 ////; 
ttag +19 ////; 
ttag +20 ////; 
ttag +21 ////; 
ttag +22 ////; 
ttag +23 ////; 
ttag +24 ////; 
ttag +25 ////; 
ttag +26 ////; 
ttag +27 ////; 
ttag +28 ////; 
ttag +29 ////; 
ttag +30 ////; 
ttag +31 ////; 
ttag +32 ////; 
ttag +33 ////; 
ttag +34 ////; 
ttag +35 ////; 
ttag +36 ////; 
ttag +37 ////; 
ttag +38 ////; 
ttag +39 ////; 
ttag +40 ////; 
ttag +41 ////; 
ttag +42 ////; 
ttag +43 ////; 
ttag +44 ////; 
ttag +45 ////; 
ttag +46 ////; 
ttag +47 ////; 
ttag +48 ////; 
ttag +49 46/33/16/35/18; 
ttag +50 100/100/100/100/100; 
ttag +51 66/52/64/56/57; 
ttag +52 96/95/89/95/90; 
ttag +53 33/17/3/24/12; 
ttag +54 95/93/88/94/84; 
ttag +55 100/100/100/100/99; 
ttag +56 40/20/1/10/?; 
ttag +57 71/63/46/66/51; 
ttag +58 94/91/82/92/82; 
ttag +59 84/78/72/77/68; 
ttag +60 86/81/72/86/78; 
ttag +61 100/100/100/100/100; 
ttag +62 100/100/99/99/98; 
ttag +63 100/100/100/100/100; 
ttag +64 35/12/2/14/1; 
ttag +65 91/90/86/92/82; 
ttag +66 55/48/26/53/32; 
ttag +67 87/83/81/88/76; 
ttag +68 79/74/72/83/70; 
ttag +69 100/100/100/100/100; 
ttag +70 97/96/87/96/88; 
ttag +71 98/98/95/98/95; 
ttag +72 98/98/93/99/97; 
ttag +73 100/100/100/100/100; 
ttag +74 95/94/93/94/90; 
ttag +75 84/82/74/81/70; 
ttag +76 88/87/77/88/82; 
ttag +77 100/100/100/100/99; 
ttag +78 99/99/100/100/99; 
ttag +79 65/54/33/56/41; 
ttag +80 38/27/10/24/14; 
ttag +81 84/82/74/88/69; 
ttag +82 86/81/74/87/83; 
ttag +83 68/62/49/64/55; 
ttag +84 88/83/75/88/82; 
ttag +85 99/99/98/99/98; 
ttag +86 100/100/100/100/100; 
ttag +87 97/96/96/98/94; 
ttag +88 71/55/49/59/52; 
ttag +89 67/57/42/64/45; 
ttag +90 65/49/29/49/35; 
ttag +91 100/100/100/100/100; 
ttag +92 99/98/93/98/94; 
ttag +93 74/60/54/60/49; 
ttag +94 76/67/50/66/63; 
