tread
'Tree with tags' 
(0 (1 (8 9 (2 3 )(6 7 (4 5 ))(10 (11 12 )))(13 14 )((17 (15 16 ))(18 (19 ((20 21 )((22 23 )(24 25 ))))))((26 27 (28 (29 30 )))(39 (31 ((32 33 )(34 35 )(36 (37 38 ))))((40 41 )((42 43 )((44 45 )(46 47 )))))))); 
ttag *!; 
ttag +49 ???; 
ttag +50 3; 
ttag +51 8; 
ttag +52 3; 
ttag +53 7; 
ttag +54 2; 
ttag +55 4; 
ttag +56 10; 
ttag +57 6; 
ttag +58 3; 
ttag +59 7; 
ttag +60 1; 
ttag +61 3; 
ttag +62 5; 
ttag +63 10; 
ttag +64 14; 
ttag +65 4; 
ttag +66 4; 
ttag +67 4; 
ttag +68 3; 
ttag +69 5; 
ttag +70 8; 
ttag +71 2; 
ttag +72 4; 
ttag +73 3; 
ttag +74 4; 
ttag +75 3; 
ttag +76 10; 
ttag +77 9; 
ttag +78 2; 
ttag +79 2; 
ttag +80 1; 
ttag +81 5; 
ttag +82 3; 
ttag +83 4; 
ttag +84 3; 
tread
'Tree with tags' 
(0 ((1 (((2 3 )(8 (9 (10 (11 12 )))))((4 5 )(6 7 ))))(((13 14 )((17 (15 16 ))(18 (19 ((20 21 )((22 23 )(24 25 )))))))((26 (27 (28 (29 30 ))))((31 (((32 33 )(36 (37 38 )))(34 35 )))(39 ((40 41 )((42 43 )((44 45 )(46 47 )))))))))); 
ttag *!; 
ttag +0 ////; 
ttag +1 ////; 
ttag +2 ////; 
ttag +3 ////; 
ttag +4 ////; 
ttag +5 ////; 
ttag +6 ////; 
ttag +7 ////; 
ttag +8 ////; 
ttag +9 ////; 
ttag +10 ////; 
ttag +11 ////; 
ttag +12 ////; 
ttag +13 ////; 
ttag +14 ////; 
ttag +15 ////; 
ttag +16 ////; 
ttag +17 ////; 
ttag +18 ////; 
ttag +19 ////; 
ttag +20 ////; 
ttag +21 ////; 
ttag +22 ////; 
ttag +23 ////; 
ttag +24 ////; 
ttag +25 ////; 
ttag +26 ////; 
ttag +27 ////; 
ttag +28 ////; 
ttag +29 ////; 
ttag +30 ////; 
ttag +31 ////; 
ttag +32 ////; 
ttag +33 ////; 
ttag +34 ////; 
ttag +35 ////; 
ttag +36 ////; 
ttag +37 ////; 
ttag +38 ////; 
ttag +39 ////; 
ttag +40 ////; 
ttag +41 ////; 
ttag +42 ////; 
ttag +43 ////; 
ttag +44 ////; 
ttag +45 ////; 
ttag +46 ////; 
ttag +47 ////; 
ttag +48 ////; 
ttag +49 17/3/?/2/2; 
ttag +50 100/100/100/100/100; 
ttag +51 84/82/70/89/72; 
ttag +52 39/4/10/10/4; 
ttag +53 98/98/92/97/95; 
ttag +54 90/86/76/88/82; 
ttag +55 99/99/98/100/99; 
ttag +56 32/8/20/11/18; 
ttag +57 28/6/?/7/6; 
ttag +58 42/19/12/12/16; 
ttag +59 77/68/58/66/60; 
ttag +60 97/97/90/96/93; 
ttag +61 100/100/100/100/100; 
ttag +62 10/[3]/?/?/?; 
ttag +63 18/4/?/3/4; 
ttag +64 99/99/96/98/96; 
ttag +65 84/82/76/87/76; 
ttag +66 99/99/97/99/97; 
ttag +67 59/47/37/51/49; 
ttag +68 94/92/89/90/86; 
ttag +69 99/99/98/99/98; 
ttag +70 100/100/98/100/98; 
ttag +71 100/100/100/100/100; 
ttag +72 95/94/85/94/82; 
ttag +73 93/92/85/93/87; 
ttag +74 95/93/95/95/90; 
ttag +75 82/76/62/72/68; 
ttag +76 21/[13]/?/?/2; 
ttag +77 98/98/96/100/97; 
ttag +78 100/100/99/99/100; 
ttag +79 84/80/63/79/76; 
ttag +80 97/96/91/94/91; 
ttag +81 89/85/78/83/80; 
ttag +82 37/1/?/5/5; 
ttag +83 91/88/82/92/86; 
ttag +84 98/98/96/97/94; 
ttag +85 100/100/100/100/100; 
ttag +86 100/100/100/100/100; 
ttag +87 40/15/20/24/12; 
ttag +88 70/59/52/58/48; 
ttag +89 74/69/58/56/53; 
ttag +90 37/19/20/27/18; 
ttag +91 98/97/92/98/93; 
ttag +92 84/77/66/80/67; 
ttag +93 86/78/74/82/77; 
ttag +94 90/87/81/90/83; 
