tread
'Tree with tags' 
(0 (1 ((2 3 )(7 (6 (4 5 )))(8 (9 (10 (11 12 )))))(13 14 )(17 (15 16 )(18 (19 ((20 21 )((22 23 )(24 25 ))))))((26 (27 (28 (29 30 ))))((31 ((32 33 )(34 35 )(36 (37 38 ))))(39 (40 41 (42 (43 ((44 45 )(46 47 )))))))))); 
ttag *!; 
ttag +49 ???; 
ttag +50 8; 
ttag +51 7; 
ttag +52 7; 
ttag +53 1; 
ttag +54 5; 
ttag +55 1; 
ttag +56 1; 
ttag +57 4; 
ttag +58 10; 
ttag +59 7; 
ttag +60 9; 
ttag +61 6; 
ttag +62 2; 
ttag +63 4; 
ttag +64 8; 
ttag +65 2; 
ttag +66 9; 
ttag +67 6; 
ttag +68 4; 
ttag +69 9; 
ttag +70 5; 
ttag +71 1; 
ttag +72 6; 
ttag +73 7; 
ttag +74 4; 
ttag +75 4; 
ttag +76 7; 
ttag +77 2; 
ttag +78 4; 
ttag +79 9; 
ttag +80 10; 
ttag +81 1; 
ttag +82 6; 
ttag +83 7; 
ttag +84 2; 
ttag +85 7; 
ttag +86 6; 
ttag +87 4; 
tread
'Tree with tags' 
(0 ((1 (((13 14 )((15 16 )(17 (18 (19 ((20 21 )((22 23 )(24 25 ))))))))((26 (27 (28 (29 30 ))))((31 ((32 33 )((34 35 )(36 (37 38 )))))(39 ((40 41 )(42 (43 ((44 45 )(46 47 ))))))))))((2 3 )((7 (6 (4 5 )))(8 (9 (10 (11 12 )))))))); 
ttag *!; 
ttag +0 ////; 
ttag +1 ////; 
ttag +2 ////; 
ttag +3 ////; 
ttag +4 ////; 
ttag +5 ////; 
ttag +6 ////; 
ttag +7 ////; 
ttag +8 ////; 
ttag +9 ////; 
ttag +10 ////; 
ttag +11 ////; 
ttag +12 ////; 
ttag +13 ////; 
ttag +14 ////; 
ttag +15 ////; 
ttag +16 ////; 
ttag +17 ////; 
ttag +18 ////; 
ttag +19 ////; 
ttag +20 ////; 
ttag +21 ////; 
ttag +22 ////; 
ttag +23 ////; 
ttag +24 ////; 
ttag +25 ////; 
ttag +26 ////; 
ttag +27 ////; 
ttag +28 ////; 
ttag +29 ////; 
ttag +30 ////; 
ttag +31 ////; 
ttag +32 ////; 
ttag +33 ////; 
ttag +34 ////; 
ttag +35 ////; 
ttag +36 ////; 
ttag +37 ////; 
ttag +38 ////; 
ttag +39 ////; 
ttag +40 ////; 
ttag +41 ////; 
ttag +42 ////; 
ttag +43 ////; 
ttag +44 ////; 
ttag +45 ////; 
ttag +46 ////; 
ttag +47 ////; 
ttag +48 ////; 
ttag +49 17/[14]/?/?/?; 
ttag +50 100/100/100/100/100; 
ttag +51 100/100/98/100/99; 
ttag +52 100/100/96/100/97; 
ttag +53 98/98/93/100/95; 
ttag +54 52/34/16/29/31; 
ttag +55 96/95/91/98/94; 
ttag +56 24/[22]/?/?/?; 
ttag +57 27/9/11/14/16; 
ttag +58 42/24/25/30/21; 
ttag +59 87/83/69/84/63; 
ttag +60 100/100/100/100/100; 
ttag +61 99/98/98/100/98; 
ttag +62 17/[14]/?/?/?; 
ttag +63 14/[17]/?/?/?; 
ttag +64 100/100/100/100/100; 
ttag +65 96/96/84/94/86; 
ttag +66 22/[19]/?/?/?; 
ttag +67 77/72/64/77/69; 
ttag +68 88/87/69/86/81; 
ttag +69 100/100/100/100/100; 
ttag +70 71/58/66/69/59; 
ttag +71 99/98/99/100/98; 
ttag +72 97/96/94/99/95; 
ttag +73 87/85/75/92/79; 
ttag +74 99/99/98/99/96; 
ttag +75 93/92/85/91/85; 
ttag +76 72/61/60/72/60; 
ttag +77 99/98/98/98/97; 
ttag +78 99/99/98/99/98; 
ttag +79 94/92/78/90/77; 
ttag +80 94/92/88/93/89; 
ttag +81 100/100/99/99/96; 
ttag +82 70/67/54/69/48; 
ttag +83 95/94/93/94/93; 
ttag +84 39/16/20/18/16; 
ttag +85 99/99/99/100/98; 
ttag +86 100/100/100/100/100; 
ttag +87 54/47/43/51/40; 
ttag +88 30/[17]/?/?/?; 
ttag +89 90/87/87/94/86; 
ttag +90 100/100/100/100/99; 
ttag +91 75/69/61/70/61; 
ttag +92 100/100/99/99/98; 
ttag +93 93/90/82/92/84; 
ttag +94 97/97/99/98/99; 
