tread
'Tree with tags' 
(0 ((1 ((2 3 )((6 7 (4 5 ))(8 9 (10 (11 12 ))))))(((13 14 )((26 (27 (28 (29 30 ))))(39 (31 (32 33 (34 35 )(36 (37 38 ))))(41 (40 (42 (43 ((44 45 )(46 47 )))))))))((17 (15 16 ))(18 (19 ((20 21 )(24 25 (22 23 ))))))))); 
ttag *!; 
ttag +49 1; 
ttag +50 ???; 
ttag +51 3; 
ttag +52 6; 
ttag +53 6; 
ttag +54 8; 
ttag +55 1; 
ttag +56 4; 
ttag +57 1; 
ttag +58 8; 
ttag +59 9; 
ttag +60 4; 
ttag +61 2; 
ttag +62 9; 
ttag +63 2; 
ttag +64 8; 
ttag +65 7; 
ttag +66 5; 
ttag +67 4; 
ttag +68 5; 
ttag +69 10; 
ttag +70 4; 
ttag +71 4; 
ttag +72 9; 
ttag +73 2; 
ttag +74 11; 
ttag +75 7; 
ttag +76 6; 
ttag +77 6; 
ttag +78 1; 
ttag +79 5; 
ttag +80 9; 
ttag +81 11; 
ttag +82 1; 
ttag +83 9; 
ttag +84 7; 
ttag +85 2; 
ttag +86 4; 
ttag +87 7; 
ttag +88 2; 
tread
'Tree with tags' 
(0 ((1 ((2 3 )((7 (6 (4 5 )))((8 9 )(10 (11 12 ))))))(((13 14 )((26 (27 (28 (29 30 ))))(39 ((31 (((32 33 )(34 35 ))(36 (37 38 ))))(41 (40 (42 (43 ((44 45 )(46 47 ))))))))))((17 (15 16 ))(18 (19 ((20 21 )(25 (24 (22 23 )))))))))); 
ttag *!; 
ttag +0 ////; 
ttag +1 ////; 
ttag +2 ////; 
ttag +3 ////; 
ttag +4 ////; 
ttag +5 ////; 
ttag +6 ////; 
ttag +7 ////; 
ttag +8 ////; 
ttag +9 ////; 
ttag +10 ////; 
ttag +11 ////; 
ttag +12 ////; 
ttag +13 ////; 
ttag +14 ////; 
ttag +15 ////; 
ttag +16 ////; 
ttag +17 ////; 
ttag +18 ////; 
ttag +19 ////; 
ttag +20 ////; 
ttag +21 ////; 
ttag +22 ////; 
ttag +23 ////; 
ttag +24 ////; 
ttag +25 ////; 
ttag +26 ////; 
ttag +27 ////; 
ttag +28 ////; 
ttag +29 ////; 
ttag +30 ////; 
ttag +31 ////; 
ttag +32 ////; 
ttag +33 ////; 
ttag +34 ////; 
ttag +35 ////; 
ttag +36 ////; 
ttag +37 ////; 
ttag +38 ////; 
ttag +39 ////; 
ttag +40 ////; 
ttag +41 ////; 
ttag +42 ////; 
ttag +43 ////; 
ttag +44 ////; 
ttag +45 ////; 
ttag +46 ////; 
ttag +47 ////; 
ttag +48 ////; 
ttag +49 46/28/18/25/15; 
ttag +50 100/100/100/100/100; 
ttag +51 92/90/89/94/86; 
ttag +52 96/95/89/94/86; 
ttag +53 99/99/98/99/97; 
ttag +54 33/[2]/?/?/?; 
ttag +55 98/98/94/98/95; 
ttag +56 33/14/5/14/9; 
ttag +57 22/[1]/0/?/?; 
ttag +58 88/86/76/88/76; 
ttag +59 66/52/45/58/46; 
ttag +60 100/100/98/100/98; 
ttag +61 100/100/100/100/99; 
ttag +62 84/79/64/76/60; 
ttag +63 62/44/31/44/26; 
ttag +64 98/98/96/98/95; 
ttag +65 74/62/38/55/43; 
ttag +66 96/95/86/94/86; 
ttag +67 97/96/96/99/94; 
ttag +68 99/98/98/100/98; 
ttag +69 99/99/95/98/98; 
ttag +70 98/98/94/98/94; 
ttag +71 100/100/99/100/100; 
ttag +72 40/2/?/?/1; 
ttag +73 97/96/86/94/89; 
ttag +74 90/88/76/83/73; 
ttag +75 98/98/97/97/94; 
ttag +76 64/56/41/60/32; 
ttag +77 98/97/97/99/99; 
ttag +78 99/99/97/97/96; 
ttag +79 97/97/92/96/85; 
ttag +80 39/16/9/8/1; 
ttag +81 98/97/95/96/92; 
ttag +82 52/23/20/26/26; 
ttag +83 34/17/17/12/13; 
ttag +84 74/69/57/63/50; 
ttag +85 98/98/99/99/98; 
ttag +86 100/100/98/100/98; 
ttag +87 100/100/100/100/99; 
ttag +88 52/26/18/24/5; 
ttag +89 98/97/97/98/94; 
ttag +90 98/97/93/95/92; 
ttag +91 72/56/49/53/52; 
ttag +92 92/91/82/90/85; 
ttag +93 97/96/96/98/93; 
ttag +94 70/54/60/66/55; 
