tread
'Tree with tags' 
(0 ((1 ((13 14 )((15 16 )(17 (18 (19 ((20 21 )((22 23 )(24 25 )))))))((26 (27 (28 (29 30 ))))((31 (((32 33 )(36 (37 38 )))(34 35 )))(39 ((40 41 )(42 (43 ((44 45 )(46 47 ))))))))))((2 3 )((7 (6 (4 5 )))(8 9 (10 (11 12 ))))))); 
ttag *!; 
ttag +49 1; 
ttag +50 ???; 
ttag +51 10; 
ttag +52 4; 
ttag +53 10; 
ttag +54 1; 
ttag +55 12; 
ttag +56 1; 
ttag +57 2; 
ttag +58 2; 
ttag +59 7; 
ttag +60 5; 
ttag +61 1; 
ttag +62 7; 
ttag +63 8; 
ttag +64 5; 
ttag +65 4; 
ttag +66 2; 
ttag +67 9; 
ttag +68 6; 
ttag +69 11; 
ttag +70 11; 
ttag +71 6; 
ttag +72 7; 
ttag +73 2; 
ttag +74 3; 
ttag +75 5; 
ttag +76 5; 
ttag +77 5; 
ttag +78 9; 
ttag +79 8; 
ttag +80 1; 
ttag +81 4; 
ttag +82 2; 
ttag +83 10; 
ttag +84 6; 
ttag +85 1; 
ttag +86 6; 
ttag +87 4; 
ttag +88 9; 
ttag +89 5; 
ttag +90 10; 
ttag +91 7; 
ttag +92 3; 
tread
'Tree with tags' 
(0 ((1 (((13 14 )((26 (27 (28 (29 30 ))))((31 (((32 33 )(36 (37 38 )))(34 35 )))(39 ((40 41 )(42 (43 ((44 45 )(46 47 )))))))))((15 16 )(17 (18 (19 ((20 21 )((22 23 )(24 25 )))))))))((2 3 )((7 (6 (4 5 )))(9 (8 (10 (11 12 )))))))); 
ttag *!; 
ttag +0 ////; 
ttag +1 ////; 
ttag +2 ////; 
ttag +3 ////; 
ttag +4 ////; 
ttag +5 ////; 
ttag +6 ////; 
ttag +7 ////; 
ttag +8 ////; 
ttag +9 ////; 
ttag +10 ////; 
ttag +11 ////; 
ttag +12 ////; 
ttag +13 ////; 
ttag +14 ////; 
ttag +15 ////; 
ttag +16 ////; 
ttag +17 ////; 
ttag +18 ////; 
ttag +19 ////; 
ttag +20 ////; 
ttag +21 ////; 
ttag +22 ////; 
ttag +23 ////; 
ttag +24 ////; 
ttag +25 ////; 
ttag +26 ////; 
ttag +27 ////; 
ttag +28 ////; 
ttag +29 ////; 
ttag +30 ////; 
ttag +31 ////; 
ttag +32 ////; 
ttag +33 ////; 
ttag +34 ////; 
ttag +35 ////; 
ttag +36 ////; 
ttag +37 ////; 
ttag +38 ////; 
ttag +39 ////; 
ttag +40 ////; 
ttag +41 ////; 
ttag +42 ////; 
ttag +43 ////; 
ttag +44 ////; 
ttag +45 ////; 
ttag +46 ////; 
ttag +47 ////; 
ttag +48 ////; 
ttag +49 38/25/23/28/21; 
ttag +50 100/100/100/100/100; 
ttag +51 99/98/99/98/99; 
ttag +52 94/93/80/96/86; 
ttag +53 99/99/100/100/98; 
ttag +54 54/39/31/41/40; 
ttag +55 100/100/99/100/100; 
ttag +56 45/15/10/26/11; 
ttag +57 26/[12]/?/?/?; 
ttag +58 52/40/35/42/47; 
ttag +59 67/56/47/64/60; 
ttag +60 100/100/99/100/99; 
ttag +61 99/99/99/98/100; 
ttag +62 20/[11]/?/?/?; 
ttag +63 41/28/24/33/19; 
ttag +64 100/100/98/99/97; 
ttag +65 99/99/96/99/97; 
ttag +66 99/99/97/98/94; 
ttag +67 95/94/80/90/78; 
ttag +68 82/78/54/73/62; 
ttag +69 100/100/100/100/100; 
ttag +70 100/100/97/99/97; 
ttag +71 100/100/100/100/100; 
ttag +72 100/100/99/100/98; 
ttag +73 100/100/98/99/97; 
ttag +74 98/97/100/98/91; 
ttag +75 64/52/47/57/40; 
ttag +76 89/85/74/81/69; 
ttag +77 94/91/85/97/87; 
ttag +78 92/88/84/92/78; 
ttag +79 96/95/88/98/86; 
ttag +80 100/100/99/99/98; 
ttag +81 100/100/100/100/99; 
ttag +82 51/39/31/49/42; 
ttag +83 88/84/77/86/83; 
ttag +84 82/77/72/78/73; 
ttag +85 100/100/98/100/98; 
ttag +86 98/98/92/97/97; 
ttag +87 51/33/22/32/30; 
ttag +88 99/99/96/99/99; 
ttag +89 96/95/89/93/85; 
ttag +90 100/100/97/100/99; 
ttag +91 98/98/93/98/94; 
ttag +92 100/100/100/100/99; 
ttag +93 99/99/98/99/98; 
ttag +94 90/88/72/83/75; 
