tread
'Tree with tags' 
(0 (1 (((2 3 )(((4 5 )(6 7 ))(9 (8 (10 (11 12 ))))))((13 14 )((15 16 )(17 (18 (19 ((20 21 )((22 23 )(24 25 )))))))((26 (27 (28 (29 30 ))))(39 ((31 ((32 33 )(34 35 )(36 (37 38 ))))((40 41 )(42 (43 ((44 45 )(46 47 )))))))))))); 
ttag *!; 
ttag +49 ???; 
ttag +50 9; 
ttag +51 11; 
ttag +52 1; 
ttag +53 5; 
ttag +54 3; 
ttag +55 3; 
ttag +56 3; 
ttag +57 1; 
ttag +58 1; 
ttag +59 10; 
ttag +60 8; 
ttag +61 6; 
ttag +62 2; 
ttag +63 13; 
ttag +64 3; 
ttag +65 5; 
ttag +66 5; 
ttag +67 1; 
ttag +68 9; 
ttag +69 1; 
ttag +70 6; 
ttag +71 2; 
ttag +72 4; 
ttag +73 8; 
ttag +74 4; 
ttag +75 6; 
ttag +76 5; 
ttag +77 9; 
ttag +78 4; 
ttag +79 1; 
ttag +80 3; 
ttag +81 6; 
ttag +82 5; 
ttag +83 5; 
ttag +84 5; 
ttag +85 14; 
ttag +86 1; 
ttag +87 6; 
ttag +88 12; 
ttag +89 4; 
ttag +90 10; 
ttag +91 12; 
ttag +92 2; 
tread
'Tree with tags' 
(0 (1 (((2 3 )(((4 5 )(6 7 ))(9 (8 (10 (11 12 ))))))(((13 14 )((26 (27 (28 (29 30 ))))(39 ((31 (((32 33 )(36 (37 38 )))(34 35 )))((40 41 )(42 (43 ((44 45 )(46 47 )))))))))((15 16 )(17 (18 (19 ((20 21 )((22 23 )(24 25 ))))))))))); 
ttag *!; 
ttag +0 ////; 
ttag +1 ////; 
ttag +2 ////; 
ttag +3 ////; 
ttag +4 ////; 
ttag +5 ////; 
ttag +6 ////; 
ttag +7 ////; 
ttag +8 ////; 
ttag +9 ////; 
ttag +10 ////; 
ttag +11 ////; 
ttag +12 ////; 
ttag +13 ////; 
ttag +14 ////; 
ttag +15 ////; 
ttag +16 ////; 
ttag +17 ////; 
ttag +18 ////; 
ttag +19 ////; 
ttag +20 ////; 
ttag +21 ////; 
ttag +22 ////; 
ttag +23 ////; 
ttag +24 ////; 
ttag +25 ////; 
ttag +26 ////; 
ttag +27 ////; 
ttag +28 ////; 
ttag +29 ////; 
ttag +30 ////; 
ttag +31 ////; 
ttag +32 ////; 
ttag +33 ////; 
ttag +34 ////; 
ttag +35 ////; 
ttag +36 ////; 
ttag +37 ////; 
ttag +38 ////; 
ttag +39 ////; 
ttag +40 ////; 
ttag +41 ////; 
ttag +42 ////; 
ttag +43 ////; 
ttag +44 ////; 
ttag +45 ////; 
ttag +46 ////; 
ttag +47 ////; 
ttag +48 ////; 
ttag +49 100/100/100/100/100; 
ttag +50 100/100/99/99/99; 
ttag +51 100/100/98/100/98; 
ttag +52 55/51/40/56/45; 
ttag +53 90/87/80/88/75; 
ttag +54 82/80/72/84/68; 
ttag +55 76/68/46/61/50; 
ttag +56 87/85/74/86/75; 
ttag +57 58/39/21/38/21; 
ttag +58 63/54/38/52/40; 
ttag +59 99/99/97/100/97; 
ttag +60 100/100/100/100/100; 
ttag +61 99/98/95/99/92; 
ttag +62 32/[2]/?/3/0; 
ttag +63 74/68/60/59/55; 
ttag +64 100/100/100/100/100; 
ttag +65 88/86/63/82/77; 
ttag +66 92/91/84/91/81; 
ttag +67 91/89/84/89/82; 
ttag +68 40/19/18/21/8; 
ttag +69 100/100/100/100/100; 
ttag +70 52/31/28/29/19; 
ttag +71 97/95/93/98/91; 
ttag +72 76/67/57/64/58; 
ttag +73 85/77/58/72/62; 
ttag +74 99/99/97/99/99; 
ttag +75 98/97/90/95/92; 
ttag +76 98/97/94/99/95; 
ttag +77 97/97/90/97/92; 
ttag +78 99/99/98/100/99; 
ttag +79 93/91/80/92/86; 
ttag +80 57/49/28/54/42; 
ttag +81 85/81/74/86/78; 
ttag +82 99/98/88/99/96; 
ttag +83 31/4/6/8/5; 
ttag +84 97/96/88/94/89; 
ttag +85 98/98/99/98/99; 
ttag +86 97/96/92/97/96; 
ttag +87 100/100/100/100/100; 
ttag +88 50/36/22/34/30; 
ttag +89 97/96/94/98/94; 
ttag +90 100/100/99/100/100; 
ttag +91 93/89/80/89/84; 
ttag +92 100/100/99/100/100; 
ttag +93 100/100/100/100/100; 
ttag +94 84/78/71/72/57; 
