tread
'Tree with tags' 
(0 ((1 (((2 3 )(7 (6 (4 5 ))))((10 (8 9 ))(11 12 ))))((13 14 )((15 16 )(17 (18 (19 ((20 21 )((22 23 )(24 25 ))))))((27 (26 (28 (29 30 ))))((39 (31 ((32 33 )((34 35 )(36 (37 38 ))))))((40 41 )(42 (43 ((44 45 )(46 47 ))))))))))); 
ttag *!; 
ttag +49 3; 
ttag +50 ???; 
ttag +51 8; 
ttag +52 1; 
ttag +53 10; 
ttag +54 4; 
ttag +55 3; 
ttag +56 6; 
ttag +57 1; 
ttag +58 1; 
ttag +59 3; 
ttag +60 12; 
ttag +61 9; 
ttag +62 3; 
ttag +63 15; 
ttag +64 2; 
ttag +65 1; 
ttag +66 3; 
ttag +67 6; 
ttag +68 12; 
ttag +69 8; 
ttag +70 7; 
ttag +71 7; 
ttag +72 7; 
ttag +73 1; 
ttag +74 7; 
ttag +75 5; 
ttag +76 8; 
ttag +77 13; 
ttag +78 8; 
ttag +79 2; 
ttag +80 8; 
ttag +81 9; 
ttag +82 6; 
ttag +83 6; 
ttag +84 2; 
ttag +85 9; 
ttag +86 12; 
ttag +87 5; 
ttag +88 3; 
ttag +89 8; 
ttag +90 2; 
ttag +91 7; 
ttag +92 9; 
ttag +93 3; 
tread
'Tree with tags' 
(0 ((1 (((2 3 )(7 (6 (4 5 ))))((10 (8 9 ))(11 12 ))))((13 14 )(((15 16 )(17 (18 (19 ((20 21 )((22 23 )(24 25 )))))))((27 (26 (28 (29 30 ))))((39 (31 ((32 33 )((34 35 )(36 (37 38 ))))))((40 41 )(42 (43 ((44 45 )(46 47 ))))))))))); 
ttag *!; 
ttag +0 ////; 
ttag +1 ////; 
ttag +2 ////; 
ttag +3 ////; 
ttag +4 ////; 
ttag +5 ////; 
ttag +6 ////; 
ttag +7 ////; 
ttag +8 ////; 
ttag +9 ////; 
ttag +10 ////; 
ttag +11 ////; 
ttag +12 ////; 
ttag +13 ////; 
ttag +14 ////; 
ttag +15 ////; 
ttag +16 ////; 
ttag +17 ////; 
ttag +18 ////; 
ttag +19 ////; 
ttag +20 ////; 
ttag +21 ////; 
ttag +22 ////; 
ttag +23 ////; 
ttag +24 ////; 
ttag +25 ////; 
ttag +26 ////; 
ttag +27 ////; 
ttag +28 ////; 
ttag +29 ////; 
ttag +30 ////; 
ttag +31 ////; 
ttag +32 ////; 
ttag +33 ////; 
ttag +34 ////; 
ttag +35 ////; 
ttag +36 ////; 
ttag +37 ////; 
ttag +38 ////; 
ttag +39 ////; 
ttag +40 ////; 
ttag +41 ////; 
ttag +42 ////; 
ttag +43 ////; 
ttag +44 ////; 
ttag +45 ////; 
ttag +46 ////; 
ttag +47 ////; 
ttag +48 ////; 
ttag +49 70/63/54/68/54; 
ttag +50 100/100/100/100/100; 
ttag +51 99/99/100/99/99; 
ttag +52 34/[4]/?/?/?; 
ttag +53 99/98/98/97/99; 
ttag +54 82/75/74/83/67; 
ttag +55 71/66/49/67/54; 
ttag +56 89/83/76/91/83; 
ttag +57 48/40/36/37/38; 
ttag +58 27/[4]/2/12/8; 
ttag +59 80/75/66/74/69; 
ttag +60 100/100/100/100/100; 
ttag +61 100/100/98/100/100; 
ttag +62 72/65/56/71/56; 
ttag +63 100/100/100/100/99; 
ttag +64 40/28/28/26/27; 
ttag +65 61/54/42/55/40; 
ttag +66 39/26/10/20/14; 
ttag +67 82/79/72/78/69; 
ttag +68 98/98/98/99/96; 
ttag +69 100/100/100/100/100; 
ttag +70 98/98/98/100/98; 
ttag +71 99/98/97/100/99; 
ttag +72 96/95/93/98/94; 
ttag +73 100/100/98/100/98; 
ttag +74 47/27/8/31/16; 
ttag +75 99/98/97/98/95; 
ttag +76 91/89/77/91/82; 
ttag +77 100/100/98/100/99; 
ttag +78 100/100/100/100/100; 
ttag +79 98/98/97/100/98; 
ttag +80 74/70/64/75/58; 
ttag +81 100/100/98/100/99; 
ttag +82 100/100/100/100/98; 
ttag +83 96/96/95/97/93; 
ttag +84 99/98/94/99/96; 
ttag +85 84/78/70/78/70; 
ttag +86 100/100/98/99/99; 
ttag +87 100/100/98/100/99; 
ttag +88 96/95/91/94/90; 
ttag +89 80/75/67/80/70; 
ttag +90 100/100/99/100/99; 
ttag +91 74/70/51/66/48; 
ttag +92 100/100/96/100/98; 
ttag +93 100/100/98/99/96; 
ttag +94 86/82/80/91/80; 
