tread
'Tree with tags' 
(0 (1 ((2 3 )(((4 5 )(6 7 ))((8 9 )(10 (11 12 )))))(13 14 )(17 (15 16 )(18 (19 ((20 21 )((22 23 )(24 25 ))))))((26 (27 (28 (29 30 ))))(39 (31 ((32 33 )((34 35 )(36 (37 38 )))))((40 41 )(42 (43 ((44 45 )(46 47 ))))))))); 
ttag *!; 
ttag +49 ???; 
ttag +50 6; 
ttag +51 7; 
ttag +52 5; 
ttag +53 9; 
ttag +54 2; 
ttag +55 1; 
ttag +56 1; 
ttag +57 1; 
ttag +58 1; 
ttag +59 8; 
ttag +60 8; 
ttag +61 8; 
ttag +62 2; 
ttag +63 7; 
ttag +64 1; 
ttag +65 10; 
ttag +66 9; 
ttag +67 6; 
ttag +68 3; 
ttag +69 5; 
ttag +70 3; 
ttag +71 6; 
ttag +72 1; 
ttag +73 6; 
ttag +74 7; 
ttag +75 5; 
ttag +76 2; 
ttag +77 7; 
ttag +78 6; 
ttag +79 3; 
ttag +80 1; 
ttag +81 9; 
ttag +82 4; 
ttag +83 2; 
ttag +84 4; 
ttag +85 9; 
ttag +86 4; 
ttag +87 4; 
ttag +88 4; 
ttag +89 4; 
tread
'Tree with tags' 
(0 ((1 (13 14 ))((((2 3 )(((4 5 )(6 7 ))((8 9 )(10 (11 12 )))))((26 (27 (28 (29 30 ))))(39 ((31 ((32 33 )((34 35 )(36 (37 38 )))))((40 41 )(42 (43 ((44 45 )(46 47 )))))))))((15 16 )(17 (18 (19 ((20 21 )((22 23 )(24 25 )))))))))); 
ttag *!; 
ttag +0 ////; 
ttag +1 ////; 
ttag +2 ////; 
ttag +3 ////; 
ttag +4 ////; 
ttag +5 ////; 
ttag +6 ////; 
ttag +7 ////; 
ttag +8 ////; 
ttag +9 ////; 
ttag +10 ////; 
ttag +11 ////; 
ttag +12 ////; 
ttag +13 ////; 
ttag +14 ////; 
ttag +15 ////; 
ttag +16 ////; 
ttag +17 ////; 
ttag +18 ////; 
ttag +19 ////; 
ttag +20 ////; 
ttag +21 ////; 
ttag +22 ////; 
ttag +23 ////; 
ttag +24 ////; 
ttag +25 ////; 
ttag +26 ////; 
ttag +27 ////; 
ttag +28 ////; 
ttag +29 ////; 
ttag +30 ////; 
ttag +31 ////; 
ttag +32 ////; 
ttag +33 ////; 
ttag +34 ////; 
ttag +35 ////; 
ttag +36 ////; 
ttag +37 ////; 
ttag +38 ////; 
ttag +39 ////; 
ttag +40 ////; 
ttag +41 ////; 
ttag +42 ////; 
ttag +43 ////; 
ttag +44 ////; 
ttag +45 ////; 
ttag +46 ////; 
ttag +47 ////; 
ttag +48 ////; 
ttag +49 28/18/11/18/19; 
ttag +50 100/100/100/100/100; 
ttag +51 98/98/95/99/97; 
ttag +52 98/98/98/98/96; 
ttag +53 24/10/5/14/2; 
ttag +54 9/[15]/?/?/?; 
ttag +55 100/100/97/98/94; 
ttag +56 100/100/96/98/98; 
ttag +57 81/77/62/74/63; 
ttag +58 34/3/10/11/1; 
ttag +59 53/48/41/51/40; 
ttag +60 14/[1]/3/6/0; 
ttag +61 40/23/22/32/27; 
ttag +62 100/100/100/100/98; 
ttag +63 100/100/100/99/100; 
ttag +64 99/99/100/100/99; 
ttag +65 77/70/54/72/60; 
ttag +66 32/[1]/?/?/7; 
ttag +67 99/99/98/99/98; 
ttag +68 70/52/42/56/50; 
ttag +69 100/100/100/100/100; 
ttag +70 100/100/99/100/98; 
ttag +71 99/98/98/100/98; 
ttag +72 92/92/84/93/82; 
ttag +73 97/96/77/96/78; 
ttag +74 90/87/76/85/73; 
ttag +75 96/95/87/96/91; 
ttag +76 46/14/18/26/20; 
ttag +77 100/100/96/99/98; 
ttag +78 99/99/96/99/97; 
ttag +79 98/98/94/97/94; 
ttag +80 20/[16]/?/?/?; 
ttag +81 78/71/68/83/60; 
ttag +82 99/99/98/99/98; 
ttag +83 98/98/95/99/96; 
ttag +84 86/84/74/86/71; 
ttag +85 70/69/57/63/62; 
ttag +86 99/99/99/100/100; 
ttag +87 95/94/89/95/91; 
ttag +88 86/80/67/82/73; 
ttag +89 92/90/83/93/87; 
ttag +90 99/99/98/100/99; 
ttag +91 87/84/72/87/81; 
ttag +92 92/91/84/95/87; 
ttag +93 94/93/83/94/86; 
ttag +94 90/88/85/89/85; 
