tread
'Tree with tags' 
(0 (1 (((2 3 )(((4 5 )(6 7 ))(8 (9 (10 (11 12 ))))))(13 14 )((15 16 )(17 (19 (18 ((20 21 )((22 23 )(24 25 )))))))((26 (27 (28 (29 30 ))))((31 ((32 33 )((34 35 )(36 (37 38 )))))(39 ((40 41 )(42 (43 ((44 45 )(46 47 ))))))))))); 
ttag *!; 
ttag +49 ???; 
ttag +50 8; 
ttag +51 7; 
ttag +52 1; 
ttag +53 3; 
ttag +54 7; 
ttag +55 2; 
ttag +56 2; 
ttag +57 1; 
ttag +58 2; 
ttag +59 8; 
ttag +60 15; 
ttag +61 7; 
ttag +62 10; 
ttag +63 6; 
ttag +64 1; 
ttag +65 2; 
ttag +66 3; 
ttag +67 9; 
ttag +68 4; 
ttag +69 6; 
ttag +70 9; 
ttag +71 1; 
ttag +72 5; 
ttag +73 4; 
ttag +74 5; 
ttag +75 7; 
ttag +76 7; 
ttag +77 4; 
ttag +78 3; 
ttag +79 3; 
ttag +80 4; 
ttag +81 2; 
ttag +82 1; 
ttag +83 10; 
ttag +84 5; 
ttag +85 1; 
ttag +86 3; 
ttag +87 9; 
ttag +88 9; 
ttag +89 3; 
ttag +90 7; 
ttag +91 5; 
ttag +92 3; 
tread
'Tree with tags' 
(0 (1 (((2 3 )(((4 5 )(6 7 ))(8 (9 (10 (11 12 ))))))(((13 14 )((26 (27 (28 (29 30 ))))((31 ((32 33 )((34 35 )(36 (37 38 )))))(39 ((40 41 )(42 (43 ((44 45 )(46 47 )))))))))((15 16 )(17 (19 (18 ((20 21 )((22 23 )(24 25 ))))))))))); 
ttag *!; 
ttag +0 ////; 
ttag +1 ////; 
ttag +2 ////; 
ttag +3 ////; 
ttag +4 ////; 
ttag +5 ////; 
ttag +6 ////; 
ttag +7 ////; 
ttag +8 ////; 
ttag +9 ////; 
ttag +10 ////; 
ttag +11 ////; 
ttag +12 ////; 
ttag +13 ////; 
ttag +14 ////; 
ttag +15 ////; 
ttag +16 ////; 
ttag +17 ////; 
ttag +18 ////; 
ttag +19 ////; 
ttag +20 ////; 
ttag +21 ////; 
ttag +22 ////; 
ttag +23 ////; 
ttag +24 ////; 
ttag +25 ////; 
ttag +26 ////; 
ttag +27 ////; 
ttag +28 ////; 
ttag +29 ////; 
ttag +30 ////; 
ttag +31 ////; 
ttag +32 ////; 
ttag +33 ////; 
ttag +34 ////; 
ttag +35 ////; 
ttag +36 ////; 
ttag +37 ////; 
ttag +38 ////; 
ttag +39 ////; 
ttag +40 ////; 
ttag +41 ////; 
ttag +42 ////; 
ttag +43 ////; 
ttag +44 ////; 
ttag +45 ////; 
ttag +46 ////; 
ttag +47 ////; 
ttag +48 ////; 
ttag +49 100/100/100/100/100; 
ttag +50 99/99/97/100/99; 
ttag +51 98/98/93/98/94; 
ttag +52 35/15/22/7/20; 
ttag +53 90/88/77/90/76; 
ttag +54 98/97/93/98/94; 
ttag +55 58/50/39/52/37; 
ttag +56 65/50/46/50/41; 
ttag +57 44/35/31/32/29; 
ttag +58 76/72/60/70/56; 
ttag +59 97/96/90/98/93; 
ttag +60 100/100/100/100/100; 
ttag +61 99/99/100/100/99; 
ttag +62 33/16/12/11/6; 
ttag +63 33/15/?/6/?; 
ttag +64 100/100/99/99/100; 
ttag +65 89/87/72/86/72; 
ttag +66 54/43/28/43/35; 
ttag +67 54/38/10/32/18; 
ttag +68 70/58/38/48/41; 
ttag +69 100/100/100/100/100; 
ttag +70 85/83/68/84/69; 
ttag +71 98/98/96/98/93; 
ttag +72 99/99/98/98/99; 
ttag +73 55/30/19/33/20; 
ttag +74 97/97/96/98/94; 
ttag +75 84/82/73/86/76; 
ttag +76 99/99/99/99/99; 
ttag +77 100/100/100/100/100; 
ttag +78 100/100/100/99/100; 
ttag +79 90/85/80/87/84; 
ttag +80 85/81/76/85/78; 
ttag +81 84/81/66/78/69; 
ttag +82 92/90/81/85/80; 
ttag +83 83/80/74/81/71; 
ttag +84 62/49/28/46/27; 
ttag +85 100/100/100/100/99; 
ttag +86 96/95/85/96/90; 
ttag +87 53/34/36/36/38; 
ttag +88 91/88/80/87/82; 
ttag +89 99/99/99/100/97; 
ttag +90 99/98/98/99/98; 
ttag +91 75/64/49/66/50; 
ttag +92 99/99/97/99/98; 
ttag +93 97/96/90/97/89; 
ttag +94 73/67/58/67/61; 
