tread
'Tree with tags' 
(0 (1 (((((2 3 )(((4 5 )(6 7 ))(8 (9 (10 (11 12 ))))))((15 16 )(17 ((18 19 )((20 21 )((22 23 )(24 25 )))))))((26 (27 (28 (29 30 ))))(39 ((31 ((32 33 )((34 35 )(36 (37 38 )))))((40 41 )(42 (43 ((44 45 )(46 47 )))))))))(13 14 )))); 
ttag *!; 
ttag +49 ???; 
ttag +50 7; 
ttag +51 8; 
ttag +52 1; 
ttag +53 1; 
ttag +54 1; 
ttag +55 10; 
ttag +56 6; 
ttag +57 2; 
ttag +58 2; 
ttag +59 2; 
ttag +60 2; 
ttag +61 9; 
ttag +62 7; 
ttag +63 10; 
ttag +64 7; 
ttag +65 4; 
ttag +66 1; 
ttag +67 1; 
ttag +68 8; 
ttag +69 9; 
ttag +70 6; 
ttag +71 2; 
ttag +72 2; 
ttag +73 8; 
ttag +74 8; 
ttag +75 2; 
ttag +76 2; 
ttag +77 6; 
ttag +78 6; 
ttag +79 5; 
ttag +80 3; 
ttag +81 9; 
ttag +82 10; 
ttag +83 3; 
ttag +84 3; 
ttag +85 1; 
ttag +86 10; 
ttag +87 8; 
ttag +88 8; 
ttag +89 4; 
ttag +90 9; 
ttag +91 2; 
ttag +92 7; 
ttag +93 6; 
ttag +94 1; 
tread
'Tree with tags' 
(0 (1 (((((2 3 )(((4 5 )(6 7 ))(8 (9 (10 (11 12 ))))))((15 16 )(17 ((18 19 )((20 21 )((22 23 )(24 25 )))))))((26 (27 (28 (29 30 ))))(39 ((31 ((32 33 )((34 35 )(36 (37 38 )))))((40 41 )(42 (43 ((44 45 )(46 47 )))))))))(13 14 )))); 
ttag *!; 
ttag +0 ////; 
ttag +1 ////; 
ttag +2 ////; 
ttag +3 ////; 
ttag +4 ////; 
ttag +5 ////; 
ttag +6 ////; 
ttag +7 ////; 
ttag +8 ////; 
ttag +9 ////; 
ttag +10 ////; 
ttag +11 ////; 
ttag +12 ////; 
ttag +13 ////; 
ttag +14 ////; 
ttag +15 ////; 
ttag +16 ////; 
ttag +17 ////; 
ttag +18 ////; 
ttag +19 ////; 
ttag +20 ////; 
ttag +21 ////; 
ttag +22 ////; 
ttag +23 ////; 
ttag +24 ////; 
ttag +25 ////; 
ttag +26 ////; 
ttag +27 ////; 
ttag +28 ////; 
ttag +29 ////; 
ttag +30 ////; 
ttag +31 ////; 
ttag +32 ////; 
ttag +33 ////; 
ttag +34 ////; 
ttag +35 ////; 
ttag +36 ////; 
ttag +37 ////; 
ttag +38 ////; 
ttag +39 ////; 
ttag +40 ////; 
ttag +41 ////; 
ttag +42 ////; 
ttag +43 ////; 
ttag +44 ////; 
ttag +45 ////; 
ttag +46 ////; 
ttag +47 ////; 
ttag +48 ////; 
ttag +49 100/100/100/100/100; 
ttag +50 99/99/99/100/98; 
ttag +51 98/98/92/100/94; 
ttag +52 34/6/9/20/6; 
ttag +53 25/[2]/?/5/?; 
ttag +54 36/19/23/28/20; 
ttag +55 100/100/99/100/100; 
ttag +56 99/99/99/99/97; 
ttag +57 63/50/47/65/48; 
ttag +58 82/77/78/78/70; 
ttag +59 64/52/50/68/52; 
ttag +60 66/53/54/67/57; 
ttag +61 99/99/96/100/98; 
ttag +62 98/96/96/97/96; 
ttag +63 100/100/100/100/100; 
ttag +64 100/100/98/98/99; 
ttag +65 94/94/88/95/81; 
ttag +66 64/54/44/61/48; 
ttag +67 68/63/50/59/53; 
ttag +68 99/99/97/99/95; 
ttag +69 100/100/100/100/100; 
ttag +70 97/96/94/98/93; 
ttag +71 72/60/49/62/48; 
ttag +72 78/70/68/75/64; 
ttag +73 99/98/99/98/99; 
ttag +74 99/99/99/100/97; 
ttag +75 72/60/48/62/44; 
ttag +76 78/73/64/67/62; 
ttag +77 99/98/96/99/97; 
ttag +78 98/97/92/98/90; 
ttag +79 90/88/83/92/80; 
ttag +80 85/83/78/85/72; 
ttag +81 98/98/99/99/98; 
ttag +82 100/100/100/99/100; 
ttag +83 94/94/94/95/96; 
ttag +84 93/91/82/92/86; 
ttag +85 54/31/31/43/34; 
ttag +86 100/100/100/100/99; 
ttag +87 99/99/98/99/95; 
ttag +88 100/100/99/100/99; 
ttag +89 98/97/94/95/93; 
ttag +90 100/100/100/100/98; 
ttag +91 89/89/86/85/85; 
ttag +92 100/100/98/100/99; 
ttag +93 97/97/93/98/96; 
ttag +94 64/52/35/52/40; 
