tread
'Tree with tags' 
(0 ((1 ((2 3 )(((4 5 )(6 7 ))((8 9 )(10 (11 12 ))))))((13 14 )((17 (15 16 )(18 (19 ((20 21 )((22 23 )(24 25 ))))))((39 ((26 (27 (28 (29 30 ))))((40 41 )(42 (43 ((44 45 )(46 47 )))))))(31 (((32 33 )(36 (37 38 )))(34 35 )))))))); 
ttag *!; 
ttag +49 3; 
ttag +50 ???; 
ttag +51 9; 
ttag +52 4; 
ttag +53 8; 
ttag +54 4; 
ttag +55 2; 
ttag +56 3; 
ttag +57 1; 
ttag +58 2; 
ttag +59 8; 
ttag +60 11; 
ttag +61 12; 
ttag +62 2; 
ttag +63 5; 
ttag +64 3; 
ttag +65 1; 
ttag +66 4; 
ttag +67 1; 
ttag +68 8; 
ttag +69 3; 
ttag +70 4; 
ttag +71 5; 
ttag +72 2; 
ttag +73 5; 
ttag +74 2; 
ttag +75 1; 
ttag +76 10; 
ttag +77 6; 
ttag +78 4; 
ttag +79 3; 
ttag +80 4; 
ttag +81 8; 
ttag +82 1; 
ttag +83 1; 
ttag +84 3; 
ttag +85 4; 
ttag +86 9; 
ttag +87 8; 
ttag +88 6; 
ttag +89 11; 
ttag +90 1; 
ttag +91 8; 
ttag +92 5; 
ttag +93 1; 
tread
'Tree with tags' 
(0 ((1 ((2 3 )(((4 5 )(6 7 ))((8 9 )(10 (11 12 ))))))((13 14 )((17 ((15 16 )(18 (19 ((20 21 )((22 23 )(24 25 )))))))((39 ((26 (27 (28 (29 30 ))))((40 41 )(42 (43 ((44 45 )(46 47 )))))))(31 (((32 33 )(36 (37 38 )))(34 35 )))))))); 
ttag *!; 
ttag +0 ////; 
ttag +1 ////; 
ttag +2 ////; 
ttag +3 ////; 
ttag +4 ////; 
ttag +5 ////; 
ttag +6 ////; 
ttag +7 ////; 
ttag +8 ////; 
ttag +9 ////; 
ttag +10 ////; 
ttag +11 ////; 
ttag +12 ////; 
ttag +13 ////; 
ttag +14 ////; 
ttag +15 ////; 
ttag +16 ////; 
ttag +17 ////; 
ttag +18 ////; 
ttag +19 ////; 
ttag +20 ////; 
ttag +21 ////; 
ttag +22 ////; 
ttag +23 ////; 
ttag +24 ////; 
ttag +25 ////; 
ttag +26 ////; 
ttag +27 ////; 
ttag +28 ////; 
ttag +29 ////; 
ttag +30 ////; 
ttag +31 ////; 
ttag +32 ////; 
ttag +33 ////; 
ttag +34 ////; 
ttag +35 ////; 
ttag +36 ////; 
ttag +37 ////; 
ttag +38 ////; 
ttag +39 ////; 
ttag +40 ////; 
ttag +41 ////; 
ttag +42 ////; 
ttag +43 ////; 
ttag +44 ////; 
ttag +45 ////; 
ttag +46 ////; 
ttag +47 ////; 
ttag +48 ////; 
ttag +49 72/67/49/63/47; 
ttag +50 100/100/100/100/100; 
ttag +51 100/100/97/99/97; 
ttag +52 79/74/57/72/58; 
ttag +53 100/100/98/100/99; 
ttag +54 86/83/76/86/72; 
ttag +55 86/82/79/79/73; 
ttag +56 92/90/84/93/82; 
ttag +57 61/41/43/44/44; 
ttag +58 72/58/38/54/46; 
ttag +59 100/100/97/100/98; 
ttag +60 100/100/99/100/99; 
ttag +61 100/100/100/100/100; 
ttag +62 67/62/51/63/46; 
ttag +63 98/98/94/97/92; 
ttag +64 22/[8]/?/?/0; 
ttag +65 86/83/66/87/72; 
ttag +66 55/50/42/54/41; 
ttag +67 91/90/75/92/78; 
ttag +68 56/48/23/40/27; 
ttag +69 100/100/100/100/100; 
ttag +70 82/80/63/80/75; 
ttag +71 92/91/89/95/87; 
ttag +72 92/90/84/97/88; 
ttag +73 69/62/45/65/47; 
ttag +74 98/97/94/98/92; 
ttag +75 56/31/43/44/32; 
ttag +76 36/11/20/31/12; 
ttag +77 98/98/98/100/98; 
ttag +78 98/98/93/98/92; 
ttag +79 88/84/78/83/79; 
ttag +80 78/70/68/74/71; 
ttag +81 89/87/84/90/78; 
ttag +82 99/99/96/99/97; 
ttag +83 48/34/42/53/37; 
ttag +84 35/6/7/10/2; 
ttag +85 86/84/82/87/85; 
ttag +86 98/98/96/99/96; 
ttag +87 100/100/99/100/99; 
ttag +88 99/99/99/99/99; 
ttag +89 98/98/92/98/91; 
ttag +90 100/100/100/100/100; 
ttag +91 63/44/44/42/33; 
ttag +92 99/99/98/99/94; 
ttag +93 99/99/98/99/99; 
ttag +94 62/48/42/44/41; 
