tread
'Tree with tags' 
(0 ((1 ((13 14 )((17 (15 16 ))(18 (19 ((20 21 )((22 23 )(24 25 ))))))((26 (27 (28 (29 30 ))))(39 (31 ((32 33 )(34 35 )(36 (37 38 ))))((40 41 )(42 (43 (46 47 (44 45 )))))))))((2 3 )(((4 5 )(6 7 ))((8 9 )(10 (11 12 ))))))); 
ttag *!; 
ttag +49 1; 
ttag +50 ???; 
ttag +51 8; 
ttag +52 6; 
ttag +53 10; 
ttag +54 10; 
ttag +55 1; 
ttag +56 1; 
ttag +57 1; 
ttag +58 2; 
ttag +59 6; 
ttag +60 9; 
ttag +61 4; 
ttag +62 2; 
ttag +63 14; 
ttag +64 2; 
ttag +65 9; 
ttag +66 3; 
ttag +67 2; 
ttag +68 8; 
ttag +69 3; 
ttag +70 13; 
ttag +71 6; 
ttag +72 4; 
ttag +73 6; 
ttag +74 3; 
ttag +75 2; 
ttag +76 3; 
ttag +77 12; 
ttag +78 5; 
ttag +79 2; 
ttag +80 5; 
ttag +81 2; 
ttag +82 8; 
ttag +83 11; 
ttag +84 6; 
ttag +85 2; 
ttag +86 6; 
ttag +87 6; 
ttag +88 3; 
ttag +89 6; 
ttag +90 7; 
tread
'Tree with tags' 
(0 ((1 (((13 14 )((26 (27 (28 (29 30 ))))((31 (((32 33 )(36 (37 38 )))(34 35 )))(39 ((40 41 )(42 (43 (46 (47 (44 45 ))))))))))((17 (15 16 ))(18 (19 ((20 21 )((22 23 )(24 25 ))))))))((2 3 )(((4 5 )(6 7 ))((8 9 )(10 (11 12 ))))))); 
ttag *!; 
ttag +0 ////; 
ttag +1 ////; 
ttag +2 ////; 
ttag +3 ////; 
ttag +4 ////; 
ttag +5 ////; 
ttag +6 ////; 
ttag +7 ////; 
ttag +8 ////; 
ttag +9 ////; 
ttag +10 ////; 
ttag +11 ////; 
ttag +12 ////; 
ttag +13 ////; 
ttag +14 ////; 
ttag +15 ////; 
ttag +16 ////; 
ttag +17 ////; 
ttag +18 ////; 
ttag +19 ////; 
ttag +20 ////; 
ttag +21 ////; 
ttag +22 ////; 
ttag +23 ////; 
ttag +24 ////; 
ttag +25 ////; 
ttag +26 ////; 
ttag +27 ////; 
ttag +28 ////; 
ttag +29 ////; 
ttag +30 ////; 
ttag +31 ////; 
ttag +32 ////; 
ttag +33 ////; 
ttag +34 ////; 
ttag +35 ////; 
ttag +36 ////; 
ttag +37 ////; 
ttag +38 ////; 
ttag +39 ////; 
ttag +40 ////; 
ttag +41 ////; 
ttag +42 ////; 
ttag +43 ////; 
ttag +44 ////; 
ttag +45 ////; 
ttag +46 ////; 
ttag +47 ////; 
ttag +48 ////; 
ttag +49 50/44/45/50/38; 
ttag +50 100/100/100/100/100; 
ttag +51 100/100/99/100/100; 
ttag +52 99/98/98/99/97; 
ttag +53 100/100/100/100/100; 
ttag +54 100/100/98/100/98; 
ttag +55 56/50/47/48/46; 
ttag +56 52/25/27/31/17; 
ttag +57 60/49/40/45/34; 
ttag +58 72/70/64/74/65; 
ttag +59 96/95/90/96/92; 
ttag +60 100/100/99/100/98; 
ttag +61 96/95/90/94/91; 
ttag +62 20/2/0/4/5; 
ttag +63 68/66/54/62/46; 
ttag +64 100/100/100/100/100; 
ttag +65 46/30/15/33/21; 
ttag +66 99/99/97/99/97; 
ttag +67 68/54/32/54/44; 
ttag +68 61/47/28/47/34; 
ttag +69 99/99/98/99/98; 
ttag +70 82/73/71/70/67; 
ttag +71 100/100/100/99/98; 
ttag +72 97/97/91/96/91; 
ttag +73 95/93/89/92/91; 
ttag +74 99/99/96/100/93; 
ttag +75 70/65/54/72/52; 
ttag +76 58/48/36/58/44; 
ttag +77 77/70/56/75/62; 
ttag +78 100/100/100/100/100; 
ttag +79 98/97/95/98/92; 
ttag +80 77/67/58/63/55; 
ttag +81 100/100/95/98/97; 
ttag +82 33/[5]/1/0/?; 
ttag +83 85/83/76/78/76; 
ttag +84 100/100/99/99/99; 
ttag +85 100/100/100/100/99; 
ttag +86 98/98/94/98/96; 
ttag +87 34/0/?/?/?; 
ttag +88 72/62/60/66/58; 
ttag +89 99/99/95/99/94; 
ttag +90 99/99/92/96/93; 
ttag +91 93/91/86/88/86; 
ttag +92 99/99/94/98/94; 
ttag +93 33/0/?/2/?; 
ttag +94 98/98/93/97/92; 
