tread
'Tree with tags' 
(0 (1 ((((2 3 )(((4 5 )(6 7 ))(9 (8 (10 (11 12 ))))))((15 16 )(17 (18 19 ((20 21 )((22 23 )(24 25 )))))))(13 14 )((27 (26 (28 (29 30 ))))((39 (31 (((32 33 )(34 35 ))(36 (37 38 )))))((40 41 )((42 43 )((44 45 )(46 47 ))))))))); 
ttag *!; 
ttag +49 ???; 
ttag +50 5; 
ttag +51 6; 
ttag +52 1; 
ttag +53 4; 
ttag +54 5; 
ttag +55 8; 
ttag +56 4; 
ttag +57 3; 
ttag +58 1; 
ttag +59 6; 
ttag +60 3; 
ttag +61 10; 
ttag +62 8; 
ttag +63 8; 
ttag +64 6; 
ttag +65 3; 
ttag +66 5; 
ttag +67 8; 
ttag +68 4; 
ttag +69 5; 
ttag +70 7; 
ttag +71 5; 
ttag +72 1; 
ttag +73 5; 
ttag +74 5; 
ttag +75 6; 
ttag +76 10; 
ttag +77 6; 
ttag +78 1; 
ttag +79 5; 
ttag +80 5; 
ttag +81 2; 
ttag +82 6; 
ttag +83 7; 
ttag +84 10; 
ttag +85 7; 
ttag +86 2; 
ttag +87 5; 
ttag +88 1; 
ttag +89 2; 
ttag +90 5; 
ttag +91 7; 
ttag +92 4; 
tread
'Tree with tags' 
(0 (1 (((((2 3 )(((4 5 )(6 7 ))(9 (8 (10 (11 12 ))))))((15 16 )(17 ((18 19 )((20 21 )((22 23 )(24 25 )))))))(13 14 ))((27 (26 (28 (29 30 ))))((39 (31 (((32 33 )(34 35 ))(36 (37 38 )))))((40 41 )((42 43 )((44 45 )(46 47 ))))))))); 
ttag *!; 
ttag +0 ////; 
ttag +1 ////; 
ttag +2 ////; 
ttag +3 ////; 
ttag +4 ////; 
ttag +5 ////; 
ttag +6 ////; 
ttag +7 ////; 
ttag +8 ////; 
ttag +9 ////; 
ttag +10 ////; 
ttag +11 ////; 
ttag +12 ////; 
ttag +13 ////; 
ttag +14 ////; 
ttag +15 ////; 
ttag +16 ////; 
ttag +17 ////; 
ttag +18 ////; 
ttag +19 ////; 
ttag +20 ////; 
ttag +21 ////; 
ttag +22 ////; 
ttag +23 ////; 
ttag +24 ////; 
ttag +25 ////; 
ttag +26 ////; 
ttag +27 ////; 
ttag +28 ////; 
ttag +29 ////; 
ttag +30 ////; 
ttag +31 ////; 
ttag +32 ////; 
ttag +33 ////; 
ttag +34 ////; 
ttag +35 ////; 
ttag +36 ////; 
ttag +37 ////; 
ttag +38 ////; 
ttag +39 ////; 
ttag +40 ////; 
ttag +41 ////; 
ttag +42 ////; 
ttag +43 ////; 
ttag +44 ////; 
ttag +45 ////; 
ttag +46 ////; 
ttag +47 ////; 
ttag +48 ////; 
ttag +49 100/100/100/100/100; 
ttag +50 99/99/98/100/99; 
ttag +51 98/98/92/96/96; 
ttag +52 56/47/34/47/42; 
ttag +53 18/[6]/?/?/?; 
ttag +54 93/92/87/91/85; 
ttag +55 98/97/92/98/94; 
ttag +56 99/99/97/100/97; 
ttag +57 94/91/84/86/79; 
ttag +58 89/88/81/88/80; 
ttag +59 49/45/34/42/29; 
ttag +60 99/98/96/97/94; 
ttag +61 82/78/68/79/69; 
ttag +62 100/100/100/100/99; 
ttag +63 100/100/100/100/99; 
ttag +64 99/99/96/99/98; 
ttag +65 93/90/86/96/84; 
ttag +66 86/81/78/84/80; 
ttag +67 31/[4]/0/1/?; 
ttag +68 97/96/90/98/89; 
ttag +69 100/100/99/100/99; 
ttag +70 92/91/82/95/76; 
ttag +71 95/94/90/97/84; 
ttag +72 99/99/98/100/96; 
ttag +73 96/94/85/93/90; 
ttag +74 44/27/13/33/10; 
ttag +75 97/97/88/92/90; 
ttag +76 87/85/71/90/73; 
ttag +77 98/98/91/94/90; 
ttag +78 100/100/100/100/99; 
ttag +79 96/95/92/96/90; 
ttag +80 54/38/41/39/35; 
ttag +81 98/98/92/98/94; 
ttag +82 98/97/88/93/92; 
ttag +83 74/68/53/73/53; 
ttag +84 90/83/78/86/76; 
ttag +85 100/100/98/99/100; 
ttag +86 100/100/99/100/99; 
ttag +87 98/97/95/100/98; 
ttag +88 80/73/61/66/65; 
ttag +89 99/98/96/95/92; 
ttag +90 36/26/24/22/16; 
ttag +91 44/26/23/32/24; 
ttag +92 97/97/92/97/96; 
ttag +93 100/100/98/98/97; 
ttag +94 92/90/92/95/86; 
