tread
'Tree with tags' 
(0 (1 ((2 3 )(((4 5 )(6 7 ))(8 9 )(10 (11 12 ))))((13 14 )(17 (15 16 )(18 19 ((20 21 )((22 23 )(24 25 ))))))((26 (27 (28 (29 30 ))))(39 ((31 ((32 33 )(34 35 )(36 (37 38 ))))(41 (40 (42 (43 ((44 45 )(46 47 ))))))))))); 
ttag *!; 
ttag +49 ???; 
ttag +50 4; 
ttag +51 4; 
ttag +52 3; 
ttag +53 4; 
ttag +54 5; 
ttag +55 1; 
ttag +56 1; 
ttag +57 4; 
ttag +58 6; 
ttag +59 3; 
ttag +60 1; 
ttag +61 4; 
ttag +62 6; 
ttag +63 1; 
ttag +64 7; 
ttag +65 9; 
ttag +66 12; 
ttag +67 6; 
ttag +68 4; 
ttag +69 7; 
ttag +70 6; 
ttag +71 9; 
ttag +72 5; 
ttag +73 2; 
ttag +74 5; 
ttag +75 2; 
ttag +76 4; 
ttag +77 6; 
ttag +78 5; 
ttag +79 3; 
ttag +80 5; 
ttag +81 8; 
ttag +82 1; 
ttag +83 8; 
ttag +84 10; 
ttag +85 4; 
ttag +86 7; 
ttag +87 6; 
ttag +88 4; 
tread
'Tree with tags' 
(0 ((1 ((26 (27 (28 (29 30 ))))(39 ((31 (((32 33 )(34 35 ))(36 (37 38 ))))(41 (40 (42 (43 ((44 45 )(46 47 ))))))))))(((2 3 )(((4 5 )(6 7 ))((8 9 )(10 (11 12 )))))((13 14 )(17 ((15 16 )(18 (19 ((20 21 )((22 23 )(24 25 ))))))))))); 
ttag *!; 
ttag +0 ////; 
ttag +1 ////; 
ttag +2 ////; 
ttag +3 ////; 
ttag +4 ////; 
ttag +5 ////; 
ttag +6 ////; 
ttag +7 ////; 
ttag +8 ////; 
ttag +9 ////; 
ttag +10 ////; 
ttag +11 ////; 
ttag +12 ////; 
ttag +13 ////; 
ttag +14 ////; 
ttag +15 ////; 
ttag +16 ////; 
ttag +17 ////; 
ttag +18 ////; 
ttag +19 ////; 
ttag +20 ////; 
ttag +21 ////; 
ttag +22 ////; 
ttag +23 ////; 
ttag +24 ////; 
ttag +25 ////; 
ttag +26 ////; 
ttag +27 ////; 
ttag +28 ////; 
ttag +29 ////; 
ttag +30 ////; 
ttag +31 ////; 
ttag +32 ////; 
ttag +33 ////; 
ttag +34 ////; 
ttag +35 ////; 
ttag +36 ////; 
ttag +37 ////; 
ttag +38 ////; 
ttag +39 ////; 
ttag +40 ////; 
ttag +41 ////; 
ttag +42 ////; 
ttag +43 ////; 
ttag +44 ////; 
ttag +45 ////; 
ttag +46 ////; 
ttag +47 ////; 
ttag +48 ////; 
ttag +49 29/8/7/21/14; 
ttag +50 100/100/100/100/100; 
ttag +51 90/85/78/87/80; 
ttag +52 84/74/70/79/68; 
ttag +53 32/16/12/14/14; 
ttag +54 78/66/64/76/62; 
ttag +55 97/96/94/96/95; 
ttag +56 92/91/84/92/85; 
ttag +57 76/70/66/72/66; 
ttag +58 32/15/6/14/1; 
ttag +59 31/14/2/15/18; 
ttag +60 86/84/69/81/74; 
ttag +61 99/98/100/99/98; 
ttag +62 93/92/87/94/86; 
ttag +63 52/30/20/35/24; 
ttag +64 89/85/77/86/82; 
ttag +65 29/[3]/?/?/?; 
ttag +66 95/94/81/93/81; 
ttag +67 64/48/40/42/31; 
ttag +68 0/[20]/?/?/?; 
ttag +69 100/100/100/100/100; 
ttag +70 100/100/97/99/98; 
ttag +71 100/100/100/100/100; 
ttag +72 98/97/94/98/90; 
ttag +73 99/99/98/99/99; 
ttag +74 98/98/96/99/98; 
ttag +75 83/78/76/85/75; 
ttag +76 99/99/98/100/98; 
ttag +77 99/99/96/99/97; 
ttag +78 74/64/52/70/52; 
ttag +79 98/98/95/97/90; 
ttag +80 58/44/31/56/44; 
ttag +81 71/59/54/71/63; 
ttag +82 100/100/100/100/100; 
ttag +83 33/10/?/?/0; 
ttag +84 96/95/88/96/91; 
ttag +85 94/92/86/92/82; 
ttag +86 98/97/92/98/92; 
ttag +87 100/100/97/100/98; 
ttag +88 50/38/27/41/33; 
ttag +89 99/99/96/99/98; 
ttag +90 100/100/100/99/99; 
ttag +91 98/98/97/98/96; 
ttag +92 98/98/94/97/93; 
ttag +93 98/96/94/96/87; 
ttag +94 96/94/90/92/90; 
