tread
'Tree with tags' 
(0 (1 (9 (8 (2 3 )(6 7 (4 5 ))(10 (11 12 ))))(((13 14 )(26 (27 (28 (29 30 )))))(((17 (15 16 ))(18 (19 ((20 21 )((22 23 )(24 25 ))))))((31 ((32 33 )((34 35 )(36 (37 38 )))))(39 ((40 41 )(42 (43 ((44 45 )(46 47 ))))))))))); 
ttag *!; 
ttag +49 ???; 
ttag +50 8; 
ttag +51 1; 
ttag +52 8; 
ttag +53 7; 
ttag +54 8; 
ttag +55 3; 
ttag +56 3; 
ttag +57 13; 
ttag +58 1; 
ttag +59 1; 
ttag +60 5; 
ttag +61 1; 
ttag +62 7; 
ttag +63 1; 
ttag +64 6; 
ttag +65 3; 
ttag +66 10; 
ttag +67 7; 
ttag +68 10; 
ttag +69 3; 
ttag +70 3; 
ttag +71 6; 
ttag +72 3; 
ttag +73 7; 
ttag +74 7; 
ttag +75 4; 
ttag +76 5; 
ttag +77 8; 
ttag +78 6; 
ttag +79 2; 
ttag +80 4; 
ttag +81 17; 
ttag +82 8; 
ttag +83 1; 
ttag +84 4; 
ttag +85 9; 
ttag +86 9; 
ttag +87 1; 
ttag +88 5; 
ttag +89 1; 
ttag +90 3; 
tread
'Tree with tags' 
(0 ((1 (9 (8 (((2 3 )(10 (11 12 )))(7 (6 (4 5 )))))))(((13 14 )(26 (27 (28 (29 30 )))))(((17 (15 16 ))(18 (19 ((20 21 )((22 23 )(24 25 ))))))((31 ((32 33 )((34 35 )(36 (37 38 )))))(39 ((40 41 )(42 (43 ((44 45 )(46 47 ))))))))))); 
ttag *!; 
ttag +0 ////; 
ttag +1 ////; 
ttag +2 ////; 
ttag +3 ////; 
ttag +4 ////; 
ttag +5 ////; 
ttag +6 ////; 
ttag +7 ////; 
ttag +8 ////; 
ttag +9 ////; 
ttag +10 ////; 
ttag +11 ////; 
ttag +12 ////; 
ttag +13 ////; 
ttag +14 ////; 
ttag +15 ////; 
ttag +16 ////; 
ttag +17 ////; 
ttag +18 ////; 
ttag +19 ////; 
ttag +20 ////; 
ttag +21 ////; 
ttag +22 ////; 
ttag +23 ////; 
ttag +24 ////; 
ttag +25 ////; 
ttag +26 ////; 
ttag +27 ////; 
ttag +28 ////; 
ttag +29 ////; 
ttag +30 ////; 
ttag +31 ////; 
ttag +32 ////; 
ttag +33 ////; 
ttag +34 ////; 
ttag +35 ////; 
ttag +36 ////; 
ttag +37 ////; 
ttag +38 ////; 
ttag +39 ////; 
ttag +40 ////; 
ttag +41 ////; 
ttag +42 ////; 
ttag +43 ////; 
ttag +44 ////; 
ttag +45 ////; 
ttag +46 ////; 
ttag +47 ////; 
ttag +48 ////; 
ttag +49 28/8/16/16/11; 
ttag +50 100/100/100/100/100; 
ttag +51 99/99/99/100/99; 
ttag +52 20/[12]/?/?/?; 
ttag +53 23/6/?/8/2; 
ttag +54 35/22/8/21/13; 
ttag +55 99/99/98/100/95; 
ttag +56 99/99/99/98/99; 
ttag +57 18/[26]/?/?/?; 
ttag +58 98/98/99/99/97; 
ttag +59 89/85/72/86/74; 
ttag +60 96/94/96/92/92; 
ttag +61 100/100/100/100/100; 
ttag +62 22/[9]/?/?/?; 
ttag +63 65/59/54/55/45; 
ttag +64 97/96/87/96/88; 
ttag +65 51/20/13/17/20; 
ttag +66 97/96/91/98/93; 
ttag +67 34/2/?/8/?; 
ttag +68 94/93/88/98/88; 
ttag +69 87/84/72/87/78; 
ttag +70 100/100/100/100/100; 
ttag +71 98/98/92/98/92; 
ttag +72 99/99/98/100/99; 
ttag +73 84/78/77/90/78; 
ttag +74 78/66/58/80/55; 
ttag +75 98/97/95/99/95; 
ttag +76 88/82/67/88/81; 
ttag +77 99/98/96/99/96; 
ttag +78 100/100/100/100/100; 
ttag +79 98/97/92/97/93; 
ttag +80 96/96/91/97/87; 
ttag +81 100/100/100/100/98; 
ttag +82 96/96/94/97/94; 
ttag +83 89/89/85/88/88; 
ttag +84 96/96/94/96/94; 
ttag +85 100/100/100/100/100; 
ttag +86 100/100/99/100/99; 
ttag +87 60/46/34/36/36; 
ttag +88 90/88/83/88/74; 
ttag +89 100/100/98/100/97; 
ttag +90 100/100/98/99/97; 
ttag +91 55/34/35/30/35; 
ttag +92 97/96/91/99/94; 
ttag +93 61/42/40/52/43; 
ttag +94 86/82/76/82/72; 
