tread
'Tree with tags' 
(0 (1 ((8 9 (2 3 )(6 7 (4 5 ))(10 (11 12 )))((13 14 )((26 (27 (28 (29 30 ))))((31 ((32 33 )(34 35 )(36 (37 38 ))))(39 (41 (40 (42 (43 ((44 45 )(46 47 ))))))))))((15 16 )(17 (18 (19 ((20 21 )((22 23 )(24 25 )))))))))); 
ttag *!; 
ttag +49 ???; 
ttag +50 4; 
ttag +51 7; 
ttag +52 1; 
ttag +53 6; 
ttag +54 9; 
ttag +55 2; 
ttag +56 6; 
ttag +57 5; 
ttag +58 1; 
ttag +59 11; 
ttag +60 5; 
ttag +61 7; 
ttag +62 1; 
ttag +63 4; 
ttag +64 6; 
ttag +65 8; 
ttag +66 14; 
ttag +67 7; 
ttag +68 2; 
ttag +69 6; 
ttag +70 1; 
ttag +71 6; 
ttag +72 8; 
ttag +73 11; 
ttag +74 5; 
ttag +75 3; 
ttag +76 9; 
ttag +77 4; 
ttag +78 2; 
ttag +79 9; 
ttag +80 4; 
ttag +81 2; 
ttag +82 2; 
ttag +83 5; 
ttag +84 10; 
ttag +85 5; 
ttag +86 10; 
ttag +87 4; 
ttag +88 5; 
tread
'Tree with tags' 
(0 (1 (((2 3 )(8 (9 ((7 (6 (4 5 )))(10 (11 12 ))))))(((13 14 )((26 (27 (28 (29 30 ))))((31 ((32 33 )((34 35 )(36 (37 38 )))))(39 (41 (40 (42 (43 ((44 45 )(46 47 ))))))))))((15 16 )(17 (18 (19 ((20 21 )((22 23 )(24 25 ))))))))))); 
ttag *!; 
ttag +0 ////; 
ttag +1 ////; 
ttag +2 ////; 
ttag +3 ////; 
ttag +4 ////; 
ttag +5 ////; 
ttag +6 ////; 
ttag +7 ////; 
ttag +8 ////; 
ttag +9 ////; 
ttag +10 ////; 
ttag +11 ////; 
ttag +12 ////; 
ttag +13 ////; 
ttag +14 ////; 
ttag +15 ////; 
ttag +16 ////; 
ttag +17 ////; 
ttag +18 ////; 
ttag +19 ////; 
ttag +20 ////; 
ttag +21 ////; 
ttag +22 ////; 
ttag +23 ////; 
ttag +24 ////; 
ttag +25 ////; 
ttag +26 ////; 
ttag +27 ////; 
ttag +28 ////; 
ttag +29 ////; 
ttag +30 ////; 
ttag +31 ////; 
ttag +32 ////; 
ttag +33 ////; 
ttag +34 ////; 
ttag +35 ////; 
ttag +36 ////; 
ttag +37 ////; 
ttag +38 ////; 
ttag +39 ////; 
ttag +40 ////; 
ttag +41 ////; 
ttag +42 ////; 
ttag +43 ////; 
ttag +44 ////; 
ttag +45 ////; 
ttag +46 ////; 
ttag +47 ////; 
ttag +48 ////; 
ttag +49 100/100/100/100/100; 
ttag +50 96/95/93/91/92; 
ttag +51 98/98/91/99/96; 
ttag +52 55/44/41/37/36; 
ttag +53 97/97/94/97/98; 
ttag +54 27/[6]/9/?/?; 
ttag +55 100/100/98/99/98; 
ttag +56 29/0/?/?/?; 
ttag +57 16/[12]/?/?/?; 
ttag +58 43/14/7/13/3; 
ttag +59 88/86/71/88/74; 
ttag +60 99/99/97/99/96; 
ttag +61 96/96/94/97/96; 
ttag +62 35/24/19/26/12; 
ttag +63 31/6/14/8/13; 
ttag +64 100/100/100/100/100; 
ttag +65 90/86/74/88/76; 
ttag +66 99/99/92/97/97; 
ttag +67 51/34/21/37/31; 
ttag +68 92/89/84/91/83; 
ttag +69 100/100/99/99/99; 
ttag +70 100/100/99/99/98; 
ttag +71 100/100/100/100/100; 
ttag +72 100/100/98/100/96; 
ttag +73 67/48/57/60/54; 
ttag +74 99/99/94/98/92; 
ttag +75 56/46/42/42/34; 
ttag +76 99/98/97/99/90; 
ttag +77 100/100/100/100/99; 
ttag +78 100/100/100/100/100; 
ttag +79 96/96/94/96/94; 
ttag +80 90/85/88/90/88; 
ttag +81 100/100/100/100/99; 
ttag +82 93/89/84/93/86; 
ttag +83 83/80/64/79/74; 
ttag +84 30/[15]/?/?/?; 
ttag +85 100/100/100/100/97; 
ttag +86 91/88/86/96/85; 
ttag +87 77/70/65/73/63; 
ttag +88 86/85/83/86/82; 
ttag +89 94/92/90/95/92; 
ttag +90 100/100/99/100/98; 
ttag +91 97/97/83/93/88; 
ttag +92 100/100/99/100/99; 
ttag +93 94/93/85/93/85; 
ttag +94 96/96/88/94/91; 
