tread
'Tree with tags' 
(0 ((((1 (17 (15 16 )(18 (19 ((20 21 )((22 23 )(24 25 )))))))(13 14 ))((26 (27 (28 (29 30 ))))((31 ((32 33 )((34 35 )(36 (37 38 )))))(39 ((40 41 )(42 (43 ((44 45 )(46 47 )))))))))((2 3 )((6 (7 (4 5 )))(8 9 (10 (11 12 ))))))); 
ttag *!; 
ttag +49 1; 
ttag +50 1; 
ttag +51 1; 
ttag +52 ???; 
ttag +53 6; 
ttag +54 12; 
ttag +55 10; 
ttag +56 1; 
ttag +57 7; 
ttag +58 2; 
ttag +59 1; 
ttag +60 8; 
ttag +61 5; 
ttag +62 4; 
ttag +63 16; 
ttag +64 4; 
ttag +65 6; 
ttag +66 1; 
ttag +67 10; 
ttag +68 9; 
ttag +69 3; 
ttag +70 7; 
ttag +71 2; 
ttag +72 3; 
ttag +73 5; 
ttag +74 2; 
ttag +75 2; 
ttag +76 12; 
ttag +77 7; 
ttag +78 7; 
ttag +79 7; 
ttag +80 7; 
ttag +81 5; 
ttag +82 1; 
ttag +83 9; 
ttag +84 7; 
ttag +85 1; 
ttag +86 1; 
ttag +87 2; 
ttag +88 8; 
ttag +89 2; 
ttag +90 15; 
ttag +91 4; 
ttag +92 4; 
tread
'Tree with tags' 
(0 ((((1 ((17 (15 16 ))(18 (19 ((20 21 )((22 23 )(24 25 )))))))(13 14 ))((26 (27 (28 (29 30 ))))((31 ((32 33 )((34 35 )(36 (37 38 )))))(39 ((40 41 )(42 (43 ((44 45 )(46 47 )))))))))((2 3 )((6 (7 (4 5 )))(9 (8 (10 (11 12 )))))))); 
ttag *!; 
ttag +0 ////; 
ttag +1 ////; 
ttag +2 ////; 
ttag +3 ////; 
ttag +4 ////; 
ttag +5 ////; 
ttag +6 ////; 
ttag +7 ////; 
ttag +8 ////; 
ttag +9 ////; 
ttag +10 ////; 
ttag +11 ////; 
ttag +12 ////; 
ttag +13 ////; 
ttag +14 ////; 
ttag +15 ////; 
ttag +16 ////; 
ttag +17 ////; 
ttag +18 ////; 
ttag +19 ////; 
ttag +20 ////; 
ttag +21 ////; 
ttag +22 ////; 
ttag +23 ////; 
ttag +24 ////; 
ttag +25 ////; 
ttag +26 ////; 
ttag +27 ////; 
ttag +28 ////; 
ttag +29 ////; 
ttag +30 ////; 
ttag +31 ////; 
ttag +32 ////; 
ttag +33 ////; 
ttag +34 ////; 
ttag +35 ////; 
ttag +36 ////; 
ttag +37 ////; 
ttag +38 ////; 
ttag +39 ////; 
ttag +40 ////; 
ttag +41 ////; 
ttag +42 ////; 
ttag +43 ////; 
ttag +44 ////; 
ttag +45 ////; 
ttag +46 ////; 
ttag +47 ////; 
ttag +48 ////; 
ttag +49 40/25/5/13/16; 
ttag +50 2/[12]/?/?/?; 
ttag +51 37/20/1/12/?; 
ttag +52 100/100/100/100/100; 
ttag +53 93/89/79/88/76; 
ttag +54 99/99/96/100/100; 
ttag +55 100/100/98/100/100; 
ttag +56 43/8/2/10/3; 
ttag +57 100/100/97/98/98; 
ttag +58 74/60/47/55/46; 
ttag +59 8/[13]/?/?/?; 
ttag +60 59/39/40/35/21; 
ttag +61 100/100/97/99/97; 
ttag +62 99/99/98/99/100; 
ttag +63 88/85/83/91/78; 
ttag +64 100/100/100/100/100; 
ttag +65 40/10/13/26/10; 
ttag +66 90/88/85/94/82; 
ttag +67 98/96/90/98/90; 
ttag +68 51/38/32/30/36; 
ttag +69 100/100/100/100/100; 
ttag +70 98/98/96/98/95; 
ttag +71 84/78/68/84/74; 
ttag +72 99/98/98/98/96; 
ttag +73 77/71/66/74/62; 
ttag +74 66/48/53/56/38; 
ttag +75 70/52/38/44/32; 
ttag +76 40/23/19/33/9; 
ttag +77 51/43/42/50/39; 
ttag +78 100/100/99/100/100; 
ttag +79 98/98/96/99/97; 
ttag +80 94/92/82/93/84; 
ttag +81 100/100/99/100/100; 
ttag +82 98/98/95/98/96; 
ttag +83 98/98/96/100/95; 
ttag +84 47/30/30/35/32; 
ttag +85 99/99/98/100/96; 
ttag +86 97/95/90/98/88; 
ttag +87 46/30/9/27/16; 
ttag +88 56/37/50/44/42; 
ttag +89 58/44/42/39/42; 
ttag +90 91/88/76/94/84; 
ttag +91 69/55/31/45/33; 
ttag +92 99/99/99/100/99; 
ttag +93 84/78/52/79/64; 
ttag +94 91/88/84/94/85; 
