tread
'Tree with tags' 
(0 (1 (((2 3 )((7 (6 (4 5 )))(9 (8 (10 (11 12 ))))))(((13 14 )((15 16 )(17 (18 (19 ((20 21 )((22 23 )(24 25 ))))))))((26 27 (28 (29 30 )))(39 (31 (((32 33 )(36 (37 38 )))(34 35 )))((40 41 )(42 (43 ((44 45 )(46 47 ))))))))))); 
ttag *!; 
ttag +49 ???; 
ttag +50 7; 
ttag +51 9; 
ttag +52 1; 
ttag +53 4; 
ttag +54 1; 
ttag +55 9; 
ttag +56 5; 
ttag +57 1; 
ttag +58 3; 
ttag +59 8; 
ttag +60 10; 
ttag +61 5; 
ttag +62 1; 
ttag +63 2; 
ttag +64 7; 
ttag +65 5; 
ttag +66 3; 
ttag +67 1; 
ttag +68 1; 
ttag +69 13; 
ttag +70 5; 
ttag +71 11; 
ttag +72 5; 
ttag +73 2; 
ttag +74 3; 
ttag +75 7; 
ttag +76 4; 
ttag +77 9; 
ttag +78 6; 
ttag +79 2; 
ttag +80 6; 
ttag +81 1; 
ttag +82 7; 
ttag +83 5; 
ttag +84 9; 
ttag +85 6; 
ttag +86 5; 
ttag +87 7; 
ttag +88 4; 
ttag +89 3; 
ttag +90 4; 
ttag +91 4; 
ttag +92 2; 
tread
'Tree with tags' 
(0 (1 (((2 3 )((7 (6 (4 5 )))(9 (8 (10 (11 12 ))))))(((13 14 )((15 16 )(17 (18 (19 ((20 21 )((22 23 )(24 25 ))))))))((27 (26 (28 (29 30 ))))(39 ((31 (((32 33 )(36 (37 38 )))(34 35 )))((40 41 )(42 (43 ((44 45 )(46 47 )))))))))))); 
ttag *!; 
ttag +0 ////; 
ttag +1 ////; 
ttag +2 ////; 
ttag +3 ////; 
ttag +4 ////; 
ttag +5 ////; 
ttag +6 ////; 
ttag +7 ////; 
ttag +8 ////; 
ttag +9 ////; 
ttag +10 ////; 
ttag +11 ////; 
ttag +12 ////; 
ttag +13 ////; 
ttag +14 ////; 
ttag +15 ////; 
ttag +16 ////; 
ttag +17 ////; 
ttag +18 ////; 
ttag +19 ////; 
ttag +20 ////; 
ttag +21 ////; 
ttag +22 ////; 
ttag +23 ////; 
ttag +24 ////; 
ttag +25 ////; 
ttag +26 ////; 
ttag +27 ////; 
ttag +28 ////; 
ttag +29 ////; 
ttag +30 ////; 
ttag +31 ////; 
ttag +32 ////; 
ttag +33 ////; 
ttag +34 ////; 
ttag +35 ////; 
ttag +36 ////; 
ttag +37 ////; 
ttag +38 ////; 
ttag +39 ////; 
ttag +40 ////; 
ttag +41 ////; 
ttag +42 ////; 
ttag +43 ////; 
ttag +44 ////; 
ttag +45 ////; 
ttag +46 ////; 
ttag +47 ////; 
ttag +48 ////; 
ttag +49 100/100/100/100/100; 
ttag +50 99/98/98/95/90; 
ttag +51 97/96/93/99/93; 
ttag +52 41/31/18/32/27; 
ttag +53 99/99/91/98/96; 
ttag +54 46/26/29/28/31; 
ttag +55 99/98/94/98/93; 
ttag +56 96/94/86/97/83; 
ttag +57 32/14/13/22/11; 
ttag +58 81/76/68/84/70; 
ttag +59 97/96/92/98/90; 
ttag +60 100/100/99/100/99; 
ttag +61 95/93/92/97/96; 
ttag +62 34/10/?/16/3; 
ttag +63 51/44/36/37/25; 
ttag +64 100/100/98/100/97; 
ttag +65 75/69/55/76/64; 
ttag +66 73/70/50/72/59; 
ttag +67 45/26/14/18/22; 
ttag +68 32/14/1/3/4; 
ttag +69 100/100/100/100/100; 
ttag +70 95/94/90/94/89; 
ttag +71 100/100/100/100/100; 
ttag +72 93/91/83/94/86; 
ttag +73 90/87/89/86/84; 
ttag +74 40/12/0/10/4; 
ttag +75 78/69/53/68/48; 
ttag +76 98/96/88/96/92; 
ttag +77 88/86/71/86/80; 
ttag +78 99/99/99/100/99; 
ttag +79 98/98/87/95/93; 
ttag +80 10/[16]/?/?/?; 
ttag +81 66/52/48/57/46; 
ttag +82 100/100/99/100/99; 
ttag +83 65/52/42/47/34; 
ttag +84 99/98/95/97/96; 
ttag +85 97/97/93/98/95; 
ttag +86 100/100/95/99/95; 
ttag +87 98/98/94/98/94; 
ttag +88 94/92/92/94/86; 
ttag +89 98/98/93/98/92; 
ttag +90 96/95/91/95/90; 
ttag +91 90/88/77/84/76; 
ttag +92 94/93/88/94/85; 
ttag +93 88/86/76/88/77; 
ttag +94 75/65/56/71/64; 
