tread
'Tree with tags' 
(0 (((1 ((((2 3 )(9 (8 (10 (11 12 )))))(6 7 (4 5 )))(13 14 )))((15 16 )(17 (18 19 ((20 21 )((22 23 )(24 25 )))))))((26 (27 (28 (29 30 ))))(39 ((31 (((32 33 )(34 35 ))(36 (37 38 ))))((40 41 )(42 (43 ((44 45 )(46 47 )))))))))); 
ttag *!; 
ttag +49 2; 
ttag +50 1; 
ttag +51 ???; 
ttag +52 9; 
ttag +53 1; 
ttag +54 10; 
ttag +55 1; 
ttag +56 6; 
ttag +57 3; 
ttag +58 1; 
ttag +59 2; 
ttag +60 4; 
ttag +61 7; 
ttag +62 7; 
ttag +63 12; 
ttag +64 7; 
ttag +65 4; 
ttag +66 4; 
ttag +67 3; 
ttag +68 6; 
ttag +69 8; 
ttag +70 1; 
ttag +71 6; 
ttag +72 6; 
ttag +73 7; 
ttag +74 8; 
ttag +75 7; 
ttag +76 10; 
ttag +77 3; 
ttag +78 1; 
ttag +79 9; 
ttag +80 4; 
ttag +81 1; 
ttag +82 5; 
ttag +83 5; 
ttag +84 4; 
ttag +85 5; 
ttag +86 4; 
ttag +87 10; 
ttag +88 6; 
ttag +89 4; 
ttag +90 5; 
ttag +91 8; 
ttag +92 4; 
tread
'Tree with tags' 
(0 (((1 ((((2 3 )(9 (8 (10 (11 12 )))))(7 (6 (4 5 ))))(13 14 )))((15 16 )(17 (18 (19 ((20 21 )((22 23 )(24 25 ))))))))((26 (27 (28 (29 30 ))))(39 ((31 (((32 33 )(34 35 ))(36 (37 38 ))))((40 41 )(42 (43 ((44 45 )(46 47 )))))))))); 
ttag *!; 
ttag +0 ////; 
ttag +1 ////; 
ttag +2 ////; 
ttag +3 ////; 
ttag +4 ////; 
ttag +5 ////; 
ttag +6 ////; 
ttag +7 ////; 
ttag +8 ////; 
ttag +9 ////; 
ttag +10 ////; 
ttag +11 ////; 
ttag +12 ////; 
ttag +13 ////; 
ttag +14 ////; 
ttag +15 ////; 
ttag +16 ////; 
ttag +17 ////; 
ttag +18 ////; 
ttag +19 ////; 
ttag +20 ////; 
ttag +21 ////; 
ttag +22 ////; 
ttag +23 ////; 
ttag +24 ////; 
ttag +25 ////; 
ttag +26 ////; 
ttag +27 ////; 
ttag +28 ////; 
ttag +29 ////; 
ttag +30 ////; 
ttag +31 ////; 
ttag +32 ////; 
ttag +33 ////; 
ttag +34 ////; 
ttag +35 ////; 
ttag +36 ////; 
ttag +37 ////; 
ttag +38 ////; 
ttag +39 ////; 
ttag +40 ////; 
ttag +41 ////; 
ttag +42 ////; 
ttag +43 ////; 
ttag +44 ////; 
ttag +45 ////; 
ttag +46 ////; 
ttag +47 ////; 
ttag +48 ////; 
ttag +49 65/59/50/60/52; 
ttag +50 43/30/10/24/22; 
ttag +51 100/100/100/100/100; 
ttag +52 99/99/98/99/97; 
ttag +53 32/15/12/22/16; 
ttag +54 100/100/99/100/100; 
ttag +55 45/21/14/24/23; 
ttag +56 96/96/96/98/95; 
ttag +57 30/8/9/8/11; 
ttag +58 70/64/55/82/61; 
ttag +59 38/16/4/24/12; 
ttag +60 70/64/50/63/45; 
ttag +61 88/84/82/88/82; 
ttag +62 98/98/98/99/97; 
ttag +63 100/100/98/99/97; 
ttag +64 99/99/100/99/98; 
ttag +65 92/88/83/94/82; 
ttag +66 89/87/82/94/81; 
ttag +67 89/88/83/90/80; 
ttag +68 29/[17]/?/?/?; 
ttag +69 96/96/93/94/95; 
ttag +70 97/96/93/98/94; 
ttag +71 100/100/98/99/97; 
ttag +72 71/62/49/54/54; 
ttag +73 98/98/97/99/98; 
ttag +74 98/98/97/99/99; 
ttag +75 98/97/92/98/92; 
ttag +76 100/100/100/100/100; 
ttag +77 100/100/99/99/97; 
ttag +78 100/100/100/100/98; 
ttag +79 86/84/73/86/74; 
ttag +80 51/39/30/32/30; 
ttag +81 100/100/98/99/96; 
ttag +82 85/80/56/84/63; 
ttag +83 59/50/27/44/37; 
ttag +84 90/88/82/96/84; 
ttag +85 98/98/97/98/97; 
ttag +86 92/90/87/92/82; 
ttag +87 96/95/88/95/93; 
ttag +88 91/90/78/89/80; 
ttag +89 100/100/100/100/98; 
ttag +90 98/98/92/98/94; 
ttag +91 92/90/83/93/82; 
ttag +92 93/91/85/92/85; 
ttag +93 100/100/99/100/99; 
ttag +94 95/94/85/94/88; 
