tread
'Tree with tags' 
(0 ((1 ((2 3 )(((4 5 )(6 7 ))((8 9 )(10 (11 12 ))))))((13 14 )(17 (15 16 )(18 (19 ((20 21 )((22 23 )(24 25 ))))))((26 (27 (28 (29 30 ))))((31 (32 33 )(34 35 )(36 (37 38 )))(39 ((40 41 )(42 (43 (44 45 (46 47 ))))))))))); 
ttag *!; 
ttag +49 1; 
ttag +50 ???; 
ttag +51 3; 
ttag +52 8; 
ttag +53 8; 
ttag +54 10; 
ttag +55 5; 
ttag +56 1; 
ttag +57 1; 
ttag +58 1; 
ttag +59 2; 
ttag +60 6; 
ttag +61 4; 
ttag +62 1; 
ttag +63 10; 
ttag +64 9; 
ttag +65 4; 
ttag +66 6; 
ttag +67 6; 
ttag +68 6; 
ttag +69 11; 
ttag +70 5; 
ttag +71 5; 
ttag +72 3; 
ttag +73 7; 
ttag +74 3; 
ttag +75 2; 
ttag +76 9; 
ttag +77 2; 
ttag +78 5; 
ttag +79 3; 
ttag +80 4; 
ttag +81 11; 
ttag +82 4; 
ttag +83 1; 
ttag +84 6; 
ttag +85 8; 
ttag +86 5; 
ttag +87 1; 
ttag +88 4; 
ttag +89 3; 
tread
'Tree with tags' 
(0 ((1 ((2 3 )(((4 5 )(6 7 ))((8 9 )(10 (11 12 ))))))(((13 14 )((17 (15 16 ))(18 (19 ((20 21 )((22 23 )(24 25 )))))))((26 (27 (28 (29 30 ))))(((31 (36 (37 38 )))((32 33 )(34 35 )))(39 ((40 41 )(42 (43 (45 (44 (46 47 )))))))))))); 
ttag *!; 
ttag +0 ////; 
ttag +1 ////; 
ttag +2 ////; 
ttag +3 ////; 
ttag +4 ////; 
ttag +5 ////; 
ttag +6 ////; 
ttag +7 ////; 
ttag +8 ////; 
ttag +9 ////; 
ttag +10 ////; 
ttag +11 ////; 
ttag +12 ////; 
ttag +13 ////; 
ttag +14 ////; 
ttag +15 ////; 
ttag +16 ////; 
ttag +17 ////; 
ttag +18 ////; 
ttag +19 ////; 
ttag +20 ////; 
ttag +21 ////; 
ttag +22 ////; 
ttag +23 ////; 
ttag +24 ////; 
ttag +25 ////; 
ttag +26 ////; 
ttag +27 ////; 
ttag +28 ////; 
ttag +29 ////; 
ttag +30 ////; 
ttag +31 ////; 
ttag +32 ////; 
ttag +33 ////; 
ttag +34 ////; 
ttag +35 ////; 
ttag +36 ////; 
ttag +37 ////; 
ttag +38 ////; 
ttag +39 ////; 
ttag +40 ////; 
ttag +41 ////; 
ttag +42 ////; 
ttag +43 ////; 
ttag +44 ////; 
ttag +45 ////; 
ttag +46 ////; 
ttag +47 ////; 
ttag +48 ////; 
ttag +49 46/40/33/38/25; 
ttag +50 100/100/100/100/100; 
ttag +51 84/76/67/82/64; 
ttag +52 99/99/97/100/98; 
ttag +53 100/100/96/100/96; 
ttag +54 100/100/100/100/99; 
ttag +55 89/88/82/84/77; 
ttag +56 70/59/48/52/53; 
ttag +57 59/51/43/57/38; 
ttag +58 41/12/14/24/15; 
ttag +59 67/52/46/55/48; 
ttag +60 98/98/98/99/98; 
ttag +61 99/99/99/98/95; 
ttag +62 30/[8]/?/?/?; 
ttag +63 53/47/34/45/39; 
ttag +64 100/100/100/100/100; 
ttag +65 28/[6]/?/0/?; 
ttag +66 99/99/98/100/98; 
ttag +67 96/95/91/92/89; 
ttag +68 95/94/90/97/94; 
ttag +69 100/100/99/99/100; 
ttag +70 99/98/96/99/97; 
ttag +71 100/100/100/100/100; 
ttag +72 97/96/93/98/96; 
ttag +73 98/98/86/97/88; 
ttag +74 91/88/82/96/88; 
ttag +75 100/100/99/99/99; 
ttag +76 86/82/82/88/83; 
ttag +77 90/90/80/90/81; 
ttag +78 100/100/96/99/98; 
ttag +79 21/[21]/?/?/?; 
ttag +80 86/78/75/80/69; 
ttag +81 99/99/98/100/97; 
ttag +82 87/83/81/85/82; 
ttag +83 33/[6]/3/6/?; 
ttag +84 98/98/94/97/98; 
ttag +85 100/100/100/100/100; 
ttag +86 94/92/85/90/86; 
ttag +87 59/47/41/42/45; 
ttag +88 99/99/95/98/94; 
ttag +89 99/99/98/99/99; 
ttag +90 96/95/88/91/90; 
ttag +91 60/38/28/38/35; 
ttag +92 48/20/13/2/19; 
ttag +93 97/96/84/94/88; 
ttag +94 87/84/63/76/67; 
