tread
'Tree with tags' 
(0 (1 (((2 3 )(((6 (7 (4 5 )))(10 (11 12 )))(8 9 )))(13 14 ))(((15 16 )(17 (18 (19 (((20 21 )(22 23 ))(24 25 ))))))((26 (27 (28 (29 30 ))))(39 (((31 (36 (37 38 )))((32 33 )(34 35 )))((40 41 )(42 (43 ((44 45 )(46 47 ))))))))))); 
ttag *!; 
ttag +49 ???; 
ttag +50 10; 
ttag +51 10; 
ttag +52 3; 
ttag +53 4; 
ttag +54 2; 
ttag +55 7; 
ttag +56 2; 
ttag +57 4; 
ttag +58 4; 
ttag +59 1; 
ttag +60 9; 
ttag +61 7; 
ttag +62 13; 
ttag +63 5; 
ttag +64 1; 
ttag +65 3; 
ttag +66 6; 
ttag +67 3; 
ttag +68 8; 
ttag +69 3; 
ttag +70 8; 
ttag +71 10; 
ttag +72 6; 
ttag +73 5; 
ttag +74 2; 
ttag +75 1; 
ttag +76 6; 
ttag +77 11; 
ttag +78 1; 
ttag +79 6; 
ttag +80 1; 
ttag +81 8; 
ttag +82 5; 
ttag +83 1; 
ttag +84 3; 
ttag +85 12; 
ttag +86 11; 
ttag +87 4; 
ttag +88 4; 
ttag +89 10; 
ttag +90 3; 
ttag +91 9; 
ttag +92 5; 
ttag +93 3; 
tread
'Tree with tags' 
(0 ((1 (((2 3 )(((6 (7 (4 5 )))(10 (11 12 )))(8 9 )))(13 14 )))(((15 16 )(17 (18 (19 (((20 21 )(22 23 ))(24 25 ))))))((26 (27 (28 (29 30 ))))(39 (((31 (36 (37 38 )))((32 33 )(34 35 )))((40 41 )(42 (43 ((44 45 )(46 47 ))))))))))); 
ttag *!; 
ttag +0 ////; 
ttag +1 ////; 
ttag +2 ////; 
ttag +3 ////; 
ttag +4 ////; 
ttag +5 ////; 
ttag +6 ////; 
ttag +7 ////; 
ttag +8 ////; 
ttag +9 ////; 
ttag +10 ////; 
ttag +11 ////; 
ttag +12 ////; 
ttag +13 ////; 
ttag +14 ////; 
ttag +15 ////; 
ttag +16 ////; 
ttag +17 ////; 
ttag +18 ////; 
ttag +19 ////; 
ttag +20 ////; 
ttag +21 ////; 
ttag +22 ////; 
ttag +23 ////; 
ttag +24 ////; 
ttag +25 ////; 
ttag +26 ////; 
ttag +27 ////; 
ttag +28 ////; 
ttag +29 ////; 
ttag +30 ////; 
ttag +31 ////; 
ttag +32 ////; 
ttag +33 ////; 
ttag +34 ////; 
ttag +35 ////; 
ttag +36 ////; 
ttag +37 ////; 
ttag +38 ////; 
ttag +39 ////; 
ttag +40 ////; 
ttag +41 ////; 
ttag +42 ////; 
ttag +43 ////; 
ttag +44 ////; 
ttag +45 ////; 
ttag +46 ////; 
ttag +47 ////; 
ttag +48 ////; 
ttag +49 0/[38]/?/?/?; 
ttag +50 100/100/100/100/100; 
ttag +51 100/100/97/99/98; 
ttag +52 97/97/96/98/97; 
ttag +53 68/61/52/68/50; 
ttag +54 91/88/66/74/72; 
ttag +55 61/51/24/41/34; 
ttag +56 96/94/93/95/86; 
ttag +57 55/39/16/40/24; 
ttag +58 80/74/64/72/62; 
ttag +59 82/75/61/76/64; 
ttag +60 39/22/26/24/19; 
ttag +61 99/99/99/100/99; 
ttag +62 100/100/98/99/99; 
ttag +63 100/100/100/100/99; 
ttag +64 95/94/82/96/81; 
ttag +65 25/[14]/?/?/2; 
ttag +66 78/73/56/75/66; 
ttag +67 96/96/86/96/86; 
ttag +68 83/78/69/82/72; 
ttag +69 100/100/99/100/99; 
ttag +70 88/86/68/82/69; 
ttag +71 100/100/89/98/96; 
ttag +72 100/100/98/100/100; 
ttag +73 99/99/96/98/96; 
ttag +74 93/91/78/92/79; 
ttag +75 82/79/75/84/71; 
ttag +76 48/21/11/7/?; 
ttag +77 97/96/96/99/94; 
ttag +78 100/100/100/100/99; 
ttag +79 33/9/4/17/16; 
ttag +80 89/86/80/94/82; 
ttag +81 42/13/13/26/22; 
ttag +82 100/100/98/100/97; 
ttag +83 94/94/88/96/94; 
ttag +84 64/63/55/58/63; 
ttag +85 96/96/96/94/94; 
ttag +86 100/100/100/100/100; 
ttag +87 100/100/99/100/100; 
ttag +88 95/95/86/92/86; 
ttag +89 94/93/84/90/86; 
ttag +90 99/99/98/100/100; 
ttag +91 83/78/64/82/75; 
ttag +92 100/100/100/100/100; 
ttag +93 97/97/93/96/92; 
ttag +94 90/87/86/90/79; 
