tread
'Tree with tags' 
(0 (1 ((2 3 )(((4 5 )(6 7 ))(8 (9 (10 (11 12 ))))))(13 14 )(((15 16 )(17 ((18 19 )((20 21 )((22 23 )(24 25 ))))))((26 27 (28 (29 30 )))((39 (31 (((32 33 )(36 (37 38 )))(34 35 ))))(40 41 (42 (43 ((44 45 )(46 47 )))))))))); 
ttag *!; 
ttag +49 ???; 
ttag +50 6; 
ttag +51 5; 
ttag +52 4; 
ttag +53 5; 
ttag +54 3; 
ttag +55 2; 
ttag +56 2; 
ttag +57 1; 
ttag +58 3; 
ttag +59 5; 
ttag +60 8; 
ttag +61 8; 
ttag +62 6; 
ttag +63 1; 
ttag +64 2; 
ttag +65 1; 
ttag +66 3; 
ttag +67 3; 
ttag +68 5; 
ttag +69 3; 
ttag +70 7; 
ttag +71 6; 
ttag +72 3; 
ttag +73 7; 
ttag +74 4; 
ttag +75 7; 
ttag +76 7; 
ttag +77 1; 
ttag +78 6; 
ttag +79 6; 
ttag +80 2; 
ttag +81 3; 
ttag +82 3; 
ttag +83 5; 
ttag +84 5; 
ttag +85 7; 
ttag +86 13; 
ttag +87 2; 
ttag +88 10; 
ttag +89 5; 
ttag +90 3; 
tread
'Tree with tags' 
(0 (1 (((2 3 )(((4 5 )(6 7 ))(8 (9 (10 (11 12 ))))))((13 14 )(((15 16 )(17 ((18 19 )((20 21 )((22 23 )(24 25 ))))))((27 (26 (28 (29 30 ))))((39 (31 (((32 33 )(36 (37 38 )))(34 35 ))))((40 41 )(42 (43 ((44 45 )(46 47 )))))))))))); 
ttag *!; 
ttag +0 ////; 
ttag +1 ////; 
ttag +2 ////; 
ttag +3 ////; 
ttag +4 ////; 
ttag +5 ////; 
ttag +6 ////; 
ttag +7 ////; 
ttag +8 ////; 
ttag +9 ////; 
ttag +10 ////; 
ttag +11 ////; 
ttag +12 ////; 
ttag +13 ////; 
ttag +14 ////; 
ttag +15 ////; 
ttag +16 ////; 
ttag +17 ////; 
ttag +18 ////; 
ttag +19 ////; 
ttag +20 ////; 
ttag +21 ////; 
ttag +22 ////; 
ttag +23 ////; 
ttag +24 ////; 
ttag +25 ////; 
ttag +26 ////; 
ttag +27 ////; 
ttag +28 ////; 
ttag +29 ////; 
ttag +30 ////; 
ttag +31 ////; 
ttag +32 ////; 
ttag +33 ////; 
ttag +34 ////; 
ttag +35 ////; 
ttag +36 ////; 
ttag +37 ////; 
ttag +38 ////; 
ttag +39 ////; 
ttag +40 ////; 
ttag +41 ////; 
ttag +42 ////; 
ttag +43 ////; 
ttag +44 ////; 
ttag +45 ////; 
ttag +46 ////; 
ttag +47 ////; 
ttag +48 ////; 
ttag +49 100/100/100/100/100; 
ttag +50 100/100/92/98/94; 
ttag +51 98/98/91/97/87; 
ttag +52 2/[20]/?/?/?; 
ttag +53 97/97/96/98/96; 
ttag +54 97/95/94/97/91; 
ttag +55 77/74/64/68/62; 
ttag +56 65/52/43/57/57; 
ttag +57 64/49/43/55/38; 
ttag +58 26/[11]/?/2/?; 
ttag +59 78/70/62/71/68; 
ttag +60 98/98/99/97/95; 
ttag +61 99/98/98/98/96; 
ttag +62 16/[4]/?/?/?; 
ttag +63 100/100/99/100/98; 
ttag +64 98/97/90/98/93; 
ttag +65 37/22/23/20/20; 
ttag +66 66/50/56/64/55; 
ttag +67 48/26/23/26/18; 
ttag +68 88/85/72/82/68; 
ttag +69 92/92/94/92/92; 
ttag +70 97/96/93/98/90; 
ttag +71 76/66/63/74/64; 
ttag +72 96/96/98/98/96; 
ttag +73 97/97/90/96/91; 
ttag +74 27/[14]/?/?/?; 
ttag +75 95/95/96/96/94; 
ttag +76 99/99/99/99/97; 
ttag +77 94/93/93/96/94; 
ttag +78 99/99/96/99/95; 
ttag +79 96/93/90/96/91; 
ttag +80 63/50/52/58/46; 
ttag +81 99/99/98/98/98; 
ttag +82 98/98/93/100/96; 
ttag +83 59/44/33/52/28; 
ttag +84 66/51/45/62/42; 
ttag +85 84/82/76/80/68; 
ttag +86 95/95/87/91/85; 
ttag +87 93/91/86/94/90; 
ttag +88 39/13/17/4/10; 
ttag +89 92/90/80/89/82; 
ttag +90 100/100/100/100/99; 
ttag +91 84/76/64/72/58; 
ttag +92 100/100/100/100/99; 
ttag +93 92/91/88/96/86; 
ttag +94 82/79/74/85/72; 
