tread
'Tree with tags' 
(0 (1 ((2 3 )(((4 5 )(6 7 ))((8 9 )(10 (11 12 )))))((13 14 )((15 16 )(17 (18 (19 ((20 21 )((22 23 )(24 25 )))))))((26 (27 (28 (29 30 ))))(39 ((31 (((32 33 )(34 35 ))(36 (37 38 ))))((40 41 )(42 (43 ((44 45 )(46 47 ))))))))))); 
ttag *!; 
ttag +49 ???; 
ttag +50 7; 
ttag +51 5; 
ttag +52 3; 
ttag +53 8; 
ttag +54 1; 
ttag +55 7; 
ttag +56 2; 
ttag +57 1; 
ttag +58 5; 
ttag +59 4; 
ttag +60 10; 
ttag +61 1; 
ttag +62 10; 
ttag +63 1; 
ttag +64 1; 
ttag +65 3; 
ttag +66 6; 
ttag +67 9; 
ttag +68 5; 
ttag +69 8; 
ttag +70 1; 
ttag +71 6; 
ttag +72 2; 
ttag +73 9; 
ttag +74 3; 
ttag +75 3; 
ttag +76 10; 
ttag +77 11; 
ttag +78 3; 
ttag +79 10; 
ttag +80 15; 
ttag +81 2; 
ttag +82 4; 
ttag +83 10; 
ttag +84 9; 
ttag +85 7; 
ttag +86 8; 
ttag +87 7; 
ttag +88 8; 
ttag +89 4; 
ttag +90 6; 
ttag +91 3; 
ttag +92 4; 
tread
'Tree with tags' 
(0 ((1 ((2 3 )(((4 5 )(6 7 ))((8 9 )(10 (11 12 ))))))(((13 14 )((26 (27 (28 (29 30 ))))(39 ((31 (((32 33 )(34 35 ))(36 (37 38 ))))((40 41 )(42 (43 ((44 45 )(46 47 )))))))))((15 16 )(17 (18 (19 ((20 21 )((22 23 )(24 25 )))))))))); 
ttag *!; 
ttag +0 ////; 
ttag +1 ////; 
ttag +2 ////; 
ttag +3 ////; 
ttag +4 ////; 
ttag +5 ////; 
ttag +6 ////; 
ttag +7 ////; 
ttag +8 ////; 
ttag +9 ////; 
ttag +10 ////; 
ttag +11 ////; 
ttag +12 ////; 
ttag +13 ////; 
ttag +14 ////; 
ttag +15 ////; 
ttag +16 ////; 
ttag +17 ////; 
ttag +18 ////; 
ttag +19 ////; 
ttag +20 ////; 
ttag +21 ////; 
ttag +22 ////; 
ttag +23 ////; 
ttag +24 ////; 
ttag +25 ////; 
ttag +26 ////; 
ttag +27 ////; 
ttag +28 ////; 
ttag +29 ////; 
ttag +30 ////; 
ttag +31 ////; 
ttag +32 ////; 
ttag +33 ////; 
ttag +34 ////; 
ttag +35 ////; 
ttag +36 ////; 
ttag +37 ////; 
ttag +38 ////; 
ttag +39 ////; 
ttag +40 ////; 
ttag +41 ////; 
ttag +42 ////; 
ttag +43 ////; 
ttag +44 ////; 
ttag +45 ////; 
ttag +46 ////; 
ttag +47 ////; 
ttag +48 ////; 
ttag +49 32/[3]/?/2/?; 
ttag +50 100/100/100/100/100; 
ttag +51 99/99/97/99/96; 
ttag +52 96/96/92/96/92; 
ttag +53 92/90/80/86/83; 
ttag +54 99/99/97/98/96; 
ttag +55 56/44/42/49/43; 
ttag +56 99/99/96/98/97; 
ttag +57 78/72/58/66/61; 
ttag +58 43/28/24/29/27; 
ttag +59 96/96/92/96/92; 
ttag +60 94/91/89/92/82; 
ttag +61 100/100/100/100/98; 
ttag +62 40/15/7/9/5; 
ttag +63 55/48/34/38/36; 
ttag +64 100/100/99/100/100; 
ttag +65 56/32/28/38/28; 
ttag +66 62/51/42/62/49; 
ttag +67 82/78/69/81/68; 
ttag +68 97/96/91/100/94; 
ttag +69 100/100/100/100/100; 
ttag +70 96/96/92/97/92; 
ttag +71 99/99/99/99/99; 
ttag +72 60/39/32/46/35; 
ttag +73 98/97/95/99/92; 
ttag +74 74/70/68/75/59; 
ttag +75 100/100/99/100/98; 
ttag +76 88/86/75/82/77; 
ttag +77 86/82/68/86/70; 
ttag +78 100/100/98/100/100; 
ttag +79 100/100/99/100/98; 
ttag +80 87/84/68/87/73; 
ttag +81 99/99/96/100/99; 
ttag +82 100/100/100/100/100; 
ttag +83 78/70/63/78/56; 
ttag +84 94/93/85/91/88; 
ttag +85 100/100/100/100/100; 
ttag +86 100/100/99/100/99; 
ttag +87 100/100/97/99/97; 
ttag +88 99/99/95/99/97; 
ttag +89 98/98/95/99/94; 
ttag +90 98/98/95/100/99; 
ttag +91 93/91/88/94/83; 
ttag +92 97/96/96/98/94; 
ttag +93 81/74/61/75/64; 
ttag +94 89/88/81/91/82; 
