tread
'Tree with tags' 
(0 ((1 ((2 3 )((((4 5 )(6 7 ))(8 9 ))(10 (11 12 )))))((13 14 )((15 16 )(17 (18 19 ((20 21 )((22 23 )(24 25 )))))))((26 (27 (28 (29 30 ))))(39 (31 (((32 33 )(36 (37 38 )))(34 35 )))((40 41 )(42 (43 ((44 45 )(46 47 ))))))))); 
ttag *!; 
ttag +49 2; 
ttag +50 ???; 
ttag +51 3; 
ttag +52 6; 
ttag +53 9; 
ttag +54 4; 
ttag +55 1; 
ttag +56 7; 
ttag +57 7; 
ttag +58 1; 
ttag +59 11; 
ttag +60 4; 
ttag +61 6; 
ttag +62 2; 
ttag +63 11; 
ttag +64 3; 
ttag +65 1; 
ttag +66 3; 
ttag +67 11; 
ttag +68 4; 
ttag +69 5; 
ttag +70 2; 
ttag +71 3; 
ttag +72 2; 
ttag +73 7; 
ttag +74 1; 
ttag +75 2; 
ttag +76 7; 
ttag +77 2; 
ttag +78 7; 
ttag +79 2; 
ttag +80 4; 
ttag +81 7; 
ttag +82 4; 
ttag +83 7; 
ttag +84 9; 
ttag +85 2; 
ttag +86 5; 
ttag +87 10; 
ttag +88 2; 
ttag +89 6; 
ttag +90 6; 
ttag +91 2; 
tread
'Tree with tags' 
(0 ((1 ((2 3 )((((4 5 )(6 7 ))(8 9 ))(10 (11 12 )))))(((13 14 )((15 16 )(17 (18 (19 ((20 21 )((22 23 )(24 25 ))))))))((26 (27 (28 (29 30 ))))(39 ((31 (((32 33 )(36 (37 38 )))(34 35 )))((40 41 )(42 (43 ((44 45 )(46 47 ))))))))))); 
ttag *!; 
ttag +0 ////; 
ttag +1 ////; 
ttag +2 ////; 
ttag +3 ////; 
ttag +4 ////; 
ttag +5 ////; 
ttag +6 ////; 
ttag +7 ////; 
ttag +8 ////; 
ttag +9 ////; 
ttag +10 ////; 
ttag +11 ////; 
ttag +12 ////; 
ttag +13 ////; 
ttag +14 ////; 
ttag +15 ////; 
ttag +16 ////; 
ttag +17 ////; 
ttag +18 ////; 
ttag +19 ////; 
ttag +20 ////; 
ttag +21 ////; 
ttag +22 ////; 
ttag +23 ////; 
ttag +24 ////; 
ttag +25 ////; 
ttag +26 ////; 
ttag +27 ////; 
ttag +28 ////; 
ttag +29 ////; 
ttag +30 ////; 
ttag +31 ////; 
ttag +32 ////; 
ttag +33 ////; 
ttag +34 ////; 
ttag +35 ////; 
ttag +36 ////; 
ttag +37 ////; 
ttag +38 ////; 
ttag +39 ////; 
ttag +40 ////; 
ttag +41 ////; 
ttag +42 ////; 
ttag +43 ////; 
ttag +44 ////; 
ttag +45 ////; 
ttag +46 ////; 
ttag +47 ////; 
ttag +48 ////; 
ttag +49 61/51/59/56/52; 
ttag +50 100/100/100/100/100; 
ttag +51 89/84/84/85/76; 
ttag +52 96/95/85/94/92; 
ttag +53 100/100/99/99/99; 
ttag +54 94/94/90/94/87; 
ttag +55 40/20/8/26/16; 
ttag +56 99/99/98/99/96; 
ttag +57 99/99/96/100/93; 
ttag +58 54/44/31/44/39; 
ttag +59 100/100/100/100/99; 
ttag +60 96/96/92/98/95; 
ttag +61 98/98/97/99/98; 
ttag +62 48/41/43/46/33; 
ttag +63 30/13/8/13/10; 
ttag +64 100/100/98/100/99; 
ttag +65 76/72/67/74/66; 
ttag +66 49/32/35/38/33; 
ttag +67 70/60/52/69/49; 
ttag +68 20/[8]/?/?/?; 
ttag +69 100/100/100/100/100; 
ttag +70 73/57/49/68/41; 
ttag +71 97/96/96/97/93; 
ttag +72 59/35/18/32/11; 
ttag +73 62/38/23/34/20; 
ttag +74 67/49/27/50/39; 
ttag +75 99/99/94/100/98; 
ttag +76 58/40/19/33/24; 
ttag +77 82/78/64/74/63; 
ttag +78 100/100/99/100/99; 
ttag +79 63/56/39/58/40; 
ttag +80 25/[4]/?/?/7; 
ttag +81 98/97/95/97/91; 
ttag +82 80/72/67/70/59; 
ttag +83 86/80/75/86/75; 
ttag +84 99/98/95/97/95; 
ttag +85 97/96/93/97/94; 
ttag +86 99/99/98/99/99; 
ttag +87 99/99/99/99/99; 
ttag +88 66/57/52/57/52; 
ttag +89 97/96/92/94/91; 
ttag +90 100/100/100/100/98; 
ttag +91 86/80/60/68/55; 
ttag +92 98/98/90/96/96; 
ttag +93 99/99/98/100/100; 
ttag +94 81/75/62/68/58; 
