tread
'Tree with tags' 
(0 ((1 ((2 3 )(((4 5 )(6 7 ))((8 9 )(10 (11 12 ))))))(((13 14 )((17 (15 16 ))(18 (19 ((20 21 )((22 23 )(24 25 )))))))((26 (27 (28 (29 30 ))))(39 ((31 ((32 33 )((34 35 )(36 (37 38 )))))((40 41 )(42 (43 ((44 45 )(46 47 ))))))))))); 
ttag *!; 
ttag +49 1; 
ttag +50 ???; 
ttag +51 12; 
ttag +52 6; 
ttag +53 9; 
ttag +54 10; 
ttag +55 4; 
ttag +56 3; 
ttag +57 7; 
ttag +58 5; 
ttag +59 3; 
ttag +60 13; 
ttag +61 7; 
ttag +62 4; 
ttag +63 1; 
ttag +64 15; 
ttag +65 4; 
ttag +66 7; 
ttag +67 1; 
ttag +68 1; 
ttag +69 11; 
ttag +70 4; 
ttag +71 7; 
ttag +72 7; 
ttag +73 8; 
ttag +74 2; 
ttag +75 12; 
ttag +76 1; 
ttag +77 6; 
ttag +78 13; 
ttag +79 2; 
ttag +80 3; 
ttag +81 7; 
ttag +82 9; 
ttag +83 8; 
ttag +84 1; 
ttag +85 2; 
ttag +86 4; 
ttag +87 6; 
ttag +88 3; 
ttag +89 1; 
ttag +90 7; 
ttag +91 6; 
ttag +92 7; 
ttag +93 1; 
ttag +94 3; 
tread
'Tree with tags' 
(0 ((1 ((2 3 )(((4 5 )(6 7 ))((8 9 )(10 (11 12 ))))))(((13 14 )((17 (15 16 ))(18 (19 ((20 21 )((22 23 )(24 25 )))))))((26 (27 (28 (29 30 ))))(39 ((31 ((32 33 )((34 35 )(36 (37 38 )))))((40 41 )(42 (43 ((44 45 )(46 47 ))))))))))); 
ttag *!; 
ttag +0 ////; 
ttag +1 ////; 
ttag +2 ////; 
ttag +3 ////; 
ttag +4 ////; 
ttag +5 ////; 
ttag +6 ////; 
ttag +7 ////; 
ttag +8 ////; 
ttag +9 ////; 
ttag +10 ////; 
ttag +11 ////; 
ttag +12 ////; 
ttag +13 ////; 
ttag +14 ////; 
ttag +15 ////; 
ttag +16 ////; 
ttag +17 ////; 
ttag +18 ////; 
ttag +19 ////; 
ttag +20 ////; 
ttag +21 ////; 
ttag +22 ////; 
ttag +23 ////; 
ttag +24 ////; 
ttag +25 ////; 
ttag +26 ////; 
ttag +27 ////; 
ttag +28 ////; 
ttag +29 ////; 
ttag +30 ////; 
ttag +31 ////; 
ttag +32 ////; 
ttag +33 ////; 
ttag +34 ////; 
ttag +35 ////; 
ttag +36 ////; 
ttag +37 ////; 
ttag +38 ////; 
ttag +39 ////; 
ttag +40 ////; 
ttag +41 ////; 
ttag +42 ////; 
ttag +43 ////; 
ttag +44 ////; 
ttag +45 ////; 
ttag +46 ////; 
ttag +47 ////; 
ttag +48 ////; 
ttag +49 60/57/44/50/44; 
ttag +50 100/100/100/100/100; 
ttag +51 100/100/99/100/100; 
ttag +52 94/93/93/94/88; 
ttag +53 100/100/100/100/100; 
ttag +54 100/100/97/100/99; 
ttag +55 96/96/92/97/90; 
ttag +56 88/84/70/84/76; 
ttag +57 99/99/97/99/99; 
ttag +58 94/92/82/92/86; 
ttag +59 88/86/72/84/76; 
ttag +60 100/100/100/100/99; 
ttag +61 100/100/98/99/99; 
ttag +62 96/96/90/95/94; 
ttag +63 57/54/55/62/55; 
ttag +64 100/100/100/100/100; 
ttag +65 86/84/70/86/72; 
ttag +66 98/97/92/97/91; 
ttag +67 60/49/39/52/38; 
ttag +68 52/42/27/34/24; 
ttag +69 100/100/100/100/100; 
ttag +70 78/70/55/80/54; 
ttag +71 98/97/96/100/96; 
ttag +72 95/94/90/97/93; 
ttag +73 97/96/94/97/92; 
ttag +74 79/75/70/80/71; 
ttag +75 100/100/99/100/99; 
ttag +76 50/35/35/45/30; 
ttag +77 98/98/98/100/96; 
ttag +78 100/100/100/100/100; 
ttag +79 81/77/64/76/62; 
ttag +80 78/71/72/77/66; 
ttag +81 100/100/99/100/99; 
ttag +82 100/100/100/100/100; 
ttag +83 98/98/97/96/96; 
ttag +84 61/44/24/43/39; 
ttag +85 77/67/60/72/56; 
ttag +86 97/96/96/96/94; 
ttag +87 97/97/94/97/96; 
ttag +88 92/90/87/91/78; 
ttag +89 57/37/38/41/42; 
ttag +90 99/99/97/98/100; 
ttag +91 99/98/96/98/91; 
ttag +92 98/97/96/99/95; 
ttag +93 69/57/42/58/46; 
ttag +94 88/83/80/83/76; 
