tread
'Tree with tags' 
(0 ((1 ((2 3 )(((4 5 )(6 7 ))(8 (9 (10 (11 12 )))))))((13 14 )((15 16 )(17 ((18 19 )((20 21 )((22 23 )(24 25 )))))))((26 (27 (28 (29 30 ))))((31 ((32 33 )((34 35 )(36 (37 38 )))))(39 ((40 41 )(42 43 ((44 45 )(46 47 ))))))))); 
ttag *!; 
ttag +49 2; 
ttag +50 ???; 
ttag +51 6; 
ttag +52 4; 
ttag +53 7; 
ttag +54 3; 
ttag +55 5; 
ttag +56 1; 
ttag +57 1; 
ttag +58 1; 
ttag +59 7; 
ttag +60 7; 
ttag +61 11; 
ttag +62 3; 
ttag +63 6; 
ttag +64 6; 
ttag +65 1; 
ttag +66 1; 
ttag +67 6; 
ttag +68 6; 
ttag +69 1; 
ttag +70 12; 
ttag +71 6; 
ttag +72 1; 
ttag +73 4; 
ttag +74 3; 
ttag +75 4; 
ttag +76 5; 
ttag +77 6; 
ttag +78 2; 
ttag +79 7; 
ttag +80 4; 
ttag +81 6; 
ttag +82 3; 
ttag +83 1; 
ttag +84 7; 
ttag +85 15; 
ttag +86 2; 
ttag +87 4; 
ttag +88 6; 
ttag +89 4; 
ttag +90 5; 
ttag +91 3; 
ttag +92 7; 
tread
'Tree with tags' 
(0 (((1 ((2 3 )(((4 5 )(6 7 ))(8 (9 (10 (11 12 )))))))((13 14 )((15 16 )(17 ((18 19 )((20 21 )((22 23 )(24 25 ))))))))((26 (27 (28 (29 30 ))))((31 ((32 33 )((34 35 )(36 (37 38 )))))(39 ((40 41 )(42 (43 ((44 45 )(46 47 )))))))))); 
ttag *!; 
ttag +0 ////; 
ttag +1 ////; 
ttag +2 ////; 
ttag +3 ////; 
ttag +4 ////; 
ttag +5 ////; 
ttag +6 ////; 
ttag +7 ////; 
ttag +8 ////; 
ttag +9 ////; 
ttag +10 ////; 
ttag +11 ////; 
ttag +12 ////; 
ttag +13 ////; 
ttag +14 ////; 
ttag +15 ////; 
ttag +16 ////; 
ttag +17 ////; 
ttag +18 ////; 
ttag +19 ////; 
ttag +20 ////; 
ttag +21 ////; 
ttag +22 ////; 
ttag +23 ////; 
ttag +24 ////; 
ttag +25 ////; 
ttag +26 ////; 
ttag +27 ////; 
ttag +28 ////; 
ttag +29 ////; 
ttag +30 ////; 
ttag +31 ////; 
ttag +32 ////; 
ttag +33 ////; 
ttag +34 ////; 
ttag +35 ////; 
ttag +36 ////; 
ttag +37 ////; 
ttag +38 ////; 
ttag +39 ////; 
ttag +40 ////; 
ttag +41 ////; 
ttag +42 ////; 
ttag +43 ////; 
ttag +44 ////; 
ttag +45 ////; 
ttag +46 ////; 
ttag +47 ////; 
ttag +48 ////; 
ttag +49 51/38/28/45/29; 
ttag +50 17/[3]/?/?/?; 
ttag +51 100/100/100/100/100; 
ttag +52 99/99/94/99/97; 
ttag +53 96/95/92/96/90; 
ttag +54 96/95/92/98/92; 
ttag +55 74/68/50/67/45; 
ttag +56 88/84/76/88/71; 
ttag +57 64/54/43/51/44; 
ttag +58 43/31/31/35/27; 
ttag +59 43/32/24/31/22; 
ttag +60 99/99/93/96/93; 
ttag +61 100/100/99/100/98; 
ttag +62 100/100/99/100/100; 
ttag +63 59/46/34/54/36; 
ttag +64 99/99/99/100/98; 
ttag +65 94/94/86/95/90; 
ttag +66 37/14/3/19/10; 
ttag +67 37/17/5/23/9; 
ttag +68 91/89/87/91/88; 
ttag +69 100/100/99/100/100; 
ttag +70 55/39/32/37/30; 
ttag +71 100/100/98/100/100; 
ttag +72 98/98/92/96/92; 
ttag +73 73/64/52/56/53; 
ttag +74 93/90/87/93/81; 
ttag +75 60/47/45/55/41; 
ttag +76 94/94/88/94/88; 
ttag +77 96/94/84/95/88; 
ttag +78 98/98/95/98/94; 
ttag +79 75/62/52/74/56; 
ttag +80 97/97/90/96/90; 
ttag +81 95/94/94/97/94; 
ttag +82 93/90/90/97/89; 
ttag +83 93/92/90/88/86; 
ttag +84 54/32/25/38/24; 
ttag +85 98/97/90/97/93; 
ttag +86 100/100/100/100/100; 
ttag +87 79/70/60/76/60; 
ttag +88 94/90/86/97/88; 
ttag +89 98/97/94/97/89; 
ttag +90 94/92/88/91/85; 
ttag +91 34/[1]/4/10/8; 
ttag +92 98/98/93/98/97; 
ttag +93 86/83/73/78/64; 
ttag +94 98/98/98/99/99; 
