tread
'Tree with tags' 
(0 ((1 ((2 3 )(((4 5 )(6 7 ))((8 9 )(10 (11 12 ))))))(((13 14 )((26 (27 (28 (29 30 ))))((39 (31 (((32 33 )(36 (37 38 )))(34 35 ))))((40 41 )(42 (43 ((44 45 )(46 47 ))))))))(17 ((15 16 )(18 (19 ((20 21 )((22 23 )(24 25 )))))))))); 
ttag *!; 
ttag +49 2; 
ttag +50 ???; 
ttag +51 6; 
ttag +52 6; 
ttag +53 10; 
ttag +54 5; 
ttag +55 2; 
ttag +56 5; 
ttag +57 1; 
ttag +58 2; 
ttag +59 10; 
ttag +60 7; 
ttag +61 8; 
ttag +62 2; 
ttag +63 2; 
ttag +64 9; 
ttag +65 3; 
ttag +66 8; 
ttag +67 5; 
ttag +68 2; 
ttag +69 5; 
ttag +70 3; 
ttag +71 6; 
ttag +72 2; 
ttag +73 7; 
ttag +74 4; 
ttag +75 1; 
ttag +76 2; 
ttag +77 6; 
ttag +78 9; 
ttag +79 3; 
ttag +80 1; 
ttag +81 8; 
ttag +82 2; 
ttag +83 3; 
ttag +84 3; 
ttag +85 2; 
ttag +86 8; 
ttag +87 6; 
ttag +88 1; 
ttag +89 6; 
ttag +90 1; 
ttag +91 4; 
ttag +92 4; 
ttag +93 8; 
ttag +94 4; 
tread
'Tree with tags' 
(0 ((1 ((2 3 )(((4 5 )(6 7 ))((8 9 )(10 (11 12 ))))))(((13 14 )((26 (27 (28 (29 30 ))))((39 (31 (((32 33 )(36 (37 38 )))(34 35 ))))((40 41 )(42 (43 ((44 45 )(46 47 ))))))))(17 ((15 16 )(18 (19 ((20 21 )((22 23 )(24 25 )))))))))); 
ttag *!; 
ttag +0 ////; 
ttag +1 ////; 
ttag +2 ////; 
ttag +3 ////; 
ttag +4 ////; 
ttag +5 ////; 
ttag +6 ////; 
ttag +7 ////; 
ttag +8 ////; 
ttag +9 ////; 
ttag +10 ////; 
ttag +11 ////; 
ttag +12 ////; 
ttag +13 ////; 
ttag +14 ////; 
ttag +15 ////; 
ttag +16 ////; 
ttag +17 ////; 
ttag +18 ////; 
ttag +19 ////; 
ttag +20 ////; 
ttag +21 ////; 
ttag +22 ////; 
ttag +23 ////; 
ttag +24 ////; 
ttag +25 ////; 
ttag +26 ////; 
ttag +27 ////; 
ttag +28 ////; 
ttag +29 ////; 
ttag +30 ////; 
ttag +31 ////; 
ttag +32 ////; 
ttag +33 ////; 
ttag +34 ////; 
ttag +35 ////; 
ttag +36 ////; 
ttag +37 ////; 
ttag +38 ////; 
ttag +39 ////; 
ttag +40 ////; 
ttag +41 ////; 
ttag +42 ////; 
ttag +43 ////; 
ttag +44 ////; 
ttag +45 ////; 
ttag +46 ////; 
ttag +47 ////; 
ttag +48 ////; 
ttag +49 61/50/35/58/39; 
ttag +50 100/100/100/100/100; 
ttag +51 98/96/93/99/95; 
ttag +52 96/94/86/98/88; 
ttag +53 100/100/98/100/98; 
ttag +54 89/85/74/86/75; 
ttag +55 55/32/7/30/13; 
ttag +56 96/96/93/96/95; 
ttag +57 60/44/50/50/52; 
ttag +58 62/40/18/39/25; 
ttag +59 99/99/95/98/97; 
ttag +60 99/99/98/98/99; 
ttag +61 99/99/99/100/99; 
ttag +62 49/38/34/54/37; 
ttag +63 40/28/19/38/22; 
ttag +64 100/100/100/100/99; 
ttag +65 82/79/69/78/69; 
ttag +66 95/94/80/96/80; 
ttag +67 96/96/83/94/86; 
ttag +68 85/84/69/80/69; 
ttag +69 96/95/95/96/94; 
ttag +70 84/80/61/81/64; 
ttag +71 100/100/96/99/96; 
ttag +72 72/52/51/62/48; 
ttag +73 99/99/96/100/96; 
ttag +74 92/90/88/92/89; 
ttag +75 58/45/50/47/47; 
ttag +76 75/60/48/65/52; 
ttag +77 96/95/91/96/90; 
ttag +78 100/100/99/100/100; 
ttag +79 83/79/56/75/64; 
ttag +80 62/58/40/60/48; 
ttag +81 99/99/96/98/97; 
ttag +82 79/73/70/81/64; 
ttag +83 81/76/63/84/66; 
ttag +84 88/86/72/82/72; 
ttag +85 78/74/60/71/60; 
ttag +86 98/98/90/98/94; 
ttag +87 97/97/98/99/96; 
ttag +88 62/42/41/42/40; 
ttag +89 97/97/93/97/92; 
ttag +90 58/49/30/42/41; 
ttag +91 84/81/75/81/79; 
ttag +92 93/90/88/89/82; 
ttag +93 98/97/96/99/96; 
ttag +94 98/98/91/98/94; 
