tread
'Tree with tags' 
(0 (1 ((2 3 )((((4 5 )(6 7 ))(10 (11 12 )))(8 9 )))(((13 14 )((15 16 )(17 (18 (19 ((20 21 )((22 23 )(24 25 ))))))))((26 (27 (28 (29 30 ))))(39 (31 ((32 33 )(34 35 )(36 (37 38 ))))((40 41 )(42 (43 ((44 45 )(46 47 )))))))))); 
ttag *!; 
ttag +49 ???; 
ttag +50 11; 
ttag +51 4; 
ttag +52 1; 
ttag +53 7; 
ttag +54 1; 
ttag +55 1; 
ttag +56 1; 
ttag +57 1; 
ttag +58 7; 
ttag +59 2; 
ttag +60 5; 
ttag +61 1; 
ttag +62 3; 
ttag +63 3; 
ttag +64 7; 
ttag +65 3; 
ttag +66 6; 
ttag +67 5; 
ttag +68 9; 
ttag +69 4; 
ttag +70 14; 
ttag +71 5; 
ttag +72 3; 
ttag +73 11; 
ttag +74 4; 
ttag +75 4; 
ttag +76 5; 
ttag +77 4; 
ttag +78 8; 
ttag +79 2; 
ttag +80 4; 
ttag +81 3; 
ttag +82 2; 
ttag +83 4; 
ttag +84 4; 
ttag +85 1; 
ttag +86 4; 
ttag +87 7; 
ttag +88 4; 
ttag +89 7; 
ttag +90 9; 
ttag +91 3; 
tread
'Tree with tags' 
(0 ((1 (((13 14 )((15 16 )(17 (18 (19 ((20 21 )((22 23 )(24 25 ))))))))((26 (27 (28 (29 30 ))))(39 ((31 (((32 33 )(34 35 ))(36 (37 38 ))))((40 41 )(42 (43 ((44 45 )(46 47 ))))))))))((2 3 )((((4 5 )(6 7 ))(10 (11 12 )))(8 9 ))))); 
ttag *!; 
ttag +0 ////; 
ttag +1 ////; 
ttag +2 ////; 
ttag +3 ////; 
ttag +4 ////; 
ttag +5 ////; 
ttag +6 ////; 
ttag +7 ////; 
ttag +8 ////; 
ttag +9 ////; 
ttag +10 ////; 
ttag +11 ////; 
ttag +12 ////; 
ttag +13 ////; 
ttag +14 ////; 
ttag +15 ////; 
ttag +16 ////; 
ttag +17 ////; 
ttag +18 ////; 
ttag +19 ////; 
ttag +20 ////; 
ttag +21 ////; 
ttag +22 ////; 
ttag +23 ////; 
ttag +24 ////; 
ttag +25 ////; 
ttag +26 ////; 
ttag +27 ////; 
ttag +28 ////; 
ttag +29 ////; 
ttag +30 ////; 
ttag +31 ////; 
ttag +32 ////; 
ttag +33 ////; 
ttag +34 ////; 
ttag +35 ////; 
ttag +36 ////; 
ttag +37 ////; 
ttag +38 ////; 
ttag +39 ////; 
ttag +40 ////; 
ttag +41 ////; 
ttag +42 ////; 
ttag +43 ////; 
ttag +44 ////; 
ttag +45 ////; 
ttag +46 ////; 
ttag +47 ////; 
ttag +48 ////; 
ttag +49 22/[3]/1/9/6; 
ttag +50 100/100/100/100/100; 
ttag +51 100/100/100/100/99; 
ttag +52 95/94/90/96/86; 
ttag +53 62/44/42/35/42; 
ttag +54 99/99/95/100/97; 
ttag +55 22/[2]/5/?/?; 
ttag +56 41/17/14/15/13; 
ttag +57 77/64/72/60/66; 
ttag +58 32/10/6/4/3; 
ttag +59 99/99/96/98/96; 
ttag +60 79/70/63/74/75; 
ttag +61 98/97/92/96/87; 
ttag +62 60/42/21/42/26; 
ttag +63 89/86/76/85/74; 
ttag +64 80/70/56/80/68; 
ttag +65 99/98/98/98/96; 
ttag +66 98/98/92/94/95; 
ttag +67 95/92/88/97/92; 
ttag +68 96/96/86/94/85; 
ttag +69 100/100/100/100/100; 
ttag +70 95/94/87/93/85; 
ttag +71 100/100/100/100/100; 
ttag +72 95/93/88/93/89; 
ttag +73 79/72/63/78/58; 
ttag +74 100/100/99/100/100; 
ttag +75 90/88/80/93/81; 
ttag +76 94/94/88/94/87; 
ttag +77 96/96/95/99/95; 
ttag +78 90/88/86/93/82; 
ttag +79 99/99/96/99/95; 
ttag +80 14/[10]/?/?/?; 
ttag +81 89/86/65/82/62; 
ttag +82 98/98/96/96/99; 
ttag +83 51/30/26/24/28; 
ttag +84 96/96/96/96/95; 
ttag +85 78/74/66/72/64; 
ttag +86 93/91/89/94/87; 
ttag +87 91/88/80/87/78; 
ttag +88 64/52/39/45/36; 
ttag +89 92/90/84/92/83; 
ttag +90 98/98/97/99/97; 
ttag +91 95/94/84/96/82; 
ttag +92 99/99/95/99/95; 
ttag +93 100/100/99/100/97; 
ttag +94 84/75/75/81/80; 
