tread
'Tree with tags' 
(0 ((1 ((2 3 )(((4 5 )(6 7 ))((8 9 )(10 (11 12 ))))))((13 14 )(17 (15 16 )(18 (19 ((20 21 )((22 23 )(24 25 ))))))((26 (27 (28 (29 30 ))))(39 ((31 ((32 33 )(34 35 )(36 (37 38 ))))((40 41 )((42 43 )(46 47 (44 45 )))))))))); 
ttag *!; 
ttag +49 2; 
ttag +50 ???; 
ttag +51 2; 
ttag +52 10; 
ttag +53 9; 
ttag +54 9; 
ttag +55 6; 
ttag +56 3; 
ttag +57 2; 
ttag +58 2; 
ttag +59 8; 
ttag +60 8; 
ttag +61 7; 
ttag +62 2; 
ttag +63 11; 
ttag +64 4; 
ttag +65 1; 
ttag +66 2; 
ttag +67 8; 
ttag +68 5; 
ttag +69 8; 
ttag +70 7; 
ttag +71 2; 
ttag +72 7; 
ttag +73 3; 
ttag +74 3; 
ttag +75 2; 
ttag +76 6; 
ttag +77 6; 
ttag +78 1; 
ttag +79 8; 
ttag +80 4; 
ttag +81 9; 
ttag +82 1; 
ttag +83 12; 
ttag +84 8; 
ttag +85 6; 
ttag +86 3; 
ttag +87 1; 
ttag +88 5; 
ttag +89 6; 
ttag +90 3; 
tread
'Tree with tags' 
(0 ((1 ((2 3 )(((4 5 )(6 7 ))((8 9 )(10 (11 12 ))))))(((13 14 )((26 (27 (28 (29 30 ))))(39 ((31 ((32 33 )((34 35 )(36 (37 38 )))))((40 41 )((42 43 )(46 (47 (44 45 )))))))))(17 ((15 16 )(18 (19 ((20 21 )((22 23 )(24 25 )))))))))); 
ttag *!; 
ttag +0 ////; 
ttag +1 ////; 
ttag +2 ////; 
ttag +3 ////; 
ttag +4 ////; 
ttag +5 ////; 
ttag +6 ////; 
ttag +7 ////; 
ttag +8 ////; 
ttag +9 ////; 
ttag +10 ////; 
ttag +11 ////; 
ttag +12 ////; 
ttag +13 ////; 
ttag +14 ////; 
ttag +15 ////; 
ttag +16 ////; 
ttag +17 ////; 
ttag +18 ////; 
ttag +19 ////; 
ttag +20 ////; 
ttag +21 ////; 
ttag +22 ////; 
ttag +23 ////; 
ttag +24 ////; 
ttag +25 ////; 
ttag +26 ////; 
ttag +27 ////; 
ttag +28 ////; 
ttag +29 ////; 
ttag +30 ////; 
ttag +31 ////; 
ttag +32 ////; 
ttag +33 ////; 
ttag +34 ////; 
ttag +35 ////; 
ttag +36 ////; 
ttag +37 ////; 
ttag +38 ////; 
ttag +39 ////; 
ttag +40 ////; 
ttag +41 ////; 
ttag +42 ////; 
ttag +43 ////; 
ttag +44 ////; 
ttag +45 ////; 
ttag +46 ////; 
ttag +47 ////; 
ttag +48 ////; 
ttag +49 56/41/33/43/28; 
ttag +50 100/100/100/100/100; 
ttag +51 75/67/54/63/64; 
ttag +52 98/98/92/98/95; 
ttag +53 99/99/100/100/100; 
ttag +54 99/99/97/100/98; 
ttag +55 94/93/78/94/85; 
ttag +56 89/85/73/84/72; 
ttag +57 75/71/59/66/57; 
ttag +58 74/62/46/61/51; 
ttag +59 98/98/92/98/90; 
ttag +60 98/98/99/98/99; 
ttag +61 99/98/99/100/97; 
ttag +62 0/[13]/?/?/?; 
ttag +63 47/34/35/40/32; 
ttag +64 100/100/100/100/100; 
ttag +65 36/12/12/8/13; 
ttag +66 97/96/87/94/86; 
ttag +67 57/43/33/46/18; 
ttag +68 90/89/76/86/74; 
ttag +69 100/100/99/100/99; 
ttag +70 95/94/79/88/76; 
ttag +71 98/98/96/99/98; 
ttag +72 100/100/98/100/98; 
ttag +73 87/83/63/74/64; 
ttag +74 99/99/96/99/96; 
ttag +75 87/86/74/90/74; 
ttag +76 88/84/80/84/83; 
ttag +77 69/62/54/69/59; 
ttag +78 98/98/96/98/96; 
ttag +79 97/96/88/95/89; 
ttag +80 65/58/31/47/33; 
ttag +81 98/98/88/97/92; 
ttag +82 93/92/88/95/86; 
ttag +83 98/97/89/96/91; 
ttag +84 67/56/44/63/51; 
ttag +85 27/[8]/?/?/?; 
ttag +86 100/100/100/100/99; 
ttag +87 100/100/100/99/99; 
ttag +88 99/99/98/99/100; 
ttag +89 87/81/77/81/72; 
ttag +90 59/34/21/28/24; 
ttag +91 98/98/91/96/92; 
ttag +92 98/98/96/97/95; 
ttag +93 35/2/?/?/?; 
ttag +94 87/80/73/78/69; 
