tread
'Tree with tags' 
(0 ((1 ((2 3 )((((4 5 )(6 7 ))(10 (11 12 )))(8 9 ))))((13 14 )(((15 16 )(17 (18 19 (20 21 )((22 23 )(24 25 )))))((26 (27 (28 (29 30 ))))(39 ((31 ((32 33 )(34 35 )(36 (37 38 ))))((40 41 )(42 (43 ((44 45 )(46 47 )))))))))))); 
ttag *!; 
ttag +49 1; 
ttag +50 ???; 
ttag +51 6; 
ttag +52 15; 
ttag +53 2; 
ttag +54 4; 
ttag +55 1; 
ttag +56 3; 
ttag +57 2; 
ttag +58 1; 
ttag +59 6; 
ttag +60 9; 
ttag +61 6; 
ttag +62 2; 
ttag +63 7; 
ttag +64 9; 
ttag +65 3; 
ttag +66 3; 
ttag +67 3; 
ttag +68 12; 
ttag +69 2; 
ttag +70 5; 
ttag +71 5; 
ttag +72 8; 
ttag +73 7; 
ttag +74 3; 
ttag +75 5; 
ttag +76 7; 
ttag +77 5; 
ttag +78 1; 
ttag +79 4; 
ttag +80 7; 
ttag +81 5; 
ttag +82 1; 
ttag +83 4; 
ttag +84 2; 
ttag +85 4; 
ttag +86 5; 
ttag +87 7; 
ttag +88 3; 
ttag +89 4; 
ttag +90 5; 
ttag +91 9; 
tread
'Tree with tags' 
(0 ((1 ((2 3 )((((4 5 )(6 7 ))(10 (11 12 )))(8 9 ))))((13 14 )(((15 16 )(17 (19 (18 ((20 21 )((22 23 )(24 25 )))))))((26 (27 (28 (29 30 ))))(39 ((31 (((32 33 )(34 35 ))(36 (37 38 ))))((40 41 )(42 (43 ((44 45 )(46 47 )))))))))))); 
ttag *!; 
ttag +0 ////; 
ttag +1 ////; 
ttag +2 ////; 
ttag +3 ////; 
ttag +4 ////; 
ttag +5 ////; 
ttag +6 ////; 
ttag +7 ////; 
ttag +8 ////; 
ttag +9 ////; 
ttag +10 ////; 
ttag +11 ////; 
ttag +12 ////; 
ttag +13 ////; 
ttag +14 ////; 
ttag +15 ////; 
ttag +16 ////; 
ttag +17 ////; 
ttag +18 ////; 
ttag +19 ////; 
ttag +20 ////; 
ttag +21 ////; 
ttag +22 ////; 
ttag +23 ////; 
ttag +24 ////; 
ttag +25 ////; 
ttag +26 ////; 
ttag +27 ////; 
ttag +28 ////; 
ttag +29 ////; 
ttag +30 ////; 
ttag +31 ////; 
ttag +32 ////; 
ttag +33 ////; 
ttag +34 ////; 
ttag +35 ////; 
ttag +36 ////; 
ttag +37 ////; 
ttag +38 ////; 
ttag +39 ////; 
ttag +40 ////; 
ttag +41 ////; 
ttag +42 ////; 
ttag +43 ////; 
ttag +44 ////; 
ttag +45 ////; 
ttag +46 ////; 
ttag +47 ////; 
ttag +48 ////; 
ttag +49 34/9/?/23/?; 
ttag +50 100/100/100/100/100; 
ttag +51 98/96/93/98/93; 
ttag +52 100/100/100/100/100; 
ttag +53 62/41/44/51/36; 
ttag +54 82/81/74/85/73; 
ttag +55 42/22/16/33/12; 
ttag +56 68/57/56/62/56; 
ttag +57 78/72/74/70/62; 
ttag +58 58/49/45/43/45; 
ttag +59 96/95/88/97/92; 
ttag +60 100/100/98/99/100; 
ttag +61 98/98/95/96/95; 
ttag +62 68/58/52/59/51; 
ttag +63 98/97/95/96/96; 
ttag +64 99/99/96/99/98; 
ttag +65 81/74/71/80/76; 
ttag +66 81/72/51/73/62; 
ttag +67 36/1/?/0/?; 
ttag +68 83/80/70/86/71; 
ttag +69 100/100/100/100/100; 
ttag +70 36/2/0/3/0; 
ttag +71 85/77/56/77/63; 
ttag +72 99/99/98/98/96; 
ttag +73 98/97/93/95/93; 
ttag +74 100/100/99/100/98; 
ttag +75 98/97/95/96/95; 
ttag +76 85/79/70/82/74; 
ttag +77 97/96/92/95/93; 
ttag +78 100/100/98/99/99; 
ttag +79 96/94/93/94/93; 
ttag +80 50/41/26/45/25; 
ttag +81 90/83/63/77/70; 
ttag +82 100/100/99/100/99; 
ttag +83 21/[17]/?/?/?; 
ttag +84 98/98/93/99/92; 
ttag +85 67/55/36/57/50; 
ttag +86 97/96/90/92/88; 
ttag +87 92/91/86/89/91; 
ttag +88 87/83/76/88/80; 
ttag +89 98/98/86/97/92; 
ttag +90 100/100/98/99/99; 
ttag +91 78/75/69/88/68; 
ttag +92 94/93/86/97/87; 
ttag +93 97/96/82/96/86; 
ttag +94 100/100/100/100/99; 
