tread
'Tree with tags' 
(0 ((1 (((2 3 )((8 9 )(10 (11 12 ))))((4 5 )(6 7 ))))(((13 14 )((15 16 )(17 (18 (19 ((20 21 )((22 23 )(24 25 ))))))))((26 (27 (28 (29 30 ))))(39 (31 (((32 33 )(36 (37 38 )))(34 35 )))((40 41 )(42 (43 ((44 45 )(46 47 )))))))))); 
ttag *!; 
ttag +49 2; 
ttag +50 ???; 
ttag +51 9; 
ttag +52 1; 
ttag +53 7; 
ttag +54 1; 
ttag +55 5; 
ttag +56 1; 
ttag +57 3; 
ttag +58 2; 
ttag +59 5; 
ttag +60 10; 
ttag +61 7; 
ttag +62 2; 
ttag +63 3; 
ttag +64 13; 
ttag +65 4; 
ttag +66 2; 
ttag +67 5; 
ttag +68 2; 
ttag +69 6; 
ttag +70 8; 
ttag +71 9; 
ttag +72 5; 
ttag +73 1; 
ttag +74 6; 
ttag +75 5; 
ttag +76 3; 
ttag +77 4; 
ttag +78 10; 
ttag +79 7; 
ttag +80 3; 
ttag +81 6; 
ttag +82 1; 
ttag +83 6; 
ttag +84 3; 
ttag +85 3; 
ttag +86 8; 
ttag +87 1; 
ttag +88 5; 
ttag +89 8; 
ttag +90 2; 
ttag +91 8; 
ttag +92 2; 
ttag +93 4; 
tread
'Tree with tags' 
(0 ((1 (((2 3 )((8 9 )(10 (11 12 ))))((4 5 )(6 7 ))))(((13 14 )((15 16 )(17 (18 (19 ((20 21 )((22 23 )(24 25 ))))))))((26 (27 (28 (29 30 ))))((31 (((32 33 )(36 (37 38 )))(34 35 )))(39 ((40 41 )(42 (43 ((44 45 )(46 47 ))))))))))); 
ttag *!; 
ttag +0 ////; 
ttag +1 ////; 
ttag +2 ////; 
ttag +3 ////; 
ttag +4 ////; 
ttag +5 ////; 
ttag +6 ////; 
ttag +7 ////; 
ttag +8 ////; 
ttag +9 ////; 
ttag +10 ////; 
ttag +11 ////; 
ttag +12 ////; 
ttag +13 ////; 
ttag +14 ////; 
ttag +15 ////; 
ttag +16 ////; 
ttag +17 ////; 
ttag +18 ////; 
ttag +19 ////; 
ttag +20 ////; 
ttag +21 ////; 
ttag +22 ////; 
ttag +23 ////; 
ttag +24 ////; 
ttag +25 ////; 
ttag +26 ////; 
ttag +27 ////; 
ttag +28 ////; 
ttag +29 ////; 
ttag +30 ////; 
ttag +31 ////; 
ttag +32 ////; 
ttag +33 ////; 
ttag +34 ////; 
ttag +35 ////; 
ttag +36 ////; 
ttag +37 ////; 
ttag +38 ////; 
ttag +39 ////; 
ttag +40 ////; 
ttag +41 ////; 
ttag +42 ////; 
ttag +43 ////; 
ttag +44 ////; 
ttag +45 ////; 
ttag +46 ////; 
ttag +47 ////; 
ttag +48 ////; 
ttag +49 58/47/44/50/46; 
ttag +50 100/100/100/100/100; 
ttag +51 99/99/97/99/97; 
ttag +52 37/17/8/18/10; 
ttag +53 99/98/96/100/97; 
ttag +54 66/52/39/46/43; 
ttag +55 89/88/80/90/81; 
ttag +56 51/27/25/28/18; 
ttag +57 72/65/61/69/60; 
ttag +58 60/53/40/56/44; 
ttag +59 86/81/66/84/74; 
ttag +60 100/100/98/100/98; 
ttag +61 100/100/100/99/100; 
ttag +62 70/56/49/58/51; 
ttag +63 77/70/44/56/45; 
ttag +64 100/100/100/100/100; 
ttag +65 94/91/80/95/79; 
ttag +66 71/58/44/62/56; 
ttag +67 93/91/80/92/87; 
ttag +68 63/45/36/48/35; 
ttag +69 99/99/100/100/100; 
ttag +70 99/98/96/100/98; 
ttag +71 100/100/100/100/99; 
ttag +72 95/94/82/95/92; 
ttag +73 57/28/13/18/11; 
ttag +74 98/98/96/96/92; 
ttag +75 92/91/80/91/82; 
ttag +76 88/85/76/86/79; 
ttag +77 92/91/81/92/80; 
ttag +78 100/100/100/100/99; 
ttag +79 99/99/99/98/97; 
ttag +80 76/70/50/72/49; 
ttag +81 98/96/96/98/93; 
ttag +82 52/40/35/36/30; 
ttag +83 98/98/98/99/98; 
ttag +84 80/71/63/76/56; 
ttag +85 90/86/83/86/82; 
ttag +86 99/99/97/99/97; 
ttag +87 10/[12]/?/?/?; 
ttag +88 59/39/30/38/30; 
ttag +89 96/95/95/98/92; 
ttag +90 99/99/95/98/96; 
ttag +91 64/55/41/63/51; 
ttag +92 94/91/91/92/92; 
ttag +93 56/49/39/58/45; 
ttag +94 82/77/69/75/62; 
