tread
'Tree with tags' 
(0 (1 (((((2 3 )((4 5 )(6 7 )))((8 9 )(10 (11 12 ))))(13 14 ))(((15 16 )(17 (18 (19 ((20 21 )((22 23 )(24 25 )))))))(((26 27 )(28 (29 30 )))((31 ((32 33 )(34 35 )(36 (37 38 ))))(39 (40 41 (42 (43 ((44 45 )(46 47 )))))))))))); 
ttag *!; 
ttag +49 ???; 
ttag +50 4; 
ttag +51 2; 
ttag +52 8; 
ttag +53 1; 
ttag +54 1; 
ttag +55 10; 
ttag +56 9; 
ttag +57 1; 
ttag +58 1; 
ttag +59 4; 
ttag +60 7; 
ttag +61 9; 
ttag +62 14; 
ttag +63 14; 
ttag +64 3; 
ttag +65 1; 
ttag +66 3; 
ttag +67 3; 
ttag +68 2; 
ttag +69 11; 
ttag +70 6; 
ttag +71 7; 
ttag +72 7; 
ttag +73 2; 
ttag +74 2; 
ttag +75 7; 
ttag +76 2; 
ttag +77 2; 
ttag +78 9; 
ttag +79 11; 
ttag +80 8; 
ttag +81 5; 
ttag +82 6; 
ttag +83 3; 
ttag +84 5; 
ttag +85 5; 
ttag +86 2; 
ttag +87 9; 
ttag +88 9; 
ttag +89 2; 
ttag +90 8; 
ttag +91 4; 
ttag +92 1; 
tread
'Tree with tags' 
(0 (1 (((((2 3 )((4 5 )(6 7 )))((8 9 )(10 (11 12 ))))(13 14 ))(((15 16 )(17 (18 (19 ((20 21 )((22 23 )(24 25 )))))))(((26 27 )(28 (29 30 )))((31 (((32 33 )(36 (37 38 )))(34 35 )))(39 (40 (41 (42 (43 ((44 45 )(46 47 ))))))))))))); 
ttag *!; 
ttag +0 ////; 
ttag +1 ////; 
ttag +2 ////; 
ttag +3 ////; 
ttag +4 ////; 
ttag +5 ////; 
ttag +6 ////; 
ttag +7 ////; 
ttag +8 ////; 
ttag +9 ////; 
ttag +10 ////; 
ttag +11 ////; 
ttag +12 ////; 
ttag +13 ////; 
ttag +14 ////; 
ttag +15 ////; 
ttag +16 ////; 
ttag +17 ////; 
ttag +18 ////; 
ttag +19 ////; 
ttag +20 ////; 
ttag +21 ////; 
ttag +22 ////; 
ttag +23 ////; 
ttag +24 ////; 
ttag +25 ////; 
ttag +26 ////; 
ttag +27 ////; 
ttag +28 ////; 
ttag +29 ////; 
ttag +30 ////; 
ttag +31 ////; 
ttag +32 ////; 
ttag +33 ////; 
ttag +34 ////; 
ttag +35 ////; 
ttag +36 ////; 
ttag +37 ////; 
ttag +38 ////; 
ttag +39 ////; 
ttag +40 ////; 
ttag +41 ////; 
ttag +42 ////; 
ttag +43 ////; 
ttag +44 ////; 
ttag +45 ////; 
ttag +46 ////; 
ttag +47 ////; 
ttag +48 ////; 
ttag +49 100/100/100/100/100; 
ttag +50 89/87/77/85/76; 
ttag +51 52/37/24/41/14; 
ttag +52 100/100/98/99/98; 
ttag +53 30/6/?/4/?; 
ttag +54 28/17/10/17/10; 
ttag +55 100/100/99/100/98; 
ttag +56 99/99/96/99/95; 
ttag +57 64/49/57/54/56; 
ttag +58 54/40/22/46/38; 
ttag +59 77/73/62/74/58; 
ttag +60 95/92/92/96/93; 
ttag +61 100/100/99/99/100; 
ttag +62 100/100/100/100/100; 
ttag +63 100/100/100/100/100; 
ttag +64 54/45/30/42/24; 
ttag +65 29/6/?/4/?; 
ttag +66 66/59/42/57/34; 
ttag +67 73/66/41/66/42; 
ttag +68 63/56/33/60/38; 
ttag +69 100/100/100/100/100; 
ttag +70 90/88/78/90/78; 
ttag +71 99/99/97/98/99; 
ttag +72 99/98/93/98/95; 
ttag +73 68/48/18/45/28; 
ttag +74 70/57/55/62/54; 
ttag +75 96/94/94/95/95; 
ttag +76 52/41/24/40/22; 
ttag +77 88/86/88/88/88; 
ttag +78 100/100/98/100/98; 
ttag +79 100/100/100/100/98; 
ttag +80 99/98/98/99/97; 
ttag +81 99/99/97/98/94; 
ttag +82 34/[6]/0/?/?; 
ttag +83 95/93/92/96/90; 
ttag +84 98/98/94/93/96; 
ttag +85 96/95/89/95/87; 
ttag +86 97/96/92/95/89; 
ttag +87 71/62/47/51/42; 
ttag +88 96/95/93/94/91; 
ttag +89 35/[5]/?/?/?; 
ttag +90 98/98/96/100/96; 
ttag +91 75/64/68/75/65; 
ttag +92 100/100/100/100/100; 
ttag +93 93/91/81/94/83; 
ttag +94 70/53/34/52/45; 
