tread
'Tree with tags' 
(0 ((1 ((13 14 )((15 16 )(17 ((18 19 )((20 21 )((22 23 )(24 25 ))))))))(((2 3 )(((4 5 )(6 7 ))((8 9 )(10 (11 12 )))))((26 (27 (28 (29 30 ))))(31 39 ((32 33 )((34 35 )(36 (37 38 ))))((40 41 )(42 (43 ((44 45 )(46 47 )))))))))); 
ttag *!; 
ttag +49 1; 
ttag +50 ???; 
ttag +51 10; 
ttag +52 4; 
ttag +53 1; 
ttag +54 7; 
ttag +55 4; 
ttag +56 1; 
ttag +57 3; 
ttag +58 1; 
ttag +59 1; 
ttag +60 6; 
ttag +61 9; 
ttag +62 8; 
ttag +63 1; 
ttag +64 10; 
ttag +65 6; 
ttag +66 3; 
ttag +67 1; 
ttag +68 3; 
ttag +69 10; 
ttag +70 7; 
ttag +71 8; 
ttag +72 7; 
ttag +73 7; 
ttag +74 6; 
ttag +75 7; 
ttag +76 4; 
ttag +77 7; 
ttag +78 12; 
ttag +79 6; 
ttag +80 8; 
ttag +81 4; 
ttag +82 2; 
ttag +83 3; 
ttag +84 7; 
ttag +85 1; 
ttag +86 2; 
ttag +87 2; 
ttag +88 7; 
ttag +89 2; 
ttag +90 1; 
ttag +91 4; 
ttag +92 10; 
tread
'Tree with tags' 
(0 ((1 ((13 14 )((15 16 )(17 ((18 19 )((20 21 )((22 23 )(24 25 ))))))))(((2 3 )(((4 5 )(6 7 ))((8 9 )(10 (11 12 )))))((26 (27 (28 (29 30 ))))(39 ((31 ((32 33 )((34 35 )(36 (37 38 )))))((40 41 )(42 (43 ((44 45 )(46 47 ))))))))))); 
ttag *!; 
ttag +0 ////; 
ttag +1 ////; 
ttag +2 ////; 
ttag +3 ////; 
ttag +4 ////; 
ttag +5 ////; 
ttag +6 ////; 
ttag +7 ////; 
ttag +8 ////; 
ttag +9 ////; 
ttag +10 ////; 
ttag +11 ////; 
ttag +12 ////; 
ttag +13 ////; 
ttag +14 ////; 
ttag +15 ////; 
ttag +16 ////; 
ttag +17 ////; 
ttag +18 ////; 
ttag +19 ////; 
ttag +20 ////; 
ttag +21 ////; 
ttag +22 ////; 
ttag +23 ////; 
ttag +24 ////; 
ttag +25 ////; 
ttag +26 ////; 
ttag +27 ////; 
ttag +28 ////; 
ttag +29 ////; 
ttag +30 ////; 
ttag +31 ////; 
ttag +32 ////; 
ttag +33 ////; 
ttag +34 ////; 
ttag +35 ////; 
ttag +36 ////; 
ttag +37 ////; 
ttag +38 ////; 
ttag +39 ////; 
ttag +40 ////; 
ttag +41 ////; 
ttag +42 ////; 
ttag +43 ////; 
ttag +44 ////; 
ttag +45 ////; 
ttag +46 ////; 
ttag +47 ////; 
ttag +48 ////; 
ttag +49 40/28/15/32/20; 
ttag +50 100/100/100/100/100; 
ttag +51 100/100/100/100/98; 
ttag +52 90/88/83/89/81; 
ttag +53 28/16/9/22/14; 
ttag +54 99/99/98/98/97; 
ttag +55 88/84/88/94/85; 
ttag +56 42/17/14/11/9; 
ttag +57 82/75/68/75/70; 
ttag +58 69/56/48/59/56; 
ttag +59 52/28/19/18/16; 
ttag +60 98/97/94/99/92; 
ttag +61 100/100/99/100/100; 
ttag +62 100/100/98/100/100; 
ttag +63 41/25/20/26/19; 
ttag +64 100/100/99/100/100; 
ttag +65 99/99/92/98/95; 
ttag +66 77/72/57/72/66; 
ttag +67 63/53/37/45/35; 
ttag +68 74/66/47/80/59; 
ttag +69 100/100/100/100/100; 
ttag +70 98/98/81/95/90; 
ttag +71 100/100/100/100/100; 
ttag +72 99/99/96/99/94; 
ttag +73 99/99/98/99/99; 
ttag +74 98/98/98/100/96; 
ttag +75 99/99/97/98/94; 
ttag +76 99/99/98/98/96; 
ttag +77 98/97/98/99/95; 
ttag +78 100/100/100/100/100; 
ttag +79 36/6/1/13/8; 
ttag +80 41/23/21/11/20; 
ttag +81 98/98/95/99/96; 
ttag +82 99/98/100/100/99; 
ttag +83 86/80/67/83/74; 
ttag +84 77/76/61/79/66; 
ttag +85 79/68/54/68/54; 
ttag +86 98/98/94/96/95; 
ttag +87 47/21/10/27/26; 
ttag +88 86/81/81/84/84; 
ttag +89 78/68/60/71/61; 
ttag +90 98/98/97/99/97; 
ttag +91 79/76/67/74/66; 
ttag +92 61/47/26/46/44; 
ttag +93 88/83/66/80/74; 
ttag +94 99/99/100/100/100; 
