tread
'Tree with tags' 
(0 (1 ((2 3 )(8 9 ((4 5 )(6 7 ))(10 (11 12 ))))(13 14 )(17 (15 16 )(18 19 ((20 21 )((22 23 )(24 25 )))))((26 (27 (28 (29 30 ))))(39 (31 ((32 33 )((34 35 )(36 (37 38 )))))(40 41 (42 (43 ((44 45 )(46 47 ))))))))); 
ttag *!; 
ttag +49 ???; 
ttag +50 9; 
ttag +51 8; 
ttag +52 6; 
ttag +53 5; 
ttag +54 4; 
ttag +55 5; 
ttag +56 5; 
ttag +57 9; 
ttag +58 2; 
ttag +59 9; 
ttag +60 3; 
ttag +61 2; 
ttag +62 4; 
ttag +63 5; 
ttag +64 18; 
ttag +65 6; 
ttag +66 18; 
ttag +67 6; 
ttag +68 2; 
ttag +69 3; 
ttag +70 5; 
ttag +71 9; 
ttag +72 9; 
ttag +73 2; 
ttag +74 3; 
ttag +75 11; 
ttag +76 2; 
ttag +77 2; 
ttag +78 14; 
ttag +79 7; 
ttag +80 1; 
ttag +81 13; 
ttag +82 1; 
ttag +83 8; 
ttag +84 6; 
ttag +85 9; 
tread
'Tree with tags' 
(0 ((1 ((13 14 )((17 (15 16 ))(18 (19 ((20 21 )((22 23 )(24 25 ))))))))(((2 3 )(8 (9 (((4 5 )(6 7 ))(10 (11 12 ))))))((26 (27 (28 (29 30 ))))((31 ((32 33 )((34 35 )(36 (37 38 )))))(39 (41 (40 (42 (43 ((44 45 )(46 47 )))))))))))); 
ttag *!; 
ttag +0 ////; 
ttag +1 ////; 
ttag +2 ////; 
ttag +3 ////; 
ttag +4 ////; 
ttag +5 ////; 
ttag +6 ////; 
ttag +7 ////; 
ttag +8 ////; 
ttag +9 ////; 
ttag +10 ////; 
ttag +11 ////; 
ttag +12 ////; 
ttag +13 ////; 
ttag +14 ////; 
ttag +15 ////; 
ttag +16 ////; 
ttag +17 ////; 
ttag +18 ////; 
ttag +19 ////; 
ttag +20 ////; 
ttag +21 ////; 
ttag +22 ////; 
ttag +23 ////; 
ttag +24 ////; 
ttag +25 ////; 
ttag +26 ////; 
ttag +27 ////; 
ttag +28 ////; 
ttag +29 ////; 
ttag +30 ////; 
ttag +31 ////; 
ttag +32 ////; 
ttag +33 ////; 
ttag +34 ////; 
ttag +35 ////; 
ttag +36 ////; 
ttag +37 ////; 
ttag +38 ////; 
ttag +39 ////; 
ttag +40 ////; 
ttag +41 ////; 
ttag +42 ////; 
ttag +43 ////; 
ttag +44 ////; 
ttag +45 ////; 
ttag +46 ////; 
ttag +47 ////; 
ttag +48 ////; 
ttag +49 15/[1]/?/3/?; 
ttag +50 100/100/100/100/100; 
ttag +51 99/98/100/100/99; 
ttag +52 99/98/96/99/97; 
ttag +53 36/26/24/30/17; 
ttag +54 96/96/95/98/92; 
ttag +55 98/97/85/98/90; 
ttag +56 28/0/?/?/?; 
ttag +57 42/10/?/?/?; 
ttag +58 96/95/86/94/88; 
ttag +59 98/97/92/96/88; 
ttag +60 99/99/96/98/95; 
ttag +61 100/100/100/100/100; 
ttag +62 94/94/84/94/91; 
ttag +63 14/[6]/?/?/?; 
ttag +64 100/100/100/99/96; 
ttag +65 35/9/6/17/12; 
ttag +66 86/84/76/85/65; 
ttag +67 84/79/62/79/67; 
ttag +68 15/[24]/?/?/?; 
ttag +69 99/99/98/96/98; 
ttag +70 96/96/86/92/80; 
ttag +71 100/100/100/100/100; 
ttag +72 98/97/88/97/86; 
ttag +73 100/100/100/100/100; 
ttag +74 96/94/95/97/90; 
ttag +75 93/92/88/94/85; 
ttag +76 89/86/84/90/86; 
ttag +77 97/97/96/95/95; 
ttag +78 100/100/100/100/99; 
ttag +79 99/99/98/100/100; 
ttag +80 80/75/73/80/73; 
ttag +81 78/68/55/70/54; 
ttag +82 100/100/99/100/100; 
ttag +83 64/64/59/61/60; 
ttag +84 64/47/28/48/32; 
ttag +85 100/100/100/100/100; 
ttag +86 98/98/92/99/97; 
ttag +87 15/[15]/?/?/?; 
ttag +88 52/25/20/25/11; 
ttag +89 65/56/50/56/48; 
ttag +90 100/100/100/100/100; 
ttag +91 55/41/33/39/46; 
ttag +92 100/100/100/100/100; 
ttag +93 97/96/96/97/96; 
ttag +94 99/99/100/100/99; 
