tread
'Tree with tags' 
(0 ((1 ((2 3 )(((4 5 )(6 7 ))(8 9 )(10 (11 12 )))))((13 14 )((17 (15 16 )(18 (19 ((20 21 )((22 23 )(24 25 ))))))((26 (27 (28 (29 30 ))))(39 ((31 ((32 33 )((34 35 )(36 (37 38 )))))((40 41 )(42 (43 ((44 45 )(46 47 )))))))))))); 
ttag *!; 
ttag +49 1; 
ttag +50 ???; 
ttag +51 7; 
ttag +52 8; 
ttag +53 2; 
ttag +54 10; 
ttag +55 3; 
ttag +56 3; 
ttag +57 1; 
ttag +58 5; 
ttag +59 14; 
ttag +60 9; 
ttag +61 2; 
ttag +62 13; 
ttag +63 1; 
ttag +64 1; 
ttag +65 2; 
ttag +66 1; 
ttag +67 9; 
ttag +68 7; 
ttag +69 9; 
ttag +70 4; 
ttag +71 4; 
ttag +72 7; 
ttag +73 4; 
ttag +74 1; 
ttag +75 10; 
ttag +76 6; 
ttag +77 6; 
ttag +78 1; 
ttag +79 4; 
ttag +80 10; 
ttag +81 6; 
ttag +82 7; 
ttag +83 1; 
ttag +84 12; 
ttag +85 10; 
ttag +86 6; 
ttag +87 13; 
ttag +88 5; 
ttag +89 3; 
ttag +90 4; 
ttag +91 6; 
ttag +92 5; 
tread
'Tree with tags' 
(0 ((1 ((2 3 )((((4 5 )(6 7 ))(8 9 ))(10 (11 12 )))))((13 14 )(((17 (15 16 ))(18 (19 ((20 21 )((22 23 )(24 25 ))))))((26 (27 (28 (29 30 ))))(39 ((31 ((32 33 )((34 35 )(36 (37 38 )))))((40 41 )(42 (43 ((44 45 )(46 47 )))))))))))); 
ttag *!; 
ttag +0 ////; 
ttag +1 ////; 
ttag +2 ////; 
ttag +3 ////; 
ttag +4 ////; 
ttag +5 ////; 
ttag +6 ////; 
ttag +7 ////; 
ttag +8 ////; 
ttag +9 ////; 
ttag +10 ////; 
ttag +11 ////; 
ttag +12 ////; 
ttag +13 ////; 
ttag +14 ////; 
ttag +15 ////; 
ttag +16 ////; 
ttag +17 ////; 
ttag +18 ////; 
ttag +19 ////; 
ttag +20 ////; 
ttag +21 ////; 
ttag +22 ////; 
ttag +23 ////; 
ttag +24 ////; 
ttag +25 ////; 
ttag +26 ////; 
ttag +27 ////; 
ttag +28 ////; 
ttag +29 ////; 
ttag +30 ////; 
ttag +31 ////; 
ttag +32 ////; 
ttag +33 ////; 
ttag +34 ////; 
ttag +35 ////; 
ttag +36 ////; 
ttag +37 ////; 
ttag +38 ////; 
ttag +39 ////; 
ttag +40 ////; 
ttag +41 ////; 
ttag +42 ////; 
ttag +43 ////; 
ttag +44 ////; 
ttag +45 ////; 
ttag +46 ////; 
ttag +47 ////; 
ttag +48 ////; 
ttag +49 36/17/20/13/15; 
ttag +50 100/100/100/100/100; 
ttag +51 96/94/92/96/90; 
ttag +52 98/98/93/98/96; 
ttag +53 83/76/68/78/61; 
ttag +54 100/100/99/100/98; 
ttag +55 25/[6]/?/?/?; 
ttag +56 69/57/40/57/54; 
ttag +57 85/81/74/86/77; 
ttag +58 44/32/22/31/23; 
ttag +59 96/95/79/97/84; 
ttag +60 100/100/100/100/100; 
ttag +61 100/100/99/100/98; 
ttag +62 51/32/24/31/28; 
ttag +63 100/100/100/100/100; 
ttag +64 38/18/16/12/18; 
ttag +65 32/11/6/14/6; 
ttag +66 29/8/8/9/6; 
ttag +67 63/57/44/55/44; 
ttag +68 61/44/43/54/51; 
ttag +69 100/100/100/100/100; 
ttag +70 96/96/88/98/90; 
ttag +71 100/100/98/100/99; 
ttag +72 96/94/84/94/86; 
ttag +73 92/90/87/92/84; 
ttag +74 96/95/89/96/82; 
ttag +75 77/74/63/78/54; 
ttag +76 56/33/24/40/22; 
ttag +77 100/100/98/100/100; 
ttag +78 98/97/96/98/90; 
ttag +79 96/95/84/90/84; 
ttag +80 53/35/33/39/36; 
ttag +81 89/85/73/86/74; 
ttag +82 100/100/100/100/100; 
ttag +83 96/95/88/92/86; 
ttag +84 98/98/98/100/97; 
ttag +85 48/21/2/12/5; 
ttag +86 100/100/100/100/100; 
ttag +87 100/100/100/100/100; 
ttag +88 98/98/91/97/91; 
ttag +89 100/100/99/100/99; 
ttag +90 84/80/64/79/57; 
ttag +91 78/74/55/71/51; 
ttag +92 96/95/94/97/94; 
ttag +93 93/91/85/93/84; 
ttag +94 96/95/89/94/89; 
