tread
'Tree with tags' 
(0 ((1 ((2 3 )((6 7 (4 5 ))((8 9 )(10 (11 12 ))))))(((13 14 )((26 (27 (28 (29 30 ))))(39 (31 ((32 33 )(34 35 )(36 (37 38 ))))(40 41 (43 ((42 (46 47 ))(44 45 )))))))((15 16 )(17 ((18 19 )((20 21 )((22 23 )(24 25 ))))))))); 
ttag *!; 
ttag +49 1; 
ttag +50 ???; 
ttag +51 6; 
ttag +52 7; 
ttag +53 4; 
ttag +54 2; 
ttag +55 2; 
ttag +56 1; 
ttag +57 6; 
ttag +58 5; 
ttag +59 9; 
ttag +60 4; 
ttag +61 1; 
ttag +62 3; 
ttag +63 7; 
ttag +64 6; 
ttag +65 1; 
ttag +66 1; 
ttag +67 4; 
ttag +68 9; 
ttag +69 6; 
ttag +70 12; 
ttag +71 7; 
ttag +72 9; 
ttag +73 7; 
ttag +74 6; 
ttag +75 1; 
ttag +76 5; 
ttag +77 4; 
ttag +78 4; 
ttag +79 7; 
ttag +80 4; 
ttag +81 3; 
ttag +82 5; 
ttag +83 5; 
ttag +84 7; 
ttag +85 6; 
ttag +86 1; 
ttag +87 1; 
ttag +88 7; 
ttag +89 1; 
ttag +90 1; 
tread
'Tree with tags' 
(0 ((1 ((2 3 )((6 (7 (4 5 )))((8 9 )(10 (11 12 ))))))(((13 14 )((26 (27 (28 (29 30 ))))((39 (31 (((32 33 )(34 35 ))(36 (37 38 )))))(40 (41 (43 ((42 (46 47 ))(44 45 ))))))))((15 16 )(17 ((18 19 )((20 21 )((22 23 )(24 25 ))))))))); 
ttag *!; 
ttag +0 ////; 
ttag +1 ////; 
ttag +2 ////; 
ttag +3 ////; 
ttag +4 ////; 
ttag +5 ////; 
ttag +6 ////; 
ttag +7 ////; 
ttag +8 ////; 
ttag +9 ////; 
ttag +10 ////; 
ttag +11 ////; 
ttag +12 ////; 
ttag +13 ////; 
ttag +14 ////; 
ttag +15 ////; 
ttag +16 ////; 
ttag +17 ////; 
ttag +18 ////; 
ttag +19 ////; 
ttag +20 ////; 
ttag +21 ////; 
ttag +22 ////; 
ttag +23 ////; 
ttag +24 ////; 
ttag +25 ////; 
ttag +26 ////; 
ttag +27 ////; 
ttag +28 ////; 
ttag +29 ////; 
ttag +30 ////; 
ttag +31 ////; 
ttag +32 ////; 
ttag +33 ////; 
ttag +34 ////; 
ttag +35 ////; 
ttag +36 ////; 
ttag +37 ////; 
ttag +38 ////; 
ttag +39 ////; 
ttag +40 ////; 
ttag +41 ////; 
ttag +42 ////; 
ttag +43 ////; 
ttag +44 ////; 
ttag +45 ////; 
ttag +46 ////; 
ttag +47 ////; 
ttag +48 ////; 
ttag +49 52/41/29/43/31; 
ttag +50 100/100/100/100/100; 
ttag +51 98/98/97/97/97; 
ttag +52 98/98/92/98/94; 
ttag +53 96/96/95/96/96; 
ttag +54 28/1/4/2/7; 
ttag +55 76/73/68/66/65; 
ttag +56 54/38/29/41/22; 
ttag +57 57/29/32/45/25; 
ttag +58 97/96/93/97/93; 
ttag +59 98/98/94/98/97; 
ttag +60 100/100/99/99/99; 
ttag +61 87/82/84/85/76; 
ttag +62 45/34/28/37/20; 
ttag +63 64/53/44/64/41; 
ttag +64 99/99/96/97/93; 
ttag +65 99/99/94/99/95; 
ttag +66 44/31/29/40/22; 
ttag +67 64/60/46/61/51; 
ttag +68 88/83/73/84/74; 
ttag +69 100/100/100/99/100; 
ttag +70 97/97/92/96/86; 
ttag +71 100/100/100/99/100; 
ttag +72 100/100/99/100/99; 
ttag +73 100/100/99/99/98; 
ttag +74 99/99/99/100/99; 
ttag +75 94/92/80/89/76; 
ttag +76 46/14/19/34/22; 
ttag +77 95/94/92/98/88; 
ttag +78 98/98/94/98/96; 
ttag +79 91/88/81/85/78; 
ttag +80 58/42/44/44/38; 
ttag +81 98/98/95/99/98; 
ttag +82 98/98/96/94/95; 
ttag +83 24/1/10/4/11; 
ttag +84 89/84/80/84/78; 
ttag +85 98/97/97/97/96; 
ttag +86 100/100/100/99/100; 
ttag +87 99/99/98/100/99; 
ttag +88 99/99/96/98/98; 
ttag +89 26/[8]/?/?/?; 
ttag +90 24/[14]/2/0/?; 
ttag +91 26/[11]/1/0/?; 
ttag +92 96/95/94/98/96; 
ttag +93 54/28/22/34/20; 
ttag +94 66/50/51/49/47; 
