tread
'Tree with tags' 
(0 (((1 ((26 (27 (28 (29 30 ))))(39 ((31 ((32 33 )((34 35 )(36 (37 38 )))))(40 41 )(42 43 ((44 45 )(46 47 )))))))(13 14 ))(((2 3 )(((4 5 )(6 7 ))((8 9 )(10 (11 12 )))))(17 18 19 (15 16 )((20 21 )((22 23 )(24 25 ))))))); 
ttag *!; 
ttag +49 1; 
ttag +50 1; 
ttag +51 ???; 
ttag +52 4; 
ttag +53 5; 
ttag +54 1; 
ttag +55 3; 
ttag +56 9; 
ttag +57 2; 
ttag +58 3; 
ttag +59 4; 
ttag +60 3; 
ttag +61 6; 
ttag +62 9; 
ttag +63 10; 
ttag +64 9; 
ttag +65 9; 
ttag +66 6; 
ttag +67 9; 
ttag +68 4; 
ttag +69 5; 
ttag +70 6; 
ttag +71 11; 
ttag +72 6; 
ttag +73 1; 
ttag +74 4; 
ttag +75 11; 
ttag +76 9; 
ttag +77 1; 
ttag +78 7; 
ttag +79 2; 
ttag +80 3; 
ttag +81 2; 
ttag +82 3; 
ttag +83 10; 
ttag +84 5; 
ttag +85 2; 
ttag +86 9; 
ttag +87 9; 
ttag +88 8; 
ttag +89 5; 
tread
'Tree with tags' 
(0 (((1 ((26 (27 (28 (29 30 ))))(39 (((31 ((32 33 )((34 35 )(36 (37 38 )))))(42 (43 ((44 45 )(46 47 )))))(40 41 )))))(13 14 ))(((2 3 )(((4 5 )(6 7 ))((8 9 )(10 (11 12 )))))(17 ((18 (15 16 ))(19 ((20 21 )((22 23 )(24 25 ))))))))); 
ttag *!; 
ttag +0 ////; 
ttag +1 ////; 
ttag +2 ////; 
ttag +3 ////; 
ttag +4 ////; 
ttag +5 ////; 
ttag +6 ////; 
ttag +7 ////; 
ttag +8 ////; 
ttag +9 ////; 
ttag +10 ////; 
ttag +11 ////; 
ttag +12 ////; 
ttag +13 ////; 
ttag +14 ////; 
ttag +15 ////; 
ttag +16 ////; 
ttag +17 ////; 
ttag +18 ////; 
ttag +19 ////; 
ttag +20 ////; 
ttag +21 ////; 
ttag +22 ////; 
ttag +23 ////; 
ttag +24 ////; 
ttag +25 ////; 
ttag +26 ////; 
ttag +27 ////; 
ttag +28 ////; 
ttag +29 ////; 
ttag +30 ////; 
ttag +31 ////; 
ttag +32 ////; 
ttag +33 ////; 
ttag +34 ////; 
ttag +35 ////; 
ttag +36 ////; 
ttag +37 ////; 
ttag +38 ////; 
ttag +39 ////; 
ttag +40 ////; 
ttag +41 ////; 
ttag +42 ////; 
ttag +43 ////; 
ttag +44 ////; 
ttag +45 ////; 
ttag +46 ////; 
ttag +47 ////; 
ttag +48 ////; 
ttag +49 66/63/45/52/42; 
ttag +50 47/35/28/36/24; 
ttag +51 100/100/100/100/100; 
ttag +52 91/87/82/88/77; 
ttag +53 93/89/79/93/78; 
ttag +54 62/49/27/40/21; 
ttag +55 88/82/73/82/76; 
ttag +56 99/99/97/100/98; 
ttag +57 67/55/42/53/34; 
ttag +58 85/82/76/83/68; 
ttag +59 85/81/74/86/64; 
ttag +60 86/84/76/84/74; 
ttag +61 96/94/87/97/84; 
ttag +62 100/100/100/100/99; 
ttag +63 100/100/100/100/100; 
ttag +64 100/100/99/100/98; 
ttag +65 24/[4]/?/?/?; 
ttag +66 42/28/37/30/28; 
ttag +67 99/98/96/100/93; 
ttag +68 54/25/14/19/16; 
ttag +69 99/99/99/99/96; 
ttag +70 100/100/100/100/98; 
ttag +71 92/89/83/89/85; 
ttag +72 99/99/97/98/98; 
ttag +73 99/98/98/99/96; 
ttag +74 99/99/99/100/96; 
ttag +75 98/97/90/94/82; 
ttag +76 52/46/34/40/33; 
ttag +77 90/87/88/92/89; 
ttag +78 99/99/100/100/100; 
ttag +79 98/98/99/99/97; 
ttag +80 18/[37]/?/?/?; 
ttag +81 73/72/57/67/63; 
ttag +82 98/98/91/98/90; 
ttag +83 78/72/66/78/65; 
ttag +84 73/64/64/77/61; 
ttag +85 80/78/72/82/68; 
ttag +86 71/62/61/78/64; 
ttag +87 100/100/99/100/99; 
ttag +88 98/98/92/96/86; 
ttag +89 85/82/66/86/69; 
ttag +90 100/100/99/100/100; 
ttag +91 38/[8]/8/1/3; 
ttag +92 100/100/100/99/100; 
ttag +93 99/99/98/100/99; 
ttag +94 97/96/95/96/92; 
