tread
'Tree with tags' 
(0 (((1 ((2 3 )(((4 5 )(6 7 ))(8 9 (10 (11 12 ))))))((13 14 )((15 16 )(17 (18 (19 ((20 21 )((22 23 )(24 25 )))))))))((26 (27 (28 (29 30 ))))(39 ((31 ((32 33 )((34 35 )(36 (37 38 )))))((40 41 )(42 (43 ((44 45 )(46 47 )))))))))); 
ttag *!; 
ttag +49 1; 
ttag +50 1; 
ttag +51 ???; 
ttag +52 3; 
ttag +53 4; 
ttag +54 6; 
ttag +55 5; 
ttag +56 1; 
ttag +57 5; 
ttag +58 2; 
ttag +59 6; 
ttag +60 5; 
ttag +61 7; 
ttag +62 2; 
ttag +63 3; 
ttag +64 6; 
ttag +65 4; 
ttag +66 7; 
ttag +67 3; 
ttag +68 11; 
ttag +69 9; 
ttag +70 9; 
ttag +71 9; 
ttag +72 6; 
ttag +73 7; 
ttag +74 9; 
ttag +75 6; 
ttag +76 6; 
ttag +77 15; 
ttag +78 4; 
ttag +79 1; 
ttag +80 9; 
ttag +81 12; 
ttag +82 2; 
ttag +83 1; 
ttag +84 1; 
ttag +85 10; 
ttag +86 8; 
ttag +87 5; 
ttag +88 8; 
ttag +89 15; 
ttag +90 2; 
ttag +91 7; 
ttag +92 4; 
ttag +93 1; 
tread
'Tree with tags' 
(0 (((1 ((2 3 )(((4 5 )(6 7 ))(9 (8 (10 (11 12 )))))))((13 14 )((15 16 )(17 (18 (19 ((20 21 )((22 23 )(24 25 )))))))))((26 (27 (28 (29 30 ))))(39 ((31 ((32 33 )((34 35 )(36 (37 38 )))))((40 41 )(42 (43 ((44 45 )(46 47 )))))))))); 
ttag *!; 
ttag +0 ////; 
ttag +1 ////; 
ttag +2 ////; 
ttag +3 ////; 
ttag +4 ////; 
ttag +5 ////; 
ttag +6 ////; 
ttag +7 ////; 
ttag +8 ////; 
ttag +9 ////; 
ttag +10 ////; 
ttag +11 ////; 
ttag +12 ////; 
ttag +13 ////; 
ttag +14 ////; 
ttag +15 ////; 
ttag +16 ////; 
ttag +17 ////; 
ttag +18 ////; 
ttag +19 ////; 
ttag +20 ////; 
ttag +21 ////; 
ttag +22 ////; 
ttag +23 ////; 
ttag +24 ////; 
ttag +25 ////; 
ttag +26 ////; 
ttag +27 ////; 
ttag +28 ////; 
ttag +29 ////; 
ttag +30 ////; 
ttag +31 ////; 
ttag +32 ////; 
ttag +33 ////; 
ttag +34 ////; 
ttag +35 ////; 
ttag +36 ////; 
ttag +37 ////; 
ttag +38 ////; 
ttag +39 ////; 
ttag +40 ////; 
ttag +41 ////; 
ttag +42 ////; 
ttag +43 ////; 
ttag +44 ////; 
ttag +45 ////; 
ttag +46 ////; 
ttag +47 ////; 
ttag +48 ////; 
ttag +49 38/22/14/32/16; 
ttag +50 40/27/16/30/18; 
ttag +51 100/100/100/100/100; 
ttag +52 76/65/56/73/64; 
ttag +53 90/87/78/87/85; 
ttag +54 100/100/98/98/98; 
ttag +55 84/81/73/82/72; 
ttag +56 60/46/34/43/40; 
ttag +57 92/88/82/89/88; 
ttag +58 42/22/12/19/21; 
ttag +59 68/59/58/66/54; 
ttag +60 99/99/96/98/98; 
ttag +61 96/96/95/98/96; 
ttag +62 98/98/99/99/99; 
ttag +63 72/65/60/61/54; 
ttag +64 87/81/57/75/68; 
ttag +65 98/98/94/98/94; 
ttag +66 96/95/94/97/95; 
ttag +67 99/99/93/97/95; 
ttag +68 94/94/89/93/92; 
ttag +69 100/100/100/100/100; 
ttag +70 99/98/98/99/100; 
ttag +71 100/100/99/99/99; 
ttag +72 100/100/100/100/100; 
ttag +73 100/100/98/99/99; 
ttag +74 100/100/98/99/99; 
ttag +75 99/98/97/98/93; 
ttag +76 96/95/89/95/90; 
ttag +77 98/98/96/99/94; 
ttag +78 100/100/100/100/100; 
ttag +79 90/88/82/89/78; 
ttag +80 44/10/?/17/?; 
ttag +81 99/98/98/99/97; 
ttag +82 100/100/100/100/100; 
ttag +83 78/72/62/65/62; 
ttag +84 68/56/50/56/53; 
ttag +85 63/44/31/56/47; 
ttag +86 100/100/100/100/99; 
ttag +87 100/100/98/98/99; 
ttag +88 87/79/72/82/77; 
ttag +89 99/99/96/99/93; 
ttag +90 100/100/100/100/100; 
ttag +91 80/75/64/68/63; 
ttag +92 99/98/99/100/98; 
ttag +93 90/88/80/91/77; 
ttag +94 46/35/31/42/32; 
