tread
'Tree with tags' 
(0 (1 ((2 3 )(8 9 (7 (6 (4 5 )))(10 (11 12 ))))(((13 14 )((15 16 )(17 (18 (19 ((20 21 )((22 23 )(24 25 ))))))))((26 27 (28 (29 30 )))(39 ((31 (((32 33 )(36 (37 38 )))(34 35 )))((40 41 )(42 (43 ((44 45 )(46 47 ))))))))))); 
ttag *!; 
ttag +49 ???; 
ttag +50 4; 
ttag +51 5; 
ttag +52 9; 
ttag +53 1; 
ttag +54 10; 
ttag +55 4; 
ttag +56 4; 
ttag +57 4; 
ttag +58 5; 
ttag +59 1; 
ttag +60 2; 
ttag +61 14; 
ttag +62 5; 
ttag +63 1; 
ttag +64 7; 
ttag +65 1; 
ttag +66 8; 
ttag +67 5; 
ttag +68 7; 
ttag +69 3; 
ttag +70 6; 
ttag +71 7; 
ttag +72 2; 
ttag +73 4; 
ttag +74 7; 
ttag +75 1; 
ttag +76 2; 
ttag +77 7; 
ttag +78 5; 
ttag +79 4; 
ttag +80 2; 
ttag +81 6; 
ttag +82 9; 
ttag +83 9; 
ttag +84 6; 
ttag +85 10; 
ttag +86 8; 
ttag +87 5; 
ttag +88 11; 
ttag +89 6; 
ttag +90 1; 
tread
'Tree with tags' 
(0 ((1 (((13 14 )((15 16 )(17 (18 (19 ((20 21 )((22 23 )(24 25 ))))))))((26 (27 (28 (29 30 ))))(39 ((31 (((32 33 )(36 (37 38 )))(34 35 )))((40 41 )(42 (43 ((44 45 )(46 47 ))))))))))((2 3 )((7 (6 (4 5 )))(9 (8 (10 (11 12 )))))))); 
ttag *!; 
ttag +0 ////; 
ttag +1 ////; 
ttag +2 ////; 
ttag +3 ////; 
ttag +4 ////; 
ttag +5 ////; 
ttag +6 ////; 
ttag +7 ////; 
ttag +8 ////; 
ttag +9 ////; 
ttag +10 ////; 
ttag +11 ////; 
ttag +12 ////; 
ttag +13 ////; 
ttag +14 ////; 
ttag +15 ////; 
ttag +16 ////; 
ttag +17 ////; 
ttag +18 ////; 
ttag +19 ////; 
ttag +20 ////; 
ttag +21 ////; 
ttag +22 ////; 
ttag +23 ////; 
ttag +24 ////; 
ttag +25 ////; 
ttag +26 ////; 
ttag +27 ////; 
ttag +28 ////; 
ttag +29 ////; 
ttag +30 ////; 
ttag +31 ////; 
ttag +32 ////; 
ttag +33 ////; 
ttag +34 ////; 
ttag +35 ////; 
ttag +36 ////; 
ttag +37 ////; 
ttag +38 ////; 
ttag +39 ////; 
ttag +40 ////; 
ttag +41 ////; 
ttag +42 ////; 
ttag +43 ////; 
ttag +44 ////; 
ttag +45 ////; 
ttag +46 ////; 
ttag +47 ////; 
ttag +48 ////; 
ttag +49 6/[7]/?/?/?; 
ttag +50 100/100/100/100/100; 
ttag +51 95/93/82/93/84; 
ttag +52 86/85/73/85/66; 
ttag +53 100/100/100/100/100; 
ttag +54 47/26/10/36/31; 
ttag +55 100/100/99/100/98; 
ttag +56 94/94/90/95/91; 
ttag +57 10/[25]/?/?/?; 
ttag +58 31/[4]/0/?/2; 
ttag +59 84/74/71/84/67; 
ttag +60 96/96/92/98/92; 
ttag +61 96/96/92/97/96; 
ttag +62 36/14/6/24/16; 
ttag +63 36/25/18/34/20; 
ttag +64 100/100/100/100/100; 
ttag +65 88/86/75/85/72; 
ttag +66 60/43/44/60/43; 
ttag +67 98/97/97/98/93; 
ttag +68 66/58/54/50/47; 
ttag +69 99/99/98/100/98; 
ttag +70 92/89/88/88/78; 
ttag +71 98/98/98/99/98; 
ttag +72 83/76/72/81/67; 
ttag +73 97/97/90/96/86; 
ttag +74 100/100/96/99/98; 
ttag +75 64/58/50/60/44; 
ttag +76 32/1/?/1/0; 
ttag +77 96/96/83/92/86; 
ttag +78 98/98/94/96/94; 
ttag +79 74/74/76/72/76; 
ttag +80 80/76/70/81/70; 
ttag +81 98/98/97/99/95; 
ttag +82 98/98/98/97/95; 
ttag +83 97/96/87/98/94; 
ttag +84 61/55/52/60/44; 
ttag +85 99/99/98/99/96; 
ttag +86 99/99/98/99/98; 
ttag +87 100/100/100/100/100; 
ttag +88 99/99/98/99/97; 
ttag +89 99/99/94/98/95; 
ttag +90 99/99/94/100/96; 
ttag +91 92/91/82/95/89; 
ttag +92 99/99/98/100/99; 
ttag +93 96/94/92/97/93; 
ttag +94 68/55/52/39/41; 
