tread
'Tree with tags' 
(0 (1 (((2 3 )(((4 5 )(6 7 ))(8 9 (10 (11 12 )))))(((13 14 )((15 16 )(17 (18 (19 ((20 21 )((22 23 )(24 25 ))))))))((26 (27 (28 (29 30 ))))((39 (31 (((32 33 )(34 35 ))(36 (37 38 )))))(41 (40 (42 (43 ((44 45 )(46 47 )))))))))))); 
ttag *!; 
ttag +49 ???; 
ttag +50 9; 
ttag +51 8; 
ttag +52 1; 
ttag +53 8; 
ttag +54 6; 
ttag +55 4; 
ttag +56 3; 
ttag +57 2; 
ttag +58 6; 
ttag +59 6; 
ttag +60 8; 
ttag +61 1; 
ttag +62 3; 
ttag +63 16; 
ttag +64 4; 
ttag +65 1; 
ttag +66 6; 
ttag +67 4; 
ttag +68 5; 
ttag +69 10; 
ttag +70 11; 
ttag +71 8; 
ttag +72 6; 
ttag +73 10; 
ttag +74 4; 
ttag +75 5; 
ttag +76 5; 
ttag +77 10; 
ttag +78 3; 
ttag +79 1; 
ttag +80 2; 
ttag +81 3; 
ttag +82 2; 
ttag +83 6; 
ttag +84 7; 
ttag +85 9; 
ttag +86 6; 
ttag +87 2; 
ttag +88 7; 
ttag +89 4; 
ttag +90 3; 
ttag +91 8; 
ttag +92 11; 
ttag +93 1; 
tread
'Tree with tags' 
(0 (1 (((2 3 )(((4 5 )(6 7 ))((8 9 )(10 (11 12 )))))(((13 14 )((15 16 )(17 (18 (19 ((20 21 )((22 23 )(24 25 ))))))))((26 (27 (28 (29 30 ))))((39 (31 (((32 33 )(34 35 ))(36 (37 38 )))))(41 (40 (42 (43 ((44 45 )(46 47 )))))))))))); 
ttag *!; 
ttag +0 ////; 
ttag +1 ////; 
ttag +2 ////; 
ttag +3 ////; 
ttag +4 ////; 
ttag +5 ////; 
ttag +6 ////; 
ttag +7 ////; 
ttag +8 ////; 
ttag +9 ////; 
ttag +10 ////; 
ttag +11 ////; 
ttag +12 ////; 
ttag +13 ////; 
ttag +14 ////; 
ttag +15 ////; 
ttag +16 ////; 
ttag +17 ////; 
ttag +18 ////; 
ttag +19 ////; 
ttag +20 ////; 
ttag +21 ////; 
ttag +22 ////; 
ttag +23 ////; 
ttag +24 ////; 
ttag +25 ////; 
ttag +26 ////; 
ttag +27 ////; 
ttag +28 ////; 
ttag +29 ////; 
ttag +30 ////; 
ttag +31 ////; 
ttag +32 ////; 
ttag +33 ////; 
ttag +34 ////; 
ttag +35 ////; 
ttag +36 ////; 
ttag +37 ////; 
ttag +38 ////; 
ttag +39 ////; 
ttag +40 ////; 
ttag +41 ////; 
ttag +42 ////; 
ttag +43 ////; 
ttag +44 ////; 
ttag +45 ////; 
ttag +46 ////; 
ttag +47 ////; 
ttag +48 ////; 
ttag +49 100/100/100/100/100; 
ttag +50 99/99/97/99/96; 
ttag +51 94/92/87/94/89; 
ttag +52 40/32/26/29/21; 
ttag +53 99/98/99/100/98; 
ttag +54 87/80/82/86/77; 
ttag +55 86/82/67/80/66; 
ttag +56 70/50/50/61/36; 
ttag +57 46/27/20/9/22; 
ttag +58 54/39/30/48/23; 
ttag +59 87/81/80/87/75; 
ttag +60 99/99/96/99/95; 
ttag +61 100/100/99/100/96; 
ttag +62 46/33/22/34/26; 
ttag +63 73/67/50/70/52; 
ttag +64 100/100/100/100/100; 
ttag +65 91/89/80/89/84; 
ttag +66 50/30/13/28/19; 
ttag +67 98/98/91/97/92; 
ttag +68 92/90/84/95/82; 
ttag +69 97/97/93/98/95; 
ttag +70 100/100/99/100/99; 
ttag +71 100/100/100/100/99; 
ttag +72 100/100/99/100/100; 
ttag +73 99/99/99/100/95; 
ttag +74 99/99/100/100/98; 
ttag +75 79/72/55/73/59; 
ttag +76 96/94/93/97/92; 
ttag +77 96/94/91/96/90; 
ttag +78 100/100/100/100/100; 
ttag +79 87/85/74/86/77; 
ttag +80 67/49/31/44/23; 
ttag +81 84/79/75/78/76; 
ttag +82 89/86/86/91/86; 
ttag +83 87/86/72/81/72; 
ttag +84 95/94/82/94/82; 
ttag +85 99/99/99/100/98; 
ttag +86 100/100/100/100/97; 
ttag +87 100/100/96/98/93; 
ttag +88 76/62/55/68/52; 
ttag +89 99/99/99/100/98; 
ttag +90 94/92/82/94/87; 
ttag +91 94/92/84/95/88; 
ttag +92 100/100/98/100/98; 
ttag +93 99/99/99/100/98; 
ttag +94 60/36/34/40/32; 
