tread
'Tree with tags' 
(0 (((1 ((26 (27 (28 (29 30 ))))((39 (31 (((32 33 )(36 (37 38 )))(34 35 ))))((40 41 )(42 (43 ((44 45 )(46 47 ))))))))((13 14 )(17 (15 16 )(18 (19 ((20 21 )(24 25 (22 23 ))))))))((2 3 )(((4 5 )(6 7 ))(8 9 (10 (11 12 ))))))); 
ttag *!; 
ttag +49 2; 
ttag +50 1; 
ttag +51 ???; 
ttag +52 10; 
ttag +53 10; 
ttag +54 5; 
ttag +55 3; 
ttag +56 2; 
ttag +57 1; 
ttag +58 1; 
ttag +59 8; 
ttag +60 3; 
ttag +61 10; 
ttag +62 1; 
ttag +63 11; 
ttag +64 7; 
ttag +65 8; 
ttag +66 3; 
ttag +67 13; 
ttag +68 1; 
ttag +69 3; 
ttag +70 5; 
ttag +71 7; 
ttag +72 6; 
ttag +73 1; 
ttag +74 5; 
ttag +75 8; 
ttag +76 12; 
ttag +77 3; 
ttag +78 6; 
ttag +79 2; 
ttag +80 1; 
ttag +81 5; 
ttag +82 2; 
ttag +83 13; 
ttag +84 5; 
ttag +85 4; 
ttag +86 7; 
ttag +87 5; 
ttag +88 3; 
ttag +89 7; 
ttag +90 4; 
ttag +91 2; 
tread
'Tree with tags' 
(0 (((1 ((26 (27 (28 (29 30 ))))((39 (31 (((32 33 )(36 (37 38 )))(34 35 ))))((40 41 )(42 (43 ((44 45 )(46 47 ))))))))((13 14 )((15 16 )(17 (18 (19 ((20 21 )(24 (25 (22 23 ))))))))))((2 3 )(((4 5 )(6 7 ))((8 9 )(10 (11 12 ))))))); 
ttag *!; 
ttag +0 ////; 
ttag +1 ////; 
ttag +2 ////; 
ttag +3 ////; 
ttag +4 ////; 
ttag +5 ////; 
ttag +6 ////; 
ttag +7 ////; 
ttag +8 ////; 
ttag +9 ////; 
ttag +10 ////; 
ttag +11 ////; 
ttag +12 ////; 
ttag +13 ////; 
ttag +14 ////; 
ttag +15 ////; 
ttag +16 ////; 
ttag +17 ////; 
ttag +18 ////; 
ttag +19 ////; 
ttag +20 ////; 
ttag +21 ////; 
ttag +22 ////; 
ttag +23 ////; 
ttag +24 ////; 
ttag +25 ////; 
ttag +26 ////; 
ttag +27 ////; 
ttag +28 ////; 
ttag +29 ////; 
ttag +30 ////; 
ttag +31 ////; 
ttag +32 ////; 
ttag +33 ////; 
ttag +34 ////; 
ttag +35 ////; 
ttag +36 ////; 
ttag +37 ////; 
ttag +38 ////; 
ttag +39 ////; 
ttag +40 ////; 
ttag +41 ////; 
ttag +42 ////; 
ttag +43 ////; 
ttag +44 ////; 
ttag +45 ////; 
ttag +46 ////; 
ttag +47 ////; 
ttag +48 ////; 
ttag +49 42/27/22/31/20; 
ttag +50 36/21/18/28/16; 
ttag +51 100/100/100/100/100; 
ttag +52 100/100/98/100/100; 
ttag +53 100/100/98/99/98; 
ttag +54 96/95/96/96/94; 
ttag +55 90/88/80/89/82; 
ttag +56 54/43/41/38/32; 
ttag +57 60/45/44/46/38; 
ttag +58 15/6/7/5/3; 
ttag +59 28/9/4/10/?; 
ttag +60 98/98/97/99/98; 
ttag +61 96/95/93/93/92; 
ttag +62 100/100/100/100/100; 
ttag +63 40/28/20/22/18; 
ttag +64 100/100/100/100/100; 
ttag +65 98/98/97/100/95; 
ttag +66 27/[7]/2/?/?; 
ttag +67 100/100/95/98/96; 
ttag +68 87/85/76/83/75; 
ttag +69 100/100/100/100/100; 
ttag +70 70/61/42/56/54; 
ttag +71 91/87/76/86/83; 
ttag +72 29/[6]/?/?/?; 
ttag +73 97/96/93/96/89; 
ttag +74 98/98/96/99/98; 
ttag +75 98/98/94/99/98; 
ttag +76 52/44/34/45/32; 
ttag +77 98/98/95/96/92; 
ttag +78 100/100/100/100/100; 
ttag +79 100/100/100/100/99; 
ttag +80 79/76/72/80/66; 
ttag +81 99/98/90/96/94; 
ttag +82 86/84/77/86/74; 
ttag +83 62/60/54/58/52; 
ttag +84 94/92/86/92/83; 
ttag +85 90/88/79/88/82; 
ttag +86 100/100/100/100/100; 
ttag +87 96/96/91/97/92; 
ttag +88 88/85/79/87/83; 
ttag +89 98/98/99/99/96; 
ttag +90 96/95/91/94/91; 
ttag +91 76/70/58/78/57; 
ttag +92 99/98/93/98/93; 
ttag +93 91/88/84/91/83; 
ttag +94 84/81/65/78/71; 
