tread
'Tree with tags' 
(0 ((1 ((2 3 )((7 (6 (4 5 )))((8 9 )(10 (11 12 ))))))(((13 14 )((17 (15 16 ))((18 19 )((20 21 )((22 23 )(24 25 ))))))((26 (27 (28 (29 30 ))))((39 (31 ((32 33 )((34 35 )(36 (37 38 ))))))((40 41 )(42 (43 ((44 45 )(46 47 )))))))))); 
ttag *!; 
ttag +49 1; 
ttag +50 ???; 
ttag +51 3; 
ttag +52 12; 
ttag +53 7; 
ttag +54 1; 
ttag +55 5; 
ttag +56 1; 
ttag +57 3; 
ttag +58 1; 
ttag +59 5; 
ttag +60 6; 
ttag +61 7; 
ttag +62 1; 
ttag +63 1; 
ttag +64 3; 
ttag +65 1; 
ttag +66 5; 
ttag +67 2; 
ttag +68 4; 
ttag +69 6; 
ttag +70 6; 
ttag +71 10; 
ttag +72 3; 
ttag +73 1; 
ttag +74 5; 
ttag +75 8; 
ttag +76 6; 
ttag +77 6; 
ttag +78 9; 
ttag +79 10; 
ttag +80 1; 
ttag +81 4; 
ttag +82 5; 
ttag +83 9; 
ttag +84 2; 
ttag +85 3; 
ttag +86 10; 
ttag +87 13; 
ttag +88 3; 
ttag +89 7; 
ttag +90 11; 
ttag +91 2; 
ttag +92 7; 
ttag +93 4; 
ttag +94 5; 
tread
'Tree with tags' 
(0 ((1 ((2 3 )((7 (6 (4 5 )))((8 9 )(10 (11 12 ))))))(((13 14 )((17 (15 16 ))((18 19 )((20 21 )((22 23 )(24 25 ))))))((26 (27 (28 (29 30 ))))((39 (31 ((32 33 )((34 35 )(36 (37 38 ))))))((40 41 )(42 (43 ((44 45 )(46 47 )))))))))); 
ttag *!; 
ttag +0 ////; 
ttag +1 ////; 
ttag +2 ////; 
ttag +3 ////; 
ttag +4 ////; 
ttag +5 ////; 
ttag +6 ////; 
ttag +7 ////; 
ttag +8 ////; 
ttag +9 ////; 
ttag +10 ////; 
ttag +11 ////; 
ttag +12 ////; 
ttag +13 ////; 
ttag +14 ////; 
ttag +15 ////; 
ttag +16 ////; 
ttag +17 ////; 
ttag +18 ////; 
ttag +19 ////; 
ttag +20 ////; 
ttag +21 ////; 
ttag +22 ////; 
ttag +23 ////; 
ttag +24 ////; 
ttag +25 ////; 
ttag +26 ////; 
ttag +27 ////; 
ttag +28 ////; 
ttag +29 ////; 
ttag +30 ////; 
ttag +31 ////; 
ttag +32 ////; 
ttag +33 ////; 
ttag +34 ////; 
ttag +35 ////; 
ttag +36 ////; 
ttag +37 ////; 
ttag +38 ////; 
ttag +39 ////; 
ttag +40 ////; 
ttag +41 ////; 
ttag +42 ////; 
ttag +43 ////; 
ttag +44 ////; 
ttag +45 ////; 
ttag +46 ////; 
ttag +47 ////; 
ttag +48 ////; 
ttag +49 36/12/?/13/?; 
ttag +50 100/100/100/100/100; 
ttag +51 87/82/89/92/90; 
ttag +52 100/100/100/100/100; 
ttag +53 97/95/97/100/95; 
ttag +54 52/24/27/42/26; 
ttag +55 93/92/92/98/93; 
ttag +56 46/17/?/17/?; 
ttag +57 84/78/75/81/76; 
ttag +58 50/29/8/28/15; 
ttag +59 89/87/83/85/75; 
ttag +60 99/99/97/97/97; 
ttag +61 100/100/98/99/98; 
ttag +62 36/18/6/18/12; 
ttag +63 40/16/1/21/8; 
ttag +64 81/73/72/81/75; 
ttag +65 56/46/35/45/38; 
ttag +66 93/91/83/92/84; 
ttag +67 44/32/28/32/14; 
ttag +68 89/87/80/89/79; 
ttag +69 99/99/98/100/98; 
ttag +70 98/98/93/99/93; 
ttag +71 100/100/100/100/100; 
ttag +72 79/71/72/80/66; 
ttag +73 54/29/24/35/29; 
ttag +74 98/97/98/98/96; 
ttag +75 99/99/100/100/99; 
ttag +76 98/98/99/99/96; 
ttag +77 98/98/97/98/93; 
ttag +78 100/100/99/100/96; 
ttag +79 100/100/98/99/99; 
ttag +80 60/42/29/40/43; 
ttag +81 93/91/87/90/86; 
ttag +82 97/96/95/98/92; 
ttag +83 100/100/99/99/98; 
ttag +84 81/77/69/79/68; 
ttag +85 87/83/78/86/80; 
ttag +86 99/99/98/100/98; 
ttag +87 100/100/100/100/100; 
ttag +88 89/87/88/91/88; 
ttag +89 98/98/96/99/95; 
ttag +90 100/100/100/100/98; 
ttag +91 79/70/66/66/62; 
ttag +92 98/98/97/98/97; 
ttag +93 93/91/90/95/86; 
ttag +94 99/99/96/98/93; 
