tread
'Tree with tags' 
(0 (((1 (17 (15 16 )(18 (19 ((20 21 )((22 23 )(24 25 )))))))((13 14 )((26 (27 (28 (29 30 ))))((39 (31 (((32 33 )(34 35 ))(36 (37 38 )))))((40 41 )(42 (43 ((44 45 )(46 47 )))))))))((2 3 )(9 (8 (((4 5 )(6 7 ))(10 (11 12 )))))))); 
ttag *!; 
ttag +49 2; 
ttag +50 2; 
ttag +51 ???; 
ttag +52 3; 
ttag +53 9; 
ttag +54 5; 
ttag +55 13; 
ttag +56 2; 
ttag +57 2; 
ttag +58 6; 
ttag +59 2; 
ttag +60 7; 
ttag +61 6; 
ttag +62 8; 
ttag +63 2; 
ttag +64 3; 
ttag +65 7; 
ttag +66 2; 
ttag +67 3; 
ttag +68 10; 
ttag +69 6; 
ttag +70 6; 
ttag +71 7; 
ttag +72 2; 
ttag +73 11; 
ttag +74 1; 
ttag +75 3; 
ttag +76 6; 
ttag +77 9; 
ttag +78 5; 
ttag +79 1; 
ttag +80 4; 
ttag +81 8; 
ttag +82 1; 
ttag +83 6; 
ttag +84 4; 
ttag +85 8; 
ttag +86 12; 
ttag +87 4; 
ttag +88 3; 
ttag +89 7; 
ttag +90 1; 
ttag +91 7; 
ttag +92 4; 
ttag +93 4; 
tread
'Tree with tags' 
(0 (((1 ((15 16 )(17 (18 (19 ((20 21 )((22 23 )(24 25 ))))))))((13 14 )((26 (27 (28 (29 30 ))))((39 (31 (((32 33 )(34 35 ))(36 (37 38 )))))((40 41 )(42 (43 ((44 45 )(46 47 )))))))))((2 3 )(9 (8 (((4 5 )(6 7 ))(10 (11 12 )))))))); 
ttag *!; 
ttag +0 ////; 
ttag +1 ////; 
ttag +2 ////; 
ttag +3 ////; 
ttag +4 ////; 
ttag +5 ////; 
ttag +6 ////; 
ttag +7 ////; 
ttag +8 ////; 
ttag +9 ////; 
ttag +10 ////; 
ttag +11 ////; 
ttag +12 ////; 
ttag +13 ////; 
ttag +14 ////; 
ttag +15 ////; 
ttag +16 ////; 
ttag +17 ////; 
ttag +18 ////; 
ttag +19 ////; 
ttag +20 ////; 
ttag +21 ////; 
ttag +22 ////; 
ttag +23 ////; 
ttag +24 ////; 
ttag +25 ////; 
ttag +26 ////; 
ttag +27 ////; 
ttag +28 ////; 
ttag +29 ////; 
ttag +30 ////; 
ttag +31 ////; 
ttag +32 ////; 
ttag +33 ////; 
ttag +34 ////; 
ttag +35 ////; 
ttag +36 ////; 
ttag +37 ////; 
ttag +38 ////; 
ttag +39 ////; 
ttag +40 ////; 
ttag +41 ////; 
ttag +42 ////; 
ttag +43 ////; 
ttag +44 ////; 
ttag +45 ////; 
ttag +46 ////; 
ttag +47 ////; 
ttag +48 ////; 
ttag +49 30/16/10/22/4; 
ttag +50 22/8/4/18/0; 
ttag +51 100/100/100/100/100; 
ttag +52 69/55/56/69/61; 
ttag +53 96/95/90/98/89; 
ttag +54 89/83/79/88/90; 
ttag +55 100/100/98/100/97; 
ttag +56 37/14/8/24/2; 
ttag +57 42/19/17/31/15; 
ttag +58 89/87/68/85/65; 
ttag +59 74/68/65/66/60; 
ttag +60 96/95/92/94/90; 
ttag +61 96/94/94/98/93; 
ttag +62 98/98/98/100/98; 
ttag +63 26/14/16/27/12; 
ttag +64 87/82/79/87/73; 
ttag +65 96/96/94/95/93; 
ttag +66 36/7/11/8/9; 
ttag +67 71/66/56/68/48; 
ttag +68 76/70/54/67/46; 
ttag +69 100/100/100/100/100; 
ttag +70 98/97/94/97/94; 
ttag +71 98/98/98/99/98; 
ttag +72 97/97/96/99/94; 
ttag +73 66/50/57/63/53; 
ttag +74 100/100/99/99/100; 
ttag +75 42/23/35/32/24; 
ttag +76 90/86/77/87/80; 
ttag +77 100/100/98/99/98; 
ttag +78 100/100/100/100/100; 
ttag +79 97/96/90/95/89; 
ttag +80 50/30/14/24/31; 
ttag +81 87/84/77/84/78; 
ttag +82 100/100/100/100/100; 
ttag +83 49/19/2/10/9; 
ttag +84 98/98/97/98/94; 
ttag +85 96/96/94/95/94; 
ttag +86 100/100/98/100/100; 
ttag +87 100/100/100/100/100; 
ttag +88 93/90/89/89/79; 
ttag +89 77/65/53/69/55; 
ttag +90 96/95/90/97/92; 
ttag +91 58/40/24/35/26; 
ttag +92 99/99/97/99/98; 
ttag +93 90/86/76/82/80; 
ttag +94 95/94/90/92/91; 
