tread
'Tree with tags' 
(0 (1 ((2 3 )(((4 5 )(6 7 ))(8 9 (10 (11 12 )))))((13 14 )(((15 16 )(17 (18 (19 ((20 21 )(24 (25 (22 23 ))))))))((26 (27 (28 (29 30 ))))(39 ((31 (((32 33 )(34 35 ))(36 (37 38 ))))((40 41 )(42 (43 ((44 45 )(46 47 )))))))))))); 
ttag *!; 
ttag +49 ???; 
ttag +50 7; 
ttag +51 9; 
ttag +52 9; 
ttag +53 6; 
ttag +54 1; 
ttag +55 4; 
ttag +56 2; 
ttag +57 6; 
ttag +58 10; 
ttag +59 8; 
ttag +60 1; 
ttag +61 9; 
ttag +62 9; 
ttag +63 1; 
ttag +64 2; 
ttag +65 5; 
ttag +66 4; 
ttag +67 7; 
ttag +68 4; 
ttag +69 8; 
ttag +70 1; 
ttag +71 5; 
ttag +72 4; 
ttag +73 4; 
ttag +74 3; 
ttag +75 9; 
ttag +76 4; 
ttag +77 5; 
ttag +78 1; 
ttag +79 8; 
ttag +80 5; 
ttag +81 1; 
ttag +82 6; 
ttag +83 3; 
ttag +84 7; 
ttag +85 6; 
ttag +86 3; 
ttag +87 7; 
ttag +88 4; 
ttag +89 6; 
ttag +90 6; 
ttag +91 1; 
ttag +92 3; 
tread
'Tree with tags' 
(0 (1 (((2 3 )(((4 5 )(6 7 ))(8 (9 (10 (11 12 ))))))((13 14 )(((15 16 )(17 (18 (19 ((20 21 )(24 (25 (22 23 ))))))))((26 (27 (28 (29 30 ))))(39 ((31 (((32 33 )(34 35 ))(36 (37 38 ))))((40 41 )(42 (43 ((44 45 )(46 47 ))))))))))))); 
ttag *!; 
ttag +0 ////; 
ttag +1 ////; 
ttag +2 ////; 
ttag +3 ////; 
ttag +4 ////; 
ttag +5 ////; 
ttag +6 ////; 
ttag +7 ////; 
ttag +8 ////; 
ttag +9 ////; 
ttag +10 ////; 
ttag +11 ////; 
ttag +12 ////; 
ttag +13 ////; 
ttag +14 ////; 
ttag +15 ////; 
ttag +16 ////; 
ttag +17 ////; 
ttag +18 ////; 
ttag +19 ////; 
ttag +20 ////; 
ttag +21 ////; 
ttag +22 ////; 
ttag +23 ////; 
ttag +24 ////; 
ttag +25 ////; 
ttag +26 ////; 
ttag +27 ////; 
ttag +28 ////; 
ttag +29 ////; 
ttag +30 ////; 
ttag +31 ////; 
ttag +32 ////; 
ttag +33 ////; 
ttag +34 ////; 
ttag +35 ////; 
ttag +36 ////; 
ttag +37 ////; 
ttag +38 ////; 
ttag +39 ////; 
ttag +40 ////; 
ttag +41 ////; 
ttag +42 ////; 
ttag +43 ////; 
ttag +44 ////; 
ttag +45 ////; 
ttag +46 ////; 
ttag +47 ////; 
ttag +48 ////; 
ttag +49 100/100/100/100/100; 
ttag +50 98/98/96/99/98; 
ttag +51 100/100/98/100/98; 
ttag +52 11/[11]/?/?/?; 
ttag +53 100/100/99/99/100; 
ttag +54 97/97/93/98/89; 
ttag +55 61/44/32/50/32; 
ttag +56 94/93/83/90/84; 
ttag +57 58/51/47/62/45; 
ttag +58 25/[8]/?/?/?; 
ttag +59 98/98/94/98/93; 
ttag +60 100/100/99/100/100; 
ttag +61 99/99/100/100/100; 
ttag +62 33/15/11/27/13; 
ttag +63 100/100/98/100/97; 
ttag +64 97/96/96/98/96; 
ttag +65 58/53/34/46/38; 
ttag +66 74/63/43/60/50; 
ttag +67 93/92/77/94/88; 
ttag +68 87/86/73/85/76; 
ttag +69 100/100/100/99/99; 
ttag +70 91/90/84/93/88; 
ttag +71 98/98/98/100/97; 
ttag +72 51/28/17/35/30; 
ttag +73 94/93/83/92/89; 
ttag +74 89/85/83/87/78; 
ttag +75 90/86/81/92/76; 
ttag +76 68/56/55/66/54; 
ttag +77 99/99/97/100/98; 
ttag +78 97/97/96/95/95; 
ttag +79 93/91/85/92/87; 
ttag +80 39/15/28/36/30; 
ttag +81 99/98/98/100/97; 
ttag +82 97/97/93/94/91; 
ttag +83 51/41/30/48/32; 
ttag +84 98/97/91/98/92; 
ttag +85 92/92/90/93/89; 
ttag +86 100/100/98/100/99; 
ttag +87 99/99/96/99/98; 
ttag +88 85/78/72/83/73; 
ttag +89 99/98/98/99/96; 
ttag +90 92/89/80/87/78; 
ttag +91 99/99/96/100/96; 
ttag +92 95/93/92/96/94; 
ttag +93 59/33/29/38/28; 
ttag +94 68/58/56/62/54; 
