tread
'Tree with tags' 
(0 ((1 ((2 3 )((4 5 )(6 7 ))(8 9 )(10 (11 12 ))))((13 14 )((15 16 )(17 (18 (19 ((20 21 )((22 23 )(24 25 )))))))((26 (27 (28 (29 30 ))))((31 ((32 33 )((34 35 )(36 (37 38 )))))(39 (40 41 (42 (43 (46 47 (44 45 ))))))))))); 
ttag *!; 
ttag +49 2; 
ttag +50 ???; 
ttag +51 2; 
ttag +52 11; 
ttag +53 4; 
ttag +54 5; 
ttag +55 2; 
ttag +56 2; 
ttag +57 2; 
ttag +58 8; 
ttag +59 5; 
ttag +60 1; 
ttag +61 8; 
ttag +62 8; 
ttag +63 2; 
ttag +64 8; 
ttag +65 4; 
ttag +66 8; 
ttag +67 6; 
ttag +68 7; 
ttag +69 8; 
ttag +70 10; 
ttag +71 4; 
ttag +72 7; 
ttag +73 4; 
ttag +74 4; 
ttag +75 8; 
ttag +76 7; 
ttag +77 7; 
ttag +78 6; 
ttag +79 8; 
ttag +80 3; 
ttag +81 1; 
ttag +82 10; 
ttag +83 9; 
ttag +84 3; 
ttag +85 5; 
ttag +86 1; 
ttag +87 2; 
ttag +88 4; 
ttag +89 2; 
tread
'Tree with tags' 
(0 ((1 (((2 3 )(8 9 ))(((4 5 )(6 7 ))(10 (11 12 )))))(((13 14 )((26 (27 (28 (29 30 ))))((31 ((32 33 )((34 35 )(36 (37 38 )))))(39 (40 (41 (42 (43 (47 (46 (44 45 )))))))))))((15 16 )(17 (18 (19 ((20 21 )((22 23 )(24 25 )))))))))); 
ttag *!; 
ttag +0 ////; 
ttag +1 ////; 
ttag +2 ////; 
ttag +3 ////; 
ttag +4 ////; 
ttag +5 ////; 
ttag +6 ////; 
ttag +7 ////; 
ttag +8 ////; 
ttag +9 ////; 
ttag +10 ////; 
ttag +11 ////; 
ttag +12 ////; 
ttag +13 ////; 
ttag +14 ////; 
ttag +15 ////; 
ttag +16 ////; 
ttag +17 ////; 
ttag +18 ////; 
ttag +19 ////; 
ttag +20 ////; 
ttag +21 ////; 
ttag +22 ////; 
ttag +23 ////; 
ttag +24 ////; 
ttag +25 ////; 
ttag +26 ////; 
ttag +27 ////; 
ttag +28 ////; 
ttag +29 ////; 
ttag +30 ////; 
ttag +31 ////; 
ttag +32 ////; 
ttag +33 ////; 
ttag +34 ////; 
ttag +35 ////; 
ttag +36 ////; 
ttag +37 ////; 
ttag +38 ////; 
ttag +39 ////; 
ttag +40 ////; 
ttag +41 ////; 
ttag +42 ////; 
ttag +43 ////; 
ttag +44 ////; 
ttag +45 ////; 
ttag +46 ////; 
ttag +47 ////; 
ttag +48 ////; 
ttag +49 77/68/60/72/57; 
ttag +50 100/100/100/100/100; 
ttag +51 71/51/51/56/47; 
ttag +52 14/[26]/?/?/?; 
ttag +53 100/100/99/100/98; 
ttag +54 95/93/96/96/93; 
ttag +55 94/92/88/96/82; 
ttag +56 21/2/?/?/?; 
ttag +57 82/74/62/74/65; 
ttag +58 68/58/47/62/51; 
ttag +59 81/76/66/77/72; 
ttag +60 100/100/100/99/99; 
ttag +61 98/98/97/98/96; 
ttag +62 32/15/16/12/9; 
ttag +63 39/24/18/23/13; 
ttag +64 100/100/99/100/100; 
ttag +65 100/100/99/100/98; 
ttag +66 80/76/69/78/68; 
ttag +67 100/100/99/100/99; 
ttag +68 95/93/82/94/79; 
ttag +69 100/100/100/99/100; 
ttag +70 100/100/94/99/94; 
ttag +71 99/99/99/100/97; 
ttag +72 100/100/97/100/98; 
ttag +73 100/100/97/100/98; 
ttag +74 99/98/95/97/97; 
ttag +75 96/96/88/94/80; 
ttag +76 96/96/91/96/88; 
ttag +77 89/84/81/92/82; 
ttag +78 100/100/100/100/99; 
ttag +79 99/99/96/98/96; 
ttag +80 100/100/99/100/98; 
ttag +81 100/100/98/98/98; 
ttag +82 100/100/98/100/98; 
ttag +83 92/89/82/89/85; 
ttag +84 64/43/33/43/30; 
ttag +85 100/100/98/100/98; 
ttag +86 99/99/100/100/100; 
ttag +87 81/74/64/76/64; 
ttag +88 98/98/93/97/95; 
ttag +89 43/24/20/29/29; 
ttag +90 48/34/26/24/24; 
ttag +91 73/63/55/63/52; 
ttag +92 97/96/86/97/87; 
ttag +93 41/3/?/1/?; 
ttag +94 95/94/88/89/85; 
