tread
'Tree with tags' 
(0 (1 (((2 3 )((6 7 (4 5 ))(8 9 )(10 (11 12 ))))(13 14 )((26 (27 (28 (29 30 ))))((31 ((32 33 )((34 35 )(36 (37 38 )))))(39 ((40 41 )((42 43 )(44 (45 (46 47 )))))))))((15 16 )(17 (18 (19 (((20 21 )(24 25 ))(22 23 )))))))); 
ttag *!; 
ttag +49 ???; 
ttag +50 14; 
ttag +51 4; 
ttag +52 1; 
ttag +53 3; 
ttag +54 8; 
ttag +55 3; 
ttag +56 2; 
ttag +57 6; 
ttag +58 9; 
ttag +59 8; 
ttag +60 8; 
ttag +61 5; 
ttag +62 3; 
ttag +63 8; 
ttag +64 5; 
ttag +65 8; 
ttag +66 2; 
ttag +67 14; 
ttag +68 6; 
ttag +69 9; 
ttag +70 6; 
ttag +71 3; 
ttag +72 4; 
ttag +73 6; 
ttag +74 7; 
ttag +75 9; 
ttag +76 6; 
ttag +77 9; 
ttag +78 3; 
ttag +79 10; 
ttag +80 1; 
ttag +81 10; 
ttag +82 5; 
ttag +83 1; 
ttag +84 4; 
ttag +85 4; 
ttag +86 1; 
ttag +87 6; 
ttag +88 8; 
ttag +89 1; 
ttag +90 2; 
tread
'Tree with tags' 
(0 (1 (((2 3 )((6 7 (4 5 ))(8 9 )(10 (11 12 ))))(13 14 )((26 (27 (28 (29 30 ))))((31 ((32 33 )((34 35 )(36 (37 38 )))))(39 ((40 41 )((42 43 )(44 (45 (46 47 )))))))))((15 16 )(17 (18 (19 (((20 21 )(24 25 ))(22 23 )))))))); 
ttag *!; 
ttag +0 ////; 
ttag +1 ////; 
ttag +2 ////; 
ttag +3 ////; 
ttag +4 ////; 
ttag +5 ////; 
ttag +6 ////; 
ttag +7 ////; 
ttag +8 ////; 
ttag +9 ////; 
ttag +10 ////; 
ttag +11 ////; 
ttag +12 ////; 
ttag +13 ////; 
ttag +14 ////; 
ttag +15 ////; 
ttag +16 ////; 
ttag +17 ////; 
ttag +18 ////; 
ttag +19 ////; 
ttag +20 ////; 
ttag +21 ////; 
ttag +22 ////; 
ttag +23 ////; 
ttag +24 ////; 
ttag +25 ////; 
ttag +26 ////; 
ttag +27 ////; 
ttag +28 ////; 
ttag +29 ////; 
ttag +30 ////; 
ttag +31 ////; 
ttag +32 ////; 
ttag +33 ////; 
ttag +34 ////; 
ttag +35 ////; 
ttag +36 ////; 
ttag +37 ////; 
ttag +38 ////; 
ttag +39 ////; 
ttag +40 ////; 
ttag +41 ////; 
ttag +42 ////; 
ttag +43 ////; 
ttag +44 ////; 
ttag +45 ////; 
ttag +46 ////; 
ttag +47 ////; 
ttag +48 ////; 
ttag +49 100/100/100/100/100; 
ttag +50 100/100/100/100/100; 
ttag +51 94/93/83/92/80; 
ttag +52 36/27/19/31/23; 
ttag +53 90/88/80/85/83; 
ttag +54 99/98/98/100/97; 
ttag +55 89/85/68/81/60; 
ttag +56 76/73/59/71/60; 
ttag +57 97/97/93/98/95; 
ttag +58 100/100/100/99/100; 
ttag +59 100/100/99/100/100; 
ttag +60 100/100/99/100/99; 
ttag +61 95/94/89/95/90; 
ttag +62 84/79/74/88/71; 
ttag +63 97/96/93/98/94; 
ttag +64 93/91/84/95/86; 
ttag +65 100/100/99/100/100; 
ttag +66 76/69/56/77/60; 
ttag +67 100/100/100/100/98; 
ttag +68 98/98/96/98/94; 
ttag +69 99/99/98/100/96; 
ttag +70 96/95/94/95/94; 
ttag +71 85/82/64/82/65; 
ttag +72 88/85/78/88/73; 
ttag +73 99/99/96/99/94; 
ttag +74 100/100/100/100/98; 
ttag +75 99/98/97/99/98; 
ttag +76 95/94/80/95/87; 
ttag +77 100/100/100/99/97; 
ttag +78 81/74/65/74/63; 
ttag +79 100/100/99/100/100; 
ttag +80 52/43/28/38/29; 
ttag +81 100/100/99/100/99; 
ttag +82 95/92/88/94/90; 
ttag +83 47/35/25/46/30; 
ttag +84 88/85/77/83/80; 
ttag +85 87/84/74/86/78; 
ttag +86 50/30/23/18/10; 
ttag +87 99/99/93/98/93; 
ttag +88 99/99/99/100/99; 
ttag +89 44/10/6/7/4; 
ttag +90 75/67/60/60/55; 
