tread
'Tree with tags' 
(0 (1 ((((2 3 )(((4 5 )(6 7 ))(8 (9 (10 (11 12 ))))))(13 14 )(17 (15 16 )((18 19 )((20 21 )((22 23 )(24 25 ))))))((26 (27 (28 (29 30 ))))(39 (31 ((32 33 )((34 35 )(36 (37 38 )))))((40 41 )(42 (43 (46 (47 (44 45 ))))))))))); 
ttag *!; 
ttag +49 ???; 
ttag +50 5; 
ttag +51 8; 
ttag +52 1; 
ttag +53 1; 
ttag +54 12; 
ttag +55 3; 
ttag +56 1; 
ttag +57 2; 
ttag +58 1; 
ttag +59 2; 
ttag +60 4; 
ttag +61 5; 
ttag +62 6; 
ttag +63 8; 
ttag +64 7; 
ttag +65 1; 
ttag +66 3; 
ttag +67 7; 
ttag +68 6; 
ttag +69 7; 
ttag +70 9; 
ttag +71 3; 
ttag +72 4; 
ttag +73 2; 
ttag +74 2; 
ttag +75 5; 
ttag +76 10; 
ttag +77 4; 
ttag +78 3; 
ttag +79 4; 
ttag +80 1; 
ttag +81 5; 
ttag +82 1; 
ttag +83 6; 
ttag +84 7; 
ttag +85 3; 
ttag +86 11; 
ttag +87 7; 
ttag +88 6; 
ttag +89 5; 
ttag +90 1; 
ttag +91 2; 
tread
'Tree with tags' 
(0 (1 (((((2 3 )(((4 5 )(6 7 ))(8 (9 (10 (11 12 ))))))((17 (15 16 ))((18 19 )((20 21 )((22 23 )(24 25 ))))))(13 14 ))((26 (27 (28 (29 30 ))))((39 (31 ((32 33 )((34 35 )(36 (37 38 ))))))((40 41 )(42 (43 (46 (47 (44 45 ))))))))))); 
ttag *!; 
ttag +0 ////; 
ttag +1 ////; 
ttag +2 ////; 
ttag +3 ////; 
ttag +4 ////; 
ttag +5 ////; 
ttag +6 ////; 
ttag +7 ////; 
ttag +8 ////; 
ttag +9 ////; 
ttag +10 ////; 
ttag +11 ////; 
ttag +12 ////; 
ttag +13 ////; 
ttag +14 ////; 
ttag +15 ////; 
ttag +16 ////; 
ttag +17 ////; 
ttag +18 ////; 
ttag +19 ////; 
ttag +20 ////; 
ttag +21 ////; 
ttag +22 ////; 
ttag +23 ////; 
ttag +24 ////; 
ttag +25 ////; 
ttag +26 ////; 
ttag +27 ////; 
ttag +28 ////; 
ttag +29 ////; 
ttag +30 ////; 
ttag +31 ////; 
ttag +32 ////; 
ttag +33 ////; 
ttag +34 ////; 
ttag +35 ////; 
ttag +36 ////; 
ttag +37 ////; 
ttag +38 ////; 
ttag +39 ////; 
ttag +40 ////; 
ttag +41 ////; 
ttag +42 ////; 
ttag +43 ////; 
ttag +44 ////; 
ttag +45 ////; 
ttag +46 ////; 
ttag +47 ////; 
ttag +48 ////; 
ttag +49 100/100/100/100/100; 
ttag +50 88/83/78/87/78; 
ttag +51 99/99/95/99/92; 
ttag +52 11/[20]/?/?/?; 
ttag +53 16/[15]/?/?/?; 
ttag +54 53/32/30/30/21; 
ttag +55 100/100/100/100/100; 
ttag +56 84/77/69/74/68; 
ttag +57 58/45/31/54/39; 
ttag +58 74/67/50/64/57; 
ttag +59 72/64/66/65/64; 
ttag +60 81/78/63/79/63; 
ttag +61 90/90/86/96/85; 
ttag +62 96/93/89/94/94; 
ttag +63 99/99/96/99/98; 
ttag +64 100/100/98/100/98; 
ttag +65 30/[12]/?/6/?; 
ttag +66 100/100/98/98/98; 
ttag +67 33/18/6/22/15; 
ttag +68 86/79/60/70/67; 
ttag +69 100/100/100/100/100; 
ttag +70 99/99/98/99/96; 
ttag +71 100/100/98/99/96; 
ttag +72 100/100/100/100/100; 
ttag +73 88/86/74/89/71; 
ttag +74 95/94/87/92/82; 
ttag +75 70/64/59/66/67; 
ttag +76 74/62/46/67/49; 
ttag +77 99/99/91/98/92; 
ttag +78 100/100/100/100/99; 
ttag +79 92/92/89/92/86; 
ttag +80 35/14/14/9/16; 
ttag +81 80/76/70/85/68; 
ttag +82 96/94/92/94/90; 
ttag +83 49/34/36/38/40; 
ttag +84 98/98/97/100/96; 
ttag +85 48/29/24/27/15; 
ttag +86 99/99/99/98/96; 
ttag +87 99/99/100/100/98; 
ttag +88 88/83/82/81/81; 
ttag +89 100/100/100/100/100; 
ttag +90 98/98/87/98/87; 
ttag +91 98/98/86/97/85; 
ttag +92 99/99/88/98/88; 
ttag +93 47/16/?/14/11; 
ttag +94 76/67/50/62/65; 
