tread
'Tree with tags' 
(0 ((1 ((2 3 )(((4 5 )(6 7 ))(8 9 (10 (11 12 ))))))((13 14 )(((15 16 )(17 ((18 19 )((20 21 )((22 23 )(24 25 ))))))((26 (27 (28 (29 30 ))))((31 ((32 33 )(34 35 )(36 (37 38 ))))(39 ((40 41 )(42 (43 ((44 45 )(46 47 )))))))))))); 
ttag *!; 
ttag +49 2; 
ttag +50 ???; 
ttag +51 2; 
ttag +52 9; 
ttag +53 4; 
ttag +54 8; 
ttag +55 2; 
ttag +56 1; 
ttag +57 3; 
ttag +58 3; 
ttag +59 11; 
ttag +60 8; 
ttag +61 1; 
ttag +62 12; 
ttag +63 4; 
ttag +64 2; 
ttag +65 1; 
ttag +66 2; 
ttag +67 4; 
ttag +68 9; 
ttag +69 7; 
ttag +70 5; 
ttag +71 8; 
ttag +72 2; 
ttag +73 6; 
ttag +74 4; 
ttag +75 1; 
ttag +76 3; 
ttag +77 7; 
ttag +78 12; 
ttag +79 10; 
ttag +80 3; 
ttag +81 3; 
ttag +82 4; 
ttag +83 8; 
ttag +84 8; 
ttag +85 3; 
ttag +86 6; 
ttag +87 3; 
ttag +88 4; 
ttag +89 2; 
ttag +90 5; 
ttag +91 8; 
ttag +92 3; 
tread
'Tree with tags' 
(0 ((1 ((2 3 )(((4 5 )(6 7 ))(8 (9 (10 (11 12 )))))))((13 14 )(((15 16 )(17 ((18 19 )((20 21 )((22 23 )(24 25 ))))))((26 (27 (28 (29 30 ))))((31 ((32 33 )((34 35 )(36 (37 38 )))))(39 ((40 41 )(42 (43 ((44 45 )(46 47 )))))))))))); 
ttag *!; 
ttag +0 ////; 
ttag +1 ////; 
ttag +2 ////; 
ttag +3 ////; 
ttag +4 ////; 
ttag +5 ////; 
ttag +6 ////; 
ttag +7 ////; 
ttag +8 ////; 
ttag +9 ////; 
ttag +10 ////; 
ttag +11 ////; 
ttag +12 ////; 
ttag +13 ////; 
ttag +14 ////; 
ttag +15 ////; 
ttag +16 ////; 
ttag +17 ////; 
ttag +18 ////; 
ttag +19 ////; 
ttag +20 ////; 
ttag +21 ////; 
ttag +22 ////; 
ttag +23 ////; 
ttag +24 ////; 
ttag +25 ////; 
ttag +26 ////; 
ttag +27 ////; 
ttag +28 ////; 
ttag +29 ////; 
ttag +30 ////; 
ttag +31 ////; 
ttag +32 ////; 
ttag +33 ////; 
ttag +34 ////; 
ttag +35 ////; 
ttag +36 ////; 
ttag +37 ////; 
ttag +38 ////; 
ttag +39 ////; 
ttag +40 ////; 
ttag +41 ////; 
ttag +42 ////; 
ttag +43 ////; 
ttag +44 ////; 
ttag +45 ////; 
ttag +46 ////; 
ttag +47 ////; 
ttag +48 ////; 
ttag +49 78/72/60/65/57; 
ttag +50 100/100/100/100/100; 
ttag +51 80/71/63/78/61; 
ttag +52 100/100/100/100/98; 
ttag +53 99/98/94/96/90; 
ttag +54 100/100/97/100/99; 
ttag +55 86/81/72/75/80; 
ttag +56 59/44/44/44/46; 
ttag +57 88/85/84/86/81; 
ttag +58 34/0/4/1/?; 
ttag +59 82/72/62/74/71; 
ttag +60 100/100/100/100/100; 
ttag +61 99/99/96/100/98; 
ttag +62 49/32/16/32/35; 
ttag +63 100/100/99/100/100; 
ttag +64 80/75/60/83/64; 
ttag +65 55/38/32/48/50; 
ttag +66 54/45/30/39/29; 
ttag +67 76/71/67/84/70; 
ttag +68 94/94/78/92/82; 
ttag +69 100/100/99/100/100; 
ttag +70 97/97/95/98/95; 
ttag +71 98/98/96/97/94; 
ttag +72 99/99/100/98/100; 
ttag +73 67/51/42/61/47; 
ttag +74 98/98/92/97/90; 
ttag +75 85/82/73/83/77; 
ttag +76 44/19/12/34/23; 
ttag +77 80/68/66/73/71; 
ttag +78 99/99/95/99/94; 
ttag +79 100/100/98/100/100; 
ttag +80 99/98/96/99/96; 
ttag +81 90/89/81/89/77; 
ttag +82 78/70/54/76/56; 
ttag +83 96/94/92/97/89; 
ttag +84 32/5/?/?/?; 
ttag +85 98/98/94/98/93; 
ttag +86 99/99/98/100/97; 
ttag +87 67/56/46/61/36; 
ttag +88 96/95/92/96/92; 
ttag +89 72/61/48/66/36; 
ttag +90 96/95/95/95/90; 
ttag +91 82/75/60/66/62; 
ttag +92 98/97/94/97/95; 
ttag +93 99/99/98/99/98; 
ttag +94 87/81/78/84/70; 
