tread
'Tree with tags' 
(0 (1 ((2 3 )(((4 5 )(6 7 ))((8 9 )(10 (11 12 )))))(13 14 )(17 (15 16 )(18 (19 ((20 21 )((22 23 )(24 25 ))))))(39 (26 (27 (28 (29 30 ))))(31 ((32 33 )(34 35 )(36 (37 38 ))))(40 41 (42 (43 (44 45 )(46 47 ))))))); 
ttag *!; 
ttag +49 ???; 
ttag +50 6; 
ttag +51 6; 
ttag +52 5; 
ttag +53 5; 
ttag +54 1; 
ttag +55 5; 
ttag +56 1; 
ttag +57 1; 
ttag +58 2; 
ttag +59 7; 
ttag +60 12; 
ttag +61 13; 
ttag +62 5; 
ttag +63 3; 
ttag +64 2; 
ttag +65 8; 
ttag +66 3; 
ttag +67 9; 
ttag +68 1; 
ttag +69 13; 
ttag +70 6; 
ttag +71 8; 
ttag +72 1; 
ttag +73 9; 
ttag +74 10; 
ttag +75 3; 
ttag +76 9; 
ttag +77 1; 
ttag +78 3; 
ttag +79 2; 
ttag +80 11; 
ttag +81 5; 
ttag +82 5; 
ttag +83 2; 
ttag +84 5; 
ttag +85 1; 
tread
'Tree with tags' 
(0 ((1 ((((2 3 )(((4 5 )(6 7 ))((8 9 )(10 (11 12 )))))(13 14 ))(17 ((15 16 )(18 (19 ((20 21 )((22 23 )(24 25 )))))))))((26 (27 (28 (29 30 ))))((31 ((32 33 )((34 35 )(36 (37 38 )))))(39 (40 (41 (42 (43 ((44 45 )(46 47 ))))))))))); 
ttag *!; 
ttag +0 ////; 
ttag +1 ////; 
ttag +2 ////; 
ttag +3 ////; 
ttag +4 ////; 
ttag +5 ////; 
ttag +6 ////; 
ttag +7 ////; 
ttag +8 ////; 
ttag +9 ////; 
ttag +10 ////; 
ttag +11 ////; 
ttag +12 ////; 
ttag +13 ////; 
ttag +14 ////; 
ttag +15 ////; 
ttag +16 ////; 
ttag +17 ////; 
ttag +18 ////; 
ttag +19 ////; 
ttag +20 ////; 
ttag +21 ////; 
ttag +22 ////; 
ttag +23 ////; 
ttag +24 ////; 
ttag +25 ////; 
ttag +26 ////; 
ttag +27 ////; 
ttag +28 ////; 
ttag +29 ////; 
ttag +30 ////; 
ttag +31 ////; 
ttag +32 ////; 
ttag +33 ////; 
ttag +34 ////; 
ttag +35 ////; 
ttag +36 ////; 
ttag +37 ////; 
ttag +38 ////; 
ttag +39 ////; 
ttag +40 ////; 
ttag +41 ////; 
ttag +42 ////; 
ttag +43 ////; 
ttag +44 ////; 
ttag +45 ////; 
ttag +46 ////; 
ttag +47 ////; 
ttag +48 ////; 
ttag +49 16/[15]/?/?/?; 
ttag +50 100/100/100/100/100; 
ttag +51 98/97/94/98/98; 
ttag +52 98/97/95/97/95; 
ttag +53 47/15/8/14/14; 
ttag +54 12/[20]/?/?/?; 
ttag +55 96/95/92/98/93; 
ttag +56 98/97/96/97/94; 
ttag +57 50/34/28/38/36; 
ttag +58 98/98/96/98/96; 
ttag +59 71/61/55/65/58; 
ttag +60 75/63/56/71/62; 
ttag +61 80/76/65/75/59; 
ttag +62 98/98/96/97/97; 
ttag +63 100/100/99/100/100; 
ttag +64 100/100/100/100/100; 
ttag +65 19/[9]/?/?/?; 
ttag +66 92/90/81/92/84; 
ttag +67 72/56/43/65/52; 
ttag +68 62/46/34/56/42; 
ttag +69 100/100/100/100/100; 
ttag +70 71/55/43/66/54; 
ttag +71 100/100/100/100/100; 
ttag +72 51/35/25/40/35; 
ttag +73 100/100/100/100/100; 
ttag +74 98/98/93/96/90; 
ttag +75 100/100/98/99/99; 
ttag +76 80/75/71/76/74; 
ttag +77 98/97/97/98/95; 
ttag +78 100/100/98/98/98; 
ttag +79 80/77/59/82/66; 
ttag +80 40/4/3/6/11; 
ttag +81 99/99/98/99/98; 
ttag +82 61/53/37/52/46; 
ttag +83 91/90/82/90/86; 
ttag +84 11/[2]/8/3/8; 
ttag +85 56/31/25/60/42; 
ttag +86 100/100/100/100/100; 
ttag +87 22/[13]/?/?/?; 
ttag +88 99/99/98/100/97; 
ttag +89 42/10/?/12/?; 
ttag +90 98/97/93/98/95; 
ttag +91 81/79/71/76/72; 
ttag +92 100/100/98/99/99; 
ttag +93 45/8/?/4/10; 
ttag +94 72/64/70/68/59; 
