tread
'Tree with tags' 
(0 ((1 ((13 14 )((15 16 )(17 ((18 19 )((20 21 )((22 23 )(24 25 ))))))((26 27 (28 (29 30 )))((39 (31 ((32 33 )(34 35 )(36 (37 38 )))))((40 41 )(42 (43 ((44 45 )(46 47 )))))))))((2 3 )(((4 5 )(6 7 ))((8 9 )(10 (11 12 ))))))); 
ttag *!; 
ttag +49 1; 
ttag +50 ???; 
ttag +51 4; 
ttag +52 3; 
ttag +53 4; 
ttag +54 7; 
ttag +55 4; 
ttag +56 3; 
ttag +57 4; 
ttag +58 2; 
ttag +59 1; 
ttag +60 3; 
ttag +61 7; 
ttag +62 2; 
ttag +63 9; 
ttag +64 5; 
ttag +65 2; 
ttag +66 2; 
ttag +67 5; 
ttag +68 5; 
ttag +69 5; 
ttag +70 4; 
ttag +71 1; 
ttag +72 4; 
ttag +73 11; 
ttag +74 7; 
ttag +75 7; 
ttag +76 6; 
ttag +77 7; 
ttag +78 2; 
ttag +79 7; 
ttag +80 9; 
ttag +81 5; 
ttag +82 6; 
ttag +83 4; 
ttag +84 7; 
ttag +85 2; 
ttag +86 4; 
ttag +87 7; 
ttag +88 5; 
ttag +89 6; 
ttag +90 3; 
ttag +91 4; 
tread
'Tree with tags' 
(0 ((1 (((13 14 )((27 (26 (28 (29 30 ))))((39 (31 ((32 33 )((34 35 )(36 (37 38 ))))))((40 41 )(42 (43 ((44 45 )(46 47 ))))))))((15 16 )(17 ((18 19 )((20 21 )((22 23 )(24 25 ))))))))((2 3 )(((4 5 )(6 7 ))((8 9 )(10 (11 12 ))))))); 
ttag *!; 
ttag +0 ////; 
ttag +1 ////; 
ttag +2 ////; 
ttag +3 ////; 
ttag +4 ////; 
ttag +5 ////; 
ttag +6 ////; 
ttag +7 ////; 
ttag +8 ////; 
ttag +9 ////; 
ttag +10 ////; 
ttag +11 ////; 
ttag +12 ////; 
ttag +13 ////; 
ttag +14 ////; 
ttag +15 ////; 
ttag +16 ////; 
ttag +17 ////; 
ttag +18 ////; 
ttag +19 ////; 
ttag +20 ////; 
ttag +21 ////; 
ttag +22 ////; 
ttag +23 ////; 
ttag +24 ////; 
ttag +25 ////; 
ttag +26 ////; 
ttag +27 ////; 
ttag +28 ////; 
ttag +29 ////; 
ttag +30 ////; 
ttag +31 ////; 
ttag +32 ////; 
ttag +33 ////; 
ttag +34 ////; 
ttag +35 ////; 
ttag +36 ////; 
ttag +37 ////; 
ttag +38 ////; 
ttag +39 ////; 
ttag +40 ////; 
ttag +41 ////; 
ttag +42 ////; 
ttag +43 ////; 
ttag +44 ////; 
ttag +45 ////; 
ttag +46 ////; 
ttag +47 ////; 
ttag +48 ////; 
ttag +49 27/14/5/20/11; 
ttag +50 100/100/100/100/100; 
ttag +51 96/96/92/97/93; 
ttag +52 62/54/38/52/40; 
ttag +53 95/93/86/94/88; 
ttag +54 100/100/100/100/100; 
ttag +55 90/88/76/88/74; 
ttag +56 78/75/63/72/68; 
ttag +57 94/92/78/92/87; 
ttag +58 64/49/39/46/42; 
ttag +59 64/46/48/46/44; 
ttag +60 84/78/73/76/68; 
ttag +61 100/100/100/100/100; 
ttag +62 28/7/?/5/4; 
ttag +63 42/29/14/31/8; 
ttag +64 99/99/99/99/96; 
ttag +65 92/91/79/89/78; 
ttag +66 56/31/19/43/30; 
ttag +67 83/76/68/74/60; 
ttag +68 94/91/88/93/83; 
ttag +69 97/96/96/97/96; 
ttag +70 98/97/93/97/94; 
ttag +71 92/89/86/92/88; 
ttag +72 42/22/23/28/22; 
ttag +73 95/93/79/88/85; 
ttag +74 30/[6]/?/?/?; 
ttag +75 99/99/98/100/98; 
ttag +76 94/94/88/96/85; 
ttag +77 87/80/78/96/75; 
ttag +78 96/94/94/98/95; 
ttag +79 96/95/87/95/91; 
ttag +80 82/81/66/77/68; 
ttag +81 96/94/86/97/88; 
ttag +82 100/100/99/100/99; 
ttag +83 98/97/93/95/95; 
ttag +84 99/99/98/99/98; 
ttag +85 38/9/14/7/8; 
ttag +86 90/87/83/95/85; 
ttag +87 99/99/98/100/98; 
ttag +88 74/66/46/65/51; 
ttag +89 92/90/83/97/86; 
ttag +90 97/96/91/100/92; 
ttag +91 94/93/84/97/89; 
ttag +92 97/96/90/96/89; 
ttag +93 82/74/60/78/61; 
ttag +94 90/87/76/84/75; 
