tread
'Tree with tags' 
(0 ((1 (13 14 ))(((2 3 )(8 ((9 (6 7 (4 5 )))(10 (11 12 )))))((15 16 )(17 (18 (19 ((20 21 )((22 23 )(24 25 )))))))((26 (27 (28 (29 30 ))))(39 ((31 ((32 33 )((34 35 )(36 (37 38 )))))(40 41 (42 43 ((44 45 )(46 47 )))))))))); 
ttag *!; 
ttag +49 2; 
ttag +50 ???; 
ttag +51 9; 
ttag +52 6; 
ttag +53 1; 
ttag +54 6; 
ttag +55 8; 
ttag +56 1; 
ttag +57 1; 
ttag +58 5; 
ttag +59 11; 
ttag +60 10; 
ttag +61 8; 
ttag +62 6; 
ttag +63 4; 
ttag +64 2; 
ttag +65 4; 
ttag +66 3; 
ttag +67 13; 
ttag +68 3; 
ttag +69 8; 
ttag +70 5; 
ttag +71 5; 
ttag +72 8; 
ttag +73 10; 
ttag +74 4; 
ttag +75 3; 
ttag +76 5; 
ttag +77 7; 
ttag +78 1; 
ttag +79 2; 
ttag +80 2; 
ttag +81 6; 
ttag +82 3; 
ttag +83 1; 
ttag +84 8; 
ttag +85 8; 
ttag +86 4; 
ttag +87 6; 
ttag +88 9; 
ttag +89 7; 
ttag +90 5; 
tread
'Tree with tags' 
(0 ((1 (13 14 ))(((2 3 )(8 ((9 (6 7 (4 5 )))(10 (11 12 )))))((15 16 )(17 (18 (19 ((20 21 )((22 23 )(24 25 )))))))((26 (27 (28 (29 30 ))))(39 ((31 ((32 33 )((34 35 )(36 (37 38 )))))(40 41 (42 43 ((44 45 )(46 47 )))))))))); 
ttag *!; 
ttag +0 ////; 
ttag +1 ////; 
ttag +2 ////; 
ttag +3 ////; 
ttag +4 ////; 
ttag +5 ////; 
ttag +6 ////; 
ttag +7 ////; 
ttag +8 ////; 
ttag +9 ////; 
ttag +10 ////; 
ttag +11 ////; 
ttag +12 ////; 
ttag +13 ////; 
ttag +14 ////; 
ttag +15 ////; 
ttag +16 ////; 
ttag +17 ////; 
ttag +18 ////; 
ttag +19 ////; 
ttag +20 ////; 
ttag +21 ////; 
ttag +22 ////; 
ttag +23 ////; 
ttag +24 ////; 
ttag +25 ////; 
ttag +26 ////; 
ttag +27 ////; 
ttag +28 ////; 
ttag +29 ////; 
ttag +30 ////; 
ttag +31 ////; 
ttag +32 ////; 
ttag +33 ////; 
ttag +34 ////; 
ttag +35 ////; 
ttag +36 ////; 
ttag +37 ////; 
ttag +38 ////; 
ttag +39 ////; 
ttag +40 ////; 
ttag +41 ////; 
ttag +42 ////; 
ttag +43 ////; 
ttag +44 ////; 
ttag +45 ////; 
ttag +46 ////; 
ttag +47 ////; 
ttag +48 ////; 
ttag +49 44/27/18/35/26; 
ttag +50 100/100/100/100/100; 
ttag +51 99/99/99/100/100; 
ttag +52 96/96/92/98/91; 
ttag +53 46/36/20/29/18; 
ttag +54 99/99/97/100/99; 
ttag +55 98/98/97/100/98; 
ttag +56 42/9/?/25/2; 
ttag +57 56/42/29/43/28; 
ttag +58 84/78/67/80/67; 
ttag +59 100/100/100/100/100; 
ttag +60 100/100/100/100/100; 
ttag +61 99/99/99/99/99; 
ttag +62 97/96/94/97/92; 
ttag +63 97/96/92/94/88; 
ttag +64 82/75/74/79/67; 
ttag +65 93/92/86/90/86; 
ttag +66 96/95/91/95/88; 
ttag +67 100/100/100/100/100; 
ttag +68 89/85/70/86/68; 
ttag +69 99/99/98/100/98; 
ttag +70 99/99/94/99/94; 
ttag +71 99/99/93/99/94; 
ttag +72 99/99/98/98/96; 
ttag +73 100/100/99/100/99; 
ttag +74 92/89/80/90/84; 
ttag +75 90/87/71/84/73; 
ttag +76 99/98/95/98/96; 
ttag +77 99/99/97/98/98; 
ttag +78 45/26/27/34/18; 
ttag +79 78/65/61/69/57; 
ttag +80 67/62/55/68/59; 
ttag +81 96/96/93/98/94; 
ttag +82 92/91/86/91/88; 
ttag +83 51/37/30/49/29; 
ttag +84 100/100/98/100/99; 
ttag +85 100/100/98/100/99; 
ttag +86 92/92/88/94/87; 
ttag +87 98/97/96/99/98; 
ttag +88 99/99/100/100/99; 
ttag +89 98/98/98/99/98; 
ttag +90 98/98/97/98/98; 
