tread
'Tree with tags' 
(0 (((1 (8 9 (2 3 )((4 5 )(6 7 ))(10 (11 12 ))))(13 14 ))(((15 16 )(17 (18 (19 ((20 21 )(24 25 (22 23 )))))))((26 (27 (28 (29 30 ))))((39 (31 (34 35 (32 33 )(36 (37 38 )))))((40 41 )(42 (43 ((44 45 )(46 47 )))))))))); 
ttag *!; 
ttag +49 4; 
ttag +50 1; 
ttag +51 ???; 
ttag +52 11; 
ttag +53 11; 
ttag +54 8; 
ttag +55 7; 
ttag +56 1; 
ttag +57 5; 
ttag +58 9; 
ttag +59 7; 
ttag +60 12; 
ttag +61 3; 
ttag +62 1; 
ttag +63 2; 
ttag +64 3; 
ttag +65 1; 
ttag +66 9; 
ttag +67 4; 
ttag +68 11; 
ttag +69 9; 
ttag +70 7; 
ttag +71 4; 
ttag +72 4; 
ttag +73 7; 
ttag +74 11; 
ttag +75 10; 
ttag +76 3; 
ttag +77 7; 
ttag +78 3; 
ttag +79 4; 
ttag +80 9; 
ttag +81 9; 
ttag +82 2; 
ttag +83 6; 
ttag +84 7; 
ttag +85 2; 
ttag +86 2; 
ttag +87 8; 
ttag +88 2; 
tread
'Tree with tags' 
(0 (((1 (((2 3 )((4 5 )(6 7 )))(8 (9 (10 (11 12 ))))))(13 14 ))(((15 16 )(17 (18 (19 ((20 21 )(24 (25 (22 23 ))))))))((26 (27 (28 (29 30 ))))((39 (31 (34 ((32 33 )(35 (36 (37 38 )))))))((40 41 )(42 (43 ((44 45 )(46 47 )))))))))); 
ttag *!; 
ttag +0 ////; 
ttag +1 ////; 
ttag +2 ////; 
ttag +3 ////; 
ttag +4 ////; 
ttag +5 ////; 
ttag +6 ////; 
ttag +7 ////; 
ttag +8 ////; 
ttag +9 ////; 
ttag +10 ////; 
ttag +11 ////; 
ttag +12 ////; 
ttag +13 ////; 
ttag +14 ////; 
ttag +15 ////; 
ttag +16 ////; 
ttag +17 ////; 
ttag +18 ////; 
ttag +19 ////; 
ttag +20 ////; 
ttag +21 ////; 
ttag +22 ////; 
ttag +23 ////; 
ttag +24 ////; 
ttag +25 ////; 
ttag +26 ////; 
ttag +27 ////; 
ttag +28 ////; 
ttag +29 ////; 
ttag +30 ////; 
ttag +31 ////; 
ttag +32 ////; 
ttag +33 ////; 
ttag +34 ////; 
ttag +35 ////; 
ttag +36 ////; 
ttag +37 ////; 
ttag +38 ////; 
ttag +39 ////; 
ttag +40 ////; 
ttag +41 ////; 
ttag +42 ////; 
ttag +43 ////; 
ttag +44 ////; 
ttag +45 ////; 
ttag +46 ////; 
ttag +47 ////; 
ttag +48 ////; 
ttag +49 82/80/62/81/66; 
ttag +50 50/48/36/49/33; 
ttag +51 100/100/100/100/100; 
ttag +52 100/100/100/100/99; 
ttag +53 34/18/12/16/15; 
ttag +54 99/99/99/100/99; 
ttag +55 99/99/99/99/99; 
ttag +56 98/98/92/97/94; 
ttag +57 55/40/34/44/24; 
ttag +58 10/[11]/?/?/?; 
ttag +59 24/[10]/?/?/?; 
ttag +60 95/94/89/98/92; 
ttag +61 100/100/100/100/99; 
ttag +62 98/98/95/98/98; 
ttag +63 100/100/99/100/99; 
ttag +64 66/58/39/62/36; 
ttag +65 41/28/28/35/17; 
ttag +66 87/86/77/79/75; 
ttag +67 81/77/68/80/67; 
ttag +68 63/50/38/37/34; 
ttag +69 100/100/100/100/100; 
ttag +70 91/88/82/90/76; 
ttag +71 100/100/100/100/100; 
ttag +72 25/1/?/?/?; 
ttag +73 99/99/96/99/96; 
ttag +74 99/99/97/99/99; 
ttag +75 83/77/69/77/58; 
ttag +76 91/88/78/90/80; 
ttag +77 99/99/96/100/97; 
ttag +78 100/100/100/100/100; 
ttag +79 100/100/97/99/98; 
ttag +80 82/78/62/81/65; 
ttag +81 98/98/97/99/97; 
ttag +82 92/90/82/90/84; 
ttag +83 37/1/?/?/?; 
ttag +84 97/96/87/93/84; 
ttag +85 0/[35]/?/?/?; 
ttag +86 98/98/98/100/98; 
ttag +87 100/100/100/100/100; 
ttag +88 63/55/46/68/40; 
ttag +89 99/99/96/99/97; 
ttag +90 98/98/95/98/92; 
ttag +91 80/70/62/78/62; 
ttag +92 68/62/54/75/63; 
ttag +93 98/98/98/100/100; 
ttag +94 80/77/65/76/64; 
