tread
'Tree with tags' 
(0 (((1 (((2 3 )(9 (8 ((4 5 )(6 7 )))))(10 (11 12 ))))((26 (27 (28 (29 30 ))))((39 (31 ((32 33 )(34 35 )(36 (37 38 )))))((40 41 )(42 (43 ((44 45 )(46 47 ))))))))((13 14 )((15 16 )(17 (18 (19 ((20 21 )((22 23 )(24 25 )))))))))); 
ttag *!; 
ttag +49 1; 
ttag +50 1; 
ttag +51 ???; 
ttag +52 10; 
ttag +53 1; 
ttag +54 9; 
ttag +55 5; 
ttag +56 8; 
ttag +57 1; 
ttag +58 1; 
ttag +59 1; 
ttag +60 7; 
ttag +61 8; 
ttag +62 12; 
ttag +63 1; 
ttag +64 10; 
ttag +65 2; 
ttag +66 2; 
ttag +67 9; 
ttag +68 3; 
ttag +69 7; 
ttag +70 5; 
ttag +71 7; 
ttag +72 6; 
ttag +73 9; 
ttag +74 3; 
ttag +75 2; 
ttag +76 3; 
ttag +77 2; 
ttag +78 13; 
ttag +79 6; 
ttag +80 2; 
ttag +81 3; 
ttag +82 3; 
ttag +83 4; 
ttag +84 3; 
ttag +85 6; 
ttag +86 6; 
ttag +87 6; 
ttag +88 7; 
ttag +89 4; 
ttag +90 4; 
ttag +91 9; 
ttag +92 7; 
ttag +93 4; 
tread
'Tree with tags' 
(0 (((1 (((2 3 )(9 (8 ((4 5 )(6 7 )))))(10 (11 12 ))))((26 (27 (28 (29 30 ))))((39 (31 (((32 33 )(36 (37 38 )))(34 35 ))))((40 41 )(42 (43 ((44 45 )(46 47 ))))))))((13 14 )((15 16 )(17 (18 (19 ((20 21 )((22 23 )(24 25 )))))))))); 
ttag *!; 
ttag +0 ////; 
ttag +1 ////; 
ttag +2 ////; 
ttag +3 ////; 
ttag +4 ////; 
ttag +5 ////; 
ttag +6 ////; 
ttag +7 ////; 
ttag +8 ////; 
ttag +9 ////; 
ttag +10 ////; 
ttag +11 ////; 
ttag +12 ////; 
ttag +13 ////; 
ttag +14 ////; 
ttag +15 ////; 
ttag +16 ////; 
ttag +17 ////; 
ttag +18 ////; 
ttag +19 ////; 
ttag +20 ////; 
ttag +21 ////; 
ttag +22 ////; 
ttag +23 ////; 
ttag +24 ////; 
ttag +25 ////; 
ttag +26 ////; 
ttag +27 ////; 
ttag +28 ////; 
ttag +29 ////; 
ttag +30 ////; 
ttag +31 ////; 
ttag +32 ////; 
ttag +33 ////; 
ttag +34 ////; 
ttag +35 ////; 
ttag +36 ////; 
ttag +37 ////; 
ttag +38 ////; 
ttag +39 ////; 
ttag +40 ////; 
ttag +41 ////; 
ttag +42 ////; 
ttag +43 ////; 
ttag +44 ////; 
ttag +45 ////; 
ttag +46 ////; 
ttag +47 ////; 
ttag +48 ////; 
ttag +49 23/[12]/?/?/?; 
ttag +50 5/[30]/?/?/?; 
ttag +51 100/100/100/100/100; 
ttag +52 100/100/99/99/98; 
ttag +53 39/1/9/2/7; 
ttag +54 99/99/98/100/99; 
ttag +55 98/98/91/98/97; 
ttag +56 99/99/94/99/96; 
ttag +57 6/[10]/?/?/?; 
ttag +58 18/2/?/2/?; 
ttag +59 50/24/10/26/25; 
ttag +60 96/95/95/99/94; 
ttag +61 99/99/98/98/96; 
ttag +62 100/100/100/100/100; 
ttag +63 26/2/?/2/1; 
ttag +64 100/100/99/100/99; 
ttag +65 76/66/60/72/63; 
ttag +66 72/68/54/67/62; 
ttag +67 99/99/98/98/96; 
ttag +68 80/70/63/75/59; 
ttag +69 100/100/100/99/100; 
ttag +70 98/98/92/96/95; 
ttag +71 100/100/97/99/99; 
ttag +72 97/96/90/97/95; 
ttag +73 100/100/100/100/100; 
ttag +74 89/87/83/82/80; 
ttag +75 66/58/59/68/63; 
ttag +76 84/82/73/80/73; 
ttag +77 75/65/62/64/62; 
ttag +78 100/100/100/100/99; 
ttag +79 98/98/95/99/96; 
ttag +80 62/40/39/40/42; 
ttag +81 88/84/79/86/77; 
ttag +82 87/86/86/92/86; 
ttag +83 36/1/?/5/6; 
ttag +84 98/97/88/95/92; 
ttag +85 91/90/83/91/85; 
ttag +86 98/98/97/98/96; 
ttag +87 99/99/98/100/99; 
ttag +88 92/89/79/94/79; 
ttag +89 99/99/98/100/97; 
ttag +90 95/93/85/90/82; 
ttag +91 93/93/83/91/82; 
ttag +92 99/98/100/100/98; 
ttag +93 98/98/87/95/88; 
ttag +94 98/98/93/98/97; 
