tread
'Tree with tags' 
(0 ((1 ((2 3 )(((4 5 )(6 7 ))((8 9 )(10 (11 12 ))))))((13 14 )(((15 16 )(17 (18 (19 ((20 21 )((22 23 )(24 25 )))))))((26 (27 (28 (29 30 ))))(39 ((31 (((32 33 )(34 35 ))(36 (37 38 ))))((40 41 )(42 (43 ((44 45 )(46 47 )))))))))))); 
ttag *!; 
ttag +49 1; 
ttag +50 ???; 
ttag +51 4; 
ttag +52 5; 
ttag +53 3; 
ttag +54 6; 
ttag +55 1; 
ttag +56 1; 
ttag +57 2; 
ttag +58 3; 
ttag +59 2; 
ttag +60 4; 
ttag +61 4; 
ttag +62 1; 
ttag +63 9; 
ttag +64 9; 
ttag +65 1; 
ttag +66 6; 
ttag +67 4; 
ttag +68 1; 
ttag +69 4; 
ttag +70 3; 
ttag +71 3; 
ttag +72 10; 
ttag +73 4; 
ttag +74 4; 
ttag +75 7; 
ttag +76 2; 
ttag +77 8; 
ttag +78 10; 
ttag +79 8; 
ttag +80 1; 
ttag +81 4; 
ttag +82 2; 
ttag +83 1; 
ttag +84 5; 
ttag +85 2; 
ttag +86 10; 
ttag +87 10; 
ttag +88 4; 
ttag +89 6; 
ttag +90 5; 
ttag +91 2; 
ttag +92 4; 
ttag +93 10; 
ttag +94 5; 
tread
'Tree with tags' 
(0 ((1 ((2 3 )(((4 5 )(6 7 ))((8 9 )(10 (11 12 ))))))((13 14 )(((15 16 )(17 (18 (19 ((20 21 )((22 23 )(24 25 )))))))((26 (27 (28 (29 30 ))))(39 ((31 (((32 33 )(34 35 ))(36 (37 38 ))))((40 41 )(42 (43 ((44 45 )(46 47 )))))))))))); 
ttag *!; 
ttag +0 ////; 
ttag +1 ////; 
ttag +2 ////; 
ttag +3 ////; 
ttag +4 ////; 
ttag +5 ////; 
ttag +6 ////; 
ttag +7 ////; 
ttag +8 ////; 
ttag +9 ////; 
ttag +10 ////; 
ttag +11 ////; 
ttag +12 ////; 
ttag +13 ////; 
ttag +14 ////; 
ttag +15 ////; 
ttag +16 ////; 
ttag +17 ////; 
ttag +18 ////; 
ttag +19 ////; 
ttag +20 ////; 
ttag +21 ////; 
ttag +22 ////; 
ttag +23 ////; 
ttag +24 ////; 
ttag +25 ////; 
ttag +26 ////; 
ttag +27 ////; 
ttag +28 ////; 
ttag +29 ////; 
ttag +30 ////; 
ttag +31 ////; 
ttag +32 ////; 
ttag +33 ////; 
ttag +34 ////; 
ttag +35 ////; 
ttag +36 ////; 
ttag +37 ////; 
ttag +38 ////; 
ttag +39 ////; 
ttag +40 ////; 
ttag +41 ////; 
ttag +42 ////; 
ttag +43 ////; 
ttag +44 ////; 
ttag +45 ////; 
ttag +46 ////; 
ttag +47 ////; 
ttag +48 ////; 
ttag +49 33/8/10/12/6; 
ttag +50 100/100/100/100/100; 
ttag +51 93/92/83/92/82; 
ttag +52 96/94/83/91/84; 
ttag +53 82/78/70/76/79; 
ttag +54 99/98/91/96/91; 
ttag +55 66/48/40/44/42; 
ttag +56 49/23/7/28/27; 
ttag +57 68/62/54/64/59; 
ttag +58 84/81/81/84/78; 
ttag +59 74/60/67/66/56; 
ttag +60 95/94/90/94/85; 
ttag +61 93/91/86/90/86; 
ttag +62 30/4/9/15/4; 
ttag +63 100/100/98/99/99; 
ttag +64 100/100/99/99/97; 
ttag +65 34/[1]/4/4/?; 
ttag +66 95/94/87/94/89; 
ttag +67 88/87/84/96/86; 
ttag +68 61/41/28/24/31; 
ttag +69 98/97/96/98/93; 
ttag +70 85/81/72/86/70; 
ttag +71 86/83/82/86/81; 
ttag +72 100/100/100/100/99; 
ttag +73 88/81/76/86/72; 
ttag +74 95/93/81/90/88; 
ttag +75 99/99/100/100/97; 
ttag +76 65/58/50/65/57; 
ttag +77 99/99/99/99/98; 
ttag +78 100/100/100/100/100; 
ttag +79 99/98/98/99/96; 
ttag +80 52/48/48/53/45; 
ttag +81 80/71/70/74/60; 
ttag +82 80/74/53/65/62; 
ttag +83 42/25/11/29/18; 
ttag +84 97/97/92/98/87; 
ttag +85 88/82/70/80/86; 
ttag +86 100/100/100/100/100; 
ttag +87 100/100/100/100/99; 
ttag +88 92/90/82/90/86; 
ttag +89 98/98/93/96/92; 
ttag +90 96/94/93/96/89; 
ttag +91 72/56/51/60/47; 
ttag +92 96/94/80/93/82; 
ttag +93 100/100/100/100/100; 
ttag +94 96/95/91/97/92; 
