tread
'Tree with tags' 
(0 ((1 ((13 14 )(((15 16 )(17 (18 (19 ((20 21 )((22 23 )(24 25 )))))))((26 (27 (28 (29 30 ))))((39 (31 ((32 33 )(34 35 )(36 (37 38 )))))((40 41 )(42 (43 ((44 45 )(46 47 ))))))))))((2 3 )(((4 5 )(6 7 ))((8 9 )(10 (11 12 ))))))); 
ttag *!; 
ttag +49 1; 
ttag +50 ???; 
ttag +51 10; 
ttag +52 6; 
ttag +53 6; 
ttag +54 4; 
ttag +55 3; 
ttag +56 1; 
ttag +57 1; 
ttag +58 1; 
ttag +59 1; 
ttag +60 8; 
ttag +61 10; 
ttag +62 1; 
ttag +63 11; 
ttag +64 4; 
ttag +65 1; 
ttag +66 1; 
ttag +67 7; 
ttag +68 1; 
ttag +69 7; 
ttag +70 7; 
ttag +71 7; 
ttag +72 7; 
ttag +73 2; 
ttag +74 5; 
ttag +75 8; 
ttag +76 1; 
ttag +77 4; 
ttag +78 13; 
ttag +79 8; 
ttag +80 1; 
ttag +81 2; 
ttag +82 6; 
ttag +83 3; 
ttag +84 5; 
ttag +85 10; 
ttag +86 3; 
ttag +87 5; 
ttag +88 5; 
ttag +89 8; 
ttag +90 4; 
ttag +91 9; 
ttag +92 7; 
ttag +93 9; 
tread
'Tree with tags' 
(0 ((1 ((13 14 )(((15 16 )(17 (18 (19 ((20 21 )((22 23 )(24 25 )))))))((26 (27 (28 (29 30 ))))((39 (31 ((32 33 )((34 35 )(36 (37 38 ))))))((40 41 )(42 (43 ((44 45 )(46 47 ))))))))))((2 3 )(((4 5 )(6 7 ))((8 9 )(10 (11 12 ))))))); 
ttag *!; 
ttag +0 ////; 
ttag +1 ////; 
ttag +2 ////; 
ttag +3 ////; 
ttag +4 ////; 
ttag +5 ////; 
ttag +6 ////; 
ttag +7 ////; 
ttag +8 ////; 
ttag +9 ////; 
ttag +10 ////; 
ttag +11 ////; 
ttag +12 ////; 
ttag +13 ////; 
ttag +14 ////; 
ttag +15 ////; 
ttag +16 ////; 
ttag +17 ////; 
ttag +18 ////; 
ttag +19 ////; 
ttag +20 ////; 
ttag +21 ////; 
ttag +22 ////; 
ttag +23 ////; 
ttag +24 ////; 
ttag +25 ////; 
ttag +26 ////; 
ttag +27 ////; 
ttag +28 ////; 
ttag +29 ////; 
ttag +30 ////; 
ttag +31 ////; 
ttag +32 ////; 
ttag +33 ////; 
ttag +34 ////; 
ttag +35 ////; 
ttag +36 ////; 
ttag +37 ////; 
ttag +38 ////; 
ttag +39 ////; 
ttag +40 ////; 
ttag +41 ////; 
ttag +42 ////; 
ttag +43 ////; 
ttag +44 ////; 
ttag +45 ////; 
ttag +46 ////; 
ttag +47 ////; 
ttag +48 ////; 
ttag +49 22/[12]/?/?/?; 
ttag +50 100/100/100/100/100; 
ttag +51 99/99/98/100/96; 
ttag +52 98/97/94/95/94; 
ttag +53 96/96/92/97/92; 
ttag +54 92/91/82/86/78; 
ttag +55 90/86/70/77/80; 
ttag +56 58/38/26/44/34; 
ttag +57 28/[10]/2/?/?; 
ttag +58 27/[18]/?/?/?; 
ttag +59 42/17/16/22/21; 
ttag +60 100/100/99/100/98; 
ttag +61 99/99/100/100/100; 
ttag +62 39/5/14/15/18; 
ttag +63 100/100/100/100/100; 
ttag +64 97/97/91/96/86; 
ttag +65 31/[2]/6/10/13; 
ttag +66 58/39/36/43/25; 
ttag +67 98/98/96/99/96; 
ttag +68 44/28/25/30/21; 
ttag +69 100/100/99/99/99; 
ttag +70 100/100/98/100/98; 
ttag +71 99/99/98/98/93; 
ttag +72 99/99/97/100/98; 
ttag +73 55/43/40/58/53; 
ttag +74 98/98/92/98/92; 
ttag +75 98/98/95/99/96; 
ttag +76 72/59/59/59/56; 
ttag +77 91/89/82/91/77; 
ttag +78 100/100/99/100/100; 
ttag +79 98/98/91/94/94; 
ttag +80 58/44/46/44/40; 
ttag +81 73/66/61/70/55; 
ttag +82 98/98/94/97/96; 
ttag +83 87/83/66/83/64; 
ttag +84 96/94/97/96/95; 
ttag +85 31/[3]/6/1/2; 
ttag +86 100/100/100/100/100; 
ttag +87 91/86/75/82/62; 
ttag +88 97/97/88/98/88; 
ttag +89 99/99/94/99/96; 
ttag +90 99/99/98/99/97; 
ttag +91 93/90/76/93/77; 
ttag +92 99/99/100/100/98; 
ttag +93 99/98/96/98/98; 
ttag +94 99/99/100/100/99; 
