tread
'Tree with tags' 
(0 (1 ((2 3 )((6 (7 (4 5 )))((8 9 )(10 (11 12 )))))(13 14 )(17 (15 16 )((18 19 )((20 21 )((22 23 )(24 25 )))))((26 (27 (28 (29 30 ))))(39 (31 ((32 33 )((34 35 )(36 (37 38 )))))(41 (40 (42 (43 ((44 45 )(46 47 )))))))))); 
ttag *!; 
ttag +49 ???; 
ttag +50 5; 
ttag +51 3; 
ttag +52 6; 
ttag +53 4; 
ttag +54 5; 
ttag +55 3; 
ttag +56 3; 
ttag +57 7; 
ttag +58 8; 
ttag +59 13; 
ttag +60 9; 
ttag +61 14; 
ttag +62 3; 
ttag +63 1; 
ttag +64 3; 
ttag +65 4; 
ttag +66 4; 
ttag +67 8; 
ttag +68 7; 
ttag +69 7; 
ttag +70 6; 
ttag +71 3; 
ttag +72 2; 
ttag +73 6; 
ttag +74 12; 
ttag +75 4; 
ttag +76 4; 
ttag +77 3; 
ttag +78 6; 
ttag +79 3; 
ttag +80 3; 
ttag +81 14; 
ttag +82 5; 
ttag +83 2; 
ttag +84 7; 
ttag +85 4; 
ttag +86 5; 
ttag +87 9; 
ttag +88 1; 
ttag +89 4; 
tread
'Tree with tags' 
(0 (1 (((2 3 )((6 (7 (4 5 )))((8 9 )(10 (11 12 )))))(((13 14 )((15 16 )(17 ((18 19 )((20 21 )((22 23 )(24 25 )))))))((26 (27 (28 (29 30 ))))(39 ((31 ((32 33 )((34 35 )(36 (37 38 )))))(41 (40 (42 (43 ((44 45 )(46 47 ))))))))))))); 
ttag *!; 
ttag +0 ////; 
ttag +1 ////; 
ttag +2 ////; 
ttag +3 ////; 
ttag +4 ////; 
ttag +5 ////; 
ttag +6 ////; 
ttag +7 ////; 
ttag +8 ////; 
ttag +9 ////; 
ttag +10 ////; 
ttag +11 ////; 
ttag +12 ////; 
ttag +13 ////; 
ttag +14 ////; 
ttag +15 ////; 
ttag +16 ////; 
ttag +17 ////; 
ttag +18 ////; 
ttag +19 ////; 
ttag +20 ////; 
ttag +21 ////; 
ttag +22 ////; 
ttag +23 ////; 
ttag +24 ////; 
ttag +25 ////; 
ttag +26 ////; 
ttag +27 ////; 
ttag +28 ////; 
ttag +29 ////; 
ttag +30 ////; 
ttag +31 ////; 
ttag +32 ////; 
ttag +33 ////; 
ttag +34 ////; 
ttag +35 ////; 
ttag +36 ////; 
ttag +37 ////; 
ttag +38 ////; 
ttag +39 ////; 
ttag +40 ////; 
ttag +41 ////; 
ttag +42 ////; 
ttag +43 ////; 
ttag +44 ////; 
ttag +45 ////; 
ttag +46 ////; 
ttag +47 ////; 
ttag +48 ////; 
ttag +49 100/100/100/100/100; 
ttag +50 99/99/98/98/97; 
ttag +51 93/92/88/90/89; 
ttag +52 18/[1]/?/?/2; 
ttag +53 99/98/96/100/96; 
ttag +54 90/86/84/90/77; 
ttag +55 97/96/87/95/91; 
ttag +56 93/90/77/85/82; 
ttag +57 94/94/92/94/92; 
ttag +58 99/99/96/98/92; 
ttag +59 100/100/100/100/100; 
ttag +60 100/100/100/100/100; 
ttag +61 100/100/99/100/99; 
ttag +62 18/[7]/?/4/?; 
ttag +63 20/0/?/?/4; 
ttag +64 100/100/100/100/100; 
ttag +65 88/86/77/87/77; 
ttag +66 40/21/11/17/19; 
ttag +67 40/23/20/29/31; 
ttag +68 84/80/70/84/73; 
ttag +69 98/98/98/98/99; 
ttag +70 81/78/72/84/82; 
ttag +71 100/100/100/99/98; 
ttag +72 99/98/97/100/98; 
ttag +73 99/99/98/99/98; 
ttag +74 99/99/97/99/97; 
ttag +75 85/81/68/81/72; 
ttag +76 78/74/68/75/72; 
ttag +77 100/100/98/99/97; 
ttag +78 100/100/100/100/100; 
ttag +79 93/92/87/92/84; 
ttag +80 20/[2]/?/1/?; 
ttag +81 92/89/82/92/81; 
ttag +82 95/95/92/92/92; 
ttag +83 97/96/92/97/92; 
ttag +84 95/95/95/94/96; 
ttag +85 87/82/66/79/62; 
ttag +86 100/100/100/100/100; 
ttag +87 95/92/87/96/86; 
ttag +88 74/61/51/65/45; 
ttag +89 98/98/98/99/94; 
ttag +90 89/86/80/88/78; 
ttag +91 96/95/90/98/92; 
ttag +92 100/100/99/100/99; 
ttag +93 55/41/41/49/44; 
ttag +94 99/99/96/98/98; 
