tread
'Tree with tags' 
(0 (((1 ((26 (27 (28 (29 30 ))))((39 (31 ((32 33 )(34 35 )(36 (37 38 )))))((40 41 )(42 (43 (44 45 (46 47 ))))))))(17 (18 19 (15 16 )(20 21 )(24 25 (22 23 )))))(((2 3 )(9 (8 (((4 5 )(6 7 ))(10 (11 12 ))))))(13 14 )))); 
ttag *!; 
ttag +49 1; 
ttag +50 1; 
ttag +51 ???; 
ttag +52 3; 
ttag +53 8; 
ttag +54 2; 
ttag +55 5; 
ttag +56 8; 
ttag +57 1; 
ttag +58 1; 
ttag +59 3; 
ttag +60 1; 
ttag +61 3; 
ttag +62 8; 
ttag +63 13; 
ttag +64 5; 
ttag +65 2; 
ttag +66 5; 
ttag +67 9; 
ttag +68 7; 
ttag +69 10; 
ttag +70 5; 
ttag +71 10; 
ttag +72 3; 
ttag +73 9; 
ttag +74 5; 
ttag +75 5; 
ttag +76 2; 
ttag +77 8; 
ttag +78 8; 
ttag +79 8; 
ttag +80 3; 
ttag +81 9; 
ttag +82 6; 
ttag +83 1; 
ttag +84 10; 
ttag +85 6; 
ttag +86 1; 
ttag +87 2; 
ttag +88 5; 
tread
'Tree with tags' 
(0 (((1 ((26 (27 (28 (29 30 ))))((39 (31 (((32 33 )(36 (37 38 )))(34 35 ))))((40 41 )(42 (43 (45 (44 (46 47 )))))))))(17 (18 (19 (((15 16 )((22 23 )(24 25 )))(20 21 ))))))(((2 3 )(9 (8 (((4 5 )(6 7 ))(10 (11 12 ))))))(13 14 )))); 
ttag *!; 
ttag +0 ////; 
ttag +1 ////; 
ttag +2 ////; 
ttag +3 ////; 
ttag +4 ////; 
ttag +5 ////; 
ttag +6 ////; 
ttag +7 ////; 
ttag +8 ////; 
ttag +9 ////; 
ttag +10 ////; 
ttag +11 ////; 
ttag +12 ////; 
ttag +13 ////; 
ttag +14 ////; 
ttag +15 ////; 
ttag +16 ////; 
ttag +17 ////; 
ttag +18 ////; 
ttag +19 ////; 
ttag +20 ////; 
ttag +21 ////; 
ttag +22 ////; 
ttag +23 ////; 
ttag +24 ////; 
ttag +25 ////; 
ttag +26 ////; 
ttag +27 ////; 
ttag +28 ////; 
ttag +29 ////; 
ttag +30 ////; 
ttag +31 ////; 
ttag +32 ////; 
ttag +33 ////; 
ttag +34 ////; 
ttag +35 ////; 
ttag +36 ////; 
ttag +37 ////; 
ttag +38 ////; 
ttag +39 ////; 
ttag +40 ////; 
ttag +41 ////; 
ttag +42 ////; 
ttag +43 ////; 
ttag +44 ////; 
ttag +45 ////; 
ttag +46 ////; 
ttag +47 ////; 
ttag +48 ////; 
ttag +49 57/52/44/48/45; 
ttag +50 18/0/?/3/?; 
ttag +51 100/100/100/100/100; 
ttag +52 84/80/80/86/83; 
ttag +53 99/98/98/98/92; 
ttag +54 46/32/24/35/28; 
ttag +55 97/97/95/96/96; 
ttag +56 94/92/92/98/87; 
ttag +57 16/[5]/?/?/?; 
ttag +58 18/[4]/?/1/?; 
ttag +59 56/34/32/42/39; 
ttag +60 56/31/28/37/18; 
ttag +61 81/74/66/77/63; 
ttag +62 98/98/89/97/91; 
ttag +63 100/100/100/100/99; 
ttag +64 96/94/88/93/88; 
ttag +65 19/[11]/?/?/?; 
ttag +66 21/[8]/?/?/1; 
ttag +67 19/[10]/?/?/?; 
ttag +68 56/42/37/44/35; 
ttag +69 82/78/79/80/77; 
ttag +70 100/100/100/100/100; 
ttag +71 100/100/100/100/98; 
ttag +72 99/99/99/100/99; 
ttag +73 35/6/13/17/14; 
ttag +74 88/83/76/87/76; 
ttag +75 100/100/98/100/99; 
ttag +76 92/90/84/90/82; 
ttag +77 100/100/98/100/99; 
ttag +78 98/98/92/96/92; 
ttag +79 96/95/90/97/90; 
ttag +80 60/45/41/48/31; 
ttag +81 99/99/98/98/98; 
ttag +82 100/100/99/100/99; 
ttag +83 34/1/?/2/?; 
ttag +84 99/99/96/100/97; 
ttag +85 97/97/96/96/92; 
ttag +86 100/100/98/100/98; 
ttag +87 98/97/98/99/97; 
ttag +88 50/34/20/34/21; 
ttag +89 100/100/100/100/100; 
ttag +90 98/97/91/96/92; 
ttag +91 54/28/29/23/15; 
ttag +92 44/6/18/11/12; 
ttag +93 76/67/54/58/49; 
ttag +94 96/96/91/96/91; 
