tread
'Tree with tags' 
(0 ((((1 ((2 3 )((((4 5 )(6 7 ))(10 (11 12 )))(8 9 ))))((15 16 )(17 (18 (19 ((20 21 )((22 23 )(24 25 ))))))))((26 (27 (28 (29 30 ))))(39 ((31 ((32 33 )(34 35 )(36 (37 38 ))))((40 41 )(42 (43 ((44 45 )(46 47 )))))))))(13 14 ))); 
ttag *!; 
ttag +49 1; 
ttag +50 1; 
ttag +51 1; 
ttag +52 ???; 
ttag +53 7; 
ttag +54 6; 
ttag +55 9; 
ttag +56 5; 
ttag +57 2; 
ttag +58 1; 
ttag +59 1; 
ttag +60 4; 
ttag +61 4; 
ttag +62 7; 
ttag +63 8; 
ttag +64 8; 
ttag +65 2; 
ttag +66 3; 
ttag +67 4; 
ttag +68 3; 
ttag +69 4; 
ttag +70 8; 
ttag +71 2; 
ttag +72 7; 
ttag +73 5; 
ttag +74 7; 
ttag +75 6; 
ttag +76 1; 
ttag +77 4; 
ttag +78 7; 
ttag +79 3; 
ttag +80 2; 
ttag +81 4; 
ttag +82 7; 
ttag +83 6; 
ttag +84 2; 
ttag +85 5; 
ttag +86 10; 
ttag +87 7; 
ttag +88 4; 
ttag +89 6; 
ttag +90 5; 
ttag +91 3; 
ttag +92 4; 
ttag +93 1; 
tread
'Tree with tags' 
(0 ((((1 ((2 3 )((((4 5 )(6 7 ))(10 (11 12 )))(8 9 ))))((15 16 )(17 (18 (19 ((20 21 )((22 23 )(24 25 ))))))))((26 (27 (28 (29 30 ))))(39 ((31 ((32 33 )((34 35 )(36 (37 38 )))))((40 41 )(42 (43 ((44 45 )(46 47 )))))))))(13 14 ))); 
ttag *!; 
ttag +0 ////; 
ttag +1 ////; 
ttag +2 ////; 
ttag +3 ////; 
ttag +4 ////; 
ttag +5 ////; 
ttag +6 ////; 
ttag +7 ////; 
ttag +8 ////; 
ttag +9 ////; 
ttag +10 ////; 
ttag +11 ////; 
ttag +12 ////; 
ttag +13 ////; 
ttag +14 ////; 
ttag +15 ////; 
ttag +16 ////; 
ttag +17 ////; 
ttag +18 ////; 
ttag +19 ////; 
ttag +20 ////; 
ttag +21 ////; 
ttag +22 ////; 
ttag +23 ////; 
ttag +24 ////; 
ttag +25 ////; 
ttag +26 ////; 
ttag +27 ////; 
ttag +28 ////; 
ttag +29 ////; 
ttag +30 ////; 
ttag +31 ////; 
ttag +32 ////; 
ttag +33 ////; 
ttag +34 ////; 
ttag +35 ////; 
ttag +36 ////; 
ttag +37 ////; 
ttag +38 ////; 
ttag +39 ////; 
ttag +40 ////; 
ttag +41 ////; 
ttag +42 ////; 
ttag +43 ////; 
ttag +44 ////; 
ttag +45 ////; 
ttag +46 ////; 
ttag +47 ////; 
ttag +48 ////; 
ttag +49 14/[14]/?/?/?; 
ttag +50 28/6/0/?/?; 
ttag +51 21/0/3/?/?; 
ttag +52 100/100/100/100/100; 
ttag +53 98/98/99/100/98; 
ttag +54 98/98/90/97/97; 
ttag +55 99/99/98/99/97; 
ttag +56 92/90/77/87/80; 
ttag +57 55/44/24/28/25; 
ttag +58 49/26/12/10/9; 
ttag +59 42/27/13/22/12; 
ttag +60 73/69/55/76/54; 
ttag +61 87/84/70/84/64; 
ttag +62 99/98/95/99/95; 
ttag +63 100/100/99/99/100; 
ttag +64 100/100/98/100/100; 
ttag +65 61/56/40/60/43; 
ttag +66 76/71/54/74/64; 
ttag +67 90/88/70/85/74; 
ttag +68 87/86/68/81/71; 
ttag +69 99/99/99/98/99; 
ttag +70 100/100/96/100/98; 
ttag +71 75/65/64/78/71; 
ttag +72 99/98/97/98/98; 
ttag +73 97/96/90/97/89; 
ttag +74 98/98/99/98/98; 
ttag +75 90/86/80/90/81; 
ttag +76 72/69/71/55/66; 
ttag +77 95/92/86/85/85; 
ttag +78 100/100/95/96/95; 
ttag +79 86/84/76/86/79; 
ttag +80 54/42/34/48/32; 
ttag +81 88/86/80/93/78; 
ttag +82 99/99/99/99/98; 
ttag +83 96/96/90/98/90; 
ttag +84 80/74/62/79/68; 
ttag +85 0/[5]/?/?/?; 
ttag +86 98/97/93/98/94; 
ttag +87 100/100/100/100/100; 
ttag +88 98/98/98/99/93; 
ttag +89 90/89/85/93/85; 
ttag +90 97/97/92/99/93; 
ttag +91 92/90/86/96/86; 
ttag +92 86/80/67/82/70; 
ttag +93 96/96/91/95/89; 
ttag +94 52/33/31/44/28; 
