tread
'Tree with tags' 
(0 (1 ((2 3 )((6 7 (4 5 ))(8 9 (10 (11 12 )))))(13 14 )((15 16 )(17 (18 (19 ((20 21 )((22 23 )(24 25 )))))))((26 (27 (28 (29 30 ))))((39 (31 ((32 33 )((34 35 )(36 (37 38 ))))))(40 41 (42 (43 ((44 45 )(46 47 ))))))))); 
ttag *!; 
ttag +49 ???; 
ttag +50 7; 
ttag +51 10; 
ttag +52 8; 
ttag +53 4; 
ttag +54 2; 
ttag +55 2; 
ttag +56 3; 
ttag +57 5; 
ttag +58 6; 
ttag +59 6; 
ttag +60 8; 
ttag +61 3; 
ttag +62 5; 
ttag +63 2; 
ttag +64 12; 
ttag +65 4; 
ttag +66 5; 
ttag +67 11; 
ttag +68 7; 
ttag +69 6; 
ttag +70 3; 
ttag +71 3; 
ttag +72 2; 
ttag +73 13; 
ttag +74 4; 
ttag +75 1; 
ttag +76 8; 
ttag +77 5; 
ttag +78 3; 
ttag +79 7; 
ttag +80 2; 
ttag +81 5; 
ttag +82 11; 
ttag +83 5; 
ttag +84 11; 
ttag +85 4; 
ttag +86 11; 
ttag +87 9; 
ttag +88 4; 
tread
'Tree with tags' 
(0 ((1 (((2 3 )((7 (6 (4 5 )))(8 (9 (10 (11 12 ))))))(13 14 )))(((15 16 )(17 (18 (19 ((20 21 )((22 23 )(24 25 )))))))((26 (27 (28 (29 30 ))))((39 (31 ((32 33 )((34 35 )(36 (37 38 ))))))(40 (41 (42 (43 ((44 45 )(46 47 ))))))))))); 
ttag *!; 
ttag +0 ////; 
ttag +1 ////; 
ttag +2 ////; 
ttag +3 ////; 
ttag +4 ////; 
ttag +5 ////; 
ttag +6 ////; 
ttag +7 ////; 
ttag +8 ////; 
ttag +9 ////; 
ttag +10 ////; 
ttag +11 ////; 
ttag +12 ////; 
ttag +13 ////; 
ttag +14 ////; 
ttag +15 ////; 
ttag +16 ////; 
ttag +17 ////; 
ttag +18 ////; 
ttag +19 ////; 
ttag +20 ////; 
ttag +21 ////; 
ttag +22 ////; 
ttag +23 ////; 
ttag +24 ////; 
ttag +25 ////; 
ttag +26 ////; 
ttag +27 ////; 
ttag +28 ////; 
ttag +29 ////; 
ttag +30 ////; 
ttag +31 ////; 
ttag +32 ////; 
ttag +33 ////; 
ttag +34 ////; 
ttag +35 ////; 
ttag +36 ////; 
ttag +37 ////; 
ttag +38 ////; 
ttag +39 ////; 
ttag +40 ////; 
ttag +41 ////; 
ttag +42 ////; 
ttag +43 ////; 
ttag +44 ////; 
ttag +45 ////; 
ttag +46 ////; 
ttag +47 ////; 
ttag +48 ////; 
ttag +49 16/[1]/?/?/?; 
ttag +50 100/100/100/100/100; 
ttag +51 100/100/99/99/100; 
ttag +52 99/99/98/100/98; 
ttag +53 12/[4]/?/?/?; 
ttag +54 99/98/99/100/99; 
ttag +55 33/[2]/?/?/2; 
ttag +56 97/97/93/96/92; 
ttag +57 92/90/84/86/84; 
ttag +58 84/79/75/76/72; 
ttag +59 23/[26]/?/?/?; 
ttag +60 79/74/74/80/62; 
ttag +61 96/94/92/96/94; 
ttag +62 100/100/99/100/100; 
ttag +63 98/98/94/98/95; 
ttag +64 98/98/96/99/96; 
ttag +65 15/[2]/?/?/?; 
ttag +66 90/87/80/84/77; 
ttag +67 96/95/88/95/90; 
ttag +68 77/74/55/76/58; 
ttag +69 100/100/100/100/100; 
ttag +70 94/92/82/90/78; 
ttag +71 96/96/89/96/90; 
ttag +72 100/100/100/100/100; 
ttag +73 98/98/94/99/97; 
ttag +74 98/97/94/98/95; 
ttag +75 80/76/58/80/58; 
ttag +76 86/84/70/86/79; 
ttag +77 66/60/39/59/52; 
ttag +78 100/100/99/100/100; 
ttag +79 94/92/83/91/84; 
ttag +80 48/32/29/30/30; 
ttag +81 100/100/98/99/99; 
ttag +82 98/97/94/99/97; 
ttag +83 92/88/84/89/84; 
ttag +84 100/100/100/100/99; 
ttag +85 78/67/68/70/70; 
ttag +86 98/98/94/98/91; 
ttag +87 100/100/100/100/100; 
ttag +88 99/98/96/99/95; 
ttag +89 40/[1]/7/9/6; 
ttag +90 100/100/100/100/100; 
ttag +91 96/96/89/96/86; 
ttag +92 100/100/99/100/100; 
ttag +93 100/100/100/100/100; 
ttag +94 96/94/83/95/88; 
