tread
'Tree with tags' 
(0 ((1 (((13 14 )((26 (27 (28 (29 30 ))))(39 (31 (32 33 )(34 35 )(36 (37 38 )))((40 41 )(42 (43 ((44 45 )(46 47 ))))))))(17 (15 16 )(18 (19 ((20 21 )(24 (25 (22 23 )))))))))((9 (2 3 ))(8 (((4 5 )(6 7 ))(10 (11 12 ))))))); 
ttag *!; 
ttag +49 1; 
ttag +50 ???; 
ttag +51 9; 
ttag +52 1; 
ttag +53 8; 
ttag +54 4; 
ttag +55 10; 
ttag +56 1; 
ttag +57 3; 
ttag +58 2; 
ttag +59 4; 
ttag +60 3; 
ttag +61 7; 
ttag +62 1; 
ttag +63 2; 
ttag +64 8; 
ttag +65 6; 
ttag +66 4; 
ttag +67 5; 
ttag +68 7; 
ttag +69 4; 
ttag +70 6; 
ttag +71 1; 
ttag +72 10; 
ttag +73 9; 
ttag +74 5; 
ttag +75 2; 
ttag +76 1; 
ttag +77 9; 
ttag +78 1; 
ttag +79 3; 
ttag +80 7; 
ttag +81 3; 
ttag +82 7; 
ttag +83 4; 
ttag +84 3; 
ttag +85 1; 
ttag +86 9; 
ttag +87 5; 
ttag +88 6; 
ttag +89 5; 
ttag +90 4; 
tread
'Tree with tags' 
(0 ((1 (((13 14 )((26 (27 (28 (29 30 ))))((39 (31 ((32 33 )((34 35 )(36 (37 38 ))))))((40 41 )(42 (43 ((44 45 )(46 47 ))))))))((15 16 )(17 (18 (19 ((20 21 )(24 (25 (22 23 ))))))))))((9 (2 3 ))(8 (((4 5 )(6 7 ))(10 (11 12 ))))))); 
ttag *!; 
ttag +0 ////; 
ttag +1 ////; 
ttag +2 ////; 
ttag +3 ////; 
ttag +4 ////; 
ttag +5 ////; 
ttag +6 ////; 
ttag +7 ////; 
ttag +8 ////; 
ttag +9 ////; 
ttag +10 ////; 
ttag +11 ////; 
ttag +12 ////; 
ttag +13 ////; 
ttag +14 ////; 
ttag +15 ////; 
ttag +16 ////; 
ttag +17 ////; 
ttag +18 ////; 
ttag +19 ////; 
ttag +20 ////; 
ttag +21 ////; 
ttag +22 ////; 
ttag +23 ////; 
ttag +24 ////; 
ttag +25 ////; 
ttag +26 ////; 
ttag +27 ////; 
ttag +28 ////; 
ttag +29 ////; 
ttag +30 ////; 
ttag +31 ////; 
ttag +32 ////; 
ttag +33 ////; 
ttag +34 ////; 
ttag +35 ////; 
ttag +36 ////; 
ttag +37 ////; 
ttag +38 ////; 
ttag +39 ////; 
ttag +40 ////; 
ttag +41 ////; 
ttag +42 ////; 
ttag +43 ////; 
ttag +44 ////; 
ttag +45 ////; 
ttag +46 ////; 
ttag +47 ////; 
ttag +48 ////; 
ttag +49 53/33/26/29/26; 
ttag +50 100/100/100/100/100; 
ttag +51 100/100/99/100/99; 
ttag +52 46/30/20/38/30; 
ttag +53 100/100/97/98/96; 
ttag +54 95/94/84/93/82; 
ttag +55 100/100/99/100/98; 
ttag +56 39/32/24/42/31; 
ttag +57 67/51/40/67/53; 
ttag +58 80/74/65/78/52; 
ttag +59 84/82/76/89/76; 
ttag +60 82/71/61/65/55; 
ttag +61 100/100/100/99/99; 
ttag +62 50/39/21/42/33; 
ttag +63 54/48/34/48/38; 
ttag +64 100/100/99/100/100; 
ttag +65 98/98/98/98/94; 
ttag +66 42/8/?/1/5; 
ttag +67 93/93/77/90/82; 
ttag +68 98/98/96/98/96; 
ttag +69 98/98/96/99/98; 
ttag +70 92/90/87/93/91; 
ttag +71 94/92/92/95/88; 
ttag +72 56/32/21/30/22; 
ttag +73 100/100/100/100/100; 
ttag +74 100/100/98/99/97; 
ttag +75 97/97/92/95/92; 
ttag +76 51/42/35/52/43; 
ttag +77 45/34/35/44/37; 
ttag +78 100/100/99/100/99; 
ttag +79 57/41/43/43/48; 
ttag +80 18/[8]/?/?/?; 
ttag +81 78/70/60/74/62; 
ttag +82 99/99/99/99/99; 
ttag +83 25/[18]/?/?/?; 
ttag +84 97/97/87/92/85; 
ttag +85 8/[48]/?/?/?; 
ttag +86 97/96/94/95/94; 
ttag +87 98/97/93/96/92; 
ttag +88 85/80/71/81/74; 
ttag +89 52/26/30/31/26; 
ttag +90 100/100/98/99/98; 
ttag +91 96/95/93/97/90; 
ttag +92 97/96/91/95/91; 
ttag +93 98/97/90/96/91; 
ttag +94 96/96/90/96/93; 
