tread
'Tree with tags' 
(0 ((1 ((2 3 )(((4 5 )(6 7 ))((8 9 )(10 (11 12 ))))))((13 14 )(17 (15 16 )(18 (19 ((20 21 )((22 23 )(24 25 ))))))((26 (27 (28 (29 30 ))))((31 (33 (32 ((34 35 )(36 (37 38 ))))))(39 ((40 41 )(42 (43 (46 47 (44 45 ))))))))))); 
ttag *!; 
ttag +49 3; 
ttag +50 ???; 
ttag +51 4; 
ttag +52 7; 
ttag +53 6; 
ttag +54 4; 
ttag +55 3; 
ttag +56 2; 
ttag +57 2; 
ttag +58 1; 
ttag +59 7; 
ttag +60 8; 
ttag +61 4; 
ttag +62 2; 
ttag +63 10; 
ttag +64 8; 
ttag +65 3; 
ttag +66 3; 
ttag +67 5; 
ttag +68 9; 
ttag +69 13; 
ttag +70 5; 
ttag +71 6; 
ttag +72 5; 
ttag +73 6; 
ttag +74 1; 
ttag +75 4; 
ttag +76 12; 
ttag +77 7; 
ttag +78 9; 
ttag +79 1; 
ttag +80 7; 
ttag +81 4; 
ttag +82 4; 
ttag +83 6; 
ttag +84 11; 
ttag +85 1; 
ttag +86 1; 
ttag +87 8; 
ttag +88 9; 
ttag +89 1; 
ttag +90 8; 
ttag +91 6; 
tread
'Tree with tags' 
(0 ((1 ((2 3 )(((4 5 )(6 7 ))((8 9 )(10 (11 12 ))))))(((13 14 )((26 (27 (28 (29 30 ))))((31 (33 (32 ((34 35 )(36 (37 38 ))))))(39 ((40 41 )(42 (43 (47 (46 (44 45 ))))))))))((17 (15 16 ))(18 (19 ((20 21 )((22 23 )(24 25 ))))))))); 
ttag *!; 
ttag +0 ////; 
ttag +1 ////; 
ttag +2 ////; 
ttag +3 ////; 
ttag +4 ////; 
ttag +5 ////; 
ttag +6 ////; 
ttag +7 ////; 
ttag +8 ////; 
ttag +9 ////; 
ttag +10 ////; 
ttag +11 ////; 
ttag +12 ////; 
ttag +13 ////; 
ttag +14 ////; 
ttag +15 ////; 
ttag +16 ////; 
ttag +17 ////; 
ttag +18 ////; 
ttag +19 ////; 
ttag +20 ////; 
ttag +21 ////; 
ttag +22 ////; 
ttag +23 ////; 
ttag +24 ////; 
ttag +25 ////; 
ttag +26 ////; 
ttag +27 ////; 
ttag +28 ////; 
ttag +29 ////; 
ttag +30 ////; 
ttag +31 ////; 
ttag +32 ////; 
ttag +33 ////; 
ttag +34 ////; 
ttag +35 ////; 
ttag +36 ////; 
ttag +37 ////; 
ttag +38 ////; 
ttag +39 ////; 
ttag +40 ////; 
ttag +41 ////; 
ttag +42 ////; 
ttag +43 ////; 
ttag +44 ////; 
ttag +45 ////; 
ttag +46 ////; 
ttag +47 ////; 
ttag +48 ////; 
ttag +49 83/80/75/80/73; 
ttag +50 100/100/100/100/100; 
ttag +51 91/88/84/88/82; 
ttag +52 99/99/94/99/94; 
ttag +53 98/98/95/98/94; 
ttag +54 80/74/57/74/66; 
ttag +55 78/71/56/76/56; 
ttag +56 69/64/41/60/46; 
ttag +57 74/69/58/71/55; 
ttag +58 47/20/20/35/6; 
ttag +59 98/98/94/96/95; 
ttag +60 100/100/98/99/98; 
ttag +61 97/97/97/96/95; 
ttag +62 25/[10]/?/0/?; 
ttag +63 80/76/71/77/65; 
ttag +64 100/100/99/99/100; 
ttag +65 11/[9]/?/?/?; 
ttag +66 100/100/98/100/98; 
ttag +67 91/87/80/89/73; 
ttag +68 90/86/77/90/78; 
ttag +69 99/99/100/99/100; 
ttag +70 100/100/99/99/96; 
ttag +71 100/100/100/100/100; 
ttag +72 98/97/97/98/94; 
ttag +73 98/98/93/98/92; 
ttag +74 99/99/98/99/99; 
ttag +75 96/96/95/97/86; 
ttag +76 64/63/59/66/58; 
ttag +77 94/92/84/94/88; 
ttag +78 100/100/100/100/100; 
ttag +79 97/96/95/99/94; 
ttag +80 99/99/98/99/96; 
ttag +81 60/54/38/55/45; 
ttag +82 97/96/95/98/95; 
ttag +83 95/94/88/93/88; 
ttag +84 84/80/68/82/66; 
ttag +85 94/91/90/95/88; 
ttag +86 100/100/100/100/100; 
ttag +87 72/63/48/64/52; 
ttag +88 63/43/44/35/37; 
ttag +89 99/99/99/99/97; 
ttag +90 100/100/100/100/99; 
ttag +91 72/58/44/48/36; 
ttag +92 100/100/100/100/100; 
ttag +93 28/[6]/?/?/?; 
ttag +94 98/98/97/99/96; 
