tread
'Tree with tags' 
(0 ((1 (((2 3 )(9 (8 (10 (11 12 )))))(6 (7 (4 5 )))))((13 14 )(((15 16 )(17 (18 (19 ((20 21 )((22 23 )(24 25 )))))))((26 (27 (28 (29 30 ))))((31 ((32 33 )((34 35 )(36 (37 38 )))))(39 ((40 41 )(42 (43 (47 (46 (44 45 ))))))))))))); 
ttag *!; 
ttag +49 1; 
ttag +50 ???; 
ttag +51 9; 
ttag +52 1; 
ttag +53 7; 
ttag +54 5; 
ttag +55 1; 
ttag +56 8; 
ttag +57 1; 
ttag +58 1; 
ttag +59 7; 
ttag +60 9; 
ttag +61 8; 
ttag +62 1; 
ttag +63 16; 
ttag +64 6; 
ttag +65 2; 
ttag +66 1; 
ttag +67 4; 
ttag +68 1; 
ttag +69 7; 
ttag +70 9; 
ttag +71 6; 
ttag +72 4; 
ttag +73 6; 
ttag +74 2; 
ttag +75 10; 
ttag +76 3; 
ttag +77 5; 
ttag +78 5; 
ttag +79 5; 
ttag +80 5; 
ttag +81 5; 
ttag +82 8; 
ttag +83 6; 
ttag +84 3; 
ttag +85 9; 
ttag +86 5; 
ttag +87 3; 
ttag +88 6; 
ttag +89 6; 
ttag +90 5; 
ttag +91 5; 
ttag +92 12; 
ttag +93 2; 
ttag +94 4; 
tread
'Tree with tags' 
(0 ((1 (((2 3 )(9 (8 (10 (11 12 )))))(6 (7 (4 5 )))))((13 14 )(((15 16 )(17 (18 (19 ((20 21 )((22 23 )(24 25 )))))))((26 (27 (28 (29 30 ))))((31 ((32 33 )((34 35 )(36 (37 38 )))))(39 ((40 41 )(42 (43 (47 (46 (44 45 ))))))))))))); 
ttag *!; 
ttag +0 ////; 
ttag +1 ////; 
ttag +2 ////; 
ttag +3 ////; 
ttag +4 ////; 
ttag +5 ////; 
ttag +6 ////; 
ttag +7 ////; 
ttag +8 ////; 
ttag +9 ////; 
ttag +10 ////; 
ttag +11 ////; 
ttag +12 ////; 
ttag +13 ////; 
ttag +14 ////; 
ttag +15 ////; 
ttag +16 ////; 
ttag +17 ////; 
ttag +18 ////; 
ttag +19 ////; 
ttag +20 ////; 
ttag +21 ////; 
ttag +22 ////; 
ttag +23 ////; 
ttag +24 ////; 
ttag +25 ////; 
ttag +26 ////; 
ttag +27 ////; 
ttag +28 ////; 
ttag +29 ////; 
ttag +30 ////; 
ttag +31 ////; 
ttag +32 ////; 
ttag +33 ////; 
ttag +34 ////; 
ttag +35 ////; 
ttag +36 ////; 
ttag +37 ////; 
ttag +38 ////; 
ttag +39 ////; 
ttag +40 ////; 
ttag +41 ////; 
ttag +42 ////; 
ttag +43 ////; 
ttag +44 ////; 
ttag +45 ////; 
ttag +46 ////; 
ttag +47 ////; 
ttag +48 ////; 
ttag +49 41/24/19/22/22; 
ttag +50 100/100/100/100/100; 
ttag +51 100/100/96/99/99; 
ttag +52 10/[25]/?/?/?; 
ttag +53 96/95/90/96/88; 
ttag +54 96/96/91/97/96; 
ttag +55 35/14/15/11/8; 
ttag +56 99/99/98/99/96; 
ttag +57 24/8/10/7/9; 
ttag +58 41/25/22/23/25; 
ttag +59 99/99/100/99/98; 
ttag +60 100/100/98/100/97; 
ttag +61 100/100/100/100/100; 
ttag +62 46/38/23/35/27; 
ttag +63 100/100/100/100/100; 
ttag +64 90/87/76/93/85; 
ttag +65 69/62/41/58/44; 
ttag +66 67/59/52/59/64; 
ttag +67 91/90/76/92/83; 
ttag +68 66/52/35/56/33; 
ttag +69 100/100/100/100/99; 
ttag +70 99/98/96/100/96; 
ttag +71 95/93/90/94/86; 
ttag +72 93/91/81/89/80; 
ttag +73 98/98/98/99/96; 
ttag +74 56/45/43/48/36; 
ttag +75 100/100/99/100/98; 
ttag +76 74/67/59/70/53; 
ttag +77 96/95/87/91/90; 
ttag +78 97/96/94/97/91; 
ttag +79 94/93/87/90/85; 
ttag +80 90/88/83/92/78; 
ttag +81 99/98/94/96/98; 
ttag +82 100/100/99/98/98; 
ttag +83 98/98/96/99/96; 
ttag +84 85/80/66/80/67; 
ttag +85 100/100/100/99/99; 
ttag +86 99/98/90/96/88; 
ttag +87 78/70/47/72/51; 
ttag +88 98/98/93/99/96; 
ttag +89 95/93/88/98/86; 
ttag +90 96/96/92/95/90; 
ttag +91 96/96/95/98/93; 
ttag +92 100/100/100/100/100; 
ttag +93 63/52/48/64/54; 
ttag +94 91/87/87/91/87; 
