tread
'Tree with tags' 
(0 (1 (((2 3 )((4 5 )(6 7 )))(8 (9 (10 (11 12 )))))(13 14 )(17 (15 16 )(18 (19 ((20 21 )((22 23 )(24 25 ))))))((26 (27 (28 (29 30 ))))(39 ((31 ((32 33 )(34 35 )(36 (37 38 ))))(40 41 (42 (43 (46 47 (44 45 )))))))))); 
ttag *!; 
ttag +49 ???; 
ttag +50 4; 
ttag +51 1; 
ttag +52 13; 
ttag +53 3; 
ttag +54 6; 
ttag +55 3; 
ttag +56 1; 
ttag +57 1; 
ttag +58 4; 
ttag +59 8; 
ttag +60 10; 
ttag +61 13; 
ttag +62 4; 
ttag +63 5; 
ttag +64 4; 
ttag +65 8; 
ttag +66 8; 
ttag +67 5; 
ttag +68 7; 
ttag +69 2; 
ttag +70 5; 
ttag +71 8; 
ttag +72 3; 
ttag +73 2; 
ttag +74 12; 
ttag +75 5; 
ttag +76 4; 
ttag +77 12; 
ttag +78 11; 
ttag +79 2; 
ttag +80 2; 
ttag +81 12; 
ttag +82 7; 
ttag +83 5; 
ttag +84 5; 
ttag +85 2; 
ttag +86 9; 
ttag +87 7; 
tread
'Tree with tags' 
(0 ((1 ((13 14 )((26 (27 (28 (29 30 ))))(39 ((31 ((32 33 )((34 35 )(36 (37 38 )))))(40 (41 (42 (43 (46 (47 (44 45 ))))))))))))((((2 3 )((4 5 )(6 7 )))(8 (9 (10 (11 12 )))))(17 ((15 16 )(18 (19 ((20 21 )((22 23 )(24 25 )))))))))); 
ttag *!; 
ttag +0 ////; 
ttag +1 ////; 
ttag +2 ////; 
ttag +3 ////; 
ttag +4 ////; 
ttag +5 ////; 
ttag +6 ////; 
ttag +7 ////; 
ttag +8 ////; 
ttag +9 ////; 
ttag +10 ////; 
ttag +11 ////; 
ttag +12 ////; 
ttag +13 ////; 
ttag +14 ////; 
ttag +15 ////; 
ttag +16 ////; 
ttag +17 ////; 
ttag +18 ////; 
ttag +19 ////; 
ttag +20 ////; 
ttag +21 ////; 
ttag +22 ////; 
ttag +23 ////; 
ttag +24 ////; 
ttag +25 ////; 
ttag +26 ////; 
ttag +27 ////; 
ttag +28 ////; 
ttag +29 ////; 
ttag +30 ////; 
ttag +31 ////; 
ttag +32 ////; 
ttag +33 ////; 
ttag +34 ////; 
ttag +35 ////; 
ttag +36 ////; 
ttag +37 ////; 
ttag +38 ////; 
ttag +39 ////; 
ttag +40 ////; 
ttag +41 ////; 
ttag +42 ////; 
ttag +43 ////; 
ttag +44 ////; 
ttag +45 ////; 
ttag +46 ////; 
ttag +47 ////; 
ttag +48 ////; 
ttag +49 7/[34]/?/?/?; 
ttag +50 100/100/100/100/100; 
ttag +51 97/96/89/94/93; 
ttag +52 30/[14]/?/?/?; 
ttag +53 100/100/100/100/100; 
ttag +54 5/[36]/?/?/?; 
ttag +55 74/62/55/63/60; 
ttag +56 96/96/95/98/91; 
ttag +57 82/76/64/79/67; 
ttag +58 28/12/?/?/4; 
ttag +59 48/26/20/22/18; 
ttag +60 75/71/62/80/62; 
ttag +61 99/99/98/99/97; 
ttag +62 100/100/100/100/100; 
ttag +63 24/[17]/?/?/?; 
ttag +64 100/100/100/100/100; 
ttag +65 40/0/6/6/4; 
ttag +66 87/82/74/87/76; 
ttag +67 96/95/91/97/92; 
ttag +68 92/90/84/95/85; 
ttag +69 100/100/100/100/100; 
ttag +70 100/100/96/99/98; 
ttag +71 97/96/90/94/92; 
ttag +72 100/100/99/98/99; 
ttag +73 83/77/70/82/76; 
ttag +74 96/95/88/96/88; 
ttag +75 99/99/97/99/94; 
ttag +76 88/86/80/90/78; 
ttag +77 72/60/57/70/48; 
ttag +78 100/100/99/100/100; 
ttag +79 98/97/95/98/93; 
ttag +80 93/92/82/92/85; 
ttag +81 100/100/100/100/100; 
ttag +82 100/100/99/100/98; 
ttag +83 86/83/63/75/69; 
ttag +84 85/80/72/80/73; 
ttag +85 34/[4]/?/?/?; 
ttag +86 100/100/100/100/100; 
ttag +87 100/100/98/100/99; 
ttag +88 93/90/87/94/82; 
ttag +89 32/[8]/?/?/?; 
ttag +90 99/99/94/98/90; 
ttag +91 74/62/52/69/52; 
ttag +92 100/100/100/100/100; 
ttag +93 50/20/8/13/6; 
ttag +94 100/100/99/98/97; 
