tread
'Tree with tags' 
(0 (1 (((2 3 )(8 9 (10 (11 12 ))))((4 5 )(6 7 )))(((13 14 )((26 (27 (28 (29 30 ))))(39 ((31 (((32 33 )(34 35 ))(36 (37 38 ))))((40 41 )(42 (43 ((44 45 )(46 47 )))))))))(17 (15 16 )(18 19 ((20 21 )((22 23 )(24 25 )))))))); 
ttag *!; 
ttag +49 ???; 
ttag +50 2; 
ttag +51 1; 
ttag +52 3; 
ttag +53 9; 
ttag +54 1; 
ttag +55 3; 
ttag +56 2; 
ttag +57 3; 
ttag +58 8; 
ttag +59 7; 
ttag +60 1; 
ttag +61 1; 
ttag +62 8; 
ttag +63 4; 
ttag +64 3; 
ttag +65 5; 
ttag +66 5; 
ttag +67 13; 
ttag +68 1; 
ttag +69 4; 
ttag +70 3; 
ttag +71 7; 
ttag +72 1; 
ttag +73 3; 
ttag +74 13; 
ttag +75 2; 
ttag +76 1; 
ttag +77 3; 
ttag +78 11; 
ttag +79 1; 
ttag +80 5; 
ttag +81 3; 
ttag +82 6; 
ttag +83 13; 
ttag +84 2; 
ttag +85 6; 
ttag +86 9; 
ttag +87 2; 
ttag +88 4; 
ttag +89 6; 
ttag +90 2; 
tread
'Tree with tags' 
(0 ((1 (((13 14 )((26 (27 (28 (29 30 ))))(39 ((31 (((32 33 )(34 35 ))(36 (37 38 ))))((40 41 )(42 (43 ((44 45 )(46 47 )))))))))(17 ((15 16 )((18 19 )((20 21 )((22 23 )(24 25 ))))))))(((2 3 )(9 (8 (10 (11 12 )))))((4 5 )(6 7 ))))); 
ttag *!; 
ttag +0 ////; 
ttag +1 ////; 
ttag +2 ////; 
ttag +3 ////; 
ttag +4 ////; 
ttag +5 ////; 
ttag +6 ////; 
ttag +7 ////; 
ttag +8 ////; 
ttag +9 ////; 
ttag +10 ////; 
ttag +11 ////; 
ttag +12 ////; 
ttag +13 ////; 
ttag +14 ////; 
ttag +15 ////; 
ttag +16 ////; 
ttag +17 ////; 
ttag +18 ////; 
ttag +19 ////; 
ttag +20 ////; 
ttag +21 ////; 
ttag +22 ////; 
ttag +23 ////; 
ttag +24 ////; 
ttag +25 ////; 
ttag +26 ////; 
ttag +27 ////; 
ttag +28 ////; 
ttag +29 ////; 
ttag +30 ////; 
ttag +31 ////; 
ttag +32 ////; 
ttag +33 ////; 
ttag +34 ////; 
ttag +35 ////; 
ttag +36 ////; 
ttag +37 ////; 
ttag +38 ////; 
ttag +39 ////; 
ttag +40 ////; 
ttag +41 ////; 
ttag +42 ////; 
ttag +43 ////; 
ttag +44 ////; 
ttag +45 ////; 
ttag +46 ////; 
ttag +47 ////; 
ttag +48 ////; 
ttag +49 10/0/2/?/?; 
ttag +50 100/100/100/100/100; 
ttag +51 84/76/73/80/72; 
ttag +52 42/8/8/28/13; 
ttag +53 80/77/74/75/60; 
ttag +54 100/100/100/100/100; 
ttag +55 59/34/31/32/38; 
ttag +56 96/94/90/95/90; 
ttag +57 21/[19]/?/?/?; 
ttag +58 68/64/61/69/62; 
ttag +59 76/70/64/74/57; 
ttag +60 99/99/99/100/98; 
ttag +61 100/100/98/99/100; 
ttag +62 60/54/54/61/49; 
ttag +63 28/18/21/16/11; 
ttag +64 99/99/98/100/98; 
ttag +65 23/[38]/?/?/?; 
ttag +66 88/85/79/87/80; 
ttag +67 31/8/18/8/9; 
ttag +68 85/78/66/80/65; 
ttag +69 100/100/98/99/99; 
ttag +70 98/98/94/95/92; 
ttag +71 100/100/100/100/100; 
ttag +72 72/58/50/52/45; 
ttag +73 92/88/78/90/81; 
ttag +74 88/85/76/85/82; 
ttag +75 100/100/98/99/98; 
ttag +76 46/29/23/37/19; 
ttag +77 96/96/92/94/95; 
ttag +78 100/100/100/100/100; 
ttag +79 74/70/56/68/59; 
ttag +80 35/16/4/18/5; 
ttag +81 76/72/60/73/58; 
ttag +82 99/99/100/100/100; 
ttag +83 54/30/22/29/20; 
ttag +84 96/95/92/98/90; 
ttag +85 90/88/84/88/81; 
ttag +86 97/97/95/99/92; 
ttag +87 100/100/100/100/100; 
ttag +88 62/38/38/38/27; 
ttag +89 98/98/94/95/93; 
ttag +90 100/100/98/100/98; 
ttag +91 60/40/41/44/33; 
ttag +92 99/99/94/96/96; 
ttag +93 96/94/77/93/86; 
ttag +94 61/37/36/41/28; 
