tread
'Tree with tags' 
(0 ((1 ((13 14 )(((15 16 )(17 (18 (19 ((20 21 )((22 23 )(24 25 )))))))((26 27 (28 (29 30 )))((31 (34 35 (32 33 )(36 (37 38 ))))(39 ((40 41 )(42 (43 ((44 45 )(46 47 )))))))))))((2 3 )((8 ((4 5 )(6 7 )))(9 (10 (11 12 ))))))); 
ttag *!; 
ttag +49 1; 
ttag +50 ???; 
ttag +51 8; 
ttag +52 5; 
ttag +53 7; 
ttag +54 5; 
ttag +55 1; 
ttag +56 3; 
ttag +57 1; 
ttag +58 1; 
ttag +59 3; 
ttag +60 11; 
ttag +61 8; 
ttag +62 1; 
ttag +63 12; 
ttag +64 4; 
ttag +65 2; 
ttag +66 1; 
ttag +67 2; 
ttag +68 1; 
ttag +69 3; 
ttag +70 8; 
ttag +71 7; 
ttag +72 2; 
ttag +73 5; 
ttag +74 7; 
ttag +75 4; 
ttag +76 2; 
ttag +77 11; 
ttag +78 4; 
ttag +79 6; 
ttag +80 2; 
ttag +81 2; 
ttag +82 9; 
ttag +83 8; 
ttag +84 2; 
ttag +85 3; 
ttag +86 5; 
ttag +87 9; 
ttag +88 3; 
ttag +89 11; 
ttag +90 8; 
ttag +91 4; 
tread
'Tree with tags' 
(0 ((1 ((13 14 )(((15 16 )(17 (18 (19 ((20 21 )((22 23 )(24 25 )))))))((26 (27 (28 (29 30 ))))((31 ((35 (34 (32 33 )))(36 (37 38 ))))(39 ((40 41 )(42 (43 ((44 45 )(46 47 )))))))))))((2 3 )((8 ((4 5 )(6 7 )))(9 (10 (11 12 ))))))); 
ttag *!; 
ttag +0 ////; 
ttag +1 ////; 
ttag +2 ////; 
ttag +3 ////; 
ttag +4 ////; 
ttag +5 ////; 
ttag +6 ////; 
ttag +7 ////; 
ttag +8 ////; 
ttag +9 ////; 
ttag +10 ////; 
ttag +11 ////; 
ttag +12 ////; 
ttag +13 ////; 
ttag +14 ////; 
ttag +15 ////; 
ttag +16 ////; 
ttag +17 ////; 
ttag +18 ////; 
ttag +19 ////; 
ttag +20 ////; 
ttag +21 ////; 
ttag +22 ////; 
ttag +23 ////; 
ttag +24 ////; 
ttag +25 ////; 
ttag +26 ////; 
ttag +27 ////; 
ttag +28 ////; 
ttag +29 ////; 
ttag +30 ////; 
ttag +31 ////; 
ttag +32 ////; 
ttag +33 ////; 
ttag +34 ////; 
ttag +35 ////; 
ttag +36 ////; 
ttag +37 ////; 
ttag +38 ////; 
ttag +39 ////; 
ttag +40 ////; 
ttag +41 ////; 
ttag +42 ////; 
ttag +43 ////; 
ttag +44 ////; 
ttag +45 ////; 
ttag +46 ////; 
ttag +47 ////; 
ttag +48 ////; 
ttag +49 41/24/20/37/12; 
ttag +50 100/100/100/100/100; 
ttag +51 99/99/97/99/98; 
ttag +52 94/94/90/96/89; 
ttag +53 97/97/96/100/96; 
ttag +54 94/93/92/97/91; 
ttag +55 18/[6]/?/6/?; 
ttag +56 82/78/69/85/68; 
ttag +57 56/45/39/46/41; 
ttag +58 26/5/0/15/2; 
ttag +59 82/75/66/77/64; 
ttag +60 100/100/100/100/100; 
ttag +61 100/100/100/99/99; 
ttag +62 33/16/14/27/4; 
ttag +63 100/100/100/100/99; 
ttag +64 86/85/78/85/76; 
ttag +65 79/73/62/78/67; 
ttag +66 38/9/15/20/11; 
ttag +67 72/62/52/68/60; 
ttag +68 52/27/24/39/26; 
ttag +69 98/98/98/95/96; 
ttag +70 100/100/98/98/96; 
ttag +71 99/99/97/99/99; 
ttag +72 74/69/58/74/62; 
ttag +73 96/96/90/98/92; 
ttag +74 100/100/99/99/100; 
ttag +75 91/90/90/93/92; 
ttag +76 34/3/7/2/8; 
ttag +77 82/74/72/70/68; 
ttag +78 100/100/100/100/100; 
ttag +79 95/94/82/94/85; 
ttag +80 98/98/90/97/91; 
ttag +81 89/88/84/88/80; 
ttag +82 2/[25]/?/?/?; 
ttag +83 32/5/1/?/?; 
ttag +84 78/74/58/71/57; 
ttag +85 100/100/96/100/97; 
ttag +86 99/99/98/98/99; 
ttag +87 80/74/64/77/62; 
ttag +88 82/79/70/85/66; 
ttag +89 97/97/91/98/94; 
ttag +90 100/100/98/100/98; 
ttag +91 88/84/69/81/71; 
ttag +92 100/100/99/100/99; 
ttag +93 100/100/96/99/99; 
ttag +94 98/98/98/98/98; 
