tread
'Tree with tags' 
(0 (1 ((2 3 )(9 (8 ((6 7 (4 5 ))(10 (11 12 ))))))(((13 14 )((15 16 )(17 (18 (19 ((20 21 )((22 23 )(24 25 ))))))))((26 (27 (28 (29 30 ))))(39 (31 ((32 33 )(34 35 )(36 (37 38 ))))(40 41 (42 (43 (46 47 (44 45 )))))))))); 
ttag *!; 
ttag +49 ???; 
ttag +50 6; 
ttag +51 11; 
ttag +52 5; 
ttag +53 3; 
ttag +54 2; 
ttag +55 3; 
ttag +56 4; 
ttag +57 6; 
ttag +58 1; 
ttag +59 8; 
ttag +60 1; 
ttag +61 1; 
ttag +62 9; 
ttag +63 2; 
ttag +64 2; 
ttag +65 6; 
ttag +66 5; 
ttag +67 7; 
ttag +68 6; 
ttag +69 6; 
ttag +70 4; 
ttag +71 4; 
ttag +72 2; 
ttag +73 8; 
ttag +74 4; 
ttag +75 7; 
ttag +76 8; 
ttag +77 3; 
ttag +78 5; 
ttag +79 6; 
ttag +80 4; 
ttag +81 2; 
ttag +82 4; 
ttag +83 9; 
ttag +84 6; 
ttag +85 1; 
ttag +86 1; 
ttag +87 7; 
ttag +88 8; 
tread
'Tree with tags' 
(0 ((1 (((13 14 )((15 16 )(17 (18 (19 ((20 21 )((22 23 )(24 25 ))))))))((26 (27 (28 (29 30 ))))((39 (31 ((32 33 )((34 35 )(36 (37 38 ))))))(41 (40 (42 (43 (47 (46 (44 45 )))))))))))((2 3 )(9 (8 ((6 (7 (4 5 )))(10 (11 12 )))))))); 
ttag *!; 
ttag +0 ////; 
ttag +1 ////; 
ttag +2 ////; 
ttag +3 ////; 
ttag +4 ////; 
ttag +5 ////; 
ttag +6 ////; 
ttag +7 ////; 
ttag +8 ////; 
ttag +9 ////; 
ttag +10 ////; 
ttag +11 ////; 
ttag +12 ////; 
ttag +13 ////; 
ttag +14 ////; 
ttag +15 ////; 
ttag +16 ////; 
ttag +17 ////; 
ttag +18 ////; 
ttag +19 ////; 
ttag +20 ////; 
ttag +21 ////; 
ttag +22 ////; 
ttag +23 ////; 
ttag +24 ////; 
ttag +25 ////; 
ttag +26 ////; 
ttag +27 ////; 
ttag +28 ////; 
ttag +29 ////; 
ttag +30 ////; 
ttag +31 ////; 
ttag +32 ////; 
ttag +33 ////; 
ttag +34 ////; 
ttag +35 ////; 
ttag +36 ////; 
ttag +37 ////; 
ttag +38 ////; 
ttag +39 ////; 
ttag +40 ////; 
ttag +41 ////; 
ttag +42 ////; 
ttag +43 ////; 
ttag +44 ////; 
ttag +45 ////; 
ttag +46 ////; 
ttag +47 ////; 
ttag +48 ////; 
ttag +49 28/8/3/5/?; 
ttag +50 100/100/100/100/100; 
ttag +51 98/98/93/98/96; 
ttag +52 100/100/99/100/100; 
ttag +53 99/99/95/98/96; 
ttag +54 41/9/12/8/20; 
ttag +55 84/82/64/85/72; 
ttag +56 44/36/30/45/27; 
ttag +57 60/52/42/58/44; 
ttag +58 78/69/61/76/60; 
ttag +59 98/98/95/99/97; 
ttag +60 48/16/5/16/14; 
ttag +61 100/100/100/100/99; 
ttag +62 46/26/28/36/32; 
ttag +63 55/45/36/37/35; 
ttag +64 100/100/98/99/99; 
ttag +65 79/66/69/78/65; 
ttag +66 75/65/69/73/67; 
ttag +67 100/100/100/100/98; 
ttag +68 99/99/98/99/98; 
ttag +69 99/99/100/100/100; 
ttag +70 98/97/98/99/93; 
ttag +71 98/98/97/98/96; 
ttag +72 96/95/87/94/89; 
ttag +73 93/92/90/93/91; 
ttag +74 77/70/62/70/64; 
ttag +75 99/99/98/99/97; 
ttag +76 81/78/68/85/72; 
ttag +77 98/98/94/99/94; 
ttag +78 100/100/98/100/99; 
ttag +79 96/96/83/90/82; 
ttag +80 52/23/14/13/14; 
ttag +81 100/100/98/99/97; 
ttag +82 99/99/99/100/97; 
ttag +83 92/89/90/96/85; 
ttag +84 87/84/78/83/73; 
ttag +85 41/11/8/12/20; 
ttag +86 88/85/84/93/79; 
ttag +87 100/100/97/99/100; 
ttag +88 14/[55]/?/?/?; 
ttag +89 99/99/98/100/99; 
ttag +90 72/65/61/65/54; 
ttag +91 66/58/55/58/55; 
ttag +92 96/95/93/96/97; 
ttag +93 18/[18]/?/?/?; 
ttag +94 100/100/99/100/100; 
