tread
'Tree with tags' 
(0 (1 ((((2 3 )(((4 5 )(6 7 ))((8 9 )(10 (11 12 )))))((26 (27 (28 (29 30 ))))((31 ((32 33 )((34 35 )(36 (37 38 )))))(39 ((40 41 )(42 (43 ((44 45 )(46 47 )))))))))((13 14 )(17 (15 16 )(18 (19 ((20 21 )(22 23 )(24 25 ))))))))); 
ttag *!; 
ttag +49 ???; 
ttag +50 7; 
ttag +51 6; 
ttag +52 1; 
ttag +53 2; 
ttag +54 6; 
ttag +55 3; 
ttag +56 2; 
ttag +57 4; 
ttag +58 2; 
ttag +59 4; 
ttag +60 6; 
ttag +61 4; 
ttag +62 6; 
ttag +63 2; 
ttag +64 6; 
ttag +65 5; 
ttag +66 5; 
ttag +67 1; 
ttag +68 9; 
ttag +69 8; 
ttag +70 3; 
ttag +71 4; 
ttag +72 2; 
ttag +73 7; 
ttag +74 8; 
ttag +75 6; 
ttag +76 10; 
ttag +77 3; 
ttag +78 5; 
ttag +79 11; 
ttag +80 5; 
ttag +81 3; 
ttag +82 1; 
ttag +83 11; 
ttag +84 12; 
ttag +85 3; 
ttag +86 4; 
ttag +87 7; 
ttag +88 14; 
ttag +89 2; 
ttag +90 7; 
ttag +91 8; 
ttag +92 4; 
tread
'Tree with tags' 
(0 (1 ((((2 3 )(((4 5 )(6 7 ))((8 9 )(10 (11 12 )))))((26 (27 (28 (29 30 ))))((31 ((32 33 )((34 35 )(36 (37 38 )))))(39 ((40 41 )(42 (43 ((44 45 )(46 47 )))))))))((13 14 )(17 ((15 16 )(18 (19 ((20 21 )((22 23 )(24 25 ))))))))))); 
ttag *!; 
ttag +0 ////; 
ttag +1 ////; 
ttag +2 ////; 
ttag +3 ////; 
ttag +4 ////; 
ttag +5 ////; 
ttag +6 ////; 
ttag +7 ////; 
ttag +8 ////; 
ttag +9 ////; 
ttag +10 ////; 
ttag +11 ////; 
ttag +12 ////; 
ttag +13 ////; 
ttag +14 ////; 
ttag +15 ////; 
ttag +16 ////; 
ttag +17 ////; 
ttag +18 ////; 
ttag +19 ////; 
ttag +20 ////; 
ttag +21 ////; 
ttag +22 ////; 
ttag +23 ////; 
ttag +24 ////; 
ttag +25 ////; 
ttag +26 ////; 
ttag +27 ////; 
ttag +28 ////; 
ttag +29 ////; 
ttag +30 ////; 
ttag +31 ////; 
ttag +32 ////; 
ttag +33 ////; 
ttag +34 ////; 
ttag +35 ////; 
ttag +36 ////; 
ttag +37 ////; 
ttag +38 ////; 
ttag +39 ////; 
ttag +40 ////; 
ttag +41 ////; 
ttag +42 ////; 
ttag +43 ////; 
ttag +44 ////; 
ttag +45 ////; 
ttag +46 ////; 
ttag +47 ////; 
ttag +48 ////; 
ttag +49 100/100/100/100/100; 
ttag +50 98/98/96/97/98; 
ttag +51 90/87/87/93/82; 
ttag +52 65/55/51/54/58; 
ttag +53 74/71/59/72/66; 
ttag +54 98/98/96/98/97; 
ttag +55 88/87/76/84/81; 
ttag +56 72/63/46/68/55; 
ttag +57 89/86/80/88/79; 
ttag +58 80/78/77/84/76; 
ttag +59 88/85/74/87/73; 
ttag +60 93/92/89/96/87; 
ttag +61 98/98/99/98/98; 
ttag +62 98/98/97/99/96; 
ttag +63 81/79/73/82/73; 
ttag +64 97/97/93/97/95; 
ttag +65 9/[19]/?/?/?; 
ttag +66 92/91/87/96/91; 
ttag +67 94/94/86/92/87; 
ttag +68 61/48/39/44/38; 
ttag +69 100/100/100/99/98; 
ttag +70 98/98/96/98/95; 
ttag +71 92/90/86/94/86; 
ttag +72 48/17/26/24/24; 
ttag +73 94/93/82/91/82; 
ttag +74 80/76/68/81/71; 
ttag +75 93/90/90/93/84; 
ttag +76 98/97/91/99/95; 
ttag +77 98/98/100/99/98; 
ttag +78 100/100/100/100/98; 
ttag +79 91/90/81/87/76; 
ttag +80 79/75/59/84/63; 
ttag +81 100/100/100/100/100; 
ttag +82 95/94/83/94/88; 
ttag +83 85/79/78/86/79; 
ttag +84 65/54/40/43/35; 
ttag +85 100/100/100/100/100; 
ttag +86 100/100/100/100/100; 
ttag +87 78/74/52/74/52; 
ttag +88 95/94/85/87/82; 
ttag +89 90/86/77/89/73; 
ttag +90 100/100/100/100/100; 
ttag +91 78/68/60/67/59; 
ttag +92 99/99/98/99/98; 
ttag +93 98/98/92/99/93; 
ttag +94 98/98/96/98/95; 
