tread
'Tree with tags' 
(0 ((1 ((2 3 )(8 9 ((4 5 )(6 7 ))(10 (11 12 )))))(((13 14 )((17 (15 16 ))(18 (19 ((20 21 )(24 25 (22 23 )))))))(((26 27 )(28 (29 30 )))((31 (((32 33 )(34 35 ))(36 (37 38 ))))(39 ((40 41 )(42 (43 ((44 45 )(46 47 ))))))))))); 
ttag *!; 
ttag +49 4; 
ttag +50 ???; 
ttag +51 11; 
ttag +52 8; 
ttag +53 4; 
ttag +54 7; 
ttag +55 3; 
ttag +56 2; 
ttag +57 4; 
ttag +58 10; 
ttag +59 11; 
ttag +60 3; 
ttag +61 3; 
ttag +62 13; 
ttag +63 1; 
ttag +64 7; 
ttag +65 7; 
ttag +66 4; 
ttag +67 8; 
ttag +68 6; 
ttag +69 16; 
ttag +70 8; 
ttag +71 1; 
ttag +72 5; 
ttag +73 7; 
ttag +74 5; 
ttag +75 8; 
ttag +76 6; 
ttag +77 5; 
ttag +78 7; 
ttag +79 2; 
ttag +80 1; 
ttag +81 2; 
ttag +82 4; 
ttag +83 4; 
ttag +84 1; 
ttag +85 3; 
ttag +86 10; 
ttag +87 12; 
ttag +88 5; 
ttag +89 5; 
ttag +90 6; 
ttag +91 1; 
tread
'Tree with tags' 
(0 ((1 ((2 3 )((9 ((4 5 )(6 7 )))(8 (10 (11 12 ))))))(((13 14 )((17 (15 16 ))(18 (19 ((20 21 )(24 (25 (22 23 ))))))))(((26 27 )(28 (29 30 )))((31 (((32 33 )(34 35 ))(36 (37 38 ))))(39 ((40 41 )(42 (43 ((44 45 )(46 47 ))))))))))); 
ttag *!; 
ttag +0 ////; 
ttag +1 ////; 
ttag +2 ////; 
ttag +3 ////; 
ttag +4 ////; 
ttag +5 ////; 
ttag +6 ////; 
ttag +7 ////; 
ttag +8 ////; 
ttag +9 ////; 
ttag +10 ////; 
ttag +11 ////; 
ttag +12 ////; 
ttag +13 ////; 
ttag +14 ////; 
ttag +15 ////; 
ttag +16 ////; 
ttag +17 ////; 
ttag +18 ////; 
ttag +19 ////; 
ttag +20 ////; 
ttag +21 ////; 
ttag +22 ////; 
ttag +23 ////; 
ttag +24 ////; 
ttag +25 ////; 
ttag +26 ////; 
ttag +27 ////; 
ttag +28 ////; 
ttag +29 ////; 
ttag +30 ////; 
ttag +31 ////; 
ttag +32 ////; 
ttag +33 ////; 
ttag +34 ////; 
ttag +35 ////; 
ttag +36 ////; 
ttag +37 ////; 
ttag +38 ////; 
ttag +39 ////; 
ttag +40 ////; 
ttag +41 ////; 
ttag +42 ////; 
ttag +43 ////; 
ttag +44 ////; 
ttag +45 ////; 
ttag +46 ////; 
ttag +47 ////; 
ttag +48 ////; 
ttag +49 81/74/64/76/61; 
ttag +50 100/100/100/100/100; 
ttag +51 100/100/100/100/99; 
ttag +52 99/99/98/99/98; 
ttag +53 97/96/92/96/92; 
ttag +54 99/99/97/99/100; 
ttag +55 11/[16]/?/?/?; 
ttag +56 76/70/60/80/60; 
ttag +57 79/72/60/70/65; 
ttag +58 29/1/8/2/?; 
ttag +59 90/85/79/88/77; 
ttag +60 99/99/100/100/98; 
ttag +61 100/100/100/100/100; 
ttag +62 67/58/40/64/39; 
ttag +63 66/59/53/63/49; 
ttag +64 100/100/100/100/100; 
ttag +65 56/32/16/31/20; 
ttag +66 95/94/85/96/85; 
ttag +67 98/97/92/97/91; 
ttag +68 94/93/85/92/84; 
ttag +69 100/100/100/100/100; 
ttag +70 99/99/96/99/96; 
ttag +71 100/100/100/100/100; 
ttag +72 37/0/2/?/?; 
ttag +73 100/100/97/100/98; 
ttag +74 47/36/28/44/28; 
ttag +75 92/89/84/92/86; 
ttag +76 94/91/83/94/80; 
ttag +77 98/98/96/96/96; 
ttag +78 100/100/98/100/98; 
ttag +79 97/96/92/96/93; 
ttag +80 98/98/96/98/94; 
ttag +81 97/96/90/99/92; 
ttag +82 75/70/62/77/58; 
ttag +83 64/45/35/37/48; 
ttag +84 83/78/70/84/73; 
ttag +85 96/94/87/94/88; 
ttag +86 92/89/82/89/83; 
ttag +87 64/52/48/58/50; 
ttag +88 81/74/60/82/58; 
ttag +89 100/100/98/99/98; 
ttag +90 99/99/99/99/99; 
ttag +91 91/87/82/91/85; 
ttag +92 87/82/72/86/71; 
ttag +93 90/86/80/88/79; 
ttag +94 60/45/40/42/38; 
