tread
'Tree with tags' 
(0 ((1 ((2 3 )(((4 5 )(6 7 ))(8 (9 (10 (11 12 )))))))((13 14 )(((15 16 )(17 (18 (19 ((20 21 )((22 23 )(24 25 )))))))((26 (27 (28 (29 30 ))))(39 (31 ((32 33 )(34 35 )(36 (37 38 ))))((40 41 )(42 (43 ((44 45 )(46 47 ))))))))))); 
ttag *!; 
ttag +49 2; 
ttag +50 ???; 
ttag +51 8; 
ttag +52 6; 
ttag +53 9; 
ttag +54 10; 
ttag +55 6; 
ttag +56 2; 
ttag +57 2; 
ttag +58 2; 
ttag +59 4; 
ttag +60 10; 
ttag +61 9; 
ttag +62 2; 
ttag +63 10; 
ttag +64 8; 
ttag +65 1; 
ttag +66 4; 
ttag +67 3; 
ttag +68 3; 
ttag +69 11; 
ttag +70 8; 
ttag +71 16; 
ttag +72 6; 
ttag +73 5; 
ttag +74 4; 
ttag +75 7; 
ttag +76 1; 
ttag +77 5; 
ttag +78 7; 
ttag +79 4; 
ttag +80 1; 
ttag +81 3; 
ttag +82 3; 
ttag +83 5; 
ttag +84 3; 
ttag +85 2; 
ttag +86 3; 
ttag +87 5; 
ttag +88 5; 
ttag +89 1; 
ttag +90 6; 
ttag +91 5; 
ttag +92 4; 
tread
'Tree with tags' 
(0 ((1 ((2 3 )(((4 5 )(6 7 ))(8 (9 (10 (11 12 )))))))((13 14 )(((15 16 )(17 (18 (19 ((20 21 )((22 23 )(24 25 )))))))((26 (27 (28 (29 30 ))))((39 (31 (((32 33 )(36 (37 38 )))(34 35 ))))((40 41 )(42 (43 ((44 45 )(46 47 ))))))))))); 
ttag *!; 
ttag +0 ////; 
ttag +1 ////; 
ttag +2 ////; 
ttag +3 ////; 
ttag +4 ////; 
ttag +5 ////; 
ttag +6 ////; 
ttag +7 ////; 
ttag +8 ////; 
ttag +9 ////; 
ttag +10 ////; 
ttag +11 ////; 
ttag +12 ////; 
ttag +13 ////; 
ttag +14 ////; 
ttag +15 ////; 
ttag +16 ////; 
ttag +17 ////; 
ttag +18 ////; 
ttag +19 ////; 
ttag +20 ////; 
ttag +21 ////; 
ttag +22 ////; 
ttag +23 ////; 
ttag +24 ////; 
ttag +25 ////; 
ttag +26 ////; 
ttag +27 ////; 
ttag +28 ////; 
ttag +29 ////; 
ttag +30 ////; 
ttag +31 ////; 
ttag +32 ////; 
ttag +33 ////; 
ttag +34 ////; 
ttag +35 ////; 
ttag +36 ////; 
ttag +37 ////; 
ttag +38 ////; 
ttag +39 ////; 
ttag +40 ////; 
ttag +41 ////; 
ttag +42 ////; 
ttag +43 ////; 
ttag +44 ////; 
ttag +45 ////; 
ttag +46 ////; 
ttag +47 ////; 
ttag +48 ////; 
ttag +49 47/26/22/40/24; 
ttag +50 100/100/100/100/100; 
ttag +51 99/99/93/99/95; 
ttag +52 99/98/96/98/96; 
ttag +53 100/100/98/100/99; 
ttag +54 100/100/99/100/99; 
ttag +55 93/92/86/90/80; 
ttag +56 72/57/44/62/59; 
ttag +57 69/60/46/56/37; 
ttag +58 62/48/25/45/17; 
ttag +59 79/71/58/71/55; 
ttag +60 100/100/99/100/100; 
ttag +61 99/99/100/99/100; 
ttag +62 56/35/26/44/32; 
ttag +63 100/100/100/99/99; 
ttag +64 99/99/95/99/94; 
ttag +65 44/23/16/30/19; 
ttag +66 93/89/81/90/83; 
ttag +67 95/92/91/92/84; 
ttag +68 88/84/65/87/72; 
ttag +69 100/100/100/100/100; 
ttag +70 98/98/94/98/93; 
ttag +71 100/100/100/100/100; 
ttag +72 97/97/91/96/90; 
ttag +73 97/96/94/95/92; 
ttag +74 94/92/82/92/84; 
ttag +75 99/99/98/98/97; 
ttag +76 64/56/47/50/42; 
ttag +77 97/97/89/95/91; 
ttag +78 99/99/96/97/98; 
ttag +79 97/96/94/98/96; 
ttag +80 31/[6]/?/?/5; 
ttag +81 54/39/37/37/22; 
ttag +82 93/89/81/93/86; 
ttag +83 6/0/4/?/0; 
ttag +84 95/95/86/94/87; 
ttag +85 99/99/98/98/96; 
ttag +86 88/86/76/88/84; 
ttag +87 69/56/53/58/49; 
ttag +88 92/91/82/91/83; 
ttag +89 95/94/86/94/82; 
ttag +90 94/92/89/96/87; 
ttag +91 68/46/46/46/40; 
ttag +92 97/96/91/97/92; 
ttag +93 97/96/93/99/92; 
ttag +94 97/96/86/96/88; 
