tread
'Tree with tags' 
(0 (1 (((2 3 )(((4 5 )(6 7 ))((8 9 )(10 (11 12 )))))((17 (15 16 ))(18 (19 ((20 21 )((22 23 )(24 25 )))))))(13 14 )((26 (27 (28 (29 30 ))))((31 ((32 33 )((34 35 )(36 (37 38 )))))(39 ((40 41 )(42 (43 ((44 45 )(46 47 )))))))))); 
ttag *!; 
ttag +49 ???; 
ttag +50 5; 
ttag +51 9; 
ttag +52 1; 
ttag +53 5; 
ttag +54 6; 
ttag +55 3; 
ttag +56 7; 
ttag +57 5; 
ttag +58 3; 
ttag +59 7; 
ttag +60 7; 
ttag +61 11; 
ttag +62 11; 
ttag +63 2; 
ttag +64 6; 
ttag +65 1; 
ttag +66 1; 
ttag +67 9; 
ttag +68 6; 
ttag +69 3; 
ttag +70 1; 
ttag +71 5; 
ttag +72 8; 
ttag +73 6; 
ttag +74 1; 
ttag +75 6; 
ttag +76 9; 
ttag +77 5; 
ttag +78 6; 
ttag +79 8; 
ttag +80 4; 
ttag +81 4; 
ttag +82 1; 
ttag +83 11; 
ttag +84 6; 
ttag +85 2; 
ttag +86 2; 
ttag +87 13; 
ttag +88 2; 
ttag +89 1; 
ttag +90 8; 
ttag +91 10; 
ttag +92 3; 
tread
'Tree with tags' 
(0 ((1 (13 14 ))((((2 3 )(((4 5 )(6 7 ))((8 9 )(10 (11 12 )))))((17 (15 16 ))(18 (19 ((20 21 )((22 23 )(24 25 )))))))((26 (27 (28 (29 30 ))))((31 ((32 33 )((34 35 )(36 (37 38 )))))(39 ((40 41 )(42 (43 ((44 45 )(46 47 ))))))))))); 
ttag *!; 
ttag +0 ////; 
ttag +1 ////; 
ttag +2 ////; 
ttag +3 ////; 
ttag +4 ////; 
ttag +5 ////; 
ttag +6 ////; 
ttag +7 ////; 
ttag +8 ////; 
ttag +9 ////; 
ttag +10 ////; 
ttag +11 ////; 
ttag +12 ////; 
ttag +13 ////; 
ttag +14 ////; 
ttag +15 ////; 
ttag +16 ////; 
ttag +17 ////; 
ttag +18 ////; 
ttag +19 ////; 
ttag +20 ////; 
ttag +21 ////; 
ttag +22 ////; 
ttag +23 ////; 
ttag +24 ////; 
ttag +25 ////; 
ttag +26 ////; 
ttag +27 ////; 
ttag +28 ////; 
ttag +29 ////; 
ttag +30 ////; 
ttag +31 ////; 
ttag +32 ////; 
ttag +33 ////; 
ttag +34 ////; 
ttag +35 ////; 
ttag +36 ////; 
ttag +37 ////; 
ttag +38 ////; 
ttag +39 ////; 
ttag +40 ////; 
ttag +41 ////; 
ttag +42 ////; 
ttag +43 ////; 
ttag +44 ////; 
ttag +45 ////; 
ttag +46 ////; 
ttag +47 ////; 
ttag +48 ////; 
ttag +49 21/[6]/?/?/?; 
ttag +50 100/100/100/100/100; 
ttag +51 98/98/96/99/96; 
ttag +52 100/100/99/100/99; 
ttag +53 46/27/16/18/19; 
ttag +54 20/[6]/?/?/?; 
ttag +55 95/95/92/96/95; 
ttag +56 96/95/85/97/87; 
ttag +57 78/68/50/74/57; 
ttag +58 98/97/98/98/98; 
ttag +59 93/92/88/95/88; 
ttag +60 90/90/80/91/83; 
ttag +61 96/95/92/98/92; 
ttag +62 97/97/92/97/94; 
ttag +63 100/100/100/100/99; 
ttag +64 100/100/100/100/99; 
ttag +65 46/28/23/38/20; 
ttag +66 98/97/91/98/91; 
ttag +67 31/12/6/12/0; 
ttag +68 43/34/32/41/35; 
ttag +69 100/100/100/100/100; 
ttag +70 93/90/83/94/84; 
ttag +71 81/75/66/80/75; 
ttag +72 46/20/19/28/9; 
ttag +73 98/98/97/98/94; 
ttag +74 99/98/98/99/96; 
ttag +75 96/96/89/98/92; 
ttag +76 42/28/34/40/22; 
ttag +77 97/96/96/99/96; 
ttag +78 100/100/100/100/100; 
ttag +79 95/94/80/94/83; 
ttag +80 98/98/86/98/90; 
ttag +81 99/99/99/100/98; 
ttag +82 91/89/75/87/75; 
ttag +83 98/98/98/99/98; 
ttag +84 51/41/28/45/31; 
ttag +85 100/100/100/100/99; 
ttag +86 97/97/97/98/95; 
ttag +87 65/58/43/60/37; 
ttag +88 70/63/60/59/46; 
ttag +89 100/100/99/100/99; 
ttag +90 74/67/60/69/50; 
ttag +91 58/34/26/35/33; 
ttag +92 99/99/99/99/100; 
ttag +93 99/99/100/100/100; 
ttag +94 84/74/76/74/60; 
