tread
'Tree with tags' 
(0 ((((1 ((2 3 )(((4 5 )(6 7 ))((8 9 )(10 (11 12 ))))))((15 16 )(17 (18 (19 ((20 21 )((22 23 )(24 25 ))))))))((26 (27 (28 (29 30 ))))(39 ((31 (32 33 )((34 35 )(36 (37 38 ))))((40 41 )(42 (43 ((44 45 )(46 47 )))))))))(13 14 ))); 
ttag *!; 
ttag +49 1; 
ttag +50 1; 
ttag +51 1; 
ttag +52 ???; 
ttag +53 8; 
ttag +54 8; 
ttag +55 11; 
ttag +56 9; 
ttag +57 2; 
ttag +58 5; 
ttag +59 2; 
ttag +60 2; 
ttag +61 5; 
ttag +62 11; 
ttag +63 6; 
ttag +64 14; 
ttag +65 10; 
ttag +66 1; 
ttag +67 4; 
ttag +68 1; 
ttag +69 9; 
ttag +70 3; 
ttag +71 9; 
ttag +72 9; 
ttag +73 1; 
ttag +74 6; 
ttag +75 9; 
ttag +76 8; 
ttag +77 5; 
ttag +78 11; 
ttag +79 4; 
ttag +80 1; 
ttag +81 3; 
ttag +82 4; 
ttag +83 3; 
ttag +84 2; 
ttag +85 9; 
ttag +86 5; 
ttag +87 4; 
ttag +88 6; 
ttag +89 7; 
ttag +90 1; 
ttag +91 4; 
ttag +92 3; 
ttag +93 3; 
tread
'Tree with tags' 
(0 ((((1 ((2 3 )(((4 5 )(6 7 ))((8 9 )(10 (11 12 ))))))((15 16 )(17 (18 (19 ((20 21 )((22 23 )(24 25 ))))))))((26 (27 (28 (29 30 ))))(39 (((31 (32 33 ))((34 35 )(36 (37 38 ))))((40 41 )(42 (43 ((44 45 )(46 47 )))))))))(13 14 ))); 
ttag *!; 
ttag +0 ////; 
ttag +1 ////; 
ttag +2 ////; 
ttag +3 ////; 
ttag +4 ////; 
ttag +5 ////; 
ttag +6 ////; 
ttag +7 ////; 
ttag +8 ////; 
ttag +9 ////; 
ttag +10 ////; 
ttag +11 ////; 
ttag +12 ////; 
ttag +13 ////; 
ttag +14 ////; 
ttag +15 ////; 
ttag +16 ////; 
ttag +17 ////; 
ttag +18 ////; 
ttag +19 ////; 
ttag +20 ////; 
ttag +21 ////; 
ttag +22 ////; 
ttag +23 ////; 
ttag +24 ////; 
ttag +25 ////; 
ttag +26 ////; 
ttag +27 ////; 
ttag +28 ////; 
ttag +29 ////; 
ttag +30 ////; 
ttag +31 ////; 
ttag +32 ////; 
ttag +33 ////; 
ttag +34 ////; 
ttag +35 ////; 
ttag +36 ////; 
ttag +37 ////; 
ttag +38 ////; 
ttag +39 ////; 
ttag +40 ////; 
ttag +41 ////; 
ttag +42 ////; 
ttag +43 ////; 
ttag +44 ////; 
ttag +45 ////; 
ttag +46 ////; 
ttag +47 ////; 
ttag +48 ////; 
ttag +49 28/11/12/17/5; 
ttag +50 31/13/1/19/?; 
ttag +51 35/14/14/14/7; 
ttag +52 100/100/100/100/100; 
ttag +53 100/100/99/100/100; 
ttag +54 98/97/93/96/96; 
ttag +55 100/100/99/100/100; 
ttag +56 99/98/97/100/98; 
ttag +57 77/72/58/69/55; 
ttag +58 96/95/92/99/94; 
ttag +59 56/42/29/48/40; 
ttag +60 53/39/26/44/36; 
ttag +61 85/80/64/79/62; 
ttag +62 100/100/100/100/97; 
ttag +63 96/95/93/97/94; 
ttag +64 100/100/100/100/100; 
ttag +65 100/100/99/99/98; 
ttag +66 55/46/22/40/24; 
ttag +67 79/75/56/78/56; 
ttag +68 53/49/48/51/40; 
ttag +69 100/100/99/100/99; 
ttag +70 79/76/69/75/66; 
ttag +71 99/99/98/99/96; 
ttag +72 100/100/99/100/98; 
ttag +73 58/40/27/36/34; 
ttag +74 99/98/95/98/95; 
ttag +75 100/100/98/99/98; 
ttag +76 99/98/98/100/100; 
ttag +77 100/100/98/99/99; 
ttag +78 100/100/100/100/100; 
ttag +79 31/14/14/8/15; 
ttag +80 86/80/70/82/71; 
ttag +81 24/1/0/12/?; 
ttag +82 82/79/77/72/69; 
ttag +83 98/97/96/97/96; 
ttag +84 90/88/86/90/87; 
ttag +85 50/33/26/36/24; 
ttag +86 99/99/98/99/98; 
ttag +87 99/98/98/98/97; 
ttag +88 92/90/84/90/82; 
ttag +89 96/96/82/95/84; 
ttag +90 98/98/98/99/96; 
ttag +91 45/6/5/9/15; 
ttag +92 94/91/81/86/80; 
ttag +93 59/34/41/34/40; 
ttag +94 86/82/79/92/73; 
