tread
'Tree with tags' 
(0 ((1 ((2 3 )((6 (7 (4 5 )))(8 (9 (10 (11 12 )))))))(((13 14 )((26 27 (28 (29 30 )))((31 ((32 33 )((34 35 )(36 (37 38 )))))(39 ((40 41 )(42 (43 ((44 45 )(46 47 )))))))))((15 16 )(17 (18 (19 ((20 21 )((22 23 )(24 25 )))))))))); 
ttag *!; 
ttag +49 2; 
ttag +50 ???; 
ttag +51 5; 
ttag +52 12; 
ttag +53 2; 
ttag +54 1; 
ttag +55 7; 
ttag +56 4; 
ttag +57 6; 
ttag +58 2; 
ttag +59 7; 
ttag +60 11; 
ttag +61 7; 
ttag +62 1; 
ttag +63 1; 
ttag +64 13; 
ttag +65 6; 
ttag +66 2; 
ttag +67 7; 
ttag +68 4; 
ttag +69 9; 
ttag +70 4; 
ttag +71 5; 
ttag +72 5; 
ttag +73 3; 
ttag +74 4; 
ttag +75 3; 
ttag +76 2; 
ttag +77 9; 
ttag +78 6; 
ttag +79 6; 
ttag +80 11; 
ttag +81 2; 
ttag +82 4; 
ttag +83 2; 
ttag +84 16; 
ttag +85 5; 
ttag +86 3; 
ttag +87 3; 
ttag +88 5; 
ttag +89 8; 
ttag +90 3; 
ttag +91 1; 
ttag +92 8; 
ttag +93 8; 
tread
'Tree with tags' 
(0 ((1 ((2 3 )((6 (7 (4 5 )))(8 (9 (10 (11 12 )))))))(((13 14 )(((26 27 )(28 (29 30 )))((31 ((32 33 )((34 35 )(36 (37 38 )))))(39 ((40 41 )(42 (43 ((44 45 )(46 47 )))))))))((15 16 )(17 (18 (19 ((20 21 )((22 23 )(24 25 )))))))))); 
ttag *!; 
ttag +0 ////; 
ttag +1 ////; 
ttag +2 ////; 
ttag +3 ////; 
ttag +4 ////; 
ttag +5 ////; 
ttag +6 ////; 
ttag +7 ////; 
ttag +8 ////; 
ttag +9 ////; 
ttag +10 ////; 
ttag +11 ////; 
ttag +12 ////; 
ttag +13 ////; 
ttag +14 ////; 
ttag +15 ////; 
ttag +16 ////; 
ttag +17 ////; 
ttag +18 ////; 
ttag +19 ////; 
ttag +20 ////; 
ttag +21 ////; 
ttag +22 ////; 
ttag +23 ////; 
ttag +24 ////; 
ttag +25 ////; 
ttag +26 ////; 
ttag +27 ////; 
ttag +28 ////; 
ttag +29 ////; 
ttag +30 ////; 
ttag +31 ////; 
ttag +32 ////; 
ttag +33 ////; 
ttag +34 ////; 
ttag +35 ////; 
ttag +36 ////; 
ttag +37 ////; 
ttag +38 ////; 
ttag +39 ////; 
ttag +40 ////; 
ttag +41 ////; 
ttag +42 ////; 
ttag +43 ////; 
ttag +44 ////; 
ttag +45 ////; 
ttag +46 ////; 
ttag +47 ////; 
ttag +48 ////; 
ttag +49 71/65/52/73/52; 
ttag +50 100/100/100/100/100; 
ttag +51 94/91/91/94/87; 
ttag +52 99/99/96/100/98; 
ttag +53 62/53/50/61/40; 
ttag +54 47/25/20/21/16; 
ttag +55 99/99/97/100/96; 
ttag +56 82/77/59/80/60; 
ttag +57 94/94/88/95/87; 
ttag +58 68/56/41/47/44; 
ttag +59 98/97/90/99/92; 
ttag +60 100/100/100/100/100; 
ttag +61 100/100/98/99/99; 
ttag +62 52/35/22/36/17; 
ttag +63 54/37/20/36/24; 
ttag +64 100/100/100/100/100; 
ttag +65 99/98/92/98/91; 
ttag +66 76/65/60/60/58; 
ttag +67 98/98/98/99/96; 
ttag +68 96/96/95/96/93; 
ttag +69 100/100/100/100/100; 
ttag +70 94/94/91/92/90; 
ttag +71 97/96/92/96/90; 
ttag +72 95/94/88/93/90; 
ttag +73 85/80/82/90/77; 
ttag +74 24/[16]/?/?/?; 
ttag +75 94/93/82/90/78; 
ttag +76 94/92/85/92/88; 
ttag +77 88/86/74/85/69; 
ttag +78 99/98/96/100/98; 
ttag +79 94/92/81/95/84; 
ttag +80 97/96/83/96/83; 
ttag +81 100/100/100/100/100; 
ttag +82 64/52/30/58/31; 
ttag +83 96/95/94/94/92; 
ttag +84 60/47/25/52/24; 
ttag +85 100/100/100/100/99; 
ttag +86 98/98/91/98/93; 
ttag +87 87/82/77/84/76; 
ttag +88 90/89/84/91/86; 
ttag +89 91/89/86/92/82; 
ttag +90 99/99/96/98/96; 
ttag +91 84/79/80/86/66; 
ttag +92 54/25/16/40/14; 
ttag +93 100/100/100/100/99; 
ttag +94 100/100/98/99/99; 
