tread
'Tree with tags' 
(0 (1 (((2 3 )((((4 5 )(6 7 ))(8 9 ))(10 (11 12 ))))(13 14 )(17 (15 16 )(18 (19 ((20 21 )((22 23 )(24 25 ))))))((26 27 (28 (29 30 )))(39 (31 ((32 33 )(34 35 )(36 (37 38 ))))((40 41 )(42 (43 ((44 45 )(46 47 )))))))))); 
ttag *!; 
ttag +49 ???; 
ttag +50 5; 
ttag +51 10; 
ttag +52 1; 
ttag +53 4; 
ttag +54 6; 
ttag +55 2; 
ttag +56 2; 
ttag +57 1; 
ttag +58 1; 
ttag +59 7; 
ttag +60 12; 
ttag +61 5; 
ttag +62 11; 
ttag +63 3; 
ttag +64 5; 
ttag +65 2; 
ttag +66 12; 
ttag +67 7; 
ttag +68 7; 
ttag +69 5; 
ttag +70 6; 
ttag +71 2; 
ttag +72 6; 
ttag +73 5; 
ttag +74 8; 
ttag +75 6; 
ttag +76 4; 
ttag +77 3; 
ttag +78 3; 
ttag +79 5; 
ttag +80 6; 
ttag +81 7; 
ttag +82 1; 
ttag +83 9; 
ttag +84 4; 
ttag +85 4; 
ttag +86 3; 
ttag +87 4; 
ttag +88 3; 
tread
'Tree with tags' 
(0 (1 (((2 3 )((((4 5 )(6 7 ))(8 9 ))(10 (11 12 ))))((13 14 )(((17 (15 16 ))(18 (19 ((20 21 )((22 23 )(24 25 ))))))(((26 27 )(28 (29 30 )))((31 (((32 33 )(34 35 ))(36 (37 38 ))))(39 ((40 41 )(42 (43 ((44 45 )(46 47 ))))))))))))); 
ttag *!; 
ttag +0 ////; 
ttag +1 ////; 
ttag +2 ////; 
ttag +3 ////; 
ttag +4 ////; 
ttag +5 ////; 
ttag +6 ////; 
ttag +7 ////; 
ttag +8 ////; 
ttag +9 ////; 
ttag +10 ////; 
ttag +11 ////; 
ttag +12 ////; 
ttag +13 ////; 
ttag +14 ////; 
ttag +15 ////; 
ttag +16 ////; 
ttag +17 ////; 
ttag +18 ////; 
ttag +19 ////; 
ttag +20 ////; 
ttag +21 ////; 
ttag +22 ////; 
ttag +23 ////; 
ttag +24 ////; 
ttag +25 ////; 
ttag +26 ////; 
ttag +27 ////; 
ttag +28 ////; 
ttag +29 ////; 
ttag +30 ////; 
ttag +31 ////; 
ttag +32 ////; 
ttag +33 ////; 
ttag +34 ////; 
ttag +35 ////; 
ttag +36 ////; 
ttag +37 ////; 
ttag +38 ////; 
ttag +39 ////; 
ttag +40 ////; 
ttag +41 ////; 
ttag +42 ////; 
ttag +43 ////; 
ttag +44 ////; 
ttag +45 ////; 
ttag +46 ////; 
ttag +47 ////; 
ttag +48 ////; 
ttag +49 100/100/100/100/100; 
ttag +50 99/99/98/98/97; 
ttag +51 99/99/99/99/98; 
ttag +52 43/20/5/11/10; 
ttag +53 94/93/87/88/90; 
ttag +54 98/97/90/97/96; 
ttag +55 76/70/60/67/62; 
ttag +56 76/62/62/75/58; 
ttag +57 54/26/29/32/27; 
ttag +58 47/26/24/27/20; 
ttag +59 95/92/91/97/96; 
ttag +60 100/100/100/100/100; 
ttag +61 99/99/98/98/96; 
ttag +62 30/7/?/2/?; 
ttag +63 100/100/99/100/100; 
ttag +64 23/[8]/?/?/?; 
ttag +65 86/83/73/78/73; 
ttag +66 20/[2]/?/?/?; 
ttag +67 88/81/74/83/73; 
ttag +68 66/50/44/50/44; 
ttag +69 100/100/100/100/100; 
ttag +70 100/100/98/99/96; 
ttag +71 100/100/96/98/99; 
ttag +72 96/96/88/95/90; 
ttag +73 98/98/95/99/96; 
ttag +74 40/7/17/16/14; 
ttag +75 82/78/69/72/60; 
ttag +76 100/100/95/98/93; 
ttag +77 98/97/94/98/94; 
ttag +78 100/100/98/100/98; 
ttag +79 99/99/97/99/98; 
ttag +80 96/95/80/95/83; 
ttag +81 92/92/86/92/84; 
ttag +82 17/[5]/3/?/4; 
ttag +83 94/93/80/90/86; 
ttag +84 99/99/100/99/99; 
ttag +85 99/99/97/99/98; 
ttag +86 99/99/96/98/98; 
ttag +87 22/[32]/?/?/?; 
ttag +88 65/46/49/61/45; 
ttag +89 99/99/99/99/98; 
ttag +90 98/97/88/95/91; 
ttag +91 93/91/90/96/90; 
ttag +92 82/74/59/78/66; 
ttag +93 92/90/79/90/78; 
ttag +94 88/86/71/80/68; 
