tread
'Tree with tags' 
(0 (((1 (((2 3 )(7 (6 (4 5 ))))((8 9 )(10 (11 12 )))))((26 27 (28 (29 30 )))(39 (31 ((32 33 )((34 35 )(36 (37 38 )))))((40 41 )(42 (43 ((44 45 )(46 47 ))))))))((13 14 )(15 16 )(17 (18 (19 ((20 21 )((22 23 )(24 25 ))))))))); 
ttag *!; 
ttag +49 2; 
ttag +50 2; 
ttag +51 ???; 
ttag +52 11; 
ttag +53 1; 
ttag +54 8; 
ttag +55 7; 
ttag +56 2; 
ttag +57 6; 
ttag +58 1; 
ttag +59 3; 
ttag +60 2; 
ttag +61 10; 
ttag +62 6; 
ttag +63 2; 
ttag +64 8; 
ttag +65 2; 
ttag +66 1; 
ttag +67 1; 
ttag +68 6; 
ttag +69 6; 
ttag +70 7; 
ttag +71 1; 
ttag +72 1; 
ttag +73 2; 
ttag +74 4; 
ttag +75 12; 
ttag +76 7; 
ttag +77 7; 
ttag +78 4; 
ttag +79 13; 
ttag +80 6; 
ttag +81 4; 
ttag +82 1; 
ttag +83 8; 
ttag +84 8; 
ttag +85 7; 
ttag +86 1; 
ttag +87 11; 
ttag +88 2; 
ttag +89 5; 
ttag +90 10; 
ttag +91 2; 
tread
'Tree with tags' 
(0 (((1 (((2 3 )(7 (6 (4 5 ))))((8 9 )(10 (11 12 )))))((26 (27 (28 (29 30 ))))((39 (31 ((32 33 )((34 35 )(36 (37 38 ))))))((40 41 )(42 (43 ((44 45 )(46 47 ))))))))(((13 14 )(15 16 ))(17 (18 (19 ((20 21 )((22 23 )(24 25 ))))))))); 
ttag *!; 
ttag +0 ////; 
ttag +1 ////; 
ttag +2 ////; 
ttag +3 ////; 
ttag +4 ////; 
ttag +5 ////; 
ttag +6 ////; 
ttag +7 ////; 
ttag +8 ////; 
ttag +9 ////; 
ttag +10 ////; 
ttag +11 ////; 
ttag +12 ////; 
ttag +13 ////; 
ttag +14 ////; 
ttag +15 ////; 
ttag +16 ////; 
ttag +17 ////; 
ttag +18 ////; 
ttag +19 ////; 
ttag +20 ////; 
ttag +21 ////; 
ttag +22 ////; 
ttag +23 ////; 
ttag +24 ////; 
ttag +25 ////; 
ttag +26 ////; 
ttag +27 ////; 
ttag +28 ////; 
ttag +29 ////; 
ttag +30 ////; 
ttag +31 ////; 
ttag +32 ////; 
ttag +33 ////; 
ttag +34 ////; 
ttag +35 ////; 
ttag +36 ////; 
ttag +37 ////; 
ttag +38 ////; 
ttag +39 ////; 
ttag +40 ////; 
ttag +41 ////; 
ttag +42 ////; 
ttag +43 ////; 
ttag +44 ////; 
ttag +45 ////; 
ttag +46 ////; 
ttag +47 ////; 
ttag +48 ////; 
ttag +49 56/49/37/46/26; 
ttag +50 54/47/40/45/33; 
ttag +51 100/100/100/100/100; 
ttag +52 100/100/98/100/100; 
ttag +53 41/5/?/4/?; 
ttag +54 92/90/89/95/82; 
ttag +55 100/100/98/100/98; 
ttag +56 68/61/54/66/52; 
ttag +57 93/92/88/92/82; 
ttag +58 62/44/34/34/36; 
ttag +59 78/74/64/76/56; 
ttag +60 72/63/43/54/44; 
ttag +61 100/100/100/100/100; 
ttag +62 100/100/100/99/100; 
ttag +63 28/[20]/?/?/?; 
ttag +64 61/53/40/61/39; 
ttag +65 100/100/98/99/98; 
ttag +66 64/48/49/56/55; 
ttag +67 38/23/14/26/12; 
ttag +68 36/22/14/20/8; 
ttag +69 100/100/100/100/100; 
ttag +70 96/95/89/94/89; 
ttag +71 98/97/98/98/94; 
ttag +72 32/[3]/?/8/?; 
ttag +73 46/20/16/28/21; 
ttag +74 82/77/72/82/76; 
ttag +75 93/92/83/89/74; 
ttag +76 29/[20]/?/?/?; 
ttag +77 100/100/100/100/100; 
ttag +78 100/100/99/100/99; 
ttag +79 98/97/92/97/91; 
ttag +80 29/0/?/?/?; 
ttag +81 91/88/86/93/74; 
ttag +82 100/100/100/100/100; 
ttag +83 98/97/90/97/87; 
ttag +84 90/88/79/94/78; 
ttag +85 57/53/37/56/48; 
ttag +86 100/100/98/99/98; 
ttag +87 99/99/99/99/98; 
ttag +88 98/98/98/100/99; 
ttag +89 69/47/44/49/39; 
ttag +90 100/100/98/100/97; 
ttag +91 74/66/59/74/59; 
ttag +92 96/95/89/94/85; 
ttag +93 99/99/98/100/99; 
ttag +94 76/68/65/75/60; 
