tread
'Tree with tags' 
(0 (1 ((((2 3 )((4 5 )(6 7 )))(8 (9 (10 (11 12 )))))((13 14 )(((15 16 )(17 (18 (19 ((20 21 )((22 23 )(24 25 )))))))((26 27 (28 (29 30 )))(39 ((31 (((32 33 )(36 (37 38 )))(34 35 )))((40 41 )(43 (42 ((44 45 )(46 47 ))))))))))))); 
ttag *!; 
ttag +49 ???; 
ttag +50 7; 
ttag +51 1; 
ttag +52 9; 
ttag +53 1; 
ttag +54 6; 
ttag +55 5; 
ttag +56 3; 
ttag +57 1; 
ttag +58 1; 
ttag +59 10; 
ttag +60 10; 
ttag +61 11; 
ttag +62 1; 
ttag +63 11; 
ttag +64 3; 
ttag +65 1; 
ttag +66 6; 
ttag +67 4; 
ttag +68 5; 
ttag +69 8; 
ttag +70 11; 
ttag +71 9; 
ttag +72 5; 
ttag +73 6; 
ttag +74 9; 
ttag +75 5; 
ttag +76 1; 
ttag +77 11; 
ttag +78 2; 
ttag +79 1; 
ttag +80 7; 
ttag +81 8; 
ttag +82 1; 
ttag +83 6; 
ttag +84 4; 
ttag +85 9; 
ttag +86 8; 
ttag +87 2; 
ttag +88 9; 
ttag +89 2; 
ttag +90 8; 
ttag +91 6; 
ttag +92 7; 
ttag +93 4; 
tread
'Tree with tags' 
(0 (1 ((((2 3 )((4 5 )(6 7 )))(8 (9 (10 (11 12 )))))((13 14 )(((15 16 )(17 (18 (19 ((20 21 )((22 23 )(24 25 )))))))((26 (27 (28 (29 30 ))))(39 ((31 (((32 33 )(36 (37 38 )))(34 35 )))((40 41 )(43 (42 ((44 45 )(46 47 ))))))))))))); 
ttag *!; 
ttag +0 ////; 
ttag +1 ////; 
ttag +2 ////; 
ttag +3 ////; 
ttag +4 ////; 
ttag +5 ////; 
ttag +6 ////; 
ttag +7 ////; 
ttag +8 ////; 
ttag +9 ////; 
ttag +10 ////; 
ttag +11 ////; 
ttag +12 ////; 
ttag +13 ////; 
ttag +14 ////; 
ttag +15 ////; 
ttag +16 ////; 
ttag +17 ////; 
ttag +18 ////; 
ttag +19 ////; 
ttag +20 ////; 
ttag +21 ////; 
ttag +22 ////; 
ttag +23 ////; 
ttag +24 ////; 
ttag +25 ////; 
ttag +26 ////; 
ttag +27 ////; 
ttag +28 ////; 
ttag +29 ////; 
ttag +30 ////; 
ttag +31 ////; 
ttag +32 ////; 
ttag +33 ////; 
ttag +34 ////; 
ttag +35 ////; 
ttag +36 ////; 
ttag +37 ////; 
ttag +38 ////; 
ttag +39 ////; 
ttag +40 ////; 
ttag +41 ////; 
ttag +42 ////; 
ttag +43 ////; 
ttag +44 ////; 
ttag +45 ////; 
ttag +46 ////; 
ttag +47 ////; 
ttag +48 ////; 
ttag +49 100/100/100/100/100; 
ttag +50 99/99/98/99/99; 
ttag +51 60/54/41/47/36; 
ttag +52 100/100/93/98/94; 
ttag +53 60/50/41/52/47; 
ttag +54 99/99/97/98/96; 
ttag +55 94/93/86/93/84; 
ttag +56 69/60/49/70/53; 
ttag +57 59/42/38/44/44; 
ttag +58 43/8/4/2/4; 
ttag +59 100/100/99/100/100; 
ttag +60 100/100/99/100/100; 
ttag +61 100/100/100/100/100; 
ttag +62 44/28/11/28/18; 
ttag +63 100/100/98/100/98; 
ttag +64 72/58/41/56/35; 
ttag +65 31/15/5/26/8; 
ttag +66 100/100/93/99/95; 
ttag +67 97/97/90/96/89; 
ttag +68 97/96/91/96/86; 
ttag +69 100/100/100/100/100; 
ttag +70 100/100/100/100/99; 
ttag +71 100/100/100/99/99; 
ttag +72 98/97/95/98/97; 
ttag +73 99/99/94/97/94; 
ttag +74 99/99/96/100/95; 
ttag +75 98/97/89/96/90; 
ttag +76 38/6/?/?/?; 
ttag +77 70/57/55/55/51; 
ttag +78 99/99/98/100/98; 
ttag +79 76/72/64/69/60; 
ttag +80 62/49/50/53/47; 
ttag +81 98/97/96/98/97; 
ttag +82 100/100/98/99/98; 
ttag +83 45/23/13/27/21; 
ttag +84 92/90/90/94/88; 
ttag +85 88/82/77/86/79; 
ttag +86 100/100/97/100/100; 
ttag +87 100/100/97/99/96; 
ttag +88 59/46/35/44/30; 
ttag +89 99/99/98/99/99; 
ttag +90 58/47/23/51/35; 
ttag +91 99/99/98/100/96; 
ttag +92 100/100/99/100/97; 
ttag +93 99/99/96/98/96; 
ttag +94 96/94/85/95/81; 
