tread
'Tree with tags' 
(0 ((1 ((13 14 )(17 (15 16 )(18 (19 ((20 21 )((22 23 )(24 25 ))))))((26 (27 (28 (29 30 ))))((39 (31 (((32 33 )(34 35 ))(36 (37 38 )))))((40 41 )(42 (43 (46 47 (44 45 )))))))))((2 3 )((6 (7 (4 5 )))(10 ((8 9 )(11 12 ))))))); 
ttag *!; 
ttag +49 1; 
ttag +50 ???; 
ttag +51 3; 
ttag +52 7; 
ttag +53 7; 
ttag +54 1; 
ttag +55 3; 
ttag +56 3; 
ttag +57 1; 
ttag +58 1; 
ttag +59 2; 
ttag +60 6; 
ttag +61 8; 
ttag +62 1; 
ttag +63 11; 
ttag +64 4; 
ttag +65 6; 
ttag +66 4; 
ttag +67 7; 
ttag +68 4; 
ttag +69 12; 
ttag +70 6; 
ttag +71 6; 
ttag +72 4; 
ttag +73 1; 
ttag +74 4; 
ttag +75 6; 
ttag +76 13; 
ttag +77 5; 
ttag +78 1; 
ttag +79 4; 
ttag +80 6; 
ttag +81 1; 
ttag +82 8; 
ttag +83 3; 
ttag +84 7; 
ttag +85 7; 
ttag +86 3; 
ttag +87 2; 
ttag +88 1; 
ttag +89 3; 
ttag +90 3; 
ttag +91 3; 
tread
'Tree with tags' 
(0 ((1 (((13 14 )((15 16 )(17 (18 (19 ((20 21 )((22 23 )(24 25 ))))))))((26 (27 (28 (29 30 ))))((39 (31 (((32 33 )(34 35 ))(36 (37 38 )))))((40 41 )(42 (43 (46 (47 (44 45 ))))))))))((2 3 )((6 (7 (4 5 )))(10 ((8 9 )(11 12 ))))))); 
ttag *!; 
ttag +0 ////; 
ttag +1 ////; 
ttag +2 ////; 
ttag +3 ////; 
ttag +4 ////; 
ttag +5 ////; 
ttag +6 ////; 
ttag +7 ////; 
ttag +8 ////; 
ttag +9 ////; 
ttag +10 ////; 
ttag +11 ////; 
ttag +12 ////; 
ttag +13 ////; 
ttag +14 ////; 
ttag +15 ////; 
ttag +16 ////; 
ttag +17 ////; 
ttag +18 ////; 
ttag +19 ////; 
ttag +20 ////; 
ttag +21 ////; 
ttag +22 ////; 
ttag +23 ////; 
ttag +24 ////; 
ttag +25 ////; 
ttag +26 ////; 
ttag +27 ////; 
ttag +28 ////; 
ttag +29 ////; 
ttag +30 ////; 
ttag +31 ////; 
ttag +32 ////; 
ttag +33 ////; 
ttag +34 ////; 
ttag +35 ////; 
ttag +36 ////; 
ttag +37 ////; 
ttag +38 ////; 
ttag +39 ////; 
ttag +40 ////; 
ttag +41 ////; 
ttag +42 ////; 
ttag +43 ////; 
ttag +44 ////; 
ttag +45 ////; 
ttag +46 ////; 
ttag +47 ////; 
ttag +48 ////; 
ttag +49 22/[3]/?/?/?; 
ttag +50 100/100/100/100/100; 
ttag +51 80/70/71/76/69; 
ttag +52 99/98/99/99/97; 
ttag +53 99/99/97/100/98; 
ttag +54 61/47/42/56/42; 
ttag +55 87/80/72/78/68; 
ttag +56 90/89/80/89/83; 
ttag +57 38/22/22/24/17; 
ttag +58 60/38/24/36/31; 
ttag +59 64/54/49/60/44; 
ttag +60 96/95/89/91/89; 
ttag +61 100/100/99/100/98; 
ttag +62 19/[6]/0/5/1; 
ttag +63 39/13/17/16/12; 
ttag +64 100/100/100/100/99; 
ttag +65 96/95/87/95/90; 
ttag +66 25/[25]/?/?/?; 
ttag +67 98/98/94/97/94; 
ttag +68 96/95/94/98/94; 
ttag +69 99/99/100/100/100; 
ttag +70 91/89/86/94/87; 
ttag +71 100/100/100/100/100; 
ttag +72 98/97/93/99/96; 
ttag +73 97/97/93/97/96; 
ttag +74 99/99/98/99/96; 
ttag +75 40/30/27/34/33; 
ttag +76 98/97/94/99/93; 
ttag +77 98/97/97/98/95; 
ttag +78 100/100/100/100/99; 
ttag +79 94/92/85/91/88; 
ttag +80 69/66/52/62/54; 
ttag +81 89/85/72/81/75; 
ttag +82 99/99/97/100/98; 
ttag +83 59/35/24/28/26; 
ttag +84 100/100/100/100/99; 
ttag +85 95/95/91/93/92; 
ttag +86 99/99/100/99/97; 
ttag +87 99/99/98/99/97; 
ttag +88 89/86/75/88/75; 
ttag +89 80/76/66/72/71; 
ttag +90 78/68/62/64/58; 
ttag +91 94/93/84/90/85; 
ttag +92 92/88/79/87/70; 
ttag +93 33/[5]/?/?/?; 
ttag +94 86/79/73/92/79; 
