tread
'Tree with tags' 
(0 ((1 (8 9 (2 3 )((4 5 )(6 7 ))(10 (11 12 ))))(((13 14 )((26 (27 (28 (29 30 ))))(39 (31 ((32 33 )((34 35 )(36 (37 38 )))))(40 41 (42 (43 ((44 45 )(46 47 ))))))))((17 (15 16 ))(19 (18 ((20 21 )((22 23 )(24 25 ))))))))); 
ttag *!; 
ttag +49 2; 
ttag +50 ???; 
ttag +51 4; 
ttag +52 10; 
ttag +53 9; 
ttag +54 5; 
ttag +55 1; 
ttag +56 1; 
ttag +57 13; 
ttag +58 7; 
ttag +59 1; 
ttag +60 2; 
ttag +61 12; 
ttag +62 2; 
ttag +63 2; 
ttag +64 2; 
ttag +65 5; 
ttag +66 7; 
ttag +67 4; 
ttag +68 10; 
ttag +69 7; 
ttag +70 7; 
ttag +71 4; 
ttag +72 6; 
ttag +73 3; 
ttag +74 8; 
ttag +75 9; 
ttag +76 3; 
ttag +77 3; 
ttag +78 10; 
ttag +79 1; 
ttag +80 2; 
ttag +81 4; 
ttag +82 12; 
ttag +83 10; 
ttag +84 6; 
ttag +85 9; 
ttag +86 6; 
ttag +87 5; 
ttag +88 4; 
ttag +89 5; 
tread
'Tree with tags' 
(0 ((1 (9 (((2 3 )(8 (10 (11 12 ))))((4 5 )(6 7 )))))(((13 14 )((26 (27 (28 (29 30 ))))((31 ((32 33 )((34 35 )(36 (37 38 )))))(39 (41 (40 (42 (43 ((44 45 )(46 47 ))))))))))((17 (15 16 ))(19 (18 ((20 21 )((22 23 )(24 25 ))))))))); 
ttag *!; 
ttag +0 ////; 
ttag +1 ////; 
ttag +2 ////; 
ttag +3 ////; 
ttag +4 ////; 
ttag +5 ////; 
ttag +6 ////; 
ttag +7 ////; 
ttag +8 ////; 
ttag +9 ////; 
ttag +10 ////; 
ttag +11 ////; 
ttag +12 ////; 
ttag +13 ////; 
ttag +14 ////; 
ttag +15 ////; 
ttag +16 ////; 
ttag +17 ////; 
ttag +18 ////; 
ttag +19 ////; 
ttag +20 ////; 
ttag +21 ////; 
ttag +22 ////; 
ttag +23 ////; 
ttag +24 ////; 
ttag +25 ////; 
ttag +26 ////; 
ttag +27 ////; 
ttag +28 ////; 
ttag +29 ////; 
ttag +30 ////; 
ttag +31 ////; 
ttag +32 ////; 
ttag +33 ////; 
ttag +34 ////; 
ttag +35 ////; 
ttag +36 ////; 
ttag +37 ////; 
ttag +38 ////; 
ttag +39 ////; 
ttag +40 ////; 
ttag +41 ////; 
ttag +42 ////; 
ttag +43 ////; 
ttag +44 ////; 
ttag +45 ////; 
ttag +46 ////; 
ttag +47 ////; 
ttag +48 ////; 
ttag +49 62/54/34/48/33; 
ttag +50 100/100/100/100/100; 
ttag +51 95/94/92/95/93; 
ttag +52 28/5/7/4/6; 
ttag +53 28/6/4/10/7; 
ttag +54 99/99/98/100/96; 
ttag +55 100/100/99/99/98; 
ttag +56 94/94/87/94/85; 
ttag +57 67/50/48/50/47; 
ttag +58 10/[8]/?/?/?; 
ttag +59 63/52/47/55/49; 
ttag +60 100/100/100/100/100; 
ttag +61 99/99/98/99/98; 
ttag +62 51/45/33/47/33; 
ttag +63 48/38/22/34/17; 
ttag +64 100/100/100/100/100; 
ttag +65 41/4/?/14/?; 
ttag +66 68/58/44/58/41; 
ttag +67 46/23/22/37/24; 
ttag +68 94/94/91/98/95; 
ttag +69 100/100/100/100/100; 
ttag +70 91/88/88/92/92; 
ttag +71 100/100/100/100/100; 
ttag +72 98/98/94/99/96; 
ttag +73 99/99/98/99/96; 
ttag +74 92/88/84/94/76; 
ttag +75 98/97/97/96/94; 
ttag +76 93/93/90/93/88; 
ttag +77 100/100/98/100/100; 
ttag +78 100/100/99/99/99; 
ttag +79 81/79/70/88/72; 
ttag +80 88/84/78/80/72; 
ttag +81 100/100/99/100/100; 
ttag +82 62/52/53/55/50; 
ttag +83 82/76/80/76/75; 
ttag +84 96/94/88/96/87; 
ttag +85 100/100/100/100/97; 
ttag +86 100/100/100/100/99; 
ttag +87 16/[10]/?/?/?; 
ttag +88 44/12/10/16/5; 
ttag +89 96/94/93/99/93; 
ttag +90 100/100/99/100/98; 
ttag +91 99/98/94/100/93; 
ttag +92 96/94/92/97/92; 
ttag +93 95/94/92/91/87; 
ttag +94 98/98/95/98/96; 
