tread
'Tree with tags' 
(0 (1 ((2 3 )((8 (9 ((4 5 )(6 7 ))))(10 (11 12 ))))((13 14 )((15 16 )(17 (18 (19 ((20 21 )((22 23 )(24 25 )))))))((26 27 (28 (29 30 )))(39 ((31 (((32 33 )(34 35 ))(36 (37 38 ))))((40 41 )(42 43 ((44 45 )(46 47 )))))))))); 
ttag *!; 
ttag +49 ???; 
ttag +50 8; 
ttag +51 7; 
ttag +52 11; 
ttag +53 8; 
ttag +54 1; 
ttag +55 1; 
ttag +56 2; 
ttag +57 3; 
ttag +58 7; 
ttag +59 3; 
ttag +60 7; 
ttag +61 1; 
ttag +62 10; 
ttag +63 7; 
ttag +64 1; 
ttag +65 3; 
ttag +66 1; 
ttag +67 11; 
ttag +68 8; 
ttag +69 12; 
ttag +70 6; 
ttag +71 2; 
ttag +72 11; 
ttag +73 6; 
ttag +74 5; 
ttag +75 7; 
ttag +76 9; 
ttag +77 3; 
ttag +78 10; 
ttag +79 9; 
ttag +80 1; 
ttag +81 4; 
ttag +82 2; 
ttag +83 6; 
ttag +84 8; 
ttag +85 5; 
ttag +86 3; 
ttag +87 9; 
ttag +88 6; 
ttag +89 3; 
ttag +90 1; 
tread
'Tree with tags' 
(0 ((1 ((2 3 )((8 (9 ((4 5 )(6 7 ))))(10 (11 12 )))))(((13 14 )((15 16 )(17 (18 (19 ((20 21 )((22 23 )(24 25 ))))))))((26 (27 (28 (29 30 ))))(39 ((31 (((32 33 )(34 35 ))(36 (37 38 ))))((40 41 )(43 (42 ((44 45 )(46 47 ))))))))))); 
ttag *!; 
ttag +0 ////; 
ttag +1 ////; 
ttag +2 ////; 
ttag +3 ////; 
ttag +4 ////; 
ttag +5 ////; 
ttag +6 ////; 
ttag +7 ////; 
ttag +8 ////; 
ttag +9 ////; 
ttag +10 ////; 
ttag +11 ////; 
ttag +12 ////; 
ttag +13 ////; 
ttag +14 ////; 
ttag +15 ////; 
ttag +16 ////; 
ttag +17 ////; 
ttag +18 ////; 
ttag +19 ////; 
ttag +20 ////; 
ttag +21 ////; 
ttag +22 ////; 
ttag +23 ////; 
ttag +24 ////; 
ttag +25 ////; 
ttag +26 ////; 
ttag +27 ////; 
ttag +28 ////; 
ttag +29 ////; 
ttag +30 ////; 
ttag +31 ////; 
ttag +32 ////; 
ttag +33 ////; 
ttag +34 ////; 
ttag +35 ////; 
ttag +36 ////; 
ttag +37 ////; 
ttag +38 ////; 
ttag +39 ////; 
ttag +40 ////; 
ttag +41 ////; 
ttag +42 ////; 
ttag +43 ////; 
ttag +44 ////; 
ttag +45 ////; 
ttag +46 ////; 
ttag +47 ////; 
ttag +48 ////; 
ttag +49 18/[1]/2/?/?; 
ttag +50 100/100/100/100/100; 
ttag +51 100/100/100/100/99; 
ttag +52 98/98/93/98/91; 
ttag +53 100/100/100/100/99; 
ttag +54 98/98/94/97/94; 
ttag +55 30/17/12/16/4; 
ttag +56 40/27/19/26/19; 
ttag +57 54/41/38/41/28; 
ttag +58 87/82/72/84/80; 
ttag +59 94/92/92/96/89; 
ttag +60 84/77/74/81/74; 
ttag +61 98/98/96/98/98; 
ttag +62 12/[14]/?/?/?; 
ttag +63 39/28/25/36/23; 
ttag +64 100/100/100/100/100; 
ttag +65 96/95/94/96/98; 
ttag +66 60/54/55/46/55; 
ttag +67 89/86/76/89/72; 
ttag +68 74/62/60/57/59; 
ttag +69 100/100/100/100/100; 
ttag +70 100/100/99/100/100; 
ttag +71 100/100/100/100/100; 
ttag +72 100/100/99/99/100; 
ttag +73 67/48/40/60/44; 
ttag +74 100/100/100/100/99; 
ttag +75 88/86/74/88/81; 
ttag +76 38/1/?/?/?; 
ttag +77 98/98/95/98/94; 
ttag +78 100/100/97/99/98; 
ttag +79 100/100/100/99/99; 
ttag +80 72/65/53/69/56; 
ttag +81 99/99/97/100/99; 
ttag +82 100/100/100/100/100; 
ttag +83 54/51/49/57/52; 
ttag +84 95/94/94/98/90; 
ttag +85 90/90/86/84/82; 
ttag +86 96/96/89/96/94; 
ttag +87 99/99/99/100/98; 
ttag +88 96/95/93/97/93; 
ttag +89 65/57/43/62/47; 
ttag +90 29/4/?/2/4; 
ttag +91 99/99/98/100/98; 
ttag +92 98/97/95/98/94; 
ttag +93 80/78/63/82/77; 
ttag +94 46/22/15/36/17; 
