tread
'Tree with tags' 
(0 ((1 (((2 3 )(((4 5 )(6 7 ))((8 9 )(10 (11 12 )))))(13 14 )))(((17 (15 16 ))(18 (19 ((20 21 )((22 23 )(24 25 ))))))((26 (27 (28 (29 30 ))))((39 (31 ((32 33 )((34 35 )(36 (37 38 ))))))((40 41 )(42 (43 (46 (47 (44 45 ))))))))))); 
ttag *!; 
ttag +49 1; 
ttag +50 ???; 
ttag +51 1; 
ttag +52 4; 
ttag +53 1; 
ttag +54 4; 
ttag +55 4; 
ttag +56 1; 
ttag +57 2; 
ttag +58 1; 
ttag +59 5; 
ttag +60 5; 
ttag +61 5; 
ttag +62 6; 
ttag +63 12; 
ttag +64 1; 
ttag +65 1; 
ttag +66 1; 
ttag +67 10; 
ttag +68 2; 
ttag +69 11; 
ttag +70 12; 
ttag +71 8; 
ttag +72 4; 
ttag +73 6; 
ttag +74 13; 
ttag +75 1; 
ttag +76 1; 
ttag +77 3; 
ttag +78 10; 
ttag +79 8; 
ttag +80 1; 
ttag +81 2; 
ttag +82 3; 
ttag +83 3; 
ttag +84 4; 
ttag +85 1; 
ttag +86 5; 
ttag +87 7; 
ttag +88 5; 
ttag +89 2; 
ttag +90 9; 
ttag +91 1; 
ttag +92 8; 
ttag +93 2; 
ttag +94 9; 
tread
'Tree with tags' 
(0 ((1 (((2 3 )(((4 5 )(6 7 ))((8 9 )(10 (11 12 )))))(13 14 )))(((17 (15 16 ))(18 (19 ((20 21 )((22 23 )(24 25 ))))))((26 (27 (28 (29 30 ))))((39 (31 ((32 33 )((34 35 )(36 (37 38 ))))))((40 41 )(42 (43 (46 (47 (44 45 ))))))))))); 
ttag *!; 
ttag +0 ////; 
ttag +1 ////; 
ttag +2 ////; 
ttag +3 ////; 
ttag +4 ////; 
ttag +5 ////; 
ttag +6 ////; 
ttag +7 ////; 
ttag +8 ////; 
ttag +9 ////; 
ttag +10 ////; 
ttag +11 ////; 
ttag +12 ////; 
ttag +13 ////; 
ttag +14 ////; 
ttag +15 ////; 
ttag +16 ////; 
ttag +17 ////; 
ttag +18 ////; 
ttag +19 ////; 
ttag +20 ////; 
ttag +21 ////; 
ttag +22 ////; 
ttag +23 ////; 
ttag +24 ////; 
ttag +25 ////; 
ttag +26 ////; 
ttag +27 ////; 
ttag +28 ////; 
ttag +29 ////; 
ttag +30 ////; 
ttag +31 ////; 
ttag +32 ////; 
ttag +33 ////; 
ttag +34 ////; 
ttag +35 ////; 
ttag +36 ////; 
ttag +37 ////; 
ttag +38 ////; 
ttag +39 ////; 
ttag +40 ////; 
ttag +41 ////; 
ttag +42 ////; 
ttag +43 ////; 
ttag +44 ////; 
ttag +45 ////; 
ttag +46 ////; 
ttag +47 ////; 
ttag +48 ////; 
ttag +49 21/[6]/?/?/?; 
ttag +50 100/100/100/100/100; 
ttag +51 81/72/65/74/58; 
ttag +52 94/94/86/96/92; 
ttag +53 42/24/12/16/16; 
ttag +54 96/94/92/98/90; 
ttag +55 88/86/79/85/79; 
ttag +56 50/21/26/24/25; 
ttag +57 44/25/30/28/22; 
ttag +58 53/28/18/26/13; 
ttag +59 94/93/78/90/81; 
ttag +60 98/97/96/97/95; 
ttag +61 99/99/98/98/97; 
ttag +62 99/98/98/99/96; 
ttag +63 100/100/98/100/99; 
ttag +64 24/[12]/?/?/?; 
ttag +65 31/[5]/?/?/?; 
ttag +66 34/16/9/8/9; 
ttag +67 100/100/98/99/96; 
ttag +68 77/67/64/74/62; 
ttag +69 100/100/100/100/100; 
ttag +70 100/100/100/100/98; 
ttag +71 99/99/99/100/98; 
ttag +72 94/92/84/91/83; 
ttag +73 96/96/92/99/93; 
ttag +74 100/100/100/100/100; 
ttag +75 42/6/1/1/0; 
ttag +76 63/37/38/35/35; 
ttag +77 87/85/79/84/80; 
ttag +78 99/99/100/100/100; 
ttag +79 100/100/99/100/99; 
ttag +80 56/41/41/48/37; 
ttag +81 81/75/64/73/68; 
ttag +82 86/83/82/88/77; 
ttag +83 90/89/74/88/76; 
ttag +84 96/95/90/91/94; 
ttag +85 56/41/28/46/35; 
ttag +86 95/93/87/91/84; 
ttag +87 99/99/98/99/98; 
ttag +88 98/97/93/97/94; 
ttag +89 82/79/77/82/75; 
ttag +90 99/99/97/99/99; 
ttag +91 67/54/51/66/57; 
ttag +92 99/99/98/100/98; 
ttag +93 83/76/61/72/64; 
ttag +94 99/99/98/98/98; 
