tread
'Tree with tags' 
(0 (1 ((2 3 )(((7 (6 (4 5 )))(8 9 ))(10 (11 12 ))))(13 14 )(((15 16 )(17 (18 (19 ((20 21 )((22 23 )(24 25 )))))))((26 (27 (28 (29 30 ))))((31 ((32 33 )(34 35 )(36 (37 38 ))))(39 (40 41 42 (43 ((44 45 )(46 47 )))))))))); 
ttag *!; 
ttag +49 ???; 
ttag +50 7; 
ttag +51 10; 
ttag +52 4; 
ttag +53 2; 
ttag +54 9; 
ttag +55 1; 
ttag +56 1; 
ttag +57 3; 
ttag +58 8; 
ttag +59 3; 
ttag +60 10; 
ttag +61 10; 
ttag +62 4; 
ttag +63 1; 
ttag +64 1; 
ttag +65 3; 
ttag +66 4; 
ttag +67 8; 
ttag +68 2; 
ttag +69 10; 
ttag +70 9; 
ttag +71 5; 
ttag +72 5; 
ttag +73 4; 
ttag +74 5; 
ttag +75 4; 
ttag +76 11; 
ttag +77 7; 
ttag +78 2; 
ttag +79 1; 
ttag +80 4; 
ttag +81 3; 
ttag +82 9; 
ttag +83 9; 
ttag +84 2; 
ttag +85 9; 
ttag +86 5; 
ttag +87 9; 
ttag +88 3; 
ttag +89 4; 
tread
'Tree with tags' 
(0 (((1 (13 14 ))(((15 16 )(17 (18 (19 ((20 21 )((22 23 )(24 25 )))))))((26 (27 (28 (29 30 ))))((31 ((32 33 )((34 35 )(36 (37 38 )))))(39 (40 (41 (42 (43 ((44 45 )(46 47 )))))))))))((2 3 )(((7 (6 (4 5 )))(8 9 ))(10 (11 12 )))))); 
ttag *!; 
ttag +0 ////; 
ttag +1 ////; 
ttag +2 ////; 
ttag +3 ////; 
ttag +4 ////; 
ttag +5 ////; 
ttag +6 ////; 
ttag +7 ////; 
ttag +8 ////; 
ttag +9 ////; 
ttag +10 ////; 
ttag +11 ////; 
ttag +12 ////; 
ttag +13 ////; 
ttag +14 ////; 
ttag +15 ////; 
ttag +16 ////; 
ttag +17 ////; 
ttag +18 ////; 
ttag +19 ////; 
ttag +20 ////; 
ttag +21 ////; 
ttag +22 ////; 
ttag +23 ////; 
ttag +24 ////; 
ttag +25 ////; 
ttag +26 ////; 
ttag +27 ////; 
ttag +28 ////; 
ttag +29 ////; 
ttag +30 ////; 
ttag +31 ////; 
ttag +32 ////; 
ttag +33 ////; 
ttag +34 ////; 
ttag +35 ////; 
ttag +36 ////; 
ttag +37 ////; 
ttag +38 ////; 
ttag +39 ////; 
ttag +40 ////; 
ttag +41 ////; 
ttag +42 ////; 
ttag +43 ////; 
ttag +44 ////; 
ttag +45 ////; 
ttag +46 ////; 
ttag +47 ////; 
ttag +48 ////; 
ttag +49 32/[2]/4/4/7; 
ttag +50 49/37/41/34/35; 
ttag +51 100/100/100/100/100; 
ttag +52 99/99/98/99/98; 
ttag +53 100/100/98/100/99; 
ttag +54 89/86/79/90/87; 
ttag +55 86/82/67/71/77; 
ttag +56 99/99/99/100/98; 
ttag +57 26/3/9/12/?; 
ttag +58 34/11/18/16/9; 
ttag +59 92/91/88/91/87; 
ttag +60 100/100/98/100/98; 
ttag +61 87/86/78/84/67; 
ttag +62 100/100/100/99/99; 
ttag +63 100/100/99/100/100; 
ttag +64 94/94/79/94/86; 
ttag +65 56/54/52/61/57; 
ttag +66 69/60/37/55/44; 
ttag +67 84/81/64/88/78; 
ttag +68 89/86/77/88/79; 
ttag +69 100/100/100/99/100; 
ttag +70 83/81/73/83/72; 
ttag +71 99/99/99/100/99; 
ttag +72 99/99/96/100/99; 
ttag +73 97/97/90/96/88; 
ttag +74 98/97/87/94/92; 
ttag +75 80/74/65/82/65; 
ttag +76 95/94/90/96/88; 
ttag +77 93/92/86/94/84; 
ttag +78 100/100/100/100/100; 
ttag +79 97/97/94/98/91; 
ttag +80 87/84/79/82/80; 
ttag +81 68/54/60/57/54; 
ttag +82 91/90/84/91/78; 
ttag +83 89/86/84/86/81; 
ttag +84 25/[18]/?/?/?; 
ttag +85 100/100/100/99/98; 
ttag +86 100/100/100/100/99; 
ttag +87 66/55/48/66/41; 
ttag +88 99/98/96/99/98; 
ttag +89 42/8/13/9/3; 
ttag +90 36/10/5/8/9; 
ttag +91 98/97/88/97/94; 
ttag +92 99/99/98/100/100; 
ttag +93 83/76/59/82/69; 
ttag +94 96/95/92/97/91; 
