tread
'Tree with tags' 
(0 (1 (((2 3 )((6 (7 (4 5 )))(9 (8 (10 (11 12 ))))))(((13 14 )((26 (27 (28 (29 30 ))))(39 ((31 ((32 33 )((34 35 )(36 (37 38 )))))((40 41 )(43 (42 (46 47 (44 45 )))))))))((17 (15 16 ))(18 (19 ((20 21 )((22 23 )(24 25 )))))))))); 
ttag *!; 
ttag +49 ???; 
ttag +50 5; 
ttag +51 8; 
ttag +52 2; 
ttag +53 9; 
ttag +54 3; 
ttag +55 3; 
ttag +56 6; 
ttag +57 1; 
ttag +58 2; 
ttag +59 6; 
ttag +60 8; 
ttag +61 11; 
ttag +62 2; 
ttag +63 1; 
ttag +64 12; 
ttag +65 2; 
ttag +66 5; 
ttag +67 4; 
ttag +68 3; 
ttag +69 14; 
ttag +70 4; 
ttag +71 13; 
ttag +72 6; 
ttag +73 8; 
ttag +74 8; 
ttag +75 8; 
ttag +76 1; 
ttag +77 7; 
ttag +78 9; 
ttag +79 7; 
ttag +80 1; 
ttag +81 10; 
ttag +82 7; 
ttag +83 5; 
ttag +84 7; 
ttag +85 1; 
ttag +86 11; 
ttag +87 10; 
ttag +88 4; 
ttag +89 5; 
ttag +90 1; 
ttag +91 10; 
ttag +92 5; 
ttag +93 8; 
tread
'Tree with tags' 
(0 (1 (((2 3 )((6 (7 (4 5 )))(9 (8 (10 (11 12 ))))))(((13 14 )((26 (27 (28 (29 30 ))))(39 ((31 ((32 33 )((34 35 )(36 (37 38 )))))((40 41 )(43 (42 (47 (46 (44 45 ))))))))))((17 (15 16 ))(18 (19 ((20 21 )((22 23 )(24 25 )))))))))); 
ttag *!; 
ttag +0 ////; 
ttag +1 ////; 
ttag +2 ////; 
ttag +3 ////; 
ttag +4 ////; 
ttag +5 ////; 
ttag +6 ////; 
ttag +7 ////; 
ttag +8 ////; 
ttag +9 ////; 
ttag +10 ////; 
ttag +11 ////; 
ttag +12 ////; 
ttag +13 ////; 
ttag +14 ////; 
ttag +15 ////; 
ttag +16 ////; 
ttag +17 ////; 
ttag +18 ////; 
ttag +19 ////; 
ttag +20 ////; 
ttag +21 ////; 
ttag +22 ////; 
ttag +23 ////; 
ttag +24 ////; 
ttag +25 ////; 
ttag +26 ////; 
ttag +27 ////; 
ttag +28 ////; 
ttag +29 ////; 
ttag +30 ////; 
ttag +31 ////; 
ttag +32 ////; 
ttag +33 ////; 
ttag +34 ////; 
ttag +35 ////; 
ttag +36 ////; 
ttag +37 ////; 
ttag +38 ////; 
ttag +39 ////; 
ttag +40 ////; 
ttag +41 ////; 
ttag +42 ////; 
ttag +43 ////; 
ttag +44 ////; 
ttag +45 ////; 
ttag +46 ////; 
ttag +47 ////; 
ttag +48 ////; 
ttag +49 100/100/100/100/100; 
ttag +50 96/94/82/90/90; 
ttag +51 99/99/95/97/95; 
ttag +52 55/47/34/36/44; 
ttag +53 98/98/97/99/98; 
ttag +54 70/62/48/57/50; 
ttag +55 74/65/59/64/57; 
ttag +56 97/96/96/96/91; 
ttag +57 48/36/25/39/30; 
ttag +58 58/43/25/40/29; 
ttag +59 96/95/92/97/92; 
ttag +60 99/99/99/100/99; 
ttag +61 100/100/99/100/100; 
ttag +62 59/51/33/47/42; 
ttag +63 56/40/34/34/25; 
ttag +64 100/100/100/100/99; 
ttag +65 73/67/50/67/54; 
ttag +66 88/87/74/86/80; 
ttag +67 91/87/81/88/74; 
ttag +68 93/92/83/86/82; 
ttag +69 100/100/100/100/100; 
ttag +70 92/91/83/92/81; 
ttag +71 100/100/100/100/99; 
ttag +72 98/97/90/98/96; 
ttag +73 100/100/100/100/100; 
ttag +74 100/100/98/100/100; 
ttag +75 99/99/94/98/96; 
ttag +76 59/40/34/38/38; 
ttag +77 99/98/95/99/97; 
ttag +78 100/100/99/100/99; 
ttag +79 98/97/96/98/96; 
ttag +80 38/5/4/8/6; 
ttag +81 100/100/98/100/98; 
ttag +82 100/100/98/99/96; 
ttag +83 97/96/92/96/92; 
ttag +84 100/100/99/99/98; 
ttag +85 44/13/16/31/10; 
ttag +86 100/100/100/100/100; 
ttag +87 100/100/100/100/100; 
ttag +88 85/77/60/84/70; 
ttag +89 97/96/95/96/86; 
ttag +90 44/16/19/29/4; 
ttag +91 100/100/100/100/100; 
ttag +92 95/93/87/94/85; 
ttag +93 31/2/?/?/0; 
ttag +94 100/100/99/100/98; 
