tread
'Tree with tags' 
(0 (1 ((2 3 )(((4 5 )(6 7 ))(8 (9 (10 (11 12 ))))))(((13 14 )((26 (27 (28 (29 30 ))))(39 ((31 ((32 33 )(34 35 )(36 (37 38 ))))((40 41 )(42 (43 ((44 45 )(46 47 )))))))))((15 16 )(17 (18 (19 ((20 21 )((22 23 )(24 25 )))))))))); 
ttag *!; 
ttag +49 ???; 
ttag +50 9; 
ttag +51 6; 
ttag +52 4; 
ttag +53 7; 
ttag +54 2; 
ttag +55 3; 
ttag +56 1; 
ttag +57 3; 
ttag +58 2; 
ttag +59 6; 
ttag +60 9; 
ttag +61 2; 
ttag +62 3; 
ttag +63 5; 
ttag +64 5; 
ttag +65 2; 
ttag +66 4; 
ttag +67 1; 
ttag +68 7; 
ttag +69 4; 
ttag +70 8; 
ttag +71 3; 
ttag +72 1; 
ttag +73 6; 
ttag +74 10; 
ttag +75 4; 
ttag +76 8; 
ttag +77 7; 
ttag +78 7; 
ttag +79 1; 
ttag +80 6; 
ttag +81 4; 
ttag +82 1; 
ttag +83 9; 
ttag +84 11; 
ttag +85 8; 
ttag +86 4; 
ttag +87 6; 
ttag +88 8; 
ttag +89 6; 
ttag +90 7; 
ttag +91 6; 
ttag +92 4; 
tread
'Tree with tags' 
(0 ((1 (((13 14 )((26 (27 (28 (29 30 ))))(39 ((31 (((32 33 )(34 35 ))(36 (37 38 ))))((40 41 )(42 (43 ((44 45 )(46 47 )))))))))((15 16 )(17 (18 (19 ((20 21 )((22 23 )(24 25 )))))))))((2 3 )(((4 5 )(6 7 ))(8 (9 (10 (11 12 )))))))); 
ttag *!; 
ttag +0 ////; 
ttag +1 ////; 
ttag +2 ////; 
ttag +3 ////; 
ttag +4 ////; 
ttag +5 ////; 
ttag +6 ////; 
ttag +7 ////; 
ttag +8 ////; 
ttag +9 ////; 
ttag +10 ////; 
ttag +11 ////; 
ttag +12 ////; 
ttag +13 ////; 
ttag +14 ////; 
ttag +15 ////; 
ttag +16 ////; 
ttag +17 ////; 
ttag +18 ////; 
ttag +19 ////; 
ttag +20 ////; 
ttag +21 ////; 
ttag +22 ////; 
ttag +23 ////; 
ttag +24 ////; 
ttag +25 ////; 
ttag +26 ////; 
ttag +27 ////; 
ttag +28 ////; 
ttag +29 ////; 
ttag +30 ////; 
ttag +31 ////; 
ttag +32 ////; 
ttag +33 ////; 
ttag +34 ////; 
ttag +35 ////; 
ttag +36 ////; 
ttag +37 ////; 
ttag +38 ////; 
ttag +39 ////; 
ttag +40 ////; 
ttag +41 ////; 
ttag +42 ////; 
ttag +43 ////; 
ttag +44 ////; 
ttag +45 ////; 
ttag +46 ////; 
ttag +47 ////; 
ttag +48 ////; 
ttag +49 34/4/14/10/16; 
ttag +50 100/100/100/100/100; 
ttag +51 100/100/100/100/99; 
ttag +52 96/95/84/96/90; 
ttag +53 99/99/99/98/98; 
ttag +54 99/99/97/100/98; 
ttag +55 72/64/43/62/52; 
ttag +56 86/82/62/83/68; 
ttag +57 61/44/28/49/30; 
ttag +58 77/68/43/75/54; 
ttag +59 79/74/60/76/62; 
ttag +60 98/97/91/96/94; 
ttag +61 100/100/100/100/100; 
ttag +62 74/69/48/65/58; 
ttag +63 88/87/76/84/74; 
ttag +64 99/99/97/98/95; 
ttag +65 94/92/87/94/89; 
ttag +66 71/62/55/70/56; 
ttag +67 83/76/73/85/64; 
ttag +68 39/30/23/40/18; 
ttag +69 100/100/100/100/99; 
ttag +70 91/88/70/82/65; 
ttag +71 99/99/97/100/98; 
ttag +72 84/80/73/81/70; 
ttag +73 58/32/28/40/25; 
ttag +74 99/99/99/100/98; 
ttag +75 100/100/99/100/98; 
ttag +76 96/93/85/94/88; 
ttag +77 100/100/97/100/97; 
ttag +78 100/100/100/100/100; 
ttag +79 99/99/97/98/94; 
ttag +80 48/23/?/28/16; 
ttag +81 98/98/89/97/91; 
ttag +82 92/91/89/97/87; 
ttag +83 40/17/17/7/21; 
ttag +84 64/45/36/43/23; 
ttag +85 100/100/100/100/99; 
ttag +86 100/100/100/100/99; 
ttag +87 100/100/98/100/97; 
ttag +88 90/86/77/82/72; 
ttag +89 98/98/97/99/96; 
ttag +90 100/100/99/100/96; 
ttag +91 97/96/96/98/94; 
ttag +92 98/98/97/99/98; 
ttag +93 98/97/95/99/95; 
ttag +94 95/94/87/95/88; 
