tread
'Tree with tags' 
(0 ((1 ((2 3 )(((4 5 )(6 7 ))(8 9 (10 (11 12 ))))))(13 14 )(17 ((15 16 )(18 (19 ((20 21 )(22 23 )(24 25 ))))))((26 (27 (28 (29 30 ))))((39 (31 (((32 33 )(34 35 ))(36 (37 38 )))))((40 41 )(42 (43 ((44 45 )(46 47 ))))))))); 
ttag *!; 
ttag +49 1; 
ttag +50 ???; 
ttag +51 6; 
ttag +52 6; 
ttag +53 11; 
ttag +54 5; 
ttag +55 4; 
ttag +56 3; 
ttag +57 2; 
ttag +58 6; 
ttag +59 11; 
ttag +60 8; 
ttag +61 11; 
ttag +62 1; 
ttag +63 5; 
ttag +64 6; 
ttag +65 2; 
ttag +66 4; 
ttag +67 4; 
ttag +68 7; 
ttag +69 1; 
ttag +70 6; 
ttag +71 7; 
ttag +72 1; 
ttag +73 7; 
ttag +74 2; 
ttag +75 5; 
ttag +76 2; 
ttag +77 4; 
ttag +78 8; 
ttag +79 1; 
ttag +80 9; 
ttag +81 5; 
ttag +82 9; 
ttag +83 6; 
ttag +84 1; 
ttag +85 9; 
ttag +86 5; 
ttag +87 1; 
ttag +88 5; 
ttag +89 3; 
ttag +90 2; 
tread
'Tree with tags' 
(0 ((((1 ((2 3 )(((4 5 )(6 7 ))(9 (8 (10 (11 12 )))))))(17 ((15 16 )(18 (19 (((20 21 )(22 23 ))(24 25 )))))))((26 (27 (28 (29 30 ))))((39 (31 (((32 33 )(34 35 ))(36 (37 38 )))))((40 41 )(42 (43 ((44 45 )(46 47 ))))))))(13 14 ))); 
ttag *!; 
ttag +0 ////; 
ttag +1 ////; 
ttag +2 ////; 
ttag +3 ////; 
ttag +4 ////; 
ttag +5 ////; 
ttag +6 ////; 
ttag +7 ////; 
ttag +8 ////; 
ttag +9 ////; 
ttag +10 ////; 
ttag +11 ////; 
ttag +12 ////; 
ttag +13 ////; 
ttag +14 ////; 
ttag +15 ////; 
ttag +16 ////; 
ttag +17 ////; 
ttag +18 ////; 
ttag +19 ////; 
ttag +20 ////; 
ttag +21 ////; 
ttag +22 ////; 
ttag +23 ////; 
ttag +24 ////; 
ttag +25 ////; 
ttag +26 ////; 
ttag +27 ////; 
ttag +28 ////; 
ttag +29 ////; 
ttag +30 ////; 
ttag +31 ////; 
ttag +32 ////; 
ttag +33 ////; 
ttag +34 ////; 
ttag +35 ////; 
ttag +36 ////; 
ttag +37 ////; 
ttag +38 ////; 
ttag +39 ////; 
ttag +40 ////; 
ttag +41 ////; 
ttag +42 ////; 
ttag +43 ////; 
ttag +44 ////; 
ttag +45 ////; 
ttag +46 ////; 
ttag +47 ////; 
ttag +48 ////; 
ttag +49 59/47/31/40/24; 
ttag +50 16/[1]/0/?/?; 
ttag +51 6/[20]/?/?/?; 
ttag +52 100/100/100/100/100; 
ttag +53 95/94/90/97/96; 
ttag +54 98/98/96/99/97; 
ttag +55 100/100/100/100/100; 
ttag +56 98/98/95/96/92; 
ttag +57 90/88/85/91/79; 
ttag +58 91/88/90/91/86; 
ttag +59 31/[4]/4/10/?; 
ttag +60 82/75/78/75/67; 
ttag +61 97/96/90/94/92; 
ttag +62 100/100/100/100/100; 
ttag +63 100/100/100/100/99; 
ttag +64 100/100/100/100/100; 
ttag +65 57/37/32/48/28; 
ttag +66 92/91/77/90/80; 
ttag +67 96/94/82/93/79; 
ttag +68 75/69/50/71/47; 
ttag +69 100/100/99/99/99; 
ttag +70 28/[20]/?/?/?; 
ttag +71 96/94/86/92/82; 
ttag +72 99/99/98/99/98; 
ttag +73 64/53/36/58/50; 
ttag +74 99/99/96/99/96; 
ttag +75 95/94/90/96/86; 
ttag +76 61/47/45/50/44; 
ttag +77 99/99/97/98/98; 
ttag +78 73/63/65/74/61; 
ttag +79 95/94/85/91/83; 
ttag +80 84/81/63/76/68; 
ttag +81 88/83/77/84/74; 
ttag +82 100/100/99/100/99; 
ttag +83 57/54/43/57/39; 
ttag +84 98/98/91/96/90; 
ttag +85 98/98/91/98/94; 
ttag +86 98/98/94/98/93; 
ttag +87 98/97/92/96/90; 
ttag +88 63/56/49/56/58; 
ttag +89 100/100/98/99/98; 
ttag +90 98/97/95/95/90; 
ttag +91 40/20/19/16/4; 
ttag +92 99/99/96/98/98; 
ttag +93 86/80/68/80/73; 
ttag +94 78/71/61/72/64; 
