tread
'Tree with tags' 
(0 ((1 ((2 3 )(6 7 (4 5 ))(8 9 )(10 (11 12 ))))(((13 14 )((15 16 )(17 (18 (19 ((20 21 )(22 23 )(24 25 )))))))((26 (27 (28 (29 30 ))))((31 (((32 33 )(34 35 ))(36 (37 38 ))))(39 ((40 41 )(42 (43 ((44 45 )(46 47 ))))))))))); 
ttag *!; 
ttag +49 1; 
ttag +50 ???; 
ttag +51 5; 
ttag +52 9; 
ttag +53 10; 
ttag +54 4; 
ttag +55 1; 
ttag +56 2; 
ttag +57 12; 
ttag +58 9; 
ttag +59 3; 
ttag +60 1; 
ttag +61 9; 
ttag +62 3; 
ttag +63 3; 
ttag +64 4; 
ttag +65 1; 
ttag +66 7; 
ttag +67 9; 
ttag +68 14; 
ttag +69 3; 
ttag +70 8; 
ttag +71 9; 
ttag +72 4; 
ttag +73 2; 
ttag +74 10; 
ttag +75 5; 
ttag +76 3; 
ttag +77 4; 
ttag +78 3; 
ttag +79 7; 
ttag +80 6; 
ttag +81 5; 
ttag +82 5; 
ttag +83 1; 
ttag +84 5; 
ttag +85 8; 
ttag +86 13; 
ttag +87 6; 
ttag +88 5; 
ttag +89 1; 
ttag +90 3; 
tread
'Tree with tags' 
(0 ((1 ((((2 3 )((4 5 )(6 7 )))(8 9 ))(10 (11 12 ))))(((13 14 )((15 16 )(17 (18 (19 (((20 21 )(22 23 ))(24 25 )))))))((26 (27 (28 (29 30 ))))((31 (((32 33 )(34 35 ))(36 (37 38 ))))(39 ((40 41 )(42 (43 ((44 45 )(46 47 ))))))))))); 
ttag *!; 
ttag +0 ////; 
ttag +1 ////; 
ttag +2 ////; 
ttag +3 ////; 
ttag +4 ////; 
ttag +5 ////; 
ttag +6 ////; 
ttag +7 ////; 
ttag +8 ////; 
ttag +9 ////; 
ttag +10 ////; 
ttag +11 ////; 
ttag +12 ////; 
ttag +13 ////; 
ttag +14 ////; 
ttag +15 ////; 
ttag +16 ////; 
ttag +17 ////; 
ttag +18 ////; 
ttag +19 ////; 
ttag +20 ////; 
ttag +21 ////; 
ttag +22 ////; 
ttag +23 ////; 
ttag +24 ////; 
ttag +25 ////; 
ttag +26 ////; 
ttag +27 ////; 
ttag +28 ////; 
ttag +29 ////; 
ttag +30 ////; 
ttag +31 ////; 
ttag +32 ////; 
ttag +33 ////; 
ttag +34 ////; 
ttag +35 ////; 
ttag +36 ////; 
ttag +37 ////; 
ttag +38 ////; 
ttag +39 ////; 
ttag +40 ////; 
ttag +41 ////; 
ttag +42 ////; 
ttag +43 ////; 
ttag +44 ////; 
ttag +45 ////; 
ttag +46 ////; 
ttag +47 ////; 
ttag +48 ////; 
ttag +49 49/36/31/50/29; 
ttag +50 100/100/100/100/100; 
ttag +51 100/100/98/99/96; 
ttag +52 38/6/8/7/?; 
ttag +53 14/[16]/?/?/?; 
ttag +54 100/100/97/100/98; 
ttag +55 100/100/100/100/97; 
ttag +56 97/96/90/92/88; 
ttag +57 31/[8]/?/?/?; 
ttag +58 57/53/48/52/50; 
ttag +59 78/68/56/62/60; 
ttag +60 100/100/100/100/100; 
ttag +61 100/100/96/100/98; 
ttag +62 75/72/57/76/58; 
ttag +63 49/36/30/51/30; 
ttag +64 98/98/98/98/98; 
ttag +65 70/64/49/66/52; 
ttag +66 70/63/51/70/63; 
ttag +67 84/78/72/79/75; 
ttag +68 73/66/53/60/58; 
ttag +69 100/100/99/97/98; 
ttag +70 32/[15]/?/?/?; 
ttag +71 100/100/98/100/98; 
ttag +72 100/100/100/100/100; 
ttag +73 91/90/75/90/81; 
ttag +74 99/99/99/99/98; 
ttag +75 98/98/94/98/94; 
ttag +76 91/90/82/85/85; 
ttag +77 70/54/46/63/44; 
ttag +78 100/100/100/100/100; 
ttag +79 98/98/97/98/95; 
ttag +80 83/76/65/76/69; 
ttag +81 96/95/88/96/85; 
ttag +82 92/92/80/90/86; 
ttag +83 98/98/95/99/94; 
ttag +84 97/97/93/98/94; 
ttag +85 99/99/97/99/98; 
ttag +86 96/95/93/97/85; 
ttag +87 62/55/47/48/44; 
ttag +88 96/95/92/97/88; 
ttag +89 98/97/96/98/92; 
ttag +90 100/100/100/100/98; 
ttag +91 97/96/91/97/84; 
ttag +92 97/96/92/96/91; 
ttag +93 52/28/23/40/22; 
ttag +94 76/70/56/72/53; 
