tread
'Tree with tags' 
(0 (((1 ((26 (27 (28 (29 30 ))))((31 (((32 33 )(36 (37 38 )))(34 35 )))(39 (40 41 (42 (43 ((44 45 )(46 47 )))))))))(((2 3 )(8 (9 (10 (11 12 )))))((4 5 )(6 7 ))))((13 14 )((15 16 )(17 ((18 19 )((20 21 )((22 23 )(24 25 ))))))))); 
ttag *!; 
ttag +49 1; 
ttag +50 1; 
ttag +51 ???; 
ttag +52 10; 
ttag +53 1; 
ttag +54 1; 
ttag +55 6; 
ttag +56 2; 
ttag +57 3; 
ttag +58 2; 
ttag +59 1; 
ttag +60 8; 
ttag +61 12; 
ttag +62 8; 
ttag +63 3; 
ttag +64 15; 
ttag +65 9; 
ttag +66 4; 
ttag +67 1; 
ttag +68 3; 
ttag +69 7; 
ttag +70 4; 
ttag +71 9; 
ttag +72 5; 
ttag +73 5; 
ttag +74 2; 
ttag +75 3; 
ttag +76 1; 
ttag +77 4; 
ttag +78 13; 
ttag +79 7; 
ttag +80 3; 
ttag +81 6; 
ttag +82 2; 
ttag +83 7; 
ttag +84 2; 
ttag +85 7; 
ttag +86 7; 
ttag +87 3; 
ttag +88 5; 
ttag +89 5; 
ttag +90 3; 
ttag +91 3; 
ttag +92 7; 
ttag +93 3; 
tread
'Tree with tags' 
(0 (((1 ((26 (27 (28 (29 30 ))))((31 (((32 33 )(36 (37 38 )))(34 35 )))(39 (41 (40 (42 (43 ((44 45 )(46 47 ))))))))))(((2 3 )(8 (9 (10 (11 12 )))))((4 5 )(6 7 ))))((13 14 )((15 16 )(17 ((18 19 )((20 21 )((22 23 )(24 25 ))))))))); 
ttag *!; 
ttag +0 ////; 
ttag +1 ////; 
ttag +2 ////; 
ttag +3 ////; 
ttag +4 ////; 
ttag +5 ////; 
ttag +6 ////; 
ttag +7 ////; 
ttag +8 ////; 
ttag +9 ////; 
ttag +10 ////; 
ttag +11 ////; 
ttag +12 ////; 
ttag +13 ////; 
ttag +14 ////; 
ttag +15 ////; 
ttag +16 ////; 
ttag +17 ////; 
ttag +18 ////; 
ttag +19 ////; 
ttag +20 ////; 
ttag +21 ////; 
ttag +22 ////; 
ttag +23 ////; 
ttag +24 ////; 
ttag +25 ////; 
ttag +26 ////; 
ttag +27 ////; 
ttag +28 ////; 
ttag +29 ////; 
ttag +30 ////; 
ttag +31 ////; 
ttag +32 ////; 
ttag +33 ////; 
ttag +34 ////; 
ttag +35 ////; 
ttag +36 ////; 
ttag +37 ////; 
ttag +38 ////; 
ttag +39 ////; 
ttag +40 ////; 
ttag +41 ////; 
ttag +42 ////; 
ttag +43 ////; 
ttag +44 ////; 
ttag +45 ////; 
ttag +46 ////; 
ttag +47 ////; 
ttag +48 ////; 
ttag +49 21/1/4/10/3; 
ttag +50 24/10/5/13/8; 
ttag +51 100/100/100/100/100; 
ttag +52 100/100/99/100/100; 
ttag +53 18/[41]/?/?/?; 
ttag +54 52/40/50/50/46; 
ttag +55 98/98/95/96/94; 
ttag +56 68/52/44/60/49; 
ttag +57 83/76/59/71/54; 
ttag +58 67/55/56/52/60; 
ttag +59 18/3/0/7/5; 
ttag +60 99/98/94/99/96; 
ttag +61 100/100/100/99/98; 
ttag +62 99/99/98/98/96; 
ttag +63 75/72/64/77/64; 
ttag +64 100/100/100/100/99; 
ttag +65 97/96/92/98/94; 
ttag +66 90/87/77/91/74; 
ttag +67 70/69/56/63/59; 
ttag +68 80/77/61/79/60; 
ttag +69 100/100/99/100/99; 
ttag +70 83/79/62/88/64; 
ttag +71 99/99/98/99/99; 
ttag +72 88/86/72/88/72; 
ttag +73 96/94/87/96/93; 
ttag +74 90/87/80/92/78; 
ttag +75 89/87/82/87/79; 
ttag +76 39/11/20/20/20; 
ttag +77 90/86/78/91/76; 
ttag +78 100/100/100/100/100; 
ttag +79 99/99/98/100/98; 
ttag +80 80/76/62/78/58; 
ttag +81 98/98/99/100/97; 
ttag +82 85/84/74/81/79; 
ttag +83 99/98/94/96/92; 
ttag +84 84/84/81/84/86; 
ttag +85 98/97/94/99/95; 
ttag +86 99/99/96/98/96; 
ttag +87 84/82/68/80/68; 
ttag +88 36/[4]/?/?/?; 
ttag +89 89/85/82/87/80; 
ttag +90 92/89/76/90/84; 
ttag +91 70/56/32/56/35; 
ttag +92 78/67/66/76/58; 
ttag +93 98/98/91/98/97; 
ttag +94 80/76/61/79/61; 
