tread
'Tree with tags' 
(0 ((1 ((2 3 )(((4 5 )(6 7 ))((8 9 )(10 (11 12 ))))))(((13 14 )((15 16 )(17 (18 (19 ((20 21 )(22 23 )(24 25 )))))))((26 (27 (28 (29 30 ))))((31 ((32 33 )(34 35 (36 (37 38 )))))(39 ((40 41 )(42 43 (46 47 (44 45 )))))))))); 
ttag *!; 
ttag +49 2; 
ttag +50 ???; 
ttag +51 10; 
ttag +52 9; 
ttag +53 4; 
ttag +54 5; 
ttag +55 1; 
ttag +56 4; 
ttag +57 1; 
ttag +58 1; 
ttag +59 4; 
ttag +60 7; 
ttag +61 10; 
ttag +62 2; 
ttag +63 2; 
ttag +64 9; 
ttag +65 2; 
ttag +66 1; 
ttag +67 7; 
ttag +68 1; 
ttag +69 9; 
ttag +70 7; 
ttag +71 7; 
ttag +72 2; 
ttag +73 12; 
ttag +74 8; 
ttag +75 3; 
ttag +76 5; 
ttag +77 9; 
ttag +78 11; 
ttag +79 7; 
ttag +80 7; 
ttag +81 5; 
ttag +82 2; 
ttag +83 10; 
ttag +84 5; 
ttag +85 1; 
ttag +86 3; 
ttag +87 5; 
ttag +88 8; 
ttag +89 7; 
ttag +90 4; 
tread
'Tree with tags' 
(0 ((1 ((2 3 )(((4 5 )(6 7 ))((8 9 )(10 (11 12 ))))))(((13 14 )((15 16 )(17 (18 (19 (((20 21 )(24 25 ))(22 23 )))))))((26 (27 (28 (29 30 ))))((31 ((32 33 )(34 (35 (36 (37 38 ))))))(39 ((40 41 )(42 (43 (47 (46 (44 45 )))))))))))); 
ttag *!; 
ttag +0 ////; 
ttag +1 ////; 
ttag +2 ////; 
ttag +3 ////; 
ttag +4 ////; 
ttag +5 ////; 
ttag +6 ////; 
ttag +7 ////; 
ttag +8 ////; 
ttag +9 ////; 
ttag +10 ////; 
ttag +11 ////; 
ttag +12 ////; 
ttag +13 ////; 
ttag +14 ////; 
ttag +15 ////; 
ttag +16 ////; 
ttag +17 ////; 
ttag +18 ////; 
ttag +19 ////; 
ttag +20 ////; 
ttag +21 ////; 
ttag +22 ////; 
ttag +23 ////; 
ttag +24 ////; 
ttag +25 ////; 
ttag +26 ////; 
ttag +27 ////; 
ttag +28 ////; 
ttag +29 ////; 
ttag +30 ////; 
ttag +31 ////; 
ttag +32 ////; 
ttag +33 ////; 
ttag +34 ////; 
ttag +35 ////; 
ttag +36 ////; 
ttag +37 ////; 
ttag +38 ////; 
ttag +39 ////; 
ttag +40 ////; 
ttag +41 ////; 
ttag +42 ////; 
ttag +43 ////; 
ttag +44 ////; 
ttag +45 ////; 
ttag +46 ////; 
ttag +47 ////; 
ttag +48 ////; 
ttag +49 66/58/61/66/54; 
ttag +50 100/100/100/100/100; 
ttag +51 99/99/99/100/99; 
ttag +52 100/100/100/100/99; 
ttag +53 94/93/81/90/85; 
ttag +54 98/97/94/97/94; 
ttag +55 53/40/24/31/17; 
ttag +56 97/96/89/94/88; 
ttag +57 55/48/41/50/46; 
ttag +58 44/32/18/29/5; 
ttag +59 89/88/78/90/70; 
ttag +60 98/98/98/98/97; 
ttag +61 100/100/99/100/100; 
ttag +62 62/57/33/53/42; 
ttag +63 67/58/21/52/39; 
ttag +64 100/100/100/100/100; 
ttag +65 74/70/55/67/58; 
ttag +66 64/52/48/46/48; 
ttag +67 99/99/97/99/98; 
ttag +68 72/60/52/55/56; 
ttag +69 100/100/100/99/99; 
ttag +70 36/[7]/?/2/?; 
ttag +71 99/98/94/98/98; 
ttag +72 99/99/98/99/100; 
ttag +73 80/71/70/83/68; 
ttag +74 100/100/99/100/100; 
ttag +75 98/98/95/97/94; 
ttag +76 92/91/74/89/84; 
ttag +77 98/96/94/96/92; 
ttag +78 100/100/100/100/99; 
ttag +79 100/100/99/100/100; 
ttag +80 98/98/97/98/95; 
ttag +81 99/98/94/98/94; 
ttag +82 95/93/93/98/92; 
ttag +83 85/84/84/84/80; 
ttag +84 30/[4]/5/?/3; 
ttag +85 100/100/100/100/99; 
ttag +86 97/97/92/95/92; 
ttag +87 47/11/24/28/27; 
ttag +88 86/81/80/87/83; 
ttag +89 97/96/92/96/93; 
ttag +90 99/99/98/100/99; 
ttag +91 39/14/12/7/11; 
ttag +92 99/99/96/99/96; 
ttag +93 26/[14]/?/?/?; 
ttag +94 92/89/84/91/79; 
