tread
'Tree with tags' 
(0 ((((1 (8 9 (2 3 )((4 5 )(6 7 ))(10 (11 12 ))))((15 16 )(17 (18 19 ((20 21 )((22 23 )(24 25 )))))))(13 14 ))((26 (27 (28 (29 30 ))))((31 ((32 33 )((34 35 )(36 (37 38 )))))(39 ((40 41 )(42 (43 ((44 45 )(46 47 )))))))))); 
ttag *!; 
ttag +49 1; 
ttag +50 1; 
ttag +51 1; 
ttag +52 ???; 
ttag +53 9; 
ttag +54 4; 
ttag +55 5; 
ttag +56 8; 
ttag +57 2; 
ttag +58 4; 
ttag +59 7; 
ttag +60 5; 
ttag +61 14; 
ttag +62 4; 
ttag +63 4; 
ttag +64 3; 
ttag +65 8; 
ttag +66 5; 
ttag +67 5; 
ttag +68 10; 
ttag +69 7; 
ttag +70 7; 
ttag +71 8; 
ttag +72 4; 
ttag +73 8; 
ttag +74 10; 
ttag +75 4; 
ttag +76 10; 
ttag +77 3; 
ttag +78 7; 
ttag +79 3; 
ttag +80 2; 
ttag +81 3; 
ttag +82 9; 
ttag +83 1; 
ttag +84 2; 
ttag +85 8; 
ttag +86 3; 
ttag +87 3; 
ttag +88 8; 
ttag +89 4; 
ttag +90 3; 
tread
'Tree with tags' 
(0 ((((1 (((2 3 )((8 9 )(10 (11 12 ))))((4 5 )(6 7 ))))((15 16 )(17 ((18 19 )((20 21 )((22 23 )(24 25 )))))))(13 14 ))((26 (27 (28 (29 30 ))))((31 ((32 33 )((34 35 )(36 (37 38 )))))(39 ((40 41 )(42 (43 ((44 45 )(46 47 )))))))))); 
ttag *!; 
ttag +0 ////; 
ttag +1 ////; 
ttag +2 ////; 
ttag +3 ////; 
ttag +4 ////; 
ttag +5 ////; 
ttag +6 ////; 
ttag +7 ////; 
ttag +8 ////; 
ttag +9 ////; 
ttag +10 ////; 
ttag +11 ////; 
ttag +12 ////; 
ttag +13 ////; 
ttag +14 ////; 
ttag +15 ////; 
ttag +16 ////; 
ttag +17 ////; 
ttag +18 ////; 
ttag +19 ////; 
ttag +20 ////; 
ttag +21 ////; 
ttag +22 ////; 
ttag +23 ////; 
ttag +24 ////; 
ttag +25 ////; 
ttag +26 ////; 
ttag +27 ////; 
ttag +28 ////; 
ttag +29 ////; 
ttag +30 ////; 
ttag +31 ////; 
ttag +32 ////; 
ttag +33 ////; 
ttag +34 ////; 
ttag +35 ////; 
ttag +36 ////; 
ttag +37 ////; 
ttag +38 ////; 
ttag +39 ////; 
ttag +40 ////; 
ttag +41 ////; 
ttag +42 ////; 
ttag +43 ////; 
ttag +44 ////; 
ttag +45 ////; 
ttag +46 ////; 
ttag +47 ////; 
ttag +48 ////; 
ttag +49 47/37/16/21/20; 
ttag +50 28/18/7/2/4; 
ttag +51 32/12/?/0/?; 
ttag +52 100/100/100/100/100; 
ttag +53 100/100/98/100/99; 
ttag +54 36/[5]/?/?/?; 
ttag +55 91/90/78/91/80; 
ttag +56 98/97/93/97/94; 
ttag +57 99/99/98/99/100; 
ttag +58 77/72/63/80/71; 
ttag +59 25/[4]/?/4/?; 
ttag +60 50/38/33/29/27; 
ttag +61 94/93/82/93/86; 
ttag +62 99/99/100/100/99; 
ttag +63 100/100/97/98/97; 
ttag +64 100/100/100/100/100; 
ttag +65 82/79/65/82/69; 
ttag +66 87/86/73/83/68; 
ttag +67 28/[11]/?/?/?; 
ttag +68 86/81/68/79/66; 
ttag +69 100/100/100/100/100; 
ttag +70 98/98/90/98/96; 
ttag +71 95/94/93/98/94; 
ttag +72 100/100/100/100/100; 
ttag +73 100/100/98/100/99; 
ttag +74 98/97/95/98/96; 
ttag +75 99/98/96/99/97; 
ttag +76 88/82/75/88/80; 
ttag +77 98/98/95/99/96; 
ttag +78 100/100/99/100/100; 
ttag +79 96/94/86/91/84; 
ttag +80 100/100/99/100/99; 
ttag +81 83/76/62/83/74; 
ttag +82 100/100/94/98/94; 
ttag +83 68/59/62/73/59; 
ttag +84 56/36/24/56/35; 
ttag +85 73/66/60/74/60; 
ttag +86 100/100/100/100/98; 
ttag +87 50/22/14/40/14; 
ttag +88 84/78/74/75/76; 
ttag +89 99/98/93/98/93; 
ttag +90 73/60/40/64/50; 
ttag +91 85/78/66/82/56; 
ttag +92 99/98/96/99/96; 
ttag +93 86/82/78/85/75; 
ttag +94 95/94/82/88/85; 
