tread
'Tree with tags' 
(0 (1 (((2 3 )(9 (8 (((4 5 )(6 7 ))(10 (11 12 ))))))((13 14 )(((15 16 )(17 (18 (19 ((20 21 )((22 23 )(24 25 )))))))((26 (27 (28 (29 30 ))))((39 (31 (32 33 34 35 (36 (37 38 )))))(40 (41 (42 (43 ((44 45 )(46 47 ))))))))))))); 
ttag *!; 
ttag +49 ???; 
ttag +50 9; 
ttag +51 7; 
ttag +52 1; 
ttag +53 7; 
ttag +54 7; 
ttag +55 2; 
ttag +56 1; 
ttag +57 2; 
ttag +58 1; 
ttag +59 1; 
ttag +60 4; 
ttag +61 5; 
ttag +62 2; 
ttag +63 14; 
ttag +64 5; 
ttag +65 1; 
ttag +66 2; 
ttag +67 5; 
ttag +68 3; 
ttag +69 8; 
ttag +70 8; 
ttag +71 8; 
ttag +72 2; 
ttag +73 6; 
ttag +74 4; 
ttag +75 5; 
ttag +76 2; 
ttag +77 11; 
ttag +78 11; 
ttag +79 1; 
ttag +80 1; 
ttag +81 5; 
ttag +82 8; 
ttag +83 7; 
ttag +84 9; 
ttag +85 7; 
ttag +86 2; 
ttag +87 7; 
ttag +88 4; 
ttag +89 8; 
ttag +90 8; 
ttag +91 1; 
tread
'Tree with tags' 
(0 (1 (((2 3 )(9 (8 (((4 5 )(6 7 ))(10 (11 12 ))))))((13 14 )(((15 16 )(17 (18 (19 ((20 21 )((22 23 )(24 25 )))))))((26 (27 (28 (29 30 ))))((39 (31 ((34 (35 (32 33 )))(36 (37 38 )))))(40 (41 (42 (43 ((44 45 )(46 47 ))))))))))))); 
ttag *!; 
ttag +0 ////; 
ttag +1 ////; 
ttag +2 ////; 
ttag +3 ////; 
ttag +4 ////; 
ttag +5 ////; 
ttag +6 ////; 
ttag +7 ////; 
ttag +8 ////; 
ttag +9 ////; 
ttag +10 ////; 
ttag +11 ////; 
ttag +12 ////; 
ttag +13 ////; 
ttag +14 ////; 
ttag +15 ////; 
ttag +16 ////; 
ttag +17 ////; 
ttag +18 ////; 
ttag +19 ////; 
ttag +20 ////; 
ttag +21 ////; 
ttag +22 ////; 
ttag +23 ////; 
ttag +24 ////; 
ttag +25 ////; 
ttag +26 ////; 
ttag +27 ////; 
ttag +28 ////; 
ttag +29 ////; 
ttag +30 ////; 
ttag +31 ////; 
ttag +32 ////; 
ttag +33 ////; 
ttag +34 ////; 
ttag +35 ////; 
ttag +36 ////; 
ttag +37 ////; 
ttag +38 ////; 
ttag +39 ////; 
ttag +40 ////; 
ttag +41 ////; 
ttag +42 ////; 
ttag +43 ////; 
ttag +44 ////; 
ttag +45 ////; 
ttag +46 ////; 
ttag +47 ////; 
ttag +48 ////; 
ttag +49 100/100/100/100/100; 
ttag +50 99/99/99/100/99; 
ttag +51 99/99/97/97/95; 
ttag +52 30/1/3/5/9; 
ttag +53 96/94/94/97/94; 
ttag +54 97/96/90/98/91; 
ttag +55 52/38/30/37/36; 
ttag +56 48/34/33/33/29; 
ttag +57 65/51/48/60/61; 
ttag +58 68/51/45/46/43; 
ttag +59 56/46/44/47/40; 
ttag +60 97/97/91/94/92; 
ttag +61 98/98/92/97/95; 
ttag +62 76/69/56/60/60; 
ttag +63 100/100/100/100/100; 
ttag +64 95/95/89/93/84; 
ttag +65 30/12/3/11/4; 
ttag +66 84/80/61/81/68; 
ttag +67 90/89/70/90/68; 
ttag +68 90/88/67/88/69; 
ttag +69 100/100/100/100/100; 
ttag +70 98/98/95/99/91; 
ttag +71 99/99/98/100/100; 
ttag +72 75/63/42/68/54; 
ttag +73 99/99/90/98/96; 
ttag +74 87/85/79/90/84; 
ttag +75 99/99/95/98/94; 
ttag +76 54/35/30/34/32; 
ttag +77 100/100/99/100/100; 
ttag +78 100/100/100/99/100; 
ttag +79 43/30/27/40/32; 
ttag +80 36/22/16/33/19; 
ttag +81 94/92/85/90/76; 
ttag +82 55/28/33/32/23; 
ttag +83 18/[18]/?/?/?; 
ttag +84 21/[15]/?/?/?; 
ttag +85 98/98/94/99/97; 
ttag +86 99/99/95/99/97; 
ttag +87 100/100/97/99/99; 
ttag +88 96/94/92/95/87; 
ttag +89 78/72/64/70/52; 
ttag +90 97/96/92/96/90; 
ttag +91 91/89/79/92/81; 
ttag +92 100/100/96/100/96; 
ttag +93 98/98/93/98/92; 
ttag +94 50/41/38/43/31; 
