tread
'Tree with tags' 
(0 ((1 (((13 14 )((17 (15 16 ))(18 19 ((20 21 )((22 23 )(24 25 ))))))((26 (27 (28 (29 30 ))))((31 ((32 33 )((34 35 )(36 (37 38 )))))(39 ((40 41 )(42 (43 ((44 45 )(46 47 ))))))))))((2 3 )(8 9 ((4 5 )(6 7 ))(10 (11 12 )))))); 
ttag *!; 
ttag +49 1; 
ttag +50 ???; 
ttag +51 6; 
ttag +52 4; 
ttag +53 3; 
ttag +54 6; 
ttag +55 7; 
ttag +56 2; 
ttag +57 4; 
ttag +58 11; 
ttag +59 7; 
ttag +60 1; 
ttag +61 1; 
ttag +62 15; 
ttag +63 1; 
ttag +64 3; 
ttag +65 3; 
ttag +66 3; 
ttag +67 7; 
ttag +68 8; 
ttag +69 5; 
ttag +70 3; 
ttag +71 7; 
ttag +72 11; 
ttag +73 1; 
ttag +74 9; 
ttag +75 3; 
ttag +76 5; 
ttag +77 5; 
ttag +78 4; 
ttag +79 4; 
ttag +80 2; 
ttag +81 1; 
ttag +82 9; 
ttag +83 2; 
ttag +84 1; 
ttag +85 3; 
ttag +86 9; 
ttag +87 4; 
ttag +88 5; 
ttag +89 5; 
ttag +90 7; 
ttag +91 2; 
tread
'Tree with tags' 
(0 ((1 (((13 14 )((17 (15 16 ))((18 19 )((20 21 )((22 23 )(24 25 ))))))((26 (27 (28 (29 30 ))))((31 ((32 33 )((34 35 )(36 (37 38 )))))(39 ((40 41 )(42 (43 ((44 45 )(46 47 ))))))))))((2 3 )((8 ((4 5 )(6 7 )))(9 (10 (11 12 ))))))); 
ttag *!; 
ttag +0 ////; 
ttag +1 ////; 
ttag +2 ////; 
ttag +3 ////; 
ttag +4 ////; 
ttag +5 ////; 
ttag +6 ////; 
ttag +7 ////; 
ttag +8 ////; 
ttag +9 ////; 
ttag +10 ////; 
ttag +11 ////; 
ttag +12 ////; 
ttag +13 ////; 
ttag +14 ////; 
ttag +15 ////; 
ttag +16 ////; 
ttag +17 ////; 
ttag +18 ////; 
ttag +19 ////; 
ttag +20 ////; 
ttag +21 ////; 
ttag +22 ////; 
ttag +23 ////; 
ttag +24 ////; 
ttag +25 ////; 
ttag +26 ////; 
ttag +27 ////; 
ttag +28 ////; 
ttag +29 ////; 
ttag +30 ////; 
ttag +31 ////; 
ttag +32 ////; 
ttag +33 ////; 
ttag +34 ////; 
ttag +35 ////; 
ttag +36 ////; 
ttag +37 ////; 
ttag +38 ////; 
ttag +39 ////; 
ttag +40 ////; 
ttag +41 ////; 
ttag +42 ////; 
ttag +43 ////; 
ttag +44 ////; 
ttag +45 ////; 
ttag +46 ////; 
ttag +47 ////; 
ttag +48 ////; 
ttag +49 52/27/12/18/16; 
ttag +50 100/100/100/100/100; 
ttag +51 95/94/90/97/93; 
ttag +52 93/92/85/93/88; 
ttag +53 96/94/92/94/96; 
ttag +54 98/97/94/100/93; 
ttag +55 20/[3]/?/3/?; 
ttag +56 99/99/95/99/95; 
ttag +57 76/72/57/69/57; 
ttag +58 43/19/25/25/27; 
ttag +59 90/87/78/89/80; 
ttag +60 100/100/100/100/100; 
ttag +61 100/100/99/99/99; 
ttag +62 24/0/?/?/?; 
ttag +63 26/1/?/?/?; 
ttag +64 100/100/100/100/100; 
ttag +65 44/18/18/20/5; 
ttag +66 92/90/76/89/78; 
ttag +67 28/[4]/?/2/?; 
ttag +68 93/91/86/84/83; 
ttag +69 98/98/96/92/96; 
ttag +70 99/99/97/98/98; 
ttag +71 99/99/99/99/98; 
ttag +72 96/94/92/98/96; 
ttag +73 89/85/78/84/70; 
ttag +74 98/98/97/98/98; 
ttag +75 99/99/98/100/97; 
ttag +76 64/49/46/46/43; 
ttag +77 100/100/99/100/99; 
ttag +78 86/79/76/81/74; 
ttag +79 90/87/75/88/76; 
ttag +80 90/88/79/97/76; 
ttag +81 92/91/86/92/85; 
ttag +82 82/76/74/82/71; 
ttag +83 80/75/77/85/74; 
ttag +84 43/33/27/34/28; 
ttag +85 98/98/97/100/98; 
ttag +86 74/59/43/56/51; 
ttag +87 46/28/8/33/11; 
ttag +88 93/91/78/90/87; 
ttag +89 96/95/90/98/91; 
ttag +90 95/94/86/94/85; 
ttag +91 96/96/92/96/91; 
ttag +92 97/96/86/94/90; 
ttag +93 100/100/99/100/99; 
ttag +94 76/73/64/68/58; 
