tread
'Tree with tags' 
(0 ((1 ((2 3 )((8 (6 (7 (4 5 ))))(9 (10 (11 12 ))))))((13 14 )((15 16 )(17 (18 19 (20 21 ))(22 23 )(24 25 )))((26 (27 (28 (29 30 ))))(39 (31 ((32 33 )(34 35 )(36 (37 38 ))))(40 41 (42 (43 ((44 45 )(46 47 )))))))))); 
ttag *!; 
ttag +49 3; 
ttag +50 ???; 
ttag +51 4; 
ttag +52 7; 
ttag +53 13; 
ttag +54 5; 
ttag +55 8; 
ttag +56 1; 
ttag +57 3; 
ttag +58 2; 
ttag +59 12; 
ttag +60 10; 
ttag +61 6; 
ttag +62 2; 
ttag +63 10; 
ttag +64 1; 
ttag +65 1; 
ttag +66 1; 
ttag +67 10; 
ttag +68 7; 
ttag +69 3; 
ttag +70 8; 
ttag +71 2; 
ttag +72 2; 
ttag +73 4; 
ttag +74 12; 
ttag +75 5; 
ttag +76 6; 
ttag +77 8; 
ttag +78 5; 
ttag +79 3; 
ttag +80 5; 
ttag +81 3; 
ttag +82 6; 
ttag +83 6; 
ttag +84 2; 
ttag +85 1; 
ttag +86 11; 
ttag +87 1; 
tread
'Tree with tags' 
(0 ((1 ((2 3 )((8 (6 (7 (4 5 ))))(9 (10 (11 12 ))))))(((13 14 )((26 (27 (28 (29 30 ))))(39 ((31 (((32 33 )(36 (37 38 )))(34 35 )))(41 (40 (42 (43 ((44 45 )(46 47 ))))))))))((15 16 )(17 ((((18 19 )(20 21 ))(22 23 ))(24 25 ))))))); 
ttag *!; 
ttag +0 ////; 
ttag +1 ////; 
ttag +2 ////; 
ttag +3 ////; 
ttag +4 ////; 
ttag +5 ////; 
ttag +6 ////; 
ttag +7 ////; 
ttag +8 ////; 
ttag +9 ////; 
ttag +10 ////; 
ttag +11 ////; 
ttag +12 ////; 
ttag +13 ////; 
ttag +14 ////; 
ttag +15 ////; 
ttag +16 ////; 
ttag +17 ////; 
ttag +18 ////; 
ttag +19 ////; 
ttag +20 ////; 
ttag +21 ////; 
ttag +22 ////; 
ttag +23 ////; 
ttag +24 ////; 
ttag +25 ////; 
ttag +26 ////; 
ttag +27 ////; 
ttag +28 ////; 
ttag +29 ////; 
ttag +30 ////; 
ttag +31 ////; 
ttag +32 ////; 
ttag +33 ////; 
ttag +34 ////; 
ttag +35 ////; 
ttag +36 ////; 
ttag +37 ////; 
ttag +38 ////; 
ttag +39 ////; 
ttag +40 ////; 
ttag +41 ////; 
ttag +42 ////; 
ttag +43 ////; 
ttag +44 ////; 
ttag +45 ////; 
ttag +46 ////; 
ttag +47 ////; 
ttag +48 ////; 
ttag +49 69/60/50/66/58; 
ttag +50 100/100/100/100/100; 
ttag +51 91/88/89/92/86; 
ttag +52 98/98/92/96/90; 
ttag +53 100/100/99/100/100; 
ttag +54 96/96/90/93/90; 
ttag +55 98/98/94/99/96; 
ttag +56 23/4/0/9/10; 
ttag +57 55/40/22/28/26; 
ttag +58 40/10/?/4/5; 
ttag +59 99/99/98/100/98; 
ttag +60 100/100/99/100/99; 
ttag +61 99/99/96/98/99; 
ttag +62 30/13/21/15/13; 
ttag +63 57/51/40/56/39; 
ttag +64 100/100/100/100/100; 
ttag +65 72/57/54/64/59; 
ttag +66 68/60/48/56/49; 
ttag +67 36/24/27/17/28; 
ttag +68 41/12/8/15/11; 
ttag +69 6/[40]/?/?/?; 
ttag +70 22/[8]/?/?/?; 
ttag +71 100/100/100/100/99; 
ttag +72 98/98/97/99/98; 
ttag +73 89/86/75/79/62; 
ttag +74 100/100/100/100/99; 
ttag +75 85/82/70/78/72; 
ttag +76 82/75/64/71/69; 
ttag +77 96/96/92/97/93; 
ttag +78 100/100/100/100/99; 
ttag +79 98/97/96/98/92; 
ttag +80 41/17/8/8/9; 
ttag +81 98/98/95/98/93; 
ttag +82 100/100/99/100/100; 
ttag +83 33/2/?/?/0; 
ttag +84 96/95/89/98/93; 
ttag +85 96/96/91/94/92; 
ttag +86 94/93/85/97/89; 
ttag +87 95/93/84/92/88; 
ttag +88 38/7/8/9/7; 
ttag +89 98/98/94/97/93; 
ttag +90 94/93/86/94/86; 
ttag +91 77/71/58/71/58; 
ttag +92 60/33/40/38/38; 
ttag +93 100/100/100/100/100; 
ttag +94 73/67/59/66/60; 
