tread
'Tree with tags' 
(0 (1 (((((2 3 )(8 9 ((4 5 )(6 7 ))(10 (11 12 ))))(15 16 ))(17 (18 (19 ((20 21 )((22 23 )(24 25 )))))))(13 14 )((26 (27 (28 (29 30 ))))((31 ((32 33 )(34 35 )(36 (37 38 ))))(39 ((40 41 )(42 (43 ((44 45 )(46 47 ))))))))))); 
ttag *!; 
ttag +49 ???; 
ttag +50 4; 
ttag +51 5; 
ttag +52 1; 
ttag +53 1; 
ttag +54 1; 
ttag +55 6; 
ttag +56 8; 
ttag +57 3; 
ttag +58 3; 
ttag +59 6; 
ttag +60 9; 
ttag +61 8; 
ttag +62 9; 
ttag +63 5; 
ttag +64 10; 
ttag +65 3; 
ttag +66 9; 
ttag +67 6; 
ttag +68 10; 
ttag +69 12; 
ttag +70 4; 
ttag +71 4; 
ttag +72 5; 
ttag +73 3; 
ttag +74 4; 
ttag +75 10; 
ttag +76 6; 
ttag +77 4; 
ttag +78 2; 
ttag +79 3; 
ttag +80 3; 
ttag +81 8; 
ttag +82 10; 
ttag +83 1; 
ttag +84 4; 
ttag +85 4; 
ttag +86 5; 
ttag +87 2; 
ttag +88 9; 
ttag +89 4; 
ttag +90 5; 
tread
'Tree with tags' 
(0 (1 ((((((2 3 )((8 (9 ((4 5 )(6 7 ))))(10 (11 12 ))))(15 16 ))(17 (18 (19 ((20 21 )((22 23 )(24 25 )))))))(13 14 ))((26 (27 (28 (29 30 ))))((31 ((32 33 )((34 35 )(36 (37 38 )))))(39 ((40 41 )(42 (43 ((44 45 )(46 47 ))))))))))); 
ttag *!; 
ttag +0 ////; 
ttag +1 ////; 
ttag +2 ////; 
ttag +3 ////; 
ttag +4 ////; 
ttag +5 ////; 
ttag +6 ////; 
ttag +7 ////; 
ttag +8 ////; 
ttag +9 ////; 
ttag +10 ////; 
ttag +11 ////; 
ttag +12 ////; 
ttag +13 ////; 
ttag +14 ////; 
ttag +15 ////; 
ttag +16 ////; 
ttag +17 ////; 
ttag +18 ////; 
ttag +19 ////; 
ttag +20 ////; 
ttag +21 ////; 
ttag +22 ////; 
ttag +23 ////; 
ttag +24 ////; 
ttag +25 ////; 
ttag +26 ////; 
ttag +27 ////; 
ttag +28 ////; 
ttag +29 ////; 
ttag +30 ////; 
ttag +31 ////; 
ttag +32 ////; 
ttag +33 ////; 
ttag +34 ////; 
ttag +35 ////; 
ttag +36 ////; 
ttag +37 ////; 
ttag +38 ////; 
ttag +39 ////; 
ttag +40 ////; 
ttag +41 ////; 
ttag +42 ////; 
ttag +43 ////; 
ttag +44 ////; 
ttag +45 ////; 
ttag +46 ////; 
ttag +47 ////; 
ttag +48 ////; 
ttag +49 100/100/100/100/100; 
ttag +50 92/90/84/87/78; 
ttag +51 96/94/89/93/84; 
ttag +52 57/25/14/24/4; 
ttag +53 48/31/25/23/24; 
ttag +54 10/[13]/?/?/?; 
ttag +55 43/31/22/21/25; 
ttag +56 98/98/98/98/97; 
ttag +57 100/100/100/100/99; 
ttag +58 32/9/?/4/4; 
ttag +59 30/7/?/4/2; 
ttag +60 81/74/68/75/68; 
ttag +61 78/71/64/70/60; 
ttag +62 94/91/88/95/83; 
ttag +63 100/100/100/100/99; 
ttag +64 99/99/100/100/99; 
ttag +65 100/100/100/99/99; 
ttag +66 98/98/93/98/95; 
ttag +67 99/99/100/100/100; 
ttag +68 92/92/88/93/92; 
ttag +69 100/100/100/100/100; 
ttag +70 100/100/97/98/98; 
ttag +71 100/100/98/100/100; 
ttag +72 100/100/100/100/100; 
ttag +73 97/96/87/95/86; 
ttag +74 96/96/94/97/93; 
ttag +75 95/93/85/94/80; 
ttag +76 91/88/82/92/86; 
ttag +77 96/96/85/93/84; 
ttag +78 100/100/100/100/100; 
ttag +79 98/97/92/97/94; 
ttag +80 93/92/78/90/83; 
ttag +81 86/83/74/92/85; 
ttag +82 94/92/89/92/88; 
ttag +83 95/95/96/97/93; 
ttag +84 20/[2]/5/?/?; 
ttag +85 99/99/98/99/99; 
ttag +86 100/100/100/100/99; 
ttag +87 56/36/28/45/25; 
ttag +88 92/87/80/90/83; 
ttag +89 94/92/83/94/81; 
ttag +90 97/96/91/95/92; 
ttag +91 69/62/52/60/46; 
ttag +92 100/100/100/100/100; 
ttag +93 96/96/93/97/96; 
ttag +94 97/96/96/98/95; 
