tread
'Tree with tags' 
(0 ((1 (((2 3 )((6 7 (4 5 ))((8 9 )(10 (11 12 )))))((26 (27 (28 (29 30 ))))(39 (31 ((32 33 )(34 35 )(36 (37 38 ))))(41 (40 (42 (43 ((44 45 )(46 47 ))))))))))(13 14 )((15 16 )(17 (18 (19 ((20 21 )(22 23 (24 25 ))))))))); 
ttag *!; 
ttag +49 1; 
ttag +50 ???; 
ttag +51 12; 
ttag +52 5; 
ttag +53 1; 
ttag +54 5; 
ttag +55 6; 
ttag +56 6; 
ttag +57 3; 
ttag +58 1; 
ttag +59 8; 
ttag +60 7; 
ttag +61 7; 
ttag +62 7; 
ttag +63 6; 
ttag +64 1; 
ttag +65 7; 
ttag +66 1; 
ttag +67 6; 
ttag +68 1; 
ttag +69 9; 
ttag +70 5; 
ttag +71 4; 
ttag +72 2; 
ttag +73 1; 
ttag +74 5; 
ttag +75 4; 
ttag +76 3; 
ttag +77 6; 
ttag +78 9; 
ttag +79 6; 
ttag +80 4; 
ttag +81 8; 
ttag +82 4; 
ttag +83 1; 
ttag +84 7; 
ttag +85 7; 
ttag +86 5; 
ttag +87 14; 
ttag +88 4; 
ttag +89 4; 
tread
'Tree with tags' 
(0 (((1 (((2 3 )((6 (7 (4 5 )))((8 9 )(10 (11 12 )))))((26 (27 (28 (29 30 ))))(39 ((31 (((32 33 )(34 35 ))(36 (37 38 ))))(41 (40 (42 (43 ((44 45 )(46 47 )))))))))))(13 14 ))((15 16 )(17 (18 (19 ((20 21 )(23 (22 (24 25 )))))))))); 
ttag *!; 
ttag +0 ////; 
ttag +1 ////; 
ttag +2 ////; 
ttag +3 ////; 
ttag +4 ////; 
ttag +5 ////; 
ttag +6 ////; 
ttag +7 ////; 
ttag +8 ////; 
ttag +9 ////; 
ttag +10 ////; 
ttag +11 ////; 
ttag +12 ////; 
ttag +13 ////; 
ttag +14 ////; 
ttag +15 ////; 
ttag +16 ////; 
ttag +17 ////; 
ttag +18 ////; 
ttag +19 ////; 
ttag +20 ////; 
ttag +21 ////; 
ttag +22 ////; 
ttag +23 ////; 
ttag +24 ////; 
ttag +25 ////; 
ttag +26 ////; 
ttag +27 ////; 
ttag +28 ////; 
ttag +29 ////; 
ttag +30 ////; 
ttag +31 ////; 
ttag +32 ////; 
ttag +33 ////; 
ttag +34 ////; 
ttag +35 ////; 
ttag +36 ////; 
ttag +37 ////; 
ttag +38 ////; 
ttag +39 ////; 
ttag +40 ////; 
ttag +41 ////; 
ttag +42 ////; 
ttag +43 ////; 
ttag +44 ////; 
ttag +45 ////; 
ttag +46 ////; 
ttag +47 ////; 
ttag +48 ////; 
ttag +49 34/16/12/30/17; 
ttag +50 24/6/3/8/5; 
ttag +51 100/100/100/100/100; 
ttag +52 100/100/100/100/100; 
ttag +53 82/78/73/82/72; 
ttag +54 43/25/18/39/23; 
ttag +55 98/98/96/96/94; 
ttag +56 39/[4]/?/?/?; 
ttag +57 98/98/96/100/97; 
ttag +58 98/98/96/96/90; 
ttag +59 88/86/83/86/79; 
ttag +60 51/20/15/25/15; 
ttag +61 99/98/98/99/98; 
ttag +62 100/100/100/100/100; 
ttag +63 100/100/100/100/99; 
ttag +64 98/98/95/98/92; 
ttag +65 97/96/92/98/90; 
ttag +66 57/48/44/45/34; 
ttag +67 97/97/96/98/93; 
ttag +68 76/63/42/59/46; 
ttag +69 100/100/100/100/100; 
ttag +70 63/50/37/50/41; 
ttag +71 40/[6]/?/?/?; 
ttag +72 99/99/99/99/98; 
ttag +73 96/95/92/94/93; 
ttag +74 100/100/97/99/97; 
ttag +75 78/62/54/73/72; 
ttag +76 69/57/46/45/49; 
ttag +77 99/99/92/96/93; 
ttag +78 95/93/93/97/90; 
ttag +79 83/79/66/80/71; 
ttag +80 29/[14]/?/?/?; 
ttag +81 99/99/97/98/95; 
ttag +82 100/100/99/100/100; 
ttag +83 20/[6]/?/?/?; 
ttag +84 99/98/93/97/94; 
ttag +85 95/94/89/90/87; 
ttag +86 100/100/99/100/100; 
ttag +87 99/99/91/96/95; 
ttag +88 68/53/43/52/29; 
ttag +89 99/99/95/98/96; 
ttag +90 94/90/86/96/86; 
ttag +91 96/95/90/96/94; 
ttag +92 100/100/100/100/100; 
ttag +93 90/87/79/93/80; 
ttag +94 90/88/70/87/70; 
