tread
'Tree with tags' 
(0 (1 ((2 3 )((6 (7 (4 5 )))((8 9 )(10 (11 12 )))))(13 14 )((15 16 )(17 (19 (18 ((20 21 )((22 23 )(24 25 )))))))((26 (27 (28 (29 30 ))))(39 (31 ((32 33 )((34 35 )(36 (37 38 )))))((40 41 )(42 (43 ((44 45 )(46 47 ))))))))); 
ttag *!; 
ttag +49 ???; 
ttag +50 6; 
ttag +51 7; 
ttag +52 1; 
ttag +53 1; 
ttag +54 6; 
ttag +55 4; 
ttag +56 3; 
ttag +57 1; 
ttag +58 6; 
ttag +59 3; 
ttag +60 7; 
ttag +61 9; 
ttag +62 10; 
ttag +63 4; 
ttag +64 2; 
ttag +65 5; 
ttag +66 9; 
ttag +67 8; 
ttag +68 9; 
ttag +69 7; 
ttag +70 4; 
ttag +71 3; 
ttag +72 4; 
ttag +73 2; 
ttag +74 3; 
ttag +75 8; 
ttag +76 5; 
ttag +77 6; 
ttag +78 9; 
ttag +79 2; 
ttag +80 3; 
ttag +81 1; 
ttag +82 7; 
ttag +83 6; 
ttag +84 1; 
ttag +85 5; 
ttag +86 10; 
ttag +87 1; 
ttag +88 4; 
ttag +89 6; 
ttag +90 1; 
tread
'Tree with tags' 
(0 (1 ((((2 3 )((6 (7 (4 5 )))((8 9 )(10 (11 12 )))))((13 14 )((15 16 )(17 (19 (18 ((20 21 )((22 23 )(24 25 )))))))))((26 (27 (28 (29 30 ))))((39 (31 ((32 33 )((34 35 )(36 (37 38 ))))))((40 41 )(42 (43 ((44 45 )(46 47 )))))))))); 
ttag *!; 
ttag +0 ////; 
ttag +1 ////; 
ttag +2 ////; 
ttag +3 ////; 
ttag +4 ////; 
ttag +5 ////; 
ttag +6 ////; 
ttag +7 ////; 
ttag +8 ////; 
ttag +9 ////; 
ttag +10 ////; 
ttag +11 ////; 
ttag +12 ////; 
ttag +13 ////; 
ttag +14 ////; 
ttag +15 ////; 
ttag +16 ////; 
ttag +17 ////; 
ttag +18 ////; 
ttag +19 ////; 
ttag +20 ////; 
ttag +21 ////; 
ttag +22 ////; 
ttag +23 ////; 
ttag +24 ////; 
ttag +25 ////; 
ttag +26 ////; 
ttag +27 ////; 
ttag +28 ////; 
ttag +29 ////; 
ttag +30 ////; 
ttag +31 ////; 
ttag +32 ////; 
ttag +33 ////; 
ttag +34 ////; 
ttag +35 ////; 
ttag +36 ////; 
ttag +37 ////; 
ttag +38 ////; 
ttag +39 ////; 
ttag +40 ////; 
ttag +41 ////; 
ttag +42 ////; 
ttag +43 ////; 
ttag +44 ////; 
ttag +45 ////; 
ttag +46 ////; 
ttag +47 ////; 
ttag +48 ////; 
ttag +49 100/100/100/100/100; 
ttag +50 99/99/94/98/94; 
ttag +51 98/98/91/98/91; 
ttag +52 1/[15]/?/?/?; 
ttag +53 22/6/?/2/?; 
ttag +54 61/36/32/25/20; 
ttag +55 46/12/9/6/2; 
ttag +56 95/94/90/97/85; 
ttag +57 89/87/73/91/81; 
ttag +58 75/66/36/62/44; 
ttag +59 61/52/25/43/31; 
ttag +60 99/98/97/99/96; 
ttag +61 90/88/81/93/89; 
ttag +62 99/99/97/99/99; 
ttag +63 21/4/?/?/?; 
ttag +64 100/100/98/100/99; 
ttag +65 98/98/96/100/94; 
ttag +66 94/93/84/92/84; 
ttag +67 82/79/67/77/65; 
ttag +68 91/88/80/88/80; 
ttag +69 100/100/100/100/100; 
ttag +70 97/96/93/98/90; 
ttag +71 100/100/98/99/99; 
ttag +72 99/99/90/98/94; 
ttag +73 96/95/87/88/79; 
ttag +74 91/89/80/90/84; 
ttag +75 86/83/74/88/73; 
ttag +76 78/69/69/77/65; 
ttag +77 93/90/90/90/86; 
ttag +78 100/100/98/99/97; 
ttag +79 99/99/95/96/93; 
ttag +80 48/20/29/23/11; 
ttag +81 99/99/97/99/98; 
ttag +82 99/99/99/100/99; 
ttag +83 92/89/90/88/86; 
ttag +84 96/96/98/97/96; 
ttag +85 59/42/41/44/34; 
ttag +86 100/100/98/100/97; 
ttag +87 100/100/98/98/96; 
ttag +88 70/56/46/55/44; 
ttag +89 98/98/93/98/94; 
ttag +90 100/100/100/100/100; 
ttag +91 53/34/41/41/40; 
ttag +92 95/94/86/94/92; 
ttag +93 100/100/98/99/96; 
ttag +94 63/46/33/42/35; 
