tread
'Tree with tags' 
(0 (1 (((2 3 )(9 ((6 (7 (4 5 )))(8 (10 (11 12 ))))))(((13 14 )((15 16 )(17 (18 (19 ((20 21 )((22 23 )(24 25 ))))))))((26 (27 (28 (29 30 ))))(39 ((31 ((32 33 )((34 35 )(36 (37 38 )))))(41 (40 (42 (43 ((44 45 )(46 47 ))))))))))))); 
ttag *!; 
ttag +49 ???; 
ttag +50 5; 
ttag +51 6; 
ttag +52 1; 
ttag +53 2; 
ttag +54 1; 
ttag +55 5; 
ttag +56 2; 
ttag +57 2; 
ttag +58 1; 
ttag +59 10; 
ttag +60 11; 
ttag +61 10; 
ttag +62 1; 
ttag +63 1; 
ttag +64 7; 
ttag +65 4; 
ttag +66 1; 
ttag +67 2; 
ttag +68 2; 
ttag +69 8; 
ttag +70 6; 
ttag +71 11; 
ttag +72 7; 
ttag +73 3; 
ttag +74 3; 
ttag +75 6; 
ttag +76 1; 
ttag +77 4; 
ttag +78 9; 
ttag +79 9; 
ttag +80 1; 
ttag +81 8; 
ttag +82 7; 
ttag +83 3; 
ttag +84 4; 
ttag +85 1; 
ttag +86 11; 
ttag +87 5; 
ttag +88 1; 
ttag +89 5; 
ttag +90 7; 
ttag +91 3; 
ttag +92 2; 
ttag +93 10; 
ttag +94 5; 
tread
'Tree with tags' 
(0 (1 (((2 3 )(9 ((6 (7 (4 5 )))(8 (10 (11 12 ))))))(((13 14 )((15 16 )(17 (18 (19 ((20 21 )((22 23 )(24 25 ))))))))((26 (27 (28 (29 30 ))))(39 ((31 ((32 33 )((34 35 )(36 (37 38 )))))(41 (40 (42 (43 ((44 45 )(46 47 ))))))))))))); 
ttag *!; 
ttag +0 ////; 
ttag +1 ////; 
ttag +2 ////; 
ttag +3 ////; 
ttag +4 ////; 
ttag +5 ////; 
ttag +6 ////; 
ttag +7 ////; 
ttag +8 ////; 
ttag +9 ////; 
ttag +10 ////; 
ttag +11 ////; 
ttag +12 ////; 
ttag +13 ////; 
ttag +14 ////; 
ttag +15 ////; 
ttag +16 ////; 
ttag +17 ////; 
ttag +18 ////; 
ttag +19 ////; 
ttag +20 ////; 
ttag +21 ////; 
ttag +22 ////; 
ttag +23 ////; 
ttag +24 ////; 
ttag +25 ////; 
ttag +26 ////; 
ttag +27 ////; 
ttag +28 ////; 
ttag +29 ////; 
ttag +30 ////; 
ttag +31 ////; 
ttag +32 ////; 
ttag +33 ////; 
ttag +34 ////; 
ttag +35 ////; 
ttag +36 ////; 
ttag +37 ////; 
ttag +38 ////; 
ttag +39 ////; 
ttag +40 ////; 
ttag +41 ////; 
ttag +42 ////; 
ttag +43 ////; 
ttag +44 ////; 
ttag +45 ////; 
ttag +46 ////; 
ttag +47 ////; 
ttag +48 ////; 
ttag +49 100/100/100/100/100; 
ttag +50 99/99/99/98/98; 
ttag +51 99/99/94/98/94; 
ttag +52 47/23/20/23/19; 
ttag +53 51/32/32/34/36; 
ttag +54 26/7/8/12/15; 
ttag +55 87/86/68/81/76; 
ttag +56 40/23/8/19/5; 
ttag +57 50/26/20/27/20; 
ttag +58 28/2/?/4/?; 
ttag +59 99/99/99/100/99; 
ttag +60 100/100/100/100/100; 
ttag +61 100/100/99/100/99; 
ttag +62 35/19/10/22/11; 
ttag +63 62/57/56/63/52; 
ttag +64 100/100/98/100/99; 
ttag +65 87/84/79/90/80; 
ttag +66 44/11/?/10/8; 
ttag +67 63/47/37/49/38; 
ttag +68 62/51/37/48/42; 
ttag +69 100/100/100/100/99; 
ttag +70 97/96/94/98/96; 
ttag +71 100/100/100/100/100; 
ttag +72 98/98/95/99/97; 
ttag +73 83/78/64/79/71; 
ttag +74 82/79/80/80/78; 
ttag +75 93/91/85/94/86; 
ttag +76 47/9/20/19/17; 
ttag +77 94/92/88/92/85; 
ttag +78 100/100/100/99/99; 
ttag +79 99/98/91/99/94; 
ttag +80 43/18/10/22/16; 
ttag +81 99/99/98/99/98; 
ttag +82 100/100/96/98/98; 
ttag +83 76/65/58/74/58; 
ttag +84 94/91/84/89/85; 
ttag +85 50/39/30/47/33; 
ttag +86 99/98/98/100/100; 
ttag +87 99/98/92/98/90; 
ttag +88 55/34/22/35/26; 
ttag +89 87/82/74/86/80; 
ttag +90 98/97/91/98/94; 
ttag +91 83/73/58/73/59; 
ttag +92 66/43/48/55/38; 
ttag +93 99/99/97/98/97; 
ttag +94 98/98/93/97/90; 
