tread
'Tree with tags' 
(0 (1 ((2 3 )((6 7 (4 5 ))(8 (9 (10 (11 12 ))))))(13 14 )(((17 (15 16 ))(18 (19 ((20 21 )((22 23 )(24 25 ))))))((26 (27 (28 (29 30 ))))((31 ((32 33 )(34 35 (36 (37 38 )))))(39 ((40 41 )(42 (43 ((44 45 )(46 47 ))))))))))); 
ttag *!; 
ttag +49 ???; 
ttag +50 3; 
ttag +51 4; 
ttag +52 8; 
ttag +53 8; 
ttag +54 3; 
ttag +55 1; 
ttag +56 1; 
ttag +57 6; 
ttag +58 13; 
ttag +59 9; 
ttag +60 6; 
ttag +61 1; 
ttag +62 9; 
ttag +63 1; 
ttag +64 6; 
ttag +65 3; 
ttag +66 10; 
ttag +67 4; 
ttag +68 7; 
ttag +69 10; 
ttag +70 5; 
ttag +71 5; 
ttag +72 6; 
ttag +73 1; 
ttag +74 4; 
ttag +75 10; 
ttag +76 3; 
ttag +77 8; 
ttag +78 9; 
ttag +79 3; 
ttag +80 2; 
ttag +81 4; 
ttag +82 7; 
ttag +83 1; 
ttag +84 2; 
ttag +85 4; 
ttag +86 8; 
ttag +87 1; 
ttag +88 4; 
ttag +89 4; 
ttag +90 2; 
tread
'Tree with tags' 
(0 (1 ((2 3 )((6 7 (4 5 ))(8 (9 (10 (11 12 ))))))(13 14 )(((17 (15 16 ))(18 (19 ((20 21 )((22 23 )(24 25 ))))))((26 (27 (28 (29 30 ))))((31 ((32 33 )(34 35 (36 (37 38 )))))(39 ((40 41 )(42 (43 ((44 45 )(46 47 ))))))))))); 
ttag *!; 
ttag +0 ////; 
ttag +1 ////; 
ttag +2 ////; 
ttag +3 ////; 
ttag +4 ////; 
ttag +5 ////; 
ttag +6 ////; 
ttag +7 ////; 
ttag +8 ////; 
ttag +9 ////; 
ttag +10 ////; 
ttag +11 ////; 
ttag +12 ////; 
ttag +13 ////; 
ttag +14 ////; 
ttag +15 ////; 
ttag +16 ////; 
ttag +17 ////; 
ttag +18 ////; 
ttag +19 ////; 
ttag +20 ////; 
ttag +21 ////; 
ttag +22 ////; 
ttag +23 ////; 
ttag +24 ////; 
ttag +25 ////; 
ttag +26 ////; 
ttag +27 ////; 
ttag +28 ////; 
ttag +29 ////; 
ttag +30 ////; 
ttag +31 ////; 
ttag +32 ////; 
ttag +33 ////; 
ttag +34 ////; 
ttag +35 ////; 
ttag +36 ////; 
ttag +37 ////; 
ttag +38 ////; 
ttag +39 ////; 
ttag +40 ////; 
ttag +41 ////; 
ttag +42 ////; 
ttag +43 ////; 
ttag +44 ////; 
ttag +45 ////; 
ttag +46 ////; 
ttag +47 ////; 
ttag +48 ////; 
ttag +49 100/100/100/100/100; 
ttag +50 79/71/65/76/59; 
ttag +51 99/99/96/98/94; 
ttag +52 100/100/100/100/99; 
ttag +53 98/98/96/99/97; 
ttag +54 77/71/66/73/60; 
ttag +55 32/14/14/22/15; 
ttag +56 34/16/11/20/10; 
ttag +57 98/98/94/100/93; 
ttag +58 100/100/100/100/100; 
ttag +59 100/100/100/100/99; 
ttag +60 97/96/94/100/95; 
ttag +61 38/22/8/22/12; 
ttag +62 99/99/100/99/99; 
ttag +63 47/24/18/32/20; 
ttag +64 97/96/93/96/94; 
ttag +65 90/89/76/89/80; 
ttag +66 100/100/100/100/100; 
ttag +67 90/86/83/92/79; 
ttag +68 100/100/99/99/97; 
ttag +69 100/100/99/100/98; 
ttag +70 97/96/92/98/93; 
ttag +71 95/94/81/91/81; 
ttag +72 98/98/94/96/93; 
ttag +73 55/44/34/46/32; 
ttag +74 84/75/70/78/63; 
ttag +75 99/99/99/99/98; 
ttag +76 88/84/71/81/74; 
ttag +77 100/100/99/100/100; 
ttag +78 100/100/99/100/99; 
ttag +79 87/85/70/82/78; 
ttag +80 84/78/74/83/71; 
ttag +81 95/92/87/91/80; 
ttag +82 98/98/96/99/97; 
ttag +83 40/9/6/9/3; 
ttag +84 88/86/80/89/79; 
ttag +85 92/91/80/91/84; 
ttag +86 98/98/97/98/97; 
ttag +87 38/0/?/6/?; 
ttag +88 97/97/93/97/92; 
ttag +89 87/84/81/88/79; 
ttag +90 61/50/45/51/40; 
