tread
'Tree with tags' 
(0 ((1 ((2 3 )((4 5 )(6 7 ))((8 9 )(10 (11 12 )))))(((13 14 )((26 (27 (28 (29 30 ))))(39 (31 (34 35 (32 33 )(36 (37 38 ))))((40 41 )(42 (43 (44 45 )(46 47 )))))))((15 16 )(17 (18 (19 ((20 21 )((22 23 )(24 25 )))))))))); 
ttag *!; 
ttag +49 1; 
ttag +50 ???; 
ttag +51 10; 
ttag +52 5; 
ttag +53 6; 
ttag +54 8; 
ttag +55 3; 
ttag +56 2; 
ttag +57 5; 
ttag +58 6; 
ttag +59 12; 
ttag +60 16; 
ttag +61 1; 
ttag +62 1; 
ttag +63 11; 
ttag +64 2; 
ttag +65 2; 
ttag +66 8; 
ttag +67 2; 
ttag +68 12; 
ttag +69 6; 
ttag +70 7; 
ttag +71 9; 
ttag +72 3; 
ttag +73 6; 
ttag +74 4; 
ttag +75 6; 
ttag +76 3; 
ttag +77 10; 
ttag +78 8; 
ttag +79 7; 
ttag +80 7; 
ttag +81 4; 
ttag +82 7; 
ttag +83 7; 
ttag +84 6; 
ttag +85 5; 
ttag +86 4; 
ttag +87 3; 
ttag +88 5; 
ttag +89 2; 
tread
'Tree with tags' 
(0 ((1 (((2 3 )((4 5 )(6 7 )))((8 9 )(10 (11 12 )))))(((13 14 )((26 (27 (28 (29 30 ))))(39 ((31 (((32 33 )(34 35 ))(36 (37 38 ))))((40 41 )(42 (43 ((44 45 )(46 47 )))))))))((15 16 )(17 (18 (19 ((20 21 )((22 23 )(24 25 )))))))))); 
ttag *!; 
ttag +0 ////; 
ttag +1 ////; 
ttag +2 ////; 
ttag +3 ////; 
ttag +4 ////; 
ttag +5 ////; 
ttag +6 ////; 
ttag +7 ////; 
ttag +8 ////; 
ttag +9 ////; 
ttag +10 ////; 
ttag +11 ////; 
ttag +12 ////; 
ttag +13 ////; 
ttag +14 ////; 
ttag +15 ////; 
ttag +16 ////; 
ttag +17 ////; 
ttag +18 ////; 
ttag +19 ////; 
ttag +20 ////; 
ttag +21 ////; 
ttag +22 ////; 
ttag +23 ////; 
ttag +24 ////; 
ttag +25 ////; 
ttag +26 ////; 
ttag +27 ////; 
ttag +28 ////; 
ttag +29 ////; 
ttag +30 ////; 
ttag +31 ////; 
ttag +32 ////; 
ttag +33 ////; 
ttag +34 ////; 
ttag +35 ////; 
ttag +36 ////; 
ttag +37 ////; 
ttag +38 ////; 
ttag +39 ////; 
ttag +40 ////; 
ttag +41 ////; 
ttag +42 ////; 
ttag +43 ////; 
ttag +44 ////; 
ttag +45 ////; 
ttag +46 ////; 
ttag +47 ////; 
ttag +48 ////; 
ttag +49 38/11/10/11/0; 
ttag +50 100/100/100/100/100; 
ttag +51 100/100/99/100/98; 
ttag +52 37/14/18/9/18; 
ttag +53 94/93/90/95/90; 
ttag +54 96/96/95/98/94; 
ttag +55 98/98/95/98/96; 
ttag +56 88/86/86/88/84; 
ttag +57 66/44/42/62/41; 
ttag +58 96/96/88/96/85; 
ttag +59 96/95/92/98/95; 
ttag +60 100/100/100/100/100; 
ttag +61 100/100/100/100/100; 
ttag +62 24/[2]/?/?/?; 
ttag +63 41/14/20/15/6; 
ttag +64 100/100/99/100/100; 
ttag +65 68/62/44/60/60; 
ttag +66 54/34/22/42/25; 
ttag +67 100/100/97/100/99; 
ttag +68 82/78/75/78/80; 
ttag +69 100/100/100/100/100; 
ttag +70 98/98/95/98/95; 
ttag +71 98/97/95/98/96; 
ttag +72 100/100/98/100/98; 
ttag +73 84/82/61/75/70; 
ttag +74 100/100/98/98/99; 
ttag +75 94/93/88/91/89; 
ttag +76 99/98/96/99/97; 
ttag +77 87/86/86/89/82; 
ttag +78 100/100/99/100/100; 
ttag +79 99/99/96/99/96; 
ttag +80 12/[21]/?/?/?; 
ttag +81 98/98/94/98/95; 
ttag +82 100/100/97/100/98; 
ttag +83 31/[16]/?/?/?; 
ttag +84 97/97/93/97/94; 
ttag +85 51/18/13/14/3; 
ttag +86 99/98/97/98/95; 
ttag +87 100/100/98/99/96; 
ttag +88 98/97/94/96/92; 
ttag +89 95/92/91/96/89; 
ttag +90 97/96/92/96/95; 
ttag +91 79/71/58/76/61; 
ttag +92 96/95/97/96/94; 
ttag +93 37/2/10/5/7; 
ttag +94 80/75/70/72/70; 
