tread
'Tree with tags' 
(0 ((1 ((2 3 )((6 7 (4 5 ))(8 9 (10 (11 12 ))))))(((13 14 )((26 (27 (28 (29 30 ))))((31 ((32 33 )(34 35 )(36 (37 38 ))))(39 ((40 41 )(42 (43 ((44 45 )(46 47 )))))))))(17 ((15 16 )(18 (19 ((20 21 )((22 23 )(24 25 )))))))))); 
ttag *!; 
ttag +49 2; 
ttag +50 ???; 
ttag +51 4; 
ttag +52 9; 
ttag +53 1; 
ttag +54 10; 
ttag +55 1; 
ttag +56 1; 
ttag +57 8; 
ttag +58 7; 
ttag +59 7; 
ttag +60 1; 
ttag +61 2; 
ttag +62 6; 
ttag +63 2; 
ttag +64 5; 
ttag +65 2; 
ttag +66 3; 
ttag +67 6; 
ttag +68 6; 
ttag +69 10; 
ttag +70 2; 
ttag +71 3; 
ttag +72 4; 
ttag +73 5; 
ttag +74 1; 
ttag +75 1; 
ttag +76 14; 
ttag +77 7; 
ttag +78 6; 
ttag +79 5; 
ttag +80 5; 
ttag +81 1; 
ttag +82 4; 
ttag +83 13; 
ttag +84 1; 
ttag +85 2; 
ttag +86 7; 
ttag +87 11; 
ttag +88 1; 
ttag +89 8; 
ttag +90 2; 
ttag +91 2; 
tread
'Tree with tags' 
(0 ((1 ((2 3 )(((4 5 )(6 7 ))(9 (8 (10 (11 12 )))))))(((13 14 )((26 (27 (28 (29 30 ))))((31 (((32 33 )(34 35 ))(36 (37 38 ))))(39 ((40 41 )(42 (43 ((44 45 )(46 47 )))))))))(17 ((15 16 )(18 (19 ((20 21 )((22 23 )(24 25 )))))))))); 
ttag *!; 
ttag +0 ////; 
ttag +1 ////; 
ttag +2 ////; 
ttag +3 ////; 
ttag +4 ////; 
ttag +5 ////; 
ttag +6 ////; 
ttag +7 ////; 
ttag +8 ////; 
ttag +9 ////; 
ttag +10 ////; 
ttag +11 ////; 
ttag +12 ////; 
ttag +13 ////; 
ttag +14 ////; 
ttag +15 ////; 
ttag +16 ////; 
ttag +17 ////; 
ttag +18 ////; 
ttag +19 ////; 
ttag +20 ////; 
ttag +21 ////; 
ttag +22 ////; 
ttag +23 ////; 
ttag +24 ////; 
ttag +25 ////; 
ttag +26 ////; 
ttag +27 ////; 
ttag +28 ////; 
ttag +29 ////; 
ttag +30 ////; 
ttag +31 ////; 
ttag +32 ////; 
ttag +33 ////; 
ttag +34 ////; 
ttag +35 ////; 
ttag +36 ////; 
ttag +37 ////; 
ttag +38 ////; 
ttag +39 ////; 
ttag +40 ////; 
ttag +41 ////; 
ttag +42 ////; 
ttag +43 ////; 
ttag +44 ////; 
ttag +45 ////; 
ttag +46 ////; 
ttag +47 ////; 
ttag +48 ////; 
ttag +49 60/50/50/55/40; 
ttag +50 100/100/100/100/100; 
ttag +51 95/93/87/96/93; 
ttag +52 99/99/98/99/96; 
ttag +53 72/57/52/61/61; 
ttag +54 100/100/98/99/100; 
ttag +55 51/33/18/15/12; 
ttag +56 46/22/9/23/19; 
ttag +57 39/15/4/5/2; 
ttag +58 47/35/20/17/16; 
ttag +59 100/100/99/99/98; 
ttag +60 100/100/97/100/98; 
ttag +61 100/100/96/99/97; 
ttag +62 58/50/47/49/34; 
ttag +63 54/44/46/40/30; 
ttag +64 97/97/92/98/95; 
ttag +65 76/70/66/78/64; 
ttag +66 92/88/87/94/80; 
ttag +67 68/54/43/56/33; 
ttag +68 87/85/74/84/70; 
ttag +69 98/98/99/99/96; 
ttag +70 95/94/91/92/86; 
ttag +71 100/100/100/100/98; 
ttag +72 79/69/51/62/60; 
ttag +73 86/82/74/87/81; 
ttag +74 94/92/90/92/87; 
ttag +75 92/91/89/92/84; 
ttag +76 48/20/21/20/12; 
ttag +77 36/8/4/10/1; 
ttag +78 100/100/100/100/100; 
ttag +79 100/100/95/98/97; 
ttag +80 98/97/91/98/90; 
ttag +81 99/99/94/99/93; 
ttag +82 28/6/?/?/?; 
ttag +83 99/99/91/96/94; 
ttag +84 72/68/64/73/70; 
ttag +85 96/95/95/96/96; 
ttag +86 100/100/100/100/100; 
ttag +87 70/60/42/55/52; 
ttag +88 74/67/58/69/60; 
ttag +89 96/95/91/100/92; 
ttag +90 100/100/100/100/100; 
ttag +91 44/30/30/33/27; 
ttag +92 99/99/96/98/98; 
ttag +93 65/54/51/54/49; 
ttag +94 83/79/76/83/76; 
