tread
'Tree with tags' 
(0 (((1 (((15 16 )(17 (18 (19 ((20 21 )(24 25 (22 23 )))))))((26 27 (28 (29 30 )))((39 (31 ((32 33 )((34 35 )(36 (37 38 ))))))((40 41 )(42 (43 ((44 45 )(46 47 )))))))))(13 14 ))((2 3 )(((4 5 )(6 7 ))((8 9 )(10 (11 12 ))))))); 
ttag *!; 
ttag +49 1; 
ttag +50 1; 
ttag +51 ???; 
ttag +52 3; 
ttag +53 8; 
ttag +54 8; 
ttag +55 4; 
ttag +56 4; 
ttag +57 5; 
ttag +58 2; 
ttag +59 1; 
ttag +60 5; 
ttag +61 7; 
ttag +62 5; 
ttag +63 7; 
ttag +64 4; 
ttag +65 2; 
ttag +66 6; 
ttag +67 6; 
ttag +68 2; 
ttag +69 6; 
ttag +70 6; 
ttag +71 7; 
ttag +72 5; 
ttag +73 12; 
ttag +74 4; 
ttag +75 3; 
ttag +76 7; 
ttag +77 5; 
ttag +78 1; 
ttag +79 3; 
ttag +80 5; 
ttag +81 6; 
ttag +82 3; 
ttag +83 1; 
ttag +84 7; 
ttag +85 9; 
ttag +86 4; 
ttag +87 6; 
ttag +88 6; 
ttag +89 5; 
ttag +90 8; 
ttag +91 2; 
ttag +92 2; 
tread
'Tree with tags' 
(0 (((1 (((15 16 )(17 (18 (19 ((20 21 )(25 (24 (22 23 ))))))))(((26 27 )(28 (29 30 )))((39 (31 ((32 33 )((34 35 )(36 (37 38 ))))))((40 41 )(42 (43 ((44 45 )(46 47 )))))))))(13 14 ))((2 3 )(((4 5 )(6 7 ))((8 9 )(10 (11 12 ))))))); 
ttag *!; 
ttag +0 ////; 
ttag +1 ////; 
ttag +2 ////; 
ttag +3 ////; 
ttag +4 ////; 
ttag +5 ////; 
ttag +6 ////; 
ttag +7 ////; 
ttag +8 ////; 
ttag +9 ////; 
ttag +10 ////; 
ttag +11 ////; 
ttag +12 ////; 
ttag +13 ////; 
ttag +14 ////; 
ttag +15 ////; 
ttag +16 ////; 
ttag +17 ////; 
ttag +18 ////; 
ttag +19 ////; 
ttag +20 ////; 
ttag +21 ////; 
ttag +22 ////; 
ttag +23 ////; 
ttag +24 ////; 
ttag +25 ////; 
ttag +26 ////; 
ttag +27 ////; 
ttag +28 ////; 
ttag +29 ////; 
ttag +30 ////; 
ttag +31 ////; 
ttag +32 ////; 
ttag +33 ////; 
ttag +34 ////; 
ttag +35 ////; 
ttag +36 ////; 
ttag +37 ////; 
ttag +38 ////; 
ttag +39 ////; 
ttag +40 ////; 
ttag +41 ////; 
ttag +42 ////; 
ttag +43 ////; 
ttag +44 ////; 
ttag +45 ////; 
ttag +46 ////; 
ttag +47 ////; 
ttag +48 ////; 
ttag +49 21/0/?/7/?; 
ttag +50 14/[7]/?/?/?; 
ttag +51 100/100/100/100/100; 
ttag +52 78/66/58/72/64; 
ttag +53 98/98/93/97/91; 
ttag +54 99/99/99/100/98; 
ttag +55 70/63/55/71/55; 
ttag +56 64/55/44/59/47; 
ttag +57 94/94/90/97/93; 
ttag +58 49/45/35/52/39; 
ttag +59 34/25/21/30/25; 
ttag +60 88/87/72/86/74; 
ttag +61 98/98/98/96/94; 
ttag +62 93/93/84/93/86; 
ttag +63 98/98/96/98/98; 
ttag +64 83/81/78/92/76; 
ttag +65 50/30/21/39/27; 
ttag +66 90/86/84/94/74; 
ttag +67 92/90/82/93/78; 
ttag +68 72/64/54/66/51; 
ttag +69 100/100/100/99/99; 
ttag +70 97/96/94/99/96; 
ttag +71 100/100/100/100/100; 
ttag +72 42/0/5/5/?; 
ttag +73 97/97/90/96/88; 
ttag +74 0/[7]/?/?/?; 
ttag +75 100/100/98/100/99; 
ttag +76 93/92/79/90/81; 
ttag +77 83/75/63/83/68; 
ttag +78 99/99/96/99/97; 
ttag +79 95/94/93/97/95; 
ttag +80 61/57/48/63/56; 
ttag +81 77/65/40/74/42; 
ttag +82 97/96/92/94/91; 
ttag +83 98/98/95/96/91; 
ttag +84 78/69/73/75/66; 
ttag +85 53/36/34/46/29; 
ttag +86 100/100/98/99/98; 
ttag +87 100/100/99/100/98; 
ttag +88 84/77/67/84/71; 
ttag +89 98/98/93/98/92; 
ttag +90 97/97/97/98/96; 
ttag +91 91/88/76/90/75; 
ttag +92 99/98/99/100/98; 
ttag +93 64/42/42/57/39; 
ttag +94 68/53/48/66/49; 
