tread
'Tree with tags' 
(0 (1 ((2 3 )(((10 (7 (6 (4 5 ))))(11 12 ))(8 9 )))((13 14 )(17 (15 16 )(18 19 ((20 21 )((22 23 )(24 25 )))))(26 27 (28 (29 30 ))(39 ((31 (((32 33 )(34 35 ))(37 (36 38 ))))((40 41 )(42 (43 ((44 45 )(46 47 ))))))))))); 
ttag *!; 
ttag +49 ???; 
ttag +50 8; 
ttag +51 10; 
ttag +52 5; 
ttag +53 2; 
ttag +54 7; 
ttag +55 2; 
ttag +56 3; 
ttag +57 6; 
ttag +58 2; 
ttag +59 4; 
ttag +60 7; 
ttag +61 1; 
ttag +62 9; 
ttag +63 5; 
ttag +64 3; 
ttag +65 10; 
ttag +66 2; 
ttag +67 8; 
ttag +68 6; 
ttag +69 4; 
ttag +70 5; 
ttag +71 5; 
ttag +72 8; 
ttag +73 8; 
ttag +74 1; 
ttag +75 6; 
ttag +76 8; 
ttag +77 2; 
ttag +78 5; 
ttag +79 5; 
ttag +80 1; 
ttag +81 13; 
ttag +82 3; 
ttag +83 9; 
ttag +84 3; 
ttag +85 7; 
ttag +86 11; 
ttag +87 2; 
ttag +88 3; 
tread
'Tree with tags' 
(0 (1 (((2 3 )(((10 (7 (6 (4 5 ))))(11 12 ))(8 9 )))(((13 14 )((26 (27 (28 (29 30 ))))(39 ((31 (((32 33 )(34 35 ))(37 (36 38 ))))((40 41 )(42 (43 ((44 45 )(46 47 )))))))))((15 16 )(17 ((18 19 )((20 21 )((22 23 )(24 25 )))))))))); 
ttag *!; 
ttag +0 ////; 
ttag +1 ////; 
ttag +2 ////; 
ttag +3 ////; 
ttag +4 ////; 
ttag +5 ////; 
ttag +6 ////; 
ttag +7 ////; 
ttag +8 ////; 
ttag +9 ////; 
ttag +10 ////; 
ttag +11 ////; 
ttag +12 ////; 
ttag +13 ////; 
ttag +14 ////; 
ttag +15 ////; 
ttag +16 ////; 
ttag +17 ////; 
ttag +18 ////; 
ttag +19 ////; 
ttag +20 ////; 
ttag +21 ////; 
ttag +22 ////; 
ttag +23 ////; 
ttag +24 ////; 
ttag +25 ////; 
ttag +26 ////; 
ttag +27 ////; 
ttag +28 ////; 
ttag +29 ////; 
ttag +30 ////; 
ttag +31 ////; 
ttag +32 ////; 
ttag +33 ////; 
ttag +34 ////; 
ttag +35 ////; 
ttag +36 ////; 
ttag +37 ////; 
ttag +38 ////; 
ttag +39 ////; 
ttag +40 ////; 
ttag +41 ////; 
ttag +42 ////; 
ttag +43 ////; 
ttag +44 ////; 
ttag +45 ////; 
ttag +46 ////; 
ttag +47 ////; 
ttag +48 ////; 
ttag +49 100/100/100/100/100; 
ttag +50 99/99/99/99/100; 
ttag +51 99/99/99/100/99; 
ttag +52 44/28/21/19/16; 
ttag +53 92/91/90/93/82; 
ttag +54 72/62/50/63/38; 
ttag +55 93/91/84/89/81; 
ttag +56 54/34/26/40/11; 
ttag +57 59/39/36/49/20; 
ttag +58 90/87/76/90/79; 
ttag +59 85/82/72/81/66; 
ttag +60 95/93/86/90/85; 
ttag +61 99/99/95/98/95; 
ttag +62 18/[4]/?/?/?; 
ttag +63 53/44/31/50/40; 
ttag +64 100/100/100/100/100; 
ttag +65 96/95/81/95/87; 
ttag +66 32/[2]/3/?/?; 
ttag +67 34/2/?/?/?; 
ttag +68 88/86/78/90/74; 
ttag +69 100/100/100/100/100; 
ttag +70 84/80/73/82/76; 
ttag +71 100/100/100/100/99; 
ttag +72 98/98/98/99/97; 
ttag +73 94/92/93/94/85; 
ttag +74 43/7/8/9/?; 
ttag +75 99/98/96/97/92; 
ttag +76 66/54/48/54/40; 
ttag +77 97/96/91/96/92; 
ttag +78 100/100/99/100/100; 
ttag +79 99/99/97/100/98; 
ttag +80 60/50/38/45/41; 
ttag +81 99/99/96/99/94; 
ttag +82 100/100/100/100/100; 
ttag +83 68/64/48/65/48; 
ttag +84 95/93/90/94/90; 
ttag +85 98/98/94/97/96; 
ttag +86 59/40/22/43/24; 
ttag +87 100/100/100/100/100; 
ttag +88 78/71/62/72/65; 
ttag +89 99/99/98/98/94; 
ttag +90 88/86/72/86/74; 
ttag +91 96/95/87/95/77; 
ttag +92 100/100/99/100/100; 
ttag +93 80/77/51/67/55; 
ttag +94 85/77/72/82/70; 
