tread
'Tree with tags' 
(0 ((1 (((13 14 )(17 (15 16 )(18 19 ((20 21 )((22 23 )(24 25 ))))))((26 (27 (28 (29 30 ))))((31 ((32 33 )(34 35 )(36 (37 38 ))))(39 (40 41 (42 (43 ((44 45 )(46 47 ))))))))))((2 3 )(((4 5 )(6 7 ))((8 9 )(10 (11 12 ))))))); 
ttag *!; 
ttag +49 1; 
ttag +50 ???; 
ttag +51 6; 
ttag +52 10; 
ttag +53 5; 
ttag +54 8; 
ttag +55 2; 
ttag +56 5; 
ttag +57 1; 
ttag +58 2; 
ttag +59 5; 
ttag +60 8; 
ttag +61 10; 
ttag +62 3; 
ttag +63 2; 
ttag +64 10; 
ttag +65 8; 
ttag +66 6; 
ttag +67 5; 
ttag +68 2; 
ttag +69 4; 
ttag +70 9; 
ttag +71 2; 
ttag +72 10; 
ttag +73 9; 
ttag +74 2; 
ttag +75 6; 
ttag +76 8; 
ttag +77 10; 
ttag +78 5; 
ttag +79 6; 
ttag +80 5; 
ttag +81 3; 
ttag +82 7; 
ttag +83 7; 
ttag +84 2; 
ttag +85 5; 
ttag +86 12; 
ttag +87 6; 
ttag +88 1; 
ttag +89 8; 
ttag +90 4; 
tread
'Tree with tags' 
(0 ((1 (((13 14 )((15 16 )(17 (19 (18 ((20 21 )((22 23 )(24 25 ))))))))((26 (27 (28 (29 30 ))))((31 (((32 33 )(34 35 ))(36 (37 38 ))))(39 (41 (40 (42 (43 ((44 45 )(46 47 )))))))))))((2 3 )(((4 5 )(6 7 ))((8 9 )(10 (11 12 ))))))); 
ttag *!; 
ttag +0 ////; 
ttag +1 ////; 
ttag +2 ////; 
ttag +3 ////; 
ttag +4 ////; 
ttag +5 ////; 
ttag +6 ////; 
ttag +7 ////; 
ttag +8 ////; 
ttag +9 ////; 
ttag +10 ////; 
ttag +11 ////; 
ttag +12 ////; 
ttag +13 ////; 
ttag +14 ////; 
ttag +15 ////; 
ttag +16 ////; 
ttag +17 ////; 
ttag +18 ////; 
ttag +19 ////; 
ttag +20 ////; 
ttag +21 ////; 
ttag +22 ////; 
ttag +23 ////; 
ttag +24 ////; 
ttag +25 ////; 
ttag +26 ////; 
ttag +27 ////; 
ttag +28 ////; 
ttag +29 ////; 
ttag +30 ////; 
ttag +31 ////; 
ttag +32 ////; 
ttag +33 ////; 
ttag +34 ////; 
ttag +35 ////; 
ttag +36 ////; 
ttag +37 ////; 
ttag +38 ////; 
ttag +39 ////; 
ttag +40 ////; 
ttag +41 ////; 
ttag +42 ////; 
ttag +43 ////; 
ttag +44 ////; 
ttag +45 ////; 
ttag +46 ////; 
ttag +47 ////; 
ttag +48 ////; 
ttag +49 58/38/29/45/30; 
ttag +50 100/100/100/100/100; 
ttag +51 93/90/82/94/78; 
ttag +52 98/98/96/99/94; 
ttag +53 97/96/91/97/90; 
ttag +54 98/98/97/98/95; 
ttag +55 63/54/35/54/33; 
ttag +56 99/99/99/98/99; 
ttag +57 38/26/22/28/16; 
ttag +58 56/50/46/58/46; 
ttag +59 96/96/91/97/92; 
ttag +60 99/99/99/100/99; 
ttag +61 100/100/100/100/100; 
ttag +62 69/66/49/68/56; 
ttag +63 69/66/52/64/59; 
ttag +64 100/100/98/100/97; 
ttag +65 98/97/100/99/97; 
ttag +66 56/38/30/31/36; 
ttag +67 34/0/?/?/?; 
ttag +68 96/95/94/97/93; 
ttag +69 100/100/99/98/98; 
ttag +70 73/69/55/66/53; 
ttag +71 96/96/87/95/88; 
ttag +72 100/100/100/99/100; 
ttag +73 66/49/56/55/37; 
ttag +74 100/100/100/100/100; 
ttag +75 99/98/95/98/95; 
ttag +76 79/73/71/68/66; 
ttag +77 99/98/92/98/94; 
ttag +78 100/100/98/100/98; 
ttag +79 100/100/99/100/99; 
ttag +80 88/85/80/92/80; 
ttag +81 99/99/100/99/98; 
ttag +82 17/[2]/?/3/?; 
ttag +83 93/91/91/94/88; 
ttag +84 94/92/86/91/83; 
ttag +85 97/96/95/98/93; 
ttag +86 99/99/97/98/98; 
ttag +87 82/78/69/71/60; 
ttag +88 28/[14]/?/?/?; 
ttag +89 98/98/95/99/92; 
ttag +90 100/100/100/100/100; 
ttag +91 100/100/97/96/95; 
ttag +92 64/47/42/53/40; 
ttag +93 100/100/97/99/96; 
ttag +94 96/95/89/96/88; 
