tread
'Tree with tags' 
(0 ((1 (((15 16 )(17 (18 (19 ((20 21 )((22 23 )(24 25 )))))))((26 27 (28 (29 30 )))(39 ((31 ((32 33 )((34 35 )(36 (37 38 )))))((40 41 )(42 (43 ((44 45 )(46 47 ))))))))))(((2 3 )(((4 5 )(6 7 ))(8 (9 (10 (11 12 ))))))(13 14 )))); 
ttag *!; 
ttag +49 1; 
ttag +50 ???; 
ttag +51 4; 
ttag +52 5; 
ttag +53 1; 
ttag +54 8; 
ttag +55 7; 
ttag +56 3; 
ttag +57 1; 
ttag +58 1; 
ttag +59 1; 
ttag +60 6; 
ttag +61 8; 
ttag +62 5; 
ttag +63 12; 
ttag +64 7; 
ttag +65 1; 
ttag +66 1; 
ttag +67 4; 
ttag +68 1; 
ttag +69 9; 
ttag +70 11; 
ttag +71 8; 
ttag +72 4; 
ttag +73 2; 
ttag +74 6; 
ttag +75 3; 
ttag +76 2; 
ttag +77 8; 
ttag +78 4; 
ttag +79 1; 
ttag +80 4; 
ttag +81 10; 
ttag +82 4; 
ttag +83 1; 
ttag +84 1; 
ttag +85 8; 
ttag +86 9; 
ttag +87 2; 
ttag +88 3; 
ttag +89 7; 
ttag +90 4; 
ttag +91 12; 
ttag +92 2; 
ttag +93 5; 
tread
'Tree with tags' 
(0 ((1 (((15 16 )(17 (18 (19 ((20 21 )((22 23 )(24 25 )))))))((26 (27 (28 (29 30 ))))(39 ((31 ((32 33 )((34 35 )(36 (37 38 )))))((40 41 )(42 (43 ((44 45 )(46 47 ))))))))))(((2 3 )(((4 5 )(6 7 ))(8 (9 (10 (11 12 ))))))(13 14 )))); 
ttag *!; 
ttag +0 ////; 
ttag +1 ////; 
ttag +2 ////; 
ttag +3 ////; 
ttag +4 ////; 
ttag +5 ////; 
ttag +6 ////; 
ttag +7 ////; 
ttag +8 ////; 
ttag +9 ////; 
ttag +10 ////; 
ttag +11 ////; 
ttag +12 ////; 
ttag +13 ////; 
ttag +14 ////; 
ttag +15 ////; 
ttag +16 ////; 
ttag +17 ////; 
ttag +18 ////; 
ttag +19 ////; 
ttag +20 ////; 
ttag +21 ////; 
ttag +22 ////; 
ttag +23 ////; 
ttag +24 ////; 
ttag +25 ////; 
ttag +26 ////; 
ttag +27 ////; 
ttag +28 ////; 
ttag +29 ////; 
ttag +30 ////; 
ttag +31 ////; 
ttag +32 ////; 
ttag +33 ////; 
ttag +34 ////; 
ttag +35 ////; 
ttag +36 ////; 
ttag +37 ////; 
ttag +38 ////; 
ttag +39 ////; 
ttag +40 ////; 
ttag +41 ////; 
ttag +42 ////; 
ttag +43 ////; 
ttag +44 ////; 
ttag +45 ////; 
ttag +46 ////; 
ttag +47 ////; 
ttag +48 ////; 
ttag +49 10/[6]/?/4/?; 
ttag +50 100/100/100/100/100; 
ttag +51 97/96/92/95/96; 
ttag +52 86/77/64/82/76; 
ttag +53 41/24/16/30/24; 
ttag +54 100/100/98/100/100; 
ttag +55 98/98/96/99/95; 
ttag +56 73/67/63/70/64; 
ttag +57 54/31/38/43/40; 
ttag +58 63/55/56/51/44; 
ttag +59 36/13/12/20/12; 
ttag +60 94/92/86/93/91; 
ttag +61 99/99/98/99/96; 
ttag +62 100/100/98/99/98; 
ttag +63 100/100/99/100/98; 
ttag +64 99/99/98/99/98; 
ttag +65 19/2/?/11/2; 
ttag +66 70/68/64/63/59; 
ttag +67 92/90/89/91/85; 
ttag +68 67/66/64/69/62; 
ttag +69 100/100/98/99/99; 
ttag +70 100/100/99/100/98; 
ttag +71 100/100/98/100/98; 
ttag +72 91/88/81/94/82; 
ttag +73 75/68/69/70/59; 
ttag +74 99/99/95/100/96; 
ttag +75 76/71/59/78/57; 
ttag +76 32/0/?/0/?; 
ttag +77 87/83/72/76/75; 
ttag +78 100/100/100/100/99; 
ttag +79 87/82/72/86/71; 
ttag +80 50/34/27/46/36; 
ttag +81 90/89/84/91/84; 
ttag +82 100/100/100/100/100; 
ttag +83 89/83/77/88/76; 
ttag +84 64/51/51/52/50; 
ttag +85 62/47/24/40/22; 
ttag +86 99/98/89/96/90; 
ttag +87 100/100/98/100/98; 
ttag +88 69/58/46/56/51; 
ttag +89 72/59/57/64/58; 
ttag +90 98/98/92/98/91; 
ttag +91 87/83/65/87/70; 
ttag +92 100/100/99/100/99; 
ttag +93 71/62/43/65/45; 
ttag +94 95/94/89/92/88; 
