tread
'Tree with tags' 
(0 ((1 ((13 14 )(17 (15 16 )(18 (19 ((20 21 )((22 23 )(24 25 ))))))(((28 (26 27 ))(29 30 ))((39 (31 (32 33 (34 35 )(36 (37 38 )))))(40 (41 (42 (43 ((44 45 )(46 47 ))))))))))(((2 3 )(8 9 )(10 (11 12 )))((4 5 )(6 7 ))))); 
ttag *!; 
ttag +49 1; 
ttag +50 ???; 
ttag +51 2; 
ttag +52 1; 
ttag +53 11; 
ttag +54 7; 
ttag +55 1; 
ttag +56 3; 
ttag +57 3; 
ttag +58 11; 
ttag +59 4; 
ttag +60 12; 
ttag +61 1; 
ttag +62 8; 
ttag +63 2; 
ttag +64 8; 
ttag +65 2; 
ttag +66 5; 
ttag +67 3; 
ttag +68 17; 
ttag +69 6; 
ttag +70 2; 
ttag +71 1; 
ttag +72 1; 
ttag +73 6; 
ttag +74 1; 
ttag +75 9; 
ttag +76 11; 
ttag +77 1; 
ttag +78 6; 
ttag +79 8; 
ttag +80 1; 
ttag +81 8; 
ttag +82 7; 
ttag +83 5; 
ttag +84 1; 
ttag +85 5; 
ttag +86 1; 
ttag +87 5; 
ttag +88 1; 
ttag +89 4; 
tread
'Tree with tags' 
(0 ((1 (((13 14 )((17 (15 16 ))(18 (19 ((20 21 )((22 23 )(24 25 )))))))(((28 (26 27 ))(29 30 ))((39 (31 ((33 (32 (36 (37 38 ))))(34 35 ))))(40 (41 (42 (43 ((44 45 )(46 47 ))))))))))(((2 3 )((8 9 )(10 (11 12 ))))((4 5 )(6 7 ))))); 
ttag *!; 
ttag +0 ////; 
ttag +1 ////; 
ttag +2 ////; 
ttag +3 ////; 
ttag +4 ////; 
ttag +5 ////; 
ttag +6 ////; 
ttag +7 ////; 
ttag +8 ////; 
ttag +9 ////; 
ttag +10 ////; 
ttag +11 ////; 
ttag +12 ////; 
ttag +13 ////; 
ttag +14 ////; 
ttag +15 ////; 
ttag +16 ////; 
ttag +17 ////; 
ttag +18 ////; 
ttag +19 ////; 
ttag +20 ////; 
ttag +21 ////; 
ttag +22 ////; 
ttag +23 ////; 
ttag +24 ////; 
ttag +25 ////; 
ttag +26 ////; 
ttag +27 ////; 
ttag +28 ////; 
ttag +29 ////; 
ttag +30 ////; 
ttag +31 ////; 
ttag +32 ////; 
ttag +33 ////; 
ttag +34 ////; 
ttag +35 ////; 
ttag +36 ////; 
ttag +37 ////; 
ttag +38 ////; 
ttag +39 ////; 
ttag +40 ////; 
ttag +41 ////; 
ttag +42 ////; 
ttag +43 ////; 
ttag +44 ////; 
ttag +45 ////; 
ttag +46 ////; 
ttag +47 ////; 
ttag +48 ////; 
ttag +49 16/[2]/2/?/2; 
ttag +50 100/100/100/100/100; 
ttag +51 83/74/80/77/82; 
ttag +52 37/4/13/16/20; 
ttag +53 100/100/98/100/100; 
ttag +54 99/99/98/98/99; 
ttag +55 53/40/42/44/21; 
ttag +56 82/78/72/75/64; 
ttag +57 85/80/68/84/77; 
ttag +58 28/5/4/7/0; 
ttag +59 100/100/100/100/100; 
ttag +60 94/92/89/97/94; 
ttag +61 100/100/100/100/100; 
ttag +62 29/10/8/11/1; 
ttag +63 29/16/8/16/6; 
ttag +64 100/100/100/100/99; 
ttag +65 23/[37]/?/?/?; 
ttag +66 84/82/71/75/73; 
ttag +67 98/98/96/100/96; 
ttag +68 85/80/73/87/77; 
ttag +69 99/99/99/98/100; 
ttag +70 81/73/76/84/70; 
ttag +71 100/100/100/100/100; 
ttag +72 100/100/95/99/98; 
ttag +73 78/72/68/72/65; 
ttag +74 53/22/15/31/20; 
ttag +75 18/[14]/?/?/?; 
ttag +76 96/96/89/94/87; 
ttag +77 46/30/28/33/26; 
ttag +78 98/98/98/100/96; 
ttag +79 100/100/99/100/100; 
ttag +80 45/7/20/16/12; 
ttag +81 98/97/95/98/95; 
ttag +82 19/[32]/?/?/?; 
ttag +83 32/[2]/5/6/10; 
ttag +84 100/100/99/98/99; 
ttag +85 65/49/41/58/50; 
ttag +86 99/99/98/100/98; 
ttag +87 98/97/95/98/94; 
ttag +88 92/90/83/92/84; 
ttag +89 24/[35]/?/?/?; 
ttag +90 92/90/85/93/90; 
ttag +91 42/22/21/25/32; 
ttag +92 95/94/87/94/92; 
ttag +93 40/20/26/20/29; 
ttag +94 92/91/86/93/89; 
