tread
'Tree with tags' 
(0 ((1 ((2 3 )(9 (8 ((6 7 (4 5 ))(10 (11 12 )))))))(13 14 )((17 ((15 16 )(18 (19 ((20 21 )((22 23 )(24 25 )))))))((26 (27 (28 (29 30 ))))((31 (((32 33 )(34 35 ))(36 (37 38 ))))(39 ((40 41 )(42 (43 ((44 45 )(46 47 ))))))))))); 
ttag *!; 
ttag +49 2; 
ttag +50 ???; 
ttag +51 10; 
ttag +52 9; 
ttag +53 8; 
ttag +54 8; 
ttag +55 1; 
ttag +56 1; 
ttag +57 1; 
ttag +58 6; 
ttag +59 7; 
ttag +60 8; 
ttag +61 12; 
ttag +62 2; 
ttag +63 3; 
ttag +64 2; 
ttag +65 2; 
ttag +66 5; 
ttag +67 8; 
ttag +68 5; 
ttag +69 11; 
ttag +70 1; 
ttag +71 6; 
ttag +72 4; 
ttag +73 11; 
ttag +74 5; 
ttag +75 8; 
ttag +76 12; 
ttag +77 7; 
ttag +78 3; 
ttag +79 4; 
ttag +80 2; 
ttag +81 2; 
ttag +82 6; 
ttag +83 4; 
ttag +84 11; 
ttag +85 5; 
ttag +86 2; 
ttag +87 6; 
ttag +88 9; 
ttag +89 3; 
ttag +90 12; 
ttag +91 3; 
ttag +92 4; 
tread
'Tree with tags' 
(0 (((1 ((2 3 )(9 (8 ((7 (6 (4 5 )))(10 (11 12 )))))))((17 ((15 16 )(18 (19 ((20 21 )((22 23 )(24 25 )))))))((26 (27 (28 (29 30 ))))((31 (((32 33 )(34 35 ))(36 (37 38 ))))(39 ((40 41 )(42 (43 ((44 45 )(46 47 ))))))))))(13 14 ))); 
ttag *!; 
ttag +0 ////; 
ttag +1 ////; 
ttag +2 ////; 
ttag +3 ////; 
ttag +4 ////; 
ttag +5 ////; 
ttag +6 ////; 
ttag +7 ////; 
ttag +8 ////; 
ttag +9 ////; 
ttag +10 ////; 
ttag +11 ////; 
ttag +12 ////; 
ttag +13 ////; 
ttag +14 ////; 
ttag +15 ////; 
ttag +16 ////; 
ttag +17 ////; 
ttag +18 ////; 
ttag +19 ////; 
ttag +20 ////; 
ttag +21 ////; 
ttag +22 ////; 
ttag +23 ////; 
ttag +24 ////; 
ttag +25 ////; 
ttag +26 ////; 
ttag +27 ////; 
ttag +28 ////; 
ttag +29 ////; 
ttag +30 ////; 
ttag +31 ////; 
ttag +32 ////; 
ttag +33 ////; 
ttag +34 ////; 
ttag +35 ////; 
ttag +36 ////; 
ttag +37 ////; 
ttag +38 ////; 
ttag +39 ////; 
ttag +40 ////; 
ttag +41 ////; 
ttag +42 ////; 
ttag +43 ////; 
ttag +44 ////; 
ttag +45 ////; 
ttag +46 ////; 
ttag +47 ////; 
ttag +48 ////; 
ttag +49 40/15/12/32/13; 
ttag +50 46/31/30/20/35; 
ttag +51 100/100/100/100/100; 
ttag +52 99/99/99/100/99; 
ttag +53 99/99/96/99/97; 
ttag +54 99/99/96/100/97; 
ttag +55 21/[20]/?/?/?; 
ttag +56 96/95/94/97/96; 
ttag +57 27/2/2/2/9; 
ttag +58 20/[4]/?/?/1; 
ttag +59 48/30/20/28/32; 
ttag +60 97/96/88/98/88; 
ttag +61 100/100/99/100/97; 
ttag +62 99/99/98/100/98; 
ttag +63 99/99/100/100/100; 
ttag +64 43/30/10/38/16; 
ttag +65 86/82/74/89/70; 
ttag +66 34/8/5/30/7; 
ttag +67 62/50/45/58/47; 
ttag +68 92/90/86/92/86; 
ttag +69 100/100/100/100/100; 
ttag +70 97/96/91/96/87; 
ttag +71 100/100/98/100/99; 
ttag +72 71/57/32/43/35; 
ttag +73 99/99/91/98/92; 
ttag +74 92/88/89/97/90; 
ttag +75 100/100/98/99/99; 
ttag +76 89/84/82/94/80; 
ttag +77 100/100/98/100/98; 
ttag +78 100/100/100/100/100; 
ttag +79 96/95/93/98/96; 
ttag +80 77/63/54/61/56; 
ttag +81 97/97/93/94/92; 
ttag +82 75/64/56/71/60; 
ttag +83 80/71/72/68/65; 
ttag +84 99/98/98/100/98; 
ttag +85 87/83/86/87/83; 
ttag +86 100/100/100/100/100; 
ttag +87 95/94/92/94/90; 
ttag +88 62/53/36/47/34; 
ttag +89 93/88/81/92/83; 
ttag +90 99/99/98/99/97; 
ttag +91 79/69/59/68/51; 
ttag +92 99/99/98/100/98; 
ttag +93 88/86/73/82/74; 
ttag +94 92/89/84/89/78; 
