tread
'Tree with tags' 
(0 ((1 (13 14 )((17 ((15 16 )(18 (19 ((20 21 )((22 23 )(24 25 )))))))((26 (27 (28 (29 30 ))))((31 ((32 33 )(34 35 )(36 (37 38 ))))(39 ((40 41 )(42 43 (46 47 (44 45 )))))))))(2 3 ((((4 5 )(6 7 ))(8 9 ))(10 (11 12 )))))); 
ttag *!; 
ttag +49 1; 
ttag +50 ???; 
ttag +51 7; 
ttag +52 5; 
ttag +53 4; 
ttag +54 1; 
ttag +55 4; 
ttag +56 5; 
ttag +57 3; 
ttag +58 6; 
ttag +59 4; 
ttag +60 1; 
ttag +61 12; 
ttag +62 1; 
ttag +63 10; 
ttag +64 1; 
ttag +65 4; 
ttag +66 3; 
ttag +67 9; 
ttag +68 5; 
ttag +69 11; 
ttag +70 12; 
ttag +71 1; 
ttag +72 6; 
ttag +73 7; 
ttag +74 1; 
ttag +75 8; 
ttag +76 6; 
ttag +77 2; 
ttag +78 9; 
ttag +79 6; 
ttag +80 7; 
ttag +81 2; 
ttag +82 10; 
ttag +83 7; 
ttag +84 4; 
ttag +85 3; 
ttag +86 8; 
ttag +87 9; 
ttag +88 8; 
ttag +89 7; 
tread
'Tree with tags' 
(0 ((1 ((13 14 )((17 ((15 16 )(18 (19 ((20 21 )((22 23 )(24 25 )))))))((26 (27 (28 (29 30 ))))((31 (((32 33 )(34 35 ))(36 (37 38 ))))(39 ((40 41 )((42 43 )((44 45 )(46 47 ))))))))))(3 (2 ((((4 5 )(6 7 ))(8 9 ))(10 (11 12 ))))))); 
ttag *!; 
ttag +0 ////; 
ttag +1 ////; 
ttag +2 ////; 
ttag +3 ////; 
ttag +4 ////; 
ttag +5 ////; 
ttag +6 ////; 
ttag +7 ////; 
ttag +8 ////; 
ttag +9 ////; 
ttag +10 ////; 
ttag +11 ////; 
ttag +12 ////; 
ttag +13 ////; 
ttag +14 ////; 
ttag +15 ////; 
ttag +16 ////; 
ttag +17 ////; 
ttag +18 ////; 
ttag +19 ////; 
ttag +20 ////; 
ttag +21 ////; 
ttag +22 ////; 
ttag +23 ////; 
ttag +24 ////; 
ttag +25 ////; 
ttag +26 ////; 
ttag +27 ////; 
ttag +28 ////; 
ttag +29 ////; 
ttag +30 ////; 
ttag +31 ////; 
ttag +32 ////; 
ttag +33 ////; 
ttag +34 ////; 
ttag +35 ////; 
ttag +36 ////; 
ttag +37 ////; 
ttag +38 ////; 
ttag +39 ////; 
ttag +40 ////; 
ttag +41 ////; 
ttag +42 ////; 
ttag +43 ////; 
ttag +44 ////; 
ttag +45 ////; 
ttag +46 ////; 
ttag +47 ////; 
ttag +48 ////; 
ttag +49 50/33/27/35/20; 
ttag +50 100/100/100/100/100; 
ttag +51 50/19/8/6/12; 
ttag +52 98/98/96/99/96; 
ttag +53 98/96/88/98/93; 
ttag +54 90/88/82/86/82; 
ttag +55 40/12/1/26/?; 
ttag +56 94/92/87/94/90; 
ttag +57 98/98/91/97/93; 
ttag +58 71/63/42/63/44; 
ttag +59 99/99/95/99/98; 
ttag +60 88/84/70/82/71; 
ttag +61 44/27/24/35/22; 
ttag +62 18/0/?/?/?; 
ttag +63 100/100/100/100/100; 
ttag +64 34/[4]/16/17/8; 
ttag +65 100/100/100/99/99; 
ttag +66 39/22/22/21/16; 
ttag +67 98/98/96/97/94; 
ttag +68 84/82/75/82/71; 
ttag +69 100/100/100/100/100; 
ttag +70 93/91/86/94/89; 
ttag +71 100/100/99/100/100; 
ttag +72 100/100/100/100/100; 
ttag +73 58/36/28/38/25; 
ttag +74 98/97/97/97/94; 
ttag +75 96/93/84/94/82; 
ttag +76 50/40/27/39/28; 
ttag +77 99/99/98/99/100; 
ttag +78 99/98/95/99/98; 
ttag +79 73/69/63/74/60; 
ttag +80 100/100/99/99/98; 
ttag +81 97/96/90/99/94; 
ttag +82 41/6/9/14/11; 
ttag +83 97/96/90/97/93; 
ttag +84 84/81/76/83/73; 
ttag +85 100/100/100/100/100; 
ttag +86 100/100/100/100/99; 
ttag +87 93/91/90/94/89; 
ttag +88 92/91/92/94/88; 
ttag +89 100/100/98/99/100; 
ttag +90 40/11/?/1/4; 
ttag +91 100/100/100/100/100; 
ttag +92 100/100/98/100/98; 
ttag +93 100/100/100/100/99; 
ttag +94 21/0/1/?/?; 
