tread
'Tree with tags' 
(0 (1 ((2 3 )(((4 5 )(6 7 ))((8 9 )(10 (11 12 )))))(13 14 )(17 (15 16 )(18 (19 ((20 21 )((22 23 )(24 25 ))))))((26 (27 (28 (29 30 ))))((31 ((32 33 )(34 35 )(36 (37 38 ))))(39 ((40 41 )(42 (43 ((44 45 )(46 47 )))))))))); 
ttag *!; 
ttag +49 ???; 
ttag +50 5; 
ttag +51 9; 
ttag +52 4; 
ttag +53 5; 
ttag +54 1; 
ttag +55 3; 
ttag +56 1; 
ttag +57 3; 
ttag +58 2; 
ttag +59 13; 
ttag +60 10; 
ttag +61 8; 
ttag +62 3; 
ttag +63 5; 
ttag +64 4; 
ttag +65 9; 
ttag +66 9; 
ttag +67 8; 
ttag +68 2; 
ttag +69 3; 
ttag +70 8; 
ttag +71 10; 
ttag +72 3; 
ttag +73 3; 
ttag +74 8; 
ttag +75 6; 
ttag +76 2; 
ttag +77 2; 
ttag +78 4; 
ttag +79 2; 
ttag +80 17; 
ttag +81 12; 
ttag +82 2; 
ttag +83 5; 
ttag +84 4; 
ttag +85 6; 
ttag +86 3; 
ttag +87 3; 
ttag +88 6; 
ttag +89 3; 
tread
'Tree with tags' 
(0 ((((1 ((2 3 )(((4 5 )(6 7 ))((8 9 )(10 (11 12 ))))))(13 14 ))(17 ((15 16 )(18 (19 ((20 21 )((22 23 )(24 25 ))))))))((26 (27 (28 (29 30 ))))((31 ((32 33 )((34 35 )(36 (37 38 )))))(39 ((40 41 )(42 (43 ((44 45 )(46 47 )))))))))); 
ttag *!; 
ttag +0 ////; 
ttag +1 ////; 
ttag +2 ////; 
ttag +3 ////; 
ttag +4 ////; 
ttag +5 ////; 
ttag +6 ////; 
ttag +7 ////; 
ttag +8 ////; 
ttag +9 ////; 
ttag +10 ////; 
ttag +11 ////; 
ttag +12 ////; 
ttag +13 ////; 
ttag +14 ////; 
ttag +15 ////; 
ttag +16 ////; 
ttag +17 ////; 
ttag +18 ////; 
ttag +19 ////; 
ttag +20 ////; 
ttag +21 ////; 
ttag +22 ////; 
ttag +23 ////; 
ttag +24 ////; 
ttag +25 ////; 
ttag +26 ////; 
ttag +27 ////; 
ttag +28 ////; 
ttag +29 ////; 
ttag +30 ////; 
ttag +31 ////; 
ttag +32 ////; 
ttag +33 ////; 
ttag +34 ////; 
ttag +35 ////; 
ttag +36 ////; 
ttag +37 ////; 
ttag +38 ////; 
ttag +39 ////; 
ttag +40 ////; 
ttag +41 ////; 
ttag +42 ////; 
ttag +43 ////; 
ttag +44 ////; 
ttag +45 ////; 
ttag +46 ////; 
ttag +47 ////; 
ttag +48 ////; 
ttag +49 46/30/29/20/16; 
ttag +50 4/[14]/?/?/?; 
ttag +51 30/9/13/13/11; 
ttag +52 100/100/100/100/100; 
ttag +53 96/94/90/95/88; 
ttag +54 99/99/98/99/97; 
ttag +55 89/88/78/88/75; 
ttag +56 98/97/96/97/94; 
ttag +57 58/40/32/34/16; 
ttag +58 84/78/74/84/78; 
ttag +59 37/30/20/32/18; 
ttag +60 73/67/56/78/60; 
ttag +61 69/63/48/56/50; 
ttag +62 100/100/100/100/100; 
ttag +63 100/100/99/100/100; 
ttag +64 100/100/100/100/99; 
ttag +65 21/[8]/?/?/?; 
ttag +66 80/75/67/80/66; 
ttag +67 95/93/91/97/92; 
ttag +68 92/90/85/94/88; 
ttag +69 100/100/100/100/100; 
ttag +70 99/98/98/100/99; 
ttag +71 99/99/99/100/98; 
ttag +72 78/67/70/76/67; 
ttag +73 84/78/65/85/76; 
ttag +74 100/100/99/100/99; 
ttag +75 99/98/99/100/96; 
ttag +76 90/86/78/88/82; 
ttag +77 90/87/77/87/80; 
ttag +78 100/100/100/100/99; 
ttag +79 99/98/99/98/96; 
ttag +80 81/72/76/81/67; 
ttag +81 86/82/78/88/74; 
ttag +82 98/98/93/96/96; 
ttag +83 85/85/87/87/83; 
ttag +84 27/[8]/?/?/?; 
ttag +85 100/100/100/100/100; 
ttag +86 100/100/100/100/100; 
ttag +87 81/78/67/81/68; 
ttag +88 98/98/91/96/93; 
ttag +89 93/92/85/90/83; 
ttag +90 98/98/93/97/92; 
ttag +91 87/82/79/87/67; 
ttag +92 82/76/78/86/76; 
ttag +93 98/96/93/97/91; 
ttag +94 85/80/77/89/68; 
