tread
'Tree with tags' 
(0 ((1 (((2 3 )(((4 5 )(6 7 ))((8 9 )(10 (11 12 )))))((15 16 )(17 (18 (19 ((20 21 )((22 23 )(24 25 )))))))))((13 14 )((26 (27 (28 (29 30 ))))((31 (32 33 )(34 35 )(36 (37 38 )))(39 ((40 41 )(42 (43 ((44 45 )(46 47 ))))))))))); 
ttag *!; 
ttag +49 2; 
ttag +50 ???; 
ttag +51 8; 
ttag +52 4; 
ttag +53 2; 
ttag +54 7; 
ttag +55 10; 
ttag +56 4; 
ttag +57 3; 
ttag +58 1; 
ttag +59 2; 
ttag +60 7; 
ttag +61 6; 
ttag +62 6; 
ttag +63 1; 
ttag +64 10; 
ttag +65 5; 
ttag +66 3; 
ttag +67 5; 
ttag +68 2; 
ttag +69 9; 
ttag +70 4; 
ttag +71 3; 
ttag +72 4; 
ttag +73 4; 
ttag +74 1; 
ttag +75 4; 
ttag +76 1; 
ttag +77 9; 
ttag +78 12; 
ttag +79 7; 
ttag +80 7; 
ttag +81 8; 
ttag +82 4; 
ttag +83 7; 
ttag +84 4; 
ttag +85 1; 
ttag +86 1; 
ttag +87 7; 
ttag +88 11; 
ttag +89 3; 
ttag +90 9; 
ttag +91 10; 
ttag +92 8; 
tread
'Tree with tags' 
(0 ((1 (((2 3 )(((4 5 )(6 7 ))((8 9 )(10 (11 12 )))))((15 16 )(17 (18 (19 ((20 21 )((22 23 )(24 25 )))))))))((13 14 )((26 (27 (28 (29 30 ))))(((31 ((32 33 )(34 35 )))(36 (37 38 )))(39 ((40 41 )(42 (43 ((44 45 )(46 47 ))))))))))); 
ttag *!; 
ttag +0 ////; 
ttag +1 ////; 
ttag +2 ////; 
ttag +3 ////; 
ttag +4 ////; 
ttag +5 ////; 
ttag +6 ////; 
ttag +7 ////; 
ttag +8 ////; 
ttag +9 ////; 
ttag +10 ////; 
ttag +11 ////; 
ttag +12 ////; 
ttag +13 ////; 
ttag +14 ////; 
ttag +15 ////; 
ttag +16 ////; 
ttag +17 ////; 
ttag +18 ////; 
ttag +19 ////; 
ttag +20 ////; 
ttag +21 ////; 
ttag +22 ////; 
ttag +23 ////; 
ttag +24 ////; 
ttag +25 ////; 
ttag +26 ////; 
ttag +27 ////; 
ttag +28 ////; 
ttag +29 ////; 
ttag +30 ////; 
ttag +31 ////; 
ttag +32 ////; 
ttag +33 ////; 
ttag +34 ////; 
ttag +35 ////; 
ttag +36 ////; 
ttag +37 ////; 
ttag +38 ////; 
ttag +39 ////; 
ttag +40 ////; 
ttag +41 ////; 
ttag +42 ////; 
ttag +43 ////; 
ttag +44 ////; 
ttag +45 ////; 
ttag +46 ////; 
ttag +47 ////; 
ttag +48 ////; 
ttag +49 42/29/12/43/23; 
ttag +50 100/100/100/100/100; 
ttag +51 100/100/98/98/98; 
ttag +52 81/74/65/79/61; 
ttag +53 47/38/27/40/26; 
ttag +54 100/100/96/99/98; 
ttag +55 100/100/98/100/99; 
ttag +56 81/73/53/76/57; 
ttag +57 91/89/78/84/78; 
ttag +58 57/49/33/50/34; 
ttag +59 81/72/74/77/64; 
ttag +60 98/98/96/98/96; 
ttag +61 98/97/91/98/98; 
ttag +62 97/97/97/99/96; 
ttag +63 30/16/3/36/13; 
ttag +64 100/100/100/100/99; 
ttag +65 90/89/81/92/81; 
ttag +66 68/53/31/57/41; 
ttag +67 91/89/76/90/80; 
ttag +68 82/80/70/75/68; 
ttag +69 100/100/99/100/100; 
ttag +70 89/87/78/88/78; 
ttag +71 80/72/65/74/70; 
ttag +72 88/82/76/86/83; 
ttag +73 96/96/89/92/86; 
ttag +74 60/45/47/36/39; 
ttag +75 86/83/62/84/69; 
ttag +76 59/44/37/39/37; 
ttag +77 100/100/100/100/100; 
ttag +78 100/100/99/100/100; 
ttag +79 8/[63]/?/?/?; 
ttag +80 99/99/93/98/95; 
ttag +81 98/98/92/99/95; 
ttag +82 100/100/100/100/100; 
ttag +83 24/8/4/8/?; 
ttag +84 98/97/89/92/90; 
ttag +85 100/100/96/99/96; 
ttag +86 89/84/80/92/76; 
ttag +87 57/32/21/23/15; 
ttag +88 64/50/27/52/40; 
ttag +89 95/94/84/91/86; 
ttag +90 100/100/100/100/100; 
ttag +91 94/92/82/86/78; 
ttag +92 100/100/99/100/100; 
ttag +93 100/100/98/99/100; 
ttag +94 100/100/100/99/100; 
