tread
'Tree with tags' 
(0 ((1 ((15 16 )(17 ((18 19 )((20 21 )((22 23 )(24 25 ))))))((26 (27 (28 (29 30 ))))(39 (31 ((32 33 )((34 35 )(36 (37 38 )))))((40 41 )(42 (43 ((44 45 )(46 47 ))))))))(((2 3 )(((4 5 )(6 7 ))((8 9 )(10 (11 12 )))))(13 14 )))); 
ttag *!; 
ttag +49 1; 
ttag +50 ???; 
ttag +51 6; 
ttag +52 10; 
ttag +53 1; 
ttag +54 3; 
ttag +55 8; 
ttag +56 3; 
ttag +57 1; 
ttag +58 1; 
ttag +59 3; 
ttag +60 6; 
ttag +61 10; 
ttag +62 9; 
ttag +63 9; 
ttag +64 5; 
ttag +65 2; 
ttag +66 2; 
ttag +67 3; 
ttag +68 3; 
ttag +69 9; 
ttag +70 5; 
ttag +71 3; 
ttag +72 1; 
ttag +73 2; 
ttag +74 4; 
ttag +75 4; 
ttag +76 6; 
ttag +77 11; 
ttag +78 8; 
ttag +79 5; 
ttag +80 7; 
ttag +81 4; 
ttag +82 7; 
ttag +83 1; 
ttag +84 10; 
ttag +85 11; 
ttag +86 5; 
ttag +87 6; 
ttag +88 10; 
ttag +89 5; 
ttag +90 11; 
ttag +91 2; 
ttag +92 1; 
tread
'Tree with tags' 
(0 (((1 ((15 16 )(17 ((18 19 )((20 21 )((22 23 )(24 25 )))))))((26 (27 (28 (29 30 ))))((31 ((32 33 )((34 35 )(36 (37 38 )))))(39 ((40 41 )(42 (43 ((44 45 )(46 47 )))))))))(((2 3 )(((4 5 )(6 7 ))((8 9 )(10 (11 12 )))))(13 14 )))); 
ttag *!; 
ttag +0 ////; 
ttag +1 ////; 
ttag +2 ////; 
ttag +3 ////; 
ttag +4 ////; 
ttag +5 ////; 
ttag +6 ////; 
ttag +7 ////; 
ttag +8 ////; 
ttag +9 ////; 
ttag +10 ////; 
ttag +11 ////; 
ttag +12 ////; 
ttag +13 ////; 
ttag +14 ////; 
ttag +15 ////; 
ttag +16 ////; 
ttag +17 ////; 
ttag +18 ////; 
ttag +19 ////; 
ttag +20 ////; 
ttag +21 ////; 
ttag +22 ////; 
ttag +23 ////; 
ttag +24 ////; 
ttag +25 ////; 
ttag +26 ////; 
ttag +27 ////; 
ttag +28 ////; 
ttag +29 ////; 
ttag +30 ////; 
ttag +31 ////; 
ttag +32 ////; 
ttag +33 ////; 
ttag +34 ////; 
ttag +35 ////; 
ttag +36 ////; 
ttag +37 ////; 
ttag +38 ////; 
ttag +39 ////; 
ttag +40 ////; 
ttag +41 ////; 
ttag +42 ////; 
ttag +43 ////; 
ttag +44 ////; 
ttag +45 ////; 
ttag +46 ////; 
ttag +47 ////; 
ttag +48 ////; 
ttag +49 24/2/?/7/?; 
ttag +50 20/[6]/?/?/?; 
ttag +51 100/100/100/100/100; 
ttag +52 99/98/92/94/93; 
ttag +53 99/99/98/100/98; 
ttag +54 26/0/?/2/?; 
ttag +55 93/92/87/92/89; 
ttag +56 97/97/93/97/95; 
ttag +57 90/86/80/83/76; 
ttag +58 46/30/28/26/21; 
ttag +59 51/46/40/49/42; 
ttag +60 75/70/63/75/60; 
ttag +61 99/99/93/94/94; 
ttag +62 100/100/100/100/100; 
ttag +63 100/100/99/100/100; 
ttag +64 98/97/93/99/96; 
ttag +65 89/87/78/91/77; 
ttag +66 68/58/38/59/45; 
ttag +67 78/74/67/68/60; 
ttag +68 74/64/45/68/52; 
ttag +69 88/83/69/79/66; 
ttag +70 100/100/99/100/98; 
ttag +71 98/98/91/98/94; 
ttag +72 90/83/66/84/74; 
ttag +73 64/43/34/38/28; 
ttag +74 74/66/58/61/65; 
ttag +75 83/72/68/76/71; 
ttag +76 77/69/61/70/64; 
ttag +77 99/99/100/100/98; 
ttag +78 100/100/100/100/100; 
ttag +79 99/99/98/99/98; 
ttag +80 98/98/96/97/92; 
ttag +81 98/97/97/99/96; 
ttag +82 94/92/92/95/86; 
ttag +83 100/100/100/100/100; 
ttag +84 70/69/57/64/64; 
ttag +85 100/100/99/100/99; 
ttag +86 100/100/100/100/100; 
ttag +87 26/[10]/?/?/?; 
ttag +88 98/98/94/97/94; 
ttag +89 98/97/97/96/87; 
ttag +90 100/100/100/100/98; 
ttag +91 97/97/89/94/85; 
ttag +92 100/100/98/100/98; 
ttag +93 84/77/66/76/66; 
ttag +94 69/57/47/54/45; 
