tread
'Tree with tags' 
(0 (1 (((2 3 )(((4 5 )(6 7 ))(9 (8 (10 (11 12 ))))))((17 (15 16 ))(18 (19 ((20 21 )((22 23 )(24 25 )))))))((13 14 )((26 (27 (28 (29 30 ))))((39 (31 ((32 33 )(34 35 )(36 (37 38 )))))((40 41 )(42 (43 ((44 45 )(46 47 )))))))))); 
ttag *!; 
ttag +49 ???; 
ttag +50 2; 
ttag +51 6; 
ttag +52 1; 
ttag +53 9; 
ttag +54 6; 
ttag +55 8; 
ttag +56 4; 
ttag +57 1; 
ttag +58 3; 
ttag +59 3; 
ttag +60 16; 
ttag +61 7; 
ttag +62 1; 
ttag +63 12; 
ttag +64 1; 
ttag +65 6; 
ttag +66 6; 
ttag +67 2; 
ttag +68 9; 
ttag +69 6; 
ttag +70 2; 
ttag +71 7; 
ttag +72 2; 
ttag +73 7; 
ttag +74 8; 
ttag +75 2; 
ttag +76 4; 
ttag +77 12; 
ttag +78 1; 
ttag +79 1; 
ttag +80 3; 
ttag +81 2; 
ttag +82 5; 
ttag +83 4; 
ttag +84 5; 
ttag +85 8; 
ttag +86 2; 
ttag +87 6; 
ttag +88 5; 
ttag +89 1; 
ttag +90 2; 
ttag +91 8; 
ttag +92 1; 
tread
'Tree with tags' 
(0 ((1 (((2 3 )(((4 5 )(6 7 ))(9 (8 (10 (11 12 ))))))((17 (15 16 ))(18 (19 ((20 21 )((22 23 )(24 25 ))))))))((13 14 )((26 (27 (28 (29 30 ))))((39 (31 (((32 33 )(36 (37 38 )))(34 35 ))))((40 41 )(42 (43 ((44 45 )(46 47 )))))))))); 
ttag *!; 
ttag +0 ////; 
ttag +1 ////; 
ttag +2 ////; 
ttag +3 ////; 
ttag +4 ////; 
ttag +5 ////; 
ttag +6 ////; 
ttag +7 ////; 
ttag +8 ////; 
ttag +9 ////; 
ttag +10 ////; 
ttag +11 ////; 
ttag +12 ////; 
ttag +13 ////; 
ttag +14 ////; 
ttag +15 ////; 
ttag +16 ////; 
ttag +17 ////; 
ttag +18 ////; 
ttag +19 ////; 
ttag +20 ////; 
ttag +21 ////; 
ttag +22 ////; 
ttag +23 ////; 
ttag +24 ////; 
ttag +25 ////; 
ttag +26 ////; 
ttag +27 ////; 
ttag +28 ////; 
ttag +29 ////; 
ttag +30 ////; 
ttag +31 ////; 
ttag +32 ////; 
ttag +33 ////; 
ttag +34 ////; 
ttag +35 ////; 
ttag +36 ////; 
ttag +37 ////; 
ttag +38 ////; 
ttag +39 ////; 
ttag +40 ////; 
ttag +41 ////; 
ttag +42 ////; 
ttag +43 ////; 
ttag +44 ////; 
ttag +45 ////; 
ttag +46 ////; 
ttag +47 ////; 
ttag +48 ////; 
ttag +49 11/[22]/?/?/?; 
ttag +50 100/100/100/100/100; 
ttag +51 78/68/61/68/57; 
ttag +52 94/93/81/90/86; 
ttag +53 57/46/35/53/36; 
ttag +54 100/100/98/99/98; 
ttag +55 97/97/92/98/94; 
ttag +56 99/99/97/98/98; 
ttag +57 90/86/79/89/80; 
ttag +58 40/5/?/17/5; 
ttag +59 71/58/52/67/55; 
ttag +60 54/40/32/50/37; 
ttag +61 100/100/100/100/100; 
ttag +62 100/100/99/100/99; 
ttag +63 33/21/12/22/11; 
ttag +64 100/100/99/100/99; 
ttag +65 48/32/28/38/32; 
ttag +66 97/96/93/98/91; 
ttag +67 97/96/91/99/89; 
ttag +68 76/66/58/73/67; 
ttag +69 100/100/100/100/100; 
ttag +70 98/97/96/98/92; 
ttag +71 85/80/68/74/68; 
ttag +72 100/100/99/99/98; 
ttag +73 72/62/48/57/46; 
ttag +74 99/99/99/99/98; 
ttag +75 99/99/96/100/97; 
ttag +76 76/64/70/73/65; 
ttag +77 90/88/86/87/88; 
ttag +78 100/100/100/100/100; 
ttag +79 54/46/26/40/39; 
ttag +80 39/26/25/27/14; 
ttag +81 95/94/91/92/87; 
ttag +82 74/68/70/75/58; 
ttag +83 19/0/6/?/5; 
ttag +84 93/92/87/95/93; 
ttag +85 96/94/88/92/85; 
ttag +86 96/94/92/97/90; 
ttag +87 100/100/99/99/100; 
ttag +88 66/57/52/57/52; 
ttag +89 98/97/92/98/89; 
ttag +90 97/97/90/92/90; 
ttag +91 49/18/20/20/21; 
ttag +92 70/61/57/66/64; 
ttag +93 99/99/98/100/98; 
ttag +94 48/28/28/40/22; 
