tread
'Tree with tags' 
(0 (((1 (26 (27 (28 (29 30 )))))(((2 3 )(8 ((4 5 )(6 7 ))(9 (10 (11 12 )))))((39 (31 ((32 33 )((34 35 )(36 (37 38 ))))))((40 41 )(42 43 (46 (47 (44 45 )))))))(13 14 ))((17 (15 16 ))(18 (19 ((20 21 )((22 23 )(24 25 )))))))); 
ttag *!; 
ttag +49 1; 
ttag +50 1; 
ttag +51 ???; 
ttag +52 12; 
ttag +53 2; 
ttag +54 2; 
ttag +55 11; 
ttag +56 9; 
ttag +57 4; 
ttag +58 3; 
ttag +59 1; 
ttag +60 4; 
ttag +61 11; 
ttag +62 10; 
ttag +63 12; 
ttag +64 1; 
ttag +65 1; 
ttag +66 4; 
ttag +67 4; 
ttag +68 13; 
ttag +69 7; 
ttag +70 6; 
ttag +71 4; 
ttag +72 3; 
ttag +73 4; 
ttag +74 3; 
ttag +75 3; 
ttag +76 13; 
ttag +77 7; 
ttag +78 3; 
ttag +79 8; 
ttag +80 6; 
ttag +81 3; 
ttag +82 4; 
ttag +83 1; 
ttag +84 4; 
ttag +85 9; 
ttag +86 4; 
ttag +87 5; 
ttag +88 4; 
ttag +89 5; 
ttag +90 1; 
ttag +91 6; 
tread
'Tree with tags' 
(0 ((((1 (26 (27 (28 (29 30 )))))(13 14 ))(((2 3 )(((4 5 )(6 7 ))(8 (9 (10 (11 12 ))))))((39 (31 ((32 33 )((34 35 )(36 (37 38 ))))))((40 41 )(43 (42 (46 (47 (44 45 )))))))))((17 (15 16 ))(18 (19 ((20 21 )((22 23 )(24 25 )))))))); 
ttag *!; 
ttag +0 ////; 
ttag +1 ////; 
ttag +2 ////; 
ttag +3 ////; 
ttag +4 ////; 
ttag +5 ////; 
ttag +6 ////; 
ttag +7 ////; 
ttag +8 ////; 
ttag +9 ////; 
ttag +10 ////; 
ttag +11 ////; 
ttag +12 ////; 
ttag +13 ////; 
ttag +14 ////; 
ttag +15 ////; 
ttag +16 ////; 
ttag +17 ////; 
ttag +18 ////; 
ttag +19 ////; 
ttag +20 ////; 
ttag +21 ////; 
ttag +22 ////; 
ttag +23 ////; 
ttag +24 ////; 
ttag +25 ////; 
ttag +26 ////; 
ttag +27 ////; 
ttag +28 ////; 
ttag +29 ////; 
ttag +30 ////; 
ttag +31 ////; 
ttag +32 ////; 
ttag +33 ////; 
ttag +34 ////; 
ttag +35 ////; 
ttag +36 ////; 
ttag +37 ////; 
ttag +38 ////; 
ttag +39 ////; 
ttag +40 ////; 
ttag +41 ////; 
ttag +42 ////; 
ttag +43 ////; 
ttag +44 ////; 
ttag +45 ////; 
ttag +46 ////; 
ttag +47 ////; 
ttag +48 ////; 
ttag +49 17/4/0/14/4; 
ttag +50 0/[12]/?/?/?; 
ttag +51 16/2/?/13/?; 
ttag +52 100/100/100/100/100; 
ttag +53 100/100/100/100/100; 
ttag +54 71/59/61/65/48; 
ttag +55 54/41/31/50/37; 
ttag +56 100/100/100/100/99; 
ttag +57 98/97/96/99/94; 
ttag +58 87/84/80/92/87; 
ttag +59 90/88/86/85/80; 
ttag +60 28/0/3/?/?; 
ttag +61 63/50/38/45/22; 
ttag +62 89/84/67/85/66; 
ttag +63 100/100/98/100/100; 
ttag +64 100/100/100/100/99; 
ttag +65 100/100/100/100/100; 
ttag +66 38/28/8/27/14; 
ttag +67 38/24/26/33/18; 
ttag +68 87/86/75/89/77; 
ttag +69 94/92/83/88/74; 
ttag +70 100/100/100/100/100; 
ttag +71 99/99/94/100/96; 
ttag +72 97/96/91/98/95; 
ttag +73 96/96/95/96/92; 
ttag +74 77/69/68/76/64; 
ttag +75 90/89/79/90/80; 
ttag +76 69/54/52/60/49; 
ttag +77 82/74/73/86/80; 
ttag +78 100/100/100/100/100; 
ttag +79 90/86/75/90/70; 
ttag +80 82/78/66/84/59; 
ttag +81 93/89/85/94/79; 
ttag +82 98/97/96/98/97; 
ttag +83 75/68/56/76/53; 
ttag +84 82/79/72/88/69; 
ttag +85 38/26/20/38/16; 
ttag +86 76/69/62/84/67; 
ttag +87 99/98/97/98/96; 
ttag +88 87/85/76/88/66; 
ttag +89 96/96/91/96/89; 
ttag +90 27/[13]/?/?/?; 
ttag +91 93/91/84/94/87; 
ttag +92 92/90/82/93/80; 
ttag +93 66/53/46/62/42; 
ttag +94 98/98/92/98/90; 
