tread
'Tree with tags' 
(0 (1 ((2 3 )(9 ((4 5 )(6 7 ))(8 (10 (11 12 )))))(13 14 )(17 (15 16 )(18 19 ((20 21 )((22 23 )(24 25 )))))(26 (27 (28 (29 30 ))))((31 (((32 33 )(36 (37 38 )))(34 35 )))(39 ((40 41 )(42 (43 ((44 45 )(46 47 ))))))))); 
ttag *!; 
ttag +49 ???; 
ttag +50 4; 
ttag +51 4; 
ttag +52 10; 
ttag +53 6; 
ttag +54 1; 
ttag +55 3; 
ttag +56 1; 
ttag +57 5; 
ttag +58 11; 
ttag +59 9; 
ttag +60 14; 
ttag +61 2; 
ttag +62 2; 
ttag +63 7; 
ttag +64 3; 
ttag +65 5; 
ttag +66 3; 
ttag +67 4; 
ttag +68 2; 
ttag +69 2; 
ttag +70 3; 
ttag +71 7; 
ttag +72 5; 
ttag +73 3; 
ttag +74 5; 
ttag +75 1; 
ttag +76 3; 
ttag +77 3; 
ttag +78 9; 
ttag +79 3; 
ttag +80 1; 
ttag +81 1; 
ttag +82 10; 
ttag +83 3; 
ttag +84 2; 
ttag +85 9; 
ttag +86 6; 
ttag +87 5; 
tread
'Tree with tags' 
(0 ((1 ((2 3 )(((4 5 )(6 7 ))(9 (8 (10 (11 12 )))))))(((13 14 )((15 16 )(17 (18 (19 ((20 21 )((22 23 )(24 25 ))))))))((26 (27 (28 (29 30 ))))((31 (((32 33 )(36 (37 38 )))(34 35 )))(39 ((40 41 )(42 (43 ((44 45 )(46 47 ))))))))))); 
ttag *!; 
ttag +0 ////; 
ttag +1 ////; 
ttag +2 ////; 
ttag +3 ////; 
ttag +4 ////; 
ttag +5 ////; 
ttag +6 ////; 
ttag +7 ////; 
ttag +8 ////; 
ttag +9 ////; 
ttag +10 ////; 
ttag +11 ////; 
ttag +12 ////; 
ttag +13 ////; 
ttag +14 ////; 
ttag +15 ////; 
ttag +16 ////; 
ttag +17 ////; 
ttag +18 ////; 
ttag +19 ////; 
ttag +20 ////; 
ttag +21 ////; 
ttag +22 ////; 
ttag +23 ////; 
ttag +24 ////; 
ttag +25 ////; 
ttag +26 ////; 
ttag +27 ////; 
ttag +28 ////; 
ttag +29 ////; 
ttag +30 ////; 
ttag +31 ////; 
ttag +32 ////; 
ttag +33 ////; 
ttag +34 ////; 
ttag +35 ////; 
ttag +36 ////; 
ttag +37 ////; 
ttag +38 ////; 
ttag +39 ////; 
ttag +40 ////; 
ttag +41 ////; 
ttag +42 ////; 
ttag +43 ////; 
ttag +44 ////; 
ttag +45 ////; 
ttag +46 ////; 
ttag +47 ////; 
ttag +48 ////; 
ttag +49 9/[23]/?/?/?; 
ttag +50 100/100/100/100/100; 
ttag +51 94/92/90/92/90; 
ttag +52 93/92/79/90/78; 
ttag +53 99/99/99/100/100; 
ttag +54 99/99/96/99/97; 
ttag +55 54/43/36/36/29; 
ttag +56 82/75/75/79/66; 
ttag +57 36/16/9/15/2; 
ttag +58 11/[36]/?/?/?; 
ttag +59 94/92/82/91/86; 
ttag +60 100/100/100/100/100; 
ttag +61 100/100/100/100/100; 
ttag +62 12/[16]/?/?/?; 
ttag +63 6/[26]/?/?/?; 
ttag +64 100/100/100/100/100; 
ttag +65 74/70/62/79/64; 
ttag +66 46/23/24/20/22; 
ttag +67 54/40/30/52/40; 
ttag +68 18/[25]/?/?/?; 
ttag +69 99/99/98/100/98; 
ttag +70 87/80/59/80/66; 
ttag +71 93/92/87/97/90; 
ttag +72 89/86/81/88/75; 
ttag +73 93/90/77/90/81; 
ttag +74 77/71/58/74/58; 
ttag +75 27/[1]/8/4/14; 
ttag +76 72/61/51/58/51; 
ttag +77 83/75/76/82/69; 
ttag +78 98/97/97/98/95; 
ttag +79 94/92/84/89/84; 
ttag +80 66/52/44/56/43; 
ttag +81 93/91/86/95/89; 
ttag +82 44/33/12/27/16; 
ttag +83 73/64/43/68/52; 
ttag +84 93/90/81/84/84; 
ttag +85 100/100/100/100/100; 
ttag +86 84/80/80/90/78; 
ttag +87 49/32/26/33/25; 
ttag +88 50/15/17/12/8; 
ttag +89 98/98/95/99/98; 
ttag +90 89/86/77/86/77; 
ttag +91 68/50/38/62/40; 
ttag +92 99/98/99/99/99; 
ttag +93 100/100/97/99/98; 
ttag +94 98/97/93/99/97; 
