tread
'Tree with tags' 
(0 (1 ((2 3 )(((4 5 )(6 7 ))(8 9 )(10 (11 12 ))))(((13 14 )(17 18 19 (15 16 )((20 21 )(24 25 (22 23 )))))((26 (27 (28 (29 30 ))))((39 (31 ((32 33 )((34 35 )(36 (37 38 ))))))((40 41 )(42 (43 (47 (46 (44 45 ))))))))))); 
ttag *!; 
ttag +49 ???; 
ttag +50 6; 
ttag +51 3; 
ttag +52 7; 
ttag +53 6; 
ttag +54 5; 
ttag +55 1; 
ttag +56 3; 
ttag +57 5; 
ttag +58 7; 
ttag +59 5; 
ttag +60 1; 
ttag +61 1; 
ttag +62 8; 
ttag +63 4; 
ttag +64 5; 
ttag +65 5; 
ttag +66 6; 
ttag +67 8; 
ttag +68 4; 
ttag +69 10; 
ttag +70 4; 
ttag +71 4; 
ttag +72 11; 
ttag +73 7; 
ttag +74 1; 
ttag +75 5; 
ttag +76 8; 
ttag +77 2; 
ttag +78 3; 
ttag +79 1; 
ttag +80 10; 
ttag +81 9; 
ttag +82 3; 
ttag +83 3; 
ttag +84 3; 
ttag +85 2; 
ttag +86 3; 
ttag +87 1; 
ttag +88 7; 
tread
'Tree with tags' 
(0 ((1 ((2 3 )((((4 5 )(6 7 ))(8 9 ))(10 (11 12 )))))(((13 14 )((15 16 )((17 18 )(19 ((20 21 )((22 23 )(24 25 )))))))((26 (27 (28 (29 30 ))))((39 (31 ((32 33 )((34 35 )(36 (37 38 ))))))((40 41 )(42 (43 (47 (46 (44 45 ))))))))))); 
ttag *!; 
ttag +0 ////; 
ttag +1 ////; 
ttag +2 ////; 
ttag +3 ////; 
ttag +4 ////; 
ttag +5 ////; 
ttag +6 ////; 
ttag +7 ////; 
ttag +8 ////; 
ttag +9 ////; 
ttag +10 ////; 
ttag +11 ////; 
ttag +12 ////; 
ttag +13 ////; 
ttag +14 ////; 
ttag +15 ////; 
ttag +16 ////; 
ttag +17 ////; 
ttag +18 ////; 
ttag +19 ////; 
ttag +20 ////; 
ttag +21 ////; 
ttag +22 ////; 
ttag +23 ////; 
ttag +24 ////; 
ttag +25 ////; 
ttag +26 ////; 
ttag +27 ////; 
ttag +28 ////; 
ttag +29 ////; 
ttag +30 ////; 
ttag +31 ////; 
ttag +32 ////; 
ttag +33 ////; 
ttag +34 ////; 
ttag +35 ////; 
ttag +36 ////; 
ttag +37 ////; 
ttag +38 ////; 
ttag +39 ////; 
ttag +40 ////; 
ttag +41 ////; 
ttag +42 ////; 
ttag +43 ////; 
ttag +44 ////; 
ttag +45 ////; 
ttag +46 ////; 
ttag +47 ////; 
ttag +48 ////; 
ttag +49 24/[6]/?/?/?; 
ttag +50 100/100/100/100/100; 
ttag +51 97/96/94/95/89; 
ttag +52 86/84/72/86/72; 
ttag +53 99/99/98/99/98; 
ttag +54 98/98/96/98/93; 
ttag +55 32/[5]/?/?/?; 
ttag +56 93/92/90/97/92; 
ttag +57 66/47/35/54/46; 
ttag +58 88/83/82/90/83; 
ttag +59 98/96/95/94/92; 
ttag +60 99/99/94/98/97; 
ttag +61 98/98/94/98/94; 
ttag +62 62/54/47/58/54; 
ttag +63 58/52/41/54/34; 
ttag +64 100/100/97/99/98; 
ttag +65 98/97/92/97/92; 
ttag +66 7/[21]/?/?/?; 
ttag +67 46/25/25/24/13; 
ttag +68 58/37/38/38/30; 
ttag +69 98/97/96/98/95; 
ttag +70 96/95/95/98/93; 
ttag +71 97/95/91/95/87; 
ttag +72 100/100/98/98/97; 
ttag +73 41/20/16/14/20; 
ttag +74 88/86/78/88/78; 
ttag +75 100/100/99/100/99; 
ttag +76 84/81/66/86/70; 
ttag +77 89/86/76/92/80; 
ttag +78 100/100/99/100/100; 
ttag +79 98/98/98/99/96; 
ttag +80 36/18/16/21/12; 
ttag +81 98/97/91/98/90; 
ttag +82 99/99/97/100/100; 
ttag +83 69/63/54/70/50; 
ttag +84 94/94/94/95/92; 
ttag +85 56/40/26/33/28; 
ttag +86 100/100/99/100/98; 
ttag +87 100/100/99/100/99; 
ttag +88 90/88/83/88/86; 
ttag +89 88/84/74/85/76; 
ttag +90 76/69/71/83/70; 
ttag +91 52/38/22/36/22; 
ttag +92 76/73/67/66/63; 
ttag +93 38/12/?/14/13; 
ttag +94 98/98/98/99/94; 
