tread
'Tree with tags' 
(0 ((1 ((2 3 )((6 (7 (4 5 )))((8 9 )(10 (11 12 ))))))((13 14 )((17 ((15 16 )(18 (19 ((20 21 )((22 23 )(24 25 )))))))((26 27 (28 (29 30 )))(39 (31 (((32 33 )(36 (37 38 )))(34 35 )))((40 41 )(42 (43 ((44 45 )(46 47 ))))))))))); 
ttag *!; 
ttag +49 1; 
ttag +50 ???; 
ttag +51 4; 
ttag +52 6; 
ttag +53 3; 
ttag +54 1; 
ttag +55 5; 
ttag +56 8; 
ttag +57 2; 
ttag +58 1; 
ttag +59 2; 
ttag +60 12; 
ttag +61 9; 
ttag +62 1; 
ttag +63 10; 
ttag +64 1; 
ttag +65 6; 
ttag +66 1; 
ttag +67 5; 
ttag +68 3; 
ttag +69 9; 
ttag +70 5; 
ttag +71 9; 
ttag +72 9; 
ttag +73 3; 
ttag +74 3; 
ttag +75 3; 
ttag +76 4; 
ttag +77 7; 
ttag +78 2; 
ttag +79 5; 
ttag +80 10; 
ttag +81 1; 
ttag +82 10; 
ttag +83 1; 
ttag +84 12; 
ttag +85 4; 
ttag +86 7; 
ttag +87 2; 
ttag +88 10; 
ttag +89 6; 
ttag +90 5; 
ttag +91 6; 
ttag +92 3; 
tread
'Tree with tags' 
(0 ((1 ((2 3 )((6 (7 (4 5 )))((8 9 )(10 (11 12 ))))))((13 14 )((17 ((15 16 )(18 (19 ((20 21 )((22 23 )(24 25 )))))))((26 27 (28 (29 30 )))(39 (31 (((32 33 )(36 (37 38 )))(34 35 )))((40 41 )(42 (43 ((44 45 )(46 47 ))))))))))); 
ttag *!; 
ttag +0 ////; 
ttag +1 ////; 
ttag +2 ////; 
ttag +3 ////; 
ttag +4 ////; 
ttag +5 ////; 
ttag +6 ////; 
ttag +7 ////; 
ttag +8 ////; 
ttag +9 ////; 
ttag +10 ////; 
ttag +11 ////; 
ttag +12 ////; 
ttag +13 ////; 
ttag +14 ////; 
ttag +15 ////; 
ttag +16 ////; 
ttag +17 ////; 
ttag +18 ////; 
ttag +19 ////; 
ttag +20 ////; 
ttag +21 ////; 
ttag +22 ////; 
ttag +23 ////; 
ttag +24 ////; 
ttag +25 ////; 
ttag +26 ////; 
ttag +27 ////; 
ttag +28 ////; 
ttag +29 ////; 
ttag +30 ////; 
ttag +31 ////; 
ttag +32 ////; 
ttag +33 ////; 
ttag +34 ////; 
ttag +35 ////; 
ttag +36 ////; 
ttag +37 ////; 
ttag +38 ////; 
ttag +39 ////; 
ttag +40 ////; 
ttag +41 ////; 
ttag +42 ////; 
ttag +43 ////; 
ttag +44 ////; 
ttag +45 ////; 
ttag +46 ////; 
ttag +47 ////; 
ttag +48 ////; 
ttag +49 52/41/32/39/40; 
ttag +50 100/100/100/100/100; 
ttag +51 90/84/86/94/86; 
ttag +52 96/95/92/93/96; 
ttag +53 82/78/58/72/60; 
ttag +54 52/17/?/16/?; 
ttag +55 98/96/93/95/91; 
ttag +56 98/98/96/98/96; 
ttag +57 70/61/64/70/59; 
ttag +58 50/40/34/41/28; 
ttag +59 63/54/43/58/41; 
ttag +60 100/100/100/100/99; 
ttag +61 100/100/99/100/98; 
ttag +62 44/30/16/34/32; 
ttag +63 99/99/100/100/99; 
ttag +64 48/32/9/33/26; 
ttag +65 94/93/91/97/90; 
ttag +66 57/43/30/50/47; 
ttag +67 95/95/84/92/83; 
ttag +68 86/85/72/84/72; 
ttag +69 100/100/100/100/99; 
ttag +70 94/93/78/91/81; 
ttag +71 100/100/99/100/98; 
ttag +72 100/100/98/99/97; 
ttag +73 82/77/60/80/64; 
ttag +74 90/86/84/91/80; 
ttag +75 93/92/90/89/88; 
ttag +76 94/94/88/96/87; 
ttag +77 99/99/98/98/97; 
ttag +78 82/72/70/70/70; 
ttag +79 97/97/91/98/92; 
ttag +80 100/100/100/100/99; 
ttag +81 44/8/?/13/?; 
ttag +82 99/99/99/100/98; 
ttag +83 60/42/32/48/37; 
ttag +84 100/100/100/100/100; 
ttag +85 90/86/81/87/76; 
ttag +86 98/98/99/99/98; 
ttag +87 83/77/79/77/76; 
ttag +88 100/100/99/100/99; 
ttag +89 99/98/98/100/98; 
ttag +90 96/96/87/92/89; 
ttag +91 99/99/97/100/96; 
ttag +92 86/78/68/82/73; 
