tread
'Tree with tags' 
(0 (1 ((2 3 )(((4 5 )(6 7 ))(8 9 )(10 (11 12 ))))((13 14 )((27 (26 (28 (29 30 ))))(39 (31 (((32 33 )(36 (37 38 )))(34 35 )))(40 41 (42 (43 ((44 45 )(46 47 ))))))))((15 16 )(17 (18 (19 ((20 21 )((22 23 )(24 25 ))))))))); 
ttag *!; 
ttag +49 ???; 
ttag +50 14; 
ttag +51 3; 
ttag +52 8; 
ttag +53 3; 
ttag +54 3; 
ttag +55 4; 
ttag +56 1; 
ttag +57 5; 
ttag +58 12; 
ttag +59 2; 
ttag +60 1; 
ttag +61 9; 
ttag +62 5; 
ttag +63 7; 
ttag +64 5; 
ttag +65 3; 
ttag +66 7; 
ttag +67 3; 
ttag +68 13; 
ttag +69 3; 
ttag +70 1; 
ttag +71 1; 
ttag +72 3; 
ttag +73 5; 
ttag +74 6; 
ttag +75 12; 
ttag +76 8; 
ttag +77 4; 
ttag +78 2; 
ttag +79 1; 
ttag +80 4; 
ttag +81 2; 
ttag +82 9; 
ttag +83 10; 
ttag +84 6; 
ttag +85 4; 
ttag +86 8; 
ttag +87 5; 
ttag +88 3; 
ttag +89 1; 
tread
'Tree with tags' 
(0 (1 ((((2 3 )(((4 5 )(6 7 ))((8 9 )(10 (11 12 )))))((13 14 )((27 (26 (28 (29 30 ))))((31 (((32 33 )(36 (37 38 )))(34 35 )))(39 (40 (41 (42 (43 ((44 45 )(46 47 )))))))))))((15 16 )(17 (18 (19 ((20 21 )((22 23 )(24 25 )))))))))); 
ttag *!; 
ttag +0 ////; 
ttag +1 ////; 
ttag +2 ////; 
ttag +3 ////; 
ttag +4 ////; 
ttag +5 ////; 
ttag +6 ////; 
ttag +7 ////; 
ttag +8 ////; 
ttag +9 ////; 
ttag +10 ////; 
ttag +11 ////; 
ttag +12 ////; 
ttag +13 ////; 
ttag +14 ////; 
ttag +15 ////; 
ttag +16 ////; 
ttag +17 ////; 
ttag +18 ////; 
ttag +19 ////; 
ttag +20 ////; 
ttag +21 ////; 
ttag +22 ////; 
ttag +23 ////; 
ttag +24 ////; 
ttag +25 ////; 
ttag +26 ////; 
ttag +27 ////; 
ttag +28 ////; 
ttag +29 ////; 
ttag +30 ////; 
ttag +31 ////; 
ttag +32 ////; 
ttag +33 ////; 
ttag +34 ////; 
ttag +35 ////; 
ttag +36 ////; 
ttag +37 ////; 
ttag +38 ////; 
ttag +39 ////; 
ttag +40 ////; 
ttag +41 ////; 
ttag +42 ////; 
ttag +43 ////; 
ttag +44 ////; 
ttag +45 ////; 
ttag +46 ////; 
ttag +47 ////; 
ttag +48 ////; 
ttag +49 100/100/100/100/100; 
ttag +50 100/100/100/100/100; 
ttag +51 70/61/47/71/41; 
ttag +52 18/[15]/?/?/?; 
ttag +53 32/22/22/23/16; 
ttag +54 100/100/98/99/99; 
ttag +55 90/88/74/89/78; 
ttag +56 92/90/79/88/74; 
ttag +57 93/92/88/96/86; 
ttag +58 61/50/46/50/45; 
ttag +59 42/21/24/17/14; 
ttag +60 96/96/87/95/88; 
ttag +61 100/100/100/100/100; 
ttag +62 92/91/86/93/88; 
ttag +63 42/32/19/39/20; 
ttag +64 100/100/98/99/99; 
ttag +65 84/80/69/86/68; 
ttag +66 99/99/94/98/96; 
ttag +67 98/98/96/98/91; 
ttag +68 82/79/65/79/59; 
ttag +69 100/100/100/100/99; 
ttag +70 85/78/70/76/67; 
ttag +71 100/100/100/100/100; 
ttag +72 94/93/91/91/93; 
ttag +73 62/40/33/46/30; 
ttag +74 56/41/24/37/23; 
ttag +75 82/79/73/84/71; 
ttag +76 92/90/84/94/83; 
ttag +77 88/84/76/88/78; 
ttag +78 100/100/100/100/99; 
ttag +79 100/100/100/100/98; 
ttag +80 86/82/67/82/66; 
ttag +81 62/42/30/50/48; 
ttag +82 42/22/10/22/22; 
ttag +83 86/79/60/83/71; 
ttag +84 75/70/56/68/66; 
ttag +85 99/98/99/99/98; 
ttag +86 100/100/99/99/100; 
ttag +87 41/24/14/20/21; 
ttag +88 97/96/91/97/90; 
ttag +89 41/1/?/4/?; 
ttag +90 96/96/89/96/92; 
ttag +91 99/99/100/100/99; 
ttag +92 98/96/93/98/92; 
ttag +93 90/85/82/92/78; 
ttag +94 66/57/38/48/44; 
