tread
'Tree with tags' 
(0 ((1 ((2 3 )(8 9 ((6 (7 (4 5 )))(10 (11 12 ))))))(13 14 )((15 16 )(17 (18 (19 ((20 21 )((22 23 )(24 25 )))))))((26 (27 (28 (29 30 ))))((31 (32 33 (34 35 )(36 (37 38 ))))(39 ((40 41 )(42 (43 ((44 45 )(46 47 )))))))))); 
ttag *!; 
ttag +49 3; 
ttag +50 ???; 
ttag +51 3; 
ttag +52 6; 
ttag +53 10; 
ttag +54 2; 
ttag +55 6; 
ttag +56 2; 
ttag +57 6; 
ttag +58 8; 
ttag +59 7; 
ttag +60 7; 
ttag +61 7; 
ttag +62 1; 
ttag +63 2; 
ttag +64 3; 
ttag +65 3; 
ttag +66 8; 
ttag +67 7; 
ttag +68 7; 
ttag +69 5; 
ttag +70 2; 
ttag +71 8; 
ttag +72 6; 
ttag +73 3; 
ttag +74 2; 
ttag +75 5; 
ttag +76 3; 
ttag +77 4; 
ttag +78 8; 
ttag +79 4; 
ttag +80 7; 
ttag +81 8; 
ttag +82 2; 
ttag +83 1; 
ttag +84 6; 
ttag +85 11; 
ttag +86 7; 
ttag +87 4; 
ttag +88 4; 
ttag +89 2; 
tread
'Tree with tags' 
(0 ((1 ((2 3 )(8 9 ((6 (7 (4 5 )))(10 (11 12 ))))))(13 14 )((15 16 )(17 (18 (19 ((20 21 )((22 23 )(24 25 )))))))((26 (27 (28 (29 30 ))))((31 (32 33 (34 35 )(36 (37 38 ))))(39 ((40 41 )(42 (43 ((44 45 )(46 47 )))))))))); 
ttag *!; 
ttag +0 ////; 
ttag +1 ////; 
ttag +2 ////; 
ttag +3 ////; 
ttag +4 ////; 
ttag +5 ////; 
ttag +6 ////; 
ttag +7 ////; 
ttag +8 ////; 
ttag +9 ////; 
ttag +10 ////; 
ttag +11 ////; 
ttag +12 ////; 
ttag +13 ////; 
ttag +14 ////; 
ttag +15 ////; 
ttag +16 ////; 
ttag +17 ////; 
ttag +18 ////; 
ttag +19 ////; 
ttag +20 ////; 
ttag +21 ////; 
ttag +22 ////; 
ttag +23 ////; 
ttag +24 ////; 
ttag +25 ////; 
ttag +26 ////; 
ttag +27 ////; 
ttag +28 ////; 
ttag +29 ////; 
ttag +30 ////; 
ttag +31 ////; 
ttag +32 ////; 
ttag +33 ////; 
ttag +34 ////; 
ttag +35 ////; 
ttag +36 ////; 
ttag +37 ////; 
ttag +38 ////; 
ttag +39 ////; 
ttag +40 ////; 
ttag +41 ////; 
ttag +42 ////; 
ttag +43 ////; 
ttag +44 ////; 
ttag +45 ////; 
ttag +46 ////; 
ttag +47 ////; 
ttag +48 ////; 
ttag +49 83/80/70/84/76; 
ttag +50 100/100/100/100/100; 
ttag +51 90/88/83/91/84; 
ttag +52 96/96/88/97/94; 
ttag +53 100/100/99/100/98; 
ttag +54 70/64/60/72/61; 
ttag +55 96/96/91/95/90; 
ttag +56 69/62/50/69/56; 
ttag +57 98/98/92/98/94; 
ttag +58 99/99/96/99/97; 
ttag +59 100/100/100/100/97; 
ttag +60 100/100/100/100/99; 
ttag +61 99/98/95/98/96; 
ttag +62 63/55/46/59/52; 
ttag +63 81/76/72/76/74; 
ttag +64 89/86/88/88/80; 
ttag +65 88/83/77/88/74; 
ttag +66 100/100/100/100/100; 
ttag +67 99/99/99/100/98; 
ttag +68 100/100/96/100/98; 
ttag +69 97/97/86/95/87; 
ttag +70 75/61/40/67/45; 
ttag +71 99/98/96/100/94; 
ttag +72 95/94/86/93/91; 
ttag +73 92/92/86/96/88; 
ttag +74 73/60/44/64/52; 
ttag +75 98/97/93/99/94; 
ttag +76 83/79/72/82/72; 
ttag +77 75/67/59/77/63; 
ttag +78 99/98/94/98/92; 
ttag +79 95/94/94/95/90; 
ttag +80 100/100/98/100/99; 
ttag +81 100/100/98/100/98; 
ttag +82 59/51/31/59/42; 
ttag +83 46/30/23/28/16; 
ttag +84 98/97/90/98/92; 
ttag +85 100/100/100/99/99; 
ttag +86 97/96/94/98/96; 
ttag +87 93/91/88/92/88; 
ttag +88 93/90/76/91/77; 
ttag +89 72/57/50/70/59; 
