tread
'Tree with tags' 
(0 (1 ((2 3 )(((4 5 )(6 7 ))(8 9 )(10 (11 12 ))))((13 14 )(17 (15 16 )(18 (19 ((20 21 )((22 23 )(24 25 ))))))((26 (27 (28 (29 30 ))))(39 (31 (((32 33 )(34 35 ))(36 (37 38 ))))(41 (40 (42 (43 ((44 45 )(46 47 ))))))))))); 
ttag *!; 
ttag +49 ???; 
ttag +50 4; 
ttag +51 13; 
ttag +52 7; 
ttag +53 6; 
ttag +54 6; 
ttag +55 7; 
ttag +56 1; 
ttag +57 1; 
ttag +58 8; 
ttag +59 8; 
ttag +60 2; 
ttag +61 4; 
ttag +62 2; 
ttag +63 4; 
ttag +64 2; 
ttag +65 8; 
ttag +66 2; 
ttag +67 4; 
ttag +68 8; 
ttag +69 1; 
ttag +70 3; 
ttag +71 4; 
ttag +72 1; 
ttag +73 5; 
ttag +74 10; 
ttag +75 6; 
ttag +76 5; 
ttag +77 8; 
ttag +78 2; 
ttag +79 3; 
ttag +80 2; 
ttag +81 4; 
ttag +82 10; 
ttag +83 1; 
ttag +84 4; 
ttag +85 4; 
ttag +86 3; 
ttag +87 3; 
ttag +88 6; 
ttag +89 2; 
tread
'Tree with tags' 
(0 (1 (((2 3 )((((4 5 )(6 7 ))(8 9 ))(10 (11 12 ))))((13 14 )(((15 16 )(17 (18 (19 ((20 21 )((22 23 )(24 25 )))))))((26 (27 (28 (29 30 ))))((39 (31 (((32 33 )(34 35 ))(36 (37 38 )))))(41 (40 (42 (43 ((44 45 )(46 47 ))))))))))))); 
ttag *!; 
ttag +0 ////; 
ttag +1 ////; 
ttag +2 ////; 
ttag +3 ////; 
ttag +4 ////; 
ttag +5 ////; 
ttag +6 ////; 
ttag +7 ////; 
ttag +8 ////; 
ttag +9 ////; 
ttag +10 ////; 
ttag +11 ////; 
ttag +12 ////; 
ttag +13 ////; 
ttag +14 ////; 
ttag +15 ////; 
ttag +16 ////; 
ttag +17 ////; 
ttag +18 ////; 
ttag +19 ////; 
ttag +20 ////; 
ttag +21 ////; 
ttag +22 ////; 
ttag +23 ////; 
ttag +24 ////; 
ttag +25 ////; 
ttag +26 ////; 
ttag +27 ////; 
ttag +28 ////; 
ttag +29 ////; 
ttag +30 ////; 
ttag +31 ////; 
ttag +32 ////; 
ttag +33 ////; 
ttag +34 ////; 
ttag +35 ////; 
ttag +36 ////; 
ttag +37 ////; 
ttag +38 ////; 
ttag +39 ////; 
ttag +40 ////; 
ttag +41 ////; 
ttag +42 ////; 
ttag +43 ////; 
ttag +44 ////; 
ttag +45 ////; 
ttag +46 ////; 
ttag +47 ////; 
ttag +48 ////; 
ttag +49 100/100/100/100/100; 
ttag +50 98/98/99/97/98; 
ttag +51 100/100/100/100/99; 
ttag +52 54/26/26/21/26; 
ttag +53 98/98/97/98/94; 
ttag +54 99/99/95/97/96; 
ttag +55 39/28/16/16/24; 
ttag +56 93/91/74/95/80; 
ttag +57 100/100/96/99/97; 
ttag +58 46/26/11/26/10; 
ttag +59 64/50/42/48/43; 
ttag +60 100/100/98/99/99; 
ttag +61 100/100/99/100/99; 
ttag +62 68/55/45/55/48; 
ttag +63 98/98/92/98/93; 
ttag +64 54/41/32/38/33; 
ttag +65 16/[22]/?/?/?; 
ttag +66 19/[1]/?/?/4; 
ttag +67 96/96/92/94/90; 
ttag +68 78/67/59/75/60; 
ttag +69 100/100/99/100/99; 
ttag +70 89/86/80/88/78; 
ttag +71 93/91/88/91/89; 
ttag +72 99/98/95/98/96; 
ttag +73 59/35/30/29/20; 
ttag +74 90/88/74/90/81; 
ttag +75 93/92/91/96/90; 
ttag +76 63/60/44/57/43; 
ttag +77 99/99/96/98/94; 
ttag +78 100/100/100/100/99; 
ttag +79 94/93/87/97/92; 
ttag +80 26/[22]/?/?/?; 
ttag +81 97/96/93/96/97; 
ttag +82 99/99/99/99/98; 
ttag +83 62/52/53/60/49; 
ttag +84 92/88/75/88/82; 
ttag +85 76/69/68/72/68; 
ttag +86 95/93/91/96/91; 
ttag +87 100/100/99/100/98; 
ttag +88 47/31/18/35/20; 
ttag +89 88/86/68/90/68; 
ttag +90 69/53/45/62/45; 
ttag +91 82/73/71/74/64; 
ttag +92 78/64/55/67/52; 
ttag +93 96/95/90/95/92; 
ttag +94 79/70/68/74/71; 
