tread
'Tree with tags' 
(0 ((1 ((2 3 )((10 ((4 5 )(6 7 ))(11 12 ))(8 9 ))))((13 14 )(((15 16 )(17 (18 (19 ((20 21 )((22 23 )(24 25 )))))))((26 (27 (28 (29 30 ))))((31 ((32 33 )((34 35 )(36 (37 38 )))))(39 ((40 41 )(42 (43 ((44 45 )(46 47 )))))))))))); 
ttag *!; 
ttag +49 2; 
ttag +50 ???; 
ttag +51 9; 
ttag +52 6; 
ttag +53 10; 
ttag +54 8; 
ttag +55 2; 
ttag +56 3; 
ttag +57 6; 
ttag +58 1; 
ttag +59 11; 
ttag +60 14; 
ttag +61 4; 
ttag +62 12; 
ttag +63 7; 
ttag +64 1; 
ttag +65 1; 
ttag +66 5; 
ttag +67 3; 
ttag +68 5; 
ttag +69 9; 
ttag +70 5; 
ttag +71 4; 
ttag +72 3; 
ttag +73 7; 
ttag +74 3; 
ttag +75 2; 
ttag +76 3; 
ttag +77 13; 
ttag +78 9; 
ttag +79 5; 
ttag +80 9; 
ttag +81 5; 
ttag +82 1; 
ttag +83 1; 
ttag +84 8; 
ttag +85 7; 
ttag +86 1; 
ttag +87 2; 
ttag +88 4; 
ttag +89 10; 
ttag +90 2; 
ttag +91 7; 
ttag +92 7; 
ttag +93 2; 
tread
'Tree with tags' 
(0 ((1 ((2 3 )((((4 5 )(6 7 ))(10 (11 12 )))(8 9 ))))((13 14 )(((15 16 )(17 (18 (19 ((20 21 )((22 23 )(24 25 )))))))((26 (27 (28 (29 30 ))))((31 ((32 33 )((34 35 )(36 (37 38 )))))(39 ((40 41 )(42 (43 ((44 45 )(46 47 )))))))))))); 
ttag *!; 
ttag +0 ////; 
ttag +1 ////; 
ttag +2 ////; 
ttag +3 ////; 
ttag +4 ////; 
ttag +5 ////; 
ttag +6 ////; 
ttag +7 ////; 
ttag +8 ////; 
ttag +9 ////; 
ttag +10 ////; 
ttag +11 ////; 
ttag +12 ////; 
ttag +13 ////; 
ttag +14 ////; 
ttag +15 ////; 
ttag +16 ////; 
ttag +17 ////; 
ttag +18 ////; 
ttag +19 ////; 
ttag +20 ////; 
ttag +21 ////; 
ttag +22 ////; 
ttag +23 ////; 
ttag +24 ////; 
ttag +25 ////; 
ttag +26 ////; 
ttag +27 ////; 
ttag +28 ////; 
ttag +29 ////; 
ttag +30 ////; 
ttag +31 ////; 
ttag +32 ////; 
ttag +33 ////; 
ttag +34 ////; 
ttag +35 ////; 
ttag +36 ////; 
ttag +37 ////; 
ttag +38 ////; 
ttag +39 ////; 
ttag +40 ////; 
ttag +41 ////; 
ttag +42 ////; 
ttag +43 ////; 
ttag +44 ////; 
ttag +45 ////; 
ttag +46 ////; 
ttag +47 ////; 
ttag +48 ////; 
ttag +49 72/64/50/77/56; 
ttag +50 100/100/100/100/100; 
ttag +51 99/98/98/99/98; 
ttag +52 98/98/93/97/94; 
ttag +53 100/100/100/100/100; 
ttag +54 98/98/95/100/94; 
ttag +55 73/66/57/65/56; 
ttag +56 83/81/74/84/80; 
ttag +57 98/98/95/98/96; 
ttag +58 55/46/48/48/44; 
ttag +59 36/2/14/3/13; 
ttag +60 100/100/100/100/100; 
ttag +61 100/100/100/100/100; 
ttag +62 84/81/76/88/70; 
ttag +63 100/100/100/100/98; 
ttag +64 99/98/96/98/95; 
ttag +65 50/32/31/24/26; 
ttag +66 44/15/?/8/3; 
ttag +67 96/95/88/96/89; 
ttag +68 86/82/71/83/72; 
ttag +69 99/99/99/100/99; 
ttag +70 100/100/98/100/99; 
ttag +71 96/94/92/95/94; 
ttag +72 96/96/80/92/85; 
ttag +73 90/84/71/78/69; 
ttag +74 100/100/98/98/96; 
ttag +75 77/70/60/70/55; 
ttag +76 66/46/26/41/22; 
ttag +77 92/91/87/90/86; 
ttag +78 100/100/100/100/100; 
ttag +79 99/99/98/99/96; 
ttag +80 91/90/83/92/84; 
ttag +81 100/100/100/100/100; 
ttag +82 96/94/93/94/93; 
ttag +83 52/35/34/50/33; 
ttag +84 65/61/57/55/49; 
ttag +85 100/100/99/99/97; 
ttag +86 99/99/99/99/98; 
ttag +87 54/39/42/45/37; 
ttag +88 63/55/47/48/43; 
ttag +89 80/71/66/79/68; 
ttag +90 100/100/99/100/99; 
ttag +91 64/47/34/54/42; 
ttag +92 99/99/97/99/97; 
ttag +93 98/97/94/97/92; 
ttag +94 74/61/46/64/54; 
