tread
'Tree with tags' 
(0 (((1 ((26 (27 (28 (29 30 ))))((31 (((32 33 )(36 (37 38 )))(34 35 )))(39 ((40 41 )(42 (43 ((44 45 )(46 47 )))))))))(13 14 ))(((8 9 (2 3 )(10 (11 12 )))((4 5 )(6 7 )))(17 ((15 16 )(18 19 ((20 21 )((22 23 )(24 25 ))))))))); 
ttag *!; 
ttag +49 1; 
ttag +50 1; 
ttag +51 ???; 
ttag +52 4; 
ttag +53 2; 
ttag +54 7; 
ttag +55 1; 
ttag +56 4; 
ttag +57 6; 
ttag +58 4; 
ttag +59 7; 
ttag +60 11; 
ttag +61 6; 
ttag +62 4; 
ttag +63 1; 
ttag +64 4; 
ttag +65 6; 
ttag +66 4; 
ttag +67 2; 
ttag +68 8; 
ttag +69 5; 
ttag +70 7; 
ttag +71 3; 
ttag +72 7; 
ttag +73 3; 
ttag +74 4; 
ttag +75 9; 
ttag +76 2; 
ttag +77 4; 
ttag +78 4; 
ttag +79 1; 
ttag +80 4; 
ttag +81 3; 
ttag +82 11; 
ttag +83 6; 
ttag +84 1; 
ttag +85 2; 
ttag +86 4; 
ttag +87 5; 
ttag +88 4; 
ttag +89 1; 
ttag +90 1; 
ttag +91 4; 
tread
'Tree with tags' 
(0 (((1 ((26 (27 (28 (29 30 ))))((31 (((32 33 )(36 (37 38 )))(34 35 )))(39 ((40 41 )(42 (43 ((44 45 )(46 47 )))))))))(13 14 ))((((2 3 )(8 (9 (10 (11 12 )))))((4 5 )(6 7 )))(17 ((15 16 )(18 (19 ((20 21 )((22 23 )(24 25 )))))))))); 
ttag *!; 
ttag +0 ////; 
ttag +1 ////; 
ttag +2 ////; 
ttag +3 ////; 
ttag +4 ////; 
ttag +5 ////; 
ttag +6 ////; 
ttag +7 ////; 
ttag +8 ////; 
ttag +9 ////; 
ttag +10 ////; 
ttag +11 ////; 
ttag +12 ////; 
ttag +13 ////; 
ttag +14 ////; 
ttag +15 ////; 
ttag +16 ////; 
ttag +17 ////; 
ttag +18 ////; 
ttag +19 ////; 
ttag +20 ////; 
ttag +21 ////; 
ttag +22 ////; 
ttag +23 ////; 
ttag +24 ////; 
ttag +25 ////; 
ttag +26 ////; 
ttag +27 ////; 
ttag +28 ////; 
ttag +29 ////; 
ttag +30 ////; 
ttag +31 ////; 
ttag +32 ////; 
ttag +33 ////; 
ttag +34 ////; 
ttag +35 ////; 
ttag +36 ////; 
ttag +37 ////; 
ttag +38 ////; 
ttag +39 ////; 
ttag +40 ////; 
ttag +41 ////; 
ttag +42 ////; 
ttag +43 ////; 
ttag +44 ////; 
ttag +45 ////; 
ttag +46 ////; 
ttag +47 ////; 
ttag +48 ////; 
ttag +49 35/22/11/16/6; 
ttag +50 32/22/11/20/13; 
ttag +51 100/100/100/100/100; 
ttag +52 97/96/85/96/89; 
ttag +53 66/54/54/51/51; 
ttag +54 100/100/97/98/95; 
ttag +55 28/10/?/?/?; 
ttag +56 95/94/88/95/84; 
ttag +57 98/98/98/99/96; 
ttag +58 90/89/80/92/77; 
ttag +59 22/1/3/4/4; 
ttag +60 6/[14]/?/?/?; 
ttag +61 95/94/92/98/94; 
ttag +62 100/100/100/100/100; 
ttag +63 100/100/99/99/98; 
ttag +64 97/96/92/96/92; 
ttag +65 39/[3]/?/?/?; 
ttag +66 73/66/68/83/72; 
ttag +67 98/98/90/96/90; 
ttag +68 28/[3]/?/7/?; 
ttag +69 99/99/98/99/98; 
ttag +70 78/74/56/64/60; 
ttag +71 99/99/98/99/98; 
ttag +72 97/96/90/96/90; 
ttag +73 100/100/100/99/99; 
ttag +74 90/89/81/87/87; 
ttag +75 98/98/91/97/88; 
ttag +76 77/65/64/80/73; 
ttag +77 94/93/84/93/86; 
ttag +78 100/100/100/100/100; 
ttag +79 78/72/70/83/72; 
ttag +80 93/91/89/94/86; 
ttag +81 94/94/90/95/92; 
ttag +82 30/11/7/15/1; 
ttag +83 81/76/74/79/77; 
ttag +84 88/85/77/83/87; 
ttag +85 100/100/100/100/100; 
ttag +86 96/95/88/95/90; 
ttag +87 56/50/56/58/55; 
ttag +88 76/67/60/68/55; 
ttag +89 92/91/83/92/78; 
ttag +90 98/98/92/97/90; 
ttag +91 95/95/88/92/82; 
ttag +92 52/41/36/34/28; 
ttag +93 63/38/34/43/44; 
ttag +94 99/99/99/98/99; 
