tread
'Tree with tags' 
(0 (1 ((((2 3 )(((4 5 )(6 7 ))((8 9 )(10 (11 12 )))))((15 16 )(17 (18 (19 ((20 21 )(24 (25 (22 23 )))))))))(13 14 )(26 (27 (28 (29 30 ))))(39 (31 (((32 33 )(34 35 ))(36 (37 38 ))))((40 41 )(42 43 ((44 45 )(46 47 )))))))); 
ttag *!; 
ttag +49 ???; 
ttag +50 5; 
ttag +51 3; 
ttag +52 1; 
ttag +53 2; 
ttag +54 2; 
ttag +55 8; 
ttag +56 3; 
ttag +57 6; 
ttag +58 4; 
ttag +59 3; 
ttag +60 6; 
ttag +61 6; 
ttag +62 8; 
ttag +63 8; 
ttag +64 7; 
ttag +65 1; 
ttag +66 5; 
ttag +67 3; 
ttag +68 7; 
ttag +69 8; 
ttag +70 11; 
ttag +71 1; 
ttag +72 7; 
ttag +73 5; 
ttag +74 2; 
ttag +75 9; 
ttag +76 4; 
ttag +77 3; 
ttag +78 4; 
ttag +79 5; 
ttag +80 2; 
ttag +81 7; 
ttag +82 4; 
ttag +83 15; 
ttag +84 1; 
ttag +85 4; 
ttag +86 8; 
ttag +87 5; 
ttag +88 7; 
ttag +89 1; 
ttag +90 3; 
tread
'Tree with tags' 
(0 (1 ((((2 3 )(((4 5 )(6 7 ))((8 9 )(10 (11 12 )))))((15 16 )(17 (18 (19 ((20 21 )(24 (25 (22 23 )))))))))(13 14 )(26 (27 (28 (29 30 ))))(39 (31 (((32 33 )(34 35 ))(36 (37 38 ))))((40 41 )(42 43 ((44 45 )(46 47 )))))))); 
ttag *!; 
ttag +0 ////; 
ttag +1 ////; 
ttag +2 ////; 
ttag +3 ////; 
ttag +4 ////; 
ttag +5 ////; 
ttag +6 ////; 
ttag +7 ////; 
ttag +8 ////; 
ttag +9 ////; 
ttag +10 ////; 
ttag +11 ////; 
ttag +12 ////; 
ttag +13 ////; 
ttag +14 ////; 
ttag +15 ////; 
ttag +16 ////; 
ttag +17 ////; 
ttag +18 ////; 
ttag +19 ////; 
ttag +20 ////; 
ttag +21 ////; 
ttag +22 ////; 
ttag +23 ////; 
ttag +24 ////; 
ttag +25 ////; 
ttag +26 ////; 
ttag +27 ////; 
ttag +28 ////; 
ttag +29 ////; 
ttag +30 ////; 
ttag +31 ////; 
ttag +32 ////; 
ttag +33 ////; 
ttag +34 ////; 
ttag +35 ////; 
ttag +36 ////; 
ttag +37 ////; 
ttag +38 ////; 
ttag +39 ////; 
ttag +40 ////; 
ttag +41 ////; 
ttag +42 ////; 
ttag +43 ////; 
ttag +44 ////; 
ttag +45 ////; 
ttag +46 ////; 
ttag +47 ////; 
ttag +48 ////; 
ttag +49 100/100/100/100/100; 
ttag +50 96/94/83/93/86; 
ttag +51 78/68/44/68/48; 
ttag +52 30/8/?/16/2; 
ttag +53 48/38/13/39/27; 
ttag +54 65/46/23/34/29; 
ttag +55 98/98/98/100/97; 
ttag +56 88/86/74/85/78; 
ttag +57 97/97/97/97/91; 
ttag +58 86/80/62/72/61; 
ttag +59 67/47/20/38/28; 
ttag +60 97/96/86/97/90; 
ttag +61 97/96/96/97/97; 
ttag +62 99/99/98/99/100; 
ttag +63 100/100/99/99/98; 
ttag +64 99/99/95/99/96; 
ttag +65 55/38/39/44/27; 
ttag +66 96/96/91/95/91; 
ttag +67 85/78/62/80/66; 
ttag +68 100/100/100/100/99; 
ttag +69 98/98/98/99/94; 
ttag +70 100/100/100/100/100; 
ttag +71 63/47/44/44/28; 
ttag +72 100/100/100/99/100; 
ttag +73 95/94/91/94/91; 
ttag +74 70/62/47/65/46; 
ttag +75 99/99/96/100/96; 
ttag +76 91/86/76/86/82; 
ttag +77 94/94/88/92/86; 
ttag +78 89/86/76/89/78; 
ttag +79 94/92/87/95/87; 
ttag +80 73/67/58/73/62; 
ttag +81 99/99/96/98/95; 
ttag +82 96/95/86/96/93; 
ttag +83 100/100/100/100/100; 
ttag +84 54/30/26/36/27; 
ttag +85 97/96/92/95/94; 
ttag +86 98/96/91/98/93; 
ttag +87 97/96/93/98/94; 
ttag +88 98/98/95/96/94; 
ttag +89 78/70/46/72/60; 
ttag +90 88/85/72/88/78; 
