tread
'Tree with tags' 
(0 (1 ((2 3 )((4 5 )(6 7 ))(8 9 (10 (11 12 )))(13 14 )((15 16 )(17 (18 (19 ((20 21 )((22 23 )(24 25 )))))))(26 (27 (28 (29 30 ))))(39 40 41 (31 ((32 33 )(34 35 )))(36 (37 38 ))(42 (43 ((44 45 )(46 47 )))))))); 
ttag *!; 
ttag +49 ???; 
ttag +50 4; 
ttag +51 1; 
ttag +52 5; 
ttag +53 9; 
ttag +54 1; 
ttag +55 1; 
ttag +56 6; 
ttag +57 6; 
ttag +58 6; 
ttag +59 12; 
ttag +60 8; 
ttag +61 2; 
ttag +62 7; 
ttag +63 3; 
ttag +64 8; 
ttag +65 3; 
ttag +66 10; 
ttag +67 7; 
ttag +68 6; 
ttag +69 11; 
ttag +70 2; 
ttag +71 7; 
ttag +72 10; 
ttag +73 1; 
ttag +74 2; 
ttag +75 4; 
ttag +76 2; 
ttag +77 5; 
ttag +78 6; 
ttag +79 6; 
ttag +80 6; 
ttag +81 3; 
ttag +82 2; 
ttag +83 6; 
ttag +84 1; 
tread
'Tree with tags' 
(0 (1 (((2 3 )((((4 5 )(6 7 ))(9 (8 (10 (11 12 )))))(((31 ((32 33 )(34 35 )))(36 (37 38 )))(39 ((40 41 )(42 (43 ((44 45 )(46 47 )))))))))(((13 14 )((15 16 )(17 (18 (19 ((20 21 )((22 23 )(24 25 ))))))))(26 (27 (28 (29 30 )))))))); 
ttag *!; 
ttag +0 ////; 
ttag +1 ////; 
ttag +2 ////; 
ttag +3 ////; 
ttag +4 ////; 
ttag +5 ////; 
ttag +6 ////; 
ttag +7 ////; 
ttag +8 ////; 
ttag +9 ////; 
ttag +10 ////; 
ttag +11 ////; 
ttag +12 ////; 
ttag +13 ////; 
ttag +14 ////; 
ttag +15 ////; 
ttag +16 ////; 
ttag +17 ////; 
ttag +18 ////; 
ttag +19 ////; 
ttag +20 ////; 
ttag +21 ////; 
ttag +22 ////; 
ttag +23 ////; 
ttag +24 ////; 
ttag +25 ////; 
ttag +26 ////; 
ttag +27 ////; 
ttag +28 ////; 
ttag +29 ////; 
ttag +30 ////; 
ttag +31 ////; 
ttag +32 ////; 
ttag +33 ////; 
ttag +34 ////; 
ttag +35 ////; 
ttag +36 ////; 
ttag +37 ////; 
ttag +38 ////; 
ttag +39 ////; 
ttag +40 ////; 
ttag +41 ////; 
ttag +42 ////; 
ttag +43 ////; 
ttag +44 ////; 
ttag +45 ////; 
ttag +46 ////; 
ttag +47 ////; 
ttag +48 ////; 
ttag +49 100/100/100/100/100; 
ttag +50 94/92/80/95/88; 
ttag +51 25/9/4/10/8; 
ttag +52 60/50/38/46/36; 
ttag +53 97/97/91/95/94; 
ttag +54 99/99/99/100/98; 
ttag +55 52/28/36/34/34; 
ttag +56 17/[30]/?/?/?; 
ttag +57 57/36/30/45/35; 
ttag +58 18/[33]/?/?/?; 
ttag +59 56/37/27/38/34; 
ttag +60 98/98/97/99/97; 
ttag +61 99/99/98/99/100; 
ttag +62 95/94/88/97/97; 
ttag +63 66/62/55/50/54; 
ttag +64 6/[24]/?/?/?; 
ttag +65 100/100/100/100/100; 
ttag +66 98/98/94/99/96; 
ttag +67 73/63/47/61/57; 
ttag +68 95/94/79/90/81; 
ttag +69 84/82/58/81/66; 
ttag +70 100/100/100/100/100; 
ttag +71 87/85/70/81/73; 
ttag +72 100/100/100/100/100; 
ttag +73 100/100/96/100/97; 
ttag +74 97/97/94/98/94; 
ttag +75 100/100/100/100/98; 
ttag +76 71/64/54/63/51; 
ttag +77 99/99/96/99/97; 
ttag +78 100/100/99/100/98; 
ttag +79 58/50/40/54/43; 
ttag +80 54/48/44/54/43; 
ttag +81 81/77/64/82/66; 
ttag +82 97/96/94/97/94; 
ttag +83 88/87/74/83/70; 
ttag +84 99/99/98/99/98; 
ttag +85 92/90/89/93/86; 
ttag +86 99/99/97/99/97; 
ttag +87 21/[4]/?/1/?; 
ttag +88 60/47/41/48/45; 
ttag +89 53/28/39/38/26; 
ttag +90 98/98/98/99/100; 
ttag +91 94/91/74/92/78; 
ttag +92 76/62/58/70/65; 
ttag +93 99/99/99/98/99; 
ttag +94 77/72/70/78/74; 
