tread
'Tree with tags' 
(0 ((1 ((26 (27 (28 (29 30 ))))(39 (31 ((32 33 )((34 35 )(36 (37 38 )))))((40 41 )(42 (43 ((44 45 )(46 47 ))))))))(((((2 3 )((4 5 )(6 7 )))(8 9 )(10 (11 12 )))(13 14 ))((15 16 )(17 (18 (19 ((20 21 )((22 23 )(24 25 )))))))))); 
ttag *!; 
ttag +49 1; 
ttag +50 ???; 
ttag +51 6; 
ttag +52 1; 
ttag +53 8; 
ttag +54 1; 
ttag +55 1; 
ttag +56 9; 
ttag +57 5; 
ttag +58 3; 
ttag +59 3; 
ttag +60 4; 
ttag +61 5; 
ttag +62 6; 
ttag +63 16; 
ttag +64 5; 
ttag +65 3; 
ttag +66 3; 
ttag +67 1; 
ttag +68 6; 
ttag +69 8; 
ttag +70 5; 
ttag +71 4; 
ttag +72 1; 
ttag +73 2; 
ttag +74 1; 
ttag +75 1; 
ttag +76 5; 
ttag +77 7; 
ttag +78 2; 
ttag +79 9; 
ttag +80 8; 
ttag +81 9; 
ttag +82 3; 
ttag +83 2; 
ttag +84 3; 
ttag +85 8; 
ttag +86 5; 
ttag +87 6; 
ttag +88 5; 
ttag +89 6; 
ttag +90 4; 
ttag +91 6; 
ttag +92 1; 
tread
'Tree with tags' 
(0 ((1 ((26 (27 (28 (29 30 ))))((31 ((32 33 )((34 35 )(36 (37 38 )))))(39 ((40 41 )(42 (43 ((44 45 )(46 47 )))))))))((((((2 3 )((4 5 )(6 7 )))(8 9 ))(10 (11 12 )))(13 14 ))((15 16 )(17 (18 (19 ((20 21 )((22 23 )(24 25 )))))))))); 
ttag *!; 
ttag +0 ////; 
ttag +1 ////; 
ttag +2 ////; 
ttag +3 ////; 
ttag +4 ////; 
ttag +5 ////; 
ttag +6 ////; 
ttag +7 ////; 
ttag +8 ////; 
ttag +9 ////; 
ttag +10 ////; 
ttag +11 ////; 
ttag +12 ////; 
ttag +13 ////; 
ttag +14 ////; 
ttag +15 ////; 
ttag +16 ////; 
ttag +17 ////; 
ttag +18 ////; 
ttag +19 ////; 
ttag +20 ////; 
ttag +21 ////; 
ttag +22 ////; 
ttag +23 ////; 
ttag +24 ////; 
ttag +25 ////; 
ttag +26 ////; 
ttag +27 ////; 
ttag +28 ////; 
ttag +29 ////; 
ttag +30 ////; 
ttag +31 ////; 
ttag +32 ////; 
ttag +33 ////; 
ttag +34 ////; 
ttag +35 ////; 
ttag +36 ////; 
ttag +37 ////; 
ttag +38 ////; 
ttag +39 ////; 
ttag +40 ////; 
ttag +41 ////; 
ttag +42 ////; 
ttag +43 ////; 
ttag +44 ////; 
ttag +45 ////; 
ttag +46 ////; 
ttag +47 ////; 
ttag +48 ////; 
ttag +49 32/24/0/22/12; 
ttag +50 100/100/100/100/100; 
ttag +51 95/94/90/97/88; 
ttag +52 47/37/26/32/22; 
ttag +53 26/[4]/?/?/?; 
ttag +54 99/99/98/100/98; 
ttag +55 32/23/5/18/14; 
ttag +56 22/13/?/15/?; 
ttag +57 100/100/100/100/99; 
ttag +58 92/90/86/94/86; 
ttag +59 94/92/82/88/80; 
ttag +60 79/74/53/75/68; 
ttag +61 94/93/85/90/81; 
ttag +62 97/97/89/98/92; 
ttag +63 99/99/99/98/99; 
ttag +64 100/100/100/100/100; 
ttag +65 95/94/80/94/90; 
ttag +66 86/83/65/82/76; 
ttag +67 66/62/52/68/58; 
ttag +68 43/24/16/30/16; 
ttag +69 100/100/100/99/99; 
ttag +70 95/92/80/95/86; 
ttag +71 95/94/91/96/92; 
ttag +72 91/89/78/89/83; 
ttag +73 50/16/27/28/9; 
ttag +74 73/66/60/58/48; 
ttag +75 55/32/29/45/37; 
ttag +76 45/32/34/42/35; 
ttag +77 97/97/96/98/92; 
ttag +78 98/98/98/99/96; 
ttag +79 87/82/70/82/75; 
ttag +80 98/98/97/97/94; 
ttag +81 100/100/100/100/100; 
ttag +82 100/100/100/100/99; 
ttag +83 93/92/86/96/88; 
ttag +84 83/78/65/82/70; 
ttag +85 88/82/71/87/72; 
ttag +86 99/99/98/99/98; 
ttag +87 26/[28]/?/?/?; 
ttag +88 95/93/82/90/87; 
ttag +89 96/95/91/96/88; 
ttag +90 96/95/92/95/95; 
ttag +91 95/94/89/98/88; 
ttag +92 92/90/82/87/81; 
ttag +93 98/98/98/98/96; 
ttag +94 80/76/74/74/77; 
