tread
'Tree with tags' 
(0 (1 ((8 9 (2 3 )((4 5 )(6 7 ))(10 (11 12 )))(13 14 )((17 (15 16 ))(18 19 ((20 21 )((22 23 )(24 25 )))))((26 (27 (28 (29 30 ))))((39 (31 ((32 33 )(34 35 )(36 (37 38 )))))((40 41 )(42 (43 (46 47 (44 45 )))))))))); 
ttag *!; 
ttag +49 ???; 
ttag +50 5; 
ttag +51 8; 
ttag +52 1; 
ttag +53 4; 
ttag +54 5; 
ttag +55 1; 
ttag +56 6; 
ttag +57 8; 
ttag +58 7; 
ttag +59 10; 
ttag +60 1; 
ttag +61 2; 
ttag +62 4; 
ttag +63 6; 
ttag +64 3; 
ttag +65 7; 
ttag +66 5; 
ttag +67 11; 
ttag +68 2; 
ttag +69 13; 
ttag +70 3; 
ttag +71 5; 
ttag +72 9; 
ttag +73 7; 
ttag +74 4; 
ttag +75 3; 
ttag +76 14; 
ttag +77 3; 
ttag +78 3; 
ttag +79 9; 
ttag +80 1; 
ttag +81 5; 
ttag +82 6; 
ttag +83 9; 
ttag +84 3; 
ttag +85 7; 
ttag +86 8; 
tread
'Tree with tags' 
(0 (1 (((((9 (8 ((2 3 )(10 (11 12 )))))((4 5 )(6 7 )))((26 (27 (28 (29 30 ))))((39 (31 ((32 33 )((34 35 )(36 (37 38 ))))))((40 41 )(42 (43 (47 (46 (44 45 )))))))))((17 (15 16 ))(18 (19 ((20 21 )((22 23 )(24 25 )))))))(13 14 )))); 
ttag *!; 
ttag +0 ////; 
ttag +1 ////; 
ttag +2 ////; 
ttag +3 ////; 
ttag +4 ////; 
ttag +5 ////; 
ttag +6 ////; 
ttag +7 ////; 
ttag +8 ////; 
ttag +9 ////; 
ttag +10 ////; 
ttag +11 ////; 
ttag +12 ////; 
ttag +13 ////; 
ttag +14 ////; 
ttag +15 ////; 
ttag +16 ////; 
ttag +17 ////; 
ttag +18 ////; 
ttag +19 ////; 
ttag +20 ////; 
ttag +21 ////; 
ttag +22 ////; 
ttag +23 ////; 
ttag +24 ////; 
ttag +25 ////; 
ttag +26 ////; 
ttag +27 ////; 
ttag +28 ////; 
ttag +29 ////; 
ttag +30 ////; 
ttag +31 ////; 
ttag +32 ////; 
ttag +33 ////; 
ttag +34 ////; 
ttag +35 ////; 
ttag +36 ////; 
ttag +37 ////; 
ttag +38 ////; 
ttag +39 ////; 
ttag +40 ////; 
ttag +41 ////; 
ttag +42 ////; 
ttag +43 ////; 
ttag +44 ////; 
ttag +45 ////; 
ttag +46 ////; 
ttag +47 ////; 
ttag +48 ////; 
ttag +49 100/100/100/100/100; 
ttag +50 97/97/89/94/94; 
ttag +51 4/[31]/?/?/?; 
ttag +52 4/[30]/?/?/?; 
ttag +53 22/[12]/?/?/?; 
ttag +54 99/99/98/100/98; 
ttag +55 12/[13]/?/?/?; 
ttag +56 10/[15]/?/?/?; 
ttag +57 55/49/32/36/35; 
ttag +58 97/96/93/96/88; 
ttag +59 96/96/92/95/87; 
ttag +60 63/52/40/45/38; 
ttag +61 91/88/80/92/81; 
ttag +62 100/100/100/100/98; 
ttag +63 100/100/99/99/100; 
ttag +64 98/98/100/100/99; 
ttag +65 52/43/26/31/14; 
ttag +66 68/59/64/69/65; 
ttag +67 93/90/84/92/80; 
ttag +68 26/[11]/0/?/4; 
ttag +69 99/99/100/100/100; 
ttag +70 83/79/69/82/68; 
ttag +71 100/100/96/98/96; 
ttag +72 97/95/86/95/90; 
ttag +73 100/100/99/100/100; 
ttag +74 56/32/24/37/39; 
ttag +75 100/100/99/100/100; 
ttag +76 69/61/46/61/58; 
ttag +77 83/76/78/86/84; 
ttag +78 97/96/95/99/96; 
ttag +79 98/98/87/97/92; 
ttag +80 94/94/78/94/83; 
ttag +81 93/91/78/85/78; 
ttag +82 100/100/100/100/100; 
ttag +83 83/80/68/76/68; 
ttag +84 80/76/72/77/69; 
ttag +85 16/[5]/?/?/?; 
ttag +86 99/98/90/98/94; 
ttag +87 62/41/20/36/23; 
ttag +88 98/98/94/97/94; 
ttag +89 99/99/91/97/91; 
ttag +90 99/99/99/100/100; 
ttag +91 92/89/88/90/84; 
ttag +92 100/100/97/98/97; 
ttag +93 42/2/10/?/?; 
ttag +94 100/100/99/100/98; 
