tread
'Tree with tags' 
(0 ((1 ((2 3 )(((4 5 )(6 7 ))((8 9 )(10 (11 12 ))))))((((13 14 )((26 (27 (28 (29 30 ))))((39 (31 ((32 33 )(34 35 )(36 (37 38 )))))((40 41 )(42 (43 ((44 45 )(46 47 ))))))))(15 16 ))(17 (18 (19 ((20 21 )(25 (24 (22 23 )))))))))); 
ttag *!; 
ttag +49 2; 
ttag +50 ???; 
ttag +51 6; 
ttag +52 11; 
ttag +53 4; 
ttag +54 2; 
ttag +55 7; 
ttag +56 1; 
ttag +57 1; 
ttag +58 2; 
ttag +59 4; 
ttag +60 7; 
ttag +61 13; 
ttag +62 1; 
ttag +63 1; 
ttag +64 2; 
ttag +65 13; 
ttag +66 1; 
ttag +67 9; 
ttag +68 3; 
ttag +69 3; 
ttag +70 11; 
ttag +71 13; 
ttag +72 2; 
ttag +73 7; 
ttag +74 3; 
ttag +75 3; 
ttag +76 2; 
ttag +77 7; 
ttag +78 8; 
ttag +79 7; 
ttag +80 3; 
ttag +81 7; 
ttag +82 7; 
ttag +83 4; 
ttag +84 3; 
ttag +85 8; 
ttag +86 6; 
ttag +87 6; 
ttag +88 2; 
ttag +89 6; 
ttag +90 8; 
ttag +91 5; 
ttag +92 9; 
ttag +93 3; 
tread
'Tree with tags' 
(0 ((1 ((2 3 )(((4 5 )(6 7 ))((8 9 )(10 (11 12 ))))))((((13 14 )((26 (27 (28 (29 30 ))))((39 (31 (((32 33 )(34 35 ))(36 (37 38 )))))((40 41 )(42 (43 ((44 45 )(46 47 ))))))))(15 16 ))(17 (18 (19 ((20 21 )(25 (24 (22 23 )))))))))); 
ttag *!; 
ttag +0 ////; 
ttag +1 ////; 
ttag +2 ////; 
ttag +3 ////; 
ttag +4 ////; 
ttag +5 ////; 
ttag +6 ////; 
ttag +7 ////; 
ttag +8 ////; 
ttag +9 ////; 
ttag +10 ////; 
ttag +11 ////; 
ttag +12 ////; 
ttag +13 ////; 
ttag +14 ////; 
ttag +15 ////; 
ttag +16 ////; 
ttag +17 ////; 
ttag +18 ////; 
ttag +19 ////; 
ttag +20 ////; 
ttag +21 ////; 
ttag +22 ////; 
ttag +23 ////; 
ttag +24 ////; 
ttag +25 ////; 
ttag +26 ////; 
ttag +27 ////; 
ttag +28 ////; 
ttag +29 ////; 
ttag +30 ////; 
ttag +31 ////; 
ttag +32 ////; 
ttag +33 ////; 
ttag +34 ////; 
ttag +35 ////; 
ttag +36 ////; 
ttag +37 ////; 
ttag +38 ////; 
ttag +39 ////; 
ttag +40 ////; 
ttag +41 ////; 
ttag +42 ////; 
ttag +43 ////; 
ttag +44 ////; 
ttag +45 ////; 
ttag +46 ////; 
ttag +47 ////; 
ttag +48 ////; 
ttag +49 36/22/16/28/12; 
ttag +50 100/100/100/100/100; 
ttag +51 99/98/98/98/97; 
ttag +52 97/97/97/98/95; 
ttag +53 90/85/78/86/81; 
ttag +54 71/64/56/61/59; 
ttag +55 100/100/98/98/97; 
ttag +56 57/41/44/36/30; 
ttag +57 40/20/15/30/15; 
ttag +58 73/69/56/64/48; 
ttag +59 94/93/91/93/85; 
ttag +60 100/100/99/98/99; 
ttag +61 100/100/100/100/100; 
ttag +62 40/28/27/38/30; 
ttag +63 23/[12]/?/?/?; 
ttag +64 46/33/23/32/20; 
ttag +65 100/100/100/100/100; 
ttag +66 40/7/2/13/3; 
ttag +67 99/99/99/100/99; 
ttag +68 84/80/70/85/72; 
ttag +69 92/90/84/89/79; 
ttag +70 100/100/100/99/100; 
ttag +71 100/100/100/100/100; 
ttag +72 78/70/57/75/71; 
ttag +73 99/99/98/99/96; 
ttag +74 82/78/66/74/69; 
ttag +75 75/66/52/69/57; 
ttag +76 75/70/55/68/54; 
ttag +77 100/100/94/99/94; 
ttag +78 99/99/97/99/98; 
ttag +79 98/98/98/99/98; 
ttag +80 64/54/50/64/46; 
ttag +81 98/98/97/99/96; 
ttag +82 98/98/96/98/97; 
ttag +83 22/2/1/3/5; 
ttag +84 94/93/94/94/92; 
ttag +85 94/93/92/91/93; 
ttag +86 99/99/100/100/100; 
ttag +87 99/99/92/96/94; 
ttag +88 96/96/90/93/89; 
ttag +89 72/60/51/74/60; 
ttag +90 99/98/97/98/93; 
ttag +91 96/95/97/98/96; 
ttag +92 93/89/85/96/88; 
ttag +93 99/99/100/100/100; 
ttag +94 89/86/84/89/88; 
