tread
'Tree with tags' 
(0 ((1 ((13 14 )(((15 16 )(17 (18 (19 ((20 21 )((22 23 )(24 25 )))))))((26 27 (28 (29 30 )))(39 (31 (((32 33 )(34 35 ))(36 (37 38 ))))((40 41 )(42 (43 ((44 45 )(46 47 ))))))))))((2 3 )(8 9 (((4 5 )(6 7 ))(10 (11 12 ))))))); 
ttag *!; 
ttag +49 1; 
ttag +50 ???; 
ttag +51 7; 
ttag +52 11; 
ttag +53 2; 
ttag +54 3; 
ttag +55 1; 
ttag +56 5; 
ttag +57 1; 
ttag +58 2; 
ttag +59 8; 
ttag +60 4; 
ttag +61 1; 
ttag +62 8; 
ttag +63 5; 
ttag +64 1; 
ttag +65 4; 
ttag +66 4; 
ttag +67 3; 
ttag +68 6; 
ttag +69 7; 
ttag +70 8; 
ttag +71 3; 
ttag +72 6; 
ttag +73 2; 
ttag +74 5; 
ttag +75 8; 
ttag +76 7; 
ttag +77 5; 
ttag +78 3; 
ttag +79 5; 
ttag +80 1; 
ttag +81 2; 
ttag +82 2; 
ttag +83 11; 
ttag +84 11; 
ttag +85 3; 
ttag +86 2; 
ttag +87 11; 
ttag +88 4; 
ttag +89 5; 
ttag +90 5; 
ttag +91 7; 
tread
'Tree with tags' 
(0 ((1 ((13 14 )(((15 16 )(17 (18 (19 ((20 21 )((22 23 )(24 25 )))))))((26 (27 (28 (29 30 ))))((39 (31 (((32 33 )(34 35 ))(36 (37 38 )))))((40 41 )(42 (43 ((44 45 )(46 47 ))))))))))((2 3 )(8 (9 (((4 5 )(6 7 ))(10 (11 12 )))))))); 
ttag *!; 
ttag +0 ////; 
ttag +1 ////; 
ttag +2 ////; 
ttag +3 ////; 
ttag +4 ////; 
ttag +5 ////; 
ttag +6 ////; 
ttag +7 ////; 
ttag +8 ////; 
ttag +9 ////; 
ttag +10 ////; 
ttag +11 ////; 
ttag +12 ////; 
ttag +13 ////; 
ttag +14 ////; 
ttag +15 ////; 
ttag +16 ////; 
ttag +17 ////; 
ttag +18 ////; 
ttag +19 ////; 
ttag +20 ////; 
ttag +21 ////; 
ttag +22 ////; 
ttag +23 ////; 
ttag +24 ////; 
ttag +25 ////; 
ttag +26 ////; 
ttag +27 ////; 
ttag +28 ////; 
ttag +29 ////; 
ttag +30 ////; 
ttag +31 ////; 
ttag +32 ////; 
ttag +33 ////; 
ttag +34 ////; 
ttag +35 ////; 
ttag +36 ////; 
ttag +37 ////; 
ttag +38 ////; 
ttag +39 ////; 
ttag +40 ////; 
ttag +41 ////; 
ttag +42 ////; 
ttag +43 ////; 
ttag +44 ////; 
ttag +45 ////; 
ttag +46 ////; 
ttag +47 ////; 
ttag +48 ////; 
ttag +49 39/27/22/38/28; 
ttag +50 100/100/100/100/100; 
ttag +51 100/100/99/99/99; 
ttag +52 100/100/100/100/100; 
ttag +53 54/44/32/53/34; 
ttag +54 77/69/60/72/55; 
ttag +55 51/33/26/36/26; 
ttag +56 21/[13]/4/?/?; 
ttag +57 93/92/89/94/90; 
ttag +58 49/39/24/45/18; 
ttag +59 85/81/75/75/66; 
ttag +60 100/100/98/100/96; 
ttag +61 96/94/89/94/90; 
ttag +62 39/27/20/39/31; 
ttag +63 99/99/97/99/98; 
ttag +64 99/99/100/98/96; 
ttag +65 64/57/43/54/51; 
ttag +66 91/88/87/90/85; 
ttag +67 93/92/86/94/84; 
ttag +68 92/92/89/92/85; 
ttag +69 100/100/100/100/100; 
ttag +70 99/99/96/98/94; 
ttag +71 99/99/99/100/100; 
ttag +72 90/88/88/90/82; 
ttag +73 98/98/94/100/97; 
ttag +74 79/74/70/76/72; 
ttag +75 93/91/85/90/76; 
ttag +76 38/2/?/?/?; 
ttag +77 99/99/98/99/98; 
ttag +78 99/99/98/100/97; 
ttag +79 97/96/92/98/94; 
ttag +80 20/[20]/?/?/?; 
ttag +81 78/69/53/73/63; 
ttag +82 98/97/93/96/92; 
ttag +83 65/65/55/64/60; 
ttag +84 78/72/67/76/70; 
ttag +85 90/90/83/85/89; 
ttag +86 100/100/100/99/100; 
ttag +87 100/100/100/100/100; 
ttag +88 91/90/89/90/86; 
ttag +89 60/44/36/48/43; 
ttag +90 100/100/100/100/100; 
ttag +91 90/89/78/91/81; 
ttag +92 98/98/94/98/97; 
ttag +93 98/98/98/99/97; 
ttag +94 99/99/98/100/96; 
