tread
'Tree with tags' 
(0 ((1 ((13 14 )((15 16 )(17 (18 (19 ((20 21 )((22 23 )(24 25 )))))))))(((2 3 )(((4 5 )(6 7 ))(8 (9 (10 (11 12 ))))))((26 (27 (28 (29 30 ))))((39 (31 (((32 33 )(36 (37 38 )))(34 35 ))))((40 41 )(42 (43 ((44 45 )(46 47 )))))))))); 
ttag *!; 
ttag +49 1; 
ttag +50 ???; 
ttag +51 10; 
ttag +52 8; 
ttag +53 1; 
ttag +54 3; 
ttag +55 7; 
ttag +56 6; 
ttag +57 1; 
ttag +58 2; 
ttag +59 2; 
ttag +60 7; 
ttag +61 5; 
ttag +62 9; 
ttag +63 3; 
ttag +64 7; 
ttag +65 8; 
ttag +66 1; 
ttag +67 7; 
ttag +68 4; 
ttag +69 8; 
ttag +70 8; 
ttag +71 7; 
ttag +72 4; 
ttag +73 3; 
ttag +74 11; 
ttag +75 5; 
ttag +76 3; 
ttag +77 8; 
ttag +78 11; 
ttag +79 2; 
ttag +80 1; 
ttag +81 6; 
ttag +82 12; 
ttag +83 1; 
ttag +84 1; 
ttag +85 5; 
ttag +86 6; 
ttag +87 7; 
ttag +88 1; 
ttag +89 4; 
ttag +90 9; 
ttag +91 4; 
ttag +92 2; 
ttag +93 5; 
ttag +94 2; 
tread
'Tree with tags' 
(0 ((1 ((13 14 )((15 16 )(17 (18 (19 ((20 21 )((22 23 )(24 25 )))))))))(((2 3 )(((4 5 )(6 7 ))(8 (9 (10 (11 12 ))))))((26 (27 (28 (29 30 ))))((39 (31 (((32 33 )(36 (37 38 )))(34 35 ))))((40 41 )(42 (43 ((44 45 )(46 47 )))))))))); 
ttag *!; 
ttag +0 ////; 
ttag +1 ////; 
ttag +2 ////; 
ttag +3 ////; 
ttag +4 ////; 
ttag +5 ////; 
ttag +6 ////; 
ttag +7 ////; 
ttag +8 ////; 
ttag +9 ////; 
ttag +10 ////; 
ttag +11 ////; 
ttag +12 ////; 
ttag +13 ////; 
ttag +14 ////; 
ttag +15 ////; 
ttag +16 ////; 
ttag +17 ////; 
ttag +18 ////; 
ttag +19 ////; 
ttag +20 ////; 
ttag +21 ////; 
ttag +22 ////; 
ttag +23 ////; 
ttag +24 ////; 
ttag +25 ////; 
ttag +26 ////; 
ttag +27 ////; 
ttag +28 ////; 
ttag +29 ////; 
ttag +30 ////; 
ttag +31 ////; 
ttag +32 ////; 
ttag +33 ////; 
ttag +34 ////; 
ttag +35 ////; 
ttag +36 ////; 
ttag +37 ////; 
ttag +38 ////; 
ttag +39 ////; 
ttag +40 ////; 
ttag +41 ////; 
ttag +42 ////; 
ttag +43 ////; 
ttag +44 ////; 
ttag +45 ////; 
ttag +46 ////; 
ttag +47 ////; 
ttag +48 ////; 
ttag +49 29/9/1/20/0; 
ttag +50 100/100/100/100/100; 
ttag +51 100/100/99/100/100; 
ttag +52 97/96/93/99/94; 
ttag +53 34/15/9/24/8; 
ttag +54 78/72/61/69/62; 
ttag +55 97/97/89/96/95; 
ttag +56 98/98/96/98/97; 
ttag +57 39/8/4/26/9; 
ttag +58 70/58/48/65/45; 
ttag +59 54/42/29/49/28; 
ttag +60 97/97/91/97/93; 
ttag +61 96/95/93/96/92; 
ttag +62 100/100/99/100/100; 
ttag +63 84/81/71/81/73; 
ttag +64 100/100/100/99/99; 
ttag +65 100/100/97/99/99; 
ttag +66 58/41/33/40/38; 
ttag +67 98/98/96/99/98; 
ttag +68 97/97/94/96/94; 
ttag +69 100/100/100/100/100; 
ttag +70 100/100/96/98/97; 
ttag +71 99/99/94/99/96; 
ttag +72 94/93/86/89/85; 
ttag +73 77/68/61/80/64; 
ttag +74 100/100/100/100/100; 
ttag +75 98/97/92/98/92; 
ttag +76 93/92/87/94/88; 
ttag +77 98/98/98/99/96; 
ttag +78 100/100/100/100/100; 
ttag +79 56/34/41/46/42; 
ttag +80 31/8/6/10/6; 
ttag +81 94/93/88/93/90; 
ttag +82 100/100/100/100/100; 
ttag +83 40/0/?/11/?; 
ttag +84 41/14/21/26/21; 
ttag +85 96/96/92/94/90; 
ttag +86 99/98/94/98/96; 
ttag +87 99/99/98/99/99; 
ttag +88 63/42/30/32/31; 
ttag +89 97/96/88/95/95; 
ttag +90 99/99/97/100/97; 
ttag +91 86/82/78/89/80; 
ttag +92 70/62/58/60/54; 
ttag +93 96/95/85/92/90; 
ttag +94 64/38/42/50/37; 
