tread
'Tree with tags' 
(0 ((1 ((13 14 )((17 ((15 16 )((18 19 )((20 21 )((22 23 )(24 25 ))))))((26 (27 (28 (29 30 ))))((31 (34 35 (32 33 )(36 (37 38 ))))(39 ((40 41 )(42 (43 (46 (47 (44 45 ))))))))))))((2 3 )((((4 5 )(6 7 ))(10 (11 12 )))(8 9 ))))); 
ttag *!; 
ttag +49 2; 
ttag +50 ???; 
ttag +51 4; 
ttag +52 5; 
ttag +53 3; 
ttag +54 6; 
ttag +55 3; 
ttag +56 9; 
ttag +57 2; 
ttag +58 6; 
ttag +59 6; 
ttag +60 8; 
ttag +61 7; 
ttag +62 1; 
ttag +63 9; 
ttag +64 1; 
ttag +65 7; 
ttag +66 1; 
ttag +67 1; 
ttag +68 2; 
ttag +69 6; 
ttag +70 5; 
ttag +71 8; 
ttag +72 3; 
ttag +73 5; 
ttag +74 6; 
ttag +75 5; 
ttag +76 3; 
ttag +77 5; 
ttag +78 12; 
ttag +79 5; 
ttag +80 6; 
ttag +81 6; 
ttag +82 2; 
ttag +83 5; 
ttag +84 7; 
ttag +85 1; 
ttag +86 3; 
ttag +87 1; 
ttag +88 10; 
ttag +89 1; 
ttag +90 4; 
ttag +91 1; 
ttag +92 6; 
tread
'Tree with tags' 
(0 ((1 ((13 14 )((17 ((15 16 )((18 19 )((20 21 )((22 23 )(24 25 ))))))((26 (27 (28 (29 30 ))))((31 (34 35 (32 33 )(36 (37 38 ))))(39 ((40 41 )(42 (43 (46 (47 (44 45 ))))))))))))((2 3 )((((4 5 )(6 7 ))(10 (11 12 )))(8 9 ))))); 
ttag *!; 
ttag +0 ////; 
ttag +1 ////; 
ttag +2 ////; 
ttag +3 ////; 
ttag +4 ////; 
ttag +5 ////; 
ttag +6 ////; 
ttag +7 ////; 
ttag +8 ////; 
ttag +9 ////; 
ttag +10 ////; 
ttag +11 ////; 
ttag +12 ////; 
ttag +13 ////; 
ttag +14 ////; 
ttag +15 ////; 
ttag +16 ////; 
ttag +17 ////; 
ttag +18 ////; 
ttag +19 ////; 
ttag +20 ////; 
ttag +21 ////; 
ttag +22 ////; 
ttag +23 ////; 
ttag +24 ////; 
ttag +25 ////; 
ttag +26 ////; 
ttag +27 ////; 
ttag +28 ////; 
ttag +29 ////; 
ttag +30 ////; 
ttag +31 ////; 
ttag +32 ////; 
ttag +33 ////; 
ttag +34 ////; 
ttag +35 ////; 
ttag +36 ////; 
ttag +37 ////; 
ttag +38 ////; 
ttag +39 ////; 
ttag +40 ////; 
ttag +41 ////; 
ttag +42 ////; 
ttag +43 ////; 
ttag +44 ////; 
ttag +45 ////; 
ttag +46 ////; 
ttag +47 ////; 
ttag +48 ////; 
ttag +49 55/41/28/46/24; 
ttag +50 100/100/100/100/100; 
ttag +51 94/91/80/94/85; 
ttag +52 98/97/93/99/94; 
ttag +53 83/80/67/81/71; 
ttag +54 96/96/91/95/88; 
ttag +55 75/62/49/66/45; 
ttag +56 98/98/89/98/91; 
ttag +57 74/67/63/66/53; 
ttag +58 96/96/88/98/89; 
ttag +59 98/98/93/99/93; 
ttag +60 99/99/99/99/98; 
ttag +61 98/98/96/99/96; 
ttag +62 33/16/11/20/11; 
ttag +63 100/100/100/100/98; 
ttag +64 49/35/20/32/28; 
ttag +65 98/98/95/99/90; 
ttag +66 42/25/16/34/7; 
ttag +67 44/16/10/11/7; 
ttag +68 88/88/81/89/83; 
ttag +69 99/99/98/98/97; 
ttag +70 94/93/88/93/84; 
ttag +71 99/98/97/100/99; 
ttag +72 88/86/78/87/73; 
ttag +73 95/94/88/95/87; 
ttag +74 100/100/98/99/99; 
ttag +75 96/95/90/96/91; 
ttag +76 83/81/74/89/79; 
ttag +77 99/99/99/99/98; 
ttag +78 100/100/100/100/100; 
ttag +79 96/94/87/94/87; 
ttag +80 97/96/96/98/94; 
ttag +81 98/98/98/98/96; 
ttag +82 90/88/79/85/75; 
ttag +83 95/94/91/94/86; 
ttag +84 100/100/97/99/98; 
ttag +85 61/46/30/47/36; 
ttag +86 82/79/74/81/64; 
ttag +87 62/56/49/53/52; 
ttag +88 100/100/100/100/100; 
ttag +89 61/42/31/37/27; 
ttag +90 94/93/81/90/83; 
ttag +91 55/32/26/27/24; 
ttag +92 98/98/98/99/96; 
