tread
'Tree with tags' 
(0 ((1 ((13 14 )((15 16 )(17 (18 (19 ((20 21 )((22 23 )(24 25 )))))))((26 27 (28 (29 30 )))((31 (((32 33 )(34 35 ))(36 (37 38 ))))(39 (40 (41 (42 (43 ((44 45 )(46 47 )))))))))))((2 3 )(((4 5 )(6 7 ))((8 9 )(10 (11 12 ))))))); 
ttag *!; 
ttag +49 3; 
ttag +50 ???; 
ttag +51 3; 
ttag +52 6; 
ttag +53 5; 
ttag +54 9; 
ttag +55 4; 
ttag +56 1; 
ttag +57 1; 
ttag +58 2; 
ttag +59 7; 
ttag +60 8; 
ttag +61 6; 
ttag +62 3; 
ttag +63 5; 
ttag +64 7; 
ttag +65 3; 
ttag +66 2; 
ttag +67 1; 
ttag +68 7; 
ttag +69 3; 
ttag +70 10; 
ttag +71 6; 
ttag +72 5; 
ttag +73 5; 
ttag +74 8; 
ttag +75 6; 
ttag +76 11; 
ttag +77 11; 
ttag +78 3; 
ttag +79 8; 
ttag +80 1; 
ttag +81 7; 
ttag +82 1; 
ttag +83 7; 
ttag +84 5; 
ttag +85 2; 
ttag +86 7; 
ttag +87 4; 
ttag +88 9; 
ttag +89 8; 
ttag +90 9; 
ttag +91 7; 
ttag +92 3; 
tread
'Tree with tags' 
(0 ((1 (((13 14 )((26 (27 (28 (29 30 ))))((31 (((32 33 )(34 35 ))(36 (37 38 ))))(39 (40 (41 (42 (43 ((44 45 )(46 47 ))))))))))((15 16 )(17 (18 (19 ((20 21 )((22 23 )(24 25 )))))))))((2 3 )(((4 5 )(6 7 ))((8 9 )(10 (11 12 ))))))); 
ttag *!; 
ttag +0 ////; 
ttag +1 ////; 
ttag +2 ////; 
ttag +3 ////; 
ttag +4 ////; 
ttag +5 ////; 
ttag +6 ////; 
ttag +7 ////; 
ttag +8 ////; 
ttag +9 ////; 
ttag +10 ////; 
ttag +11 ////; 
ttag +12 ////; 
ttag +13 ////; 
ttag +14 ////; 
ttag +15 ////; 
ttag +16 ////; 
ttag +17 ////; 
ttag +18 ////; 
ttag +19 ////; 
ttag +20 ////; 
ttag +21 ////; 
ttag +22 ////; 
ttag +23 ////; 
ttag +24 ////; 
ttag +25 ////; 
ttag +26 ////; 
ttag +27 ////; 
ttag +28 ////; 
ttag +29 ////; 
ttag +30 ////; 
ttag +31 ////; 
ttag +32 ////; 
ttag +33 ////; 
ttag +34 ////; 
ttag +35 ////; 
ttag +36 ////; 
ttag +37 ////; 
ttag +38 ////; 
ttag +39 ////; 
ttag +40 ////; 
ttag +41 ////; 
ttag +42 ////; 
ttag +43 ////; 
ttag +44 ////; 
ttag +45 ////; 
ttag +46 ////; 
ttag +47 ////; 
ttag +48 ////; 
ttag +49 87/86/84/90/86; 
ttag +50 100/100/100/100/100; 
ttag +51 82/74/63/70/55; 
ttag +52 96/96/92/98/90; 
ttag +53 96/95/93/94/93; 
ttag +54 100/100/100/100/99; 
ttag +55 94/92/79/88/76; 
ttag +56 54/40/34/42/37; 
ttag +57 49/24/21/20/16; 
ttag +58 72/71/68/72/71; 
ttag +59 98/98/94/98/94; 
ttag +60 99/99/99/100/99; 
ttag +61 98/98/98/98/98; 
ttag +62 40/12/?/5/2; 
ttag +63 91/90/86/91/86; 
ttag +64 96/95/84/98/88; 
ttag +65 98/97/92/98/91; 
ttag +66 86/82/66/78/68; 
ttag +67 88/85/82/76/77; 
ttag +68 58/40/25/35/31; 
ttag +69 99/99/99/100/98; 
ttag +70 84/79/66/85/69; 
ttag +71 100/100/100/100/99; 
ttag +72 97/96/93/97/94; 
ttag +73 95/93/89/94/85; 
ttag +74 99/99/94/97/95; 
ttag +75 100/100/98/99/100; 
ttag +76 38/[6]/?/0/2; 
ttag +77 100/100/97/99/96; 
ttag +78 100/100/100/100/100; 
ttag +79 100/100/100/100/100; 
ttag +80 87/85/64/84/60; 
ttag +81 100/100/99/100/98; 
ttag +82 46/27/30/40/22; 
ttag +83 98/97/94/96/96; 
ttag +84 37/19/21/29/14; 
ttag +85 99/99/96/98/99; 
ttag +86 95/92/88/94/77; 
ttag +87 81/76/72/80/70; 
ttag +88 96/96/85/95/90; 
ttag +89 87/85/74/86/68; 
ttag +90 99/98/97/100/97; 
ttag +91 98/98/99/100/98; 
ttag +92 100/100/100/100/100; 
ttag +93 99/99/96/100/99; 
ttag +94 88/84/82/90/85; 
