tread
'Tree with tags' 
(0 ((1 ((2 3 )(8 9 ((4 5 )(6 7 ))(10 (11 12 )))))(13 14 )((15 16 )(17 (18 (19 ((20 21 )((22 23 )(24 25 )))))))((26 27 (28 (29 30 )))((31 ((32 33 )((34 35 )(36 (37 38 )))))(39 ((40 41 )(42 (43 ((44 45 )(46 47 )))))))))); 
ttag *!; 
ttag +49 1; 
ttag +50 ???; 
ttag +51 7; 
ttag +52 4; 
ttag +53 8; 
ttag +54 11; 
ttag +55 1; 
ttag +56 1; 
ttag +57 2; 
ttag +58 7; 
ttag +59 7; 
ttag +60 9; 
ttag +61 5; 
ttag +62 2; 
ttag +63 8; 
ttag +64 2; 
ttag +65 7; 
ttag +66 3; 
ttag +67 7; 
ttag +68 1; 
ttag +69 3; 
ttag +70 6; 
ttag +71 8; 
ttag +72 5; 
ttag +73 14; 
ttag +74 3; 
ttag +75 8; 
ttag +76 4; 
ttag +77 4; 
ttag +78 5; 
ttag +79 1; 
ttag +80 13; 
ttag +81 8; 
ttag +82 1; 
ttag +83 2; 
ttag +84 10; 
ttag +85 6; 
ttag +86 1; 
ttag +87 5; 
ttag +88 7; 
ttag +89 5; 
tread
'Tree with tags' 
(0 ((((1 ((2 3 )(((4 5 )(6 7 ))(8 (9 (10 (11 12 )))))))(13 14 ))((15 16 )(17 (18 (19 ((20 21 )((22 23 )(24 25 ))))))))((26 (27 (28 (29 30 ))))((31 ((32 33 )((34 35 )(36 (37 38 )))))(39 ((40 41 )(42 (43 ((44 45 )(46 47 )))))))))); 
ttag *!; 
ttag +0 ////; 
ttag +1 ////; 
ttag +2 ////; 
ttag +3 ////; 
ttag +4 ////; 
ttag +5 ////; 
ttag +6 ////; 
ttag +7 ////; 
ttag +8 ////; 
ttag +9 ////; 
ttag +10 ////; 
ttag +11 ////; 
ttag +12 ////; 
ttag +13 ////; 
ttag +14 ////; 
ttag +15 ////; 
ttag +16 ////; 
ttag +17 ////; 
ttag +18 ////; 
ttag +19 ////; 
ttag +20 ////; 
ttag +21 ////; 
ttag +22 ////; 
ttag +23 ////; 
ttag +24 ////; 
ttag +25 ////; 
ttag +26 ////; 
ttag +27 ////; 
ttag +28 ////; 
ttag +29 ////; 
ttag +30 ////; 
ttag +31 ////; 
ttag +32 ////; 
ttag +33 ////; 
ttag +34 ////; 
ttag +35 ////; 
ttag +36 ////; 
ttag +37 ////; 
ttag +38 ////; 
ttag +39 ////; 
ttag +40 ////; 
ttag +41 ////; 
ttag +42 ////; 
ttag +43 ////; 
ttag +44 ////; 
ttag +45 ////; 
ttag +46 ////; 
ttag +47 ////; 
ttag +48 ////; 
ttag +49 35/14/7/21/10; 
ttag +50 6/[16]/?/?/?; 
ttag +51 12/[8]/?/?/?; 
ttag +52 100/100/100/100/100; 
ttag +53 98/98/97/98/95; 
ttag +54 96/95/91/98/92; 
ttag +55 99/99/98/100/98; 
ttag +56 100/100/99/100/99; 
ttag +57 54/25/24/33/30; 
ttag +58 70/62/52/55/43; 
ttag +59 22/[18]/?/1/1; 
ttag +60 10/[30]/?/?/?; 
ttag +61 66/52/52/60/36; 
ttag +62 100/100/100/100/99; 
ttag +63 100/100/99/99/99; 
ttag +64 100/100/100/100/100; 
ttag +65 96/95/90/95/92; 
ttag +66 78/68/60/63/58; 
ttag +67 100/100/99/100/99; 
ttag +68 74/60/54/58/50; 
ttag +69 100/100/98/100/99; 
ttag +70 86/84/81/86/84; 
ttag +71 100/100/93/100/97; 
ttag +72 50/19/20/22/8; 
ttag +73 82/77/65/76/75; 
ttag +74 93/89/90/96/78; 
ttag +75 99/98/95/98/92; 
ttag +76 34/0/6/3/4; 
ttag +77 97/97/89/97/85; 
ttag +78 100/100/100/100/99; 
ttag +79 98/98/94/95/90; 
ttag +80 100/100/98/99/96; 
ttag +81 90/88/76/91/74; 
ttag +82 92/90/87/90/90; 
ttag +83 98/98/98/98/98; 
ttag +84 45/31/26/41/29; 
ttag +85 100/100/100/100/100; 
ttag +86 99/99/99/100/98; 
ttag +87 60/54/52/59/56; 
ttag +88 73/60/51/62/62; 
ttag +89 100/100/100/100/100; 
ttag +90 98/98/90/98/92; 
ttag +91 58/40/40/48/36; 
ttag +92 99/99/98/99/100; 
ttag +93 96/96/96/99/94; 
ttag +94 95/94/94/97/91; 
