tread
'Tree with tags' 
(0 (1 ((2 3 )((6 7 (4 5 ))(8 9 (10 (11 12 )))))(13 14 )((15 16 )(17 (18 19 ((20 21 )((22 23 )(24 25 ))))))((26 (27 (28 (29 30 ))))(39 (31 ((32 33 )((34 35 )(36 (37 38 )))))(40 41 (42 43 ((44 45 )(46 47 )))))))); 
ttag *!; 
ttag +49 ???; 
ttag +50 10; 
ttag +51 12; 
ttag +52 5; 
ttag +53 6; 
ttag +54 3; 
ttag +55 1; 
ttag +56 4; 
ttag +57 10; 
ttag +58 9; 
ttag +59 7; 
ttag +60 2; 
ttag +61 2; 
ttag +62 2; 
ttag +63 9; 
ttag +64 3; 
ttag +65 10; 
ttag +66 5; 
ttag +67 5; 
ttag +68 4; 
ttag +69 4; 
ttag +70 2; 
ttag +71 4; 
ttag +72 5; 
ttag +73 6; 
ttag +74 3; 
ttag +75 6; 
ttag +76 4; 
ttag +77 2; 
ttag +78 1; 
ttag +79 14; 
ttag +80 4; 
ttag +81 10; 
ttag +82 2; 
ttag +83 5; 
ttag +84 4; 
ttag +85 4; 
tread
'Tree with tags' 
(0 (1 ((((2 3 )((6 (7 (4 5 )))((8 9 )(10 (11 12 )))))((15 16 )(17 ((18 19 )((20 21 )((22 23 )(24 25 )))))))((13 14 )((26 (27 (28 (29 30 ))))(39 ((31 ((32 33 )((34 35 )(36 (37 38 )))))(40 (41 ((42 43 )((44 45 )(46 47 )))))))))))); 
ttag *!; 
ttag +0 ////; 
ttag +1 ////; 
ttag +2 ////; 
ttag +3 ////; 
ttag +4 ////; 
ttag +5 ////; 
ttag +6 ////; 
ttag +7 ////; 
ttag +8 ////; 
ttag +9 ////; 
ttag +10 ////; 
ttag +11 ////; 
ttag +12 ////; 
ttag +13 ////; 
ttag +14 ////; 
ttag +15 ////; 
ttag +16 ////; 
ttag +17 ////; 
ttag +18 ////; 
ttag +19 ////; 
ttag +20 ////; 
ttag +21 ////; 
ttag +22 ////; 
ttag +23 ////; 
ttag +24 ////; 
ttag +25 ////; 
ttag +26 ////; 
ttag +27 ////; 
ttag +28 ////; 
ttag +29 ////; 
ttag +30 ////; 
ttag +31 ////; 
ttag +32 ////; 
ttag +33 ////; 
ttag +34 ////; 
ttag +35 ////; 
ttag +36 ////; 
ttag +37 ////; 
ttag +38 ////; 
ttag +39 ////; 
ttag +40 ////; 
ttag +41 ////; 
ttag +42 ////; 
ttag +43 ////; 
ttag +44 ////; 
ttag +45 ////; 
ttag +46 ////; 
ttag +47 ////; 
ttag +48 ////; 
ttag +49 100/100/100/100/100; 
ttag +50 100/100/99/100/100; 
ttag +51 100/100/98/100/100; 
ttag +52 16/[33]/?/?/?; 
ttag +53 38/18/16/19/25; 
ttag +54 99/99/92/98/92; 
ttag +55 30/6/4/?/6; 
ttag +56 100/100/96/99/97; 
ttag +57 87/84/82/86/82; 
ttag +58 28/5/10/5/?; 
ttag +59 58/48/34/49/45; 
ttag +60 92/90/78/93/86; 
ttag +61 100/100/100/100/99; 
ttag +62 100/100/98/100/100; 
ttag +63 13/0/1/?/5; 
ttag +64 99/99/98/100/99; 
ttag +65 66/50/53/66/54; 
ttag +66 85/79/72/78/72; 
ttag +67 39/16/16/14/15; 
ttag +68 77/66/65/72/74; 
ttag +69 100/100/100/100/100; 
ttag +70 87/84/74/83/71; 
ttag +71 100/100/99/99/100; 
ttag +72 99/99/96/99/96; 
ttag +73 95/95/88/97/93; 
ttag +74 98/97/95/96/91; 
ttag +75 95/94/89/95/92; 
ttag +76 82/76/61/76/59; 
ttag +77 95/95/87/96/89; 
ttag +78 100/100/97/99/97; 
ttag +79 98/98/97/98/97; 
ttag +80 25/[10]/?/?/?; 
ttag +81 90/86/80/84/75; 
ttag +82 98/98/98/99/98; 
ttag +83 92/89/83/90/86; 
ttag +84 79/72/64/78/69; 
ttag +85 68/56/53/60/51; 
ttag +86 100/100/100/100/100; 
ttag +87 95/94/91/91/89; 
ttag +88 100/100/98/100/99; 
ttag +89 40/21/10/12/0; 
ttag +90 29/[7]/?/?/?; 
ttag +91 82/74/62/72/54; 
ttag +92 98/98/87/95/94; 
ttag +93 98/97/90/96/90; 
ttag +94 96/96/90/95/93; 
