tread
'Tree with tags' 
(0 (1 (((2 3 )((6 7 (4 5 ))(8 9 (10 (11 12 )))))((15 16 )(17 (18 (19 ((20 21 )((22 23 )(24 25 ))))))))(13 14 )(((26 27 )(28 (29 30 )))(39 (31 (((32 33 )(36 (37 38 )))(34 35 )))((40 41 )(42 (43 (46 47 (44 45 ))))))))); 
ttag *!; 
ttag +49 ???; 
ttag +50 3; 
ttag +51 8; 
ttag +52 2; 
ttag +53 6; 
ttag +54 7; 
ttag +55 2; 
ttag +56 2; 
ttag +57 4; 
ttag +58 6; 
ttag +59 5; 
ttag +60 14; 
ttag +61 4; 
ttag +62 2; 
ttag +63 2; 
ttag +64 4; 
ttag +65 8; 
ttag +66 6; 
ttag +67 14; 
ttag +68 4; 
ttag +69 3; 
ttag +70 1; 
ttag +71 8; 
ttag +72 4; 
ttag +73 5; 
ttag +74 11; 
ttag +75 7; 
ttag +76 5; 
ttag +77 3; 
ttag +78 3; 
ttag +79 4; 
ttag +80 5; 
ttag +81 7; 
ttag +82 7; 
ttag +83 3; 
ttag +84 5; 
ttag +85 8; 
ttag +86 1; 
ttag +87 6; 
ttag +88 13; 
tread
'Tree with tags' 
(0 ((1 ((13 14 )(((26 27 )(28 (29 30 )))(39 ((31 (((32 33 )(36 (37 38 )))(34 35 )))((40 41 )(42 (43 (46 (47 (44 45 )))))))))))(((2 3 )((7 (6 (4 5 )))((8 9 )(10 (11 12 )))))((15 16 )(17 (18 (19 ((20 21 )((22 23 )(24 25 )))))))))); 
ttag *!; 
ttag +0 ////; 
ttag +1 ////; 
ttag +2 ////; 
ttag +3 ////; 
ttag +4 ////; 
ttag +5 ////; 
ttag +6 ////; 
ttag +7 ////; 
ttag +8 ////; 
ttag +9 ////; 
ttag +10 ////; 
ttag +11 ////; 
ttag +12 ////; 
ttag +13 ////; 
ttag +14 ////; 
ttag +15 ////; 
ttag +16 ////; 
ttag +17 ////; 
ttag +18 ////; 
ttag +19 ////; 
ttag +20 ////; 
ttag +21 ////; 
ttag +22 ////; 
ttag +23 ////; 
ttag +24 ////; 
ttag +25 ////; 
ttag +26 ////; 
ttag +27 ////; 
ttag +28 ////; 
ttag +29 ////; 
ttag +30 ////; 
ttag +31 ////; 
ttag +32 ////; 
ttag +33 ////; 
ttag +34 ////; 
ttag +35 ////; 
ttag +36 ////; 
ttag +37 ////; 
ttag +38 ////; 
ttag +39 ////; 
ttag +40 ////; 
ttag +41 ////; 
ttag +42 ////; 
ttag +43 ////; 
ttag +44 ////; 
ttag +45 ////; 
ttag +46 ////; 
ttag +47 ////; 
ttag +48 ////; 
ttag +49 29/15/4/5/2; 
ttag +50 100/100/100/100/100; 
ttag +51 90/88/81/87/80; 
ttag +52 99/99/96/99/98; 
ttag +53 59/47/18/42/18; 
ttag +54 97/96/94/98/95; 
ttag +55 42/18/14/18/22; 
ttag +56 100/100/99/100/98; 
ttag +57 74/65/42/62/43; 
ttag +58 49/45/38/40/46; 
ttag +59 78/69/60/70/62; 
ttag +60 90/88/80/94/84; 
ttag +61 97/95/90/96/90; 
ttag +62 99/99/96/98/96; 
ttag +63 4/[41]/?/?/?; 
ttag +64 100/100/100/100/100; 
ttag +65 96/94/89/95/89; 
ttag +66 64/43/28/52/26; 
ttag +67 62/49/46/61/42; 
ttag +68 76/63/57/76/54; 
ttag +69 100/100/100/100/100; 
ttag +70 93/90/85/94/84; 
ttag +71 100/100/100/100/100; 
ttag +72 81/76/60/80/66; 
ttag +73 90/86/77/88/72; 
ttag +74 49/26/18/34/16; 
ttag +75 100/100/97/99/97; 
ttag +76 89/87/81/86/79; 
ttag +77 96/95/90/96/88; 
ttag +78 100/100/100/100/100; 
ttag +79 100/100/99/99/98; 
ttag +80 26/[6]/4/?/1; 
ttag +81 96/94/89/97/86; 
ttag +82 91/87/88/93/83; 
ttag +83 96/96/92/95/79; 
ttag +84 99/99/94/95/91; 
ttag +85 95/95/92/96/90; 
ttag +86 99/99/99/100/99; 
ttag +87 100/100/98/99/98; 
ttag +88 88/86/84/88/78; 
ttag +89 97/96/90/98/90; 
ttag +90 99/99/98/100/99; 
ttag +91 78/69/68/75/70; 
ttag +92 98/98/100/98/97; 
ttag +93 29/[18]/?/?/?; 
ttag +94 100/100/100/100/100; 
