tread
'Tree with tags' 
(0 (1 (((2 3 )(((4 5 )(6 7 ))(8 9 (10 (11 12 )))))(13 14 ))(((15 16 )(17 (18 (19 ((20 21 )((22 23 )(24 25 )))))))((26 27 )(28 (29 30 ))((39 (31 ((32 33 )((34 35 )(36 (37 38 ))))))(41 (40 (42 (43 (44 45 (46 47 ))))))))))); 
ttag *!; 
ttag +49 ???; 
ttag +50 7; 
ttag +51 8; 
ttag +52 3; 
ttag +53 9; 
ttag +54 8; 
ttag +55 6; 
ttag +56 2; 
ttag +57 5; 
ttag +58 4; 
ttag +59 5; 
ttag +60 5; 
ttag +61 4; 
ttag +62 9; 
ttag +63 4; 
ttag +64 5; 
ttag +65 5; 
ttag +66 4; 
ttag +67 9; 
ttag +68 5; 
ttag +69 7; 
ttag +70 5; 
ttag +71 2; 
ttag +72 1; 
ttag +73 4; 
ttag +74 2; 
ttag +75 10; 
ttag +76 8; 
ttag +77 1; 
ttag +78 5; 
ttag +79 4; 
ttag +80 1; 
ttag +81 8; 
ttag +82 1; 
ttag +83 12; 
ttag +84 13; 
ttag +85 1; 
ttag +86 3; 
ttag +87 3; 
ttag +88 2; 
ttag +89 9; 
ttag +90 3; 
tread
'Tree with tags' 
(0 ((1 (((2 3 )(((4 5 )(6 7 ))(8 (9 (10 (11 12 ))))))(13 14 )))(((15 16 )(17 (18 (19 ((20 21 )((22 23 )(24 25 )))))))((26 27 )((28 (29 30 ))((39 (31 ((32 33 )((34 35 )(36 (37 38 ))))))(41 (40 (42 (43 (44 (45 (46 47 ))))))))))))); 
ttag *!; 
ttag +0 ////; 
ttag +1 ////; 
ttag +2 ////; 
ttag +3 ////; 
ttag +4 ////; 
ttag +5 ////; 
ttag +6 ////; 
ttag +7 ////; 
ttag +8 ////; 
ttag +9 ////; 
ttag +10 ////; 
ttag +11 ////; 
ttag +12 ////; 
ttag +13 ////; 
ttag +14 ////; 
ttag +15 ////; 
ttag +16 ////; 
ttag +17 ////; 
ttag +18 ////; 
ttag +19 ////; 
ttag +20 ////; 
ttag +21 ////; 
ttag +22 ////; 
ttag +23 ////; 
ttag +24 ////; 
ttag +25 ////; 
ttag +26 ////; 
ttag +27 ////; 
ttag +28 ////; 
ttag +29 ////; 
ttag +30 ////; 
ttag +31 ////; 
ttag +32 ////; 
ttag +33 ////; 
ttag +34 ////; 
ttag +35 ////; 
ttag +36 ////; 
ttag +37 ////; 
ttag +38 ////; 
ttag +39 ////; 
ttag +40 ////; 
ttag +41 ////; 
ttag +42 ////; 
ttag +43 ////; 
ttag +44 ////; 
ttag +45 ////; 
ttag +46 ////; 
ttag +47 ////; 
ttag +48 ////; 
ttag +49 34/14/14/7/8; 
ttag +50 100/100/100/100/100; 
ttag +51 98/98/95/98/94; 
ttag +52 98/98/98/98/97; 
ttag +53 67/57/50/66/50; 
ttag +54 100/100/100/100/100; 
ttag +55 99/99/97/100/96; 
ttag +56 97/96/90/99/94; 
ttag +57 73/57/40/64/42; 
ttag +58 85/82/74/90/79; 
ttag +59 23/[5]/0/6/2; 
ttag +60 86/79/74/87/77; 
ttag +61 99/99/95/96/98; 
ttag +62 98/98/93/97/90; 
ttag +63 93/92/85/90/76; 
ttag +64 100/100/96/99/99; 
ttag +65 76/73/69/78/65; 
ttag +66 98/98/92/98/94; 
ttag +67 98/97/93/97/94; 
ttag +68 98/98/94/98/89; 
ttag +69 100/100/100/100/100; 
ttag +70 98/98/94/98/89; 
ttag +71 100/100/99/100/98; 
ttag +72 99/98/96/98/94; 
ttag +73 72/54/41/51/42; 
ttag +74 50/38/19/34/22; 
ttag +75 90/89/76/92/78; 
ttag +76 70/63/66/68/65; 
ttag +77 11/[26]/?/?/?; 
ttag +78 100/100/100/100/99; 
ttag +79 99/98/98/99/97; 
ttag +80 30/0/?/7/?; 
ttag +81 97/97/86/98/90; 
ttag +82 94/90/88/96/89; 
ttag +83 33/4/?/1/1; 
ttag +84 100/100/100/100/99; 
ttag +85 24/[4]/?/?/?; 
ttag +86 100/100/99/99/99; 
ttag +87 100/100/100/100/100; 
ttag +88 47/22/4/28/11; 
ttag +89 86/81/73/78/68; 
ttag +90 89/88/75/81/75; 
ttag +91 80/71/67/76/68; 
ttag +92 100/100/99/100/100; 
ttag +93 33/[13]/?/?/?; 
ttag +94 90/89/85/90/85; 
