tread
'Tree with tags' 
(0 (((1 ((2 3 )((9 (6 (7 (4 5 ))))(8 (10 (11 12 ))))))((26 (27 (28 (29 30 ))))((31 ((32 33 )(34 35 )(36 (37 38 ))))(39 ((40 41 )(42 (43 ((44 45 )(46 47 )))))))))((13 14 )((15 16 )(17 (18 (19 ((20 21 )((22 23 )(24 25 )))))))))); 
ttag *!; 
ttag +49 1; 
ttag +50 1; 
ttag +51 ???; 
ttag +52 5; 
ttag +53 10; 
ttag +54 7; 
ttag +55 2; 
ttag +56 13; 
ttag +57 1; 
ttag +58 2; 
ttag +59 1; 
ttag +60 2; 
ttag +61 7; 
ttag +62 5; 
ttag +63 1; 
ttag +64 8; 
ttag +65 6; 
ttag +66 4; 
ttag +67 3; 
ttag +68 2; 
ttag +69 9; 
ttag +70 7; 
ttag +71 5; 
ttag +72 8; 
ttag +73 3; 
ttag +74 7; 
ttag +75 10; 
ttag +76 2; 
ttag +77 5; 
ttag +78 12; 
ttag +79 1; 
ttag +80 1; 
ttag +81 6; 
ttag +82 4; 
ttag +83 7; 
ttag +84 7; 
ttag +85 7; 
ttag +86 1; 
ttag +87 2; 
ttag +88 9; 
ttag +89 9; 
ttag +90 2; 
ttag +91 10; 
ttag +92 3; 
ttag +93 6; 
tread
'Tree with tags' 
(0 (((1 ((2 3 )((9 (6 (7 (4 5 ))))(8 (10 (11 12 ))))))((26 (27 (28 (29 30 ))))((31 ((32 33 )((34 35 )(36 (37 38 )))))(39 ((40 41 )(42 (43 ((44 45 )(46 47 )))))))))((13 14 )((15 16 )(17 (18 (19 ((20 21 )((22 23 )(24 25 )))))))))); 
ttag *!; 
ttag +0 ////; 
ttag +1 ////; 
ttag +2 ////; 
ttag +3 ////; 
ttag +4 ////; 
ttag +5 ////; 
ttag +6 ////; 
ttag +7 ////; 
ttag +8 ////; 
ttag +9 ////; 
ttag +10 ////; 
ttag +11 ////; 
ttag +12 ////; 
ttag +13 ////; 
ttag +14 ////; 
ttag +15 ////; 
ttag +16 ////; 
ttag +17 ////; 
ttag +18 ////; 
ttag +19 ////; 
ttag +20 ////; 
ttag +21 ////; 
ttag +22 ////; 
ttag +23 ////; 
ttag +24 ////; 
ttag +25 ////; 
ttag +26 ////; 
ttag +27 ////; 
ttag +28 ////; 
ttag +29 ////; 
ttag +30 ////; 
ttag +31 ////; 
ttag +32 ////; 
ttag +33 ////; 
ttag +34 ////; 
ttag +35 ////; 
ttag +36 ////; 
ttag +37 ////; 
ttag +38 ////; 
ttag +39 ////; 
ttag +40 ////; 
ttag +41 ////; 
ttag +42 ////; 
ttag +43 ////; 
ttag +44 ////; 
ttag +45 ////; 
ttag +46 ////; 
ttag +47 ////; 
ttag +48 ////; 
ttag +49 31/10/8/17/10; 
ttag +50 33/22/17/29/22; 
ttag +51 100/100/100/100/100; 
ttag +52 98/98/96/99/93; 
ttag +53 100/100/98/100/100; 
ttag +54 99/99/96/99/95; 
ttag +55 63/48/36/50/50; 
ttag +56 100/100/98/100/100; 
ttag +57 16/[10]/?/?/?; 
ttag +58 36/9/5/16/14; 
ttag +59 46/30/20/29/24; 
ttag +60 74/66/50/69/55; 
ttag +61 99/99/99/99/98; 
ttag +62 93/90/87/91/86; 
ttag +63 63/53/38/51/42; 
ttag +64 99/99/98/99/100; 
ttag +65 97/96/87/98/90; 
ttag +66 86/84/75/87/72; 
ttag +67 66/51/49/73/56; 
ttag +68 57/42/38/58/38; 
ttag +69 100/100/100/100/99; 
ttag +70 94/94/86/97/90; 
ttag +71 99/99/96/98/95; 
ttag +72 100/100/98/100/96; 
ttag +73 90/88/78/84/76; 
ttag +74 98/98/97/100/98; 
ttag +75 100/100/98/100/98; 
ttag +76 66/56/46/54/46; 
ttag +77 98/98/93/96/90; 
ttag +78 100/100/100/100/100; 
ttag +79 61/39/31/38/42; 
ttag +80 66/54/47/52/45; 
ttag +81 99/99/98/100/98; 
ttag +82 88/86/75/88/78; 
ttag +83 100/100/100/99/99; 
ttag +84 18/[28]/?/?/?; 
ttag +85 99/98/95/98/95; 
ttag +86 99/99/98/99/98; 
ttag +87 62/47/53/49/41; 
ttag +88 77/69/58/67/60; 
ttag +89 100/100/100/100/100; 
ttag +90 99/99/95/100/93; 
ttag +91 78/71/61/80/50; 
ttag +92 100/100/100/100/99; 
ttag +93 96/95/90/93/88; 
ttag +94 99/98/95/98/91; 
