tread
'Tree with tags' 
(0 ((1 ((((2 3 )(10 (11 12 )))(8 9 ))((4 5 )(6 7 ))))(((13 14 )((15 16 )(17 (18 (19 ((20 21 )((22 23 )(24 25 ))))))))(39 (26 (27 (28 (29 30 ))))(31 (((32 33 )(34 35 ))(36 (37 38 ))))((40 41 )(42 (43 ((44 45 )(46 47 ))))))))); 
ttag *!; 
ttag +49 1; 
ttag +50 ???; 
ttag +51 9; 
ttag +52 1; 
ttag +53 1; 
ttag +54 6; 
ttag +55 9; 
ttag +56 6; 
ttag +57 1; 
ttag +58 2; 
ttag +59 6; 
ttag +60 12; 
ttag +61 10; 
ttag +62 1; 
ttag +63 1; 
ttag +64 9; 
ttag +65 5; 
ttag +66 6; 
ttag +67 3; 
ttag +68 2; 
ttag +69 5; 
ttag +70 8; 
ttag +71 14; 
ttag +72 4; 
ttag +73 2; 
ttag +74 5; 
ttag +75 5; 
ttag +76 4; 
ttag +77 2; 
ttag +78 13; 
ttag +79 4; 
ttag +80 4; 
ttag +81 1; 
ttag +82 3; 
ttag +83 3; 
ttag +84 11; 
ttag +85 3; 
ttag +86 4; 
ttag +87 4; 
ttag +88 10; 
ttag +89 6; 
ttag +90 5; 
ttag +91 2; 
ttag +92 1; 
tread
'Tree with tags' 
(0 ((1 ((((2 3 )(10 (11 12 )))(8 9 ))((4 5 )(6 7 ))))(((13 14 )((15 16 )(17 (18 (19 ((20 21 )((22 23 )(24 25 ))))))))((26 (27 (28 (29 30 ))))((31 (((32 33 )(34 35 ))(36 (37 38 ))))(39 ((40 41 )(42 (43 ((44 45 )(46 47 ))))))))))); 
ttag *!; 
ttag +0 ////; 
ttag +1 ////; 
ttag +2 ////; 
ttag +3 ////; 
ttag +4 ////; 
ttag +5 ////; 
ttag +6 ////; 
ttag +7 ////; 
ttag +8 ////; 
ttag +9 ////; 
ttag +10 ////; 
ttag +11 ////; 
ttag +12 ////; 
ttag +13 ////; 
ttag +14 ////; 
ttag +15 ////; 
ttag +16 ////; 
ttag +17 ////; 
ttag +18 ////; 
ttag +19 ////; 
ttag +20 ////; 
ttag +21 ////; 
ttag +22 ////; 
ttag +23 ////; 
ttag +24 ////; 
ttag +25 ////; 
ttag +26 ////; 
ttag +27 ////; 
ttag +28 ////; 
ttag +29 ////; 
ttag +30 ////; 
ttag +31 ////; 
ttag +32 ////; 
ttag +33 ////; 
ttag +34 ////; 
ttag +35 ////; 
ttag +36 ////; 
ttag +37 ////; 
ttag +38 ////; 
ttag +39 ////; 
ttag +40 ////; 
ttag +41 ////; 
ttag +42 ////; 
ttag +43 ////; 
ttag +44 ////; 
ttag +45 ////; 
ttag +46 ////; 
ttag +47 ////; 
ttag +48 ////; 
ttag +49 26/9/4/4/4; 
ttag +50 100/100/100/100/100; 
ttag +51 100/100/97/98/96; 
ttag +52 27/0/?/1/?; 
ttag +53 24/[3]/?/?/?; 
ttag +54 91/90/79/91/84; 
ttag +55 99/99/99/100/97; 
ttag +56 98/97/90/97/96; 
ttag +57 35/[3]/?/2/10; 
ttag +58 54/38/35/47/31; 
ttag +59 99/98/97/99/98; 
ttag +60 100/100/100/100/100; 
ttag +61 100/100/100/100/100; 
ttag +62 21/[6]/?/?/?; 
ttag +63 23/[4]/?/?/?; 
ttag +64 100/100/98/100/98; 
ttag +65 86/79/67/88/78; 
ttag +66 97/97/89/96/95; 
ttag +67 88/84/85/92/82; 
ttag +68 75/65/65/74/60; 
ttag +69 98/98/97/96/91; 
ttag +70 99/98/96/99/91; 
ttag +71 100/100/100/100/100; 
ttag +72 94/91/85/94/88; 
ttag +73 78/67/52/70/52; 
ttag +74 97/96/94/95/92; 
ttag +75 86/82/70/88/80; 
ttag +76 97/96/96/96/96; 
ttag +77 78/68/54/67/58; 
ttag +78 100/100/100/100/100; 
ttag +79 88/85/74/84/76; 
ttag +80 52/31/15/20/18; 
ttag +81 94/91/93/90/84; 
ttag +82 61/50/63/60/54; 
ttag +83 86/83/69/80/72; 
ttag +84 91/89/85/92/84; 
ttag +85 99/99/100/99/98; 
ttag +86 91/87/70/84/78; 
ttag +87 37/11/6/17/11; 
ttag +88 95/92/86/93/83; 
ttag +89 97/96/90/94/89; 
ttag +90 100/100/98/100/98; 
ttag +91 100/100/98/100/100; 
ttag +92 97/96/92/97/93; 
ttag +93 82/79/68/78/61; 
ttag +94 64/42/46/54/52; 
