tread
'Tree with tags' 
(0 ((1 (((26 27 )(28 (29 30 )))(39 ((31 (34 35 ((32 33 )(36 (37 38 )))))((40 41 )(42 (43 ((44 45 )(46 47 )))))))))((2 3 )((4 5 )(6 7 ))((8 9 )(10 (11 12 ))))((13 14 )((15 16 )(17 (18 (19 ((20 21 )((22 23 )(24 25 )))))))))); 
ttag *!; 
ttag +49 3; 
ttag +50 ???; 
ttag +51 13; 
ttag +52 5; 
ttag +53 4; 
ttag +54 4; 
ttag +55 7; 
ttag +56 3; 
ttag +57 1; 
ttag +58 4; 
ttag +59 5; 
ttag +60 12; 
ttag +61 2; 
ttag +62 4; 
ttag +63 5; 
ttag +64 1; 
ttag +65 2; 
ttag +66 5; 
ttag +67 5; 
ttag +68 6; 
ttag +69 5; 
ttag +70 10; 
ttag +71 1; 
ttag +72 2; 
ttag +73 4; 
ttag +74 3; 
ttag +75 6; 
ttag +76 8; 
ttag +77 1; 
ttag +78 1; 
ttag +79 8; 
ttag +80 5; 
ttag +81 1; 
ttag +82 3; 
ttag +83 7; 
ttag +84 7; 
ttag +85 6; 
ttag +86 6; 
ttag +87 4; 
ttag +88 5; 
ttag +89 13; 
ttag +90 4; 
ttag +91 3; 
tread
'Tree with tags' 
(0 ((1 (((26 27 )(28 (29 30 )))(39 ((31 (((32 33 )(36 (37 38 )))(34 35 )))((40 41 )(42 (43 ((44 45 )(46 47 )))))))))(((2 3 )(((4 5 )(6 7 ))((8 9 )(10 (11 12 )))))((13 14 )((15 16 )(17 (18 (19 ((20 21 )((22 23 )(24 25 ))))))))))); 
ttag *!; 
ttag +0 ////; 
ttag +1 ////; 
ttag +2 ////; 
ttag +3 ////; 
ttag +4 ////; 
ttag +5 ////; 
ttag +6 ////; 
ttag +7 ////; 
ttag +8 ////; 
ttag +9 ////; 
ttag +10 ////; 
ttag +11 ////; 
ttag +12 ////; 
ttag +13 ////; 
ttag +14 ////; 
ttag +15 ////; 
ttag +16 ////; 
ttag +17 ////; 
ttag +18 ////; 
ttag +19 ////; 
ttag +20 ////; 
ttag +21 ////; 
ttag +22 ////; 
ttag +23 ////; 
ttag +24 ////; 
ttag +25 ////; 
ttag +26 ////; 
ttag +27 ////; 
ttag +28 ////; 
ttag +29 ////; 
ttag +30 ////; 
ttag +31 ////; 
ttag +32 ////; 
ttag +33 ////; 
ttag +34 ////; 
ttag +35 ////; 
ttag +36 ////; 
ttag +37 ////; 
ttag +38 ////; 
ttag +39 ////; 
ttag +40 ////; 
ttag +41 ////; 
ttag +42 ////; 
ttag +43 ////; 
ttag +44 ////; 
ttag +45 ////; 
ttag +46 ////; 
ttag +47 ////; 
ttag +48 ////; 
ttag +49 71/61/46/69/52; 
ttag +50 100/100/100/100/100; 
ttag +51 100/100/100/100/100; 
ttag +52 94/94/91/95/91; 
ttag +53 16/[11]/?/?/?; 
ttag +54 94/92/94/96/92; 
ttag +55 96/96/97/96/97; 
ttag +56 38/16/17/21/16; 
ttag +57 99/99/97/99/98; 
ttag +58 86/82/67/78/72; 
ttag +59 55/45/28/46/28; 
ttag +60 80/74/62/83/70; 
ttag +61 99/99/95/98/96; 
ttag +62 100/100/100/100/100; 
ttag +63 72/65/63/72/65; 
ttag +64 96/95/91/92/94; 
ttag +65 97/97/91/95/97; 
ttag +66 64/53/41/50/48; 
ttag +67 82/76/69/78/67; 
ttag +68 98/98/96/99/94; 
ttag +69 98/98/93/98/95; 
ttag +70 99/99/96/99/97; 
ttag +71 97/96/87/94/85; 
ttag +72 100/100/100/100/100; 
ttag +73 60/40/39/46/31; 
ttag +74 48/38/30/54/31; 
ttag +75 90/88/81/90/83; 
ttag +76 70/60/53/62/51; 
ttag +77 98/98/96/99/99; 
ttag +78 100/100/99/100/99; 
ttag +79 71/60/51/55/47; 
ttag +80 54/42/39/42/36; 
ttag +81 100/100/98/100/98; 
ttag +82 96/96/94/98/95; 
ttag +83 62/56/50/64/56; 
ttag +84 96/94/89/92/88; 
ttag +85 42/4/6/?/?; 
ttag +86 99/98/98/99/98; 
ttag +87 100/100/98/99/97; 
ttag +88 98/98/96/98/97; 
ttag +89 93/90/85/98/88; 
ttag +90 88/81/75/78/74; 
ttag +91 97/96/94/98/95; 
ttag +92 100/100/100/100/100; 
ttag +93 92/91/83/90/82; 
ttag +94 86/84/75/82/77; 
