tread
'Tree with tags' 
(0 (1 ((2 3 )(((4 5 )(6 7 ))((8 9 )(10 (11 12 )))))(13 14 )((17 (15 16 ))(18 19 ((20 21 )(24 25 (22 23 )))))((26 27 (28 (29 30 )))(39 (31 ((32 33 )(34 35 (36 (37 38 )))))((40 41 )(42 (43 ((44 45 )(46 47 ))))))))); 
ttag *!; 
ttag +49 ???; 
ttag +50 4; 
ttag +51 8; 
ttag +52 5; 
ttag +53 7; 
ttag +54 3; 
ttag +55 3; 
ttag +56 5; 
ttag +57 2; 
ttag +58 6; 
ttag +59 6; 
ttag +60 3; 
ttag +61 7; 
ttag +62 1; 
ttag +63 1; 
ttag +64 4; 
ttag +65 4; 
ttag +66 2; 
ttag +67 7; 
ttag +68 2; 
ttag +69 3; 
ttag +70 8; 
ttag +71 5; 
ttag +72 15; 
ttag +73 1; 
ttag +74 4; 
ttag +75 3; 
ttag +76 3; 
ttag +77 1; 
ttag +78 9; 
ttag +79 4; 
ttag +80 4; 
ttag +81 9; 
ttag +82 5; 
ttag +83 3; 
ttag +84 7; 
ttag +85 6; 
ttag +86 3; 
tread
'Tree with tags' 
(0 ((1 (((17 (15 16 ))(19 (18 ((20 21 )((22 23 )(24 25 ))))))((27 (26 (28 (29 30 ))))((31 ((32 33 )(35 (34 (36 (37 38 ))))))(39 ((40 41 )(42 (43 ((44 45 )(46 47 ))))))))))(((2 3 )(((4 5 )(6 7 ))((8 9 )(10 (11 12 )))))(13 14 )))); 
ttag *!; 
ttag +0 ////; 
ttag +1 ////; 
ttag +2 ////; 
ttag +3 ////; 
ttag +4 ////; 
ttag +5 ////; 
ttag +6 ////; 
ttag +7 ////; 
ttag +8 ////; 
ttag +9 ////; 
ttag +10 ////; 
ttag +11 ////; 
ttag +12 ////; 
ttag +13 ////; 
ttag +14 ////; 
ttag +15 ////; 
ttag +16 ////; 
ttag +17 ////; 
ttag +18 ////; 
ttag +19 ////; 
ttag +20 ////; 
ttag +21 ////; 
ttag +22 ////; 
ttag +23 ////; 
ttag +24 ////; 
ttag +25 ////; 
ttag +26 ////; 
ttag +27 ////; 
ttag +28 ////; 
ttag +29 ////; 
ttag +30 ////; 
ttag +31 ////; 
ttag +32 ////; 
ttag +33 ////; 
ttag +34 ////; 
ttag +35 ////; 
ttag +36 ////; 
ttag +37 ////; 
ttag +38 ////; 
ttag +39 ////; 
ttag +40 ////; 
ttag +41 ////; 
ttag +42 ////; 
ttag +43 ////; 
ttag +44 ////; 
ttag +45 ////; 
ttag +46 ////; 
ttag +47 ////; 
ttag +48 ////; 
ttag +49 0/[29]/?/?/?; 
ttag +50 100/100/100/100/100; 
ttag +51 92/90/82/90/78; 
ttag +52 100/100/98/98/99; 
ttag +53 38/8/?/?/0; 
ttag +54 92/90/80/93/84; 
ttag +55 99/99/98/100/98; 
ttag +56 92/90/86/91/79; 
ttag +57 80/75/63/88/74; 
ttag +58 97/96/91/97/92; 
ttag +59 82/77/57/83/58; 
ttag +60 97/96/90/98/96; 
ttag +61 99/99/99/99/98; 
ttag +62 92/90/79/91/79; 
ttag +63 99/99/92/100/98; 
ttag +64 59/52/46/50/58; 
ttag +65 82/76/64/66/53; 
ttag +66 14/[18]/?/?/?; 
ttag +67 24/[32]/?/?/?; 
ttag +68 98/98/92/96/93; 
ttag +69 100/100/99/98/99; 
ttag +70 87/82/67/71/61; 
ttag +71 99/99/99/100/98; 
ttag +72 91/89/78/90/79; 
ttag +73 51/15/8/5/2; 
ttag +74 21/4/11/11/6; 
ttag +75 90/86/78/89/77; 
ttag +76 98/98/94/98/98; 
ttag +77 88/84/74/89/67; 
ttag +78 100/100/99/100/100; 
ttag +79 57/44/18/34/29; 
ttag +80 93/91/84/89/84; 
ttag +81 90/87/79/86/82; 
ttag +82 89/84/73/86/73; 
ttag +83 30/[9]/?/?/?; 
ttag +84 63/59/41/56/48; 
ttag +85 100/100/97/100/99; 
ttag +86 98/98/94/96/97; 
ttag +87 36/16/22/28/24; 
ttag +88 97/97/96/97/93; 
ttag +89 100/100/96/100/98; 
ttag +90 97/96/94/97/94; 
ttag +91 88/83/84/93/84; 
ttag +92 99/99/94/99/96; 
ttag +93 98/98/96/99/96; 
ttag +94 89/88/82/87/81; 
