tread
'Tree with tags' 
(0 (1 ((2 3 )(8 9 ((4 5 )(6 7 ))(10 (11 12 ))))((13 14 )((26 (27 (28 (29 30 ))))((39 (31 ((32 33 )(34 35 )(36 (37 38 )))))((40 41 )(42 43 ((44 45 )(46 47 )))))))(17 (15 16 )(18 (19 ((20 21 )(24 25 (22 23 )))))))); 
ttag *!; 
ttag +49 ???; 
ttag +50 7; 
ttag +51 8; 
ttag +52 3; 
ttag +53 8; 
ttag +54 5; 
ttag +55 4; 
ttag +56 6; 
ttag +57 8; 
ttag +58 9; 
ttag +59 2; 
ttag +60 10; 
ttag +61 4; 
ttag +62 6; 
ttag +63 2; 
ttag +64 9; 
ttag +65 4; 
ttag +66 8; 
ttag +67 3; 
ttag +68 2; 
ttag +69 4; 
ttag +70 3; 
ttag +71 2; 
ttag +72 9; 
ttag +73 4; 
ttag +74 2; 
ttag +75 8; 
ttag +76 7; 
ttag +77 2; 
ttag +78 9; 
ttag +79 14; 
ttag +80 10; 
ttag +81 2; 
ttag +82 2; 
ttag +83 6; 
ttag +84 8; 
ttag +85 7; 
ttag +86 3; 
tread
'Tree with tags' 
(0 ((1 ((2 3 )(9 (8 (((4 5 )(6 7 ))(10 (11 12 )))))))(((13 14 )((26 (27 (28 (29 30 ))))((39 (31 ((32 33 )((34 35 )(36 (37 38 ))))))((40 41 )(42 (43 ((44 45 )(46 47 ))))))))((15 16 )(17 (18 (19 ((20 21 )(24 (25 (22 23 ))))))))))); 
ttag *!; 
ttag +0 ////; 
ttag +1 ////; 
ttag +2 ////; 
ttag +3 ////; 
ttag +4 ////; 
ttag +5 ////; 
ttag +6 ////; 
ttag +7 ////; 
ttag +8 ////; 
ttag +9 ////; 
ttag +10 ////; 
ttag +11 ////; 
ttag +12 ////; 
ttag +13 ////; 
ttag +14 ////; 
ttag +15 ////; 
ttag +16 ////; 
ttag +17 ////; 
ttag +18 ////; 
ttag +19 ////; 
ttag +20 ////; 
ttag +21 ////; 
ttag +22 ////; 
ttag +23 ////; 
ttag +24 ////; 
ttag +25 ////; 
ttag +26 ////; 
ttag +27 ////; 
ttag +28 ////; 
ttag +29 ////; 
ttag +30 ////; 
ttag +31 ////; 
ttag +32 ////; 
ttag +33 ////; 
ttag +34 ////; 
ttag +35 ////; 
ttag +36 ////; 
ttag +37 ////; 
ttag +38 ////; 
ttag +39 ////; 
ttag +40 ////; 
ttag +41 ////; 
ttag +42 ////; 
ttag +43 ////; 
ttag +44 ////; 
ttag +45 ////; 
ttag +46 ////; 
ttag +47 ////; 
ttag +48 ////; 
ttag +49 29/[12]/?/?/?; 
ttag +50 100/100/100/100/100; 
ttag +51 99/98/98/100/98; 
ttag +52 96/95/94/98/94; 
ttag +53 88/86/78/89/72; 
ttag +54 98/97/95/99/95; 
ttag +55 44/5/10/?/?; 
ttag +56 43/4/9/?/?; 
ttag +57 86/83/73/86/68; 
ttag +58 93/90/86/92/92; 
ttag +59 95/94/87/97/86; 
ttag +60 100/100/98/99/98; 
ttag +61 100/100/100/100/100; 
ttag +62 56/41/38/54/34; 
ttag +63 42/12/21/?/7; 
ttag +64 100/100/100/100/100; 
ttag +65 82/79/61/85/66; 
ttag +66 40/0/?/?/?; 
ttag +67 97/97/84/96/88; 
ttag +68 85/82/66/79/70; 
ttag +69 99/99/100/100/99; 
ttag +70 90/89/75/93/78; 
ttag +71 100/100/98/100/99; 
ttag +72 19/[5]/?/?/?; 
ttag +73 94/90/73/86/73; 
ttag +74 78/70/59/76/63; 
ttag +75 88/86/82/86/81; 
ttag +76 83/80/78/83/78; 
ttag +77 74/68/56/74/56; 
ttag +78 100/100/99/100/99; 
ttag +79 76/70/66/70/62; 
ttag +80 48/37/29/46/37; 
ttag +81 99/99/99/100/98; 
ttag +82 99/99/99/99/98; 
ttag +83 70/51/46/44/39; 
ttag +84 100/100/100/100/99; 
ttag +85 23/[4]/6/?/?; 
ttag +86 100/100/100/100/100; 
ttag +87 99/99/98/100/100; 
ttag +88 78/76/55/72/61; 
ttag +89 67/58/54/62/58; 
ttag +90 97/96/92/94/94; 
ttag +91 31/[11]/?/?/?; 
ttag +92 100/100/98/100/99; 
ttag +93 98/97/98/99/93; 
ttag +94 98/98/96/97/94; 
