tread
'Tree with tags' 
(0 (1 ((2 3 )(((4 5 )(6 7 ))(8 9 )(10 (11 12 ))))(13 14 )((15 16 )(17 (18 (19 ((20 21 )(24 25 (22 23 )))))))((26 27 (28 (29 30 )))((31 (32 33 )(34 35 )(36 (37 38 )))(39 ((40 41 )(42 (43 ((44 45 )(46 47 )))))))))); 
ttag *!; 
ttag +49 ???; 
ttag +50 2; 
ttag +51 7; 
ttag +52 4; 
ttag +53 7; 
ttag +54 5; 
ttag +55 1; 
ttag +56 2; 
ttag +57 8; 
ttag +58 4; 
ttag +59 11; 
ttag +60 12; 
ttag +61 5; 
ttag +62 4; 
ttag +63 2; 
ttag +64 1; 
ttag +65 7; 
ttag +66 11; 
ttag +67 10; 
ttag +68 3; 
ttag +69 5; 
ttag +70 2; 
ttag +71 1; 
ttag +72 9; 
ttag +73 8; 
ttag +74 4; 
ttag +75 9; 
ttag +76 5; 
ttag +77 2; 
ttag +78 11; 
ttag +79 1; 
ttag +80 4; 
ttag +81 8; 
ttag +82 7; 
ttag +83 4; 
ttag +84 4; 
ttag +85 4; 
ttag +86 4; 
tread
'Tree with tags' 
(0 ((1 ((13 14 )((15 16 )(17 (18 (19 ((20 21 )((22 23 )(24 25 )))))))))(((2 3 )((((4 5 )(6 7 ))(10 (11 12 )))(8 9 )))((27 (26 (28 (29 30 ))))((31 ((32 33 )((34 35 )(36 (37 38 )))))(39 ((40 41 )(42 (43 ((44 45 )(46 47 ))))))))))); 
ttag *!; 
ttag +0 ////; 
ttag +1 ////; 
ttag +2 ////; 
ttag +3 ////; 
ttag +4 ////; 
ttag +5 ////; 
ttag +6 ////; 
ttag +7 ////; 
ttag +8 ////; 
ttag +9 ////; 
ttag +10 ////; 
ttag +11 ////; 
ttag +12 ////; 
ttag +13 ////; 
ttag +14 ////; 
ttag +15 ////; 
ttag +16 ////; 
ttag +17 ////; 
ttag +18 ////; 
ttag +19 ////; 
ttag +20 ////; 
ttag +21 ////; 
ttag +22 ////; 
ttag +23 ////; 
ttag +24 ////; 
ttag +25 ////; 
ttag +26 ////; 
ttag +27 ////; 
ttag +28 ////; 
ttag +29 ////; 
ttag +30 ////; 
ttag +31 ////; 
ttag +32 ////; 
ttag +33 ////; 
ttag +34 ////; 
ttag +35 ////; 
ttag +36 ////; 
ttag +37 ////; 
ttag +38 ////; 
ttag +39 ////; 
ttag +40 ////; 
ttag +41 ////; 
ttag +42 ////; 
ttag +43 ////; 
ttag +44 ////; 
ttag +45 ////; 
ttag +46 ////; 
ttag +47 ////; 
ttag +48 ////; 
ttag +49 14/[15]/?/?/?; 
ttag +50 100/100/100/100/100; 
ttag +51 73/66/60/71/64; 
ttag +52 99/99/97/100/97; 
ttag +53 27/[2]/5/12/1; 
ttag +54 96/96/90/93/93; 
ttag +55 98/98/95/99/96; 
ttag +56 28/1/1/?/?; 
ttag +57 95/94/83/95/88; 
ttag +58 65/48/43/54/48; 
ttag +59 69/60/58/59/47; 
ttag +60 100/100/99/100/100; 
ttag +61 96/95/92/97/92; 
ttag +62 100/100/100/100/100; 
ttag +63 40/10/12/18/8; 
ttag +64 100/100/100/100/100; 
ttag +65 95/94/81/88/81; 
ttag +66 94/92/84/94/85; 
ttag +67 78/71/58/78/59; 
ttag +68 53/33/20/35/25; 
ttag +69 100/100/100/100/100; 
ttag +70 98/97/92/98/94; 
ttag +71 100/100/98/100/99; 
ttag +72 90/89/86/92/82; 
ttag +73 43/9/2/?/8; 
ttag +74 10/[18]/?/?/?; 
ttag +75 98/98/94/98/97; 
ttag +76 37/18/22/26/21; 
ttag +77 61/52/42/40/48; 
ttag +78 100/100/99/100/100; 
ttag +79 98/98/100/98/96; 
ttag +80 78/74/52/75/60; 
ttag +81 100/100/100/99/100; 
ttag +82 34/4/10/3/5; 
ttag +83 98/98/94/98/97; 
ttag +84 10/[19]/?/?/?; 
ttag +85 83/76/73/77/66; 
ttag +86 100/100/100/100/100; 
ttag +87 39/10/?/14/?; 
ttag +88 91/88/86/92/83; 
ttag +89 94/90/75/90/80; 
ttag +90 96/94/85/94/88; 
ttag +91 89/86/66/87/74; 
ttag +92 98/98/93/97/96; 
ttag +93 98/98/94/97/93; 
ttag +94 84/80/71/88/70; 
