tread
'Tree with tags' 
(0 (1 ((2 3 )(10 ((4 5 )(6 7 ))(8 9 (11 12 ))))(13 14 )((15 16 )(17 (18 (19 ((20 21 )((22 23 )(24 25 )))))))((26 27 (28 (29 30 )))(39 (31 ((32 33 )((34 35 )(36 (37 38 )))))((40 41 )(42 (43 ((44 45 )(46 47 ))))))))); 
ttag *!; 
ttag +49 ???; 
ttag +50 8; 
ttag +51 3; 
ttag +52 5; 
ttag +53 4; 
ttag +54 3; 
ttag +55 3; 
ttag +56 2; 
ttag +57 5; 
ttag +58 7; 
ttag +59 12; 
ttag +60 4; 
ttag +61 2; 
ttag +62 1; 
ttag +63 7; 
ttag +64 6; 
ttag +65 7; 
ttag +66 9; 
ttag +67 6; 
ttag +68 1; 
ttag +69 1; 
ttag +70 2; 
ttag +71 6; 
ttag +72 10; 
ttag +73 3; 
ttag +74 5; 
ttag +75 9; 
ttag +76 5; 
ttag +77 3; 
ttag +78 3; 
ttag +79 11; 
ttag +80 3; 
ttag +81 3; 
ttag +82 3; 
ttag +83 6; 
ttag +84 1; 
ttag +85 7; 
ttag +86 6; 
ttag +87 3; 
tread
'Tree with tags' 
(0 ((1 ((15 16 )(17 (18 (19 ((20 21 )((22 23 )(24 25 ))))))))((((2 3 )(10 (((4 5 )(6 7 ))(8 (9 (11 12 ))))))(13 14 ))((27 (26 (28 (29 30 ))))(39 ((31 ((32 33 )((34 35 )(36 (37 38 )))))((40 41 )(42 (43 ((44 45 )(46 47 ))))))))))); 
ttag *!; 
ttag +0 ////; 
ttag +1 ////; 
ttag +2 ////; 
ttag +3 ////; 
ttag +4 ////; 
ttag +5 ////; 
ttag +6 ////; 
ttag +7 ////; 
ttag +8 ////; 
ttag +9 ////; 
ttag +10 ////; 
ttag +11 ////; 
ttag +12 ////; 
ttag +13 ////; 
ttag +14 ////; 
ttag +15 ////; 
ttag +16 ////; 
ttag +17 ////; 
ttag +18 ////; 
ttag +19 ////; 
ttag +20 ////; 
ttag +21 ////; 
ttag +22 ////; 
ttag +23 ////; 
ttag +24 ////; 
ttag +25 ////; 
ttag +26 ////; 
ttag +27 ////; 
ttag +28 ////; 
ttag +29 ////; 
ttag +30 ////; 
ttag +31 ////; 
ttag +32 ////; 
ttag +33 ////; 
ttag +34 ////; 
ttag +35 ////; 
ttag +36 ////; 
ttag +37 ////; 
ttag +38 ////; 
ttag +39 ////; 
ttag +40 ////; 
ttag +41 ////; 
ttag +42 ////; 
ttag +43 ////; 
ttag +44 ////; 
ttag +45 ////; 
ttag +46 ////; 
ttag +47 ////; 
ttag +48 ////; 
ttag +49 44/32/19/34/30; 
ttag +50 100/100/100/100/100; 
ttag +51 100/100/98/99/97; 
ttag +52 95/94/86/95/90; 
ttag +53 9/[44]/?/?/?; 
ttag +54 22/[4]/?/?/?; 
ttag +55 97/96/97/98/94; 
ttag +56 92/92/88/94/85; 
ttag +57 35/0/?/?/?; 
ttag +58 86/82/77/90/81; 
ttag +59 92/90/79/88/72; 
ttag +60 68/54/49/64/50; 
ttag +61 21/0/2/5/?; 
ttag +62 100/100/99/100/99; 
ttag +63 99/99/99/100/98; 
ttag +64 100/100/100/100/100; 
ttag +65 94/92/82/94/83; 
ttag +66 81/74/60/74/63; 
ttag +67 70/56/55/58/52; 
ttag +68 98/98/96/100/96; 
ttag +69 98/98/96/99/97; 
ttag +70 100/100/98/99/98; 
ttag +71 100/100/99/100/99; 
ttag +72 100/100/94/99/97; 
ttag +73 60/42/39/38/41; 
ttag +74 58/34/50/32/41; 
ttag +75 78/70/54/59/54; 
ttag +76 80/74/71/82/76; 
ttag +77 99/98/98/100/98; 
ttag +78 100/100/100/100/100; 
ttag +79 85/83/70/78/67; 
ttag +80 32/11/?/4/?; 
ttag +81 96/94/92/96/90; 
ttag +82 99/99/99/100/99; 
ttag +83 92/90/84/93/86; 
ttag +84 88/86/72/86/77; 
ttag +85 81/76/52/74/56; 
ttag +86 100/100/100/100/100; 
ttag +87 87/82/79/87/78; 
ttag +88 84/80/60/84/69; 
ttag +89 95/94/88/96/90; 
ttag +90 96/96/89/98/89; 
ttag +91 54/40/38/48/46; 
ttag +92 99/99/99/99/100; 
ttag +93 95/94/85/97/88; 
ttag +94 72/60/61/78/58; 
