tread
'Tree with tags' 
(0 (1 (((((2 3 )(((4 5 )(6 7 ))((8 9 )(10 (11 12 )))))((26 (27 (28 (29 30 ))))((39 (31 ((32 33 )((34 35 )(36 (37 38 ))))))((40 41 )(42 (43 ((44 45 )(46 47 ))))))))((15 16 )(17 (18 (19 ((20 21 )((22 23 )(24 25 ))))))))(13 14 )))); 
ttag *!; 
ttag +49 ???; 
ttag +50 9; 
ttag +51 7; 
ttag +52 1; 
ttag +53 2; 
ttag +54 1; 
ttag +55 4; 
ttag +56 9; 
ttag +57 6; 
ttag +58 3; 
ttag +59 1; 
ttag +60 6; 
ttag +61 4; 
ttag +62 6; 
ttag +63 11; 
ttag +64 8; 
ttag +65 5; 
ttag +66 3; 
ttag +67 5; 
ttag +68 2; 
ttag +69 7; 
ttag +70 5; 
ttag +71 8; 
ttag +72 2; 
ttag +73 3; 
ttag +74 5; 
ttag +75 2; 
ttag +76 2; 
ttag +77 7; 
ttag +78 13; 
ttag +79 6; 
ttag +80 1; 
ttag +81 9; 
ttag +82 6; 
ttag +83 7; 
ttag +84 5; 
ttag +85 2; 
ttag +86 7; 
ttag +87 8; 
ttag +88 2; 
ttag +89 6; 
ttag +90 10; 
ttag +91 5; 
ttag +92 6; 
ttag +93 3; 
ttag +94 5; 
tread
'Tree with tags' 
(0 (1 (((((2 3 )(((4 5 )(6 7 ))((8 9 )(10 (11 12 )))))((26 (27 (28 (29 30 ))))((39 (31 ((32 33 )((34 35 )(36 (37 38 ))))))((40 41 )(42 (43 ((44 45 )(46 47 ))))))))((15 16 )(17 (18 (19 ((20 21 )((22 23 )(24 25 ))))))))(13 14 )))); 
ttag *!; 
ttag +0 ////; 
ttag +1 ////; 
ttag +2 ////; 
ttag +3 ////; 
ttag +4 ////; 
ttag +5 ////; 
ttag +6 ////; 
ttag +7 ////; 
ttag +8 ////; 
ttag +9 ////; 
ttag +10 ////; 
ttag +11 ////; 
ttag +12 ////; 
ttag +13 ////; 
ttag +14 ////; 
ttag +15 ////; 
ttag +16 ////; 
ttag +17 ////; 
ttag +18 ////; 
ttag +19 ////; 
ttag +20 ////; 
ttag +21 ////; 
ttag +22 ////; 
ttag +23 ////; 
ttag +24 ////; 
ttag +25 ////; 
ttag +26 ////; 
ttag +27 ////; 
ttag +28 ////; 
ttag +29 ////; 
ttag +30 ////; 
ttag +31 ////; 
ttag +32 ////; 
ttag +33 ////; 
ttag +34 ////; 
ttag +35 ////; 
ttag +36 ////; 
ttag +37 ////; 
ttag +38 ////; 
ttag +39 ////; 
ttag +40 ////; 
ttag +41 ////; 
ttag +42 ////; 
ttag +43 ////; 
ttag +44 ////; 
ttag +45 ////; 
ttag +46 ////; 
ttag +47 ////; 
ttag +48 ////; 
ttag +49 100/100/100/100/100; 
ttag +50 100/100/99/100/98; 
ttag +51 96/96/95/99/92; 
ttag +52 30/16/9/16/3; 
ttag +53 50/39/28/38/29; 
ttag +54 33/20/6/24/14; 
ttag +55 88/81/78/84/69; 
ttag +56 100/100/98/99/96; 
ttag +57 93/90/84/96/83; 
ttag +58 81/72/61/76/73; 
ttag +59 66/54/42/46/33; 
ttag +60 98/97/97/98/93; 
ttag +61 92/89/90/92/85; 
ttag +62 100/100/98/98/98; 
ttag +63 100/100/100/100/100; 
ttag +64 99/99/98/99/98; 
ttag +65 93/91/88/92/86; 
ttag +66 88/85/88/90/87; 
ttag +67 96/95/90/98/90; 
ttag +68 81/78/66/78/65; 
ttag +69 100/100/100/100/100; 
ttag +70 94/93/92/96/88; 
ttag +71 100/100/99/99/100; 
ttag +72 73/62/54/70/60; 
ttag +73 87/85/79/85/77; 
ttag +74 92/90/84/92/80; 
ttag +75 78/71/70/70/64; 
ttag +76 77/68/49/66/52; 
ttag +77 100/100/98/100/98; 
ttag +78 100/100/100/100/100; 
ttag +79 98/98/96/99/97; 
ttag +80 51/28/37/48/37; 
ttag +81 98/98/97/99/93; 
ttag +82 98/98/98/96/98; 
ttag +83 100/100/97/99/98; 
ttag +84 95/94/86/95/90; 
ttag +85 73/64/63/72/60; 
ttag +86 96/94/96/98/90; 
ttag +87 99/99/95/99/95; 
ttag +88 73/58/53/60/56; 
ttag +89 96/95/90/91/89; 
ttag +90 100/100/99/100/99; 
ttag +91 97/97/88/98/95; 
ttag +92 99/99/96/98/90; 
ttag +93 89/86/76/88/78; 
ttag +94 97/97/93/98/96; 
