tread
'Tree with tags' 
(0 ((1 (((2 3 )((8 9 )(10 (11 12 ))))((4 5 )(6 7 ))))((13 14 )(((15 16 )(17 (18 (19 ((20 21 )((22 23 )(24 25 )))))))((26 (27 (28 (29 30 ))))((39 (31 ((32 33 )((34 35 )(36 (37 38 ))))))((40 41 )(42 (43 ((44 45 )(46 47 ))))))))))); 
ttag *!; 
ttag +49 1; 
ttag +50 ???; 
ttag +51 8; 
ttag +52 1; 
ttag +53 8; 
ttag +54 3; 
ttag +55 4; 
ttag +56 2; 
ttag +57 2; 
ttag +58 6; 
ttag +59 5; 
ttag +60 8; 
ttag +61 7; 
ttag +62 1; 
ttag +63 5; 
ttag +64 1; 
ttag +65 1; 
ttag +66 2; 
ttag +67 2; 
ttag +68 1; 
ttag +69 10; 
ttag +70 5; 
ttag +71 10; 
ttag +72 4; 
ttag +73 2; 
ttag +74 3; 
ttag +75 4; 
ttag +76 1; 
ttag +77 5; 
ttag +78 7; 
ttag +79 8; 
ttag +80 1; 
ttag +81 4; 
ttag +82 8; 
ttag +83 3; 
ttag +84 4; 
ttag +85 2; 
ttag +86 8; 
ttag +87 12; 
ttag +88 1; 
ttag +89 4; 
ttag +90 6; 
ttag +91 2; 
ttag +92 11; 
ttag +93 11; 
ttag +94 6; 
tread
'Tree with tags' 
(0 ((1 (((2 3 )((8 9 )(10 (11 12 ))))((4 5 )(6 7 ))))((13 14 )(((15 16 )(17 (18 (19 ((20 21 )((22 23 )(24 25 )))))))((26 (27 (28 (29 30 ))))((39 (31 ((32 33 )((34 35 )(36 (37 38 ))))))((40 41 )(42 (43 ((44 45 )(46 47 ))))))))))); 
ttag *!; 
ttag +0 ////; 
ttag +1 ////; 
ttag +2 ////; 
ttag +3 ////; 
ttag +4 ////; 
ttag +5 ////; 
ttag +6 ////; 
ttag +7 ////; 
ttag +8 ////; 
ttag +9 ////; 
ttag +10 ////; 
ttag +11 ////; 
ttag +12 ////; 
ttag +13 ////; 
ttag +14 ////; 
ttag +15 ////; 
ttag +16 ////; 
ttag +17 ////; 
ttag +18 ////; 
ttag +19 ////; 
ttag +20 ////; 
ttag +21 ////; 
ttag +22 ////; 
ttag +23 ////; 
ttag +24 ////; 
ttag +25 ////; 
ttag +26 ////; 
ttag +27 ////; 
ttag +28 ////; 
ttag +29 ////; 
ttag +30 ////; 
ttag +31 ////; 
ttag +32 ////; 
ttag +33 ////; 
ttag +34 ////; 
ttag +35 ////; 
ttag +36 ////; 
ttag +37 ////; 
ttag +38 ////; 
ttag +39 ////; 
ttag +40 ////; 
ttag +41 ////; 
ttag +42 ////; 
ttag +43 ////; 
ttag +44 ////; 
ttag +45 ////; 
ttag +46 ////; 
ttag +47 ////; 
ttag +48 ////; 
ttag +49 52/41/22/36/10; 
ttag +50 100/100/100/100/100; 
ttag +51 99/99/98/99/98; 
ttag +52 44/28/24/31/32; 
ttag +53 100/100/97/99/96; 
ttag +54 73/66/56/74/57; 
ttag +55 78/72/70/80/67; 
ttag +56 65/54/50/67/51; 
ttag +57 66/56/48/52/40; 
ttag +58 90/87/78/88/76; 
ttag +59 97/96/91/95/89; 
ttag +60 99/99/98/100/98; 
ttag +61 99/99/96/99/98; 
ttag +62 58/43/39/44/36; 
ttag +63 98/98/97/98/96; 
ttag +64 72/59/49/56/53; 
ttag +65 44/32/16/27/14; 
ttag +66 62/50/26/43/30; 
ttag +67 65/53/28/44/36; 
ttag +68 60/48/46/49/42; 
ttag +69 100/100/100/100/100; 
ttag +70 98/97/88/97/87; 
ttag +71 100/100/100/100/100; 
ttag +72 92/90/83/89/75; 
ttag +73 68/46/34/58/40; 
ttag +74 94/92/82/94/87; 
ttag +75 90/88/76/84/77; 
ttag +76 68/57/40/65/40; 
ttag +77 94/93/90/96/91; 
ttag +78 99/99/98/100/100; 
ttag +79 99/99/98/99/98; 
ttag +80 47/34/23/30/24; 
ttag +81 96/94/93/96/90; 
ttag +82 100/100/100/100/99; 
ttag +83 90/89/83/87/78; 
ttag +84 94/92/92/95/89; 
ttag +85 80/73/70/77/64; 
ttag +86 99/99/98/100/99; 
ttag +87 100/100/100/100/100; 
ttag +88 62/45/35/46/48; 
ttag +89 97/95/88/98/93; 
ttag +90 97/97/94/97/96; 
ttag +91 86/83/78/81/80; 
ttag +92 100/100/100/100/100; 
ttag +93 100/100/100/100/100; 
ttag +94 98/98/92/96/92; 
