tread
'Tree with tags' 
(0 ((1 ((2 3 )(((4 5 )(6 7 ))((8 9 )(10 (11 12 ))))))((13 14 )((26 (27 (28 (29 30 ))))(39 ((31 ((32 33 )((34 35 )(36 (37 38 )))))((40 41 )(42 43 ((44 45 )(46 47 ))))))))(17 18 (15 16 )(19 ((20 21 )((22 23 )(24 25 ))))))); 
ttag *!; 
ttag +49 1; 
ttag +50 ???; 
ttag +51 6; 
ttag +52 3; 
ttag +53 6; 
ttag +54 5; 
ttag +55 2; 
ttag +56 1; 
ttag +57 2; 
ttag +58 3; 
ttag +59 6; 
ttag +60 5; 
ttag +61 8; 
ttag +62 1; 
ttag +63 10; 
ttag +64 4; 
ttag +65 3; 
ttag +66 1; 
ttag +67 4; 
ttag +68 6; 
ttag +69 9; 
ttag +70 3; 
ttag +71 8; 
ttag +72 1; 
ttag +73 4; 
ttag +74 6; 
ttag +75 10; 
ttag +76 2; 
ttag +77 1; 
ttag +78 4; 
ttag +79 4; 
ttag +80 12; 
ttag +81 2; 
ttag +82 1; 
ttag +83 9; 
ttag +84 4; 
ttag +85 3; 
ttag +86 9; 
ttag +87 3; 
ttag +88 6; 
ttag +89 3; 
ttag +90 3; 
tread
'Tree with tags' 
(0 ((1 ((2 3 )(((4 5 )(6 7 ))((8 9 )(10 (11 12 ))))))(((13 14 )((26 (27 (28 (29 30 ))))(39 ((31 ((32 33 )((34 35 )(36 (37 38 )))))((40 41 )(42 (43 ((44 45 )(46 47 )))))))))(17 (18 ((15 16 )(19 ((20 21 )((22 23 )(24 25 )))))))))); 
ttag *!; 
ttag +0 ////; 
ttag +1 ////; 
ttag +2 ////; 
ttag +3 ////; 
ttag +4 ////; 
ttag +5 ////; 
ttag +6 ////; 
ttag +7 ////; 
ttag +8 ////; 
ttag +9 ////; 
ttag +10 ////; 
ttag +11 ////; 
ttag +12 ////; 
ttag +13 ////; 
ttag +14 ////; 
ttag +15 ////; 
ttag +16 ////; 
ttag +17 ////; 
ttag +18 ////; 
ttag +19 ////; 
ttag +20 ////; 
ttag +21 ////; 
ttag +22 ////; 
ttag +23 ////; 
ttag +24 ////; 
ttag +25 ////; 
ttag +26 ////; 
ttag +27 ////; 
ttag +28 ////; 
ttag +29 ////; 
ttag +30 ////; 
ttag +31 ////; 
ttag +32 ////; 
ttag +33 ////; 
ttag +34 ////; 
ttag +35 ////; 
ttag +36 ////; 
ttag +37 ////; 
ttag +38 ////; 
ttag +39 ////; 
ttag +40 ////; 
ttag +41 ////; 
ttag +42 ////; 
ttag +43 ////; 
ttag +44 ////; 
ttag +45 ////; 
ttag +46 ////; 
ttag +47 ////; 
ttag +48 ////; 
ttag +49 28/14/7/11/14; 
ttag +50 100/100/100/100/100; 
ttag +51 97/97/97/97/95; 
ttag +52 77/70/59/75/58; 
ttag +53 95/93/90/98/95; 
ttag +54 91/88/80/91/84; 
ttag +55 88/83/81/85/72; 
ttag +56 49/19/19/32/14; 
ttag +57 64/52/50/63/41; 
ttag +58 84/79/67/83/68; 
ttag +59 98/96/97/98/95; 
ttag +60 99/99/99/99/98; 
ttag +61 100/100/100/100/99; 
ttag +62 22/[20]/?/?/?; 
ttag +63 17/0/0/?/?; 
ttag +64 100/100/100/100/99; 
ttag +65 11/[38]/?/?/?; 
ttag +66 14/[34]/?/?/?; 
ttag +67 84/80/74/80/67; 
ttag +68 80/74/65/78/63; 
ttag +69 77/77/79/74/76; 
ttag +70 84/76/68/81/67; 
ttag +71 98/98/96/97/94; 
ttag +72 99/99/94/100/96; 
ttag +73 93/93/87/94/86; 
ttag +74 99/99/99/100/99; 
ttag +75 41/[1]/?/?/2; 
ttag +76 94/92/89/92/84; 
ttag +77 100/100/95/98/96; 
ttag +78 100/100/100/99/99; 
ttag +79 80/72/47/57/55; 
ttag +80 46/23/13/17/24; 
ttag +81 95/94/87/94/93; 
ttag +82 90/86/84/92/84; 
ttag +83 100/100/98/100/100; 
ttag +84 80/75/54/70/64; 
ttag +85 57/48/40/47/46; 
ttag +86 99/99/98/100/98; 
ttag +87 96/95/93/96/91; 
ttag +88 94/94/89/92/88; 
ttag +89 100/100/100/100/100; 
ttag +90 84/78/75/84/66; 
ttag +91 32/[6]/?/?/?; 
ttag +92 97/96/98/98/98; 
ttag +93 84/79/71/72/73; 
ttag +94 80/77/73/81/67; 
