tread
'Tree with tags' 
(0 ((1 ((13 14 )(((15 16 )(17 (19 (18 ((20 21 )((22 23 )(24 25 )))))))((26 (27 (28 (29 30 ))))(39 ((31 (((32 33 )(34 35 ))(36 (37 38 ))))((40 41 )(43 (42 ((44 45 )(46 47 )))))))))))((2 3 )((6 (7 (4 5 )))((8 9 )(10 (11 12 ))))))); 
ttag *!; 
ttag +49 1; 
ttag +50 ???; 
ttag +51 6; 
ttag +52 5; 
ttag +53 7; 
ttag +54 1; 
ttag +55 6; 
ttag +56 3; 
ttag +57 3; 
ttag +58 6; 
ttag +59 6; 
ttag +60 10; 
ttag +61 7; 
ttag +62 1; 
ttag +63 10; 
ttag +64 7; 
ttag +65 1; 
ttag +66 3; 
ttag +67 1; 
ttag +68 8; 
ttag +69 4; 
ttag +70 10; 
ttag +71 9; 
ttag +72 9; 
ttag +73 5; 
ttag +74 8; 
ttag +75 6; 
ttag +76 4; 
ttag +77 4; 
ttag +78 5; 
ttag +79 7; 
ttag +80 1; 
ttag +81 6; 
ttag +82 7; 
ttag +83 3; 
ttag +84 5; 
ttag +85 7; 
ttag +86 2; 
ttag +87 7; 
ttag +88 6; 
ttag +89 6; 
ttag +90 3; 
ttag +91 4; 
ttag +92 7; 
ttag +93 3; 
ttag +94 1; 
tread
'Tree with tags' 
(0 ((1 ((13 14 )(((15 16 )(17 (19 (18 ((20 21 )((22 23 )(24 25 )))))))((26 (27 (28 (29 30 ))))(39 ((31 (((32 33 )(34 35 ))(36 (37 38 ))))((40 41 )(43 (42 ((44 45 )(46 47 )))))))))))((2 3 )((6 (7 (4 5 )))((8 9 )(10 (11 12 ))))))); 
ttag *!; 
ttag +0 ////; 
ttag +1 ////; 
ttag +2 ////; 
ttag +3 ////; 
ttag +4 ////; 
ttag +5 ////; 
ttag +6 ////; 
ttag +7 ////; 
ttag +8 ////; 
ttag +9 ////; 
ttag +10 ////; 
ttag +11 ////; 
ttag +12 ////; 
ttag +13 ////; 
ttag +14 ////; 
ttag +15 ////; 
ttag +16 ////; 
ttag +17 ////; 
ttag +18 ////; 
ttag +19 ////; 
ttag +20 ////; 
ttag +21 ////; 
ttag +22 ////; 
ttag +23 ////; 
ttag +24 ////; 
ttag +25 ////; 
ttag +26 ////; 
ttag +27 ////; 
ttag +28 ////; 
ttag +29 ////; 
ttag +30 ////; 
ttag +31 ////; 
ttag +32 ////; 
ttag +33 ////; 
ttag +34 ////; 
ttag +35 ////; 
ttag +36 ////; 
ttag +37 ////; 
ttag +38 ////; 
ttag +39 ////; 
ttag +40 ////; 
ttag +41 ////; 
ttag +42 ////; 
ttag +43 ////; 
ttag +44 ////; 
ttag +45 ////; 
ttag +46 ////; 
ttag +47 ////; 
ttag +48 ////; 
ttag +49 46/19/10/18/13; 
ttag +50 100/100/100/100/100; 
ttag +51 96/94/96/98/94; 
ttag +52 91/90/79/91/80; 
ttag +53 98/98/96/98/96; 
ttag +54 39/21/2/22/10; 
ttag +55 97/96/90/95/85; 
ttag +56 68/56/36/62/45; 
ttag +57 80/74/68/78/70; 
ttag +58 97/97/96/96/92; 
ttag +59 98/97/93/98/86; 
ttag +60 100/100/100/99/98; 
ttag +61 99/99/97/96/91; 
ttag +62 23/[3]/?/?/?; 
ttag +63 99/99/100/100/100; 
ttag +64 100/100/98/99/98; 
ttag +65 18/[9]/?/?/?; 
ttag +66 86/83/79/85/74; 
ttag +67 57/55/62/59/52; 
ttag +68 98/98/97/100/97; 
ttag +69 98/98/98/97/99; 
ttag +70 100/100/100/100/100; 
ttag +71 100/100/100/100/100; 
ttag +72 100/100/100/100/99; 
ttag +73 97/95/94/97/90; 
ttag +74 99/99/97/99/98; 
ttag +75 92/87/68/90/71; 
ttag +76 92/90/80/92/82; 
ttag +77 96/96/89/93/86; 
ttag +78 98/97/93/96/93; 
ttag +79 98/97/93/98/97; 
ttag +80 43/20/12/20/19; 
ttag +81 97/97/92/98/92; 
ttag +82 99/99/99/100/99; 
ttag +83 89/86/83/82/74; 
ttag +84 95/94/89/87/84; 
ttag +85 100/100/99/99/99; 
ttag +86 79/73/66/76/61; 
ttag +87 98/98/97/99/93; 
ttag +88 98/98/96/98/95; 
ttag +89 99/99/91/98/94; 
ttag +90 90/88/72/84/72; 
ttag +91 92/89/84/89/83; 
ttag +92 99/99/98/98/94; 
ttag +93 92/91/79/86/81; 
ttag +94 59/41/26/34/21; 
