tread
'Tree with tags' 
(0 (1 (((2 3 )((6 (7 (4 5 )))(8 (9 (10 (11 12 ))))))(((13 14 )((15 16 )((19 (17 18 ))((20 21 )((22 23 )(24 25 ))))))((26 (27 (28 (29 30 ))))(39 (31 ((32 33 )((34 35 )(36 (37 38 )))))((40 41 )((42 43 )((44 45 )(46 47 )))))))))); 
ttag *!; 
ttag +49 ???; 
ttag +50 6; 
ttag +51 6; 
ttag +52 1; 
ttag +53 6; 
ttag +54 1; 
ttag +55 10; 
ttag +56 5; 
ttag +57 1; 
ttag +58 1; 
ttag +59 1; 
ttag +60 8; 
ttag +61 8; 
ttag +62 2; 
ttag +63 1; 
ttag +64 11; 
ttag +65 9; 
ttag +66 1; 
ttag +67 1; 
ttag +68 1; 
ttag +69 12; 
ttag +70 2; 
ttag +71 8; 
ttag +72 5; 
ttag +73 1; 
ttag +74 6; 
ttag +75 2; 
ttag +76 2; 
ttag +77 5; 
ttag +78 8; 
ttag +79 1; 
ttag +80 5; 
ttag +81 5; 
ttag +82 6; 
ttag +83 5; 
ttag +84 2; 
ttag +85 9; 
ttag +86 11; 
ttag +87 3; 
ttag +88 3; 
ttag +89 2; 
ttag +90 7; 
ttag +91 8; 
ttag +92 1; 
ttag +93 3; 
tread
'Tree with tags' 
(0 (1 (((2 3 )((6 (7 (4 5 )))(8 (9 (10 (11 12 ))))))(((13 14 )((15 16 )((19 (17 18 ))((20 21 )((22 23 )(24 25 ))))))((26 (27 (28 (29 30 ))))((39 (31 ((32 33 )((34 35 )(36 (37 38 ))))))((40 41 )((42 43 )((44 45 )(46 47 )))))))))); 
ttag *!; 
ttag +0 ////; 
ttag +1 ////; 
ttag +2 ////; 
ttag +3 ////; 
ttag +4 ////; 
ttag +5 ////; 
ttag +6 ////; 
ttag +7 ////; 
ttag +8 ////; 
ttag +9 ////; 
ttag +10 ////; 
ttag +11 ////; 
ttag +12 ////; 
ttag +13 ////; 
ttag +14 ////; 
ttag +15 ////; 
ttag +16 ////; 
ttag +17 ////; 
ttag +18 ////; 
ttag +19 ////; 
ttag +20 ////; 
ttag +21 ////; 
ttag +22 ////; 
ttag +23 ////; 
ttag +24 ////; 
ttag +25 ////; 
ttag +26 ////; 
ttag +27 ////; 
ttag +28 ////; 
ttag +29 ////; 
ttag +30 ////; 
ttag +31 ////; 
ttag +32 ////; 
ttag +33 ////; 
ttag +34 ////; 
ttag +35 ////; 
ttag +36 ////; 
ttag +37 ////; 
ttag +38 ////; 
ttag +39 ////; 
ttag +40 ////; 
ttag +41 ////; 
ttag +42 ////; 
ttag +43 ////; 
ttag +44 ////; 
ttag +45 ////; 
ttag +46 ////; 
ttag +47 ////; 
ttag +48 ////; 
ttag +49 100/100/100/100/100; 
ttag +50 98/98/97/97/93; 
ttag +51 96/94/89/95/86; 
ttag +52 30/19/22/30/24; 
ttag +53 98/98/93/99/94; 
ttag +54 46/18/8/25/?; 
ttag +55 100/100/98/100/100; 
ttag +56 91/89/86/94/82; 
ttag +57 57/46/36/44/34; 
ttag +58 37/25/22/24/21; 
ttag +59 34/[2]/3/6/4; 
ttag +60 99/99/97/99/98; 
ttag +61 100/100/100/99/100; 
ttag +62 47/15/8/35/2; 
ttag +63 18/[11]/?/6/?; 
ttag +64 100/100/100/100/99; 
ttag +65 98/97/94/98/93; 
ttag +66 23/2/3/0/2; 
ttag +67 24/3/2/5/7; 
ttag +68 12/[8]/?/?/?; 
ttag +69 100/100/100/100/100; 
ttag +70 66/51/53/51/47; 
ttag +71 100/100/98/100/98; 
ttag +72 96/93/90/96/90; 
ttag +73 57/37/24/30/36; 
ttag +74 96/96/93/98/91; 
ttag +75 44/12/7/30/1; 
ttag +76 57/39/27/48/32; 
ttag +77 92/90/85/91/86; 
ttag +78 98/97/94/99/98; 
ttag +79 50/40/44/41/42; 
ttag +80 31/[9]/?/?/5; 
ttag +81 90/87/83/90/77; 
ttag +82 95/94/90/97/85; 
ttag +83 96/95/90/98/88; 
ttag +84 97/97/92/94/93; 
ttag +85 89/88/74/81/73; 
ttag +86 99/99/98/100/98; 
ttag +87 100/100/100/100/100; 
ttag +88 86/83/81/86/81; 
ttag +89 75/70/61/64/57; 
ttag +90 49/34/26/37/14; 
ttag +91 97/96/89/96/84; 
ttag +92 100/100/100/100/99; 
ttag +93 47/25/28/32/28; 
ttag +94 89/86/72/82/72; 
