tread
'Tree with tags' 
(0 ((1 (13 14 )((15 16 )(17 (18 (19 ((20 21 )(25 (24 (22 23 ))))))))((26 (27 (28 (29 30 ))))(31 ((32 33 )(34 35 ))(36 37 38 ))(39 (40 (41 (42 (43 ((44 45 )(46 47 )))))))))((2 3 )(((4 5 )(6 7 ))(8 (9 (10 (11 12 )))))))); 
ttag *!; 
ttag +49 1; 
ttag +50 ???; 
ttag +51 10; 
ttag +52 6; 
ttag +53 4; 
ttag +54 4; 
ttag +55 4; 
ttag +56 4; 
ttag +57 3; 
ttag +58 1; 
ttag +59 5; 
ttag +60 16; 
ttag +61 10; 
ttag +62 14; 
ttag +63 1; 
ttag +64 3; 
ttag +65 7; 
ttag +66 1; 
ttag +67 8; 
ttag +68 9; 
ttag +69 9; 
ttag +70 1; 
ttag +71 6; 
ttag +72 10; 
ttag +73 5; 
ttag +74 2; 
ttag +75 3; 
ttag +76 9; 
ttag +77 6; 
ttag +78 7; 
ttag +79 1; 
ttag +80 3; 
ttag +81 6; 
ttag +82 1; 
ttag +83 3; 
ttag +84 1; 
ttag +85 6; 
ttag +86 1; 
ttag +87 3; 
ttag +88 5; 
ttag +89 3; 
tread
'Tree with tags' 
(0 ((((1 ((26 (27 (28 (29 30 ))))(((31 ((32 33 )(34 35 )))(37 (36 38 )))(39 (40 (41 (42 (43 ((44 45 )(46 47 ))))))))))(13 14 ))((15 16 )(17 (18 (19 ((20 21 )(25 (24 (22 23 )))))))))((2 3 )(((4 5 )(6 7 ))(8 (9 (10 (11 12 )))))))); 
ttag *!; 
ttag +0 ////; 
ttag +1 ////; 
ttag +2 ////; 
ttag +3 ////; 
ttag +4 ////; 
ttag +5 ////; 
ttag +6 ////; 
ttag +7 ////; 
ttag +8 ////; 
ttag +9 ////; 
ttag +10 ////; 
ttag +11 ////; 
ttag +12 ////; 
ttag +13 ////; 
ttag +14 ////; 
ttag +15 ////; 
ttag +16 ////; 
ttag +17 ////; 
ttag +18 ////; 
ttag +19 ////; 
ttag +20 ////; 
ttag +21 ////; 
ttag +22 ////; 
ttag +23 ////; 
ttag +24 ////; 
ttag +25 ////; 
ttag +26 ////; 
ttag +27 ////; 
ttag +28 ////; 
ttag +29 ////; 
ttag +30 ////; 
ttag +31 ////; 
ttag +32 ////; 
ttag +33 ////; 
ttag +34 ////; 
ttag +35 ////; 
ttag +36 ////; 
ttag +37 ////; 
ttag +38 ////; 
ttag +39 ////; 
ttag +40 ////; 
ttag +41 ////; 
ttag +42 ////; 
ttag +43 ////; 
ttag +44 ////; 
ttag +45 ////; 
ttag +46 ////; 
ttag +47 ////; 
ttag +48 ////; 
ttag +49 12/[11]/?/?/?; 
ttag +50 9/[14]/?/?/?; 
ttag +51 42/26/26/28/30; 
ttag +52 100/100/100/100/100; 
ttag +53 100/100/100/100/100; 
ttag +54 94/91/83/92/82; 
ttag +55 98/98/98/99/98; 
ttag +56 93/92/85/96/84; 
ttag +57 94/90/79/92/81; 
ttag +58 94/93/82/95/92; 
ttag +59 83/76/58/73/64; 
ttag +60 48/41/24/43/27; 
ttag +61 94/92/85/94/84; 
ttag +62 100/100/100/100/100; 
ttag +63 100/100/100/100/100; 
ttag +64 100/100/100/100/100; 
ttag +65 72/58/48/62/45; 
ttag +66 91/88/78/87/78; 
ttag +67 99/99/97/99/96; 
ttag +68 47/26/14/18/26; 
ttag +69 100/100/100/100/100; 
ttag +70 99/99/97/99/98; 
ttag +71 100/100/100/100/99; 
ttag +72 41/23/9/20/15; 
ttag +73 97/97/96/97/94; 
ttag +74 99/99/94/98/98; 
ttag +75 95/94/82/96/82; 
ttag +76 66/59/56/63/54; 
ttag +77 83/80/70/80/70; 
ttag +78 100/100/99/100/98; 
ttag +79 32/[16]/?/?/1; 
ttag +80 99/99/98/98/96; 
ttag +81 43/20/24/17/13; 
ttag +82 99/99/100/100/99; 
ttag +83 68/60/56/58/57; 
ttag +84 95/95/92/93/93; 
ttag +85 45/7/?/?/?; 
ttag +86 100/100/98/99/99; 
ttag +87 50/40/32/43/35; 
ttag +88 76/70/66/72/69; 
ttag +89 38/10/?/13/?; 
ttag +90 98/98/91/98/93; 
ttag +91 45/26/21/7/9; 
ttag +92 91/90/78/85/74; 
ttag +93 96/95/93/98/93; 
ttag +94 84/78/74/82/72; 
