tread
'Tree with tags' 
(0 ((1 ((13 14 )((26 (27 (28 (29 30 ))))(39 (31 (((32 33 )(36 (37 38 )))(34 35 )))((40 41 )(42 (43 ((44 45 )(46 47 )))))))))(((2 3 )(6 7 (4 5 )((8 9 )(10 (11 12 )))))((15 16 )(17 (18 (19 ((20 21 )((22 23 )(24 25 )))))))))); 
ttag *!; 
ttag +49 1; 
ttag +50 ???; 
ttag +51 7; 
ttag +52 8; 
ttag +53 1; 
ttag +54 8; 
ttag +55 7; 
ttag +56 3; 
ttag +57 2; 
ttag +58 11; 
ttag +59 3; 
ttag +60 12; 
ttag +61 1; 
ttag +62 10; 
ttag +63 4; 
ttag +64 3; 
ttag +65 3; 
ttag +66 3; 
ttag +67 10; 
ttag +68 5; 
ttag +69 5; 
ttag +70 6; 
ttag +71 1; 
ttag +72 4; 
ttag +73 7; 
ttag +74 4; 
ttag +75 6; 
ttag +76 7; 
ttag +77 5; 
ttag +78 7; 
ttag +79 8; 
ttag +80 2; 
ttag +81 11; 
ttag +82 5; 
ttag +83 5; 
ttag +84 2; 
ttag +85 1; 
ttag +86 7; 
ttag +87 3; 
ttag +88 1; 
ttag +89 12; 
ttag +90 5; 
ttag +91 6; 
tread
'Tree with tags' 
(0 ((1 ((13 14 )((26 (27 (28 (29 30 ))))(39 ((31 (((32 33 )(36 (37 38 )))(34 35 )))((40 41 )(42 (43 ((44 45 )(46 47 ))))))))))(((2 3 )(((4 5 )((8 9 )(10 (11 12 ))))(6 7 )))((15 16 )(17 (18 (19 ((20 21 )((22 23 )(24 25 )))))))))); 
ttag *!; 
ttag +0 ////; 
ttag +1 ////; 
ttag +2 ////; 
ttag +3 ////; 
ttag +4 ////; 
ttag +5 ////; 
ttag +6 ////; 
ttag +7 ////; 
ttag +8 ////; 
ttag +9 ////; 
ttag +10 ////; 
ttag +11 ////; 
ttag +12 ////; 
ttag +13 ////; 
ttag +14 ////; 
ttag +15 ////; 
ttag +16 ////; 
ttag +17 ////; 
ttag +18 ////; 
ttag +19 ////; 
ttag +20 ////; 
ttag +21 ////; 
ttag +22 ////; 
ttag +23 ////; 
ttag +24 ////; 
ttag +25 ////; 
ttag +26 ////; 
ttag +27 ////; 
ttag +28 ////; 
ttag +29 ////; 
ttag +30 ////; 
ttag +31 ////; 
ttag +32 ////; 
ttag +33 ////; 
ttag +34 ////; 
ttag +35 ////; 
ttag +36 ////; 
ttag +37 ////; 
ttag +38 ////; 
ttag +39 ////; 
ttag +40 ////; 
ttag +41 ////; 
ttag +42 ////; 
ttag +43 ////; 
ttag +44 ////; 
ttag +45 ////; 
ttag +46 ////; 
ttag +47 ////; 
ttag +48 ////; 
ttag +49 38/31/15/32/24; 
ttag +50 100/100/100/100/100; 
ttag +51 100/100/98/100/99; 
ttag +52 99/98/97/100/94; 
ttag +53 41/34/20/36/22; 
ttag +54 100/100/99/99/98; 
ttag +55 9/[25]/?/?/?; 
ttag +56 96/95/91/99/92; 
ttag +57 17/[17]/?/?/?; 
ttag +58 89/85/82/86/77; 
ttag +59 65/53/37/53/44; 
ttag +60 100/100/98/100/99; 
ttag +61 82/73/63/72/67; 
ttag +62 100/100/100/100/100; 
ttag +63 43/30/27/34/26; 
ttag +64 100/100/100/100/100; 
ttag +65 84/77/68/84/60; 
ttag +66 86/82/71/85/76; 
ttag +67 68/55/38/71/47; 
ttag +68 80/72/62/81/62; 
ttag +69 100/100/100/100/100; 
ttag +70 87/83/82/94/79; 
ttag +71 99/99/90/98/94; 
ttag +72 96/95/96/98/96; 
ttag +73 53/32/30/30/30; 
ttag +74 92/91/80/92/77; 
ttag +75 99/98/94/98/96; 
ttag +76 92/91/81/93/83; 
ttag +77 99/98/93/98/96; 
ttag +78 99/99/95/99/98; 
ttag +79 94/93/86/95/86; 
ttag +80 13/[18]/?/?/?; 
ttag +81 97/96/95/96/97; 
ttag +82 100/100/99/100/100; 
ttag +83 75/71/58/76/58; 
ttag +84 100/100/100/100/99; 
ttag +85 98/98/96/97/94; 
ttag +86 96/95/92/97/90; 
ttag +87 70/54/52/49/44; 
ttag +88 52/24/32/28/36; 
ttag +89 99/99/96/97/94; 
ttag +90 86/80/75/88/78; 
ttag +91 40/18/27/18/6; 
ttag +92 100/100/100/100/100; 
ttag +93 96/95/90/97/93; 
ttag +94 98/98/96/100/98; 
