tread
'Tree with tags' 
(0 ((1 (((2 3 )(8 9 ((4 5 )(6 7 ))(10 (11 12 ))))(13 14 )))(((17 (15 16 ))((18 19 )((20 21 )((22 23 )(24 25 )))))((26 (27 (28 (29 30 ))))((31 ((32 33 )(34 35 )(36 (37 38 ))))(39 ((40 41 )(42 (43 ((44 45 )(46 47 ))))))))))); 
ttag *!; 
ttag +49 1; 
ttag +50 ???; 
ttag +51 6; 
ttag +52 10; 
ttag +53 1; 
ttag +54 5; 
ttag +55 4; 
ttag +56 3; 
ttag +57 3; 
ttag +58 3; 
ttag +59 4; 
ttag +60 10; 
ttag +61 10; 
ttag +62 1; 
ttag +63 7; 
ttag +64 1; 
ttag +65 1; 
ttag +66 5; 
ttag +67 9; 
ttag +68 3; 
ttag +69 10; 
ttag +70 5; 
ttag +71 5; 
ttag +72 5; 
ttag +73 4; 
ttag +74 1; 
ttag +75 6; 
ttag +76 14; 
ttag +77 7; 
ttag +78 1; 
ttag +79 4; 
ttag +80 3; 
ttag +81 5; 
ttag +82 5; 
ttag +83 4; 
ttag +84 1; 
ttag +85 4; 
ttag +86 9; 
ttag +87 4; 
ttag +88 5; 
ttag +89 8; 
ttag +90 1; 
ttag +91 3; 
tread
'Tree with tags' 
(0 ((1 (((2 3 )((9 (8 ((4 5 )(6 7 ))))(10 (11 12 ))))(13 14 )))(((17 (15 16 ))((18 19 )((20 21 )((22 23 )(24 25 )))))((26 (27 (28 (29 30 ))))((31 ((32 33 )((34 35 )(36 (37 38 )))))(39 ((40 41 )(42 (43 ((44 45 )(46 47 ))))))))))); 
ttag *!; 
ttag +0 ////; 
ttag +1 ////; 
ttag +2 ////; 
ttag +3 ////; 
ttag +4 ////; 
ttag +5 ////; 
ttag +6 ////; 
ttag +7 ////; 
ttag +8 ////; 
ttag +9 ////; 
ttag +10 ////; 
ttag +11 ////; 
ttag +12 ////; 
ttag +13 ////; 
ttag +14 ////; 
ttag +15 ////; 
ttag +16 ////; 
ttag +17 ////; 
ttag +18 ////; 
ttag +19 ////; 
ttag +20 ////; 
ttag +21 ////; 
ttag +22 ////; 
ttag +23 ////; 
ttag +24 ////; 
ttag +25 ////; 
ttag +26 ////; 
ttag +27 ////; 
ttag +28 ////; 
ttag +29 ////; 
ttag +30 ////; 
ttag +31 ////; 
ttag +32 ////; 
ttag +33 ////; 
ttag +34 ////; 
ttag +35 ////; 
ttag +36 ////; 
ttag +37 ////; 
ttag +38 ////; 
ttag +39 ////; 
ttag +40 ////; 
ttag +41 ////; 
ttag +42 ////; 
ttag +43 ////; 
ttag +44 ////; 
ttag +45 ////; 
ttag +46 ////; 
ttag +47 ////; 
ttag +48 ////; 
ttag +49 29/17/4/19/14; 
ttag +50 100/100/100/100/100; 
ttag +51 98/98/97/98/92; 
ttag +52 100/100/100/100/99; 
ttag +53 58/44/33/48/38; 
ttag +54 95/95/84/95/86; 
ttag +55 92/88/77/91/86; 
ttag +56 8/[18]/?/?/?; 
ttag +57 6/[20]/?/?/?; 
ttag +58 82/74/55/82/66; 
ttag +59 87/84/76/84/73; 
ttag +60 74/68/60/63/50; 
ttag +61 96/95/96/97/94; 
ttag +62 99/99/98/100/99; 
ttag +63 99/99/100/100/100; 
ttag +64 30/18/14/22/21; 
ttag +65 97/96/86/96/87; 
ttag +66 33/11/4/19/5; 
ttag +67 42/31/17/32/12; 
ttag +68 96/95/85/94/85; 
ttag +69 100/100/100/100/100; 
ttag +70 86/83/64/74/66; 
ttag +71 100/100/98/100/99; 
ttag +72 92/88/75/92/74; 
ttag +73 98/98/96/96/93; 
ttag +74 99/98/96/97/94; 
ttag +75 96/94/93/94/91; 
ttag +76 49/29/21/26/21; 
ttag +77 98/98/98/99/97; 
ttag +78 100/100/100/100/100; 
ttag +79 98/98/96/99/97; 
ttag +80 62/41/37/45/44; 
ttag +81 99/99/98/98/96; 
ttag +82 97/97/88/95/94; 
ttag +83 100/100/100/98/100; 
ttag +84 18/[5]/?/?/?; 
ttag +85 95/94/88/97/93; 
ttag +86 93/90/92/89/84; 
ttag +87 27/2/?/13/7; 
ttag +88 87/80/74/90/76; 
ttag +89 99/99/97/100/98; 
ttag +90 89/84/80/85/80; 
ttag +91 96/96/94/97/91; 
ttag +92 98/97/94/98/96; 
ttag +93 68/48/41/39/31; 
ttag +94 91/87/67/85/76; 
