tread
'Tree with tags' 
(0 (1 ((8 (2 3 )((4 5 )(6 7 ))(9 (10 (11 12 ))))(13 14 )(17 (15 16 )(18 19 ((20 21 )((22 23 )(24 25 )))))((26 (27 (28 (29 30 ))))(39 (31 ((32 33 )((34 35 )(36 (37 38 )))))(40 41 (42 43 ((44 45 )(46 47 ))))))))); 
ttag *!; 
ttag +49 ???; 
ttag +50 6; 
ttag +51 6; 
ttag +52 1; 
ttag +53 5; 
ttag +54 8; 
ttag +55 3; 
ttag +56 1; 
ttag +57 5; 
ttag +58 10; 
ttag +59 7; 
ttag +60 12; 
ttag +61 3; 
ttag +62 2; 
ttag +63 5; 
ttag +64 7; 
ttag +65 5; 
ttag +66 1; 
ttag +67 4; 
ttag +68 2; 
ttag +69 3; 
ttag +70 2; 
ttag +71 6; 
ttag +72 8; 
ttag +73 2; 
ttag +74 2; 
ttag +75 4; 
ttag +76 7; 
ttag +77 3; 
ttag +78 1; 
ttag +79 15; 
ttag +80 5; 
ttag +81 4; 
ttag +82 9; 
ttag +83 5; 
ttag +84 2; 
ttag +85 5; 
tread
'Tree with tags' 
(0 (1 ((((((2 3 )(8 ((4 5 )(6 7 ))))(9 (10 (11 12 ))))((26 (27 (28 (29 30 ))))((31 ((32 33 )((34 35 )(36 (37 38 )))))(39 (41 (40 (42 (43 ((44 45 )(46 47 ))))))))))((15 16 )(17 (19 (18 ((20 21 )((22 23 )(24 25 ))))))))(13 14 )))); 
ttag *!; 
ttag +0 ////; 
ttag +1 ////; 
ttag +2 ////; 
ttag +3 ////; 
ttag +4 ////; 
ttag +5 ////; 
ttag +6 ////; 
ttag +7 ////; 
ttag +8 ////; 
ttag +9 ////; 
ttag +10 ////; 
ttag +11 ////; 
ttag +12 ////; 
ttag +13 ////; 
ttag +14 ////; 
ttag +15 ////; 
ttag +16 ////; 
ttag +17 ////; 
ttag +18 ////; 
ttag +19 ////; 
ttag +20 ////; 
ttag +21 ////; 
ttag +22 ////; 
ttag +23 ////; 
ttag +24 ////; 
ttag +25 ////; 
ttag +26 ////; 
ttag +27 ////; 
ttag +28 ////; 
ttag +29 ////; 
ttag +30 ////; 
ttag +31 ////; 
ttag +32 ////; 
ttag +33 ////; 
ttag +34 ////; 
ttag +35 ////; 
ttag +36 ////; 
ttag +37 ////; 
ttag +38 ////; 
ttag +39 ////; 
ttag +40 ////; 
ttag +41 ////; 
ttag +42 ////; 
ttag +43 ////; 
ttag +44 ////; 
ttag +45 ////; 
ttag +46 ////; 
ttag +47 ////; 
ttag +48 ////; 
ttag +49 100/100/100/100/100; 
ttag +50 98/98/98/99/98; 
ttag +51 26/[8]/?/?/?; 
ttag +52 94/92/85/95/82; 
ttag +53 11/[22]/?/?/?; 
ttag +54 19/[10]/?/?/?; 
ttag +55 68/61/56/67/59; 
ttag +56 93/90/86/90/86; 
ttag +57 99/99/97/98/96; 
ttag +58 21/5/6/?/6; 
ttag +59 94/94/81/92/80; 
ttag +60 41/31/23/26/24; 
ttag +61 95/94/91/94/91; 
ttag +62 100/100/100/100/99; 
ttag +63 98/98/98/98/97; 
ttag +64 100/100/99/99/100; 
ttag +65 81/78/64/81/59; 
ttag +66 47/17/3/9/?; 
ttag +67 37/10/4/17/12; 
ttag +68 84/79/66/75/62; 
ttag +69 98/98/97/98/98; 
ttag +70 100/100/92/97/93; 
ttag +71 97/96/89/95/90; 
ttag +72 72/58/59/67/57; 
ttag +73 95/95/89/92/87; 
ttag +74 88/85/81/86/76; 
ttag +75 76/71/59/60/62; 
ttag +76 92/90/84/90/85; 
ttag +77 99/99/97/100/97; 
ttag +78 100/100/100/100/100; 
ttag +79 68/53/49/57/43; 
ttag +80 82/75/74/84/77; 
ttag +81 86/85/81/88/79; 
ttag +82 97/96/90/96/90; 
ttag +83 83/80/78/82/59; 
ttag +84 48/18/8/22/?; 
ttag +85 100/100/100/100/100; 
ttag +86 97/96/92/96/94; 
ttag +87 23/[3]/3/?/6; 
ttag +88 23/[2]/?/?/?; 
ttag +89 98/98/95/96/96; 
ttag +90 100/100/100/100/100; 
ttag +91 56/35/32/42/44; 
ttag +92 97/96/90/91/84; 
ttag +93 87/86/76/87/74; 
ttag +94 98/98/94/97/94; 
