tread
'Tree with tags' 
(0 (1 ((2 3 )(((4 5 )(6 7 ))(8 9 )(10 (11 12 ))))(13 14 )(17 18 (15 16 )(19 ((20 21 )(24 25 (22 23 )))))((26 (27 (28 (29 30 ))))((31 ((32 33 )((34 35 )(36 (37 38 )))))(39 ((40 41 )(42 43 ((44 45 )(46 47 ))))))))); 
ttag *!; 
ttag +49 ???; 
ttag +50 8; 
ttag +51 7; 
ttag +52 2; 
ttag +53 1; 
ttag +54 10; 
ttag +55 2; 
ttag +56 2; 
ttag +57 8; 
ttag +58 6; 
ttag +59 5; 
ttag +60 11; 
ttag +61 7; 
ttag +62 4; 
ttag +63 4; 
ttag +64 3; 
ttag +65 8; 
ttag +66 2; 
ttag +67 4; 
ttag +68 6; 
ttag +69 5; 
ttag +70 3; 
ttag +71 11; 
ttag +72 8; 
ttag +73 9; 
ttag +74 7; 
ttag +75 1; 
ttag +76 1; 
ttag +77 2; 
ttag +78 6; 
ttag +79 6; 
ttag +80 2; 
ttag +81 4; 
ttag +82 6; 
ttag +83 10; 
ttag +84 7; 
ttag +85 3; 
ttag +86 1; 
tread
'Tree with tags' 
(0 ((1 ((2 3 )((((4 5 )(6 7 ))(10 (11 12 )))(8 9 ))))(((13 14 )(17 ((15 16 )(18 (19 ((20 21 )(25 (24 (22 23 )))))))))((26 (27 (28 (29 30 ))))((31 ((32 33 )((34 35 )(36 (37 38 )))))(39 ((40 41 )((42 43 )((44 45 )(46 47 )))))))))); 
ttag *!; 
ttag +0 ////; 
ttag +1 ////; 
ttag +2 ////; 
ttag +3 ////; 
ttag +4 ////; 
ttag +5 ////; 
ttag +6 ////; 
ttag +7 ////; 
ttag +8 ////; 
ttag +9 ////; 
ttag +10 ////; 
ttag +11 ////; 
ttag +12 ////; 
ttag +13 ////; 
ttag +14 ////; 
ttag +15 ////; 
ttag +16 ////; 
ttag +17 ////; 
ttag +18 ////; 
ttag +19 ////; 
ttag +20 ////; 
ttag +21 ////; 
ttag +22 ////; 
ttag +23 ////; 
ttag +24 ////; 
ttag +25 ////; 
ttag +26 ////; 
ttag +27 ////; 
ttag +28 ////; 
ttag +29 ////; 
ttag +30 ////; 
ttag +31 ////; 
ttag +32 ////; 
ttag +33 ////; 
ttag +34 ////; 
ttag +35 ////; 
ttag +36 ////; 
ttag +37 ////; 
ttag +38 ////; 
ttag +39 ////; 
ttag +40 ////; 
ttag +41 ////; 
ttag +42 ////; 
ttag +43 ////; 
ttag +44 ////; 
ttag +45 ////; 
ttag +46 ////; 
ttag +47 ////; 
ttag +48 ////; 
ttag +49 11/[13]/?/?/?; 
ttag +50 100/100/100/100/100; 
ttag +51 100/100/99/100/98; 
ttag +52 94/90/82/96/83; 
ttag +53 58/39/30/39/25; 
ttag +54 74/59/58/57/63; 
ttag +55 26/5/?/?/3; 
ttag +56 100/100/97/100/98; 
ttag +57 60/41/34/41/26; 
ttag +58 77/72/56/71/57; 
ttag +59 99/99/96/99/99; 
ttag +60 99/99/100/99/99; 
ttag +61 98/98/93/95/97; 
ttag +62 33/8/?/?/?; 
ttag +63 14/[10]/?/?/?; 
ttag +64 100/100/100/100/100; 
ttag +65 27/4/?/?/?; 
ttag +66 97/96/92/99/94; 
ttag +67 66/45/35/37/28; 
ttag +68 93/92/86/91/87; 
ttag +69 97/97/91/94/83; 
ttag +70 88/86/76/88/79; 
ttag +71 98/98/95/98/91; 
ttag +72 28/[5]/?/3/?; 
ttag +73 72/57/47/60/37; 
ttag +74 93/90/84/95/83; 
ttag +75 94/90/79/94/83; 
ttag +76 94/90/84/95/85; 
ttag +77 84/79/78/84/75; 
ttag +78 100/100/100/100/100; 
ttag +79 100/100/98/99/98; 
ttag +80 100/100/99/99/100; 
ttag +81 100/100/100/100/100; 
ttag +82 59/37/25/32/31; 
ttag +83 54/36/26/38/37; 
ttag +84 85/81/80/82/78; 
ttag +85 97/96/91/95/94; 
ttag +86 98/97/96/99/94; 
ttag +87 93/92/88/82/90; 
ttag +88 97/96/98/96/96; 
ttag +89 99/99/97/98/99; 
ttag +90 24/[20]/?/?/?; 
ttag +91 99/99/99/100/99; 
ttag +92 99/99/98/99/98; 
ttag +93 93/91/86/86/84; 
ttag +94 60/39/37/42/37; 
