tread
'Tree with tags' 
(0 ((1 ((26 27 (28 (29 30 )))(39 (31 ((32 33 )((34 35 )(36 (37 38 )))))((40 41 )(42 (43 ((44 45 )(46 47 ))))))))(((2 3 )(10 (8 9 ((4 5 )(6 7 )))(11 12 )))(17 (15 16 )(18 (19 ((20 21 )((22 23 )(24 25 )))))))(13 14 ))); 
ttag *!; 
ttag +49 1; 
ttag +50 ???; 
ttag +51 11; 
ttag +52 7; 
ttag +53 3; 
ttag +54 6; 
ttag +55 6; 
ttag +56 2; 
ttag +57 2; 
ttag +58 2; 
ttag +59 12; 
ttag +60 4; 
ttag +61 15; 
ttag +62 3; 
ttag +63 5; 
ttag +64 2; 
ttag +65 9; 
ttag +66 6; 
ttag +67 9; 
ttag +68 8; 
ttag +69 1; 
ttag +70 7; 
ttag +71 7; 
ttag +72 5; 
ttag +73 19; 
ttag +74 3; 
ttag +75 3; 
ttag +76 8; 
ttag +77 6; 
ttag +78 1; 
ttag +79 1; 
ttag +80 9; 
ttag +81 9; 
ttag +82 4; 
ttag +83 7; 
ttag +84 9; 
ttag +85 1; 
ttag +86 9; 
ttag +87 7; 
ttag +88 2; 
tread
'Tree with tags' 
(0 ((1 ((26 (27 (28 (29 30 ))))(39 ((31 ((32 33 )((34 35 )(36 (37 38 )))))((40 41 )(42 (43 ((44 45 )(46 47 )))))))))((((2 3 )((10 (8 (9 ((4 5 )(6 7 )))))(11 12 )))(17 ((15 16 )(18 (19 ((20 21 )((22 23 )(24 25 ))))))))(13 14 )))); 
ttag *!; 
ttag +0 ////; 
ttag +1 ////; 
ttag +2 ////; 
ttag +3 ////; 
ttag +4 ////; 
ttag +5 ////; 
ttag +6 ////; 
ttag +7 ////; 
ttag +8 ////; 
ttag +9 ////; 
ttag +10 ////; 
ttag +11 ////; 
ttag +12 ////; 
ttag +13 ////; 
ttag +14 ////; 
ttag +15 ////; 
ttag +16 ////; 
ttag +17 ////; 
ttag +18 ////; 
ttag +19 ////; 
ttag +20 ////; 
ttag +21 ////; 
ttag +22 ////; 
ttag +23 ////; 
ttag +24 ////; 
ttag +25 ////; 
ttag +26 ////; 
ttag +27 ////; 
ttag +28 ////; 
ttag +29 ////; 
ttag +30 ////; 
ttag +31 ////; 
ttag +32 ////; 
ttag +33 ////; 
ttag +34 ////; 
ttag +35 ////; 
ttag +36 ////; 
ttag +37 ////; 
ttag +38 ////; 
ttag +39 ////; 
ttag +40 ////; 
ttag +41 ////; 
ttag +42 ////; 
ttag +43 ////; 
ttag +44 ////; 
ttag +45 ////; 
ttag +46 ////; 
ttag +47 ////; 
ttag +48 ////; 
ttag +49 34/6/?/13/?; 
ttag +50 100/100/100/100/100; 
ttag +51 100/100/100/100/99; 
ttag +52 86/82/79/86/76; 
ttag +53 41/23/10/27/9; 
ttag +54 8/[20]/?/?/?; 
ttag +55 95/93/88/96/92; 
ttag +56 94/93/82/94/84; 
ttag +57 40/8/2/?/?; 
ttag +58 47/40/26/43/24; 
ttag +59 26/4/?/?/?; 
ttag +60 62/57/44/65/44; 
ttag +61 67/59/51/58/48; 
ttag +62 100/100/100/100/100; 
ttag +63 96/95/90/92/90; 
ttag +64 100/100/100/100/100; 
ttag +65 44/12/8/?/?; 
ttag +66 90/87/81/89/81; 
ttag +67 90/83/78/90/81; 
ttag +68 88/82/74/82/80; 
ttag +69 100/100/100/100/100; 
ttag +70 90/84/80/91/86; 
ttag +71 100/100/100/100/100; 
ttag +72 98/98/95/99/98; 
ttag +73 54/31/38/42/30; 
ttag +74 100/100/100/100/99; 
ttag +75 98/98/94/98/96; 
ttag +76 39/2/4/16/10; 
ttag +77 98/98/95/98/96; 
ttag +78 100/100/100/100/100; 
ttag +79 74/68/58/76/66; 
ttag +80 43/21/26/10/5; 
ttag +81 73/60/54/62/53; 
ttag +82 100/100/100/100/99; 
ttag +83 98/98/95/97/98; 
ttag +84 54/35/26/37/21; 
ttag +85 46/28/23/23/9; 
ttag +86 99/99/98/98/97; 
ttag +87 99/99/99/100/100; 
ttag +88 98/97/93/96/90; 
ttag +89 96/95/95/96/97; 
ttag +90 100/100/99/100/100; 
ttag +91 54/47/39/50/50; 
ttag +92 100/100/98/100/100; 
ttag +93 98/98/97/98/96; 
ttag +94 76/64/60/75/62; 
