tread
'Tree with tags' 
(0 (1 (((2 3 )(((6 7 (4 5 ))(8 9 ))(10 (11 12 ))))((13 14 )((15 16 )(17 (18 (19 ((20 21 )((22 23 )(24 25 )))))))((26 (27 (28 (29 30 ))))((31 ((32 33 )(34 35 )(36 (37 38 ))))(39 ((40 41 )(42 (43 ((44 45 )(46 47 )))))))))))); 
ttag *!; 
ttag +49 ???; 
ttag +50 12; 
ttag +51 5; 
ttag +52 1; 
ttag +53 6; 
ttag +54 3; 
ttag +55 2; 
ttag +56 4; 
ttag +57 1; 
ttag +58 1; 
ttag +59 10; 
ttag +60 8; 
ttag +61 3; 
ttag +62 11; 
ttag +63 7; 
ttag +64 1; 
ttag +65 3; 
ttag +66 1; 
ttag +67 9; 
ttag +68 4; 
ttag +69 7; 
ttag +70 6; 
ttag +71 11; 
ttag +72 5; 
ttag +73 5; 
ttag +74 1; 
ttag +75 1; 
ttag +76 8; 
ttag +77 5; 
ttag +78 3; 
ttag +79 7; 
ttag +80 7; 
ttag +81 3; 
ttag +82 7; 
ttag +83 6; 
ttag +84 1; 
ttag +85 4; 
ttag +86 3; 
ttag +87 8; 
ttag +88 3; 
ttag +89 1; 
ttag +90 6; 
ttag +91 7; 
tread
'Tree with tags' 
(0 (1 (((2 3 )(((6 (7 (4 5 )))(8 9 ))(10 (11 12 ))))(((13 14 )((15 16 )(17 (18 (19 ((20 21 )((22 23 )(24 25 ))))))))((26 (27 (28 (29 30 ))))((31 ((32 33 )((34 35 )(36 (37 38 )))))(39 ((40 41 )(42 (43 ((44 45 )(46 47 )))))))))))); 
ttag *!; 
ttag +0 ////; 
ttag +1 ////; 
ttag +2 ////; 
ttag +3 ////; 
ttag +4 ////; 
ttag +5 ////; 
ttag +6 ////; 
ttag +7 ////; 
ttag +8 ////; 
ttag +9 ////; 
ttag +10 ////; 
ttag +11 ////; 
ttag +12 ////; 
ttag +13 ////; 
ttag +14 ////; 
ttag +15 ////; 
ttag +16 ////; 
ttag +17 ////; 
ttag +18 ////; 
ttag +19 ////; 
ttag +20 ////; 
ttag +21 ////; 
ttag +22 ////; 
ttag +23 ////; 
ttag +24 ////; 
ttag +25 ////; 
ttag +26 ////; 
ttag +27 ////; 
ttag +28 ////; 
ttag +29 ////; 
ttag +30 ////; 
ttag +31 ////; 
ttag +32 ////; 
ttag +33 ////; 
ttag +34 ////; 
ttag +35 ////; 
ttag +36 ////; 
ttag +37 ////; 
ttag +38 ////; 
ttag +39 ////; 
ttag +40 ////; 
ttag +41 ////; 
ttag +42 ////; 
ttag +43 ////; 
ttag +44 ////; 
ttag +45 ////; 
ttag +46 ////; 
ttag +47 ////; 
ttag +48 ////; 
ttag +49 100/100/100/100/100; 
ttag +50 100/100/100/100/100; 
ttag +51 97/97/95/98/96; 
ttag +52 61/58/48/47/46; 
ttag +53 95/93/94/96/94; 
ttag +54 33/[7]/?/3/?; 
ttag +55 90/88/87/92/88; 
ttag +56 66/50/46/68/44; 
ttag +57 95/94/90/96/88; 
ttag +58 62/55/55/52/57; 
ttag +59 64/58/44/42/42; 
ttag +60 100/100/100/100/100; 
ttag +61 100/100/100/100/99; 
ttag +62 20/[8]/?/?/?; 
ttag +63 61/52/37/56/47; 
ttag +64 100/100/100/100/100; 
ttag +65 96/95/95/98/95; 
ttag +66 55/40/42/51/40; 
ttag +67 72/59/45/72/54; 
ttag +68 60/48/39/43/44; 
ttag +69 100/100/100/100/100; 
ttag +70 92/91/75/88/82; 
ttag +71 98/98/93/98/94; 
ttag +72 95/94/92/96/93; 
ttag +73 100/100/100/100/100; 
ttag +74 98/98/94/98/94; 
ttag +75 97/96/95/97/95; 
ttag +76 37/24/12/19/19; 
ttag +77 57/32/40/42/37; 
ttag +78 99/99/96/100/98; 
ttag +79 81/72/65/72/62; 
ttag +80 77/73/56/75/54; 
ttag +81 100/100/98/100/98; 
ttag +82 97/96/92/96/94; 
ttag +83 90/89/81/86/80; 
ttag +84 15/[11]/?/?/?; 
ttag +85 99/99/92/98/95; 
ttag +86 100/100/96/99/97; 
ttag +87 43/29/26/34/25; 
ttag +88 94/93/87/89/83; 
ttag +89 70/60/53/64/51; 
ttag +90 99/98/97/99/96; 
ttag +91 85/81/62/85/71; 
ttag +92 44/30/26/33/30; 
ttag +93 97/96/91/97/84; 
ttag +94 98/98/98/100/98; 
