tread
'Tree with tags' 
(0 ((1 ((2 3 )((4 5 )(6 7 ))(8 9 (10 (11 12 )))))(13 14 )((15 16 )(17 (18 (19 ((20 21 )((22 23 )(24 25 )))))))(26 (27 (28 (29 30 ))))(39 (31 (32 33 )(34 35 )(36 (37 38 )))((40 41 )(42 43 ((44 45 )(46 47 ))))))); 
ttag *!; 
ttag +49 1; 
ttag +50 ???; 
ttag +51 9; 
ttag +52 10; 
ttag +53 4; 
ttag +54 5; 
ttag +55 2; 
ttag +56 6; 
ttag +57 4; 
ttag +58 5; 
ttag +59 10; 
ttag +60 6; 
ttag +61 7; 
ttag +62 2; 
ttag +63 8; 
ttag +64 2; 
ttag +65 7; 
ttag +66 8; 
ttag +67 6; 
ttag +68 9; 
ttag +69 3; 
ttag +70 7; 
ttag +71 5; 
ttag +72 2; 
ttag +73 14; 
ttag +74 2; 
ttag +75 5; 
ttag +76 5; 
ttag +77 3; 
ttag +78 9; 
ttag +79 10; 
ttag +80 2; 
ttag +81 4; 
ttag +82 6; 
ttag +83 9; 
ttag +84 6; 
ttag +85 7; 
tread
'Tree with tags' 
(0 ((1 (((2 3 )(9 (8 (10 (11 12 )))))((4 5 )(6 7 ))))((((13 14 )((31 ((32 33 )((34 35 )(36 (37 38 )))))(39 ((40 41 )((42 43 )((44 45 )(46 47 )))))))(26 (27 (28 (29 30 )))))((15 16 )(17 (18 (19 ((20 21 )((22 23 )(24 25 )))))))))); 
ttag *!; 
ttag +0 ////; 
ttag +1 ////; 
ttag +2 ////; 
ttag +3 ////; 
ttag +4 ////; 
ttag +5 ////; 
ttag +6 ////; 
ttag +7 ////; 
ttag +8 ////; 
ttag +9 ////; 
ttag +10 ////; 
ttag +11 ////; 
ttag +12 ////; 
ttag +13 ////; 
ttag +14 ////; 
ttag +15 ////; 
ttag +16 ////; 
ttag +17 ////; 
ttag +18 ////; 
ttag +19 ////; 
ttag +20 ////; 
ttag +21 ////; 
ttag +22 ////; 
ttag +23 ////; 
ttag +24 ////; 
ttag +25 ////; 
ttag +26 ////; 
ttag +27 ////; 
ttag +28 ////; 
ttag +29 ////; 
ttag +30 ////; 
ttag +31 ////; 
ttag +32 ////; 
ttag +33 ////; 
ttag +34 ////; 
ttag +35 ////; 
ttag +36 ////; 
ttag +37 ////; 
ttag +38 ////; 
ttag +39 ////; 
ttag +40 ////; 
ttag +41 ////; 
ttag +42 ////; 
ttag +43 ////; 
ttag +44 ////; 
ttag +45 ////; 
ttag +46 ////; 
ttag +47 ////; 
ttag +48 ////; 
ttag +49 68/62/49/56/41; 
ttag +50 100/100/100/100/100; 
ttag +51 100/100/99/99/98; 
ttag +52 40/26/26/22/29; 
ttag +53 100/100/98/99/100; 
ttag +54 98/98/98/98/97; 
ttag +55 90/87/76/96/83; 
ttag +56 81/72/60/72/63; 
ttag +57 35/2/2/5/1; 
ttag +58 98/98/88/97/88; 
ttag +59 96/94/94/94/90; 
ttag +60 98/97/94/98/92; 
ttag +61 100/100/100/100/99; 
ttag +62 35/10/14/3/8; 
ttag +63 11/[13]/?/?/?; 
ttag +64 24/3/7/4/4; 
ttag +65 99/98/96/99/97; 
ttag +66 98/98/96/99/94; 
ttag +67 92/89/81/83/82; 
ttag +68 100/100/98/100/98; 
ttag +69 82/75/68/77/65; 
ttag +70 99/99/98/100/99; 
ttag +71 99/99/94/98/92; 
ttag +72 99/99/96/99/95; 
ttag +73 99/98/98/100/99; 
ttag +74 95/95/89/94/94; 
ttag +75 100/100/98/100/99; 
ttag +76 96/95/84/94/90; 
ttag +77 96/95/84/91/90; 
ttag +78 100/100/100/100/100; 
ttag +79 84/81/79/88/74; 
ttag +80 96/95/96/99/97; 
ttag +81 93/91/89/95/87; 
ttag +82 61/36/35/34/18; 
ttag +83 94/92/85/92/85; 
ttag +84 49/20/8/25/6; 
ttag +85 100/100/99/100/98; 
ttag +86 100/100/99/100/98; 
ttag +87 46/35/20/25/26; 
ttag +88 83/77/64/73/69; 
ttag +89 96/95/86/93/83; 
ttag +90 40/[5]/?/?/?; 
ttag +91 99/98/98/99/97; 
ttag +92 100/100/100/100/100; 
ttag +93 99/99/95/98/97; 
ttag +94 100/100/98/100/99; 
