tread
'Tree with tags' 
(0 (1 ((2 3 )(((4 5 )(6 7 ))(8 (9 (10 (11 12 ))))))((13 14 )(15 16 )(17 (18 (19 ((20 21 )((22 23 )(24 25 ))))))((26 27 (28 (29 30 )))(39 (31 (((32 33 )(36 (37 38 )))(34 35 )))(40 41 (42 (43 (46 47 (44 45 )))))))))); 
ttag *!; 
ttag +49 ???; 
ttag +50 9; 
ttag +51 7; 
ttag +52 2; 
ttag +53 2; 
ttag +54 7; 
ttag +55 1; 
ttag +56 3; 
ttag +57 1; 
ttag +58 4; 
ttag +59 8; 
ttag +60 9; 
ttag +61 1; 
ttag +62 11; 
ttag +63 1; 
ttag +64 3; 
ttag +65 2; 
ttag +66 7; 
ttag +67 9; 
ttag +68 15; 
ttag +69 3; 
ttag +70 5; 
ttag +71 7; 
ttag +72 1; 
ttag +73 7; 
ttag +74 8; 
ttag +75 4; 
ttag +76 3; 
ttag +77 2; 
ttag +78 2; 
ttag +79 2; 
ttag +80 5; 
ttag +81 10; 
ttag +82 10; 
ttag +83 8; 
ttag +84 7; 
ttag +85 2; 
ttag +86 11; 
ttag +87 3; 
tread
'Tree with tags' 
(0 (1 (((2 3 )(((4 5 )(6 7 ))(8 (9 (10 (11 12 ))))))(((13 14 )((27 (26 (28 (29 30 ))))((39 (31 (((32 33 )(36 (37 38 )))(34 35 ))))(40 (41 (42 (43 ((44 45 )(46 47 )))))))))((15 16 )(17 (18 (19 ((20 21 )((22 23 )(24 25 ))))))))))); 
ttag *!; 
ttag +0 ////; 
ttag +1 ////; 
ttag +2 ////; 
ttag +3 ////; 
ttag +4 ////; 
ttag +5 ////; 
ttag +6 ////; 
ttag +7 ////; 
ttag +8 ////; 
ttag +9 ////; 
ttag +10 ////; 
ttag +11 ////; 
ttag +12 ////; 
ttag +13 ////; 
ttag +14 ////; 
ttag +15 ////; 
ttag +16 ////; 
ttag +17 ////; 
ttag +18 ////; 
ttag +19 ////; 
ttag +20 ////; 
ttag +21 ////; 
ttag +22 ////; 
ttag +23 ////; 
ttag +24 ////; 
ttag +25 ////; 
ttag +26 ////; 
ttag +27 ////; 
ttag +28 ////; 
ttag +29 ////; 
ttag +30 ////; 
ttag +31 ////; 
ttag +32 ////; 
ttag +33 ////; 
ttag +34 ////; 
ttag +35 ////; 
ttag +36 ////; 
ttag +37 ////; 
ttag +38 ////; 
ttag +39 ////; 
ttag +40 ////; 
ttag +41 ////; 
ttag +42 ////; 
ttag +43 ////; 
ttag +44 ////; 
ttag +45 ////; 
ttag +46 ////; 
ttag +47 ////; 
ttag +48 ////; 
ttag +49 100/100/100/100/100; 
ttag +50 100/100/100/100/99; 
ttag +51 93/91/86/94/83; 
ttag +52 28/24/17/14/28; 
ttag +53 74/60/44/68/49; 
ttag +54 88/86/78/84/80; 
ttag +55 98/98/91/99/95; 
ttag +56 46/28/29/36/27; 
ttag +57 86/81/72/86/78; 
ttag +58 42/28/24/27/22; 
ttag +59 88/82/67/89/84; 
ttag +60 100/100/99/98/96; 
ttag +61 100/100/100/100/100; 
ttag +62 14/[4]/?/?/?; 
ttag +63 69/58/40/60/39; 
ttag +64 100/100/98/100/98; 
ttag +65 68/48/48/40/39; 
ttag +66 72/58/50/58/56; 
ttag +67 86/84/69/87/67; 
ttag +68 71/69/60/69/57; 
ttag +69 99/99/98/99/99; 
ttag +70 99/99/98/99/98; 
ttag +71 100/100/100/100/100; 
ttag +72 87/81/70/84/72; 
ttag +73 95/94/88/98/88; 
ttag +74 48/19/?/8/0; 
ttag +75 100/100/99/99/98; 
ttag +76 72/60/59/72/48; 
ttag +77 99/99/95/99/97; 
ttag +78 99/99/99/100/99; 
ttag +79 90/87/78/89/84; 
ttag +80 10/[28]/?/?/?; 
ttag +81 93/90/84/91/83; 
ttag +82 87/81/70/84/74; 
ttag +83 75/63/52/68/56; 
ttag +84 68/56/42/59/52; 
ttag +85 99/99/98/98/98; 
ttag +86 98/97/95/98/94; 
ttag +87 99/99/98/99/98; 
ttag +88 98/97/94/97/96; 
ttag +89 22/[36]/?/?/?; 
ttag +90 98/98/96/98/97; 
ttag +91 91/88/75/86/76; 
ttag +92 100/100/100/100/99; 
ttag +93 78/69/60/72/52; 
ttag +94 33/10/17/20/15; 
