tread
'Tree with tags' 
(0 (1 ((2 3 )(((4 5 )(6 7 ))((8 9 )(10 (11 12 )))))(13 14 )((17 (15 16 ))(18 (19 ((20 21 )((22 23 )(24 25 ))))))((26 (27 (28 (29 30 ))))((31 (((32 33 )(36 (37 38 )))(34 35 )))(39 ((40 41 )(42 (43 ((44 45 )(46 47 )))))))))); 
ttag *!; 
ttag +49 ???; 
ttag +50 5; 
ttag +51 12; 
ttag +52 3; 
ttag +53 11; 
ttag +54 2; 
ttag +55 4; 
ttag +56 2; 
ttag +57 1; 
ttag +58 5; 
ttag +59 4; 
ttag +60 10; 
ttag +61 16; 
ttag +62 1; 
ttag +63 7; 
ttag +64 2; 
ttag +65 2; 
ttag +66 10; 
ttag +67 2; 
ttag +68 16; 
ttag +69 6; 
ttag +70 1; 
ttag +71 7; 
ttag +72 5; 
ttag +73 1; 
ttag +74 4; 
ttag +75 8; 
ttag +76 7; 
ttag +77 6; 
ttag +78 7; 
ttag +79 1; 
ttag +80 7; 
ttag +81 2; 
ttag +82 13; 
ttag +83 9; 
ttag +84 2; 
ttag +85 3; 
ttag +86 7; 
ttag +87 5; 
ttag +88 4; 
ttag +89 4; 
ttag +90 7; 
ttag +91 4; 
tread
'Tree with tags' 
(0 (((1 ((2 3 )(((4 5 )(6 7 ))((8 9 )(10 (11 12 ))))))(((17 (15 16 ))(18 (19 ((20 21 )((22 23 )(24 25 ))))))((26 (27 (28 (29 30 ))))((31 (((32 33 )(36 (37 38 )))(34 35 )))(39 ((40 41 )(42 (43 ((44 45 )(46 47 ))))))))))(13 14 ))); 
ttag *!; 
ttag +0 ////; 
ttag +1 ////; 
ttag +2 ////; 
ttag +3 ////; 
ttag +4 ////; 
ttag +5 ////; 
ttag +6 ////; 
ttag +7 ////; 
ttag +8 ////; 
ttag +9 ////; 
ttag +10 ////; 
ttag +11 ////; 
ttag +12 ////; 
ttag +13 ////; 
ttag +14 ////; 
ttag +15 ////; 
ttag +16 ////; 
ttag +17 ////; 
ttag +18 ////; 
ttag +19 ////; 
ttag +20 ////; 
ttag +21 ////; 
ttag +22 ////; 
ttag +23 ////; 
ttag +24 ////; 
ttag +25 ////; 
ttag +26 ////; 
ttag +27 ////; 
ttag +28 ////; 
ttag +29 ////; 
ttag +30 ////; 
ttag +31 ////; 
ttag +32 ////; 
ttag +33 ////; 
ttag +34 ////; 
ttag +35 ////; 
ttag +36 ////; 
ttag +37 ////; 
ttag +38 ////; 
ttag +39 ////; 
ttag +40 ////; 
ttag +41 ////; 
ttag +42 ////; 
ttag +43 ////; 
ttag +44 ////; 
ttag +45 ////; 
ttag +46 ////; 
ttag +47 ////; 
ttag +48 ////; 
ttag +49 18/[15]/?/?/?; 
ttag +50 11/[22]/?/?/?; 
ttag +51 100/100/100/100/100; 
ttag +52 94/92/92/95/90; 
ttag +53 100/100/100/100/98; 
ttag +54 82/79/72/78/73; 
ttag +55 100/100/100/100/100; 
ttag +56 66/49/42/53/49; 
ttag +57 91/86/84/92/84; 
ttag +58 80/71/59/65/65; 
ttag +59 53/42/39/48/43; 
ttag +60 95/93/94/98/92; 
ttag +61 96/94/93/94/94; 
ttag +62 100/100/98/100/100; 
ttag +63 100/100/100/100/100; 
ttag +64 58/37/23/29/26; 
ttag +65 96/95/90/97/86; 
ttag +66 40/9/22/12/9; 
ttag +67 84/80/78/83/74; 
ttag +68 81/74/66/74/62; 
ttag +69 100/100/100/100/100; 
ttag +70 65/58/53/65/42; 
ttag +71 100/100/100/100/100; 
ttag +72 98/98/89/98/90; 
ttag +73 57/43/39/44/41; 
ttag +74 99/99/96/99/96; 
ttag +75 90/88/79/90/78; 
ttag +76 62/53/33/52/42; 
ttag +77 80/72/58/76/63; 
ttag +78 99/99/98/100/98; 
ttag +79 99/99/98/99/97; 
ttag +80 96/96/92/96/91; 
ttag +81 99/99/99/99/99; 
ttag +82 44/20/31/36/34; 
ttag +83 100/100/100/100/100; 
ttag +84 68/63/54/72/58; 
ttag +85 100/100/100/100/100; 
ttag +86 100/100/99/100/100; 
ttag +87 70/63/53/74/57; 
ttag +88 81/74/61/79/64; 
ttag +89 99/99/96/98/95; 
ttag +90 96/96/89/94/88; 
ttag +91 86/83/70/85/67; 
ttag +92 93/92/85/89/82; 
ttag +93 99/99/98/100/94; 
ttag +94 92/89/82/94/83; 
