tread
'Tree with tags' 
(0 (1 ((2 3 )(8 9 ((4 5 )(6 7 ))(10 (11 12 ))))((13 14 )((15 16 )((17 18 )(19 ((20 21 )(24 25 (22 23 )))))))((26 (27 (28 (29 30 ))))(39 (31 ((32 33 )(34 35 )(36 (37 38 ))))((40 41 )(42 (43 (47 (46 (44 45 )))))))))); 
ttag *!; 
ttag +49 ???; 
ttag +50 10; 
ttag +51 6; 
ttag +52 4; 
ttag +53 4; 
ttag +54 4; 
ttag +55 2; 
ttag +56 3; 
ttag +57 4; 
ttag +58 7; 
ttag +59 2; 
ttag +60 5; 
ttag +61 4; 
ttag +62 1; 
ttag +63 4; 
ttag +64 1; 
ttag +65 9; 
ttag +66 8; 
ttag +67 14; 
ttag +68 6; 
ttag +69 7; 
ttag +70 4; 
ttag +71 6; 
ttag +72 6; 
ttag +73 6; 
ttag +74 11; 
ttag +75 4; 
ttag +76 4; 
ttag +77 5; 
ttag +78 2; 
ttag +79 9; 
ttag +80 16; 
ttag +81 1; 
ttag +82 6; 
ttag +83 9; 
ttag +84 2; 
ttag +85 10; 
ttag +86 1; 
ttag +87 7; 
tread
'Tree with tags' 
(0 ((1 ((26 (27 (28 (29 30 ))))((31 ((32 33 )((34 35 )(36 (37 38 )))))(39 ((40 41 )(42 (43 (47 (46 (44 45 ))))))))))(((2 3 )(((4 5 )(6 7 ))(8 (9 (10 (11 12 ))))))((13 14 )((15 16 )((17 18 )(19 ((20 21 )(24 (25 (22 23 ))))))))))); 
ttag *!; 
ttag +0 ////; 
ttag +1 ////; 
ttag +2 ////; 
ttag +3 ////; 
ttag +4 ////; 
ttag +5 ////; 
ttag +6 ////; 
ttag +7 ////; 
ttag +8 ////; 
ttag +9 ////; 
ttag +10 ////; 
ttag +11 ////; 
ttag +12 ////; 
ttag +13 ////; 
ttag +14 ////; 
ttag +15 ////; 
ttag +16 ////; 
ttag +17 ////; 
ttag +18 ////; 
ttag +19 ////; 
ttag +20 ////; 
ttag +21 ////; 
ttag +22 ////; 
ttag +23 ////; 
ttag +24 ////; 
ttag +25 ////; 
ttag +26 ////; 
ttag +27 ////; 
ttag +28 ////; 
ttag +29 ////; 
ttag +30 ////; 
ttag +31 ////; 
ttag +32 ////; 
ttag +33 ////; 
ttag +34 ////; 
ttag +35 ////; 
ttag +36 ////; 
ttag +37 ////; 
ttag +38 ////; 
ttag +39 ////; 
ttag +40 ////; 
ttag +41 ////; 
ttag +42 ////; 
ttag +43 ////; 
ttag +44 ////; 
ttag +45 ////; 
ttag +46 ////; 
ttag +47 ////; 
ttag +48 ////; 
ttag +49 15/[14]/?/?/?; 
ttag +50 100/100/100/100/100; 
ttag +51 100/100/99/100/98; 
ttag +52 98/97/94/98/90; 
ttag +53 16/[13]/?/?/?; 
ttag +54 99/99/97/99/99; 
ttag +55 96/96/94/98/93; 
ttag +56 96/95/93/96/90; 
ttag +57 77/65/53/76/61; 
ttag +58 53/29/25/32/19; 
ttag +59 21/[42]/?/?/?; 
ttag +60 87/81/67/85/72; 
ttag +61 97/96/88/97/92; 
ttag +62 100/100/98/99/96; 
ttag +63 65/61/52/63/45; 
ttag +64 98/98/90/97/94; 
ttag +65 92/91/81/95/85; 
ttag +66 53/32/27/32/24; 
ttag +67 84/81/74/84/80; 
ttag +68 52/40/33/43/32; 
ttag +69 100/100/100/100/100; 
ttag +70 99/99/95/99/97; 
ttag +71 100/100/100/100/100; 
ttag +72 37/[1]/?/?/2; 
ttag +73 97/96/94/96/95; 
ttag +74 100/100/100/100/99; 
ttag +75 94/92/86/94/83; 
ttag +76 100/100/100/99/99; 
ttag +77 100/100/96/100/96; 
ttag +78 100/100/99/99/97; 
ttag +79 99/99/99/100/98; 
ttag +80 94/93/87/96/87; 
ttag +81 99/99/97/98/98; 
ttag +82 99/98/99/99/98; 
ttag +83 82/80/67/81/70; 
ttag +84 38/12/2/?/?; 
ttag +85 100/100/100/99/98; 
ttag +86 100/100/100/100/100; 
ttag +87 24/[20]/?/?/?; 
ttag +88 74/62/56/60/53; 
ttag +89 96/96/90/99/88; 
ttag +90 100/100/99/100/98; 
ttag +91 59/46/36/58/40; 
ttag +92 99/99/100/100/100; 
ttag +93 60/44/31/46/38; 
ttag +94 98/98/98/98/93; 
