tread
'Tree with tags' 
(0 ((1 (((2 3 )(8 (9 (10 (11 12 )))))((4 5 )(6 7 ))))((13 14 )(((15 16 )(17 (18 (19 ((20 21 )((22 23 )(24 25 )))))))((26 (27 (28 (29 30 ))))(39 (31 (((32 33 )(34 35 ))(36 (37 38 ))))(40 (41 (42 (43 ((44 45 )(46 47 )))))))))))); 
ttag *!; 
ttag +49 1; 
ttag +50 ???; 
ttag +51 7; 
ttag +52 3; 
ttag +53 8; 
ttag +54 7; 
ttag +55 5; 
ttag +56 3; 
ttag +57 2; 
ttag +58 1; 
ttag +59 7; 
ttag +60 6; 
ttag +61 9; 
ttag +62 4; 
ttag +63 12; 
ttag +64 6; 
ttag +65 3; 
ttag +66 3; 
ttag +67 8; 
ttag +68 3; 
ttag +69 11; 
ttag +70 9; 
ttag +71 11; 
ttag +72 5; 
ttag +73 7; 
ttag +74 7; 
ttag +75 7; 
ttag +76 2; 
ttag +77 8; 
ttag +78 5; 
ttag +79 8; 
ttag +80 12; 
ttag +81 5; 
ttag +82 1; 
ttag +83 4; 
ttag +84 3; 
ttag +85 3; 
ttag +86 5; 
ttag +87 6; 
ttag +88 1; 
ttag +89 7; 
ttag +90 4; 
ttag +91 4; 
ttag +92 5; 
ttag +93 1; 
tread
'Tree with tags' 
(0 ((1 (((2 3 )(8 (9 (10 (11 12 )))))((4 5 )(6 7 ))))((13 14 )(((15 16 )(17 (18 (19 ((20 21 )((22 23 )(24 25 )))))))((26 (27 (28 (29 30 ))))((31 (((32 33 )(34 35 ))(36 (37 38 ))))(39 (40 (41 (42 (43 ((44 45 )(46 47 ))))))))))))); 
ttag *!; 
ttag +0 ////; 
ttag +1 ////; 
ttag +2 ////; 
ttag +3 ////; 
ttag +4 ////; 
ttag +5 ////; 
ttag +6 ////; 
ttag +7 ////; 
ttag +8 ////; 
ttag +9 ////; 
ttag +10 ////; 
ttag +11 ////; 
ttag +12 ////; 
ttag +13 ////; 
ttag +14 ////; 
ttag +15 ////; 
ttag +16 ////; 
ttag +17 ////; 
ttag +18 ////; 
ttag +19 ////; 
ttag +20 ////; 
ttag +21 ////; 
ttag +22 ////; 
ttag +23 ////; 
ttag +24 ////; 
ttag +25 ////; 
ttag +26 ////; 
ttag +27 ////; 
ttag +28 ////; 
ttag +29 ////; 
ttag +30 ////; 
ttag +31 ////; 
ttag +32 ////; 
ttag +33 ////; 
ttag +34 ////; 
ttag +35 ////; 
ttag +36 ////; 
ttag +37 ////; 
ttag +38 ////; 
ttag +39 ////; 
ttag +40 ////; 
ttag +41 ////; 
ttag +42 ////; 
ttag +43 ////; 
ttag +44 ////; 
ttag +45 ////; 
ttag +46 ////; 
ttag +47 ////; 
ttag +48 ////; 
ttag +49 58/41/36/35/30; 
ttag +50 100/100/100/100/100; 
ttag +51 98/98/95/98/96; 
ttag +52 72/67/58/58/49; 
ttag +53 98/98/87/98/92; 
ttag +54 100/100/100/100/100; 
ttag +55 96/95/89/94/91; 
ttag +56 84/78/64/68/52; 
ttag +57 56/47/34/39/26; 
ttag +58 27/12/5/14/0; 
ttag +59 98/98/96/98/96; 
ttag +60 99/99/95/98/94; 
ttag +61 100/100/100/100/99; 
ttag +62 90/89/73/92/72; 
ttag +63 100/100/99/100/99; 
ttag +64 94/92/76/96/80; 
ttag +65 82/79/63/83/62; 
ttag +66 84/78/67/80/68; 
ttag +67 98/98/98/98/95; 
ttag +68 78/70/64/81/66; 
ttag +69 100/100/100/100/100; 
ttag +70 100/100/99/99/98; 
ttag +71 100/100/99/100/100; 
ttag +72 97/97/95/99/98; 
ttag +73 98/98/96/99/98; 
ttag +74 99/98/93/98/94; 
ttag +75 99/99/90/98/94; 
ttag +76 77/70/56/73/64; 
ttag +77 100/100/96/100/98; 
ttag +78 98/98/96/96/96; 
ttag +79 99/99/96/98/94; 
ttag +80 100/100/99/99/99; 
ttag +81 94/92/90/94/87; 
ttag +82 47/23/33/38/30; 
ttag +83 91/88/72/82/67; 
ttag +84 91/89/90/91/90; 
ttag +85 75/66/51/70/55; 
ttag +86 98/97/88/93/86; 
ttag +87 0/0/?/?/1; 
ttag +88 98/97/93/97/91; 
ttag +89 46/35/37/42/24; 
ttag +90 99/99/96/100/98; 
ttag +91 91/86/74/91/74; 
ttag +92 95/93/86/92/86; 
ttag +93 96/94/91/98/94; 
ttag +94 60/40/36/41/39; 
