tread
'Tree with tags' 
(0 ((1 (9 (2 3 )(6 7 (4 5 ))(8 (10 (11 12 )))))(((13 14 )((17 (15 16 ))(18 (19 ((20 21 )((22 23 )(24 25 )))))))((26 (27 (28 (29 30 ))))((31 ((32 33 )((34 35 )(36 (37 38 )))))(39 ((40 41 )(42 43 ((44 45 )(46 47 )))))))))); 
ttag *!; 
ttag +49 3; 
ttag +50 ???; 
ttag +51 2; 
ttag +52 11; 
ttag +53 6; 
ttag +54 7; 
ttag +55 2; 
ttag +56 2; 
ttag +57 5; 
ttag +58 5; 
ttag +59 1; 
ttag +60 1; 
ttag +61 11; 
ttag +62 3; 
ttag +63 4; 
ttag +64 7; 
ttag +65 5; 
ttag +66 10; 
ttag +67 5; 
ttag +68 9; 
ttag +69 5; 
ttag +70 4; 
ttag +71 4; 
ttag +72 4; 
ttag +73 2; 
ttag +74 10; 
ttag +75 3; 
ttag +76 13; 
ttag +77 3; 
ttag +78 5; 
ttag +79 6; 
ttag +80 2; 
ttag +81 1; 
ttag +82 13; 
ttag +83 6; 
ttag +84 3; 
ttag +85 1; 
ttag +86 4; 
ttag +87 6; 
ttag +88 6; 
ttag +89 6; 
ttag +90 1; 
tread
'Tree with tags' 
(0 ((1 (((2 3 )(9 (8 (10 (11 12 )))))(7 (6 (4 5 )))))(((13 14 )((17 (15 16 ))(18 (19 ((20 21 )((22 23 )(24 25 )))))))((26 (27 (28 (29 30 ))))((31 ((32 33 )((34 35 )(36 (37 38 )))))(39 ((40 41 )(43 (42 ((44 45 )(46 47 ))))))))))); 
ttag *!; 
ttag +0 ////; 
ttag +1 ////; 
ttag +2 ////; 
ttag +3 ////; 
ttag +4 ////; 
ttag +5 ////; 
ttag +6 ////; 
ttag +7 ////; 
ttag +8 ////; 
ttag +9 ////; 
ttag +10 ////; 
ttag +11 ////; 
ttag +12 ////; 
ttag +13 ////; 
ttag +14 ////; 
ttag +15 ////; 
ttag +16 ////; 
ttag +17 ////; 
ttag +18 ////; 
ttag +19 ////; 
ttag +20 ////; 
ttag +21 ////; 
ttag +22 ////; 
ttag +23 ////; 
ttag +24 ////; 
ttag +25 ////; 
ttag +26 ////; 
ttag +27 ////; 
ttag +28 ////; 
ttag +29 ////; 
ttag +30 ////; 
ttag +31 ////; 
ttag +32 ////; 
ttag +33 ////; 
ttag +34 ////; 
ttag +35 ////; 
ttag +36 ////; 
ttag +37 ////; 
ttag +38 ////; 
ttag +39 ////; 
ttag +40 ////; 
ttag +41 ////; 
ttag +42 ////; 
ttag +43 ////; 
ttag +44 ////; 
ttag +45 ////; 
ttag +46 ////; 
ttag +47 ////; 
ttag +48 ////; 
ttag +49 81/76/64/85/68; 
ttag +50 100/100/100/100/100; 
ttag +51 83/79/68/84/72; 
ttag +52 24/[16]/?/?/?; 
ttag +53 99/99/96/100/99; 
ttag +54 99/99/98/100/97; 
ttag +55 44/8/20/1/5; 
ttag +56 99/99/94/98/97; 
ttag +57 73/69/53/68/63; 
ttag +58 26/10/10/2/4; 
ttag +59 78/70/57/71/60; 
ttag +60 96/94/96/96/95; 
ttag +61 98/98/95/96/92; 
ttag +62 76/76/62/76/72; 
ttag +63 59/42/33/47/40; 
ttag +64 100/100/99/100/99; 
ttag +65 86/84/72/89/76; 
ttag +66 91/89/78/88/76; 
ttag +67 94/91/82/98/86; 
ttag +68 92/91/82/93/83; 
ttag +69 100/100/100/100/100; 
ttag +70 96/95/91/93/86; 
ttag +71 100/100/100/100/100; 
ttag +72 97/96/88/96/89; 
ttag +73 92/89/81/93/80; 
ttag +74 91/88/73/92/80; 
ttag +75 94/93/80/97/88; 
ttag +76 86/82/70/82/72; 
ttag +77 100/100/99/99/100; 
ttag +78 98/98/96/96/93; 
ttag +79 100/100/99/100/99; 
ttag +80 86/79/65/81/64; 
ttag +81 96/96/96/96/93; 
ttag +82 96/95/91/95/91; 
ttag +83 66/51/43/58/46; 
ttag +84 43/28/28/38/30; 
ttag +85 100/100/99/100/100; 
ttag +86 96/96/94/99/92; 
ttag +87 92/90/74/88/78; 
ttag +88 73/61/50/59/46; 
ttag +89 92/89/75/93/78; 
ttag +90 33/[14]/?/?/?; 
ttag +91 98/98/94/97/95; 
ttag +92 96/95/91/96/94; 
ttag +93 98/98/95/97/90; 
ttag +94 66/49/34/42/27; 
