tread
'Tree with tags' 
(0 (1 ((2 3 )((((4 5 )(6 7 ))(10 (11 12 )))(8 9 )))(((13 14 )((26 (27 (28 (29 30 ))))((31 ((32 33 )(34 35 )(36 (37 38 ))))(39 ((40 41 )((42 43 )((44 45 )(46 47 ))))))))((15 16 )(17 (18 (19 ((20 21 )((22 23 )(24 25 )))))))))); 
ttag *!; 
ttag +49 ???; 
ttag +50 7; 
ttag +51 5; 
ttag +52 1; 
ttag +53 8; 
ttag +54 1; 
ttag +55 3; 
ttag +56 2; 
ttag +57 5; 
ttag +58 1; 
ttag +59 9; 
ttag +60 8; 
ttag +61 1; 
ttag +62 1; 
ttag +63 13; 
ttag +64 6; 
ttag +65 3; 
ttag +66 1; 
ttag +67 2; 
ttag +68 8; 
ttag +69 6; 
ttag +70 4; 
ttag +71 11; 
ttag +72 1; 
ttag +73 9; 
ttag +74 7; 
ttag +75 3; 
ttag +76 4; 
ttag +77 13; 
ttag +78 2; 
ttag +79 3; 
ttag +80 8; 
ttag +81 2; 
ttag +82 2; 
ttag +83 6; 
ttag +84 8; 
ttag +85 2; 
ttag +86 2; 
ttag +87 4; 
ttag +88 3; 
ttag +89 9; 
ttag +90 10; 
ttag +91 15; 
ttag +92 5; 
tread
'Tree with tags' 
(0 ((1 (((13 14 )((26 (27 (28 (29 30 ))))((31 ((32 33 )((34 35 )(36 (37 38 )))))(39 ((40 41 )((42 43 )((44 45 )(46 47 ))))))))((15 16 )(17 (18 (19 ((20 21 )((22 23 )(24 25 )))))))))((2 3 )((((4 5 )(6 7 ))(10 (11 12 )))(8 9 ))))); 
ttag *!; 
ttag +0 ////; 
ttag +1 ////; 
ttag +2 ////; 
ttag +3 ////; 
ttag +4 ////; 
ttag +5 ////; 
ttag +6 ////; 
ttag +7 ////; 
ttag +8 ////; 
ttag +9 ////; 
ttag +10 ////; 
ttag +11 ////; 
ttag +12 ////; 
ttag +13 ////; 
ttag +14 ////; 
ttag +15 ////; 
ttag +16 ////; 
ttag +17 ////; 
ttag +18 ////; 
ttag +19 ////; 
ttag +20 ////; 
ttag +21 ////; 
ttag +22 ////; 
ttag +23 ////; 
ttag +24 ////; 
ttag +25 ////; 
ttag +26 ////; 
ttag +27 ////; 
ttag +28 ////; 
ttag +29 ////; 
ttag +30 ////; 
ttag +31 ////; 
ttag +32 ////; 
ttag +33 ////; 
ttag +34 ////; 
ttag +35 ////; 
ttag +36 ////; 
ttag +37 ////; 
ttag +38 ////; 
ttag +39 ////; 
ttag +40 ////; 
ttag +41 ////; 
ttag +42 ////; 
ttag +43 ////; 
ttag +44 ////; 
ttag +45 ////; 
ttag +46 ////; 
ttag +47 ////; 
ttag +48 ////; 
ttag +49 18/[16]/?/?/?; 
ttag +50 100/100/100/100/100; 
ttag +51 98/98/97/98/96; 
ttag +52 96/94/85/92/87; 
ttag +53 56/38/41/43/34; 
ttag +54 99/99/97/99/98; 
ttag +55 53/42/34/48/30; 
ttag +56 69/62/61/60/52; 
ttag +57 77/66/66/70/70; 
ttag +58 95/95/89/96/91; 
ttag +59 49/35/30/40/39; 
ttag +60 100/100/95/99/94; 
ttag +61 99/99/99/98/98; 
ttag +62 29/[5]/?/6/?; 
ttag +63 27/[7]/?/6/?; 
ttag +64 99/99/98/98/100; 
ttag +65 94/92/84/95/81; 
ttag +66 92/90/79/89/80; 
ttag +67 36/14/14/22/16; 
ttag +68 62/52/48/59/45; 
ttag +69 100/100/100/100/100; 
ttag +70 94/93/85/92/89; 
ttag +71 96/94/90/96/86; 
ttag +72 100/100/98/98/99; 
ttag +73 52/30/11/34/27; 
ttag +74 100/100/98/99/98; 
ttag +75 95/94/89/96/89; 
ttag +76 74/60/54/68/58; 
ttag +77 95/94/92/96/92; 
ttag +78 100/100/100/100/99; 
ttag +79 74/70/62/63/55; 
ttag +80 79/76/69/77/68; 
ttag +81 100/100/99/100/98; 
ttag +82 86/83/74/82/74; 
ttag +83 83/78/88/88/85; 
ttag +84 28/[2]/?/?/?; 
ttag +85 98/98/94/99/91; 
ttag +86 100/100/98/100/100; 
ttag +87 55/44/34/47/43; 
ttag +88 77/63/50/61/63; 
ttag +89 90/86/77/86/78; 
ttag +90 83/73/57/77/65; 
ttag +91 100/100/97/100/97; 
ttag +92 100/100/100/100/100; 
ttag +93 100/100/100/100/100; 
ttag +94 97/96/88/94/90; 
