tread
'Tree with tags' 
(0 (1 ((2 3 )(7 (6 (4 5 )))(8 (9 (10 (11 12 )))))(13 14 )(17 (15 16 )(18 (19 ((20 21 )(24 25 (22 23 ))))))((26 (27 (28 (29 30 ))))((31 ((32 33 )((34 35 )(36 (37 38 )))))(39 ((40 41 )(42 (43 ((44 45 )(46 47 )))))))))); 
ttag *!; 
ttag +49 ???; 
ttag +50 8; 
ttag +51 4; 
ttag +52 7; 
ttag +53 2; 
ttag +54 6; 
ttag +55 2; 
ttag +56 1; 
ttag +57 6; 
ttag +58 6; 
ttag +59 4; 
ttag +60 8; 
ttag +61 1; 
ttag +62 8; 
ttag +63 1; 
ttag +64 5; 
ttag +65 9; 
ttag +66 8; 
ttag +67 2; 
ttag +68 6; 
ttag +69 1; 
ttag +70 3; 
ttag +71 10; 
ttag +72 5; 
ttag +73 6; 
ttag +74 8; 
ttag +75 6; 
ttag +76 3; 
ttag +77 4; 
ttag +78 2; 
ttag +79 6; 
ttag +80 5; 
ttag +81 1; 
ttag +82 4; 
ttag +83 2; 
ttag +84 12; 
ttag +85 2; 
ttag +86 12; 
ttag +87 6; 
ttag +88 1; 
tread
'Tree with tags' 
(0 ((1 ((2 3 )((7 (6 (4 5 )))(8 (9 (10 (11 12 )))))))((13 14 )(((15 16 )(17 (18 (19 ((20 21 )(24 (25 (22 23 ))))))))((26 (27 (28 (29 30 ))))((31 ((32 33 )((34 35 )(36 (37 38 )))))(39 ((40 41 )(42 (43 ((44 45 )(46 47 )))))))))))); 
ttag *!; 
ttag +0 ////; 
ttag +1 ////; 
ttag +2 ////; 
ttag +3 ////; 
ttag +4 ////; 
ttag +5 ////; 
ttag +6 ////; 
ttag +7 ////; 
ttag +8 ////; 
ttag +9 ////; 
ttag +10 ////; 
ttag +11 ////; 
ttag +12 ////; 
ttag +13 ////; 
ttag +14 ////; 
ttag +15 ////; 
ttag +16 ////; 
ttag +17 ////; 
ttag +18 ////; 
ttag +19 ////; 
ttag +20 ////; 
ttag +21 ////; 
ttag +22 ////; 
ttag +23 ////; 
ttag +24 ////; 
ttag +25 ////; 
ttag +26 ////; 
ttag +27 ////; 
ttag +28 ////; 
ttag +29 ////; 
ttag +30 ////; 
ttag +31 ////; 
ttag +32 ////; 
ttag +33 ////; 
ttag +34 ////; 
ttag +35 ////; 
ttag +36 ////; 
ttag +37 ////; 
ttag +38 ////; 
ttag +39 ////; 
ttag +40 ////; 
ttag +41 ////; 
ttag +42 ////; 
ttag +43 ////; 
ttag +44 ////; 
ttag +45 ////; 
ttag +46 ////; 
ttag +47 ////; 
ttag +48 ////; 
ttag +49 30/1/?/6/6; 
ttag +50 100/100/100/100/100; 
ttag +51 100/100/97/99/98; 
ttag +52 92/90/86/92/89; 
ttag +53 96/95/94/98/94; 
ttag +54 82/79/80/85/77; 
ttag +55 94/92/90/97/93; 
ttag +56 50/19/10/7/18; 
ttag +57 68/64/63/66/59; 
ttag +58 56/27/20/36/31; 
ttag +59 98/97/94/98/92; 
ttag +60 98/98/98/99/96; 
ttag +61 99/99/95/98/96; 
ttag +62 20/[8]/?/?/?; 
ttag +63 100/100/99/99/100; 
ttag +64 76/66/61/68/65; 
ttag +65 22/[6]/?/?/?; 
ttag +66 60/44/32/37/40; 
ttag +67 99/99/96/98/96; 
ttag +68 64/50/39/50/48; 
ttag +69 100/100/100/99/99; 
ttag +70 100/100/98/99/98; 
ttag +71 99/99/98/99/97; 
ttag +72 41/4/12/15/10; 
ttag +73 77/63/63/69/54; 
ttag +74 99/98/97/98/96; 
ttag +75 30/12/7/8/7; 
ttag +76 93/91/76/88/82; 
ttag +77 100/100/100/100/100; 
ttag +78 98/97/86/98/91; 
ttag +79 99/99/94/98/96; 
ttag +80 100/100/96/98/96; 
ttag +81 98/98/94/99/91; 
ttag +82 66/53/38/62/53; 
ttag +83 98/98/97/98/96; 
ttag +84 70/58/48/70/58; 
ttag +85 98/97/92/95/94; 
ttag +86 98/97/96/98/97; 
ttag +87 26/2/?/8/?; 
ttag +88 94/94/92/94/92; 
ttag +89 61/50/37/50/50; 
ttag +90 100/100/100/100/100; 
ttag +91 72/62/46/66/56; 
ttag +92 100/100/99/100/100; 
ttag +93 98/98/92/98/94; 
ttag +94 54/34/34/44/34; 
