tread
'Tree with tags' 
(0 (1 17 ((2 3 )(((4 5 )(6 7 ))(8 9 (10 (11 12 )))))(13 14 )(15 16 )(18 (19 ((20 21 )((22 23 )(24 25 )))))((26 27 (28 (29 30 )))((39 (31 (((32 33 )(34 35 ))(36 (37 38 )))))((40 41 )(42 (43 ((44 45 )(46 47 ))))))))); 
ttag *!; 
ttag +49 ???; 
ttag +50 6; 
ttag +51 11; 
ttag +52 4; 
ttag +53 11; 
ttag +54 2; 
ttag +55 5; 
ttag +56 1; 
ttag +57 4; 
ttag +58 5; 
ttag +59 2; 
ttag +60 13; 
ttag +61 2; 
ttag +62 1; 
ttag +63 9; 
ttag +64 4; 
ttag +65 8; 
ttag +66 12; 
ttag +67 2; 
ttag +68 6; 
ttag +69 3; 
ttag +70 3; 
ttag +71 9; 
ttag +72 6; 
ttag +73 1; 
ttag +74 5; 
ttag +75 9; 
ttag +76 2; 
ttag +77 6; 
ttag +78 6; 
ttag +79 10; 
ttag +80 14; 
ttag +81 1; 
ttag +82 10; 
ttag +83 9; 
ttag +84 5; 
ttag +85 6; 
ttag +86 7; 
ttag +87 4; 
tread
'Tree with tags' 
(0 ((1 ((13 14 )((15 16 )((17 ((27 (26 (28 (29 30 ))))((39 (31 (((32 33 )(34 35 ))(36 (37 38 )))))((40 41 )(42 (43 ((44 45 )(46 47 ))))))))(18 (19 ((20 21 )((22 23 )(24 25 )))))))))((2 3 )(((4 5 )(6 7 ))(9 (8 (10 (11 12 )))))))); 
ttag *!; 
ttag +0 ////; 
ttag +1 ////; 
ttag +2 ////; 
ttag +3 ////; 
ttag +4 ////; 
ttag +5 ////; 
ttag +6 ////; 
ttag +7 ////; 
ttag +8 ////; 
ttag +9 ////; 
ttag +10 ////; 
ttag +11 ////; 
ttag +12 ////; 
ttag +13 ////; 
ttag +14 ////; 
ttag +15 ////; 
ttag +16 ////; 
ttag +17 ////; 
ttag +18 ////; 
ttag +19 ////; 
ttag +20 ////; 
ttag +21 ////; 
ttag +22 ////; 
ttag +23 ////; 
ttag +24 ////; 
ttag +25 ////; 
ttag +26 ////; 
ttag +27 ////; 
ttag +28 ////; 
ttag +29 ////; 
ttag +30 ////; 
ttag +31 ////; 
ttag +32 ////; 
ttag +33 ////; 
ttag +34 ////; 
ttag +35 ////; 
ttag +36 ////; 
ttag +37 ////; 
ttag +38 ////; 
ttag +39 ////; 
ttag +40 ////; 
ttag +41 ////; 
ttag +42 ////; 
ttag +43 ////; 
ttag +44 ////; 
ttag +45 ////; 
ttag +46 ////; 
ttag +47 ////; 
ttag +48 ////; 
ttag +49 27/[4]/8/?/?; 
ttag +50 100/100/100/100/100; 
ttag +51 98/97/92/99/91; 
ttag +52 100/100/98/99/98; 
ttag +53 92/88/92/93/87; 
ttag +54 100/100/99/100/99; 
ttag +55 77/71/65/82/63; 
ttag +56 99/99/98/98/99; 
ttag +57 31/9/12/2/8; 
ttag +58 53/46/42/51/34; 
ttag +59 83/78/73/83/58; 
ttag +60 97/96/88/96/95; 
ttag +61 93/90/79/81/83; 
ttag +62 25/4/3/?/0; 
ttag +63 100/100/99/100/100; 
ttag +64 36/15/8/?/5; 
ttag +65 18/[19]/?/?/?; 
ttag +66 17/[20]/?/?/?; 
ttag +67 82/78/73/80/70; 
ttag +68 65/47/33/47/35; 
ttag +69 100/100/99/100/100; 
ttag +70 93/91/87/95/82; 
ttag +71 100/100/99/98/99; 
ttag +72 100/100/100/100/99; 
ttag +73 76/66/54/54/40; 
ttag +74 34/[8]/?/?/?; 
ttag +75 99/98/99/99/100; 
ttag +76 70/61/42/59/49; 
ttag +77 95/94/89/95/94; 
ttag +78 100/100/100/100/100; 
ttag +79 98/98/92/99/95; 
ttag +80 66/61/46/59/46; 
ttag +81 99/99/95/98/93; 
ttag +82 100/100/100/100/99; 
ttag +83 82/82/77/81/76; 
ttag +84 98/98/93/97/94; 
ttag +85 99/99/98/99/95; 
ttag +86 100/100/99/100/98; 
ttag +87 100/100/100/100/100; 
ttag +88 68/60/52/61/53; 
ttag +89 100/100/98/100/98; 
ttag +90 100/100/97/99/99; 
ttag +91 94/92/82/91/82; 
ttag +92 97/95/92/98/94; 
ttag +93 99/99/98/99/99; 
ttag +94 94/92/89/95/92; 
