tread
'Tree with tags' 
(0 ((1 ((8 9 (2 3 )(10 (11 12 )))((4 5 )(6 7 ))))((13 14 )(17 18 (15 16 )(19 ((20 21 )((22 23 )(24 25 )))))((26 (27 (28 (29 30 ))))((31 ((32 33 )((34 35 )(36 (37 38 )))))(39 (40 41 (42 (43 (46 (47 (44 45 )))))))))))); 
ttag *!; 
ttag +49 1; 
ttag +50 ???; 
ttag +51 4; 
ttag +52 1; 
ttag +53 5; 
ttag +54 5; 
ttag +55 5; 
ttag +56 5; 
ttag +57 4; 
ttag +58 6; 
ttag +59 9; 
ttag +60 1; 
ttag +61 13; 
ttag +62 4; 
ttag +63 1; 
ttag +64 5; 
ttag +65 2; 
ttag +66 7; 
ttag +67 1; 
ttag +68 4; 
ttag +69 7; 
ttag +70 7; 
ttag +71 3; 
ttag +72 9; 
ttag +73 10; 
ttag +74 3; 
ttag +75 1; 
ttag +76 8; 
ttag +77 4; 
ttag +78 2; 
ttag +79 1; 
ttag +80 5; 
ttag +81 7; 
ttag +82 1; 
ttag +83 7; 
ttag +84 5; 
ttag +85 3; 
ttag +86 9; 
ttag +87 2; 
ttag +88 3; 
tread
'Tree with tags' 
(0 ((1 (((2 3 )(8 (9 (10 (11 12 )))))((4 5 )(6 7 ))))(((13 14 )((26 (27 (28 (29 30 ))))((31 ((32 33 )((34 35 )(36 (37 38 )))))(39 ((40 41 )(42 (43 (46 (47 (44 45 ))))))))))((15 16 )(17 (18 (19 ((20 21 )((22 23 )(24 25 )))))))))); 
ttag *!; 
ttag +0 ////; 
ttag +1 ////; 
ttag +2 ////; 
ttag +3 ////; 
ttag +4 ////; 
ttag +5 ////; 
ttag +6 ////; 
ttag +7 ////; 
ttag +8 ////; 
ttag +9 ////; 
ttag +10 ////; 
ttag +11 ////; 
ttag +12 ////; 
ttag +13 ////; 
ttag +14 ////; 
ttag +15 ////; 
ttag +16 ////; 
ttag +17 ////; 
ttag +18 ////; 
ttag +19 ////; 
ttag +20 ////; 
ttag +21 ////; 
ttag +22 ////; 
ttag +23 ////; 
ttag +24 ////; 
ttag +25 ////; 
ttag +26 ////; 
ttag +27 ////; 
ttag +28 ////; 
ttag +29 ////; 
ttag +30 ////; 
ttag +31 ////; 
ttag +32 ////; 
ttag +33 ////; 
ttag +34 ////; 
ttag +35 ////; 
ttag +36 ////; 
ttag +37 ////; 
ttag +38 ////; 
ttag +39 ////; 
ttag +40 ////; 
ttag +41 ////; 
ttag +42 ////; 
ttag +43 ////; 
ttag +44 ////; 
ttag +45 ////; 
ttag +46 ////; 
ttag +47 ////; 
ttag +48 ////; 
ttag +49 51/42/32/45/32; 
ttag +50 100/100/100/100/100; 
ttag +51 94/92/80/96/86; 
ttag +52 51/34/23/45/18; 
ttag +53 95/93/85/94/87; 
ttag +54 98/98/95/98/95; 
ttag +55 92/89/86/91/88; 
ttag +56 100/100/99/99/98; 
ttag +57 35/9/16/6/14; 
ttag +58 18/4/0/8/1; 
ttag +59 85/82/74/86/71; 
ttag +60 98/97/95/97/94; 
ttag +61 100/100/100/100/100; 
ttag +62 50/37/33/20/29; 
ttag +63 62/55/43/51/39; 
ttag +64 100/100/100/100/100; 
ttag +65 94/93/80/93/85; 
ttag +66 40/30/31/32/34; 
ttag +67 20/[4]/?/?/?; 
ttag +68 56/34/47/38/36; 
ttag +69 100/100/98/99/99; 
ttag +70 84/80/72/74/69; 
ttag +71 99/99/98/99/98; 
ttag +72 59/34/30/42/31; 
ttag +73 95/93/80/94/83; 
ttag +74 98/98/99/99/98; 
ttag +75 99/99/96/100/94; 
ttag +76 80/70/64/82/63; 
ttag +77 99/98/96/99/97; 
ttag +78 100/100/99/100/98; 
ttag +79 94/92/87/90/91; 
ttag +80 72/56/57/64/54; 
ttag +81 99/99/99/100/99; 
ttag +82 93/91/84/92/85; 
ttag +83 87/84/75/82/70; 
ttag +84 50/41/46/46/40; 
ttag +85 99/99/95/97/95; 
ttag +86 100/100/100/100/100; 
ttag +87 57/36/28/43/17; 
ttag +88 31/[8]/?/?/?; 
ttag +89 96/96/88/96/92; 
ttag +90 97/96/88/94/90; 
ttag +91 85/82/70/83/68; 
ttag +92 97/96/94/98/93; 
ttag +93 64/54/30/52/20; 
ttag +94 88/84/69/82/66; 
