tread
'Tree with tags' 
(0 (1 (((2 3 )(8 9 ((7 (6 (4 5 )))(10 (11 12 )))))((26 (27 (28 (29 30 ))))(39 ((31 ((32 33 )(34 35 )(36 (37 38 ))))((40 41 )(42 (43 ((44 45 )(46 47 )))))))))(13 14 )(17 (15 16 )(18 19 ((20 21 )((22 23 )(24 25 ))))))); 
ttag *!; 
ttag +49 ???; 
ttag +50 4; 
ttag +51 7; 
ttag +52 1; 
ttag +53 4; 
ttag +54 1; 
ttag +55 5; 
ttag +56 1; 
ttag +57 1; 
ttag +58 3; 
ttag +59 10; 
ttag +60 2; 
ttag +61 4; 
ttag +62 6; 
ttag +63 2; 
ttag +64 7; 
ttag +65 5; 
ttag +66 8; 
ttag +67 4; 
ttag +68 6; 
ttag +69 8; 
ttag +70 10; 
ttag +71 3; 
ttag +72 2; 
ttag +73 10; 
ttag +74 9; 
ttag +75 1; 
ttag +76 5; 
ttag +77 9; 
ttag +78 2; 
ttag +79 4; 
ttag +80 7; 
ttag +81 7; 
ttag +82 2; 
ttag +83 4; 
ttag +84 11; 
ttag +85 1; 
ttag +86 5; 
ttag +87 5; 
ttag +88 4; 
tread
'Tree with tags' 
(0 ((1 (((2 3 )(9 (8 ((7 (6 (4 5 )))(10 (11 12 ))))))((26 (27 (28 (29 30 ))))(39 ((31 ((32 33 )((34 35 )(36 (37 38 )))))((40 41 )(42 (43 ((44 45 )(46 47 ))))))))))((13 14 )((17 (15 16 ))((18 19 )((20 21 )((22 23 )(24 25 )))))))); 
ttag *!; 
ttag +0 ////; 
ttag +1 ////; 
ttag +2 ////; 
ttag +3 ////; 
ttag +4 ////; 
ttag +5 ////; 
ttag +6 ////; 
ttag +7 ////; 
ttag +8 ////; 
ttag +9 ////; 
ttag +10 ////; 
ttag +11 ////; 
ttag +12 ////; 
ttag +13 ////; 
ttag +14 ////; 
ttag +15 ////; 
ttag +16 ////; 
ttag +17 ////; 
ttag +18 ////; 
ttag +19 ////; 
ttag +20 ////; 
ttag +21 ////; 
ttag +22 ////; 
ttag +23 ////; 
ttag +24 ////; 
ttag +25 ////; 
ttag +26 ////; 
ttag +27 ////; 
ttag +28 ////; 
ttag +29 ////; 
ttag +30 ////; 
ttag +31 ////; 
ttag +32 ////; 
ttag +33 ////; 
ttag +34 ////; 
ttag +35 ////; 
ttag +36 ////; 
ttag +37 ////; 
ttag +38 ////; 
ttag +39 ////; 
ttag +40 ////; 
ttag +41 ////; 
ttag +42 ////; 
ttag +43 ////; 
ttag +44 ////; 
ttag +45 ////; 
ttag +46 ////; 
ttag +47 ////; 
ttag +48 ////; 
ttag +49 31/21/21/16/13; 
ttag +50 100/100/100/100/100; 
ttag +51 98/98/96/98/93; 
ttag +52 95/92/93/97/94; 
ttag +53 52/42/36/40/34; 
ttag +54 88/86/76/86/74; 
ttag +55 55/31/35/24/20; 
ttag +56 96/96/92/93/89; 
ttag +57 34/18/21/22/22; 
ttag +58 30/14/14/17/18; 
ttag +59 46/31/28/37/31; 
ttag +60 83/77/58/73/63; 
ttag +61 100/100/100/100/100; 
ttag +62 87/84/83/88/83; 
ttag +63 46/38/42/34/32; 
ttag +64 98/98/97/97/95; 
ttag +65 14/[17]/?/?/?; 
ttag +66 98/98/98/100/98; 
ttag +67 37/[4]/3/?/?; 
ttag +68 86/84/72/89/75; 
ttag +69 100/100/100/100/100; 
ttag +70 98/98/95/99/95; 
ttag +71 99/99/100/99/98; 
ttag +72 94/92/91/96/86; 
ttag +73 99/98/98/99/98; 
ttag +74 100/100/98/98/96; 
ttag +75 95/94/91/97/92; 
ttag +76 78/72/60/75/60; 
ttag +77 63/57/41/59/49; 
ttag +78 100/100/99/100/99; 
ttag +79 98/97/95/98/97; 
ttag +80 34/12/9/12/2; 
ttag +81 84/81/78/89/79; 
ttag +82 100/100/100/100/100; 
ttag +83 55/41/28/50/28; 
ttag +84 96/96/97/96/94; 
ttag +85 19/[12]/?/?/?; 
ttag +86 97/97/90/97/94; 
ttag +87 97/95/88/96/91; 
ttag +88 59/44/41/45/36; 
ttag +89 82/79/71/80/78; 
ttag +90 99/99/100/100/100; 
ttag +91 56/35/36/41/38; 
ttag +92 98/98/94/98/92; 
ttag +93 95/94/89/95/88; 
ttag +94 93/91/87/92/80; 
