tread
'Tree with tags' 
(0 (1 (9 (((2 3 )(10 (11 12 )))(8 ((4 5 )(6 7 )))))((13 14 )(((15 16 )(17 (18 (19 ((20 21 )((22 23 )(24 25 )))))))((26 (27 (28 (29 30 ))))(39 (31 ((32 33 )((34 35 )(36 (37 38 )))))((40 41 )(42 (43 ((44 45 )(46 47 ))))))))))); 
ttag *!; 
ttag +49 ???; 
ttag +50 5; 
ttag +51 1; 
ttag +52 1; 
ttag +53 7; 
ttag +54 6; 
ttag +55 4; 
ttag +56 1; 
ttag +57 3; 
ttag +58 4; 
ttag +59 6; 
ttag +60 9; 
ttag +61 1; 
ttag +62 12; 
ttag +63 7; 
ttag +64 1; 
ttag +65 4; 
ttag +66 5; 
ttag +67 5; 
ttag +68 8; 
ttag +69 10; 
ttag +70 10; 
ttag +71 4; 
ttag +72 10; 
ttag +73 3; 
ttag +74 4; 
ttag +75 3; 
ttag +76 2; 
ttag +77 11; 
ttag +78 9; 
ttag +79 5; 
ttag +80 5; 
ttag +81 4; 
ttag +82 3; 
ttag +83 1; 
ttag +84 9; 
ttag +85 4; 
ttag +86 1; 
ttag +87 3; 
ttag +88 10; 
ttag +89 5; 
ttag +90 7; 
ttag +91 5; 
ttag +92 2; 
tread
'Tree with tags' 
(0 (1 ((9 (((2 3 )(10 (11 12 )))(8 ((4 5 )(6 7 )))))((13 14 )(((15 16 )(17 (18 (19 ((20 21 )((22 23 )(24 25 )))))))((26 (27 (28 (29 30 ))))((31 ((32 33 )((34 35 )(36 (37 38 )))))(39 ((40 41 )(42 (43 ((44 45 )(46 47 ))))))))))))); 
ttag *!; 
ttag +0 ////; 
ttag +1 ////; 
ttag +2 ////; 
ttag +3 ////; 
ttag +4 ////; 
ttag +5 ////; 
ttag +6 ////; 
ttag +7 ////; 
ttag +8 ////; 
ttag +9 ////; 
ttag +10 ////; 
ttag +11 ////; 
ttag +12 ////; 
ttag +13 ////; 
ttag +14 ////; 
ttag +15 ////; 
ttag +16 ////; 
ttag +17 ////; 
ttag +18 ////; 
ttag +19 ////; 
ttag +20 ////; 
ttag +21 ////; 
ttag +22 ////; 
ttag +23 ////; 
ttag +24 ////; 
ttag +25 ////; 
ttag +26 ////; 
ttag +27 ////; 
ttag +28 ////; 
ttag +29 ////; 
ttag +30 ////; 
ttag +31 ////; 
ttag +32 ////; 
ttag +33 ////; 
ttag +34 ////; 
ttag +35 ////; 
ttag +36 ////; 
ttag +37 ////; 
ttag +38 ////; 
ttag +39 ////; 
ttag +40 ////; 
ttag +41 ////; 
ttag +42 ////; 
ttag +43 ////; 
ttag +44 ////; 
ttag +45 ////; 
ttag +46 ////; 
ttag +47 ////; 
ttag +48 ////; 
ttag +49 100/100/100/100/100; 
ttag +50 96/95/94/97/91; 
ttag +51 35/24/11/10/11; 
ttag +52 48/36/12/14/13; 
ttag +53 98/97/95/99/94; 
ttag +54 33/12/12/2/2; 
ttag +55 97/96/89/98/91; 
ttag +56 91/90/88/97/88; 
ttag +57 28/17/?/?/0; 
ttag +58 85/79/60/80/62; 
ttag +59 92/90/78/89/84; 
ttag +60 100/100/98/99/99; 
ttag +61 100/100/99/100/98; 
ttag +62 53/29/27/31/31; 
ttag +63 100/100/100/100/100; 
ttag +64 99/99/95/100/97; 
ttag +65 46/22/16/26/28; 
ttag +66 90/89/81/90/83; 
ttag +67 94/94/84/92/89; 
ttag +68 98/97/93/97/93; 
ttag +69 100/100/100/99/100; 
ttag +70 100/100/99/100/100; 
ttag +71 100/100/100/100/100; 
ttag +72 92/88/85/93/84; 
ttag +73 100/100/100/100/100; 
ttag +74 98/98/96/99/97; 
ttag +75 93/90/92/93/88; 
ttag +76 76/68/68/79/61; 
ttag +77 72/57/53/66/55; 
ttag +78 100/100/99/100/100; 
ttag +79 99/99/98/100/98; 
ttag +80 97/97/92/96/91; 
ttag +81 98/96/98/98/97; 
ttag +82 95/94/87/89/83; 
ttag +83 88/85/78/88/82; 
ttag +84 54/37/20/32/22; 
ttag +85 99/99/100/100/99; 
ttag +86 90/87/79/93/83; 
ttag +87 49/36/26/35/38; 
ttag +88 48/39/33/43/32; 
ttag +89 88/86/76/88/80; 
ttag +90 100/100/99/100/99; 
ttag +91 98/97/96/96/92; 
ttag +92 98/98/98/98/96; 
ttag +93 92/90/86/94/86; 
ttag +94 83/78/58/74/59; 
