tread
'Tree with tags' 
(0 ((1 (((13 14 )((15 16 )(17 (18 (19 ((20 21 )((22 23 )(24 25 ))))))))((26 (27 (28 (29 30 ))))((31 ((32 33 )((34 35 )(36 (37 38 )))))(39 (40 41 (42 (43 ((44 45 )(46 47 ))))))))))((2 3 )(((4 5 )(6 7 ))((8 9 )(10 (11 12 ))))))); 
ttag *!; 
ttag +49 1; 
ttag +50 ???; 
ttag +51 5; 
ttag +52 13; 
ttag +53 3; 
ttag +54 11; 
ttag +55 3; 
ttag +56 2; 
ttag +57 2; 
ttag +58 3; 
ttag +59 2; 
ttag +60 12; 
ttag +61 8; 
ttag +62 1; 
ttag +63 1; 
ttag +64 8; 
ttag +65 1; 
ttag +66 2; 
ttag +67 1; 
ttag +68 3; 
ttag +69 17; 
ttag +70 7; 
ttag +71 8; 
ttag +72 1; 
ttag +73 3; 
ttag +74 8; 
ttag +75 3; 
ttag +76 2; 
ttag +77 2; 
ttag +78 10; 
ttag +79 5; 
ttag +80 4; 
ttag +81 5; 
ttag +82 6; 
ttag +83 4; 
ttag +84 1; 
ttag +85 11; 
ttag +86 8; 
ttag +87 2; 
ttag +88 2; 
ttag +89 8; 
ttag +90 3; 
ttag +91 8; 
ttag +92 7; 
ttag +93 3; 
tread
'Tree with tags' 
(0 ((1 (((13 14 )((15 16 )(17 (18 (19 ((20 21 )((22 23 )(24 25 ))))))))((26 (27 (28 (29 30 ))))((31 ((32 33 )((34 35 )(36 (37 38 )))))(39 (41 (40 (42 (43 ((44 45 )(46 47 )))))))))))((2 3 )(((4 5 )(6 7 ))((8 9 )(10 (11 12 ))))))); 
ttag *!; 
ttag +0 ////; 
ttag +1 ////; 
ttag +2 ////; 
ttag +3 ////; 
ttag +4 ////; 
ttag +5 ////; 
ttag +6 ////; 
ttag +7 ////; 
ttag +8 ////; 
ttag +9 ////; 
ttag +10 ////; 
ttag +11 ////; 
ttag +12 ////; 
ttag +13 ////; 
ttag +14 ////; 
ttag +15 ////; 
ttag +16 ////; 
ttag +17 ////; 
ttag +18 ////; 
ttag +19 ////; 
ttag +20 ////; 
ttag +21 ////; 
ttag +22 ////; 
ttag +23 ////; 
ttag +24 ////; 
ttag +25 ////; 
ttag +26 ////; 
ttag +27 ////; 
ttag +28 ////; 
ttag +29 ////; 
ttag +30 ////; 
ttag +31 ////; 
ttag +32 ////; 
ttag +33 ////; 
ttag +34 ////; 
ttag +35 ////; 
ttag +36 ////; 
ttag +37 ////; 
ttag +38 ////; 
ttag +39 ////; 
ttag +40 ////; 
ttag +41 ////; 
ttag +42 ////; 
ttag +43 ////; 
ttag +44 ////; 
ttag +45 ////; 
ttag +46 ////; 
ttag +47 ////; 
ttag +48 ////; 
ttag +49 28/3/?/4/?; 
ttag +50 100/100/100/100/100; 
ttag +51 95/94/88/97/89; 
ttag +52 100/100/100/100/99; 
ttag +53 72/60/52/62/55; 
ttag +54 100/100/98/100/97; 
ttag +55 68/52/35/54/35; 
ttag +56 75/64/60/62/58; 
ttag +57 52/47/34/48/34; 
ttag +58 63/58/41/61/41; 
ttag +59 60/50/49/59/42; 
ttag +60 100/100/100/100/99; 
ttag +61 99/98/97/100/98; 
ttag +62 11/[2]/?/3/0; 
ttag +63 47/31/15/28/15; 
ttag +64 100/100/98/100/97; 
ttag +65 20/1/?/3/?; 
ttag +66 42/37/32/48/30; 
ttag +67 41/29/22/31/14; 
ttag +68 74/66/51/69/50; 
ttag +69 100/100/100/100/100; 
ttag +70 95/94/88/95/84; 
ttag +71 100/100/98/100/97; 
ttag +72 58/44/38/48/28; 
ttag +73 74/68/59/73/64; 
ttag +74 99/99/97/100/96; 
ttag +75 86/84/70/84/77; 
ttag +76 90/85/66/78/66; 
ttag +77 83/77/75/74/62; 
ttag +78 100/100/98/100/100; 
ttag +79 95/94/85/94/82; 
ttag +80 90/87/84/91/76; 
ttag +81 93/90/82/90/81; 
ttag +82 99/98/94/98/96; 
ttag +83 98/97/94/98/94; 
ttag +84 60/57/47/61/47; 
ttag +85 100/100/98/100/100; 
ttag +86 99/99/100/99/100; 
ttag +87 51/29/28/38/26; 
ttag +88 10/[30]/?/?/?; 
ttag +89 57/35/31/43/31; 
ttag +90 99/98/97/98/98; 
ttag +91 88/85/81/94/84; 
ttag +92 100/100/100/100/100; 
ttag +93 98/98/95/100/97; 
ttag +94 93/91/89/90/85; 
