tread
'Tree with tags' 
(0 (1 ((2 3 )(8 9 (6 7 (4 5 ))(10 (11 12 ))))(((13 14 )((26 (27 (28 (29 30 ))))(39 ((31 ((32 33 )(34 35 )(36 (37 38 ))))((40 41 )(42 (43 ((44 45 )(46 47 )))))))))((15 16 )(17 (18 19 ((20 21 )((22 23 )(24 25 ))))))))); 
ttag *!; 
ttag +49 ???; 
ttag +50 1; 
ttag +51 2; 
ttag +52 1; 
ttag +53 6; 
ttag +54 1; 
ttag +55 8; 
ttag +56 7; 
ttag +57 9; 
ttag +58 1; 
ttag +59 4; 
ttag +60 13; 
ttag +61 5; 
ttag +62 3; 
ttag +63 2; 
ttag +64 11; 
ttag +65 4; 
ttag +66 4; 
ttag +67 2; 
ttag +68 6; 
ttag +69 4; 
ttag +70 3; 
ttag +71 1; 
ttag +72 3; 
ttag +73 10; 
ttag +74 6; 
ttag +75 2; 
ttag +76 7; 
ttag +77 5; 
ttag +78 1; 
ttag +79 4; 
ttag +80 5; 
ttag +81 4; 
ttag +82 3; 
ttag +83 7; 
ttag +84 6; 
ttag +85 5; 
ttag +86 4; 
ttag +87 6; 
ttag +88 2; 
tread
'Tree with tags' 
(0 ((1 ((2 3 )((8 (9 (6 (7 (4 5 )))))(10 (11 12 )))))(((13 14 )((26 (27 (28 (29 30 ))))(39 ((31 (((32 33 )(36 (37 38 )))(34 35 )))((40 41 )(42 (43 ((44 45 )(46 47 )))))))))((15 16 )(17 (18 (19 ((20 21 )((22 23 )(24 25 )))))))))); 
ttag *!; 
ttag +0 ////; 
ttag +1 ////; 
ttag +2 ////; 
ttag +3 ////; 
ttag +4 ////; 
ttag +5 ////; 
ttag +6 ////; 
ttag +7 ////; 
ttag +8 ////; 
ttag +9 ////; 
ttag +10 ////; 
ttag +11 ////; 
ttag +12 ////; 
ttag +13 ////; 
ttag +14 ////; 
ttag +15 ////; 
ttag +16 ////; 
ttag +17 ////; 
ttag +18 ////; 
ttag +19 ////; 
ttag +20 ////; 
ttag +21 ////; 
ttag +22 ////; 
ttag +23 ////; 
ttag +24 ////; 
ttag +25 ////; 
ttag +26 ////; 
ttag +27 ////; 
ttag +28 ////; 
ttag +29 ////; 
ttag +30 ////; 
ttag +31 ////; 
ttag +32 ////; 
ttag +33 ////; 
ttag +34 ////; 
ttag +35 ////; 
ttag +36 ////; 
ttag +37 ////; 
ttag +38 ////; 
ttag +39 ////; 
ttag +40 ////; 
ttag +41 ////; 
ttag +42 ////; 
ttag +43 ////; 
ttag +44 ////; 
ttag +45 ////; 
ttag +46 ////; 
ttag +47 ////; 
ttag +48 ////; 
ttag +49 36/2/13/21/6; 
ttag +50 100/100/100/100/100; 
ttag +51 83/76/66/79/77; 
ttag +52 84/78/66/77/68; 
ttag +53 68/64/57/68/56; 
ttag +54 24/[9]/?/?/?; 
ttag +55 99/99/98/99/98; 
ttag +56 16/[28]/?/?/?; 
ttag +57 43/17/?/2/?; 
ttag +58 83/80/73/75/75; 
ttag +59 99/99/98/99/98; 
ttag +60 99/99/98/99/98; 
ttag +61 100/100/100/100/99; 
ttag +62 25/0/5/9/1; 
ttag +63 73/59/56/74/57; 
ttag +64 100/100/99/100/100; 
ttag +65 76/63/60/79/58; 
ttag +66 87/79/71/80/75; 
ttag +67 70/60/60/70/55; 
ttag +68 30/[3]/2/?/2; 
ttag +69 100/100/100/100/100; 
ttag +70 89/86/78/88/74; 
ttag +71 90/88/79/86/71; 
ttag +72 78/69/67/76/63; 
ttag +73 99/99/94/98/96; 
ttag +74 77/72/60/78/54; 
ttag +75 86/84/70/80/76; 
ttag +76 58/38/34/39/29; 
ttag +77 96/96/92/95/90; 
ttag +78 100/100/100/100/100; 
ttag +79 94/91/87/96/82; 
ttag +80 49/30/12/46/18; 
ttag +81 97/96/90/98/93; 
ttag +82 100/100/99/100/100; 
ttag +83 27/0/3/?/?; 
ttag +84 51/44/38/38/44; 
ttag +85 94/94/92/95/90; 
ttag +86 90/87/73/92/79; 
ttag +87 94/91/84/90/80; 
ttag +88 88/86/80/82/80; 
ttag +89 99/99/98/98/95; 
ttag +90 98/98/90/96/95; 
ttag +91 97/96/92/94/94; 
ttag +92 97/97/95/98/90; 
ttag +93 99/99/98/99/95; 
ttag +94 69/62/53/72/57; 
