tread
'Tree with tags' 
(0 (1 ((((2 3 )(((4 5 )(6 7 ))(8 9 (10 (11 12 )))))((15 16 )(17 (18 (19 ((20 21 )((22 23 )(24 25 ))))))))((13 14 )((26 (27 (28 (29 30 ))))(39 ((31 ((32 33 )((34 35 )(36 (37 38 )))))(40 (41 (42 (43 ((44 45 )(46 47 ))))))))))))); 
ttag *!; 
ttag +49 ???; 
ttag +50 7; 
ttag +51 7; 
ttag +52 1; 
ttag +53 1; 
ttag +54 9; 
ttag +55 4; 
ttag +56 2; 
ttag +57 4; 
ttag +58 3; 
ttag +59 6; 
ttag +60 7; 
ttag +61 9; 
ttag +62 1; 
ttag +63 9; 
ttag +64 5; 
ttag +65 2; 
ttag +66 4; 
ttag +67 4; 
ttag +68 7; 
ttag +69 1; 
ttag +70 13; 
ttag +71 4; 
ttag +72 7; 
ttag +73 5; 
ttag +74 13; 
ttag +75 2; 
ttag +76 3; 
ttag +77 11; 
ttag +78 9; 
ttag +79 2; 
ttag +80 7; 
ttag +81 1; 
ttag +82 5; 
ttag +83 6; 
ttag +84 1; 
ttag +85 7; 
ttag +86 8; 
ttag +87 10; 
ttag +88 2; 
ttag +89 9; 
ttag +90 1; 
ttag +91 6; 
ttag +92 12; 
ttag +93 2; 
tread
'Tree with tags' 
(0 (1 ((((2 3 )(((4 5 )(6 7 ))(8 (9 (10 (11 12 ))))))((15 16 )(17 (18 (19 ((20 21 )((22 23 )(24 25 ))))))))((13 14 )((26 (27 (28 (29 30 ))))(39 ((31 ((32 33 )((34 35 )(36 (37 38 )))))(40 (41 (42 (43 ((44 45 )(46 47 ))))))))))))); 
ttag *!; 
ttag +0 ////; 
ttag +1 ////; 
ttag +2 ////; 
ttag +3 ////; 
ttag +4 ////; 
ttag +5 ////; 
ttag +6 ////; 
ttag +7 ////; 
ttag +8 ////; 
ttag +9 ////; 
ttag +10 ////; 
ttag +11 ////; 
ttag +12 ////; 
ttag +13 ////; 
ttag +14 ////; 
ttag +15 ////; 
ttag +16 ////; 
ttag +17 ////; 
ttag +18 ////; 
ttag +19 ////; 
ttag +20 ////; 
ttag +21 ////; 
ttag +22 ////; 
ttag +23 ////; 
ttag +24 ////; 
ttag +25 ////; 
ttag +26 ////; 
ttag +27 ////; 
ttag +28 ////; 
ttag +29 ////; 
ttag +30 ////; 
ttag +31 ////; 
ttag +32 ////; 
ttag +33 ////; 
ttag +34 ////; 
ttag +35 ////; 
ttag +36 ////; 
ttag +37 ////; 
ttag +38 ////; 
ttag +39 ////; 
ttag +40 ////; 
ttag +41 ////; 
ttag +42 ////; 
ttag +43 ////; 
ttag +44 ////; 
ttag +45 ////; 
ttag +46 ////; 
ttag +47 ////; 
ttag +48 ////; 
ttag +49 100/100/100/100/100; 
ttag +50 99/99/97/99/99; 
ttag +51 98/98/93/99/94; 
ttag +52 24/9/5/16/12; 
ttag +53 14/[1]/?/5/?; 
ttag +54 99/99/100/100/99; 
ttag +55 94/94/88/94/88; 
ttag +56 76/68/68/74/65; 
ttag +57 93/91/84/94/89; 
ttag +58 79/72/61/81/72; 
ttag +59 23/[15]/?/?/?; 
ttag +60 98/98/90/97/94; 
ttag +61 99/98/95/99/96; 
ttag +62 99/99/100/100/100; 
ttag +63 23/9/7/10/7; 
ttag +64 100/100/99/100/100; 
ttag +65 93/92/80/93/87; 
ttag +66 71/59/45/62/56; 
ttag +67 96/95/90/93/90; 
ttag +68 90/88/83/86/76; 
ttag +69 99/99/96/99/97; 
ttag +70 55/39/42/48/38; 
ttag +71 100/100/100/100/100; 
ttag +72 88/82/73/81/68; 
ttag +73 99/99/96/98/98; 
ttag +74 89/86/81/88/84; 
ttag +75 100/100/99/100/100; 
ttag +76 76/71/66/72/67; 
ttag +77 91/88/77/89/77; 
ttag +78 100/100/98/100/99; 
ttag +79 100/100/100/99/98; 
ttag +80 76/71/59/71/50; 
ttag +81 98/98/96/99/98; 
ttag +82 57/48/31/39/40; 
ttag +83 96/96/92/97/92; 
ttag +84 100/100/99/99/99; 
ttag +85 53/44/25/36/34; 
ttag +86 100/100/100/100/98; 
ttag +87 100/100/100/100/100; 
ttag +88 100/100/98/100/100; 
ttag +89 78/70/64/69/62; 
ttag +90 100/100/99/100/97; 
ttag +91 58/36/39/37/25; 
ttag +92 100/100/99/99/96; 
ttag +93 100/100/99/100/100; 
ttag +94 82/75/60/70/60; 
