tread
'Tree with tags' 
(0 (1 ((((2 3 )(8 ((9 ((4 5 )(6 7 )))(10 (11 12 )))))((26 (27 (28 (29 30 ))))((39 (31 (34 35 (32 33 )(36 (37 38 )))))((40 41 )(42 43 ((44 45 )(46 47 )))))))(13 14 )((15 16 )(17 (18 (19 ((20 21 )((22 23 )(24 25 )))))))))); 
ttag *!; 
ttag +49 ???; 
ttag +50 8; 
ttag +51 2; 
ttag +52 1; 
ttag +53 1; 
ttag +54 4; 
ttag +55 9; 
ttag +56 1; 
ttag +57 1; 
ttag +58 4; 
ttag +59 5; 
ttag +60 5; 
ttag +61 6; 
ttag +62 8; 
ttag +63 7; 
ttag +64 5; 
ttag +65 2; 
ttag +66 3; 
ttag +67 4; 
ttag +68 6; 
ttag +69 4; 
ttag +70 8; 
ttag +71 7; 
ttag +72 3; 
ttag +73 3; 
ttag +74 5; 
ttag +75 2; 
ttag +76 9; 
ttag +77 12; 
ttag +78 3; 
ttag +79 1; 
ttag +80 7; 
ttag +81 4; 
ttag +82 6; 
ttag +83 10; 
ttag +84 14; 
ttag +85 4; 
ttag +86 6; 
ttag +87 7; 
ttag +88 7; 
ttag +89 4; 
ttag +90 3; 
tread
'Tree with tags' 
(0 (1 ((((2 3 )(8 ((9 ((4 5 )(6 7 )))(10 (11 12 )))))((26 (27 (28 (29 30 ))))((39 (31 ((34 (32 33 ))(35 (36 (37 38 ))))))((40 41 )(42 (43 ((44 45 )(46 47 ))))))))((13 14 )((15 16 )(17 (18 (19 ((20 21 )((22 23 )(24 25 ))))))))))); 
ttag *!; 
ttag +0 ////; 
ttag +1 ////; 
ttag +2 ////; 
ttag +3 ////; 
ttag +4 ////; 
ttag +5 ////; 
ttag +6 ////; 
ttag +7 ////; 
ttag +8 ////; 
ttag +9 ////; 
ttag +10 ////; 
ttag +11 ////; 
ttag +12 ////; 
ttag +13 ////; 
ttag +14 ////; 
ttag +15 ////; 
ttag +16 ////; 
ttag +17 ////; 
ttag +18 ////; 
ttag +19 ////; 
ttag +20 ////; 
ttag +21 ////; 
ttag +22 ////; 
ttag +23 ////; 
ttag +24 ////; 
ttag +25 ////; 
ttag +26 ////; 
ttag +27 ////; 
ttag +28 ////; 
ttag +29 ////; 
ttag +30 ////; 
ttag +31 ////; 
ttag +32 ////; 
ttag +33 ////; 
ttag +34 ////; 
ttag +35 ////; 
ttag +36 ////; 
ttag +37 ////; 
ttag +38 ////; 
ttag +39 ////; 
ttag +40 ////; 
ttag +41 ////; 
ttag +42 ////; 
ttag +43 ////; 
ttag +44 ////; 
ttag +45 ////; 
ttag +46 ////; 
ttag +47 ////; 
ttag +48 ////; 
ttag +49 100/100/100/100/100; 
ttag +50 98/98/97/100/98; 
ttag +51 76/66/64/74/66; 
ttag +52 60/51/30/40/34; 
ttag +53 46/31/27/33/32; 
ttag +54 92/89/77/83/75; 
ttag +55 100/100/99/99/97; 
ttag +56 42/29/16/34/17; 
ttag +57 44/23/10/15/15; 
ttag +58 90/88/73/84/76; 
ttag +59 99/99/98/98/97; 
ttag +60 97/96/88/93/86; 
ttag +61 94/93/88/95/89; 
ttag +62 100/100/98/100/100; 
ttag +63 17/[8]/?/?/?; 
ttag +64 99/99/98/98/97; 
ttag +65 92/90/74/84/77; 
ttag +66 74/68/61/73/61; 
ttag +67 85/82/72/84/75; 
ttag +68 91/87/78/86/85; 
ttag +69 100/100/100/100/99; 
ttag +70 95/94/94/96/89; 
ttag +71 100/100/99/100/100; 
ttag +72 96/95/92/97/93; 
ttag +73 86/81/80/78/75; 
ttag +74 90/87/81/88/84; 
ttag +75 98/96/94/97/96; 
ttag +76 74/65/55/67/62; 
ttag +77 100/100/99/100/100; 
ttag +78 100/100/100/100/100; 
ttag +79 82/78/63/81/65; 
ttag +80 57/44/30/45/28; 
ttag +81 98/98/97/99/98; 
ttag +82 94/93/92/94/97; 
ttag +83 18/[16]/?/?/?; 
ttag +84 95/94/89/94/85; 
ttag +85 38/9/4/13/4; 
ttag +86 100/100/100/100/99; 
ttag +87 100/100/100/100/100; 
ttag +88 96/96/92/96/91; 
ttag +89 91/87/76/86/75; 
ttag +90 99/99/96/98/96; 
ttag +91 41/0/?/1/?; 
ttag +92 98/97/97/99/97; 
ttag +93 89/82/74/86/69; 
ttag +94 89/87/86/88/87; 
