tread
'Tree with tags' 
(0 ((1 ((2 3 )(((4 5 )(6 7 ))(8 9 (10 (11 12 ))))))((13 14 )(17 18 19 (15 16 )((20 21 )((22 23 )(24 25 ))))((26 27 (28 (29 30 )))(39 (31 (((32 33 )(36 (37 38 )))(34 35 )))((40 41 )(42 (43 ((44 45 )(46 47 )))))))))); 
ttag *!; 
ttag +49 1; 
ttag +50 ???; 
ttag +51 2; 
ttag +52 10; 
ttag +53 5; 
ttag +54 7; 
ttag +55 3; 
ttag +56 5; 
ttag +57 1; 
ttag +58 8; 
ttag +59 10; 
ttag +60 7; 
ttag +61 1; 
ttag +62 8; 
ttag +63 4; 
ttag +64 6; 
ttag +65 8; 
ttag +66 6; 
ttag +67 1; 
ttag +68 2; 
ttag +69 1; 
ttag +70 6; 
ttag +71 5; 
ttag +72 9; 
ttag +73 5; 
ttag +74 5; 
ttag +75 5; 
ttag +76 1; 
ttag +77 7; 
ttag +78 7; 
ttag +79 9; 
ttag +80 8; 
ttag +81 2; 
ttag +82 3; 
ttag +83 6; 
ttag +84 1; 
ttag +85 6; 
ttag +86 7; 
ttag +87 1; 
tread
'Tree with tags' 
(0 ((1 ((2 3 )(((4 5 )(6 7 ))(8 9 (10 (11 12 ))))))((13 14 )(17 18 19 (15 16 )((20 21 )((22 23 )(24 25 ))))((26 27 (28 (29 30 )))(39 (31 (((32 33 )(36 (37 38 )))(34 35 )))((40 41 )(42 (43 ((44 45 )(46 47 )))))))))); 
ttag *!; 
ttag +0 ////; 
ttag +1 ////; 
ttag +2 ////; 
ttag +3 ////; 
ttag +4 ////; 
ttag +5 ////; 
ttag +6 ////; 
ttag +7 ////; 
ttag +8 ////; 
ttag +9 ////; 
ttag +10 ////; 
ttag +11 ////; 
ttag +12 ////; 
ttag +13 ////; 
ttag +14 ////; 
ttag +15 ////; 
ttag +16 ////; 
ttag +17 ////; 
ttag +18 ////; 
ttag +19 ////; 
ttag +20 ////; 
ttag +21 ////; 
ttag +22 ////; 
ttag +23 ////; 
ttag +24 ////; 
ttag +25 ////; 
ttag +26 ////; 
ttag +27 ////; 
ttag +28 ////; 
ttag +29 ////; 
ttag +30 ////; 
ttag +31 ////; 
ttag +32 ////; 
ttag +33 ////; 
ttag +34 ////; 
ttag +35 ////; 
ttag +36 ////; 
ttag +37 ////; 
ttag +38 ////; 
ttag +39 ////; 
ttag +40 ////; 
ttag +41 ////; 
ttag +42 ////; 
ttag +43 ////; 
ttag +44 ////; 
ttag +45 ////; 
ttag +46 ////; 
ttag +47 ////; 
ttag +48 ////; 
ttag +49 46/16/10/20/11; 
ttag +50 100/100/100/100/100; 
ttag +51 83/72/58/73/52; 
ttag +52 99/99/97/99/97; 
ttag +53 97/97/96/99/96; 
ttag +54 98/97/98/99/95; 
ttag +55 71/56/47/63/58; 
ttag +56 98/98/90/96/86; 
ttag +57 40/25/13/24/20; 
ttag +58 95/93/91/97/93; 
ttag +59 100/100/100/100/100; 
ttag +60 99/98/100/100/99; 
ttag +61 40/20/15/28/20; 
ttag +62 100/100/100/100/99; 
ttag +63 94/92/82/91/84; 
ttag +64 99/99/100/100/100; 
ttag +65 100/100/99/100/99; 
ttag +66 96/94/93/97/94; 
ttag +67 59/38/38/45/42; 
ttag +68 90/90/83/88/89; 
ttag +69 62/48/40/52/44; 
ttag +70 98/98/96/98/96; 
ttag +71 98/98/97/98/96; 
ttag +72 100/100/100/100/100; 
ttag +73 97/97/93/96/96; 
ttag +74 97/96/91/96/91; 
ttag +75 90/84/84/94/82; 
ttag +76 57/52/51/61/54; 
ttag +77 99/99/99/99/98; 
ttag +78 98/98/98/98/95; 
ttag +79 100/100/99/99/99; 
ttag +80 99/99/98/100/99; 
ttag +81 85/81/66/74/65; 
ttag +82 91/90/76/87/76; 
ttag +83 98/98/97/98/94; 
ttag +84 48/33/14/28/9; 
ttag +85 100/100/100/100/98; 
ttag +86 99/99/96/99/95; 
ttag +87 40/24/21/24/19; 
