tread
'Tree with tags' 
(0 (((1 ((2 3 )((8 (9 ((4 5 )(6 7 ))))(10 (11 12 )))))((15 16 )(17 (18 (19 ((20 21 )((22 23 )(24 25 ))))))))((13 14 )((26 (27 28 (29 30 )))((39 (31 ((32 33 )((34 35 )(36 (37 38 ))))))((40 41 )(42 (43 (44 45 )(46 47 ))))))))); 
ttag *!; 
ttag +49 1; 
ttag +50 1; 
ttag +51 ???; 
ttag +52 5; 
ttag +53 8; 
ttag +54 13; 
ttag +55 3; 
ttag +56 1; 
ttag +57 1; 
ttag +58 5; 
ttag +59 2; 
ttag +60 5; 
ttag +61 8; 
ttag +62 10; 
ttag +63 1; 
ttag +64 14; 
ttag +65 2; 
ttag +66 3; 
ttag +67 7; 
ttag +68 3; 
ttag +69 10; 
ttag +70 7; 
ttag +71 7; 
ttag +72 10; 
ttag +73 2; 
ttag +74 4; 
ttag +75 5; 
ttag +76 5; 
ttag +77 6; 
ttag +78 4; 
ttag +79 1; 
ttag +80 4; 
ttag +81 8; 
ttag +82 3; 
ttag +83 2; 
ttag +84 1; 
ttag +85 11; 
ttag +86 10; 
ttag +87 3; 
ttag +88 6; 
ttag +89 9; 
ttag +90 4; 
ttag +91 7; 
ttag +92 3; 
tread
'Tree with tags' 
(0 (((1 ((2 3 )((8 (9 ((4 5 )(6 7 ))))(10 (11 12 )))))((15 16 )(17 (18 (19 ((20 21 )((22 23 )(24 25 ))))))))((13 14 )((26 (27 (28 (29 30 ))))((39 (31 ((32 33 )((34 35 )(36 (37 38 ))))))((40 41 )(42 ((43 (46 47 ))(44 45 ))))))))); 
ttag *!; 
ttag +0 ////; 
ttag +1 ////; 
ttag +2 ////; 
ttag +3 ////; 
ttag +4 ////; 
ttag +5 ////; 
ttag +6 ////; 
ttag +7 ////; 
ttag +8 ////; 
ttag +9 ////; 
ttag +10 ////; 
ttag +11 ////; 
ttag +12 ////; 
ttag +13 ////; 
ttag +14 ////; 
ttag +15 ////; 
ttag +16 ////; 
ttag +17 ////; 
ttag +18 ////; 
ttag +19 ////; 
ttag +20 ////; 
ttag +21 ////; 
ttag +22 ////; 
ttag +23 ////; 
ttag +24 ////; 
ttag +25 ////; 
ttag +26 ////; 
ttag +27 ////; 
ttag +28 ////; 
ttag +29 ////; 
ttag +30 ////; 
ttag +31 ////; 
ttag +32 ////; 
ttag +33 ////; 
ttag +34 ////; 
ttag +35 ////; 
ttag +36 ////; 
ttag +37 ////; 
ttag +38 ////; 
ttag +39 ////; 
ttag +40 ////; 
ttag +41 ////; 
ttag +42 ////; 
ttag +43 ////; 
ttag +44 ////; 
ttag +45 ////; 
ttag +46 ////; 
ttag +47 ////; 
ttag +48 ////; 
ttag +49 33/14/14/14/16; 
ttag +50 25/6/5/5/5; 
ttag +51 100/100/100/100/100; 
ttag +52 96/94/87/95/88; 
ttag +53 98/97/95/99/97; 
ttag +54 100/100/100/100/100; 
ttag +55 88/86/74/86/79; 
ttag +56 30/[14]/?/?/?; 
ttag +57 26/[7]/?/?/?; 
ttag +58 95/94/88/95/90; 
ttag +59 76/66/60/76/68; 
ttag +60 92/88/76/87/78; 
ttag +61 100/100/97/100/97; 
ttag +62 99/99/99/100/99; 
ttag +63 37/18/20/17/18; 
ttag +64 100/100/100/100/100; 
ttag +65 63/57/47/69/51; 
ttag +66 90/88/80/84/80; 
ttag +67 98/98/98/100/98; 
ttag +68 88/85/69/82/71; 
ttag +69 100/100/100/100/100; 
ttag +70 97/96/91/96/90; 
ttag +71 93/92/85/95/85; 
ttag +72 100/100/99/100/98; 
ttag +73 76/68/52/64/46; 
ttag +74 90/85/77/92/74; 
ttag +75 84/81/73/86/66; 
ttag +76 96/95/86/96/82; 
ttag +77 32/0/?/2/?; 
ttag +78 96/96/80/95/84; 
ttag +79 97/96/90/94/88; 
ttag +80 69/69/70/67/67; 
ttag +81 90/88/77/90/79; 
ttag +82 99/99/100/99/100; 
ttag +83 93/92/80/91/77; 
ttag +84 79/74/68/74/71; 
ttag +85 50/38/26/32/20; 
ttag +86 100/100/99/100/97; 
ttag +87 100/100/100/100/98; 
ttag +88 89/84/75/87/80; 
ttag +89 95/93/82/97/84; 
ttag +90 99/98/96/100/98; 
ttag +91 31/[18]/?/?/?; 
ttag +92 89/85/72/86/72; 
ttag +93 99/98/98/99/97; 
ttag +94 90/86/82/90/80; 
