tread
'Tree with tags' 
(0 ((1 ((13 14 )((26 (27 (28 (29 30 ))))(39 (31 ((32 33 )(34 35 ))(36 (37 38 )))((40 41 )(42 (43 ((44 45 )(46 47 )))))))))((3 (2 ((7 (6 (4 5 )))((8 9 )(10 (11 12 ))))))((17 (15 16 ))(18 (19 ((20 21 )((22 23 )(24 25 ))))))))); 
ttag *!; 
ttag +49 2; 
ttag +50 ???; 
ttag +51 1; 
ttag +52 6; 
ttag +53 1; 
ttag +54 9; 
ttag +55 2; 
ttag +56 10; 
ttag +57 2; 
ttag +58 3; 
ttag +59 2; 
ttag +60 8; 
ttag +61 6; 
ttag +62 8; 
ttag +63 1; 
ttag +64 5; 
ttag +65 1; 
ttag +66 8; 
ttag +67 7; 
ttag +68 6; 
ttag +69 9; 
ttag +70 7; 
ttag +71 7; 
ttag +72 3; 
ttag +73 6; 
ttag +74 8; 
ttag +75 5; 
ttag +76 1; 
ttag +77 5; 
ttag +78 11; 
ttag +79 6; 
ttag +80 8; 
ttag +81 6; 
ttag +82 1; 
ttag +83 2; 
ttag +84 9; 
ttag +85 4; 
ttag +86 3; 
ttag +87 7; 
ttag +88 6; 
ttag +89 2; 
ttag +90 9; 
ttag +91 10; 
ttag +92 8; 
tread
'Tree with tags' 
(0 ((1 ((13 14 )((26 (27 (28 (29 30 ))))(39 ((31 (((32 33 )(34 35 ))(36 (37 38 ))))((40 41 )(42 (43 ((44 45 )(46 47 ))))))))))((3 (2 ((7 (6 (4 5 )))((8 9 )(10 (11 12 ))))))((17 (15 16 ))(18 (19 ((20 21 )((22 23 )(24 25 ))))))))); 
ttag *!; 
ttag +0 ////; 
ttag +1 ////; 
ttag +2 ////; 
ttag +3 ////; 
ttag +4 ////; 
ttag +5 ////; 
ttag +6 ////; 
ttag +7 ////; 
ttag +8 ////; 
ttag +9 ////; 
ttag +10 ////; 
ttag +11 ////; 
ttag +12 ////; 
ttag +13 ////; 
ttag +14 ////; 
ttag +15 ////; 
ttag +16 ////; 
ttag +17 ////; 
ttag +18 ////; 
ttag +19 ////; 
ttag +20 ////; 
ttag +21 ////; 
ttag +22 ////; 
ttag +23 ////; 
ttag +24 ////; 
ttag +25 ////; 
ttag +26 ////; 
ttag +27 ////; 
ttag +28 ////; 
ttag +29 ////; 
ttag +30 ////; 
ttag +31 ////; 
ttag +32 ////; 
ttag +33 ////; 
ttag +34 ////; 
ttag +35 ////; 
ttag +36 ////; 
ttag +37 ////; 
ttag +38 ////; 
ttag +39 ////; 
ttag +40 ////; 
ttag +41 ////; 
ttag +42 ////; 
ttag +43 ////; 
ttag +44 ////; 
ttag +45 ////; 
ttag +46 ////; 
ttag +47 ////; 
ttag +48 ////; 
ttag +49 35/25/13/31/26; 
ttag +50 100/100/100/100/100; 
ttag +51 42/5/?/2/?; 
ttag +52 98/97/91/95/92; 
ttag +53 36/21/11/12/20; 
ttag +54 100/100/100/100/100; 
ttag +55 59/41/35/47/29; 
ttag +56 100/100/100/100/100; 
ttag +57 72/64/60/70/61; 
ttag +58 82/78/76/86/77; 
ttag +59 58/45/31/40/29; 
ttag +60 99/99/98/99/97; 
ttag +61 98/98/95/98/95; 
ttag +62 100/100/98/100/98; 
ttag +63 33/19/13/23/17; 
ttag +64 95/94/90/96/95; 
ttag +65 42/2/?/?/2; 
ttag +66 100/100/98/99/98; 
ttag +67 98/98/95/98/97; 
ttag +68 99/99/98/99/98; 
ttag +69 100/100/100/100/100; 
ttag +70 100/100/98/99/98; 
ttag +71 100/100/99/100/100; 
ttag +72 82/72/64/80/66; 
ttag +73 98/97/97/95/92; 
ttag +74 100/100/98/99/98; 
ttag +75 87/83/69/89/77; 
ttag +76 44/28/34/44/32; 
ttag +77 99/99/92/97/92; 
ttag +78 100/100/100/100/99; 
ttag +79 95/94/89/99/94; 
ttag +80 35/10/8/16/11; 
ttag +81 97/96/91/96/94; 
ttag +82 98/98/97/98/92; 
ttag +83 47/38/28/44/36; 
ttag +84 27/[10]/?/?/?; 
ttag +85 90/89/82/85/83; 
ttag +86 100/100/100/100/99; 
ttag +87 97/97/92/94/93; 
ttag +88 82/75/67/83/72; 
ttag +89 98/98/96/99/94; 
ttag +90 99/99/96/98/98; 
ttag +91 78/72/63/72/67; 
ttag +92 100/100/100/100/100; 
ttag +93 100/100/99/99/100; 
ttag +94 100/100/99/99/99; 
