tread
'Tree with tags' 
(0 ((1 (((2 3 )((10 ((4 5 )(6 7 )))(8 (9 (11 12 )))))(13 14 )))((17 (15 16 )(18 (19 ((20 21 )((22 23 )(24 25 ))))))((27 (26 (28 (29 30 ))))((39 (31 (((32 33 )(36 (37 38 )))(34 35 ))))(40 41 )(43 (42 ((44 45 )(46 47 ))))))))); 
ttag *!; 
ttag +49 1; 
ttag +50 ???; 
ttag +51 3; 
ttag +52 11; 
ttag +53 1; 
ttag +54 6; 
ttag +55 4; 
ttag +56 2; 
ttag +57 3; 
ttag +58 2; 
ttag +59 2; 
ttag +60 2; 
ttag +61 7; 
ttag +62 8; 
ttag +63 6; 
ttag +64 5; 
ttag +65 3; 
ttag +66 4; 
ttag +67 1; 
ttag +68 9; 
ttag +69 2; 
ttag +70 4; 
ttag +71 1; 
ttag +72 4; 
ttag +73 1; 
ttag +74 7; 
ttag +75 4; 
ttag +76 8; 
ttag +77 7; 
ttag +78 5; 
ttag +79 2; 
ttag +80 3; 
ttag +81 7; 
ttag +82 1; 
ttag +83 6; 
ttag +84 5; 
ttag +85 11; 
ttag +86 9; 
ttag +87 2; 
ttag +88 2; 
ttag +89 8; 
ttag +90 6; 
ttag +91 7; 
ttag +92 2; 
tread
'Tree with tags' 
(0 ((1 (((2 3 )((10 ((4 5 )(6 7 )))(8 (9 (11 12 )))))(13 14 )))((17 ((15 16 )(18 (19 ((20 21 )((22 23 )(24 25 )))))))((27 (26 (28 (29 30 ))))(((39 (31 (((32 33 )(36 (37 38 )))(34 35 ))))(40 41 ))(43 (42 ((44 45 )(46 47 ))))))))); 
ttag *!; 
ttag +0 ////; 
ttag +1 ////; 
ttag +2 ////; 
ttag +3 ////; 
ttag +4 ////; 
ttag +5 ////; 
ttag +6 ////; 
ttag +7 ////; 
ttag +8 ////; 
ttag +9 ////; 
ttag +10 ////; 
ttag +11 ////; 
ttag +12 ////; 
ttag +13 ////; 
ttag +14 ////; 
ttag +15 ////; 
ttag +16 ////; 
ttag +17 ////; 
ttag +18 ////; 
ttag +19 ////; 
ttag +20 ////; 
ttag +21 ////; 
ttag +22 ////; 
ttag +23 ////; 
ttag +24 ////; 
ttag +25 ////; 
ttag +26 ////; 
ttag +27 ////; 
ttag +28 ////; 
ttag +29 ////; 
ttag +30 ////; 
ttag +31 ////; 
ttag +32 ////; 
ttag +33 ////; 
ttag +34 ////; 
ttag +35 ////; 
ttag +36 ////; 
ttag +37 ////; 
ttag +38 ////; 
ttag +39 ////; 
ttag +40 ////; 
ttag +41 ////; 
ttag +42 ////; 
ttag +43 ////; 
ttag +44 ////; 
ttag +45 ////; 
ttag +46 ////; 
ttag +47 ////; 
ttag +48 ////; 
ttag +49 27/4/9/5/?; 
ttag +50 100/100/100/100/100; 
ttag +51 81/72/58/76/52; 
ttag +52 100/100/100/100/100; 
ttag +53 34/11/12/12/7; 
ttag +54 97/97/94/96/94; 
ttag +55 87/82/66/83/68; 
ttag +56 52/23/27/28/18; 
ttag +57 80/77/64/75/59; 
ttag +58 64/46/47/59/45; 
ttag +59 60/44/46/44/43; 
ttag +60 59/44/48/45/40; 
ttag +61 99/99/99/100/97; 
ttag +62 99/99/98/99/98; 
ttag +63 88/86/84/93/81; 
ttag +64 16/[26]/?/?/?; 
ttag +65 89/87/77/93/76; 
ttag +66 56/42/40/54/35; 
ttag +67 91/90/80/88/78; 
ttag +68 29/2/8/10/0; 
ttag +69 100/100/100/100/100; 
ttag +70 58/38/30/34/20; 
ttag +71 95/94/88/97/96; 
ttag +72 66/49/45/52/49; 
ttag +73 92/91/87/91/89; 
ttag +74 54/26/18/22/16; 
ttag +75 100/100/97/99/96; 
ttag +76 88/82/73/83/64; 
ttag +77 99/99/98/100/100; 
ttag +78 100/100/100/100/99; 
ttag +79 98/98/95/98/94; 
ttag +80 66/50/43/42/36; 
ttag +81 31/[4]/?/?/?; 
ttag +82 87/85/79/86/79; 
ttag +83 100/100/100/99/99; 
ttag +84 43/27/15/27/17; 
ttag +85 98/97/94/98/94; 
ttag +86 94/93/90/92/91; 
ttag +87 99/99/100/100/100; 
ttag +88 99/98/99/100/98; 
ttag +89 59/47/34/47/34; 
ttag +90 52/37/35/44/33; 
ttag +91 98/98/98/99/99; 
ttag +92 98/98/92/96/91; 
ttag +93 99/98/94/99/91; 
ttag +94 64/56/56/56/41; 
