tread
'Tree with tags' 
(0 ((1 ((2 3 )(((4 5 )(6 7 ))((8 9 )(10 (11 12 ))))))((13 14 )((17 ((15 16 )(18 (19 ((20 21 )((22 23 )(24 25 )))))))((26 (27 (28 (29 30 ))))((31 ((32 33 )((34 35 )(36 (37 38 )))))(39 ((40 41 )(42 43 ((44 45 )(46 47 ))))))))))); 
ttag *!; 
ttag +49 2; 
ttag +50 ???; 
ttag +51 5; 
ttag +52 14; 
ttag +53 4; 
ttag +54 3; 
ttag +55 3; 
ttag +56 3; 
ttag +57 1; 
ttag +58 2; 
ttag +59 4; 
ttag +60 9; 
ttag +61 8; 
ttag +62 2; 
ttag +63 11; 
ttag +64 2; 
ttag +65 4; 
ttag +66 2; 
ttag +67 3; 
ttag +68 1; 
ttag +69 11; 
ttag +70 4; 
ttag +71 9; 
ttag +72 6; 
ttag +73 7; 
ttag +74 8; 
ttag +75 7; 
ttag +76 3; 
ttag +77 6; 
ttag +78 9; 
ttag +79 3; 
ttag +80 5; 
ttag +81 7; 
ttag +82 2; 
ttag +83 4; 
ttag +84 1; 
ttag +85 7; 
ttag +86 9; 
ttag +87 2; 
ttag +88 5; 
ttag +89 8; 
ttag +90 11; 
ttag +91 9; 
ttag +92 4; 
ttag +93 1; 
tread
'Tree with tags' 
(0 ((1 ((2 3 )(((4 5 )(6 7 ))((8 9 )(10 (11 12 ))))))((13 14 )((17 ((15 16 )(18 (19 ((20 21 )((22 23 )(24 25 )))))))((26 (27 (28 (29 30 ))))((31 ((32 33 )((34 35 )(36 (37 38 )))))(39 ((40 41 )((42 43 )((44 45 )(46 47 ))))))))))); 
ttag *!; 
ttag +0 ////; 
ttag +1 ////; 
ttag +2 ////; 
ttag +3 ////; 
ttag +4 ////; 
ttag +5 ////; 
ttag +6 ////; 
ttag +7 ////; 
ttag +8 ////; 
ttag +9 ////; 
ttag +10 ////; 
ttag +11 ////; 
ttag +12 ////; 
ttag +13 ////; 
ttag +14 ////; 
ttag +15 ////; 
ttag +16 ////; 
ttag +17 ////; 
ttag +18 ////; 
ttag +19 ////; 
ttag +20 ////; 
ttag +21 ////; 
ttag +22 ////; 
ttag +23 ////; 
ttag +24 ////; 
ttag +25 ////; 
ttag +26 ////; 
ttag +27 ////; 
ttag +28 ////; 
ttag +29 ////; 
ttag +30 ////; 
ttag +31 ////; 
ttag +32 ////; 
ttag +33 ////; 
ttag +34 ////; 
ttag +35 ////; 
ttag +36 ////; 
ttag +37 ////; 
ttag +38 ////; 
ttag +39 ////; 
ttag +40 ////; 
ttag +41 ////; 
ttag +42 ////; 
ttag +43 ////; 
ttag +44 ////; 
ttag +45 ////; 
ttag +46 ////; 
ttag +47 ////; 
ttag +48 ////; 
ttag +49 45/30/16/43/30; 
ttag +50 100/100/100/100/100; 
ttag +51 96/96/92/95/92; 
ttag +52 100/100/100/100/100; 
ttag +53 86/80/52/80/54; 
ttag +54 80/77/63/76/62; 
ttag +55 60/46/32/59/34; 
ttag +56 84/80/70/80/73; 
ttag +57 36/22/14/28/24; 
ttag +58 47/36/22/38/24; 
ttag +59 86/82/65/80/68; 
ttag +60 100/100/99/100/99; 
ttag +61 99/99/98/99/98; 
ttag +62 44/30/14/40/27; 
ttag +63 99/99/99/100/100; 
ttag +64 47/22/13/32/8; 
ttag +65 78/68/63/79/63; 
ttag +66 37/22/12/34/13; 
ttag +67 93/91/87/91/87; 
ttag +68 77/77/77/66/72; 
ttag +69 100/100/100/100/100; 
ttag +70 99/99/98/98/94; 
ttag +71 100/100/98/100/100; 
ttag +72 100/100/99/100/96; 
ttag +73 100/100/99/100/97; 
ttag +74 100/100/99/100/100; 
ttag +75 98/98/93/98/94; 
ttag +76 90/88/79/88/83; 
ttag +77 97/97/95/96/94; 
ttag +78 100/100/100/99/100; 
ttag +79 69/60/52/58/49; 
ttag +80 93/92/89/95/84; 
ttag +81 99/98/94/99/98; 
ttag +82 78/71/60/64/68; 
ttag +83 95/94/94/98/93; 
ttag +84 46/14/13/18/4; 
ttag +85 97/96/91/98/94; 
ttag +86 100/100/99/100/99; 
ttag +87 69/59/45/58/50; 
ttag +88 96/95/87/95/89; 
ttag +89 99/98/94/99/94; 
ttag +90 46/21/29/17/21; 
ttag +91 100/100/98/100/99; 
ttag +92 100/100/100/100/100; 
ttag +93 93/92/82/86/88; 
ttag +94 40/23/20/20/15; 
