tread
'Tree with tags' 
(0 (1 ((2 3 )(8 9 ((4 5 )(6 7 ))(10 (11 12 ))))(((13 14 )((15 16 )(17 (19 (18 ((20 21 )((22 23 )(24 25 ))))))))((26 (27 (28 (29 30 ))))(39 (31 ((32 33 )((34 35 )(36 (37 38 )))))(40 41 (42 (43 ((44 45 )(46 47 )))))))))); 
ttag *!; 
ttag +49 ???; 
ttag +50 6; 
ttag +51 9; 
ttag +52 1; 
ttag +53 8; 
ttag +54 2; 
ttag +55 2; 
ttag +56 6; 
ttag +57 10; 
ttag +58 7; 
ttag +59 2; 
ttag +60 1; 
ttag +61 11; 
ttag +62 3; 
ttag +63 6; 
ttag +64 1; 
ttag +65 2; 
ttag +66 6; 
ttag +67 5; 
ttag +68 8; 
ttag +69 8; 
ttag +70 3; 
ttag +71 12; 
ttag +72 6; 
ttag +73 3; 
ttag +74 7; 
ttag +75 10; 
ttag +76 5; 
ttag +77 5; 
ttag +78 6; 
ttag +79 1; 
ttag +80 4; 
ttag +81 1; 
ttag +82 12; 
ttag +83 11; 
ttag +84 8; 
ttag +85 7; 
ttag +86 2; 
ttag +87 5; 
ttag +88 7; 
ttag +89 3; 
tread
'Tree with tags' 
(0 (1 ((2 3 )(8 9 ((4 5 )(6 7 ))(10 (11 12 ))))(((13 14 )((15 16 )(17 (19 (18 ((20 21 )((22 23 )(24 25 ))))))))((26 (27 (28 (29 30 ))))(39 (31 ((32 33 )((34 35 )(36 (37 38 )))))(40 41 (42 (43 ((44 45 )(46 47 )))))))))); 
ttag *!; 
ttag +0 ////; 
ttag +1 ////; 
ttag +2 ////; 
ttag +3 ////; 
ttag +4 ////; 
ttag +5 ////; 
ttag +6 ////; 
ttag +7 ////; 
ttag +8 ////; 
ttag +9 ////; 
ttag +10 ////; 
ttag +11 ////; 
ttag +12 ////; 
ttag +13 ////; 
ttag +14 ////; 
ttag +15 ////; 
ttag +16 ////; 
ttag +17 ////; 
ttag +18 ////; 
ttag +19 ////; 
ttag +20 ////; 
ttag +21 ////; 
ttag +22 ////; 
ttag +23 ////; 
ttag +24 ////; 
ttag +25 ////; 
ttag +26 ////; 
ttag +27 ////; 
ttag +28 ////; 
ttag +29 ////; 
ttag +30 ////; 
ttag +31 ////; 
ttag +32 ////; 
ttag +33 ////; 
ttag +34 ////; 
ttag +35 ////; 
ttag +36 ////; 
ttag +37 ////; 
ttag +38 ////; 
ttag +39 ////; 
ttag +40 ////; 
ttag +41 ////; 
ttag +42 ////; 
ttag +43 ////; 
ttag +44 ////; 
ttag +45 ////; 
ttag +46 ////; 
ttag +47 ////; 
ttag +48 ////; 
ttag +49 100/100/100/100/100; 
ttag +50 98/98/96/98/96; 
ttag +51 98/98/96/99/98; 
ttag +52 71/59/60/58/47; 
ttag +53 99/99/96/98/96; 
ttag +54 76/72/56/66/53; 
ttag +55 80/75/70/73/73; 
ttag +56 96/94/87/96/84; 
ttag +57 100/100/99/100/100; 
ttag +58 99/98/94/97/96; 
ttag +59 66/56/46/66/41; 
ttag +60 60/50/38/46/27; 
ttag +61 100/100/98/100/100; 
ttag +62 76/66/60/71/51; 
ttag +63 99/98/97/99/98; 
ttag +64 38/29/32/40/27; 
ttag +65 76/68/58/62/64; 
ttag +66 98/98/99/98/97; 
ttag +67 89/85/77/92/86; 
ttag +68 99/99/100/99/99; 
ttag +69 100/100/100/100/100; 
ttag +70 87/81/76/78/69; 
ttag +71 100/100/99/100/100; 
ttag +72 95/94/87/96/89; 
ttag +73 92/88/80/87/79; 
ttag +74 100/100/95/98/95; 
ttag +75 100/100/99/98/98; 
ttag +76 93/90/82/92/84; 
ttag +77 97/96/85/97/89; 
ttag +78 99/98/97/98/96; 
ttag +79 46/31/22/40/26; 
ttag +80 96/94/93/96/92; 
ttag +81 56/49/32/56/39; 
ttag +82 100/100/100/100/100; 
ttag +83 100/100/99/100/100; 
ttag +84 99/99/97/99/99; 
ttag +85 100/100/96/98/98; 
ttag +86 81/77/70/73/67; 
ttag +87 97/97/94/97/93; 
ttag +88 99/99/95/99/97; 
ttag +89 88/85/74/89/76; 
