tread
'Tree with tags' 
(0 ((1 (((13 14 )((15 16 )(17 (18 (19 ((20 21 )((22 23 )(24 25 ))))))))((26 (27 (28 (29 30 ))))((39 (31 (((32 33 )(34 35 ))(36 (37 38 )))))((40 41 )(42 (43 ((44 45 )(46 47 )))))))))(((2 3 )((8 9 )(10 (11 12 ))))((4 5 )(6 7 ))))); 
ttag *!; 
ttag +49 1; 
ttag +50 ???; 
ttag +51 9; 
ttag +52 2; 
ttag +53 9; 
ttag +54 8; 
ttag +55 2; 
ttag +56 6; 
ttag +57 1; 
ttag +58 1; 
ttag +59 4; 
ttag +60 5; 
ttag +61 6; 
ttag +62 3; 
ttag +63 2; 
ttag +64 15; 
ttag +65 5; 
ttag +66 4; 
ttag +67 10; 
ttag +68 2; 
ttag +69 6; 
ttag +70 8; 
ttag +71 8; 
ttag +72 4; 
ttag +73 4; 
ttag +74 5; 
ttag +75 5; 
ttag +76 4; 
ttag +77 3; 
ttag +78 9; 
ttag +79 8; 
ttag +80 1; 
ttag +81 9; 
ttag +82 6; 
ttag +83 1; 
ttag +84 2; 
ttag +85 1; 
ttag +86 6; 
ttag +87 6; 
ttag +88 3; 
ttag +89 4; 
ttag +90 10; 
ttag +91 3; 
ttag +92 5; 
ttag +93 2; 
ttag +94 1; 
tread
'Tree with tags' 
(0 ((1 (((13 14 )((15 16 )(17 (18 (19 ((20 21 )((22 23 )(24 25 ))))))))((26 (27 (28 (29 30 ))))((39 (31 (((32 33 )(34 35 ))(36 (37 38 )))))((40 41 )(42 (43 ((44 45 )(46 47 )))))))))(((2 3 )((8 9 )(10 (11 12 ))))((4 5 )(6 7 ))))); 
ttag *!; 
ttag +0 ////; 
ttag +1 ////; 
ttag +2 ////; 
ttag +3 ////; 
ttag +4 ////; 
ttag +5 ////; 
ttag +6 ////; 
ttag +7 ////; 
ttag +8 ////; 
ttag +9 ////; 
ttag +10 ////; 
ttag +11 ////; 
ttag +12 ////; 
ttag +13 ////; 
ttag +14 ////; 
ttag +15 ////; 
ttag +16 ////; 
ttag +17 ////; 
ttag +18 ////; 
ttag +19 ////; 
ttag +20 ////; 
ttag +21 ////; 
ttag +22 ////; 
ttag +23 ////; 
ttag +24 ////; 
ttag +25 ////; 
ttag +26 ////; 
ttag +27 ////; 
ttag +28 ////; 
ttag +29 ////; 
ttag +30 ////; 
ttag +31 ////; 
ttag +32 ////; 
ttag +33 ////; 
ttag +34 ////; 
ttag +35 ////; 
ttag +36 ////; 
ttag +37 ////; 
ttag +38 ////; 
ttag +39 ////; 
ttag +40 ////; 
ttag +41 ////; 
ttag +42 ////; 
ttag +43 ////; 
ttag +44 ////; 
ttag +45 ////; 
ttag +46 ////; 
ttag +47 ////; 
ttag +48 ////; 
ttag +49 42/32/20/29/23; 
ttag +50 100/100/100/100/100; 
ttag +51 100/100/100/100/100; 
ttag +52 48/28/17/32/21; 
ttag +53 99/99/96/99/97; 
ttag +54 99/98/97/99/96; 
ttag +55 66/58/54/62/56; 
ttag +56 95/94/88/96/90; 
ttag +57 54/41/38/39/35; 
ttag +58 44/32/21/33/22; 
ttag +59 95/94/86/94/87; 
ttag +60 97/96/92/95/92; 
ttag +61 99/99/97/98/98; 
ttag +62 85/83/72/81/71; 
ttag +63 57/42/32/53/34; 
ttag +64 100/100/100/100/100; 
ttag +65 93/92/83/96/84; 
ttag +66 87/84/71/89/72; 
ttag +67 98/98/98/100/97; 
ttag +68 78/72/49/70/53; 
ttag +69 99/99/96/99/95; 
ttag +70 98/98/96/98/96; 
ttag +71 100/100/98/98/99; 
ttag +72 90/86/79/86/72; 
ttag +73 98/98/96/98/97; 
ttag +74 99/99/93/97/93; 
ttag +75 88/86/81/90/72; 
ttag +76 88/85/79/87/79; 
ttag +77 90/89/83/88/87; 
ttag +78 100/100/100/100/100; 
ttag +79 100/100/94/99/94; 
ttag +80 36/19/4/24/6; 
ttag +81 99/99/98/99/97; 
ttag +82 96/94/90/96/93; 
ttag +83 75/68/65/57/64; 
ttag +84 56/33/32/56/40; 
ttag +85 66/53/49/50/52; 
ttag +86 97/96/95/98/95; 
ttag +87 97/97/95/99/97; 
ttag +88 87/86/79/82/84; 
ttag +89 86/85/68/82/74; 
ttag +90 99/99/99/100/98; 
ttag +91 88/84/74/86/73; 
ttag +92 98/98/96/96/96; 
ttag +93 76/66/62/68/55; 
ttag +94 55/24/28/40/34; 
