tread
'Tree with tags' 
(0 (1 ((((2 3 )((6 7 (4 5 ))(8 9 (10 (11 12 )))))((26 (27 (28 (29 30 ))))((39 (31 (((32 33 )(36 (37 38 )))(34 35 ))))((40 41 )(42 (43 (44 45 )(46 47 )))))))((13 14 )((15 16 )(17 (18 19 ((20 21 )((22 23 )(24 25 )))))))))); 
ttag *!; 
ttag +49 ???; 
ttag +50 3; 
ttag +51 3; 
ttag +52 2; 
ttag +53 1; 
ttag +54 7; 
ttag +55 5; 
ttag +56 2; 
ttag +57 1; 
ttag +58 2; 
ttag +59 3; 
ttag +60 9; 
ttag +61 1; 
ttag +62 13; 
ttag +63 3; 
ttag +64 1; 
ttag +65 9; 
ttag +66 5; 
ttag +67 6; 
ttag +68 3; 
ttag +69 3; 
ttag +70 3; 
ttag +71 9; 
ttag +72 2; 
ttag +73 3; 
ttag +74 1; 
ttag +75 5; 
ttag +76 6; 
ttag +77 3; 
ttag +78 3; 
ttag +79 6; 
ttag +80 2; 
ttag +81 10; 
ttag +82 3; 
ttag +83 8; 
ttag +84 6; 
ttag +85 5; 
ttag +86 3; 
ttag +87 7; 
ttag +88 3; 
ttag +89 8; 
ttag +90 4; 
tread
'Tree with tags' 
(0 (1 ((((2 3 )(((4 5 )(6 7 ))((8 9 )(10 (11 12 )))))((26 (27 (28 (29 30 ))))((39 (31 (((32 33 )(36 (37 38 )))(34 35 ))))((40 41 )(42 ((43 (44 45 ))(46 47 )))))))((13 14 )((15 16 )(17 (19 (18 ((20 21 )((22 23 )(24 25 ))))))))))); 
ttag *!; 
ttag +0 ////; 
ttag +1 ////; 
ttag +2 ////; 
ttag +3 ////; 
ttag +4 ////; 
ttag +5 ////; 
ttag +6 ////; 
ttag +7 ////; 
ttag +8 ////; 
ttag +9 ////; 
ttag +10 ////; 
ttag +11 ////; 
ttag +12 ////; 
ttag +13 ////; 
ttag +14 ////; 
ttag +15 ////; 
ttag +16 ////; 
ttag +17 ////; 
ttag +18 ////; 
ttag +19 ////; 
ttag +20 ////; 
ttag +21 ////; 
ttag +22 ////; 
ttag +23 ////; 
ttag +24 ////; 
ttag +25 ////; 
ttag +26 ////; 
ttag +27 ////; 
ttag +28 ////; 
ttag +29 ////; 
ttag +30 ////; 
ttag +31 ////; 
ttag +32 ////; 
ttag +33 ////; 
ttag +34 ////; 
ttag +35 ////; 
ttag +36 ////; 
ttag +37 ////; 
ttag +38 ////; 
ttag +39 ////; 
ttag +40 ////; 
ttag +41 ////; 
ttag +42 ////; 
ttag +43 ////; 
ttag +44 ////; 
ttag +45 ////; 
ttag +46 ////; 
ttag +47 ////; 
ttag +48 ////; 
ttag +49 100/100/100/100/100; 
ttag +50 82/75/72/76/66; 
ttag +51 78/66/61/72/67; 
ttag +52 45/33/25/40/28; 
ttag +53 32/20/20/28/24; 
ttag +54 100/100/99/100/97; 
ttag +55 97/96/90/96/90; 
ttag +56 86/80/74/78/73; 
ttag +57 28/[21]/?/?/?; 
ttag +58 8/[10]/?/?/?; 
ttag +59 48/30/21/30/23; 
ttag +60 74/61/61/74/60; 
ttag +61 90/89/79/88/77; 
ttag +62 100/100/100/100/100; 
ttag +63 43/36/29/42/30; 
ttag +64 100/100/100/100/100; 
ttag +65 87/84/81/85/74; 
ttag +66 57/34/32/35/30; 
ttag +67 24/[14]/?/?/?; 
ttag +68 100/100/98/100/96; 
ttag +69 100/100/100/99/99; 
ttag +70 97/96/94/97/89; 
ttag +71 90/86/80/88/86; 
ttag +72 86/81/69/81/73; 
ttag +73 87/80/72/78/74; 
ttag +74 100/100/99/100/99; 
ttag +75 58/50/35/60/42; 
ttag +76 88/82/68/81/69; 
ttag +77 69/59/53/57/44; 
ttag +78 98/97/94/97/93; 
ttag +79 99/99/98/100/95; 
ttag +80 87/84/77/84/68; 
ttag +81 92/91/81/89/72; 
ttag +82 97/96/96/98/95; 
ttag +83 85/82/71/74/70; 
ttag +84 100/100/100/100/99; 
ttag +85 84/82/78/83/78; 
ttag +86 100/100/100/99/99; 
ttag +87 99/98/97/98/95; 
ttag +88 100/100/99/99/98; 
ttag +89 89/88/78/88/73; 
ttag +90 99/99/98/99/97; 
ttag +91 23/0/?/?/?; 
ttag +92 88/84/74/84/78; 
ttag +93 99/99/99/100/99; 
ttag +94 95/92/92/94/90; 
