tread
'Tree with tags' 
(0 (1 (((2 3 )(((4 5 )(6 7 ))(8 (9 (10 (11 12 ))))))((13 14 )((15 16 )(17 (18 (19 ((20 21 )((22 23 )(24 25 )))))))))((26 (27 28 (29 30 )))(39 ((31 (((32 33 )(34 35 ))(36 (37 38 ))))((40 41 )(42 (43 ((44 45 )(46 47 )))))))))); 
ttag *!; 
ttag +49 ???; 
ttag +50 6; 
ttag +51 11; 
ttag +52 1; 
ttag +53 5; 
ttag +54 3; 
ttag +55 2; 
ttag +56 6; 
ttag +57 4; 
ttag +58 4; 
ttag +59 7; 
ttag +60 7; 
ttag +61 9; 
ttag +62 1; 
ttag +63 14; 
ttag +64 6; 
ttag +65 7; 
ttag +66 9; 
ttag +67 1; 
ttag +68 10; 
ttag +69 12; 
ttag +70 7; 
ttag +71 4; 
ttag +72 8; 
ttag +73 5; 
ttag +74 3; 
ttag +75 4; 
ttag +76 6; 
ttag +77 10; 
ttag +78 2; 
ttag +79 8; 
ttag +80 4; 
ttag +81 1; 
ttag +82 1; 
ttag +83 7; 
ttag +84 8; 
ttag +85 6; 
ttag +86 1; 
ttag +87 6; 
ttag +88 7; 
ttag +89 3; 
ttag +90 8; 
ttag +91 2; 
ttag +92 3; 
tread
'Tree with tags' 
(0 ((1 ((26 (28 (27 (29 30 ))))(39 ((31 (((32 33 )(34 35 ))(36 (37 38 ))))((40 41 )(42 (43 ((44 45 )(46 47 )))))))))(((2 3 )(((4 5 )(6 7 ))(8 (9 (10 (11 12 ))))))((13 14 )((15 16 )(17 (18 (19 ((20 21 )((22 23 )(24 25 ))))))))))); 
ttag *!; 
ttag +0 ////; 
ttag +1 ////; 
ttag +2 ////; 
ttag +3 ////; 
ttag +4 ////; 
ttag +5 ////; 
ttag +6 ////; 
ttag +7 ////; 
ttag +8 ////; 
ttag +9 ////; 
ttag +10 ////; 
ttag +11 ////; 
ttag +12 ////; 
ttag +13 ////; 
ttag +14 ////; 
ttag +15 ////; 
ttag +16 ////; 
ttag +17 ////; 
ttag +18 ////; 
ttag +19 ////; 
ttag +20 ////; 
ttag +21 ////; 
ttag +22 ////; 
ttag +23 ////; 
ttag +24 ////; 
ttag +25 ////; 
ttag +26 ////; 
ttag +27 ////; 
ttag +28 ////; 
ttag +29 ////; 
ttag +30 ////; 
ttag +31 ////; 
ttag +32 ////; 
ttag +33 ////; 
ttag +34 ////; 
ttag +35 ////; 
ttag +36 ////; 
ttag +37 ////; 
ttag +38 ////; 
ttag +39 ////; 
ttag +40 ////; 
ttag +41 ////; 
ttag +42 ////; 
ttag +43 ////; 
ttag +44 ////; 
ttag +45 ////; 
ttag +46 ////; 
ttag +47 ////; 
ttag +48 ////; 
ttag +49 6/[18]/?/?/?; 
ttag +50 100/100/100/100/100; 
ttag +51 95/93/88/96/93; 
ttag +52 100/100/100/100/100; 
ttag +53 21/[3]/?/10/?; 
ttag +54 88/85/74/87/80; 
ttag +55 69/63/48/68/58; 
ttag +56 47/27/16/43/20; 
ttag +57 96/95/94/97/88; 
ttag +58 71/62/56/72/54; 
ttag +59 74/64/58/75/56; 
ttag +60 98/97/94/98/91; 
ttag +61 99/99/100/99/98; 
ttag +62 98/98/94/98/96; 
ttag +63 63/57/51/58/48; 
ttag +64 100/100/100/100/100; 
ttag +65 96/95/86/94/88; 
ttag +66 99/99/98/100/98; 
ttag +67 100/100/99/100/98; 
ttag +68 62/59/55/60/49; 
ttag +69 100/100/100/100/100; 
ttag +70 100/100/99/100/99; 
ttag +71 98/98/97/99/96; 
ttag +72 90/87/83/87/79; 
ttag +73 99/99/99/100/100; 
ttag +74 96/94/95/98/96; 
ttag +75 79/69/54/66/51; 
ttag +76 35/[2]/?/6/?; 
ttag +77 89/87/82/89/82; 
ttag +78 98/97/93/99/94; 
ttag +79 99/98/96/100/98; 
ttag +80 75/68/60/71/57; 
ttag +81 96/95/94/99/90; 
ttag +82 94/93/84/91/89; 
ttag +83 35/18/21/38/24; 
ttag +84 27/10/17/27/18; 
ttag +85 100/100/100/100/100; 
ttag +86 100/100/99/100/98; 
ttag +87 93/90/90/94/84; 
ttag +88 58/38/43/48/25; 
ttag +89 98/97/91/98/94; 
ttag +90 100/100/99/100/99; 
ttag +91 86/79/72/79/70; 
ttag +92 100/100/98/99/98; 
ttag +93 77/64/49/66/50; 
ttag +94 96/95/86/92/85; 
