tread
'Tree with tags' 
(0 (1 (((2 3 )(8 (9 (((4 5 )(6 7 ))(10 (11 12 ))))))((13 14 )(((15 16 )((27 (26 (28 (29 30 ))))(39 ((31 ((32 33 )(34 35 (36 (37 38 )))))((40 41 )(42 (43 (47 (46 (44 45 ))))))))))(17 (18 (19 ((20 21 )((22 23 )(24 25 ))))))))))); 
ttag *!; 
ttag +49 ???; 
ttag +50 6; 
ttag +51 11; 
ttag +52 1; 
ttag +53 4; 
ttag +54 3; 
ttag +55 1; 
ttag +56 2; 
ttag +57 4; 
ttag +58 6; 
ttag +59 3; 
ttag +60 6; 
ttag +61 6; 
ttag +62 1; 
ttag +63 17; 
ttag +64 2; 
ttag +65 3; 
ttag +66 2; 
ttag +67 4; 
ttag +68 4; 
ttag +69 8; 
ttag +70 2; 
ttag +71 4; 
ttag +72 4; 
ttag +73 5; 
ttag +74 2; 
ttag +75 1; 
ttag +76 8; 
ttag +77 3; 
ttag +78 10; 
ttag +79 7; 
ttag +80 1; 
ttag +81 5; 
ttag +82 4; 
ttag +83 7; 
ttag +84 1; 
ttag +85 3; 
ttag +86 7; 
ttag +87 1; 
ttag +88 4; 
ttag +89 7; 
ttag +90 4; 
ttag +91 7; 
ttag +92 1; 
ttag +93 10; 
tread
'Tree with tags' 
(0 (1 (((2 3 )(8 (9 (((4 5 )(6 7 ))(10 (11 12 ))))))((13 14 )(((15 16 )((27 (26 (28 (29 30 ))))(39 ((31 ((32 33 )(35 (34 (36 (37 38 ))))))((40 41 )(42 (43 (47 (46 (44 45 ))))))))))(17 (18 (19 ((20 21 )((22 23 )(24 25 ))))))))))); 
ttag *!; 
ttag +0 ////; 
ttag +1 ////; 
ttag +2 ////; 
ttag +3 ////; 
ttag +4 ////; 
ttag +5 ////; 
ttag +6 ////; 
ttag +7 ////; 
ttag +8 ////; 
ttag +9 ////; 
ttag +10 ////; 
ttag +11 ////; 
ttag +12 ////; 
ttag +13 ////; 
ttag +14 ////; 
ttag +15 ////; 
ttag +16 ////; 
ttag +17 ////; 
ttag +18 ////; 
ttag +19 ////; 
ttag +20 ////; 
ttag +21 ////; 
ttag +22 ////; 
ttag +23 ////; 
ttag +24 ////; 
ttag +25 ////; 
ttag +26 ////; 
ttag +27 ////; 
ttag +28 ////; 
ttag +29 ////; 
ttag +30 ////; 
ttag +31 ////; 
ttag +32 ////; 
ttag +33 ////; 
ttag +34 ////; 
ttag +35 ////; 
ttag +36 ////; 
ttag +37 ////; 
ttag +38 ////; 
ttag +39 ////; 
ttag +40 ////; 
ttag +41 ////; 
ttag +42 ////; 
ttag +43 ////; 
ttag +44 ////; 
ttag +45 ////; 
ttag +46 ////; 
ttag +47 ////; 
ttag +48 ////; 
ttag +49 100/100/100/100/100; 
ttag +50 98/97/95/97/94; 
ttag +51 99/98/98/100/99; 
ttag +52 30/22/17/23/18; 
ttag +53 99/99/97/98/95; 
ttag +54 92/90/81/89/82; 
ttag +55 50/19/12/22/8; 
ttag +56 60/50/33/52/38; 
ttag +57 78/71/64/78/68; 
ttag +58 96/95/88/95/93; 
ttag +59 92/89/71/88/74; 
ttag +60 99/99/97/99/98; 
ttag +61 98/97/97/99/96; 
ttag +62 33/14/1/24/8; 
ttag +63 100/100/100/100/100; 
ttag +64 60/34/32/30/35; 
ttag +65 69/63/63/71/67; 
ttag +66 64/58/53/64/59; 
ttag +67 87/86/87/90/86; 
ttag +68 95/94/88/94/87; 
ttag +69 100/100/100/100/98; 
ttag +70 81/73/47/62/53; 
ttag +71 96/96/88/97/87; 
ttag +72 92/89/84/94/88; 
ttag +73 96/95/92/95/86; 
ttag +74 55/44/37/45/37; 
ttag +75 42/31/33/34/34; 
ttag +76 99/99/98/99/96; 
ttag +77 81/77/66/77/64; 
ttag +78 100/100/99/100/98; 
ttag +79 100/100/94/100/96; 
ttag +80 40/18/12/16/14; 
ttag +81 96/94/91/99/92; 
ttag +82 95/94/88/96/88; 
ttag +83 100/100/98/99/97; 
ttag +84 31/[3]/?/?/?; 
ttag +85 69/55/43/54/48; 
ttag +86 87/85/70/90/69; 
ttag +87 98/96/97/99/96; 
ttag +88 68/64/53/61/53; 
ttag +89 90/86/81/89/78; 
ttag +90 99/98/96/99/96; 
ttag +91 90/87/76/91/81; 
ttag +92 98/97/95/99/96; 
ttag +93 64/64/58/65/64; 
ttag +94 100/100/99/100/100; 
