tread
'Tree with tags' 
(0 ((1 ((13 14 )(((15 16 )(17 (18 (19 ((20 21 )((22 23 )(24 25 )))))))((27 (26 (28 (29 30 ))))((39 (31 ((32 33 )(34 35 )(36 (37 38 )))))((40 41 )(42 (43 (46 47 (44 45 ))))))))))(8 9 (2 3 )(6 (7 (4 5 )))(10 (11 12 ))))); 
ttag *!; 
ttag +49 2; 
ttag +50 ???; 
ttag +51 8; 
ttag +52 9; 
ttag +53 1; 
ttag +54 3; 
ttag +55 5; 
ttag +56 1; 
ttag +57 7; 
ttag +58 11; 
ttag +59 1; 
ttag +60 9; 
ttag +61 7; 
ttag +62 3; 
ttag +63 4; 
ttag +64 9; 
ttag +65 4; 
ttag +66 12; 
ttag +67 3; 
ttag +68 4; 
ttag +69 3; 
ttag +70 6; 
ttag +71 3; 
ttag +72 4; 
ttag +73 7; 
ttag +74 3; 
ttag +75 12; 
ttag +76 6; 
ttag +77 2; 
ttag +78 5; 
ttag +79 7; 
ttag +80 10; 
ttag +81 5; 
ttag +82 10; 
ttag +83 9; 
ttag +84 3; 
ttag +85 6; 
ttag +86 9; 
ttag +87 5; 
ttag +88 7; 
ttag +89 2; 
tread
'Tree with tags' 
(0 ((1 ((13 14 )(((15 16 )(17 (18 (19 ((20 21 )((22 23 )(24 25 )))))))((27 (26 (28 (29 30 ))))((39 (31 (((32 33 )(34 35 ))(36 (37 38 )))))((40 41 )(42 (43 (46 (47 (44 45 )))))))))))((((2 3 )(10 (11 12 )))(8 9 ))(6 (7 (4 5 )))))); 
ttag *!; 
ttag +0 ////; 
ttag +1 ////; 
ttag +2 ////; 
ttag +3 ////; 
ttag +4 ////; 
ttag +5 ////; 
ttag +6 ////; 
ttag +7 ////; 
ttag +8 ////; 
ttag +9 ////; 
ttag +10 ////; 
ttag +11 ////; 
ttag +12 ////; 
ttag +13 ////; 
ttag +14 ////; 
ttag +15 ////; 
ttag +16 ////; 
ttag +17 ////; 
ttag +18 ////; 
ttag +19 ////; 
ttag +20 ////; 
ttag +21 ////; 
ttag +22 ////; 
ttag +23 ////; 
ttag +24 ////; 
ttag +25 ////; 
ttag +26 ////; 
ttag +27 ////; 
ttag +28 ////; 
ttag +29 ////; 
ttag +30 ////; 
ttag +31 ////; 
ttag +32 ////; 
ttag +33 ////; 
ttag +34 ////; 
ttag +35 ////; 
ttag +36 ////; 
ttag +37 ////; 
ttag +38 ////; 
ttag +39 ////; 
ttag +40 ////; 
ttag +41 ////; 
ttag +42 ////; 
ttag +43 ////; 
ttag +44 ////; 
ttag +45 ////; 
ttag +46 ////; 
ttag +47 ////; 
ttag +48 ////; 
ttag +49 54/38/26/44/20; 
ttag +50 100/100/100/100/100; 
ttag +51 99/99/98/100/99; 
ttag +52 23/[10]/?/?/?; 
ttag +53 26/[7]/?/?/?; 
ttag +54 100/100/99/100/99; 
ttag +55 54/35/28/37/34; 
ttag +56 89/87/80/88/80; 
ttag +57 90/89/78/85/82; 
ttag +58 36/25/24/20/25; 
ttag +59 60/49/47/48/38; 
ttag +60 99/99/98/99/97; 
ttag +61 100/100/100/100/100; 
ttag +62 48/33/20/33/12; 
ttag +63 99/99/97/97/98; 
ttag +64 99/99/97/99/98; 
ttag +65 53/38/24/46/23; 
ttag +66 96/94/89/94/92; 
ttag +67 100/100/100/100/98; 
ttag +68 93/92/89/91/86; 
ttag +69 100/100/100/100/100; 
ttag +70 88/83/81/84/78; 
ttag +71 93/92/90/96/86; 
ttag +72 90/85/83/89/85; 
ttag +73 98/98/88/98/96; 
ttag +74 60/42/38/55/30; 
ttag +75 93/91/78/90/74; 
ttag +76 99/99/97/98/93; 
ttag +77 90/89/84/91/87; 
ttag +78 100/100/100/100/100; 
ttag +79 94/93/81/94/82; 
ttag +80 58/40/28/45/19; 
ttag +81 86/81/78/88/67; 
ttag +82 99/99/94/99/99; 
ttag +83 28/[11]/3/0/?; 
ttag +84 100/100/100/100/100; 
ttag +85 99/99/99/98/98; 
ttag +86 100/100/100/100/100; 
ttag +87 100/100/99/100/100; 
ttag +88 78/71/59/78/65; 
ttag +89 98/98/95/97/93; 
ttag +90 100/100/98/100/99; 
ttag +91 92/89/80/90/87; 
ttag +92 99/98/98/99/98; 
ttag +93 30/4/?/?/6; 
ttag +94 77/68/59/77/63; 
