tread
'Tree with tags' 
(0 (((1 ((26 (27 (28 (29 30 ))))(39 ((31 ((32 33 )(34 35 )(36 (37 38 ))))((40 41 )(43 (42 ((44 45 )(46 47 )))))))))(13 14 ))(((2 3 )(9 (8 ((6 (7 (4 5 )))(10 (11 12 ))))))((15 16 )(17 (18 (19 ((20 21 )((22 23 )(24 25 )))))))))); 
ttag *!; 
ttag +49 1; 
ttag +50 2; 
ttag +51 ???; 
ttag +52 7; 
ttag +53 5; 
ttag +54 2; 
ttag +55 8; 
ttag +56 1; 
ttag +57 7; 
ttag +58 1; 
ttag +59 1; 
ttag +60 9; 
ttag +61 6; 
ttag +62 6; 
ttag +63 7; 
ttag +64 9; 
ttag +65 5; 
ttag +66 3; 
ttag +67 8; 
ttag +68 4; 
ttag +69 9; 
ttag +70 5; 
ttag +71 9; 
ttag +72 1; 
ttag +73 3; 
ttag +74 6; 
ttag +75 8; 
ttag +76 5; 
ttag +77 2; 
ttag +78 9; 
ttag +79 4; 
ttag +80 1; 
ttag +81 4; 
ttag +82 4; 
ttag +83 2; 
ttag +84 1; 
ttag +85 10; 
ttag +86 12; 
ttag +87 2; 
ttag +88 9; 
ttag +89 1; 
ttag +90 5; 
ttag +91 9; 
ttag +92 5; 
ttag +93 7; 
tread
'Tree with tags' 
(0 (((1 ((26 (27 (28 (29 30 ))))(39 ((31 (((32 33 )(34 35 ))(36 (37 38 ))))((40 41 )(43 (42 ((44 45 )(46 47 )))))))))(13 14 ))(((2 3 )(9 (8 ((6 (7 (4 5 )))(10 (11 12 ))))))((15 16 )(17 (18 (19 ((20 21 )((22 23 )(24 25 )))))))))); 
ttag *!; 
ttag +0 ////; 
ttag +1 ////; 
ttag +2 ////; 
ttag +3 ////; 
ttag +4 ////; 
ttag +5 ////; 
ttag +6 ////; 
ttag +7 ////; 
ttag +8 ////; 
ttag +9 ////; 
ttag +10 ////; 
ttag +11 ////; 
ttag +12 ////; 
ttag +13 ////; 
ttag +14 ////; 
ttag +15 ////; 
ttag +16 ////; 
ttag +17 ////; 
ttag +18 ////; 
ttag +19 ////; 
ttag +20 ////; 
ttag +21 ////; 
ttag +22 ////; 
ttag +23 ////; 
ttag +24 ////; 
ttag +25 ////; 
ttag +26 ////; 
ttag +27 ////; 
ttag +28 ////; 
ttag +29 ////; 
ttag +30 ////; 
ttag +31 ////; 
ttag +32 ////; 
ttag +33 ////; 
ttag +34 ////; 
ttag +35 ////; 
ttag +36 ////; 
ttag +37 ////; 
ttag +38 ////; 
ttag +39 ////; 
ttag +40 ////; 
ttag +41 ////; 
ttag +42 ////; 
ttag +43 ////; 
ttag +44 ////; 
ttag +45 ////; 
ttag +46 ////; 
ttag +47 ////; 
ttag +48 ////; 
ttag +49 38/26/17/26/17; 
ttag +50 34/25/14/24/9; 
ttag +51 100/100/100/100/100; 
ttag +52 98/98/100/99/97; 
ttag +53 94/90/80/91/84; 
ttag +54 43/30/18/30/8; 
ttag +55 100/100/98/100/99; 
ttag +56 40/6/13/19/12; 
ttag +57 98/97/94/98/92; 
ttag +58 51/26/17/28/24; 
ttag +59 26/0/?/4/?; 
ttag +60 99/98/98/100/99; 
ttag +61 98/98/96/99/97; 
ttag +62 100/100/96/98/94; 
ttag +63 99/99/98/98/99; 
ttag +64 98/97/98/100/100; 
ttag +65 91/88/87/85/88; 
ttag +66 86/81/71/87/76; 
ttag +67 100/100/99/100/100; 
ttag +68 98/98/98/99/98; 
ttag +69 100/100/99/100/100; 
ttag +70 99/99/99/98/99; 
ttag +71 100/100/99/100/99; 
ttag +72 51/32/32/42/25; 
ttag +73 93/92/82/91/85; 
ttag +74 94/93/91/95/92; 
ttag +75 99/98/98/100/98; 
ttag +76 96/95/86/92/86; 
ttag +77 84/79/74/80/67; 
ttag +78 100/100/98/100/99; 
ttag +79 88/80/69/84/81; 
ttag +80 60/51/40/51/52; 
ttag +81 84/81/64/82/73; 
ttag +82 99/99/99/98/97; 
ttag +83 6/0/1/?/?; 
ttag +84 64/56/38/51/42; 
ttag +85 60/53/49/44/35; 
ttag +86 100/100/98/100/99; 
ttag +87 100/100/100/100/100; 
ttag +88 76/67/48/65/53; 
ttag +89 99/99/97/100/99; 
ttag +90 53/25/6/15/6; 
ttag +91 98/97/93/97/90; 
ttag +92 99/98/95/99/97; 
ttag +93 97/96/94/96/90; 
ttag +94 100/100/99/100/98; 
