tread
'Tree with tags' 
(0 ((1 ((2 3 )((7 (6 (4 5 )))(9 (8 (10 (11 12 )))))))(17 (13 14 )(15 16 )(18 (19 ((20 21 )((22 23 )(24 25 )))))((26 (27 (28 (29 30 ))))(39 40 41 (31 (34 35 (32 33 )(36 (37 38 ))))(42 (43 ((44 45 )(46 47 ))))))))); 
ttag *!; 
ttag +49 1; 
ttag +50 ???; 
ttag +51 5; 
ttag +52 9; 
ttag +53 6; 
ttag +54 1; 
ttag +55 5; 
ttag +56 5; 
ttag +57 2; 
ttag +58 1; 
ttag +59 3; 
ttag +60 11; 
ttag +61 6; 
ttag +62 1; 
ttag +63 6; 
ttag +64 2; 
ttag +65 3; 
ttag +66 6; 
ttag +67 8; 
ttag +68 6; 
ttag +69 8; 
ttag +70 6; 
ttag +71 2; 
ttag +72 5; 
ttag +73 2; 
ttag +74 2; 
ttag +75 13; 
ttag +76 6; 
ttag +77 4; 
ttag +78 3; 
ttag +79 6; 
ttag +80 12; 
ttag +81 8; 
ttag +82 7; 
ttag +83 1; 
ttag +84 7; 
ttag +85 2; 
ttag +86 6; 
tread
'Tree with tags' 
(0 ((1 ((2 3 )((7 (6 (4 5 )))(9 (8 (10 (11 12 )))))))((13 14 )((15 16 )((17 ((26 (27 (28 (29 30 ))))((39 (31 (((32 33 )(36 (37 38 )))(34 35 ))))(41 (40 (42 (43 ((44 45 )(46 47 )))))))))(18 (19 ((20 21 )((22 23 )(24 25 )))))))))); 
ttag *!; 
ttag +0 ////; 
ttag +1 ////; 
ttag +2 ////; 
ttag +3 ////; 
ttag +4 ////; 
ttag +5 ////; 
ttag +6 ////; 
ttag +7 ////; 
ttag +8 ////; 
ttag +9 ////; 
ttag +10 ////; 
ttag +11 ////; 
ttag +12 ////; 
ttag +13 ////; 
ttag +14 ////; 
ttag +15 ////; 
ttag +16 ////; 
ttag +17 ////; 
ttag +18 ////; 
ttag +19 ////; 
ttag +20 ////; 
ttag +21 ////; 
ttag +22 ////; 
ttag +23 ////; 
ttag +24 ////; 
ttag +25 ////; 
ttag +26 ////; 
ttag +27 ////; 
ttag +28 ////; 
ttag +29 ////; 
ttag +30 ////; 
ttag +31 ////; 
ttag +32 ////; 
ttag +33 ////; 
ttag +34 ////; 
ttag +35 ////; 
ttag +36 ////; 
ttag +37 ////; 
ttag +38 ////; 
ttag +39 ////; 
ttag +40 ////; 
ttag +41 ////; 
ttag +42 ////; 
ttag +43 ////; 
ttag +44 ////; 
ttag +45 ////; 
ttag +46 ////; 
ttag +47 ////; 
ttag +48 ////; 
ttag +49 51/37/23/35/27; 
ttag +50 100/100/100/100/100; 
ttag +51 92/89/81/91/79; 
ttag +52 99/99/98/100/98; 
ttag +53 95/94/92/98/90; 
ttag +54 44/23/2/26/9; 
ttag +55 95/94/87/96/91; 
ttag +56 94/93/85/92/90; 
ttag +57 38/27/20/37/22; 
ttag +58 48/22/18/30/21; 
ttag +59 73/62/57/70/62; 
ttag +60 100/100/99/100/99; 
ttag +61 98/98/97/98/95; 
ttag +62 49/42/30/43/37; 
ttag +63 100/100/98/99/98; 
ttag +64 30/8/2/3/?; 
ttag +65 10/[45]/?/?/?; 
ttag +66 25/[24]/?/?/?; 
ttag +67 74/70/70/73/64; 
ttag +68 86/85/76/87/79; 
ttag +69 100/100/98/100/100; 
ttag +70 99/99/100/100/97; 
ttag +71 98/97/94/98/93; 
ttag +72 100/100/99/100/99; 
ttag +73 97/96/93/97/95; 
ttag +74 84/73/61/78/71; 
ttag +75 96/95/92/97/95; 
ttag +76 83/82/76/86/83; 
ttag +77 77/62/58/70/57; 
ttag +78 100/100/100/100/100; 
ttag +79 100/100/94/97/98; 
ttag +80 62/53/43/44/40; 
ttag +81 88/83/73/90/78; 
ttag +82 92/90/89/94/88; 
ttag +83 28/[17]/?/?/?; 
ttag +84 99/98/96/98/96; 
ttag +85 16/[4]/1/9/2; 
ttag +86 100/100/99/100/99; 
ttag +87 100/100/97/100/98; 
ttag +88 32/[4]/?/5/?; 
ttag +89 41/4/4/13/8; 
ttag +90 100/100/99/100/99; 
ttag +91 68/48/49/51/41; 
ttag +92 99/99/95/97/93; 
ttag +93 85/83/67/78/64; 
ttag +94 98/97/92/98/96; 
