tread
'Tree with tags' 
(0 (1 ((2 3 )(((4 5 )(6 7 ))(9 (8 (10 (11 12 ))))))(13 14 )(17 ((15 16 )(18 (19 ((20 21 )((22 23 )(24 25 )))))))((26 (27 (28 (29 30 ))))(39 ((31 ((32 33 )(34 (35 (36 (37 38 ))))))((40 41 )(42 (43 ((44 45 )(46 47 )))))))))); 
ttag *!; 
ttag +49 ???; 
ttag +50 7; 
ttag +51 11; 
ttag +52 5; 
ttag +53 7; 
ttag +54 1; 
ttag +55 4; 
ttag +56 1; 
ttag +57 1; 
ttag +58 8; 
ttag +59 4; 
ttag +60 4; 
ttag +61 13; 
ttag +62 1; 
ttag +63 7; 
ttag +64 3; 
ttag +65 1; 
ttag +66 10; 
ttag +67 8; 
ttag +68 11; 
ttag +69 4; 
ttag +70 2; 
ttag +71 4; 
ttag +72 8; 
ttag +73 1; 
ttag +74 5; 
ttag +75 12; 
ttag +76 1; 
ttag +77 1; 
ttag +78 3; 
ttag +79 3; 
ttag +80 4; 
ttag +81 1; 
ttag +82 1; 
ttag +83 8; 
ttag +84 10; 
ttag +85 7; 
ttag +86 3; 
ttag +87 12; 
ttag +88 4; 
ttag +89 9; 
ttag +90 1; 
ttag +91 6; 
tread
'Tree with tags' 
(0 ((1 ((17 ((15 16 )(18 (19 ((20 21 )((22 23 )(24 25 )))))))((26 (27 (28 (29 30 ))))(39 ((31 ((32 33 )(34 (35 (36 (37 38 ))))))((40 41 )(42 (43 ((44 45 )(46 47 ))))))))))(((2 3 )(((4 5 )(6 7 ))(9 (8 (10 (11 12 ))))))(13 14 )))); 
ttag *!; 
ttag +0 ////; 
ttag +1 ////; 
ttag +2 ////; 
ttag +3 ////; 
ttag +4 ////; 
ttag +5 ////; 
ttag +6 ////; 
ttag +7 ////; 
ttag +8 ////; 
ttag +9 ////; 
ttag +10 ////; 
ttag +11 ////; 
ttag +12 ////; 
ttag +13 ////; 
ttag +14 ////; 
ttag +15 ////; 
ttag +16 ////; 
ttag +17 ////; 
ttag +18 ////; 
ttag +19 ////; 
ttag +20 ////; 
ttag +21 ////; 
ttag +22 ////; 
ttag +23 ////; 
ttag +24 ////; 
ttag +25 ////; 
ttag +26 ////; 
ttag +27 ////; 
ttag +28 ////; 
ttag +29 ////; 
ttag +30 ////; 
ttag +31 ////; 
ttag +32 ////; 
ttag +33 ////; 
ttag +34 ////; 
ttag +35 ////; 
ttag +36 ////; 
ttag +37 ////; 
ttag +38 ////; 
ttag +39 ////; 
ttag +40 ////; 
ttag +41 ////; 
ttag +42 ////; 
ttag +43 ////; 
ttag +44 ////; 
ttag +45 ////; 
ttag +46 ////; 
ttag +47 ////; 
ttag +48 ////; 
ttag +49 20/[12]/?/?/?; 
ttag +50 100/100/100/100/100; 
ttag +51 98/98/98/96/93; 
ttag +52 100/100/98/100/98; 
ttag +53 32/0/1/1/5; 
ttag +54 94/91/88/94/88; 
ttag +55 99/99/96/98/97; 
ttag +56 71/60/48/50/36; 
ttag +57 87/84/84/89/82; 
ttag +58 27/7/5/9/2; 
ttag +59 30/10/8/9/4; 
ttag +60 98/98/93/97/94; 
ttag +61 95/93/88/93/87; 
ttag +62 95/95/94/95/96; 
ttag +63 100/100/100/100/100; 
ttag +64 68/52/27/43/31; 
ttag +65 98/98/92/99/92; 
ttag +66 27/10/?/?/?; 
ttag +67 82/78/62/76/62; 
ttag +68 51/30/18/29/19; 
ttag +69 100/100/100/100/100; 
ttag +70 96/95/92/96/90; 
ttag +71 100/100/100/100/100; 
ttag +72 82/74/60/78/58; 
ttag +73 64/51/47/57/41; 
ttag +74 91/88/84/91/84; 
ttag +75 99/98/98/99/96; 
ttag +76 77/75/68/70/63; 
ttag +77 92/90/86/94/82; 
ttag +78 100/100/100/100/100; 
ttag +79 50/37/32/44/36; 
ttag +80 41/28/19/27/24; 
ttag +81 67/54/50/50/44; 
ttag +82 90/88/81/90/84; 
ttag +83 90/86/74/86/71; 
ttag +84 47/20/10/24/7; 
ttag +85 48/21/13/21/9; 
ttag +86 99/98/97/99/99; 
ttag +87 100/100/100/100/99; 
ttag +88 99/99/98/100/97; 
ttag +89 82/77/75/87/79; 
ttag +90 100/100/100/100/98; 
ttag +91 95/94/88/91/87; 
ttag +92 100/100/100/100/98; 
ttag +93 55/36/37/34/29; 
ttag +94 99/99/96/98/97; 
