tread
'Tree with tags' 
(0 ((1 ((2 3 )(8 9 ((4 5 )(6 7 ))(10 (11 12 )))))((13 14 )(17 (15 16 )(18 19 ((20 21 )(24 25 (22 23 )))))((26 (27 (28 (29 30 ))))((31 (((32 33 )(34 35 ))(36 (37 38 ))))(39 ((40 41 )(42 (43 ((44 45 )(46 47 ))))))))))); 
ttag *!; 
ttag +49 2; 
ttag +50 ???; 
ttag +51 6; 
ttag +52 9; 
ttag +53 8; 
ttag +54 8; 
ttag +55 2; 
ttag +56 3; 
ttag +57 2; 
ttag +58 8; 
ttag +59 10; 
ttag +60 2; 
ttag +61 6; 
ttag +62 2; 
ttag +63 5; 
ttag +64 9; 
ttag +65 7; 
ttag +66 4; 
ttag +67 7; 
ttag +68 6; 
ttag +69 7; 
ttag +70 3; 
ttag +71 10; 
ttag +72 8; 
ttag +73 7; 
ttag +74 7; 
ttag +75 6; 
ttag +76 1; 
ttag +77 6; 
ttag +78 4; 
ttag +79 6; 
ttag +80 6; 
ttag +81 1; 
ttag +82 2; 
ttag +83 5; 
ttag +84 6; 
ttag +85 2; 
ttag +86 7; 
ttag +87 6; 
ttag +88 3; 
tread
'Tree with tags' 
(0 ((1 ((2 3 )(8 (((4 5 )(6 7 ))(9 (10 (11 12 )))))))((13 14 )(((17 (15 16 ))((18 19 )((20 21 )((22 23 )(24 25 )))))((26 (27 (28 (29 30 ))))((31 (((32 33 )(34 35 ))(36 (37 38 ))))(39 ((40 41 )(42 (43 ((44 45 )(46 47 )))))))))))); 
ttag *!; 
ttag +0 ////; 
ttag +1 ////; 
ttag +2 ////; 
ttag +3 ////; 
ttag +4 ////; 
ttag +5 ////; 
ttag +6 ////; 
ttag +7 ////; 
ttag +8 ////; 
ttag +9 ////; 
ttag +10 ////; 
ttag +11 ////; 
ttag +12 ////; 
ttag +13 ////; 
ttag +14 ////; 
ttag +15 ////; 
ttag +16 ////; 
ttag +17 ////; 
ttag +18 ////; 
ttag +19 ////; 
ttag +20 ////; 
ttag +21 ////; 
ttag +22 ////; 
ttag +23 ////; 
ttag +24 ////; 
ttag +25 ////; 
ttag +26 ////; 
ttag +27 ////; 
ttag +28 ////; 
ttag +29 ////; 
ttag +30 ////; 
ttag +31 ////; 
ttag +32 ////; 
ttag +33 ////; 
ttag +34 ////; 
ttag +35 ////; 
ttag +36 ////; 
ttag +37 ////; 
ttag +38 ////; 
ttag +39 ////; 
ttag +40 ////; 
ttag +41 ////; 
ttag +42 ////; 
ttag +43 ////; 
ttag +44 ////; 
ttag +45 ////; 
ttag +46 ////; 
ttag +47 ////; 
ttag +48 ////; 
ttag +49 71/67/53/68/51; 
ttag +50 100/100/100/100/100; 
ttag +51 99/99/98/98/93; 
ttag +52 100/100/100/100/98; 
ttag +53 100/100/100/100/100; 
ttag +54 100/100/98/99/99; 
ttag +55 32/[6]/1/3/?; 
ttag +56 75/62/54/68/46; 
ttag +57 83/79/73/80/67; 
ttag +58 15/[23]/?/?/?; 
ttag +59 78/71/70/75/60; 
ttag +60 100/100/98/99/100; 
ttag +61 100/100/99/100/100; 
ttag +62 80/75/54/68/58; 
ttag +63 98/98/95/100/96; 
ttag +64 20/[26]/?/?/?; 
ttag +65 66/57/48/62/44; 
ttag +66 26/3/12/2/6; 
ttag +67 27/5/13/9/2; 
ttag +68 96/94/86/95/88; 
ttag +69 100/100/100/100/100; 
ttag +70 97/96/96/99/96; 
ttag +71 93/92/90/93/82; 
ttag +72 99/99/94/100/98; 
ttag +73 39/0/1/?/?; 
ttag +74 96/96/94/98/93; 
ttag +75 98/97/94/99/93; 
ttag +76 90/86/81/90/80; 
ttag +77 99/99/100/100/99; 
ttag +78 98/98/98/99/98; 
ttag +79 98/98/92/98/95; 
ttag +80 94/93/87/96/90; 
ttag +81 99/99/96/99/99; 
ttag +82 61/46/31/54/18; 
ttag +83 98/98/100/99/98; 
ttag +84 97/97/94/96/95; 
ttag +85 99/99/98/99/98; 
ttag +86 96/95/92/95/83; 
ttag +87 51/35/29/43/28; 
ttag +88 73/65/55/76/60; 
ttag +89 93/92/83/94/80; 
ttag +90 99/99/94/99/95; 
ttag +91 78/68/64/74/64; 
ttag +92 99/99/96/100/98; 
ttag +93 98/98/96/99/94; 
ttag +94 83/75/66/83/68; 
