tread
'Tree with tags' 
(0 ((1 (((2 3 )((((4 5 )(6 7 ))(8 9 ))(10 (11 12 ))))((26 (27 (28 (29 30 ))))((39 (31 (((32 33 )(34 35 ))(36 (37 38 )))))((40 41 )(42 (43 ((44 45 )(46 47 )))))))))((13 14 )((17 (15 16 ))(18 (19 ((20 21 )((22 23 )(24 25 ))))))))); 
ttag *!; 
ttag +49 1; 
ttag +50 ???; 
ttag +51 3; 
ttag +52 4; 
ttag +53 1; 
ttag +54 3; 
ttag +55 6; 
ttag +56 1; 
ttag +57 2; 
ttag +58 2; 
ttag +59 3; 
ttag +60 5; 
ttag +61 7; 
ttag +62 6; 
ttag +63 1; 
ttag +64 12; 
ttag +65 2; 
ttag +66 2; 
ttag +67 7; 
ttag +68 2; 
ttag +69 9; 
ttag +70 4; 
ttag +71 7; 
ttag +72 3; 
ttag +73 1; 
ttag +74 5; 
ttag +75 6; 
ttag +76 1; 
ttag +77 1; 
ttag +78 5; 
ttag +79 7; 
ttag +80 1; 
ttag +81 2; 
ttag +82 2; 
ttag +83 2; 
ttag +84 6; 
ttag +85 6; 
ttag +86 5; 
ttag +87 8; 
ttag +88 2; 
ttag +89 5; 
ttag +90 6; 
ttag +91 5; 
ttag +92 3; 
ttag +93 5; 
ttag +94 1; 
tread
'Tree with tags' 
(0 ((1 (((2 3 )((((4 5 )(6 7 ))(8 9 ))(10 (11 12 ))))((26 (27 (28 (29 30 ))))((39 (31 (((32 33 )(34 35 ))(36 (37 38 )))))((40 41 )(42 (43 ((44 45 )(46 47 )))))))))((13 14 )((17 (15 16 ))(18 (19 ((20 21 )((22 23 )(24 25 ))))))))); 
ttag *!; 
ttag +0 ////; 
ttag +1 ////; 
ttag +2 ////; 
ttag +3 ////; 
ttag +4 ////; 
ttag +5 ////; 
ttag +6 ////; 
ttag +7 ////; 
ttag +8 ////; 
ttag +9 ////; 
ttag +10 ////; 
ttag +11 ////; 
ttag +12 ////; 
ttag +13 ////; 
ttag +14 ////; 
ttag +15 ////; 
ttag +16 ////; 
ttag +17 ////; 
ttag +18 ////; 
ttag +19 ////; 
ttag +20 ////; 
ttag +21 ////; 
ttag +22 ////; 
ttag +23 ////; 
ttag +24 ////; 
ttag +25 ////; 
ttag +26 ////; 
ttag +27 ////; 
ttag +28 ////; 
ttag +29 ////; 
ttag +30 ////; 
ttag +31 ////; 
ttag +32 ////; 
ttag +33 ////; 
ttag +34 ////; 
ttag +35 ////; 
ttag +36 ////; 
ttag +37 ////; 
ttag +38 ////; 
ttag +39 ////; 
ttag +40 ////; 
ttag +41 ////; 
ttag +42 ////; 
ttag +43 ////; 
ttag +44 ////; 
ttag +45 ////; 
ttag +46 ////; 
ttag +47 ////; 
ttag +48 ////; 
ttag +49 16/[8]/?/?/?; 
ttag +50 100/100/100/100/100; 
ttag +51 87/85/76/88/79; 
ttag +52 86/84/73/82/72; 
ttag +53 9/[47]/?/?/?; 
ttag +54 84/78/61/71/63; 
ttag +55 95/94/86/95/89; 
ttag +56 29/5/?/9/?; 
ttag +57 50/20/19/26/15; 
ttag +58 76/66/62/60/67; 
ttag +59 70/52/44/56/47; 
ttag +60 98/98/93/96/95; 
ttag +61 100/100/100/100/99; 
ttag +62 98/98/97/99/94; 
ttag +63 16/[9]/?/?/?; 
ttag +64 100/100/100/100/99; 
ttag +65 67/51/41/56/38; 
ttag +66 74/59/47/66/47; 
ttag +67 98/98/97/98/95; 
ttag +68 81/78/74/75/70; 
ttag +69 100/100/100/100/100; 
ttag +70 89/88/83/91/81; 
ttag +71 96/95/92/98/84; 
ttag +72 88/83/76/86/73; 
ttag +73 57/39/38/46/26; 
ttag +74 94/93/88/94/87; 
ttag +75 95/94/84/95/88; 
ttag +76 57/43/43/54/49; 
ttag +77 62/49/49/56/43; 
ttag +78 99/99/94/100/96; 
ttag +79 99/99/94/98/93; 
ttag +80 42/19/20/9/9; 
ttag +81 62/45/50/49/44; 
ttag +82 89/88/89/92/83; 
ttag +83 77/68/65/72/66; 
ttag +84 97/96/93/96/89; 
ttag +85 100/100/100/100/100; 
ttag +86 96/94/82/94/84; 
ttag +87 99/99/96/100/98; 
ttag +88 69/59/58/60/51; 
ttag +89 98/98/96/99/95; 
ttag +90 99/99/96/98/95; 
ttag +91 96/94/97/98/92; 
ttag +92 86/80/69/78/68; 
ttag +93 98/97/91/96/95; 
ttag +94 57/35/30/37/25; 
