tread
'Tree with tags' 
(0 ((1 ((2 3 )((((4 5 )(6 7 ))(10 (11 12 )))(8 9 ))))((13 14 )((15 16 )(17 (18 (19 ((20 21 )((22 23 )(24 25 )))))))((26 (27 (28 (29 30 ))))((39 (31 ((32 33 )((34 35 )(36 (37 38 ))))))(40 41 (42 (43 ((44 45 )(46 47 )))))))))); 
ttag *!; 
ttag +49 8; 
ttag +50 ???; 
ttag +51 3; 
ttag +52 5; 
ttag +53 1; 
ttag +54 5; 
ttag +55 1; 
ttag +56 3; 
ttag +57 2; 
ttag +58 2; 
ttag +59 7; 
ttag +60 9; 
ttag +61 12; 
ttag +62 5; 
ttag +63 11; 
ttag +64 5; 
ttag +65 5; 
ttag +66 5; 
ttag +67 2; 
ttag +68 13; 
ttag +69 9; 
ttag +70 10; 
ttag +71 5; 
ttag +72 9; 
ttag +73 4; 
ttag +74 12; 
ttag +75 1; 
ttag +76 5; 
ttag +77 8; 
ttag +78 9; 
ttag +79 1; 
ttag +80 2; 
ttag +81 5; 
ttag +82 7; 
ttag +83 6; 
ttag +84 1; 
ttag +85 9; 
ttag +86 6; 
ttag +87 6; 
ttag +88 5; 
ttag +89 4; 
ttag +90 2; 
ttag +91 4; 
ttag +92 3; 
tread
'Tree with tags' 
(0 ((1 ((2 3 )((((4 5 )(6 7 ))(10 (11 12 )))(8 9 ))))(((13 14 )((26 (27 (28 (29 30 ))))((39 (31 ((32 33 )((34 35 )(36 (37 38 ))))))(40 (41 (42 (43 ((44 45 )(46 47 )))))))))((15 16 )(17 (18 (19 ((20 21 )((22 23 )(24 25 )))))))))); 
ttag *!; 
ttag +0 ////; 
ttag +1 ////; 
ttag +2 ////; 
ttag +3 ////; 
ttag +4 ////; 
ttag +5 ////; 
ttag +6 ////; 
ttag +7 ////; 
ttag +8 ////; 
ttag +9 ////; 
ttag +10 ////; 
ttag +11 ////; 
ttag +12 ////; 
ttag +13 ////; 
ttag +14 ////; 
ttag +15 ////; 
ttag +16 ////; 
ttag +17 ////; 
ttag +18 ////; 
ttag +19 ////; 
ttag +20 ////; 
ttag +21 ////; 
ttag +22 ////; 
ttag +23 ////; 
ttag +24 ////; 
ttag +25 ////; 
ttag +26 ////; 
ttag +27 ////; 
ttag +28 ////; 
ttag +29 ////; 
ttag +30 ////; 
ttag +31 ////; 
ttag +32 ////; 
ttag +33 ////; 
ttag +34 ////; 
ttag +35 ////; 
ttag +36 ////; 
ttag +37 ////; 
ttag +38 ////; 
ttag +39 ////; 
ttag +40 ////; 
ttag +41 ////; 
ttag +42 ////; 
ttag +43 ////; 
ttag +44 ////; 
ttag +45 ////; 
ttag +46 ////; 
ttag +47 ////; 
ttag +48 ////; 
ttag +49 100/100/100/100/99; 
ttag +50 100/100/100/100/100; 
ttag +51 82/72/67/73/68; 
ttag +52 97/96/94/94/95; 
ttag +53 46/14/8/10/11; 
ttag +54 97/96/92/97/91; 
ttag +55 46/26/24/28/20; 
ttag +56 84/79/68/82/70; 
ttag +57 78/68/64/79/65; 
ttag +58 82/70/69/59/62; 
ttag +59 100/100/98/100/99; 
ttag +60 100/100/100/100/100; 
ttag +61 100/100/100/100/100; 
ttag +62 40/9/12/7/5; 
ttag +63 99/98/96/98/94; 
ttag +64 100/100/100/100/100; 
ttag +65 96/96/89/94/92; 
ttag +66 92/89/85/96/87; 
ttag +67 91/88/81/94/89; 
ttag +68 76/64/43/70/58; 
ttag +69 100/100/100/100/100; 
ttag +70 100/100/98/100/99; 
ttag +71 100/100/100/100/100; 
ttag +72 96/95/88/96/88; 
ttag +73 100/100/99/100/99; 
ttag +74 93/92/89/93/86; 
ttag +75 100/100/99/100/99; 
ttag +76 60/42/32/46/30; 
ttag +77 99/99/97/98/96; 
ttag +78 99/99/98/99/99; 
ttag +79 100/100/100/100/99; 
ttag +80 50/38/35/44/32; 
ttag +81 67/56/44/54/46; 
ttag +82 100/100/98/99/98; 
ttag +83 98/98/98/99/97; 
ttag +84 100/100/98/100/98; 
ttag +85 58/44/42/51/42; 
ttag +86 100/100/100/100/99; 
ttag +87 97/96/90/96/88; 
ttag +88 94/93/82/93/82; 
ttag +89 45/8/?/6/8; 
ttag +90 98/98/92/98/94; 
ttag +91 95/94/83/91/82; 
ttag +92 78/68/54/73/55; 
ttag +93 91/87/75/92/84; 
ttag +94 89/87/79/82/71; 
