tread
'Tree with tags' 
(0 ((1 ((2 3 )(((4 5 )(6 7 ))((8 9 )(10 (11 12 ))))))(((13 14 )((26 (27 (28 (29 30 ))))((31 ((32 33 )((34 35 )(36 (37 38 )))))(39 (40 41 (42 (43 ((44 45 )(46 47 )))))))))((15 16 )(17 (18 (19 ((20 21 )((22 23 )(24 25 )))))))))); 
ttag *!; 
ttag +49 2; 
ttag +50 ???; 
ttag +51 7; 
ttag +52 8; 
ttag +53 10; 
ttag +54 3; 
ttag +55 1; 
ttag +56 1; 
ttag +57 2; 
ttag +58 3; 
ttag +59 8; 
ttag +60 8; 
ttag +61 9; 
ttag +62 1; 
ttag +63 2; 
ttag +64 9; 
ttag +65 3; 
ttag +66 3; 
ttag +67 5; 
ttag +68 6; 
ttag +69 8; 
ttag +70 6; 
ttag +71 6; 
ttag +72 6; 
ttag +73 7; 
ttag +74 7; 
ttag +75 4; 
ttag +76 4; 
ttag +77 4; 
ttag +78 11; 
ttag +79 5; 
ttag +80 3; 
ttag +81 9; 
ttag +82 4; 
ttag +83 4; 
ttag +84 3; 
ttag +85 11; 
ttag +86 7; 
ttag +87 1; 
ttag +88 3; 
ttag +89 3; 
ttag +90 6; 
ttag +91 9; 
ttag +92 6; 
ttag +93 1; 
tread
'Tree with tags' 
(0 ((1 ((2 3 )(((4 5 )(6 7 ))((8 9 )(10 (11 12 ))))))(((13 14 )((26 (27 (28 (29 30 ))))((31 ((32 33 )((34 35 )(36 (37 38 )))))(39 (40 (41 (42 (43 ((44 45 )(46 47 ))))))))))((15 16 )(17 (18 (19 ((20 21 )((22 23 )(24 25 )))))))))); 
ttag *!; 
ttag +0 ////; 
ttag +1 ////; 
ttag +2 ////; 
ttag +3 ////; 
ttag +4 ////; 
ttag +5 ////; 
ttag +6 ////; 
ttag +7 ////; 
ttag +8 ////; 
ttag +9 ////; 
ttag +10 ////; 
ttag +11 ////; 
ttag +12 ////; 
ttag +13 ////; 
ttag +14 ////; 
ttag +15 ////; 
ttag +16 ////; 
ttag +17 ////; 
ttag +18 ////; 
ttag +19 ////; 
ttag +20 ////; 
ttag +21 ////; 
ttag +22 ////; 
ttag +23 ////; 
ttag +24 ////; 
ttag +25 ////; 
ttag +26 ////; 
ttag +27 ////; 
ttag +28 ////; 
ttag +29 ////; 
ttag +30 ////; 
ttag +31 ////; 
ttag +32 ////; 
ttag +33 ////; 
ttag +34 ////; 
ttag +35 ////; 
ttag +36 ////; 
ttag +37 ////; 
ttag +38 ////; 
ttag +39 ////; 
ttag +40 ////; 
ttag +41 ////; 
ttag +42 ////; 
ttag +43 ////; 
ttag +44 ////; 
ttag +45 ////; 
ttag +46 ////; 
ttag +47 ////; 
ttag +48 ////; 
ttag +49 47/29/12/26/0; 
ttag +50 100/100/100/100/100; 
ttag +51 100/100/99/99/98; 
ttag +52 97/97/96/99/92; 
ttag +53 100/100/100/100/99; 
ttag +54 90/88/70/80/70; 
ttag +55 56/50/34/36/36; 
ttag +56 59/34/18/30/13; 
ttag +57 66/59/37/56/32; 
ttag +58 76/70/48/72/48; 
ttag +59 100/100/96/99/97; 
ttag +60 100/100/98/99/97; 
ttag +61 100/100/100/100/99; 
ttag +62 37/28/22/29/19; 
ttag +63 43/29/18/29/?; 
ttag +64 99/99/99/100/99; 
ttag +65 65/51/37/49/20; 
ttag +66 90/88/79/91/81; 
ttag +67 94/92/83/92/83; 
ttag +68 94/92/86/94/86; 
ttag +69 99/99/100/100/100; 
ttag +70 98/97/91/98/92; 
ttag +71 99/98/98/98/98; 
ttag +72 96/94/88/94/86; 
ttag +73 99/99/97/98/95; 
ttag +74 98/98/96/99/98; 
ttag +75 90/85/77/90/77; 
ttag +76 84/79/71/83/76; 
ttag +77 94/93/86/96/84; 
ttag +78 100/100/100/100/100; 
ttag +79 96/96/93/97/92; 
ttag +80 80/74/62/70/66; 
ttag +81 100/100/100/100/100; 
ttag +82 90/84/84/93/85; 
ttag +83 91/90/86/93/84; 
ttag +84 81/77/83/83/81; 
ttag +85 100/100/100/100/100; 
ttag +86 98/98/96/99/96; 
ttag +87 49/32/23/32/32; 
ttag +88 90/88/82/88/85; 
ttag +89 28/[1]/7/14/?; 
ttag +90 93/92/84/89/81; 
ttag +91 97/97/93/97/94; 
ttag +92 100/100/99/100/98; 
ttag +93 99/98/95/99/93; 
ttag +94 63/51/45/52/48; 
