tread
'Tree with tags' 
(0 (1 ((((2 3 )((4 5 )(6 7 )(8 9 (10 (11 12 )))))((26 (27 (28 (29 30 ))))(39 (31 ((32 33 )((34 35 )(36 (37 38 )))))((40 41 )(42 (43 ((44 45 )(46 47 ))))))))((13 14 )((15 16 )(17 (18 (19 ((20 21 )((22 23 )(24 25 ))))))))))); 
ttag *!; 
ttag +49 ???; 
ttag +50 9; 
ttag +51 3; 
ttag +52 1; 
ttag +53 1; 
ttag +54 11; 
ttag +55 3; 
ttag +56 4; 
ttag +57 1; 
ttag +58 2; 
ttag +59 9; 
ttag +60 15; 
ttag +61 2; 
ttag +62 9; 
ttag +63 7; 
ttag +64 4; 
ttag +65 4; 
ttag +66 6; 
ttag +67 8; 
ttag +68 6; 
ttag +69 8; 
ttag +70 3; 
ttag +71 3; 
ttag +72 5; 
ttag +73 5; 
ttag +74 4; 
ttag +75 5; 
ttag +76 11; 
ttag +77 2; 
ttag +78 5; 
ttag +79 6; 
ttag +80 4; 
ttag +81 6; 
ttag +82 2; 
ttag +83 6; 
ttag +84 4; 
ttag +85 7; 
ttag +86 3; 
ttag +87 7; 
ttag +88 4; 
ttag +89 10; 
ttag +90 3; 
ttag +91 7; 
tread
'Tree with tags' 
(0 (1 ((((2 3 )(((4 5 )((8 9 )(10 (11 12 ))))(6 7 )))((26 (27 (28 (29 30 ))))(39 ((31 ((32 33 )((34 35 )(36 (37 38 )))))((40 41 )(42 (43 ((44 45 )(46 47 )))))))))((13 14 )((15 16 )(17 (18 (19 ((20 21 )((22 23 )(24 25 ))))))))))); 
ttag *!; 
ttag +0 ////; 
ttag +1 ////; 
ttag +2 ////; 
ttag +3 ////; 
ttag +4 ////; 
ttag +5 ////; 
ttag +6 ////; 
ttag +7 ////; 
ttag +8 ////; 
ttag +9 ////; 
ttag +10 ////; 
ttag +11 ////; 
ttag +12 ////; 
ttag +13 ////; 
ttag +14 ////; 
ttag +15 ////; 
ttag +16 ////; 
ttag +17 ////; 
ttag +18 ////; 
ttag +19 ////; 
ttag +20 ////; 
ttag +21 ////; 
ttag +22 ////; 
ttag +23 ////; 
ttag +24 ////; 
ttag +25 ////; 
ttag +26 ////; 
ttag +27 ////; 
ttag +28 ////; 
ttag +29 ////; 
ttag +30 ////; 
ttag +31 ////; 
ttag +32 ////; 
ttag +33 ////; 
ttag +34 ////; 
ttag +35 ////; 
ttag +36 ////; 
ttag +37 ////; 
ttag +38 ////; 
ttag +39 ////; 
ttag +40 ////; 
ttag +41 ////; 
ttag +42 ////; 
ttag +43 ////; 
ttag +44 ////; 
ttag +45 ////; 
ttag +46 ////; 
ttag +47 ////; 
ttag +48 ////; 
ttag +49 100/100/100/100/100; 
ttag +50 100/100/99/100/100; 
ttag +51 94/92/87/90/88; 
ttag +52 36/16/21/28/25; 
ttag +53 57/51/56/58/54; 
ttag +54 100/100/100/100/100; 
ttag +55 15/[43]/?/?/?; 
ttag +56 68/49/42/61/50; 
ttag +57 94/92/89/98/90; 
ttag +58 12/[7]/?/?/?; 
ttag +59 37/18/6/19/15; 
ttag +60 73/70/56/63/56; 
ttag +61 100/100/100/100/98; 
ttag +62 100/100/100/100/100; 
ttag +63 43/23/23/32/17; 
ttag +64 100/100/99/100/98; 
ttag +65 96/95/89/96/92; 
ttag +66 88/85/87/94/85; 
ttag +67 91/89/85/94/84; 
ttag +68 92/90/86/94/88; 
ttag +69 100/100/100/100/100; 
ttag +70 97/97/96/98/94; 
ttag +71 98/97/94/98/94; 
ttag +72 86/83/80/82/77; 
ttag +73 84/75/77/80/71; 
ttag +74 96/96/94/98/94; 
ttag +75 88/86/82/89/75; 
ttag +76 94/94/86/96/87; 
ttag +77 94/92/85/96/83; 
ttag +78 100/100/97/100/99; 
ttag +79 77/72/62/80/61; 
ttag +80 19/5/?/0/3; 
ttag +81 97/97/87/96/84; 
ttag +82 98/98/94/98/91; 
ttag +83 88/87/84/91/85; 
ttag +84 96/95/92/96/92; 
ttag +85 73/69/73/81/58; 
ttag +86 96/94/89/95/89; 
ttag +87 94/93/83/90/86; 
ttag +88 98/98/94/100/92; 
ttag +89 92/91/81/92/76; 
ttag +90 99/99/97/99/95; 
ttag +91 89/86/83/95/83; 
ttag +92 100/100/100/100/99; 
ttag +93 90/89/79/87/82; 
ttag +94 99/99/98/99/96; 
