tread
'Tree with tags' 
(0 ((1 (13 14 )((15 16 )(17 (18 (19 ((20 21 )((22 23 )(24 25 )))))))((26 27 (28 (29 30 )))((39 (31 ((32 33 )((34 35 )(36 (37 38 ))))))((40 41 )(42 (43 ((44 45 )(46 47 ))))))))(8 9 (2 3 )(6 7 (4 5 ))(10 (11 12 ))))); 
ttag *!; 
ttag +49 1; 
ttag +50 ???; 
ttag +51 2; 
ttag +52 2; 
ttag +53 2; 
ttag +54 9; 
ttag +55 6; 
ttag +56 4; 
ttag +57 3; 
ttag +58 4; 
ttag +59 3; 
ttag +60 4; 
ttag +61 5; 
ttag +62 3; 
ttag +63 7; 
ttag +64 16; 
ttag +65 6; 
ttag +66 3; 
ttag +67 5; 
ttag +68 6; 
ttag +69 6; 
ttag +70 2; 
ttag +71 10; 
ttag +72 6; 
ttag +73 2; 
ttag +74 4; 
ttag +75 6; 
ttag +76 3; 
ttag +77 4; 
ttag +78 4; 
ttag +79 7; 
ttag +80 3; 
ttag +81 4; 
ttag +82 6; 
ttag +83 5; 
ttag +84 3; 
ttag +85 4; 
ttag +86 5; 
ttag +87 4; 
tread
'Tree with tags' 
(0 ((1 (((13 14 )((15 16 )(17 (18 (19 ((20 21 )((22 23 )(24 25 ))))))))((26 (27 (28 (29 30 ))))((39 (31 ((32 33 )((34 35 )(36 (37 38 ))))))((40 41 )(42 (43 ((44 45 )(46 47 )))))))))((2 3 )(9 (8 ((6 (7 (4 5 )))(10 (11 12 )))))))); 
ttag *!; 
ttag +0 ////; 
ttag +1 ////; 
ttag +2 ////; 
ttag +3 ////; 
ttag +4 ////; 
ttag +5 ////; 
ttag +6 ////; 
ttag +7 ////; 
ttag +8 ////; 
ttag +9 ////; 
ttag +10 ////; 
ttag +11 ////; 
ttag +12 ////; 
ttag +13 ////; 
ttag +14 ////; 
ttag +15 ////; 
ttag +16 ////; 
ttag +17 ////; 
ttag +18 ////; 
ttag +19 ////; 
ttag +20 ////; 
ttag +21 ////; 
ttag +22 ////; 
ttag +23 ////; 
ttag +24 ////; 
ttag +25 ////; 
ttag +26 ////; 
ttag +27 ////; 
ttag +28 ////; 
ttag +29 ////; 
ttag +30 ////; 
ttag +31 ////; 
ttag +32 ////; 
ttag +33 ////; 
ttag +34 ////; 
ttag +35 ////; 
ttag +36 ////; 
ttag +37 ////; 
ttag +38 ////; 
ttag +39 ////; 
ttag +40 ////; 
ttag +41 ////; 
ttag +42 ////; 
ttag +43 ////; 
ttag +44 ////; 
ttag +45 ////; 
ttag +46 ////; 
ttag +47 ////; 
ttag +48 ////; 
ttag +49 50/32/10/34/27; 
ttag +50 100/100/100/100/100; 
ttag +51 85/83/73/86/77; 
ttag +52 82/76/67/81/76; 
ttag +53 86/83/77/82/76; 
ttag +54 28/3/?/?/?; 
ttag +55 99/99/98/99/100; 
ttag +56 23/[9]/?/?/?; 
ttag +57 15/[16]/?/?/?; 
ttag +58 53/34/27/14/21; 
ttag +59 99/99/99/100/98; 
ttag +60 99/99/98/98/99; 
ttag +61 94/94/92/94/92; 
ttag +62 34/0/?/13/11; 
ttag +63 27/2/?/?/?; 
ttag +64 96/96/96/94/94; 
ttag +65 93/91/87/90/89; 
ttag +66 90/87/73/89/78; 
ttag +67 84/76/62/83/75; 
ttag +68 84/76/58/80/69; 
ttag +69 100/100/100/100/100; 
ttag +70 100/100/100/100/100; 
ttag +71 98/97/89/96/88; 
ttag +72 83/78/64/83/62; 
ttag +73 93/91/85/96/84; 
ttag +74 100/100/96/99/96; 
ttag +75 98/97/90/98/88; 
ttag +76 50/39/37/36/35; 
ttag +77 86/81/75/80/72; 
ttag +78 100/100/100/99/99; 
ttag +79 95/94/92/98/88; 
ttag +80 85/82/80/83/80; 
ttag +81 95/94/90/96/91; 
ttag +82 100/100/93/97/96; 
ttag +83 90/89/80/87/77; 
ttag +84 90/86/88/91/84; 
ttag +85 89/87/78/94/84; 
ttag +86 99/99/95/100/96; 
ttag +87 85/77/67/84/70; 
ttag +88 94/92/92/96/92; 
ttag +89 97/97/92/100/90; 
ttag +90 97/97/92/97/90; 
ttag +91 87/81/71/85/64; 
ttag +92 84/80/68/87/60; 
ttag +93 94/94/86/96/80; 
ttag +94 92/92/88/93/86; 
