tread
'Tree with tags' 
(0 ((1 ((2 3 )((((4 5 )(6 7 ))(10 (11 12 )))(8 9 ))))((13 14 )(((15 16 )(17 (18 (19 ((20 21 )((22 23 )(24 25 )))))))((26 (27 (28 (29 30 ))))(39 ((31 ((32 33 )(34 35 (36 (37 38 )))))((40 41 )(42 (43 ((44 45 )(46 47 )))))))))))); 
ttag *!; 
ttag +49 1; 
ttag +50 ???; 
ttag +51 7; 
ttag +52 5; 
ttag +53 8; 
ttag +54 8; 
ttag +55 2; 
ttag +56 5; 
ttag +57 2; 
ttag +58 3; 
ttag +59 2; 
ttag +60 7; 
ttag +61 11; 
ttag +62 1; 
ttag +63 13; 
ttag +64 2; 
ttag +65 1; 
ttag +66 1; 
ttag +67 4; 
ttag +68 1; 
ttag +69 4; 
ttag +70 6; 
ttag +71 4; 
ttag +72 4; 
ttag +73 7; 
ttag +74 3; 
ttag +75 6; 
ttag +76 4; 
ttag +77 4; 
ttag +78 11; 
ttag +79 4; 
ttag +80 1; 
ttag +81 7; 
ttag +82 10; 
ttag +83 6; 
ttag +84 4; 
ttag +85 10; 
ttag +86 10; 
ttag +87 2; 
ttag +88 9; 
ttag +89 5; 
ttag +90 4; 
ttag +91 2; 
ttag +92 7; 
ttag +93 4; 
tread
'Tree with tags' 
(0 ((1 ((2 3 )((((4 5 )(6 7 ))(10 (11 12 )))(8 9 ))))((13 14 )(((15 16 )(17 (18 (19 ((20 21 )((22 23 )(24 25 )))))))((26 (27 (28 (29 30 ))))(39 ((31 ((32 33 )(34 (35 (36 (37 38 ))))))((40 41 )(42 (43 ((44 45 )(46 47 )))))))))))); 
ttag *!; 
ttag +0 ////; 
ttag +1 ////; 
ttag +2 ////; 
ttag +3 ////; 
ttag +4 ////; 
ttag +5 ////; 
ttag +6 ////; 
ttag +7 ////; 
ttag +8 ////; 
ttag +9 ////; 
ttag +10 ////; 
ttag +11 ////; 
ttag +12 ////; 
ttag +13 ////; 
ttag +14 ////; 
ttag +15 ////; 
ttag +16 ////; 
ttag +17 ////; 
ttag +18 ////; 
ttag +19 ////; 
ttag +20 ////; 
ttag +21 ////; 
ttag +22 ////; 
ttag +23 ////; 
ttag +24 ////; 
ttag +25 ////; 
ttag +26 ////; 
ttag +27 ////; 
ttag +28 ////; 
ttag +29 ////; 
ttag +30 ////; 
ttag +31 ////; 
ttag +32 ////; 
ttag +33 ////; 
ttag +34 ////; 
ttag +35 ////; 
ttag +36 ////; 
ttag +37 ////; 
ttag +38 ////; 
ttag +39 ////; 
ttag +40 ////; 
ttag +41 ////; 
ttag +42 ////; 
ttag +43 ////; 
ttag +44 ////; 
ttag +45 ////; 
ttag +46 ////; 
ttag +47 ////; 
ttag +48 ////; 
ttag +49 32/18/22/24/12; 
ttag +50 100/100/100/100/100; 
ttag +51 97/96/93/96/91; 
ttag +52 92/92/92/93/85; 
ttag +53 99/98/98/100/99; 
ttag +54 98/98/97/98/98; 
ttag +55 65/56/51/55/39; 
ttag +56 93/92/83/92/84; 
ttag +57 70/64/66/75/62; 
ttag +58 92/92/84/90/89; 
ttag +59 71/65/59/59/52; 
ttag +60 98/97/98/99/94; 
ttag +61 100/100/100/100/100; 
ttag +62 38/25/22/33/18; 
ttag +63 100/100/99/100/100; 
ttag +64 81/73/54/69/67; 
ttag +65 64/52/43/45/40; 
ttag +66 78/77/70/74/72; 
ttag +67 92/90/79/92/86; 
ttag +68 64/46/22/35/23; 
ttag +69 98/98/98/98/98; 
ttag +70 99/99/98/98/96; 
ttag +71 91/89/90/95/86; 
ttag +72 88/83/80/91/81; 
ttag +73 100/100/98/99/95; 
ttag +74 95/94/92/94/89; 
ttag +75 98/97/98/99/99; 
ttag +76 91/89/84/88/82; 
ttag +77 89/86/85/93/86; 
ttag +78 100/100/99/100/100; 
ttag +79 92/90/90/93/85; 
ttag +80 61/47/43/46/47; 
ttag +81 99/99/97/99/95; 
ttag +82 100/100/100/100/100; 
ttag +83 99/98/98/99/98; 
ttag +84 85/78/81/84/77; 
ttag +85 26/[10]/?/4/?; 
ttag +86 99/99/100/100/98; 
ttag +87 100/100/100/100/100; 
ttag +88 73/61/52/65/44; 
ttag +89 99/99/99/99/99; 
ttag +90 94/94/92/94/91; 
ttag +91 95/94/81/89/88; 
ttag +92 74/64/49/77/63; 
ttag +93 99/99/94/98/96; 
ttag +94 96/96/93/94/93; 
