tread
'Tree with tags' 
(0 (1 ((((2 3 )(((4 5 )(6 7 ))(8 (9 (10 (11 12 ))))))(13 14 ))(((15 16 )(17 (18 19 ((20 21 )(25 (24 (22 23 )))))))((26 (27 (28 (29 30 ))))((31 (((32 33 )(34 35 ))(36 (37 38 ))))(39 ((40 41 )(42 (43 ((44 45 )(46 47 )))))))))))); 
ttag *!; 
ttag +49 ???; 
ttag +50 5; 
ttag +51 13; 
ttag +52 1; 
ttag +53 1; 
ttag +54 9; 
ttag +55 9; 
ttag +56 5; 
ttag +57 1; 
ttag +58 2; 
ttag +59 1; 
ttag +60 5; 
ttag +61 4; 
ttag +62 4; 
ttag +63 10; 
ttag +64 2; 
ttag +65 1; 
ttag +66 4; 
ttag +67 6; 
ttag +68 10; 
ttag +69 4; 
ttag +70 9; 
ttag +71 1; 
ttag +72 6; 
ttag +73 9; 
ttag +74 2; 
ttag +75 4; 
ttag +76 6; 
ttag +77 10; 
ttag +78 3; 
ttag +79 3; 
ttag +80 7; 
ttag +81 2; 
ttag +82 8; 
ttag +83 4; 
ttag +84 13; 
ttag +85 12; 
ttag +86 3; 
ttag +87 1; 
ttag +88 6; 
ttag +89 7; 
ttag +90 1; 
ttag +91 5; 
ttag +92 3; 
ttag +93 1; 
tread
'Tree with tags' 
(0 (1 ((((2 3 )(((4 5 )(6 7 ))(8 (9 (10 (11 12 ))))))(13 14 ))(((15 16 )(17 (18 (19 ((20 21 )(25 (24 (22 23 ))))))))((26 (27 (28 (29 30 ))))((31 (((32 33 )(34 35 ))(36 (37 38 ))))(39 ((40 41 )(42 (43 ((44 45 )(46 47 )))))))))))); 
ttag *!; 
ttag +0 ////; 
ttag +1 ////; 
ttag +2 ////; 
ttag +3 ////; 
ttag +4 ////; 
ttag +5 ////; 
ttag +6 ////; 
ttag +7 ////; 
ttag +8 ////; 
ttag +9 ////; 
ttag +10 ////; 
ttag +11 ////; 
ttag +12 ////; 
ttag +13 ////; 
ttag +14 ////; 
ttag +15 ////; 
ttag +16 ////; 
ttag +17 ////; 
ttag +18 ////; 
ttag +19 ////; 
ttag +20 ////; 
ttag +21 ////; 
ttag +22 ////; 
ttag +23 ////; 
ttag +24 ////; 
ttag +25 ////; 
ttag +26 ////; 
ttag +27 ////; 
ttag +28 ////; 
ttag +29 ////; 
ttag +30 ////; 
ttag +31 ////; 
ttag +32 ////; 
ttag +33 ////; 
ttag +34 ////; 
ttag +35 ////; 
ttag +36 ////; 
ttag +37 ////; 
ttag +38 ////; 
ttag +39 ////; 
ttag +40 ////; 
ttag +41 ////; 
ttag +42 ////; 
ttag +43 ////; 
ttag +44 ////; 
ttag +45 ////; 
ttag +46 ////; 
ttag +47 ////; 
ttag +48 ////; 
ttag +49 100/100/100/100/100; 
ttag +50 94/92/87/94/87; 
ttag +51 100/100/99/100/100; 
ttag +52 44/36/33/42/27; 
ttag +53 20/10/5/16/6; 
ttag +54 100/100/99/100/100; 
ttag +55 100/100/98/100/97; 
ttag +56 74/64/46/73/59; 
ttag +57 47/11/7/22/20; 
ttag +58 52/37/37/48/37; 
ttag +59 22/8/6/16/6; 
ttag +60 87/85/71/84/76; 
ttag +61 94/92/86/90/87; 
ttag +62 90/88/81/91/81; 
ttag +63 100/100/98/100/100; 
ttag +64 74/67/50/62/51; 
ttag +65 52/42/25/47/34; 
ttag +66 90/87/76/91/82; 
ttag +67 98/98/93/98/96; 
ttag +68 45/20/20/19/18; 
ttag +69 100/100/100/100/100; 
ttag +70 92/90/84/92/83; 
ttag +71 100/100/100/99/99; 
ttag +72 62/48/42/50/43; 
ttag +73 98/97/96/97/94; 
ttag +74 99/99/98/100/98; 
ttag +75 69/52/42/53/40; 
ttag +76 87/82/74/87/81; 
ttag +77 98/98/98/99/98; 
ttag +78 100/100/99/100/99; 
ttag +79 92/90/88/91/89; 
ttag +80 92/91/91/88/81; 
ttag +81 100/100/99/100/98; 
ttag +82 84/79/70/79/72; 
ttag +83 100/100/98/100/98; 
ttag +84 95/95/89/97/88; 
ttag +85 100/100/100/100/100; 
ttag +86 100/100/100/100/100; 
ttag +87 84/80/69/77/66; 
ttag +88 43/16/21/26/28; 
ttag +89 97/97/94/98/92; 
ttag +90 99/99/98/99/96; 
ttag +91 59/50/45/48/38; 
ttag +92 98/97/89/96/89; 
ttag +93 79/73/76/78/72; 
ttag +94 56/28/31/40/39; 
