tread
'Tree with tags' 
(0 (((1 (((2 3 )(8 (9 (10 (11 12 )))))(6 7 (4 5 ))))((26 (27 (28 (29 30 ))))((31 ((32 33 )((34 35 )(36 (37 38 )))))(39 ((40 41 )(42 (43 ((44 45 )(46 47 )))))))))((13 14 )((15 16 )(17 (18 (19 ((20 21 )((22 23 )(24 25 )))))))))); 
ttag *!; 
ttag +49 2; 
ttag +50 1; 
ttag +51 ???; 
ttag +52 8; 
ttag +53 1; 
ttag +54 10; 
ttag +55 9; 
ttag +56 6; 
ttag +57 1; 
ttag +58 1; 
ttag +59 6; 
ttag +60 5; 
ttag +61 6; 
ttag +62 1; 
ttag +63 6; 
ttag +64 6; 
ttag +65 1; 
ttag +66 1; 
ttag +67 1; 
ttag +68 5; 
ttag +69 13; 
ttag +70 6; 
ttag +71 9; 
ttag +72 6; 
ttag +73 7; 
ttag +74 5; 
ttag +75 3; 
ttag +76 4; 
ttag +77 2; 
ttag +78 9; 
ttag +79 8; 
ttag +80 4; 
ttag +81 6; 
ttag +82 7; 
ttag +83 3; 
ttag +84 9; 
ttag +85 10; 
ttag +86 1; 
ttag +87 1; 
ttag +88 8; 
ttag +89 7; 
ttag +90 4; 
ttag +91 8; 
ttag +92 8; 
ttag +93 2; 
tread
'Tree with tags' 
(0 (((1 (((2 3 )(8 (9 (10 (11 12 )))))(7 (6 (4 5 )))))((26 (27 (28 (29 30 ))))((31 ((32 33 )((34 35 )(36 (37 38 )))))(39 ((40 41 )(42 (43 ((44 45 )(46 47 )))))))))((13 14 )((15 16 )(17 (18 (19 ((20 21 )((22 23 )(24 25 )))))))))); 
ttag *!; 
ttag +0 ////; 
ttag +1 ////; 
ttag +2 ////; 
ttag +3 ////; 
ttag +4 ////; 
ttag +5 ////; 
ttag +6 ////; 
ttag +7 ////; 
ttag +8 ////; 
ttag +9 ////; 
ttag +10 ////; 
ttag +11 ////; 
ttag +12 ////; 
ttag +13 ////; 
ttag +14 ////; 
ttag +15 ////; 
ttag +16 ////; 
ttag +17 ////; 
ttag +18 ////; 
ttag +19 ////; 
ttag +20 ////; 
ttag +21 ////; 
ttag +22 ////; 
ttag +23 ////; 
ttag +24 ////; 
ttag +25 ////; 
ttag +26 ////; 
ttag +27 ////; 
ttag +28 ////; 
ttag +29 ////; 
ttag +30 ////; 
ttag +31 ////; 
ttag +32 ////; 
ttag +33 ////; 
ttag +34 ////; 
ttag +35 ////; 
ttag +36 ////; 
ttag +37 ////; 
ttag +38 ////; 
ttag +39 ////; 
ttag +40 ////; 
ttag +41 ////; 
ttag +42 ////; 
ttag +43 ////; 
ttag +44 ////; 
ttag +45 ////; 
ttag +46 ////; 
ttag +47 ////; 
ttag +48 ////; 
ttag +49 68/58/45/57/42; 
ttag +50 32/16/22/20/8; 
ttag +51 100/100/100/100/100; 
ttag +52 99/99/99/100/100; 
ttag +53 44/15/5/22/16; 
ttag +54 100/100/100/99/99; 
ttag +55 99/99/98/100/99; 
ttag +56 21/[13]/?/?/?; 
ttag +57 94/89/91/92/91; 
ttag +58 36/18/11/16/12; 
ttag +59 25/[5]/2/7/?; 
ttag +60 98/98/95/98/94; 
ttag +61 96/96/91/96/90; 
ttag +62 100/100/98/99/99; 
ttag +63 30/12/18/13/2; 
ttag +64 98/98/92/97/90; 
ttag +65 98/98/93/99/96; 
ttag +66 50/42/23/26/23; 
ttag +67 50/38/25/35/41; 
ttag +68 72/59/72/65/65; 
ttag +69 97/96/92/98/93; 
ttag +70 100/100/99/100/100; 
ttag +71 98/98/94/98/96; 
ttag +72 100/100/96/99/98; 
ttag +73 99/98/92/99/94; 
ttag +74 99/99/98/100/100; 
ttag +75 83/78/76/80/71; 
ttag +76 90/86/80/89/78; 
ttag +77 97/97/98/97/96; 
ttag +78 84/77/69/78/74; 
ttag +79 99/99/99/100/96; 
ttag +80 98/98/97/97/95; 
ttag +81 89/84/74/84/76; 
ttag +82 92/89/86/91/85; 
ttag +83 100/100/100/100/100; 
ttag +84 74/64/52/70/54; 
ttag +85 100/100/99/99/97; 
ttag +86 100/100/100/100/99; 
ttag +87 44/24/16/35/16; 
ttag +88 59/37/35/38/33; 
ttag +89 99/98/92/99/94; 
ttag +90 99/98/98/98/97; 
ttag +91 87/82/72/82/74; 
ttag +92 100/100/98/99/99; 
ttag +93 99/99/98/100/99; 
ttag +94 80/71/62/69/57; 
