tread
'Tree with tags' 
(0 (1 ((((2 3 )(((4 5 )(6 7 ))(8 9 (10 (11 12 )))))((26 (27 (28 (29 30 ))))(39 ((31 ((32 33 )((34 35 )(36 (37 38 )))))((40 41 )(42 (43 ((44 45 )(46 47 )))))))))((13 14 )((15 16 )(17 (18 (19 ((20 21 )((22 23 )(24 25 ))))))))))); 
ttag *!; 
ttag +49 ???; 
ttag +50 6; 
ttag +51 4; 
ttag +52 1; 
ttag +53 1; 
ttag +54 6; 
ttag +55 10; 
ttag +56 2; 
ttag +57 4; 
ttag +58 1; 
ttag +59 8; 
ttag +60 8; 
ttag +61 12; 
ttag +62 1; 
ttag +63 10; 
ttag +64 9; 
ttag +65 2; 
ttag +66 6; 
ttag +67 4; 
ttag +68 17; 
ttag +69 2; 
ttag +70 9; 
ttag +71 8; 
ttag +72 5; 
ttag +73 3; 
ttag +74 8; 
ttag +75 4; 
ttag +76 8; 
ttag +77 11; 
ttag +78 6; 
ttag +79 1; 
ttag +80 4; 
ttag +81 2; 
ttag +82 10; 
ttag +83 3; 
ttag +84 1; 
ttag +85 10; 
ttag +86 10; 
ttag +87 3; 
ttag +88 4; 
ttag +89 7; 
ttag +90 5; 
ttag +91 7; 
ttag +92 4; 
ttag +93 2; 
tread
'Tree with tags' 
(0 (1 ((((2 3 )(((4 5 )(6 7 ))(8 (9 (10 (11 12 ))))))((26 (27 (28 (29 30 ))))(39 ((31 ((32 33 )((34 35 )(36 (37 38 )))))((40 41 )(42 (43 ((44 45 )(46 47 )))))))))((13 14 )((15 16 )(17 (18 (19 ((20 21 )((22 23 )(24 25 ))))))))))); 
ttag *!; 
ttag +0 ////; 
ttag +1 ////; 
ttag +2 ////; 
ttag +3 ////; 
ttag +4 ////; 
ttag +5 ////; 
ttag +6 ////; 
ttag +7 ////; 
ttag +8 ////; 
ttag +9 ////; 
ttag +10 ////; 
ttag +11 ////; 
ttag +12 ////; 
ttag +13 ////; 
ttag +14 ////; 
ttag +15 ////; 
ttag +16 ////; 
ttag +17 ////; 
ttag +18 ////; 
ttag +19 ////; 
ttag +20 ////; 
ttag +21 ////; 
ttag +22 ////; 
ttag +23 ////; 
ttag +24 ////; 
ttag +25 ////; 
ttag +26 ////; 
ttag +27 ////; 
ttag +28 ////; 
ttag +29 ////; 
ttag +30 ////; 
ttag +31 ////; 
ttag +32 ////; 
ttag +33 ////; 
ttag +34 ////; 
ttag +35 ////; 
ttag +36 ////; 
ttag +37 ////; 
ttag +38 ////; 
ttag +39 ////; 
ttag +40 ////; 
ttag +41 ////; 
ttag +42 ////; 
ttag +43 ////; 
ttag +44 ////; 
ttag +45 ////; 
ttag +46 ////; 
ttag +47 ////; 
ttag +48 ////; 
ttag +49 100/100/100/100/100; 
ttag +50 95/92/91/94/88; 
ttag +51 93/90/84/86/85; 
ttag +52 16/[6]/?/?/?; 
ttag +53 33/15/?/15/5; 
ttag +54 95/94/93/97/91; 
ttag +55 100/100/100/100/100; 
ttag +56 58/34/31/38/26; 
ttag +57 85/81/73/78/64; 
ttag +58 29/5/?/8/?; 
ttag +59 12/[12]/?/?/?; 
ttag +60 100/100/97/99/98; 
ttag +61 100/100/99/100/98; 
ttag +62 100/100/100/100/100; 
ttag +63 24/1/2/2/3; 
ttag +64 100/100/99/99/99; 
ttag +65 100/100/100/100/98; 
ttag +66 63/55/32/46/42; 
ttag +67 96/94/86/94/84; 
ttag +68 88/84/67/80/73; 
ttag +69 100/100/100/100/100; 
ttag +70 73/68/51/62/60; 
ttag +71 100/100/100/100/99; 
ttag +72 100/100/97/98/96; 
ttag +73 97/96/92/95/94; 
ttag +74 84/80/74/86/74; 
ttag +75 100/100/96/100/96; 
ttag +76 83/79/74/83/74; 
ttag +77 100/100/99/99/100; 
ttag +78 100/100/100/100/100; 
ttag +79 98/98/98/99/92; 
ttag +80 43/26/18/28/14; 
ttag +81 83/75/68/79/72; 
ttag +82 72/64/56/66/56; 
ttag +83 100/100/99/99/98; 
ttag +84 92/92/83/93/81; 
ttag +85 57/36/25/46/30; 
ttag +86 100/100/100/100/99; 
ttag +87 99/99/99/100/100; 
ttag +88 88/87/81/82/77; 
ttag +89 89/85/74/84/72; 
ttag +90 98/98/94/99/95; 
ttag +91 97/96/91/94/91; 
ttag +92 97/96/89/98/88; 
ttag +93 86/79/62/79/64; 
ttag +94 71/63/50/70/56; 
