tread
'Tree with tags' 
(0 ((1 ((15 16 )(17 (18 (19 ((20 21 )((22 23 )(24 25 ))))))))(((2 3 )(8 9 ((4 5 )(6 7 ))(10 (11 12 ))))((26 27 (28 (29 30 )))(39 (31 ((32 33 )(34 35 )(36 (37 38 ))))((40 41 )((42 43 )((44 45 )(46 47 )))))))(13 14 ))); 
ttag *!; 
ttag +49 1; 
ttag +50 ???; 
ttag +51 5; 
ttag +52 7; 
ttag +53 1; 
ttag +54 3; 
ttag +55 5; 
ttag +56 2; 
ttag +57 5; 
ttag +58 3; 
ttag +59 17; 
ttag +60 12; 
ttag +61 5; 
ttag +62 2; 
ttag +63 2; 
ttag +64 3; 
ttag +65 3; 
ttag +66 11; 
ttag +67 4; 
ttag +68 6; 
ttag +69 7; 
ttag +70 1; 
ttag +71 4; 
ttag +72 3; 
ttag +73 5; 
ttag +74 10; 
ttag +75 5; 
ttag +76 4; 
ttag +77 3; 
ttag +78 5; 
ttag +79 3; 
ttag +80 2; 
ttag +81 13; 
ttag +82 1; 
ttag +83 4; 
ttag +84 1; 
ttag +85 10; 
ttag +86 7; 
ttag +87 3; 
ttag +88 3; 
tread
'Tree with tags' 
(0 (((1 ((15 16 )(17 (18 (19 ((20 21 )((22 23 )(24 25 ))))))))(((2 3 )(8 (9 (((4 5 )(6 7 ))(10 (11 12 ))))))((26 (27 (28 (29 30 ))))(39 ((31 ((32 33 )((34 35 )(36 (37 38 )))))((40 41 )((42 43 )((44 45 )(46 47 )))))))))(13 14 ))); 
ttag *!; 
ttag +0 ////; 
ttag +1 ////; 
ttag +2 ////; 
ttag +3 ////; 
ttag +4 ////; 
ttag +5 ////; 
ttag +6 ////; 
ttag +7 ////; 
ttag +8 ////; 
ttag +9 ////; 
ttag +10 ////; 
ttag +11 ////; 
ttag +12 ////; 
ttag +13 ////; 
ttag +14 ////; 
ttag +15 ////; 
ttag +16 ////; 
ttag +17 ////; 
ttag +18 ////; 
ttag +19 ////; 
ttag +20 ////; 
ttag +21 ////; 
ttag +22 ////; 
ttag +23 ////; 
ttag +24 ////; 
ttag +25 ////; 
ttag +26 ////; 
ttag +27 ////; 
ttag +28 ////; 
ttag +29 ////; 
ttag +30 ////; 
ttag +31 ////; 
ttag +32 ////; 
ttag +33 ////; 
ttag +34 ////; 
ttag +35 ////; 
ttag +36 ////; 
ttag +37 ////; 
ttag +38 ////; 
ttag +39 ////; 
ttag +40 ////; 
ttag +41 ////; 
ttag +42 ////; 
ttag +43 ////; 
ttag +44 ////; 
ttag +45 ////; 
ttag +46 ////; 
ttag +47 ////; 
ttag +48 ////; 
ttag +49 16/0/1/7/?; 
ttag +50 0/[5]/?/?/?; 
ttag +51 100/100/100/100/100; 
ttag +52 97/96/96/96/97; 
ttag +53 98/98/93/98/94; 
ttag +54 28/12/10/21/11; 
ttag +55 86/80/77/88/75; 
ttag +56 97/97/89/96/94; 
ttag +57 32/3/2/5/6; 
ttag +58 7/[21]/?/?/?; 
ttag +59 81/76/56/81/69; 
ttag +60 98/98/96/97/95; 
ttag +61 83/78/68/75/68; 
ttag +62 100/100/100/100/100; 
ttag +63 100/100/100/100/100; 
ttag +64 94/90/88/96/86; 
ttag +65 66/60/46/55/43; 
ttag +66 79/65/70/74/69; 
ttag +67 85/84/70/81/72; 
ttag +68 84/76/74/88/78; 
ttag +69 100/100/100/100/100; 
ttag +70 91/90/86/94/86; 
ttag +71 98/98/95/99/96; 
ttag +72 99/99/98/98/96; 
ttag +73 56/35/33/41/36; 
ttag +74 98/98/93/96/91; 
ttag +75 86/83/78/85/76; 
ttag +76 23/[24]/?/?/?; 
ttag +77 96/95/92/97/93; 
ttag +78 100/100/100/100/100; 
ttag +79 94/93/88/95/90; 
ttag +80 32/[2]/?/?/?; 
ttag +81 90/86/84/93/88; 
ttag +82 83/78/72/86/74; 
ttag +83 93/90/82/93/82; 
ttag +84 84/80/77/90/80; 
ttag +85 22/[11]/?/?/?; 
ttag +86 74/66/57/56/49; 
ttag +87 100/100/100/100/100; 
ttag +88 69/51/42/49/52; 
ttag +89 97/95/90/93/91; 
ttag +90 43/28/12/35/17; 
ttag +91 100/100/99/99/100; 
ttag +92 99/99/96/100/98; 
ttag +93 70/60/57/66/53; 
ttag +94 90/88/86/92/86; 
