tread
'Tree with tags' 
(0 (1 (((2 3 )(9 (8 ((4 5 )(6 7 )))(10 (11 12 ))))(13 14 )((26 (27 (28 (29 30 ))))(((31 39 )(((32 33 )(34 35 ))(36 (37 38 ))))((40 41 )(43 (42 ((44 45 )(46 47 ))))))))((15 16 )(17 (18 (19 ((20 21 )(25 (24 (22 23 )))))))))); 
ttag *!; 
ttag +49 ???; 
ttag +50 5; 
ttag +51 6; 
ttag +52 1; 
ttag +53 13; 
ttag +54 5; 
ttag +55 1; 
ttag +56 3; 
ttag +57 2; 
ttag +58 1; 
ttag +59 5; 
ttag +60 5; 
ttag +61 4; 
ttag +62 4; 
ttag +63 5; 
ttag +64 3; 
ttag +65 1; 
ttag +66 12; 
ttag +67 8; 
ttag +68 14; 
ttag +69 1; 
ttag +70 4; 
ttag +71 1; 
ttag +72 7; 
ttag +73 2; 
ttag +74 6; 
ttag +75 9; 
ttag +76 1; 
ttag +77 1; 
ttag +78 5; 
ttag +79 9; 
ttag +80 1; 
ttag +81 3; 
ttag +82 4; 
ttag +83 14; 
ttag +84 4; 
ttag +85 4; 
ttag +86 3; 
ttag +87 2; 
ttag +88 15; 
ttag +89 13; 
ttag +90 10; 
ttag +91 5; 
tread
'Tree with tags' 
(0 ((1 ((((2 3 )((9 (8 ((4 5 )(6 7 ))))(10 (11 12 ))))((26 (27 (28 (29 30 ))))(((31 39 )(((32 33 )(34 35 ))(36 (37 38 ))))((40 41 )(43 (42 ((44 45 )(46 47 ))))))))(13 14 )))((15 16 )(17 (18 (19 ((20 21 )(25 (24 (22 23 )))))))))); 
ttag *!; 
ttag +0 ////; 
ttag +1 ////; 
ttag +2 ////; 
ttag +3 ////; 
ttag +4 ////; 
ttag +5 ////; 
ttag +6 ////; 
ttag +7 ////; 
ttag +8 ////; 
ttag +9 ////; 
ttag +10 ////; 
ttag +11 ////; 
ttag +12 ////; 
ttag +13 ////; 
ttag +14 ////; 
ttag +15 ////; 
ttag +16 ////; 
ttag +17 ////; 
ttag +18 ////; 
ttag +19 ////; 
ttag +20 ////; 
ttag +21 ////; 
ttag +22 ////; 
ttag +23 ////; 
ttag +24 ////; 
ttag +25 ////; 
ttag +26 ////; 
ttag +27 ////; 
ttag +28 ////; 
ttag +29 ////; 
ttag +30 ////; 
ttag +31 ////; 
ttag +32 ////; 
ttag +33 ////; 
ttag +34 ////; 
ttag +35 ////; 
ttag +36 ////; 
ttag +37 ////; 
ttag +38 ////; 
ttag +39 ////; 
ttag +40 ////; 
ttag +41 ////; 
ttag +42 ////; 
ttag +43 ////; 
ttag +44 ////; 
ttag +45 ////; 
ttag +46 ////; 
ttag +47 ////; 
ttag +48 ////; 
ttag +49 4/[6]/?/1/?; 
ttag +50 100/100/100/100/100; 
ttag +51 90/86/77/90/82; 
ttag +52 96/94/94/93/90; 
ttag +53 12/[25]/?/?/?; 
ttag +54 18/[5]/?/?/?; 
ttag +55 100/100/100/100/100; 
ttag +56 84/80/75/84/70; 
ttag +57 34/6/?/16/1; 
ttag +58 17/[10]/?/2/?; 
ttag +59 86/81/80/87/76; 
ttag +60 77/67/59/68/60; 
ttag +61 60/50/55/58/54; 
ttag +62 99/98/95/98/92; 
ttag +63 99/99/100/100/100; 
ttag +64 92/91/84/92/92; 
ttag +65 95/93/80/93/86; 
ttag +66 91/88/80/93/87; 
ttag +67 92/91/78/87/78; 
ttag +68 63/50/27/43/40; 
ttag +69 100/100/100/100/100; 
ttag +70 100/100/94/99/97; 
ttag +71 100/100/100/100/100; 
ttag +72 48/34/28/30/28; 
ttag +73 94/92/84/93/86; 
ttag +74 74/58/49/57/46; 
ttag +75 94/92/89/92/82; 
ttag +76 67/56/50/58/51; 
ttag +77 98/98/92/98/94; 
ttag +78 99/98/97/100/99; 
ttag +79 33/11/?/15/?; 
ttag +80 46/31/19/27/16; 
ttag +81 86/77/70/78/68; 
ttag +82 100/100/100/100/98; 
ttag +83 62/54/46/58/46; 
ttag +84 74/68/45/68/50; 
ttag +85 98/98/97/97/96; 
ttag +86 100/100/100/100/100; 
ttag +87 92/91/73/87/75; 
ttag +88 94/92/82/89/83; 
ttag +89 74/61/54/69/49; 
ttag +90 66/52/40/65/41; 
ttag +91 100/100/100/100/100; 
ttag +92 100/100/100/100/100; 
ttag +93 99/99/99/100/98; 
ttag +94 99/99/98/99/98; 
