tread
'Tree with tags' 
(0 (1 ((2 3 )(((4 5 )(6 7 ))((8 9 )(10 (11 12 )))))(((13 14 )((26 (27 (28 (29 30 ))))((39 (31 ((32 33 )((34 35 )(36 (37 38 ))))))(40 (41 ((42 43 )((44 45 )(46 47 ))))))))((15 16 )(17 (((18 19 )(20 21 ))((22 23 )(24 25 )))))))); 
ttag *!; 
ttag +49 ???; 
ttag +50 6; 
ttag +51 3; 
ttag +52 5; 
ttag +53 8; 
ttag +54 1; 
ttag +55 3; 
ttag +56 1; 
ttag +57 2; 
ttag +58 3; 
ttag +59 8; 
ttag +60 6; 
ttag +61 1; 
ttag +62 3; 
ttag +63 10; 
ttag +64 9; 
ttag +65 3; 
ttag +66 1; 
ttag +67 1; 
ttag +68 4; 
ttag +69 3; 
ttag +70 8; 
ttag +71 6; 
ttag +72 5; 
ttag +73 8; 
ttag +74 4; 
ttag +75 3; 
ttag +76 3; 
ttag +77 7; 
ttag +78 5; 
ttag +79 1; 
ttag +80 2; 
ttag +81 7; 
ttag +82 5; 
ttag +83 3; 
ttag +84 2; 
ttag +85 15; 
ttag +86 12; 
ttag +87 8; 
ttag +88 1; 
ttag +89 1; 
ttag +90 5; 
ttag +91 5; 
ttag +92 6; 
ttag +93 3; 
tread
'Tree with tags' 
(0 ((1 (((13 14 )((26 (27 (28 (29 30 ))))((39 (31 ((32 33 )((34 35 )(36 (37 38 ))))))(40 (41 ((42 43 )((44 45 )(46 47 ))))))))((15 16 )(17 (((18 19 )(20 21 ))((22 23 )(24 25 )))))))((2 3 )(((4 5 )(6 7 ))((8 9 )(10 (11 12 ))))))); 
ttag *!; 
ttag +0 ////; 
ttag +1 ////; 
ttag +2 ////; 
ttag +3 ////; 
ttag +4 ////; 
ttag +5 ////; 
ttag +6 ////; 
ttag +7 ////; 
ttag +8 ////; 
ttag +9 ////; 
ttag +10 ////; 
ttag +11 ////; 
ttag +12 ////; 
ttag +13 ////; 
ttag +14 ////; 
ttag +15 ////; 
ttag +16 ////; 
ttag +17 ////; 
ttag +18 ////; 
ttag +19 ////; 
ttag +20 ////; 
ttag +21 ////; 
ttag +22 ////; 
ttag +23 ////; 
ttag +24 ////; 
ttag +25 ////; 
ttag +26 ////; 
ttag +27 ////; 
ttag +28 ////; 
ttag +29 ////; 
ttag +30 ////; 
ttag +31 ////; 
ttag +32 ////; 
ttag +33 ////; 
ttag +34 ////; 
ttag +35 ////; 
ttag +36 ////; 
ttag +37 ////; 
ttag +38 ////; 
ttag +39 ////; 
ttag +40 ////; 
ttag +41 ////; 
ttag +42 ////; 
ttag +43 ////; 
ttag +44 ////; 
ttag +45 ////; 
ttag +46 ////; 
ttag +47 ////; 
ttag +48 ////; 
ttag +49 12/[29]/?/?/?; 
ttag +50 100/100/100/100/100; 
ttag +51 97/97/95/98/92; 
ttag +52 63/58/46/65/54; 
ttag +53 93/89/84/93/88; 
ttag +54 100/100/98/100/100; 
ttag +55 52/34/19/34/26; 
ttag +56 84/81/78/87/74; 
ttag +57 54/44/32/41/35; 
ttag +58 82/78/81/84/80; 
ttag +59 90/88/76/90/77; 
ttag +60 99/99/100/100/100; 
ttag +61 100/100/98/100/98; 
ttag +62 52/38/41/44/33; 
ttag +63 61/56/34/57/44; 
ttag +64 100/100/100/100/100; 
ttag +65 98/98/94/100/92; 
ttag +66 71/57/44/56/47; 
ttag +67 49/33/33/34/27; 
ttag +68 40/7/8/13/?; 
ttag +69 86/83/70/86/72; 
ttag +70 91/88/91/91/82; 
ttag +71 97/96/98/100/98; 
ttag +72 97/96/95/98/97; 
ttag +73 97/96/88/92/84; 
ttag +74 98/98/96/98/95; 
ttag +75 84/82/67/87/72; 
ttag +76 84/81/63/77/57; 
ttag +77 82/80/55/76/64; 
ttag +78 99/99/93/98/94; 
ttag +79 96/96/84/89/75; 
ttag +80 44/16/15/20/15; 
ttag +81 80/74/70/80/64; 
ttag +82 99/98/98/98/98; 
ttag +83 92/90/90/93/86; 
ttag +84 96/95/82/92/89; 
ttag +85 82/80/69/83/77; 
ttag +86 100/100/100/100/100; 
ttag +87 100/100/99/100/100; 
ttag +88 100/100/100/100/100; 
ttag +89 34/19/13/10/8; 
ttag +90 54/32/36/33/36; 
ttag +91 90/88/80/93/83; 
ttag +92 95/95/94/96/91; 
ttag +93 98/97/92/96/92; 
ttag +94 94/92/88/92/83; 
