tread
'Tree with tags' 
(0 ((1 ((13 14 )((15 16 )(17 (18 (19 ((20 21 )((22 23 )(24 25 )))))))))(((2 3 )(((4 5 )(6 7 ))((8 9 )(10 (11 12 )))))((26 (27 (28 (29 30 ))))((31 ((32 33 )(34 35 )(36 (37 38 ))))(39 ((40 41 )(42 (43 ((44 45 )(46 47 ))))))))))); 
ttag *!; 
ttag +49 1; 
ttag +50 ???; 
ttag +51 7; 
ttag +52 9; 
ttag +53 1; 
ttag +54 5; 
ttag +55 5; 
ttag +56 5; 
ttag +57 2; 
ttag +58 3; 
ttag +59 2; 
ttag +60 3; 
ttag +61 11; 
ttag +62 12; 
ttag +63 2; 
ttag +64 8; 
ttag +65 2; 
ttag +66 1; 
ttag +67 4; 
ttag +68 2; 
ttag +69 5; 
ttag +70 7; 
ttag +71 10; 
ttag +72 3; 
ttag +73 2; 
ttag +74 7; 
ttag +75 3; 
ttag +76 2; 
ttag +77 7; 
ttag +78 15; 
ttag +79 5; 
ttag +80 6; 
ttag +81 3; 
ttag +82 6; 
ttag +83 5; 
ttag +84 7; 
ttag +85 11; 
ttag +86 1; 
ttag +87 4; 
ttag +88 2; 
ttag +89 8; 
ttag +90 5; 
ttag +91 4; 
ttag +92 1; 
ttag +93 1; 
tread
'Tree with tags' 
(0 ((1 ((13 14 )((15 16 )(17 (18 (19 ((20 21 )((22 23 )(24 25 )))))))))(((2 3 )(((4 5 )(6 7 ))((8 9 )(10 (11 12 )))))((26 (27 (28 (29 30 ))))((31 (((32 33 )(34 35 ))(36 (37 38 ))))(39 ((40 41 )(42 (43 ((44 45 )(46 47 ))))))))))); 
ttag *!; 
ttag +0 ////; 
ttag +1 ////; 
ttag +2 ////; 
ttag +3 ////; 
ttag +4 ////; 
ttag +5 ////; 
ttag +6 ////; 
ttag +7 ////; 
ttag +8 ////; 
ttag +9 ////; 
ttag +10 ////; 
ttag +11 ////; 
ttag +12 ////; 
ttag +13 ////; 
ttag +14 ////; 
ttag +15 ////; 
ttag +16 ////; 
ttag +17 ////; 
ttag +18 ////; 
ttag +19 ////; 
ttag +20 ////; 
ttag +21 ////; 
ttag +22 ////; 
ttag +23 ////; 
ttag +24 ////; 
ttag +25 ////; 
ttag +26 ////; 
ttag +27 ////; 
ttag +28 ////; 
ttag +29 ////; 
ttag +30 ////; 
ttag +31 ////; 
ttag +32 ////; 
ttag +33 ////; 
ttag +34 ////; 
ttag +35 ////; 
ttag +36 ////; 
ttag +37 ////; 
ttag +38 ////; 
ttag +39 ////; 
ttag +40 ////; 
ttag +41 ////; 
ttag +42 ////; 
ttag +43 ////; 
ttag +44 ////; 
ttag +45 ////; 
ttag +46 ////; 
ttag +47 ////; 
ttag +48 ////; 
ttag +49 32/20/8/34/10; 
ttag +50 100/100/100/100/100; 
ttag +51 98/98/98/100/97; 
ttag +52 100/100/98/100/99; 
ttag +53 39/27/16/33/14; 
ttag +54 96/95/92/96/93; 
ttag +55 97/97/91/97/90; 
ttag +56 96/96/90/99/88; 
ttag +57 61/42/39/53/41; 
ttag +58 70/59/46/64/32; 
ttag +59 63/46/39/52/24; 
ttag +60 84/82/66/83/71; 
ttag +61 100/100/100/100/100; 
ttag +62 100/100/100/100/100; 
ttag +63 36/24/13/37/15; 
ttag +64 99/98/98/99/97; 
ttag +65 44/34/26/43/20; 
ttag +66 67/62/53/57/47; 
ttag +67 80/74/61/78/64; 
ttag +68 90/89/88/89/81; 
ttag +69 100/100/99/99/100; 
ttag +70 96/96/95/98/94; 
ttag +71 100/100/100/100/99; 
ttag +72 87/85/81/88/78; 
ttag +73 74/61/56/63/52; 
ttag +74 96/95/95/96/92; 
ttag +75 77/69/62/69/67; 
ttag +76 68/50/38/46/38; 
ttag +77 96/94/96/98/94; 
ttag +78 100/100/100/99/98; 
ttag +79 99/98/96/98/98; 
ttag +80 93/91/92/94/90; 
ttag +81 86/84/73/86/78; 
ttag +82 36/2/?/11/?; 
ttag +83 99/98/98/98/99; 
ttag +84 99/99/99/99/99; 
ttag +85 99/99/98/99/98; 
ttag +86 100/100/100/100/100; 
ttag +87 45/22/23/31/17; 
ttag +88 93/92/90/91/83; 
ttag +89 55/32/26/46/38; 
ttag +90 99/99/98/99/98; 
ttag +91 89/85/86/92/82; 
ttag +92 90/88/81/91/79; 
ttag +93 69/62/58/58/39; 
ttag +94 54/44/33/50/37; 
