tread
'Tree with tags' 
(0 (1 ((2 3 )((6 (7 (4 5 )))(9 (8 (10 (11 12 ))))))(13 14 )(18 19 (17 (15 16 ))((20 21 )((22 23 )(24 25 ))))((26 (27 (28 (29 30 ))))((31 ((32 33 )(34 35 )(36 (37 38 ))))(39 ((40 41 )(42 (43 ((44 45 )(46 47 )))))))))); 
ttag *!; 
ttag +49 ???; 
ttag +50 3; 
ttag +51 8; 
ttag +52 4; 
ttag +53 2; 
ttag +54 9; 
ttag +55 3; 
ttag +56 1; 
ttag +57 2; 
ttag +58 4; 
ttag +59 12; 
ttag +60 7; 
ttag +61 7; 
ttag +62 1; 
ttag +63 4; 
ttag +64 5; 
ttag +65 6; 
ttag +66 11; 
ttag +67 3; 
ttag +68 5; 
ttag +69 9; 
ttag +70 1; 
ttag +71 3; 
ttag +72 3; 
ttag +73 5; 
ttag +74 4; 
ttag +75 8; 
ttag +76 4; 
ttag +77 2; 
ttag +78 3; 
ttag +79 10; 
ttag +80 6; 
ttag +81 3; 
ttag +82 7; 
ttag +83 8; 
ttag +84 7; 
ttag +85 4; 
ttag +86 4; 
ttag +87 6; 
ttag +88 5; 
tread
'Tree with tags' 
(0 (1 ((((2 3 )((6 (7 (4 5 )))(9 (8 (10 (11 12 ))))))((17 (15 16 ))(18 (19 ((20 21 )((22 23 )(24 25 )))))))((13 14 )((26 (27 (28 (29 30 ))))((31 (((32 33 )(36 (37 38 )))(34 35 )))(39 ((40 41 )(42 (43 ((44 45 )(46 47 )))))))))))); 
ttag *!; 
ttag +0 ////; 
ttag +1 ////; 
ttag +2 ////; 
ttag +3 ////; 
ttag +4 ////; 
ttag +5 ////; 
ttag +6 ////; 
ttag +7 ////; 
ttag +8 ////; 
ttag +9 ////; 
ttag +10 ////; 
ttag +11 ////; 
ttag +12 ////; 
ttag +13 ////; 
ttag +14 ////; 
ttag +15 ////; 
ttag +16 ////; 
ttag +17 ////; 
ttag +18 ////; 
ttag +19 ////; 
ttag +20 ////; 
ttag +21 ////; 
ttag +22 ////; 
ttag +23 ////; 
ttag +24 ////; 
ttag +25 ////; 
ttag +26 ////; 
ttag +27 ////; 
ttag +28 ////; 
ttag +29 ////; 
ttag +30 ////; 
ttag +31 ////; 
ttag +32 ////; 
ttag +33 ////; 
ttag +34 ////; 
ttag +35 ////; 
ttag +36 ////; 
ttag +37 ////; 
ttag +38 ////; 
ttag +39 ////; 
ttag +40 ////; 
ttag +41 ////; 
ttag +42 ////; 
ttag +43 ////; 
ttag +44 ////; 
ttag +45 ////; 
ttag +46 ////; 
ttag +47 ////; 
ttag +48 ////; 
ttag +49 100/100/100/100/100; 
ttag +50 84/76/61/72/62; 
ttag +51 97/96/96/99/96; 
ttag +52 39/4/?/?/?; 
ttag +53 31/28/15/25/17; 
ttag +54 91/89/72/90/70; 
ttag +55 83/81/65/79/66; 
ttag +56 99/98/96/98/94; 
ttag +57 64/56/40/57/34; 
ttag +58 44/26/27/36/21; 
ttag +59 60/55/45/62/39; 
ttag +60 80/75/61/76/60; 
ttag +61 100/100/100/100/100; 
ttag +62 100/100/99/99/98; 
ttag +63 20/8/0/6/2; 
ttag +64 99/99/99/100/96; 
ttag +65 67/61/62/60/60; 
ttag +66 84/80/63/81/60; 
ttag +67 31/[1]/?/?/?; 
ttag +68 26/[31]/?/?/?; 
ttag +69 98/98/97/99/98; 
ttag +70 92/91/72/88/77; 
ttag +71 100/100/100/100/99; 
ttag +72 89/84/79/94/74; 
ttag +73 96/96/91/94/93; 
ttag +74 100/100/98/98/98; 
ttag +75 55/46/30/52/33; 
ttag +76 88/82/77/87/78; 
ttag +77 84/77/82/89/75; 
ttag +78 99/98/98/97/98; 
ttag +79 84/82/73/84/69; 
ttag +80 93/92/82/95/82; 
ttag +81 96/94/88/94/89; 
ttag +82 30/[3]/?/?/?; 
ttag +83 71/64/53/66/57; 
ttag +84 95/94/88/91/89; 
ttag +85 100/100/100/99/99; 
ttag +86 99/98/96/99/98; 
ttag +87 78/72/61/78/58; 
ttag +88 98/98/98/99/98; 
ttag +89 97/96/92/96/90; 
ttag +90 98/98/92/98/89; 
ttag +91 90/89/82/92/78; 
ttag +92 92/89/81/94/86; 
ttag +93 98/97/93/98/94; 
ttag +94 95/95/89/98/86; 
