tread
'Tree with tags' 
(0 ((1 ((2 3 )(((4 5 )(6 7 ))((8 9 )(10 (11 12 ))))))((13 14 )(17 (15 16 )(18 (19 ((20 21 )((22 23 )(24 25 ))))))((26 (27 (28 (29 30 ))))(39 (31 ((32 33 )((34 35 )(36 (37 38 )))))((40 41 )(42 (43 ((44 45 )(46 47 )))))))))); 
ttag *!; 
ttag +49 1; 
ttag +50 ???; 
ttag +51 7; 
ttag +52 11; 
ttag +53 8; 
ttag +54 8; 
ttag +55 4; 
ttag +56 2; 
ttag +57 2; 
ttag +58 2; 
ttag +59 7; 
ttag +60 10; 
ttag +61 9; 
ttag +62 2; 
ttag +63 8; 
ttag +64 11; 
ttag +65 4; 
ttag +66 2; 
ttag +67 5; 
ttag +68 8; 
ttag +69 8; 
ttag +70 5; 
ttag +71 1; 
ttag +72 7; 
ttag +73 5; 
ttag +74 5; 
ttag +75 8; 
ttag +76 10; 
ttag +77 5; 
ttag +78 2; 
ttag +79 7; 
ttag +80 4; 
ttag +81 4; 
ttag +82 3; 
ttag +83 7; 
ttag +84 9; 
ttag +85 2; 
ttag +86 4; 
ttag +87 3; 
ttag +88 4; 
ttag +89 9; 
ttag +90 3; 
ttag +91 4; 
tread
'Tree with tags' 
(0 ((1 ((2 3 )(((4 5 )(6 7 ))((8 9 )(10 (11 12 ))))))(((13 14 )((15 16 )(17 (18 (19 ((20 21 )((22 23 )(24 25 ))))))))((26 (27 (28 (29 30 ))))((31 ((32 33 )((34 35 )(36 (37 38 )))))(39 ((40 41 )(42 (43 ((44 45 )(46 47 ))))))))))); 
ttag *!; 
ttag +0 ////; 
ttag +1 ////; 
ttag +2 ////; 
ttag +3 ////; 
ttag +4 ////; 
ttag +5 ////; 
ttag +6 ////; 
ttag +7 ////; 
ttag +8 ////; 
ttag +9 ////; 
ttag +10 ////; 
ttag +11 ////; 
ttag +12 ////; 
ttag +13 ////; 
ttag +14 ////; 
ttag +15 ////; 
ttag +16 ////; 
ttag +17 ////; 
ttag +18 ////; 
ttag +19 ////; 
ttag +20 ////; 
ttag +21 ////; 
ttag +22 ////; 
ttag +23 ////; 
ttag +24 ////; 
ttag +25 ////; 
ttag +26 ////; 
ttag +27 ////; 
ttag +28 ////; 
ttag +29 ////; 
ttag +30 ////; 
ttag +31 ////; 
ttag +32 ////; 
ttag +33 ////; 
ttag +34 ////; 
ttag +35 ////; 
ttag +36 ////; 
ttag +37 ////; 
ttag +38 ////; 
ttag +39 ////; 
ttag +40 ////; 
ttag +41 ////; 
ttag +42 ////; 
ttag +43 ////; 
ttag +44 ////; 
ttag +45 ////; 
ttag +46 ////; 
ttag +47 ////; 
ttag +48 ////; 
ttag +49 39/0/2/12/4; 
ttag +50 100/100/100/100/100; 
ttag +51 95/93/88/96/94; 
ttag +52 98/98/96/100/96; 
ttag +53 100/100/100/100/98; 
ttag +54 100/100/97/100/96; 
ttag +55 89/86/72/86/76; 
ttag +56 63/42/52/53/48; 
ttag +57 65/52/40/50/44; 
ttag +58 64/49/38/51/43; 
ttag +59 90/88/83/94/85; 
ttag +60 100/100/99/100/100; 
ttag +61 100/100/100/100/100; 
ttag +62 33/17/8/12/6; 
ttag +63 58/49/48/54/38; 
ttag +64 98/97/94/99/94; 
ttag +65 100/100/99/100/98; 
ttag +66 21/[1]/4/?/?; 
ttag +67 97/97/97/97/96; 
ttag +68 79/76/58/71/68; 
ttag +69 99/99/98/100/98; 
ttag +70 99/99/98/98/96; 
ttag +71 99/99/99/100/98; 
ttag +72 99/99/98/99/98; 
ttag +73 60/42/32/38/43; 
ttag +74 99/99/100/100/100; 
ttag +75 94/93/87/95/88; 
ttag +76 99/99/97/99/99; 
ttag +77 100/100/100/100/100; 
ttag +78 100/100/99/100/100; 
ttag +79 98/97/93/98/96; 
ttag +80 86/82/79/79/74; 
ttag +81 100/100/100/100/99; 
ttag +82 96/96/96/96/94; 
ttag +83 98/98/98/98/95; 
ttag +84 92/89/84/90/75; 
ttag +85 99/99/96/99/95; 
ttag +86 100/100/97/99/96; 
ttag +87 23/[8]/?/?/2; 
ttag +88 66/49/44/52/54; 
ttag +89 94/94/90/96/93; 
ttag +90 95/95/88/89/85; 
ttag +91 91/88/86/89/91; 
ttag +92 100/100/98/100/100; 
ttag +93 90/90/80/88/81; 
ttag +94 91/90/87/90/72; 
