tread
'Tree with tags' 
(0 ((1 ((2 3 )((6 7 (4 5 ))((8 9 )(10 (11 12 )))))(13 14 )((26 (27 (28 (29 30 ))))(39 ((31 (((32 33 )(36 (37 38 )))(34 35 )))((40 41 )(43 (42 ((44 45 )(46 47 )))))))))((15 16 )(17 (18 (19 ((20 21 )((22 23 )(24 25 ))))))))); 
ttag *!; 
ttag +49 1; 
ttag +50 ???; 
ttag +51 11; 
ttag +52 9; 
ttag +53 1; 
ttag +54 1; 
ttag +55 2; 
ttag +56 3; 
ttag +57 3; 
ttag +58 1; 
ttag +59 8; 
ttag +60 6; 
ttag +61 8; 
ttag +62 8; 
ttag +63 4; 
ttag +64 5; 
ttag +65 7; 
ttag +66 6; 
ttag +67 6; 
ttag +68 11; 
ttag +69 4; 
ttag +70 8; 
ttag +71 7; 
ttag +72 9; 
ttag +73 3; 
ttag +74 4; 
ttag +75 11; 
ttag +76 9; 
ttag +77 1; 
ttag +78 7; 
ttag +79 7; 
ttag +80 1; 
ttag +81 6; 
ttag +82 5; 
ttag +83 9; 
ttag +84 11; 
ttag +85 3; 
ttag +86 5; 
ttag +87 1; 
ttag +88 13; 
ttag +89 4; 
ttag +90 7; 
ttag +91 3; 
tread
'Tree with tags' 
(0 ((((1 ((2 3 )(((4 5 )(6 7 ))((8 9 )(10 (11 12 ))))))((26 (27 (28 (29 30 ))))(39 ((31 (((32 33 )(36 (37 38 )))(34 35 )))((40 41 )(43 (42 ((44 45 )(46 47 )))))))))(13 14 ))((15 16 )(17 (18 (19 ((20 21 )((22 23 )(24 25 ))))))))); 
ttag *!; 
ttag +0 ////; 
ttag +1 ////; 
ttag +2 ////; 
ttag +3 ////; 
ttag +4 ////; 
ttag +5 ////; 
ttag +6 ////; 
ttag +7 ////; 
ttag +8 ////; 
ttag +9 ////; 
ttag +10 ////; 
ttag +11 ////; 
ttag +12 ////; 
ttag +13 ////; 
ttag +14 ////; 
ttag +15 ////; 
ttag +16 ////; 
ttag +17 ////; 
ttag +18 ////; 
ttag +19 ////; 
ttag +20 ////; 
ttag +21 ////; 
ttag +22 ////; 
ttag +23 ////; 
ttag +24 ////; 
ttag +25 ////; 
ttag +26 ////; 
ttag +27 ////; 
ttag +28 ////; 
ttag +29 ////; 
ttag +30 ////; 
ttag +31 ////; 
ttag +32 ////; 
ttag +33 ////; 
ttag +34 ////; 
ttag +35 ////; 
ttag +36 ////; 
ttag +37 ////; 
ttag +38 ////; 
ttag +39 ////; 
ttag +40 ////; 
ttag +41 ////; 
ttag +42 ////; 
ttag +43 ////; 
ttag +44 ////; 
ttag +45 ////; 
ttag +46 ////; 
ttag +47 ////; 
ttag +48 ////; 
ttag +49 44/41/24/37/38; 
ttag +50 16/[18]/?/?/?; 
ttag +51 50/34/12/32/16; 
ttag +52 100/100/100/100/100; 
ttag +53 100/100/100/100/99; 
ttag +54 100/100/98/100/99; 
ttag +55 56/35/40/32/33; 
ttag +56 43/36/36/41/40; 
ttag +57 53/47/42/58/40; 
ttag +58 7/[14]/?/?/?; 
ttag +59 80/75/61/78/67; 
ttag +60 82/81/64/76/74; 
ttag +61 54/32/22/28/24; 
ttag +62 99/99/98/100/97; 
ttag +63 99/99/98/99/99; 
ttag +64 100/100/100/99/100; 
ttag +65 99/99/97/100/99; 
ttag +66 96/96/94/98/95; 
ttag +67 95/94/90/98/94; 
ttag +68 99/99/99/100/100; 
ttag +69 100/100/100/99/99; 
ttag +70 99/99/100/100/100; 
ttag +71 100/100/100/99/100; 
ttag +72 97/96/92/94/87; 
ttag +73 100/100/99/100/97; 
ttag +74 98/98/94/99/92; 
ttag +75 100/100/100/99/98; 
ttag +76 90/88/84/92/84; 
ttag +77 96/95/94/97/92; 
ttag +78 100/100/100/100/100; 
ttag +79 99/99/98/99/98; 
ttag +80 57/45/29/45/25; 
ttag +81 99/99/94/98/94; 
ttag +82 100/100/95/100/99; 
ttag +83 65/65/61/64/66; 
ttag +84 98/98/94/99/96; 
ttag +85 97/96/94/98/94; 
ttag +86 100/100/99/100/99; 
ttag +87 100/100/99/100/100; 
ttag +88 75/68/64/78/66; 
ttag +89 93/92/87/97/84; 
ttag +90 47/18/14/28/28; 
ttag +91 100/100/99/100/100; 
ttag +92 87/82/82/89/78; 
ttag +93 97/96/97/98/92; 
ttag +94 87/83/72/82/74; 
