tread
'Tree with tags' 
(0 (1 ((2 3 )(((4 5 )(6 7 ))((8 9 )(10 (11 12 )))))(13 14 )(17 (15 16 )(18 (19 ((20 21 )((22 23 )(24 25 ))))))((26 (27 (28 (29 30 ))))((31 ((32 33 )(34 (35 (36 (37 38 ))))))(39 ((40 41 )(43 (42 ((44 45 )(46 47 )))))))))); 
ttag *!; 
ttag +49 ???; 
ttag +50 13; 
ttag +51 6; 
ttag +52 8; 
ttag +53 5; 
ttag +54 1; 
ttag +55 6; 
ttag +56 1; 
ttag +57 1; 
ttag +58 5; 
ttag +59 2; 
ttag +60 11; 
ttag +61 10; 
ttag +62 7; 
ttag +63 2; 
ttag +64 1; 
ttag +65 5; 
ttag +66 3; 
ttag +67 8; 
ttag +68 2; 
ttag +69 3; 
ttag +70 3; 
ttag +71 3; 
ttag +72 2; 
ttag +73 4; 
ttag +74 5; 
ttag +75 4; 
ttag +76 8; 
ttag +77 8; 
ttag +78 3; 
ttag +79 3; 
ttag +80 1; 
ttag +81 14; 
ttag +82 5; 
ttag +83 1; 
ttag +84 2; 
ttag +85 7; 
ttag +86 1; 
ttag +87 10; 
ttag +88 8; 
ttag +89 6; 
ttag +90 2; 
tread
'Tree with tags' 
(0 ((1 ((2 3 )(((4 5 )(6 7 ))((8 9 )(10 (11 12 ))))))((13 14 )(((15 16 )(17 (18 (19 ((20 21 )((22 23 )(24 25 )))))))((26 (27 (28 (29 30 ))))((31 ((32 33 )(34 (35 (36 (37 38 ))))))(39 ((40 41 )(43 (42 ((44 45 )(46 47 )))))))))))); 
ttag *!; 
ttag +0 ////; 
ttag +1 ////; 
ttag +2 ////; 
ttag +3 ////; 
ttag +4 ////; 
ttag +5 ////; 
ttag +6 ////; 
ttag +7 ////; 
ttag +8 ////; 
ttag +9 ////; 
ttag +10 ////; 
ttag +11 ////; 
ttag +12 ////; 
ttag +13 ////; 
ttag +14 ////; 
ttag +15 ////; 
ttag +16 ////; 
ttag +17 ////; 
ttag +18 ////; 
ttag +19 ////; 
ttag +20 ////; 
ttag +21 ////; 
ttag +22 ////; 
ttag +23 ////; 
ttag +24 ////; 
ttag +25 ////; 
ttag +26 ////; 
ttag +27 ////; 
ttag +28 ////; 
ttag +29 ////; 
ttag +30 ////; 
ttag +31 ////; 
ttag +32 ////; 
ttag +33 ////; 
ttag +34 ////; 
ttag +35 ////; 
ttag +36 ////; 
ttag +37 ////; 
ttag +38 ////; 
ttag +39 ////; 
ttag +40 ////; 
ttag +41 ////; 
ttag +42 ////; 
ttag +43 ////; 
ttag +44 ////; 
ttag +45 ////; 
ttag +46 ////; 
ttag +47 ////; 
ttag +48 ////; 
ttag +49 30/[1]/?/?/4; 
ttag +50 100/100/100/100/100; 
ttag +51 100/100/100/100/100; 
ttag +52 95/94/90/98/95; 
ttag +53 99/99/99/100/98; 
ttag +54 98/98/94/96/93; 
ttag +55 48/32/28/36/24; 
ttag +56 94/92/93/96/94; 
ttag +57 71/63/54/57/55; 
ttag +58 49/38/34/37/31; 
ttag +59 96/95/88/96/80; 
ttag +60 74/64/60/69/61; 
ttag +61 100/100/100/100/100; 
ttag +62 23/[8]/?/?/?; 
ttag +63 100/100/100/100/100; 
ttag +64 98/98/96/99/98; 
ttag +65 38/7/7/4/13; 
ttag +66 18/[23]/?/?/?; 
ttag +67 68/52/38/42/40; 
ttag +68 33/12/4/3/4; 
ttag +69 99/99/98/98/94; 
ttag +70 85/80/73/81/66; 
ttag +71 100/100/97/99/98; 
ttag +72 66/41/34/33/28; 
ttag +73 90/87/82/85/84; 
ttag +74 70/58/48/62/49; 
ttag +75 90/87/85/91/84; 
ttag +76 71/62/52/67/53; 
ttag +77 96/96/88/92/86; 
ttag +78 97/96/95/97/94; 
ttag +79 86/81/69/87/72; 
ttag +80 97/97/92/97/94; 
ttag +81 100/100/99/99/99; 
ttag +82 83/78/69/83/74; 
ttag +83 83/78/66/82/65; 
ttag +84 56/48/36/51/32; 
ttag +85 100/100/98/100/98; 
ttag +86 96/95/90/96/91; 
ttag +87 70/68/59/63/60; 
ttag +88 88/88/86/86/88; 
ttag +89 98/98/97/98/97; 
ttag +90 45/29/25/43/21; 
ttag +91 100/100/100/100/100; 
ttag +92 100/100/100/100/98; 
ttag +93 99/99/96/99/94; 
ttag +94 78/71/58/64/59; 
