tread
'Tree with tags' 
(0 (1 8 9 (2 3 )(7 (6 (4 5 )))(10 (11 12 ))(13 14 )((15 16 )(17 (19 (18 ((20 21 )((22 23 )(24 25 )))))))((26 (27 (28 (29 30 ))))((31 ((32 33 )(34 35 )(36 (37 38 ))))(39 ((40 41 )(42 43 (46 47 (44 45 ))))))))); 
ttag *!; 
ttag +49 ???; 
ttag +50 7; 
ttag +51 2; 
ttag +52 1; 
ttag +53 5; 
ttag +54 5; 
ttag +55 12; 
ttag +56 4; 
ttag +57 12; 
ttag +58 3; 
ttag +59 1; 
ttag +60 1; 
ttag +61 4; 
ttag +62 6; 
ttag +63 5; 
ttag +64 10; 
ttag +65 1; 
ttag +66 4; 
ttag +67 2; 
ttag +68 3; 
ttag +69 1; 
ttag +70 8; 
ttag +71 14; 
ttag +72 2; 
ttag +73 10; 
ttag +74 11; 
ttag +75 5; 
ttag +76 5; 
ttag +77 13; 
ttag +78 8; 
ttag +79 1; 
ttag +80 1; 
ttag +81 8; 
ttag +82 3; 
ttag +83 7; 
ttag +84 7; 
tread
'Tree with tags' 
(0 ((((1 (13 14 ))((26 (27 (28 (29 30 ))))((31 (((32 33 )(34 35 ))(36 (37 38 ))))(39 ((40 41 )((42 43 )(46 (47 (44 45 )))))))))(((2 3 )((8 9 )(10 (11 12 ))))(7 (6 (4 5 )))))((15 16 )(17 (19 (18 ((20 21 )((22 23 )(24 25 ))))))))); 
ttag *!; 
ttag +0 ////; 
ttag +1 ////; 
ttag +2 ////; 
ttag +3 ////; 
ttag +4 ////; 
ttag +5 ////; 
ttag +6 ////; 
ttag +7 ////; 
ttag +8 ////; 
ttag +9 ////; 
ttag +10 ////; 
ttag +11 ////; 
ttag +12 ////; 
ttag +13 ////; 
ttag +14 ////; 
ttag +15 ////; 
ttag +16 ////; 
ttag +17 ////; 
ttag +18 ////; 
ttag +19 ////; 
ttag +20 ////; 
ttag +21 ////; 
ttag +22 ////; 
ttag +23 ////; 
ttag +24 ////; 
ttag +25 ////; 
ttag +26 ////; 
ttag +27 ////; 
ttag +28 ////; 
ttag +29 ////; 
ttag +30 ////; 
ttag +31 ////; 
ttag +32 ////; 
ttag +33 ////; 
ttag +34 ////; 
ttag +35 ////; 
ttag +36 ////; 
ttag +37 ////; 
ttag +38 ////; 
ttag +39 ////; 
ttag +40 ////; 
ttag +41 ////; 
ttag +42 ////; 
ttag +43 ////; 
ttag +44 ////; 
ttag +45 ////; 
ttag +46 ////; 
ttag +47 ////; 
ttag +48 ////; 
ttag +49 39/23/24/37/30; 
ttag +50 1/[29]/?/?/?; 
ttag +51 17/3/4/9/3; 
ttag +52 100/100/100/100/100; 
ttag +53 100/100/99/100/97; 
ttag +54 35/1/4/4/?; 
ttag +55 61/49/50/47/46; 
ttag +56 78/66/75/71/67; 
ttag +57 68/52/51/52/42; 
ttag +58 94/93/87/94/88; 
ttag +59 16/[25]/?/?/?; 
ttag +60 18/[24]/?/?/?; 
ttag +61 96/95/81/97/89; 
ttag +62 100/100/100/100/100; 
ttag +63 98/98/88/98/89; 
ttag +64 100/100/100/100/100; 
ttag +65 78/66/60/69/60; 
ttag +66 32/[14]/?/8/?; 
ttag +67 49/18/14/30/23; 
ttag +68 92/90/78/86/87; 
ttag +69 99/99/100/100/100; 
ttag +70 91/90/84/93/88; 
ttag +71 100/100/99/100/98; 
ttag +72 58/26/28/36/24; 
ttag +73 90/86/72/88/84; 
ttag +74 86/82/86/90/73; 
ttag +75 88/85/80/87/77; 
ttag +76 78/76/76/73/68; 
ttag +77 99/99/96/99/93; 
ttag +78 100/100/100/100/99; 
ttag +79 78/74/77/79/64; 
ttag +80 98/98/99/99/98; 
ttag +81 100/100/100/100/100; 
ttag +82 23/4/?/3/12; 
ttag +83 96/94/89/97/82; 
ttag +84 96/95/95/96/92; 
ttag +85 99/99/100/100/99; 
ttag +86 99/99/99/99/99; 
ttag +87 60/49/48/50/45; 
ttag +88 62/36/28/38/30; 
ttag +89 99/99/97/98/98; 
ttag +90 26/8/14/18/12; 
ttag +91 92/90/87/90/85; 
ttag +92 98/97/96/98/98; 
ttag +93 53/33/21/12/26; 
ttag +94 100/100/96/99/97; 
