tread
'Tree with tags' 
(0 ((1 ((13 14 )((17 (15 16 ))(18 (19 ((20 21 )(24 25 (22 23 ))))))((26 (27 (28 (29 30 ))))((31 ((32 33 )((34 35 )(36 (37 38 )))))(39 ((40 41 )(42 (43 ((44 45 )(46 47 ))))))))))((2 3 )(8 ((4 5 )(6 7 ))(9 (10 (11 12 ))))))); 
ttag *!; 
ttag +49 1; 
ttag +50 ???; 
ttag +51 6; 
ttag +52 4; 
ttag +53 5; 
ttag +54 3; 
ttag +55 4; 
ttag +56 1; 
ttag +57 1; 
ttag +58 1; 
ttag +59 7; 
ttag +60 6; 
ttag +61 5; 
ttag +62 17; 
ttag +63 1; 
ttag +64 4; 
ttag +65 1; 
ttag +66 1; 
ttag +67 11; 
ttag +68 3; 
ttag +69 6; 
ttag +70 5; 
ttag +71 5; 
ttag +72 8; 
ttag +73 3; 
ttag +74 8; 
ttag +75 8; 
ttag +76 6; 
ttag +77 3; 
ttag +78 7; 
ttag +79 6; 
ttag +80 5; 
ttag +81 1; 
ttag +82 5; 
ttag +83 7; 
ttag +84 2; 
ttag +85 3; 
ttag +86 11; 
ttag +87 8; 
ttag +88 3; 
ttag +89 3; 
ttag +90 6; 
ttag +91 6; 
tread
'Tree with tags' 
(0 ((1 (((13 14 )((17 (15 16 ))(18 (19 ((20 21 )(24 (25 (22 23 ))))))))((26 (27 (28 (29 30 ))))((31 ((32 33 )((34 35 )(36 (37 38 )))))(39 ((40 41 )(42 (43 ((44 45 )(46 47 ))))))))))((2 3 )((8 ((4 5 )(6 7 )))(9 (10 (11 12 ))))))); 
ttag *!; 
ttag +0 ////; 
ttag +1 ////; 
ttag +2 ////; 
ttag +3 ////; 
ttag +4 ////; 
ttag +5 ////; 
ttag +6 ////; 
ttag +7 ////; 
ttag +8 ////; 
ttag +9 ////; 
ttag +10 ////; 
ttag +11 ////; 
ttag +12 ////; 
ttag +13 ////; 
ttag +14 ////; 
ttag +15 ////; 
ttag +16 ////; 
ttag +17 ////; 
ttag +18 ////; 
ttag +19 ////; 
ttag +20 ////; 
ttag +21 ////; 
ttag +22 ////; 
ttag +23 ////; 
ttag +24 ////; 
ttag +25 ////; 
ttag +26 ////; 
ttag +27 ////; 
ttag +28 ////; 
ttag +29 ////; 
ttag +30 ////; 
ttag +31 ////; 
ttag +32 ////; 
ttag +33 ////; 
ttag +34 ////; 
ttag +35 ////; 
ttag +36 ////; 
ttag +37 ////; 
ttag +38 ////; 
ttag +39 ////; 
ttag +40 ////; 
ttag +41 ////; 
ttag +42 ////; 
ttag +43 ////; 
ttag +44 ////; 
ttag +45 ////; 
ttag +46 ////; 
ttag +47 ////; 
ttag +48 ////; 
ttag +49 32/9/14/20/8; 
ttag +50 100/100/100/100/100; 
ttag +51 97/96/96/98/94; 
ttag +52 90/88/84/90/88; 
ttag +53 98/98/93/99/96; 
ttag +54 82/80/82/83/75; 
ttag +55 16/[16]/?/?/?; 
ttag +56 93/92/87/92/84; 
ttag +57 66/50/48/50/39; 
ttag +58 49/31/32/34/23; 
ttag +59 68/52/37/58/56; 
ttag +60 99/99/99/100/97; 
ttag +61 98/98/98/99/99; 
ttag +62 24/[17]/?/?/?; 
ttag +63 92/89/87/94/79; 
ttag +64 100/100/100/100/100; 
ttag +65 42/23/15/29/12; 
ttag +66 96/96/89/96/88; 
ttag +67 71/55/50/58/54; 
ttag +68 31/4/14/14/14; 
ttag +69 100/100/100/100/100; 
ttag +70 92/88/83/92/85; 
ttag +71 98/98/94/99/94; 
ttag +72 33/[3]/?/3/?; 
ttag +73 95/94/90/96/95; 
ttag +74 99/98/94/99/96; 
ttag +75 98/97/96/98/96; 
ttag +76 96/96/90/94/94; 
ttag +77 99/99/100/99/100; 
ttag +78 100/100/100/100/99; 
ttag +79 99/99/96/99/96; 
ttag +80 88/84/80/87/80; 
ttag +81 99/99/98/99/97; 
ttag +82 97/96/97/99/95; 
ttag +83 99/99/87/96/88; 
ttag +84 63/44/35/42/27; 
ttag +85 96/93/88/86/76; 
ttag +86 99/99/97/96/96; 
ttag +87 76/68/60/69/46; 
ttag +88 82/78/78/85/76; 
ttag +89 100/100/100/100/100; 
ttag +90 100/100/98/99/98; 
ttag +91 89/88/77/84/77; 
ttag +92 87/85/76/84/70; 
ttag +93 98/98/90/96/92; 
ttag +94 99/98/91/98/96; 
