tread
'Tree with tags' 
(0 (((1 (2 3 ))(13 14 )(17 (15 16 )(18 (19 ((20 21 )((22 23 )(24 25 ))))))((26 (27 (28 (29 30 ))))((39 (31 ((32 33 )((34 35 )(36 (37 38 ))))))((40 41 )(42 (43 ((44 45 )(46 47 ))))))))(9 ((8 ((4 5 )(6 7 )))(10 (11 12 )))))); 
ttag *!; 
ttag +49 1; 
ttag +50 1; 
ttag +51 ???; 
ttag +52 12; 
ttag +53 6; 
ttag +54 10; 
ttag +55 1; 
ttag +56 3; 
ttag +57 5; 
ttag +58 2; 
ttag +59 8; 
ttag +60 13; 
ttag +61 3; 
ttag +62 13; 
ttag +63 6; 
ttag +64 2; 
ttag +65 3; 
ttag +66 13; 
ttag +67 6; 
ttag +68 15; 
ttag +69 8; 
ttag +70 6; 
ttag +71 7; 
ttag +72 8; 
ttag +73 2; 
ttag +74 7; 
ttag +75 18; 
ttag +76 5; 
ttag +77 1; 
ttag +78 3; 
ttag +79 9; 
ttag +80 6; 
ttag +81 1; 
ttag +82 2; 
ttag +83 11; 
ttag +84 10; 
ttag +85 2; 
ttag +86 4; 
ttag +87 9; 
ttag +88 3; 
ttag +89 9; 
ttag +90 2; 
ttag +91 9; 
tread
'Tree with tags' 
(0 ((((1 (2 3 ))(13 14 ))(((17 (15 16 ))(18 (19 ((20 21 )((22 23 )(24 25 ))))))((26 (27 (28 (29 30 ))))((39 (31 ((32 33 )((34 35 )(36 (37 38 ))))))((40 41 )(42 (43 ((44 45 )(46 47 )))))))))(9 ((8 ((4 5 )(6 7 )))(10 (11 12 )))))); 
ttag *!; 
ttag +0 ////; 
ttag +1 ////; 
ttag +2 ////; 
ttag +3 ////; 
ttag +4 ////; 
ttag +5 ////; 
ttag +6 ////; 
ttag +7 ////; 
ttag +8 ////; 
ttag +9 ////; 
ttag +10 ////; 
ttag +11 ////; 
ttag +12 ////; 
ttag +13 ////; 
ttag +14 ////; 
ttag +15 ////; 
ttag +16 ////; 
ttag +17 ////; 
ttag +18 ////; 
ttag +19 ////; 
ttag +20 ////; 
ttag +21 ////; 
ttag +22 ////; 
ttag +23 ////; 
ttag +24 ////; 
ttag +25 ////; 
ttag +26 ////; 
ttag +27 ////; 
ttag +28 ////; 
ttag +29 ////; 
ttag +30 ////; 
ttag +31 ////; 
ttag +32 ////; 
ttag +33 ////; 
ttag +34 ////; 
ttag +35 ////; 
ttag +36 ////; 
ttag +37 ////; 
ttag +38 ////; 
ttag +39 ////; 
ttag +40 ////; 
ttag +41 ////; 
ttag +42 ////; 
ttag +43 ////; 
ttag +44 ////; 
ttag +45 ////; 
ttag +46 ////; 
ttag +47 ////; 
ttag +48 ////; 
ttag +49 40/26/18/26/13; 
ttag +50 10/[4]/?/?/?; 
ttag +51 31/18/20/18/8; 
ttag +52 100/100/100/100/100; 
ttag +53 100/100/100/100/98; 
ttag +54 100/100/98/98/100; 
ttag +55 100/100/99/100/98; 
ttag +56 44/32/23/31/24; 
ttag +57 68/56/37/50/36; 
ttag +58 88/86/73/83/68; 
ttag +59 74/62/58/69/61; 
ttag +60 97/97/92/96/94; 
ttag +61 100/100/100/100/100; 
ttag +62 90/87/80/88/84; 
ttag +63 100/100/100/100/99; 
ttag +64 55/30/15/14/19; 
ttag +65 96/96/92/98/95; 
ttag +66 22/6/18/12/8; 
ttag +67 76/72/70/71/69; 
ttag +68 90/86/78/88/77; 
ttag +69 100/100/100/100/100; 
ttag +70 98/98/92/98/93; 
ttag +71 100/100/100/100/100; 
ttag +72 99/99/98/100/100; 
ttag +73 99/99/97/99/96; 
ttag +74 100/100/92/97/94; 
ttag +75 99/99/97/99/98; 
ttag +76 88/86/78/87/84; 
ttag +77 98/98/95/98/96; 
ttag +78 100/100/100/100/100; 
ttag +79 89/86/77/91/72; 
ttag +80 54/47/38/53/35; 
ttag +81 81/74/62/78/56; 
ttag +82 99/99/95/99/97; 
ttag +83 94/92/84/93/82; 
ttag +84 70/58/56/51/50; 
ttag +85 77/65/44/74/56; 
ttag +86 100/100/99/100/99; 
ttag +87 100/100/98/100/99; 
ttag +88 74/59/57/62/58; 
ttag +89 94/94/84/93/88; 
ttag +90 100/100/99/100/99; 
ttag +91 80/75/63/79/68; 
ttag +92 100/100/98/100/97; 
ttag +93 67/53/51/63/49; 
ttag +94 100/100/98/99/100; 
