tread
'Tree with tags' 
(0 ((1 ((2 3 )(8 9 (((4 5 )(6 7 ))(10 (11 12 ))))))(((13 14 )((17 (15 16 ))(18 (19 ((20 21 )((22 23 )(24 25 )))))))((26 (27 (28 (29 30 ))))(39 (31 ((34 35 (32 33 ))(36 (37 38 ))))((40 41 )(42 (43 ((44 45 )(46 47 )))))))))); 
ttag *!; 
ttag +49 2; 
ttag +50 ???; 
ttag +51 6; 
ttag +52 11; 
ttag +53 2; 
ttag +54 6; 
ttag +55 1; 
ttag +56 4; 
ttag +57 2; 
ttag +58 6; 
ttag +59 2; 
ttag +60 11; 
ttag +61 1; 
ttag +62 3; 
ttag +63 7; 
ttag +64 1; 
ttag +65 4; 
ttag +66 2; 
ttag +67 3; 
ttag +68 5; 
ttag +69 4; 
ttag +70 6; 
ttag +71 8; 
ttag +72 4; 
ttag +73 4; 
ttag +74 5; 
ttag +75 2; 
ttag +76 5; 
ttag +77 8; 
ttag +78 4; 
ttag +79 6; 
ttag +80 8; 
ttag +81 1; 
ttag +82 4; 
ttag +83 6; 
ttag +84 7; 
ttag +85 1; 
ttag +86 5; 
ttag +87 9; 
ttag +88 6; 
ttag +89 10; 
ttag +90 5; 
ttag +91 2; 
tread
'Tree with tags' 
(0 ((1 ((2 3 )((((4 5 )(6 7 ))(10 (11 12 )))(8 9 ))))(((13 14 )((17 (15 16 ))(18 (19 ((20 21 )((22 23 )(24 25 )))))))((26 (27 (28 (29 30 ))))(39 ((31 (((32 33 )(34 35 ))(36 (37 38 ))))((40 41 )(42 (43 ((44 45 )(46 47 ))))))))))); 
ttag *!; 
ttag +0 ////; 
ttag +1 ////; 
ttag +2 ////; 
ttag +3 ////; 
ttag +4 ////; 
ttag +5 ////; 
ttag +6 ////; 
ttag +7 ////; 
ttag +8 ////; 
ttag +9 ////; 
ttag +10 ////; 
ttag +11 ////; 
ttag +12 ////; 
ttag +13 ////; 
ttag +14 ////; 
ttag +15 ////; 
ttag +16 ////; 
ttag +17 ////; 
ttag +18 ////; 
ttag +19 ////; 
ttag +20 ////; 
ttag +21 ////; 
ttag +22 ////; 
ttag +23 ////; 
ttag +24 ////; 
ttag +25 ////; 
ttag +26 ////; 
ttag +27 ////; 
ttag +28 ////; 
ttag +29 ////; 
ttag +30 ////; 
ttag +31 ////; 
ttag +32 ////; 
ttag +33 ////; 
ttag +34 ////; 
ttag +35 ////; 
ttag +36 ////; 
ttag +37 ////; 
ttag +38 ////; 
ttag +39 ////; 
ttag +40 ////; 
ttag +41 ////; 
ttag +42 ////; 
ttag +43 ////; 
ttag +44 ////; 
ttag +45 ////; 
ttag +46 ////; 
ttag +47 ////; 
ttag +48 ////; 
ttag +49 50/34/25/36/18; 
ttag +50 100/100/100/100/100; 
ttag +51 99/98/99/98/98; 
ttag +52 100/100/98/100/98; 
ttag +53 88/84/79/80/75; 
ttag +54 99/98/96/100/98; 
ttag +55 44/22/24/26/22; 
ttag +56 87/84/78/83/79; 
ttag +57 84/78/81/79/70; 
ttag +58 41/28/28/25/19; 
ttag +59 98/98/98/99/96; 
ttag +60 78/64/64/70/68; 
ttag +61 100/100/99/100/100; 
ttag +62 24/[8]/?/4/?; 
ttag +63 61/45/35/52/29; 
ttag +64 100/100/98/100/97; 
ttag +65 22/[1]/3/11/?; 
ttag +66 93/90/87/84/81; 
ttag +67 80/78/69/78/65; 
ttag +68 93/92/80/85/80; 
ttag +69 98/97/95/98/99; 
ttag +70 97/96/88/95/90; 
ttag +71 96/96/95/99/94; 
ttag +72 99/98/93/99/94; 
ttag +73 90/88/78/85/73; 
ttag +74 93/90/88/92/89; 
ttag +75 91/89/83/90/80; 
ttag +76 83/77/70/78/78; 
ttag +77 98/98/92/100/96; 
ttag +78 100/100/100/99/99; 
ttag +79 75/60/63/57/47; 
ttag +80 24/0/0/?/?; 
ttag +81 98/98/96/99/96; 
ttag +82 100/100/99/100/100; 
ttag +83 84/78/72/78/72; 
ttag +84 77/62/62/61/50; 
ttag +85 41/0/3/?/6; 
ttag +86 99/99/97/100/96; 
ttag +87 100/100/99/99/100; 
ttag +88 57/30/30/33/32; 
ttag +89 98/98/95/100/95; 
ttag +90 99/99/98/100/96; 
ttag +91 98/97/97/100/92; 
ttag +92 100/100/99/100/98; 
ttag +93 94/92/85/94/89; 
ttag +94 72/66/57/63/52; 
