tread
'Tree with tags' 
(0 (1 ((2 3 )(8 9 ((4 5 )(6 7 ))(10 (11 12 ))))((13 14 )((15 16 )(17 (18 (19 ((20 21 )(25 (24 (22 23 ))))))))((26 (27 (28 (29 30 ))))(39 (31 ((32 33 )((34 35 )(36 (37 38 )))))((40 41 )(42 (43 (46 (47 (44 45 ))))))))))); 
ttag *!; 
ttag +49 ???; 
ttag +50 3; 
ttag +51 2; 
ttag +52 1; 
ttag +53 5; 
ttag +54 4; 
ttag +55 1; 
ttag +56 9; 
ttag +57 7; 
ttag +58 8; 
ttag +59 2; 
ttag +60 13; 
ttag +61 3; 
ttag +62 1; 
ttag +63 2; 
ttag +64 2; 
ttag +65 6; 
ttag +66 8; 
ttag +67 8; 
ttag +68 1; 
ttag +69 7; 
ttag +70 5; 
ttag +71 3; 
ttag +72 3; 
ttag +73 5; 
ttag +74 10; 
ttag +75 5; 
ttag +76 8; 
ttag +77 12; 
ttag +78 5; 
ttag +79 5; 
ttag +80 2; 
ttag +81 12; 
ttag +82 8; 
ttag +83 3; 
ttag +84 9; 
ttag +85 13; 
ttag +86 2; 
ttag +87 4; 
ttag +88 1; 
ttag +89 6; 
tread
'Tree with tags' 
(0 (1 (((2 3 )((8 (9 ((4 5 )(6 7 ))))(10 (11 12 ))))(((13 14 )((15 16 )(17 (18 (19 ((20 21 )(25 (24 (22 23 )))))))))((26 (27 (28 (29 30 ))))(39 ((31 ((32 33 )((34 35 )(36 (37 38 )))))((40 41 )(42 (43 (46 (47 (44 45 ))))))))))))); 
ttag *!; 
ttag +0 ////; 
ttag +1 ////; 
ttag +2 ////; 
ttag +3 ////; 
ttag +4 ////; 
ttag +5 ////; 
ttag +6 ////; 
ttag +7 ////; 
ttag +8 ////; 
ttag +9 ////; 
ttag +10 ////; 
ttag +11 ////; 
ttag +12 ////; 
ttag +13 ////; 
ttag +14 ////; 
ttag +15 ////; 
ttag +16 ////; 
ttag +17 ////; 
ttag +18 ////; 
ttag +19 ////; 
ttag +20 ////; 
ttag +21 ////; 
ttag +22 ////; 
ttag +23 ////; 
ttag +24 ////; 
ttag +25 ////; 
ttag +26 ////; 
ttag +27 ////; 
ttag +28 ////; 
ttag +29 ////; 
ttag +30 ////; 
ttag +31 ////; 
ttag +32 ////; 
ttag +33 ////; 
ttag +34 ////; 
ttag +35 ////; 
ttag +36 ////; 
ttag +37 ////; 
ttag +38 ////; 
ttag +39 ////; 
ttag +40 ////; 
ttag +41 ////; 
ttag +42 ////; 
ttag +43 ////; 
ttag +44 ////; 
ttag +45 ////; 
ttag +46 ////; 
ttag +47 ////; 
ttag +48 ////; 
ttag +49 100/100/100/100/100; 
ttag +50 95/94/89/95/89; 
ttag +51 80/75/63/70/68; 
ttag +52 18/10/2/7/2; 
ttag +53 64/44/46/45/40; 
ttag +54 97/96/94/98/89; 
ttag +55 42/15/2/6/?; 
ttag +56 25/[1]/?/?/?; 
ttag +57 96/94/88/95/90; 
ttag +58 81/72/59/68/67; 
ttag +59 100/100/98/99/99; 
ttag +60 100/100/97/100/97; 
ttag +61 100/100/100/99/100; 
ttag +62 43/25/19/23/21; 
ttag +63 66/58/44/66/49; 
ttag +64 100/100/100/100/100; 
ttag +65 88/86/74/83/71; 
ttag +66 47/28/20/36/23; 
ttag +67 82/76/76/76/66; 
ttag +68 80/73/59/73/58; 
ttag +69 100/100/99/99/100; 
ttag +70 98/98/99/100/96; 
ttag +71 93/91/83/91/88; 
ttag +72 69/66/50/54/52; 
ttag +73 99/99/95/98/96; 
ttag +74 98/98/96/99/94; 
ttag +75 95/94/90/94/91; 
ttag +76 91/90/85/93/88; 
ttag +77 98/98/97/98/97; 
ttag +78 100/100/100/100/100; 
ttag +79 95/94/94/97/95; 
ttag +80 34/3/?/?/?; 
ttag +81 99/99/98/99/97; 
ttag +82 100/100/100/100/100; 
ttag +83 97/97/95/95/96; 
ttag +84 98/97/94/99/98; 
ttag +85 82/78/68/82/71; 
ttag +86 100/100/100/100/99; 
ttag +87 99/99/98/100/99; 
ttag +88 88/86/80/89/80; 
ttag +89 99/99/95/98/98; 
ttag +90 100/100/100/100/100; 
ttag +91 84/77/72/69/66; 
ttag +92 97/97/92/92/90; 
ttag +93 42/26/19/28/14; 
ttag +94 99/99/98/99/97; 
