tread
'Tree with tags' 
(0 (1 ((((2 3 )((4 5 )(6 7 )))(8 9 (10 (11 12 ))))((15 16 )(17 (18 19 ((20 21 )(24 25 (22 23 )))))))((13 14 )((26 (27 (28 (29 30 ))))(39 (31 (((32 33 )(36 (37 38 )))(34 35 )))(41 (40 (42 (43 (46 47 (44 45 ))))))))))); 
ttag *!; 
ttag +49 ???; 
ttag +50 8; 
ttag +51 1; 
ttag +52 5; 
ttag +53 3; 
ttag +54 7; 
ttag +55 8; 
ttag +56 2; 
ttag +57 4; 
ttag +58 10; 
ttag +59 6; 
ttag +60 7; 
ttag +61 2; 
ttag +62 15; 
ttag +63 4; 
ttag +64 1; 
ttag +65 1; 
ttag +66 6; 
ttag +67 9; 
ttag +68 9; 
ttag +69 8; 
ttag +70 1; 
ttag +71 5; 
ttag +72 3; 
ttag +73 11; 
ttag +74 14; 
ttag +75 6; 
ttag +76 7; 
ttag +77 5; 
ttag +78 3; 
ttag +79 4; 
ttag +80 4; 
ttag +81 11; 
ttag +82 4; 
ttag +83 2; 
ttag +84 9; 
ttag +85 4; 
ttag +86 1; 
ttag +87 5; 
ttag +88 5; 
tread
'Tree with tags' 
(0 ((1 ((13 14 )((26 (27 (28 (29 30 ))))((39 (31 (((32 33 )(36 (37 38 )))(34 35 ))))(41 (40 (42 (43 (47 (46 (44 45 )))))))))))((((2 3 )((4 5 )(6 7 )))(9 (8 (10 (11 12 )))))((15 16 )(17 ((18 19 )((20 21 )((22 23 )(24 25 ))))))))); 
ttag *!; 
ttag +0 ////; 
ttag +1 ////; 
ttag +2 ////; 
ttag +3 ////; 
ttag +4 ////; 
ttag +5 ////; 
ttag +6 ////; 
ttag +7 ////; 
ttag +8 ////; 
ttag +9 ////; 
ttag +10 ////; 
ttag +11 ////; 
ttag +12 ////; 
ttag +13 ////; 
ttag +14 ////; 
ttag +15 ////; 
ttag +16 ////; 
ttag +17 ////; 
ttag +18 ////; 
ttag +19 ////; 
ttag +20 ////; 
ttag +21 ////; 
ttag +22 ////; 
ttag +23 ////; 
ttag +24 ////; 
ttag +25 ////; 
ttag +26 ////; 
ttag +27 ////; 
ttag +28 ////; 
ttag +29 ////; 
ttag +30 ////; 
ttag +31 ////; 
ttag +32 ////; 
ttag +33 ////; 
ttag +34 ////; 
ttag +35 ////; 
ttag +36 ////; 
ttag +37 ////; 
ttag +38 ////; 
ttag +39 ////; 
ttag +40 ////; 
ttag +41 ////; 
ttag +42 ////; 
ttag +43 ////; 
ttag +44 ////; 
ttag +45 ////; 
ttag +46 ////; 
ttag +47 ////; 
ttag +48 ////; 
ttag +49 17/[35]/?/?/?; 
ttag +50 100/100/100/100/100; 
ttag +51 99/99/99/100/98; 
ttag +52 49/33/24/23/20; 
ttag +53 93/90/85/90/78; 
ttag +54 89/86/68/83/71; 
ttag +55 100/100/97/100/98; 
ttag +56 99/99/97/100/99; 
ttag +57 75/71/66/68/64; 
ttag +58 37/0/18/9/20; 
ttag +59 97/96/83/93/88; 
ttag +60 100/100/99/100/100; 
ttag +61 99/99/99/99/97; 
ttag +62 100/100/99/100/99; 
ttag +63 80/76/63/73/60; 
ttag +64 100/100/100/100/100; 
ttag +65 86/84/74/85/74; 
ttag +66 57/45/34/51/34; 
ttag +67 25/[20]/?/?/?; 
ttag +68 62/46/46/54/52; 
ttag +69 100/100/100/100/99; 
ttag +70 99/98/96/99/98; 
ttag +71 100/100/99/99/100; 
ttag +72 100/100/99/99/99; 
ttag +73 56/33/29/20/18; 
ttag +74 62/45/44/42/40; 
ttag +75 95/94/84/94/84; 
ttag +76 82/74/65/78/59; 
ttag +77 100/100/99/100/99; 
ttag +78 100/100/100/100/100; 
ttag +79 97/96/86/97/87; 
ttag +80 35/0/11/?/?; 
ttag +81 96/95/95/97/93; 
ttag +82 100/100/99/99/99; 
ttag +83 92/92/80/89/82; 
ttag +84 93/93/83/93/81; 
ttag +85 95/94/94/97/94; 
ttag +86 100/100/100/100/98; 
ttag +87 90/86/76/88/80; 
ttag +88 64/44/30/58/42; 
ttag +89 98/98/93/98/99; 
ttag +90 88/85/81/91/84; 
ttag +91 56/42/31/49/30; 
ttag +92 98/98/92/98/95; 
ttag +93 36/[7]/?/?/?; 
ttag +94 98/98/94/98/97; 
