tread
'Tree with tags' 
(0 ((1 ((2 3 )(8 ((9 ((4 5 )(6 7 )))(10 (11 12 ))))))(((13 14 )((26 (27 (28 (29 30 ))))((31 (((32 33 )(34 35 ))(36 (37 38 ))))(39 ((40 41 )(42 (43 ((44 45 )(46 47 )))))))))(17 ((15 16 )(18 (19 ((20 21 )((22 23 )(24 25 )))))))))); 
ttag *!; 
ttag +49 2; 
ttag +50 ???; 
ttag +51 9; 
ttag +52 6; 
ttag +53 5; 
ttag +54 5; 
ttag +55 1; 
ttag +56 1; 
ttag +57 4; 
ttag +58 2; 
ttag +59 8; 
ttag +60 8; 
ttag +61 10; 
ttag +62 1; 
ttag +63 2; 
ttag +64 8; 
ttag +65 1; 
ttag +66 7; 
ttag +67 5; 
ttag +68 3; 
ttag +69 7; 
ttag +70 8; 
ttag +71 9; 
ttag +72 4; 
ttag +73 3; 
ttag +74 3; 
ttag +75 10; 
ttag +76 1; 
ttag +77 6; 
ttag +78 10; 
ttag +79 6; 
ttag +80 4; 
ttag +81 8; 
ttag +82 2; 
ttag +83 3; 
ttag +84 4; 
ttag +85 9; 
ttag +86 13; 
ttag +87 3; 
ttag +88 1; 
ttag +89 1; 
ttag +90 9; 
ttag +91 2; 
ttag +92 4; 
ttag +93 8; 
ttag +94 4; 
tread
'Tree with tags' 
(0 ((1 ((2 3 )(8 ((9 ((4 5 )(6 7 )))(10 (11 12 ))))))(((13 14 )((26 (27 (28 (29 30 ))))((31 (((32 33 )(34 35 ))(36 (37 38 ))))(39 ((40 41 )(42 (43 ((44 45 )(46 47 )))))))))(17 ((15 16 )(18 (19 ((20 21 )((22 23 )(24 25 )))))))))); 
ttag *!; 
ttag +0 ////; 
ttag +1 ////; 
ttag +2 ////; 
ttag +3 ////; 
ttag +4 ////; 
ttag +5 ////; 
ttag +6 ////; 
ttag +7 ////; 
ttag +8 ////; 
ttag +9 ////; 
ttag +10 ////; 
ttag +11 ////; 
ttag +12 ////; 
ttag +13 ////; 
ttag +14 ////; 
ttag +15 ////; 
ttag +16 ////; 
ttag +17 ////; 
ttag +18 ////; 
ttag +19 ////; 
ttag +20 ////; 
ttag +21 ////; 
ttag +22 ////; 
ttag +23 ////; 
ttag +24 ////; 
ttag +25 ////; 
ttag +26 ////; 
ttag +27 ////; 
ttag +28 ////; 
ttag +29 ////; 
ttag +30 ////; 
ttag +31 ////; 
ttag +32 ////; 
ttag +33 ////; 
ttag +34 ////; 
ttag +35 ////; 
ttag +36 ////; 
ttag +37 ////; 
ttag +38 ////; 
ttag +39 ////; 
ttag +40 ////; 
ttag +41 ////; 
ttag +42 ////; 
ttag +43 ////; 
ttag +44 ////; 
ttag +45 ////; 
ttag +46 ////; 
ttag +47 ////; 
ttag +48 ////; 
ttag +49 62/50/30/54/30; 
ttag +50 100/100/100/100/100; 
ttag +51 99/99/100/100/99; 
ttag +52 88/83/66/85/64; 
ttag +53 92/89/78/95/86; 
ttag +54 94/93/84/97/89; 
ttag +55 47/30/22/31/22; 
ttag +56 45/26/13/32/14; 
ttag +57 90/86/87/90/86; 
ttag +58 74/62/54/70/56; 
ttag +59 95/93/90/98/90; 
ttag +60 100/100/99/100/100; 
ttag +61 100/100/100/100/100; 
ttag +62 43/20/8/25/4; 
ttag +63 60/54/34/57/30; 
ttag +64 100/100/99/100/99; 
ttag +65 72/57/43/54/56; 
ttag +66 97/97/92/96/91; 
ttag +67 97/95/82/96/82; 
ttag +68 81/72/58/76/65; 
ttag +69 100/100/99/99/98; 
ttag +70 99/99/97/99/97; 
ttag +71 100/100/99/100/100; 
ttag +72 88/84/81/86/73; 
ttag +73 86/82/62/74/67; 
ttag +74 73/58/40/50/41; 
ttag +75 100/100/99/100/99; 
ttag +76 50/35/19/29/18; 
ttag +77 98/98/94/99/93; 
ttag +78 100/100/100/100/99; 
ttag +79 94/92/87/96/91; 
ttag +80 93/91/84/91/78; 
ttag +81 97/96/98/99/96; 
ttag +82 61/45/36/58/34; 
ttag +83 88/86/73/86/75; 
ttag +84 90/89/89/92/88; 
ttag +85 100/100/96/100/97; 
ttag +86 100/100/100/100/100; 
ttag +87 87/81/67/88/62; 
ttag +88 68/54/48/52/55; 
ttag +89 67/49/40/28/25; 
ttag +90 100/100/97/100/97; 
ttag +91 79/70/56/75/60; 
ttag +92 95/93/90/92/87; 
ttag +93 99/99/96/99/98; 
ttag +94 95/94/89/96/87; 
