tread
'Tree with tags' 
(0 (1 ((2 3 )(((4 5 )(6 7 ))((8 9 )(10 (11 12 )))))((13 14 )((17 (15 16 )(18 (19 ((20 21 )((22 23 )(24 25 ))))))((26 27 (28 (29 30 )))(39 (31 ((32 33 )((34 35 )(36 (37 38 )))))((40 41 )(42 (43 ((44 45 )(46 47 ))))))))))); 
ttag *!; 
ttag +49 ???; 
ttag +50 10; 
ttag +51 6; 
ttag +52 4; 
ttag +53 5; 
ttag +54 7; 
ttag +55 1; 
ttag +56 3; 
ttag +57 2; 
ttag +58 3; 
ttag +59 8; 
ttag +60 7; 
ttag +61 3; 
ttag +62 8; 
ttag +63 4; 
ttag +64 1; 
ttag +65 1; 
ttag +66 2; 
ttag +67 10; 
ttag +68 3; 
ttag +69 13; 
ttag +70 2; 
ttag +71 2; 
ttag +72 3; 
ttag +73 6; 
ttag +74 2; 
ttag +75 8; 
ttag +76 3; 
ttag +77 5; 
ttag +78 7; 
ttag +79 4; 
ttag +80 3; 
ttag +81 3; 
ttag +82 14; 
ttag +83 2; 
ttag +84 5; 
ttag +85 2; 
ttag +86 9; 
ttag +87 4; 
ttag +88 7; 
ttag +89 8; 
ttag +90 2; 
tread
'Tree with tags' 
(0 (1 ((2 3 )(((4 5 )(6 7 ))((8 9 )(10 (11 12 )))))((13 14 )((17 (15 16 )(18 (19 ((20 21 )((22 23 )(24 25 ))))))((26 27 (28 (29 30 )))(39 (31 ((32 33 )((34 35 )(36 (37 38 )))))((40 41 )(42 (43 ((44 45 )(46 47 ))))))))))); 
ttag *!; 
ttag +0 ////; 
ttag +1 ////; 
ttag +2 ////; 
ttag +3 ////; 
ttag +4 ////; 
ttag +5 ////; 
ttag +6 ////; 
ttag +7 ////; 
ttag +8 ////; 
ttag +9 ////; 
ttag +10 ////; 
ttag +11 ////; 
ttag +12 ////; 
ttag +13 ////; 
ttag +14 ////; 
ttag +15 ////; 
ttag +16 ////; 
ttag +17 ////; 
ttag +18 ////; 
ttag +19 ////; 
ttag +20 ////; 
ttag +21 ////; 
ttag +22 ////; 
ttag +23 ////; 
ttag +24 ////; 
ttag +25 ////; 
ttag +26 ////; 
ttag +27 ////; 
ttag +28 ////; 
ttag +29 ////; 
ttag +30 ////; 
ttag +31 ////; 
ttag +32 ////; 
ttag +33 ////; 
ttag +34 ////; 
ttag +35 ////; 
ttag +36 ////; 
ttag +37 ////; 
ttag +38 ////; 
ttag +39 ////; 
ttag +40 ////; 
ttag +41 ////; 
ttag +42 ////; 
ttag +43 ////; 
ttag +44 ////; 
ttag +45 ////; 
ttag +46 ////; 
ttag +47 ////; 
ttag +48 ////; 
ttag +49 100/100/100/100/100; 
ttag +50 100/100/98/100/100; 
ttag +51 92/91/84/91/86; 
ttag +52 96/94/93/95/90; 
ttag +53 98/97/85/97/87; 
ttag +54 96/96/90/96/88; 
ttag +55 61/54/36/51/36; 
ttag +56 73/65/59/76/54; 
ttag +57 55/44/26/50/29; 
ttag +58 86/84/72/84/73; 
ttag +59 100/100/99/100/99; 
ttag +60 100/100/100/99/100; 
ttag +61 68/58/33/56/31; 
ttag +62 100/100/100/100/98; 
ttag +63 82/78/59/85/62; 
ttag +64 42/27/?/20/8; 
ttag +65 55/35/36/44/21; 
ttag +66 70/59/36/55/33; 
ttag +67 100/100/99/100/99; 
ttag +68 82/79/68/80/64; 
ttag +69 100/100/100/100/100; 
ttag +70 73/59/53/62/46; 
ttag +71 68/55/54/62/61; 
ttag +72 92/89/78/89/82; 
ttag +73 98/97/95/98/93; 
ttag +74 90/88/76/88/81; 
ttag +75 99/99/98/100/96; 
ttag +76 85/80/66/84/64; 
ttag +77 92/90/86/93/88; 
ttag +78 100/100/97/100/96; 
ttag +79 88/86/80/86/71; 
ttag +80 97/97/92/96/90; 
ttag +81 94/93/84/90/75; 
ttag +82 100/100/100/100/99; 
ttag +83 78/68/62/73/53; 
ttag +84 95/94/88/90/85; 
ttag +85 77/71/44/67/48; 
ttag +86 98/97/93/97/96; 
ttag +87 91/88/78/90/79; 
ttag +88 100/100/100/100/99; 
ttag +89 100/100/96/100/97; 
ttag +90 79/70/67/76/61; 
