tread
'Tree with tags' 
(0 (1 ((2 3 )((((4 5 )(6 7 ))(8 9 ))(10 (11 12 ))))(13 14 )((15 16 )(17 18 (19 ((20 21 )((22 23 )(24 25 ))))))((26 (27 (28 (29 30 ))))(39 (31 (((32 33 )(34 35 ))(36 (37 38 ))))(40 (41 (42 43 ((44 45 )(46 47 ))))))))); 
ttag *!; 
ttag +49 ???; 
ttag +50 3; 
ttag +51 7; 
ttag +52 5; 
ttag +53 9; 
ttag +54 1; 
ttag +55 1; 
ttag +56 3; 
ttag +57 1; 
ttag +58 1; 
ttag +59 13; 
ttag +60 4; 
ttag +61 12; 
ttag +62 1; 
ttag +63 1; 
ttag +64 1; 
ttag +65 7; 
ttag +66 2; 
ttag +67 9; 
ttag +68 6; 
ttag +69 5; 
ttag +70 8; 
ttag +71 7; 
ttag +72 4; 
ttag +73 4; 
ttag +74 8; 
ttag +75 6; 
ttag +76 4; 
ttag +77 7; 
ttag +78 1; 
ttag +79 10; 
ttag +80 4; 
ttag +81 6; 
ttag +82 5; 
ttag +83 9; 
ttag +84 2; 
ttag +85 9; 
ttag +86 4; 
ttag +87 5; 
ttag +88 2; 
tread
'Tree with tags' 
(0 (1 (((2 3 )((((4 5 )(6 7 ))(8 9 ))(10 (11 12 ))))((13 14 )(((15 16 )(17 (18 (19 ((20 21 )((22 23 )(24 25 )))))))((26 (27 (28 (29 30 ))))((31 (((32 33 )(34 35 ))(36 (37 38 ))))(39 (40 (41 (42 (43 ((44 45 )(46 47 )))))))))))))); 
ttag *!; 
ttag +0 ////; 
ttag +1 ////; 
ttag +2 ////; 
ttag +3 ////; 
ttag +4 ////; 
ttag +5 ////; 
ttag +6 ////; 
ttag +7 ////; 
ttag +8 ////; 
ttag +9 ////; 
ttag +10 ////; 
ttag +11 ////; 
ttag +12 ////; 
ttag +13 ////; 
ttag +14 ////; 
ttag +15 ////; 
ttag +16 ////; 
ttag +17 ////; 
ttag +18 ////; 
ttag +19 ////; 
ttag +20 ////; 
ttag +21 ////; 
ttag +22 ////; 
ttag +23 ////; 
ttag +24 ////; 
ttag +25 ////; 
ttag +26 ////; 
ttag +27 ////; 
ttag +28 ////; 
ttag +29 ////; 
ttag +30 ////; 
ttag +31 ////; 
ttag +32 ////; 
ttag +33 ////; 
ttag +34 ////; 
ttag +35 ////; 
ttag +36 ////; 
ttag +37 ////; 
ttag +38 ////; 
ttag +39 ////; 
ttag +40 ////; 
ttag +41 ////; 
ttag +42 ////; 
ttag +43 ////; 
ttag +44 ////; 
ttag +45 ////; 
ttag +46 ////; 
ttag +47 ////; 
ttag +48 ////; 
ttag +49 100/100/100/100/100; 
ttag +50 92/90/81/88/76; 
ttag +51 98/97/92/96/92; 
ttag +52 24/4/5/?/?; 
ttag +53 96/96/92/97/89; 
ttag +54 100/100/99/100/99; 
ttag +55 22/9/13/19/13; 
ttag +56 51/27/26/29/18; 
ttag +57 84/76/76/79/74; 
ttag +58 42/32/22/30/24; 
ttag +59 30/6/4/10/?; 
ttag +60 100/100/100/100/100; 
ttag +61 95/93/82/92/89; 
ttag +62 22/5/?/15/17; 
ttag +63 100/100/100/100/98; 
ttag +64 50/38/20/48/33; 
ttag +65 2/[18]/?/?/?; 
ttag +66 43/36/33/35/31; 
ttag +67 34/22/14/18/16; 
ttag +68 37/27/15/30/16; 
ttag +69 100/100/100/100/99; 
ttag +70 62/53/45/55/40; 
ttag +71 99/98/100/100/98; 
ttag +72 91/87/86/88/83; 
ttag +73 97/96/86/96/88; 
ttag +74 100/100/100/100/98; 
ttag +75 95/94/89/96/91; 
ttag +76 97/97/90/97/93; 
ttag +77 96/96/94/93/89; 
ttag +78 99/99/99/100/99; 
ttag +79 95/93/90/92/91; 
ttag +80 88/83/81/89/81; 
ttag +81 100/100/99/100/98; 
ttag +82 50/39/36/44/39; 
ttag +83 100/100/99/99/99; 
ttag +84 95/92/85/95/86; 
ttag +85 98/98/90/93/94; 
ttag +86 94/92/84/98/90; 
ttag +87 16/[21]/?/?/?; 
ttag +88 98/98/97/99/98; 
ttag +89 74/64/46/62/46; 
ttag +90 99/99/96/99/97; 
ttag +91 29/[5]/?/?/?; 
ttag +92 97/97/97/96/95; 
ttag +93 96/96/92/94/89; 
ttag +94 77/69/65/79/71; 
