tread
'Tree with tags' 
(0 ((1 ((13 14 )(((15 16 )(17 (18 (19 ((20 21 )((22 23 )(24 25 )))))))((26 (27 (28 (29 30 ))))((39 (31 ((32 33 )(34 35 )(36 (37 38 )))))((40 41 )(42 (43 ((44 45 )(46 47 ))))))))))((2 3 )(((4 5 )(6 7 ))(8 9 (10 (11 12 ))))))); 
ttag *!; 
ttag +49 1; 
ttag +50 ???; 
ttag +51 3; 
ttag +52 4; 
ttag +53 4; 
ttag +54 4; 
ttag +55 5; 
ttag +56 3; 
ttag +57 2; 
ttag +58 4; 
ttag +59 6; 
ttag +60 8; 
ttag +61 3; 
ttag +62 9; 
ttag +63 5; 
ttag +64 3; 
ttag +65 4; 
ttag +66 6; 
ttag +67 2; 
ttag +68 5; 
ttag +69 9; 
ttag +70 9; 
ttag +71 4; 
ttag +72 2; 
ttag +73 6; 
ttag +74 3; 
ttag +75 1; 
ttag +76 3; 
ttag +77 7; 
ttag +78 7; 
ttag +79 1; 
ttag +80 8; 
ttag +81 7; 
ttag +82 3; 
ttag +83 3; 
ttag +84 7; 
ttag +85 6; 
ttag +86 1; 
ttag +87 1; 
ttag +88 7; 
ttag +89 1; 
ttag +90 4; 
ttag +91 5; 
ttag +92 5; 
tread
'Tree with tags' 
(0 ((1 ((13 14 )(((15 16 )(17 (18 (19 ((20 21 )((22 23 )(24 25 )))))))((26 (27 (28 (29 30 ))))((39 (31 (((32 33 )(36 (37 38 )))(34 35 ))))((40 41 )(42 (43 ((44 45 )(46 47 ))))))))))((2 3 )(((4 5 )(6 7 ))(8 (9 (10 (11 12 )))))))); 
ttag *!; 
ttag +0 ////; 
ttag +1 ////; 
ttag +2 ////; 
ttag +3 ////; 
ttag +4 ////; 
ttag +5 ////; 
ttag +6 ////; 
ttag +7 ////; 
ttag +8 ////; 
ttag +9 ////; 
ttag +10 ////; 
ttag +11 ////; 
ttag +12 ////; 
ttag +13 ////; 
ttag +14 ////; 
ttag +15 ////; 
ttag +16 ////; 
ttag +17 ////; 
ttag +18 ////; 
ttag +19 ////; 
ttag +20 ////; 
ttag +21 ////; 
ttag +22 ////; 
ttag +23 ////; 
ttag +24 ////; 
ttag +25 ////; 
ttag +26 ////; 
ttag +27 ////; 
ttag +28 ////; 
ttag +29 ////; 
ttag +30 ////; 
ttag +31 ////; 
ttag +32 ////; 
ttag +33 ////; 
ttag +34 ////; 
ttag +35 ////; 
ttag +36 ////; 
ttag +37 ////; 
ttag +38 ////; 
ttag +39 ////; 
ttag +40 ////; 
ttag +41 ////; 
ttag +42 ////; 
ttag +43 ////; 
ttag +44 ////; 
ttag +45 ////; 
ttag +46 ////; 
ttag +47 ////; 
ttag +48 ////; 
ttag +49 30/16/16/26/15; 
ttag +50 100/100/100/100/100; 
ttag +51 89/84/81/83/82; 
ttag +52 78/70/57/76/66; 
ttag +53 96/95/91/96/92; 
ttag +54 98/97/93/93/94; 
ttag +55 88/84/83/93/78; 
ttag +56 87/81/67/82/70; 
ttag +57 72/65/62/73/59; 
ttag +58 30/2/13/6/7; 
ttag +59 94/94/91/97/90; 
ttag +60 99/99/97/100/98; 
ttag +61 99/98/97/100/99; 
ttag +62 60/55/47/60/41; 
ttag +63 100/100/100/100/100; 
ttag +64 81/76/68/79/64; 
ttag +65 70/62/51/71/48; 
ttag +66 83/80/78/87/77; 
ttag +67 96/96/90/97/89; 
ttag +68 76/70/56/77/70; 
ttag +69 99/99/99/98/99; 
ttag +70 100/100/99/100/98; 
ttag +71 99/99/98/100/99; 
ttag +72 78/64/52/69/62; 
ttag +73 67/54/38/59/48; 
ttag +74 96/95/91/97/91; 
ttag +75 71/65/48/62/51; 
ttag +76 62/47/27/46/32; 
ttag +77 80/71/66/79/58; 
ttag +78 99/98/98/98/95; 
ttag +79 99/99/97/99/98; 
ttag +80 22/3/?/12/?; 
ttag +81 96/94/87/94/89; 
ttag +82 99/99/99/99/100; 
ttag +83 15/[8]/?/?/?; 
ttag +84 84/82/75/79/70; 
ttag +85 83/81/74/86/74; 
ttag +86 100/100/98/100/99; 
ttag +87 97/96/94/96/92; 
ttag +88 63/41/41/35/37; 
ttag +89 72/57/64/60/62; 
ttag +90 96/96/87/98/90; 
ttag +91 57/34/30/26/18; 
ttag +92 90/88/84/94/85; 
ttag +93 97/96/85/97/86; 
ttag +94 98/98/93/97/95; 
