tread
'Tree with tags' 
(0 (1 ((2 3 )(((4 5 )(6 7 ))((8 9 )(10 (11 12 )))))((13 14 )(((17 (15 16 ))(18 (19 ((20 21 )((22 23 )(24 25 ))))))((26 (27 (28 (29 30 ))))(39 ((31 ((32 33 )((34 35 )(36 (37 38 )))))((40 41 )(42 (43 ((44 45 )(46 47 )))))))))))); 
ttag *!; 
ttag +49 ???; 
ttag +50 6; 
ttag +51 5; 
ttag +52 4; 
ttag +53 5; 
ttag +54 4; 
ttag +55 1; 
ttag +56 1; 
ttag +57 1; 
ttag +58 4; 
ttag +59 4; 
ttag +60 11; 
ttag +61 1; 
ttag +62 16; 
ttag +63 2; 
ttag +64 3; 
ttag +65 2; 
ttag +66 3; 
ttag +67 2; 
ttag +68 8; 
ttag +69 3; 
ttag +70 11; 
ttag +71 8; 
ttag +72 3; 
ttag +73 7; 
ttag +74 11; 
ttag +75 4; 
ttag +76 9; 
ttag +77 10; 
ttag +78 6; 
ttag +79 3; 
ttag +80 7; 
ttag +81 5; 
ttag +82 7; 
ttag +83 3; 
ttag +84 2; 
ttag +85 7; 
ttag +86 10; 
ttag +87 3; 
ttag +88 4; 
ttag +89 8; 
ttag +90 5; 
ttag +91 9; 
ttag +92 4; 
ttag +93 3; 
tread
'Tree with tags' 
(0 ((1 ((2 3 )(((4 5 )(6 7 ))((8 9 )(10 (11 12 ))))))((13 14 )(((17 (15 16 ))(18 (19 ((20 21 )((22 23 )(24 25 ))))))((26 (27 (28 (29 30 ))))(39 ((31 ((32 33 )((34 35 )(36 (37 38 )))))((40 41 )(42 (43 ((44 45 )(46 47 )))))))))))); 
ttag *!; 
ttag +0 ////; 
ttag +1 ////; 
ttag +2 ////; 
ttag +3 ////; 
ttag +4 ////; 
ttag +5 ////; 
ttag +6 ////; 
ttag +7 ////; 
ttag +8 ////; 
ttag +9 ////; 
ttag +10 ////; 
ttag +11 ////; 
ttag +12 ////; 
ttag +13 ////; 
ttag +14 ////; 
ttag +15 ////; 
ttag +16 ////; 
ttag +17 ////; 
ttag +18 ////; 
ttag +19 ////; 
ttag +20 ////; 
ttag +21 ////; 
ttag +22 ////; 
ttag +23 ////; 
ttag +24 ////; 
ttag +25 ////; 
ttag +26 ////; 
ttag +27 ////; 
ttag +28 ////; 
ttag +29 ////; 
ttag +30 ////; 
ttag +31 ////; 
ttag +32 ////; 
ttag +33 ////; 
ttag +34 ////; 
ttag +35 ////; 
ttag +36 ////; 
ttag +37 ////; 
ttag +38 ////; 
ttag +39 ////; 
ttag +40 ////; 
ttag +41 ////; 
ttag +42 ////; 
ttag +43 ////; 
ttag +44 ////; 
ttag +45 ////; 
ttag +46 ////; 
ttag +47 ////; 
ttag +48 ////; 
ttag +49 32/[4]/1/?/?; 
ttag +50 100/100/100/100/100; 
ttag +51 98/97/98/99/96; 
ttag +52 88/84/73/81/74; 
ttag +53 93/89/86/96/93; 
ttag +54 97/96/94/98/95; 
ttag +55 92/91/83/90/83; 
ttag +56 52/19/25/22/15; 
ttag +57 52/39/36/47/43; 
ttag +58 55/29/22/34/20; 
ttag +59 86/79/76/89/76; 
ttag +60 98/98/90/95/94; 
ttag +61 100/100/99/100/100; 
ttag +62 62/56/46/50/40; 
ttag +63 100/100/100/100/100; 
ttag +64 66/58/36/64/52; 
ttag +65 80/76/64/77/73; 
ttag +66 47/30/24/42/30; 
ttag +67 87/85/73/82/75; 
ttag +68 66/49/46/57/46; 
ttag +69 99/99/99/100/99; 
ttag +70 80/74/72/78/76; 
ttag +71 100/100/98/99/98; 
ttag +72 100/100/97/100/98; 
ttag +73 91/88/82/89/80; 
ttag +74 100/100/99/100/98; 
ttag +75 100/100/97/100/99; 
ttag +76 98/98/99/99/98; 
ttag +77 100/100/100/100/100; 
ttag +78 100/100/100/100/100; 
ttag +79 98/98/98/100/98; 
ttag +80 78/74/59/74/64; 
ttag +81 98/98/93/98/93; 
ttag +82 99/99/98/98/98; 
ttag +83 99/99/98/98/98; 
ttag +84 90/88/82/90/82; 
ttag +85 78/67/64/79/72; 
ttag +86 99/98/94/98/95; 
ttag +87 100/100/99/100/99; 
ttag +88 83/75/72/76/67; 
ttag +89 88/84/76/84/78; 
ttag +90 99/99/95/99/98; 
ttag +91 93/91/85/95/87; 
ttag +92 99/99/98/100/98; 
ttag +93 95/93/88/94/92; 
ttag +94 96/96/92/93/94; 
