tread
'Tree with tags' 
(0 ((1 ((2 3 )(((4 5 )(6 7 ))((8 9 )(10 (11 12 ))))))((13 14 )(((15 16 )(17 (18 (19 ((20 21 )(25 (24 (22 23 ))))))))((26 (27 (28 (29 30 ))))((31 (((32 33 )(36 (37 38 )))(34 35 )))(39 ((40 41 )(42 (43 (46 47 (44 45 )))))))))))); 
ttag *!; 
ttag +49 2; 
ttag +50 ???; 
ttag +51 4; 
ttag +52 5; 
ttag +53 3; 
ttag +54 8; 
ttag +55 2; 
ttag +56 3; 
ttag +57 1; 
ttag +58 3; 
ttag +59 9; 
ttag +60 6; 
ttag +61 8; 
ttag +62 2; 
ttag +63 11; 
ttag +64 5; 
ttag +65 2; 
ttag +66 3; 
ttag +67 5; 
ttag +68 4; 
ttag +69 6; 
ttag +70 9; 
ttag +71 9; 
ttag +72 1; 
ttag +73 9; 
ttag +74 5; 
ttag +75 1; 
ttag +76 2; 
ttag +77 6; 
ttag +78 9; 
ttag +79 5; 
ttag +80 4; 
ttag +81 10; 
ttag +82 2; 
ttag +83 5; 
ttag +84 5; 
ttag +85 3; 
ttag +86 2; 
ttag +87 2; 
ttag +88 5; 
ttag +89 6; 
ttag +90 8; 
ttag +91 3; 
ttag +92 8; 
ttag +93 2; 
tread
'Tree with tags' 
(0 ((1 ((2 3 )(((4 5 )(6 7 ))((8 9 )(10 (11 12 ))))))((13 14 )(((15 16 )(17 (18 (19 ((20 21 )(25 (24 (22 23 ))))))))((26 (27 (28 (29 30 ))))((31 (((32 33 )(36 (37 38 )))(34 35 )))(39 ((40 41 )(42 (43 (46 (47 (44 45 ))))))))))))); 
ttag *!; 
ttag +0 ////; 
ttag +1 ////; 
ttag +2 ////; 
ttag +3 ////; 
ttag +4 ////; 
ttag +5 ////; 
ttag +6 ////; 
ttag +7 ////; 
ttag +8 ////; 
ttag +9 ////; 
ttag +10 ////; 
ttag +11 ////; 
ttag +12 ////; 
ttag +13 ////; 
ttag +14 ////; 
ttag +15 ////; 
ttag +16 ////; 
ttag +17 ////; 
ttag +18 ////; 
ttag +19 ////; 
ttag +20 ////; 
ttag +21 ////; 
ttag +22 ////; 
ttag +23 ////; 
ttag +24 ////; 
ttag +25 ////; 
ttag +26 ////; 
ttag +27 ////; 
ttag +28 ////; 
ttag +29 ////; 
ttag +30 ////; 
ttag +31 ////; 
ttag +32 ////; 
ttag +33 ////; 
ttag +34 ////; 
ttag +35 ////; 
ttag +36 ////; 
ttag +37 ////; 
ttag +38 ////; 
ttag +39 ////; 
ttag +40 ////; 
ttag +41 ////; 
ttag +42 ////; 
ttag +43 ////; 
ttag +44 ////; 
ttag +45 ////; 
ttag +46 ////; 
ttag +47 ////; 
ttag +48 ////; 
ttag +49 47/32/30/42/36; 
ttag +50 100/100/100/100/100; 
ttag +51 88/86/80/89/76; 
ttag +52 95/94/90/95/94; 
ttag +53 85/81/74/80/67; 
ttag +54 99/99/98/99/98; 
ttag +55 75/66/60/62/60; 
ttag +56 83/78/74/80/80; 
ttag +57 66/63/54/58/58; 
ttag +58 83/78/67/86/75; 
ttag +59 100/100/100/100/99; 
ttag +60 95/93/88/95/92; 
ttag +61 99/98/99/100/98; 
ttag +62 42/27/29/37/33; 
ttag +63 100/100/100/100/100; 
ttag +64 89/85/78/86/73; 
ttag +65 60/47/45/54/44; 
ttag +66 82/78/68/84/67; 
ttag +67 96/95/89/96/90; 
ttag +68 95/94/86/96/85; 
ttag +69 100/100/100/99/100; 
ttag +70 98/98/97/100/94; 
ttag +71 100/100/98/100/99; 
ttag +72 65/54/46/52/36; 
ttag +73 100/100/98/100/96; 
ttag +74 98/98/93/99/96; 
ttag +75 69/60/47/58/57; 
ttag +76 82/73/76/79/71; 
ttag +77 99/99/99/100/98; 
ttag +78 100/100/100/100/100; 
ttag +79 98/98/90/94/95; 
ttag +80 92/92/88/94/88; 
ttag +81 100/100/100/100/100; 
ttag +82 64/58/41/69/52; 
ttag +83 92/91/78/90/89; 
ttag +84 96/95/92/96/92; 
ttag +85 87/82/77/89/74; 
ttag +86 74/64/64/69/65; 
ttag +87 50/34/29/36/28; 
ttag +88 97/96/95/98/94; 
ttag +89 90/86/80/94/86; 
ttag +90 98/98/96/99/95; 
ttag +91 74/68/63/76/69; 
ttag +92 100/100/99/100/100; 
ttag +93 29/[10]/?/?/?; 
ttag +94 73/59/55/65/50; 
