tread
'Tree with tags' 
(0 (1 (8 9 (2 3 )((4 5 )(6 7 ))(10 (11 12 )))((13 14 )(17 ((15 16 )(18 19 ((20 21 )((22 23 )(24 25 ))))))((26 (27 (28 (29 30 ))))((39 (31 (((32 33 )(34 35 ))(36 (37 38 )))))((40 41 )(42 (43 (44 45 )(46 47 ))))))))); 
ttag *!; 
ttag +49 ???; 
ttag +50 3; 
ttag +51 6; 
ttag +52 5; 
ttag +53 8; 
ttag +54 1; 
ttag +55 3; 
ttag +56 9; 
ttag +57 5; 
ttag +58 3; 
ttag +59 17; 
ttag +60 1; 
ttag +61 7; 
ttag +62 5; 
ttag +63 6; 
ttag +64 9; 
ttag +65 12; 
ttag +66 4; 
ttag +67 2; 
ttag +68 5; 
ttag +69 9; 
ttag +70 1; 
ttag +71 7; 
ttag +72 13; 
ttag +73 1; 
ttag +74 1; 
ttag +75 4; 
ttag +76 6; 
ttag +77 2; 
ttag +78 5; 
ttag +79 5; 
ttag +80 11; 
ttag +81 10; 
ttag +82 5; 
ttag +83 8; 
ttag +84 3; 
ttag +85 1; 
ttag +86 6; 
ttag +87 3; 
tread
'Tree with tags' 
(0 (1 (((2 3 )(9 (8 (((4 5 )(6 7 ))(10 (11 12 ))))))(((13 14 )((26 (27 (28 (29 30 ))))((39 (31 (((32 33 )(34 35 ))(36 (37 38 )))))((40 41 )(42 ((43 (44 45 ))(46 47 )))))))(17 ((15 16 )(19 (18 ((20 21 )((22 23 )(24 25 ))))))))))); 
ttag *!; 
ttag +0 ////; 
ttag +1 ////; 
ttag +2 ////; 
ttag +3 ////; 
ttag +4 ////; 
ttag +5 ////; 
ttag +6 ////; 
ttag +7 ////; 
ttag +8 ////; 
ttag +9 ////; 
ttag +10 ////; 
ttag +11 ////; 
ttag +12 ////; 
ttag +13 ////; 
ttag +14 ////; 
ttag +15 ////; 
ttag +16 ////; 
ttag +17 ////; 
ttag +18 ////; 
ttag +19 ////; 
ttag +20 ////; 
ttag +21 ////; 
ttag +22 ////; 
ttag +23 ////; 
ttag +24 ////; 
ttag +25 ////; 
ttag +26 ////; 
ttag +27 ////; 
ttag +28 ////; 
ttag +29 ////; 
ttag +30 ////; 
ttag +31 ////; 
ttag +32 ////; 
ttag +33 ////; 
ttag +34 ////; 
ttag +35 ////; 
ttag +36 ////; 
ttag +37 ////; 
ttag +38 ////; 
ttag +39 ////; 
ttag +40 ////; 
ttag +41 ////; 
ttag +42 ////; 
ttag +43 ////; 
ttag +44 ////; 
ttag +45 ////; 
ttag +46 ////; 
ttag +47 ////; 
ttag +48 ////; 
ttag +49 100/100/100/100/100; 
ttag +50 87/83/73/86/73; 
ttag +51 99/99/94/98/96; 
ttag +52 11/[52]/?/?/?; 
ttag +53 99/99/100/99/97; 
ttag +54 98/98/97/97/96; 
ttag +55 20/[15]/?/?/?; 
ttag +56 19/[15]/?/?/?; 
ttag +57 56/25/26/32/26; 
ttag +58 58/36/17/30/21; 
ttag +59 96/95/89/96/88; 
ttag +60 100/100/99/100/100; 
ttag +61 97/97/96/99/98; 
ttag +62 40/8/7/4/15; 
ttag +63 90/89/84/86/82; 
ttag +64 100/100/100/100/100; 
ttag +65 68/58/52/54/45; 
ttag +66 99/99/96/100/97; 
ttag +67 27/[20]/?/?/?; 
ttag +68 98/97/94/97/88; 
ttag +69 99/99/98/99/97; 
ttag +70 98/97/98/98/97; 
ttag +71 100/100/100/100/100; 
ttag +72 94/92/78/90/79; 
ttag +73 75/70/57/72/60; 
ttag +74 99/98/94/99/91; 
ttag +75 99/99/99/100/97; 
ttag +76 46/35/15/33/14; 
ttag +77 100/100/99/99/98; 
ttag +78 100/100/99/100/99; 
ttag +79 62/55/42/54/41; 
ttag +80 58/54/38/50/41; 
ttag +81 88/87/71/82/76; 
ttag +82 99/98/98/99/96; 
ttag +83 75/64/59/63/49; 
ttag +84 93/92/84/92/84; 
ttag +85 97/96/98/95/92; 
ttag +86 100/100/99/100/100; 
ttag +87 100/100/98/100/99; 
ttag +88 95/93/92/97/88; 
ttag +89 97/96/90/96/92; 
ttag +90 92/91/88/94/88; 
ttag +91 34/0/?/?/?; 
ttag +92 67/56/43/60/42; 
ttag +93 97/96/94/99/94; 
ttag +94 87/85/77/86/76; 
