tread
'Tree with tags' 
(0 ((1 (8 9 10 (2 3 )((4 5 )(6 7 ))(11 12 )))(13 14 )(15 16 )(17 (18 (19 ((20 21 )(25 (24 (22 23 )))))))((26 (27 (28 (29 30 ))))((31 ((32 33 )(34 35 )(36 (37 38 ))))(39 (40 41 (42 (43 ((44 45 )(46 47 )))))))))); 
ttag *!; 
ttag +49 1; 
ttag +50 ???; 
ttag +51 5; 
ttag +52 7; 
ttag +53 7; 
ttag +54 6; 
ttag +55 1; 
ttag +56 9; 
ttag +57 7; 
ttag +58 10; 
ttag +59 1; 
ttag +60 2; 
ttag +61 2; 
ttag +62 6; 
ttag +63 8; 
ttag +64 8; 
ttag +65 1; 
ttag +66 6; 
ttag +67 11; 
ttag +68 4; 
ttag +69 5; 
ttag +70 5; 
ttag +71 7; 
ttag +72 7; 
ttag +73 1; 
ttag +74 5; 
ttag +75 6; 
ttag +76 3; 
ttag +77 6; 
ttag +78 8; 
ttag +79 2; 
ttag +80 5; 
ttag +81 2; 
ttag +82 3; 
ttag +83 10; 
ttag +84 9; 
ttag +85 1; 
tread
'Tree with tags' 
(0 ((1 (8 9 10 (2 3 )((4 5 )(6 7 ))(11 12 )))(13 14 )(15 16 )(17 (18 (19 ((20 21 )(25 (24 (22 23 )))))))((26 (27 (28 (29 30 ))))((31 ((32 33 )(34 35 )(36 (37 38 ))))(39 (40 41 (42 (43 ((44 45 )(46 47 )))))))))); 
ttag *!; 
ttag +0 ////; 
ttag +1 ////; 
ttag +2 ////; 
ttag +3 ////; 
ttag +4 ////; 
ttag +5 ////; 
ttag +6 ////; 
ttag +7 ////; 
ttag +8 ////; 
ttag +9 ////; 
ttag +10 ////; 
ttag +11 ////; 
ttag +12 ////; 
ttag +13 ////; 
ttag +14 ////; 
ttag +15 ////; 
ttag +16 ////; 
ttag +17 ////; 
ttag +18 ////; 
ttag +19 ////; 
ttag +20 ////; 
ttag +21 ////; 
ttag +22 ////; 
ttag +23 ////; 
ttag +24 ////; 
ttag +25 ////; 
ttag +26 ////; 
ttag +27 ////; 
ttag +28 ////; 
ttag +29 ////; 
ttag +30 ////; 
ttag +31 ////; 
ttag +32 ////; 
ttag +33 ////; 
ttag +34 ////; 
ttag +35 ////; 
ttag +36 ////; 
ttag +37 ////; 
ttag +38 ////; 
ttag +39 ////; 
ttag +40 ////; 
ttag +41 ////; 
ttag +42 ////; 
ttag +43 ////; 
ttag +44 ////; 
ttag +45 ////; 
ttag +46 ////; 
ttag +47 ////; 
ttag +48 ////; 
ttag +49 57/45/41/47/41; 
ttag +50 100/100/100/100/100; 
ttag +51 100/100/96/98/95; 
ttag +52 100/100/98/99/98; 
ttag +53 99/99/96/100/99; 
ttag +54 97/96/94/96/93; 
ttag +55 68/54/43/58/45; 
ttag +56 100/100/100/99/100; 
ttag +57 99/99/98/99/100; 
ttag +58 100/100/100/100/100; 
ttag +59 70/56/51/65/56; 
ttag +60 76/70/68/76/67; 
ttag +61 76/65/53/71/62; 
ttag +62 100/100/100/98/99; 
ttag +63 100/100/100/100/100; 
ttag +64 100/100/98/99/99; 
ttag +65 60/31/40/32/21; 
ttag +66 97/97/95/98/94; 
ttag +67 100/100/97/99/99; 
ttag +68 88/86/75/88/79; 
ttag +69 98/98/91/97/94; 
ttag +70 97/96/89/96/90; 
ttag +71 100/100/97/100/98; 
ttag +72 98/97/95/98/94; 
ttag +73 75/68/56/76/54; 
ttag +74 99/99/96/98/95; 
ttag +75 99/99/94/97/92; 
ttag +76 96/96/91/92/89; 
ttag +77 100/100/97/99/98; 
ttag +78 100/100/98/100/99; 
ttag +79 80/78/68/75/66; 
ttag +80 98/97/90/96/92; 
ttag +81 79/73/54/74/64; 
ttag +82 84/78/73/87/80; 
ttag +83 100/100/99/100/99; 
ttag +84 99/99/98/100/99; 
ttag +85 46/32/29/34/22; 
