tread
'Tree with tags' 
(0 ((1 ((2 3 )((6 7 (4 5 ))(8 9 (10 (11 12 ))))))((13 14 )(17 (15 16 )(18 19 ((20 21 )((22 23 )(24 25 ))))))((26 27 (28 (29 30 )))(39 (31 ((32 33 )(34 35 )(36 (37 38 ))))(40 41 (42 (43 ((44 45 )(46 47 ))))))))); 
ttag *!; 
ttag +49 3; 
ttag +50 ???; 
ttag +51 7; 
ttag +52 9; 
ttag +53 3; 
ttag +54 6; 
ttag +55 2; 
ttag +56 2; 
ttag +57 3; 
ttag +58 8; 
ttag +59 7; 
ttag +60 2; 
ttag +61 8; 
ttag +62 4; 
ttag +63 8; 
ttag +64 10; 
ttag +65 5; 
ttag +66 6; 
ttag +67 6; 
ttag +68 4; 
ttag +69 1; 
ttag +70 6; 
ttag +71 6; 
ttag +72 6; 
ttag +73 1; 
ttag +74 5; 
ttag +75 11; 
ttag +76 10; 
ttag +77 4; 
ttag +78 8; 
ttag +79 9; 
ttag +80 7; 
ttag +81 8; 
ttag +82 1; 
ttag +83 8; 
ttag +84 3; 
ttag +85 2; 
tread
'Tree with tags' 
(0 ((1 ((2 3 )((6 (7 (4 5 )))((8 9 )(10 (11 12 ))))))(((13 14 )((15 16 )(17 ((18 19 )((20 21 )((22 23 )(24 25 )))))))(((26 27 )(28 (29 30 )))(39 ((31 ((32 33 )((34 35 )(36 (37 38 )))))((40 41 )(42 (43 ((44 45 )(46 47 ))))))))))); 
ttag *!; 
ttag +0 ////; 
ttag +1 ////; 
ttag +2 ////; 
ttag +3 ////; 
ttag +4 ////; 
ttag +5 ////; 
ttag +6 ////; 
ttag +7 ////; 
ttag +8 ////; 
ttag +9 ////; 
ttag +10 ////; 
ttag +11 ////; 
ttag +12 ////; 
ttag +13 ////; 
ttag +14 ////; 
ttag +15 ////; 
ttag +16 ////; 
ttag +17 ////; 
ttag +18 ////; 
ttag +19 ////; 
ttag +20 ////; 
ttag +21 ////; 
ttag +22 ////; 
ttag +23 ////; 
ttag +24 ////; 
ttag +25 ////; 
ttag +26 ////; 
ttag +27 ////; 
ttag +28 ////; 
ttag +29 ////; 
ttag +30 ////; 
ttag +31 ////; 
ttag +32 ////; 
ttag +33 ////; 
ttag +34 ////; 
ttag +35 ////; 
ttag +36 ////; 
ttag +37 ////; 
ttag +38 ////; 
ttag +39 ////; 
ttag +40 ////; 
ttag +41 ////; 
ttag +42 ////; 
ttag +43 ////; 
ttag +44 ////; 
ttag +45 ////; 
ttag +46 ////; 
ttag +47 ////; 
ttag +48 ////; 
ttag +49 85/82/78/87/82; 
ttag +50 100/100/100/100/100; 
ttag +51 99/99/99/99/99; 
ttag +52 100/100/99/100/99; 
ttag +53 94/93/86/90/86; 
ttag +54 31/[24]/?/?/?; 
ttag +55 99/99/94/98/93; 
ttag +56 72/61/46/61/38; 
ttag +57 28/10/9/14/11; 
ttag +58 51/33/22/43/31; 
ttag +59 74/72/61/74/56; 
ttag +60 99/99/100/100/100; 
ttag +61 100/100/100/99/100; 
ttag +62 65/59/48/56/43; 
ttag +63 44/29/14/23/32; 
ttag +64 100/100/99/100/100; 
ttag +65 95/95/84/89/78; 
ttag +66 35/13/2/19/7; 
ttag +67 43/12/10/10/22; 
ttag +68 98/98/98/99/96; 
ttag +69 100/100/100/100/100; 
ttag +70 91/87/86/90/80; 
ttag +71 100/100/99/99/99; 
ttag +72 94/90/92/92/84; 
ttag +73 93/89/78/91/80; 
ttag +74 23/[5]/1/?/?; 
ttag +75 74/58/58/56/50; 
ttag +76 96/95/88/94/83; 
ttag +77 98/98/98/99/96; 
ttag +78 99/99/96/97/96; 
ttag +79 72/62/47/61/36; 
ttag +80 38/[1]/?/?/?; 
ttag +81 98/96/96/99/92; 
ttag +82 100/100/100/100/100; 
ttag +83 100/100/99/100/99; 
ttag +84 99/99/96/98/98; 
ttag +85 34/4/0/0/10; 
ttag +86 100/100/99/100/98; 
ttag +87 100/100/99/100/100; 
ttag +88 46/23/14/32/15; 
ttag +89 98/97/93/98/94; 
ttag +90 100/100/96/99/96; 
ttag +91 58/46/34/46/33; 
ttag +92 99/99/99/100/98; 
ttag +93 89/82/59/78/60; 
ttag +94 77/68/60/70/60; 
