tread
'Tree with tags' 
(0 (1 (2 3 (6 7 (4 5 ))(8 9 (10 (11 12 ))))(13 14 )(((15 16 )(17 (18 (19 ((20 21 )((22 23 )(24 25 )))))))((26 (27 (28 (29 30 ))))((39 (31 ((32 33 )((34 35 )(36 (37 38 ))))))((40 41 )((42 43 )(46 47 (44 45 ))))))))); 
ttag *!; 
ttag +49 ???; 
ttag +50 6; 
ttag +51 2; 
ttag +52 11; 
ttag +53 2; 
ttag +54 6; 
ttag +55 3; 
ttag +56 5; 
ttag +57 12; 
ttag +58 2; 
ttag +59 2; 
ttag +60 2; 
ttag +61 1; 
ttag +62 1; 
ttag +63 8; 
ttag +64 7; 
ttag +65 7; 
ttag +66 7; 
ttag +67 3; 
ttag +68 6; 
ttag +69 4; 
ttag +70 5; 
ttag +71 2; 
ttag +72 11; 
ttag +73 9; 
ttag +74 2; 
ttag +75 8; 
ttag +76 7; 
ttag +77 5; 
ttag +78 3; 
ttag +79 1; 
ttag +80 11; 
ttag +81 4; 
ttag +82 3; 
ttag +83 2; 
ttag +84 1; 
ttag +85 9; 
ttag +86 6; 
ttag +87 7; 
tread
'Tree with tags' 
(0 ((1 (((2 3 )((7 (6 (4 5 )))((8 9 )(10 (11 12 )))))(13 14 )))(((15 16 )(17 (18 (19 ((20 21 )((22 23 )(24 25 )))))))((26 (27 (28 (29 30 ))))((39 (31 ((32 33 )((34 35 )(36 (37 38 ))))))((40 41 )((42 43 )(47 (46 (44 45 )))))))))); 
ttag *!; 
ttag +0 ////; 
ttag +1 ////; 
ttag +2 ////; 
ttag +3 ////; 
ttag +4 ////; 
ttag +5 ////; 
ttag +6 ////; 
ttag +7 ////; 
ttag +8 ////; 
ttag +9 ////; 
ttag +10 ////; 
ttag +11 ////; 
ttag +12 ////; 
ttag +13 ////; 
ttag +14 ////; 
ttag +15 ////; 
ttag +16 ////; 
ttag +17 ////; 
ttag +18 ////; 
ttag +19 ////; 
ttag +20 ////; 
ttag +21 ////; 
ttag +22 ////; 
ttag +23 ////; 
ttag +24 ////; 
ttag +25 ////; 
ttag +26 ////; 
ttag +27 ////; 
ttag +28 ////; 
ttag +29 ////; 
ttag +30 ////; 
ttag +31 ////; 
ttag +32 ////; 
ttag +33 ////; 
ttag +34 ////; 
ttag +35 ////; 
ttag +36 ////; 
ttag +37 ////; 
ttag +38 ////; 
ttag +39 ////; 
ttag +40 ////; 
ttag +41 ////; 
ttag +42 ////; 
ttag +43 ////; 
ttag +44 ////; 
ttag +45 ////; 
ttag +46 ////; 
ttag +47 ////; 
ttag +48 ////; 
ttag +49 21/[8]/?/?/?; 
ttag +50 100/100/100/100/100; 
ttag +51 32/[3]/11/?/0; 
ttag +52 97/96/90/96/90; 
ttag +53 21/[8]/?/?/?; 
ttag +54 72/59/50/56/55; 
ttag +55 14/[46]/?/?/?; 
ttag +56 99/99/98/99/98; 
ttag +57 32/[12]/?/?/?; 
ttag +58 47/28/30/36/34; 
ttag +59 72/70/65/77/66; 
ttag +60 98/98/91/99/95; 
ttag +61 94/93/84/92/92; 
ttag +62 98/98/98/99/96; 
ttag +63 100/100/100/100/100; 
ttag +64 77/67/48/69/56; 
ttag +65 76/72/48/66/46; 
ttag +66 59/46/40/53/36; 
ttag +67 66/62/51/52/43; 
ttag +68 43/26/17/34/16; 
ttag +69 100/100/100/100/100; 
ttag +70 96/93/87/93/84; 
ttag +71 98/98/94/100/96; 
ttag +72 98/98/97/98/94; 
ttag +73 84/80/69/86/72; 
ttag +74 99/98/99/99/98; 
ttag +75 94/93/85/94/85; 
ttag +76 99/99/98/99/98; 
ttag +77 83/78/64/73/71; 
ttag +78 100/100/100/100/100; 
ttag +79 100/100/100/100/98; 
ttag +80 68/60/53/68/46; 
ttag +81 99/98/92/99/96; 
ttag +82 100/100/97/100/100; 
ttag +83 93/90/83/91/76; 
ttag +84 92/88/84/89/86; 
ttag +85 62/59/55/57/48; 
ttag +86 100/100/99/100/100; 
ttag +87 94/93/86/95/86; 
ttag +88 82/75/67/70/59; 
ttag +89 78/72/59/72/69; 
ttag +90 61/50/36/46/38; 
ttag +91 100/100/100/100/100; 
ttag +92 99/98/98/98/98; 
ttag +93 29/[5]/?/?/?; 
ttag +94 98/97/92/96/94; 
