tread
'Tree with tags' 
(0 ((1 (2 (3 ((6 (7 (4 5 )))((8 9 )(10 (11 12 )))))))(((13 14 )((15 16 )(17 (18 (19 ((20 21 )((22 23 )(24 25 ))))))))((27 (26 (28 (29 30 ))))((31 (((32 33 )(36 (37 38 )))(34 35 )))(39 ((40 41 )(42 43 (46 47 (44 45 )))))))))); 
ttag *!; 
ttag +49 2; 
ttag +50 ???; 
ttag +51 7; 
ttag +52 2; 
ttag +53 5; 
ttag +54 1; 
ttag +55 9; 
ttag +56 5; 
ttag +57 1; 
ttag +58 2; 
ttag +59 1; 
ttag +60 7; 
ttag +61 9; 
ttag +62 3; 
ttag +63 2; 
ttag +64 7; 
ttag +65 2; 
ttag +66 1; 
ttag +67 7; 
ttag +68 2; 
ttag +69 6; 
ttag +70 11; 
ttag +71 9; 
ttag +72 1; 
ttag +73 5; 
ttag +74 4; 
ttag +75 7; 
ttag +76 1; 
ttag +77 2; 
ttag +78 12; 
ttag +79 7; 
ttag +80 6; 
ttag +81 4; 
ttag +82 1; 
ttag +83 4; 
ttag +84 7; 
ttag +85 9; 
ttag +86 12; 
ttag +87 3; 
ttag +88 2; 
ttag +89 6; 
ttag +90 6; 
ttag +91 9; 
ttag +92 6; 
tread
'Tree with tags' 
(0 ((1 (2 (3 ((6 (7 (4 5 )))((8 9 )(10 (11 12 )))))))(((13 14 )((15 16 )(17 (18 (19 ((20 21 )((22 23 )(24 25 ))))))))((27 (26 (28 (29 30 ))))((31 (((32 33 )(36 (37 38 )))(34 35 )))(39 ((40 41 )(42 (43 (46 (47 (44 45 )))))))))))); 
ttag *!; 
ttag +0 ////; 
ttag +1 ////; 
ttag +2 ////; 
ttag +3 ////; 
ttag +4 ////; 
ttag +5 ////; 
ttag +6 ////; 
ttag +7 ////; 
ttag +8 ////; 
ttag +9 ////; 
ttag +10 ////; 
ttag +11 ////; 
ttag +12 ////; 
ttag +13 ////; 
ttag +14 ////; 
ttag +15 ////; 
ttag +16 ////; 
ttag +17 ////; 
ttag +18 ////; 
ttag +19 ////; 
ttag +20 ////; 
ttag +21 ////; 
ttag +22 ////; 
ttag +23 ////; 
ttag +24 ////; 
ttag +25 ////; 
ttag +26 ////; 
ttag +27 ////; 
ttag +28 ////; 
ttag +29 ////; 
ttag +30 ////; 
ttag +31 ////; 
ttag +32 ////; 
ttag +33 ////; 
ttag +34 ////; 
ttag +35 ////; 
ttag +36 ////; 
ttag +37 ////; 
ttag +38 ////; 
ttag +39 ////; 
ttag +40 ////; 
ttag +41 ////; 
ttag +42 ////; 
ttag +43 ////; 
ttag +44 ////; 
ttag +45 ////; 
ttag +46 ////; 
ttag +47 ////; 
ttag +48 ////; 
ttag +49 56/44/41/48/34; 
ttag +50 100/100/100/100/100; 
ttag +51 97/96/91/96/89; 
ttag +52 63/34/28/25/22; 
ttag +53 94/92/91/96/85; 
ttag +54 54/25/10/26/15; 
ttag +55 100/100/98/98/96; 
ttag +56 95/94/93/90/84; 
ttag +57 36/13/9/13/9; 
ttag +58 68/61/49/67/48; 
ttag +59 50/27/28/28/24; 
ttag +60 99/99/98/99/98; 
ttag +61 100/100/100/99/100; 
ttag +62 43/32/33/44/25; 
ttag +63 56/47/48/52/35; 
ttag +64 99/99/99/100/98; 
ttag +65 36/27/22/34/23; 
ttag +66 57/48/49/53/45; 
ttag +67 96/95/85/97/91; 
ttag +68 84/81/74/78/72; 
ttag +69 100/100/100/99/99; 
ttag +70 100/100/100/100/98; 
ttag +71 99/99/100/100/100; 
ttag +72 56/37/27/36/34; 
ttag +73 95/94/87/95/90; 
ttag +74 83/80/75/83/72; 
ttag +75 93/90/86/97/83; 
ttag +76 28/17/16/20/9; 
ttag +77 76/69/50/68/61; 
ttag +78 98/98/97/99/98; 
ttag +79 100/100/96/99/99; 
ttag +80 99/98/95/99/98; 
ttag +81 96/94/86/93/92; 
ttag +82 48/36/35/30/33; 
ttag +83 91/88/84/94/86; 
ttag +84 100/100/99/100/98; 
ttag +85 99/99/96/99/100; 
ttag +86 100/100/100/100/99; 
ttag +87 78/68/64/79/66; 
ttag +88 70/56/53/60/45; 
ttag +89 96/96/90/96/88; 
ttag +90 99/98/96/98/98; 
ttag +91 30/[4]/?/?/?; 
ttag +92 100/100/98/100/100; 
ttag +93 35/10/?/?/?; 
ttag +94 99/98/98/98/98; 
