tread
'Tree with tags' 
(0 ((((1 (13 14 ))((15 16 )(17 (18 (19 ((20 21 )((22 23 )(24 25 ))))))))((26 (27 (28 (29 30 ))))((39 (31 ((32 33 )((34 35 )(36 (37 38 ))))))((40 41 )(42 (43 (46 47 (44 45 ))))))))((2 3 )(((4 5 )(6 7 ))((8 9 )(10 (11 12 ))))))); 
ttag *!; 
ttag +49 1; 
ttag +50 1; 
ttag +51 1; 
ttag +52 ???; 
ttag +53 8; 
ttag +54 8; 
ttag +55 8; 
ttag +56 4; 
ttag +57 5; 
ttag +58 5; 
ttag +59 2; 
ttag +60 1; 
ttag +61 4; 
ttag +62 12; 
ttag +63 10; 
ttag +64 9; 
ttag +65 3; 
ttag +66 1; 
ttag +67 2; 
ttag +68 1; 
ttag +69 13; 
ttag +70 7; 
ttag +71 16; 
ttag +72 2; 
ttag +73 4; 
ttag +74 5; 
ttag +75 2; 
ttag +76 4; 
ttag +77 2; 
ttag +78 12; 
ttag +79 4; 
ttag +80 1; 
ttag +81 7; 
ttag +82 4; 
ttag +83 1; 
ttag +84 6; 
ttag +85 1; 
ttag +86 12; 
ttag +87 5; 
ttag +88 3; 
ttag +89 6; 
ttag +90 12; 
ttag +91 1; 
ttag +92 7; 
ttag +93 9; 
tread
'Tree with tags' 
(0 ((((1 (13 14 ))((15 16 )(17 (18 (19 ((20 21 )((22 23 )(24 25 ))))))))((26 (27 (28 (29 30 ))))((39 (31 ((32 33 )((34 35 )(36 (37 38 ))))))((40 41 )(42 (43 ((44 45 )(46 47 ))))))))((2 3 )(((4 5 )(6 7 ))((8 9 )(10 (11 12 ))))))); 
ttag *!; 
ttag +0 ////; 
ttag +1 ////; 
ttag +2 ////; 
ttag +3 ////; 
ttag +4 ////; 
ttag +5 ////; 
ttag +6 ////; 
ttag +7 ////; 
ttag +8 ////; 
ttag +9 ////; 
ttag +10 ////; 
ttag +11 ////; 
ttag +12 ////; 
ttag +13 ////; 
ttag +14 ////; 
ttag +15 ////; 
ttag +16 ////; 
ttag +17 ////; 
ttag +18 ////; 
ttag +19 ////; 
ttag +20 ////; 
ttag +21 ////; 
ttag +22 ////; 
ttag +23 ////; 
ttag +24 ////; 
ttag +25 ////; 
ttag +26 ////; 
ttag +27 ////; 
ttag +28 ////; 
ttag +29 ////; 
ttag +30 ////; 
ttag +31 ////; 
ttag +32 ////; 
ttag +33 ////; 
ttag +34 ////; 
ttag +35 ////; 
ttag +36 ////; 
ttag +37 ////; 
ttag +38 ////; 
ttag +39 ////; 
ttag +40 ////; 
ttag +41 ////; 
ttag +42 ////; 
ttag +43 ////; 
ttag +44 ////; 
ttag +45 ////; 
ttag +46 ////; 
ttag +47 ////; 
ttag +48 ////; 
ttag +49 19/6/?/8/3; 
ttag +50 26/19/9/15/16; 
ttag +51 20/11/2/14/?; 
ttag +52 100/100/100/100/100; 
ttag +53 99/99/99/100/100; 
ttag +54 98/96/90/97/93; 
ttag +55 99/98/97/99/98; 
ttag +56 89/86/79/89/82; 
ttag +57 97/96/93/95/88; 
ttag +58 97/97/93/99/95; 
ttag +59 59/51/50/56/47; 
ttag +60 50/32/26/39/26; 
ttag +61 92/89/84/91/78; 
ttag +62 100/100/100/100/99; 
ttag +63 100/100/99/100/98; 
ttag +64 100/100/100/100/99; 
ttag +65 77/73/50/60/56; 
ttag +66 37/18/6/23/13; 
ttag +67 74/62/49/64/56; 
ttag +68 62/45/49/51/42; 
ttag +69 100/100/100/100/100; 
ttag +70 96/96/92/98/96; 
ttag +71 100/100/100/100/100; 
ttag +72 72/57/36/51/41; 
ttag +73 94/92/88/96/85; 
ttag +74 99/99/97/99/97; 
ttag +75 66/56/47/58/43; 
ttag +76 94/93/79/92/81; 
ttag +77 64/44/42/62/36; 
ttag +78 100/100/98/100/98; 
ttag +79 86/83/63/78/70; 
ttag +80 26/1/?/?/5; 
ttag +81 99/99/97/99/96; 
ttag +82 97/95/89/97/92; 
ttag +83 62/37/16/30/24; 
ttag +84 100/100/100/99/99; 
ttag +85 39/[5]/?/?/?; 
ttag +86 100/100/100/100/100; 
ttag +87 98/98/92/93/95; 
ttag +88 94/92/89/94/88; 
ttag +89 96/94/90/94/83; 
ttag +90 100/100/100/100/99; 
ttag +91 46/14/5/23/22; 
ttag +92 100/100/96/100/96; 
ttag +93 100/100/97/100/98; 
ttag +94 35/2/?/?/?; 
