tread
'Tree with tags' 
(0 ((1 (13 14 )((17 (15 16 )(18 19 ((20 21 )((22 23 )(24 25 )))))((26 27 (28 (29 30 )))(39 (31 ((32 33 )((34 35 )(36 (37 38 )))))((40 41 )(42 43 ((44 45 )(46 47 ))))))))((2 3 )(((4 5 )(6 7 ))((8 9 )(10 (11 12 ))))))); 
ttag *!; 
ttag +49 1; 
ttag +50 ???; 
ttag +51 9; 
ttag +52 5; 
ttag +53 5; 
ttag +54 3; 
ttag +55 8; 
ttag +56 5; 
ttag +57 3; 
ttag +58 1; 
ttag +59 4; 
ttag +60 7; 
ttag +61 7; 
ttag +62 11; 
ttag +63 1; 
ttag +64 1; 
ttag +65 2; 
ttag +66 6; 
ttag +67 5; 
ttag +68 11; 
ttag +69 9; 
ttag +70 9; 
ttag +71 5; 
ttag +72 5; 
ttag +73 1; 
ttag +74 13; 
ttag +75 3; 
ttag +76 2; 
ttag +77 3; 
ttag +78 6; 
ttag +79 3; 
ttag +80 3; 
ttag +81 11; 
ttag +82 7; 
ttag +83 2; 
ttag +84 6; 
ttag +85 7; 
ttag +86 10; 
ttag +87 5; 
ttag +88 4; 
tread
'Tree with tags' 
(0 (((1 (13 14 ))(((15 16 )(17 (19 (18 ((20 21 )((22 23 )(24 25 )))))))(((26 27 )(28 (29 30 )))((31 ((32 33 )((34 35 )(36 (37 38 )))))(39 ((40 41 )(42 (43 ((44 45 )(46 47 ))))))))))((2 3 )(((4 5 )(6 7 ))((8 9 )(10 (11 12 ))))))); 
ttag *!; 
ttag +0 ////; 
ttag +1 ////; 
ttag +2 ////; 
ttag +3 ////; 
ttag +4 ////; 
ttag +5 ////; 
ttag +6 ////; 
ttag +7 ////; 
ttag +8 ////; 
ttag +9 ////; 
ttag +10 ////; 
ttag +11 ////; 
ttag +12 ////; 
ttag +13 ////; 
ttag +14 ////; 
ttag +15 ////; 
ttag +16 ////; 
ttag +17 ////; 
ttag +18 ////; 
ttag +19 ////; 
ttag +20 ////; 
ttag +21 ////; 
ttag +22 ////; 
ttag +23 ////; 
ttag +24 ////; 
ttag +25 ////; 
ttag +26 ////; 
ttag +27 ////; 
ttag +28 ////; 
ttag +29 ////; 
ttag +30 ////; 
ttag +31 ////; 
ttag +32 ////; 
ttag +33 ////; 
ttag +34 ////; 
ttag +35 ////; 
ttag +36 ////; 
ttag +37 ////; 
ttag +38 ////; 
ttag +39 ////; 
ttag +40 ////; 
ttag +41 ////; 
ttag +42 ////; 
ttag +43 ////; 
ttag +44 ////; 
ttag +45 ////; 
ttag +46 ////; 
ttag +47 ////; 
ttag +48 ////; 
ttag +49 28/[16]/?/?/?; 
ttag +50 60/38/25/33/24; 
ttag +51 100/100/100/100/100; 
ttag +52 100/100/99/99/98; 
ttag +53 98/98/92/98/93; 
ttag +54 97/96/94/94/92; 
ttag +55 97/96/88/92/87; 
ttag +56 99/98/96/98/95; 
ttag +57 97/96/95/99/96; 
ttag +58 70/61/47/68/58; 
ttag +59 44/20/23/28/26; 
ttag +60 90/88/78/89/75; 
ttag +61 100/100/98/99/98; 
ttag +62 99/99/98/99/97; 
ttag +63 100/100/100/100/100; 
ttag +64 72/64/54/56/59; 
ttag +65 71/62/48/63/53; 
ttag +66 33/2/3/4/6; 
ttag +67 13/[11]/?/?/?; 
ttag +68 92/91/78/87/80; 
ttag +69 100/100/100/100/100; 
ttag +70 98/98/95/98/93; 
ttag +71 100/100/100/100/100; 
ttag +72 100/100/99/100/98; 
ttag +73 100/100/99/100/99; 
ttag +74 22/[32]/?/?/?; 
ttag +75 99/99/94/95/94; 
ttag +76 96/95/97/97/96; 
ttag +77 48/31/37/33/25; 
ttag +78 100/100/100/100/100; 
ttag +79 93/91/85/95/91; 
ttag +80 71/62/55/60/52; 
ttag +81 92/92/86/84/82; 
ttag +82 99/99/98/99/96; 
ttag +83 96/96/98/93/94; 
ttag +84 90/87/84/84/80; 
ttag +85 100/100/100/100/100; 
ttag +86 99/99/96/98/96; 
ttag +87 49/32/33/26/29; 
ttag +88 79/73/56/62/59; 
ttag +89 94/92/89/95/82; 
ttag +90 99/98/98/99/98; 
ttag +91 36/8/10/13/19; 
ttag +92 100/100/100/100/100; 
ttag +93 97/96/93/95/87; 
ttag +94 96/96/90/98/94; 
