tread
'Tree with tags' 
(0 (1 ((((2 3 )((10 (9 (8 ((4 5 )(6 7 )))))(11 12 )))(13 14 ))((15 16 )(17 ((18 19 )((20 21 )((22 23 )(24 25 ))))))((26 (27 (28 (29 30 ))))((39 (31 ((32 33 )((34 35 )(36 (37 38 ))))))(40 (41 (42 (43 ((44 45 )(46 47 ))))))))))); 
ttag *!; 
ttag +49 ???; 
ttag +50 9; 
ttag +51 6; 
ttag +52 1; 
ttag +53 2; 
ttag +54 7; 
ttag +55 12; 
ttag +56 1; 
ttag +57 1; 
ttag +58 1; 
ttag +59 2; 
ttag +60 4; 
ttag +61 8; 
ttag +62 9; 
ttag +63 16; 
ttag +64 5; 
ttag +65 1; 
ttag +66 1; 
ttag +67 1; 
ttag +68 6; 
ttag +69 6; 
ttag +70 4; 
ttag +71 6; 
ttag +72 7; 
ttag +73 5; 
ttag +74 5; 
ttag +75 5; 
ttag +76 8; 
ttag +77 9; 
ttag +78 10; 
ttag +79 1; 
ttag +80 4; 
ttag +81 7; 
ttag +82 3; 
ttag +83 4; 
ttag +84 1; 
ttag +85 9; 
ttag +86 4; 
ttag +87 4; 
ttag +88 1; 
ttag +89 5; 
ttag +90 1; 
ttag +91 9; 
ttag +92 6; 
ttag +93 3; 
tread
'Tree with tags' 
(0 (1 (((((2 3 )((10 (9 (8 ((4 5 )(6 7 )))))(11 12 )))(13 14 ))((26 (27 (28 (29 30 ))))((39 (31 ((32 33 )((34 35 )(36 (37 38 ))))))(40 (41 (42 (43 ((44 45 )(46 47 )))))))))((15 16 )(17 ((18 19 )((20 21 )((22 23 )(24 25 ))))))))); 
ttag *!; 
ttag +0 ////; 
ttag +1 ////; 
ttag +2 ////; 
ttag +3 ////; 
ttag +4 ////; 
ttag +5 ////; 
ttag +6 ////; 
ttag +7 ////; 
ttag +8 ////; 
ttag +9 ////; 
ttag +10 ////; 
ttag +11 ////; 
ttag +12 ////; 
ttag +13 ////; 
ttag +14 ////; 
ttag +15 ////; 
ttag +16 ////; 
ttag +17 ////; 
ttag +18 ////; 
ttag +19 ////; 
ttag +20 ////; 
ttag +21 ////; 
ttag +22 ////; 
ttag +23 ////; 
ttag +24 ////; 
ttag +25 ////; 
ttag +26 ////; 
ttag +27 ////; 
ttag +28 ////; 
ttag +29 ////; 
ttag +30 ////; 
ttag +31 ////; 
ttag +32 ////; 
ttag +33 ////; 
ttag +34 ////; 
ttag +35 ////; 
ttag +36 ////; 
ttag +37 ////; 
ttag +38 ////; 
ttag +39 ////; 
ttag +40 ////; 
ttag +41 ////; 
ttag +42 ////; 
ttag +43 ////; 
ttag +44 ////; 
ttag +45 ////; 
ttag +46 ////; 
ttag +47 ////; 
ttag +48 ////; 
ttag +49 100/100/100/100/100; 
ttag +50 100/100/97/100/98; 
ttag +51 98/98/93/98/94; 
ttag +52 52/40/36/40/29; 
ttag +53 12/[9]/?/?/?; 
ttag +54 41/19/20/31/20; 
ttag +55 100/100/99/99/98; 
ttag +56 100/100/100/100/100; 
ttag +57 43/34/22/34/28; 
ttag +58 32/18/17/22/11; 
ttag +59 18/[8]/?/?/?; 
ttag +60 52/26/26/42/24; 
ttag +61 95/94/91/94/91; 
ttag +62 99/99/98/100/100; 
ttag +63 100/100/99/100/100; 
ttag +64 100/100/100/100/100; 
ttag +65 98/98/92/97/93; 
ttag +66 40/28/25/30/20; 
ttag +67 46/30/28/36/26; 
ttag +68 56/45/30/42/35; 
ttag +69 100/100/100/99/100; 
ttag +70 98/98/93/96/92; 
ttag +71 93/92/86/94/87; 
ttag +72 96/95/92/96/92; 
ttag +73 98/98/96/98/96; 
ttag +74 92/91/87/89/82; 
ttag +75 96/94/81/92/82; 
ttag +76 95/94/81/93/90; 
ttag +77 100/100/100/100/98; 
ttag +78 100/100/99/100/99; 
ttag +79 100/100/99/99/100; 
ttag +80 38/30/34/29/22; 
ttag +81 94/93/86/94/86; 
ttag +82 100/100/100/99/100; 
ttag +83 84/80/65/85/73; 
ttag +84 92/91/89/93/91; 
ttag +85 55/32/32/40/26; 
ttag +86 100/100/99/100/100; 
ttag +87 95/94/88/96/92; 
ttag +88 86/84/68/88/74; 
ttag +89 52/29/9/35/23; 
ttag +90 93/92/80/90/78; 
ttag +91 43/28/6/27/20; 
ttag +92 99/99/96/98/98; 
ttag +93 93/90/82/96/86; 
ttag +94 84/83/76/87/75; 
