tread
'Tree with tags' 
(0 ((1 ((2 3 )((8 (9 (6 (7 (4 5 )))))(10 (11 12 )))))((13 14 )(17 ((15 16 )(18 (19 ((20 21 )((22 23 )(24 25 )))))))((26 (27 (28 (29 30 ))))((39 (31 ((32 33 )((34 35 )(36 (37 38 ))))))((40 41 )(42 (43 (44 45 )(46 47 ))))))))); 
ttag *!; 
ttag +49 2; 
ttag +50 ???; 
ttag +51 5; 
ttag +52 3; 
ttag +53 5; 
ttag +54 1; 
ttag +55 8; 
ttag +56 1; 
ttag +57 1; 
ttag +58 5; 
ttag +59 3; 
ttag +60 7; 
ttag +61 7; 
ttag +62 1; 
ttag +63 13; 
ttag +64 1; 
ttag +65 4; 
ttag +66 5; 
ttag +67 6; 
ttag +68 6; 
ttag +69 7; 
ttag +70 8; 
ttag +71 9; 
ttag +72 1; 
ttag +73 4; 
ttag +74 4; 
ttag +75 4; 
ttag +76 3; 
ttag +77 8; 
ttag +78 1; 
ttag +79 2; 
ttag +80 4; 
ttag +81 2; 
ttag +82 11; 
ttag +83 3; 
ttag +84 1; 
ttag +85 8; 
ttag +86 10; 
ttag +87 1; 
ttag +88 9; 
ttag +89 9; 
ttag +90 2; 
ttag +91 6; 
ttag +92 4; 
tread
'Tree with tags' 
(0 ((1 ((2 3 )((8 (9 (6 (7 (4 5 )))))(10 (11 12 )))))(((13 14 )(17 ((15 16 )(18 (19 ((20 21 )((22 23 )(24 25 ))))))))((26 (27 (28 (29 30 ))))((39 (31 ((32 33 )((34 35 )(36 (37 38 ))))))((40 41 )(42 ((43 (44 45 ))(46 47 ))))))))); 
ttag *!; 
ttag +0 ////; 
ttag +1 ////; 
ttag +2 ////; 
ttag +3 ////; 
ttag +4 ////; 
ttag +5 ////; 
ttag +6 ////; 
ttag +7 ////; 
ttag +8 ////; 
ttag +9 ////; 
ttag +10 ////; 
ttag +11 ////; 
ttag +12 ////; 
ttag +13 ////; 
ttag +14 ////; 
ttag +15 ////; 
ttag +16 ////; 
ttag +17 ////; 
ttag +18 ////; 
ttag +19 ////; 
ttag +20 ////; 
ttag +21 ////; 
ttag +22 ////; 
ttag +23 ////; 
ttag +24 ////; 
ttag +25 ////; 
ttag +26 ////; 
ttag +27 ////; 
ttag +28 ////; 
ttag +29 ////; 
ttag +30 ////; 
ttag +31 ////; 
ttag +32 ////; 
ttag +33 ////; 
ttag +34 ////; 
ttag +35 ////; 
ttag +36 ////; 
ttag +37 ////; 
ttag +38 ////; 
ttag +39 ////; 
ttag +40 ////; 
ttag +41 ////; 
ttag +42 ////; 
ttag +43 ////; 
ttag +44 ////; 
ttag +45 ////; 
ttag +46 ////; 
ttag +47 ////; 
ttag +48 ////; 
ttag +49 48/22/17/24/20; 
ttag +50 100/100/100/100/100; 
ttag +51 98/98/93/97/94; 
ttag +52 87/84/73/82/81; 
ttag +53 92/90/89/92/88; 
ttag +54 36/[2]/?/1/0; 
ttag +55 99/99/97/99/98; 
ttag +56 30/8/6/10/18; 
ttag +57 14/[8]/?/?/?; 
ttag +58 98/98/94/98/97; 
ttag +59 87/83/78/84/77; 
ttag +60 100/100/99/99/97; 
ttag +61 99/99/99/100/99; 
ttag +62 26/[4]/0/?/?; 
ttag +63 39/17/22/21/18; 
ttag +64 100/100/100/100/100; 
ttag +65 56/46/36/46/38; 
ttag +66 88/84/79/89/72; 
ttag +67 94/94/88/93/88; 
ttag +68 96/94/91/98/89; 
ttag +69 100/100/99/100/100; 
ttag +70 99/99/99/99/98; 
ttag +71 100/100/99/100/100; 
ttag +72 99/99/99/100/100; 
ttag +73 60/36/25/34/19; 
ttag +74 96/94/93/96/94; 
ttag +75 92/90/82/92/83; 
ttag +76 94/93/91/92/87; 
ttag +77 96/96/96/93/94; 
ttag +78 100/100/99/100/99; 
ttag +79 70/63/60/61/59; 
ttag +80 80/77/62/70/68; 
ttag +81 96/95/90/96/94; 
ttag +82 77/61/62/63/55; 
ttag +83 99/99/96/99/99; 
ttag +84 90/86/85/90/82; 
ttag +85 36/15/17/20/14; 
ttag +86 99/98/98/99/99; 
ttag +87 100/100/99/100/99; 
ttag +88 59/37/36/43/36; 
ttag +89 99/98/98/99/97; 
ttag +90 100/100/100/100/98; 
ttag +91 18/1/1/?/1; 
ttag +92 78/72/66/70/64; 
ttag +93 99/98/95/99/94; 
ttag +94 92/90/89/90/83; 
