tread
'Tree with tags' 
(0 (1 ((2 3 )((4 5 )(6 7 ))(8 9 (10 (11 12 ))))((13 14 )(17 (15 16 )(18 (19 ((20 21 )((22 23 )(24 25 ))))))((26 (27 (28 (29 30 ))))((31 ((32 33 )((34 35 )(36 (37 38 )))))(39 ((40 41 )((42 43 )((44 45 )(46 47 )))))))))); 
ttag *!; 
ttag +49 ???; 
ttag +50 9; 
ttag +51 8; 
ttag +52 2; 
ttag +53 4; 
ttag +54 5; 
ttag +55 1; 
ttag +56 6; 
ttag +57 7; 
ttag +58 7; 
ttag +59 1; 
ttag +60 9; 
ttag +61 4; 
ttag +62 4; 
ttag +63 3; 
ttag +64 9; 
ttag +65 5; 
ttag +66 11; 
ttag +67 3; 
ttag +68 2; 
ttag +69 8; 
ttag +70 6; 
ttag +71 2; 
ttag +72 4; 
ttag +73 6; 
ttag +74 16; 
ttag +75 3; 
ttag +76 5; 
ttag +77 10; 
ttag +78 3; 
ttag +79 3; 
ttag +80 7; 
ttag +81 5; 
ttag +82 1; 
ttag +83 1; 
ttag +84 4; 
ttag +85 2; 
ttag +86 6; 
ttag +87 2; 
ttag +88 7; 
ttag +89 3; 
tread
'Tree with tags' 
(0 ((1 (((13 14 )((17 (15 16 ))(18 (19 ((20 21 )((22 23 )(24 25 )))))))((26 (27 (28 (29 30 ))))((31 ((32 33 )((34 35 )(36 (37 38 )))))(39 ((40 41 )((42 43 )((44 45 )(46 47 )))))))))(((2 3 )((8 9 )(10 (11 12 ))))((4 5 )(6 7 ))))); 
ttag *!; 
ttag +0 ////; 
ttag +1 ////; 
ttag +2 ////; 
ttag +3 ////; 
ttag +4 ////; 
ttag +5 ////; 
ttag +6 ////; 
ttag +7 ////; 
ttag +8 ////; 
ttag +9 ////; 
ttag +10 ////; 
ttag +11 ////; 
ttag +12 ////; 
ttag +13 ////; 
ttag +14 ////; 
ttag +15 ////; 
ttag +16 ////; 
ttag +17 ////; 
ttag +18 ////; 
ttag +19 ////; 
ttag +20 ////; 
ttag +21 ////; 
ttag +22 ////; 
ttag +23 ////; 
ttag +24 ////; 
ttag +25 ////; 
ttag +26 ////; 
ttag +27 ////; 
ttag +28 ////; 
ttag +29 ////; 
ttag +30 ////; 
ttag +31 ////; 
ttag +32 ////; 
ttag +33 ////; 
ttag +34 ////; 
ttag +35 ////; 
ttag +36 ////; 
ttag +37 ////; 
ttag +38 ////; 
ttag +39 ////; 
ttag +40 ////; 
ttag +41 ////; 
ttag +42 ////; 
ttag +43 ////; 
ttag +44 ////; 
ttag +45 ////; 
ttag +46 ////; 
ttag +47 ////; 
ttag +48 ////; 
ttag +49 21/[5]/?/?/?; 
ttag +50 100/100/100/100/100; 
ttag +51 100/100/99/100/98; 
ttag +52 29/[5]/?/?/?; 
ttag +53 99/99/96/99/98; 
ttag +54 80/73/55/69/58; 
ttag +55 96/95/90/94/87; 
ttag +56 99/99/93/96/94; 
ttag +57 14/[8]/?/?/?; 
ttag +58 66/59/42/63/55; 
ttag +59 94/92/86/97/87; 
ttag +60 99/99/96/100/98; 
ttag +61 100/100/100/99/100; 
ttag +62 22/3/7/1/?; 
ttag +63 53/34/33/39/21; 
ttag +64 100/100/100/100/100; 
ttag +65 45/13/6/21/8; 
ttag +66 92/90/87/93/84; 
ttag +67 94/94/82/90/86; 
ttag +68 94/93/82/88/80; 
ttag +69 100/100/99/100/100; 
ttag +70 98/97/89/95/90; 
ttag +71 100/100/99/100/98; 
ttag +72 84/79/67/86/66; 
ttag +73 71/66/60/66/59; 
ttag +74 99/99/96/98/96; 
ttag +75 91/90/77/93/74; 
ttag +76 71/63/49/70/50; 
ttag +77 97/97/90/95/92; 
ttag +78 97/96/96/98/94; 
ttag +79 100/100/100/100/100; 
ttag +80 92/92/86/96/85; 
ttag +81 99/99/97/99/100; 
ttag +82 100/100/99/100/97; 
ttag +83 88/84/74/85/70; 
ttag +84 94/94/95/96/91; 
ttag +85 98/98/98/99/97; 
ttag +86 98/97/92/96/93; 
ttag +87 61/45/43/62/53; 
ttag +88 55/27/37/41/30; 
ttag +89 84/78/74/90/80; 
ttag +90 71/64/53/70/57; 
ttag +91 98/97/94/98/91; 
ttag +92 74/65/56/67/59; 
ttag +93 95/94/91/96/92; 
ttag +94 86/79/73/85/73; 
