tread
'Tree with tags' 
(0 ((1 ((13 14 )(17 ((15 16 )(18 (19 ((20 21 )((22 23 )(24 25 )))))))))(((2 3 )(((4 5 )(6 7 ))(8 9 (10 (11 12 )))))((26 (27 (28 (29 30 ))))(31 39 (((32 33 )(34 35 ))(36 (37 38 )))((40 41 )(42 (43 ((44 45 )(46 47 )))))))))); 
ttag *!; 
ttag +49 1; 
ttag +50 ???; 
ttag +51 8; 
ttag +52 8; 
ttag +53 1; 
ttag +54 7; 
ttag +55 4; 
ttag +56 1; 
ttag +57 1; 
ttag +58 1; 
ttag +59 7; 
ttag +60 4; 
ttag +61 12; 
ttag +62 1; 
ttag +63 13; 
ttag +64 1; 
ttag +65 3; 
ttag +66 5; 
ttag +67 3; 
ttag +68 9; 
ttag +69 4; 
ttag +70 10; 
ttag +71 6; 
ttag +72 5; 
ttag +73 5; 
ttag +74 5; 
ttag +75 4; 
ttag +76 4; 
ttag +77 10; 
ttag +78 7; 
ttag +79 8; 
ttag +80 1; 
ttag +81 3; 
ttag +82 5; 
ttag +83 12; 
ttag +84 5; 
ttag +85 3; 
ttag +86 2; 
ttag +87 9; 
ttag +88 3; 
ttag +89 9; 
ttag +90 3; 
ttag +91 4; 
tread
'Tree with tags' 
(0 ((1 ((13 14 )(17 ((15 16 )(18 (19 ((20 21 )((22 23 )(24 25 )))))))))(((2 3 )(((4 5 )(6 7 ))(8 (9 (10 (11 12 ))))))((26 (27 (28 (29 30 ))))(31 (39 ((((32 33 )(34 35 ))(36 (37 38 )))((40 41 )(42 (43 ((44 45 )(46 47 )))))))))))); 
ttag *!; 
ttag +0 ////; 
ttag +1 ////; 
ttag +2 ////; 
ttag +3 ////; 
ttag +4 ////; 
ttag +5 ////; 
ttag +6 ////; 
ttag +7 ////; 
ttag +8 ////; 
ttag +9 ////; 
ttag +10 ////; 
ttag +11 ////; 
ttag +12 ////; 
ttag +13 ////; 
ttag +14 ////; 
ttag +15 ////; 
ttag +16 ////; 
ttag +17 ////; 
ttag +18 ////; 
ttag +19 ////; 
ttag +20 ////; 
ttag +21 ////; 
ttag +22 ////; 
ttag +23 ////; 
ttag +24 ////; 
ttag +25 ////; 
ttag +26 ////; 
ttag +27 ////; 
ttag +28 ////; 
ttag +29 ////; 
ttag +30 ////; 
ttag +31 ////; 
ttag +32 ////; 
ttag +33 ////; 
ttag +34 ////; 
ttag +35 ////; 
ttag +36 ////; 
ttag +37 ////; 
ttag +38 ////; 
ttag +39 ////; 
ttag +40 ////; 
ttag +41 ////; 
ttag +42 ////; 
ttag +43 ////; 
ttag +44 ////; 
ttag +45 ////; 
ttag +46 ////; 
ttag +47 ////; 
ttag +48 ////; 
ttag +49 11/[21]/?/?/?; 
ttag +50 100/100/100/100/100; 
ttag +51 99/99/98/100/100; 
ttag +52 100/100/95/100/96; 
ttag +53 14/[19]/?/?/?; 
ttag +54 100/100/95/98/98; 
ttag +55 94/93/84/94/86; 
ttag +56 42/22/19/19/16; 
ttag +57 54/23/13/12/16; 
ttag +58 48/34/30/33/30; 
ttag +59 24/[18]/?/?/?; 
ttag +60 98/98/91/97/90; 
ttag +61 98/97/90/96/94; 
ttag +62 100/100/100/100/100; 
ttag +63 43/28/38/34/27; 
ttag +64 100/100/100/100/99; 
ttag +65 52/29/17/24/14; 
ttag +66 86/79/72/76/66; 
ttag +67 94/91/85/90/85; 
ttag +68 86/83/74/84/76; 
ttag +69 100/100/100/99/100; 
ttag +70 92/88/83/90/82; 
ttag +71 100/100/98/99/99; 
ttag +72 99/99/96/99/96; 
ttag +73 96/95/92/98/95; 
ttag +74 97/96/93/97/92; 
ttag +75 95/93/82/93/84; 
ttag +76 96/94/85/94/87; 
ttag +77 98/98/90/99/93; 
ttag +78 99/99/100/100/98; 
ttag +79 99/99/99/100/97; 
ttag +80 99/99/99/100/100; 
ttag +81 59/50/43/53/45; 
ttag +82 90/87/80/87/77; 
ttag +83 22/[42]/?/?/?; 
ttag +84 18/[46]/?/?/?; 
ttag +85 99/99/98/98/98; 
ttag +86 100/100/100/100/100; 
ttag +87 99/99/97/99/97; 
ttag +88 97/97/95/96/93; 
ttag +89 76/66/62/64/56; 
ttag +90 98/98/96/99/95; 
ttag +91 84/76/66/86/65; 
ttag +92 99/99/100/99/99; 
ttag +93 81/77/66/76/66; 
ttag +94 92/90/90/93/91; 
