tread
'Tree with tags' 
(0 ((1 ((2 3 )(((4 5 )(6 7 ))(8 9 (10 (11 12 ))))))(((13 14 )((26 (27 (28 (29 30 ))))((31 ((32 33 )(34 35 )(36 (37 38 ))))(39 (40 41 (42 (43 (44 45 )(46 47 ))))))))((15 16 )(17 (19 (18 ((20 21 )((22 23 )(24 25 )))))))))); 
ttag *!; 
ttag +49 1; 
ttag +50 ???; 
ttag +51 6; 
ttag +52 2; 
ttag +53 3; 
ttag +54 7; 
ttag +55 3; 
ttag +56 4; 
ttag +57 1; 
ttag +58 7; 
ttag +59 8; 
ttag +60 7; 
ttag +61 1; 
ttag +62 2; 
ttag +63 12; 
ttag +64 5; 
ttag +65 2; 
ttag +66 1; 
ttag +67 3; 
ttag +68 6; 
ttag +69 8; 
ttag +70 8; 
ttag +71 6; 
ttag +72 3; 
ttag +73 11; 
ttag +74 5; 
ttag +75 5; 
ttag +76 3; 
ttag +77 10; 
ttag +78 5; 
ttag +79 5; 
ttag +80 4; 
ttag +81 6; 
ttag +82 5; 
ttag +83 8; 
ttag +84 7; 
ttag +85 2; 
ttag +86 8; 
ttag +87 12; 
ttag +88 6; 
ttag +89 3; 
ttag +90 2; 
tread
'Tree with tags' 
(0 ((1 ((2 3 )(((4 5 )(6 7 ))(9 (8 (10 (11 12 )))))))(((13 14 )((26 (27 (28 (29 30 ))))((31 (((32 33 )(36 (37 38 )))(34 35 )))(39 (40 (41 (42 (43 ((44 45 )(46 47 ))))))))))((15 16 )(17 (19 (18 ((20 21 )((22 23 )(24 25 )))))))))); 
ttag *!; 
ttag +0 ////; 
ttag +1 ////; 
ttag +2 ////; 
ttag +3 ////; 
ttag +4 ////; 
ttag +5 ////; 
ttag +6 ////; 
ttag +7 ////; 
ttag +8 ////; 
ttag +9 ////; 
ttag +10 ////; 
ttag +11 ////; 
ttag +12 ////; 
ttag +13 ////; 
ttag +14 ////; 
ttag +15 ////; 
ttag +16 ////; 
ttag +17 ////; 
ttag +18 ////; 
ttag +19 ////; 
ttag +20 ////; 
ttag +21 ////; 
ttag +22 ////; 
ttag +23 ////; 
ttag +24 ////; 
ttag +25 ////; 
ttag +26 ////; 
ttag +27 ////; 
ttag +28 ////; 
ttag +29 ////; 
ttag +30 ////; 
ttag +31 ////; 
ttag +32 ////; 
ttag +33 ////; 
ttag +34 ////; 
ttag +35 ////; 
ttag +36 ////; 
ttag +37 ////; 
ttag +38 ////; 
ttag +39 ////; 
ttag +40 ////; 
ttag +41 ////; 
ttag +42 ////; 
ttag +43 ////; 
ttag +44 ////; 
ttag +45 ////; 
ttag +46 ////; 
ttag +47 ////; 
ttag +48 ////; 
ttag +49 34/15/11/24/8; 
ttag +50 100/100/100/100/100; 
ttag +51 98/97/94/97/94; 
ttag +52 63/59/47/62/44; 
ttag +53 83/78/74/80/71; 
ttag +54 98/98/97/99/95; 
ttag +55 76/68/57/64/50; 
ttag +56 94/94/85/92/91; 
ttag +57 24/[22]/?/?/?; 
ttag +58 67/53/46/36/38; 
ttag +59 98/98/90/99/91; 
ttag +60 100/100/99/100/100; 
ttag +61 100/100/94/99/98; 
ttag +62 36/28/19/29/19; 
ttag +63 50/40/30/46/21; 
ttag +64 100/100/100/100/100; 
ttag +65 84/80/71/85/66; 
ttag +66 68/59/58/52/47; 
ttag +67 46/33/32/36/33; 
ttag +68 78/66/55/74/57; 
ttag +69 99/99/100/100/99; 
ttag +70 99/99/94/99/92; 
ttag +71 100/100/98/100/98; 
ttag +72 98/98/89/98/91; 
ttag +73 88/84/70/81/76; 
ttag +74 100/100/99/100/98; 
ttag +75 88/86/73/91/77; 
ttag +76 97/97/91/98/91; 
ttag +77 93/92/88/95/90; 
ttag +78 100/100/100/100/100; 
ttag +79 96/95/94/95/90; 
ttag +80 96/96/90/97/84; 
ttag +81 98/98/97/96/95; 
ttag +82 27/[5]/1/?/?; 
ttag +83 98/97/98/100/96; 
ttag +84 97/97/92/99/94; 
ttag +85 100/100/99/99/99; 
ttag +86 99/99/97/100/99; 
ttag +87 75/66/55/77/54; 
ttag +88 98/97/91/98/91; 
ttag +89 29/[17]/?/?/?; 
ttag +90 100/100/100/100/100; 
ttag +91 99/99/96/99/95; 
ttag +92 86/81/67/81/69; 
ttag +93 60/33/44/31/32; 
ttag +94 86/78/70/84/74; 
