tread
'Tree with tags' 
(0 ((1 (((2 3 )(8 9 (6 7 (4 5 ))(10 (11 12 ))))(13 14 )))((17 (15 16 )(19 (18 ((20 21 )(24 25 (22 23 ))))))((26 (27 (28 (29 30 ))))(39 (31 ((32 33 )((34 35 )(36 (37 38 )))))((40 41 )(42 (43 ((44 45 )(46 47 )))))))))); 
ttag *!; 
ttag +49 1; 
ttag +50 ???; 
ttag +51 10; 
ttag +52 4; 
ttag +53 1; 
ttag +54 10; 
ttag +55 4; 
ttag +56 6; 
ttag +57 3; 
ttag +58 6; 
ttag +59 10; 
ttag +60 7; 
ttag +61 3; 
ttag +62 2; 
ttag +63 1; 
ttag +64 9; 
ttag +65 4; 
ttag +66 2; 
ttag +67 6; 
ttag +68 4; 
ttag +69 7; 
ttag +70 4; 
ttag +71 3; 
ttag +72 4; 
ttag +73 10; 
ttag +74 7; 
ttag +75 4; 
ttag +76 2; 
ttag +77 4; 
ttag +78 3; 
ttag +79 1; 
ttag +80 15; 
ttag +81 6; 
ttag +82 5; 
ttag +83 5; 
ttag +84 9; 
ttag +85 6; 
ttag +86 7; 
ttag +87 5; 
ttag +88 7; 
tread
'Tree with tags' 
(0 ((1 (((2 3 )((((4 5 )(6 7 ))(10 (11 12 )))(8 9 )))(13 14 )))(((17 (15 16 ))(19 (18 ((20 21 )(25 (24 (22 23 )))))))((26 (27 (28 (29 30 ))))((39 (31 ((32 33 )((34 35 )(36 (37 38 ))))))((40 41 )(42 (43 ((44 45 )(46 47 )))))))))); 
ttag *!; 
ttag +0 ////; 
ttag +1 ////; 
ttag +2 ////; 
ttag +3 ////; 
ttag +4 ////; 
ttag +5 ////; 
ttag +6 ////; 
ttag +7 ////; 
ttag +8 ////; 
ttag +9 ////; 
ttag +10 ////; 
ttag +11 ////; 
ttag +12 ////; 
ttag +13 ////; 
ttag +14 ////; 
ttag +15 ////; 
ttag +16 ////; 
ttag +17 ////; 
ttag +18 ////; 
ttag +19 ////; 
ttag +20 ////; 
ttag +21 ////; 
ttag +22 ////; 
ttag +23 ////; 
ttag +24 ////; 
ttag +25 ////; 
ttag +26 ////; 
ttag +27 ////; 
ttag +28 ////; 
ttag +29 ////; 
ttag +30 ////; 
ttag +31 ////; 
ttag +32 ////; 
ttag +33 ////; 
ttag +34 ////; 
ttag +35 ////; 
ttag +36 ////; 
ttag +37 ////; 
ttag +38 ////; 
ttag +39 ////; 
ttag +40 ////; 
ttag +41 ////; 
ttag +42 ////; 
ttag +43 ////; 
ttag +44 ////; 
ttag +45 ////; 
ttag +46 ////; 
ttag +47 ////; 
ttag +48 ////; 
ttag +49 63/56/28/60/37; 
ttag +50 100/100/100/100/100; 
ttag +51 100/100/100/100/100; 
ttag +52 91/88/68/87/70; 
ttag +53 67/59/48/56/44; 
ttag +54 100/100/100/100/100; 
ttag +55 92/92/88/94/87; 
ttag +56 23/6/6/8/2; 
ttag +57 92/89/88/92/84; 
ttag +58 28/[6]/?/0/?; 
ttag +59 29/[1]/?/?/?; 
ttag +60 92/92/87/91/85; 
ttag +61 99/99/100/100/100; 
ttag +62 100/100/100/100/100; 
ttag +63 98/98/98/99/98; 
ttag +64 48/22/1/19/17; 
ttag +65 81/77/60/75/61; 
ttag +66 60/50/35/54/36; 
ttag +67 47/31/32/37/33; 
ttag +68 99/98/97/99/95; 
ttag +69 96/94/90/97/91; 
ttag +70 85/81/76/77/74; 
ttag +71 97/96/95/97/94; 
ttag +72 39/[6]/?/?/?; 
ttag +73 88/80/76/87/69; 
ttag +74 98/98/98/100/98; 
ttag +75 88/81/74/79/60; 
ttag +76 95/94/88/91/87; 
ttag +77 98/97/94/98/92; 
ttag +78 100/100/98/100/98; 
ttag +79 99/98/94/98/93; 
ttag +80 14/[33]/?/?/?; 
ttag +81 89/85/67/86/71; 
ttag +82 80/70/72/71/70; 
ttag +83 97/96/93/97/93; 
ttag +84 92/91/86/90/89; 
ttag +85 44/30/26/33/25; 
ttag +86 100/100/100/100/100; 
ttag +87 98/97/90/97/94; 
ttag +88 96/95/94/96/92; 
ttag +89 95/95/89/97/89; 
ttag +90 100/100/98/100/99; 
ttag +91 98/98/94/99/96; 
ttag +92 99/99/98/100/97; 
ttag +93 95/92/92/96/82; 
ttag +94 100/100/100/100/99; 
