tread
'Tree with tags' 
(0 (1 (((2 3 )(((4 5 )(6 7 ))(8 9 (10 (11 12 )))))(15 16 )(17 (18 19 ((20 21 )((22 23 )(24 25 ))))))(13 14 )((26 27 (28 (29 30 )))(39 40 41 (31 (((32 33 )(36 (37 38 )))(34 35 )))(42 (43 (46 47 (44 45 )))))))); 
ttag *!; 
ttag +49 ???; 
ttag +50 9; 
ttag +51 7; 
ttag +52 1; 
ttag +53 8; 
ttag +54 5; 
ttag +55 8; 
ttag +56 5; 
ttag +57 2; 
ttag +58 8; 
ttag +59 7; 
ttag +60 10; 
ttag +61 9; 
ttag +62 3; 
ttag +63 3; 
ttag +64 9; 
ttag +65 5; 
ttag +66 7; 
ttag +67 3; 
ttag +68 1; 
ttag +69 6; 
ttag +70 4; 
ttag +71 10; 
ttag +72 7; 
ttag +73 7; 
ttag +74 7; 
ttag +75 10; 
ttag +76 2; 
ttag +77 3; 
ttag +78 5; 
ttag +79 2; 
ttag +80 9; 
ttag +81 6; 
ttag +82 1; 
ttag +83 4; 
ttag +84 3; 
tread
'Tree with tags' 
(0 ((1 (13 14 ))(((((2 3 )(((4 5 )(6 7 ))((8 9 )(10 (11 12 )))))(15 16 ))(17 (18 (19 ((20 21 )((22 23 )(24 25 )))))))((27 (26 (28 (29 30 ))))((39 (31 (((32 33 )(36 (37 38 )))(34 35 ))))((40 41 )(42 (43 (46 (47 (44 45 ))))))))))); 
ttag *!; 
ttag +0 ////; 
ttag +1 ////; 
ttag +2 ////; 
ttag +3 ////; 
ttag +4 ////; 
ttag +5 ////; 
ttag +6 ////; 
ttag +7 ////; 
ttag +8 ////; 
ttag +9 ////; 
ttag +10 ////; 
ttag +11 ////; 
ttag +12 ////; 
ttag +13 ////; 
ttag +14 ////; 
ttag +15 ////; 
ttag +16 ////; 
ttag +17 ////; 
ttag +18 ////; 
ttag +19 ////; 
ttag +20 ////; 
ttag +21 ////; 
ttag +22 ////; 
ttag +23 ////; 
ttag +24 ////; 
ttag +25 ////; 
ttag +26 ////; 
ttag +27 ////; 
ttag +28 ////; 
ttag +29 ////; 
ttag +30 ////; 
ttag +31 ////; 
ttag +32 ////; 
ttag +33 ////; 
ttag +34 ////; 
ttag +35 ////; 
ttag +36 ////; 
ttag +37 ////; 
ttag +38 ////; 
ttag +39 ////; 
ttag +40 ////; 
ttag +41 ////; 
ttag +42 ////; 
ttag +43 ////; 
ttag +44 ////; 
ttag +45 ////; 
ttag +46 ////; 
ttag +47 ////; 
ttag +48 ////; 
ttag +49 15/[3]/?/?/?; 
ttag +50 100/100/100/100/100; 
ttag +51 100/100/100/100/99; 
ttag +52 98/97/88/97/83; 
ttag +53 40/7/?/3/?; 
ttag +54 47/32/22/30/19; 
ttag +55 17/[21]/?/?/?; 
ttag +56 99/99/96/100/99; 
ttag +57 98/98/90/98/89; 
ttag +58 99/99/97/100/94; 
ttag +59 99/99/97/97/96; 
ttag +60 42/18/11/12/0; 
ttag +61 71/62/48/66/57; 
ttag +62 99/98/99/99/97; 
ttag +63 99/99/99/100/99; 
ttag +64 100/100/99/100/98; 
ttag +65 100/100/100/100/99; 
ttag +66 94/94/88/94/86; 
ttag +67 97/96/92/96/89; 
ttag +68 32/1/?/0/?; 
ttag +69 100/100/100/100/99; 
ttag +70 97/96/93/96/92; 
ttag +71 99/99/97/98/96; 
ttag +72 97/97/97/95/95; 
ttag +73 58/38/38/37/37; 
ttag +74 17/[40]/?/?/?; 
ttag +75 98/98/92/99/90; 
ttag +76 94/94/77/90/84; 
ttag +77 99/98/96/100/94; 
ttag +78 99/99/98/99/99; 
ttag +79 98/97/94/98/94; 
ttag +80 40/11/7/18/18; 
ttag +81 100/100/98/99/96; 
ttag +82 100/100/100/99/100; 
ttag +83 68/61/58/60/47; 
ttag +84 84/80/74/79/72; 
ttag +85 99/99/98/99/98; 
ttag +86 67/49/49/51/39; 
ttag +87 100/100/98/100/96; 
ttag +88 64/51/53/52/54; 
ttag +89 61/46/39/44/37; 
ttag +90 98/98/92/98/95; 
ttag +91 76/68/60/66/59; 
ttag +92 96/94/85/94/90; 
ttag +93 28/[23]/?/?/?; 
ttag +94 86/79/79/85/76; 
