tread
'Tree with tags' 
(0 (((1 (13 14 ))(((15 16 )(17 ((18 19 )((20 21 )((22 23 )(24 25 ))))))((26 (27 (28 (29 30 ))))((39 (31 ((32 33 )(34 35 )(36 (37 38 )))))((40 41 )(42 (43 ((44 45 )(46 47 )))))))))((2 3 )((6 7 (4 5 ))(9 (8 (10 (11 12 )))))))); 
ttag *!; 
ttag +49 2; 
ttag +50 2; 
ttag +51 ???; 
ttag +52 7; 
ttag +53 9; 
ttag +54 7; 
ttag +55 6; 
ttag +56 6; 
ttag +57 1; 
ttag +58 5; 
ttag +59 12; 
ttag +60 11; 
ttag +61 11; 
ttag +62 16; 
ttag +63 6; 
ttag +64 1; 
ttag +65 1; 
ttag +66 1; 
ttag +67 1; 
ttag +68 3; 
ttag +69 8; 
ttag +70 12; 
ttag +71 3; 
ttag +72 5; 
ttag +73 6; 
ttag +74 7; 
ttag +75 2; 
ttag +76 5; 
ttag +77 5; 
ttag +78 4; 
ttag +79 2; 
ttag +80 3; 
ttag +81 8; 
ttag +82 9; 
ttag +83 6; 
ttag +84 4; 
ttag +85 10; 
ttag +86 2; 
ttag +87 8; 
ttag +88 7; 
ttag +89 1; 
ttag +90 7; 
ttag +91 6; 
ttag +92 1; 
tread
'Tree with tags' 
(0 (((1 (13 14 ))(((15 16 )(17 ((18 19 )((20 21 )((22 23 )(24 25 ))))))((26 (27 (28 (29 30 ))))((39 (31 (((32 33 )(36 (37 38 )))(34 35 ))))((40 41 )(42 (43 ((44 45 )(46 47 )))))))))((2 3 )((7 (6 (4 5 )))(9 (8 (10 (11 12 )))))))); 
ttag *!; 
ttag +0 ////; 
ttag +1 ////; 
ttag +2 ////; 
ttag +3 ////; 
ttag +4 ////; 
ttag +5 ////; 
ttag +6 ////; 
ttag +7 ////; 
ttag +8 ////; 
ttag +9 ////; 
ttag +10 ////; 
ttag +11 ////; 
ttag +12 ////; 
ttag +13 ////; 
ttag +14 ////; 
ttag +15 ////; 
ttag +16 ////; 
ttag +17 ////; 
ttag +18 ////; 
ttag +19 ////; 
ttag +20 ////; 
ttag +21 ////; 
ttag +22 ////; 
ttag +23 ////; 
ttag +24 ////; 
ttag +25 ////; 
ttag +26 ////; 
ttag +27 ////; 
ttag +28 ////; 
ttag +29 ////; 
ttag +30 ////; 
ttag +31 ////; 
ttag +32 ////; 
ttag +33 ////; 
ttag +34 ////; 
ttag +35 ////; 
ttag +36 ////; 
ttag +37 ////; 
ttag +38 ////; 
ttag +39 ////; 
ttag +40 ////; 
ttag +41 ////; 
ttag +42 ////; 
ttag +43 ////; 
ttag +44 ////; 
ttag +45 ////; 
ttag +46 ////; 
ttag +47 ////; 
ttag +48 ////; 
ttag +49 44/26/26/30/18; 
ttag +50 66/60/54/57/51; 
ttag +51 100/100/100/100/100; 
ttag +52 97/96/96/98/97; 
ttag +53 98/98/96/99/96; 
ttag +54 99/99/96/99/97; 
ttag +55 33/7/?/?/4; 
ttag +56 98/98/92/97/90; 
ttag +57 96/96/89/97/88; 
ttag +58 67/64/44/60/51; 
ttag +59 93/90/76/91/84; 
ttag +60 100/100/100/100/98; 
ttag +61 100/100/100/100/100; 
ttag +62 100/100/99/100/100; 
ttag +63 100/100/100/100/100; 
ttag +64 97/96/80/97/85; 
ttag +65 30/11/10/10/4; 
ttag +66 45/10/13/14/7; 
ttag +67 59/46/37/31/38; 
ttag +68 72/60/51/55/49; 
ttag +69 92/92/87/91/88; 
ttag +70 97/96/94/97/88; 
ttag +71 100/100/100/100/100; 
ttag +72 85/77/68/79/64; 
ttag +73 95/94/84/94/88; 
ttag +74 98/98/97/96/94; 
ttag +75 97/96/90/98/94; 
ttag +76 66/48/41/50/44; 
ttag +77 96/95/89/96/95; 
ttag +78 100/100/97/99/98; 
ttag +79 84/82/76/78/74; 
ttag +80 48/34/34/36/24; 
ttag +81 76/69/58/68/54; 
ttag +82 99/99/100/100/100; 
ttag +83 0/0/?/?/?; 
ttag +84 99/99/98/100/98; 
ttag +85 99/99/98/98/97; 
ttag +86 95/94/86/92/88; 
ttag +87 100/100/99/99/99; 
ttag +88 70/58/44/55/40; 
ttag +89 98/97/92/98/91; 
ttag +90 99/99/99/100/100; 
ttag +91 56/38/26/48/25; 
ttag +92 100/100/99/99/98; 
ttag +93 98/98/97/98/96; 
ttag +94 48/37/40/40/29; 
