tread
'Tree with tags' 
(0 ((1 ((2 3 )((((4 5 )(6 7 ))(10 (11 12 )))(8 9 ))))(13 14 )((15 16 )(17 (18 (19 ((20 21 )((22 23 )(24 25 )))))))((26 27 (28 (29 30 )))((31 ((32 (33 (36 (37 38 ))))(34 35 )))(39 ((40 41 )(42 (43 ((44 45 )(46 47 )))))))))); 
ttag *!; 
ttag +49 4; 
ttag +50 ???; 
ttag +51 5; 
ttag +52 7; 
ttag +53 7; 
ttag +54 5; 
ttag +55 2; 
ttag +56 6; 
ttag +57 1; 
ttag +58 1; 
ttag +59 1; 
ttag +60 6; 
ttag +61 6; 
ttag +62 11; 
ttag +63 3; 
ttag +64 4; 
ttag +65 4; 
ttag +66 1; 
ttag +67 7; 
ttag +68 7; 
ttag +69 8; 
ttag +70 8; 
ttag +71 1; 
ttag +72 3; 
ttag +73 7; 
ttag +74 2; 
ttag +75 10; 
ttag +76 5; 
ttag +77 8; 
ttag +78 1; 
ttag +79 2; 
ttag +80 1; 
ttag +81 5; 
ttag +82 9; 
ttag +83 10; 
ttag +84 1; 
ttag +85 3; 
ttag +86 5; 
ttag +87 3; 
ttag +88 2; 
ttag +89 3; 
ttag +90 8; 
ttag +91 4; 
tread
'Tree with tags' 
(0 ((((1 ((2 3 )((((4 5 )(6 7 ))(10 (11 12 )))(8 9 ))))(13 14 ))((15 16 )(17 (18 (19 ((20 21 )((22 23 )(24 25 ))))))))((26 (27 (28 (29 30 ))))((31 ((32 (33 (36 (37 38 ))))(34 35 )))(39 ((40 41 )(42 (43 ((44 45 )(46 47 )))))))))); 
ttag *!; 
ttag +0 ////; 
ttag +1 ////; 
ttag +2 ////; 
ttag +3 ////; 
ttag +4 ////; 
ttag +5 ////; 
ttag +6 ////; 
ttag +7 ////; 
ttag +8 ////; 
ttag +9 ////; 
ttag +10 ////; 
ttag +11 ////; 
ttag +12 ////; 
ttag +13 ////; 
ttag +14 ////; 
ttag +15 ////; 
ttag +16 ////; 
ttag +17 ////; 
ttag +18 ////; 
ttag +19 ////; 
ttag +20 ////; 
ttag +21 ////; 
ttag +22 ////; 
ttag +23 ////; 
ttag +24 ////; 
ttag +25 ////; 
ttag +26 ////; 
ttag +27 ////; 
ttag +28 ////; 
ttag +29 ////; 
ttag +30 ////; 
ttag +31 ////; 
ttag +32 ////; 
ttag +33 ////; 
ttag +34 ////; 
ttag +35 ////; 
ttag +36 ////; 
ttag +37 ////; 
ttag +38 ////; 
ttag +39 ////; 
ttag +40 ////; 
ttag +41 ////; 
ttag +42 ////; 
ttag +43 ////; 
ttag +44 ////; 
ttag +45 ////; 
ttag +46 ////; 
ttag +47 ////; 
ttag +48 ////; 
ttag +49 88/84/71/88/80; 
ttag +50 16/[34]/?/?/?; 
ttag +51 14/[36]/?/?/?; 
ttag +52 100/100/100/100/100; 
ttag +53 98/98/94/98/94; 
ttag +54 98/98/94/100/95; 
ttag +55 100/100/98/99/97; 
ttag +56 98/97/96/97/96; 
ttag +57 82/74/71/72/71; 
ttag +58 98/98/92/99/92; 
ttag +59 56/36/36/49/28; 
ttag +60 58/45/35/37/32; 
ttag +61 58/38/33/46/33; 
ttag +62 99/99/95/99/98; 
ttag +63 99/99/98/100/98; 
ttag +64 100/100/99/100/100; 
ttag +65 88/87/73/92/71; 
ttag +66 89/86/67/88/72; 
ttag +67 92/91/89/93/89; 
ttag +68 42/22/14/34/12; 
ttag +69 100/100/99/99/98; 
ttag +70 98/97/97/98/96; 
ttag +71 100/100/100/100/100; 
ttag +72 99/98/96/100/98; 
ttag +73 51/23/12/28/21; 
ttag +74 92/90/86/94/87; 
ttag +75 99/99/96/99/95; 
ttag +76 22/[16]/?/?/?; 
ttag +77 78/70/52/68/57; 
ttag +78 100/100/99/100/99; 
ttag +79 97/96/88/97/92; 
ttag +80 99/99/96/99/96; 
ttag +81 48/38/30/24/30; 
ttag +82 78/69/63/71/62; 
ttag +83 53/43/28/38/36; 
ttag +84 96/95/87/98/96; 
ttag +85 100/100/98/100/99; 
ttag +86 100/100/100/100/100; 
ttag +87 51/36/38/40/34; 
ttag +88 67/54/42/60/48; 
ttag +89 98/98/93/97/97; 
ttag +90 81/76/60/76/66; 
ttag +91 54/40/24/52/37; 
ttag +92 90/86/90/88/86; 
ttag +93 100/100/100/100/98; 
ttag +94 86/81/81/91/82; 
