tread
'Tree with tags' 
(0 ((1 ((2 3 )(((4 5 )(6 7 ))(9 (8 (10 (11 12 )))))))((13 14 )((17 ((15 16 )(18 (19 ((20 21 )((22 23 )(24 25 )))))))((26 (27 (28 (29 30 ))))((31 ((34 35 (32 33 ))(36 (37 38 ))))(39 (41 (40 (42 (43 ((44 45 )(46 47 ))))))))))))); 
ttag *!; 
ttag +49 1; 
ttag +50 ???; 
ttag +51 4; 
ttag +52 14; 
ttag +53 3; 
ttag +54 4; 
ttag +55 3; 
ttag +56 7; 
ttag +57 1; 
ttag +58 3; 
ttag +59 8; 
ttag +60 10; 
ttag +61 5; 
ttag +62 1; 
ttag +63 12; 
ttag +64 1; 
ttag +65 3; 
ttag +66 2; 
ttag +67 5; 
ttag +68 1; 
ttag +69 8; 
ttag +70 3; 
ttag +71 8; 
ttag +72 2; 
ttag +73 2; 
ttag +74 8; 
ttag +75 8; 
ttag +76 2; 
ttag +77 3; 
ttag +78 10; 
ttag +79 8; 
ttag +80 6; 
ttag +81 5; 
ttag +82 1; 
ttag +83 2; 
ttag +84 9; 
ttag +85 11; 
ttag +86 1; 
ttag +87 1; 
ttag +88 5; 
ttag +89 8; 
ttag +90 7; 
ttag +91 8; 
ttag +92 12; 
ttag +93 3; 
tread
'Tree with tags' 
(0 ((1 ((2 3 )(((4 5 )(6 7 ))(9 (8 (10 (11 12 )))))))((13 14 )((17 ((15 16 )(18 (19 ((20 21 )((22 23 )(24 25 )))))))((26 (27 (28 (29 30 ))))((31 ((35 (34 (32 33 )))(36 (37 38 ))))(39 (41 (40 (42 (43 ((44 45 )(46 47 ))))))))))))); 
ttag *!; 
ttag +0 ////; 
ttag +1 ////; 
ttag +2 ////; 
ttag +3 ////; 
ttag +4 ////; 
ttag +5 ////; 
ttag +6 ////; 
ttag +7 ////; 
ttag +8 ////; 
ttag +9 ////; 
ttag +10 ////; 
ttag +11 ////; 
ttag +12 ////; 
ttag +13 ////; 
ttag +14 ////; 
ttag +15 ////; 
ttag +16 ////; 
ttag +17 ////; 
ttag +18 ////; 
ttag +19 ////; 
ttag +20 ////; 
ttag +21 ////; 
ttag +22 ////; 
ttag +23 ////; 
ttag +24 ////; 
ttag +25 ////; 
ttag +26 ////; 
ttag +27 ////; 
ttag +28 ////; 
ttag +29 ////; 
ttag +30 ////; 
ttag +31 ////; 
ttag +32 ////; 
ttag +33 ////; 
ttag +34 ////; 
ttag +35 ////; 
ttag +36 ////; 
ttag +37 ////; 
ttag +38 ////; 
ttag +39 ////; 
ttag +40 ////; 
ttag +41 ////; 
ttag +42 ////; 
ttag +43 ////; 
ttag +44 ////; 
ttag +45 ////; 
ttag +46 ////; 
ttag +47 ////; 
ttag +48 ////; 
ttag +49 57/38/27/29/24; 
ttag +50 100/100/100/100/100; 
ttag +51 93/91/94/94/90; 
ttag +52 100/100/100/100/99; 
ttag +53 92/89/87/90/82; 
ttag +54 89/87/82/89/86; 
ttag +55 70/54/47/54/50; 
ttag +56 99/99/94/98/93; 
ttag +57 53/37/25/29/26; 
ttag +58 58/42/31/42/34; 
ttag +59 98/98/89/98/90; 
ttag +60 100/100/100/100/99; 
ttag +61 97/97/94/97/96; 
ttag +62 56/50/42/56/46; 
ttag +63 100/100/100/100/100; 
ttag +64 38/23/16/29/12; 
ttag +65 69/61/48/67/45; 
ttag +66 84/81/79/76/75; 
ttag +67 84/80/70/83/80; 
ttag +68 40/16/4/28/3; 
ttag +69 99/99/98/100/98; 
ttag +70 87/81/71/81/69; 
ttag +71 100/100/99/99/98; 
ttag +72 74/70/55/69/56; 
ttag +73 68/54/52/56/43; 
ttag +74 99/99/99/100/98; 
ttag +75 100/100/96/99/94; 
ttag +76 87/83/68/85/75; 
ttag +77 86/80/74/82/76; 
ttag +78 100/100/100/100/100; 
ttag +79 97/97/94/99/94; 
ttag +80 99/99/96/99/97; 
ttag +81 97/97/99/99/96; 
ttag +82 23/[2]/12/10/11; 
ttag +83 61/45/45/54/48; 
ttag +84 88/86/82/78/83; 
ttag +85 100/100/99/100/98; 
ttag +86 100/100/100/100/100; 
ttag +87 67/54/54/60/50; 
ttag +88 44/30/19/35/20; 
ttag +89 95/94/88/96/89; 
ttag +90 98/98/94/98/93; 
ttag +91 98/97/94/97/93; 
ttag +92 99/99/96/99/94; 
ttag +93 100/100/100/99/100; 
ttag +94 83/74/70/82/66; 
