tread
'Tree with tags' 
(0 ((1 ((2 3 )(((4 5 )(6 7 ))(8 9 (10 (11 12 ))))))(13 14 )(17 (15 16 )(18 (19 ((20 21 )((22 23 )(24 25 ))))))((26 (27 (28 (29 30 ))))((39 (31 (34 35 (32 33 )(36 (37 38 )))))((40 41 )(42 (43 ((44 45 )(46 47 ))))))))); 
ttag *!; 
ttag +49 1; 
ttag +50 ???; 
ttag +51 9; 
ttag +52 8; 
ttag +53 6; 
ttag +54 9; 
ttag +55 3; 
ttag +56 3; 
ttag +57 1; 
ttag +58 7; 
ttag +59 7; 
ttag +60 3; 
ttag +61 6; 
ttag +62 7; 
ttag +63 1; 
ttag +64 1; 
ttag +65 13; 
ttag +66 7; 
ttag +67 10; 
ttag +68 5; 
ttag +69 5; 
ttag +70 4; 
ttag +71 6; 
ttag +72 7; 
ttag +73 5; 
ttag +74 8; 
ttag +75 7; 
ttag +76 1; 
ttag +77 4; 
ttag +78 5; 
ttag +79 9; 
ttag +80 11; 
ttag +81 9; 
ttag +82 2; 
ttag +83 9; 
ttag +84 8; 
ttag +85 5; 
ttag +86 8; 
ttag +87 6; 
ttag +88 6; 
tread
'Tree with tags' 
(0 (((1 ((2 3 )(((4 5 )(6 7 ))((8 9 )(10 (11 12 ))))))((13 14 )((26 (27 (28 (29 30 ))))((39 (31 (((32 33 )(36 (37 38 )))(34 35 ))))((40 41 )(42 (43 ((44 45 )(46 47 )))))))))((17 (15 16 ))(18 (19 ((20 21 )((22 23 )(24 25 )))))))); 
ttag *!; 
ttag +0 ////; 
ttag +1 ////; 
ttag +2 ////; 
ttag +3 ////; 
ttag +4 ////; 
ttag +5 ////; 
ttag +6 ////; 
ttag +7 ////; 
ttag +8 ////; 
ttag +9 ////; 
ttag +10 ////; 
ttag +11 ////; 
ttag +12 ////; 
ttag +13 ////; 
ttag +14 ////; 
ttag +15 ////; 
ttag +16 ////; 
ttag +17 ////; 
ttag +18 ////; 
ttag +19 ////; 
ttag +20 ////; 
ttag +21 ////; 
ttag +22 ////; 
ttag +23 ////; 
ttag +24 ////; 
ttag +25 ////; 
ttag +26 ////; 
ttag +27 ////; 
ttag +28 ////; 
ttag +29 ////; 
ttag +30 ////; 
ttag +31 ////; 
ttag +32 ////; 
ttag +33 ////; 
ttag +34 ////; 
ttag +35 ////; 
ttag +36 ////; 
ttag +37 ////; 
ttag +38 ////; 
ttag +39 ////; 
ttag +40 ////; 
ttag +41 ////; 
ttag +42 ////; 
ttag +43 ////; 
ttag +44 ////; 
ttag +45 ////; 
ttag +46 ////; 
ttag +47 ////; 
ttag +48 ////; 
ttag +49 50/33/18/31/26; 
ttag +50 28/17/15/15/12; 
ttag +51 100/100/100/100/100; 
ttag +52 100/100/98/99/99; 
ttag +53 99/99/98/99/100; 
ttag +54 99/99/99/99/98; 
ttag +55 99/99/97/99/96; 
ttag +56 69/60/50/62/43; 
ttag +57 79/72/60/77/61; 
ttag +58 26/3/6/6/?; 
ttag +59 53/44/42/42/38; 
ttag +60 98/98/95/98/94; 
ttag +61 100/100/99/100/99; 
ttag +62 96/95/96/95/94; 
ttag +63 8/[9]/?/?/?; 
ttag +64 95/92/91/98/94; 
ttag +65 26/[19]/?/?/?; 
ttag +66 98/98/94/98/93; 
ttag +67 73/69/56/61/49; 
ttag +68 54/33/18/39/20; 
ttag +69 100/100/100/100/100; 
ttag +70 98/98/95/99/97; 
ttag +71 100/100/97/100/100; 
ttag +72 98/98/90/97/96; 
ttag +73 98/98/95/98/96; 
ttag +74 96/96/92/96/89; 
ttag +75 97/97/91/96/94; 
ttag +76 99/99/97/99/95; 
ttag +77 97/95/80/94/85; 
ttag +78 100/100/94/99/96; 
ttag +79 100/100/93/99/94; 
ttag +80 64/61/45/59/39; 
ttag +81 92/89/88/90/80; 
ttag +82 99/99/97/98/96; 
ttag +83 33/16/13/8/10; 
ttag +84 100/100/95/98/98; 
ttag +85 37/15/11/12/14; 
ttag +86 100/100/99/100/98; 
ttag +87 100/100/100/100/98; 
ttag +88 67/49/44/56/46; 
ttag +89 100/100/97/99/96; 
ttag +90 99/99/99/100/98; 
ttag +91 92/90/84/91/82; 
ttag +92 100/100/99/100/99; 
ttag +93 96/94/91/97/88; 
ttag +94 99/99/95/99/94; 
