tread
'Tree with tags' 
(0 (1 ((2 3 )(((4 5 )(6 7 ))((8 9 )(10 (11 12 )))))((13 14 )((26 (27 (28 (29 30 ))))(39 ((31 (((32 33 )(34 35 ))(36 (37 38 ))))(40 41 (42 (43 (47 (46 (44 45 ))))))))))(17 ((15 16 )(18 (19 ((20 21 )((22 23 )(24 25 ))))))))); 
ttag *!; 
ttag +49 ???; 
ttag +50 8; 
ttag +51 7; 
ttag +52 3; 
ttag +53 5; 
ttag +54 2; 
ttag +55 5; 
ttag +56 1; 
ttag +57 2; 
ttag +58 5; 
ttag +59 9; 
ttag +60 5; 
ttag +61 1; 
ttag +62 7; 
ttag +63 1; 
ttag +64 3; 
ttag +65 3; 
ttag +66 2; 
ttag +67 4; 
ttag +68 10; 
ttag +69 6; 
ttag +70 5; 
ttag +71 4; 
ttag +72 8; 
ttag +73 6; 
ttag +74 1; 
ttag +75 4; 
ttag +76 9; 
ttag +77 7; 
ttag +78 1; 
ttag +79 6; 
ttag +80 14; 
ttag +81 2; 
ttag +82 4; 
ttag +83 5; 
ttag +84 6; 
ttag +85 9; 
ttag +86 6; 
ttag +87 11; 
ttag +88 1; 
ttag +89 10; 
ttag +90 2; 
ttag +91 7; 
tread
'Tree with tags' 
(0 ((1 (((13 14 )((26 (27 (28 (29 30 ))))(39 ((31 (((32 33 )(34 35 ))(36 (37 38 ))))(40 (41 (42 (43 (47 (46 (44 45 )))))))))))(17 ((15 16 )(18 (19 ((20 21 )((22 23 )(24 25 )))))))))((2 3 )(((4 5 )(6 7 ))((8 9 )(10 (11 12 ))))))); 
ttag *!; 
ttag +0 ////; 
ttag +1 ////; 
ttag +2 ////; 
ttag +3 ////; 
ttag +4 ////; 
ttag +5 ////; 
ttag +6 ////; 
ttag +7 ////; 
ttag +8 ////; 
ttag +9 ////; 
ttag +10 ////; 
ttag +11 ////; 
ttag +12 ////; 
ttag +13 ////; 
ttag +14 ////; 
ttag +15 ////; 
ttag +16 ////; 
ttag +17 ////; 
ttag +18 ////; 
ttag +19 ////; 
ttag +20 ////; 
ttag +21 ////; 
ttag +22 ////; 
ttag +23 ////; 
ttag +24 ////; 
ttag +25 ////; 
ttag +26 ////; 
ttag +27 ////; 
ttag +28 ////; 
ttag +29 ////; 
ttag +30 ////; 
ttag +31 ////; 
ttag +32 ////; 
ttag +33 ////; 
ttag +34 ////; 
ttag +35 ////; 
ttag +36 ////; 
ttag +37 ////; 
ttag +38 ////; 
ttag +39 ////; 
ttag +40 ////; 
ttag +41 ////; 
ttag +42 ////; 
ttag +43 ////; 
ttag +44 ////; 
ttag +45 ////; 
ttag +46 ////; 
ttag +47 ////; 
ttag +48 ////; 
ttag +49 9/[8]/?/?/?; 
ttag +50 100/100/100/100/100; 
ttag +51 99/99/95/99/98; 
ttag +52 99/98/97/98/94; 
ttag +53 87/82/73/88/80; 
ttag +54 88/82/70/90/80; 
ttag +55 72/65/48/71/59; 
ttag +56 84/78/65/86/78; 
ttag +57 42/28/31/36/34; 
ttag +58 50/38/30/37/32; 
ttag +59 96/95/91/97/83; 
ttag +60 99/99/98/100/99; 
ttag +61 98/97/94/95/95; 
ttag +62 70/61/47/56/43; 
ttag +63 24/11/0/?/?; 
ttag +64 100/100/99/100/99; 
ttag +65 57/43/28/38/42; 
ttag +66 76/72/71/73/58; 
ttag +67 92/91/85/91/88; 
ttag +68 84/80/68/84/70; 
ttag +69 99/99/97/98/99; 
ttag +70 100/100/98/100/100; 
ttag +71 99/99/95/99/96; 
ttag +72 96/94/87/98/93; 
ttag +73 94/93/86/94/89; 
ttag +74 100/100/98/100/98; 
ttag +75 99/99/100/99/97; 
ttag +76 46/36/31/42/30; 
ttag +77 88/86/84/86/80; 
ttag +78 100/100/99/99/99; 
ttag +79 99/98/96/100/98; 
ttag +80 73/58/48/47/40; 
ttag +81 98/98/94/98/95; 
ttag +82 100/100/100/100/100; 
ttag +83 74/65/60/71/59; 
ttag +84 95/94/81/96/88; 
ttag +85 97/97/93/96/92; 
ttag +86 98/98/92/99/96; 
ttag +87 99/99/97/100/97; 
ttag +88 99/99/96/99/95; 
ttag +89 24/[26]/?/?/?; 
ttag +90 100/100/100/100/97; 
ttag +91 60/38/45/42/33; 
ttag +92 100/100/100/100/99; 
ttag +93 80/74/69/72/58; 
ttag +94 99/99/98/98/99; 
