tread
'Tree with tags' 
(0 (1 ((2 3 )(((4 5 )(6 7 ))(8 9 (10 (11 12 )))))(13 14 )((15 16 )(17 (18 (19 ((20 21 )((22 23 )(24 25 )))))))((26 (27 (28 (29 30 ))))((39 (31 ((32 33 )(34 35 )(36 (37 38 )))))((40 41 )(42 (43 (47 (46 (44 45 )))))))))); 
ttag *!; 
ttag +49 ???; 
ttag +50 6; 
ttag +51 10; 
ttag +52 4; 
ttag +53 6; 
ttag +54 4; 
ttag +55 2; 
ttag +56 1; 
ttag +57 3; 
ttag +58 12; 
ttag +59 2; 
ttag +60 13; 
ttag +61 3; 
ttag +62 3; 
ttag +63 1; 
ttag +64 1; 
ttag +65 11; 
ttag +66 2; 
ttag +67 15; 
ttag +68 5; 
ttag +69 5; 
ttag +70 10; 
ttag +71 1; 
ttag +72 1; 
ttag +73 5; 
ttag +74 12; 
ttag +75 3; 
ttag +76 1; 
ttag +77 5; 
ttag +78 3; 
ttag +79 3; 
ttag +80 6; 
ttag +81 7; 
ttag +82 4; 
ttag +83 1; 
ttag +84 6; 
ttag +85 9; 
ttag +86 3; 
ttag +87 6; 
ttag +88 1; 
ttag +89 3; 
tread
'Tree with tags' 
(0 (1 ((((2 3 )(((4 5 )(6 7 ))(8 (9 (10 (11 12 ))))))((26 (27 (28 (29 30 ))))((39 (31 (((32 33 )(34 35 ))(36 (37 38 )))))((40 41 )(42 (43 (47 (46 (44 45 )))))))))((13 14 )((15 16 )(17 (18 (19 ((20 21 )((22 23 )(24 25 ))))))))))); 
ttag *!; 
ttag +0 ////; 
ttag +1 ////; 
ttag +2 ////; 
ttag +3 ////; 
ttag +4 ////; 
ttag +5 ////; 
ttag +6 ////; 
ttag +7 ////; 
ttag +8 ////; 
ttag +9 ////; 
ttag +10 ////; 
ttag +11 ////; 
ttag +12 ////; 
ttag +13 ////; 
ttag +14 ////; 
ttag +15 ////; 
ttag +16 ////; 
ttag +17 ////; 
ttag +18 ////; 
ttag +19 ////; 
ttag +20 ////; 
ttag +21 ////; 
ttag +22 ////; 
ttag +23 ////; 
ttag +24 ////; 
ttag +25 ////; 
ttag +26 ////; 
ttag +27 ////; 
ttag +28 ////; 
ttag +29 ////; 
ttag +30 ////; 
ttag +31 ////; 
ttag +32 ////; 
ttag +33 ////; 
ttag +34 ////; 
ttag +35 ////; 
ttag +36 ////; 
ttag +37 ////; 
ttag +38 ////; 
ttag +39 ////; 
ttag +40 ////; 
ttag +41 ////; 
ttag +42 ////; 
ttag +43 ////; 
ttag +44 ////; 
ttag +45 ////; 
ttag +46 ////; 
ttag +47 ////; 
ttag +48 ////; 
ttag +49 100/100/100/100/100; 
ttag +50 98/98/94/96/94; 
ttag +51 100/100/98/100/98; 
ttag +52 21/4/?/?/1; 
ttag +53 16/4/5/?/6; 
ttag +54 92/89/79/90/78; 
ttag +55 94/91/93/96/92; 
ttag +56 78/72/52/70/61; 
ttag +57 70/61/39/62/52; 
ttag +58 51/44/28/43/41; 
ttag +59 32/9/5/11/7; 
ttag +60 87/83/78/86/78; 
ttag +61 100/100/99/100/100; 
ttag +62 78/71/53/65/61; 
ttag +63 39/22/13/12/20; 
ttag +64 100/100/100/100/100; 
ttag +65 79/74/64/81/71; 
ttag +66 92/88/85/88/83; 
ttag +67 50/37/24/43/34; 
ttag +68 51/42/34/40/25; 
ttag +69 100/100/100/100/100; 
ttag +70 74/72/61/73/62; 
ttag +71 100/100/100/100/100; 
ttag +72 94/93/82/94/80; 
ttag +73 95/93/88/95/89; 
ttag +74 100/100/100/100/98; 
ttag +75 56/48/40/48/42; 
ttag +76 60/45/38/50/42; 
ttag +77 97/95/95/97/92; 
ttag +78 100/100/100/100/100; 
ttag +79 81/78/72/78/65; 
ttag +80 62/50/42/49/46; 
ttag +81 95/93/89/94/88; 
ttag +82 87/82/82/92/89; 
ttag +83 30/[8]/?/?/?; 
ttag +84 90/86/75/83/73; 
ttag +85 100/100/99/99/100; 
ttag +86 99/99/96/99/97; 
ttag +87 93/90/84/93/86; 
ttag +88 56/41/22/38/23; 
ttag +89 98/98/93/99/96; 
ttag +90 100/100/99/100/100; 
ttag +91 88/86/75/89/73; 
ttag +92 97/96/93/96/96; 
ttag +93 58/43/37/36/20; 
ttag +94 80/78/63/82/64; 
