tread
'Tree with tags' 
(0 ((1 ((2 3 )(((6 7 (4 5 ))(8 9 ))(10 (11 12 )))))(((13 14 )(17 (15 16 )(18 (19 ((20 21 )(22 23 )(24 25 ))))))((26 (27 (28 (29 30 ))))((31 ((32 33 )((34 35 )(36 (37 38 )))))(39 ((40 41 )(42 43 ((44 45 )(46 47 )))))))))); 
ttag *!; 
ttag +49 1; 
ttag +50 ???; 
ttag +51 5; 
ttag +52 5; 
ttag +53 1; 
ttag +54 7; 
ttag +55 1; 
ttag +56 3; 
ttag +57 3; 
ttag +58 3; 
ttag +59 6; 
ttag +60 4; 
ttag +61 2; 
ttag +62 1; 
ttag +63 10; 
ttag +64 10; 
ttag +65 1; 
ttag +66 3; 
ttag +67 4; 
ttag +68 3; 
ttag +69 6; 
ttag +70 5; 
ttag +71 7; 
ttag +72 4; 
ttag +73 5; 
ttag +74 8; 
ttag +75 7; 
ttag +76 8; 
ttag +77 5; 
ttag +78 7; 
ttag +79 4; 
ttag +80 7; 
ttag +81 7; 
ttag +82 6; 
ttag +83 8; 
ttag +84 2; 
ttag +85 5; 
ttag +86 7; 
ttag +87 5; 
ttag +88 5; 
ttag +89 6; 
ttag +90 5; 
tread
'Tree with tags' 
(0 ((1 ((2 3 )(((6 (7 (4 5 )))(8 9 ))(10 (11 12 )))))(((13 14 )((17 (15 16 ))(18 (19 (((20 21 )(22 23 ))(24 25 ))))))((26 (27 (28 (29 30 ))))((31 ((32 33 )((34 35 )(36 (37 38 )))))(39 ((40 41 )((42 43 )((44 45 )(46 47 )))))))))); 
ttag *!; 
ttag +0 ////; 
ttag +1 ////; 
ttag +2 ////; 
ttag +3 ////; 
ttag +4 ////; 
ttag +5 ////; 
ttag +6 ////; 
ttag +7 ////; 
ttag +8 ////; 
ttag +9 ////; 
ttag +10 ////; 
ttag +11 ////; 
ttag +12 ////; 
ttag +13 ////; 
ttag +14 ////; 
ttag +15 ////; 
ttag +16 ////; 
ttag +17 ////; 
ttag +18 ////; 
ttag +19 ////; 
ttag +20 ////; 
ttag +21 ////; 
ttag +22 ////; 
ttag +23 ////; 
ttag +24 ////; 
ttag +25 ////; 
ttag +26 ////; 
ttag +27 ////; 
ttag +28 ////; 
ttag +29 ////; 
ttag +30 ////; 
ttag +31 ////; 
ttag +32 ////; 
ttag +33 ////; 
ttag +34 ////; 
ttag +35 ////; 
ttag +36 ////; 
ttag +37 ////; 
ttag +38 ////; 
ttag +39 ////; 
ttag +40 ////; 
ttag +41 ////; 
ttag +42 ////; 
ttag +43 ////; 
ttag +44 ////; 
ttag +45 ////; 
ttag +46 ////; 
ttag +47 ////; 
ttag +48 ////; 
ttag +49 25/3/4/16/8; 
ttag +50 100/100/100/100/100; 
ttag +51 94/93/91/95/90; 
ttag +52 94/93/88/92/84; 
ttag +53 68/50/50/52/45; 
ttag +54 33/[8]/?/?/?; 
ttag +55 96/96/95/96/92; 
ttag +56 48/20/10/26/22; 
ttag +57 81/78/72/80/75; 
ttag +58 92/91/79/88/79; 
ttag +59 88/83/79/84/76; 
ttag +60 98/98/96/98/98; 
ttag +61 95/95/90/94/91; 
ttag +62 80/75/58/74/60; 
ttag +63 40/26/22/28/26; 
ttag +64 100/100/100/100/99; 
ttag +65 36/[2]/?/?/2; 
ttag +66 100/100/100/100/100; 
ttag +67 56/46/32/52/35; 
ttag +68 91/89/84/88/82; 
ttag +69 99/99/99/99/99; 
ttag +70 30/4/5/?/?; 
ttag +71 95/94/92/96/88; 
ttag +72 99/99/94/97/96; 
ttag +73 97/96/91/95/92; 
ttag +74 99/99/96/97/94; 
ttag +75 95/94/87/95/86; 
ttag +76 98/97/90/94/86; 
ttag +77 99/99/98/99/98; 
ttag +78 100/100/100/100/99; 
ttag +79 99/99/97/99/97; 
ttag +80 94/92/90/97/88; 
ttag +81 100/100/99/100/100; 
ttag +82 96/96/87/97/88; 
ttag +83 100/100/100/100/98; 
ttag +84 100/100/99/100/97; 
ttag +85 98/97/92/98/93; 
ttag +86 99/99/98/100/98; 
ttag +87 82/77/61/76/66; 
ttag +88 94/91/85/91/89; 
ttag +89 99/98/97/99/94; 
ttag +90 38/11/10/4/4; 
ttag +91 96/94/88/97/88; 
ttag +92 96/94/89/97/91; 
ttag +93 98/97/94/98/95; 
ttag +94 94/92/91/94/89; 
