tread
'Tree with tags' 
(0 ((1 ((26 (27 (28 (29 30 ))))(39 (31 ((32 33 )((34 35 )(36 (37 38 )))))((40 41 )(42 43 ((44 45 )(46 47 )))))))(((2 3 )(((4 5 )(6 7 ))((8 9 )(10 (11 12 )))))((13 14 )(17 (15 16 )(18 19 ((20 21 )((22 23 )(24 25 ))))))))); 
ttag *!; 
ttag +49 1; 
ttag +50 ???; 
ttag +51 7; 
ttag +52 4; 
ttag +53 1; 
ttag +54 3; 
ttag +55 9; 
ttag +56 5; 
ttag +57 3; 
ttag +58 1; 
ttag +59 1; 
ttag +60 6; 
ttag +61 8; 
ttag +62 7; 
ttag +63 1; 
ttag +64 11; 
ttag +65 3; 
ttag +66 5; 
ttag +67 6; 
ttag +68 9; 
ttag +69 11; 
ttag +70 7; 
ttag +71 3; 
ttag +72 7; 
ttag +73 6; 
ttag +74 2; 
ttag +75 6; 
ttag +76 9; 
ttag +77 8; 
ttag +78 7; 
ttag +79 10; 
ttag +80 3; 
ttag +81 6; 
ttag +82 2; 
ttag +83 10; 
ttag +84 14; 
ttag +85 5; 
ttag +86 5; 
ttag +87 12; 
ttag +88 11; 
ttag +89 3; 
ttag +90 2; 
tread
'Tree with tags' 
(0 ((1 ((26 (27 (28 (29 30 ))))((31 ((32 33 )((34 35 )(36 (37 38 )))))(39 ((40 41 )((42 43 )((44 45 )(46 47 ))))))))(((2 3 )(((4 5 )(6 7 ))((8 9 )(10 (11 12 )))))((13 14 )(17 ((15 16 )(19 (18 ((20 21 )((22 23 )(24 25 ))))))))))); 
ttag *!; 
ttag +0 ////; 
ttag +1 ////; 
ttag +2 ////; 
ttag +3 ////; 
ttag +4 ////; 
ttag +5 ////; 
ttag +6 ////; 
ttag +7 ////; 
ttag +8 ////; 
ttag +9 ////; 
ttag +10 ////; 
ttag +11 ////; 
ttag +12 ////; 
ttag +13 ////; 
ttag +14 ////; 
ttag +15 ////; 
ttag +16 ////; 
ttag +17 ////; 
ttag +18 ////; 
ttag +19 ////; 
ttag +20 ////; 
ttag +21 ////; 
ttag +22 ////; 
ttag +23 ////; 
ttag +24 ////; 
ttag +25 ////; 
ttag +26 ////; 
ttag +27 ////; 
ttag +28 ////; 
ttag +29 ////; 
ttag +30 ////; 
ttag +31 ////; 
ttag +32 ////; 
ttag +33 ////; 
ttag +34 ////; 
ttag +35 ////; 
ttag +36 ////; 
ttag +37 ////; 
ttag +38 ////; 
ttag +39 ////; 
ttag +40 ////; 
ttag +41 ////; 
ttag +42 ////; 
ttag +43 ////; 
ttag +44 ////; 
ttag +45 ////; 
ttag +46 ////; 
ttag +47 ////; 
ttag +48 ////; 
ttag +49 30/[2]/?/6/?; 
ttag +50 100/100/100/100/100; 
ttag +51 100/100/98/98/98; 
ttag +52 88/82/72/81/74; 
ttag +53 32/0/?/10/?; 
ttag +54 88/85/85/89/85; 
ttag +55 98/98/98/99/97; 
ttag +56 96/95/89/96/92; 
ttag +57 77/72/56/78/63; 
ttag +58 32/3/6/15/2; 
ttag +59 41/13/12/19/9; 
ttag +60 98/98/92/98/94; 
ttag +61 100/100/99/100/99; 
ttag +62 100/100/99/99/100; 
ttag +63 42/25/15/30/20; 
ttag +64 100/100/100/100/100; 
ttag +65 28/[12]/?/?/?; 
ttag +66 89/87/75/86/79; 
ttag +67 32/4/1/6/?; 
ttag +68 98/97/90/97/89; 
ttag +69 99/99/99/99/99; 
ttag +70 100/100/99/100/99; 
ttag +71 100/100/100/100/100; 
ttag +72 99/99/93/99/92; 
ttag +73 84/76/68/76/70; 
ttag +74 98/98/95/98/98; 
ttag +75 94/92/83/94/82; 
ttag +76 70/57/57/70/54; 
ttag +77 98/98/90/97/92; 
ttag +78 100/100/100/100/100; 
ttag +79 100/100/99/100/98; 
ttag +80 100/100/96/98/95; 
ttag +81 100/100/100/100/100; 
ttag +82 92/89/82/87/78; 
ttag +83 99/99/99/100/99; 
ttag +84 82/79/72/78/69; 
ttag +85 100/100/98/100/98; 
ttag +86 100/100/100/100/100; 
ttag +87 44/18/22/11/15; 
ttag +88 97/97/95/98/93; 
ttag +89 94/90/88/92/90; 
ttag +90 41/15/1/18/12; 
ttag +91 100/100/100/100/100; 
ttag +92 100/100/100/100/100; 
ttag +93 93/90/88/91/85; 
ttag +94 74/69/60/73/55; 
