tread
'Tree with tags' 
(0 (1 ((2 3 )(8 9 ((4 5 )(6 7 ))(10 (11 12 ))))(13 14 )((15 16 )(17 (18 (19 ((20 21 )((22 23 )(24 25 )))))))((26 27 (28 (29 30 )))((39 (31 (((32 33 )(34 35 ))(36 (37 38 )))))((40 41 )(42 (43 ((44 45 )(46 47 ))))))))); 
ttag *!; 
ttag +49 ???; 
ttag +50 7; 
ttag +51 8; 
ttag +52 4; 
ttag +53 11; 
ttag +54 3; 
ttag +55 5; 
ttag +56 6; 
ttag +57 9; 
ttag +58 8; 
ttag +59 7; 
ttag +60 5; 
ttag +61 2; 
ttag +62 3; 
ttag +63 1; 
ttag +64 7; 
ttag +65 7; 
ttag +66 7; 
ttag +67 6; 
ttag +68 4; 
ttag +69 7; 
ttag +70 2; 
ttag +71 2; 
ttag +72 11; 
ttag +73 3; 
ttag +74 1; 
ttag +75 5; 
ttag +76 5; 
ttag +77 1; 
ttag +78 6; 
ttag +79 1; 
ttag +80 3; 
ttag +81 10; 
ttag +82 1; 
ttag +83 6; 
ttag +84 3; 
ttag +85 1; 
ttag +86 11; 
ttag +87 7; 
ttag +88 4; 
tread
'Tree with tags' 
(0 ((1 ((2 3 )(((4 5 )(6 7 ))(8 (9 (10 (11 12 )))))))(((13 14 )((15 16 )(17 (18 (19 ((20 21 )((22 23 )(24 25 ))))))))((26 (27 (28 (29 30 ))))((39 (31 (((32 33 )(34 35 ))(36 (37 38 )))))((40 41 )(42 (43 ((44 45 )(46 47 )))))))))); 
ttag *!; 
ttag +0 ////; 
ttag +1 ////; 
ttag +2 ////; 
ttag +3 ////; 
ttag +4 ////; 
ttag +5 ////; 
ttag +6 ////; 
ttag +7 ////; 
ttag +8 ////; 
ttag +9 ////; 
ttag +10 ////; 
ttag +11 ////; 
ttag +12 ////; 
ttag +13 ////; 
ttag +14 ////; 
ttag +15 ////; 
ttag +16 ////; 
ttag +17 ////; 
ttag +18 ////; 
ttag +19 ////; 
ttag +20 ////; 
ttag +21 ////; 
ttag +22 ////; 
ttag +23 ////; 
ttag +24 ////; 
ttag +25 ////; 
ttag +26 ////; 
ttag +27 ////; 
ttag +28 ////; 
ttag +29 ////; 
ttag +30 ////; 
ttag +31 ////; 
ttag +32 ////; 
ttag +33 ////; 
ttag +34 ////; 
ttag +35 ////; 
ttag +36 ////; 
ttag +37 ////; 
ttag +38 ////; 
ttag +39 ////; 
ttag +40 ////; 
ttag +41 ////; 
ttag +42 ////; 
ttag +43 ////; 
ttag +44 ////; 
ttag +45 ////; 
ttag +46 ////; 
ttag +47 ////; 
ttag +48 ////; 
ttag +49 32/16/24/20/10; 
ttag +50 100/100/100/100/100; 
ttag +51 99/99/95/98/96; 
ttag +52 99/99/96/99/96; 
ttag +53 97/96/89/97/90; 
ttag +54 100/100/100/100/100; 
ttag +55 76/67/53/67/53; 
ttag +56 96/95/91/94/89; 
ttag +57 34/3/?/?/4; 
ttag +58 20/[10]/?/?/?; 
ttag +59 92/89/91/96/85; 
ttag +60 100/100/100/100/100; 
ttag +61 100/100/100/98/100; 
ttag +62 16/[18]/?/?/?; 
ttag +63 22/2/1/1/6; 
ttag +64 97/97/94/99/91; 
ttag +65 91/88/88/92/89; 
ttag +66 72/63/53/62/56; 
ttag +67 78/72/54/82/56; 
ttag +68 51/40/39/46/28; 
ttag +69 100/100/98/100/98; 
ttag +70 94/92/93/96/91; 
ttag +71 99/98/98/99/100; 
ttag +72 97/96/90/90/87; 
ttag +73 95/94/80/92/83; 
ttag +74 95/94/84/94/86; 
ttag +75 86/83/82/92/82; 
ttag +76 39/14/12/11/0; 
ttag +77 86/84/71/79/80; 
ttag +78 100/100/100/100/100; 
ttag +79 75/67/62/66/60; 
ttag +80 41/0/1/2/?; 
ttag +81 98/97/97/96/97; 
ttag +82 96/96/95/97/97; 
ttag +83 43/6/5/12/4; 
ttag +84 98/98/92/96/95; 
ttag +85 57/36/36/36/34; 
ttag +86 80/72/66/70/58; 
ttag +87 100/100/97/100/99; 
ttag +88 52/26/25/28/22; 
ttag +89 99/99/94/99/96; 
ttag +90 92/90/79/94/83; 
ttag +91 66/51/43/59/45; 
ttag +92 100/100/99/100/98; 
ttag +93 100/100/97/100/99; 
ttag +94 96/95/90/93/90; 
