tread
'Tree with tags' 
(0 (1 ((2 3 )(((4 5 )(6 7 ))(8 9 )(10 (11 12 ))))(13 14 )(17 (15 16 )(18 (19 ((20 21 )(25 (24 (22 23 )))))))(((26 27 )(28 (29 30 )))((31 ((32 33 )(34 35 )(36 (37 38 ))))(39 ((40 41 )(42 (43 ((44 45 )(46 47 )))))))))); 
ttag *!; 
ttag +49 ???; 
ttag +50 6; 
ttag +51 4; 
ttag +52 6; 
ttag +53 2; 
ttag +54 4; 
ttag +55 2; 
ttag +56 1; 
ttag +57 1; 
ttag +58 11; 
ttag +59 8; 
ttag +60 7; 
ttag +61 3; 
ttag +62 4; 
ttag +63 3; 
ttag +64 5; 
ttag +65 6; 
ttag +66 6; 
ttag +67 1; 
ttag +68 5; 
ttag +69 1; 
ttag +70 4; 
ttag +71 5; 
ttag +72 3; 
ttag +73 12; 
ttag +74 3; 
ttag +75 5; 
ttag +76 4; 
ttag +77 5; 
ttag +78 7; 
ttag +79 8; 
ttag +80 7; 
ttag +81 2; 
ttag +82 5; 
ttag +83 9; 
ttag +84 7; 
ttag +85 3; 
ttag +86 6; 
ttag +87 4; 
ttag +88 7; 
tread
'Tree with tags' 
(0 ((((1 (((26 27 )(28 (29 30 )))((31 (((32 33 )(34 35 ))(36 (37 38 ))))(39 ((40 41 )(42 (43 ((44 45 )(46 47 )))))))))(17 ((15 16 )(18 (19 ((20 21 )(25 (24 (22 23 )))))))))((2 3 )(((4 5 )(6 7 ))((8 9 )(10 (11 12 ))))))(13 14 ))); 
ttag *!; 
ttag +0 ////; 
ttag +1 ////; 
ttag +2 ////; 
ttag +3 ////; 
ttag +4 ////; 
ttag +5 ////; 
ttag +6 ////; 
ttag +7 ////; 
ttag +8 ////; 
ttag +9 ////; 
ttag +10 ////; 
ttag +11 ////; 
ttag +12 ////; 
ttag +13 ////; 
ttag +14 ////; 
ttag +15 ////; 
ttag +16 ////; 
ttag +17 ////; 
ttag +18 ////; 
ttag +19 ////; 
ttag +20 ////; 
ttag +21 ////; 
ttag +22 ////; 
ttag +23 ////; 
ttag +24 ////; 
ttag +25 ////; 
ttag +26 ////; 
ttag +27 ////; 
ttag +28 ////; 
ttag +29 ////; 
ttag +30 ////; 
ttag +31 ////; 
ttag +32 ////; 
ttag +33 ////; 
ttag +34 ////; 
ttag +35 ////; 
ttag +36 ////; 
ttag +37 ////; 
ttag +38 ////; 
ttag +39 ////; 
ttag +40 ////; 
ttag +41 ////; 
ttag +42 ////; 
ttag +43 ////; 
ttag +44 ////; 
ttag +45 ////; 
ttag +46 ////; 
ttag +47 ////; 
ttag +48 ////; 
ttag +49 20/[1]/?/?/?; 
ttag +50 37/30/26/26/24; 
ttag +51 16/[11]/?/?/?; 
ttag +52 100/100/100/100/100; 
ttag +53 97/96/96/99/99; 
ttag +54 91/89/88/93/88; 
ttag +55 99/99/96/97/94; 
ttag +56 75/68/63/70/64; 
ttag +57 76/70/60/78/57; 
ttag +58 75/61/60/70/70; 
ttag +59 62/56/42/60/45; 
ttag +60 20/[4]/1/1/?; 
ttag +61 60/47/44/49/45; 
ttag +62 100/100/100/100/100; 
ttag +63 100/100/100/100/100; 
ttag +64 99/99/99/100/99; 
ttag +65 18/[5]/?/?/?; 
ttag +66 83/80/73/80/72; 
ttag +67 94/91/84/91/88; 
ttag +68 96/94/84/91/87; 
ttag +69 100/100/100/99/100; 
ttag +70 99/99/97/99/98; 
ttag +71 99/99/97/98/97; 
ttag +72 62/36/22/38/33; 
ttag +73 98/98/91/94/90; 
ttag +74 52/32/26/40/24; 
ttag +75 97/96/90/98/95; 
ttag +76 97/96/92/94/84; 
ttag +77 89/87/73/83/82; 
ttag +78 100/100/99/100/100; 
ttag +79 94/93/91/92/90; 
ttag +80 96/95/96/96/94; 
ttag +81 97/96/91/96/91; 
ttag +82 14/[5]/?/?/?; 
ttag +83 96/95/91/94/89; 
ttag +84 100/100/100/100/99; 
ttag +85 100/100/99/100/100; 
ttag +86 98/98/96/98/95; 
ttag +87 76/68/65/77/60; 
ttag +88 99/99/98/97/94; 
ttag +89 100/100/98/100/99; 
ttag +90 98/97/93/98/91; 
ttag +91 87/86/68/79/64; 
ttag +92 99/99/99/100/100; 
ttag +93 90/86/80/94/85; 
ttag +94 98/97/93/99/90; 
