tread
'Tree with tags' 
(0 ((1 ((13 14 )((26 (27 (28 (29 30 ))))(39 ((31 (((32 33 )(34 35 ))(36 (37 38 ))))(40 (41 (42 (43 ((44 45 )(46 47 ))))))))))((15 16 )(17 (18 (19 ((20 21 )((22 23 )(24 25 ))))))))((2 3 )(8 9 ((4 5 )(6 7 ))(10 (11 12 )))))); 
ttag *!; 
ttag +49 3; 
ttag +50 ???; 
ttag +51 7; 
ttag +52 8; 
ttag +53 4; 
ttag +54 8; 
ttag +55 1; 
ttag +56 5; 
ttag +57 4; 
ttag +58 13; 
ttag +59 8; 
ttag +60 1; 
ttag +61 12; 
ttag +62 4; 
ttag +63 4; 
ttag +64 4; 
ttag +65 4; 
ttag +66 9; 
ttag +67 11; 
ttag +68 8; 
ttag +69 2; 
ttag +70 3; 
ttag +71 4; 
ttag +72 2; 
ttag +73 4; 
ttag +74 8; 
ttag +75 12; 
ttag +76 7; 
ttag +77 1; 
ttag +78 7; 
ttag +79 6; 
ttag +80 1; 
ttag +81 9; 
ttag +82 6; 
ttag +83 17; 
ttag +84 14; 
ttag +85 6; 
ttag +86 2; 
ttag +87 10; 
ttag +88 5; 
ttag +89 8; 
ttag +90 5; 
ttag +91 1; 
tread
'Tree with tags' 
(0 ((1 (((13 14 )((26 (27 (28 (29 30 ))))(39 ((31 (((32 33 )(34 35 ))(36 (37 38 ))))(40 (41 (42 (43 ((44 45 )(46 47 ))))))))))((15 16 )(17 (18 (19 ((20 21 )((22 23 )(24 25 )))))))))((2 3 )((8 (9 ((4 5 )(6 7 ))))(10 (11 12 )))))); 
ttag *!; 
ttag +0 ////; 
ttag +1 ////; 
ttag +2 ////; 
ttag +3 ////; 
ttag +4 ////; 
ttag +5 ////; 
ttag +6 ////; 
ttag +7 ////; 
ttag +8 ////; 
ttag +9 ////; 
ttag +10 ////; 
ttag +11 ////; 
ttag +12 ////; 
ttag +13 ////; 
ttag +14 ////; 
ttag +15 ////; 
ttag +16 ////; 
ttag +17 ////; 
ttag +18 ////; 
ttag +19 ////; 
ttag +20 ////; 
ttag +21 ////; 
ttag +22 ////; 
ttag +23 ////; 
ttag +24 ////; 
ttag +25 ////; 
ttag +26 ////; 
ttag +27 ////; 
ttag +28 ////; 
ttag +29 ////; 
ttag +30 ////; 
ttag +31 ////; 
ttag +32 ////; 
ttag +33 ////; 
ttag +34 ////; 
ttag +35 ////; 
ttag +36 ////; 
ttag +37 ////; 
ttag +38 ////; 
ttag +39 ////; 
ttag +40 ////; 
ttag +41 ////; 
ttag +42 ////; 
ttag +43 ////; 
ttag +44 ////; 
ttag +45 ////; 
ttag +46 ////; 
ttag +47 ////; 
ttag +48 ////; 
ttag +49 84/76/64/76/64; 
ttag +50 100/100/100/100/100; 
ttag +51 100/100/100/99/98; 
ttag +52 98/98/99/98/99; 
ttag +53 94/93/86/95/89; 
ttag +54 100/100/97/100/99; 
ttag +55 23/[2]/?/?/?; 
ttag +56 43/17/18/12/17; 
ttag +57 62/44/27/40/34; 
ttag +58 96/94/92/98/92; 
ttag +59 86/82/80/87/73; 
ttag +60 100/100/100/100/100; 
ttag +61 100/100/100/100/100; 
ttag +62 58/52/43/56/37; 
ttag +63 40/9/16/10/16; 
ttag +64 100/100/100/100/100; 
ttag +65 94/93/78/91/82; 
ttag +66 93/90/74/92/81; 
ttag +67 99/99/91/98/92; 
ttag +68 90/89/81/90/84; 
ttag +69 100/100/100/100/100; 
ttag +70 100/100/99/100/99; 
ttag +71 100/100/98/100/100; 
ttag +72 73/60/56/61/54; 
ttag +73 84/78/66/81/62; 
ttag +74 94/93/87/92/89; 
ttag +75 64/57/36/52/38; 
ttag +76 97/96/92/98/95; 
ttag +77 100/100/100/100/99; 
ttag +78 100/100/100/100/100; 
ttag +79 99/99/98/99/97; 
ttag +80 19/[8]/?/8/?; 
ttag +81 99/98/97/100/94; 
ttag +82 96/95/92/98/87; 
ttag +83 27/[12]/?/2/?; 
ttag +84 100/100/98/100/100; 
ttag +85 98/98/96/99/96; 
ttag +86 100/100/100/100/100; 
ttag +87 100/100/100/100/100; 
ttag +88 98/97/94/98/96; 
ttag +89 67/54/49/61/56; 
ttag +90 99/99/99/100/99; 
ttag +91 94/92/88/93/86; 
ttag +92 100/100/100/100/100; 
ttag +93 91/90/84/93/82; 
ttag +94 59/40/42/53/44; 
