tread
'Tree with tags' 
(0 ((1 ((2 3 )(((4 5 )(6 7 ))(8 9 )(10 (11 12 )))))((13 14 )((15 16 )(17 (18 (19 ((20 21 )((22 23 )(24 25 )))))))((26 (27 (28 (29 30 ))))(39 (31 ((32 33 )(34 35 )(36 (37 38 ))))((40 41 )(42 (43 ((44 45 )(46 47 )))))))))); 
ttag *!; 
ttag +49 2; 
ttag +50 ???; 
ttag +51 7; 
ttag +52 11; 
ttag +53 2; 
ttag +54 1; 
ttag +55 1; 
ttag +56 1; 
ttag +57 1; 
ttag +58 6; 
ttag +59 7; 
ttag +60 12; 
ttag +61 1; 
ttag +62 10; 
ttag +63 3; 
ttag +64 2; 
ttag +65 6; 
ttag +66 5; 
ttag +67 8; 
ttag +68 7; 
ttag +69 9; 
ttag +70 8; 
ttag +71 1; 
ttag +72 6; 
ttag +73 9; 
ttag +74 2; 
ttag +75 5; 
ttag +76 3; 
ttag +77 5; 
ttag +78 2; 
ttag +79 8; 
ttag +80 3; 
ttag +81 2; 
ttag +82 11; 
ttag +83 12; 
ttag +84 5; 
ttag +85 6; 
ttag +86 5; 
ttag +87 2; 
ttag +88 3; 
ttag +89 8; 
ttag +90 2; 
tread
'Tree with tags' 
(0 ((1 ((2 3 )(((4 5 )(6 7 ))((8 9 )(10 (11 12 ))))))(((13 14 )((15 16 )(17 (18 (19 ((20 21 )((22 23 )(24 25 ))))))))((26 (27 (28 (29 30 ))))((31 (((32 33 )(36 (37 38 )))(34 35 )))(39 ((40 41 )(42 (43 ((44 45 )(46 47 ))))))))))); 
ttag *!; 
ttag +0 ////; 
ttag +1 ////; 
ttag +2 ////; 
ttag +3 ////; 
ttag +4 ////; 
ttag +5 ////; 
ttag +6 ////; 
ttag +7 ////; 
ttag +8 ////; 
ttag +9 ////; 
ttag +10 ////; 
ttag +11 ////; 
ttag +12 ////; 
ttag +13 ////; 
ttag +14 ////; 
ttag +15 ////; 
ttag +16 ////; 
ttag +17 ////; 
ttag +18 ////; 
ttag +19 ////; 
ttag +20 ////; 
ttag +21 ////; 
ttag +22 ////; 
ttag +23 ////; 
ttag +24 ////; 
ttag +25 ////; 
ttag +26 ////; 
ttag +27 ////; 
ttag +28 ////; 
ttag +29 ////; 
ttag +30 ////; 
ttag +31 ////; 
ttag +32 ////; 
ttag +33 ////; 
ttag +34 ////; 
ttag +35 ////; 
ttag +36 ////; 
ttag +37 ////; 
ttag +38 ////; 
ttag +39 ////; 
ttag +40 ////; 
ttag +41 ////; 
ttag +42 ////; 
ttag +43 ////; 
ttag +44 ////; 
ttag +45 ////; 
ttag +46 ////; 
ttag +47 ////; 
ttag +48 ////; 
ttag +49 59/53/48/55/42; 
ttag +50 100/100/100/100/100; 
ttag +51 99/99/99/100/99; 
ttag +52 100/100/100/100/99; 
ttag +53 87/83/85/82/86; 
ttag +54 53/25/25/23/27; 
ttag +55 36/[5]/?/?/?; 
ttag +56 41/17/18/22/18; 
ttag +57 56/44/44/52/37; 
ttag +58 45/35/30/24/28; 
ttag +59 95/94/92/97/92; 
ttag +60 100/100/100/100/99; 
ttag +61 100/100/100/100/100; 
ttag +62 20/[6]/?/4/?; 
ttag +63 50/43/32/38/30; 
ttag +64 99/99/100/100/100; 
ttag +65 84/80/73/81/68; 
ttag +66 93/92/79/89/81; 
ttag +67 99/99/96/99/94; 
ttag +68 99/98/96/98/91; 
ttag +69 100/100/100/100/100; 
ttag +70 98/98/97/99/94; 
ttag +71 99/99/100/100/99; 
ttag +72 100/100/98/100/100; 
ttag +73 56/26/34/33/26; 
ttag +74 97/97/92/99/94; 
ttag +75 99/98/95/100/94; 
ttag +76 80/76/70/79/64; 
ttag +77 95/94/86/93/89; 
ttag +78 83/77/72/84/77; 
ttag +79 94/92/86/94/90; 
ttag +80 72/62/54/72/62; 
ttag +81 100/100/99/100/99; 
ttag +82 31/0/?/?/?; 
ttag +83 91/88/81/93/82; 
ttag +84 90/88/82/84/74; 
ttag +85 100/100/100/100/99; 
ttag +86 100/100/100/100/100; 
ttag +87 1/[9]/?/?/?; 
ttag +88 96/96/88/95/88; 
ttag +89 94/93/87/96/84; 
ttag +90 99/99/97/99/95; 
ttag +91 63/54/46/62/40; 
ttag +92 90/89/84/86/82; 
ttag +93 100/100/97/98/94; 
ttag +94 74/64/52/70/52; 
