tread
'Tree with tags' 
(0 (1 ((2 3 )(((4 5 )(6 7 ))((8 9 )(10 (11 12 )))))(13 14 )((15 16 )(17 (18 19 ((20 21 )((22 23 )(24 25 ))))))((26 (27 (28 (29 30 ))))((31 (34 35 (32 33 )(36 (37 38 ))))(39 ((40 41 )(42 (43 ((44 45 )(46 47 )))))))))); 
ttag *!; 
ttag +49 ???; 
ttag +50 9; 
ttag +51 4; 
ttag +52 5; 
ttag +53 9; 
ttag +54 4; 
ttag +55 4; 
ttag +56 2; 
ttag +57 2; 
ttag +58 4; 
ttag +59 10; 
ttag +60 12; 
ttag +61 14; 
ttag +62 4; 
ttag +63 1; 
ttag +64 2; 
ttag +65 1; 
ttag +66 9; 
ttag +67 5; 
ttag +68 2; 
ttag +69 2; 
ttag +70 6; 
ttag +71 10; 
ttag +72 3; 
ttag +73 4; 
ttag +74 14; 
ttag +75 1; 
ttag +76 9; 
ttag +77 5; 
ttag +78 5; 
ttag +79 8; 
ttag +80 7; 
ttag +81 3; 
ttag +82 4; 
ttag +83 5; 
ttag +84 5; 
ttag +85 7; 
ttag +86 10; 
ttag +87 3; 
ttag +88 2; 
tread
'Tree with tags' 
(0 (1 ((2 3 )(((4 5 )(6 7 ))((8 9 )(10 (11 12 )))))(13 14 )((15 16 )(17 (18 19 ((20 21 )((22 23 )(24 25 ))))))((26 (27 (28 (29 30 ))))((31 (34 35 (32 33 )(36 (37 38 ))))(39 ((40 41 )(42 (43 ((44 45 )(46 47 )))))))))); 
ttag *!; 
ttag +0 ////; 
ttag +1 ////; 
ttag +2 ////; 
ttag +3 ////; 
ttag +4 ////; 
ttag +5 ////; 
ttag +6 ////; 
ttag +7 ////; 
ttag +8 ////; 
ttag +9 ////; 
ttag +10 ////; 
ttag +11 ////; 
ttag +12 ////; 
ttag +13 ////; 
ttag +14 ////; 
ttag +15 ////; 
ttag +16 ////; 
ttag +17 ////; 
ttag +18 ////; 
ttag +19 ////; 
ttag +20 ////; 
ttag +21 ////; 
ttag +22 ////; 
ttag +23 ////; 
ttag +24 ////; 
ttag +25 ////; 
ttag +26 ////; 
ttag +27 ////; 
ttag +28 ////; 
ttag +29 ////; 
ttag +30 ////; 
ttag +31 ////; 
ttag +32 ////; 
ttag +33 ////; 
ttag +34 ////; 
ttag +35 ////; 
ttag +36 ////; 
ttag +37 ////; 
ttag +38 ////; 
ttag +39 ////; 
ttag +40 ////; 
ttag +41 ////; 
ttag +42 ////; 
ttag +43 ////; 
ttag +44 ////; 
ttag +45 ////; 
ttag +46 ////; 
ttag +47 ////; 
ttag +48 ////; 
ttag +49 100/100/100/100/100; 
ttag +50 100/100/99/99/99; 
ttag +51 93/90/74/85/82; 
ttag +52 96/94/82/90/84; 
ttag +53 99/99/99/99/99; 
ttag +54 95/94/87/92/89; 
ttag +55 96/96/95/97/94; 
ttag +56 65/52/43/51/36; 
ttag +57 76/66/62/66/54; 
ttag +58 89/82/77/82/75; 
ttag +59 100/100/100/100/99; 
ttag +60 100/100/100/100/100; 
ttag +61 100/100/100/100/100; 
ttag +62 87/85/68/83/77; 
ttag +63 64/58/38/55/38; 
ttag +64 81/74/63/75/64; 
ttag +65 66/51/48/58/45; 
ttag +66 100/100/100/100/99; 
ttag +67 97/96/94/99/95; 
ttag +68 82/74/65/70/61; 
ttag +69 69/50/46/60/60; 
ttag +70 99/99/95/99/93; 
ttag +71 99/99/97/100/98; 
ttag +72 94/94/83/94/84; 
ttag +73 98/97/94/98/93; 
ttag +74 100/100/100/100/100; 
ttag +75 61/33/24/26/16; 
ttag +76 100/100/100/100/98; 
ttag +77 98/98/98/99/97; 
ttag +78 94/93/88/96/88; 
ttag +79 100/100/98/99/97; 
ttag +80 99/99/97/100/97; 
ttag +81 94/94/85/89/82; 
ttag +82 89/89/82/92/86; 
ttag +83 95/94/86/90/84; 
ttag +84 96/96/86/92/84; 
ttag +85 98/98/88/96/91; 
ttag +86 100/100/98/100/97; 
ttag +87 78/74/77/83/76; 
ttag +88 73/67/45/65/59; 
