tread
'Tree with tags' 
(0 (1 (((2 3 )(((4 5 )(6 7 ))(8 (9 (10 (11 12 ))))))((13 14 )((17 (15 16 ))(18 (19 ((20 21 )((22 23 )(24 25 ))))))))((26 (27 (28 (29 30 ))))(39 (31 ((32 33 )(34 35 ))(36 (37 38 )))((40 41 )(42 (43 ((44 45 )(46 47 ))))))))); 
ttag *!; 
ttag +49 ???; 
ttag +50 4; 
ttag +51 8; 
ttag +52 1; 
ttag +53 4; 
ttag +54 7; 
ttag +55 3; 
ttag +56 1; 
ttag +57 5; 
ttag +58 1; 
ttag +59 4; 
ttag +60 9; 
ttag +61 8; 
ttag +62 1; 
ttag +63 13; 
ttag +64 4; 
ttag +65 3; 
ttag +66 2; 
ttag +67 2; 
ttag +68 11; 
ttag +69 6; 
ttag +70 1; 
ttag +71 4; 
ttag +72 6; 
ttag +73 8; 
ttag +74 7; 
ttag +75 2; 
ttag +76 4; 
ttag +77 7; 
ttag +78 7; 
ttag +79 3; 
ttag +80 3; 
ttag +81 1; 
ttag +82 2; 
ttag +83 6; 
ttag +84 9; 
ttag +85 4; 
ttag +86 6; 
ttag +87 7; 
ttag +88 1; 
ttag +89 12; 
ttag +90 3; 
ttag +91 8; 
tread
'Tree with tags' 
(0 ((1 ((26 (27 (28 (29 30 ))))((39 ((31 (36 (37 38 )))((32 33 )(34 35 ))))((40 41 )(42 (43 ((44 45 )(46 47 ))))))))(((2 3 )(((4 5 )(6 7 ))(8 (9 (10 (11 12 ))))))((13 14 )((17 (15 16 ))(18 (19 ((20 21 )((22 23 )(24 25 )))))))))); 
ttag *!; 
ttag +0 ////; 
ttag +1 ////; 
ttag +2 ////; 
ttag +3 ////; 
ttag +4 ////; 
ttag +5 ////; 
ttag +6 ////; 
ttag +7 ////; 
ttag +8 ////; 
ttag +9 ////; 
ttag +10 ////; 
ttag +11 ////; 
ttag +12 ////; 
ttag +13 ////; 
ttag +14 ////; 
ttag +15 ////; 
ttag +16 ////; 
ttag +17 ////; 
ttag +18 ////; 
ttag +19 ////; 
ttag +20 ////; 
ttag +21 ////; 
ttag +22 ////; 
ttag +23 ////; 
ttag +24 ////; 
ttag +25 ////; 
ttag +26 ////; 
ttag +27 ////; 
ttag +28 ////; 
ttag +29 ////; 
ttag +30 ////; 
ttag +31 ////; 
ttag +32 ////; 
ttag +33 ////; 
ttag +34 ////; 
ttag +35 ////; 
ttag +36 ////; 
ttag +37 ////; 
ttag +38 ////; 
ttag +39 ////; 
ttag +40 ////; 
ttag +41 ////; 
ttag +42 ////; 
ttag +43 ////; 
ttag +44 ////; 
ttag +45 ////; 
ttag +46 ////; 
ttag +47 ////; 
ttag +48 ////; 
ttag +49 36/[1]/0/?/?; 
ttag +50 100/100/100/100/100; 
ttag +51 95/93/81/86/89; 
ttag +52 99/99/96/99/97; 
ttag +53 43/29/26/34/28; 
ttag +54 92/90/85/92/87; 
ttag +55 97/97/92/98/94; 
ttag +56 82/79/74/86/71; 
ttag +57 38/20/29/21/19; 
ttag +58 89/86/75/85/73; 
ttag +59 53/37/25/38/26; 
ttag +60 87/81/63/81/62; 
ttag +61 99/99/99/100/99; 
ttag +62 100/100/100/100/100; 
ttag +63 51/34/25/34/23; 
ttag +64 100/100/100/100/99; 
ttag +65 91/89/78/90/79; 
ttag +66 79/74/67/77/67; 
ttag +67 65/59/49/56/40; 
ttag +68 72/66/55/66/54; 
ttag +69 100/100/100/100/100; 
ttag +70 97/96/90/99/93; 
ttag +71 56/34/30/43/28; 
ttag +72 96/96/89/92/82; 
ttag +73 96/96/97/97/94; 
ttag +74 99/99/98/100/98; 
ttag +75 98/98/92/98/92; 
ttag +76 86/80/74/78/74; 
ttag +77 98/97/91/98/92; 
ttag +78 98/98/97/99/98; 
ttag +79 22/[24]/?/?/?; 
ttag +80 98/98/95/99/90; 
ttag +81 36/2/13/0/12; 
ttag +82 89/86/76/85/71; 
ttag +83 90/85/82/90/76; 
ttag +84 57/51/48/57/39; 
ttag +85 78/72/74/75/67; 
ttag +86 97/96/92/98/94; 
ttag +87 100/100/100/100/99; 
ttag +88 97/96/93/97/91; 
ttag +89 92/90/90/94/89; 
ttag +90 98/97/96/98/92; 
ttag +91 57/40/36/45/31; 
ttag +92 99/98/97/100/99; 
ttag +93 83/80/73/86/71; 
ttag +94 100/100/100/100/100; 
