tread
'Tree with tags' 
(0 ((1 (((13 14 )((15 16 )(17 (18 19 ((20 21 )((22 23 )(24 25 )))))))((26 (27 (28 (29 30 ))))((31 ((32 33 )(34 35 )(36 (37 38 ))))(39 ((40 41 )(42 (43 ((44 45 )(46 47 ))))))))))((2 3 )((6 7 (4 5 ))(9 (8 (10 (11 12 )))))))); 
ttag *!; 
ttag +49 1; 
ttag +50 ???; 
ttag +51 8; 
ttag +52 7; 
ttag +53 11; 
ttag +54 7; 
ttag +55 5; 
ttag +56 1; 
ttag +57 2; 
ttag +58 10; 
ttag +59 6; 
ttag +60 3; 
ttag +61 1; 
ttag +62 2; 
ttag +63 10; 
ttag +64 5; 
ttag +65 1; 
ttag +66 4; 
ttag +67 7; 
ttag +68 9; 
ttag +69 9; 
ttag +70 6; 
ttag +71 5; 
ttag +72 7; 
ttag +73 5; 
ttag +74 1; 
ttag +75 4; 
ttag +76 11; 
ttag +77 9; 
ttag +78 4; 
ttag +79 8; 
ttag +80 4; 
ttag +81 4; 
ttag +82 8; 
ttag +83 13; 
ttag +84 4; 
ttag +85 1; 
ttag +86 7; 
ttag +87 4; 
ttag +88 2; 
ttag +89 8; 
ttag +90 8; 
ttag +91 4; 
tread
'Tree with tags' 
(0 ((1 (((13 14 )((15 16 )(17 (19 (18 ((20 21 )((22 23 )(24 25 ))))))))((26 (27 (28 (29 30 ))))((31 (((32 33 )(34 35 ))(36 (37 38 ))))(39 ((40 41 )(42 (43 ((44 45 )(46 47 ))))))))))((2 3 )((7 (6 (4 5 )))(9 (8 (10 (11 12 )))))))); 
ttag *!; 
ttag +0 ////; 
ttag +1 ////; 
ttag +2 ////; 
ttag +3 ////; 
ttag +4 ////; 
ttag +5 ////; 
ttag +6 ////; 
ttag +7 ////; 
ttag +8 ////; 
ttag +9 ////; 
ttag +10 ////; 
ttag +11 ////; 
ttag +12 ////; 
ttag +13 ////; 
ttag +14 ////; 
ttag +15 ////; 
ttag +16 ////; 
ttag +17 ////; 
ttag +18 ////; 
ttag +19 ////; 
ttag +20 ////; 
ttag +21 ////; 
ttag +22 ////; 
ttag +23 ////; 
ttag +24 ////; 
ttag +25 ////; 
ttag +26 ////; 
ttag +27 ////; 
ttag +28 ////; 
ttag +29 ////; 
ttag +30 ////; 
ttag +31 ////; 
ttag +32 ////; 
ttag +33 ////; 
ttag +34 ////; 
ttag +35 ////; 
ttag +36 ////; 
ttag +37 ////; 
ttag +38 ////; 
ttag +39 ////; 
ttag +40 ////; 
ttag +41 ////; 
ttag +42 ////; 
ttag +43 ////; 
ttag +44 ////; 
ttag +45 ////; 
ttag +46 ////; 
ttag +47 ////; 
ttag +48 ////; 
ttag +49 44/32/20/26/6; 
ttag +50 100/100/100/100/100; 
ttag +51 99/99/100/100/97; 
ttag +52 97/96/96/99/94; 
ttag +53 100/100/100/100/100; 
ttag +54 32/[3]/9/?/0; 
ttag +55 98/97/98/99/96; 
ttag +56 95/94/83/94/83; 
ttag +57 61/44/32/51/32; 
ttag +58 82/77/74/78/73; 
ttag +59 100/100/99/100/99; 
ttag +60 98/98/95/99/96; 
ttag +61 83/78/70/81/77; 
ttag +62 42/32/18/34/17; 
ttag +63 56/48/42/51/35; 
ttag +64 100/100/100/100/100; 
ttag +65 93/92/88/94/84; 
ttag +66 64/60/37/52/48; 
ttag +67 28/[4]/?/?/?; 
ttag +68 84/78/65/81/70; 
ttag +69 100/100/100/100/100; 
ttag +70 99/99/95/98/94; 
ttag +71 99/99/99/100/100; 
ttag +72 97/96/92/98/92; 
ttag +73 91/86/70/90/75; 
ttag +74 100/100/100/100/97; 
ttag +75 90/86/78/90/77; 
ttag +76 50/29/22/35/24; 
ttag +77 94/93/83/95/86; 
ttag +78 100/100/100/100/100; 
ttag +79 100/100/95/100/93; 
ttag +80 82/79/66/78/68; 
ttag +81 100/100/100/100/100; 
ttag +82 2/0/?/?/?; 
ttag +83 82/79/65/85/61; 
ttag +84 96/95/93/94/85; 
ttag +85 99/99/94/100/92; 
ttag +86 100/100/100/100/100; 
ttag +87 81/78/60/77/64; 
ttag +88 61/43/31/48/36; 
ttag +89 99/99/94/99/95; 
ttag +90 91/88/76/89/78; 
ttag +91 78/64/54/65/61; 
ttag +92 99/98/98/100/98; 
ttag +93 99/99/96/99/96; 
ttag +94 97/96/91/96/94; 
