tread
'Tree with tags' 
(0 ((1 (((13 14 )((15 16 )(17 18 (19 ((20 21 )((22 23 )(24 25 )))))))((26 (27 (28 (29 30 ))))(39 (31 ((32 33 )((34 35 )(36 (37 38 )))))(40 41 (42 43 ((44 45 )(46 47 ))))))))((2 3 )((6 7 (4 5 ))((8 9 )(10 (11 12 ))))))); 
ttag *!; 
ttag +49 1; 
ttag +50 ???; 
ttag +51 10; 
ttag +52 5; 
ttag +53 2; 
ttag +54 7; 
ttag +55 2; 
ttag +56 2; 
ttag +57 2; 
ttag +58 5; 
ttag +59 12; 
ttag +60 9; 
ttag +61 1; 
ttag +62 2; 
ttag +63 7; 
ttag +64 2; 
ttag +65 1; 
ttag +66 2; 
ttag +67 7; 
ttag +68 8; 
ttag +69 9; 
ttag +70 7; 
ttag +71 2; 
ttag +72 5; 
ttag +73 2; 
ttag +74 3; 
ttag +75 8; 
ttag +76 5; 
ttag +77 11; 
ttag +78 8; 
ttag +79 3; 
ttag +80 2; 
ttag +81 4; 
ttag +82 2; 
ttag +83 19; 
ttag +84 11; 
ttag +85 8; 
ttag +86 6; 
ttag +87 7; 
ttag +88 1; 
ttag +89 4; 
tread
'Tree with tags' 
(0 ((1 (((13 14 )((15 16 )((17 18 )(19 ((20 21 )((22 23 )(24 25 )))))))((26 (27 (28 (29 30 ))))((31 ((32 33 )((34 35 )(36 (37 38 )))))(39 ((40 41 )(42 (43 ((44 45 )(46 47 ))))))))))((2 3 )(((4 5 )(6 7 ))((8 9 )(10 (11 12 ))))))); 
ttag *!; 
ttag +0 ////; 
ttag +1 ////; 
ttag +2 ////; 
ttag +3 ////; 
ttag +4 ////; 
ttag +5 ////; 
ttag +6 ////; 
ttag +7 ////; 
ttag +8 ////; 
ttag +9 ////; 
ttag +10 ////; 
ttag +11 ////; 
ttag +12 ////; 
ttag +13 ////; 
ttag +14 ////; 
ttag +15 ////; 
ttag +16 ////; 
ttag +17 ////; 
ttag +18 ////; 
ttag +19 ////; 
ttag +20 ////; 
ttag +21 ////; 
ttag +22 ////; 
ttag +23 ////; 
ttag +24 ////; 
ttag +25 ////; 
ttag +26 ////; 
ttag +27 ////; 
ttag +28 ////; 
ttag +29 ////; 
ttag +30 ////; 
ttag +31 ////; 
ttag +32 ////; 
ttag +33 ////; 
ttag +34 ////; 
ttag +35 ////; 
ttag +36 ////; 
ttag +37 ////; 
ttag +38 ////; 
ttag +39 ////; 
ttag +40 ////; 
ttag +41 ////; 
ttag +42 ////; 
ttag +43 ////; 
ttag +44 ////; 
ttag +45 ////; 
ttag +46 ////; 
ttag +47 ////; 
ttag +48 ////; 
ttag +49 10/[5]/?/0/?; 
ttag +50 100/100/100/100/100; 
ttag +51 100/100/100/100/99; 
ttag +52 72/62/56/64/51; 
ttag +53 69/61/50/62/52; 
ttag +54 98/97/96/100/94; 
ttag +55 60/48/46/40/37; 
ttag +56 27/[2]/6/3/?; 
ttag +57 46/10/1/2/?; 
ttag +58 37/24/17/18/12; 
ttag +59 92/90/82/93/79; 
ttag +60 100/100/100/100/100; 
ttag +61 100/100/100/100/100; 
ttag +62 47/40/29/31/22; 
ttag +63 18/2/?/5/2; 
ttag +64 99/99/97/99/96; 
ttag +65 80/77/79/73/68; 
ttag +66 16/[14]/?/?/?; 
ttag +67 45/20/18/28/24; 
ttag +68 60/40/32/43/28; 
ttag +69 100/100/100/100/100; 
ttag +70 98/98/96/98/92; 
ttag +71 99/99/98/99/97; 
ttag +72 100/100/98/100/98; 
ttag +73 78/72/48/79/60; 
ttag +74 94/92/88/94/89; 
ttag +75 75/69/62/74/62; 
ttag +76 96/95/85/90/76; 
ttag +77 100/100/100/100/100; 
ttag +78 97/96/92/98/92; 
ttag +79 99/99/100/100/98; 
ttag +80 98/98/96/100/94; 
ttag +81 84/80/66/78/72; 
ttag +82 80/74/62/75/48; 
ttag +83 98/97/92/97/88; 
ttag +84 74/70/56/71/55; 
ttag +85 100/100/100/100/99; 
ttag +86 100/100/99/100/99; 
ttag +87 30/[10]/?/1/?; 
ttag +88 13/[58]/?/?/?; 
ttag +89 100/100/98/98/96; 
ttag +90 97/96/96/97/90; 
ttag +91 32/8/8/13/?; 
ttag +92 100/100/98/99/100; 
ttag +93 43/33/30/32/13; 
ttag +94 95/94/84/93/88; 
