tread
'Tree with tags' 
(0 (1 (((((2 3 )(8 (9 (6 (7 (4 5 )))(10 (11 12 )))))(13 14 ))((15 16 )(17 (18 (19 ((20 21 )((22 23 )(24 25 ))))))))((26 (27 (28 (29 30 ))))(31 (((32 33 )(36 (37 38 )))(34 35 )))(39 ((40 41 )(42 43 ((44 45 )(46 47 ))))))))); 
ttag *!; 
ttag +49 ???; 
ttag +50 5; 
ttag +51 10; 
ttag +52 1; 
ttag +53 1; 
ttag +54 1; 
ttag +55 9; 
ttag +56 1; 
ttag +57 9; 
ttag +58 1; 
ttag +59 5; 
ttag +60 3; 
ttag +61 12; 
ttag +62 9; 
ttag +63 11; 
ttag +64 10; 
ttag +65 2; 
ttag +66 5; 
ttag +67 1; 
ttag +68 8; 
ttag +69 3; 
ttag +70 2; 
ttag +71 1; 
ttag +72 4; 
ttag +73 7; 
ttag +74 6; 
ttag +75 1; 
ttag +76 7; 
ttag +77 5; 
ttag +78 7; 
ttag +79 7; 
ttag +80 1; 
ttag +81 4; 
ttag +82 2; 
ttag +83 13; 
ttag +84 9; 
ttag +85 2; 
ttag +86 3; 
ttag +87 10; 
ttag +88 8; 
ttag +89 8; 
ttag +90 6; 
ttag +91 1; 
tread
'Tree with tags' 
(0 (1 (((((2 3 )(8 ((9 (6 (7 (4 5 ))))(10 (11 12 )))))(13 14 ))((15 16 )(17 (18 (19 ((20 21 )((22 23 )(24 25 ))))))))((26 (27 (28 (29 30 ))))((31 (((32 33 )(36 (37 38 )))(34 35 )))(39 ((40 41 )(43 (42 ((44 45 )(46 47 ))))))))))); 
ttag *!; 
ttag +0 ////; 
ttag +1 ////; 
ttag +2 ////; 
ttag +3 ////; 
ttag +4 ////; 
ttag +5 ////; 
ttag +6 ////; 
ttag +7 ////; 
ttag +8 ////; 
ttag +9 ////; 
ttag +10 ////; 
ttag +11 ////; 
ttag +12 ////; 
ttag +13 ////; 
ttag +14 ////; 
ttag +15 ////; 
ttag +16 ////; 
ttag +17 ////; 
ttag +18 ////; 
ttag +19 ////; 
ttag +20 ////; 
ttag +21 ////; 
ttag +22 ////; 
ttag +23 ////; 
ttag +24 ////; 
ttag +25 ////; 
ttag +26 ////; 
ttag +27 ////; 
ttag +28 ////; 
ttag +29 ////; 
ttag +30 ////; 
ttag +31 ////; 
ttag +32 ////; 
ttag +33 ////; 
ttag +34 ////; 
ttag +35 ////; 
ttag +36 ////; 
ttag +37 ////; 
ttag +38 ////; 
ttag +39 ////; 
ttag +40 ////; 
ttag +41 ////; 
ttag +42 ////; 
ttag +43 ////; 
ttag +44 ////; 
ttag +45 ////; 
ttag +46 ////; 
ttag +47 ////; 
ttag +48 ////; 
ttag +49 100/100/100/100/100; 
ttag +50 95/94/89/95/84; 
ttag +51 100/100/98/100/99; 
ttag +52 40/21/32/34/24; 
ttag +53 24/10/12/22/14; 
ttag +54 37/24/19/25/24; 
ttag +55 100/100/99/100/98; 
ttag +56 53/41/30/51/34; 
ttag +57 100/100/99/100/97; 
ttag +58 23/8/?/4/?; 
ttag +59 37/30/26/32/31; 
ttag +60 90/89/78/90/80; 
ttag +61 72/62/48/60/44; 
ttag +62 100/100/100/100/100; 
ttag +63 100/100/100/100/99; 
ttag +64 100/100/100/100/100; 
ttag +65 99/99/98/100/97; 
ttag +66 51/31/19/32/21; 
ttag +67 85/82/66/80/63; 
ttag +68 41/14/?/20/7; 
ttag +69 99/99/99/100/98; 
ttag +70 47/38/15/38/22; 
ttag +71 70/53/49/58/52; 
ttag +72 54/37/25/30/22; 
ttag +73 91/89/81/88/79; 
ttag +74 100/100/94/99/98; 
ttag +75 96/96/84/98/91; 
ttag +76 62/38/30/42/30; 
ttag +77 99/99/97/99/98; 
ttag +78 99/99/97/99/98; 
ttag +79 94/93/91/98/91; 
ttag +80 38/8/6/?/3; 
ttag +81 99/99/100/100/99; 
ttag +82 46/28/36/46/32; 
ttag +83 95/94/90/95/87; 
ttag +84 78/76/68/78/71; 
ttag +85 100/100/99/100/100; 
ttag +86 99/99/97/99/96; 
ttag +87 80/73/62/77/67; 
ttag +88 89/86/73/82/72; 
ttag +89 100/100/96/99/98; 
ttag +90 30/[19]/?/?/?; 
ttag +91 99/99/95/99/96; 
ttag +92 100/100/98/100/98; 
ttag +93 98/97/91/98/91; 
ttag +94 58/42/45/44/46; 
