tread
'Tree with tags' 
(0 (((1 ((3 (2 ((6 7 (4 5 ))(8 (9 (10 (11 12 )))))))((26 (27 (28 (29 30 ))))((39 (31 ((32 33 )(34 35 )(36 (37 38 )))))((40 41 )(42 43 ((44 45 )(46 47 ))))))))(13 14 ))((15 16 )(17 (18 19 ((20 21 )((22 23 )(24 25 )))))))); 
ttag *!; 
ttag +49 1; 
ttag +50 1; 
ttag +51 ???; 
ttag +52 1; 
ttag +53 6; 
ttag +54 1; 
ttag +55 10; 
ttag +56 8; 
ttag +57 2; 
ttag +58 1; 
ttag +59 1; 
ttag +60 5; 
ttag +61 8; 
ttag +62 5; 
ttag +63 13; 
ttag +64 7; 
ttag +65 3; 
ttag +66 5; 
ttag +67 6; 
ttag +68 5; 
ttag +69 6; 
ttag +70 5; 
ttag +71 1; 
ttag +72 6; 
ttag +73 9; 
ttag +74 3; 
ttag +75 1; 
ttag +76 7; 
ttag +77 4; 
ttag +78 2; 
ttag +79 1; 
ttag +80 2; 
ttag +81 4; 
ttag +82 6; 
ttag +83 9; 
ttag +84 1; 
ttag +85 3; 
ttag +86 7; 
ttag +87 10; 
ttag +88 7; 
ttag +89 6; 
ttag +90 2; 
tread
'Tree with tags' 
(0 (((1 ((3 (2 ((6 (7 (4 5 )))(8 (9 (10 (11 12 )))))))((26 (27 (28 (29 30 ))))((39 (31 ((32 33 )((34 35 )(36 (37 38 ))))))((40 41 )(42 (43 ((44 45 )(46 47 )))))))))(13 14 ))((15 16 )(17 (19 (18 ((20 21 )((22 23 )(24 25 ))))))))); 
ttag *!; 
ttag +0 ////; 
ttag +1 ////; 
ttag +2 ////; 
ttag +3 ////; 
ttag +4 ////; 
ttag +5 ////; 
ttag +6 ////; 
ttag +7 ////; 
ttag +8 ////; 
ttag +9 ////; 
ttag +10 ////; 
ttag +11 ////; 
ttag +12 ////; 
ttag +13 ////; 
ttag +14 ////; 
ttag +15 ////; 
ttag +16 ////; 
ttag +17 ////; 
ttag +18 ////; 
ttag +19 ////; 
ttag +20 ////; 
ttag +21 ////; 
ttag +22 ////; 
ttag +23 ////; 
ttag +24 ////; 
ttag +25 ////; 
ttag +26 ////; 
ttag +27 ////; 
ttag +28 ////; 
ttag +29 ////; 
ttag +30 ////; 
ttag +31 ////; 
ttag +32 ////; 
ttag +33 ////; 
ttag +34 ////; 
ttag +35 ////; 
ttag +36 ////; 
ttag +37 ////; 
ttag +38 ////; 
ttag +39 ////; 
ttag +40 ////; 
ttag +41 ////; 
ttag +42 ////; 
ttag +43 ////; 
ttag +44 ////; 
ttag +45 ////; 
ttag +46 ////; 
ttag +47 ////; 
ttag +48 ////; 
ttag +49 20/[9]/?/1/?; 
ttag +50 31/3/8/10/14; 
ttag +51 100/100/100/100/100; 
ttag +52 22/3/8/?/4; 
ttag +53 97/96/92/98/91; 
ttag +54 24/[6]/?/7/1; 
ttag +55 99/99/100/100/100; 
ttag +56 34/[3]/?/?/8; 
ttag +57 98/98/100/100/98; 
ttag +58 66/62/59/57/55; 
ttag +59 50/20/6/16/21; 
ttag +60 30/0/?/1/2; 
ttag +61 88/86/78/86/80; 
ttag +62 100/100/97/99/98; 
ttag +63 98/97/94/97/96; 
ttag +64 100/100/100/100/100; 
ttag +65 96/95/95/98/93; 
ttag +66 91/88/84/90/79; 
ttag +67 37/[4]/2/?/?; 
ttag +68 95/93/86/97/90; 
ttag +69 99/99/97/99/97; 
ttag +70 100/100/98/99/98; 
ttag +71 98/98/94/97/90; 
ttag +72 97/96/93/98/94; 
ttag +73 54/39/25/29/33; 
ttag +74 98/98/97/99/94; 
ttag +75 98/98/93/99/95; 
ttag +76 80/74/56/76/66; 
ttag +77 60/44/40/34/26; 
ttag +78 99/99/98/98/98; 
ttag +79 91/89/83/91/78; 
ttag +80 67/58/38/58/39; 
ttag +81 36/19/9/27/10; 
ttag +82 90/87/81/86/84; 
ttag +83 94/94/85/87/79; 
ttag +84 99/99/100/98/99; 
ttag +85 30/6/?/?/?; 
ttag +86 100/100/98/100/96; 
ttag +87 66/46/37/43/27; 
ttag +88 74/69/59/79/64; 
ttag +89 98/97/88/99/89; 
ttag +90 100/100/100/100/100; 
ttag +91 37/[3]/6/4/2; 
ttag +92 99/99/98/100/99; 
ttag +93 98/98/94/97/96; 
ttag +94 81/74/73/79/77; 
