tread
'Tree with tags' 
(0 (1 ((2 3 )(8 9 (6 7 (4 5 ))(10 (11 12 ))))(13 14 )((15 16 )(17 (18 19 ((20 21 )((22 23 )(24 25 ))))))((26 (27 (28 (29 30 ))))(39 (31 ((32 33 )(34 35 )(36 (37 38 ))))(40 41 )(42 (43 ((44 45 )(46 47 )))))))); 
ttag *!; 
ttag +49 ???; 
ttag +50 4; 
ttag +51 1; 
ttag +52 6; 
ttag +53 8; 
ttag +54 5; 
ttag +55 4; 
ttag +56 6; 
ttag +57 8; 
ttag +58 13; 
ttag +59 4; 
ttag +60 2; 
ttag +61 2; 
ttag +62 9; 
ttag +63 4; 
ttag +64 7; 
ttag +65 5; 
ttag +66 7; 
ttag +67 6; 
ttag +68 4; 
ttag +69 5; 
ttag +70 4; 
ttag +71 11; 
ttag +72 6; 
ttag +73 4; 
ttag +74 6; 
ttag +75 1; 
ttag +76 4; 
ttag +77 7; 
ttag +78 6; 
ttag +79 1; 
ttag +80 3; 
ttag +81 1; 
ttag +82 6; 
ttag +83 5; 
ttag +84 5; 
tread
'Tree with tags' 
(0 (((1 (((2 3 )((9 (8 ((4 5 )(6 7 ))))(10 (11 12 ))))((26 (27 (28 (29 30 ))))(39 ((31 (((32 33 )(36 (37 38 )))(34 35 )))((40 41 )(42 (43 ((44 45 )(46 47 ))))))))))(13 14 ))((15 16 )(17 (19 (18 ((20 21 )((22 23 )(24 25 ))))))))); 
ttag *!; 
ttag +0 ////; 
ttag +1 ////; 
ttag +2 ////; 
ttag +3 ////; 
ttag +4 ////; 
ttag +5 ////; 
ttag +6 ////; 
ttag +7 ////; 
ttag +8 ////; 
ttag +9 ////; 
ttag +10 ////; 
ttag +11 ////; 
ttag +12 ////; 
ttag +13 ////; 
ttag +14 ////; 
ttag +15 ////; 
ttag +16 ////; 
ttag +17 ////; 
ttag +18 ////; 
ttag +19 ////; 
ttag +20 ////; 
ttag +21 ////; 
ttag +22 ////; 
ttag +23 ////; 
ttag +24 ////; 
ttag +25 ////; 
ttag +26 ////; 
ttag +27 ////; 
ttag +28 ////; 
ttag +29 ////; 
ttag +30 ////; 
ttag +31 ////; 
ttag +32 ////; 
ttag +33 ////; 
ttag +34 ////; 
ttag +35 ////; 
ttag +36 ////; 
ttag +37 ////; 
ttag +38 ////; 
ttag +39 ////; 
ttag +40 ////; 
ttag +41 ////; 
ttag +42 ////; 
ttag +43 ////; 
ttag +44 ////; 
ttag +45 ////; 
ttag +46 ////; 
ttag +47 ////; 
ttag +48 ////; 
ttag +49 14/[4]/?/?/?; 
ttag +50 13/[5]/?/?/?; 
ttag +51 100/100/100/100/100; 
ttag +52 86/79/80/84/75; 
ttag +53 34/9/?/18/7; 
ttag +54 24/9/11/6/8; 
ttag +55 100/100/97/99/99; 
ttag +56 98/97/96/99/98; 
ttag +57 29/[13]/?/?/?; 
ttag +58 22/[20]/?/?/?; 
ttag +59 93/90/82/90/84; 
ttag +60 40/6/1/11/19; 
ttag +61 94/94/85/92/84; 
ttag +62 99/99/99/99/98; 
ttag +63 100/100/100/100/100; 
ttag +64 100/100/100/100/100; 
ttag +65 80/77/72/82/68; 
ttag +66 70/63/55/65/56; 
ttag +67 14/[6]/?/?/?; 
ttag +68 78/73/61/72/67; 
ttag +69 100/100/100/100/100; 
ttag +70 91/89/90/93/86; 
ttag +71 99/99/99/99/99; 
ttag +72 95/92/92/96/86; 
ttag +73 100/100/98/100/97; 
ttag +74 98/97/92/94/90; 
ttag +75 90/87/81/88/81; 
ttag +76 93/90/77/88/77; 
ttag +77 88/84/68/84/68; 
ttag +78 100/100/99/100/100; 
ttag +79 98/98/90/98/91; 
ttag +80 6/[16]/?/?/?; 
ttag +81 92/90/75/89/78; 
ttag +82 99/98/100/99/99; 
ttag +83 35/4/?/?/?; 
ttag +84 87/86/78/80/81; 
ttag +85 95/94/89/96/90; 
ttag +86 96/95/91/99/89; 
ttag +87 99/99/98/98/98; 
ttag +88 45/39/39/46/38; 
ttag +89 50/31/27/16/20; 
ttag +90 83/80/72/84/72; 
ttag +91 64/46/30/37/36; 
ttag +92 99/99/99/99/99; 
ttag +93 95/94/88/96/90; 
ttag +94 96/95/95/97/95; 
