tread
'Tree with tags' 
(0 (((1 (((2 3 )((4 5 )(6 7 )))((8 9 )(10 (11 12 )))))((13 14 )((15 16 )(17 (18 (19 ((20 21 )((22 23 )(24 25 )))))))))(39 (26 (27 (28 (29 30 ))))(31 (((32 33 )(36 (37 38 )))(34 35 )))((40 41 )(42 (43 ((44 45 )(46 47 )))))))); 
ttag *!; 
ttag +49 1; 
ttag +50 1; 
ttag +51 ???; 
ttag +52 7; 
ttag +53 1; 
ttag +54 7; 
ttag +55 10; 
ttag +56 9; 
ttag +57 7; 
ttag +58 2; 
ttag +59 5; 
ttag +60 6; 
ttag +61 7; 
ttag +62 6; 
ttag +63 1; 
ttag +64 12; 
ttag +65 8; 
ttag +66 2; 
ttag +67 9; 
ttag +68 1; 
ttag +69 10; 
ttag +70 6; 
ttag +71 5; 
ttag +72 5; 
ttag +73 4; 
ttag +74 8; 
ttag +75 6; 
ttag +76 4; 
ttag +77 2; 
ttag +78 13; 
ttag +79 2; 
ttag +80 2; 
ttag +81 1; 
ttag +82 3; 
ttag +83 5; 
ttag +84 12; 
ttag +85 6; 
ttag +86 1; 
ttag +87 6; 
ttag +88 6; 
ttag +89 2; 
ttag +90 8; 
ttag +91 7; 
ttag +92 5; 
tread
'Tree with tags' 
(0 (((1 (((2 3 )((4 5 )(6 7 )))((8 9 )(10 (11 12 )))))((13 14 )((15 16 )(17 (18 (19 ((20 21 )((22 23 )(24 25 )))))))))((39 ((26 (27 (28 (29 30 ))))((40 41 )(42 (43 ((44 45 )(46 47 )))))))(31 (((32 33 )(36 (37 38 )))(34 35 )))))); 
ttag *!; 
ttag +0 ////; 
ttag +1 ////; 
ttag +2 ////; 
ttag +3 ////; 
ttag +4 ////; 
ttag +5 ////; 
ttag +6 ////; 
ttag +7 ////; 
ttag +8 ////; 
ttag +9 ////; 
ttag +10 ////; 
ttag +11 ////; 
ttag +12 ////; 
ttag +13 ////; 
ttag +14 ////; 
ttag +15 ////; 
ttag +16 ////; 
ttag +17 ////; 
ttag +18 ////; 
ttag +19 ////; 
ttag +20 ////; 
ttag +21 ////; 
ttag +22 ////; 
ttag +23 ////; 
ttag +24 ////; 
ttag +25 ////; 
ttag +26 ////; 
ttag +27 ////; 
ttag +28 ////; 
ttag +29 ////; 
ttag +30 ////; 
ttag +31 ////; 
ttag +32 ////; 
ttag +33 ////; 
ttag +34 ////; 
ttag +35 ////; 
ttag +36 ////; 
ttag +37 ////; 
ttag +38 ////; 
ttag +39 ////; 
ttag +40 ////; 
ttag +41 ////; 
ttag +42 ////; 
ttag +43 ////; 
ttag +44 ////; 
ttag +45 ////; 
ttag +46 ////; 
ttag +47 ////; 
ttag +48 ////; 
ttag +49 39/19/17/26/12; 
ttag +50 63/46/41/44/35; 
ttag +51 100/100/100/100/100; 
ttag +52 100/100/95/99/98; 
ttag +53 46/24/18/26/14; 
ttag +54 100/100/98/98/96; 
ttag +55 100/100/100/100/100; 
ttag +56 100/100/98/99/97; 
ttag +57 99/99/96/98/97; 
ttag +58 81/76/71/74/66; 
ttag +59 96/95/88/96/88; 
ttag +60 99/98/95/99/92; 
ttag +61 100/100/97/100/97; 
ttag +62 98/97/90/97/96; 
ttag +63 59/48/35/50/36; 
ttag +64 100/100/100/100/99; 
ttag +65 98/98/99/99/98; 
ttag +66 70/64/48/69/53; 
ttag +67 99/99/98/100/100; 
ttag +68 55/51/38/50/32; 
ttag +69 100/100/99/100/100; 
ttag +70 96/96/86/96/91; 
ttag +71 93/91/88/96/82; 
ttag +72 99/98/91/97/92; 
ttag +73 88/83/71/82/70; 
ttag +74 100/100/98/100/98; 
ttag +75 18/[6]/?/?/?; 
ttag +76 12/[7]/?/?/?; 
ttag +77 96/96/94/97/92; 
ttag +78 90/87/80/88/82; 
ttag +79 83/79/70/79/70; 
ttag +80 100/100/99/100/100; 
ttag +81 80/75/70/73/64; 
ttag +82 83/80/65/74/73; 
ttag +83 67/60/50/57/52; 
ttag +84 85/78/70/79/72; 
ttag +85 97/97/95/97/95; 
ttag +86 100/100/100/100/100; 
ttag +87 96/94/94/98/92; 
ttag +88 71/61/51/60/40; 
ttag +89 98/97/96/99/96; 
ttag +90 94/91/82/90/82; 
ttag +91 77/67/69/76/71; 
ttag +92 99/99/99/100/97; 
ttag +93 99/99/98/98/97; 
ttag +94 98/98/94/97/94; 
