tread
'Tree with tags' 
(0 (1 ((2 3 )(((4 5 )(6 7 ))(8 9 (10 (11 12 )))))((13 14 )((15 16 )(17 (18 19 ((20 21 )((22 23 )(24 25 )))))))((26 (27 (28 (29 30 ))))(39 (31 (((32 33 )(36 (37 38 )))(34 35 )))((40 41 )(42 (43 ((44 45 )(46 47 ))))))))); 
ttag *!; 
ttag +49 ???; 
ttag +50 8; 
ttag +51 11; 
ttag +52 6; 
ttag +53 5; 
ttag +54 2; 
ttag +55 7; 
ttag +56 5; 
ttag +57 6; 
ttag +58 9; 
ttag +59 11; 
ttag +60 2; 
ttag +61 10; 
ttag +62 1; 
ttag +63 3; 
ttag +64 4; 
ttag +65 9; 
ttag +66 2; 
ttag +67 2; 
ttag +68 9; 
ttag +69 3; 
ttag +70 6; 
ttag +71 4; 
ttag +72 5; 
ttag +73 7; 
ttag +74 13; 
ttag +75 4; 
ttag +76 2; 
ttag +77 5; 
ttag +78 2; 
ttag +79 4; 
ttag +80 3; 
ttag +81 6; 
ttag +82 9; 
ttag +83 1; 
ttag +84 3; 
ttag +85 12; 
ttag +86 1; 
ttag +87 8; 
ttag +88 5; 
ttag +89 4; 
tread
'Tree with tags' 
(0 (((1 ((2 3 )(((4 5 )(6 7 ))(9 (8 (10 (11 12 )))))))((13 14 )((15 16 )(17 ((18 19 )((20 21 )((22 23 )(24 25 ))))))))((26 (27 (28 (29 30 ))))(39 ((31 (((32 33 )(36 (37 38 )))(34 35 )))((40 41 )(42 (43 ((44 45 )(46 47 )))))))))); 
ttag *!; 
ttag +0 ////; 
ttag +1 ////; 
ttag +2 ////; 
ttag +3 ////; 
ttag +4 ////; 
ttag +5 ////; 
ttag +6 ////; 
ttag +7 ////; 
ttag +8 ////; 
ttag +9 ////; 
ttag +10 ////; 
ttag +11 ////; 
ttag +12 ////; 
ttag +13 ////; 
ttag +14 ////; 
ttag +15 ////; 
ttag +16 ////; 
ttag +17 ////; 
ttag +18 ////; 
ttag +19 ////; 
ttag +20 ////; 
ttag +21 ////; 
ttag +22 ////; 
ttag +23 ////; 
ttag +24 ////; 
ttag +25 ////; 
ttag +26 ////; 
ttag +27 ////; 
ttag +28 ////; 
ttag +29 ////; 
ttag +30 ////; 
ttag +31 ////; 
ttag +32 ////; 
ttag +33 ////; 
ttag +34 ////; 
ttag +35 ////; 
ttag +36 ////; 
ttag +37 ////; 
ttag +38 ////; 
ttag +39 ////; 
ttag +40 ////; 
ttag +41 ////; 
ttag +42 ////; 
ttag +43 ////; 
ttag +44 ////; 
ttag +45 ////; 
ttag +46 ////; 
ttag +47 ////; 
ttag +48 ////; 
ttag +49 36/2/?/15/?; 
ttag +50 4/[29]/?/?/?; 
ttag +51 100/100/100/100/100; 
ttag +52 98/98/96/99/96; 
ttag +53 100/100/100/100/100; 
ttag +54 100/100/94/99/99; 
ttag +55 90/87/77/85/77; 
ttag +56 60/47/35/61/44; 
ttag +57 99/99/97/98/99; 
ttag +58 8/[39]/?/?/?; 
ttag +59 94/93/84/92/78; 
ttag +60 97/96/86/92/82; 
ttag +61 100/100/100/100/98; 
ttag +62 100/100/100/99/100; 
ttag +63 72/63/64/72/60; 
ttag +64 100/100/100/100/100; 
ttag +65 68/54/43/49/44; 
ttag +66 94/94/84/94/86; 
ttag +67 31/[3]/?/?/?; 
ttag +68 87/85/84/93/81; 
ttag +69 99/99/99/100/100; 
ttag +70 71/62/53/71/52; 
ttag +71 78/71/66/75/66; 
ttag +72 99/99/98/100/98; 
ttag +73 84/79/76/83/76; 
ttag +74 99/98/98/99/98; 
ttag +75 79/69/55/78/56; 
ttag +76 98/98/95/99/97; 
ttag +77 98/98/98/99/98; 
ttag +78 100/100/100/100/100; 
ttag +79 84/76/62/76/65; 
ttag +80 25/16/10/18/10; 
ttag +81 52/44/38/56/37; 
ttag +82 97/96/94/96/89; 
ttag +83 69/62/44/64/54; 
ttag +84 82/75/59/76/64; 
ttag +85 95/94/89/89/88; 
ttag +86 98/98/94/98/94; 
ttag +87 99/99/98/100/98; 
ttag +88 68/61/51/53/47; 
ttag +89 80/76/62/78/62; 
ttag +90 100/100/100/100/99; 
ttag +91 56/36/32/41/29; 
ttag +92 100/100/100/100/98; 
ttag +93 96/95/93/98/90; 
ttag +94 99/99/98/99/98; 
