tread
'Tree with tags' 
(0 ((1 ((2 3 )((6 7 (4 5 ))(8 9 (10 (11 12 ))))))((13 14 )((15 16 )(17 (18 (19 ((20 21 )((22 23 )(24 25 )))))))((27 (26 (28 (29 30 ))))((31 ((32 33 )((34 35 )(36 (37 38 )))))(39 ((40 41 )(42 (43 ((44 45 )(46 47 ))))))))))); 
ttag *!; 
ttag +49 1; 
ttag +50 ???; 
ttag +51 5; 
ttag +52 6; 
ttag +53 4; 
ttag +54 6; 
ttag +55 2; 
ttag +56 3; 
ttag +57 6; 
ttag +58 11; 
ttag +59 4; 
ttag +60 1; 
ttag +61 5; 
ttag +62 3; 
ttag +63 3; 
ttag +64 5; 
ttag +65 2; 
ttag +66 6; 
ttag +67 8; 
ttag +68 10; 
ttag +69 9; 
ttag +70 4; 
ttag +71 1; 
ttag +72 1; 
ttag +73 6; 
ttag +74 6; 
ttag +75 8; 
ttag +76 7; 
ttag +77 4; 
ttag +78 4; 
ttag +79 5; 
ttag +80 3; 
ttag +81 2; 
ttag +82 5; 
ttag +83 10; 
ttag +84 2; 
ttag +85 1; 
ttag +86 5; 
ttag +87 8; 
ttag +88 2; 
ttag +89 8; 
ttag +90 1; 
ttag +91 5; 
tread
'Tree with tags' 
(0 ((1 ((2 3 )((6 (7 (4 5 )))(8 (9 (10 (11 12 )))))))(((13 14 )((15 16 )(17 (18 (19 ((20 21 )((22 23 )(24 25 ))))))))((27 (26 (28 (29 30 ))))((31 ((32 33 )((34 35 )(36 (37 38 )))))(39 ((40 41 )(42 (43 ((44 45 )(46 47 ))))))))))); 
ttag *!; 
ttag +0 ////; 
ttag +1 ////; 
ttag +2 ////; 
ttag +3 ////; 
ttag +4 ////; 
ttag +5 ////; 
ttag +6 ////; 
ttag +7 ////; 
ttag +8 ////; 
ttag +9 ////; 
ttag +10 ////; 
ttag +11 ////; 
ttag +12 ////; 
ttag +13 ////; 
ttag +14 ////; 
ttag +15 ////; 
ttag +16 ////; 
ttag +17 ////; 
ttag +18 ////; 
ttag +19 ////; 
ttag +20 ////; 
ttag +21 ////; 
ttag +22 ////; 
ttag +23 ////; 
ttag +24 ////; 
ttag +25 ////; 
ttag +26 ////; 
ttag +27 ////; 
ttag +28 ////; 
ttag +29 ////; 
ttag +30 ////; 
ttag +31 ////; 
ttag +32 ////; 
ttag +33 ////; 
ttag +34 ////; 
ttag +35 ////; 
ttag +36 ////; 
ttag +37 ////; 
ttag +38 ////; 
ttag +39 ////; 
ttag +40 ////; 
ttag +41 ////; 
ttag +42 ////; 
ttag +43 ////; 
ttag +44 ////; 
ttag +45 ////; 
ttag +46 ////; 
ttag +47 ////; 
ttag +48 ////; 
ttag +49 55/40/43/34/28; 
ttag +50 100/100/100/100/100; 
ttag +51 98/98/93/98/92; 
ttag +52 99/99/96/99/94; 
ttag +53 97/96/91/96/93; 
ttag +54 28/[12]/10/5/11; 
ttag +55 98/96/90/94/86; 
ttag +56 84/78/64/78/60; 
ttag +57 82/80/70/82/70; 
ttag +58 33/[1]/?/6/?; 
ttag +59 96/95/86/95/85; 
ttag +60 100/100/100/100/99; 
ttag +61 91/86/75/91/76; 
ttag +62 11/[1]/2/2/?; 
ttag +63 54/44/38/42/49; 
ttag +64 99/99/96/99/95; 
ttag +65 89/87/78/85/80; 
ttag +66 82/74/63/74/60; 
ttag +67 96/96/96/97/94; 
ttag +68 75/71/61/70/62; 
ttag +69 100/100/97/99/97; 
ttag +70 100/100/100/100/100; 
ttag +71 100/100/100/100/99; 
ttag +72 100/100/99/99/99; 
ttag +73 90/89/89/94/87; 
ttag +74 75/67/52/55/50; 
ttag +75 66/50/36/44/31; 
ttag +76 98/98/96/99/95; 
ttag +77 98/98/99/100/97; 
ttag +78 100/100/98/100/98; 
ttag +79 100/100/93/97/93; 
ttag +80 92/90/86/90/84; 
ttag +81 92/89/88/93/84; 
ttag +82 96/95/90/97/91; 
ttag +83 80/74/62/77/64; 
ttag +84 78/74/63/68/68; 
ttag +85 96/96/89/95/81; 
ttag +86 100/100/99/100/100; 
ttag +87 88/86/78/80/78; 
ttag +88 48/37/23/43/30; 
ttag +89 95/93/87/94/83; 
ttag +90 98/98/98/99/98; 
ttag +91 77/72/54/72/52; 
ttag +92 100/100/97/99/99; 
ttag +93 60/42/34/33/27; 
ttag +94 96/94/92/94/95; 
