tread
'Tree with tags' 
(0 (1 ((((2 3 )((6 (7 (4 5 )))((8 9 )(10 (11 12 )))))((26 (27 (28 (29 30 ))))((39 (31 ((32 33 )(34 35 )(36 (37 38 )))))((40 41 )(42 43 (46 47 (44 45 )))))))((13 14 )(17 (15 16 )(18 (19 ((20 21 )((22 23 )(24 25 )))))))))); 
ttag *!; 
ttag +49 ???; 
ttag +50 5; 
ttag +51 6; 
ttag +52 1; 
ttag +53 1; 
ttag +54 5; 
ttag +55 2; 
ttag +56 8; 
ttag +57 1; 
ttag +58 2; 
ttag +59 2; 
ttag +60 6; 
ttag +61 6; 
ttag +62 9; 
ttag +63 3; 
ttag +64 15; 
ttag +65 7; 
ttag +66 2; 
ttag +67 2; 
ttag +68 6; 
ttag +69 2; 
ttag +70 13; 
ttag +71 7; 
ttag +72 3; 
ttag +73 7; 
ttag +74 3; 
ttag +75 5; 
ttag +76 9; 
ttag +77 7; 
ttag +78 8; 
ttag +79 1; 
ttag +80 7; 
ttag +81 10; 
ttag +82 4; 
ttag +83 1; 
ttag +84 12; 
ttag +85 3; 
ttag +86 2; 
ttag +87 8; 
ttag +88 2; 
ttag +89 2; 
ttag +90 5; 
tread
'Tree with tags' 
(0 (1 ((((2 3 )((6 (7 (4 5 )))((8 9 )(10 (11 12 )))))((26 (27 (28 (29 30 ))))((39 (31 (((32 33 )(34 35 ))(36 (37 38 )))))((40 41 )((42 43 )(46 (47 (44 45 ))))))))((13 14 )(17 ((15 16 )(18 (19 ((20 21 )((22 23 )(24 25 ))))))))))); 
ttag *!; 
ttag +0 ////; 
ttag +1 ////; 
ttag +2 ////; 
ttag +3 ////; 
ttag +4 ////; 
ttag +5 ////; 
ttag +6 ////; 
ttag +7 ////; 
ttag +8 ////; 
ttag +9 ////; 
ttag +10 ////; 
ttag +11 ////; 
ttag +12 ////; 
ttag +13 ////; 
ttag +14 ////; 
ttag +15 ////; 
ttag +16 ////; 
ttag +17 ////; 
ttag +18 ////; 
ttag +19 ////; 
ttag +20 ////; 
ttag +21 ////; 
ttag +22 ////; 
ttag +23 ////; 
ttag +24 ////; 
ttag +25 ////; 
ttag +26 ////; 
ttag +27 ////; 
ttag +28 ////; 
ttag +29 ////; 
ttag +30 ////; 
ttag +31 ////; 
ttag +32 ////; 
ttag +33 ////; 
ttag +34 ////; 
ttag +35 ////; 
ttag +36 ////; 
ttag +37 ////; 
ttag +38 ////; 
ttag +39 ////; 
ttag +40 ////; 
ttag +41 ////; 
ttag +42 ////; 
ttag +43 ////; 
ttag +44 ////; 
ttag +45 ////; 
ttag +46 ////; 
ttag +47 ////; 
ttag +48 ////; 
ttag +49 100/100/100/100/100; 
ttag +50 95/93/92/94/91; 
ttag +51 96/95/92/95/93; 
ttag +52 35/19/10/8/12; 
ttag +53 36/20/13/9/16; 
ttag +54 93/91/81/94/82; 
ttag +55 65/58/33/50/36; 
ttag +56 99/99/94/99/96; 
ttag +57 66/62/57/64/58; 
ttag +58 84/81/64/74/63; 
ttag +59 68/60/44/60/47; 
ttag +60 97/97/94/97/90; 
ttag +61 100/100/100/100/99; 
ttag +62 100/100/98/99/100; 
ttag +63 77/73/60/82/63; 
ttag +64 100/100/100/100/99; 
ttag +65 20/0/?/6/4; 
ttag +66 95/94/90/96/86; 
ttag +67 70/63/52/66/55; 
ttag +68 48/34/18/18/15; 
ttag +69 100/100/99/100/99; 
ttag +70 49/34/22/26/22; 
ttag +71 100/100/100/100/100; 
ttag +72 95/94/89/94/89; 
ttag +73 86/83/69/84/69; 
ttag +74 98/97/95/97/96; 
ttag +75 74/64/53/67/51; 
ttag +76 96/95/92/94/95; 
ttag +77 100/100/99/99/96; 
ttag +78 99/98/98/99/98; 
ttag +79 100/100/98/100/98; 
ttag +80 49/22/11/22/5; 
ttag +81 99/98/97/100/95; 
ttag +82 100/100/100/100/100; 
ttag +83 34/[3]/10/7/2; 
ttag +84 84/76/67/85/66; 
ttag +85 66/58/47/57/43; 
ttag +86 100/100/100/100/100; 
ttag +87 92/89/82/86/85; 
ttag +88 78/72/64/67/65; 
ttag +89 99/99/97/99/98; 
ttag +90 30/[2]/?/0/?; 
ttag +91 79/76/67/79/74; 
ttag +92 76/65/48/64/50; 
ttag +93 33/[8]/?/?/?; 
ttag +94 93/90/81/91/84; 
