tread
'Tree with tags' 
(0 (1 ((2 3 )(8 9 ((4 5 )(6 7 ))(10 (11 12 ))))(13 14 )((15 16 )(17 (18 (19 ((20 21 )((22 23 )(24 25 )))))))((26 (27 (28 (29 30 ))))(39 (31 ((32 33 )((34 35 )(36 (37 38 )))))((40 41 )(42 (43 ((44 45 )(46 47 ))))))))); 
ttag *!; 
ttag +49 ???; 
ttag +50 7; 
ttag +51 4; 
ttag +52 6; 
ttag +53 4; 
ttag +54 3; 
ttag +55 5; 
ttag +56 7; 
ttag +57 9; 
ttag +58 6; 
ttag +59 11; 
ttag +60 1; 
ttag +61 2; 
ttag +62 5; 
ttag +63 3; 
ttag +64 8; 
ttag +65 8; 
ttag +66 6; 
ttag +67 6; 
ttag +68 1; 
ttag +69 5; 
ttag +70 1; 
ttag +71 1; 
ttag +72 1; 
ttag +73 13; 
ttag +74 2; 
ttag +75 3; 
ttag +76 3; 
ttag +77 7; 
ttag +78 3; 
ttag +79 2; 
ttag +80 7; 
ttag +81 5; 
ttag +82 3; 
ttag +83 3; 
ttag +84 8; 
ttag +85 7; 
ttag +86 7; 
ttag +87 4; 
ttag +88 5; 
tread
'Tree with tags' 
(0 ((((1 ((15 16 )(17 (18 (19 ((20 21 )((22 23 )(24 25 ))))))))((26 (27 (28 (29 30 ))))((31 ((32 33 )((34 35 )(36 (37 38 )))))(39 ((40 41 )(42 (43 ((44 45 )(46 47 )))))))))((2 3 )((((4 5 )(6 7 ))(8 9 ))(10 (11 12 )))))(13 14 ))); 
ttag *!; 
ttag +0 ////; 
ttag +1 ////; 
ttag +2 ////; 
ttag +3 ////; 
ttag +4 ////; 
ttag +5 ////; 
ttag +6 ////; 
ttag +7 ////; 
ttag +8 ////; 
ttag +9 ////; 
ttag +10 ////; 
ttag +11 ////; 
ttag +12 ////; 
ttag +13 ////; 
ttag +14 ////; 
ttag +15 ////; 
ttag +16 ////; 
ttag +17 ////; 
ttag +18 ////; 
ttag +19 ////; 
ttag +20 ////; 
ttag +21 ////; 
ttag +22 ////; 
ttag +23 ////; 
ttag +24 ////; 
ttag +25 ////; 
ttag +26 ////; 
ttag +27 ////; 
ttag +28 ////; 
ttag +29 ////; 
ttag +30 ////; 
ttag +31 ////; 
ttag +32 ////; 
ttag +33 ////; 
ttag +34 ////; 
ttag +35 ////; 
ttag +36 ////; 
ttag +37 ////; 
ttag +38 ////; 
ttag +39 ////; 
ttag +40 ////; 
ttag +41 ////; 
ttag +42 ////; 
ttag +43 ////; 
ttag +44 ////; 
ttag +45 ////; 
ttag +46 ////; 
ttag +47 ////; 
ttag +48 ////; 
ttag +49 11/[16]/?/?/?; 
ttag +50 7/[20]/?/?/?; 
ttag +51 11/[16]/?/?/?; 
ttag +52 100/100/100/100/100; 
ttag +53 100/100/98/98/98; 
ttag +54 93/90/86/92/86; 
ttag +55 100/100/96/98/94; 
ttag +56 93/90/82/88/87; 
ttag +57 34/6/10/7/6; 
ttag +58 90/88/81/89/83; 
ttag +59 97/97/88/94/87; 
ttag +60 38/11/18/11/9; 
ttag +61 99/99/96/100/98; 
ttag +62 100/100/100/99/99; 
ttag +63 100/100/99/100/98; 
ttag +64 100/100/100/100/100; 
ttag +65 50/36/42/40/30; 
ttag +66 91/87/77/88/81; 
ttag +67 99/99/96/99/98; 
ttag +68 92/90/82/92/81; 
ttag +69 99/99/99/100/99; 
ttag +70 100/100/100/100/100; 
ttag +71 98/97/94/97/97; 
ttag +72 98/98/94/98/95; 
ttag +73 58/33/28/30/17; 
ttag +74 98/97/95/97/94; 
ttag +75 65/49/40/52/41; 
ttag +76 56/42/28/40/38; 
ttag +77 54/44/27/40/44; 
ttag +78 100/100/100/100/100; 
ttag +79 67/59/52/62/42; 
ttag +80 98/97/91/94/89; 
ttag +81 93/89/82/90/82; 
ttag +82 97/96/94/96/94; 
ttag +83 92/90/88/92/89; 
ttag +84 70/59/53/64/50; 
ttag +85 100/100/92/97/96; 
ttag +86 97/96/94/94/91; 
ttag +87 30/[1]/?/?/?; 
ttag +88 90/89/83/92/86; 
ttag +89 67/59/41/58/39; 
ttag +90 99/98/100/100/99; 
ttag +91 97/96/93/96/92; 
ttag +92 99/99/99/100/98; 
ttag +93 84/79/70/81/62; 
ttag +94 97/96/93/97/91; 
