tread
'Tree with tags' 
(0 (1 (((((2 3 )((4 5 )(6 7 )))((8 9 )(10 (11 12 ))))(13 14 ))(((17 (15 16 ))(18 (19 ((20 21 )((22 23 )(24 25 ))))))((26 (27 (28 (29 30 ))))(39 ((31 ((32 33 )(34 35 )(36 (37 38 ))))((40 41 )(42 (43 ((44 45 )(46 47 )))))))))))); 
ttag *!; 
ttag +49 ???; 
ttag +50 7; 
ttag +51 1; 
ttag +52 7; 
ttag +53 2; 
ttag +54 1; 
ttag +55 5; 
ttag +56 6; 
ttag +57 4; 
ttag +58 3; 
ttag +59 3; 
ttag +60 6; 
ttag +61 8; 
ttag +62 7; 
ttag +63 13; 
ttag +64 1; 
ttag +65 6; 
ttag +66 1; 
ttag +67 2; 
ttag +68 1; 
ttag +69 2; 
ttag +70 7; 
ttag +71 5; 
ttag +72 6; 
ttag +73 1; 
ttag +74 5; 
ttag +75 6; 
ttag +76 3; 
ttag +77 4; 
ttag +78 15; 
ttag +79 5; 
ttag +80 2; 
ttag +81 6; 
ttag +82 5; 
ttag +83 5; 
ttag +84 5; 
ttag +85 8; 
ttag +86 12; 
ttag +87 4; 
ttag +88 5; 
ttag +89 8; 
ttag +90 3; 
ttag +91 12; 
ttag +92 3; 
ttag +93 1; 
tread
'Tree with tags' 
(0 (1 (((((2 3 )((4 5 )(6 7 )))((8 9 )(10 (11 12 ))))(13 14 ))(((17 (15 16 ))(18 (19 ((20 21 )((22 23 )(24 25 ))))))((26 (27 (28 (29 30 ))))(39 ((31 (((32 33 )(34 35 ))(36 (37 38 ))))((40 41 )(42 (43 ((44 45 )(46 47 )))))))))))); 
ttag *!; 
ttag +0 ////; 
ttag +1 ////; 
ttag +2 ////; 
ttag +3 ////; 
ttag +4 ////; 
ttag +5 ////; 
ttag +6 ////; 
ttag +7 ////; 
ttag +8 ////; 
ttag +9 ////; 
ttag +10 ////; 
ttag +11 ////; 
ttag +12 ////; 
ttag +13 ////; 
ttag +14 ////; 
ttag +15 ////; 
ttag +16 ////; 
ttag +17 ////; 
ttag +18 ////; 
ttag +19 ////; 
ttag +20 ////; 
ttag +21 ////; 
ttag +22 ////; 
ttag +23 ////; 
ttag +24 ////; 
ttag +25 ////; 
ttag +26 ////; 
ttag +27 ////; 
ttag +28 ////; 
ttag +29 ////; 
ttag +30 ////; 
ttag +31 ////; 
ttag +32 ////; 
ttag +33 ////; 
ttag +34 ////; 
ttag +35 ////; 
ttag +36 ////; 
ttag +37 ////; 
ttag +38 ////; 
ttag +39 ////; 
ttag +40 ////; 
ttag +41 ////; 
ttag +42 ////; 
ttag +43 ////; 
ttag +44 ////; 
ttag +45 ////; 
ttag +46 ////; 
ttag +47 ////; 
ttag +48 ////; 
ttag +49 100/100/100/100/100; 
ttag +50 98/98/97/98/94; 
ttag +51 36/4/0/10/?; 
ttag +52 98/97/95/98/94; 
ttag +53 46/21/14/17/6; 
ttag +54 60/54/36/46/37; 
ttag +55 96/94/88/97/86; 
ttag +56 96/95/88/94/87; 
ttag +57 91/88/81/89/83; 
ttag +58 63/50/44/52/42; 
ttag +59 82/80/69/83/69; 
ttag +60 93/90/84/97/86; 
ttag +61 98/98/97/96/92; 
ttag +62 99/99/100/100/100; 
ttag +63 99/99/100/100/100; 
ttag +64 50/29/28/20/26; 
ttag +65 93/92/80/91/80; 
ttag +66 24/[1]/?/?/?; 
ttag +67 68/55/44/66/44; 
ttag +68 48/36/38/40/31; 
ttag +69 93/93/91/92/91; 
ttag +70 98/98/96/98/92; 
ttag +71 98/98/90/96/95; 
ttag +72 99/98/94/98/92; 
ttag +73 60/41/39/52/44; 
ttag +74 86/80/78/86/76; 
ttag +75 98/97/90/97/90; 
ttag +76 84/81/75/82/69; 
ttag +77 92/89/79/88/76; 
ttag +78 100/100/100/100/100; 
ttag +79 96/96/89/95/93; 
ttag +80 60/45/43/43/45; 
ttag +81 96/94/91/96/94; 
ttag +82 96/96/95/96/90; 
ttag +83 36/[4]/?/7/?; 
ttag +84 99/99/94/99/95; 
ttag +85 99/99/98/98/97; 
ttag +86 100/100/99/100/98; 
ttag +87 100/100/99/100/100; 
ttag +88 84/78/69/89/70; 
ttag +89 99/99/98/97/98; 
ttag +90 99/99/96/99/96; 
ttag +91 87/81/71/86/74; 
ttag +92 100/100/100/100/100; 
ttag +93 82/75/67/82/60; 
ttag +94 60/46/34/45/35; 
