tread
'Tree with tags' 
(0 (1 (((2 3 )(((4 5 )(6 7 ))(8 (9 (10 (11 12 ))))))((13 14 )(((15 16 )(17 (18 (19 ((20 21 )((22 23 )(24 25 )))))))(((26 (27 28 ))(29 30 ))((31 ((32 33 )(34 35 )(36 (37 38 ))))(39 (40 (41 (42 (43 ((44 45 )(46 47 )))))))))))))); 
ttag *!; 
ttag +49 ???; 
ttag +50 11; 
ttag +51 4; 
ttag +52 1; 
ttag +53 9; 
ttag +54 6; 
ttag +55 6; 
ttag +56 2; 
ttag +57 3; 
ttag +58 2; 
ttag +59 10; 
ttag +60 12; 
ttag +61 9; 
ttag +62 1; 
ttag +63 7; 
ttag +64 3; 
ttag +65 1; 
ttag +66 2; 
ttag +67 1; 
ttag +68 4; 
ttag +69 7; 
ttag +70 6; 
ttag +71 13; 
ttag +72 7; 
ttag +73 7; 
ttag +74 1; 
ttag +75 9; 
ttag +76 5; 
ttag +77 1; 
ttag +78 6; 
ttag +79 9; 
ttag +80 2; 
ttag +81 4; 
ttag +82 3; 
ttag +83 5; 
ttag +84 10; 
ttag +85 8; 
ttag +86 3; 
ttag +87 5; 
ttag +88 3; 
ttag +89 10; 
ttag +90 6; 
ttag +91 3; 
ttag +92 13; 
ttag +93 6; 
tread
'Tree with tags' 
(0 (1 (((2 3 )(((4 5 )(6 7 ))(8 (9 (10 (11 12 ))))))((13 14 )(((15 16 )(17 (18 (19 ((20 21 )((22 23 )(24 25 )))))))(((26 (27 28 ))(29 30 ))((31 ((32 33 )((34 35 )(36 (37 38 )))))(39 (40 (41 (42 (43 ((44 45 )(46 47 )))))))))))))); 
ttag *!; 
ttag +0 ////; 
ttag +1 ////; 
ttag +2 ////; 
ttag +3 ////; 
ttag +4 ////; 
ttag +5 ////; 
ttag +6 ////; 
ttag +7 ////; 
ttag +8 ////; 
ttag +9 ////; 
ttag +10 ////; 
ttag +11 ////; 
ttag +12 ////; 
ttag +13 ////; 
ttag +14 ////; 
ttag +15 ////; 
ttag +16 ////; 
ttag +17 ////; 
ttag +18 ////; 
ttag +19 ////; 
ttag +20 ////; 
ttag +21 ////; 
ttag +22 ////; 
ttag +23 ////; 
ttag +24 ////; 
ttag +25 ////; 
ttag +26 ////; 
ttag +27 ////; 
ttag +28 ////; 
ttag +29 ////; 
ttag +30 ////; 
ttag +31 ////; 
ttag +32 ////; 
ttag +33 ////; 
ttag +34 ////; 
ttag +35 ////; 
ttag +36 ////; 
ttag +37 ////; 
ttag +38 ////; 
ttag +39 ////; 
ttag +40 ////; 
ttag +41 ////; 
ttag +42 ////; 
ttag +43 ////; 
ttag +44 ////; 
ttag +45 ////; 
ttag +46 ////; 
ttag +47 ////; 
ttag +48 ////; 
ttag +49 100/100/100/100/100; 
ttag +50 100/100/100/100/100; 
ttag +51 89/87/77/88/72; 
ttag +52 42/32/23/32/22; 
ttag +53 99/99/100/100/100; 
ttag +54 97/97/90/100/93; 
ttag +55 95/93/84/92/82; 
ttag +56 64/44/37/50/31; 
ttag +57 79/74/60/80/62; 
ttag +58 65/50/26/64/32; 
ttag +59 95/94/88/95/89; 
ttag +60 100/100/100/100/99; 
ttag +61 99/99/99/100/99; 
ttag +62 27/7/?/6/?; 
ttag +63 99/98/95/99/97; 
ttag +64 85/83/69/74/64; 
ttag +65 42/22/20/26/10; 
ttag +66 57/44/44/46/36; 
ttag +67 48/24/20/40/35; 
ttag +68 79/74/63/83/66; 
ttag +69 100/100/99/100/100; 
ttag +70 94/94/84/96/86; 
ttag +71 100/100/100/100/100; 
ttag +72 98/98/94/99/94; 
ttag +73 97/96/93/98/94; 
ttag +74 40/12/?/4/3; 
ttag +75 99/99/98/100/98; 
ttag +76 94/94/86/95/84; 
ttag +77 30/2/?/?/?; 
ttag +78 97/97/92/94/90; 
ttag +79 98/98/96/97/94; 
ttag +80 83/80/67/76/65; 
ttag +81 97/96/93/96/91; 
ttag +82 86/82/72/84/77; 
ttag +83 98/98/96/98/96; 
ttag +84 30/[10]/?/?/?; 
ttag +85 98/98/95/100/95; 
ttag +86 98/97/92/97/91; 
ttag +87 85/82/66/78/66; 
ttag +88 90/88/79/91/82; 
ttag +89 82/73/56/73/58; 
ttag +90 98/97/95/99/94; 
ttag +91 96/96/92/95/91; 
ttag +92 85/82/68/85/75; 
ttag +93 100/100/99/100/100; 
ttag +94 98/97/94/95/93; 
