tread
'Tree with tags' 
(0 (1 ((2 3 )((6 7 (4 5 ))(8 9 )(10 (11 12 ))))(13 14 )((15 16 )(17 (18 (19 ((20 21 )((22 23 )(24 25 )))))))((26 27 (28 (29 30 )))((31 (((32 33 )(34 35 ))(36 (37 38 ))))(39 ((40 41 )(42 (43 ((44 45 )(46 47 )))))))))); 
ttag *!; 
ttag +49 ???; 
ttag +50 5; 
ttag +51 9; 
ttag +52 6; 
ttag +53 9; 
ttag +54 2; 
ttag +55 3; 
ttag +56 5; 
ttag +57 9; 
ttag +58 8; 
ttag +59 9; 
ttag +60 5; 
ttag +61 1; 
ttag +62 2; 
ttag +63 1; 
ttag +64 11; 
ttag +65 4; 
ttag +66 7; 
ttag +67 6; 
ttag +68 8; 
ttag +69 8; 
ttag +70 8; 
ttag +71 9; 
ttag +72 8; 
ttag +73 4; 
ttag +74 3; 
ttag +75 3; 
ttag +76 1; 
ttag +77 6; 
ttag +78 5; 
ttag +79 14; 
ttag +80 8; 
ttag +81 3; 
ttag +82 3; 
ttag +83 6; 
ttag +84 11; 
ttag +85 2; 
ttag +86 9; 
ttag +87 2; 
ttag +88 3; 
tread
'Tree with tags' 
(0 ((1 (((2 3 )((6 (7 (4 5 )))((8 9 )(10 (11 12 )))))(((26 27 )(28 (29 30 )))((31 (((32 33 )(34 35 ))(36 (37 38 ))))(39 ((40 41 )(42 (43 ((44 45 )(46 47 ))))))))))((13 14 )((15 16 )(17 (18 (19 ((20 21 )((22 23 )(24 25 )))))))))); 
ttag *!; 
ttag +0 ////; 
ttag +1 ////; 
ttag +2 ////; 
ttag +3 ////; 
ttag +4 ////; 
ttag +5 ////; 
ttag +6 ////; 
ttag +7 ////; 
ttag +8 ////; 
ttag +9 ////; 
ttag +10 ////; 
ttag +11 ////; 
ttag +12 ////; 
ttag +13 ////; 
ttag +14 ////; 
ttag +15 ////; 
ttag +16 ////; 
ttag +17 ////; 
ttag +18 ////; 
ttag +19 ////; 
ttag +20 ////; 
ttag +21 ////; 
ttag +22 ////; 
ttag +23 ////; 
ttag +24 ////; 
ttag +25 ////; 
ttag +26 ////; 
ttag +27 ////; 
ttag +28 ////; 
ttag +29 ////; 
ttag +30 ////; 
ttag +31 ////; 
ttag +32 ////; 
ttag +33 ////; 
ttag +34 ////; 
ttag +35 ////; 
ttag +36 ////; 
ttag +37 ////; 
ttag +38 ////; 
ttag +39 ////; 
ttag +40 ////; 
ttag +41 ////; 
ttag +42 ////; 
ttag +43 ////; 
ttag +44 ////; 
ttag +45 ////; 
ttag +46 ////; 
ttag +47 ////; 
ttag +48 ////; 
ttag +49 24/[8]/?/?/?; 
ttag +50 100/100/100/100/100; 
ttag +51 96/94/92/94/94; 
ttag +52 100/100/99/100/98; 
ttag +53 24/[7]/?/?/?; 
ttag +54 97/96/94/98/96; 
ttag +55 36/[1]/?/?/?; 
ttag +56 100/100/100/100/100; 
ttag +57 65/54/42/54/50; 
ttag +58 94/93/91/94/87; 
ttag +59 45/21/15/22/16; 
ttag +60 85/75/74/80/76; 
ttag +61 100/100/100/100/100; 
ttag +62 99/99/100/100/98; 
ttag +63 24/[7]/?/?/?; 
ttag +64 98/97/94/98/92; 
ttag +65 98/98/93/99/99; 
ttag +66 42/28/16/30/22; 
ttag +67 62/48/34/52/34; 
ttag +68 45/18/5/26/12; 
ttag +69 100/100/100/100/100; 
ttag +70 83/79/69/84/70; 
ttag +71 99/99/99/98/97; 
ttag +72 97/97/85/95/86; 
ttag +73 100/100/96/100/98; 
ttag +74 35/[7]/?/?/?; 
ttag +75 100/100/98/100/98; 
ttag +76 99/98/96/99/96; 
ttag +77 100/100/99/100/99; 
ttag +78 100/100/100/100/98; 
ttag +79 95/94/87/93/86; 
ttag +80 78/73/73/83/76; 
ttag +81 95/95/89/95/88; 
ttag +82 67/65/57/66/61; 
ttag +83 99/99/96/100/97; 
ttag +84 94/93/87/96/89; 
ttag +85 100/100/100/100/100; 
ttag +86 98/98/98/99/98; 
ttag +87 85/80/76/86/77; 
ttag +88 81/72/70/83/70; 
ttag +89 89/84/80/92/84; 
ttag +90 99/99/98/100/98; 
ttag +91 67/56/41/61/38; 
ttag +92 100/100/100/100/100; 
ttag +93 70/61/51/70/50; 
ttag +94 92/88/86/89/88; 
