tread
'Tree with tags' 
(0 ((1 ((13 14 )(((15 16 )(17 (18 (19 ((20 21 )((22 23 )(24 25 )))))))(27 ((26 ((31 ((32 33 )((34 35 )(36 (37 38 )))))(39 ((42 (40 41 ))(43 ((44 45 )(46 47 )))))))(28 (29 30 )))))))((2 3 )(4 5 (6 7 ))((8 9 )(10 (11 12 )))))); 
ttag *!; 
ttag +49 2; 
ttag +50 ???; 
ttag +51 8; 
ttag +52 7; 
ttag +53 7; 
ttag +54 1; 
ttag +55 1; 
ttag +56 2; 
ttag +57 2; 
ttag +58 2; 
ttag +59 4; 
ttag +60 1; 
ttag +61 6; 
ttag +62 2; 
ttag +63 1; 
ttag +64 2; 
ttag +65 3; 
ttag +66 2; 
ttag +67 7; 
ttag +68 9; 
ttag +69 9; 
ttag +70 9; 
ttag +71 5; 
ttag +72 1; 
ttag +73 1; 
ttag +74 5; 
ttag +75 5; 
ttag +76 10; 
ttag +77 8; 
ttag +78 7; 
ttag +79 7; 
ttag +80 4; 
ttag +81 5; 
ttag +82 1; 
ttag +83 12; 
ttag +84 7; 
ttag +85 2; 
ttag +86 4; 
ttag +87 1; 
ttag +88 9; 
ttag +89 3; 
ttag +90 7; 
ttag +91 5; 
ttag +92 1; 
tread
'Tree with tags' 
(0 ((1 ((13 14 )(((15 16 )(17 (18 (19 ((20 21 )((22 23 )(24 25 )))))))(27 ((26 ((31 ((32 33 )((34 35 )(36 (37 38 )))))(39 ((42 (40 41 ))(43 ((44 45 )(46 47 )))))))(28 (29 30 )))))))((2 3 )(((4 5 )(6 7 ))((8 9 )(10 (11 12 ))))))); 
ttag *!; 
ttag +0 ////; 
ttag +1 ////; 
ttag +2 ////; 
ttag +3 ////; 
ttag +4 ////; 
ttag +5 ////; 
ttag +6 ////; 
ttag +7 ////; 
ttag +8 ////; 
ttag +9 ////; 
ttag +10 ////; 
ttag +11 ////; 
ttag +12 ////; 
ttag +13 ////; 
ttag +14 ////; 
ttag +15 ////; 
ttag +16 ////; 
ttag +17 ////; 
ttag +18 ////; 
ttag +19 ////; 
ttag +20 ////; 
ttag +21 ////; 
ttag +22 ////; 
ttag +23 ////; 
ttag +24 ////; 
ttag +25 ////; 
ttag +26 ////; 
ttag +27 ////; 
ttag +28 ////; 
ttag +29 ////; 
ttag +30 ////; 
ttag +31 ////; 
ttag +32 ////; 
ttag +33 ////; 
ttag +34 ////; 
ttag +35 ////; 
ttag +36 ////; 
ttag +37 ////; 
ttag +38 ////; 
ttag +39 ////; 
ttag +40 ////; 
ttag +41 ////; 
ttag +42 ////; 
ttag +43 ////; 
ttag +44 ////; 
ttag +45 ////; 
ttag +46 ////; 
ttag +47 ////; 
ttag +48 ////; 
ttag +49 48/42/32/42/32; 
ttag +50 100/100/100/100/100; 
ttag +51 99/99/100/99/100; 
ttag +52 99/98/96/99/98; 
ttag +53 31/4/9/2/6; 
ttag +54 98/98/95/98/96; 
ttag +55 52/22/24/24/30; 
ttag +56 61/36/23/42/31; 
ttag +57 55/48/35/49/36; 
ttag +58 64/54/44/67/50; 
ttag +59 70/59/53/70/52; 
ttag +60 81/71/70/71/74; 
ttag +61 94/93/85/95/87; 
ttag +62 23/7/11/?/?; 
ttag +63 97/97/96/99/96; 
ttag +64 72/65/60/67/71; 
ttag +65 49/36/37/25/16; 
ttag +66 59/52/47/52/47; 
ttag +67 64/56/37/60/48; 
ttag +68 67/62/42/62/55; 
ttag +69 100/100/100/100/99; 
ttag +70 98/97/94/97/91; 
ttag +71 100/100/99/100/100; 
ttag +72 99/98/92/98/96; 
ttag +73 96/95/88/95/92; 
ttag +74 40/0/?/?/?; 
ttag +75 44/3/1/?/?; 
ttag +76 89/84/76/83/79; 
ttag +77 97/96/94/96/92; 
ttag +78 100/100/100/100/100; 
ttag +79 97/96/95/97/96; 
ttag +80 94/90/85/96/89; 
ttag +81 100/100/97/99/97; 
ttag +82 91/88/80/89/81; 
ttag +83 98/98/95/97/97; 
ttag +84 61/58/42/56/46; 
ttag +85 100/100/98/99/97; 
ttag +86 99/99/97/98/94; 
ttag +87 92/90/84/88/82; 
ttag +88 85/81/68/80/68; 
ttag +89 54/31/8/23/13; 
ttag +90 100/100/97/100/99; 
ttag +91 79/73/54/71/57; 
ttag +92 99/98/95/96/95; 
ttag +93 96/95/84/96/84; 
ttag +94 65/44/37/44/29; 
