tread
'Tree with tags' 
(0 ((1 ((2 3 )(((4 5 )(6 7 ))((8 9 )(10 (11 12 ))))))((13 14 )((15 16 )(17 (18 (19 ((20 21 )((22 23 )(24 25 )))))))((26 (27 (28 (29 30 ))))((39 (31 ((32 33 )((34 35 )(36 (37 38 ))))))((40 41 )(42 (43 (46 (47 (44 45 ))))))))))); 
ttag *!; 
ttag +49 3; 
ttag +50 ???; 
ttag +51 11; 
ttag +52 10; 
ttag +53 6; 
ttag +54 9; 
ttag +55 1; 
ttag +56 3; 
ttag +57 1; 
ttag +58 2; 
ttag +59 8; 
ttag +60 8; 
ttag +61 5; 
ttag +62 2; 
ttag +63 9; 
ttag +64 7; 
ttag +65 2; 
ttag +66 2; 
ttag +67 1; 
ttag +68 8; 
ttag +69 5; 
ttag +70 14; 
ttag +71 6; 
ttag +72 5; 
ttag +73 4; 
ttag +74 8; 
ttag +75 3; 
ttag +76 3; 
ttag +77 8; 
ttag +78 3; 
ttag +79 1; 
ttag +80 7; 
ttag +81 8; 
ttag +82 7; 
ttag +83 3; 
ttag +84 4; 
ttag +85 10; 
ttag +86 9; 
ttag +87 3; 
ttag +88 8; 
ttag +89 8; 
ttag +90 1; 
ttag +91 5; 
ttag +92 1; 
ttag +93 4; 
tread
'Tree with tags' 
(0 ((1 ((2 3 )(((4 5 )(6 7 ))((8 9 )(10 (11 12 ))))))(((13 14 )((26 (27 (28 (29 30 ))))((39 (31 ((32 33 )((34 35 )(36 (37 38 ))))))((40 41 )(42 (43 (46 (47 (44 45 )))))))))((15 16 )(17 (18 (19 ((20 21 )((22 23 )(24 25 )))))))))); 
ttag *!; 
ttag +0 ////; 
ttag +1 ////; 
ttag +2 ////; 
ttag +3 ////; 
ttag +4 ////; 
ttag +5 ////; 
ttag +6 ////; 
ttag +7 ////; 
ttag +8 ////; 
ttag +9 ////; 
ttag +10 ////; 
ttag +11 ////; 
ttag +12 ////; 
ttag +13 ////; 
ttag +14 ////; 
ttag +15 ////; 
ttag +16 ////; 
ttag +17 ////; 
ttag +18 ////; 
ttag +19 ////; 
ttag +20 ////; 
ttag +21 ////; 
ttag +22 ////; 
ttag +23 ////; 
ttag +24 ////; 
ttag +25 ////; 
ttag +26 ////; 
ttag +27 ////; 
ttag +28 ////; 
ttag +29 ////; 
ttag +30 ////; 
ttag +31 ////; 
ttag +32 ////; 
ttag +33 ////; 
ttag +34 ////; 
ttag +35 ////; 
ttag +36 ////; 
ttag +37 ////; 
ttag +38 ////; 
ttag +39 ////; 
ttag +40 ////; 
ttag +41 ////; 
ttag +42 ////; 
ttag +43 ////; 
ttag +44 ////; 
ttag +45 ////; 
ttag +46 ////; 
ttag +47 ////; 
ttag +48 ////; 
ttag +49 74/68/56/71/55; 
ttag +50 100/100/100/100/100; 
ttag +51 100/100/100/100/100; 
ttag +52 100/100/99/100/98; 
ttag +53 98/98/96/99/94; 
ttag +54 100/100/99/99/96; 
ttag +55 48/34/28/38/29; 
ttag +56 81/78/69/82/70; 
ttag +57 60/46/45/41/32; 
ttag +58 71/66/61/66/61; 
ttag +59 97/96/98/98/95; 
ttag +60 100/100/99/100/98; 
ttag +61 98/98/95/97/94; 
ttag +62 34/13/16/15/12; 
ttag +63 65/59/41/61/48; 
ttag +64 99/99/98/100/99; 
ttag +65 99/99/95/99/94; 
ttag +66 73/64/46/64/58; 
ttag +67 84/80/76/84/74; 
ttag +68 54/34/19/34/29; 
ttag +69 100/100/100/100/100; 
ttag +70 96/94/83/96/84; 
ttag +71 100/100/100/100/100; 
ttag +72 98/98/95/99/95; 
ttag +73 93/90/86/96/86; 
ttag +74 97/96/88/95/87; 
ttag +75 98/98/98/98/98; 
ttag +76 89/87/75/89/73; 
ttag +77 89/86/83/92/80; 
ttag +78 100/100/100/100/99; 
ttag +79 90/88/81/90/85; 
ttag +80 52/30/23/27/11; 
ttag +81 99/99/97/100/98; 
ttag +82 100/100/99/100/100; 
ttag +83 98/98/91/97/92; 
ttag +84 89/84/63/82/77; 
ttag +85 98/97/92/93/92; 
ttag +86 100/100/99/100/100; 
ttag +87 100/100/99/100/99; 
ttag +88 85/82/71/85/74; 
ttag +89 99/99/98/100/98; 
ttag +90 98/98/94/98/89; 
ttag +91 61/50/38/49/42; 
ttag +92 94/92/87/95/89; 
ttag +93 51/18/11/22/15; 
ttag +94 84/80/65/78/72; 
