tread
'Tree with tags' 
(0 ((1 ((13 14 )((15 16 )(17 (18 (19 ((20 21 )((22 23 )(24 25 )))))))(26 27 (28 (29 30 ))(39 (31 ((32 33 )(34 35 )(36 (37 38 ))))(40 (41 (42 43 ((44 45 )(46 47 )))))))))((2 3 )(((4 5 )(6 7 ))(8 9 10 (11 12 )))))); 
ttag *!; 
ttag +49 1; 
ttag +50 ???; 
ttag +51 11; 
ttag +52 6; 
ttag +53 3; 
ttag +54 5; 
ttag +55 1; 
ttag +56 1; 
ttag +57 1; 
ttag +58 3; 
ttag +59 11; 
ttag +60 3; 
ttag +61 12; 
ttag +62 2; 
ttag +63 1; 
ttag +64 4; 
ttag +65 3; 
ttag +66 14; 
ttag +67 6; 
ttag +68 16; 
ttag +69 2; 
ttag +70 3; 
ttag +71 5; 
ttag +72 3; 
ttag +73 10; 
ttag +74 5; 
ttag +75 3; 
ttag +76 11; 
ttag +77 2; 
ttag +78 4; 
ttag +79 3; 
ttag +80 11; 
ttag +81 3; 
ttag +82 2; 
ttag +83 11; 
ttag +84 7; 
ttag +85 6; 
ttag +86 4; 
tread
'Tree with tags' 
(0 ((1 (((13 14 )((15 16 )(17 (18 (19 ((20 21 )((22 23 )(24 25 ))))))))(((26 27 )(28 (29 30 )))((31 (((32 33 )(36 (37 38 )))(34 35 )))(39 (40 (41 (42 (43 ((44 45 )(46 47 )))))))))))((2 3 )(((4 5 )(6 7 ))(10 (8 (9 (11 12 )))))))); 
ttag *!; 
ttag +0 ////; 
ttag +1 ////; 
ttag +2 ////; 
ttag +3 ////; 
ttag +4 ////; 
ttag +5 ////; 
ttag +6 ////; 
ttag +7 ////; 
ttag +8 ////; 
ttag +9 ////; 
ttag +10 ////; 
ttag +11 ////; 
ttag +12 ////; 
ttag +13 ////; 
ttag +14 ////; 
ttag +15 ////; 
ttag +16 ////; 
ttag +17 ////; 
ttag +18 ////; 
ttag +19 ////; 
ttag +20 ////; 
ttag +21 ////; 
ttag +22 ////; 
ttag +23 ////; 
ttag +24 ////; 
ttag +25 ////; 
ttag +26 ////; 
ttag +27 ////; 
ttag +28 ////; 
ttag +29 ////; 
ttag +30 ////; 
ttag +31 ////; 
ttag +32 ////; 
ttag +33 ////; 
ttag +34 ////; 
ttag +35 ////; 
ttag +36 ////; 
ttag +37 ////; 
ttag +38 ////; 
ttag +39 ////; 
ttag +40 ////; 
ttag +41 ////; 
ttag +42 ////; 
ttag +43 ////; 
ttag +44 ////; 
ttag +45 ////; 
ttag +46 ////; 
ttag +47 ////; 
ttag +48 ////; 
ttag +49 54/42/24/42/25; 
ttag +50 100/100/100/100/100; 
ttag +51 100/100/100/100/99; 
ttag +52 98/98/95/99/90; 
ttag +53 92/90/84/89/91; 
ttag +54 96/95/94/97/93; 
ttag +55 35/18/0/16/15; 
ttag +56 52/28/13/28/20; 
ttag +57 22/[13]/?/?/?; 
ttag +58 48/42/28/42/25; 
ttag +59 21/[14]/?/?/?; 
ttag +60 93/90/89/90/92; 
ttag +61 100/100/100/100/100; 
ttag +62 38/10/2/11/4; 
ttag +63 62/49/34/56/34; 
ttag +64 100/100/100/100/99; 
ttag +65 80/78/63/83/66; 
ttag +66 53/27/11/28/22; 
ttag +67 83/81/66/81/66; 
ttag +68 81/74/63/82/62; 
ttag +69 100/100/100/100/100; 
ttag +70 96/95/83/91/82; 
ttag +71 100/100/100/100/100; 
ttag +72 67/43/32/50/35; 
ttag +73 88/84/79/86/80; 
ttag +74 52/28/19/20/23; 
ttag +75 39/26/37/28/30; 
ttag +76 94/93/86/93/87; 
ttag +77 93/92/84/90/87; 
ttag +78 100/100/100/100/100; 
ttag +79 96/96/90/97/88; 
ttag +80 90/86/82/89/81; 
ttag +81 100/100/100/100/99; 
ttag +82 32/5/?/?/?; 
ttag +83 83/75/62/76/67; 
ttag +84 98/97/96/97/95; 
ttag +85 84/75/76/83/67; 
ttag +86 100/100/100/100/100; 
ttag +87 41/39/32/24/26; 
ttag +88 95/94/90/93/85; 
ttag +89 70/63/50/64/46; 
ttag +90 100/100/99/100/99; 
ttag +91 36/2/4/9/9; 
ttag +92 99/98/96/99/98; 
ttag +93 99/99/95/98/97; 
ttag +94 95/93/86/96/90; 
