tread
'Tree with tags' 
(0 ((1 ((2 3 )((6 (7 (4 5 )))(8 9 )(10 (11 12 )))))((13 14 )((26 (27 (28 (29 30 ))))((39 (31 ((32 33 )(34 35 )(36 (37 38 )))))((40 41 )(42 (43 ((44 45 )(46 47 ))))))))((15 16 )(17 (18 (19 ((20 21 )((22 23 )(24 25 ))))))))); 
ttag *!; 
ttag +49 1; 
ttag +50 ???; 
ttag +51 3; 
ttag +52 6; 
ttag +53 6; 
ttag +54 2; 
ttag +55 7; 
ttag +56 4; 
ttag +57 2; 
ttag +58 3; 
ttag +59 7; 
ttag +60 9; 
ttag +61 1; 
ttag +62 10; 
ttag +63 3; 
ttag +64 2; 
ttag +65 5; 
ttag +66 4; 
ttag +67 9; 
ttag +68 7; 
ttag +69 8; 
ttag +70 3; 
ttag +71 3; 
ttag +72 4; 
ttag +73 7; 
ttag +74 2; 
ttag +75 6; 
ttag +76 8; 
ttag +77 2; 
ttag +78 2; 
ttag +79 2; 
ttag +80 10; 
ttag +81 5; 
ttag +82 2; 
ttag +83 3; 
ttag +84 7; 
ttag +85 2; 
ttag +86 4; 
ttag +87 10; 
ttag +88 3; 
ttag +89 6; 
ttag +90 7; 
ttag +91 7; 
tread
'Tree with tags' 
(0 ((1 ((2 3 )(((6 (7 (4 5 )))(8 9 ))(10 (11 12 )))))(((13 14 )((26 (27 (28 (29 30 ))))((39 (31 ((32 33 )((34 35 )(36 (37 38 ))))))((40 41 )(42 (43 ((44 45 )(46 47 ))))))))((15 16 )(17 (18 (19 ((20 21 )((22 23 )(24 25 )))))))))); 
ttag *!; 
ttag +0 ////; 
ttag +1 ////; 
ttag +2 ////; 
ttag +3 ////; 
ttag +4 ////; 
ttag +5 ////; 
ttag +6 ////; 
ttag +7 ////; 
ttag +8 ////; 
ttag +9 ////; 
ttag +10 ////; 
ttag +11 ////; 
ttag +12 ////; 
ttag +13 ////; 
ttag +14 ////; 
ttag +15 ////; 
ttag +16 ////; 
ttag +17 ////; 
ttag +18 ////; 
ttag +19 ////; 
ttag +20 ////; 
ttag +21 ////; 
ttag +22 ////; 
ttag +23 ////; 
ttag +24 ////; 
ttag +25 ////; 
ttag +26 ////; 
ttag +27 ////; 
ttag +28 ////; 
ttag +29 ////; 
ttag +30 ////; 
ttag +31 ////; 
ttag +32 ////; 
ttag +33 ////; 
ttag +34 ////; 
ttag +35 ////; 
ttag +36 ////; 
ttag +37 ////; 
ttag +38 ////; 
ttag +39 ////; 
ttag +40 ////; 
ttag +41 ////; 
ttag +42 ////; 
ttag +43 ////; 
ttag +44 ////; 
ttag +45 ////; 
ttag +46 ////; 
ttag +47 ////; 
ttag +48 ////; 
ttag +49 58/41/42/51/45; 
ttag +50 100/100/100/100/100; 
ttag +51 92/91/92/90/86; 
ttag +52 96/96/89/95/91; 
ttag +53 94/92/80/89/81; 
ttag +54 69/58/41/56/44; 
ttag +55 96/96/91/99/94; 
ttag +56 11/[23]/?/?/?; 
ttag +57 81/78/62/81/62; 
ttag +58 54/36/21/40/32; 
ttag +59 93/92/80/89/75; 
ttag +60 100/100/100/99/100; 
ttag +61 100/100/99/100/99; 
ttag +62 44/16/10/28/14; 
ttag +63 19/[9]/?/3/?; 
ttag +64 100/100/99/99/98; 
ttag +65 88/86/74/88/79; 
ttag +66 77/73/64/74/68; 
ttag +67 96/94/86/95/86; 
ttag +68 94/92/87/92/86; 
ttag +69 100/100/100/100/100; 
ttag +70 100/100/99/100/99; 
ttag +71 99/99/98/100/98; 
ttag +72 87/84/76/84/74; 
ttag +73 92/91/85/88/84; 
ttag +74 95/95/89/98/93; 
ttag +75 100/100/95/97/94; 
ttag +76 90/90/76/83/75; 
ttag +77 98/98/94/98/95; 
ttag +78 100/100/96/100/96; 
ttag +79 71/60/63/69/53; 
ttag +80 63/51/43/56/40; 
ttag +81 70/65/50/74/48; 
ttag +82 100/100/100/100/98; 
ttag +83 96/96/90/97/90; 
ttag +84 85/79/64/75/74; 
ttag +85 35/7/1/?/11; 
ttag +86 85/80/68/81/72; 
ttag +87 99/99/100/99/99; 
ttag +88 72/56/55/64/54; 
ttag +89 93/91/83/95/83; 
ttag +90 100/100/100/100/100; 
ttag +91 78/67/62/76/63; 
ttag +92 99/98/99/99/98; 
ttag +93 100/100/98/99/97; 
ttag +94 99/99/95/98/94; 
