tread
'Tree with tags' 
(0 (1 ((2 3 )(8 9 ((4 5 )(6 7 ))(10 (11 12 ))))(13 14 )((15 16 )(17 ((19 (18 (20 21 )))((22 23 )(24 25 )))))((26 (27 (28 (29 30 ))))(39 ((31 ((32 33 )((34 35 )(36 (37 38 )))))((40 41 )(42 (43 (46 (47 (44 45 ))))))))))); 
ttag *!; 
ttag +49 ???; 
ttag +50 9; 
ttag +51 5; 
ttag +52 2; 
ttag +53 7; 
ttag +54 2; 
ttag +55 1; 
ttag +56 5; 
ttag +57 10; 
ttag +58 5; 
ttag +59 8; 
ttag +60 2; 
ttag +61 1; 
ttag +62 1; 
ttag +63 1; 
ttag +64 6; 
ttag +65 10; 
ttag +66 5; 
ttag +67 2; 
ttag +68 10; 
ttag +69 10; 
ttag +70 9; 
ttag +71 1; 
ttag +72 7; 
ttag +73 5; 
ttag +74 5; 
ttag +75 2; 
ttag +76 5; 
ttag +77 2; 
ttag +78 3; 
ttag +79 6; 
ttag +80 1; 
ttag +81 10; 
ttag +82 3; 
ttag +83 1; 
ttag +84 5; 
ttag +85 7; 
ttag +86 6; 
ttag +87 11; 
ttag +88 1; 
ttag +89 6; 
tread
'Tree with tags' 
(0 ((1 ((2 3 )(9 (8 (((4 5 )(6 7 ))(10 (11 12 )))))))(((13 14 )((15 16 )(17 ((19 (18 (20 21 )))((22 23 )(24 25 ))))))((26 (27 (28 (29 30 ))))(39 ((31 ((32 33 )((34 35 )(36 (37 38 )))))((40 41 )(42 (43 (46 (47 (44 45 )))))))))))); 
ttag *!; 
ttag +0 ////; 
ttag +1 ////; 
ttag +2 ////; 
ttag +3 ////; 
ttag +4 ////; 
ttag +5 ////; 
ttag +6 ////; 
ttag +7 ////; 
ttag +8 ////; 
ttag +9 ////; 
ttag +10 ////; 
ttag +11 ////; 
ttag +12 ////; 
ttag +13 ////; 
ttag +14 ////; 
ttag +15 ////; 
ttag +16 ////; 
ttag +17 ////; 
ttag +18 ////; 
ttag +19 ////; 
ttag +20 ////; 
ttag +21 ////; 
ttag +22 ////; 
ttag +23 ////; 
ttag +24 ////; 
ttag +25 ////; 
ttag +26 ////; 
ttag +27 ////; 
ttag +28 ////; 
ttag +29 ////; 
ttag +30 ////; 
ttag +31 ////; 
ttag +32 ////; 
ttag +33 ////; 
ttag +34 ////; 
ttag +35 ////; 
ttag +36 ////; 
ttag +37 ////; 
ttag +38 ////; 
ttag +39 ////; 
ttag +40 ////; 
ttag +41 ////; 
ttag +42 ////; 
ttag +43 ////; 
ttag +44 ////; 
ttag +45 ////; 
ttag +46 ////; 
ttag +47 ////; 
ttag +48 ////; 
ttag +49 34/24/12/19/14; 
ttag +50 100/100/100/100/100; 
ttag +51 99/99/100/100/98; 
ttag +52 98/98/91/99/94; 
ttag +53 78/72/57/71/65; 
ttag +54 99/99/98/99/96; 
ttag +55 37/[2]/?/?/?; 
ttag +56 29/[10]/?/?/?; 
ttag +57 78/70/64/78/65; 
ttag +58 52/38/28/44/38; 
ttag +59 96/95/93/96/93; 
ttag +60 100/100/100/100/100; 
ttag +61 99/98/97/99/97; 
ttag +62 22/6/2/14/?; 
ttag +63 29/18/5/14/4; 
ttag +64 100/100/99/99/100; 
ttag +65 62/52/36/47/31; 
ttag +66 49/34/28/30/33; 
ttag +67 39/10/?/1/?; 
ttag +68 52/23/?/12/?; 
ttag +69 97/96/88/96/91; 
ttag +70 100/100/100/100/100; 
ttag +71 94/92/97/98/97; 
ttag +72 77/63/62/64/53; 
ttag +73 100/100/100/100/100; 
ttag +74 100/100/100/99/98; 
ttag +75 100/100/97/99/96; 
ttag +76 58/39/44/52/44; 
ttag +77 100/100/99/100/98; 
ttag +78 100/100/100/99/98; 
ttag +79 86/82/72/88/72; 
ttag +80 70/58/45/56/50; 
ttag +81 97/96/95/97/94; 
ttag +82 74/62/48/60/52; 
ttag +83 82/79/67/79/66; 
ttag +84 99/98/95/99/95; 
ttag +85 48/36/21/31/17; 
ttag +86 100/100/100/100/99; 
ttag +87 86/81/71/89/77; 
ttag +88 64/51/43/53/46; 
ttag +89 98/97/92/97/88; 
ttag +90 99/98/96/100/98; 
ttag +91 98/98/94/98/94; 
ttag +92 100/100/99/100/99; 
ttag +93 54/36/30/41/34; 
ttag +94 99/99/98/99/96; 
