tread
'Tree with tags' 
(0 (1 ((2 3 )(((4 5 )(6 7 ))((8 9 )(10 (11 12 )))))((13 14 )(((15 16 )(17 (18 (19 ((20 21 )((22 23 )(24 25 )))))))((26 (27 (28 (29 30 ))))(39 ((31 ((32 33 )((34 35 )(36 (37 38 )))))((40 41 )(42 43 ((44 45 )(46 47 ))))))))))); 
ttag *!; 
ttag +49 ???; 
ttag +50 9; 
ttag +51 6; 
ttag +52 10; 
ttag +53 9; 
ttag +54 1; 
ttag +55 4; 
ttag +56 3; 
ttag +57 3; 
ttag +58 8; 
ttag +59 14; 
ttag +60 6; 
ttag +61 2; 
ttag +62 16; 
ttag +63 5; 
ttag +64 1; 
ttag +65 3; 
ttag +66 8; 
ttag +67 1; 
ttag +68 6; 
ttag +69 5; 
ttag +70 4; 
ttag +71 4; 
ttag +72 6; 
ttag +73 5; 
ttag +74 13; 
ttag +75 8; 
ttag +76 1; 
ttag +77 10; 
ttag +78 5; 
ttag +79 1; 
ttag +80 3; 
ttag +81 4; 
ttag +82 4; 
ttag +83 2; 
ttag +84 1; 
ttag +85 13; 
ttag +86 2; 
ttag +87 3; 
ttag +88 3; 
ttag +89 8; 
ttag +90 5; 
ttag +91 5; 
ttag +92 1; 
tread
'Tree with tags' 
(0 (1 ((2 3 )(((4 5 )(6 7 ))((8 9 )(10 (11 12 )))))((13 14 )(((15 16 )(17 (18 (19 ((20 21 )((22 23 )(24 25 )))))))((26 (27 (28 (29 30 ))))(39 ((31 ((32 33 )((34 35 )(36 (37 38 )))))((40 41 )(42 43 ((44 45 )(46 47 ))))))))))); 
ttag *!; 
ttag +0 ////; 
ttag +1 ////; 
ttag +2 ////; 
ttag +3 ////; 
ttag +4 ////; 
ttag +5 ////; 
ttag +6 ////; 
ttag +7 ////; 
ttag +8 ////; 
ttag +9 ////; 
ttag +10 ////; 
ttag +11 ////; 
ttag +12 ////; 
ttag +13 ////; 
ttag +14 ////; 
ttag +15 ////; 
ttag +16 ////; 
ttag +17 ////; 
ttag +18 ////; 
ttag +19 ////; 
ttag +20 ////; 
ttag +21 ////; 
ttag +22 ////; 
ttag +23 ////; 
ttag +24 ////; 
ttag +25 ////; 
ttag +26 ////; 
ttag +27 ////; 
ttag +28 ////; 
ttag +29 ////; 
ttag +30 ////; 
ttag +31 ////; 
ttag +32 ////; 
ttag +33 ////; 
ttag +34 ////; 
ttag +35 ////; 
ttag +36 ////; 
ttag +37 ////; 
ttag +38 ////; 
ttag +39 ////; 
ttag +40 ////; 
ttag +41 ////; 
ttag +42 ////; 
ttag +43 ////; 
ttag +44 ////; 
ttag +45 ////; 
ttag +46 ////; 
ttag +47 ////; 
ttag +48 ////; 
ttag +49 100/100/100/100/100; 
ttag +50 99/99/99/99/99; 
ttag +51 97/97/89/96/90; 
ttag +52 100/100/100/100/100; 
ttag +53 100/100/100/100/99; 
ttag +54 48/27/12/36/22; 
ttag +55 95/93/84/93/88; 
ttag +56 88/86/82/84/76; 
ttag +57 82/77/66/73/63; 
ttag +58 100/100/98/99/96; 
ttag +59 100/100/100/100/100; 
ttag +60 99/99/98/99/99; 
ttag +61 66/56/48/58/50; 
ttag +62 100/100/100/100/100; 
ttag +63 93/90/83/96/81; 
ttag +64 34/17/12/20/19; 
ttag +65 91/87/86/93/79; 
ttag +66 100/100/92/98/95; 
ttag +67 44/29/21/32/19; 
ttag +68 99/99/97/98/97; 
ttag +69 90/86/84/90/81; 
ttag +70 94/92/85/93/83; 
ttag +71 84/77/78/80/76; 
ttag +72 98/98/95/98/95; 
ttag +73 99/98/99/98/97; 
ttag +74 100/100/99/100/100; 
ttag +75 100/100/100/99/99; 
ttag +76 61/43/42/42/36; 
ttag +77 100/100/100/100/100; 
ttag +78 87/83/78/81/76; 
ttag +79 46/39/35/43/32; 
ttag +80 78/72/62/74/59; 
ttag +81 96/96/94/96/89; 
ttag +82 96/96/93/93/91; 
ttag +83 79/76/76/81/70; 
ttag +84 62/40/38/42/37; 
ttag +85 100/100/100/100/100; 
ttag +86 77/73/57/63/55; 
ttag +87 90/90/82/91/86; 
ttag +88 83/79/61/81/74; 
ttag +89 100/100/99/100/97; 
ttag +90 99/98/98/99/98; 
ttag +91 96/95/91/96/92; 
ttag +92 71/52/45/48/46; 
