tread
'Tree with tags' 
(0 (1 (((2 3 )(((4 5 )(6 7 ))((8 9 )(10 (11 12 )))))(((13 14 )(((26 27 )(28 (29 30 )))((39 (31 ((32 33 )((34 35 )(36 (37 38 ))))))(40 (41 (42 (43 ((44 45 )(46 47 )))))))))(17 ((15 16 )(18 (19 ((20 21 )((22 23 )(24 25 ))))))))))); 
ttag *!; 
ttag +49 ???; 
ttag +50 10; 
ttag +51 8; 
ttag +52 1; 
ttag +53 6; 
ttag +54 3; 
ttag +55 1; 
ttag +56 2; 
ttag +57 2; 
ttag +58 1; 
ttag +59 3; 
ttag +60 4; 
ttag +61 4; 
ttag +62 1; 
ttag +63 1; 
ttag +64 9; 
ttag +65 3; 
ttag +66 2; 
ttag +67 9; 
ttag +68 3; 
ttag +69 13; 
ttag +70 4; 
ttag +71 2; 
ttag +72 10; 
ttag +73 3; 
ttag +74 1; 
ttag +75 5; 
ttag +76 3; 
ttag +77 2; 
ttag +78 9; 
ttag +79 4; 
ttag +80 2; 
ttag +81 7; 
ttag +82 4; 
ttag +83 1; 
ttag +84 1; 
ttag +85 1; 
ttag +86 8; 
ttag +87 7; 
ttag +88 4; 
ttag +89 2; 
ttag +90 6; 
ttag +91 3; 
ttag +92 3; 
ttag +93 7; 
ttag +94 2; 
tread
'Tree with tags' 
(0 (1 (((2 3 )(((4 5 )(6 7 ))((8 9 )(10 (11 12 )))))(((13 14 )(((26 27 )(28 (29 30 )))((39 (31 ((32 33 )((34 35 )(36 (37 38 ))))))(40 (41 (42 (43 ((44 45 )(46 47 )))))))))(17 ((15 16 )(18 (19 ((20 21 )((22 23 )(24 25 ))))))))))); 
ttag *!; 
ttag +0 ////; 
ttag +1 ////; 
ttag +2 ////; 
ttag +3 ////; 
ttag +4 ////; 
ttag +5 ////; 
ttag +6 ////; 
ttag +7 ////; 
ttag +8 ////; 
ttag +9 ////; 
ttag +10 ////; 
ttag +11 ////; 
ttag +12 ////; 
ttag +13 ////; 
ttag +14 ////; 
ttag +15 ////; 
ttag +16 ////; 
ttag +17 ////; 
ttag +18 ////; 
ttag +19 ////; 
ttag +20 ////; 
ttag +21 ////; 
ttag +22 ////; 
ttag +23 ////; 
ttag +24 ////; 
ttag +25 ////; 
ttag +26 ////; 
ttag +27 ////; 
ttag +28 ////; 
ttag +29 ////; 
ttag +30 ////; 
ttag +31 ////; 
ttag +32 ////; 
ttag +33 ////; 
ttag +34 ////; 
ttag +35 ////; 
ttag +36 ////; 
ttag +37 ////; 
ttag +38 ////; 
ttag +39 ////; 
ttag +40 ////; 
ttag +41 ////; 
ttag +42 ////; 
ttag +43 ////; 
ttag +44 ////; 
ttag +45 ////; 
ttag +46 ////; 
ttag +47 ////; 
ttag +48 ////; 
ttag +49 100/100/100/100/100; 
ttag +50 100/100/98/100/100; 
ttag +51 98/98/95/98/98; 
ttag +52 72/64/74/68/68; 
ttag +53 100/100/98/100/96; 
ttag +54 89/86/79/86/78; 
ttag +55 49/37/35/40/36; 
ttag +56 74/64/55/68/56; 
ttag +57 63/51/52/57/50; 
ttag +58 51/35/27/31/30; 
ttag +59 90/89/79/87/78; 
ttag +60 95/94/89/93/88; 
ttag +61 96/94/85/93/88; 
ttag +62 17/[4]/?/?/?; 
ttag +63 36/13/2/14/2; 
ttag +64 100/100/99/99/99; 
ttag +65 55/42/36/63/45; 
ttag +66 52/46/34/58/36; 
ttag +67 100/100/98/99/99; 
ttag +68 84/76/75/85/82; 
ttag +69 100/100/100/100/100; 
ttag +70 96/95/93/97/93; 
ttag +71 76/63/59/60/50; 
ttag +72 100/100/99/100/100; 
ttag +73 89/88/84/91/82; 
ttag +74 45/26/23/32/21; 
ttag +75 92/89/73/90/85; 
ttag +76 82/78/78/86/78; 
ttag +77 49/34/22/36/37; 
ttag +78 100/100/99/100/97; 
ttag +79 88/86/80/92/80; 
ttag +80 70/64/57/68/53; 
ttag +81 98/98/92/96/90; 
ttag +82 93/91/90/94/87; 
ttag +83 57/48/40/31/41; 
ttag +84 39/31/24/34/30; 
ttag +85 52/36/28/22/18; 
ttag +86 100/100/99/99/99; 
ttag +87 99/99/96/99/96; 
ttag +88 92/90/82/89/78; 
ttag +89 63/40/38/36/27; 
ttag +90 97/97/93/96/90; 
ttag +91 81/71/64/67/54; 
ttag +92 96/96/96/94/94; 
ttag +93 98/98/96/97/94; 
ttag +94 63/52/44/57/50; 
