tread
'Tree with tags' 
(0 (1 ((2 3 )((6 7 (4 5 ))(8 (9 (10 (11 12 ))))))(13 14 )((15 16 )(17 (18 (19 ((20 21 )((22 23 )(24 25 )))))))(((26 27 )(28 (29 30 )))((31 ((32 33 )((34 35 )(36 (37 38 )))))(39 (40 41 (42 (43 ((44 45 )(46 47 )))))))))); 
ttag *!; 
ttag +49 ???; 
ttag +50 6; 
ttag +51 8; 
ttag +52 7; 
ttag +53 6; 
ttag +54 6; 
ttag +55 3; 
ttag +56 1; 
ttag +57 6; 
ttag +58 1; 
ttag +59 12; 
ttag +60 11; 
ttag +61 4; 
ttag +62 1; 
ttag +63 2; 
ttag +64 1; 
ttag +65 5; 
ttag +66 9; 
ttag +67 7; 
ttag +68 3; 
ttag +69 6; 
ttag +70 1; 
ttag +71 4; 
ttag +72 10; 
ttag +73 1; 
ttag +74 11; 
ttag +75 2; 
ttag +76 5; 
ttag +77 8; 
ttag +78 1; 
ttag +79 2; 
ttag +80 2; 
ttag +81 12; 
ttag +82 3; 
ttag +83 1; 
ttag +84 9; 
ttag +85 4; 
ttag +86 3; 
ttag +87 9; 
ttag +88 4; 
ttag +89 3; 
tread
'Tree with tags' 
(0 ((1 (((13 14 )((15 16 )(17 (18 (19 ((20 21 )((22 23 )(24 25 ))))))))(((26 27 )(28 (29 30 )))((31 ((32 33 )((34 35 )(36 (37 38 )))))(39 (40 (41 (42 (43 ((44 45 )(46 47 )))))))))))((2 3 )((6 (7 (4 5 )))(8 (9 (10 (11 12 )))))))); 
ttag *!; 
ttag +0 ////; 
ttag +1 ////; 
ttag +2 ////; 
ttag +3 ////; 
ttag +4 ////; 
ttag +5 ////; 
ttag +6 ////; 
ttag +7 ////; 
ttag +8 ////; 
ttag +9 ////; 
ttag +10 ////; 
ttag +11 ////; 
ttag +12 ////; 
ttag +13 ////; 
ttag +14 ////; 
ttag +15 ////; 
ttag +16 ////; 
ttag +17 ////; 
ttag +18 ////; 
ttag +19 ////; 
ttag +20 ////; 
ttag +21 ////; 
ttag +22 ////; 
ttag +23 ////; 
ttag +24 ////; 
ttag +25 ////; 
ttag +26 ////; 
ttag +27 ////; 
ttag +28 ////; 
ttag +29 ////; 
ttag +30 ////; 
ttag +31 ////; 
ttag +32 ////; 
ttag +33 ////; 
ttag +34 ////; 
ttag +35 ////; 
ttag +36 ////; 
ttag +37 ////; 
ttag +38 ////; 
ttag +39 ////; 
ttag +40 ////; 
ttag +41 ////; 
ttag +42 ////; 
ttag +43 ////; 
ttag +44 ////; 
ttag +45 ////; 
ttag +46 ////; 
ttag +47 ////; 
ttag +48 ////; 
ttag +49 38/21/18/14/18; 
ttag +50 100/100/100/100/100; 
ttag +51 99/99/98/96/94; 
ttag +52 99/99/99/99/100; 
ttag +53 100/100/97/100/98; 
ttag +54 16/[22]/?/?/?; 
ttag +55 96/95/92/96/93; 
ttag +56 98/97/94/96/96; 
ttag +57 74/69/55/64/57; 
ttag +58 45/27/23/30/19; 
ttag +59 96/94/91/96/91; 
ttag +60 59/42/40/53/45; 
ttag +61 100/100/100/100/100; 
ttag +62 16/[20]/?/?/?; 
ttag +63 39/22/26/24/24; 
ttag +64 100/100/98/100/98; 
ttag +65 97/97/90/93/91; 
ttag +66 74/69/66/74/66; 
ttag +67 78/67/58/68/66; 
ttag +68 55/44/33/36/33; 
ttag +69 99/99/99/99/100; 
ttag +70 99/99/97/99/96; 
ttag +71 98/98/99/99/98; 
ttag +72 81/72/64/79/68; 
ttag +73 97/97/90/96/91; 
ttag +74 29/[2]/?/3/?; 
ttag +75 94/94/92/96/95; 
ttag +76 99/99/96/99/97; 
ttag +77 74/58/52/57/56; 
ttag +78 100/100/100/100/100; 
ttag +79 88/86/72/79/79; 
ttag +80 97/97/90/96/87; 
ttag +81 100/100/100/100/98; 
ttag +82 66/53/50/46/46; 
ttag +83 84/79/80/86/82; 
ttag +84 77/64/56/70/55; 
ttag +85 100/100/100/100/99; 
ttag +86 83/77/72/90/76; 
ttag +87 52/33/26/26/21; 
ttag +88 100/100/99/99/96; 
ttag +89 44/9/8/9/?; 
ttag +90 96/94/84/89/89; 
ttag +91 87/80/66/85/73; 
ttag +92 100/100/99/99/96; 
ttag +93 89/86/76/92/83; 
ttag +94 82/78/66/76/57; 
