tread
'Tree with tags' 
(0 (1 ((2 3 )(((6 7 (4 5 ))(8 9 ))(10 (11 12 ))))((13 14 )(((15 16 )(17 (18 (19 ((20 21 )((22 23 )(24 25 )))))))(26 (27 (28 (29 30 ))))(39 (31 ((32 33 )(34 35 )(36 (37 38 ))))((40 41 )(42 43 (46 47 (44 45 ))))))))); 
ttag *!; 
ttag +49 ???; 
ttag +50 6; 
ttag +51 6; 
ttag +52 6; 
ttag +53 6; 
ttag +54 2; 
ttag +55 3; 
ttag +56 3; 
ttag +57 5; 
ttag +58 10; 
ttag +59 9; 
ttag +60 4; 
ttag +61 8; 
ttag +62 3; 
ttag +63 1; 
ttag +64 3; 
ttag +65 4; 
ttag +66 2; 
ttag +67 8; 
ttag +68 11; 
ttag +69 11; 
ttag +70 3; 
ttag +71 5; 
ttag +72 8; 
ttag +73 1; 
ttag +74 2; 
ttag +75 7; 
ttag +76 4; 
ttag +77 8; 
ttag +78 2; 
ttag +79 3; 
ttag +80 4; 
ttag +81 11; 
ttag +82 4; 
ttag +83 6; 
ttag +84 5; 
ttag +85 1; 
ttag +86 11; 
ttag +87 2; 
tread
'Tree with tags' 
(0 ((1 ((2 3 )((((4 5 )(6 7 ))(8 9 ))(10 (11 12 )))))((13 14 )((((15 16 )(17 (18 (19 ((20 21 )((22 23 )(24 25 )))))))((39 (31 ((32 33 )((34 35 )(36 (37 38 ))))))((40 41 )(42 (43 ((44 45 )(46 47 )))))))(26 (27 (28 (29 30 )))))))); 
ttag *!; 
ttag +0 ////; 
ttag +1 ////; 
ttag +2 ////; 
ttag +3 ////; 
ttag +4 ////; 
ttag +5 ////; 
ttag +6 ////; 
ttag +7 ////; 
ttag +8 ////; 
ttag +9 ////; 
ttag +10 ////; 
ttag +11 ////; 
ttag +12 ////; 
ttag +13 ////; 
ttag +14 ////; 
ttag +15 ////; 
ttag +16 ////; 
ttag +17 ////; 
ttag +18 ////; 
ttag +19 ////; 
ttag +20 ////; 
ttag +21 ////; 
ttag +22 ////; 
ttag +23 ////; 
ttag +24 ////; 
ttag +25 ////; 
ttag +26 ////; 
ttag +27 ////; 
ttag +28 ////; 
ttag +29 ////; 
ttag +30 ////; 
ttag +31 ////; 
ttag +32 ////; 
ttag +33 ////; 
ttag +34 ////; 
ttag +35 ////; 
ttag +36 ////; 
ttag +37 ////; 
ttag +38 ////; 
ttag +39 ////; 
ttag +40 ////; 
ttag +41 ////; 
ttag +42 ////; 
ttag +43 ////; 
ttag +44 ////; 
ttag +45 ////; 
ttag +46 ////; 
ttag +47 ////; 
ttag +48 ////; 
ttag +49 15/[8]/?/2/?; 
ttag +50 100/100/100/100/100; 
ttag +51 100/100/96/97/97; 
ttag +52 94/92/88/96/92; 
ttag +53 99/99/98/98/96; 
ttag +54 95/93/84/95/89; 
ttag +55 52/43/26/51/32; 
ttag +56 78/69/51/70/64; 
ttag +57 39/4/?/?/8; 
ttag +58 64/56/47/66/44; 
ttag +59 79/71/65/80/64; 
ttag +60 100/100/99/100/99; 
ttag +61 99/99/99/100/99; 
ttag +62 92/91/81/94/86; 
ttag +63 99/99/95/99/97; 
ttag +64 84/80/64/81/72; 
ttag +65 16/[15]/?/?/?; 
ttag +66 50/30/17/33/20; 
ttag +67 69/56/43/58/42; 
ttag +68 80/66/53/72/59; 
ttag +69 60/46/37/51/30; 
ttag +70 100/100/99/99/100; 
ttag +71 98/98/97/98/98; 
ttag +72 98/98/94/97/94; 
ttag +73 85/78/60/77/58; 
ttag +74 96/95/91/94/89; 
ttag +75 99/99/95/99/96; 
ttag +76 48/22/31/25/22; 
ttag +77 68/55/57/59/59; 
ttag +78 99/99/99/100/100; 
ttag +79 98/98/91/97/92; 
ttag +80 37/10/14/17/12; 
ttag +81 99/98/95/99/94; 
ttag +82 72/63/67/68/61; 
ttag +83 89/86/84/86/81; 
ttag +84 96/95/94/96/92; 
ttag +85 27/[7]/?/?/?; 
ttag +86 100/100/100/100/99; 
ttag +87 92/91/92/96/94; 
ttag +88 96/96/94/98/95; 
ttag +89 91/89/85/92/85; 
ttag +90 59/38/36/41/36; 
ttag +91 31/[8]/?/?/?; 
ttag +92 100/100/100/100/100; 
ttag +93 88/83/72/79/78; 
ttag +94 32/[13]/?/?/?; 
