tread
'Tree with tags' 
(0 (1 (((2 3 )((((4 5 )(6 7 ))(8 9 ))(10 (11 12 ))))(13 14 )((((15 16 )(17 18 (19 ((20 21 )((22 23 )(24 25 ))))))(26 27 (28 (29 30 ))))(31 ((32 33 )(34 35 )(36 (37 38 )))(39 (40 41 (42 (43 ((44 45 )(46 47 ))))))))))); 
ttag *!; 
ttag +49 ???; 
ttag +50 3; 
ttag +51 7; 
ttag +52 1; 
ttag +53 6; 
ttag +54 8; 
ttag +55 1; 
ttag +56 1; 
ttag +57 1; 
ttag +58 3; 
ttag +59 3; 
ttag +60 12; 
ttag +61 6; 
ttag +62 9; 
ttag +63 10; 
ttag +64 1; 
ttag +65 2; 
ttag +66 1; 
ttag +67 1; 
ttag +68 7; 
ttag +69 9; 
ttag +70 11; 
ttag +71 8; 
ttag +72 2; 
ttag +73 4; 
ttag +74 4; 
ttag +75 9; 
ttag +76 5; 
ttag +77 4; 
ttag +78 3; 
ttag +79 1; 
ttag +80 13; 
ttag +81 7; 
ttag +82 1; 
ttag +83 8; 
ttag +84 3; 
ttag +85 5; 
ttag +86 13; 
ttag +87 8; 
ttag +88 7; 
tread
'Tree with tags' 
(0 (1 ((((2 3 )((((4 5 )(6 7 ))(8 9 ))(10 (11 12 ))))(13 14 ))((((15 16 )((17 18 )(19 ((20 21 )((22 23 )(24 25 ))))))(26 (27 (28 (29 30 )))))(31 ((((32 33 )(36 (37 38 )))(34 35 ))(39 (41 (40 (42 (43 ((44 45 )(46 47 ))))))))))))); 
ttag *!; 
ttag +0 ////; 
ttag +1 ////; 
ttag +2 ////; 
ttag +3 ////; 
ttag +4 ////; 
ttag +5 ////; 
ttag +6 ////; 
ttag +7 ////; 
ttag +8 ////; 
ttag +9 ////; 
ttag +10 ////; 
ttag +11 ////; 
ttag +12 ////; 
ttag +13 ////; 
ttag +14 ////; 
ttag +15 ////; 
ttag +16 ////; 
ttag +17 ////; 
ttag +18 ////; 
ttag +19 ////; 
ttag +20 ////; 
ttag +21 ////; 
ttag +22 ////; 
ttag +23 ////; 
ttag +24 ////; 
ttag +25 ////; 
ttag +26 ////; 
ttag +27 ////; 
ttag +28 ////; 
ttag +29 ////; 
ttag +30 ////; 
ttag +31 ////; 
ttag +32 ////; 
ttag +33 ////; 
ttag +34 ////; 
ttag +35 ////; 
ttag +36 ////; 
ttag +37 ////; 
ttag +38 ////; 
ttag +39 ////; 
ttag +40 ////; 
ttag +41 ////; 
ttag +42 ////; 
ttag +43 ////; 
ttag +44 ////; 
ttag +45 ////; 
ttag +46 ////; 
ttag +47 ////; 
ttag +48 ////; 
ttag +49 100/100/100/100/100; 
ttag +50 86/79/70/80/74; 
ttag +51 100/100/97/99/96; 
ttag +52 49/36/33/30/22; 
ttag +53 38/23/28/34/22; 
ttag +54 96/95/92/98/92; 
ttag +55 99/99/96/98/97; 
ttag +56 28/0/2/3/?; 
ttag +57 50/38/38/34/31; 
ttag +58 52/16/16/19/15; 
ttag +59 92/90/75/92/76; 
ttag +60 79/74/70/81/62; 
ttag +61 100/100/100/100/100; 
ttag +62 98/98/96/98/97; 
ttag +63 100/100/100/100/100; 
ttag +64 100/100/98/99/99; 
ttag +65 57/30/32/35/32; 
ttag +66 65/61/56/62/45; 
ttag +67 15/[37]/?/?/?; 
ttag +68 60/37/39/38/30; 
ttag +69 44/22/18/32/25; 
ttag +70 99/99/99/100/99; 
ttag +71 99/99/100/100/98; 
ttag +72 100/100/100/100/100; 
ttag +73 99/99/98/100/96; 
ttag +74 79/70/58/64/60; 
ttag +75 95/94/86/96/88; 
ttag +76 27/[10]/?/?/?; 
ttag +77 95/94/85/96/90; 
ttag +78 100/100/98/100/100; 
ttag +79 98/98/93/98/95; 
ttag +80 86/77/75/86/76; 
ttag +81 36/28/36/24/38; 
ttag +82 86/81/68/82/70; 
ttag +83 18/[23]/?/?/?; 
ttag +84 74/66/49/61/55; 
ttag +85 100/100/100/100/99; 
ttag +86 100/100/100/100/100; 
ttag +87 65/49/38/56/43; 
ttag +88 39/0/?/?/0; 
ttag +89 99/99/99/100/98; 
ttag +90 96/94/96/97/95; 
ttag +91 98/98/92/98/95; 
ttag +92 100/100/100/100/100; 
ttag +93 99/99/98/100/99; 
ttag +94 99/99/100/100/99; 
