tread
'Tree with tags' 
(0 ((1 ((2 3 )(8 9 (((4 5 )(6 7 ))(10 (11 12 ))))))(((13 14 )((26 (27 (28 (29 30 ))))(39 ((31 (((32 33 )(36 (37 38 )))(34 35 )))((40 41 )(42 (43 ((44 45 )(46 47 )))))))))((17 (15 16 ))(18 19 ((20 21 )((22 23 )(24 25 )))))))); 
ttag *!; 
ttag +49 1; 
ttag +50 ???; 
ttag +51 13; 
ttag +52 5; 
ttag +53 11; 
ttag +54 10; 
ttag +55 1; 
ttag +56 5; 
ttag +57 3; 
ttag +58 5; 
ttag +59 11; 
ttag +60 12; 
ttag +61 3; 
ttag +62 2; 
ttag +63 13; 
ttag +64 1; 
ttag +65 10; 
ttag +66 2; 
ttag +67 9; 
ttag +68 2; 
ttag +69 4; 
ttag +70 2; 
ttag +71 1; 
ttag +72 8; 
ttag +73 6; 
ttag +74 3; 
ttag +75 7; 
ttag +76 10; 
ttag +77 6; 
ttag +78 6; 
ttag +79 5; 
ttag +80 4; 
ttag +81 1; 
ttag +82 6; 
ttag +83 2; 
ttag +84 5; 
ttag +85 7; 
ttag +86 4; 
ttag +87 4; 
ttag +88 7; 
ttag +89 3; 
ttag +90 9; 
ttag +91 4; 
ttag +92 6; 
tread
'Tree with tags' 
(0 ((1 ((2 3 )((((4 5 )(6 7 ))(10 (11 12 )))(8 9 ))))(((13 14 )((26 (27 (28 (29 30 ))))(39 ((31 (((32 33 )(36 (37 38 )))(34 35 )))((40 41 )(42 (43 ((44 45 )(46 47 )))))))))((17 (15 16 ))(19 (18 ((20 21 )((22 23 )(24 25 ))))))))); 
ttag *!; 
ttag +0 ////; 
ttag +1 ////; 
ttag +2 ////; 
ttag +3 ////; 
ttag +4 ////; 
ttag +5 ////; 
ttag +6 ////; 
ttag +7 ////; 
ttag +8 ////; 
ttag +9 ////; 
ttag +10 ////; 
ttag +11 ////; 
ttag +12 ////; 
ttag +13 ////; 
ttag +14 ////; 
ttag +15 ////; 
ttag +16 ////; 
ttag +17 ////; 
ttag +18 ////; 
ttag +19 ////; 
ttag +20 ////; 
ttag +21 ////; 
ttag +22 ////; 
ttag +23 ////; 
ttag +24 ////; 
ttag +25 ////; 
ttag +26 ////; 
ttag +27 ////; 
ttag +28 ////; 
ttag +29 ////; 
ttag +30 ////; 
ttag +31 ////; 
ttag +32 ////; 
ttag +33 ////; 
ttag +34 ////; 
ttag +35 ////; 
ttag +36 ////; 
ttag +37 ////; 
ttag +38 ////; 
ttag +39 ////; 
ttag +40 ////; 
ttag +41 ////; 
ttag +42 ////; 
ttag +43 ////; 
ttag +44 ////; 
ttag +45 ////; 
ttag +46 ////; 
ttag +47 ////; 
ttag +48 ////; 
ttag +49 39/16/7/20/2; 
ttag +50 100/100/100/100/100; 
ttag +51 100/100/100/100/100; 
ttag +52 93/91/85/94/89; 
ttag +53 100/100/100/100/100; 
ttag +54 99/99/98/100/100; 
ttag +55 38/13/12/20/2; 
ttag +56 87/83/81/86/82; 
ttag +57 88/82/79/80/76; 
ttag +58 24/0/?/10/?; 
ttag +59 96/96/90/95/91; 
ttag +60 100/100/100/100/100; 
ttag +61 99/99/100/100/100; 
ttag +62 63/50/28/54/39; 
ttag +63 50/33/16/31/20; 
ttag +64 100/100/100/100/100; 
ttag +65 32/6/?/7/?; 
ttag +66 99/98/97/98/99; 
ttag +67 12/[13]/?/?/?; 
ttag +68 57/39/30/32/28; 
ttag +69 100/100/100/100/99; 
ttag +70 66/56/41/51/50; 
ttag +71 91/88/80/90/70; 
ttag +72 77/68/60/64/71; 
ttag +73 61/40/33/36/36; 
ttag +74 100/100/100/100/98; 
ttag +75 88/84/74/89/80; 
ttag +76 89/87/82/84/86; 
ttag +77 99/98/99/98/98; 
ttag +78 100/100/100/99/99; 
ttag +79 98/97/94/97/92; 
ttag +80 92/91/86/95/88; 
ttag +81 87/84/74/86/77; 
ttag +82 92/88/78/93/83; 
ttag +83 59/58/58/63/57; 
ttag +84 98/98/95/99/95; 
ttag +85 74/73/72/76/78; 
ttag +86 96/95/90/94/88; 
ttag +87 99/98/94/97/93; 
ttag +88 92/89/85/90/84; 
ttag +89 89/86/81/88/84; 
ttag +90 96/96/88/95/92; 
ttag +91 82/76/74/83/71; 
ttag +92 100/100/99/100/98; 
ttag +93 98/98/92/96/95; 
ttag +94 98/98/92/94/95; 
