tread
'Tree with tags' 
(0 (1 ((((2 3 )(10 ((((4 5 )(6 7 ))(11 12 ))(8 9 ))))(13 14 ))(((15 16 )(17 (18 (19 (20 21 )((22 23 )(24 25 ))))))((26 (27 (28 (29 30 ))))((39 (((31 (34 35 ))(32 33 ))(36 (37 38 ))))((40 41 )(42 (43 ((44 45 )(46 47 ))))))))))); 
ttag *!; 
ttag +49 ???; 
ttag +50 4; 
ttag +51 5; 
ttag +52 1; 
ttag +53 1; 
ttag +54 7; 
ttag +55 8; 
ttag +56 1; 
ttag +57 1; 
ttag +58 2; 
ttag +59 3; 
ttag +60 2; 
ttag +61 16; 
ttag +62 5; 
ttag +63 9; 
ttag +64 7; 
ttag +65 1; 
ttag +66 2; 
ttag +67 6; 
ttag +68 3; 
ttag +69 10; 
ttag +70 8; 
ttag +71 7; 
ttag +72 7; 
ttag +73 7; 
ttag +74 5; 
ttag +75 3; 
ttag +76 6; 
ttag +77 7; 
ttag +78 1; 
ttag +79 1; 
ttag +80 9; 
ttag +81 1; 
ttag +82 6; 
ttag +83 5; 
ttag +84 3; 
ttag +85 7; 
ttag +86 7; 
ttag +87 4; 
ttag +88 4; 
ttag +89 4; 
ttag +90 2; 
ttag +91 4; 
ttag +92 9; 
ttag +93 6; 
tread
'Tree with tags' 
(0 (1 ((((2 3 )(10 ((((4 5 )(6 7 ))(11 12 ))(8 9 ))))(13 14 ))(((15 16 )(17 (18 (19 ((20 21 )((22 23 )(24 25 )))))))((26 (27 (28 (29 30 ))))((39 (((31 (34 35 ))(32 33 ))(36 (37 38 ))))((40 41 )(42 (43 ((44 45 )(46 47 ))))))))))); 
ttag *!; 
ttag +0 ////; 
ttag +1 ////; 
ttag +2 ////; 
ttag +3 ////; 
ttag +4 ////; 
ttag +5 ////; 
ttag +6 ////; 
ttag +7 ////; 
ttag +8 ////; 
ttag +9 ////; 
ttag +10 ////; 
ttag +11 ////; 
ttag +12 ////; 
ttag +13 ////; 
ttag +14 ////; 
ttag +15 ////; 
ttag +16 ////; 
ttag +17 ////; 
ttag +18 ////; 
ttag +19 ////; 
ttag +20 ////; 
ttag +21 ////; 
ttag +22 ////; 
ttag +23 ////; 
ttag +24 ////; 
ttag +25 ////; 
ttag +26 ////; 
ttag +27 ////; 
ttag +28 ////; 
ttag +29 ////; 
ttag +30 ////; 
ttag +31 ////; 
ttag +32 ////; 
ttag +33 ////; 
ttag +34 ////; 
ttag +35 ////; 
ttag +36 ////; 
ttag +37 ////; 
ttag +38 ////; 
ttag +39 ////; 
ttag +40 ////; 
ttag +41 ////; 
ttag +42 ////; 
ttag +43 ////; 
ttag +44 ////; 
ttag +45 ////; 
ttag +46 ////; 
ttag +47 ////; 
ttag +48 ////; 
ttag +49 100/100/100/100/100; 
ttag +50 86/79/68/78/73; 
ttag +51 95/94/84/95/85; 
ttag +52 37/22/13/23/10; 
ttag +53 36/22/21/23/24; 
ttag +54 98/98/97/98/97; 
ttag +55 99/98/97/98/95; 
ttag +56 52/22/2/16/?; 
ttag +57 29/0/?/?/?; 
ttag +58 86/82/74/77/81; 
ttag +59 86/82/72/79/66; 
ttag +60 73/59/44/59/46; 
ttag +61 100/100/100/100/100; 
ttag +62 97/96/94/96/94; 
ttag +63 100/100/100/100/99; 
ttag +64 99/99/97/100/96; 
ttag +65 18/3/?/7/?; 
ttag +66 76/66/44/47/46; 
ttag +67 99/99/98/98/99; 
ttag +68 76/64/58/75/60; 
ttag +69 100/100/100/100/100; 
ttag +70 42/16/18/13/20; 
ttag +71 99/98/97/99/97; 
ttag +72 98/98/98/98/97; 
ttag +73 100/100/98/99/97; 
ttag +74 99/99/97/97/99; 
ttag +75 92/91/89/95/89; 
ttag +76 74/69/63/72/70; 
ttag +77 98/98/99/100/100; 
ttag +78 99/99/100/100/100; 
ttag +79 33/10/3/5/6; 
ttag +80 34/12/8/12/8; 
ttag +81 100/100/99/100/100; 
ttag +82 48/30/14/28/19; 
ttag +83 98/98/98/97/97; 
ttag +84 97/96/95/97/95; 
ttag +85 89/86/78/83/80; 
ttag +86 98/98/98/98/96; 
ttag +87 99/98/95/98/96; 
ttag +88 88/85/79/90/80; 
ttag +89 90/86/82/90/88; 
ttag +90 94/93/87/96/90; 
ttag +91 62/51/38/58/46; 
ttag +92 95/94/94/96/90; 
ttag +93 100/100/96/99/97; 
ttag +94 98/98/96/98/98; 
