tread
'Tree with tags' 
(0 ((1 ((2 3 )((((4 5 )(6 7 ))(8 9 ))(10 (11 12 )))))(((13 14 )((15 16 )(17 (18 (19 ((20 21 )(24 25 (22 23 ))))))))((26 (27 (28 (29 30 ))))(39 (31 (((32 33 )(34 35 ))(36 (37 38 ))))((40 41 )(42 (43 ((44 45 )(46 47 )))))))))); 
ttag *!; 
ttag +49 1; 
ttag +50 ???; 
ttag +51 6; 
ttag +52 1; 
ttag +53 6; 
ttag +54 4; 
ttag +55 1; 
ttag +56 2; 
ttag +57 2; 
ttag +58 1; 
ttag +59 7; 
ttag +60 3; 
ttag +61 15; 
ttag +62 1; 
ttag +63 1; 
ttag +64 10; 
ttag +65 3; 
ttag +66 6; 
ttag +67 5; 
ttag +68 3; 
ttag +69 11; 
ttag +70 5; 
ttag +71 11; 
ttag +72 6; 
ttag +73 7; 
ttag +74 1; 
ttag +75 1; 
ttag +76 5; 
ttag +77 8; 
ttag +78 2; 
ttag +79 6; 
ttag +80 8; 
ttag +81 2; 
ttag +82 3; 
ttag +83 4; 
ttag +84 8; 
ttag +85 15; 
ttag +86 4; 
ttag +87 6; 
ttag +88 6; 
ttag +89 3; 
ttag +90 7; 
ttag +91 4; 
ttag +92 2; 
tread
'Tree with tags' 
(0 ((1 ((2 3 )((((4 5 )(6 7 ))(8 9 ))(10 (11 12 )))))(((13 14 )((15 16 )(17 (18 (19 ((20 21 )(25 (24 (22 23 )))))))))((26 (27 (28 (29 30 ))))((39 (31 (((32 33 )(34 35 ))(36 (37 38 )))))((40 41 )(42 (43 ((44 45 )(46 47 )))))))))); 
ttag *!; 
ttag +0 ////; 
ttag +1 ////; 
ttag +2 ////; 
ttag +3 ////; 
ttag +4 ////; 
ttag +5 ////; 
ttag +6 ////; 
ttag +7 ////; 
ttag +8 ////; 
ttag +9 ////; 
ttag +10 ////; 
ttag +11 ////; 
ttag +12 ////; 
ttag +13 ////; 
ttag +14 ////; 
ttag +15 ////; 
ttag +16 ////; 
ttag +17 ////; 
ttag +18 ////; 
ttag +19 ////; 
ttag +20 ////; 
ttag +21 ////; 
ttag +22 ////; 
ttag +23 ////; 
ttag +24 ////; 
ttag +25 ////; 
ttag +26 ////; 
ttag +27 ////; 
ttag +28 ////; 
ttag +29 ////; 
ttag +30 ////; 
ttag +31 ////; 
ttag +32 ////; 
ttag +33 ////; 
ttag +34 ////; 
ttag +35 ////; 
ttag +36 ////; 
ttag +37 ////; 
ttag +38 ////; 
ttag +39 ////; 
ttag +40 ////; 
ttag +41 ////; 
ttag +42 ////; 
ttag +43 ////; 
ttag +44 ////; 
ttag +45 ////; 
ttag +46 ////; 
ttag +47 ////; 
ttag +48 ////; 
ttag +49 32/14/20/16/10; 
ttag +50 100/100/100/100/100; 
ttag +51 99/98/97/97/98; 
ttag +52 58/41/44/40/36; 
ttag +53 99/99/99/99/98; 
ttag +54 93/90/87/94/89; 
ttag +55 29/1/2/13/0; 
ttag +56 79/69/71/75/77; 
ttag +57 58/44/30/48/36; 
ttag +58 48/24/28/30/23; 
ttag +59 98/98/93/98/90; 
ttag +60 92/88/81/86/83; 
ttag +61 100/100/100/100/100; 
ttag +62 49/32/32/40/31; 
ttag +63 27/10/11/16/6; 
ttag +64 99/99/99/100/100; 
ttag +65 86/82/62/80/66; 
ttag +66 96/95/94/94/94; 
ttag +67 97/96/91/95/96; 
ttag +68 94/94/90/92/87; 
ttag +69 100/100/100/100/100; 
ttag +70 99/99/96/98/97; 
ttag +71 100/100/100/100/100; 
ttag +72 40/7/4/?/?; 
ttag +73 96/96/90/97/93; 
ttag +74 91/85/72/92/70; 
ttag +75 66/49/50/46/38; 
ttag +76 31/18/7/21/5; 
ttag +77 96/96/92/98/93; 
ttag +78 100/100/99/100/100; 
ttag +79 95/94/87/91/86; 
ttag +80 18/[9]/?/?/?; 
ttag +81 98/98/90/98/93; 
ttag +82 96/95/95/99/94; 
ttag +83 80/77/68/77/61; 
ttag +84 90/88/74/87/73; 
ttag +85 91/86/81/92/87; 
ttag +86 99/98/98/98/98; 
ttag +87 100/100/100/100/100; 
ttag +88 89/84/77/88/76; 
ttag +89 95/94/85/98/82; 
ttag +90 97/96/93/98/97; 
ttag +91 89/84/79/78/73; 
ttag +92 100/100/99/100/98; 
ttag +93 86/80/78/90/66; 
ttag +94 87/84/76/82/71; 
