tread
'Tree with tags' 
(0 ((1 (((15 16 )(17 (18 (19 ((20 21 )((22 23 )(24 25 )))))))((27 (26 (28 (29 30 ))))(39 (31 ((32 33 )(34 35 )(36 (37 38 ))))((40 41 )(42 (43 ((44 45 )(46 47 )))))))))(((2 3 )((8 9 )(10 (11 12 ))))((4 5 )(6 7 )))(13 14 ))); 
ttag *!; 
ttag +49 1; 
ttag +50 ???; 
ttag +51 4; 
ttag +52 1; 
ttag +53 10; 
ttag +54 6; 
ttag +55 6; 
ttag +56 2; 
ttag +57 1; 
ttag +58 1; 
ttag +59 3; 
ttag +60 10; 
ttag +61 6; 
ttag +62 6; 
ttag +63 5; 
ttag +64 1; 
ttag +65 3; 
ttag +66 1; 
ttag +67 3; 
ttag +68 6; 
ttag +69 7; 
ttag +70 11; 
ttag +71 5; 
ttag +72 3; 
ttag +73 1; 
ttag +74 10; 
ttag +75 4; 
ttag +76 5; 
ttag +77 7; 
ttag +78 2; 
ttag +79 7; 
ttag +80 3; 
ttag +81 3; 
ttag +82 4; 
ttag +83 12; 
ttag +84 6; 
ttag +85 5; 
ttag +86 6; 
ttag +87 8; 
ttag +88 4; 
ttag +89 3; 
ttag +90 2; 
ttag +91 2; 
tread
'Tree with tags' 
(0 (((1 (((15 16 )(17 (18 (19 ((20 21 )((22 23 )(24 25 )))))))((27 (26 (28 (29 30 ))))(39 ((31 (((32 33 )(36 (37 38 )))(34 35 )))((40 41 )(42 (43 ((44 45 )(46 47 ))))))))))(13 14 ))(((2 3 )((8 9 )(10 (11 12 ))))((4 5 )(6 7 ))))); 
ttag *!; 
ttag +0 ////; 
ttag +1 ////; 
ttag +2 ////; 
ttag +3 ////; 
ttag +4 ////; 
ttag +5 ////; 
ttag +6 ////; 
ttag +7 ////; 
ttag +8 ////; 
ttag +9 ////; 
ttag +10 ////; 
ttag +11 ////; 
ttag +12 ////; 
ttag +13 ////; 
ttag +14 ////; 
ttag +15 ////; 
ttag +16 ////; 
ttag +17 ////; 
ttag +18 ////; 
ttag +19 ////; 
ttag +20 ////; 
ttag +21 ////; 
ttag +22 ////; 
ttag +23 ////; 
ttag +24 ////; 
ttag +25 ////; 
ttag +26 ////; 
ttag +27 ////; 
ttag +28 ////; 
ttag +29 ////; 
ttag +30 ////; 
ttag +31 ////; 
ttag +32 ////; 
ttag +33 ////; 
ttag +34 ////; 
ttag +35 ////; 
ttag +36 ////; 
ttag +37 ////; 
ttag +38 ////; 
ttag +39 ////; 
ttag +40 ////; 
ttag +41 ////; 
ttag +42 ////; 
ttag +43 ////; 
ttag +44 ////; 
ttag +45 ////; 
ttag +46 ////; 
ttag +47 ////; 
ttag +48 ////; 
ttag +49 27/5/?/2/0; 
ttag +50 20/0/7/5/5; 
ttag +51 100/100/100/100/100; 
ttag +52 92/91/78/90/81; 
ttag +53 35/8/4/?/?; 
ttag +54 98/98/97/97/96; 
ttag +55 98/98/96/99/96; 
ttag +56 96/95/88/98/88; 
ttag +57 79/71/60/71/67; 
ttag +58 74/68/61/63/52; 
ttag +59 47/21/16/15/9; 
ttag +60 85/82/64/82/70; 
ttag +61 99/99/99/99/98; 
ttag +62 96/95/92/98/94; 
ttag +63 100/100/100/100/100; 
ttag +64 93/91/84/89/80; 
ttag +65 41/27/9/20/7; 
ttag +66 77/72/58/70/62; 
ttag +67 48/17/11/18/6; 
ttag +68 82/80/68/81/65; 
ttag +69 99/99/98/99/97; 
ttag +70 95/93/84/92/80; 
ttag +71 100/100/98/99/94; 
ttag +72 93/91/85/91/82; 
ttag +73 88/87/83/89/78; 
ttag +74 42/7/18/22/14; 
ttag +75 99/99/98/100/99; 
ttag +76 90/87/85/86/84; 
ttag +77 91/89/79/91/76; 
ttag +78 100/100/100/100/100; 
ttag +79 70/60/58/59/50; 
ttag +80 27/[2]/1/0/?; 
ttag +81 99/99/96/98/97; 
ttag +82 88/84/82/89/83; 
ttag +83 29/[3]/?/?/?; 
ttag +84 86/81/77/81/74; 
ttag +85 91/88/84/92/91; 
ttag +86 100/100/100/100/100; 
ttag +87 97/96/92/96/94; 
ttag +88 97/96/95/98/95; 
ttag +89 97/97/92/97/92; 
ttag +90 99/99/97/99/96; 
ttag +91 92/91/86/95/87; 
ttag +92 90/86/85/89/89; 
ttag +93 71/59/54/71/54; 
ttag +94 79/74/66/73/66; 
