tread
'Tree with tags' 
(0 (1 ((2 3 )((4 5 )(6 7 ))(8 9 )(10 (11 12 )))((13 14 )((15 16 )(17 (18 (19 ((20 21 )((22 23 )(24 25 ))))))))((26 (27 (28 (29 30 ))))((31 39 ((32 33 )(34 35 )(36 (37 38 ))))(40 41 ((42 43 )(47 (46 (44 45 ))))))))); 
ttag *!; 
ttag +49 ???; 
ttag +50 7; 
ttag +51 7; 
ttag +52 6; 
ttag +53 2; 
ttag +54 1; 
ttag +55 4; 
ttag +56 6; 
ttag +57 5; 
ttag +58 4; 
ttag +59 1; 
ttag +60 8; 
ttag +61 3; 
ttag +62 2; 
ttag +63 4; 
ttag +64 3; 
ttag +65 7; 
ttag +66 6; 
ttag +67 7; 
ttag +68 3; 
ttag +69 3; 
ttag +70 3; 
ttag +71 5; 
ttag +72 5; 
ttag +73 3; 
ttag +74 8; 
ttag +75 3; 
ttag +76 3; 
ttag +77 6; 
ttag +78 4; 
ttag +79 3; 
ttag +80 7; 
ttag +81 3; 
ttag +82 9; 
ttag +83 1; 
ttag +84 2; 
ttag +85 5; 
ttag +86 1; 
ttag +87 8; 
tread
'Tree with tags' 
(0 ((1 ((2 3 )(((4 5 )(6 7 ))((8 9 )(10 (11 12 ))))))(((13 14 )((15 16 )(17 (18 (19 ((20 21 )((22 23 )(24 25 ))))))))((26 (27 (28 (29 30 ))))((31 (39 (((32 33 )(34 35 ))(36 (37 38 )))))((40 41 )((42 43 )(47 (46 (44 45 )))))))))); 
ttag *!; 
ttag +0 ////; 
ttag +1 ////; 
ttag +2 ////; 
ttag +3 ////; 
ttag +4 ////; 
ttag +5 ////; 
ttag +6 ////; 
ttag +7 ////; 
ttag +8 ////; 
ttag +9 ////; 
ttag +10 ////; 
ttag +11 ////; 
ttag +12 ////; 
ttag +13 ////; 
ttag +14 ////; 
ttag +15 ////; 
ttag +16 ////; 
ttag +17 ////; 
ttag +18 ////; 
ttag +19 ////; 
ttag +20 ////; 
ttag +21 ////; 
ttag +22 ////; 
ttag +23 ////; 
ttag +24 ////; 
ttag +25 ////; 
ttag +26 ////; 
ttag +27 ////; 
ttag +28 ////; 
ttag +29 ////; 
ttag +30 ////; 
ttag +31 ////; 
ttag +32 ////; 
ttag +33 ////; 
ttag +34 ////; 
ttag +35 ////; 
ttag +36 ////; 
ttag +37 ////; 
ttag +38 ////; 
ttag +39 ////; 
ttag +40 ////; 
ttag +41 ////; 
ttag +42 ////; 
ttag +43 ////; 
ttag +44 ////; 
ttag +45 ////; 
ttag +46 ////; 
ttag +47 ////; 
ttag +48 ////; 
ttag +49 22/[1]/?/4/?; 
ttag +50 100/100/100/100/100; 
ttag +51 98/96/93/100/94; 
ttag +52 99/99/95/98/95; 
ttag +53 94/92/89/92/88; 
ttag +54 74/62/58/67/59; 
ttag +55 40/17/8/6/9; 
ttag +56 50/24/13/28/23; 
ttag +57 93/91/82/92/84; 
ttag +58 22/0/?/?/?; 
ttag +59 97/96/91/98/94; 
ttag +60 99/99/95/99/96; 
ttag +61 97/97/94/95/96; 
ttag +62 65/56/55/45/47; 
ttag +63 20/[3]/?/2/?; 
ttag +64 100/100/99/99/99; 
ttag +65 83/79/78/92/78; 
ttag +66 70/56/49/57/43; 
ttag +67 95/94/88/96/90; 
ttag +68 96/96/87/93/87; 
ttag +69 99/99/100/100/99; 
ttag +70 97/96/90/97/90; 
ttag +71 98/98/98/98/94; 
ttag +72 87/81/71/87/64; 
ttag +73 88/84/73/87/67; 
ttag +74 90/87/80/89/83; 
ttag +75 97/97/94/98/88; 
ttag +76 92/90/84/91/80; 
ttag +77 83/79/73/85/71; 
ttag +78 100/100/98/99/96; 
ttag +79 74/67/48/66/54; 
ttag +80 86/84/78/82/69; 
ttag +81 94/92/94/96/90; 
ttag +82 32/24/27/34/24; 
ttag +83 95/95/90/95/89; 
ttag +84 29/7/5/16/6; 
ttag +85 89/81/77/86/73; 
ttag +86 99/98/98/99/97; 
ttag +87 90/86/82/87/81; 
ttag +88 34/6/4/2/?; 
ttag +89 100/100/98/99/98; 
ttag +90 63/52/35/46/40; 
ttag +91 81/74/63/71/66; 
ttag +92 96/94/90/97/94; 
ttag +93 52/32/12/32/14; 
ttag +94 99/99/96/99/96; 
