tread
'Tree with tags' 
(0 (1 (((2 3 )((15 16 )(17 (18 (19 ((20 21 )((22 23 )(24 25 ))))))))((((4 5 )(6 7 ))(8 9 (10 (11 12 ))))((27 (26 (28 (29 30 ))))((39 (31 ((32 33 )((34 35 )(36 (37 38 ))))))((40 41 )(42 (43 ((44 45 )(46 47 )))))))))(13 14 ))); 
ttag *!; 
ttag +49 ???; 
ttag +50 9; 
ttag +51 1; 
ttag +52 1; 
ttag +53 11; 
ttag +54 3; 
ttag +55 7; 
ttag +56 2; 
ttag +57 2; 
ttag +58 1; 
ttag +59 7; 
ttag +60 10; 
ttag +61 10; 
ttag +62 9; 
ttag +63 6; 
ttag +64 1; 
ttag +65 2; 
ttag +66 2; 
ttag +67 8; 
ttag +68 4; 
ttag +69 7; 
ttag +70 3; 
ttag +71 6; 
ttag +72 1; 
ttag +73 4; 
ttag +74 8; 
ttag +75 6; 
ttag +76 12; 
ttag +77 8; 
ttag +78 1; 
ttag +79 3; 
ttag +80 2; 
ttag +81 5; 
ttag +82 2; 
ttag +83 1; 
ttag +84 12; 
ttag +85 8; 
ttag +86 2; 
ttag +87 3; 
ttag +88 7; 
ttag +89 2; 
ttag +90 6; 
ttag +91 9; 
ttag +92 5; 
tread
'Tree with tags' 
(0 ((1 (((2 3 )((15 16 )(17 (18 (19 ((20 21 )((22 23 )(24 25 ))))))))((((4 5 )(6 7 ))(9 (8 (10 (11 12 )))))((27 (26 (28 (29 30 ))))((39 (31 ((32 33 )((34 35 )(36 (37 38 ))))))((40 41 )(42 (43 ((44 45 )(46 47 ))))))))))(13 14 ))); 
ttag *!; 
ttag +0 ////; 
ttag +1 ////; 
ttag +2 ////; 
ttag +3 ////; 
ttag +4 ////; 
ttag +5 ////; 
ttag +6 ////; 
ttag +7 ////; 
ttag +8 ////; 
ttag +9 ////; 
ttag +10 ////; 
ttag +11 ////; 
ttag +12 ////; 
ttag +13 ////; 
ttag +14 ////; 
ttag +15 ////; 
ttag +16 ////; 
ttag +17 ////; 
ttag +18 ////; 
ttag +19 ////; 
ttag +20 ////; 
ttag +21 ////; 
ttag +22 ////; 
ttag +23 ////; 
ttag +24 ////; 
ttag +25 ////; 
ttag +26 ////; 
ttag +27 ////; 
ttag +28 ////; 
ttag +29 ////; 
ttag +30 ////; 
ttag +31 ////; 
ttag +32 ////; 
ttag +33 ////; 
ttag +34 ////; 
ttag +35 ////; 
ttag +36 ////; 
ttag +37 ////; 
ttag +38 ////; 
ttag +39 ////; 
ttag +40 ////; 
ttag +41 ////; 
ttag +42 ////; 
ttag +43 ////; 
ttag +44 ////; 
ttag +45 ////; 
ttag +46 ////; 
ttag +47 ////; 
ttag +48 ////; 
ttag +49 27/10/?/5/5; 
ttag +50 100/100/100/100/100; 
ttag +51 99/99/100/99/99; 
ttag +52 42/26/18/21/5; 
ttag +53 62/53/40/58/42; 
ttag +54 100/100/100/100/100; 
ttag +55 77/70/62/72/65; 
ttag +56 96/95/90/96/93; 
ttag +57 53/39/22/28/11; 
ttag +58 57/43/19/23/11; 
ttag +59 19/[3]/0/?/?; 
ttag +60 52/33/34/20/10; 
ttag +61 97/97/98/98/98; 
ttag +62 100/100/100/100/100; 
ttag +63 100/100/100/100/100; 
ttag +64 100/100/100/100/100; 
ttag +65 97/96/87/96/89; 
ttag +66 62/39/45/44/42; 
ttag +67 63/51/51/50/39; 
ttag +68 66/54/53/55/42; 
ttag +69 100/100/100/100/100; 
ttag +70 92/90/80/90/81; 
ttag +71 99/99/95/99/97; 
ttag +72 84/76/68/80/66; 
ttag +73 98/97/97/99/96; 
ttag +74 52/38/31/31/24; 
ttag +75 92/90/88/85/87; 
ttag +76 99/99/94/99/95; 
ttag +77 98/98/96/98/96; 
ttag +78 100/100/99/100/100; 
ttag +79 90/88/72/90/81; 
ttag +80 43/23/5/19/14; 
ttag +81 78/74/50/67/55; 
ttag +82 80/78/69/80/67; 
ttag +83 82/72/58/81/66; 
ttag +84 87/82/75/81/76; 
ttag +85 54/44/40/49/44; 
ttag +86 100/100/100/100/98; 
ttag +87 100/100/98/99/98; 
ttag +88 74/65/54/66/60; 
ttag +89 84/82/72/80/72; 
ttag +90 99/99/97/99/97; 
ttag +91 63/43/29/52/37; 
ttag +92 98/98/93/97/93; 
ttag +93 100/100/98/100/98; 
ttag +94 100/100/98/98/98; 
