tread
'Tree with tags' 
(0 (((1 ((2 3 )(8 9 ((4 5 )(6 7 ))(10 (11 12 )))))((26 (27 (28 (29 30 ))))((31 ((32 33 )((34 35 )(36 (37 38 )))))(39 (40 41 (42 (43 (46 47 (44 45 )))))))))((13 14 )((15 16 )(17 (18 (19 ((20 21 )((22 23 )(24 25 )))))))))); 
ttag *!; 
ttag +49 1; 
ttag +50 1; 
ttag +51 ???; 
ttag +52 3; 
ttag +53 3; 
ttag +54 7; 
ttag +55 5; 
ttag +56 4; 
ttag +57 1; 
ttag +58 6; 
ttag +59 5; 
ttag +60 11; 
ttag +61 1; 
ttag +62 13; 
ttag +63 6; 
ttag +64 2; 
ttag +65 3; 
ttag +66 3; 
ttag +67 11; 
ttag +68 6; 
ttag +69 15; 
ttag +70 4; 
ttag +71 10; 
ttag +72 4; 
ttag +73 8; 
ttag +74 2; 
ttag +75 6; 
ttag +76 10; 
ttag +77 4; 
ttag +78 9; 
ttag +79 7; 
ttag +80 5; 
ttag +81 3; 
ttag +82 3; 
ttag +83 16; 
ttag +84 6; 
ttag +85 1; 
ttag +86 5; 
ttag +87 9; 
ttag +88 2; 
ttag +89 8; 
ttag +90 5; 
tread
'Tree with tags' 
(0 (((1 ((2 3 )(8 9 ((4 5 )(6 7 ))(10 (11 12 )))))((26 (27 (28 (29 30 ))))((31 ((32 33 )((34 35 )(36 (37 38 )))))(39 (40 41 (42 (43 (46 47 (44 45 )))))))))((13 14 )((15 16 )(17 (18 (19 ((20 21 )((22 23 )(24 25 )))))))))); 
ttag *!; 
ttag +0 ////; 
ttag +1 ////; 
ttag +2 ////; 
ttag +3 ////; 
ttag +4 ////; 
ttag +5 ////; 
ttag +6 ////; 
ttag +7 ////; 
ttag +8 ////; 
ttag +9 ////; 
ttag +10 ////; 
ttag +11 ////; 
ttag +12 ////; 
ttag +13 ////; 
ttag +14 ////; 
ttag +15 ////; 
ttag +16 ////; 
ttag +17 ////; 
ttag +18 ////; 
ttag +19 ////; 
ttag +20 ////; 
ttag +21 ////; 
ttag +22 ////; 
ttag +23 ////; 
ttag +24 ////; 
ttag +25 ////; 
ttag +26 ////; 
ttag +27 ////; 
ttag +28 ////; 
ttag +29 ////; 
ttag +30 ////; 
ttag +31 ////; 
ttag +32 ////; 
ttag +33 ////; 
ttag +34 ////; 
ttag +35 ////; 
ttag +36 ////; 
ttag +37 ////; 
ttag +38 ////; 
ttag +39 ////; 
ttag +40 ////; 
ttag +41 ////; 
ttag +42 ////; 
ttag +43 ////; 
ttag +44 ////; 
ttag +45 ////; 
ttag +46 ////; 
ttag +47 ////; 
ttag +48 ////; 
ttag +49 44/28/20/15/21; 
ttag +50 15/[2]/?/?/?; 
ttag +51 100/100/100/100/100; 
ttag +52 92/92/82/83/79; 
ttag +53 93/91/74/86/77; 
ttag +54 100/100/98/99/98; 
ttag +55 97/96/94/95/94; 
ttag +56 94/92/88/93/85; 
ttag +57 54/26/31/43/37; 
ttag +58 100/100/99/99/98; 
ttag +59 96/95/89/94/94; 
ttag +60 100/100/100/100/100; 
ttag +61 22/6/8/?/3; 
ttag +62 100/100/100/100/99; 
ttag +63 96/96/92/95/94; 
ttag +64 69/60/46/52/54; 
ttag +65 78/65/56/69/55; 
ttag +66 72/59/47/64/48; 
ttag +67 100/100/100/100/100; 
ttag +68 95/93/89/94/90; 
ttag +69 100/100/100/100/100; 
ttag +70 94/92/78/88/82; 
ttag +71 100/100/98/100/98; 
ttag +72 94/94/89/96/88; 
ttag +73 98/98/96/99/95; 
ttag +74 81/76/63/80/70; 
ttag +75 100/100/99/100/100; 
ttag +76 100/100/100/100/100; 
ttag +77 94/93/87/89/84; 
ttag +78 100/100/96/99/98; 
ttag +79 100/100/100/99/100; 
ttag +80 99/99/94/98/92; 
ttag +81 83/78/72/85/78; 
ttag +82 84/79/77/76/65; 
ttag +83 100/100/100/100/100; 
ttag +84 99/99/98/100/99; 
ttag +85 32/13/9/18/?; 
ttag +86 96/95/95/94/94; 
ttag +87 98/98/97/100/98; 
ttag +88 82/77/81/75/74; 
ttag +89 99/99/99/100/99; 
ttag +90 96/95/94/99/93; 
