tread
'Tree with tags' 
(0 ((1 (13 14 )(17 (15 16 )(18 19 (20 21 )((22 23 )(24 25 ))))((26 (27 (28 (29 30 ))))(39 (31 ((32 33 )(34 35 (36 (37 38 )))))((40 41 )(42 (43 ((44 45 )(46 47 ))))))))((2 3 )(8 9 10 ((4 5 )(6 7 ))(11 12 ))))); 
ttag *!; 
ttag +49 1; 
ttag +50 ???; 
ttag +51 13; 
ttag +52 7; 
ttag +53 8; 
ttag +54 7; 
ttag +55 1; 
ttag +56 1; 
ttag +57 7; 
ttag +58 12; 
ttag +59 9; 
ttag +60 1; 
ttag +61 1; 
ttag +62 6; 
ttag +63 8; 
ttag +64 7; 
ttag +65 2; 
ttag +66 4; 
ttag +67 3; 
ttag +68 2; 
ttag +69 4; 
ttag +70 11; 
ttag +71 8; 
ttag +72 7; 
ttag +73 9; 
ttag +74 3; 
ttag +75 3; 
ttag +76 16; 
ttag +77 12; 
ttag +78 2; 
ttag +79 6; 
ttag +80 7; 
ttag +81 1; 
ttag +82 9; 
ttag +83 8; 
ttag +84 2; 
tread
'Tree with tags' 
(0 ((1 (((13 14 )((15 16 )(17 ((18 ((22 23 )(24 25 )))(19 (20 21 ))))))((26 (27 (28 (29 30 ))))((39 (31 ((32 33 )(34 (35 (36 (37 38 )))))))((40 41 )(42 (43 ((44 45 )(46 47 )))))))))((2 3 )(8 ((((4 5 )(6 7 ))(11 12 ))(9 10 )))))); 
ttag *!; 
ttag +0 ////; 
ttag +1 ////; 
ttag +2 ////; 
ttag +3 ////; 
ttag +4 ////; 
ttag +5 ////; 
ttag +6 ////; 
ttag +7 ////; 
ttag +8 ////; 
ttag +9 ////; 
ttag +10 ////; 
ttag +11 ////; 
ttag +12 ////; 
ttag +13 ////; 
ttag +14 ////; 
ttag +15 ////; 
ttag +16 ////; 
ttag +17 ////; 
ttag +18 ////; 
ttag +19 ////; 
ttag +20 ////; 
ttag +21 ////; 
ttag +22 ////; 
ttag +23 ////; 
ttag +24 ////; 
ttag +25 ////; 
ttag +26 ////; 
ttag +27 ////; 
ttag +28 ////; 
ttag +29 ////; 
ttag +30 ////; 
ttag +31 ////; 
ttag +32 ////; 
ttag +33 ////; 
ttag +34 ////; 
ttag +35 ////; 
ttag +36 ////; 
ttag +37 ////; 
ttag +38 ////; 
ttag +39 ////; 
ttag +40 ////; 
ttag +41 ////; 
ttag +42 ////; 
ttag +43 ////; 
ttag +44 ////; 
ttag +45 ////; 
ttag +46 ////; 
ttag +47 ////; 
ttag +48 ////; 
ttag +49 63/56/49/64/53; 
ttag +50 100/100/100/100/100; 
ttag +51 100/100/100/100/100; 
ttag +52 98/97/91/98/91; 
ttag +53 100/100/99/100/100; 
ttag +54 98/97/95/99/94; 
ttag +55 32/[9]/?/?/?; 
ttag +56 27/2/10/3/?; 
ttag +57 38/23/24/40/25; 
ttag +58 65/50/38/50/47; 
ttag +59 17/[24]/?/?/?; 
ttag +60 99/99/98/100/98; 
ttag +61 100/100/100/100/100; 
ttag +62 28/11/5/4/4; 
ttag +63 27/0/?/?/?; 
ttag +64 100/100/100/100/100; 
ttag +65 67/54/55/61/54; 
ttag +66 61/52/40/50/38; 
ttag +67 20/[12]/?/?/?; 
ttag +68 65/60/55/54/54; 
ttag +69 13/[19]/?/?/?; 
ttag +70 99/99/100/99/99; 
ttag +71 100/100/99/100/99; 
ttag +72 97/96/92/96/90; 
ttag +73 82/76/70/78/71; 
ttag +74 96/95/90/98/88; 
ttag +75 88/86/72/90/72; 
ttag +76 74/65/62/74/64; 
ttag +77 94/92/82/92/78; 
ttag +78 99/99/100/100/100; 
ttag +79 96/96/94/100/92; 
ttag +80 17/[34]/?/?/?; 
ttag +81 99/99/95/98/95; 
ttag +82 100/100/98/100/100; 
ttag +83 85/83/66/90/74; 
ttag +84 86/80/66/88/73; 
ttag +85 38/14/?/6/6; 
ttag +86 100/100/100/100/100; 
ttag +87 100/100/100/100/100; 
ttag +88 77/66/54/71/46; 
ttag +89 96/95/89/96/88; 
ttag +90 99/99/99/100/99; 
ttag +91 55/28/26/35/29; 
ttag +92 99/99/99/100/99; 
ttag +93 99/99/95/99/98; 
ttag +94 80/72/65/80/76; 
