tread
'Tree with tags' 
(0 ((1 ((2 3 )((((4 5 )(6 7 ))(10 (11 12 )))(8 9 )))((26 (27 (28 (29 30 ))))((31 ((32 33 )(34 35 )(36 (37 38 ))))(39 (40 41 (42 (43 (46 47 (44 45 )))))))))(13 14 )(17 ((15 16 )(18 (19 ((20 21 )(24 (25 (22 23 )))))))))); 
ttag *!; 
ttag +49 2; 
ttag +50 ???; 
ttag +51 8; 
ttag +52 10; 
ttag +53 6; 
ttag +54 3; 
ttag +55 1; 
ttag +56 2; 
ttag +57 5; 
ttag +58 2; 
ttag +59 7; 
ttag +60 4; 
ttag +61 7; 
ttag +62 13; 
ttag +63 5; 
ttag +64 3; 
ttag +65 4; 
ttag +66 1; 
ttag +67 8; 
ttag +68 7; 
ttag +69 11; 
ttag +70 2; 
ttag +71 6; 
ttag +72 5; 
ttag +73 7; 
ttag +74 2; 
ttag +75 6; 
ttag +76 7; 
ttag +77 2; 
ttag +78 12; 
ttag +79 3; 
ttag +80 7; 
ttag +81 4; 
ttag +82 5; 
ttag +83 8; 
ttag +84 2; 
ttag +85 6; 
ttag +86 7; 
ttag +87 1; 
ttag +88 6; 
ttag +89 5; 
tread
'Tree with tags' 
(0 ((((1 ((2 3 )((((4 5 )(6 7 ))(10 (11 12 )))(8 9 ))))((26 (27 (28 (29 30 ))))((31 (((32 33 )(34 35 ))(36 (37 38 ))))(39 (40 (41 (42 (43 (46 (47 (44 45 )))))))))))(13 14 ))(17 ((15 16 )(18 (19 ((20 21 )(24 (25 (22 23 )))))))))); 
ttag *!; 
ttag +0 ////; 
ttag +1 ////; 
ttag +2 ////; 
ttag +3 ////; 
ttag +4 ////; 
ttag +5 ////; 
ttag +6 ////; 
ttag +7 ////; 
ttag +8 ////; 
ttag +9 ////; 
ttag +10 ////; 
ttag +11 ////; 
ttag +12 ////; 
ttag +13 ////; 
ttag +14 ////; 
ttag +15 ////; 
ttag +16 ////; 
ttag +17 ////; 
ttag +18 ////; 
ttag +19 ////; 
ttag +20 ////; 
ttag +21 ////; 
ttag +22 ////; 
ttag +23 ////; 
ttag +24 ////; 
ttag +25 ////; 
ttag +26 ////; 
ttag +27 ////; 
ttag +28 ////; 
ttag +29 ////; 
ttag +30 ////; 
ttag +31 ////; 
ttag +32 ////; 
ttag +33 ////; 
ttag +34 ////; 
ttag +35 ////; 
ttag +36 ////; 
ttag +37 ////; 
ttag +38 ////; 
ttag +39 ////; 
ttag +40 ////; 
ttag +41 ////; 
ttag +42 ////; 
ttag +43 ////; 
ttag +44 ////; 
ttag +45 ////; 
ttag +46 ////; 
ttag +47 ////; 
ttag +48 ////; 
ttag +49 38/13/16/14/14; 
ttag +50 44/34/15/32/15; 
ttag +51 14/4/?/5/?; 
ttag +52 100/100/100/100/100; 
ttag +53 100/100/95/100/93; 
ttag +54 100/100/99/100/99; 
ttag +55 96/94/95/97/93; 
ttag +56 72/69/67/78/69; 
ttag +57 60/45/30/42/34; 
ttag +58 60/52/41/54/36; 
ttag +59 89/86/74/88/72; 
ttag +60 77/67/53/74/52; 
ttag +61 97/96/95/98/96; 
ttag +62 95/94/94/95/92; 
ttag +63 99/99/99/99/98; 
ttag +64 100/100/99/100/98; 
ttag +65 78/68/52/63/40; 
ttag +66 64/54/44/56/27; 
ttag +67 83/77/72/83/74; 
ttag +68 50/30/12/28/27; 
ttag +69 100/100/100/100/100; 
ttag +70 98/98/95/98/93; 
ttag +71 100/100/100/100/100; 
ttag +72 64/49/32/54/22; 
ttag +73 95/94/92/96/88; 
ttag +74 96/96/87/96/88; 
ttag +75 87/77/70/74/58; 
ttag +76 78/70/59/75/68; 
ttag +77 99/98/94/98/93; 
ttag +78 99/99/97/98/98; 
ttag +79 80/75/68/67/54; 
ttag +80 98/98/98/98/97; 
ttag +81 94/94/85/90/87; 
ttag +82 33/[2]/9/?/?; 
ttag +83 98/98/92/99/90; 
ttag +84 93/92/88/93/90; 
ttag +85 98/97/93/95/90; 
ttag +86 99/99/94/99/95; 
ttag +87 74/69/56/65/45; 
ttag +88 96/95/89/97/90; 
ttag +89 34/2/?/?/?; 
ttag +90 99/99/97/99/98; 
ttag +91 68/48/46/51/43; 
ttag +92 97/97/94/97/95; 
ttag +93 30/[6]/?/?/?; 
ttag +94 98/98/92/98/93; 
