tread
'Tree with tags' 
(0 (1 ((((2 3 )(((4 5 )(6 7 ))(8 9 (10 (11 12 )))))(13 14 ))(((15 16 )(17 (18 (19 ((20 21 )((22 23 )(24 25 )))))))((26 (27 28 (29 30 )))(39 (31 (((32 33 )(36 (37 38 )))(34 35 )))((40 41 )(42 (43 ((44 45 )(46 47 ))))))))))); 
ttag *!; 
ttag +49 ???; 
ttag +50 5; 
ttag +51 8; 
ttag +52 1; 
ttag +53 1; 
ttag +54 4; 
ttag +55 5; 
ttag +56 3; 
ttag +57 5; 
ttag +58 1; 
ttag +59 2; 
ttag +60 8; 
ttag +61 9; 
ttag +62 5; 
ttag +63 3; 
ttag +64 1; 
ttag +65 2; 
ttag +66 9; 
ttag +67 2; 
ttag +68 11; 
ttag +69 4; 
ttag +70 13; 
ttag +71 7; 
ttag +72 5; 
ttag +73 3; 
ttag +74 8; 
ttag +75 4; 
ttag +76 4; 
ttag +77 7; 
ttag +78 5; 
ttag +79 6; 
ttag +80 1; 
ttag +81 9; 
ttag +82 4; 
ttag +83 11; 
ttag +84 12; 
ttag +85 2; 
ttag +86 3; 
ttag +87 7; 
ttag +88 3; 
ttag +89 6; 
ttag +90 4; 
ttag +91 3; 
tread
'Tree with tags' 
(0 (1 ((((2 3 )(((4 5 )(6 7 ))(8 (9 (10 (11 12 ))))))(13 14 ))(((15 16 )(17 (18 (19 ((20 21 )((22 23 )(24 25 )))))))((26 ((27 28 )(29 30 )))(39 ((31 (((32 33 )(36 (37 38 )))(34 35 )))((40 41 )(42 (43 ((44 45 )(46 47 )))))))))))); 
ttag *!; 
ttag +0 ////; 
ttag +1 ////; 
ttag +2 ////; 
ttag +3 ////; 
ttag +4 ////; 
ttag +5 ////; 
ttag +6 ////; 
ttag +7 ////; 
ttag +8 ////; 
ttag +9 ////; 
ttag +10 ////; 
ttag +11 ////; 
ttag +12 ////; 
ttag +13 ////; 
ttag +14 ////; 
ttag +15 ////; 
ttag +16 ////; 
ttag +17 ////; 
ttag +18 ////; 
ttag +19 ////; 
ttag +20 ////; 
ttag +21 ////; 
ttag +22 ////; 
ttag +23 ////; 
ttag +24 ////; 
ttag +25 ////; 
ttag +26 ////; 
ttag +27 ////; 
ttag +28 ////; 
ttag +29 ////; 
ttag +30 ////; 
ttag +31 ////; 
ttag +32 ////; 
ttag +33 ////; 
ttag +34 ////; 
ttag +35 ////; 
ttag +36 ////; 
ttag +37 ////; 
ttag +38 ////; 
ttag +39 ////; 
ttag +40 ////; 
ttag +41 ////; 
ttag +42 ////; 
ttag +43 ////; 
ttag +44 ////; 
ttag +45 ////; 
ttag +46 ////; 
ttag +47 ////; 
ttag +48 ////; 
ttag +49 100/100/100/100/100; 
ttag +50 97/96/94/98/94; 
ttag +51 97/96/94/98/88; 
ttag +52 21/[2]/?/?/?; 
ttag +53 21/[2]/7/4/3; 
ttag +54 88/84/82/87/81; 
ttag +55 96/96/89/97/88; 
ttag +56 87/83/77/87/75; 
ttag +57 91/90/76/91/78; 
ttag +58 46/20/7/27/11; 
ttag +59 18/[14]/?/?/?; 
ttag +60 78/73/58/70/57; 
ttag +61 100/100/98/99/99; 
ttag +62 100/100/100/100/100; 
ttag +63 95/94/91/93/86; 
ttag +64 84/83/62/70/57; 
ttag +65 23/0/?/6/?; 
ttag +66 68/53/44/50/32; 
ttag +67 97/97/88/92/83; 
ttag +68 73/63/57/64/56; 
ttag +69 100/100/100/100/100; 
ttag +70 94/93/81/90/75; 
ttag +71 100/100/100/100/100; 
ttag +72 98/98/91/98/96; 
ttag +73 98/98/92/97/91; 
ttag +74 96/96/94/95/95; 
ttag +75 98/98/97/99/98; 
ttag +76 40/[1]/?/3/1; 
ttag +77 96/95/92/97/93; 
ttag +78 95/95/94/96/91; 
ttag +79 99/99/98/98/98; 
ttag +80 12/[26]/?/?/?; 
ttag +81 95/94/83/96/88; 
ttag +82 99/99/98/100/97; 
ttag +83 62/60/60/64/58; 
ttag +84 99/99/99/99/100; 
ttag +85 92/90/84/94/87; 
ttag +86 99/99/100/100/100; 
ttag +87 100/100/100/100/100; 
ttag +88 77/70/75/82/78; 
ttag +89 94/92/84/92/87; 
ttag +90 100/100/98/99/98; 
ttag +91 88/85/73/86/77; 
ttag +92 98/98/97/99/95; 
ttag +93 96/95/90/95/90; 
ttag +94 86/84/79/89/80; 
