tread
'Tree with tags' 
(0 ((1 ((((2 3 )((4 5 )(6 7 )))(10 (11 12 )))(8 9 )))((13 14 )(17 (15 16 )(18 (19 ((20 21 )((22 23 )(24 25 ))))))((26 (27 (28 (29 30 ))))((31 (((32 33 )(34 35 ))(36 (37 38 ))))(39 ((40 41 )(42 (43 (47 (46 (44 45 )))))))))))); 
ttag *!; 
ttag +49 2; 
ttag +50 ???; 
ttag +51 3; 
ttag +52 1; 
ttag +53 1; 
ttag +54 8; 
ttag +55 2; 
ttag +56 12; 
ttag +57 3; 
ttag +58 5; 
ttag +59 3; 
ttag +60 6; 
ttag +61 8; 
ttag +62 2; 
ttag +63 10; 
ttag +64 3; 
ttag +65 4; 
ttag +66 1; 
ttag +67 7; 
ttag +68 2; 
ttag +69 5; 
ttag +70 5; 
ttag +71 2; 
ttag +72 12; 
ttag +73 7; 
ttag +74 1; 
ttag +75 4; 
ttag +76 10; 
ttag +77 4; 
ttag +78 6; 
ttag +79 5; 
ttag +80 1; 
ttag +81 3; 
ttag +82 1; 
ttag +83 9; 
ttag +84 7; 
ttag +85 4; 
ttag +86 2; 
ttag +87 3; 
ttag +88 12; 
ttag +89 2; 
ttag +90 6; 
ttag +91 1; 
ttag +92 2; 
tread
'Tree with tags' 
(0 ((1 ((((2 3 )((4 5 )(6 7 )))(10 (11 12 )))(8 9 )))(((13 14 )((17 (15 16 ))(18 (19 ((20 21 )((22 23 )(24 25 )))))))((26 (27 (28 (29 30 ))))((31 (((32 33 )(34 35 ))(36 (37 38 ))))(39 ((40 41 )(42 (43 (47 (46 (44 45 )))))))))))); 
ttag *!; 
ttag +0 ////; 
ttag +1 ////; 
ttag +2 ////; 
ttag +3 ////; 
ttag +4 ////; 
ttag +5 ////; 
ttag +6 ////; 
ttag +7 ////; 
ttag +8 ////; 
ttag +9 ////; 
ttag +10 ////; 
ttag +11 ////; 
ttag +12 ////; 
ttag +13 ////; 
ttag +14 ////; 
ttag +15 ////; 
ttag +16 ////; 
ttag +17 ////; 
ttag +18 ////; 
ttag +19 ////; 
ttag +20 ////; 
ttag +21 ////; 
ttag +22 ////; 
ttag +23 ////; 
ttag +24 ////; 
ttag +25 ////; 
ttag +26 ////; 
ttag +27 ////; 
ttag +28 ////; 
ttag +29 ////; 
ttag +30 ////; 
ttag +31 ////; 
ttag +32 ////; 
ttag +33 ////; 
ttag +34 ////; 
ttag +35 ////; 
ttag +36 ////; 
ttag +37 ////; 
ttag +38 ////; 
ttag +39 ////; 
ttag +40 ////; 
ttag +41 ////; 
ttag +42 ////; 
ttag +43 ////; 
ttag +44 ////; 
ttag +45 ////; 
ttag +46 ////; 
ttag +47 ////; 
ttag +48 ////; 
ttag +49 65/52/21/51/36; 
ttag +50 100/100/100/100/100; 
ttag +51 87/84/79/82/75; 
ttag +52 26/[16]/?/?/?; 
ttag +53 24/[19]/?/?/?; 
ttag +54 99/98/93/99/95; 
ttag +55 69/56/50/58/57; 
ttag +56 100/100/100/100/99; 
ttag +57 87/82/65/87/78; 
ttag +58 90/88/77/86/81; 
ttag +59 67/60/55/62/42; 
ttag +60 97/97/92/96/98; 
ttag +61 100/100/100/100/100; 
ttag +62 29/[2]/10/4/7; 
ttag +63 58/45/11/42/31; 
ttag +64 100/100/99/100/100; 
ttag +65 25/[1]/2/3/?; 
ttag +66 91/90/83/90/78; 
ttag +67 95/93/91/95/92; 
ttag +68 47/31/28/34/34; 
ttag +69 100/100/100/100/100; 
ttag +70 80/74/62/82/62; 
ttag +71 97/96/97/98/94; 
ttag +72 97/96/95/98/92; 
ttag +73 75/63/52/61/51; 
ttag +74 100/100/99/100/99; 
ttag +75 98/97/97/99/96; 
ttag +76 52/38/28/44/39; 
ttag +77 84/80/77/80/77; 
ttag +78 100/100/99/100/99; 
ttag +79 96/96/89/94/92; 
ttag +80 99/98/93/96/92; 
ttag +81 96/96/93/96/90; 
ttag +82 62/44/25/47/43; 
ttag +83 96/95/90/94/89; 
ttag +84 67/57/53/50/48; 
ttag +85 100/100/98/100/99; 
ttag +86 97/96/92/98/91; 
ttag +87 97/96/91/94/91; 
ttag +88 80/68/55/77/62; 
ttag +89 89/85/84/84/74; 
ttag +90 100/100/100/100/100; 
ttag +91 64/41/44/50/20; 
ttag +92 97/96/92/96/90; 
ttag +93 35/12/5/20/11; 
ttag +94 79/69/58/69/74; 
