tread
'Tree with tags' 
(0 (1 (((((2 3 )(10 (11 12 )))(((4 5 )(6 7 ))(8 9 )))((26 (27 (28 (29 30 ))))(39 (31 ((32 33 )(34 35 )(36 (37 38 ))))((40 41 )(42 (43 ((44 45 )(46 47 ))))))))((13 14 )((15 16 )(17 ((18 19 )((20 21 )((22 23 )(24 25 )))))))))); 
ttag *!; 
ttag +49 ???; 
ttag +50 8; 
ttag +51 1; 
ttag +52 8; 
ttag +53 1; 
ttag +54 1; 
ttag +55 8; 
ttag +56 3; 
ttag +57 1; 
ttag +58 2; 
ttag +59 3; 
ttag +60 6; 
ttag +61 11; 
ttag +62 10; 
ttag +63 1; 
ttag +64 16; 
ttag +65 2; 
ttag +66 3; 
ttag +67 1; 
ttag +68 3; 
ttag +69 6; 
ttag +70 6; 
ttag +71 14; 
ttag +72 3; 
ttag +73 1; 
ttag +74 3; 
ttag +75 3; 
ttag +76 2; 
ttag +77 8; 
ttag +78 13; 
ttag +79 4; 
ttag +80 5; 
ttag +81 6; 
ttag +82 7; 
ttag +83 2; 
ttag +84 9; 
ttag +85 3; 
ttag +86 6; 
ttag +87 8; 
ttag +88 10; 
ttag +89 5; 
ttag +90 11; 
ttag +91 6; 
ttag +92 1; 
tread
'Tree with tags' 
(0 (1 (((((2 3 )(10 (11 12 )))(((4 5 )(6 7 ))(8 9 )))((26 (27 (28 (29 30 ))))(39 ((31 (((32 33 )(36 (37 38 )))(34 35 )))((40 41 )(42 (43 ((44 45 )(46 47 )))))))))((13 14 )((15 16 )(17 ((18 19 )((20 21 )((22 23 )(24 25 )))))))))); 
ttag *!; 
ttag +0 ////; 
ttag +1 ////; 
ttag +2 ////; 
ttag +3 ////; 
ttag +4 ////; 
ttag +5 ////; 
ttag +6 ////; 
ttag +7 ////; 
ttag +8 ////; 
ttag +9 ////; 
ttag +10 ////; 
ttag +11 ////; 
ttag +12 ////; 
ttag +13 ////; 
ttag +14 ////; 
ttag +15 ////; 
ttag +16 ////; 
ttag +17 ////; 
ttag +18 ////; 
ttag +19 ////; 
ttag +20 ////; 
ttag +21 ////; 
ttag +22 ////; 
ttag +23 ////; 
ttag +24 ////; 
ttag +25 ////; 
ttag +26 ////; 
ttag +27 ////; 
ttag +28 ////; 
ttag +29 ////; 
ttag +30 ////; 
ttag +31 ////; 
ttag +32 ////; 
ttag +33 ////; 
ttag +34 ////; 
ttag +35 ////; 
ttag +36 ////; 
ttag +37 ////; 
ttag +38 ////; 
ttag +39 ////; 
ttag +40 ////; 
ttag +41 ////; 
ttag +42 ////; 
ttag +43 ////; 
ttag +44 ////; 
ttag +45 ////; 
ttag +46 ////; 
ttag +47 ////; 
ttag +48 ////; 
ttag +49 100/100/100/100/100; 
ttag +50 100/100/100/100/99; 
ttag +51 42/3/?/2/?; 
ttag +52 100/100/97/99/98; 
ttag +53 59/48/34/43/30; 
ttag +54 64/59/54/58/58; 
ttag +55 99/99/93/98/95; 
ttag +56 72/63/59/67/59; 
ttag +57 51/36/28/35/33; 
ttag +58 77/68/55/66/54; 
ttag +59 74/71/66/76/68; 
ttag +60 97/96/91/94/92; 
ttag +61 100/100/100/100/100; 
ttag +62 100/100/100/100/100; 
ttag +63 63/56/44/57/36; 
ttag +64 100/100/100/100/100; 
ttag +65 87/83/77/85/76; 
ttag +66 84/79/78/83/70; 
ttag +67 64/53/34/37/30; 
ttag +68 82/77/70/79/62; 
ttag +69 100/100/99/100/99; 
ttag +70 99/99/96/96/91; 
ttag +71 100/100/100/100/100; 
ttag +72 87/85/78/89/80; 
ttag +73 60/38/40/46/31; 
ttag +74 86/82/73/81/68; 
ttag +75 89/86/78/84/74; 
ttag +76 71/65/48/66/50; 
ttag +77 99/99/98/98/99; 
ttag +78 100/100/100/100/100; 
ttag +79 99/99/97/98/92; 
ttag +80 16/[2]/3/?/4; 
ttag +81 93/91/87/90/81; 
ttag +82 99/99/97/99/94; 
ttag +83 34/[10]/6/?/5; 
ttag +84 98/98/96/99/94; 
ttag +85 93/93/90/85/87; 
ttag +86 100/100/99/99/99; 
ttag +87 91/89/78/87/82; 
ttag +88 94/93/85/96/87; 
ttag +89 99/99/97/99/97; 
ttag +90 100/100/100/100/100; 
ttag +91 95/94/89/97/90; 
ttag +92 100/100/100/100/100; 
ttag +93 99/99/99/99/97; 
ttag +94 59/34/33/32/30; 
