tread
'Tree with tags' 
(0 (1 ((2 3 )(((4 5 )(6 7 ))(8 9 )(10 (11 12 ))))((13 14 )((15 16 )(17 (18 (19 ((20 21 )((22 23 )(24 25 )))))))((26 (27 (28 (29 30 ))))((39 (31 ((32 33 )((34 35 )(36 (37 38 ))))))((40 41 )(42 (43 ((44 45 )(46 47 )))))))))); 
ttag *!; 
ttag +49 ???; 
ttag +50 10; 
ttag +51 9; 
ttag +52 5; 
ttag +53 1; 
ttag +54 1; 
ttag +55 4; 
ttag +56 1; 
ttag +57 6; 
ttag +58 5; 
ttag +59 7; 
ttag +60 1; 
ttag +61 13; 
ttag +62 4; 
ttag +63 2; 
ttag +64 10; 
ttag +65 1; 
ttag +66 11; 
ttag +67 3; 
ttag +68 12; 
ttag +69 2; 
ttag +70 8; 
ttag +71 7; 
ttag +72 3; 
ttag +73 3; 
ttag +74 3; 
ttag +75 8; 
ttag +76 10; 
ttag +77 2; 
ttag +78 4; 
ttag +79 6; 
ttag +80 6; 
ttag +81 3; 
ttag +82 1; 
ttag +83 4; 
ttag +84 4; 
ttag +85 4; 
ttag +86 3; 
ttag +87 6; 
ttag +88 3; 
ttag +89 9; 
ttag +90 2; 
ttag +91 1; 
tread
'Tree with tags' 
(0 ((1 ((2 3 )((((4 5 )(6 7 ))(10 (11 12 )))(8 9 ))))((13 14 )(((15 16 )(17 (18 (19 ((20 21 )((22 23 )(24 25 )))))))((26 (27 (28 (29 30 ))))((39 (31 ((32 33 )((34 35 )(36 (37 38 ))))))((40 41 )(42 (43 ((44 45 )(46 47 ))))))))))); 
ttag *!; 
ttag +0 ////; 
ttag +1 ////; 
ttag +2 ////; 
ttag +3 ////; 
ttag +4 ////; 
ttag +5 ////; 
ttag +6 ////; 
ttag +7 ////; 
ttag +8 ////; 
ttag +9 ////; 
ttag +10 ////; 
ttag +11 ////; 
ttag +12 ////; 
ttag +13 ////; 
ttag +14 ////; 
ttag +15 ////; 
ttag +16 ////; 
ttag +17 ////; 
ttag +18 ////; 
ttag +19 ////; 
ttag +20 ////; 
ttag +21 ////; 
ttag +22 ////; 
ttag +23 ////; 
ttag +24 ////; 
ttag +25 ////; 
ttag +26 ////; 
ttag +27 ////; 
ttag +28 ////; 
ttag +29 ////; 
ttag +30 ////; 
ttag +31 ////; 
ttag +32 ////; 
ttag +33 ////; 
ttag +34 ////; 
ttag +35 ////; 
ttag +36 ////; 
ttag +37 ////; 
ttag +38 ////; 
ttag +39 ////; 
ttag +40 ////; 
ttag +41 ////; 
ttag +42 ////; 
ttag +43 ////; 
ttag +44 ////; 
ttag +45 ////; 
ttag +46 ////; 
ttag +47 ////; 
ttag +48 ////; 
ttag +49 14/[20]/?/?/?; 
ttag +50 100/100/100/100/100; 
ttag +51 100/100/100/100/100; 
ttag +52 100/100/97/100/99; 
ttag +53 97/96/93/96/93; 
ttag +54 51/19/5/22/8; 
ttag +55 4/[35]/?/?/?; 
ttag +56 24/[15]/?/?/?; 
ttag +57 90/89/82/91/84; 
ttag +58 42/26/13/28/17; 
ttag +59 93/88/80/92/81; 
ttag +60 99/99/98/98/98; 
ttag +61 98/97/96/97/96; 
ttag +62 30/[4]/1/?/?; 
ttag +63 100/100/100/100/100; 
ttag +64 94/94/86/92/89; 
ttag +65 16/[18]/?/?/?; 
ttag +66 73/64/47/66/51; 
ttag +67 100/100/99/99/99; 
ttag +68 71/59/55/60/61; 
ttag +69 100/100/100/100/99; 
ttag +70 88/84/75/81/80; 
ttag +71 100/100/100/100/99; 
ttag +72 80/69/39/53/41; 
ttag +73 99/99/99/99/98; 
ttag +74 100/100/100/98/98; 
ttag +75 84/80/72/82/74; 
ttag +76 86/79/74/85/72; 
ttag +77 81/73/66/73/53; 
ttag +78 99/98/98/100/97; 
ttag +79 99/98/95/99/96; 
ttag +80 77/69/49/61/54; 
ttag +81 92/90/76/85/82; 
ttag +82 98/98/93/96/93; 
ttag +83 98/97/94/97/90; 
ttag +84 82/77/67/80/70; 
ttag +85 60/55/39/56/46; 
ttag +86 95/92/88/95/91; 
ttag +87 91/89/78/88/81; 
ttag +88 90/86/79/84/72; 
ttag +89 87/84/76/86/79; 
ttag +90 99/99/95/97/97; 
ttag +91 89/84/82/88/84; 
ttag +92 99/99/99/100/99; 
ttag +93 73/56/50/71/63; 
ttag +94 66/54/44/50/56; 
