tread
'Tree with tags' 
(0 ((1 ((2 3 )(8 ((4 5 )(6 7 ))(9 (10 (11 12 ))))))((13 14 )(((15 16 )(17 (18 (19 ((20 21 )((22 23 )(24 25 )))))))((26 (27 (28 (29 30 ))))(39 (31 ((32 33 )((34 35 )(36 (37 38 )))))((40 41 )(43 (42 ((44 45 )(46 47 ))))))))))); 
ttag *!; 
ttag +49 1; 
ttag +50 ???; 
ttag +51 8; 
ttag +52 6; 
ttag +53 3; 
ttag +54 10; 
ttag +55 3; 
ttag +56 2; 
ttag +57 1; 
ttag +58 5; 
ttag +59 9; 
ttag +60 8; 
ttag +61 1; 
ttag +62 5; 
ttag +63 7; 
ttag +64 1; 
ttag +65 1; 
ttag +66 4; 
ttag +67 1; 
ttag +68 11; 
ttag +69 10; 
ttag +70 13; 
ttag +71 4; 
ttag +72 4; 
ttag +73 4; 
ttag +74 2; 
ttag +75 4; 
ttag +76 6; 
ttag +77 6; 
ttag +78 5; 
ttag +79 2; 
ttag +80 6; 
ttag +81 5; 
ttag +82 1; 
ttag +83 1; 
ttag +84 8; 
ttag +85 6; 
ttag +86 1; 
ttag +87 6; 
ttag +88 1; 
ttag +89 8; 
ttag +90 9; 
ttag +91 8; 
ttag +92 2; 
tread
'Tree with tags' 
(0 ((1 ((2 3 )(8 (((4 5 )(6 7 ))(9 (10 (11 12 )))))))((13 14 )(((15 16 )(17 (18 (19 ((20 21 )((22 23 )(24 25 )))))))((26 (27 (28 (29 30 ))))(39 ((31 ((32 33 )((34 35 )(36 (37 38 )))))((40 41 )(43 (42 ((44 45 )(46 47 )))))))))))); 
ttag *!; 
ttag +0 ////; 
ttag +1 ////; 
ttag +2 ////; 
ttag +3 ////; 
ttag +4 ////; 
ttag +5 ////; 
ttag +6 ////; 
ttag +7 ////; 
ttag +8 ////; 
ttag +9 ////; 
ttag +10 ////; 
ttag +11 ////; 
ttag +12 ////; 
ttag +13 ////; 
ttag +14 ////; 
ttag +15 ////; 
ttag +16 ////; 
ttag +17 ////; 
ttag +18 ////; 
ttag +19 ////; 
ttag +20 ////; 
ttag +21 ////; 
ttag +22 ////; 
ttag +23 ////; 
ttag +24 ////; 
ttag +25 ////; 
ttag +26 ////; 
ttag +27 ////; 
ttag +28 ////; 
ttag +29 ////; 
ttag +30 ////; 
ttag +31 ////; 
ttag +32 ////; 
ttag +33 ////; 
ttag +34 ////; 
ttag +35 ////; 
ttag +36 ////; 
ttag +37 ////; 
ttag +38 ////; 
ttag +39 ////; 
ttag +40 ////; 
ttag +41 ////; 
ttag +42 ////; 
ttag +43 ////; 
ttag +44 ////; 
ttag +45 ////; 
ttag +46 ////; 
ttag +47 ////; 
ttag +48 ////; 
ttag +49 46/37/38/37/35; 
ttag +50 100/100/100/100/100; 
ttag +51 100/100/99/99/99; 
ttag +52 93/91/88/96/88; 
ttag +53 89/85/84/85/76; 
ttag +54 100/100/100/100/99; 
ttag +55 19/[25]/?/?/?; 
ttag +56 75/71/65/76/67; 
ttag +57 86/85/81/85/83; 
ttag +58 59/42/34/35/17; 
ttag +59 94/94/88/95/85; 
ttag +60 99/99/99/100/100; 
ttag +61 100/100/100/100/100; 
ttag +62 47/36/32/33/28; 
ttag +63 92/89/87/88/79; 
ttag +64 96/94/89/96/93; 
ttag +65 46/32/25/36/27; 
ttag +66 66/52/48/48/54; 
ttag +67 92/90/84/92/82; 
ttag +68 60/46/42/52/36; 
ttag +69 100/100/100/100/100; 
ttag +70 100/100/100/100/98; 
ttag +71 100/100/100/100/100; 
ttag +72 98/98/96/97/92; 
ttag +73 90/88/85/94/84; 
ttag +74 98/98/97/99/95; 
ttag +75 75/66/56/70/54; 
ttag +76 93/90/85/87/81; 
ttag +77 98/98/95/99/96; 
ttag +78 99/99/98/100/95; 
ttag +79 99/98/93/98/93; 
ttag +80 18/[4]/2/?/?; 
ttag +81 79/74/70/75/70; 
ttag +82 99/99/96/97/96; 
ttag +83 96/95/94/96/87; 
ttag +84 49/39/34/39/36; 
ttag +85 49/34/24/38/30; 
ttag +86 100/100/98/100/96; 
ttag +87 100/100/98/99/97; 
ttag +88 69/54/45/51/43; 
ttag +89 98/97/88/97/86; 
ttag +90 54/28/26/28/22; 
ttag +91 99/99/94/99/96; 
ttag +92 99/99/99/100/98; 
ttag +93 98/98/99/100/98; 
ttag +94 88/86/77/82/79; 
