tread
'Tree with tags' 
(0 ((1 ((2 3 )(8 9 (6 7 (4 5 ))(10 (11 12 )))))(13 14 )((15 16 )(17 (18 (19 ((20 21 )((22 23 )(24 25 )))))))((26 (27 (28 (29 30 ))))(39 (31 (((32 33 )(36 (37 38 )))(34 35 )))((40 41 )(42 (43 ((44 45 )(46 47 ))))))))); 
ttag *!; 
ttag +49 1; 
ttag +50 ???; 
ttag +51 7; 
ttag +52 6; 
ttag +53 3; 
ttag +54 1; 
ttag +55 1; 
ttag +56 1; 
ttag +57 11; 
ttag +58 10; 
ttag +59 10; 
ttag +60 4; 
ttag +61 5; 
ttag +62 6; 
ttag +63 2; 
ttag +64 6; 
ttag +65 5; 
ttag +66 4; 
ttag +67 9; 
ttag +68 4; 
ttag +69 3; 
ttag +70 2; 
ttag +71 4; 
ttag +72 4; 
ttag +73 14; 
ttag +74 3; 
ttag +75 9; 
ttag +76 8; 
ttag +77 1; 
ttag +78 7; 
ttag +79 2; 
ttag +80 8; 
ttag +81 13; 
ttag +82 3; 
ttag +83 3; 
ttag +84 8; 
ttag +85 4; 
ttag +86 4; 
ttag +87 9; 
ttag +88 1; 
tread
'Tree with tags' 
(0 ((((1 ((2 3 )(9 ((7 (6 (4 5 )))(8 (10 (11 12 )))))))((26 (27 (28 (29 30 ))))(39 ((31 (((32 33 )(36 (37 38 )))(34 35 )))((40 41 )(42 (43 ((44 45 )(46 47 )))))))))(13 14 ))((15 16 )(17 (18 (19 ((20 21 )((22 23 )(24 25 ))))))))); 
ttag *!; 
ttag +0 ////; 
ttag +1 ////; 
ttag +2 ////; 
ttag +3 ////; 
ttag +4 ////; 
ttag +5 ////; 
ttag +6 ////; 
ttag +7 ////; 
ttag +8 ////; 
ttag +9 ////; 
ttag +10 ////; 
ttag +11 ////; 
ttag +12 ////; 
ttag +13 ////; 
ttag +14 ////; 
ttag +15 ////; 
ttag +16 ////; 
ttag +17 ////; 
ttag +18 ////; 
ttag +19 ////; 
ttag +20 ////; 
ttag +21 ////; 
ttag +22 ////; 
ttag +23 ////; 
ttag +24 ////; 
ttag +25 ////; 
ttag +26 ////; 
ttag +27 ////; 
ttag +28 ////; 
ttag +29 ////; 
ttag +30 ////; 
ttag +31 ////; 
ttag +32 ////; 
ttag +33 ////; 
ttag +34 ////; 
ttag +35 ////; 
ttag +36 ////; 
ttag +37 ////; 
ttag +38 ////; 
ttag +39 ////; 
ttag +40 ////; 
ttag +41 ////; 
ttag +42 ////; 
ttag +43 ////; 
ttag +44 ////; 
ttag +45 ////; 
ttag +46 ////; 
ttag +47 ////; 
ttag +48 ////; 
ttag +49 61/48/38/47/29; 
ttag +50 8/[10]/?/?/?; 
ttag +51 34/22/9/24/9; 
ttag +52 100/100/100/100/100; 
ttag +53 99/99/97/99/98; 
ttag +54 97/96/92/98/92; 
ttag +55 90/86/82/88/82; 
ttag +56 35/[7]/?/?/?; 
ttag +57 68/66/59/64/57; 
ttag +58 10/[26]/?/?/?; 
ttag +59 69/51/41/49/40; 
ttag +60 20/[10]/?/?/?; 
ttag +61 71/68/50/60/52; 
ttag +62 100/100/99/100/99; 
ttag +63 100/100/100/100/100; 
ttag +64 100/100/100/100/100; 
ttag +65 85/81/76/86/79; 
ttag +66 94/94/89/95/80; 
ttag +67 92/90/85/93/84; 
ttag +68 66/48/38/64/42; 
ttag +69 98/98/96/100/99; 
ttag +70 86/79/70/84/72; 
ttag +71 98/98/98/98/96; 
ttag +72 100/100/99/100/97; 
ttag +73 96/95/85/89/86; 
ttag +74 92/89/78/90/76; 
ttag +75 80/77/55/74/59; 
ttag +76 96/94/91/95/88; 
ttag +77 95/94/92/94/86; 
ttag +78 100/100/100/100/100; 
ttag +79 88/84/72/78/64; 
ttag +80 27/7/1/12/0; 
ttag +81 100/100/97/98/98; 
ttag +82 99/99/96/99/97; 
ttag +83 44/30/20/28/25; 
ttag +84 98/98/98/97/96; 
ttag +85 85/80/72/82/75; 
ttag +86 100/100/98/98/99; 
ttag +87 100/100/100/100/100; 
ttag +88 89/81/68/85/76; 
ttag +89 83/76/71/81/61; 
ttag +90 100/100/97/99/98; 
ttag +91 94/92/85/91/85; 
ttag +92 93/91/80/89/84; 
ttag +93 99/99/98/99/95; 
ttag +94 56/37/37/47/31; 
