tread
'Tree with tags' 
(0 (1 ((2 3 )(((4 5 )(6 7 ))((8 9 )(10 (11 12 )))))(13 14 )(17 ((15 16 )(18 (19 ((20 21 )((22 23 )(24 25 )))))))((26 (27 (28 (29 30 ))))((39 (31 ((32 33 )(34 35 )(36 (37 38 )))))((40 41 )(42 (43 ((44 45 )(46 47 ))))))))); 
ttag *!; 
ttag +49 ???; 
ttag +50 5; 
ttag +51 6; 
ttag +52 5; 
ttag +53 3; 
ttag +54 4; 
ttag +55 3; 
ttag +56 3; 
ttag +57 3; 
ttag +58 6; 
ttag +59 11; 
ttag +60 11; 
ttag +61 8; 
ttag +62 1; 
ttag +63 6; 
ttag +64 7; 
ttag +65 1; 
ttag +66 10; 
ttag +67 5; 
ttag +68 11; 
ttag +69 7; 
ttag +70 5; 
ttag +71 7; 
ttag +72 8; 
ttag +73 3; 
ttag +74 4; 
ttag +75 13; 
ttag +76 10; 
ttag +77 1; 
ttag +78 5; 
ttag +79 3; 
ttag +80 14; 
ttag +81 1; 
ttag +82 13; 
ttag +83 9; 
ttag +84 5; 
ttag +85 6; 
ttag +86 4; 
ttag +87 3; 
ttag +88 6; 
ttag +89 9; 
ttag +90 3; 
tread
'Tree with tags' 
(0 ((1 (13 14 ))(((2 3 )(((4 5 )(6 7 ))((8 9 )(10 (11 12 )))))((17 ((15 16 )(18 (19 ((20 21 )((22 23 )(24 25 )))))))((26 (27 (28 (29 30 ))))((39 (31 ((32 33 )((34 35 )(36 (37 38 ))))))((40 41 )(42 (43 ((44 45 )(46 47 ))))))))))); 
ttag *!; 
ttag +0 ////; 
ttag +1 ////; 
ttag +2 ////; 
ttag +3 ////; 
ttag +4 ////; 
ttag +5 ////; 
ttag +6 ////; 
ttag +7 ////; 
ttag +8 ////; 
ttag +9 ////; 
ttag +10 ////; 
ttag +11 ////; 
ttag +12 ////; 
ttag +13 ////; 
ttag +14 ////; 
ttag +15 ////; 
ttag +16 ////; 
ttag +17 ////; 
ttag +18 ////; 
ttag +19 ////; 
ttag +20 ////; 
ttag +21 ////; 
ttag +22 ////; 
ttag +23 ////; 
ttag +24 ////; 
ttag +25 ////; 
ttag +26 ////; 
ttag +27 ////; 
ttag +28 ////; 
ttag +29 ////; 
ttag +30 ////; 
ttag +31 ////; 
ttag +32 ////; 
ttag +33 ////; 
ttag +34 ////; 
ttag +35 ////; 
ttag +36 ////; 
ttag +37 ////; 
ttag +38 ////; 
ttag +39 ////; 
ttag +40 ////; 
ttag +41 ////; 
ttag +42 ////; 
ttag +43 ////; 
ttag +44 ////; 
ttag +45 ////; 
ttag +46 ////; 
ttag +47 ////; 
ttag +48 ////; 
ttag +49 25/[6]/?/10/?; 
ttag +50 100/100/100/100/100; 
ttag +51 98/98/97/99/95; 
ttag +52 98/97/91/96/93; 
ttag +53 14/[15]/?/?/?; 
ttag +54 95/92/83/91/82; 
ttag +55 93/92/82/92/82; 
ttag +56 94/93/82/89/80; 
ttag +57 87/83/79/82/78; 
ttag +58 82/74/60/75/63; 
ttag +59 89/87/84/86/78; 
ttag +60 98/98/98/99/97; 
ttag +61 100/100/100/100/99; 
ttag +62 100/100/100/100/100; 
ttag +63 99/99/99/99/98; 
ttag +64 46/21/22/23/15; 
ttag +65 97/97/90/98/88; 
ttag +66 12/[17]/?/?/?; 
ttag +67 98/98/92/97/94; 
ttag +68 20/0/4/4/1; 
ttag +69 100/100/100/100/100; 
ttag +70 92/91/85/91/78; 
ttag +71 100/100/98/100/100; 
ttag +72 97/96/90/95/92; 
ttag +73 97/97/95/98/96; 
ttag +74 100/100/98/100/99; 
ttag +75 99/99/96/98/96; 
ttag +76 90/88/82/88/83; 
ttag +77 92/89/80/90/85; 
ttag +78 100/100/100/100/100; 
ttag +79 100/100/99/99/98; 
ttag +80 64/52/46/56/48; 
ttag +81 96/96/94/97/89; 
ttag +82 89/88/76/88/72; 
ttag +83 100/100/100/100/99; 
ttag +84 70/61/51/57/60; 
ttag +85 30/3/10/0/6; 
ttag +86 100/100/100/100/100; 
ttag +87 100/100/98/100/100; 
ttag +88 97/96/86/96/78; 
ttag +89 98/98/98/98/96; 
ttag +90 91/90/80/90/76; 
ttag +91 79/75/51/78/49; 
ttag +92 96/96/91/98/90; 
ttag +93 99/99/98/100/98; 
ttag +94 79/70/59/74/51; 
