tread
'Tree with tags' 
(0 ((1 (2 3 )(((4 5 )(6 7 ))((8 9 )(10 (11 12 ))))(13 14 )(17 18 (15 16 )(19 ((20 21 )((22 23 )(24 25 ))))))((26 (27 (28 (29 30 ))))(31 39 ((32 33 )((34 35 )(36 (37 38 ))))((40 41 )(42 (43 (44 45 (46 47 ))))))))); 
ttag *!; 
ttag +49 1; 
ttag +50 ???; 
ttag +51 5; 
ttag +52 3; 
ttag +53 8; 
ttag +54 3; 
ttag +55 4; 
ttag +56 1; 
ttag +57 4; 
ttag +58 9; 
ttag +59 7; 
ttag +60 9; 
ttag +61 7; 
ttag +62 4; 
ttag +63 5; 
ttag +64 7; 
ttag +65 9; 
ttag +66 5; 
ttag +67 6; 
ttag +68 9; 
ttag +69 7; 
ttag +70 7; 
ttag +71 5; 
ttag +72 4; 
ttag +73 8; 
ttag +74 7; 
ttag +75 7; 
ttag +76 4; 
ttag +77 3; 
ttag +78 1; 
ttag +79 9; 
ttag +80 6; 
ttag +81 2; 
ttag +82 3; 
ttag +83 11; 
ttag +84 2; 
ttag +85 2; 
ttag +86 2; 
tread
'Tree with tags' 
(0 (((1 (((2 3 )(((4 5 )(6 7 ))((8 9 )(10 (11 12 )))))(13 14 )))((15 16 )(17 (18 (19 ((20 21 )((22 23 )(24 25 ))))))))((26 (27 (28 (29 30 ))))((31 (39 ((40 41 )(42 (43 (45 (44 (46 47 ))))))))((32 33 )((34 35 )(36 (37 38 )))))))); 
ttag *!; 
ttag +0 ////; 
ttag +1 ////; 
ttag +2 ////; 
ttag +3 ////; 
ttag +4 ////; 
ttag +5 ////; 
ttag +6 ////; 
ttag +7 ////; 
ttag +8 ////; 
ttag +9 ////; 
ttag +10 ////; 
ttag +11 ////; 
ttag +12 ////; 
ttag +13 ////; 
ttag +14 ////; 
ttag +15 ////; 
ttag +16 ////; 
ttag +17 ////; 
ttag +18 ////; 
ttag +19 ////; 
ttag +20 ////; 
ttag +21 ////; 
ttag +22 ////; 
ttag +23 ////; 
ttag +24 ////; 
ttag +25 ////; 
ttag +26 ////; 
ttag +27 ////; 
ttag +28 ////; 
ttag +29 ////; 
ttag +30 ////; 
ttag +31 ////; 
ttag +32 ////; 
ttag +33 ////; 
ttag +34 ////; 
ttag +35 ////; 
ttag +36 ////; 
ttag +37 ////; 
ttag +38 ////; 
ttag +39 ////; 
ttag +40 ////; 
ttag +41 ////; 
ttag +42 ////; 
ttag +43 ////; 
ttag +44 ////; 
ttag +45 ////; 
ttag +46 ////; 
ttag +47 ////; 
ttag +48 ////; 
ttag +49 15/[9]/?/?/?; 
ttag +50 63/59/34/45/42; 
ttag +51 100/100/100/100/100; 
ttag +52 96/96/94/95/91; 
ttag +53 38/13/20/15/12; 
ttag +54 6/[26]/?/?/?; 
ttag +55 92/90/88/91/89; 
ttag +56 99/99/98/100/98; 
ttag +57 84/81/74/83/73; 
ttag +58 88/85/84/91/80; 
ttag +59 58/54/50/53/46; 
ttag +60 79/75/66/75/67; 
ttag +61 99/99/99/100/99; 
ttag +62 100/100/100/100/96; 
ttag +63 100/100/100/100/100; 
ttag +64 98/98/96/99/98; 
ttag +65 94/93/85/92/84; 
ttag +66 54/28/29/26/28; 
ttag +67 42/16/14/18/13; 
ttag +68 97/97/92/96/92; 
ttag +69 98/98/100/99/99; 
ttag +70 99/99/94/99/93; 
ttag +71 95/92/91/96/96; 
ttag +72 99/98/92/98/92; 
ttag +73 100/100/100/100/100; 
ttag +74 98/98/94/99/96; 
ttag +75 100/100/97/99/98; 
ttag +76 97/96/97/98/94; 
ttag +77 96/95/88/96/91; 
ttag +78 99/99/100/99/98; 
ttag +79 26/[20]/?/?/?; 
ttag +80 99/99/97/98/93; 
ttag +81 100/100/98/100/96; 
ttag +82 95/93/86/94/87; 
ttag +83 95/95/96/92/94; 
ttag +84 61/52/42/51/39; 
ttag +85 100/100/100/100/99; 
ttag +86 99/99/97/99/98; 
ttag +87 40/13/13/17/4; 
ttag +88 82/78/70/74/73; 
ttag +89 89/82/83/79/83; 
ttag +90 100/100/99/100/99; 
ttag +91 80/75/68/75/66; 
ttag +92 29/[18]/?/?/?; 
ttag +93 85/77/70/82/70; 
ttag +94 78/77/68/83/72; 
