tread
'Tree with tags' 
(0 ((1 ((13 14 )((26 (27 (28 (29 30 ))))((31 ((32 33 )(34 35 )(36 (37 38 ))))(39 ((40 41 )(42 (43 ((44 45 )(46 47 )))))))))((17 (15 16 ))(18 (19 ((20 21 )((22 23 )(24 25 )))))))((2 3 )((6 (7 (4 5 )))((8 9 )(10 (11 12 ))))))); 
ttag *!; 
ttag +49 1; 
ttag +50 ???; 
ttag +51 9; 
ttag +52 5; 
ttag +53 7; 
ttag +54 1; 
ttag +55 1; 
ttag +56 2; 
ttag +57 1; 
ttag +58 3; 
ttag +59 6; 
ttag +60 5; 
ttag +61 5; 
ttag +62 1; 
ttag +63 12; 
ttag +64 3; 
ttag +65 4; 
ttag +66 3; 
ttag +67 1; 
ttag +68 8; 
ttag +69 6; 
ttag +70 12; 
ttag +71 3; 
ttag +72 7; 
ttag +73 8; 
ttag +74 3; 
ttag +75 5; 
ttag +76 3; 
ttag +77 6; 
ttag +78 6; 
ttag +79 4; 
ttag +80 6; 
ttag +81 1; 
ttag +82 4; 
ttag +83 13; 
ttag +84 7; 
ttag +85 3; 
ttag +86 3; 
ttag +87 8; 
ttag +88 10; 
ttag +89 5; 
ttag +90 5; 
ttag +91 4; 
ttag +92 4; 
tread
'Tree with tags' 
(0 (((1 ((17 (15 16 ))(18 (19 ((20 21 )((22 23 )(24 25 )))))))((13 14 )((26 (27 (28 (29 30 ))))((31 ((32 33 )((34 35 )(36 (37 38 )))))(39 ((40 41 )(42 (43 ((44 45 )(46 47 ))))))))))((2 3 )((6 (7 (4 5 )))((8 9 )(10 (11 12 ))))))); 
ttag *!; 
ttag +0 ////; 
ttag +1 ////; 
ttag +2 ////; 
ttag +3 ////; 
ttag +4 ////; 
ttag +5 ////; 
ttag +6 ////; 
ttag +7 ////; 
ttag +8 ////; 
ttag +9 ////; 
ttag +10 ////; 
ttag +11 ////; 
ttag +12 ////; 
ttag +13 ////; 
ttag +14 ////; 
ttag +15 ////; 
ttag +16 ////; 
ttag +17 ////; 
ttag +18 ////; 
ttag +19 ////; 
ttag +20 ////; 
ttag +21 ////; 
ttag +22 ////; 
ttag +23 ////; 
ttag +24 ////; 
ttag +25 ////; 
ttag +26 ////; 
ttag +27 ////; 
ttag +28 ////; 
ttag +29 ////; 
ttag +30 ////; 
ttag +31 ////; 
ttag +32 ////; 
ttag +33 ////; 
ttag +34 ////; 
ttag +35 ////; 
ttag +36 ////; 
ttag +37 ////; 
ttag +38 ////; 
ttag +39 ////; 
ttag +40 ////; 
ttag +41 ////; 
ttag +42 ////; 
ttag +43 ////; 
ttag +44 ////; 
ttag +45 ////; 
ttag +46 ////; 
ttag +47 ////; 
ttag +48 ////; 
ttag +49 23/5/3/1/8; 
ttag +50 18/[1]/?/?/?; 
ttag +51 100/100/100/100/100; 
ttag +52 99/99/98/99/100; 
ttag +53 92/88/86/93/84; 
ttag +54 100/100/97/99/97; 
ttag +55 41/15/19/21/16; 
ttag +56 66/49/51/52/46; 
ttag +57 74/64/57/68/58; 
ttag +58 45/30/22/37/26; 
ttag +59 90/86/82/91/84; 
ttag +60 99/98/94/100/97; 
ttag +61 96/94/90/95/89; 
ttag +62 97/96/94/95/92; 
ttag +63 22/2/?/1/?; 
ttag +64 100/100/100/100/100; 
ttag +65 89/88/81/87/78; 
ttag +66 92/91/78/88/70; 
ttag +67 78/74/64/72/57; 
ttag +68 53/47/40/56/39; 
ttag +69 100/100/100/100/100; 
ttag +70 95/93/90/97/86; 
ttag +71 100/100/100/100/100; 
ttag +72 74/65/58/78/64; 
ttag +73 98/98/97/97/96; 
ttag +74 98/97/100/100/98; 
ttag +75 81/74/55/70/62; 
ttag +76 97/96/91/97/94; 
ttag +77 84/81/71/84/74; 
ttag +78 98/98/95/98/96; 
ttag +79 94/93/84/94/81; 
ttag +80 83/79/72/80/81; 
ttag +81 92/88/80/90/78; 
ttag +82 56/43/46/44/40; 
ttag +83 94/93/88/92/89; 
ttag +84 35/10/5/5/8; 
ttag +85 100/100/100/100/100; 
ttag +86 100/100/98/99/96; 
ttag +87 83/78/66/78/73; 
ttag +88 86/80/71/87/69; 
ttag +89 99/99/96/100/96; 
ttag +90 100/100/99/100/99; 
ttag +91 95/94/88/94/92; 
ttag +92 96/95/90/99/92; 
ttag +93 96/96/94/97/98; 
ttag +94 98/98/85/93/90; 
