tread
'Tree with tags' 
(0 (1 ((2 3 )(((4 5 )(6 7 ))((8 9 )(10 (11 12 )))))(13 14 )((17 (15 16 ))(18 19 ((20 21 )(22 23 )(24 25 ))))((26 (27 (28 (29 30 ))))(39 ((31 (((32 33 )(34 35 ))(36 (37 38 ))))((40 41 )(42 (43 ((44 45 )(46 47 )))))))))); 
ttag *!; 
ttag +49 ???; 
ttag +50 13; 
ttag +51 6; 
ttag +52 6; 
ttag +53 5; 
ttag +54 2; 
ttag +55 3; 
ttag +56 2; 
ttag +57 2; 
ttag +58 7; 
ttag +59 16; 
ttag +60 6; 
ttag +61 12; 
ttag +62 1; 
ttag +63 6; 
ttag +64 1; 
ttag +65 10; 
ttag +66 5; 
ttag +67 6; 
ttag +68 4; 
ttag +69 4; 
ttag +70 6; 
ttag +71 4; 
ttag +72 5; 
ttag +73 5; 
ttag +74 4; 
ttag +75 1; 
ttag +76 5; 
ttag +77 5; 
ttag +78 1; 
ttag +79 2; 
ttag +80 4; 
ttag +81 8; 
ttag +82 2; 
ttag +83 3; 
ttag +84 6; 
ttag +85 6; 
ttag +86 1; 
ttag +87 6; 
ttag +88 2; 
ttag +89 3; 
tread
'Tree with tags' 
(0 (((1 ((2 3 )(((4 5 )(6 7 ))((8 9 )(10 (11 12 ))))))((13 14 )((26 (27 (28 (29 30 ))))(39 ((31 (((32 33 )(34 35 ))(36 (37 38 ))))((40 41 )(42 (43 ((44 45 )(46 47 ))))))))))((17 (15 16 ))(18 (19 (((20 21 )(22 23 ))(24 25 ))))))); 
ttag *!; 
ttag +0 ////; 
ttag +1 ////; 
ttag +2 ////; 
ttag +3 ////; 
ttag +4 ////; 
ttag +5 ////; 
ttag +6 ////; 
ttag +7 ////; 
ttag +8 ////; 
ttag +9 ////; 
ttag +10 ////; 
ttag +11 ////; 
ttag +12 ////; 
ttag +13 ////; 
ttag +14 ////; 
ttag +15 ////; 
ttag +16 ////; 
ttag +17 ////; 
ttag +18 ////; 
ttag +19 ////; 
ttag +20 ////; 
ttag +21 ////; 
ttag +22 ////; 
ttag +23 ////; 
ttag +24 ////; 
ttag +25 ////; 
ttag +26 ////; 
ttag +27 ////; 
ttag +28 ////; 
ttag +29 ////; 
ttag +30 ////; 
ttag +31 ////; 
ttag +32 ////; 
ttag +33 ////; 
ttag +34 ////; 
ttag +35 ////; 
ttag +36 ////; 
ttag +37 ////; 
ttag +38 ////; 
ttag +39 ////; 
ttag +40 ////; 
ttag +41 ////; 
ttag +42 ////; 
ttag +43 ////; 
ttag +44 ////; 
ttag +45 ////; 
ttag +46 ////; 
ttag +47 ////; 
ttag +48 ////; 
ttag +49 27/[5]/2/?/?; 
ttag +50 33/10/9/19/9; 
ttag +51 100/100/100/100/100; 
ttag +52 100/100/100/100/100; 
ttag +53 94/92/84/92/88; 
ttag +54 100/100/98/99/98; 
ttag +55 98/98/96/100/90; 
ttag +56 81/76/60/75/59; 
ttag +57 88/85/76/82/72; 
ttag +58 74/68/39/65/43; 
ttag +59 63/58/36/59/42; 
ttag +60 94/92/76/90/76; 
ttag +61 100/100/100/100/100; 
ttag +62 99/98/95/99/95; 
ttag +63 33/0/8/3/?; 
ttag +64 100/100/100/100/99; 
ttag +65 56/42/30/38/30; 
ttag +66 100/100/96/99/98; 
ttag +67 60/54/42/48/52; 
ttag +68 44/28/23/16/9; 
ttag +69 100/100/100/100/100; 
ttag +70 34/[2]/3/?/?; 
ttag +71 93/90/85/90/80; 
ttag +72 99/98/96/98/97; 
ttag +73 92/89/82/90/83; 
ttag +74 93/92/84/92/87; 
ttag +75 98/97/93/99/89; 
ttag +76 89/83/75/88/72; 
ttag +77 99/99/98/98/98; 
ttag +78 98/97/92/98/87; 
ttag +79 90/86/81/89/80; 
ttag +80 46/27/26/39/31; 
ttag +81 97/97/94/93/93; 
ttag +82 98/97/91/99/94; 
ttag +83 45/34/32/45/37; 
ttag +84 78/70/62/69/66; 
ttag +85 96/95/91/97/91; 
ttag +86 100/100/97/100/100; 
ttag +87 75/64/49/59/51; 
ttag +88 82/73/71/77/72; 
ttag +89 96/96/90/95/90; 
ttag +90 96/95/94/96/92; 
ttag +91 44/27/15/36/14; 
ttag +92 98/98/96/98/97; 
ttag +93 86/82/66/74/73; 
ttag +94 87/84/70/84/70; 
