tread
'Tree with tags' 
(0 ((1 ((2 3 )(((4 5 )(6 7 ))((8 9 )(10 (11 12 ))))))((13 14 )(15 16 )(17 (18 19 ((20 21 )((22 23 )(24 25 )))))((26 27 (28 (29 30 )))(39 (((31 (35 (34 (36 (37 38 )))))(32 33 ))((40 41 )(42 (43 (47 (46 (44 45 )))))))))))); 
ttag *!; 
ttag +49 3; 
ttag +50 ???; 
ttag +51 10; 
ttag +52 10; 
ttag +53 4; 
ttag +54 12; 
ttag +55 2; 
ttag +56 5; 
ttag +57 4; 
ttag +58 2; 
ttag +59 5; 
ttag +60 4; 
ttag +61 8; 
ttag +62 2; 
ttag +63 13; 
ttag +64 4; 
ttag +65 4; 
ttag +66 9; 
ttag +67 4; 
ttag +68 1; 
ttag +69 5; 
ttag +70 4; 
ttag +71 4; 
ttag +72 6; 
ttag +73 2; 
ttag +74 9; 
ttag +75 1; 
ttag +76 6; 
ttag +77 1; 
ttag +78 8; 
ttag +79 3; 
ttag +80 1; 
ttag +81 5; 
ttag +82 8; 
ttag +83 4; 
ttag +84 7; 
ttag +85 3; 
ttag +86 10; 
ttag +87 4; 
ttag +88 6; 
ttag +89 1; 
ttag +90 8; 
tread
'Tree with tags' 
(0 ((1 ((2 3 )(((4 5 )(6 7 ))((8 9 )(10 (11 12 ))))))((13 14 )(((15 16 )(17 (18 (19 ((20 21 )((22 23 )(24 25 )))))))((27 (26 (28 (29 30 ))))(39 (((31 (35 (34 (36 (37 38 )))))(32 33 ))((40 41 )(42 (43 (47 (46 (44 45 ))))))))))))); 
ttag *!; 
ttag +0 ////; 
ttag +1 ////; 
ttag +2 ////; 
ttag +3 ////; 
ttag +4 ////; 
ttag +5 ////; 
ttag +6 ////; 
ttag +7 ////; 
ttag +8 ////; 
ttag +9 ////; 
ttag +10 ////; 
ttag +11 ////; 
ttag +12 ////; 
ttag +13 ////; 
ttag +14 ////; 
ttag +15 ////; 
ttag +16 ////; 
ttag +17 ////; 
ttag +18 ////; 
ttag +19 ////; 
ttag +20 ////; 
ttag +21 ////; 
ttag +22 ////; 
ttag +23 ////; 
ttag +24 ////; 
ttag +25 ////; 
ttag +26 ////; 
ttag +27 ////; 
ttag +28 ////; 
ttag +29 ////; 
ttag +30 ////; 
ttag +31 ////; 
ttag +32 ////; 
ttag +33 ////; 
ttag +34 ////; 
ttag +35 ////; 
ttag +36 ////; 
ttag +37 ////; 
ttag +38 ////; 
ttag +39 ////; 
ttag +40 ////; 
ttag +41 ////; 
ttag +42 ////; 
ttag +43 ////; 
ttag +44 ////; 
ttag +45 ////; 
ttag +46 ////; 
ttag +47 ////; 
ttag +48 ////; 
ttag +49 82/75/63/77/66; 
ttag +50 100/100/100/100/100; 
ttag +51 100/100/100/99/98; 
ttag +52 100/100/99/100/98; 
ttag +53 92/88/80/92/80; 
ttag +54 100/100/100/100/100; 
ttag +55 67/60/38/52/34; 
ttag +56 98/97/90/94/93; 
ttag +57 88/85/79/91/73; 
ttag +58 70/64/48/57/50; 
ttag +59 95/94/90/94/86; 
ttag +60 92/89/85/94/79; 
ttag +61 100/100/98/99/99; 
ttag +62 68/63/50/63/49; 
ttag +63 100/100/100/100/100; 
ttag +64 26/0/?/?/0; 
ttag +65 26/0/0/?/2; 
ttag +66 90/89/85/91/84; 
ttag +67 84/78/70/85/77; 
ttag +68 49/33/24/28/18; 
ttag +69 100/100/100/100/100; 
ttag +70 91/87/83/87/71; 
ttag +71 59/39/30/41/42; 
ttag +72 97/96/94/98/88; 
ttag +73 92/90/83/93/85; 
ttag +74 45/16/14/15/30; 
ttag +75 91/88/79/89/76; 
ttag +76 98/98/95/98/93; 
ttag +77 80/76/60/70/62; 
ttag +78 98/98/99/100/98; 
ttag +79 31/4/?/11/2; 
ttag +80 98/97/94/98/96; 
ttag +81 44/17/21/29/21; 
ttag +82 99/99/99/98/97; 
ttag +83 84/81/70/79/62; 
ttag +84 66/56/42/54/51; 
ttag +85 91/88/89/92/82; 
ttag +86 99/99/96/99/95; 
ttag +87 92/88/80/88/80; 
ttag +88 99/98/93/100/96; 
ttag +89 94/93/84/90/90; 
ttag +90 99/99/99/100/99; 
ttag +91 94/93/97/96/88; 
ttag +92 98/98/90/96/92; 
ttag +93 44/27/25/38/24; 
ttag +94 100/100/99/100/100; 
