tread
'Tree with tags' 
(0 (1 ((2 3 )(((4 5 )(6 7 ))(8 9 (10 (11 12 )))))((13 14 )((15 16 )((26 (27 (28 (29 30 ))))(39 ((31 ((32 33 )(34 35 )))(36 (37 38 )))((40 41 )(42 (43 ((44 45 )(46 47 )))))))))(17 (18 (19 ((20 21 )((22 23 )(24 25 )))))))); 
ttag *!; 
ttag +49 ???; 
ttag +50 5; 
ttag +51 8; 
ttag +52 8; 
ttag +53 12; 
ttag +54 3; 
ttag +55 2; 
ttag +56 2; 
ttag +57 6; 
ttag +58 10; 
ttag +59 7; 
ttag +60 1; 
ttag +61 11; 
ttag +62 1; 
ttag +63 6; 
ttag +64 7; 
ttag +65 6; 
ttag +66 9; 
ttag +67 7; 
ttag +68 11; 
ttag +69 5; 
ttag +70 4; 
ttag +71 7; 
ttag +72 5; 
ttag +73 6; 
ttag +74 3; 
ttag +75 11; 
ttag +76 1; 
ttag +77 2; 
ttag +78 7; 
ttag +79 5; 
ttag +80 2; 
ttag +81 2; 
ttag +82 6; 
ttag +83 7; 
ttag +84 4; 
ttag +85 4; 
ttag +86 9; 
ttag +87 4; 
ttag +88 5; 
ttag +89 7; 
ttag +90 2; 
tread
'Tree with tags' 
(0 ((1 (((13 14 )((15 16 )((26 (27 (28 (29 30 ))))(39 (((31 ((32 33 )(34 35 )))(36 (37 38 )))((40 41 )(42 (43 ((44 45 )(46 47 ))))))))))(17 (18 (19 ((20 21 )((22 23 )(24 25 ))))))))((2 3 )(((4 5 )(6 7 ))(8 (9 (10 (11 12 )))))))); 
ttag *!; 
ttag +0 ////; 
ttag +1 ////; 
ttag +2 ////; 
ttag +3 ////; 
ttag +4 ////; 
ttag +5 ////; 
ttag +6 ////; 
ttag +7 ////; 
ttag +8 ////; 
ttag +9 ////; 
ttag +10 ////; 
ttag +11 ////; 
ttag +12 ////; 
ttag +13 ////; 
ttag +14 ////; 
ttag +15 ////; 
ttag +16 ////; 
ttag +17 ////; 
ttag +18 ////; 
ttag +19 ////; 
ttag +20 ////; 
ttag +21 ////; 
ttag +22 ////; 
ttag +23 ////; 
ttag +24 ////; 
ttag +25 ////; 
ttag +26 ////; 
ttag +27 ////; 
ttag +28 ////; 
ttag +29 ////; 
ttag +30 ////; 
ttag +31 ////; 
ttag +32 ////; 
ttag +33 ////; 
ttag +34 ////; 
ttag +35 ////; 
ttag +36 ////; 
ttag +37 ////; 
ttag +38 ////; 
ttag +39 ////; 
ttag +40 ////; 
ttag +41 ////; 
ttag +42 ////; 
ttag +43 ////; 
ttag +44 ////; 
ttag +45 ////; 
ttag +46 ////; 
ttag +47 ////; 
ttag +48 ////; 
ttag +49 29/11/0/5/8; 
ttag +50 100/100/100/100/100; 
ttag +51 98/98/92/96/96; 
ttag +52 99/99/97/99/97; 
ttag +53 98/98/98/98/98; 
ttag +54 100/100/100/100/99; 
ttag +55 84/80/76/84/74; 
ttag +56 78/71/68/71/58; 
ttag +57 83/78/72/80/74; 
ttag +58 18/[2]/?/?/?; 
ttag +59 93/89/87/93/87; 
ttag +60 100/100/98/100/98; 
ttag +61 100/100/99/99/99; 
ttag +62 38/3/?/?/7; 
ttag +63 28/10/9/?/?; 
ttag +64 100/100/100/100/99; 
ttag +65 30/[4]/?/?/4; 
ttag +66 96/96/91/96/85; 
ttag +67 96/96/91/96/90; 
ttag +68 96/96/91/95/90; 
ttag +69 99/99/99/100/98; 
ttag +70 98/97/94/96/92; 
ttag +71 99/99/100/100/100; 
ttag +72 93/92/82/89/84; 
ttag +73 90/88/84/91/80; 
ttag +74 100/100/99/100/99; 
ttag +75 98/98/94/97/95; 
ttag +76 98/97/93/96/90; 
ttag +77 96/96/91/94/91; 
ttag +78 100/100/100/100/100; 
ttag +79 53/28/16/23/24; 
ttag +80 84/82/63/77/70; 
ttag +81 37/[5]/?/2/4; 
ttag +82 98/98/98/99/98; 
ttag +83 99/99/96/99/97; 
ttag +84 79/78/69/72/72; 
ttag +85 79/74/70/77/62; 
ttag +86 100/100/98/98/96; 
ttag +87 99/99/96/98/96; 
ttag +88 92/88/84/92/83; 
ttag +89 96/94/89/96/91; 
ttag +90 100/100/99/100/100; 
ttag +91 95/92/86/92/80; 
ttag +92 98/96/88/96/90; 
ttag +93 99/99/100/100/98; 
ttag +94 73/64/69/68/61; 
