tread
'Tree with tags' 
(0 (1 ((2 3 )(((4 5 )(6 7 ))(8 (9 (10 (11 12 ))))))(13 14 )(((17 (15 16 ))(18 (19 ((20 21 )((22 23 )(24 25 ))))))((27 (26 (28 (29 30 ))))((39 (31 (((32 33 )(36 (37 38 )))(34 35 ))))((40 41 )(42 (43 ((44 45 )(46 47 )))))))))); 
ttag *!; 
ttag +49 ???; 
ttag +50 8; 
ttag +51 4; 
ttag +52 9; 
ttag +53 11; 
ttag +54 4; 
ttag +55 2; 
ttag +56 1; 
ttag +57 1; 
ttag +58 5; 
ttag +59 9; 
ttag +60 8; 
ttag +61 9; 
ttag +62 1; 
ttag +63 5; 
ttag +64 2; 
ttag +65 6; 
ttag +66 3; 
ttag +67 16; 
ttag +68 8; 
ttag +69 12; 
ttag +70 3; 
ttag +71 5; 
ttag +72 1; 
ttag +73 5; 
ttag +74 8; 
ttag +75 2; 
ttag +76 11; 
ttag +77 6; 
ttag +78 1; 
ttag +79 2; 
ttag +80 6; 
ttag +81 2; 
ttag +82 4; 
ttag +83 3; 
ttag +84 6; 
ttag +85 7; 
ttag +86 5; 
ttag +87 9; 
ttag +88 10; 
ttag +89 3; 
ttag +90 6; 
ttag +91 7; 
ttag +92 6; 
tread
'Tree with tags' 
(0 (1 ((2 3 )(((4 5 )(6 7 ))(8 (9 (10 (11 12 ))))))(13 14 )(((17 (15 16 ))(18 (19 ((20 21 )((22 23 )(24 25 ))))))((27 (26 (28 (29 30 ))))((39 (31 (((32 33 )(36 (37 38 )))(34 35 ))))((40 41 )(42 (43 ((44 45 )(46 47 )))))))))); 
ttag *!; 
ttag +0 ////; 
ttag +1 ////; 
ttag +2 ////; 
ttag +3 ////; 
ttag +4 ////; 
ttag +5 ////; 
ttag +6 ////; 
ttag +7 ////; 
ttag +8 ////; 
ttag +9 ////; 
ttag +10 ////; 
ttag +11 ////; 
ttag +12 ////; 
ttag +13 ////; 
ttag +14 ////; 
ttag +15 ////; 
ttag +16 ////; 
ttag +17 ////; 
ttag +18 ////; 
ttag +19 ////; 
ttag +20 ////; 
ttag +21 ////; 
ttag +22 ////; 
ttag +23 ////; 
ttag +24 ////; 
ttag +25 ////; 
ttag +26 ////; 
ttag +27 ////; 
ttag +28 ////; 
ttag +29 ////; 
ttag +30 ////; 
ttag +31 ////; 
ttag +32 ////; 
ttag +33 ////; 
ttag +34 ////; 
ttag +35 ////; 
ttag +36 ////; 
ttag +37 ////; 
ttag +38 ////; 
ttag +39 ////; 
ttag +40 ////; 
ttag +41 ////; 
ttag +42 ////; 
ttag +43 ////; 
ttag +44 ////; 
ttag +45 ////; 
ttag +46 ////; 
ttag +47 ////; 
ttag +48 ////; 
ttag +49 100/100/100/100/100; 
ttag +50 99/98/95/100/98; 
ttag +51 94/94/82/89/82; 
ttag +52 100/100/99/99/100; 
ttag +53 100/100/99/100/98; 
ttag +54 94/92/80/93/84; 
ttag +55 74/66/58/72/62; 
ttag +56 57/41/36/47/37; 
ttag +57 58/43/33/50/37; 
ttag +58 88/80/84/91/82; 
ttag +59 100/100/100/100/99; 
ttag +60 100/100/100/100/100; 
ttag +61 100/100/98/99/100; 
ttag +62 44/24/13/22/24; 
ttag +63 98/97/95/98/95; 
ttag +64 57/50/25/44/28; 
ttag +65 98/97/89/96/90; 
ttag +66 78/70/70/74/49; 
ttag +67 100/100/100/100/100; 
ttag +68 100/100/97/99/98; 
ttag +69 100/100/100/100/100; 
ttag +70 83/80/72/81/72; 
ttag +71 97/96/94/96/93; 
ttag +72 44/[1]/?/12/6; 
ttag +73 96/96/96/98/96; 
ttag +74 100/100/98/99/98; 
ttag +75 86/84/78/78/72; 
ttag +76 100/100/100/100/100; 
ttag +77 98/98/96/97/96; 
ttag +78 22/[13]/?/?/?; 
ttag +79 67/56/44/59/45; 
ttag +80 98/98/96/98/96; 
ttag +81 63/48/46/54/49; 
ttag +82 83/78/66/80/67; 
ttag +83 92/90/87/86/84; 
ttag +84 99/99/91/98/96; 
ttag +85 99/99/99/99/100; 
ttag +86 92/89/86/90/86; 
ttag +87 100/100/98/100/99; 
ttag +88 100/100/100/100/99; 
ttag +89 76/69/63/76/62; 
ttag +90 96/95/92/98/90; 
ttag +91 98/98/95/98/94; 
ttag +92 96/95/94/98/94; 
