tread
'Tree with tags' 
(0 ((1 ((2 3 )((6 7 (4 5 ))(8 9 (10 (11 12 ))))))(((13 14 )((26 (27 (28 (29 30 ))))((39 (31 ((32 33 )((34 35 )(36 (37 38 ))))))((40 41 )(42 (43 ((44 45 )(46 47 ))))))))(17 (15 16 )(18 19 ((20 21 )((22 23 )(24 25 )))))))); 
ttag *!; 
ttag +49 2; 
ttag +50 ???; 
ttag +51 7; 
ttag +52 4; 
ttag +53 8; 
ttag +54 1; 
ttag +55 5; 
ttag +56 1; 
ttag +57 3; 
ttag +58 15; 
ttag +59 8; 
ttag +60 1; 
ttag +61 1; 
ttag +62 7; 
ttag +63 3; 
ttag +64 8; 
ttag +65 6; 
ttag +66 5; 
ttag +67 10; 
ttag +68 2; 
ttag +69 1; 
ttag +70 9; 
ttag +71 5; 
ttag +72 3; 
ttag +73 7; 
ttag +74 4; 
ttag +75 7; 
ttag +76 2; 
ttag +77 5; 
ttag +78 9; 
ttag +79 3; 
ttag +80 3; 
ttag +81 3; 
ttag +82 14; 
ttag +83 11; 
ttag +84 3; 
ttag +85 9; 
ttag +86 9; 
ttag +87 4; 
ttag +88 4; 
ttag +89 3; 
ttag +90 2; 
tread
'Tree with tags' 
(0 ((1 ((2 3 )((6 (7 (4 5 )))(8 (9 (10 (11 12 )))))))(((13 14 )((26 (27 (28 (29 30 ))))((39 (31 ((32 33 )((34 35 )(36 (37 38 ))))))((40 41 )(42 (43 ((44 45 )(46 47 ))))))))((15 16 )(17 (18 (19 ((20 21 )((22 23 )(24 25 )))))))))); 
ttag *!; 
ttag +0 ////; 
ttag +1 ////; 
ttag +2 ////; 
ttag +3 ////; 
ttag +4 ////; 
ttag +5 ////; 
ttag +6 ////; 
ttag +7 ////; 
ttag +8 ////; 
ttag +9 ////; 
ttag +10 ////; 
ttag +11 ////; 
ttag +12 ////; 
ttag +13 ////; 
ttag +14 ////; 
ttag +15 ////; 
ttag +16 ////; 
ttag +17 ////; 
ttag +18 ////; 
ttag +19 ////; 
ttag +20 ////; 
ttag +21 ////; 
ttag +22 ////; 
ttag +23 ////; 
ttag +24 ////; 
ttag +25 ////; 
ttag +26 ////; 
ttag +27 ////; 
ttag +28 ////; 
ttag +29 ////; 
ttag +30 ////; 
ttag +31 ////; 
ttag +32 ////; 
ttag +33 ////; 
ttag +34 ////; 
ttag +35 ////; 
ttag +36 ////; 
ttag +37 ////; 
ttag +38 ////; 
ttag +39 ////; 
ttag +40 ////; 
ttag +41 ////; 
ttag +42 ////; 
ttag +43 ////; 
ttag +44 ////; 
ttag +45 ////; 
ttag +46 ////; 
ttag +47 ////; 
ttag +48 ////; 
ttag +49 69/61/41/61/50; 
ttag +50 100/100/100/100/100; 
ttag +51 99/99/97/99/96; 
ttag +52 90/89/80/89/84; 
ttag +53 100/100/100/100/98; 
ttag +54 13/[13]/?/?/?; 
ttag +55 60/51/51/50/47; 
ttag +56 98/98/90/97/94; 
ttag +57 46/26/12/28/16; 
ttag +58 20/[2]/?/4/?; 
ttag +59 66/47/32/56/32; 
ttag +60 100/100/100/100/100; 
ttag +61 100/100/100/100/99; 
ttag +62 29/20/10/21/12; 
ttag +63 39/32/17/28/26; 
ttag +64 99/98/98/100/98; 
ttag +65 59/52/45/67/46; 
ttag +66 34/5/5/?/?; 
ttag +67 99/98/98/100/98; 
ttag +68 29/0/?/0/?; 
ttag +69 100/100/99/100/99; 
ttag +70 94/92/85/93/87; 
ttag +71 100/100/100/100/100; 
ttag +72 78/73/68/79/63; 
ttag +73 58/42/30/34/31; 
ttag +74 99/99/97/99/98; 
ttag +75 83/80/64/82/69; 
ttag +76 88/85/84/90/84; 
ttag +77 99/99/97/99/95; 
ttag +78 96/94/82/93/85; 
ttag +79 99/99/97/100/98; 
ttag +80 75/66/45/65/48; 
ttag +81 94/92/89/98/84; 
ttag +82 100/100/100/100/99; 
ttag +83 85/84/74/79/72; 
ttag +84 94/91/82/89/82; 
ttag +85 90/86/82/87/82; 
ttag +86 100/100/100/100/100; 
ttag +87 100/100/100/100/100; 
ttag +88 84/81/78/88/80; 
ttag +89 97/95/93/99/88; 
ttag +90 98/98/96/100/96; 
ttag +91 87/81/70/89/68; 
ttag +92 90/86/83/87/79; 
ttag +93 91/89/82/88/80; 
ttag +94 80/73/58/73/52; 
