tread
'Tree with tags' 
(0 ((1 ((13 14 )((26 (27 (28 (29 30 ))))(39 ((31 (((32 33 )(34 35 ))(36 (37 38 ))))((40 41 )(42 (43 ((44 45 )(46 47 ))))))))))(((2 3 )(((4 5 )(6 7 ))((8 9 )(10 (11 12 )))))((15 16 )(17 (18 (19 ((20 21 )((22 23 )(24 25 )))))))))); 
ttag *!; 
ttag +49 1; 
ttag +50 ???; 
ttag +51 3; 
ttag +52 7; 
ttag +53 1; 
ttag +54 9; 
ttag +55 4; 
ttag +56 2; 
ttag +57 6; 
ttag +58 4; 
ttag +59 3; 
ttag +60 7; 
ttag +61 10; 
ttag +62 9; 
ttag +63 1; 
ttag +64 10; 
ttag +65 9; 
ttag +66 3; 
ttag +67 1; 
ttag +68 1; 
ttag +69 8; 
ttag +70 4; 
ttag +71 11; 
ttag +72 3; 
ttag +73 5; 
ttag +74 7; 
ttag +75 3; 
ttag +76 2; 
ttag +77 3; 
ttag +78 9; 
ttag +79 10; 
ttag +80 1; 
ttag +81 1; 
ttag +82 3; 
ttag +83 1; 
ttag +84 3; 
ttag +85 3; 
ttag +86 13; 
ttag +87 8; 
ttag +88 1; 
ttag +89 2; 
ttag +90 9; 
ttag +91 3; 
ttag +92 2; 
ttag +93 2; 
ttag +94 5; 
tread
'Tree with tags' 
(0 ((1 ((13 14 )((26 (27 (28 (29 30 ))))(39 ((31 (((32 33 )(34 35 ))(36 (37 38 ))))((40 41 )(42 (43 ((44 45 )(46 47 ))))))))))(((2 3 )(((4 5 )(6 7 ))((8 9 )(10 (11 12 )))))((15 16 )(17 (18 (19 ((20 21 )((22 23 )(24 25 )))))))))); 
ttag *!; 
ttag +0 ////; 
ttag +1 ////; 
ttag +2 ////; 
ttag +3 ////; 
ttag +4 ////; 
ttag +5 ////; 
ttag +6 ////; 
ttag +7 ////; 
ttag +8 ////; 
ttag +9 ////; 
ttag +10 ////; 
ttag +11 ////; 
ttag +12 ////; 
ttag +13 ////; 
ttag +14 ////; 
ttag +15 ////; 
ttag +16 ////; 
ttag +17 ////; 
ttag +18 ////; 
ttag +19 ////; 
ttag +20 ////; 
ttag +21 ////; 
ttag +22 ////; 
ttag +23 ////; 
ttag +24 ////; 
ttag +25 ////; 
ttag +26 ////; 
ttag +27 ////; 
ttag +28 ////; 
ttag +29 ////; 
ttag +30 ////; 
ttag +31 ////; 
ttag +32 ////; 
ttag +33 ////; 
ttag +34 ////; 
ttag +35 ////; 
ttag +36 ////; 
ttag +37 ////; 
ttag +38 ////; 
ttag +39 ////; 
ttag +40 ////; 
ttag +41 ////; 
ttag +42 ////; 
ttag +43 ////; 
ttag +44 ////; 
ttag +45 ////; 
ttag +46 ////; 
ttag +47 ////; 
ttag +48 ////; 
ttag +49 23/[11]/?/?/?; 
ttag +50 100/100/100/100/100; 
ttag +51 69/58/53/66/55; 
ttag +52 98/98/92/98/92; 
ttag +53 24/[14]/?/?/?; 
ttag +54 100/100/100/100/97; 
ttag +55 80/73/64/75/60; 
ttag +56 70/66/43/64/54; 
ttag +57 97/96/93/97/91; 
ttag +58 72/65/58/71/66; 
ttag +59 58/51/41/56/40; 
ttag +60 96/95/90/97/92; 
ttag +61 100/100/99/100/99; 
ttag +62 100/100/99/100/99; 
ttag +63 25/[4]/2/1/?; 
ttag +64 100/100/100/100/100; 
ttag +65 99/99/96/99/98; 
ttag +66 71/60/34/57/45; 
ttag +67 27/[12]/?/?/?; 
ttag +68 44/5/8/14/6; 
ttag +69 100/100/100/100/100; 
ttag +70 98/97/87/96/87; 
ttag +71 100/100/100/100/99; 
ttag +72 84/77/70/83/72; 
ttag +73 95/93/82/95/84; 
ttag +74 99/99/94/98/99; 
ttag +75 89/87/80/82/78; 
ttag +76 75/62/60/68/56; 
ttag +77 86/84/72/90/76; 
ttag +78 100/100/99/100/98; 
ttag +79 99/99/98/100/98; 
ttag +80 20/4/6/8/?; 
ttag +81 48/32/29/36/27; 
ttag +82 88/85/78/85/68; 
ttag +83 57/38/32/47/26; 
ttag +84 90/87/88/88/78; 
ttag +85 95/94/93/93/91; 
ttag +86 100/100/100/100/100; 
ttag +87 98/98/99/98/96; 
ttag +88 70/54/48/48/48; 
ttag +89 69/64/55/64/55; 
ttag +90 99/99/98/100/98; 
ttag +91 87/83/77/87/83; 
ttag +92 74/65/57/72/59; 
ttag +93 82/72/62/57/52; 
ttag +94 98/98/97/98/95; 
