tread
'Tree with tags' 
(0 (((1 ((2 3 )(8 9 ((4 5 )(6 7 ))(10 (11 12 )))))((13 14 )((26 (27 (28 (29 30 ))))((31 ((32 33 )((34 35 )(36 (37 38 )))))(39 ((40 41 )(42 (43 ((44 45 )(46 47 ))))))))))(17 ((15 16 )(18 (19 ((20 21 )((22 23 )(24 25 ))))))))); 
ttag *!; 
ttag +49 1; 
ttag +50 1; 
ttag +51 ???; 
ttag +52 8; 
ttag +53 2; 
ttag +54 3; 
ttag +55 9; 
ttag +56 1; 
ttag +57 5; 
ttag +58 8; 
ttag +59 5; 
ttag +60 7; 
ttag +61 1; 
ttag +62 12; 
ttag +63 1; 
ttag +64 4; 
ttag +65 7; 
ttag +66 2; 
ttag +67 6; 
ttag +68 7; 
ttag +69 8; 
ttag +70 8; 
ttag +71 6; 
ttag +72 5; 
ttag +73 7; 
ttag +74 3; 
ttag +75 2; 
ttag +76 7; 
ttag +77 3; 
ttag +78 6; 
ttag +79 4; 
ttag +80 3; 
ttag +81 1; 
ttag +82 1; 
ttag +83 19; 
ttag +84 10; 
ttag +85 1; 
ttag +86 1; 
ttag +87 7; 
ttag +88 7; 
ttag +89 3; 
ttag +90 10; 
ttag +91 5; 
ttag +92 3; 
tread
'Tree with tags' 
(0 (((1 ((2 3 )((9 (8 ((4 5 )(6 7 ))))(10 (11 12 )))))((13 14 )((26 (27 (28 (29 30 ))))((31 ((32 33 )((34 35 )(36 (37 38 )))))(39 ((40 41 )(42 (43 ((44 45 )(46 47 ))))))))))(17 ((15 16 )(18 (19 ((20 21 )((22 23 )(24 25 ))))))))); 
ttag *!; 
ttag +0 ////; 
ttag +1 ////; 
ttag +2 ////; 
ttag +3 ////; 
ttag +4 ////; 
ttag +5 ////; 
ttag +6 ////; 
ttag +7 ////; 
ttag +8 ////; 
ttag +9 ////; 
ttag +10 ////; 
ttag +11 ////; 
ttag +12 ////; 
ttag +13 ////; 
ttag +14 ////; 
ttag +15 ////; 
ttag +16 ////; 
ttag +17 ////; 
ttag +18 ////; 
ttag +19 ////; 
ttag +20 ////; 
ttag +21 ////; 
ttag +22 ////; 
ttag +23 ////; 
ttag +24 ////; 
ttag +25 ////; 
ttag +26 ////; 
ttag +27 ////; 
ttag +28 ////; 
ttag +29 ////; 
ttag +30 ////; 
ttag +31 ////; 
ttag +32 ////; 
ttag +33 ////; 
ttag +34 ////; 
ttag +35 ////; 
ttag +36 ////; 
ttag +37 ////; 
ttag +38 ////; 
ttag +39 ////; 
ttag +40 ////; 
ttag +41 ////; 
ttag +42 ////; 
ttag +43 ////; 
ttag +44 ////; 
ttag +45 ////; 
ttag +46 ////; 
ttag +47 ////; 
ttag +48 ////; 
ttag +49 10/[5]/?/0/?; 
ttag +50 12/[2]/3/1/?; 
ttag +51 100/100/100/100/100; 
ttag +52 100/100/99/100/99; 
ttag +53 56/41/42/45/30; 
ttag +54 92/91/88/91/90; 
ttag +55 99/99/98/100/100; 
ttag +56 14/[34]/?/?/?; 
ttag +57 26/8/2/12/16; 
ttag +58 48/38/35/38/34; 
ttag +59 98/98/96/98/96; 
ttag +60 99/99/99/100/96; 
ttag +61 98/96/95/98/95; 
ttag +62 100/100/100/100/99; 
ttag +63 37/28/22/20/20; 
ttag +64 100/100/99/100/99; 
ttag +65 30/[9]/?/?/?; 
ttag +66 86/83/70/86/70; 
ttag +67 98/98/97/98/95; 
ttag +68 69/56/51/55/50; 
ttag +69 100/100/100/100/99; 
ttag +70 98/97/94/96/92; 
ttag +71 99/99/95/99/98; 
ttag +72 99/99/98/99/97; 
ttag +73 99/99/99/100/98; 
ttag +74 98/98/98/100/99; 
ttag +75 96/94/96/99/90; 
ttag +76 91/88/84/92/85; 
ttag +77 72/66/52/63/51; 
ttag +78 99/99/94/98/96; 
ttag +79 77/74/63/78/60; 
ttag +80 95/92/84/91/80; 
ttag +81 94/92/90/93/92; 
ttag +82 78/67/60/72/52; 
ttag +83 48/35/42/42/34; 
ttag +84 43/30/19/30/17; 
ttag +85 100/100/100/100/100; 
ttag +86 100/100/98/100/98; 
ttag +87 62/54/52/48/56; 
ttag +88 59/43/35/50/38; 
ttag +89 98/97/94/97/96; 
ttag +90 98/98/97/100/97; 
ttag +91 80/68/48/68/46; 
ttag +92 100/100/99/99/100; 
ttag +93 96/94/91/97/86; 
ttag +94 91/89/76/89/86; 
