tread
'Tree with tags' 
(0 ((1 ((2 3 )(((4 5 )(6 7 ))((8 9 )(10 (11 12 ))))))((13 14 )(17 (15 16 )(18 (19 ((20 21 )(24 25 (22 23 ))))))((26 (27 (28 (29 30 ))))(39 ((31 (32 33 (34 35 )(36 (37 38 ))))((40 41 )(42 (43 ((44 45 )(46 47 ))))))))))); 
ttag *!; 
ttag +49 3; 
ttag +50 ???; 
ttag +51 6; 
ttag +52 8; 
ttag +53 3; 
ttag +54 6; 
ttag +55 4; 
ttag +56 1; 
ttag +57 2; 
ttag +58 2; 
ttag +59 2; 
ttag +60 8; 
ttag +61 10; 
ttag +62 2; 
ttag +63 15; 
ttag +64 8; 
ttag +65 1; 
ttag +66 5; 
ttag +67 7; 
ttag +68 2; 
ttag +69 10; 
ttag +70 8; 
ttag +71 8; 
ttag +72 6; 
ttag +73 3; 
ttag +74 5; 
ttag +75 9; 
ttag +76 7; 
ttag +77 1; 
ttag +78 1; 
ttag +79 6; 
ttag +80 4; 
ttag +81 12; 
ttag +82 8; 
ttag +83 2; 
ttag +84 5; 
ttag +85 10; 
ttag +86 5; 
ttag +87 6; 
ttag +88 8; 
ttag +89 4; 
tread
'Tree with tags' 
(0 ((1 ((2 3 )(((4 5 )(6 7 ))((8 9 )(10 (11 12 ))))))((13 14 )(17 (15 16 )(18 (19 ((20 21 )(24 25 (22 23 ))))))((26 (27 (28 (29 30 ))))(39 ((31 (32 33 (34 35 )(36 (37 38 ))))((40 41 )(42 (43 ((44 45 )(46 47 ))))))))))); 
ttag *!; 
ttag +0 ////; 
ttag +1 ////; 
ttag +2 ////; 
ttag +3 ////; 
ttag +4 ////; 
ttag +5 ////; 
ttag +6 ////; 
ttag +7 ////; 
ttag +8 ////; 
ttag +9 ////; 
ttag +10 ////; 
ttag +11 ////; 
ttag +12 ////; 
ttag +13 ////; 
ttag +14 ////; 
ttag +15 ////; 
ttag +16 ////; 
ttag +17 ////; 
ttag +18 ////; 
ttag +19 ////; 
ttag +20 ////; 
ttag +21 ////; 
ttag +22 ////; 
ttag +23 ////; 
ttag +24 ////; 
ttag +25 ////; 
ttag +26 ////; 
ttag +27 ////; 
ttag +28 ////; 
ttag +29 ////; 
ttag +30 ////; 
ttag +31 ////; 
ttag +32 ////; 
ttag +33 ////; 
ttag +34 ////; 
ttag +35 ////; 
ttag +36 ////; 
ttag +37 ////; 
ttag +38 ////; 
ttag +39 ////; 
ttag +40 ////; 
ttag +41 ////; 
ttag +42 ////; 
ttag +43 ////; 
ttag +44 ////; 
ttag +45 ////; 
ttag +46 ////; 
ttag +47 ////; 
ttag +48 ////; 
ttag +49 84/80/69/80/67; 
ttag +50 100/100/100/100/100; 
ttag +51 99/98/89/97/90; 
ttag +52 99/99/99/100/98; 
ttag +53 82/74/70/82/70; 
ttag +54 98/97/92/99/94; 
ttag +55 88/86/77/91/79; 
ttag +56 59/42/39/42/32; 
ttag +57 79/78/69/79/66; 
ttag +58 64/50/41/61/44; 
ttag +59 63/49/44/61/46; 
ttag +60 99/99/98/100/99; 
ttag +61 100/100/100/100/100; 
ttag +62 63/55/42/62/49; 
ttag +63 100/100/100/100/100; 
ttag +64 99/98/98/99/98; 
ttag +65 48/17/14/22/16; 
ttag +66 95/94/88/94/89; 
ttag +67 99/99/99/100/100; 
ttag +68 73/68/65/77/68; 
ttag +69 100/100/100/99/97; 
ttag +70 100/100/100/99/98; 
ttag +71 100/100/98/100/98; 
ttag +72 99/99/98/100/98; 
ttag +73 85/80/70/87/70; 
ttag +74 94/94/95/96/88; 
ttag +75 100/100/99/99/100; 
ttag +76 98/97/94/97/96; 
ttag +77 60/51/44/49/41; 
ttag +78 54/26/15/17/13; 
ttag +79 96/96/92/96/93; 
ttag +80 96/95/94/92/94; 
ttag +81 100/100/99/100/99; 
ttag +82 100/100/100/100/100; 
ttag +83 89/87/72/80/82; 
ttag +84 95/94/90/95/83; 
ttag +85 100/100/99/100/100; 
ttag +86 94/93/91/92/91; 
ttag +87 96/94/93/97/90; 
ttag +88 100/100/100/99/98; 
ttag +89 95/94/89/95/93; 
