tread
'Tree with tags' 
(0 ((1 ((2 3 )(((4 5 )(6 7 ))((8 9 )(10 (11 12 ))))))((13 14 )((15 16 )(17 (18 19 ((20 21 )(24 25 (22 23 ))))))((26 (27 (28 (29 30 ))))((31 (((32 33 )(34 35 ))(36 (37 38 ))))(39 ((40 41 )(42 (43 ((44 45 )(46 47 ))))))))))); 
ttag *!; 
ttag +49 1; 
ttag +50 ???; 
ttag +51 10; 
ttag +52 7; 
ttag +53 12; 
ttag +54 5; 
ttag +55 2; 
ttag +56 4; 
ttag +57 1; 
ttag +58 4; 
ttag +59 6; 
ttag +60 3; 
ttag +61 7; 
ttag +62 2; 
ttag +63 5; 
ttag +64 4; 
ttag +65 2; 
ttag +66 6; 
ttag +67 10; 
ttag +68 2; 
ttag +69 4; 
ttag +70 3; 
ttag +71 2; 
ttag +72 12; 
ttag +73 2; 
ttag +74 1; 
ttag +75 9; 
ttag +76 1; 
ttag +77 4; 
ttag +78 6; 
ttag +79 1; 
ttag +80 5; 
ttag +81 5; 
ttag +82 8; 
ttag +83 5; 
ttag +84 1; 
ttag +85 5; 
ttag +86 9; 
ttag +87 3; 
ttag +88 5; 
ttag +89 6; 
ttag +90 6; 
ttag +91 2; 
tread
'Tree with tags' 
(0 ((1 ((2 3 )(((4 5 )(6 7 ))((8 9 )(10 (11 12 ))))))(((13 14 )((15 16 )(17 (18 (19 ((20 21 )(24 (25 (22 23 )))))))))((26 (27 (28 (29 30 ))))((31 (((32 33 )(34 35 ))(36 (37 38 ))))(39 ((40 41 )(42 (43 ((44 45 )(46 47 ))))))))))); 
ttag *!; 
ttag +0 ////; 
ttag +1 ////; 
ttag +2 ////; 
ttag +3 ////; 
ttag +4 ////; 
ttag +5 ////; 
ttag +6 ////; 
ttag +7 ////; 
ttag +8 ////; 
ttag +9 ////; 
ttag +10 ////; 
ttag +11 ////; 
ttag +12 ////; 
ttag +13 ////; 
ttag +14 ////; 
ttag +15 ////; 
ttag +16 ////; 
ttag +17 ////; 
ttag +18 ////; 
ttag +19 ////; 
ttag +20 ////; 
ttag +21 ////; 
ttag +22 ////; 
ttag +23 ////; 
ttag +24 ////; 
ttag +25 ////; 
ttag +26 ////; 
ttag +27 ////; 
ttag +28 ////; 
ttag +29 ////; 
ttag +30 ////; 
ttag +31 ////; 
ttag +32 ////; 
ttag +33 ////; 
ttag +34 ////; 
ttag +35 ////; 
ttag +36 ////; 
ttag +37 ////; 
ttag +38 ////; 
ttag +39 ////; 
ttag +40 ////; 
ttag +41 ////; 
ttag +42 ////; 
ttag +43 ////; 
ttag +44 ////; 
ttag +45 ////; 
ttag +46 ////; 
ttag +47 ////; 
ttag +48 ////; 
ttag +49 54/45/48/44/42; 
ttag +50 100/100/100/100/100; 
ttag +51 100/100/100/100/100; 
ttag +52 98/98/98/97/95; 
ttag +53 99/99/100/100/99; 
ttag +54 96/96/92/96/90; 
ttag +55 79/72/74/72/78; 
ttag +56 93/90/80/89/76; 
ttag +57 50/32/27/37/28; 
ttag +58 85/82/76/91/75; 
ttag +59 96/95/94/97/93; 
ttag +60 89/83/73/85/82; 
ttag +61 98/98/99/98/97; 
ttag +62 28/9/14/8/11; 
ttag +63 60/51/56/62/53; 
ttag +64 99/98/99/98/97; 
ttag +65 94/93/80/89/82; 
ttag +66 66/52/40/51/42; 
ttag +67 98/97/94/100/96; 
ttag +68 36/18/21/17/20; 
ttag +69 100/100/100/100/100; 
ttag +70 75/65/60/67/62; 
ttag +71 87/83/75/85/72; 
ttag +72 16/[16]/?/?/?; 
ttag +73 90/87/82/90/78; 
ttag +74 84/80/80/79/66; 
ttag +75 100/100/99/100/99; 
ttag +76 83/80/80/79/66; 
ttag +77 54/42/22/40/39; 
ttag +78 100/100/100/99/100; 
ttag +79 43/28/22/28/22; 
ttag +80 88/84/75/85/80; 
ttag +81 98/98/96/96/95; 
ttag +82 35/12/6/17/6; 
ttag +83 98/98/93/96/92; 
ttag +84 98/97/99/98/100; 
ttag +85 100/100/98/100/99; 
ttag +86 97/97/93/98/96; 
ttag +87 30/15/10/15/7; 
ttag +88 96/96/92/94/90; 
ttag +89 100/100/100/100/99; 
ttag +90 86/82/80/88/81; 
ttag +91 93/92/90/96/90; 
ttag +92 99/99/95/99/95; 
ttag +93 97/95/89/97/92; 
ttag +94 88/88/86/89/84; 
