tread
'Tree with tags' 
(0 ((1 ((26 (27 (28 (29 30 ))))(39 (31 ((32 33 )((34 35 )(36 (37 38 )))))((40 41 )(42 (43 ((44 45 )(46 47 ))))))))(((2 3 )(8 9 ((4 5 )(6 7 ))(10 (11 12 ))))(13 14 ))((15 16 )(17 (18 19 ((20 21 )((22 23 )(24 25 )))))))); 
ttag *!; 
ttag +49 1; 
ttag +50 ???; 
ttag +51 6; 
ttag +52 6; 
ttag +53 2; 
ttag +54 1; 
ttag +55 11; 
ttag +56 3; 
ttag +57 4; 
ttag +58 2; 
ttag +59 11; 
ttag +60 7; 
ttag +61 7; 
ttag +62 5; 
ttag +63 3; 
ttag +64 4; 
ttag +65 7; 
ttag +66 5; 
ttag +67 11; 
ttag +68 7; 
ttag +69 3; 
ttag +70 8; 
ttag +71 2; 
ttag +72 2; 
ttag +73 8; 
ttag +74 8; 
ttag +75 3; 
ttag +76 2; 
ttag +77 4; 
ttag +78 4; 
ttag +79 2; 
ttag +80 1; 
ttag +81 10; 
ttag +82 7; 
ttag +83 2; 
ttag +84 5; 
ttag +85 7; 
ttag +86 5; 
ttag +87 4; 
ttag +88 3; 
ttag +89 2; 
tread
'Tree with tags' 
(0 (((1 ((26 (27 (28 (29 30 ))))(39 ((31 ((32 33 )((34 35 )(36 (37 38 )))))((40 41 )(42 (43 ((44 45 )(46 47 )))))))))((15 16 )(17 (18 (19 ((20 21 )((22 23 )(24 25 ))))))))(((2 3 )(((4 5 )(6 7 ))(8 (9 (10 (11 12 ))))))(13 14 )))); 
ttag *!; 
ttag +0 ////; 
ttag +1 ////; 
ttag +2 ////; 
ttag +3 ////; 
ttag +4 ////; 
ttag +5 ////; 
ttag +6 ////; 
ttag +7 ////; 
ttag +8 ////; 
ttag +9 ////; 
ttag +10 ////; 
ttag +11 ////; 
ttag +12 ////; 
ttag +13 ////; 
ttag +14 ////; 
ttag +15 ////; 
ttag +16 ////; 
ttag +17 ////; 
ttag +18 ////; 
ttag +19 ////; 
ttag +20 ////; 
ttag +21 ////; 
ttag +22 ////; 
ttag +23 ////; 
ttag +24 ////; 
ttag +25 ////; 
ttag +26 ////; 
ttag +27 ////; 
ttag +28 ////; 
ttag +29 ////; 
ttag +30 ////; 
ttag +31 ////; 
ttag +32 ////; 
ttag +33 ////; 
ttag +34 ////; 
ttag +35 ////; 
ttag +36 ////; 
ttag +37 ////; 
ttag +38 ////; 
ttag +39 ////; 
ttag +40 ////; 
ttag +41 ////; 
ttag +42 ////; 
ttag +43 ////; 
ttag +44 ////; 
ttag +45 ////; 
ttag +46 ////; 
ttag +47 ////; 
ttag +48 ////; 
ttag +49 35/13/17/31/7; 
ttag +50 12/[19]/?/?/?; 
ttag +51 100/100/100/100/100; 
ttag +52 98/98/93/97/97; 
ttag +53 94/92/82/98/86; 
ttag +54 61/55/52/62/50; 
ttag +55 52/31/34/38/28; 
ttag +56 100/100/100/100/100; 
ttag +57 80/73/58/77/70; 
ttag +58 96/94/92/96/92; 
ttag +59 34/7/23/0/0; 
ttag +60 24/[18]/?/?/?; 
ttag +61 60/45/44/41/38; 
ttag +62 100/100/100/100/99; 
ttag +63 100/100/98/100/96; 
ttag +64 100/100/99/100/100; 
ttag +65 94/92/80/90/85; 
ttag +66 86/83/76/88/68; 
ttag +67 98/98/97/99/96; 
ttag +68 40/0/?/4/8; 
ttag +69 100/100/100/100/100; 
ttag +70 98/98/96/98/94; 
ttag +71 100/100/100/100/99; 
ttag +72 99/99/96/99/97; 
ttag +73 91/90/83/88/83; 
ttag +74 98/98/98/99/99; 
ttag +75 74/72/57/72/64; 
ttag +76 76/68/51/66/55; 
ttag +77 100/100/98/100/98; 
ttag +78 100/100/99/99/100; 
ttag +79 86/79/72/87/71; 
ttag +80 27/[5]/?/?/?; 
ttag +81 84/81/76/77/72; 
ttag +82 97/96/94/96/91; 
ttag +83 98/98/91/98/92; 
ttag +84 86/86/87/84/84; 
ttag +85 69/69/58/64/57; 
ttag +86 99/99/99/100/98; 
ttag +87 97/96/94/99/95; 
ttag +88 69/53/49/62/46; 
ttag +89 96/96/91/97/95; 
ttag +90 99/99/94/99/98; 
ttag +91 96/95/90/97/90; 
ttag +92 87/85/72/81/72; 
ttag +93 85/80/64/76/68; 
ttag +94 86/85/84/89/87; 
