tread
'Tree with tags' 
(0 (((1 ((2 3 )((6 7 (4 5 ))((8 9 )(10 (11 12 ))))))(((15 16 )(17 (18 19 ((20 21 )((22 23 )(24 25 ))))))((26 (27 (28 (29 30 ))))((31 ((32 33 )((34 35 )(36 (37 38 )))))(39 ((40 41 )(42 (43 ((44 45 )(46 47 ))))))))))(13 14 ))); 
ttag *!; 
ttag +49 2; 
ttag +50 1; 
ttag +51 ???; 
ttag +52 5; 
ttag +53 9; 
ttag +54 3; 
ttag +55 6; 
ttag +56 4; 
ttag +57 4; 
ttag +58 2; 
ttag +59 1; 
ttag +60 9; 
ttag +61 9; 
ttag +62 10; 
ttag +63 4; 
ttag +64 1; 
ttag +65 4; 
ttag +66 4; 
ttag +67 8; 
ttag +68 4; 
ttag +69 6; 
ttag +70 1; 
ttag +71 10; 
ttag +72 4; 
ttag +73 12; 
ttag +74 2; 
ttag +75 4; 
ttag +76 10; 
ttag +77 2; 
ttag +78 4; 
ttag +79 3; 
ttag +80 9; 
ttag +81 4; 
ttag +82 1; 
ttag +83 9; 
ttag +84 11; 
ttag +85 3; 
ttag +86 4; 
ttag +87 6; 
ttag +88 14; 
ttag +89 3; 
ttag +90 11; 
ttag +91 3; 
ttag +92 7; 
tread
'Tree with tags' 
(0 (((1 ((2 3 )((7 (6 (4 5 )))((8 9 )(10 (11 12 ))))))(((15 16 )(17 ((18 19 )((20 21 )((22 23 )(24 25 ))))))((26 (27 (28 (29 30 ))))((31 ((32 33 )((34 35 )(36 (37 38 )))))(39 ((40 41 )(42 (43 ((44 45 )(46 47 ))))))))))(13 14 ))); 
ttag *!; 
ttag +0 ////; 
ttag +1 ////; 
ttag +2 ////; 
ttag +3 ////; 
ttag +4 ////; 
ttag +5 ////; 
ttag +6 ////; 
ttag +7 ////; 
ttag +8 ////; 
ttag +9 ////; 
ttag +10 ////; 
ttag +11 ////; 
ttag +12 ////; 
ttag +13 ////; 
ttag +14 ////; 
ttag +15 ////; 
ttag +16 ////; 
ttag +17 ////; 
ttag +18 ////; 
ttag +19 ////; 
ttag +20 ////; 
ttag +21 ////; 
ttag +22 ////; 
ttag +23 ////; 
ttag +24 ////; 
ttag +25 ////; 
ttag +26 ////; 
ttag +27 ////; 
ttag +28 ////; 
ttag +29 ////; 
ttag +30 ////; 
ttag +31 ////; 
ttag +32 ////; 
ttag +33 ////; 
ttag +34 ////; 
ttag +35 ////; 
ttag +36 ////; 
ttag +37 ////; 
ttag +38 ////; 
ttag +39 ////; 
ttag +40 ////; 
ttag +41 ////; 
ttag +42 ////; 
ttag +43 ////; 
ttag +44 ////; 
ttag +45 ////; 
ttag +46 ////; 
ttag +47 ////; 
ttag +48 ////; 
ttag +49 57/40/29/48/30; 
ttag +50 36/26/19/24/17; 
ttag +51 100/100/100/100/100; 
ttag +52 96/95/86/94/94; 
ttag +53 100/100/99/99/100; 
ttag +54 89/88/79/86/78; 
ttag +55 25/5/2/6/6; 
ttag +56 96/96/92/97/89; 
ttag +57 87/84/80/80/71; 
ttag +58 81/74/66/88/70; 
ttag +59 85/83/75/75/69; 
ttag +60 68/58/52/59/52; 
ttag +61 100/100/100/100/99; 
ttag +62 100/100/99/100/99; 
ttag +63 99/99/100/99/99; 
ttag +64 91/90/81/92/76; 
ttag +65 29/11/?/20/2; 
ttag +66 88/86/75/92/74; 
ttag +67 3/[7]/?/?/?; 
ttag +68 86/84/67/86/67; 
ttag +69 100/100/100/100/100; 
ttag +70 84/80/64/85/72; 
ttag +71 99/99/99/100/99; 
ttag +72 57/42/28/32/25; 
ttag +73 100/100/99/100/100; 
ttag +74 97/97/86/94/90; 
ttag +75 99/99/98/99/100; 
ttag +76 84/77/67/74/66; 
ttag +77 95/93/85/90/82; 
ttag +78 100/100/99/99/98; 
ttag +79 61/56/46/54/48; 
ttag +80 87/84/74/83/79; 
ttag +81 96/95/92/95/95; 
ttag +82 95/94/89/94/90; 
ttag +83 97/97/92/96/92; 
ttag +84 37/26/24/38/21; 
ttag +85 98/97/94/96/94; 
ttag +86 100/100/99/100/98; 
ttag +87 78/73/51/72/59; 
ttag +88 89/86/77/91/81; 
ttag +89 86/80/65/83/73; 
ttag +90 100/100/100/100/100; 
ttag +91 66/54/41/62/41; 
ttag +92 100/100/100/100/100; 
ttag +93 68/56/42/61/45; 
ttag +94 98/98/91/96/94; 
