tread
'Tree with tags' 
(0 (1 (((2 3 )((((4 5 )(6 7 ))(8 9 ))(10 (11 12 ))))(13 14 )(17 (15 16 )(18 19 ((20 21 )((22 23 )(24 25 )))))((26 (27 (28 (29 30 ))))((31 ((35 (34 (32 33 )))(36 (37 38 ))))(39 ((40 41 )(42 (43 ((44 45 )(46 47 ))))))))))); 
ttag *!; 
ttag +49 ???; 
ttag +50 13; 
ttag +51 3; 
ttag +52 1; 
ttag +53 6; 
ttag +54 7; 
ttag +55 2; 
ttag +56 4; 
ttag +57 3; 
ttag +58 3; 
ttag +59 6; 
ttag +60 8; 
ttag +61 4; 
ttag +62 12; 
ttag +63 7; 
ttag +64 2; 
ttag +65 5; 
ttag +66 7; 
ttag +67 4; 
ttag +68 9; 
ttag +69 4; 
ttag +70 7; 
ttag +71 3; 
ttag +72 4; 
ttag +73 10; 
ttag +74 13; 
ttag +75 5; 
ttag +76 3; 
ttag +77 8; 
ttag +78 1; 
ttag +79 1; 
ttag +80 6; 
ttag +81 10; 
ttag +82 8; 
ttag +83 1; 
ttag +84 1; 
ttag +85 8; 
ttag +86 3; 
ttag +87 2; 
ttag +88 9; 
ttag +89 3; 
ttag +90 2; 
tread
'Tree with tags' 
(0 (1 (((2 3 )((((4 5 )(6 7 ))(8 9 ))(10 (11 12 ))))(((13 14 )((17 (15 16 ))(18 (19 ((20 21 )((22 23 )(24 25 )))))))((26 (27 (28 (29 30 ))))((31 ((35 (34 (32 33 )))(36 (37 38 ))))(39 ((40 41 )(42 (43 ((44 45 )(46 47 )))))))))))); 
ttag *!; 
ttag +0 ////; 
ttag +1 ////; 
ttag +2 ////; 
ttag +3 ////; 
ttag +4 ////; 
ttag +5 ////; 
ttag +6 ////; 
ttag +7 ////; 
ttag +8 ////; 
ttag +9 ////; 
ttag +10 ////; 
ttag +11 ////; 
ttag +12 ////; 
ttag +13 ////; 
ttag +14 ////; 
ttag +15 ////; 
ttag +16 ////; 
ttag +17 ////; 
ttag +18 ////; 
ttag +19 ////; 
ttag +20 ////; 
ttag +21 ////; 
ttag +22 ////; 
ttag +23 ////; 
ttag +24 ////; 
ttag +25 ////; 
ttag +26 ////; 
ttag +27 ////; 
ttag +28 ////; 
ttag +29 ////; 
ttag +30 ////; 
ttag +31 ////; 
ttag +32 ////; 
ttag +33 ////; 
ttag +34 ////; 
ttag +35 ////; 
ttag +36 ////; 
ttag +37 ////; 
ttag +38 ////; 
ttag +39 ////; 
ttag +40 ////; 
ttag +41 ////; 
ttag +42 ////; 
ttag +43 ////; 
ttag +44 ////; 
ttag +45 ////; 
ttag +46 ////; 
ttag +47 ////; 
ttag +48 ////; 
ttag +49 100/100/100/100/100; 
ttag +50 100/100/100/100/100; 
ttag +51 78/71/62/73/71; 
ttag +52 27/7/3/10/14; 
ttag +53 98/96/95/98/93; 
ttag +54 98/97/96/99/95; 
ttag +55 75/74/64/76/66; 
ttag +56 88/84/75/83/71; 
ttag +57 89/87/79/89/73; 
ttag +58 83/77/66/80/65; 
ttag +59 96/95/86/94/90; 
ttag +60 100/100/99/99/99; 
ttag +61 82/78/67/83/73; 
ttag +62 17/3/10/4/12; 
ttag +63 5/[14]/?/?/?; 
ttag +64 100/100/100/100/100; 
ttag +65 28/[28]/?/?/?; 
ttag +66 99/98/94/98/92; 
ttag +67 75/66/65/65/57; 
ttag +68 39/20/16/14/16; 
ttag +69 98/98/97/98/97; 
ttag +70 95/93/92/95/90; 
ttag +71 94/92/89/92/89; 
ttag +72 100/100/99/98/99; 
ttag +73 92/88/87/90/80; 
ttag +74 98/98/98/98/96; 
ttag +75 85/82/64/75/63; 
ttag +76 98/98/90/98/94; 
ttag +77 100/100/100/100/99; 
ttag +78 100/100/100/100/100; 
ttag +79 98/98/89/96/92; 
ttag +80 95/94/85/95/88; 
ttag +81 99/99/99/100/99; 
ttag +82 58/46/37/57/41; 
ttag +83 56/44/30/40/35; 
ttag +84 99/99/99/100/97; 
ttag +85 100/100/99/100/98; 
ttag +86 100/100/100/99/99; 
ttag +87 51/32/20/33/25; 
ttag +88 58/35/27/46/17; 
ttag +89 100/100/97/99/97; 
ttag +90 79/72/67/69/62; 
ttag +91 66/55/54/54/46; 
ttag +92 99/99/98/99/97; 
ttag +93 82/78/71/85/73; 
ttag +94 81/75/66/73/76; 
