tread
'Tree with tags' 
(0 ((1 ((2 3 )(((4 5 )(6 7 ))(8 (9 (10 (11 12 )))))))(((13 14 )((15 16 )(17 (18 (19 ((20 21 )((22 23 )(24 25 ))))))))((26 (27 (28 (29 30 ))))((31 ((32 33 )((34 35 )(36 (37 38 )))))(39 ((40 41 )(42 (43 (46 47 (44 45 ))))))))))); 
ttag *!; 
ttag +49 1; 
ttag +50 ???; 
ttag +51 9; 
ttag +52 9; 
ttag +53 5; 
ttag +54 9; 
ttag +55 3; 
ttag +56 2; 
ttag +57 1; 
ttag +58 1; 
ttag +59 8; 
ttag +60 9; 
ttag +61 8; 
ttag +62 2; 
ttag +63 3; 
ttag +64 6; 
ttag +65 5; 
ttag +66 1; 
ttag +67 4; 
ttag +68 4; 
ttag +69 12; 
ttag +70 5; 
ttag +71 8; 
ttag +72 7; 
ttag +73 7; 
ttag +74 5; 
ttag +75 7; 
ttag +76 6; 
ttag +77 3; 
ttag +78 11; 
ttag +79 12; 
ttag +80 7; 
ttag +81 7; 
ttag +82 5; 
ttag +83 2; 
ttag +84 1; 
ttag +85 5; 
ttag +86 6; 
ttag +87 2; 
ttag +88 4; 
ttag +89 6; 
ttag +90 14; 
ttag +91 4; 
ttag +92 6; 
ttag +93 2; 
tread
'Tree with tags' 
(0 ((1 ((2 3 )(((4 5 )(6 7 ))(8 (9 (10 (11 12 )))))))(((13 14 )((15 16 )(17 (18 (19 ((20 21 )((22 23 )(24 25 ))))))))((26 (27 (28 (29 30 ))))((31 ((32 33 )((34 35 )(36 (37 38 )))))(39 ((40 41 )(42 (43 (46 (47 (44 45 )))))))))))); 
ttag *!; 
ttag +0 ////; 
ttag +1 ////; 
ttag +2 ////; 
ttag +3 ////; 
ttag +4 ////; 
ttag +5 ////; 
ttag +6 ////; 
ttag +7 ////; 
ttag +8 ////; 
ttag +9 ////; 
ttag +10 ////; 
ttag +11 ////; 
ttag +12 ////; 
ttag +13 ////; 
ttag +14 ////; 
ttag +15 ////; 
ttag +16 ////; 
ttag +17 ////; 
ttag +18 ////; 
ttag +19 ////; 
ttag +20 ////; 
ttag +21 ////; 
ttag +22 ////; 
ttag +23 ////; 
ttag +24 ////; 
ttag +25 ////; 
ttag +26 ////; 
ttag +27 ////; 
ttag +28 ////; 
ttag +29 ////; 
ttag +30 ////; 
ttag +31 ////; 
ttag +32 ////; 
ttag +33 ////; 
ttag +34 ////; 
ttag +35 ////; 
ttag +36 ////; 
ttag +37 ////; 
ttag +38 ////; 
ttag +39 ////; 
ttag +40 ////; 
ttag +41 ////; 
ttag +42 ////; 
ttag +43 ////; 
ttag +44 ////; 
ttag +45 ////; 
ttag +46 ////; 
ttag +47 ////; 
ttag +48 ////; 
ttag +49 59/51/51/55/48; 
ttag +50 100/100/100/100/100; 
ttag +51 99/99/100/100/99; 
ttag +52 100/100/99/99/99; 
ttag +53 97/96/97/98/94; 
ttag +54 99/99/97/100/97; 
ttag +55 82/80/65/80/58; 
ttag +56 78/72/58/71/62; 
ttag +57 58/48/38/41/32; 
ttag +58 49/27/11/25/10; 
ttag +59 98/98/89/99/92; 
ttag +60 99/99/98/99/100; 
ttag +61 99/99/98/100/98; 
ttag +62 73/66/56/65/58; 
ttag +63 85/82/74/82/77; 
ttag +64 97/96/96/98/94; 
ttag +65 97/97/96/97/92; 
ttag +66 55/31/26/34/24; 
ttag +67 96/95/88/95/84; 
ttag +68 91/89/79/89/73; 
ttag +69 100/100/100/100/99; 
ttag +70 94/93/88/97/86; 
ttag +71 100/100/100/99/99; 
ttag +72 98/97/94/99/90; 
ttag +73 99/99/97/100/98; 
ttag +74 95/94/86/95/91; 
ttag +75 98/98/97/99/96; 
ttag +76 98/96/91/98/96; 
ttag +77 82/73/62/79/62; 
ttag +78 100/100/100/100/99; 
ttag +79 99/99/100/99/98; 
ttag +80 97/96/88/96/92; 
ttag +81 98/98/98/100/99; 
ttag +82 98/97/89/96/89; 
ttag +83 86/84/80/82/73; 
ttag +84 50/38/22/38/25; 
ttag +85 99/99/99/100/97; 
ttag +86 96/94/84/97/89; 
ttag +87 84/82/60/73/64; 
ttag +88 91/88/80/88/82; 
ttag +89 95/93/78/90/82; 
ttag +90 100/100/100/100/100; 
ttag +91 91/89/82/89/80; 
ttag +92 99/99/98/98/97; 
ttag +93 31/[6]/?/?/?; 
ttag +94 79/71/57/64/56; 
