tread
'Tree with tags' 
(0 ((1 ((2 3 )(((4 5 )(6 7 ))(8 9 )(10 (11 12 )))))((13 14 )((17 ((15 16 )(18 (19 ((20 21 )((22 23 )(24 25 )))))))((26 (27 (28 (29 30 ))))((39 (31 (((32 33 )(34 35 ))(36 (37 38 )))))((40 41 )(42 (43 ((44 45 )(46 47 ))))))))))); 
ttag *!; 
ttag +49 4; 
ttag +50 ???; 
ttag +51 8; 
ttag +52 8; 
ttag +53 7; 
ttag +54 3; 
ttag +55 3; 
ttag +56 4; 
ttag +57 2; 
ttag +58 6; 
ttag +59 15; 
ttag +60 5; 
ttag +61 2; 
ttag +62 7; 
ttag +63 2; 
ttag +64 3; 
ttag +65 1; 
ttag +66 6; 
ttag +67 2; 
ttag +68 7; 
ttag +69 11; 
ttag +70 5; 
ttag +71 6; 
ttag +72 9; 
ttag +73 8; 
ttag +74 8; 
ttag +75 2; 
ttag +76 7; 
ttag +77 7; 
ttag +78 6; 
ttag +79 1; 
ttag +80 3; 
ttag +81 6; 
ttag +82 1; 
ttag +83 5; 
ttag +84 2; 
ttag +85 9; 
ttag +86 7; 
ttag +87 6; 
ttag +88 4; 
ttag +89 5; 
ttag +90 3; 
ttag +91 1; 
ttag +92 5; 
ttag +93 1; 
tread
'Tree with tags' 
(0 ((1 ((2 3 )((((4 5 )(6 7 ))(8 9 ))(10 (11 12 )))))((13 14 )((17 ((15 16 )(18 (19 ((20 21 )((22 23 )(24 25 )))))))((26 (27 (28 (29 30 ))))((39 (31 (((32 33 )(34 35 ))(36 (37 38 )))))((40 41 )(42 (43 ((44 45 )(46 47 ))))))))))); 
ttag *!; 
ttag +0 ////; 
ttag +1 ////; 
ttag +2 ////; 
ttag +3 ////; 
ttag +4 ////; 
ttag +5 ////; 
ttag +6 ////; 
ttag +7 ////; 
ttag +8 ////; 
ttag +9 ////; 
ttag +10 ////; 
ttag +11 ////; 
ttag +12 ////; 
ttag +13 ////; 
ttag +14 ////; 
ttag +15 ////; 
ttag +16 ////; 
ttag +17 ////; 
ttag +18 ////; 
ttag +19 ////; 
ttag +20 ////; 
ttag +21 ////; 
ttag +22 ////; 
ttag +23 ////; 
ttag +24 ////; 
ttag +25 ////; 
ttag +26 ////; 
ttag +27 ////; 
ttag +28 ////; 
ttag +29 ////; 
ttag +30 ////; 
ttag +31 ////; 
ttag +32 ////; 
ttag +33 ////; 
ttag +34 ////; 
ttag +35 ////; 
ttag +36 ////; 
ttag +37 ////; 
ttag +38 ////; 
ttag +39 ////; 
ttag +40 ////; 
ttag +41 ////; 
ttag +42 ////; 
ttag +43 ////; 
ttag +44 ////; 
ttag +45 ////; 
ttag +46 ////; 
ttag +47 ////; 
ttag +48 ////; 
ttag +49 56/44/26/55/25; 
ttag +50 100/100/100/100/100; 
ttag +51 99/99/98/99/97; 
ttag +52 98/98/93/97/94; 
ttag +53 98/97/93/98/94; 
ttag +54 80/74/66/84/73; 
ttag +55 20/[7]/?/?/?; 
ttag +56 95/95/88/92/83; 
ttag +57 94/93/83/89/83; 
ttag +58 70/64/52/67/54; 
ttag +59 98/98/90/98/92; 
ttag +60 100/100/100/100/100; 
ttag +61 95/94/94/96/89; 
ttag +62 48/36/20/47/18; 
ttag +63 98/98/96/98/94; 
ttag +64 52/36/30/55/37; 
ttag +65 58/42/30/39/34; 
ttag +66 12/0/?/8/3; 
ttag +67 99/99/98/100/98; 
ttag +68 54/21/16/30/20; 
ttag +69 100/100/100/100/99; 
ttag +70 100/100/100/100/100; 
ttag +71 97/97/90/98/93; 
ttag +72 98/97/95/97/95; 
ttag +73 99/99/98/100/99; 
ttag +74 100/100/99/100/100; 
ttag +75 100/100/99/100/99; 
ttag +76 69/57/39/60/45; 
ttag +77 100/100/100/99/100; 
ttag +78 99/99/97/99/98; 
ttag +79 97/97/93/99/96; 
ttag +80 51/30/17/31/26; 
ttag +81 78/70/64/78/66; 
ttag +82 99/99/99/99/99; 
ttag +83 64/49/42/55/38; 
ttag +84 98/98/92/98/96; 
ttag +85 88/88/86/86/84; 
ttag +86 100/100/99/100/100; 
ttag +87 100/100/100/99/99; 
ttag +88 93/92/86/96/89; 
ttag +89 97/96/87/97/86; 
ttag +90 93/91/90/96/91; 
ttag +91 86/78/74/84/84; 
ttag +92 60/44/43/37/41; 
ttag +93 96/96/93/95/91; 
ttag +94 46/10/4/6/7; 
