tread
'Tree with tags' 
(0 ((1 ((13 14 )((15 16 )(17 (18 (19 ((20 21 )((22 23 )(24 25 )))))))((26 (27 (28 (29 30 ))))(39 ((31 (41 (40 (42 43 ((44 45 )(46 47 ))))))((32 33 )((34 35 )(36 (37 38 )))))))))((2 3 )(((4 5 )(6 7 ))(8 (9 (10 (11 12 )))))))); 
ttag *!; 
ttag +49 1; 
ttag +50 ???; 
ttag +51 3; 
ttag +52 7; 
ttag +53 9; 
ttag +54 9; 
ttag +55 3; 
ttag +56 1; 
ttag +57 1; 
ttag +58 1; 
ttag +59 5; 
ttag +60 8; 
ttag +61 13; 
ttag +62 3; 
ttag +63 8; 
ttag +64 4; 
ttag +65 4; 
ttag +66 8; 
ttag +67 2; 
ttag +68 13; 
ttag +69 6; 
ttag +70 7; 
ttag +71 5; 
ttag +72 1; 
ttag +73 2; 
ttag +74 10; 
ttag +75 2; 
ttag +76 6; 
ttag +77 12; 
ttag +78 1; 
ttag +79 2; 
ttag +80 8; 
ttag +81 8; 
ttag +82 5; 
ttag +83 5; 
ttag +84 2; 
ttag +85 11; 
ttag +86 7; 
ttag +87 1; 
ttag +88 9; 
ttag +89 12; 
ttag +90 10; 
ttag +91 4; 
ttag +92 4; 
tread
'Tree with tags' 
(0 ((1 (((13 14 )((15 16 )(17 (18 (19 ((20 21 )((22 23 )(24 25 ))))))))((26 (27 (28 (29 30 ))))(39 ((31 (41 (40 (42 (43 ((44 45 )(46 47 )))))))((32 33 )((34 35 )(36 (37 38 )))))))))((2 3 )(((4 5 )(6 7 ))(8 (9 (10 (11 12 )))))))); 
ttag *!; 
ttag +0 ////; 
ttag +1 ////; 
ttag +2 ////; 
ttag +3 ////; 
ttag +4 ////; 
ttag +5 ////; 
ttag +6 ////; 
ttag +7 ////; 
ttag +8 ////; 
ttag +9 ////; 
ttag +10 ////; 
ttag +11 ////; 
ttag +12 ////; 
ttag +13 ////; 
ttag +14 ////; 
ttag +15 ////; 
ttag +16 ////; 
ttag +17 ////; 
ttag +18 ////; 
ttag +19 ////; 
ttag +20 ////; 
ttag +21 ////; 
ttag +22 ////; 
ttag +23 ////; 
ttag +24 ////; 
ttag +25 ////; 
ttag +26 ////; 
ttag +27 ////; 
ttag +28 ////; 
ttag +29 ////; 
ttag +30 ////; 
ttag +31 ////; 
ttag +32 ////; 
ttag +33 ////; 
ttag +34 ////; 
ttag +35 ////; 
ttag +36 ////; 
ttag +37 ////; 
ttag +38 ////; 
ttag +39 ////; 
ttag +40 ////; 
ttag +41 ////; 
ttag +42 ////; 
ttag +43 ////; 
ttag +44 ////; 
ttag +45 ////; 
ttag +46 ////; 
ttag +47 ////; 
ttag +48 ////; 
ttag +49 49/38/25/36/34; 
ttag +50 100/100/100/100/100; 
ttag +51 89/85/74/82/80; 
ttag +52 100/100/100/99/99; 
ttag +53 100/100/99/100/98; 
ttag +54 99/99/97/100/98; 
ttag +55 93/91/88/90/84; 
ttag +56 59/48/34/46/34; 
ttag +57 46/18/18/26/28; 
ttag +58 50/28/36/37/33; 
ttag +59 88/86/84/90/82; 
ttag +60 99/99/95/100/97; 
ttag +61 100/100/100/100/100; 
ttag +62 21/[8]/?/?/?; 
ttag +63 83/79/66/83/71; 
ttag +64 100/100/100/100/99; 
ttag +65 91/88/74/88/79; 
ttag +66 96/95/85/95/86; 
ttag +67 99/99/98/100/96; 
ttag +68 68/54/51/58/50; 
ttag +69 100/100/100/100/100; 
ttag +70 97/96/92/96/89; 
ttag +71 98/98/98/99/97; 
ttag +72 98/97/96/99/96; 
ttag +73 55/26/18/29/17; 
ttag +74 87/82/60/74/64; 
ttag +75 100/100/100/100/99; 
ttag +76 87/82/62/74/67; 
ttag +77 97/96/91/97/92; 
ttag +78 100/100/100/100/100; 
ttag +79 43/25/26/32/17; 
ttag +80 75/72/52/68/52; 
ttag +81 97/96/97/98/98; 
ttag +82 100/100/100/100/99; 
ttag +83 88/85/76/92/74; 
ttag +84 98/98/94/98/95; 
ttag +85 73/70/61/72/63; 
ttag +86 99/99/99/99/98; 
ttag +87 94/92/94/97/91; 
ttag +88 58/38/37/43/37; 
ttag +89 100/100/95/100/98; 
ttag +90 100/100/99/100/100; 
ttag +91 30/[2]/?/6/?; 
ttag +92 100/100/100/100/100; 
ttag +93 92/89/80/90/87; 
ttag +94 91/90/84/88/79; 
