tread
'Tree with tags' 
(0 ((1 ((2 3 )(8 9 (6 (7 (4 5 )))(10 (11 12 )))))((13 14 )((15 16 )(17 (18 (19 ((20 21 )(22 23 )(24 25 ))))))((26 27 (28 (29 30 )))((31 ((32 33 )(34 35 )(36 (37 38 ))))(39 ((40 41 )(42 (43 ((44 45 )(46 47 ))))))))))); 
ttag *!; 
ttag +49 1; 
ttag +50 ???; 
ttag +51 14; 
ttag +52 10; 
ttag +53 4; 
ttag +54 4; 
ttag +55 2; 
ttag +56 8; 
ttag +57 2; 
ttag +58 12; 
ttag +59 10; 
ttag +60 1; 
ttag +61 11; 
ttag +62 4; 
ttag +63 4; 
ttag +64 4; 
ttag +65 2; 
ttag +66 10; 
ttag +67 12; 
ttag +68 8; 
ttag +69 2; 
ttag +70 5; 
ttag +71 4; 
ttag +72 3; 
ttag +73 10; 
ttag +74 3; 
ttag +75 2; 
ttag +76 4; 
ttag +77 3; 
ttag +78 4; 
ttag +79 17; 
ttag +80 6; 
ttag +81 1; 
ttag +82 2; 
ttag +83 4; 
ttag +84 7; 
ttag +85 3; 
ttag +86 3; 
ttag +87 4; 
ttag +88 9; 
tread
'Tree with tags' 
(0 ((1 ((2 3 )(((6 (7 (4 5 )))(8 9 ))(10 (11 12 )))))(((13 14 )((15 16 )(17 (18 (19 ((20 21 )((22 23 )(24 25 ))))))))((27 (26 (28 (29 30 ))))((31 ((32 33 )((34 35 )(36 (37 38 )))))(39 ((40 41 )(42 (43 ((44 45 )(46 47 ))))))))))); 
ttag *!; 
ttag +0 ////; 
ttag +1 ////; 
ttag +2 ////; 
ttag +3 ////; 
ttag +4 ////; 
ttag +5 ////; 
ttag +6 ////; 
ttag +7 ////; 
ttag +8 ////; 
ttag +9 ////; 
ttag +10 ////; 
ttag +11 ////; 
ttag +12 ////; 
ttag +13 ////; 
ttag +14 ////; 
ttag +15 ////; 
ttag +16 ////; 
ttag +17 ////; 
ttag +18 ////; 
ttag +19 ////; 
ttag +20 ////; 
ttag +21 ////; 
ttag +22 ////; 
ttag +23 ////; 
ttag +24 ////; 
ttag +25 ////; 
ttag +26 ////; 
ttag +27 ////; 
ttag +28 ////; 
ttag +29 ////; 
ttag +30 ////; 
ttag +31 ////; 
ttag +32 ////; 
ttag +33 ////; 
ttag +34 ////; 
ttag +35 ////; 
ttag +36 ////; 
ttag +37 ////; 
ttag +38 ////; 
ttag +39 ////; 
ttag +40 ////; 
ttag +41 ////; 
ttag +42 ////; 
ttag +43 ////; 
ttag +44 ////; 
ttag +45 ////; 
ttag +46 ////; 
ttag +47 ////; 
ttag +48 ////; 
ttag +49 39/24/12/20/14; 
ttag +50 100/100/100/100/100; 
ttag +51 100/100/100/100/100; 
ttag +52 99/99/92/99/94; 
ttag +53 96/95/95/92/94; 
ttag +54 81/79/68/79/72; 
ttag +55 70/54/46/58/43; 
ttag +56 20/[14]/?/?/?; 
ttag +57 95/94/90/94/88; 
ttag +58 19/[14]/?/?/?; 
ttag +59 75/66/56/71/56; 
ttag +60 100/100/100/100/100; 
ttag +61 100/100/98/100/98; 
ttag +62 28/10/10/9/9; 
ttag +63 40/25/15/22/7; 
ttag +64 100/100/99/100/100; 
ttag +65 80/74/68/79/54; 
ttag +66 94/94/87/94/89; 
ttag +67 91/89/83/88/82; 
ttag +68 80/74/58/75/55; 
ttag +69 100/100/100/100/100; 
ttag +70 99/99/99/99/98; 
ttag +71 100/100/100/100/100; 
ttag +72 37/[3]/2/?/?; 
ttag +73 83/76/76/74/67; 
ttag +74 40/[3]/?/9/?; 
ttag +75 98/97/93/96/91; 
ttag +76 91/89/79/94/81; 
ttag +77 92/90/84/92/82; 
ttag +78 100/100/100/100/100; 
ttag +79 76/70/53/75/55; 
ttag +80 75/71/55/73/60; 
ttag +81 98/98/95/96/98; 
ttag +82 62/46/29/62/30; 
ttag +83 98/98/97/98/97; 
ttag +84 23/0/?/?/?; 
ttag +85 100/100/100/100/100; 
ttag +86 94/91/90/97/85; 
ttag +87 44/22/18/30/24; 
ttag +88 65/54/53/56/49; 
ttag +89 89/88/86/93/81; 
ttag +90 98/98/98/98/98; 
ttag +91 90/88/78/88/77; 
ttag +92 88/80/72/81/74; 
ttag +93 94/90/88/96/88; 
ttag +94 100/100/100/100/99; 
