tread
'Tree with tags' 
(0 (1 ((2 3 )(((4 5 )(6 7 ))(10 (8 9 )(11 12 ))))(13 14 )((15 16 )(17 (18 (19 ((20 21 )(25 (24 (22 23 ))))))))((26 (27 (28 (29 30 ))))((31 (((32 33 )(36 (37 38 )))(34 35 )))(39 ((40 41 )(42 (43 ((44 45 )(46 47 )))))))))); 
ttag *!; 
ttag +49 ???; 
ttag +50 8; 
ttag +51 6; 
ttag +52 5; 
ttag +53 5; 
ttag +54 2; 
ttag +55 4; 
ttag +56 2; 
ttag +57 3; 
ttag +58 9; 
ttag +59 4; 
ttag +60 10; 
ttag +61 5; 
ttag +62 3; 
ttag +63 4; 
ttag +64 1; 
ttag +65 5; 
ttag +66 3; 
ttag +67 14; 
ttag +68 1; 
ttag +69 6; 
ttag +70 5; 
ttag +71 5; 
ttag +72 3; 
ttag +73 7; 
ttag +74 9; 
ttag +75 6; 
ttag +76 5; 
ttag +77 6; 
ttag +78 1; 
ttag +79 4; 
ttag +80 2; 
ttag +81 8; 
ttag +82 6; 
ttag +83 1; 
ttag +84 4; 
ttag +85 8; 
ttag +86 5; 
ttag +87 5; 
ttag +88 6; 
ttag +89 4; 
ttag +90 3; 
tread
'Tree with tags' 
(0 ((1 (((2 3 )(((4 5 )(6 7 ))((10 (8 9 ))(11 12 ))))((26 (27 (28 (29 30 ))))((31 (((32 33 )(36 (37 38 )))(34 35 )))(39 ((40 41 )(42 (43 ((44 45 )(46 47 ))))))))))((13 14 )((15 16 )(17 (18 (19 ((20 21 )(25 (24 (22 23 ))))))))))); 
ttag *!; 
ttag +0 ////; 
ttag +1 ////; 
ttag +2 ////; 
ttag +3 ////; 
ttag +4 ////; 
ttag +5 ////; 
ttag +6 ////; 
ttag +7 ////; 
ttag +8 ////; 
ttag +9 ////; 
ttag +10 ////; 
ttag +11 ////; 
ttag +12 ////; 
ttag +13 ////; 
ttag +14 ////; 
ttag +15 ////; 
ttag +16 ////; 
ttag +17 ////; 
ttag +18 ////; 
ttag +19 ////; 
ttag +20 ////; 
ttag +21 ////; 
ttag +22 ////; 
ttag +23 ////; 
ttag +24 ////; 
ttag +25 ////; 
ttag +26 ////; 
ttag +27 ////; 
ttag +28 ////; 
ttag +29 ////; 
ttag +30 ////; 
ttag +31 ////; 
ttag +32 ////; 
ttag +33 ////; 
ttag +34 ////; 
ttag +35 ////; 
ttag +36 ////; 
ttag +37 ////; 
ttag +38 ////; 
ttag +39 ////; 
ttag +40 ////; 
ttag +41 ////; 
ttag +42 ////; 
ttag +43 ////; 
ttag +44 ////; 
ttag +45 ////; 
ttag +46 ////; 
ttag +47 ////; 
ttag +48 ////; 
ttag +49 15/[4]/?/?/?; 
ttag +50 100/100/100/100/100; 
ttag +51 100/100/100/100/100; 
ttag +52 97/97/92/96/94; 
ttag +53 40/20/14/19/14; 
ttag +54 97/97/94/98/95; 
ttag +55 97/97/93/95/90; 
ttag +56 64/51/44/59/50; 
ttag +57 98/98/95/98/97; 
ttag +58 63/56/54/52/46; 
ttag +59 25/0/4/?/?; 
ttag +60 78/71/62/71/69; 
ttag +61 100/100/99/100/100; 
ttag +62 95/93/91/91/88; 
ttag +63 12/[12]/?/?/?; 
ttag +64 100/100/100/100/100; 
ttag +65 94/94/90/95/91; 
ttag +66 80/75/63/83/60; 
ttag +67 88/84/77/88/72; 
ttag +68 48/23/10/23/22; 
ttag +69 98/98/94/98/96; 
ttag +70 86/83/74/85/81; 
ttag +71 100/100/100/100/100; 
ttag +72 45/24/11/29/23; 
ttag +73 95/94/94/97/92; 
ttag +74 93/92/85/94/85; 
ttag +75 96/95/87/93/83; 
ttag +76 84/81/62/83/62; 
ttag +77 100/100/98/98/99; 
ttag +78 99/98/99/100/98; 
ttag +79 99/98/96/99/94; 
ttag +80 97/96/84/95/82; 
ttag +81 98/98/96/98/97; 
ttag +82 52/40/32/41/30; 
ttag +83 90/88/81/90/84; 
ttag +84 68/54/39/52/40; 
ttag +85 100/100/99/100/100; 
ttag +86 99/99/97/98/96; 
ttag +87 43/28/15/32/12; 
ttag +88 83/78/64/82/69; 
ttag +89 98/97/90/99/90; 
ttag +90 96/96/90/95/89; 
ttag +91 96/95/92/96/93; 
ttag +92 99/98/92/98/94; 
ttag +93 95/95/86/95/88; 
ttag +94 92/91/77/86/82; 
