tread
'Tree with tags' 
(0 ((1 (((13 14 )((26 (27 (28 (29 30 ))))((31 ((32 33 )(34 35 )(36 (37 38 ))))(39 ((40 41 )(42 (43 ((44 45 )(46 47 )))))))))(17 ((15 16 )(18 (19 ((20 21 )((22 23 )(24 25 )))))))))((2 3 )(((4 5 )(6 7 ))(8 (9 (10 (11 12 )))))))); 
ttag *!; 
ttag +49 1; 
ttag +50 ???; 
ttag +51 6; 
ttag +52 10; 
ttag +53 3; 
ttag +54 7; 
ttag +55 1; 
ttag +56 3; 
ttag +57 1; 
ttag +58 1; 
ttag +59 5; 
ttag +60 8; 
ttag +61 6; 
ttag +62 3; 
ttag +63 1; 
ttag +64 13; 
ttag +65 1; 
ttag +66 5; 
ttag +67 6; 
ttag +68 7; 
ttag +69 7; 
ttag +70 7; 
ttag +71 12; 
ttag +72 8; 
ttag +73 3; 
ttag +74 9; 
ttag +75 4; 
ttag +76 5; 
ttag +77 3; 
ttag +78 12; 
ttag +79 6; 
ttag +80 11; 
ttag +81 6; 
ttag +82 5; 
ttag +83 5; 
ttag +84 9; 
ttag +85 9; 
ttag +86 2; 
ttag +87 3; 
ttag +88 7; 
ttag +89 4; 
ttag +90 2; 
ttag +91 5; 
ttag +92 9; 
ttag +93 6; 
tread
'Tree with tags' 
(0 ((1 (((13 14 )((26 (27 (28 (29 30 ))))((31 ((32 33 )((34 35 )(36 (37 38 )))))(39 ((40 41 )(42 (43 ((44 45 )(46 47 )))))))))(17 ((15 16 )(18 (19 ((20 21 )((22 23 )(24 25 )))))))))((2 3 )(((4 5 )(6 7 ))(8 (9 (10 (11 12 )))))))); 
ttag *!; 
ttag +0 ////; 
ttag +1 ////; 
ttag +2 ////; 
ttag +3 ////; 
ttag +4 ////; 
ttag +5 ////; 
ttag +6 ////; 
ttag +7 ////; 
ttag +8 ////; 
ttag +9 ////; 
ttag +10 ////; 
ttag +11 ////; 
ttag +12 ////; 
ttag +13 ////; 
ttag +14 ////; 
ttag +15 ////; 
ttag +16 ////; 
ttag +17 ////; 
ttag +18 ////; 
ttag +19 ////; 
ttag +20 ////; 
ttag +21 ////; 
ttag +22 ////; 
ttag +23 ////; 
ttag +24 ////; 
ttag +25 ////; 
ttag +26 ////; 
ttag +27 ////; 
ttag +28 ////; 
ttag +29 ////; 
ttag +30 ////; 
ttag +31 ////; 
ttag +32 ////; 
ttag +33 ////; 
ttag +34 ////; 
ttag +35 ////; 
ttag +36 ////; 
ttag +37 ////; 
ttag +38 ////; 
ttag +39 ////; 
ttag +40 ////; 
ttag +41 ////; 
ttag +42 ////; 
ttag +43 ////; 
ttag +44 ////; 
ttag +45 ////; 
ttag +46 ////; 
ttag +47 ////; 
ttag +48 ////; 
ttag +49 36/18/21/19/25; 
ttag +50 100/100/100/100/100; 
ttag +51 94/92/90/97/91; 
ttag +52 99/99/98/100/100; 
ttag +53 89/86/85/86/81; 
ttag +54 99/98/96/98/95; 
ttag +55 56/32/35/34/28; 
ttag +56 74/64/52/69/61; 
ttag +57 22/2/2/2/?; 
ttag +58 17/[2]/?/?/?; 
ttag +59 91/89/72/84/72; 
ttag +60 99/99/98/100/99; 
ttag +61 99/99/99/100/100; 
ttag +62 73/62/43/68/38; 
ttag +63 41/23/23/28/26; 
ttag +64 100/100/100/100/100; 
ttag +65 70/57/46/53/50; 
ttag +66 94/94/85/94/86; 
ttag +67 96/94/85/94/87; 
ttag +68 96/94/86/94/86; 
ttag +69 100/100/99/100/98; 
ttag +70 98/97/90/96/90; 
ttag +71 100/100/99/100/100; 
ttag +72 100/100/96/99/97; 
ttag +73 88/85/78/83/76; 
ttag +74 99/99/97/98/93; 
ttag +75 78/67/54/75/49; 
ttag +76 93/92/85/95/87; 
ttag +77 85/78/76/85/72; 
ttag +78 100/100/100/100/99; 
ttag +79 98/97/95/98/94; 
ttag +80 99/99/98/100/98; 
ttag +81 98/98/96/98/94; 
ttag +82 91/90/78/90/78; 
ttag +83 98/97/98/98/95; 
ttag +84 26/[2]/?/?/?; 
ttag +85 100/100/99/100/99; 
ttag +86 100/100/100/100/100; 
ttag +87 49/38/14/47/20; 
ttag +88 87/83/77/81/83; 
ttag +89 91/86/77/91/76; 
ttag +90 87/82/66/90/69; 
ttag +91 72/64/45/58/45; 
ttag +92 91/86/81/91/79; 
ttag +93 100/100/97/99/97; 
ttag +94 99/99/96/98/97; 
