tread
'Tree with tags' 
(0 (1 ((2 3 )(8 9 ((4 5 )(6 7 ))(10 (11 12 ))))(13 14 )((15 16 )(17 (18 (19 ((20 21 )((22 23 )(24 25 )))))))((26 (27 (28 (29 30 ))))((31 ((32 33 )(34 35 )(36 (37 38 ))))(39 ((40 41 )(42 (43 (46 (47 (44 45 ))))))))))); 
ttag *!; 
ttag +49 ???; 
ttag +50 5; 
ttag +51 6; 
ttag +52 6; 
ttag +53 7; 
ttag +54 5; 
ttag +55 4; 
ttag +56 4; 
ttag +57 9; 
ttag +58 1; 
ttag +59 10; 
ttag +60 5; 
ttag +61 1; 
ttag +62 4; 
ttag +63 4; 
ttag +64 11; 
ttag +65 8; 
ttag +66 11; 
ttag +67 8; 
ttag +68 10; 
ttag +69 5; 
ttag +70 3; 
ttag +71 4; 
ttag +72 5; 
ttag +73 9; 
ttag +74 5; 
ttag +75 4; 
ttag +76 4; 
ttag +77 2; 
ttag +78 6; 
ttag +79 5; 
ttag +80 4; 
ttag +81 2; 
ttag +82 3; 
ttag +83 9; 
ttag +84 6; 
ttag +85 4; 
ttag +86 7; 
ttag +87 1; 
ttag +88 8; 
tread
'Tree with tags' 
(0 ((1 ((((2 3 )((8 (9 ((4 5 )(6 7 ))))(10 (11 12 ))))((15 16 )(17 (18 (19 ((20 21 )((22 23 )(24 25 ))))))))((26 (27 (28 (29 30 ))))((31 (((32 33 )(34 35 ))(36 (37 38 ))))(39 ((40 41 )(42 (43 (46 (47 (44 45 )))))))))))(13 14 ))); 
ttag *!; 
ttag +0 ////; 
ttag +1 ////; 
ttag +2 ////; 
ttag +3 ////; 
ttag +4 ////; 
ttag +5 ////; 
ttag +6 ////; 
ttag +7 ////; 
ttag +8 ////; 
ttag +9 ////; 
ttag +10 ////; 
ttag +11 ////; 
ttag +12 ////; 
ttag +13 ////; 
ttag +14 ////; 
ttag +15 ////; 
ttag +16 ////; 
ttag +17 ////; 
ttag +18 ////; 
ttag +19 ////; 
ttag +20 ////; 
ttag +21 ////; 
ttag +22 ////; 
ttag +23 ////; 
ttag +24 ////; 
ttag +25 ////; 
ttag +26 ////; 
ttag +27 ////; 
ttag +28 ////; 
ttag +29 ////; 
ttag +30 ////; 
ttag +31 ////; 
ttag +32 ////; 
ttag +33 ////; 
ttag +34 ////; 
ttag +35 ////; 
ttag +36 ////; 
ttag +37 ////; 
ttag +38 ////; 
ttag +39 ////; 
ttag +40 ////; 
ttag +41 ////; 
ttag +42 ////; 
ttag +43 ////; 
ttag +44 ////; 
ttag +45 ////; 
ttag +46 ////; 
ttag +47 ////; 
ttag +48 ////; 
ttag +49 0/[41]/?/?/?; 
ttag +50 100/100/100/100/100; 
ttag +51 98/97/94/95/96; 
ttag +52 98/98/97/99/96; 
ttag +53 15/[26]/?/?/?; 
ttag +54 28/[13]/?/?/?; 
ttag +55 99/98/96/99/97; 
ttag +56 100/100/98/99/98; 
ttag +57 22/0/?/?/?; 
ttag +58 58/37/27/20/22; 
ttag +59 98/98/94/98/89; 
ttag +60 99/99/96/98/98; 
ttag +61 99/99/99/99/97; 
ttag +62 100/100/100/100/100; 
ttag +63 77/69/76/70/62; 
ttag +64 100/100/99/100/100; 
ttag +65 97/97/95/98/93; 
ttag +66 66/46/40/40/36; 
ttag +67 85/80/73/82/75; 
ttag +68 86/81/74/84/77; 
ttag +69 100/100/100/100/100; 
ttag +70 99/99/99/100/98; 
ttag +71 100/100/100/100/100; 
ttag +72 99/99/98/100/97; 
ttag +73 100/100/100/100/100; 
ttag +74 98/98/96/100/95; 
ttag +75 90/85/76/85/78; 
ttag +76 96/96/84/96/89; 
ttag +77 98/98/95/97/98; 
ttag +78 100/100/100/100/100; 
ttag +79 94/93/82/92/85; 
ttag +80 97/97/92/98/93; 
ttag +81 96/96/88/96/92; 
ttag +82 30/[2]/17/1/12; 
ttag +83 81/79/63/76/62; 
ttag +84 98/98/99/99/96; 
ttag +85 95/94/88/94/91; 
ttag +86 91/89/89/94/91; 
ttag +87 80/78/64/79/69; 
ttag +88 80/73/63/81/66; 
ttag +89 99/99/98/99/96; 
ttag +90 99/98/97/99/97; 
ttag +91 90/89/82/96/86; 
ttag +92 99/99/97/99/97; 
ttag +93 52/26/23/43/36; 
ttag +94 100/100/98/100/98; 
