tread
'Tree with tags' 
(0 (((1 ((26 (27 (28 (29 30 ))))(39 ((31 ((32 33 )(34 35 )(36 (37 38 ))))((40 41 )(42 (43 ((44 45 )(46 47 )))))))))(((2 3 )((6 (7 (4 5 )))((8 9 )(10 (11 12 )))))(17 (15 16 )((18 19 )((20 21 )((22 23 )(24 25 )))))))(13 14 ))); 
ttag *!; 
ttag +49 1; 
ttag +50 1; 
ttag +51 ???; 
ttag +52 3; 
ttag +53 8; 
ttag +54 1; 
ttag +55 2; 
ttag +56 1; 
ttag +57 3; 
ttag +58 2; 
ttag +59 1; 
ttag +60 1; 
ttag +61 1; 
ttag +62 2; 
ttag +63 10; 
ttag +64 11; 
ttag +65 6; 
ttag +66 1; 
ttag +67 3; 
ttag +68 14; 
ttag +69 4; 
ttag +70 6; 
ttag +71 2; 
ttag +72 2; 
ttag +73 4; 
ttag +74 8; 
ttag +75 7; 
ttag +76 8; 
ttag +77 11; 
ttag +78 7; 
ttag +79 1; 
ttag +80 1; 
ttag +81 8; 
ttag +82 2; 
ttag +83 4; 
ttag +84 8; 
ttag +85 7; 
ttag +86 6; 
ttag +87 4; 
ttag +88 14; 
ttag +89 1; 
ttag +90 11; 
ttag +91 5; 
ttag +92 3; 
tread
'Tree with tags' 
(0 (((1 ((26 (27 (28 (29 30 ))))(39 ((31 ((32 33 )((34 35 )(36 (37 38 )))))((40 41 )(42 (43 ((44 45 )(46 47 )))))))))(((2 3 )((6 (7 (4 5 )))((8 9 )(10 (11 12 )))))((17 (15 16 ))((18 19 )((20 21 )((22 23 )(24 25 )))))))(13 14 ))); 
ttag *!; 
ttag +0 ////; 
ttag +1 ////; 
ttag +2 ////; 
ttag +3 ////; 
ttag +4 ////; 
ttag +5 ////; 
ttag +6 ////; 
ttag +7 ////; 
ttag +8 ////; 
ttag +9 ////; 
ttag +10 ////; 
ttag +11 ////; 
ttag +12 ////; 
ttag +13 ////; 
ttag +14 ////; 
ttag +15 ////; 
ttag +16 ////; 
ttag +17 ////; 
ttag +18 ////; 
ttag +19 ////; 
ttag +20 ////; 
ttag +21 ////; 
ttag +22 ////; 
ttag +23 ////; 
ttag +24 ////; 
ttag +25 ////; 
ttag +26 ////; 
ttag +27 ////; 
ttag +28 ////; 
ttag +29 ////; 
ttag +30 ////; 
ttag +31 ////; 
ttag +32 ////; 
ttag +33 ////; 
ttag +34 ////; 
ttag +35 ////; 
ttag +36 ////; 
ttag +37 ////; 
ttag +38 ////; 
ttag +39 ////; 
ttag +40 ////; 
ttag +41 ////; 
ttag +42 ////; 
ttag +43 ////; 
ttag +44 ////; 
ttag +45 ////; 
ttag +46 ////; 
ttag +47 ////; 
ttag +48 ////; 
ttag +49 28/14/?/12/4; 
ttag +50 47/34/23/35/32; 
ttag +51 100/100/100/100/100; 
ttag +52 88/82/76/82/81; 
ttag +53 96/96/87/97/90; 
ttag +54 56/42/22/40/27; 
ttag +55 89/87/84/77/78; 
ttag +56 40/11/2/7/?; 
ttag +57 84/76/74/72/73; 
ttag +58 78/72/72/75/71; 
ttag +59 77/70/69/73/72; 
ttag +60 59/47/46/45/48; 
ttag +61 55/28/36/30/32; 
ttag +62 88/82/83/84/78; 
ttag +63 99/99/98/100/98; 
ttag +64 100/100/100/100/100; 
ttag +65 20/[23]/?/?/?; 
ttag +66 98/97/90/95/91; 
ttag +67 50/41/28/46/32; 
ttag +68 90/87/80/89/86; 
ttag +69 100/100/100/100/100; 
ttag +70 94/93/87/94/86; 
ttag +71 97/96/95/99/95; 
ttag +72 82/75/65/78/72; 
ttag +73 78/67/66/67/64; 
ttag +74 96/94/96/96/90; 
ttag +75 97/96/82/94/86; 
ttag +76 98/98/98/99/98; 
ttag +77 99/99/100/100/99; 
ttag +78 100/100/100/100/99; 
ttag +79 98/98/94/97/94; 
ttag +80 43/12/3/13/4; 
ttag +81 55/24/15/29/18; 
ttag +82 99/99/98/100/100; 
ttag +83 85/82/75/80/76; 
ttag +84 96/96/90/96/93; 
ttag +85 40/11/?/?/?; 
ttag +86 99/99/98/100/96; 
ttag +87 98/98/98/98/96; 
ttag +88 99/99/96/99/96; 
ttag +89 76/70/59/74/52; 
ttag +90 100/100/100/100/100; 
ttag +91 43/14/14/14/13; 
ttag +92 99/99/99/99/98; 
ttag +93 83/78/65/84/62; 
ttag +94 84/82/71/82/70; 
