tread
'Tree with tags' 
(0 ((1 (((13 14 )((15 16 )(17 (18 (19 ((20 21 )(25 (24 (22 23 )))))))))((27 (26 (28 (29 30 ))))(39 (31 ((32 33 )(34 35 )(36 (37 38 ))))((40 41 )(42 (43 ((44 45 )(46 47 )))))))))((2 3 )(((6 7 (4 5 ))(10 (11 12 )))(8 9 ))))); 
ttag *!; 
ttag +49 1; 
ttag +50 ???; 
ttag +51 9; 
ttag +52 12; 
ttag +53 8; 
ttag +54 7; 
ttag +55 1; 
ttag +56 1; 
ttag +57 1; 
ttag +58 5; 
ttag +59 11; 
ttag +60 11; 
ttag +61 1; 
ttag +62 2; 
ttag +63 11; 
ttag +64 5; 
ttag +65 1; 
ttag +66 7; 
ttag +67 1; 
ttag +68 7; 
ttag +69 8; 
ttag +70 5; 
ttag +71 1; 
ttag +72 9; 
ttag +73 1; 
ttag +74 4; 
ttag +75 11; 
ttag +76 7; 
ttag +77 10; 
ttag +78 5; 
ttag +79 4; 
ttag +80 2; 
ttag +81 5; 
ttag +82 6; 
ttag +83 9; 
ttag +84 5; 
ttag +85 5; 
ttag +86 6; 
ttag +87 6; 
ttag +88 1; 
ttag +89 9; 
ttag +90 5; 
ttag +91 5; 
tread
'Tree with tags' 
(0 ((1 (((13 14 )((15 16 )(17 (18 (19 ((20 21 )(25 (24 (22 23 )))))))))((27 (26 (28 (29 30 ))))((31 (((32 33 )(34 35 ))(36 (37 38 ))))(39 ((40 41 )(42 (43 ((44 45 )(46 47 ))))))))))((2 3 )(((6 (7 (4 5 )))(10 (11 12 )))(8 9 ))))); 
ttag *!; 
ttag +0 ////; 
ttag +1 ////; 
ttag +2 ////; 
ttag +3 ////; 
ttag +4 ////; 
ttag +5 ////; 
ttag +6 ////; 
ttag +7 ////; 
ttag +8 ////; 
ttag +9 ////; 
ttag +10 ////; 
ttag +11 ////; 
ttag +12 ////; 
ttag +13 ////; 
ttag +14 ////; 
ttag +15 ////; 
ttag +16 ////; 
ttag +17 ////; 
ttag +18 ////; 
ttag +19 ////; 
ttag +20 ////; 
ttag +21 ////; 
ttag +22 ////; 
ttag +23 ////; 
ttag +24 ////; 
ttag +25 ////; 
ttag +26 ////; 
ttag +27 ////; 
ttag +28 ////; 
ttag +29 ////; 
ttag +30 ////; 
ttag +31 ////; 
ttag +32 ////; 
ttag +33 ////; 
ttag +34 ////; 
ttag +35 ////; 
ttag +36 ////; 
ttag +37 ////; 
ttag +38 ////; 
ttag +39 ////; 
ttag +40 ////; 
ttag +41 ////; 
ttag +42 ////; 
ttag +43 ////; 
ttag +44 ////; 
ttag +45 ////; 
ttag +46 ////; 
ttag +47 ////; 
ttag +48 ////; 
ttag +49 51/37/28/46/27; 
ttag +50 100/100/100/100/100; 
ttag +51 100/100/99/100/99; 
ttag +52 99/99/100/100/99; 
ttag +53 100/100/100/100/100; 
ttag +54 28/[3]/?/?/0; 
ttag +55 100/100/98/99/98; 
ttag +56 20/0/1/?/?; 
ttag +57 60/46/35/36/36; 
ttag +58 55/35/43/44/41; 
ttag +59 91/89/82/94/84; 
ttag +60 100/100/100/100/100; 
ttag +61 100/100/100/100/100; 
ttag +62 43/34/29/40/21; 
ttag +63 56/48/39/49/33; 
ttag +64 100/100/100/100/99; 
ttag +65 96/94/92/97/91; 
ttag +66 42/20/17/23/18; 
ttag +67 99/99/96/99/96; 
ttag +68 49/18/12/21/10; 
ttag +69 100/100/99/100/99; 
ttag +70 99/98/94/98/94; 
ttag +71 97/96/90/93/89; 
ttag +72 52/41/27/28/22; 
ttag +73 100/100/99/100/99; 
ttag +74 52/35/37/42/35; 
ttag +75 91/90/82/91/80; 
ttag +76 99/99/98/98/98; 
ttag +77 99/99/98/100/97; 
ttag +78 100/100/100/100/99; 
ttag +79 99/99/98/98/96; 
ttag +80 91/90/81/90/84; 
ttag +81 75/66/60/72/68; 
ttag +82 27/[9]/?/?/?; 
ttag +83 96/95/89/92/88; 
ttag +84 99/98/96/98/98; 
ttag +85 100/100/100/100/99; 
ttag +86 97/96/90/97/93; 
ttag +87 34/2/?/0/0; 
ttag +88 96/96/92/98/86; 
ttag +89 97/97/95/98/92; 
ttag +90 94/94/84/96/78; 
ttag +91 62/50/34/47/34; 
ttag +92 100/100/100/100/99; 
ttag +93 92/89/74/90/74; 
ttag +94 96/96/92/96/92; 
