tread
'Tree with tags' 
(0 ((((1 ((2 3 )((4 (5 (6 7 )))((8 9 )(10 (11 12 ))))))((15 16 )(17 (18 (19 ((20 21 )((22 23 )(24 25 ))))))))((26 (27 (28 (29 30 ))))((31 ((32 33 )(34 35 )(36 (37 38 ))))(39 ((40 41 )(43 (42 ((44 45 )(46 47 )))))))))(13 14 ))); 
ttag *!; 
ttag +49 1; 
ttag +50 1; 
ttag +51 2; 
ttag +52 ???; 
ttag +53 10; 
ttag +54 10; 
ttag +55 3; 
ttag +56 2; 
ttag +57 1; 
ttag +58 7; 
ttag +59 4; 
ttag +60 1; 
ttag +61 10; 
ttag +62 5; 
ttag +63 11; 
ttag +64 13; 
ttag +65 4; 
ttag +66 2; 
ttag +67 3; 
ttag +68 3; 
ttag +69 3; 
ttag +70 6; 
ttag +71 8; 
ttag +72 5; 
ttag +73 9; 
ttag +74 3; 
ttag +75 7; 
ttag +76 2; 
ttag +77 5; 
ttag +78 5; 
ttag +79 5; 
ttag +80 2; 
ttag +81 5; 
ttag +82 4; 
ttag +83 5; 
ttag +84 12; 
ttag +85 5; 
ttag +86 1; 
ttag +87 4; 
ttag +88 6; 
ttag +89 1; 
ttag +90 11; 
ttag +91 11; 
ttag +92 5; 
ttag +93 3; 
tread
'Tree with tags' 
(0 ((((1 ((2 3 )((4 (5 (6 7 )))((8 9 )(10 (11 12 ))))))((15 16 )(17 (18 (19 ((20 21 )((22 23 )(24 25 ))))))))((26 (27 (28 (29 30 ))))((31 ((32 33 )((34 35 )(36 (37 38 )))))(39 ((40 41 )(43 (42 ((44 45 )(46 47 )))))))))(13 14 ))); 
ttag *!; 
ttag +0 ////; 
ttag +1 ////; 
ttag +2 ////; 
ttag +3 ////; 
ttag +4 ////; 
ttag +5 ////; 
ttag +6 ////; 
ttag +7 ////; 
ttag +8 ////; 
ttag +9 ////; 
ttag +10 ////; 
ttag +11 ////; 
ttag +12 ////; 
ttag +13 ////; 
ttag +14 ////; 
ttag +15 ////; 
ttag +16 ////; 
ttag +17 ////; 
ttag +18 ////; 
ttag +19 ////; 
ttag +20 ////; 
ttag +21 ////; 
ttag +22 ////; 
ttag +23 ////; 
ttag +24 ////; 
ttag +25 ////; 
ttag +26 ////; 
ttag +27 ////; 
ttag +28 ////; 
ttag +29 ////; 
ttag +30 ////; 
ttag +31 ////; 
ttag +32 ////; 
ttag +33 ////; 
ttag +34 ////; 
ttag +35 ////; 
ttag +36 ////; 
ttag +37 ////; 
ttag +38 ////; 
ttag +39 ////; 
ttag +40 ////; 
ttag +41 ////; 
ttag +42 ////; 
ttag +43 ////; 
ttag +44 ////; 
ttag +45 ////; 
ttag +46 ////; 
ttag +47 ////; 
ttag +48 ////; 
ttag +49 38/1/?/2/0; 
ttag +50 19/[16]/?/?/?; 
ttag +51 42/30/27/35/20; 
ttag +52 100/100/100/100/100; 
ttag +53 100/100/100/100/100; 
ttag +54 100/100/100/100/98; 
ttag +55 72/66/55/71/50; 
ttag +56 68/58/45/62/52; 
ttag +57 56/51/38/55/42; 
ttag +58 98/96/89/97/88; 
ttag +59 92/92/88/88/86; 
ttag +60 46/36/18/23/23; 
ttag +61 100/100/99/100/100; 
ttag +62 97/96/92/97/95; 
ttag +63 100/100/99/100/100; 
ttag +64 100/100/99/100/100; 
ttag +65 92/90/80/88/87; 
ttag +66 72/63/60/66/54; 
ttag +67 82/79/62/84/71; 
ttag +68 85/83/63/84/70; 
ttag +69 91/87/85/90/87; 
ttag +70 94/92/78/96/82; 
ttag +71 100/100/100/100/99; 
ttag +72 93/90/78/90/78; 
ttag +73 100/100/98/99/98; 
ttag +74 90/85/74/82/80; 
ttag +75 98/98/93/98/96; 
ttag +76 76/72/61/72/64; 
ttag +77 93/92/81/94/90; 
ttag +78 98/98/98/99/94; 
ttag +79 90/87/77/89/75; 
ttag +80 69/61/58/62/58; 
ttag +81 98/97/98/99/97; 
ttag +82 92/89/82/92/85; 
ttag +83 98/98/94/98/97; 
ttag +84 40/19/18/20/20; 
ttag +85 100/100/99/100/99; 
ttag +86 94/93/86/95/88; 
ttag +87 60/54/40/56/52; 
ttag +88 93/92/84/95/88; 
ttag +89 96/95/88/96/92; 
ttag +90 62/41/20/34/25; 
ttag +91 100/100/100/100/100; 
ttag +92 100/100/100/100/100; 
ttag +93 99/99/97/98/96; 
ttag +94 89/86/82/85/82; 
