tread
'Tree with tags' 
(0 ((1 (((2 3 )(8 9 (((4 5 )(6 7 ))(10 (11 12 )))))((26 (27 (28 (29 30 ))))(39 ((31 ((32 33 )((34 35 )(36 (37 38 )))))((40 41 )(42 (43 ((44 45 )(46 47 ))))))))))(13 14 )(17 (15 16 )(18 19 ((20 21 )((22 23 )(24 25 ))))))); 
ttag *!; 
ttag +49 1; 
ttag +50 ???; 
ttag +51 5; 
ttag +52 8; 
ttag +53 2; 
ttag +54 6; 
ttag +55 5; 
ttag +56 2; 
ttag +57 4; 
ttag +58 4; 
ttag +59 4; 
ttag +60 4; 
ttag +61 7; 
ttag +62 11; 
ttag +63 1; 
ttag +64 6; 
ttag +65 9; 
ttag +66 7; 
ttag +67 12; 
ttag +68 8; 
ttag +69 4; 
ttag +70 4; 
ttag +71 5; 
ttag +72 3; 
ttag +73 2; 
ttag +74 14; 
ttag +75 2; 
ttag +76 1; 
ttag +77 9; 
ttag +78 2; 
ttag +79 3; 
ttag +80 2; 
ttag +81 1; 
ttag +82 9; 
ttag +83 6; 
ttag +84 6; 
ttag +85 6; 
ttag +86 7; 
ttag +87 6; 
ttag +88 1; 
ttag +89 6; 
ttag +90 1; 
tread
'Tree with tags' 
(0 ((1 (((2 3 )(9 (8 (((4 5 )(6 7 ))(10 (11 12 ))))))((26 (27 (28 (29 30 ))))(39 ((31 ((32 33 )((34 35 )(36 (37 38 )))))((40 41 )(42 (43 ((44 45 )(46 47 ))))))))))((13 14 )((15 16 )(17 (18 (19 ((20 21 )((22 23 )(24 25 )))))))))); 
ttag *!; 
ttag +0 ////; 
ttag +1 ////; 
ttag +2 ////; 
ttag +3 ////; 
ttag +4 ////; 
ttag +5 ////; 
ttag +6 ////; 
ttag +7 ////; 
ttag +8 ////; 
ttag +9 ////; 
ttag +10 ////; 
ttag +11 ////; 
ttag +12 ////; 
ttag +13 ////; 
ttag +14 ////; 
ttag +15 ////; 
ttag +16 ////; 
ttag +17 ////; 
ttag +18 ////; 
ttag +19 ////; 
ttag +20 ////; 
ttag +21 ////; 
ttag +22 ////; 
ttag +23 ////; 
ttag +24 ////; 
ttag +25 ////; 
ttag +26 ////; 
ttag +27 ////; 
ttag +28 ////; 
ttag +29 ////; 
ttag +30 ////; 
ttag +31 ////; 
ttag +32 ////; 
ttag +33 ////; 
ttag +34 ////; 
ttag +35 ////; 
ttag +36 ////; 
ttag +37 ////; 
ttag +38 ////; 
ttag +39 ////; 
ttag +40 ////; 
ttag +41 ////; 
ttag +42 ////; 
ttag +43 ////; 
ttag +44 ////; 
ttag +45 ////; 
ttag +46 ////; 
ttag +47 ////; 
ttag +48 ////; 
ttag +49 34/26/14/20/14; 
ttag +50 100/100/100/100/100; 
ttag +51 99/99/97/99/99; 
ttag +52 99/99/98/98/97; 
ttag +53 56/42/33/42/36; 
ttag +54 98/98/94/99/98; 
ttag +55 89/84/80/88/82; 
ttag +56 67/62/54/65/56; 
ttag +57 20/1/1/3/8; 
ttag +58 93/91/74/83/77; 
ttag +59 96/95/85/96/92; 
ttag +60 98/98/98/98/97; 
ttag +61 96/95/85/91/85; 
ttag +62 99/99/98/99/98; 
ttag +63 22/[4]/?/?/?; 
ttag +64 100/100/100/100/100; 
ttag +65 62/58/46/55/48; 
ttag +66 5/[46]/?/?/?; 
ttag +67 97/96/89/96/90; 
ttag +68 30/[4]/?/?/?; 
ttag +69 100/100/100/100/100; 
ttag +70 99/99/98/99/98; 
ttag +71 100/100/100/100/100; 
ttag +72 99/99/98/100/98; 
ttag +73 93/93/87/96/86; 
ttag +74 91/88/79/88/82; 
ttag +75 89/87/76/92/80; 
ttag +76 73/67/60/70/56; 
ttag +77 78/68/52/71/55; 
ttag +78 100/100/100/100/100; 
ttag +79 66/55/43/53/42; 
ttag +80 42/27/14/28/17; 
ttag +81 100/100/100/99/96; 
ttag +82 82/72/62/66/57; 
ttag +83 81/79/67/74/67; 
ttag +84 82/75/64/76/76; 
ttag +85 66/65/58/60/63; 
ttag +86 99/99/96/99/95; 
ttag +87 100/100/100/99/99; 
ttag +88 96/95/89/96/87; 
ttag +89 96/96/92/97/90; 
ttag +90 98/98/95/98/96; 
ttag +91 98/98/97/99/92; 
ttag +92 56/28/26/41/24; 
ttag +93 97/97/88/98/95; 
ttag +94 59/50/52/55/37; 
