tread
'Tree with tags' 
(0 ((1 ((2 3 )(((4 5 )(6 7 ))(8 (9 (10 (11 12 )))))))(((13 14 )((26 27 (28 (29 30 )))((39 (31 ((32 33 )(34 35 )(36 (37 38 )))))((40 41 )(42 (43 ((44 45 )(46 47 ))))))))((15 16 )(17 (18 (19 ((20 21 )((22 23 )(24 25 )))))))))); 
ttag *!; 
ttag +49 1; 
ttag +50 ???; 
ttag +51 9; 
ttag +52 10; 
ttag +53 7; 
ttag +54 11; 
ttag +55 4; 
ttag +56 5; 
ttag +57 4; 
ttag +58 2; 
ttag +59 9; 
ttag +60 8; 
ttag +61 12; 
ttag +62 1; 
ttag +63 1; 
ttag +64 10; 
ttag +65 3; 
ttag +66 1; 
ttag +67 6; 
ttag +68 5; 
ttag +69 10; 
ttag +70 7; 
ttag +71 4; 
ttag +72 7; 
ttag +73 4; 
ttag +74 8; 
ttag +75 3; 
ttag +76 3; 
ttag +77 7; 
ttag +78 6; 
ttag +79 1; 
ttag +80 5; 
ttag +81 5; 
ttag +82 4; 
ttag +83 3; 
ttag +84 8; 
ttag +85 7; 
ttag +86 1; 
ttag +87 4; 
ttag +88 7; 
ttag +89 4; 
ttag +90 11; 
ttag +91 4; 
ttag +92 3; 
tread
'Tree with tags' 
(0 ((1 ((2 3 )(((4 5 )(6 7 ))(8 (9 (10 (11 12 )))))))(((13 14 )((26 (27 (28 (29 30 ))))((39 (31 ((32 33 )((34 35 )(36 (37 38 ))))))((40 41 )(42 (43 ((44 45 )(46 47 ))))))))((15 16 )(17 (18 (19 ((20 21 )((22 23 )(24 25 )))))))))); 
ttag *!; 
ttag +0 ////; 
ttag +1 ////; 
ttag +2 ////; 
ttag +3 ////; 
ttag +4 ////; 
ttag +5 ////; 
ttag +6 ////; 
ttag +7 ////; 
ttag +8 ////; 
ttag +9 ////; 
ttag +10 ////; 
ttag +11 ////; 
ttag +12 ////; 
ttag +13 ////; 
ttag +14 ////; 
ttag +15 ////; 
ttag +16 ////; 
ttag +17 ////; 
ttag +18 ////; 
ttag +19 ////; 
ttag +20 ////; 
ttag +21 ////; 
ttag +22 ////; 
ttag +23 ////; 
ttag +24 ////; 
ttag +25 ////; 
ttag +26 ////; 
ttag +27 ////; 
ttag +28 ////; 
ttag +29 ////; 
ttag +30 ////; 
ttag +31 ////; 
ttag +32 ////; 
ttag +33 ////; 
ttag +34 ////; 
ttag +35 ////; 
ttag +36 ////; 
ttag +37 ////; 
ttag +38 ////; 
ttag +39 ////; 
ttag +40 ////; 
ttag +41 ////; 
ttag +42 ////; 
ttag +43 ////; 
ttag +44 ////; 
ttag +45 ////; 
ttag +46 ////; 
ttag +47 ////; 
ttag +48 ////; 
ttag +49 49/40/22/33/11; 
ttag +50 100/100/100/100/100; 
ttag +51 100/100/99/100/98; 
ttag +52 99/99/94/98/94; 
ttag +53 100/100/99/100/99; 
ttag +54 99/99/99/100/97; 
ttag +55 87/82/76/86/80; 
ttag +56 97/97/91/96/86; 
ttag +57 86/82/69/87/71; 
ttag +58 76/71/59/70/56; 
ttag +59 100/100/99/100/99; 
ttag +60 100/100/99/100/98; 
ttag +61 100/100/100/100/100; 
ttag +62 40/28/17/26/10; 
ttag +63 49/33/27/35/26; 
ttag +64 99/99/96/99/96; 
ttag +65 72/65/49/60/43; 
ttag +66 53/30/26/31/26; 
ttag +67 98/98/95/98/96; 
ttag +68 92/89/84/94/86; 
ttag +69 100/100/100/100/100; 
ttag +70 99/99/96/99/98; 
ttag +71 92/90/79/86/75; 
ttag +72 99/99/98/100/98; 
ttag +73 92/88/84/84/76; 
ttag +74 96/95/86/96/90; 
ttag +75 71/62/45/56/36; 
ttag +76 29/2/4/1/?; 
ttag +77 93/92/86/91/86; 
ttag +78 100/100/100/100/98; 
ttag +79 96/96/90/95/85; 
ttag +80 63/57/47/66/54; 
ttag +81 89/85/81/92/84; 
ttag +82 98/98/96/98/97; 
ttag +83 91/88/74/92/77; 
ttag +84 87/84/73/83/75; 
ttag +85 1/[4]/?/?/?; 
ttag +86 100/100/98/100/96; 
ttag +87 99/99/98/99/99; 
ttag +88 60/36/42/34/40; 
ttag +89 82/78/68/78/58; 
ttag +90 99/98/98/99/99; 
ttag +91 94/94/87/97/86; 
ttag +92 100/100/99/100/99; 
ttag +93 92/88/84/93/83; 
ttag +94 88/86/79/87/78; 
