tread
'Tree with tags' 
(0 ((1 ((2 3 )(((4 5 )(6 7 ))((8 9 )(10 (11 12 ))))))((13 14 )((15 16 )(17 (18 (19 ((20 21 )((22 23 )(24 25 ))))))))((26 (27 (28 (29 30 ))))(39 (31 ((32 33 )(34 35 )(36 (37 38 ))))(40 (41 (43 (42 ((44 45 )(46 47 )))))))))); 
ttag *!; 
ttag +49 1; 
ttag +50 ???; 
ttag +51 4; 
ttag +52 11; 
ttag +53 3; 
ttag +54 5; 
ttag +55 6; 
ttag +56 4; 
ttag +57 2; 
ttag +58 2; 
ttag +59 10; 
ttag +60 7; 
ttag +61 4; 
ttag +62 1; 
ttag +63 10; 
ttag +64 5; 
ttag +65 4; 
ttag +66 4; 
ttag +67 1; 
ttag +68 8; 
ttag +69 1; 
ttag +70 4; 
ttag +71 13; 
ttag +72 2; 
ttag +73 2; 
ttag +74 6; 
ttag +75 3; 
ttag +76 7; 
ttag +77 5; 
ttag +78 6; 
ttag +79 3; 
ttag +80 2; 
ttag +81 4; 
ttag +82 4; 
ttag +83 15; 
ttag +84 8; 
ttag +85 2; 
ttag +86 1; 
ttag +87 2; 
ttag +88 4; 
ttag +89 9; 
ttag +90 11; 
ttag +91 2; 
tread
'Tree with tags' 
(0 (((1 ((2 3 )(((4 5 )(6 7 ))((8 9 )(10 (11 12 ))))))((13 14 )((15 16 )(17 (18 (19 ((20 21 )((22 23 )(24 25 )))))))))((26 (27 (28 (29 30 ))))((31 (((32 33 )(34 35 ))(36 (37 38 ))))(39 (40 (41 (43 (42 ((44 45 )(46 47 ))))))))))); 
ttag *!; 
ttag +0 ////; 
ttag +1 ////; 
ttag +2 ////; 
ttag +3 ////; 
ttag +4 ////; 
ttag +5 ////; 
ttag +6 ////; 
ttag +7 ////; 
ttag +8 ////; 
ttag +9 ////; 
ttag +10 ////; 
ttag +11 ////; 
ttag +12 ////; 
ttag +13 ////; 
ttag +14 ////; 
ttag +15 ////; 
ttag +16 ////; 
ttag +17 ////; 
ttag +18 ////; 
ttag +19 ////; 
ttag +20 ////; 
ttag +21 ////; 
ttag +22 ////; 
ttag +23 ////; 
ttag +24 ////; 
ttag +25 ////; 
ttag +26 ////; 
ttag +27 ////; 
ttag +28 ////; 
ttag +29 ////; 
ttag +30 ////; 
ttag +31 ////; 
ttag +32 ////; 
ttag +33 ////; 
ttag +34 ////; 
ttag +35 ////; 
ttag +36 ////; 
ttag +37 ////; 
ttag +38 ////; 
ttag +39 ////; 
ttag +40 ////; 
ttag +41 ////; 
ttag +42 ////; 
ttag +43 ////; 
ttag +44 ////; 
ttag +45 ////; 
ttag +46 ////; 
ttag +47 ////; 
ttag +48 ////; 
ttag +49 56/42/39/58/50; 
ttag +50 15/[5]/?/?/?; 
ttag +51 100/100/100/100/100; 
ttag +52 86/82/70/84/76; 
ttag +53 100/100/99/100/100; 
ttag +54 89/86/75/87/77; 
ttag +55 90/87/73/92/72; 
ttag +56 92/90/78/94/79; 
ttag +57 84/82/57/86/59; 
ttag +58 62/57/36/56/43; 
ttag +59 64/49/30/60/40; 
ttag +60 99/99/96/100/98; 
ttag +61 100/100/99/100/99; 
ttag +62 96/95/93/94/90; 
ttag +63 34/21/13/32/22; 
ttag +64 100/100/100/100/100; 
ttag +65 77/65/62/82/67; 
ttag +66 81/75/71/78/68; 
ttag +67 75/70/66/74/63; 
ttag +68 38/11/14/14/10; 
ttag +69 100/100/100/99/100; 
ttag +70 31/4/11/9/4; 
ttag +71 88/84/77/83/79; 
ttag +72 100/100/100/99/100; 
ttag +73 79/71/58/64/49; 
ttag +74 67/57/51/58/48; 
ttag +75 96/94/91/96/92; 
ttag +76 81/77/74/78/76; 
ttag +77 98/97/97/98/96; 
ttag +78 97/97/98/97/96; 
ttag +79 97/96/96/98/94; 
ttag +80 93/92/87/91/86; 
ttag +81 82/78/70/80/69; 
ttag +82 0/[3]/?/?/?; 
ttag +83 94/94/89/95/90; 
ttag +84 92/90/83/90/77; 
ttag +85 100/100/100/100/100; 
ttag +86 99/99/93/99/98; 
ttag +87 31/[16]/?/?/?; 
ttag +88 66/61/62/65/68; 
ttag +89 49/24/8/34/18; 
ttag +90 60/43/41/51/41; 
ttag +91 94/94/88/92/86; 
ttag +92 100/100/100/99/100; 
ttag +93 99/99/99/100/100; 
ttag +94 88/87/80/82/76; 
