tread
'Tree with tags' 
(0 (1 ((2 3 )((8 9 ((4 5 )(6 7 )))(10 (11 12 ))))(13 14 )(17 (15 16 )(18 (19 ((20 21 )((22 23 )(24 25 ))))))(26 27 (28 (29 30 )))((31 ((32 33 )(34 35 )(36 (37 38 ))))(39 ((40 41 )(42 (43 ((44 45 )(46 47 ))))))))); 
ttag *!; 
ttag +49 ???; 
ttag +50 8; 
ttag +51 6; 
ttag +52 7; 
ttag +53 4; 
ttag +54 1; 
ttag +55 4; 
ttag +56 12; 
ttag +57 1; 
ttag +58 4; 
ttag +59 3; 
ttag +60 12; 
ttag +61 2; 
ttag +62 1; 
ttag +63 1; 
ttag +64 5; 
ttag +65 6; 
ttag +66 12; 
ttag +67 8; 
ttag +68 7; 
ttag +69 9; 
ttag +70 4; 
ttag +71 14; 
ttag +72 2; 
ttag +73 6; 
ttag +74 7; 
ttag +75 6; 
ttag +76 2; 
ttag +77 9; 
ttag +78 7; 
ttag +79 1; 
ttag +80 3; 
ttag +81 9; 
ttag +82 6; 
ttag +83 5; 
ttag +84 5; 
ttag +85 2; 
ttag +86 3; 
tread
'Tree with tags' 
(0 ((1 (((2 3 )((8 (9 ((4 5 )(6 7 ))))(10 (11 12 ))))((26 27 )(28 (29 30 )))))(((13 14 )((15 16 )(17 (18 (19 ((20 21 )((22 23 )(24 25 ))))))))((31 (((32 33 )(36 (37 38 )))(34 35 )))(39 ((40 41 )(42 (43 ((44 45 )(46 47 )))))))))); 
ttag *!; 
ttag +0 ////; 
ttag +1 ////; 
ttag +2 ////; 
ttag +3 ////; 
ttag +4 ////; 
ttag +5 ////; 
ttag +6 ////; 
ttag +7 ////; 
ttag +8 ////; 
ttag +9 ////; 
ttag +10 ////; 
ttag +11 ////; 
ttag +12 ////; 
ttag +13 ////; 
ttag +14 ////; 
ttag +15 ////; 
ttag +16 ////; 
ttag +17 ////; 
ttag +18 ////; 
ttag +19 ////; 
ttag +20 ////; 
ttag +21 ////; 
ttag +22 ////; 
ttag +23 ////; 
ttag +24 ////; 
ttag +25 ////; 
ttag +26 ////; 
ttag +27 ////; 
ttag +28 ////; 
ttag +29 ////; 
ttag +30 ////; 
ttag +31 ////; 
ttag +32 ////; 
ttag +33 ////; 
ttag +34 ////; 
ttag +35 ////; 
ttag +36 ////; 
ttag +37 ////; 
ttag +38 ////; 
ttag +39 ////; 
ttag +40 ////; 
ttag +41 ////; 
ttag +42 ////; 
ttag +43 ////; 
ttag +44 ////; 
ttag +45 ////; 
ttag +46 ////; 
ttag +47 ////; 
ttag +48 ////; 
ttag +49 13/[11]/?/?/?; 
ttag +50 100/100/100/100/100; 
ttag +51 100/100/99/99/100; 
ttag +52 98/98/96/98/97; 
ttag +53 17/[3]/?/?/?; 
ttag +54 100/100/100/98/98; 
ttag +55 94/93/89/92/90; 
ttag +56 20/[1]/6/7/?; 
ttag +57 57/49/45/47/45; 
ttag +58 86/82/75/82/66; 
ttag +59 100/100/100/100/100; 
ttag +60 42/23/24/28/15; 
ttag +61 97/97/92/97/91; 
ttag +62 86/84/80/81/73; 
ttag +63 41/26/19/28/19; 
ttag +64 26/5/?/?/?; 
ttag +65 100/100/100/100/100; 
ttag +66 75/67/57/58/56; 
ttag +67 26/0/15/8/12; 
ttag +68 52/33/21/32/24; 
ttag +69 39/20/14/19/16; 
ttag +70 98/98/96/99/95; 
ttag +71 97/96/93/98/94; 
ttag +72 100/100/100/100/100; 
ttag +73 100/100/99/99/97; 
ttag +74 100/100/99/100/98; 
ttag +75 19/[8]/?/?/?; 
ttag +76 100/100/100/99/99; 
ttag +77 99/99/95/98/96; 
ttag +78 100/100/100/100/100; 
ttag +79 89/86/78/84/82; 
ttag +80 100/100/95/98/97; 
ttag +81 100/100/100/100/100; 
ttag +82 38/11/2/4/9; 
ttag +83 99/98/98/99/98; 
ttag +84 88/85/78/86/83; 
ttag +85 100/100/100/100/98; 
ttag +86 100/100/100/100/99; 
ttag +87 72/57/52/55/58; 
ttag +88 85/79/67/81/71; 
ttag +89 100/100/96/99/98; 
ttag +90 98/97/96/99/92; 
ttag +91 98/98/90/97/97; 
ttag +92 96/95/91/96/90; 
ttag +93 73/55/51/64/52; 
ttag +94 88/86/82/85/81; 
