tread
'Tree with tags' 
(0 (1 ((2 3 )((((4 5 )(6 7 ))(8 9 ))(10 (11 12 ))))(13 14 )((15 16 )(17 (18 (19 ((20 21 )((22 23 )(24 25 )))))))((26 (27 (28 (29 30 ))))((39 (31 (((32 33 )(34 35 ))(36 (37 38 )))))(42 (40 41 )(43 ((44 45 )(46 47 )))))))); 
ttag *!; 
ttag +49 ???; 
ttag +50 7; 
ttag +51 5; 
ttag +52 5; 
ttag +53 7; 
ttag +54 1; 
ttag +55 2; 
ttag +56 4; 
ttag +57 7; 
ttag +58 6; 
ttag +59 9; 
ttag +60 9; 
ttag +61 8; 
ttag +62 4; 
ttag +63 1; 
ttag +64 2; 
ttag +65 1; 
ttag +66 9; 
ttag +67 4; 
ttag +68 11; 
ttag +69 3; 
ttag +70 4; 
ttag +71 5; 
ttag +72 2; 
ttag +73 1; 
ttag +74 4; 
ttag +75 11; 
ttag +76 1; 
ttag +77 1; 
ttag +78 6; 
ttag +79 7; 
ttag +80 2; 
ttag +81 3; 
ttag +82 2; 
ttag +83 18; 
ttag +84 7; 
ttag +85 1; 
ttag +86 5; 
ttag +87 1; 
ttag +88 7; 
ttag +89 1; 
ttag +90 2; 
tread
'Tree with tags' 
(0 ((1 ((15 16 )(17 (18 (19 ((20 21 )((22 23 )(24 25 ))))))))((((2 3 )((((4 5 )(6 7 ))(8 9 ))(10 (11 12 ))))(13 14 ))((26 (27 (28 (29 30 ))))((39 (31 (((32 33 )(34 35 ))(36 (37 38 )))))((42 (40 41 ))(43 ((44 45 )(46 47 ))))))))); 
ttag *!; 
ttag +0 ////; 
ttag +1 ////; 
ttag +2 ////; 
ttag +3 ////; 
ttag +4 ////; 
ttag +5 ////; 
ttag +6 ////; 
ttag +7 ////; 
ttag +8 ////; 
ttag +9 ////; 
ttag +10 ////; 
ttag +11 ////; 
ttag +12 ////; 
ttag +13 ////; 
ttag +14 ////; 
ttag +15 ////; 
ttag +16 ////; 
ttag +17 ////; 
ttag +18 ////; 
ttag +19 ////; 
ttag +20 ////; 
ttag +21 ////; 
ttag +22 ////; 
ttag +23 ////; 
ttag +24 ////; 
ttag +25 ////; 
ttag +26 ////; 
ttag +27 ////; 
ttag +28 ////; 
ttag +29 ////; 
ttag +30 ////; 
ttag +31 ////; 
ttag +32 ////; 
ttag +33 ////; 
ttag +34 ////; 
ttag +35 ////; 
ttag +36 ////; 
ttag +37 ////; 
ttag +38 ////; 
ttag +39 ////; 
ttag +40 ////; 
ttag +41 ////; 
ttag +42 ////; 
ttag +43 ////; 
ttag +44 ////; 
ttag +45 ////; 
ttag +46 ////; 
ttag +47 ////; 
ttag +48 ////; 
ttag +49 12/[34]/?/?/?; 
ttag +50 100/100/100/100/100; 
ttag +51 100/100/100/99/99; 
ttag +52 98/98/87/98/90; 
ttag +53 11/[36]/?/?/?; 
ttag +54 11/[35]/?/?/?; 
ttag +55 98/98/99/97/98; 
ttag +56 98/97/91/98/92; 
ttag +57 52/42/40/46/35; 
ttag +58 79/68/58/67/57; 
ttag +59 90/89/80/92/85; 
ttag +60 97/96/93/98/96; 
ttag +61 94/94/88/96/90; 
ttag +62 100/100/100/100/100; 
ttag +63 100/100/100/100/100; 
ttag +64 100/100/99/99/99; 
ttag +65 81/73/61/80/67; 
ttag +66 59/46/32/24/28; 
ttag +67 68/63/58/57/54; 
ttag +68 51/20/16/26/18; 
ttag +69 100/100/100/100/100; 
ttag +70 93/91/87/91/84; 
ttag +71 100/100/100/100/100; 
ttag +72 88/84/71/88/76; 
ttag +73 91/89/79/86/79; 
ttag +74 98/98/95/97/94; 
ttag +75 83/81/63/78/72; 
ttag +76 53/34/24/37/32; 
ttag +77 85/79/65/80/72; 
ttag +78 100/100/99/99/99; 
ttag +79 68/49/56/52/46; 
ttag +80 62/42/50/41/39; 
ttag +81 93/90/87/95/86; 
ttag +82 98/97/94/98/95; 
ttag +83 74/64/46/65/54; 
ttag +84 86/83/80/91/81; 
ttag +85 78/69/52/68/58; 
ttag +86 100/100/100/100/100; 
ttag +87 96/96/91/98/96; 
ttag +88 68/58/42/54/46; 
ttag +89 8/[34]/?/?/?; 
ttag +90 95/94/87/96/88; 
ttag +91 68/49/63/56/52; 
ttag +92 99/99/95/99/97; 
ttag +93 62/50/45/42/40; 
ttag +94 73/62/55/69/68; 
