tread
'Tree with tags' 
(0 (1 (((((2 3 )(6 7 (4 5 ))(9 (8 (10 (11 12 )))))((15 16 )(17 (18 (19 ((20 21 )((22 23 )(24 25 ))))))))((26 (27 (28 (29 30 ))))(39 ((31 ((32 33 )(34 35 )(36 (37 38 ))))((40 41 )(42 (43 (47 (46 (44 45 ))))))))))(13 14 )))); 
ttag *!; 
ttag +49 ???; 
ttag +50 8; 
ttag +51 1; 
ttag +52 2; 
ttag +53 1; 
ttag +54 1; 
ttag +55 3; 
ttag +56 5; 
ttag +57 1; 
ttag +58 3; 
ttag +59 8; 
ttag +60 8; 
ttag +61 11; 
ttag +62 6; 
ttag +63 3; 
ttag +64 1; 
ttag +65 4; 
ttag +66 4; 
ttag +67 10; 
ttag +68 7; 
ttag +69 10; 
ttag +70 3; 
ttag +71 7; 
ttag +72 11; 
ttag +73 9; 
ttag +74 3; 
ttag +75 3; 
ttag +76 9; 
ttag +77 4; 
ttag +78 1; 
ttag +79 5; 
ttag +80 8; 
ttag +81 7; 
ttag +82 1; 
ttag +83 10; 
ttag +84 6; 
ttag +85 7; 
ttag +86 4; 
ttag +87 5; 
ttag +88 2; 
ttag +89 10; 
ttag +90 1; 
ttag +91 5; 
tread
'Tree with tags' 
(0 (1 ((((((2 3 )(9 (8 (10 (11 12 )))))(6 (7 (4 5 ))))((15 16 )(17 (18 (19 ((20 21 )((22 23 )(24 25 ))))))))((26 (27 (28 (29 30 ))))(39 ((31 ((32 33 )((34 35 )(36 (37 38 )))))((40 41 )(42 (43 (47 (46 (44 45 ))))))))))(13 14 )))); 
ttag *!; 
ttag +0 ////; 
ttag +1 ////; 
ttag +2 ////; 
ttag +3 ////; 
ttag +4 ////; 
ttag +5 ////; 
ttag +6 ////; 
ttag +7 ////; 
ttag +8 ////; 
ttag +9 ////; 
ttag +10 ////; 
ttag +11 ////; 
ttag +12 ////; 
ttag +13 ////; 
ttag +14 ////; 
ttag +15 ////; 
ttag +16 ////; 
ttag +17 ////; 
ttag +18 ////; 
ttag +19 ////; 
ttag +20 ////; 
ttag +21 ////; 
ttag +22 ////; 
ttag +23 ////; 
ttag +24 ////; 
ttag +25 ////; 
ttag +26 ////; 
ttag +27 ////; 
ttag +28 ////; 
ttag +29 ////; 
ttag +30 ////; 
ttag +31 ////; 
ttag +32 ////; 
ttag +33 ////; 
ttag +34 ////; 
ttag +35 ////; 
ttag +36 ////; 
ttag +37 ////; 
ttag +38 ////; 
ttag +39 ////; 
ttag +40 ////; 
ttag +41 ////; 
ttag +42 ////; 
ttag +43 ////; 
ttag +44 ////; 
ttag +45 ////; 
ttag +46 ////; 
ttag +47 ////; 
ttag +48 ////; 
ttag +49 100/100/100/100/100; 
ttag +50 100/100/99/100/100; 
ttag +51 36/10/3/10/5; 
ttag +52 64/53/40/50/46; 
ttag +53 73/71/52/72/59; 
ttag +54 47/42/32/49/33; 
ttag +55 30/22/21/26/14; 
ttag +56 90/89/82/89/86; 
ttag +57 35/9/5/14/10; 
ttag +58 97/96/92/98/92; 
ttag +59 56/44/39/49/42; 
ttag +60 80/75/58/71/57; 
ttag +61 98/98/96/98/92; 
ttag +62 98/98/96/99/96; 
ttag +63 100/100/100/100/100; 
ttag +64 99/99/94/97/93; 
ttag +65 87/85/77/88/70; 
ttag +66 38/24/18/29/10; 
ttag +67 96/95/92/97/90; 
ttag +68 98/97/93/95/84; 
ttag +69 100/100/100/100/100; 
ttag +70 99/99/94/98/93; 
ttag +71 100/100/99/100/100; 
ttag +72 82/72/62/69/67; 
ttag +73 100/100/99/100/98; 
ttag +74 100/100/98/100/99; 
ttag +75 97/96/87/96/87; 
ttag +76 91/90/76/87/82; 
ttag +77 89/86/81/85/75; 
ttag +78 100/100/100/100/99; 
ttag +79 97/97/95/98/95; 
ttag +80 60/59/50/61/56; 
ttag +81 89/85/82/92/83; 
ttag +82 100/100/98/100/100; 
ttag +83 98/97/91/98/94; 
ttag +84 69/57/39/51/40; 
ttag +85 28/[12]/?/?/?; 
ttag +86 100/100/100/100/100; 
ttag +87 98/98/96/99/97; 
ttag +88 96/96/92/94/90; 
ttag +89 88/86/74/88/80; 
ttag +90 94/94/85/91/80; 
ttag +91 68/56/37/53/42; 
ttag +92 100/100/99/100/100; 
ttag +93 42/18/?/20/6; 
ttag +94 94/92/85/96/89; 
