tread
'Tree with tags' 
(0 (1 ((2 3 )(((4 5 )(6 7 ))((8 9 )(10 (11 12 )))))(((13 14 )((15 16 )(17 (18 (19 ((20 21 )((22 23 )(24 25 ))))))))((26 (27 (28 (29 30 ))))((31 ((32 33 )((34 35 )(36 (37 38 )))))(39 (40 41 (42 (43 ((44 45 )(46 47 ))))))))))); 
ttag *!; 
ttag +49 ???; 
ttag +50 5; 
ttag +51 9; 
ttag +52 5; 
ttag +53 7; 
ttag +54 3; 
ttag +55 5; 
ttag +56 4; 
ttag +57 1; 
ttag +58 7; 
ttag +59 6; 
ttag +60 13; 
ttag +61 1; 
ttag +62 1; 
ttag +63 14; 
ttag +64 7; 
ttag +65 7; 
ttag +66 5; 
ttag +67 2; 
ttag +68 8; 
ttag +69 4; 
ttag +70 6; 
ttag +71 6; 
ttag +72 6; 
ttag +73 8; 
ttag +74 5; 
ttag +75 1; 
ttag +76 4; 
ttag +77 4; 
ttag +78 8; 
ttag +79 5; 
ttag +80 6; 
ttag +81 4; 
ttag +82 7; 
ttag +83 1; 
ttag +84 5; 
ttag +85 7; 
ttag +86 3; 
ttag +87 6; 
ttag +88 12; 
ttag +89 4; 
ttag +90 5; 
ttag +91 3; 
ttag +92 7; 
tread
'Tree with tags' 
(0 (1 (((2 3 )(((4 5 )(6 7 ))((8 9 )(10 (11 12 )))))(((13 14 )((15 16 )(17 (18 (19 ((20 21 )((22 23 )(24 25 ))))))))((26 (27 (28 (29 30 ))))((31 ((32 33 )((34 35 )(36 (37 38 )))))(39 (41 (40 (42 (43 ((44 45 )(46 47 ))))))))))))); 
ttag *!; 
ttag +0 ////; 
ttag +1 ////; 
ttag +2 ////; 
ttag +3 ////; 
ttag +4 ////; 
ttag +5 ////; 
ttag +6 ////; 
ttag +7 ////; 
ttag +8 ////; 
ttag +9 ////; 
ttag +10 ////; 
ttag +11 ////; 
ttag +12 ////; 
ttag +13 ////; 
ttag +14 ////; 
ttag +15 ////; 
ttag +16 ////; 
ttag +17 ////; 
ttag +18 ////; 
ttag +19 ////; 
ttag +20 ////; 
ttag +21 ////; 
ttag +22 ////; 
ttag +23 ////; 
ttag +24 ////; 
ttag +25 ////; 
ttag +26 ////; 
ttag +27 ////; 
ttag +28 ////; 
ttag +29 ////; 
ttag +30 ////; 
ttag +31 ////; 
ttag +32 ////; 
ttag +33 ////; 
ttag +34 ////; 
ttag +35 ////; 
ttag +36 ////; 
ttag +37 ////; 
ttag +38 ////; 
ttag +39 ////; 
ttag +40 ////; 
ttag +41 ////; 
ttag +42 ////; 
ttag +43 ////; 
ttag +44 ////; 
ttag +45 ////; 
ttag +46 ////; 
ttag +47 ////; 
ttag +48 ////; 
ttag +49 100/100/100/100/100; 
ttag +50 96/95/94/94/90; 
ttag +51 100/100/99/100/99; 
ttag +52 25/[11]/?/?/?; 
ttag +53 92/89/81/92/78; 
ttag +54 99/99/96/99/95; 
ttag +55 82/73/60/80/64; 
ttag +56 96/94/87/92/87; 
ttag +57 93/92/80/90/82; 
ttag +58 63/51/37/52/43; 
ttag +59 99/99/92/99/97; 
ttag +60 100/100/100/100/100; 
ttag +61 100/100/100/100/100; 
ttag +62 50/40/32/40/34; 
ttag +63 61/49/37/38/36; 
ttag +64 100/100/100/100/100; 
ttag +65 99/99/98/99/100; 
ttag +66 98/98/97/99/94; 
ttag +67 98/98/96/97/95; 
ttag +68 70/64/52/71/58; 
ttag +69 100/100/100/99/100; 
ttag +70 94/93/94/95/92; 
ttag +71 99/99/95/99/95; 
ttag +72 98/98/95/97/94; 
ttag +73 98/97/88/98/92; 
ttag +74 97/96/96/98/96; 
ttag +75 98/98/96/97/93; 
ttag +76 50/25/26/32/32; 
ttag +77 98/97/94/96/95; 
ttag +78 90/85/86/95/86; 
ttag +79 100/100/97/99/98; 
ttag +80 97/96/92/97/93; 
ttag +81 100/100/100/100/99; 
ttag +82 97/97/94/97/95; 
ttag +83 99/99/100/100/100; 
ttag +84 60/41/38/51/46; 
ttag +85 96/95/91/97/90; 
ttag +86 99/98/97/98/97; 
ttag +87 95/94/91/95/92; 
ttag +88 36/6/?/7/0; 
ttag +89 98/98/96/99/96; 
ttag +90 100/100/100/100/100; 
ttag +91 97/96/95/98/94; 
ttag +92 98/98/96/98/98; 
ttag +93 78/66/54/68/58; 
ttag +94 99/99/96/99/97; 
