tread
'Tree with tags' 
(0 ((1 ((2 3 )(9 (((4 5 )(6 7 ))(8 (10 (11 12 )))))))(((13 14 )(17 (15 16 )(18 (19 ((20 21 )((22 23 )(24 25 )))))))((26 (27 (28 (29 30 ))))((31 39 ((40 41 )(42 (43 ((44 45 )(46 47 ))))))((32 33 )(34 35 )(36 (37 38 )))))))); 
ttag *!; 
ttag +49 1; 
ttag +50 ???; 
ttag +51 2; 
ttag +52 6; 
ttag +53 9; 
ttag +54 6; 
ttag +55 1; 
ttag +56 2; 
ttag +57 5; 
ttag +58 1; 
ttag +59 5; 
ttag +60 6; 
ttag +61 7; 
ttag +62 2; 
ttag +63 2; 
ttag +64 9; 
ttag +65 8; 
ttag +66 1; 
ttag +67 1; 
ttag +68 7; 
ttag +69 4; 
ttag +70 8; 
ttag +71 3; 
ttag +72 9; 
ttag +73 5; 
ttag +74 7; 
ttag +75 3; 
ttag +76 3; 
ttag +77 9; 
ttag +78 2; 
ttag +79 9; 
ttag +80 3; 
ttag +81 4; 
ttag +82 2; 
ttag +83 4; 
ttag +84 5; 
ttag +85 2; 
ttag +86 6; 
ttag +87 5; 
ttag +88 2; 
ttag +89 7; 
ttag +90 6; 
ttag +91 3; 
tread
'Tree with tags' 
(0 ((1 ((2 3 )(9 (((4 5 )(6 7 ))(8 (10 (11 12 )))))))(((13 14 )((15 16 )(17 (18 (19 ((20 21 )((22 23 )(24 25 ))))))))((26 (27 (28 (29 30 ))))((31 (39 ((40 41 )(42 (43 ((44 45 )(46 47 )))))))(((32 33 )(36 (37 38 )))(34 35 ))))))); 
ttag *!; 
ttag +0 ////; 
ttag +1 ////; 
ttag +2 ////; 
ttag +3 ////; 
ttag +4 ////; 
ttag +5 ////; 
ttag +6 ////; 
ttag +7 ////; 
ttag +8 ////; 
ttag +9 ////; 
ttag +10 ////; 
ttag +11 ////; 
ttag +12 ////; 
ttag +13 ////; 
ttag +14 ////; 
ttag +15 ////; 
ttag +16 ////; 
ttag +17 ////; 
ttag +18 ////; 
ttag +19 ////; 
ttag +20 ////; 
ttag +21 ////; 
ttag +22 ////; 
ttag +23 ////; 
ttag +24 ////; 
ttag +25 ////; 
ttag +26 ////; 
ttag +27 ////; 
ttag +28 ////; 
ttag +29 ////; 
ttag +30 ////; 
ttag +31 ////; 
ttag +32 ////; 
ttag +33 ////; 
ttag +34 ////; 
ttag +35 ////; 
ttag +36 ////; 
ttag +37 ////; 
ttag +38 ////; 
ttag +39 ////; 
ttag +40 ////; 
ttag +41 ////; 
ttag +42 ////; 
ttag +43 ////; 
ttag +44 ////; 
ttag +45 ////; 
ttag +46 ////; 
ttag +47 ////; 
ttag +48 ////; 
ttag +49 38/24/20/23/10; 
ttag +50 100/100/100/100/100; 
ttag +51 73/66/64/68/58; 
ttag +52 98/97/94/97/95; 
ttag +53 100/100/99/100/98; 
ttag +54 97/96/95/98/96; 
ttag +55 10/[6]/?/?/?; 
ttag +56 70/54/40/48/38; 
ttag +57 98/98/96/97/98; 
ttag +58 6/[8]/?/?/?; 
ttag +59 92/91/84/94/81; 
ttag +60 99/98/97/99/95; 
ttag +61 100/100/98/100/99; 
ttag +62 82/71/66/62/58; 
ttag +63 67/55/51/57/53; 
ttag +64 100/100/100/100/100; 
ttag +65 99/99/97/98/98; 
ttag +66 46/16/16/6/12; 
ttag +67 65/48/50/50/47; 
ttag +68 62/49/40/63/49; 
ttag +69 100/100/99/99/100; 
ttag +70 96/94/89/94/86; 
ttag +71 100/100/98/99/99; 
ttag +72 87/83/65/83/68; 
ttag +73 99/99/99/100/99; 
ttag +74 99/99/99/98/98; 
ttag +75 98/97/95/98/97; 
ttag +76 90/86/86/92/82; 
ttag +77 92/91/84/92/91; 
ttag +78 100/100/100/100/100; 
ttag +79 69/56/50/70/64; 
ttag +80 99/99/96/99/97; 
ttag +81 79/74/77/82/70; 
ttag +82 0/[19]/?/?/?; 
ttag +83 90/86/82/92/83; 
ttag +84 84/82/75/78/73; 
ttag +85 94/91/87/94/87; 
ttag +86 98/97/95/97/93; 
ttag +87 30/4/4/12/10; 
ttag +88 91/88/81/82/76; 
ttag +89 97/96/90/96/89; 
ttag +90 94/92/88/96/90; 
ttag +91 76/66/66/73/59; 
ttag +92 99/98/97/99/98; 
ttag +93 95/94/89/98/89; 
ttag +94 85/78/81/84/75; 
