tread
'Tree with tags' 
(0 ((1 ((2 3 )(((4 5 )(6 7 ))((8 9 )(10 (11 12 ))))))(13 14 )(17 (15 16 )(18 (19 ((20 21 )((22 23 )(24 25 ))))))((27 (26 (28 (29 30 ))))((39 (31 (34 35 (32 33 )(36 (37 38 )))))((40 41 )(42 43 (47 (46 (44 45 ))))))))); 
ttag *!; 
ttag +49 4; 
ttag +50 ???; 
ttag +51 3; 
ttag +52 10; 
ttag +53 5; 
ttag +54 10; 
ttag +55 4; 
ttag +56 2; 
ttag +57 1; 
ttag +58 2; 
ttag +59 5; 
ttag +60 15; 
ttag +61 2; 
ttag +62 9; 
ttag +63 2; 
ttag +64 4; 
ttag +65 2; 
ttag +66 6; 
ttag +67 10; 
ttag +68 9; 
ttag +69 7; 
ttag +70 4; 
ttag +71 1; 
ttag +72 6; 
ttag +73 2; 
ttag +74 3; 
ttag +75 4; 
ttag +76 6; 
ttag +77 1; 
ttag +78 6; 
ttag +79 9; 
ttag +80 3; 
ttag +81 9; 
ttag +82 7; 
ttag +83 4; 
ttag +84 5; 
ttag +85 3; 
ttag +86 7; 
ttag +87 1; 
ttag +88 3; 
tread
'Tree with tags' 
(0 ((1 ((2 3 )(((4 5 )(6 7 ))((8 9 )(10 (11 12 ))))))(((13 14 )((27 (26 (28 (29 30 ))))((39 (31 ((32 33 )((34 35 )(36 (37 38 ))))))((40 41 )(42 (43 (47 (46 (44 45 )))))))))((15 16 )(17 (18 (19 ((20 21 )((22 23 )(24 25 )))))))))); 
ttag *!; 
ttag +0 ////; 
ttag +1 ////; 
ttag +2 ////; 
ttag +3 ////; 
ttag +4 ////; 
ttag +5 ////; 
ttag +6 ////; 
ttag +7 ////; 
ttag +8 ////; 
ttag +9 ////; 
ttag +10 ////; 
ttag +11 ////; 
ttag +12 ////; 
ttag +13 ////; 
ttag +14 ////; 
ttag +15 ////; 
ttag +16 ////; 
ttag +17 ////; 
ttag +18 ////; 
ttag +19 ////; 
ttag +20 ////; 
ttag +21 ////; 
ttag +22 ////; 
ttag +23 ////; 
ttag +24 ////; 
ttag +25 ////; 
ttag +26 ////; 
ttag +27 ////; 
ttag +28 ////; 
ttag +29 ////; 
ttag +30 ////; 
ttag +31 ////; 
ttag +32 ////; 
ttag +33 ////; 
ttag +34 ////; 
ttag +35 ////; 
ttag +36 ////; 
ttag +37 ////; 
ttag +38 ////; 
ttag +39 ////; 
ttag +40 ////; 
ttag +41 ////; 
ttag +42 ////; 
ttag +43 ////; 
ttag +44 ////; 
ttag +45 ////; 
ttag +46 ////; 
ttag +47 ////; 
ttag +48 ////; 
ttag +49 95/94/87/96/82; 
ttag +50 100/100/100/100/100; 
ttag +51 93/89/86/87/80; 
ttag +52 99/99/99/100/99; 
ttag +53 97/96/90/98/93; 
ttag +54 100/100/100/100/99; 
ttag +55 94/92/83/95/83; 
ttag +56 77/68/58/70/56; 
ttag +57 60/46/49/49/43; 
ttag +58 74/64/56/65/58; 
ttag +59 93/90/84/94/83; 
ttag +60 100/100/100/100/100; 
ttag +61 88/85/87/86/86; 
ttag +62 24/[1]/?/?/?; 
ttag +63 41/18/8/22/6; 
ttag +64 100/100/100/100/99; 
ttag +65 78/72/66/75/54; 
ttag +66 37/[1]/?/?/?; 
ttag +67 96/95/88/93/90; 
ttag +68 88/86/74/86/80; 
ttag +69 98/98/97/97/98; 
ttag +70 99/98/99/99/97; 
ttag +71 100/100/97/100/100; 
ttag +72 100/100/96/98/98; 
ttag +73 94/90/81/88/83; 
ttag +74 55/30/27/33/26; 
ttag +75 97/96/96/98/95; 
ttag +76 83/78/59/74/65; 
ttag +77 83/80/77/85/70; 
ttag +78 96/95/89/96/90; 
ttag +79 98/98/98/99/99; 
ttag +80 55/54/56/56/46; 
ttag +81 98/98/95/99/98; 
ttag +82 100/100/99/100/100; 
ttag +83 94/94/92/88/92; 
ttag +84 6/[10]/?/?/?; 
ttag +85 22/6/6/?/?; 
ttag +86 99/99/99/99/98; 
ttag +87 98/98/96/98/96; 
ttag +88 90/88/84/90/78; 
ttag +89 97/96/88/95/90; 
ttag +90 87/83/79/82/72; 
ttag +91 44/16/5/3/6; 
ttag +92 99/99/97/98/97; 
ttag +93 40/19/14/26/22; 
ttag +94 81/73/70/77/70; 
