tread
'Tree with tags' 
(0 (1 ((2 3 )(((6 7 (4 5 ))(8 9 ))(10 (11 12 ))))(13 14 )((15 16 )(17 (18 (19 ((20 21 )((22 23 )(24 25 )))))))((26 (27 (28 (29 30 ))))((31 ((32 33 )((34 35 )(36 (37 38 )))))(39 ((40 41 )(42 (43 ((44 45 )(46 47 )))))))))); 
ttag *!; 
ttag +49 ???; 
ttag +50 8; 
ttag +51 4; 
ttag +52 6; 
ttag +53 7; 
ttag +54 1; 
ttag +55 4; 
ttag +56 1; 
ttag +57 3; 
ttag +58 10; 
ttag +59 8; 
ttag +60 6; 
ttag +61 6; 
ttag +62 1; 
ttag +63 3; 
ttag +64 2; 
ttag +65 9; 
ttag +66 6; 
ttag +67 1; 
ttag +68 3; 
ttag +69 1; 
ttag +70 7; 
ttag +71 4; 
ttag +72 4; 
ttag +73 8; 
ttag +74 6; 
ttag +75 5; 
ttag +76 6; 
ttag +77 4; 
ttag +78 6; 
ttag +79 3; 
ttag +80 2; 
ttag +81 11; 
ttag +82 7; 
ttag +83 1; 
ttag +84 5; 
ttag +85 5; 
ttag +86 9; 
ttag +87 7; 
ttag +88 12; 
ttag +89 3; 
ttag +90 3; 
tread
'Tree with tags' 
(0 (1 ((2 3 )(((6 7 (4 5 ))(8 9 ))(10 (11 12 ))))(13 14 )((15 16 )(17 (18 (19 ((20 21 )((22 23 )(24 25 )))))))((26 (27 (28 (29 30 ))))((31 ((32 33 )((34 35 )(36 (37 38 )))))(39 ((40 41 )(42 (43 ((44 45 )(46 47 )))))))))); 
ttag *!; 
ttag +0 ////; 
ttag +1 ////; 
ttag +2 ////; 
ttag +3 ////; 
ttag +4 ////; 
ttag +5 ////; 
ttag +6 ////; 
ttag +7 ////; 
ttag +8 ////; 
ttag +9 ////; 
ttag +10 ////; 
ttag +11 ////; 
ttag +12 ////; 
ttag +13 ////; 
ttag +14 ////; 
ttag +15 ////; 
ttag +16 ////; 
ttag +17 ////; 
ttag +18 ////; 
ttag +19 ////; 
ttag +20 ////; 
ttag +21 ////; 
ttag +22 ////; 
ttag +23 ////; 
ttag +24 ////; 
ttag +25 ////; 
ttag +26 ////; 
ttag +27 ////; 
ttag +28 ////; 
ttag +29 ////; 
ttag +30 ////; 
ttag +31 ////; 
ttag +32 ////; 
ttag +33 ////; 
ttag +34 ////; 
ttag +35 ////; 
ttag +36 ////; 
ttag +37 ////; 
ttag +38 ////; 
ttag +39 ////; 
ttag +40 ////; 
ttag +41 ////; 
ttag +42 ////; 
ttag +43 ////; 
ttag +44 ////; 
ttag +45 ////; 
ttag +46 ////; 
ttag +47 ////; 
ttag +48 ////; 
ttag +49 100/100/100/100/100; 
ttag +50 99/99/100/99/98; 
ttag +51 92/86/75/88/80; 
ttag +52 99/99/96/99/96; 
ttag +53 100/100/93/100/98; 
ttag +54 45/25/19/33/31; 
ttag +55 93/92/82/93/85; 
ttag +56 38/19/22/26/24; 
ttag +57 86/82/65/88/75; 
ttag +58 99/99/100/100/100; 
ttag +59 100/100/99/99/98; 
ttag +60 100/100/98/100/99; 
ttag +61 96/95/91/96/92; 
ttag +62 62/43/37/38/31; 
ttag +63 79/70/57/68/56; 
ttag +64 67/58/38/52/38; 
ttag +65 100/100/100/100/100; 
ttag +66 96/95/80/92/89; 
ttag +67 63/48/47/47/46; 
ttag +68 87/84/83/82/82; 
ttag +69 68/55/47/43/46; 
ttag +70 99/99/98/99/99; 
ttag +71 82/79/73/84/65; 
ttag +72 89/85/78/92/80; 
ttag +73 100/100/99/100/100; 
ttag +74 97/96/96/99/94; 
ttag +75 96/96/82/95/88; 
ttag +76 97/96/83/95/85; 
ttag +77 97/96/90/98/86; 
ttag +78 98/97/90/98/90; 
ttag +79 95/95/96/97/98; 
ttag +80 67/51/49/61/38; 
ttag +81 100/100/98/100/99; 
ttag +82 98/97/96/100/96; 
ttag +83 48/32/13/43/5; 
ttag +84 98/97/95/98/97; 
ttag +85 87/84/70/88/67; 
ttag +86 98/98/96/100/93; 
ttag +87 98/97/98/100/94; 
ttag +88 100/100/98/100/98; 
ttag +89 88/82/73/85/72; 
ttag +90 92/92/86/89/79; 
