tread
'Tree with tags' 
(0 ((1 (17 (15 16 )((18 19 )((20 21 )((22 23 )(24 25 ))))))(((2 3 )(((4 5 )(6 7 ))(8 9 (10 (11 12 )))))((13 14 )((27 (26 (28 (29 30 ))))((39 (31 ((32 33 )(34 35 )(36 (37 38 )))))((40 41 )(42 (43 ((44 45 )(46 47 ))))))))))); 
ttag *!; 
ttag +49 1; 
ttag +50 ???; 
ttag +51 8; 
ttag +52 8; 
ttag +53 1; 
ttag +54 2; 
ttag +55 6; 
ttag +56 6; 
ttag +57 4; 
ttag +58 1; 
ttag +59 4; 
ttag +60 9; 
ttag +61 7; 
ttag +62 2; 
ttag +63 18; 
ttag +64 5; 
ttag +65 1; 
ttag +66 4; 
ttag +67 7; 
ttag +68 7; 
ttag +69 8; 
ttag +70 6; 
ttag +71 4; 
ttag +72 3; 
ttag +73 10; 
ttag +74 8; 
ttag +75 6; 
ttag +76 12; 
ttag +77 5; 
ttag +78 3; 
ttag +79 4; 
ttag +80 6; 
ttag +81 1; 
ttag +82 3; 
ttag +83 8; 
ttag +84 7; 
ttag +85 1; 
ttag +86 5; 
ttag +87 5; 
ttag +88 3; 
ttag +89 15; 
ttag +90 6; 
ttag +91 2; 
tread
'Tree with tags' 
(0 ((1 ((15 16 )(17 ((18 19 )((20 21 )((22 23 )(24 25 )))))))(((2 3 )(((4 5 )(6 7 ))(9 (8 (10 (11 12 ))))))((13 14 )((27 (26 (28 (29 30 ))))((39 (31 ((32 33 )((34 35 )(36 (37 38 ))))))((40 41 )(42 (43 ((44 45 )(46 47 ))))))))))); 
ttag *!; 
ttag +0 ////; 
ttag +1 ////; 
ttag +2 ////; 
ttag +3 ////; 
ttag +4 ////; 
ttag +5 ////; 
ttag +6 ////; 
ttag +7 ////; 
ttag +8 ////; 
ttag +9 ////; 
ttag +10 ////; 
ttag +11 ////; 
ttag +12 ////; 
ttag +13 ////; 
ttag +14 ////; 
ttag +15 ////; 
ttag +16 ////; 
ttag +17 ////; 
ttag +18 ////; 
ttag +19 ////; 
ttag +20 ////; 
ttag +21 ////; 
ttag +22 ////; 
ttag +23 ////; 
ttag +24 ////; 
ttag +25 ////; 
ttag +26 ////; 
ttag +27 ////; 
ttag +28 ////; 
ttag +29 ////; 
ttag +30 ////; 
ttag +31 ////; 
ttag +32 ////; 
ttag +33 ////; 
ttag +34 ////; 
ttag +35 ////; 
ttag +36 ////; 
ttag +37 ////; 
ttag +38 ////; 
ttag +39 ////; 
ttag +40 ////; 
ttag +41 ////; 
ttag +42 ////; 
ttag +43 ////; 
ttag +44 ////; 
ttag +45 ////; 
ttag +46 ////; 
ttag +47 ////; 
ttag +48 ////; 
ttag +49 16/0/?/6/?; 
ttag +50 100/100/100/100/100; 
ttag +51 99/98/99/99/99; 
ttag +52 98/98/96/100/95; 
ttag +53 21/4/?/5/?; 
ttag +54 89/86/70/80/72; 
ttag +55 98/98/97/97/96; 
ttag +56 93/90/86/96/87; 
ttag +57 98/98/94/96/92; 
ttag +58 27/[25]/?/?/?; 
ttag +59 46/26/24/23/15; 
ttag +60 93/90/78/90/80; 
ttag +61 100/100/100/100/100; 
ttag +62 100/100/96/99/97; 
ttag +63 62/54/48/63/49; 
ttag +64 100/100/100/100/100; 
ttag +65 92/90/85/94/82; 
ttag +66 27/[5]/?/?/?; 
ttag +67 47/31/25/25/31; 
ttag +68 92/88/77/87/75; 
ttag +69 100/100/98/99/98; 
ttag +70 95/94/90/97/88; 
ttag +71 100/100/99/100/98; 
ttag +72 97/96/94/96/93; 
ttag +73 94/92/88/94/91; 
ttag +74 86/82/71/80/78; 
ttag +75 98/97/96/100/99; 
ttag +76 98/97/94/98/94; 
ttag +77 98/98/97/98/98; 
ttag +78 100/100/100/100/100; 
ttag +79 98/98/91/98/95; 
ttag +80 93/92/84/91/80; 
ttag +81 93/92/88/92/82; 
ttag +82 99/98/98/98/98; 
ttag +83 71/60/67/70/68; 
ttag +84 90/87/72/89/85; 
ttag +85 40/6/12/6/20; 
ttag +86 100/100/99/99/100; 
ttag +87 99/99/96/99/92; 
ttag +88 48/26/27/36/36; 
ttag +89 92/90/80/88/82; 
ttag +90 97/96/94/97/92; 
ttag +91 86/81/70/78/80; 
ttag +92 100/100/100/100/100; 
ttag +93 97/96/94/97/94; 
ttag +94 81/73/68/79/70; 
