tread
'Tree with tags' 
(0 (1 ((2 3 )(((4 5 )(6 7 ))(8 9 (10 (11 12 )))))(13 14 )((15 16 )(17 (18 (19 ((20 21 )((22 23 )(24 25 )))))))((26 (27 (28 29 30 )))(39 (31 (((32 33 )(36 (37 38 )))(34 35 )))((40 41 )(42 (43 ((44 45 )(46 47 ))))))))); 
ttag *!; 
ttag +49 ???; 
ttag +50 6; 
ttag +51 4; 
ttag +52 6; 
ttag +53 5; 
ttag +54 2; 
ttag +55 2; 
ttag +56 4; 
ttag +57 5; 
ttag +58 9; 
ttag +59 5; 
ttag +60 14; 
ttag +61 5; 
ttag +62 3; 
ttag +63 2; 
ttag +64 2; 
ttag +65 8; 
ttag +66 6; 
ttag +67 9; 
ttag +68 5; 
ttag +69 6; 
ttag +70 5; 
ttag +71 5; 
ttag +72 1; 
ttag +73 2; 
ttag +74 3; 
ttag +75 4; 
ttag +76 4; 
ttag +77 1; 
ttag +78 4; 
ttag +79 5; 
ttag +80 7; 
ttag +81 5; 
ttag +82 1; 
ttag +83 4; 
ttag +84 10; 
ttag +85 2; 
ttag +86 11; 
ttag +87 5; 
ttag +88 3; 
tread
'Tree with tags' 
(0 ((1 ((2 3 )(((4 5 )(6 7 ))(8 (9 (10 (11 12 )))))))(((13 14 )((15 16 )(17 (18 (19 ((20 21 )((22 23 )(24 25 ))))))))((26 (27 (30 (28 29 ))))((31 (((32 33 )(36 (37 38 )))(34 35 )))(39 ((40 41 )(42 (43 ((44 45 )(46 47 ))))))))))); 
ttag *!; 
ttag +0 ////; 
ttag +1 ////; 
ttag +2 ////; 
ttag +3 ////; 
ttag +4 ////; 
ttag +5 ////; 
ttag +6 ////; 
ttag +7 ////; 
ttag +8 ////; 
ttag +9 ////; 
ttag +10 ////; 
ttag +11 ////; 
ttag +12 ////; 
ttag +13 ////; 
ttag +14 ////; 
ttag +15 ////; 
ttag +16 ////; 
ttag +17 ////; 
ttag +18 ////; 
ttag +19 ////; 
ttag +20 ////; 
ttag +21 ////; 
ttag +22 ////; 
ttag +23 ////; 
ttag +24 ////; 
ttag +25 ////; 
ttag +26 ////; 
ttag +27 ////; 
ttag +28 ////; 
ttag +29 ////; 
ttag +30 ////; 
ttag +31 ////; 
ttag +32 ////; 
ttag +33 ////; 
ttag +34 ////; 
ttag +35 ////; 
ttag +36 ////; 
ttag +37 ////; 
ttag +38 ////; 
ttag +39 ////; 
ttag +40 ////; 
ttag +41 ////; 
ttag +42 ////; 
ttag +43 ////; 
ttag +44 ////; 
ttag +45 ////; 
ttag +46 ////; 
ttag +47 ////; 
ttag +48 ////; 
ttag +49 21/10/1/10/10; 
ttag +50 100/100/100/100/100; 
ttag +51 99/99/96/99/98; 
ttag +52 91/89/83/96/89; 
ttag +53 98/98/96/96/97; 
ttag +54 96/95/84/97/92; 
ttag +55 65/60/44/55/50; 
ttag +56 76/65/50/64/55; 
ttag +57 94/93/90/94/86; 
ttag +58 36/8/8/11/6; 
ttag +59 96/95/90/97/87; 
ttag +60 100/100/100/100/100; 
ttag +61 97/95/95/100/92; 
ttag +62 36/17/16/11/10; 
ttag +63 34/18/10/22/12; 
ttag +64 100/100/100/100/100; 
ttag +65 95/93/88/96/95; 
ttag +66 77/71/65/85/71; 
ttag +67 77/72/48/66/50; 
ttag +68 75/72/66/72/62; 
ttag +69 100/100/100/100/100; 
ttag +70 98/98/94/98/91; 
ttag +71 99/98/98/99/97; 
ttag +72 98/98/95/98/92; 
ttag +73 98/98/92/99/93; 
ttag +74 94/93/78/91/78; 
ttag +75 99/98/94/99/95; 
ttag +76 64/46/36/46/36; 
ttag +77 15/[32]/?/?/?; 
ttag +78 85/78/69/75/66; 
ttag +79 87/85/72/90/77; 
ttag +80 96/95/94/96/90; 
ttag +81 92/91/95/97/91; 
ttag +82 57/41/26/49/28; 
ttag +83 84/82/70/92/75; 
ttag +84 98/98/95/98/95; 
ttag +85 99/99/97/99/97; 
ttag +86 96/96/88/99/92; 
ttag +87 36/13/15/13/15; 
ttag +88 62/47/43/56/46; 
ttag +89 92/90/86/93/78; 
ttag +90 100/100/100/100/100; 
ttag +91 72/63/53/74/54; 
ttag +92 100/100/100/100/100; 
ttag +93 93/90/83/91/82; 
ttag +94 95/95/96/95/92; 
