tread
'Tree with tags' 
(0 (1 ((2 3 )(((4 5 )(6 7 ))(8 9 )(10 (11 12 ))))(13 14 )((17 (15 16 )(18 (19 ((20 21 )((22 23 )(24 25 ))))))((26 (27 (28 (29 30 ))))(39 (31 (((32 33 )(34 35 ))(36 (37 38 ))))(40 41 (42 (43 ((44 45 )(46 47 )))))))))); 
ttag *!; 
ttag +49 ???; 
ttag +50 8; 
ttag +51 8; 
ttag +52 4; 
ttag +53 10; 
ttag +54 1; 
ttag +55 1; 
ttag +56 1; 
ttag +57 1; 
ttag +58 6; 
ttag +59 10; 
ttag +60 9; 
ttag +61 2; 
ttag +62 1; 
ttag +63 7; 
ttag +64 3; 
ttag +65 7; 
ttag +66 6; 
ttag +67 3; 
ttag +68 3; 
ttag +69 2; 
ttag +70 9; 
ttag +71 5; 
ttag +72 2; 
ttag +73 2; 
ttag +74 9; 
ttag +75 4; 
ttag +76 3; 
ttag +77 9; 
ttag +78 1; 
ttag +79 3; 
ttag +80 1; 
ttag +81 10; 
ttag +82 6; 
ttag +83 7; 
ttag +84 9; 
ttag +85 1; 
ttag +86 7; 
ttag +87 7; 
ttag +88 3; 
tread
'Tree with tags' 
(0 (((1 ((2 3 )(((4 5 )(6 7 ))((8 9 )(10 (11 12 ))))))(13 14 ))((17 ((15 16 )(18 (19 ((20 21 )((22 23 )(24 25 )))))))((26 (27 (28 (29 30 ))))((31 (((32 33 )(34 35 ))(36 (37 38 ))))(39 (40 (41 (42 (43 ((44 45 )(46 47 )))))))))))); 
ttag *!; 
ttag +0 ////; 
ttag +1 ////; 
ttag +2 ////; 
ttag +3 ////; 
ttag +4 ////; 
ttag +5 ////; 
ttag +6 ////; 
ttag +7 ////; 
ttag +8 ////; 
ttag +9 ////; 
ttag +10 ////; 
ttag +11 ////; 
ttag +12 ////; 
ttag +13 ////; 
ttag +14 ////; 
ttag +15 ////; 
ttag +16 ////; 
ttag +17 ////; 
ttag +18 ////; 
ttag +19 ////; 
ttag +20 ////; 
ttag +21 ////; 
ttag +22 ////; 
ttag +23 ////; 
ttag +24 ////; 
ttag +25 ////; 
ttag +26 ////; 
ttag +27 ////; 
ttag +28 ////; 
ttag +29 ////; 
ttag +30 ////; 
ttag +31 ////; 
ttag +32 ////; 
ttag +33 ////; 
ttag +34 ////; 
ttag +35 ////; 
ttag +36 ////; 
ttag +37 ////; 
ttag +38 ////; 
ttag +39 ////; 
ttag +40 ////; 
ttag +41 ////; 
ttag +42 ////; 
ttag +43 ////; 
ttag +44 ////; 
ttag +45 ////; 
ttag +46 ////; 
ttag +47 ////; 
ttag +48 ////; 
ttag +49 26/1/2/?/?; 
ttag +50 18/[6]/?/?/?; 
ttag +51 100/100/100/100/100; 
ttag +52 100/100/100/100/100; 
ttag +53 99/99/98/99/97; 
ttag +54 86/79/68/88/74; 
ttag +55 100/100/100/100/99; 
ttag +56 37/13/?/22/?; 
ttag +57 70/57/56/57/52; 
ttag +58 66/52/41/58/45; 
ttag +59 27/7/2/12/2; 
ttag +60 69/60/50/62/46; 
ttag +61 98/98/96/99/98; 
ttag +62 100/100/98/100/100; 
ttag +63 100/100/99/100/98; 
ttag +64 16/[34]/?/?/?; 
ttag +65 64/46/38/42/27; 
ttag +66 42/31/27/34/38; 
ttag +67 97/96/95/98/97; 
ttag +68 71/55/53/58/40; 
ttag +69 100/100/100/100/100; 
ttag +70 94/94/89/94/88; 
ttag +71 83/75/82/77/70; 
ttag +72 81/71/59/75/66; 
ttag +73 73/62/66/71/64; 
ttag +74 100/100/100/100/98; 
ttag +75 92/89/87/92/85; 
ttag +76 73/57/44/64/49; 
ttag +77 80/75/68/76/76; 
ttag +78 100/100/100/100/100; 
ttag +79 88/87/79/90/72; 
ttag +80 93/90/92/88/84; 
ttag +81 98/98/98/99/97; 
ttag +82 55/28/36/49/43; 
ttag +83 79/71/68/72/55; 
ttag +84 64/49/57/60/57; 
ttag +85 99/99/98/99/96; 
ttag +86 96/95/93/97/92; 
ttag +87 26/[17]/?/?/?; 
ttag +88 98/98/94/97/93; 
ttag +89 39/[1]/4/0/?; 
ttag +90 100/100/99/100/97; 
ttag +91 46/30/25/35/28; 
ttag +92 99/99/97/100/100; 
ttag +93 98/98/96/98/96; 
ttag +94 77/69/61/74/60; 
