tread
'Tree with tags' 
(0 (1 ((2 3 )(((4 5 )(6 7 ))((8 9 )(10 (11 12 )))))(13 14 )((17 (15 16 )(18 (19 ((20 21 )((22 23 )(24 25 ))))))((26 (27 (28 (29 30 ))))((39 (31 ((32 33 )((34 35 )(36 (37 38 ))))))((40 41 )(42 (43 (47 (46 (44 45 ))))))))))); 
ttag *!; 
ttag +49 ???; 
ttag +50 5; 
ttag +51 4; 
ttag +52 9; 
ttag +53 9; 
ttag +54 1; 
ttag +55 6; 
ttag +56 1; 
ttag +57 5; 
ttag +58 4; 
ttag +59 9; 
ttag +60 6; 
ttag +61 6; 
ttag +62 8; 
ttag +63 1; 
ttag +64 2; 
ttag +65 4; 
ttag +66 6; 
ttag +67 4; 
ttag +68 7; 
ttag +69 3; 
ttag +70 4; 
ttag +71 6; 
ttag +72 4; 
ttag +73 3; 
ttag +74 4; 
ttag +75 13; 
ttag +76 11; 
ttag +77 1; 
ttag +78 8; 
ttag +79 7; 
ttag +80 1; 
ttag +81 3; 
ttag +82 1; 
ttag +83 6; 
ttag +84 7; 
ttag +85 2; 
ttag +86 6; 
ttag +87 6; 
ttag +88 1; 
ttag +89 9; 
ttag +90 1; 
ttag +91 3; 
tread
'Tree with tags' 
(0 (((1 ((2 3 )(((4 5 )(6 7 ))((8 9 )(10 (11 12 ))))))((17 ((15 16 )(18 (19 ((20 21 )((22 23 )(24 25 )))))))((26 (27 (28 (29 30 ))))((39 (31 ((32 33 )((34 35 )(36 (37 38 ))))))((40 41 )(42 (43 (47 (46 (44 45 ))))))))))(13 14 ))); 
ttag *!; 
ttag +0 ////; 
ttag +1 ////; 
ttag +2 ////; 
ttag +3 ////; 
ttag +4 ////; 
ttag +5 ////; 
ttag +6 ////; 
ttag +7 ////; 
ttag +8 ////; 
ttag +9 ////; 
ttag +10 ////; 
ttag +11 ////; 
ttag +12 ////; 
ttag +13 ////; 
ttag +14 ////; 
ttag +15 ////; 
ttag +16 ////; 
ttag +17 ////; 
ttag +18 ////; 
ttag +19 ////; 
ttag +20 ////; 
ttag +21 ////; 
ttag +22 ////; 
ttag +23 ////; 
ttag +24 ////; 
ttag +25 ////; 
ttag +26 ////; 
ttag +27 ////; 
ttag +28 ////; 
ttag +29 ////; 
ttag +30 ////; 
ttag +31 ////; 
ttag +32 ////; 
ttag +33 ////; 
ttag +34 ////; 
ttag +35 ////; 
ttag +36 ////; 
ttag +37 ////; 
ttag +38 ////; 
ttag +39 ////; 
ttag +40 ////; 
ttag +41 ////; 
ttag +42 ////; 
ttag +43 ////; 
ttag +44 ////; 
ttag +45 ////; 
ttag +46 ////; 
ttag +47 ////; 
ttag +48 ////; 
ttag +49 13/[8]/?/?/?; 
ttag +50 22/11/13/20/8; 
ttag +51 100/100/100/100/100; 
ttag +52 98/98/94/99/94; 
ttag +53 94/92/86/94/87; 
ttag +54 100/100/100/99/100; 
ttag +55 98/98/98/99/97; 
ttag +56 71/54/44/57/51; 
ttag +57 98/98/96/98/92; 
ttag +58 57/41/42/45/38; 
ttag +59 94/93/83/96/92; 
ttag +60 94/93/85/92/92; 
ttag +61 100/100/100/99/99; 
ttag +62 100/100/97/100/98; 
ttag +63 100/100/98/100/98; 
ttag +64 12/[13]/?/?/?; 
ttag +65 99/99/97/98/98; 
ttag +66 36/14/16/20/13; 
ttag +67 64/54/47/45/38; 
ttag +68 93/92/86/95/89; 
ttag +69 99/99/99/100/99; 
ttag +70 93/91/82/92/82; 
ttag +71 98/98/98/100/98; 
ttag +72 80/71/70/82/72; 
ttag +73 92/90/80/94/76; 
ttag +74 100/100/99/99/99; 
ttag +75 84/74/64/87/73; 
ttag +76 90/90/91/91/92; 
ttag +77 97/96/89/96/94; 
ttag +78 100/100/100/100/100; 
ttag +79 100/100/100/100/98; 
ttag +80 36/[1]/8/13/5; 
ttag +81 98/97/91/95/91; 
ttag +82 99/99/98/99/98; 
ttag +83 50/18/24/12/21; 
ttag +84 91/90/88/92/90; 
ttag +85 36/5/7/0/8; 
ttag +86 98/98/97/96/97; 
ttag +87 98/98/98/99/94; 
ttag +88 67/46/38/63/40; 
ttag +89 96/96/86/92/91; 
ttag +90 97/95/92/97/90; 
ttag +91 36/20/6/32/4; 
ttag +92 100/100/99/99/99; 
ttag +93 50/31/11/33/17; 
ttag +94 80/75/60/70/65; 
