tread
'Tree with tags' 
(0 ((1 ((13 14 )(((15 16 )(17 (18 (19 ((20 21 )(24 (25 (22 23 ))))))))((26 27 (28 (29 30 )))((31 (((32 33 )(34 35 ))(36 (37 38 ))))(39 ((40 41 )(42 (43 (46 47 (44 45 )))))))))))((2 3 )(((4 5 )(6 7 ))(8 9 (10 (11 12 ))))))); 
ttag *!; 
ttag +49 2; 
ttag +50 ???; 
ttag +51 8; 
ttag +52 11; 
ttag +53 6; 
ttag +54 10; 
ttag +55 2; 
ttag +56 1; 
ttag +57 4; 
ttag +58 4; 
ttag +59 11; 
ttag +60 14; 
ttag +61 7; 
ttag +62 3; 
ttag +63 5; 
ttag +64 1; 
ttag +65 3; 
ttag +66 5; 
ttag +67 3; 
ttag +68 4; 
ttag +69 11; 
ttag +70 16; 
ttag +71 1; 
ttag +72 5; 
ttag +73 9; 
ttag +74 9; 
ttag +75 3; 
ttag +76 12; 
ttag +77 5; 
ttag +78 5; 
ttag +79 10; 
ttag +80 1; 
ttag +81 5; 
ttag +82 5; 
ttag +83 10; 
ttag +84 4; 
ttag +85 1; 
ttag +86 1; 
ttag +87 11; 
ttag +88 12; 
ttag +89 4; 
ttag +90 3; 
ttag +91 8; 
tread
'Tree with tags' 
(0 ((1 ((13 14 )(((15 16 )(17 (18 (19 ((20 21 )(24 (25 (22 23 ))))))))(((26 27 )(28 (29 30 )))((31 (((32 33 )(34 35 ))(36 (37 38 ))))(39 ((40 41 )(42 (43 (46 (47 (44 45 ))))))))))))((2 3 )(((4 5 )(6 7 ))((8 9 )(10 (11 12 ))))))); 
ttag *!; 
ttag +0 ////; 
ttag +1 ////; 
ttag +2 ////; 
ttag +3 ////; 
ttag +4 ////; 
ttag +5 ////; 
ttag +6 ////; 
ttag +7 ////; 
ttag +8 ////; 
ttag +9 ////; 
ttag +10 ////; 
ttag +11 ////; 
ttag +12 ////; 
ttag +13 ////; 
ttag +14 ////; 
ttag +15 ////; 
ttag +16 ////; 
ttag +17 ////; 
ttag +18 ////; 
ttag +19 ////; 
ttag +20 ////; 
ttag +21 ////; 
ttag +22 ////; 
ttag +23 ////; 
ttag +24 ////; 
ttag +25 ////; 
ttag +26 ////; 
ttag +27 ////; 
ttag +28 ////; 
ttag +29 ////; 
ttag +30 ////; 
ttag +31 ////; 
ttag +32 ////; 
ttag +33 ////; 
ttag +34 ////; 
ttag +35 ////; 
ttag +36 ////; 
ttag +37 ////; 
ttag +38 ////; 
ttag +39 ////; 
ttag +40 ////; 
ttag +41 ////; 
ttag +42 ////; 
ttag +43 ////; 
ttag +44 ////; 
ttag +45 ////; 
ttag +46 ////; 
ttag +47 ////; 
ttag +48 ////; 
ttag +49 82/79/60/77/64; 
ttag +50 100/100/100/100/100; 
ttag +51 100/100/98/100/98; 
ttag +52 100/100/100/100/99; 
ttag +53 100/100/100/100/100; 
ttag +54 100/100/99/100/100; 
ttag +55 85/80/60/67/60; 
ttag +56 64/42/33/35/26; 
ttag +57 34/8/?/2/0; 
ttag +58 93/91/78/88/82; 
ttag +59 87/83/80/88/76; 
ttag +60 100/100/100/100/100; 
ttag +61 100/100/100/100/100; 
ttag +62 94/93/79/94/83; 
ttag +63 95/94/84/88/84; 
ttag +64 96/94/92/96/88; 
ttag +65 51/48/34/44/36; 
ttag +66 82/77/62/79/67; 
ttag +67 94/93/85/93/84; 
ttag +68 90/89/71/89/74; 
ttag +69 98/98/98/99/98; 
ttag +70 99/98/94/99/96; 
ttag +71 100/100/100/100/100; 
ttag +72 56/39/30/43/28; 
ttag +73 94/94/87/99/87; 
ttag +74 37/9/3/?/4; 
ttag +75 100/100/99/100/98; 
ttag +76 99/99/96/98/95; 
ttag +77 81/75/68/84/72; 
ttag +78 100/100/99/100/99; 
ttag +79 98/98/93/97/92; 
ttag +80 99/99/94/96/94; 
ttag +81 100/100/100/100/100; 
ttag +82 58/43/41/50/42; 
ttag +83 97/97/87/96/87; 
ttag +84 94/91/78/92/82; 
ttag +85 100/100/96/100/97; 
ttag +86 90/86/80/90/77; 
ttag +87 63/48/42/53/38; 
ttag +88 65/52/39/48/37; 
ttag +89 100/100/98/100/100; 
ttag +90 100/100/100/100/99; 
ttag +91 95/92/91/96/93; 
ttag +92 91/89/83/93/78; 
ttag +93 19/[3]/3/?/?; 
ttag +94 99/99/96/100/98; 
