tread
'Tree with tags' 
(0 (((1 ((15 16 )(17 (18 (19 ((20 21 )(24 25 (22 23 ))))))))((13 14 )((26 (27 (28 (29 30 ))))(39 (31 (34 35 (32 33 )(36 (37 38 ))))((40 41 )(42 (43 ((44 45 )(46 47 )))))))))((2 3 )((((4 5 )(6 7 ))(10 (11 12 )))(8 9 ))))); 
ttag *!; 
ttag +49 1; 
ttag +50 1; 
ttag +51 ???; 
ttag +52 7; 
ttag +53 8; 
ttag +54 7; 
ttag +55 14; 
ttag +56 1; 
ttag +57 1; 
ttag +58 4; 
ttag +59 1; 
ttag +60 2; 
ttag +61 5; 
ttag +62 6; 
ttag +63 1; 
ttag +64 9; 
ttag +65 6; 
ttag +66 2; 
ttag +67 9; 
ttag +68 4; 
ttag +69 8; 
ttag +70 6; 
ttag +71 4; 
ttag +72 2; 
ttag +73 6; 
ttag +74 7; 
ttag +75 3; 
ttag +76 5; 
ttag +77 9; 
ttag +78 4; 
ttag +79 4; 
ttag +80 8; 
ttag +81 2; 
ttag +82 8; 
ttag +83 2; 
ttag +84 2; 
ttag +85 7; 
ttag +86 10; 
ttag +87 3; 
ttag +88 12; 
ttag +89 7; 
ttag +90 3; 
tread
'Tree with tags' 
(0 (((1 ((15 16 )(17 (18 (19 ((20 21 )((22 23 )(24 25 ))))))))((13 14 )((26 (27 (28 (29 30 ))))((31 (35 (34 ((32 33 )(36 (37 38 ))))))(39 ((40 41 )(42 (43 ((44 45 )(46 47 ))))))))))((2 3 )((((4 5 )(6 7 ))(10 (11 12 )))(8 9 ))))); 
ttag *!; 
ttag +0 ////; 
ttag +1 ////; 
ttag +2 ////; 
ttag +3 ////; 
ttag +4 ////; 
ttag +5 ////; 
ttag +6 ////; 
ttag +7 ////; 
ttag +8 ////; 
ttag +9 ////; 
ttag +10 ////; 
ttag +11 ////; 
ttag +12 ////; 
ttag +13 ////; 
ttag +14 ////; 
ttag +15 ////; 
ttag +16 ////; 
ttag +17 ////; 
ttag +18 ////; 
ttag +19 ////; 
ttag +20 ////; 
ttag +21 ////; 
ttag +22 ////; 
ttag +23 ////; 
ttag +24 ////; 
ttag +25 ////; 
ttag +26 ////; 
ttag +27 ////; 
ttag +28 ////; 
ttag +29 ////; 
ttag +30 ////; 
ttag +31 ////; 
ttag +32 ////; 
ttag +33 ////; 
ttag +34 ////; 
ttag +35 ////; 
ttag +36 ////; 
ttag +37 ////; 
ttag +38 ////; 
ttag +39 ////; 
ttag +40 ////; 
ttag +41 ////; 
ttag +42 ////; 
ttag +43 ////; 
ttag +44 ////; 
ttag +45 ////; 
ttag +46 ////; 
ttag +47 ////; 
ttag +48 ////; 
ttag +49 36/12/?/10/3; 
ttag +50 28/13/10/16/10; 
ttag +51 100/100/100/100/100; 
ttag +52 99/99/95/99/94; 
ttag +53 98/98/96/98/96; 
ttag +54 99/99/98/98/98; 
ttag +55 100/100/100/100/100; 
ttag +56 28/[1]/4/11/1; 
ttag +57 56/32/40/24/29; 
ttag +58 92/88/82/90/87; 
ttag +59 49/20/22/28/21; 
ttag +60 82/79/75/82/72; 
ttag +61 95/94/90/98/94; 
ttag +62 98/97/93/96/96; 
ttag +63 30/5/?/7/5; 
ttag +64 100/100/100/100/99; 
ttag +65 97/96/90/93/89; 
ttag +66 59/45/41/52/40; 
ttag +67 99/99/97/99/99; 
ttag +68 96/94/93/95/91; 
ttag +69 100/100/99/100/98; 
ttag +70 97/96/95/97/95; 
ttag +71 90/88/82/93/79; 
ttag +72 85/80/61/74/64; 
ttag +73 38/[2]/16/2/7; 
ttag +74 98/97/92/96/90; 
ttag +75 97/97/86/96/90; 
ttag +76 76/64/42/72/46; 
ttag +77 84/74/56/80/63; 
ttag +78 99/98/93/98/92; 
ttag +79 96/95/90/95/90; 
ttag +80 91/88/79/90/81; 
ttag +81 99/99/99/100/98; 
ttag +82 53/27/28/36/38; 
ttag +83 20/[29]/?/?/?; 
ttag +84 91/88/87/90/83; 
ttag +85 99/99/98/100/99; 
ttag +86 74/57/56/68/61; 
ttag +87 13/[14]/?/?/?; 
ttag +88 77/72/53/71/58; 
ttag +89 98/98/96/100/94; 
ttag +90 100/100/98/100/98; 
ttag +91 88/84/78/87/86; 
ttag +92 100/100/98/99/97; 
ttag +93 98/97/90/97/97; 
ttag +94 91/89/79/85/83; 
