tread
'Tree with tags' 
(0 ((1 ((2 3 )(((4 5 )(6 7 ))(9 (8 (10 (11 12 )))))))((13 14 )((15 16 )(17 (18 19 ((20 21 )((22 23 )(24 25 ))))))((26 (27 28 (29 30 )))((39 (31 ((32 33 )(34 35 )(36 (37 38 )))))((40 41 )(42 (43 ((44 45 )(46 47 )))))))))); 
ttag *!; 
ttag +49 1; 
ttag +50 ???; 
ttag +51 5; 
ttag +52 6; 
ttag +53 6; 
ttag +54 7; 
ttag +55 2; 
ttag +56 3; 
ttag +57 1; 
ttag +58 1; 
ttag +59 10; 
ttag +60 9; 
ttag +61 10; 
ttag +62 2; 
ttag +63 17; 
ttag +64 1; 
ttag +65 1; 
ttag +66 3; 
ttag +67 5; 
ttag +68 8; 
ttag +69 8; 
ttag +70 2; 
ttag +71 1; 
ttag +72 4; 
ttag +73 5; 
ttag +74 5; 
ttag +75 9; 
ttag +76 6; 
ttag +77 1; 
ttag +78 3; 
ttag +79 6; 
ttag +80 6; 
ttag +81 5; 
ttag +82 8; 
ttag +83 8; 
ttag +84 4; 
ttag +85 6; 
ttag +86 4; 
ttag +87 1; 
ttag +88 9; 
ttag +89 10; 
ttag +90 3; 
tread
'Tree with tags' 
(0 ((1 ((2 3 )(((4 5 )(6 7 ))(9 (8 (10 (11 12 )))))))((13 14 )((15 16 )(17 (18 19 ((20 21 )((22 23 )(24 25 ))))))((26 (27 28 (29 30 )))((39 (31 ((32 33 )(34 35 )(36 (37 38 )))))((40 41 )(42 (43 ((44 45 )(46 47 )))))))))); 
ttag *!; 
ttag +0 ////; 
ttag +1 ////; 
ttag +2 ////; 
ttag +3 ////; 
ttag +4 ////; 
ttag +5 ////; 
ttag +6 ////; 
ttag +7 ////; 
ttag +8 ////; 
ttag +9 ////; 
ttag +10 ////; 
ttag +11 ////; 
ttag +12 ////; 
ttag +13 ////; 
ttag +14 ////; 
ttag +15 ////; 
ttag +16 ////; 
ttag +17 ////; 
ttag +18 ////; 
ttag +19 ////; 
ttag +20 ////; 
ttag +21 ////; 
ttag +22 ////; 
ttag +23 ////; 
ttag +24 ////; 
ttag +25 ////; 
ttag +26 ////; 
ttag +27 ////; 
ttag +28 ////; 
ttag +29 ////; 
ttag +30 ////; 
ttag +31 ////; 
ttag +32 ////; 
ttag +33 ////; 
ttag +34 ////; 
ttag +35 ////; 
ttag +36 ////; 
ttag +37 ////; 
ttag +38 ////; 
ttag +39 ////; 
ttag +40 ////; 
ttag +41 ////; 
ttag +42 ////; 
ttag +43 ////; 
ttag +44 ////; 
ttag +45 ////; 
ttag +46 ////; 
ttag +47 ////; 
ttag +48 ////; 
ttag +49 47/34/29/40/27; 
ttag +50 100/100/100/100/100; 
ttag +51 98/98/96/98/97; 
ttag +52 98/98/93/98/94; 
ttag +53 98/97/92/98/94; 
ttag +54 96/94/90/94/87; 
ttag +55 68/62/59/65/54; 
ttag +56 77/72/68/75/66; 
ttag +57 57/45/45/47/43; 
ttag +58 50/37/28/47/34; 
ttag +59 100/100/98/99/98; 
ttag +60 99/99/99/100/99; 
ttag +61 100/100/100/100/100; 
ttag +62 56/42/34/43/35; 
ttag +63 100/100/100/100/100; 
ttag +64 46/32/26/26/22; 
ttag +65 70/58/58/60/49; 
ttag +66 86/83/76/86/74; 
ttag +67 98/97/92/95/94; 
ttag +68 100/100/98/99/99; 
ttag +69 98/98/99/100/98; 
ttag +70 80/70/69/76/64; 
ttag +71 61/45/33/43/38; 
ttag +72 93/90/86/94/93; 
ttag +73 96/95/89/96/88; 
ttag +74 99/98/97/98/96; 
ttag +75 99/99/98/99/100; 
ttag +76 94/91/90/96/88; 
ttag +77 44/23/14/26/13; 
ttag +78 85/81/75/82/68; 
ttag +79 99/99/97/99/96; 
ttag +80 96/96/90/96/88; 
ttag +81 99/99/96/99/95; 
ttag +82 98/98/98/98/98; 
ttag +83 98/98/98/100/98; 
ttag +84 91/90/82/92/78; 
ttag +85 94/93/90/96/88; 
ttag +86 88/86/79/90/82; 
ttag +87 41/6/16/25/25; 
ttag +88 99/99/99/100/99; 
ttag +89 100/100/99/100/99; 
ttag +90 86/82/70/91/79; 
