tread
'Tree with tags' 
(0 ((1 ((13 14 )((17 ((15 16 )(18 19 ((20 21 )((22 23 )(24 25 ))))))((27 (26 (28 (29 30 ))))((31 (((32 33 )(36 (37 38 )))(34 35 )))(39 ((40 41 )(42 (43 ((44 45 )(46 47 )))))))))))((2 3 )((6 7 (4 5 ))((8 9 )(10 (11 12 ))))))); 
ttag *!; 
ttag +49 3; 
ttag +50 ???; 
ttag +51 1; 
ttag +52 3; 
ttag +53 10; 
ttag +54 8; 
ttag +55 2; 
ttag +56 4; 
ttag +57 4; 
ttag +58 3; 
ttag +59 5; 
ttag +60 7; 
ttag +61 3; 
ttag +62 12; 
ttag +63 2; 
ttag +64 2; 
ttag +65 1; 
ttag +66 2; 
ttag +67 9; 
ttag +68 4; 
ttag +69 11; 
ttag +70 9; 
ttag +71 4; 
ttag +72 1; 
ttag +73 8; 
ttag +74 11; 
ttag +75 4; 
ttag +76 12; 
ttag +77 7; 
ttag +78 5; 
ttag +79 3; 
ttag +80 1; 
ttag +81 1; 
ttag +82 2; 
ttag +83 4; 
ttag +84 6; 
ttag +85 1; 
ttag +86 5; 
ttag +87 10; 
ttag +88 5; 
ttag +89 4; 
ttag +90 10; 
ttag +91 6; 
ttag +92 4; 
tread
'Tree with tags' 
(0 ((1 ((13 14 )((17 ((15 16 )(18 (19 ((20 21 )((22 23 )(24 25 )))))))((27 (26 (28 (29 30 ))))((31 (((32 33 )(36 (37 38 )))(34 35 )))(39 ((40 41 )(42 (43 ((44 45 )(46 47 )))))))))))((2 3 )(((4 5 )(6 7 ))((8 9 )(10 (11 12 ))))))); 
ttag *!; 
ttag +0 ////; 
ttag +1 ////; 
ttag +2 ////; 
ttag +3 ////; 
ttag +4 ////; 
ttag +5 ////; 
ttag +6 ////; 
ttag +7 ////; 
ttag +8 ////; 
ttag +9 ////; 
ttag +10 ////; 
ttag +11 ////; 
ttag +12 ////; 
ttag +13 ////; 
ttag +14 ////; 
ttag +15 ////; 
ttag +16 ////; 
ttag +17 ////; 
ttag +18 ////; 
ttag +19 ////; 
ttag +20 ////; 
ttag +21 ////; 
ttag +22 ////; 
ttag +23 ////; 
ttag +24 ////; 
ttag +25 ////; 
ttag +26 ////; 
ttag +27 ////; 
ttag +28 ////; 
ttag +29 ////; 
ttag +30 ////; 
ttag +31 ////; 
ttag +32 ////; 
ttag +33 ////; 
ttag +34 ////; 
ttag +35 ////; 
ttag +36 ////; 
ttag +37 ////; 
ttag +38 ////; 
ttag +39 ////; 
ttag +40 ////; 
ttag +41 ////; 
ttag +42 ////; 
ttag +43 ////; 
ttag +44 ////; 
ttag +45 ////; 
ttag +46 ////; 
ttag +47 ////; 
ttag +48 ////; 
ttag +49 94/93/90/96/92; 
ttag +50 100/100/100/100/100; 
ttag +51 61/40/42/52/46; 
ttag +52 89/88/82/88/78; 
ttag +53 100/100/99/100/98; 
ttag +54 99/99/98/100/98; 
ttag +55 84/80/71/75/70; 
ttag +56 47/12/7/8/10; 
ttag +57 95/94/92/95/87; 
ttag +58 88/87/84/89/88; 
ttag +59 78/72/68/77/72; 
ttag +60 98/97/91/98/91; 
ttag +61 99/99/99/99/99; 
ttag +62 84/80/67/82/72; 
ttag +63 100/100/100/100/100; 
ttag +64 60/51/30/48/39; 
ttag +65 53/40/34/46/33; 
ttag +66 43/30/31/47/27; 
ttag +67 71/69/55/69/58; 
ttag +68 29/0/6/3/2; 
ttag +69 100/100/100/100/99; 
ttag +70 91/89/75/92/82; 
ttag +71 100/100/100/100/100; 
ttag +72 100/100/99/100/99; 
ttag +73 97/97/94/98/97; 
ttag +74 60/40/28/46/49; 
ttag +75 98/98/95/99/96; 
ttag +76 100/100/99/100/98; 
ttag +77 97/96/95/96/95; 
ttag +78 100/100/100/100/100; 
ttag +79 97/96/90/96/91; 
ttag +80 94/93/80/93/86; 
ttag +81 86/81/74/79/66; 
ttag +82 36/23/12/19/7; 
ttag +83 54/42/38/38/34; 
ttag +84 89/86/77/86/78; 
ttag +85 89/87/78/88/78; 
ttag +86 97/96/90/94/90; 
ttag +87 66/54/44/61/47; 
ttag +88 98/98/91/97/94; 
ttag +89 100/100/96/99/98; 
ttag +90 89/86/72/89/80; 
ttag +91 88/84/73/87/74; 
ttag +92 100/100/99/100/100; 
ttag +93 98/97/96/99/98; 
ttag +94 89/83/81/84/75; 
