tread
'Tree with tags' 
(0 (1 ((2 3 )(((4 5 )(6 7 ))(8 9 )(10 (11 12 ))))(13 14 )(17 (15 16 )(18 (19 ((20 21 )((22 23 )(24 25 ))))))((26 (27 (28 (29 30 ))))((31 ((32 33 )((34 35 )(36 (37 38 )))))(39 ((40 41 )(42 (43 ((44 45 )(46 47 )))))))))); 
ttag *!; 
ttag +49 ???; 
ttag +50 4; 
ttag +51 8; 
ttag +52 5; 
ttag +53 5; 
ttag +54 4; 
ttag +55 2; 
ttag +56 3; 
ttag +57 4; 
ttag +58 10; 
ttag +59 4; 
ttag +60 11; 
ttag +61 7; 
ttag +62 4; 
ttag +63 1; 
ttag +64 9; 
ttag +65 5; 
ttag +66 5; 
ttag +67 8; 
ttag +68 5; 
ttag +69 2; 
ttag +70 7; 
ttag +71 1; 
ttag +72 6; 
ttag +73 12; 
ttag +74 4; 
ttag +75 8; 
ttag +76 7; 
ttag +77 6; 
ttag +78 3; 
ttag +79 2; 
ttag +80 4; 
ttag +81 8; 
ttag +82 3; 
ttag +83 5; 
ttag +84 13; 
ttag +85 5; 
ttag +86 6; 
ttag +87 8; 
ttag +88 9; 
ttag +89 3; 
tread
'Tree with tags' 
(0 ((1 ((2 3 )(((4 5 )(6 7 ))((8 9 )(10 (11 12 ))))))(((13 14 )((17 (15 16 ))(18 (19 ((20 21 )((22 23 )(24 25 )))))))((26 (27 (28 (29 30 ))))((31 ((32 33 )((34 35 )(36 (37 38 )))))(39 ((40 41 )(42 (43 ((44 45 )(46 47 ))))))))))); 
ttag *!; 
ttag +0 ////; 
ttag +1 ////; 
ttag +2 ////; 
ttag +3 ////; 
ttag +4 ////; 
ttag +5 ////; 
ttag +6 ////; 
ttag +7 ////; 
ttag +8 ////; 
ttag +9 ////; 
ttag +10 ////; 
ttag +11 ////; 
ttag +12 ////; 
ttag +13 ////; 
ttag +14 ////; 
ttag +15 ////; 
ttag +16 ////; 
ttag +17 ////; 
ttag +18 ////; 
ttag +19 ////; 
ttag +20 ////; 
ttag +21 ////; 
ttag +22 ////; 
ttag +23 ////; 
ttag +24 ////; 
ttag +25 ////; 
ttag +26 ////; 
ttag +27 ////; 
ttag +28 ////; 
ttag +29 ////; 
ttag +30 ////; 
ttag +31 ////; 
ttag +32 ////; 
ttag +33 ////; 
ttag +34 ////; 
ttag +35 ////; 
ttag +36 ////; 
ttag +37 ////; 
ttag +38 ////; 
ttag +39 ////; 
ttag +40 ////; 
ttag +41 ////; 
ttag +42 ////; 
ttag +43 ////; 
ttag +44 ////; 
ttag +45 ////; 
ttag +46 ////; 
ttag +47 ////; 
ttag +48 ////; 
ttag +49 22/[1]/2/?/?; 
ttag +50 100/100/100/100/100; 
ttag +51 86/80/76/88/74; 
ttag +52 99/98/98/100/98; 
ttag +53 99/99/98/98/98; 
ttag +54 97/96/90/94/94; 
ttag +55 89/87/77/88/78; 
ttag +56 59/43/41/60/40; 
ttag +57 90/88/84/82/82; 
ttag +58 28/5/6/6/0; 
ttag +59 80/76/73/85/72; 
ttag +60 100/100/100/100/100; 
ttag +61 98/98/90/94/92; 
ttag +62 26/2/10/3/0; 
ttag +63 12/[10]/?/?/?; 
ttag +64 100/100/100/100/100; 
ttag +65 18/[38]/?/?/?; 
ttag +66 99/99/98/99/95; 
ttag +67 96/94/94/94/86; 
ttag +68 56/38/26/40/28; 
ttag +69 100/100/100/100/100; 
ttag +70 98/97/90/94/88; 
ttag +71 98/98/98/99/96; 
ttag +72 100/100/99/100/98; 
ttag +73 97/96/91/96/88; 
ttag +74 77/72/60/68/60; 
ttag +75 97/96/95/98/96; 
ttag +76 53/19/0/24/15; 
ttag +77 96/93/86/95/87; 
ttag +78 100/100/99/100/100; 
ttag +79 89/86/79/90/81; 
ttag +80 100/100/96/100/97; 
ttag +81 99/99/98/100/96; 
ttag +82 98/98/94/99/94; 
ttag +83 84/80/60/81/68; 
ttag +84 73/70/57/72/56; 
ttag +85 85/81/62/81/68; 
ttag +86 100/100/99/99/99; 
ttag +87 89/86/67/83/72; 
ttag +88 95/94/85/93/88; 
ttag +89 100/100/98/100/100; 
ttag +90 92/89/78/94/84; 
ttag +91 96/96/91/97/88; 
ttag +92 98/98/97/99/98; 
ttag +93 100/100/99/100/98; 
ttag +94 87/82/71/88/66; 
