tread
'Tree with tags' 
(0 (1 ((((2 3 )((4 5 )(6 7 )))(9 (8 (10 (11 12 )))))(((13 14 )((26 (27 (28 (29 30 ))))((31 ((32 33 )((34 35 )(36 (37 38 )))))(39 ((40 41 )(42 (43 (46 47 (44 45 )))))))))((15 16 )(17 (18 (19 ((20 21 )((22 23 )(24 25 ))))))))))); 
ttag *!; 
ttag +49 ???; 
ttag +50 5; 
ttag +51 2; 
ttag +52 8; 
ttag +53 1; 
ttag +54 2; 
ttag +55 5; 
ttag +56 8; 
ttag +57 3; 
ttag +58 5; 
ttag +59 9; 
ttag +60 9; 
ttag +61 11; 
ttag +62 1; 
ttag +63 1; 
ttag +64 7; 
ttag +65 5; 
ttag +66 5; 
ttag +67 9; 
ttag +68 2; 
ttag +69 8; 
ttag +70 9; 
ttag +71 11; 
ttag +72 6; 
ttag +73 3; 
ttag +74 5; 
ttag +75 8; 
ttag +76 4; 
ttag +77 9; 
ttag +78 13; 
ttag +79 8; 
ttag +80 5; 
ttag +81 12; 
ttag +82 3; 
ttag +83 4; 
ttag +84 2; 
ttag +85 9; 
ttag +86 10; 
ttag +87 1; 
ttag +88 3; 
ttag +89 6; 
ttag +90 8; 
ttag +91 2; 
ttag +92 6; 
ttag +93 6; 
tread
'Tree with tags' 
(0 (1 ((((2 3 )((4 5 )(6 7 )))(9 (8 (10 (11 12 )))))(((13 14 )((26 (27 (28 (29 30 ))))((31 ((32 33 )((34 35 )(36 (37 38 )))))(39 ((40 41 )(42 (43 (46 (47 (44 45 ))))))))))((15 16 )(17 (18 (19 ((20 21 )((22 23 )(24 25 ))))))))))); 
ttag *!; 
ttag +0 ////; 
ttag +1 ////; 
ttag +2 ////; 
ttag +3 ////; 
ttag +4 ////; 
ttag +5 ////; 
ttag +6 ////; 
ttag +7 ////; 
ttag +8 ////; 
ttag +9 ////; 
ttag +10 ////; 
ttag +11 ////; 
ttag +12 ////; 
ttag +13 ////; 
ttag +14 ////; 
ttag +15 ////; 
ttag +16 ////; 
ttag +17 ////; 
ttag +18 ////; 
ttag +19 ////; 
ttag +20 ////; 
ttag +21 ////; 
ttag +22 ////; 
ttag +23 ////; 
ttag +24 ////; 
ttag +25 ////; 
ttag +26 ////; 
ttag +27 ////; 
ttag +28 ////; 
ttag +29 ////; 
ttag +30 ////; 
ttag +31 ////; 
ttag +32 ////; 
ttag +33 ////; 
ttag +34 ////; 
ttag +35 ////; 
ttag +36 ////; 
ttag +37 ////; 
ttag +38 ////; 
ttag +39 ////; 
ttag +40 ////; 
ttag +41 ////; 
ttag +42 ////; 
ttag +43 ////; 
ttag +44 ////; 
ttag +45 ////; 
ttag +46 ////; 
ttag +47 ////; 
ttag +48 ////; 
ttag +49 100/100/100/100/100; 
ttag +50 85/80/81/84/77; 
ttag +51 50/41/31/44/24; 
ttag +52 99/99/94/98/89; 
ttag +53 48/39/28/40/29; 
ttag +54 74/66/66/74/57; 
ttag +55 90/86/79/90/82; 
ttag +56 99/99/98/99/99; 
ttag +57 70/57/40/62/52; 
ttag +58 76/70/68/80/69; 
ttag +59 100/100/98/100/99; 
ttag +60 100/100/98/100/100; 
ttag +61 100/100/100/100/100; 
ttag +62 38/25/12/30/11; 
ttag +63 43/27/9/27/16; 
ttag +64 98/98/90/99/90; 
ttag +65 95/94/81/91/79; 
ttag +66 94/93/88/94/85; 
ttag +67 99/99/97/99/99; 
ttag +68 83/79/75/79/68; 
ttag +69 100/100/100/99/100; 
ttag +70 100/100/97/100/98; 
ttag +71 100/100/100/100/100; 
ttag +72 98/98/95/97/95; 
ttag +73 83/79/68/81/67; 
ttag +74 96/94/94/96/92; 
ttag +75 99/98/100/100/99; 
ttag +76 94/93/87/92/86; 
ttag +77 100/100/99/99/100; 
ttag +78 100/100/100/100/100; 
ttag +79 98/97/95/99/96; 
ttag +80 98/98/95/97/97; 
ttag +81 100/100/100/100/100; 
ttag +82 89/84/83/87/74; 
ttag +83 95/94/87/91/87; 
ttag +84 71/67/54/67/60; 
ttag +85 100/100/99/99/99; 
ttag +86 100/100/100/100/100; 
ttag +87 51/35/34/27/23; 
ttag +88 87/80/70/85/71; 
ttag +89 98/96/96/98/92; 
ttag +90 100/100/100/100/99; 
ttag +91 67/46/54/56/47; 
ttag +92 99/99/99/100/98; 
ttag +93 30/[4]/?/?/?; 
ttag +94 99/99/93/98/98; 
