tread
'Tree with tags' 
(0 (1 ((2 3 )(6 7 (4 5 ))(8 9 )(10 (11 12 )))(13 14 )((15 16 )(17 ((18 19 )((20 21 )((22 23 )(24 25 ))))))((26 (27 (28 (29 30 ))))((39 (31 ((32 33 )((34 35 )(36 (37 38 ))))))((40 41 )(42 (43 (46 47 (44 45 ))))))))); 
ttag *!; 
ttag +49 ???; 
ttag +50 5; 
ttag +51 3; 
ttag +52 5; 
ttag +53 8; 
ttag +54 2; 
ttag +55 2; 
ttag +56 8; 
ttag +57 11; 
ttag +58 9; 
ttag +59 1; 
ttag +60 3; 
ttag +61 1; 
ttag +62 2; 
ttag +63 8; 
ttag +64 11; 
ttag +65 3; 
ttag +66 7; 
ttag +67 3; 
ttag +68 2; 
ttag +69 1; 
ttag +70 3; 
ttag +71 6; 
ttag +72 9; 
ttag +73 1; 
ttag +74 1; 
ttag +75 6; 
ttag +76 11; 
ttag +77 11; 
ttag +78 1; 
ttag +79 1; 
ttag +80 12; 
ttag +81 8; 
ttag +82 1; 
ttag +83 5; 
ttag +84 12; 
ttag +85 2; 
ttag +86 11; 
ttag +87 7; 
tread
'Tree with tags' 
(0 ((1 (((15 16 )(17 ((18 19 )((20 21 )((22 23 )(24 25 ))))))((26 (27 (28 (29 30 ))))((39 (31 ((32 33 )((34 35 )(36 (37 38 ))))))((40 41 )(42 (43 ((44 45 )(46 47 )))))))))((((2 3 )(8 9 ))(((4 5 )(6 7 ))(10 (11 12 ))))(13 14 )))); 
ttag *!; 
ttag +0 ////; 
ttag +1 ////; 
ttag +2 ////; 
ttag +3 ////; 
ttag +4 ////; 
ttag +5 ////; 
ttag +6 ////; 
ttag +7 ////; 
ttag +8 ////; 
ttag +9 ////; 
ttag +10 ////; 
ttag +11 ////; 
ttag +12 ////; 
ttag +13 ////; 
ttag +14 ////; 
ttag +15 ////; 
ttag +16 ////; 
ttag +17 ////; 
ttag +18 ////; 
ttag +19 ////; 
ttag +20 ////; 
ttag +21 ////; 
ttag +22 ////; 
ttag +23 ////; 
ttag +24 ////; 
ttag +25 ////; 
ttag +26 ////; 
ttag +27 ////; 
ttag +28 ////; 
ttag +29 ////; 
ttag +30 ////; 
ttag +31 ////; 
ttag +32 ////; 
ttag +33 ////; 
ttag +34 ////; 
ttag +35 ////; 
ttag +36 ////; 
ttag +37 ////; 
ttag +38 ////; 
ttag +39 ////; 
ttag +40 ////; 
ttag +41 ////; 
ttag +42 ////; 
ttag +43 ////; 
ttag +44 ////; 
ttag +45 ////; 
ttag +46 ////; 
ttag +47 ////; 
ttag +48 ////; 
ttag +49 34/14/6/14/16; 
ttag +50 100/100/100/100/100; 
ttag +51 98/97/94/96/92; 
ttag +52 16/[5]/?/?/?; 
ttag +53 91/90/86/91/85; 
ttag +54 25/[10]/?/?/1; 
ttag +55 99/98/97/99/98; 
ttag +56 99/99/98/100/98; 
ttag +57 41/26/15/22/6; 
ttag +58 33/[8]/?/?/?; 
ttag +59 80/78/64/73/69; 
ttag +60 60/53/39/52/34; 
ttag +61 100/100/99/100/99; 
ttag +62 100/100/100/100/100; 
ttag +63 100/100/100/100/100; 
ttag +64 80/71/70/75/69; 
ttag +65 12/[22]/?/?/?; 
ttag +66 85/81/77/84/76; 
ttag +67 58/41/38/47/44; 
ttag +68 65/59/55/68/54; 
ttag +69 100/100/99/100/99; 
ttag +70 100/100/99/100/99; 
ttag +71 98/98/92/93/93; 
ttag +72 100/100/99/100/99; 
ttag +73 88/84/79/88/79; 
ttag +74 90/86/68/85/75; 
ttag +75 83/79/69/76/72; 
ttag +76 90/85/80/89/84; 
ttag +77 96/94/88/96/93; 
ttag +78 100/100/100/100/100; 
ttag +79 56/42/24/35/27; 
ttag +80 64/57/44/53/40; 
ttag +81 98/96/96/98/98; 
ttag +82 100/100/100/100/100; 
ttag +83 100/100/96/99/98; 
ttag +84 54/28/22/33/32; 
ttag +85 50/24/16/29/23; 
ttag +86 100/100/100/100/99; 
ttag +87 99/99/99/100/99; 
ttag +88 59/32/34/34/30; 
ttag +89 96/96/85/93/84; 
ttag +90 100/100/100/100/100; 
ttag +91 68/59/51/57/53; 
ttag +92 100/100/100/100/99; 
ttag +93 98/97/93/95/96; 
ttag +94 42/3/?/?/6; 
