tread
'Tree with tags' 
(0 (((1 (8 9 (2 3 )(6 7 (4 5 ))(10 (11 12 ))))((15 16 )(17 (18 (19 ((20 21 )((22 23 )(24 25 ))))))))((13 14 )((26 (27 (28 (29 30 ))))((31 ((32 33 )(34 35 )(36 (37 38 ))))(39 ((40 41 )((42 43 )((44 45 )(46 47 )))))))))); 
ttag *!; 
ttag +49 1; 
ttag +50 1; 
ttag +51 ???; 
ttag +52 6; 
ttag +53 7; 
ttag +54 4; 
ttag +55 3; 
ttag +56 5; 
ttag +57 7; 
ttag +58 15; 
ttag +59 1; 
ttag +60 15; 
ttag +61 3; 
ttag +62 4; 
ttag +63 5; 
ttag +64 3; 
ttag +65 8; 
ttag +66 10; 
ttag +67 9; 
ttag +68 2; 
ttag +69 1; 
ttag +70 9; 
ttag +71 5; 
ttag +72 2; 
ttag +73 4; 
ttag +74 8; 
ttag +75 2; 
ttag +76 6; 
ttag +77 6; 
ttag +78 7; 
ttag +79 2; 
ttag +80 13; 
ttag +81 13; 
ttag +82 2; 
ttag +83 3; 
ttag +84 12; 
ttag +85 2; 
ttag +86 10; 
ttag +87 5; 
ttag +88 6; 
ttag +89 1; 
tread
'Tree with tags' 
(0 (((1 ((9 ((8 (2 3 ))(10 (11 12 ))))((4 5 )(6 7 ))))((15 16 )(17 (18 (19 ((20 21 )((22 23 )(24 25 ))))))))((13 14 )((26 (27 (28 (29 30 ))))((31 ((32 33 )((34 35 )(36 (37 38 )))))(39 ((40 41 )((42 43 )((44 45 )(46 47 )))))))))); 
ttag *!; 
ttag +0 ////; 
ttag +1 ////; 
ttag +2 ////; 
ttag +3 ////; 
ttag +4 ////; 
ttag +5 ////; 
ttag +6 ////; 
ttag +7 ////; 
ttag +8 ////; 
ttag +9 ////; 
ttag +10 ////; 
ttag +11 ////; 
ttag +12 ////; 
ttag +13 ////; 
ttag +14 ////; 
ttag +15 ////; 
ttag +16 ////; 
ttag +17 ////; 
ttag +18 ////; 
ttag +19 ////; 
ttag +20 ////; 
ttag +21 ////; 
ttag +22 ////; 
ttag +23 ////; 
ttag +24 ////; 
ttag +25 ////; 
ttag +26 ////; 
ttag +27 ////; 
ttag +28 ////; 
ttag +29 ////; 
ttag +30 ////; 
ttag +31 ////; 
ttag +32 ////; 
ttag +33 ////; 
ttag +34 ////; 
ttag +35 ////; 
ttag +36 ////; 
ttag +37 ////; 
ttag +38 ////; 
ttag +39 ////; 
ttag +40 ////; 
ttag +41 ////; 
ttag +42 ////; 
ttag +43 ////; 
ttag +44 ////; 
ttag +45 ////; 
ttag +46 ////; 
ttag +47 ////; 
ttag +48 ////; 
ttag +49 36/20/15/25/19; 
ttag +50 14/[2]/?/2/?; 
ttag +51 100/100/100/100/100; 
ttag +52 96/95/92/96/96; 
ttag +53 29/[1]/1/?/2; 
ttag +54 8/[33]/?/?/?; 
ttag +55 34/6/10/1/8; 
ttag +56 96/96/94/98/94; 
ttag +57 93/90/89/94/82; 
ttag +58 86/78/71/74/74; 
ttag +59 27/[16]/?/?/?; 
ttag +60 90/88/76/93/75; 
ttag +61 99/99/98/99/96; 
ttag +62 100/100/100/100/100; 
ttag +63 30/13/4/12/9; 
ttag +64 100/100/99/100/100; 
ttag +65 77/72/57/77/59; 
ttag +66 93/92/83/92/89; 
ttag +67 98/98/88/96/90; 
ttag +68 92/90/78/87/81; 
ttag +69 99/99/99/99/98; 
ttag +70 100/100/100/100/99; 
ttag +71 100/100/99/100/100; 
ttag +72 80/75/66/79/63; 
ttag +73 59/43/39/36/28; 
ttag +74 100/100/99/100/100; 
ttag +75 89/85/76/83/76; 
ttag +76 83/78/64/76/72; 
ttag +77 94/94/85/92/88; 
ttag +78 100/100/99/100/100; 
ttag +79 80/74/66/80/72; 
ttag +80 98/97/92/97/93; 
ttag +81 98/98/97/99/96; 
ttag +82 98/98/94/97/94; 
ttag +83 90/90/90/92/89; 
ttag +84 32/[6]/?/1/?; 
ttag +85 100/100/100/100/100; 
ttag +86 100/100/100/100/100; 
ttag +87 69/52/42/50/41; 
ttag +88 85/81/68/85/74; 
ttag +89 100/100/100/100/99; 
ttag +90 71/57/58/69/58; 
ttag +91 99/99/100/99/98; 
ttag +92 96/95/90/96/94; 
ttag +93 96/95/95/96/95; 
ttag +94 58/36/41/42/34; 
