tread
'Tree with tags' 
(0 (1 ((2 3 )((6 7 (4 5 ))(8 9 (10 (11 12 )))))(13 14 )(17 (15 16 )(18 (19 ((20 21 )((22 23 )(24 25 ))))))((26 (27 (28 (29 30 ))))((31 ((32 33 )((34 35 )(36 (37 38 )))))(39 ((40 41 )(42 (43 ((44 45 )(46 47 )))))))))); 
ttag *!; 
ttag +49 ???; 
ttag +50 5; 
ttag +51 8; 
ttag +52 5; 
ttag +53 11; 
ttag +54 1; 
ttag +55 2; 
ttag +56 3; 
ttag +57 7; 
ttag +58 6; 
ttag +59 15; 
ttag +60 2; 
ttag +61 3; 
ttag +62 1; 
ttag +63 3; 
ttag +64 8; 
ttag +65 9; 
ttag +66 7; 
ttag +67 6; 
ttag +68 3; 
ttag +69 3; 
ttag +70 3; 
ttag +71 9; 
ttag +72 6; 
ttag +73 5; 
ttag +74 3; 
ttag +75 5; 
ttag +76 7; 
ttag +77 6; 
ttag +78 2; 
ttag +79 10; 
ttag +80 5; 
ttag +81 5; 
ttag +82 5; 
ttag +83 4; 
ttag +84 1; 
ttag +85 9; 
ttag +86 9; 
ttag +87 8; 
ttag +88 6; 
tread
'Tree with tags' 
(0 ((1 (((15 16 )(17 (18 (19 ((20 21 )((22 23 )(24 25 )))))))((26 (27 (28 (29 30 ))))((31 ((32 33 )((34 35 )(36 (37 38 )))))(39 ((40 41 )(42 (43 ((44 45 )(46 47 ))))))))))(((2 3 )((7 (6 (4 5 )))((8 9 )(10 (11 12 )))))(13 14 )))); 
ttag *!; 
ttag +0 ////; 
ttag +1 ////; 
ttag +2 ////; 
ttag +3 ////; 
ttag +4 ////; 
ttag +5 ////; 
ttag +6 ////; 
ttag +7 ////; 
ttag +8 ////; 
ttag +9 ////; 
ttag +10 ////; 
ttag +11 ////; 
ttag +12 ////; 
ttag +13 ////; 
ttag +14 ////; 
ttag +15 ////; 
ttag +16 ////; 
ttag +17 ////; 
ttag +18 ////; 
ttag +19 ////; 
ttag +20 ////; 
ttag +21 ////; 
ttag +22 ////; 
ttag +23 ////; 
ttag +24 ////; 
ttag +25 ////; 
ttag +26 ////; 
ttag +27 ////; 
ttag +28 ////; 
ttag +29 ////; 
ttag +30 ////; 
ttag +31 ////; 
ttag +32 ////; 
ttag +33 ////; 
ttag +34 ////; 
ttag +35 ////; 
ttag +36 ////; 
ttag +37 ////; 
ttag +38 ////; 
ttag +39 ////; 
ttag +40 ////; 
ttag +41 ////; 
ttag +42 ////; 
ttag +43 ////; 
ttag +44 ////; 
ttag +45 ////; 
ttag +46 ////; 
ttag +47 ////; 
ttag +48 ////; 
ttag +49 6/[17]/?/?/?; 
ttag +50 100/100/100/100/100; 
ttag +51 98/98/94/98/94; 
ttag +52 98/98/95/97/93; 
ttag +53 28/4/?/?/2; 
ttag +54 98/96/94/98/89; 
ttag +55 42/13/1/11/?; 
ttag +56 99/99/99/99/98; 
ttag +57 51/31/26/38/4; 
ttag +58 16/[7]/?/?/?; 
ttag +59 74/71/61/70/60; 
ttag +60 77/70/60/80/68; 
ttag +61 100/100/98/100/98; 
ttag +62 99/98/99/100/99; 
ttag +63 100/100/100/100/100; 
ttag +64 68/56/50/58/53; 
ttag +65 7/[16]/?/?/?; 
ttag +66 68/52/40/42/36; 
ttag +67 86/84/76/84/76; 
ttag +68 67/48/31/38/22; 
ttag +69 95/95/94/92/94; 
ttag +70 98/98/97/99/94; 
ttag +71 100/100/98/100/97; 
ttag +72 98/98/94/99/94; 
ttag +73 98/98/92/99/96; 
ttag +74 92/92/90/92/92; 
ttag +75 91/89/83/93/81; 
ttag +76 94/93/87/90/84; 
ttag +77 100/100/100/100/98; 
ttag +78 98/98/97/99/97; 
ttag +79 97/96/91/95/91; 
ttag +80 92/90/80/91/78; 
ttag +81 98/98/96/98/96; 
ttag +82 98/97/96/100/96; 
ttag +83 99/99/99/97/97; 
ttag +84 89/88/83/87/87; 
ttag +85 99/99/100/100/100; 
ttag +86 95/94/93/97/91; 
ttag +87 98/98/88/98/90; 
ttag +88 97/96/90/95/92; 
ttag +89 95/94/84/92/86; 
ttag +90 63/49/33/44/34; 
ttag +91 98/96/94/99/96; 
ttag +92 100/100/98/99/98; 
ttag +93 98/96/90/99/95; 
ttag +94 98/98/94/98/98; 
