tread
'Tree with tags' 
(0 (1 (((2 3 )((4 5 )(6 7 )(9 (8 (10 (11 12 ))))))(13 14 )((15 16 )(17 (18 (19 ((20 21 )((22 23 )(24 25 ))))))))((26 (27 (28 (29 30 ))))(39 ((31 ((32 33 )((34 35 )(36 (37 38 )))))((40 41 )(42 (43 ((44 45 )(46 47 )))))))))); 
ttag *!; 
ttag +49 ???; 
ttag +50 4; 
ttag +51 4; 
ttag +52 1; 
ttag +53 9; 
ttag +54 2; 
ttag +55 2; 
ttag +56 1; 
ttag +57 5; 
ttag +58 6; 
ttag +59 1; 
ttag +60 6; 
ttag +61 9; 
ttag +62 6; 
ttag +63 2; 
ttag +64 5; 
ttag +65 1; 
ttag +66 10; 
ttag +67 5; 
ttag +68 1; 
ttag +69 5; 
ttag +70 7; 
ttag +71 7; 
ttag +72 6; 
ttag +73 3; 
ttag +74 5; 
ttag +75 4; 
ttag +76 5; 
ttag +77 2; 
ttag +78 7; 
ttag +79 8; 
ttag +80 4; 
ttag +81 1; 
ttag +82 2; 
ttag +83 14; 
ttag +84 6; 
ttag +85 6; 
ttag +86 2; 
ttag +87 11; 
ttag +88 7; 
ttag +89 7; 
ttag +90 6; 
ttag +91 3; 
tread
'Tree with tags' 
(0 ((1 (((2 3 )(((4 5 )(9 (8 (10 (11 12 )))))(6 7 )))((13 14 )((15 16 )(17 (18 (19 ((20 21 )((22 23 )(24 25 ))))))))))((26 (27 (28 (29 30 ))))(39 ((31 ((32 33 )((34 35 )(36 (37 38 )))))((40 41 )(42 (43 ((44 45 )(46 47 )))))))))); 
ttag *!; 
ttag +0 ////; 
ttag +1 ////; 
ttag +2 ////; 
ttag +3 ////; 
ttag +4 ////; 
ttag +5 ////; 
ttag +6 ////; 
ttag +7 ////; 
ttag +8 ////; 
ttag +9 ////; 
ttag +10 ////; 
ttag +11 ////; 
ttag +12 ////; 
ttag +13 ////; 
ttag +14 ////; 
ttag +15 ////; 
ttag +16 ////; 
ttag +17 ////; 
ttag +18 ////; 
ttag +19 ////; 
ttag +20 ////; 
ttag +21 ////; 
ttag +22 ////; 
ttag +23 ////; 
ttag +24 ////; 
ttag +25 ////; 
ttag +26 ////; 
ttag +27 ////; 
ttag +28 ////; 
ttag +29 ////; 
ttag +30 ////; 
ttag +31 ////; 
ttag +32 ////; 
ttag +33 ////; 
ttag +34 ////; 
ttag +35 ////; 
ttag +36 ////; 
ttag +37 ////; 
ttag +38 ////; 
ttag +39 ////; 
ttag +40 ////; 
ttag +41 ////; 
ttag +42 ////; 
ttag +43 ////; 
ttag +44 ////; 
ttag +45 ////; 
ttag +46 ////; 
ttag +47 ////; 
ttag +48 ////; 
ttag +49 23/6/4/?/2; 
ttag +50 100/100/100/100/100; 
ttag +51 92/90/89/92/86; 
ttag +52 93/93/91/96/89; 
ttag +53 32/20/14/23/16; 
ttag +54 100/100/99/100/100; 
ttag +55 35/[7]/?/?/?; 
ttag +56 77/71/57/72/60; 
ttag +57 78/72/63/66/60; 
ttag +58 73/68/64/61/54; 
ttag +59 97/96/92/97/92; 
ttag +60 98/98/95/98/92; 
ttag +61 66/44/42/37/38; 
ttag +62 100/100/98/99/98; 
ttag +63 19/0/1/3/?; 
ttag +64 99/99/100/100/99; 
ttag +65 96/96/84/96/89; 
ttag +66 84/76/68/77/62; 
ttag +67 86/82/78/88/74; 
ttag +68 62/54/53/58/56; 
ttag +69 100/100/100/100/100; 
ttag +70 94/92/86/95/84; 
ttag +71 58/32/32/42/34; 
ttag +72 97/96/86/93/90; 
ttag +73 100/100/99/99/98; 
ttag +74 99/99/94/96/96; 
ttag +75 98/98/92/98/92; 
ttag +76 81/72/69/71/59; 
ttag +77 97/96/93/96/88; 
ttag +78 94/92/84/94/81; 
ttag +79 96/95/92/94/89; 
ttag +80 71/67/53/64/52; 
ttag +81 98/98/96/99/95; 
ttag +82 100/100/99/100/100; 
ttag +83 93/91/80/86/77; 
ttag +84 74/74/67/68/66; 
ttag +85 78/69/63/68/64; 
ttag +86 100/100/100/100/100; 
ttag +87 98/97/96/98/96; 
ttag +88 99/99/98/99/99; 
ttag +89 70/56/61/68/53; 
ttag +90 100/100/99/99/99; 
ttag +91 99/99/99/99/99; 
ttag +92 100/100/96/98/97; 
ttag +93 99/99/98/100/99; 
ttag +94 90/86/81/86/76; 
