tread
'Tree with tags' 
(0 (1 ((((2 3 )((((4 5 )(6 7 ))(8 9 ))(10 (11 12 ))))((26 27 28 (29 30 ))(39 (31 ((32 33 )((34 35 )(36 (37 38 )))))((40 41 )(42 (43 ((44 45 )(46 47 ))))))))((13 14 )((15 16 )(17 ((18 19 )((20 21 )(24 25 (22 23 )))))))))); 
ttag *!; 
ttag +49 ???; 
ttag +50 7; 
ttag +51 6; 
ttag +52 1; 
ttag +53 2; 
ttag +54 7; 
ttag +55 6; 
ttag +56 3; 
ttag +57 5; 
ttag +58 1; 
ttag +59 4; 
ttag +60 5; 
ttag +61 13; 
ttag +62 6; 
ttag +63 1; 
ttag +64 5; 
ttag +65 2; 
ttag +66 1; 
ttag +67 2; 
ttag +68 5; 
ttag +69 11; 
ttag +70 3; 
ttag +71 12; 
ttag +72 5; 
ttag +73 5; 
ttag +74 10; 
ttag +75 5; 
ttag +76 8; 
ttag +77 6; 
ttag +78 8; 
ttag +79 3; 
ttag +80 2; 
ttag +81 1; 
ttag +82 12; 
ttag +83 10; 
ttag +84 1; 
ttag +85 4; 
ttag +86 12; 
ttag +87 4; 
ttag +88 10; 
ttag +89 4; 
ttag +90 3; 
tread
'Tree with tags' 
(0 (1 ((((2 3 )((((4 5 )(6 7 ))(8 9 ))(10 (11 12 ))))(((28 (26 27 ))(29 30 ))((31 ((32 33 )((34 35 )(36 (37 38 )))))(39 ((40 41 )(42 (43 ((44 45 )(46 47 )))))))))((13 14 )((15 16 )(17 ((18 19 )((20 21 )((22 23 )(24 25 )))))))))); 
ttag *!; 
ttag +0 ////; 
ttag +1 ////; 
ttag +2 ////; 
ttag +3 ////; 
ttag +4 ////; 
ttag +5 ////; 
ttag +6 ////; 
ttag +7 ////; 
ttag +8 ////; 
ttag +9 ////; 
ttag +10 ////; 
ttag +11 ////; 
ttag +12 ////; 
ttag +13 ////; 
ttag +14 ////; 
ttag +15 ////; 
ttag +16 ////; 
ttag +17 ////; 
ttag +18 ////; 
ttag +19 ////; 
ttag +20 ////; 
ttag +21 ////; 
ttag +22 ////; 
ttag +23 ////; 
ttag +24 ////; 
ttag +25 ////; 
ttag +26 ////; 
ttag +27 ////; 
ttag +28 ////; 
ttag +29 ////; 
ttag +30 ////; 
ttag +31 ////; 
ttag +32 ////; 
ttag +33 ////; 
ttag +34 ////; 
ttag +35 ////; 
ttag +36 ////; 
ttag +37 ////; 
ttag +38 ////; 
ttag +39 ////; 
ttag +40 ////; 
ttag +41 ////; 
ttag +42 ////; 
ttag +43 ////; 
ttag +44 ////; 
ttag +45 ////; 
ttag +46 ////; 
ttag +47 ////; 
ttag +48 ////; 
ttag +49 100/100/100/100/100; 
ttag +50 99/98/97/99/100; 
ttag +51 95/94/82/92/82; 
ttag +52 14/[23]/?/?/?; 
ttag +53 51/44/37/43/32; 
ttag +54 98/98/96/97/93; 
ttag +55 80/71/64/71/63; 
ttag +56 66/52/29/51/30; 
ttag +57 94/94/80/90/84; 
ttag +58 47/40/40/36/30; 
ttag +59 95/94/87/95/87; 
ttag +60 92/91/90/93/87; 
ttag +61 100/100/100/100/100; 
ttag +62 100/100/99/99/98; 
ttag +63 21/[17]/?/?/?; 
ttag +64 98/98/94/96/95; 
ttag +65 61/54/48/53/39; 
ttag +66 32/16/9/25/12; 
ttag +67 58/36/36/49/44; 
ttag +68 94/93/80/95/87; 
ttag +69 100/100/100/100/100; 
ttag +70 88/83/72/80/72; 
ttag +71 100/100/99/100/100; 
ttag +72 97/96/93/97/95; 
ttag +73 39/[7]/0/1/1; 
ttag +74 24/[1]/0/0/?; 
ttag +75 32/[9]/?/?/?; 
ttag +76 94/91/83/92/83; 
ttag +77 100/100/99/99/98; 
ttag +78 99/99/96/98/96; 
ttag +79 100/100/98/99/97; 
ttag +80 97/97/90/90/89; 
ttag +81 100/100/100/100/99; 
ttag +82 92/90/81/83/78; 
ttag +83 90/90/87/86/89; 
ttag +84 44/33/25/36/26; 
ttag +85 100/100/100/100/100; 
ttag +86 100/100/100/99/99; 
ttag +87 28/[3]/?/?/?; 
ttag +88 72/56/42/61/47; 
ttag +89 90/84/80/84/71; 
ttag +90 99/99/99/100/99; 
ttag +91 79/68/58/74/60; 
ttag +92 100/100/99/100/99; 
ttag +93 76/66/56/74/62; 
ttag +94 86/82/74/86/74; 
