tread
'Tree with tags' 
(0 (1 ((2 3 )(6 7 (4 5 ))(8 9 (10 (11 12 ))))((13 14 )(((15 16 )(17 (18 (19 ((20 21 )((22 23 )(24 25 )))))))((26 (27 (28 (29 30 ))))((31 ((32 33 )(34 35 )(36 (37 38 ))))(39 (41 (40 (42 (43 ((44 45 )(46 47 ))))))))))))); 
ttag *!; 
ttag +49 ???; 
ttag +50 5; 
ttag +51 6; 
ttag +52 4; 
ttag +53 5; 
ttag +54 3; 
ttag +55 6; 
ttag +56 7; 
ttag +57 6; 
ttag +58 1; 
ttag +59 9; 
ttag +60 3; 
ttag +61 1; 
ttag +62 1; 
ttag +63 3; 
ttag +64 1; 
ttag +65 10; 
ttag +66 11; 
ttag +67 12; 
ttag +68 1; 
ttag +69 4; 
ttag +70 3; 
ttag +71 1; 
ttag +72 3; 
ttag +73 4; 
ttag +74 16; 
ttag +75 8; 
ttag +76 6; 
ttag +77 3; 
ttag +78 3; 
ttag +79 1; 
ttag +80 8; 
ttag +81 4; 
ttag +82 2; 
ttag +83 1; 
ttag +84 10; 
ttag +85 14; 
ttag +86 3; 
ttag +87 6; 
ttag +88 6; 
ttag +89 3; 
tread
'Tree with tags' 
(0 ((1 ((13 14 )(((15 16 )(17 (18 (19 ((20 21 )((22 23 )(24 25 )))))))((26 (27 (28 (29 30 ))))((31 ((32 33 )((34 35 )(36 (37 38 )))))(39 (41 (40 (42 (43 ((44 45 )(46 47 ))))))))))))(((2 3 )(7 (6 (4 5 ))))((8 9 )(10 (11 12 )))))); 
ttag *!; 
ttag +0 ////; 
ttag +1 ////; 
ttag +2 ////; 
ttag +3 ////; 
ttag +4 ////; 
ttag +5 ////; 
ttag +6 ////; 
ttag +7 ////; 
ttag +8 ////; 
ttag +9 ////; 
ttag +10 ////; 
ttag +11 ////; 
ttag +12 ////; 
ttag +13 ////; 
ttag +14 ////; 
ttag +15 ////; 
ttag +16 ////; 
ttag +17 ////; 
ttag +18 ////; 
ttag +19 ////; 
ttag +20 ////; 
ttag +21 ////; 
ttag +22 ////; 
ttag +23 ////; 
ttag +24 ////; 
ttag +25 ////; 
ttag +26 ////; 
ttag +27 ////; 
ttag +28 ////; 
ttag +29 ////; 
ttag +30 ////; 
ttag +31 ////; 
ttag +32 ////; 
ttag +33 ////; 
ttag +34 ////; 
ttag +35 ////; 
ttag +36 ////; 
ttag +37 ////; 
ttag +38 ////; 
ttag +39 ////; 
ttag +40 ////; 
ttag +41 ////; 
ttag +42 ////; 
ttag +43 ////; 
ttag +44 ////; 
ttag +45 ////; 
ttag +46 ////; 
ttag +47 ////; 
ttag +48 ////; 
ttag +49 14/[24]/?/?/?; 
ttag +50 100/100/100/100/100; 
ttag +51 95/93/88/95/86; 
ttag +52 59/35/32/23/25; 
ttag +53 100/100/97/97/96; 
ttag +54 95/94/94/96/95; 
ttag +55 28/4/?/?/?; 
ttag +56 97/96/90/97/90; 
ttag +57 14/[31]/?/?/?; 
ttag +58 88/86/74/90/76; 
ttag +59 97/96/89/98/94; 
ttag +60 99/99/96/98/98; 
ttag +61 100/100/100/99/98; 
ttag +62 61/53/39/45/38; 
ttag +63 100/100/99/100/99; 
ttag +64 88/87/77/87/87; 
ttag +65 51/34/22/37/22; 
ttag +66 73/68/50/69/56; 
ttag +67 77/72/58/79/62; 
ttag +68 70/58/68/55/62; 
ttag +69 100/100/100/100/100; 
ttag +70 100/100/100/100/99; 
ttag +71 100/100/100/100/100; 
ttag +72 66/52/49/53/49; 
ttag +73 91/87/77/94/81; 
ttag +74 80/76/70/82/71; 
ttag +75 77/73/64/73/62; 
ttag +76 82/78/66/82/65; 
ttag +77 87/84/81/90/80; 
ttag +78 100/100/100/100/99; 
ttag +79 99/99/96/98/96; 
ttag +80 96/95/89/94/86; 
ttag +81 98/98/98/96/93; 
ttag +82 88/84/73/85/77; 
ttag +83 71/70/70/67/74; 
ttag +84 37/8/?/?/?; 
ttag +85 100/100/99/100/97; 
ttag +86 98/98/99/98/98; 
ttag +87 82/79/70/74/74; 
ttag +88 49/28/17/32/37; 
ttag +89 100/100/100/100/98; 
ttag +90 100/100/100/100/100; 
ttag +91 80/68/66/70/68; 
ttag +92 100/100/98/99/99; 
ttag +93 99/98/97/98/97; 
ttag +94 90/88/80/86/80; 
