tread
'Tree with tags' 
(0 (1 ((2 3 )(10 ((4 5 )(6 7 ))(8 9 )(11 12 )))(13 14 )(17 (15 16 )(18 19 ((20 21 )((22 23 )(24 25 )))))(26 (27 (28 (29 30 ))))((39 (31 (((32 33 )(34 35 ))(36 (37 38 )))))((40 41 )(42 (43 ((44 45 )(46 47 )))))))); 
ttag *!; 
ttag +49 ???; 
ttag +50 5; 
ttag +51 4; 
ttag +52 8; 
ttag +53 3; 
ttag +54 5; 
ttag +55 3; 
ttag +56 2; 
ttag +57 5; 
ttag +58 7; 
ttag +59 14; 
ttag +60 4; 
ttag +61 4; 
ttag +62 4; 
ttag +63 5; 
ttag +64 2; 
ttag +65 6; 
ttag +66 10; 
ttag +67 6; 
ttag +68 1; 
ttag +69 3; 
ttag +70 6; 
ttag +71 8; 
ttag +72 1; 
ttag +73 4; 
ttag +74 5; 
ttag +75 1; 
ttag +76 4; 
ttag +77 4; 
ttag +78 8; 
ttag +79 14; 
ttag +80 1; 
ttag +81 7; 
ttag +82 10; 
ttag +83 3; 
ttag +84 11; 
ttag +85 3; 
ttag +86 2; 
tread
'Tree with tags' 
(0 ((((1 ((2 3 )(10 ((((4 5 )(6 7 ))(8 9 ))(11 12 )))))(((17 (15 16 ))(18 (19 ((20 21 )((22 23 )(24 25 ))))))(26 (27 (28 (29 30 ))))))((39 (31 (((32 33 )(34 35 ))(36 (37 38 )))))((40 41 )(42 (43 ((44 45 )(46 47 )))))))(13 14 ))); 
ttag *!; 
ttag +0 ////; 
ttag +1 ////; 
ttag +2 ////; 
ttag +3 ////; 
ttag +4 ////; 
ttag +5 ////; 
ttag +6 ////; 
ttag +7 ////; 
ttag +8 ////; 
ttag +9 ////; 
ttag +10 ////; 
ttag +11 ////; 
ttag +12 ////; 
ttag +13 ////; 
ttag +14 ////; 
ttag +15 ////; 
ttag +16 ////; 
ttag +17 ////; 
ttag +18 ////; 
ttag +19 ////; 
ttag +20 ////; 
ttag +21 ////; 
ttag +22 ////; 
ttag +23 ////; 
ttag +24 ////; 
ttag +25 ////; 
ttag +26 ////; 
ttag +27 ////; 
ttag +28 ////; 
ttag +29 ////; 
ttag +30 ////; 
ttag +31 ////; 
ttag +32 ////; 
ttag +33 ////; 
ttag +34 ////; 
ttag +35 ////; 
ttag +36 ////; 
ttag +37 ////; 
ttag +38 ////; 
ttag +39 ////; 
ttag +40 ////; 
ttag +41 ////; 
ttag +42 ////; 
ttag +43 ////; 
ttag +44 ////; 
ttag +45 ////; 
ttag +46 ////; 
ttag +47 ////; 
ttag +48 ////; 
ttag +49 39/23/16/28/19; 
ttag +50 12/[1]/3/2/1; 
ttag +51 35/26/28/40/33; 
ttag +52 100/100/100/100/100; 
ttag +53 99/99/91/99/94; 
ttag +54 92/88/77/92/84; 
ttag +55 100/100/97/98/97; 
ttag +56 96/96/86/92/86; 
ttag +57 18/[6]/?/?/?; 
ttag +58 30/[3]/?/?/?; 
ttag +59 96/94/90/95/90; 
ttag +60 89/86/79/89/76; 
ttag +61 72/68/64/76/60; 
ttag +62 99/99/97/98/94; 
ttag +63 99/99/99/100/99; 
ttag +64 100/100/100/100/100; 
ttag +65 12/[33]/?/?/?; 
ttag +66 87/83/70/91/76; 
ttag +67 17/[6]/?/?/?; 
ttag +68 92/90/84/88/84; 
ttag +69 28/[9]/?/4/?; 
ttag +70 98/98/98/99/99; 
ttag +71 96/96/90/95/86; 
ttag +72 81/77/65/80/64; 
ttag +73 99/98/94/96/94; 
ttag +74 100/100/99/99/98; 
ttag +75 99/99/94/99/98; 
ttag +76 82/78/75/73/69; 
ttag +77 90/87/79/87/78; 
ttag +78 98/98/99/97/96; 
ttag +79 99/99/96/99/94; 
ttag +80 58/36/31/30/25; 
ttag +81 94/93/91/94/86; 
ttag +82 99/99/99/99/99; 
ttag +83 62/48/42/52/36; 
ttag +84 98/97/92/98/90; 
ttag +85 96/95/93/96/93; 
ttag +86 98/98/97/98/94; 
ttag +87 100/100/100/100/100; 
ttag +88 65/43/42/44/30; 
ttag +89 96/96/93/98/95; 
ttag +90 99/99/98/99/96; 
ttag +91 87/83/69/79/69; 
ttag +92 100/100/100/100/100; 
ttag +93 84/82/78/87/80; 
ttag +94 85/81/68/80/72; 
