tread
'Tree with tags' 
(0 (((1 ((2 3 )(((4 5 )(6 7 ))((8 9 )(10 (11 12 ))))))((26 (27 (28 (29 30 ))))((31 (((32 33 )(36 (37 38 )))(34 35 )))(39 ((40 41 )(42 (43 (46 (47 (44 45 ))))))))))((13 14 )((15 16 )(17 (18 (19 ((20 21 )((22 23 )(24 25 )))))))))); 
ttag *!; 
ttag +49 2; 
ttag +50 1; 
ttag +51 ???; 
ttag +52 3; 
ttag +53 6; 
ttag +54 2; 
ttag +55 6; 
ttag +56 2; 
ttag +57 3; 
ttag +58 2; 
ttag +59 1; 
ttag +60 6; 
ttag +61 7; 
ttag +62 10; 
ttag +63 1; 
ttag +64 13; 
ttag +65 6; 
ttag +66 4; 
ttag +67 7; 
ttag +68 4; 
ttag +69 8; 
ttag +70 2; 
ttag +71 5; 
ttag +72 7; 
ttag +73 4; 
ttag +74 7; 
ttag +75 3; 
ttag +76 1; 
ttag +77 6; 
ttag +78 17; 
ttag +79 4; 
ttag +80 9; 
ttag +81 2; 
ttag +82 1; 
ttag +83 11; 
ttag +84 5; 
ttag +85 5; 
ttag +86 15; 
ttag +87 1; 
ttag +88 4; 
ttag +89 7; 
ttag +90 9; 
ttag +91 2; 
ttag +92 6; 
ttag +93 2; 
ttag +94 5; 
tread
'Tree with tags' 
(0 (((1 ((2 3 )(((4 5 )(6 7 ))((8 9 )(10 (11 12 ))))))((26 (27 (28 (29 30 ))))((31 (((32 33 )(36 (37 38 )))(34 35 )))(39 ((40 41 )(42 (43 (46 (47 (44 45 ))))))))))((13 14 )((15 16 )(17 (18 (19 ((20 21 )((22 23 )(24 25 )))))))))); 
ttag *!; 
ttag +0 ////; 
ttag +1 ////; 
ttag +2 ////; 
ttag +3 ////; 
ttag +4 ////; 
ttag +5 ////; 
ttag +6 ////; 
ttag +7 ////; 
ttag +8 ////; 
ttag +9 ////; 
ttag +10 ////; 
ttag +11 ////; 
ttag +12 ////; 
ttag +13 ////; 
ttag +14 ////; 
ttag +15 ////; 
ttag +16 ////; 
ttag +17 ////; 
ttag +18 ////; 
ttag +19 ////; 
ttag +20 ////; 
ttag +21 ////; 
ttag +22 ////; 
ttag +23 ////; 
ttag +24 ////; 
ttag +25 ////; 
ttag +26 ////; 
ttag +27 ////; 
ttag +28 ////; 
ttag +29 ////; 
ttag +30 ////; 
ttag +31 ////; 
ttag +32 ////; 
ttag +33 ////; 
ttag +34 ////; 
ttag +35 ////; 
ttag +36 ////; 
ttag +37 ////; 
ttag +38 ////; 
ttag +39 ////; 
ttag +40 ////; 
ttag +41 ////; 
ttag +42 ////; 
ttag +43 ////; 
ttag +44 ////; 
ttag +45 ////; 
ttag +46 ////; 
ttag +47 ////; 
ttag +48 ////; 
ttag +49 46/38/30/31/24; 
ttag +50 23/4/8/13/4; 
ttag +51 100/100/100/100/100; 
ttag +52 88/82/78/77/81; 
ttag +53 98/98/98/99/100; 
ttag +54 77/64/56/65/61; 
ttag +55 98/97/95/99/98; 
ttag +56 72/65/60/71/62; 
ttag +57 87/83/78/88/82; 
ttag +58 74/64/54/66/60; 
ttag +59 54/33/28/37/24; 
ttag +60 97/96/92/99/92; 
ttag +61 98/97/97/99/98; 
ttag +62 100/100/98/100/97; 
ttag +63 42/22/25/31/17; 
ttag +64 100/100/100/100/100; 
ttag +65 96/95/86/95/82; 
ttag +66 94/92/76/92/74; 
ttag +67 97/96/91/99/94; 
ttag +68 97/96/93/97/92; 
ttag +69 100/100/100/100/100; 
ttag +70 74/58/46/66/48; 
ttag +71 97/96/93/91/92; 
ttag +72 100/100/97/100/97; 
ttag +73 89/85/71/82/77; 
ttag +74 97/96/95/97/94; 
ttag +75 75/66/58/71/50; 
ttag +76 51/27/13/19/14; 
ttag +77 98/97/94/99/95; 
ttag +78 100/100/100/100/100; 
ttag +79 96/96/91/93/86; 
ttag +80 99/98/97/100/97; 
ttag +81 66/58/52/63/38; 
ttag +82 49/41/45/51/30; 
ttag +83 100/100/98/99/98; 
ttag +84 99/99/97/98/98; 
ttag +85 96/96/95/96/91; 
ttag +86 100/100/100/100/100; 
ttag +87 50/32/28/33/25; 
ttag +88 94/92/92/97/93; 
ttag +89 99/98/94/99/98; 
ttag +90 99/99/100/99/100; 
ttag +91 65/49/62/61/48; 
ttag +92 98/97/88/95/94; 
ttag +93 73/69/52/74/52; 
ttag +94 97/96/86/94/88; 
