tread
'Tree with tags' 
(0 (1 ((2 3 )((6 7 (4 5 ))(8 (9 (10 (11 12 ))))))((13 14 )((17 (15 16 ))(18 (19 ((20 21 )(24 25 (22 23 )))))))((26 (27 (28 (29 30 ))))((39 (31 ((32 33 )((34 35 )(36 (37 38 ))))))((40 41 )(42 (43 (46 47 (44 45 ))))))))); 
ttag *!; 
ttag +49 ???; 
ttag +50 11; 
ttag +51 6; 
ttag +52 7; 
ttag +53 3; 
ttag +54 2; 
ttag +55 5; 
ttag +56 1; 
ttag +57 10; 
ttag +58 6; 
ttag +59 6; 
ttag +60 1; 
ttag +61 11; 
ttag +62 1; 
ttag +63 5; 
ttag +64 6; 
ttag +65 1; 
ttag +66 6; 
ttag +67 3; 
ttag +68 5; 
ttag +69 5; 
ttag +70 6; 
ttag +71 6; 
ttag +72 2; 
ttag +73 7; 
ttag +74 16; 
ttag +75 7; 
ttag +76 1; 
ttag +77 3; 
ttag +78 6; 
ttag +79 5; 
ttag +80 1; 
ttag +81 1; 
ttag +82 6; 
ttag +83 11; 
ttag +84 4; 
ttag +85 3; 
ttag +86 10; 
ttag +87 4; 
ttag +88 7; 
ttag +89 4; 
tread
'Tree with tags' 
(0 ((1 (((2 3 )((6 (7 (4 5 )))(8 (9 (10 (11 12 ))))))((26 (27 (28 (29 30 ))))((39 (31 ((32 33 )((34 35 )(36 (37 38 ))))))((40 41 )(42 (43 (47 (46 (44 45 ))))))))))((13 14 )((17 (15 16 ))(18 (19 ((20 21 )(24 (25 (22 23 )))))))))); 
ttag *!; 
ttag +0 ////; 
ttag +1 ////; 
ttag +2 ////; 
ttag +3 ////; 
ttag +4 ////; 
ttag +5 ////; 
ttag +6 ////; 
ttag +7 ////; 
ttag +8 ////; 
ttag +9 ////; 
ttag +10 ////; 
ttag +11 ////; 
ttag +12 ////; 
ttag +13 ////; 
ttag +14 ////; 
ttag +15 ////; 
ttag +16 ////; 
ttag +17 ////; 
ttag +18 ////; 
ttag +19 ////; 
ttag +20 ////; 
ttag +21 ////; 
ttag +22 ////; 
ttag +23 ////; 
ttag +24 ////; 
ttag +25 ////; 
ttag +26 ////; 
ttag +27 ////; 
ttag +28 ////; 
ttag +29 ////; 
ttag +30 ////; 
ttag +31 ////; 
ttag +32 ////; 
ttag +33 ////; 
ttag +34 ////; 
ttag +35 ////; 
ttag +36 ////; 
ttag +37 ////; 
ttag +38 ////; 
ttag +39 ////; 
ttag +40 ////; 
ttag +41 ////; 
ttag +42 ////; 
ttag +43 ////; 
ttag +44 ////; 
ttag +45 ////; 
ttag +46 ////; 
ttag +47 ////; 
ttag +48 ////; 
ttag +49 38/22/19/19/8; 
ttag +50 100/100/100/100/100; 
ttag +51 99/99/98/99/98; 
ttag +52 99/99/95/98/96; 
ttag +53 30/[6]/10/?/5; 
ttag +54 99/99/98/99/97; 
ttag +55 26/10/5/12/4; 
ttag +56 81/75/62/78/69; 
ttag +57 69/64/62/70/59; 
ttag +58 83/78/75/83/72; 
ttag +59 58/46/27/58/37; 
ttag +60 98/98/94/99/95; 
ttag +61 98/97/96/99/98; 
ttag +62 100/100/100/99/98; 
ttag +63 71/62/58/65/47; 
ttag +64 100/100/98/100/98; 
ttag +65 57/33/32/42/37; 
ttag +66 98/98/92/96/92; 
ttag +67 98/97/94/96/95; 
ttag +68 62/46/44/40/32; 
ttag +69 99/99/98/99/98; 
ttag +70 86/84/72/80/74; 
ttag +71 100/100/97/100/98; 
ttag +72 32/[2]/4/?/2; 
ttag +73 97/96/94/96/90; 
ttag +74 98/97/92/97/94; 
ttag +75 96/95/91/99/90; 
ttag +76 82/82/78/84/83; 
ttag +77 99/99/94/98/96; 
ttag +78 100/100/100/100/100; 
ttag +79 97/97/93/98/93; 
ttag +80 54/33/30/41/33; 
ttag +81 95/94/87/94/88; 
ttag +82 100/100/100/99/100; 
ttag +83 96/96/94/95/92; 
ttag +84 48/27/29/42/21; 
ttag +85 62/57/49/56/52; 
ttag +86 97/97/94/98/92; 
ttag +87 100/100/100/100/100; 
ttag +88 92/90/84/90/84; 
ttag +89 91/89/84/86/79; 
ttag +90 100/100/99/100/99; 
ttag +91 92/87/80/86/80; 
ttag +92 98/98/97/100/97; 
ttag +93 10/[23]/?/?/?; 
ttag +94 95/93/84/94/88; 
