tread
'Tree with tags' 
(0 ((1 ((2 3 )(8 9 ((4 5 )(6 7 ))(10 (11 12 )))))((13 14 )((15 16 )(17 (18 (19 ((20 21 )((22 23 )(24 25 )))))))((26 (27 (28 (29 30 ))))((39 (31 ((32 33 )((34 35 )(36 (37 38 ))))))((40 41 )(42 (43 ((44 45 )(46 47 )))))))))); 
ttag *!; 
ttag +49 1; 
ttag +50 ???; 
ttag +51 4; 
ttag +52 10; 
ttag +53 2; 
ttag +54 6; 
ttag +55 1; 
ttag +56 2; 
ttag +57 7; 
ttag +58 2; 
ttag +59 6; 
ttag +60 1; 
ttag +61 8; 
ttag +62 2; 
ttag +63 2; 
ttag +64 7; 
ttag +65 1; 
ttag +66 6; 
ttag +67 3; 
ttag +68 6; 
ttag +69 6; 
ttag +70 7; 
ttag +71 2; 
ttag +72 1; 
ttag +73 3; 
ttag +74 4; 
ttag +75 6; 
ttag +76 2; 
ttag +77 1; 
ttag +78 7; 
ttag +79 7; 
ttag +80 1; 
ttag +81 2; 
ttag +82 1; 
ttag +83 10; 
ttag +84 9; 
ttag +85 9; 
ttag +86 2; 
ttag +87 4; 
ttag +88 3; 
ttag +89 1; 
ttag +90 10; 
ttag +91 3; 
tread
'Tree with tags' 
(0 ((1 ((2 3 )(9 (((4 5 )(6 7 ))(8 (10 (11 12 )))))))(((13 14 )((26 (27 (28 (29 30 ))))((39 (31 ((32 33 )((34 35 )(36 (37 38 ))))))((40 41 )(42 (43 ((44 45 )(46 47 ))))))))((15 16 )(17 (18 (19 ((20 21 )((22 23 )(24 25 )))))))))); 
ttag *!; 
ttag +0 ////; 
ttag +1 ////; 
ttag +2 ////; 
ttag +3 ////; 
ttag +4 ////; 
ttag +5 ////; 
ttag +6 ////; 
ttag +7 ////; 
ttag +8 ////; 
ttag +9 ////; 
ttag +10 ////; 
ttag +11 ////; 
ttag +12 ////; 
ttag +13 ////; 
ttag +14 ////; 
ttag +15 ////; 
ttag +16 ////; 
ttag +17 ////; 
ttag +18 ////; 
ttag +19 ////; 
ttag +20 ////; 
ttag +21 ////; 
ttag +22 ////; 
ttag +23 ////; 
ttag +24 ////; 
ttag +25 ////; 
ttag +26 ////; 
ttag +27 ////; 
ttag +28 ////; 
ttag +29 ////; 
ttag +30 ////; 
ttag +31 ////; 
ttag +32 ////; 
ttag +33 ////; 
ttag +34 ////; 
ttag +35 ////; 
ttag +36 ////; 
ttag +37 ////; 
ttag +38 ////; 
ttag +39 ////; 
ttag +40 ////; 
ttag +41 ////; 
ttag +42 ////; 
ttag +43 ////; 
ttag +44 ////; 
ttag +45 ////; 
ttag +46 ////; 
ttag +47 ////; 
ttag +48 ////; 
ttag +49 26/[9]/?/?/?; 
ttag +50 100/100/100/100/100; 
ttag +51 97/96/84/96/91; 
ttag +52 99/99/97/99/96; 
ttag +53 79/74/73/79/78; 
ttag +54 96/96/95/98/94; 
ttag +55 9/[38]/?/?/?; 
ttag +56 66/56/45/42/43; 
ttag +57 60/46/46/46/42; 
ttag +58 18/[29]/?/?/?; 
ttag +59 96/94/89/94/93; 
ttag +60 72/58/54/59/49; 
ttag +61 99/99/97/98/97; 
ttag +62 10/[25]/?/?/?; 
ttag +63 31/[4]/3/6/2; 
ttag +64 99/99/96/98/97; 
ttag +65 72/66/54/58/55; 
ttag +66 81/76/64/71/63; 
ttag +67 98/98/98/99/97; 
ttag +68 56/40/40/49/31; 
ttag +69 100/100/100/100/100; 
ttag +70 92/92/87/92/92; 
ttag +71 97/97/95/98/96; 
ttag +72 97/97/96/99/98; 
ttag +73 99/99/97/99/98; 
ttag +74 86/82/72/85/75; 
ttag +75 50/32/33/39/38; 
ttag +76 90/89/84/89/81; 
ttag +77 97/96/89/95/89; 
ttag +78 98/97/92/99/92; 
ttag +79 81/76/67/70/61; 
ttag +80 50/22/21/24/16; 
ttag +81 97/96/94/97/94; 
ttag +82 100/100/100/99/99; 
ttag +83 58/33/29/16/20; 
ttag +84 73/65/68/72/62; 
ttag +85 38/6/0/?/?; 
ttag +86 99/99/98/99/98; 
ttag +87 98/98/99/100/97; 
ttag +88 99/99/99/99/98; 
ttag +89 85/81/69/76/67; 
ttag +90 94/93/88/94/82; 
ttag +91 80/73/68/84/70; 
ttag +92 50/40/27/35/22; 
ttag +93 100/100/98/98/98; 
ttag +94 83/80/78/86/68; 
