tread
'Tree with tags' 
(0 ((1 ((2 3 )(((4 5 )(6 7 ))(8 (9 (10 (11 12 )))))))(13 14 )((15 16 )(17 (18 (19 ((20 21 )((22 23 )(24 25 )))))))(39 (27 (26 (28 (29 30 ))))(31 ((32 33 )((34 35 )(36 (37 38 )))))((40 41 )(42 (43 ((44 45 )(46 47 )))))))); 
ttag *!; 
ttag +49 1; 
ttag +50 ???; 
ttag +51 8; 
ttag +52 9; 
ttag +53 9; 
ttag +54 6; 
ttag +55 6; 
ttag +56 5; 
ttag +57 3; 
ttag +58 1; 
ttag +59 3; 
ttag +60 7; 
ttag +61 8; 
ttag +62 11; 
ttag +63 6; 
ttag +64 1; 
ttag +65 6; 
ttag +66 6; 
ttag +67 8; 
ttag +68 5; 
ttag +69 7; 
ttag +70 9; 
ttag +71 1; 
ttag +72 2; 
ttag +73 11; 
ttag +74 5; 
ttag +75 3; 
ttag +76 14; 
ttag +77 8; 
ttag +78 6; 
ttag +79 4; 
ttag +80 4; 
ttag +81 5; 
ttag +82 13; 
ttag +83 8; 
ttag +84 2; 
ttag +85 5; 
ttag +86 8; 
ttag +87 1; 
ttag +88 8; 
ttag +89 6; 
ttag +90 3; 
tread
'Tree with tags' 
(0 (((1 ((2 3 )(((4 5 )(6 7 ))(8 (9 (10 (11 12 )))))))((13 14 )((39 ((27 (26 (28 (29 30 ))))((40 41 )(42 (43 ((44 45 )(46 47 )))))))(31 ((32 33 )((34 35 )(36 (37 38 ))))))))((15 16 )(17 (18 (19 ((20 21 )((22 23 )(24 25 ))))))))); 
ttag *!; 
ttag +0 ////; 
ttag +1 ////; 
ttag +2 ////; 
ttag +3 ////; 
ttag +4 ////; 
ttag +5 ////; 
ttag +6 ////; 
ttag +7 ////; 
ttag +8 ////; 
ttag +9 ////; 
ttag +10 ////; 
ttag +11 ////; 
ttag +12 ////; 
ttag +13 ////; 
ttag +14 ////; 
ttag +15 ////; 
ttag +16 ////; 
ttag +17 ////; 
ttag +18 ////; 
ttag +19 ////; 
ttag +20 ////; 
ttag +21 ////; 
ttag +22 ////; 
ttag +23 ////; 
ttag +24 ////; 
ttag +25 ////; 
ttag +26 ////; 
ttag +27 ////; 
ttag +28 ////; 
ttag +29 ////; 
ttag +30 ////; 
ttag +31 ////; 
ttag +32 ////; 
ttag +33 ////; 
ttag +34 ////; 
ttag +35 ////; 
ttag +36 ////; 
ttag +37 ////; 
ttag +38 ////; 
ttag +39 ////; 
ttag +40 ////; 
ttag +41 ////; 
ttag +42 ////; 
ttag +43 ////; 
ttag +44 ////; 
ttag +45 ////; 
ttag +46 ////; 
ttag +47 ////; 
ttag +48 ////; 
ttag +49 46/32/26/32/18; 
ttag +50 15/[6]/?/?/?; 
ttag +51 100/100/100/100/100; 
ttag +52 98/98/97/99/98; 
ttag +53 100/100/100/99/99; 
ttag +54 100/100/98/100/99; 
ttag +55 99/99/92/99/92; 
ttag +56 98/98/92/98/89; 
ttag +57 98/98/95/97/93; 
ttag +58 74/69/59/70/52; 
ttag +59 44/30/20/33/25; 
ttag +60 80/74/58/77/58; 
ttag +61 97/96/93/96/88; 
ttag +62 100/100/98/99/98; 
ttag +63 20/0/?/?/?; 
ttag +64 100/100/99/100/100; 
ttag +65 97/97/92/99/93; 
ttag +66 50/38/30/39/30; 
ttag +67 96/95/92/96/90; 
ttag +68 98/98/99/98/98; 
ttag +69 100/100/100/100/100; 
ttag +70 97/95/92/94/94; 
ttag +71 100/100/98/100/99; 
ttag +72 99/99/99/100/99; 
ttag +73 49/25/29/33/32; 
ttag +74 82/79/68/81/72; 
ttag +75 100/100/98/99/98; 
ttag +76 38/10/5/3/?; 
ttag +77 34/3/?/2/?; 
ttag +78 89/87/84/86/85; 
ttag +79 91/88/79/89/83; 
ttag +80 100/100/100/100/100; 
ttag +81 99/99/98/99/96; 
ttag +82 99/99/98/99/98; 
ttag +83 96/96/95/96/94; 
ttag +84 96/96/89/94/90; 
ttag +85 97/96/97/99/95; 
ttag +86 100/100/100/100/100; 
ttag +87 100/100/100/100/99; 
ttag +88 75/62/48/63/58; 
ttag +89 87/82/74/92/75; 
ttag +90 99/99/98/100/98; 
ttag +91 67/53/33/54/27; 
ttag +92 99/98/98/97/94; 
ttag +93 96/94/87/93/90; 
ttag +94 88/86/74/84/66; 
