tread
'Tree with tags' 
(0 (1 ((2 3 )(((4 5 )(6 7 ))((8 9 )(10 (11 12 )))))(((13 14 )((26 (27 (28 (29 30 ))))(39 (((31 ((32 33 )(36 (37 38 ))))(34 35 ))((40 41 )(42 (43 ((44 45 )(46 47 )))))))))((15 16 )(17 (18 (19 ((20 21 )(25 (24 (22 23 ))))))))))); 
ttag *!; 
ttag +49 ???; 
ttag +50 4; 
ttag +51 9; 
ttag +52 3; 
ttag +53 5; 
ttag +54 4; 
ttag +55 3; 
ttag +56 2; 
ttag +57 2; 
ttag +58 4; 
ttag +59 14; 
ttag +60 13; 
ttag +61 1; 
ttag +62 1; 
ttag +63 8; 
ttag +64 4; 
ttag +65 4; 
ttag +66 3; 
ttag +67 3; 
ttag +68 8; 
ttag +69 6; 
ttag +70 6; 
ttag +71 1; 
ttag +72 9; 
ttag +73 9; 
ttag +74 5; 
ttag +75 3; 
ttag +76 5; 
ttag +77 8; 
ttag +78 2; 
ttag +79 8; 
ttag +80 1; 
ttag +81 11; 
ttag +82 4; 
ttag +83 2; 
ttag +84 3; 
ttag +85 10; 
ttag +86 5; 
ttag +87 8; 
ttag +88 11; 
ttag +89 8; 
ttag +90 3; 
ttag +91 8; 
ttag +92 9; 
ttag +93 2; 
tread
'Tree with tags' 
(0 ((1 (((13 14 )((26 (27 (28 (29 30 ))))(39 (((31 ((32 33 )(36 (37 38 ))))(34 35 ))((40 41 )(42 (43 ((44 45 )(46 47 )))))))))((15 16 )(17 (18 (19 ((20 21 )(25 (24 (22 23 ))))))))))((2 3 )(((4 5 )(6 7 ))((8 9 )(10 (11 12 ))))))); 
ttag *!; 
ttag +0 ////; 
ttag +1 ////; 
ttag +2 ////; 
ttag +3 ////; 
ttag +4 ////; 
ttag +5 ////; 
ttag +6 ////; 
ttag +7 ////; 
ttag +8 ////; 
ttag +9 ////; 
ttag +10 ////; 
ttag +11 ////; 
ttag +12 ////; 
ttag +13 ////; 
ttag +14 ////; 
ttag +15 ////; 
ttag +16 ////; 
ttag +17 ////; 
ttag +18 ////; 
ttag +19 ////; 
ttag +20 ////; 
ttag +21 ////; 
ttag +22 ////; 
ttag +23 ////; 
ttag +24 ////; 
ttag +25 ////; 
ttag +26 ////; 
ttag +27 ////; 
ttag +28 ////; 
ttag +29 ////; 
ttag +30 ////; 
ttag +31 ////; 
ttag +32 ////; 
ttag +33 ////; 
ttag +34 ////; 
ttag +35 ////; 
ttag +36 ////; 
ttag +37 ////; 
ttag +38 ////; 
ttag +39 ////; 
ttag +40 ////; 
ttag +41 ////; 
ttag +42 ////; 
ttag +43 ////; 
ttag +44 ////; 
ttag +45 ////; 
ttag +46 ////; 
ttag +47 ////; 
ttag +48 ////; 
ttag +49 19/[11]/?/?/?; 
ttag +50 100/100/100/100/100; 
ttag +51 95/92/86/91/86; 
ttag +52 100/100/97/98/96; 
ttag +53 82/77/63/76/66; 
ttag +54 98/98/94/97/93; 
ttag +55 82/77/64/74/74; 
ttag +56 81/79/64/80/70; 
ttag +57 75/69/66/73/55; 
ttag +58 63/57/36/50/43; 
ttag +59 89/87/80/82/74; 
ttag +60 100/100/100/100/100; 
ttag +61 100/100/100/100/100; 
ttag +62 30/16/7/20/1; 
ttag +63 54/44/27/41/45; 
ttag +64 99/99/98/99/99; 
ttag +65 94/92/85/94/84; 
ttag +66 85/78/66/80/62; 
ttag +67 82/78/60/80/66; 
ttag +68 76/70/50/74/54; 
ttag +69 99/99/100/100/100; 
ttag +70 98/98/93/97/92; 
ttag +71 99/98/99/99/99; 
ttag +72 57/33/38/36/34; 
ttag +73 100/100/99/100/100; 
ttag +74 100/100/97/100/98; 
ttag +75 90/85/86/91/81; 
ttag +76 80/71/65/75/66; 
ttag +77 98/97/91/99/97; 
ttag +78 100/100/100/100/100; 
ttag +79 54/41/26/45/32; 
ttag +80 98/98/93/97/94; 
ttag +81 55/29/23/34/15; 
ttag +82 100/100/98/100/98; 
ttag +83 95/94/89/92/89; 
ttag +84 53/40/35/47/36; 
ttag +85 79/76/64/78/67; 
ttag +86 100/100/99/100/100; 
ttag +87 100/100/99/98/99; 
ttag +88 99/99/96/98/93; 
ttag +89 100/100/100/100/100; 
ttag +90 99/98/97/99/96; 
ttag +91 89/85/69/86/74; 
ttag +92 98/97/98/99/98; 
ttag +93 100/100/98/99/99; 
ttag +94 83/78/70/72/68; 
