tread
'Tree with tags' 
(0 ((1 ((2 3 )(((4 5 )(6 7 ))((8 9 )(10 (11 12 )))))((15 16 )(17 (18 (19 ((20 21 )((22 23 )(24 25 )))))))((26 (27 (28 (29 30 ))))((31 ((32 33 )(34 35 )(36 (37 38 ))))(39 (40 41 (42 (43 ((44 45 )(46 47 )))))))))(13 14 ))); 
ttag *!; 
ttag +49 1; 
ttag +50 ???; 
ttag +51 10; 
ttag +52 4; 
ttag +53 2; 
ttag +54 7; 
ttag +55 5; 
ttag +56 2; 
ttag +57 1; 
ttag +58 4; 
ttag +59 5; 
ttag +60 6; 
ttag +61 9; 
ttag +62 12; 
ttag +63 3; 
ttag +64 1; 
ttag +65 5; 
ttag +66 5; 
ttag +67 12; 
ttag +68 11; 
ttag +69 15; 
ttag +70 7; 
ttag +71 5; 
ttag +72 6; 
ttag +73 5; 
ttag +74 2; 
ttag +75 10; 
ttag +76 8; 
ttag +77 6; 
ttag +78 4; 
ttag +79 3; 
ttag +80 3; 
ttag +81 5; 
ttag +82 6; 
ttag +83 9; 
ttag +84 1; 
ttag +85 5; 
ttag +86 10; 
ttag +87 3; 
ttag +88 2; 
ttag +89 4; 
ttag +90 1; 
tread
'Tree with tags' 
(0 (((1 ((26 (27 (28 (29 30 ))))((31 ((32 33 )((34 35 )(36 (37 38 )))))(39 (40 (41 (42 (43 ((44 45 )(46 47 ))))))))))(((2 3 )(((4 5 )(6 7 ))((8 9 )(10 (11 12 )))))((15 16 )(17 (18 (19 ((20 21 )((22 23 )(24 25 )))))))))(13 14 ))); 
ttag *!; 
ttag +0 ////; 
ttag +1 ////; 
ttag +2 ////; 
ttag +3 ////; 
ttag +4 ////; 
ttag +5 ////; 
ttag +6 ////; 
ttag +7 ////; 
ttag +8 ////; 
ttag +9 ////; 
ttag +10 ////; 
ttag +11 ////; 
ttag +12 ////; 
ttag +13 ////; 
ttag +14 ////; 
ttag +15 ////; 
ttag +16 ////; 
ttag +17 ////; 
ttag +18 ////; 
ttag +19 ////; 
ttag +20 ////; 
ttag +21 ////; 
ttag +22 ////; 
ttag +23 ////; 
ttag +24 ////; 
ttag +25 ////; 
ttag +26 ////; 
ttag +27 ////; 
ttag +28 ////; 
ttag +29 ////; 
ttag +30 ////; 
ttag +31 ////; 
ttag +32 ////; 
ttag +33 ////; 
ttag +34 ////; 
ttag +35 ////; 
ttag +36 ////; 
ttag +37 ////; 
ttag +38 ////; 
ttag +39 ////; 
ttag +40 ////; 
ttag +41 ////; 
ttag +42 ////; 
ttag +43 ////; 
ttag +44 ////; 
ttag +45 ////; 
ttag +46 ////; 
ttag +47 ////; 
ttag +48 ////; 
ttag +49 34/10/12/12/7; 
ttag +50 44/42/27/40/36; 
ttag +51 100/100/100/100/100; 
ttag +52 100/100/100/100/99; 
ttag +53 96/95/79/95/85; 
ttag +54 41/21/18/19/22; 
ttag +55 72/64/64/66/54; 
ttag +56 98/97/95/98/96; 
ttag +57 95/94/86/94/87; 
ttag +58 84/78/70/80/71; 
ttag +59 48/37/32/46/30; 
ttag +60 98/97/96/97/91; 
ttag +61 92/90/88/95/88; 
ttag +62 97/96/93/99/95; 
ttag +63 100/100/98/100/98; 
ttag +64 100/100/100/100/100; 
ttag +65 82/74/57/75/62; 
ttag +66 53/45/36/41/38; 
ttag +67 95/94/85/95/85; 
ttag +68 90/89/87/92/81; 
ttag +69 100/100/100/100/100; 
ttag +70 99/98/94/99/95; 
ttag +71 99/99/96/100/100; 
ttag +72 98/98/92/99/94; 
ttag +73 96/95/89/96/87; 
ttag +74 96/96/89/95/90; 
ttag +75 89/88/74/91/75; 
ttag +76 73/66/44/67/42; 
ttag +77 100/100/100/99/99; 
ttag +78 99/99/100/100/98; 
ttag +79 94/92/92/95/91; 
ttag +80 86/83/74/87/74; 
ttag +81 76/68/60/74/59; 
ttag +82 96/96/96/96/96; 
ttag +83 98/98/96/100/94; 
ttag +84 27/[3]/?/?/?; 
ttag +85 98/98/93/97/94; 
ttag +86 99/98/98/99/98; 
ttag +87 57/48/50/47/37; 
ttag +88 90/87/81/86/77; 
ttag +89 26/[23]/?/?/?; 
ttag +90 100/100/98/100/98; 
ttag +91 86/82/68/80/68; 
ttag +92 77/69/55/63/51; 
ttag +93 91/88/86/92/85; 
ttag +94 61/48/36/51/32; 
