tread
'Tree with tags' 
(0 (1 ((2 3 )(8 9 (6 7 (4 5 ))(10 (11 12 ))))(13 14 )((15 16 )(17 (18 (19 ((20 21 )((22 23 )(24 25 )))))))((26 (27 (28 (29 30 ))))((31 (((32 33 )(36 (37 38 )))(34 35 )))(39 ((40 41 )(43 (42 ((44 45 )(46 47 )))))))))); 
ttag *!; 
ttag +49 ???; 
ttag +50 1; 
ttag +51 8; 
ttag +52 4; 
ttag +53 4; 
ttag +54 3; 
ttag +55 3; 
ttag +56 6; 
ttag +57 8; 
ttag +58 6; 
ttag +59 4; 
ttag +60 1; 
ttag +61 6; 
ttag +62 2; 
ttag +63 10; 
ttag +64 11; 
ttag +65 5; 
ttag +66 5; 
ttag +67 7; 
ttag +68 5; 
ttag +69 5; 
ttag +70 5; 
ttag +71 7; 
ttag +72 11; 
ttag +73 3; 
ttag +74 3; 
ttag +75 6; 
ttag +76 1; 
ttag +77 9; 
ttag +78 1; 
ttag +79 7; 
ttag +80 11; 
ttag +81 1; 
ttag +82 1; 
ttag +83 2; 
ttag +84 1; 
ttag +85 7; 
ttag +86 7; 
ttag +87 12; 
ttag +88 6; 
tread
'Tree with tags' 
(0 (1 ((2 3 )(8 9 (6 7 (4 5 ))(10 (11 12 ))))(13 14 )((15 16 )(17 (18 (19 ((20 21 )((22 23 )(24 25 )))))))((26 (27 (28 (29 30 ))))((31 (((32 33 )(36 (37 38 )))(34 35 )))(39 ((40 41 )(43 (42 ((44 45 )(46 47 )))))))))); 
ttag *!; 
ttag +0 ////; 
ttag +1 ////; 
ttag +2 ////; 
ttag +3 ////; 
ttag +4 ////; 
ttag +5 ////; 
ttag +6 ////; 
ttag +7 ////; 
ttag +8 ////; 
ttag +9 ////; 
ttag +10 ////; 
ttag +11 ////; 
ttag +12 ////; 
ttag +13 ////; 
ttag +14 ////; 
ttag +15 ////; 
ttag +16 ////; 
ttag +17 ////; 
ttag +18 ////; 
ttag +19 ////; 
ttag +20 ////; 
ttag +21 ////; 
ttag +22 ////; 
ttag +23 ////; 
ttag +24 ////; 
ttag +25 ////; 
ttag +26 ////; 
ttag +27 ////; 
ttag +28 ////; 
ttag +29 ////; 
ttag +30 ////; 
ttag +31 ////; 
ttag +32 ////; 
ttag +33 ////; 
ttag +34 ////; 
ttag +35 ////; 
ttag +36 ////; 
ttag +37 ////; 
ttag +38 ////; 
ttag +39 ////; 
ttag +40 ////; 
ttag +41 ////; 
ttag +42 ////; 
ttag +43 ////; 
ttag +44 ////; 
ttag +45 ////; 
ttag +46 ////; 
ttag +47 ////; 
ttag +48 ////; 
ttag +49 100/100/100/100/100; 
ttag +50 61/41/45/34/35; 
ttag +51 99/99/97/99/96; 
ttag +52 94/92/91/96/90; 
ttag +53 98/98/92/98/91; 
ttag +54 78/74/64/80/63; 
ttag +55 79/75/68/81/74; 
ttag +56 99/98/94/99/98; 
ttag +57 100/100/99/99/98; 
ttag +58 97/96/94/99/94; 
ttag +59 90/88/79/90/78; 
ttag +60 52/16/16/36/25; 
ttag +61 98/98/92/96/92; 
ttag +62 69/58/46/63/54; 
ttag +63 99/99/98/100/99; 
ttag +64 99/98/97/100/98; 
ttag +65 96/95/94/98/93; 
ttag +66 96/95/94/97/93; 
ttag +67 98/98/93/98/97; 
ttag +68 97/96/92/94/90; 
ttag +69 92/91/80/91/78; 
ttag +70 97/96/95/98/95; 
ttag +71 100/100/98/100/96; 
ttag +72 100/100/98/100/98; 
ttag +73 93/91/82/90/73; 
ttag +74 80/74/64/83/72; 
ttag +75 98/98/96/100/98; 
ttag +76 57/44/30/36/30; 
ttag +77 99/98/96/99/96; 
ttag +78 60/48/39/46/48; 
ttag +79 97/96/92/100/92; 
ttag +80 99/98/100/100/100; 
ttag +81 52/35/23/32/16; 
ttag +82 51/22/22/31/12; 
ttag +83 85/81/78/88/76; 
ttag +84 49/18/22/24/16; 
ttag +85 100/100/100/100/100; 
ttag +86 98/98/98/98/99; 
ttag +87 100/100/100/100/100; 
ttag +88 99/99/92/96/97; 
