tread
'Tree with tags' 
(0 (1 ((8 9 (2 3 )((4 5 )(6 7 ))(10 (11 12 )))((15 16 )(17 18 (19 ((20 21 )((22 23 )(24 25 )))))))(13 14 )((26 (27 (28 (29 30 ))))(39 (31 ((32 33 )(35 (34 (36 (37 38 ))))))(40 41 (42 (43 ((44 45 )(46 47 ))))))))); 
ttag *!; 
ttag +49 ???; 
ttag +50 12; 
ttag +51 5; 
ttag +52 1; 
ttag +53 4; 
ttag +54 7; 
ttag +55 1; 
ttag +56 5; 
ttag +57 9; 
ttag +58 7; 
ttag +59 10; 
ttag +60 3; 
ttag +61 2; 
ttag +62 3; 
ttag +63 7; 
ttag +64 9; 
ttag +65 10; 
ttag +66 8; 
ttag +67 5; 
ttag +68 6; 
ttag +69 5; 
ttag +70 6; 
ttag +71 2; 
ttag +72 3; 
ttag +73 4; 
ttag +74 4; 
ttag +75 3; 
ttag +76 4; 
ttag +77 1; 
ttag +78 1; 
ttag +79 14; 
ttag +80 9; 
ttag +81 5; 
ttag +82 9; 
ttag +83 4; 
ttag +84 8; 
ttag +85 6; 
ttag +86 1; 
tread
'Tree with tags' 
(0 (((1 (((((2 3 )((4 5 )(6 7 )))(10 (11 12 )))(8 9 ))((15 16 )(18 (17 (19 ((20 21 )((22 23 )(24 25 )))))))))(13 14 ))((26 (27 (28 (29 30 ))))(39 ((31 ((32 33 )(35 (34 (36 (37 38 ))))))(41 (40 (42 (43 ((44 45 )(46 47 ))))))))))); 
ttag *!; 
ttag +0 ////; 
ttag +1 ////; 
ttag +2 ////; 
ttag +3 ////; 
ttag +4 ////; 
ttag +5 ////; 
ttag +6 ////; 
ttag +7 ////; 
ttag +8 ////; 
ttag +9 ////; 
ttag +10 ////; 
ttag +11 ////; 
ttag +12 ////; 
ttag +13 ////; 
ttag +14 ////; 
ttag +15 ////; 
ttag +16 ////; 
ttag +17 ////; 
ttag +18 ////; 
ttag +19 ////; 
ttag +20 ////; 
ttag +21 ////; 
ttag +22 ////; 
ttag +23 ////; 
ttag +24 ////; 
ttag +25 ////; 
ttag +26 ////; 
ttag +27 ////; 
ttag +28 ////; 
ttag +29 ////; 
ttag +30 ////; 
ttag +31 ////; 
ttag +32 ////; 
ttag +33 ////; 
ttag +34 ////; 
ttag +35 ////; 
ttag +36 ////; 
ttag +37 ////; 
ttag +38 ////; 
ttag +39 ////; 
ttag +40 ////; 
ttag +41 ////; 
ttag +42 ////; 
ttag +43 ////; 
ttag +44 ////; 
ttag +45 ////; 
ttag +46 ////; 
ttag +47 ////; 
ttag +48 ////; 
ttag +49 16/[5]/?/?/?; 
ttag +50 19/[2]/?/?/?; 
ttag +51 100/100/100/100/100; 
ttag +52 100/100/100/100/100; 
ttag +53 36/[6]/?/?/6; 
ttag +54 11/[31]/?/?/?; 
ttag +55 95/94/92/94/90; 
ttag +56 37/16/4/25/7; 
ttag +57 93/92/88/94/86; 
ttag +58 98/98/93/98/96; 
ttag +59 71/61/48/54/39; 
ttag +60 39/15/13/10/8; 
ttag +61 95/94/92/98/94; 
ttag +62 100/100/98/100/99; 
ttag +63 99/98/98/99/98; 
ttag +64 100/100/100/100/99; 
ttag +65 82/75/72/76/69; 
ttag +66 32/[20]/?/?/?; 
ttag +67 67/60/47/61/51; 
ttag +68 89/88/84/93/86; 
ttag +69 100/100/100/99/100; 
ttag +70 100/100/100/100/100; 
ttag +71 100/100/100/100/100; 
ttag +72 100/100/97/100/97; 
ttag +73 95/94/86/94/86; 
ttag +74 97/96/96/96/92; 
ttag +75 96/96/90/96/90; 
ttag +76 99/98/94/100/94; 
ttag +77 85/80/72/83/65; 
ttag +78 84/78/65/80/72; 
ttag +79 94/92/86/88/89; 
ttag +80 48/11/3/12/?; 
ttag +81 98/98/90/96/94; 
ttag +82 85/82/75/81/75; 
ttag +83 88/84/75/83/76; 
ttag +84 34/6/?/9/?; 
ttag +85 50/33/16/31/18; 
ttag +86 100/100/100/100/100; 
ttag +87 100/100/100/100/100; 
ttag +88 41/3/?/7/1; 
ttag +89 97/96/88/97/86; 
ttag +90 100/100/100/100/100; 
ttag +91 96/95/90/98/90; 
ttag +92 100/100/98/99/98; 
ttag +93 100/100/94/98/96; 
ttag +94 56/37/27/42/35; 
