tread
'Tree with tags' 
(0 (1 (((2 3 )(((6 7 (4 5 ))(8 9 ))(10 (11 12 ))))(17 ((15 16 )(18 (19 ((20 21 )((22 23 )(24 25 ))))))))(13 14 )((26 (27 (28 (29 30 ))))(39 (31 ((32 33 )((34 35 )(36 (37 38 )))))((40 41 )(42 (43 ((44 45 )(46 47 ))))))))); 
ttag *!; 
ttag +49 ???; 
ttag +50 7; 
ttag +51 7; 
ttag +52 3; 
ttag +53 7; 
ttag +54 2; 
ttag +55 1; 
ttag +56 4; 
ttag +57 1; 
ttag +58 1; 
ttag +59 11; 
ttag +60 12; 
ttag +61 14; 
ttag +62 1; 
ttag +63 5; 
ttag +64 4; 
ttag +65 4; 
ttag +66 9; 
ttag +67 8; 
ttag +68 7; 
ttag +69 6; 
ttag +70 1; 
ttag +71 4; 
ttag +72 3; 
ttag +73 4; 
ttag +74 7; 
ttag +75 8; 
ttag +76 6; 
ttag +77 7; 
ttag +78 11; 
ttag +79 4; 
ttag +80 3; 
ttag +81 1; 
ttag +82 5; 
ttag +83 10; 
ttag +84 3; 
ttag +85 5; 
ttag +86 5; 
ttag +87 4; 
ttag +88 6; 
ttag +89 7; 
ttag +90 4; 
tread
'Tree with tags' 
(0 (((1 (13 14 ))((26 (27 (28 (29 30 ))))((39 (31 ((32 33 )((34 35 )(36 (37 38 ))))))((40 41 )(42 (43 ((44 45 )(46 47 ))))))))(((2 3 )(((7 (6 (4 5 )))(8 9 ))(10 (11 12 ))))(17 ((15 16 )(18 (19 ((20 21 )((22 23 )(24 25 )))))))))); 
ttag *!; 
ttag +0 ////; 
ttag +1 ////; 
ttag +2 ////; 
ttag +3 ////; 
ttag +4 ////; 
ttag +5 ////; 
ttag +6 ////; 
ttag +7 ////; 
ttag +8 ////; 
ttag +9 ////; 
ttag +10 ////; 
ttag +11 ////; 
ttag +12 ////; 
ttag +13 ////; 
ttag +14 ////; 
ttag +15 ////; 
ttag +16 ////; 
ttag +17 ////; 
ttag +18 ////; 
ttag +19 ////; 
ttag +20 ////; 
ttag +21 ////; 
ttag +22 ////; 
ttag +23 ////; 
ttag +24 ////; 
ttag +25 ////; 
ttag +26 ////; 
ttag +27 ////; 
ttag +28 ////; 
ttag +29 ////; 
ttag +30 ////; 
ttag +31 ////; 
ttag +32 ////; 
ttag +33 ////; 
ttag +34 ////; 
ttag +35 ////; 
ttag +36 ////; 
ttag +37 ////; 
ttag +38 ////; 
ttag +39 ////; 
ttag +40 ////; 
ttag +41 ////; 
ttag +42 ////; 
ttag +43 ////; 
ttag +44 ////; 
ttag +45 ////; 
ttag +46 ////; 
ttag +47 ////; 
ttag +48 ////; 
ttag +49 34/11/6/8/7; 
ttag +50 42/24/5/18/10; 
ttag +51 100/100/100/100/100; 
ttag +52 98/96/92/99/94; 
ttag +53 96/94/91/98/91; 
ttag +54 85/82/60/80/61; 
ttag +55 100/100/98/100/99; 
ttag +56 31/[20]/?/?/?; 
ttag +57 85/80/77/74/73; 
ttag +58 13/[6]/?/?/?; 
ttag +59 92/90/78/90/82; 
ttag +60 42/32/24/36/31; 
ttag +61 61/43/44/46/43; 
ttag +62 100/100/100/100/99; 
ttag +63 100/100/100/100/100; 
ttag +64 100/100/100/100/100; 
ttag +65 42/9/5/15/4; 
ttag +66 86/81/68/90/73; 
ttag +67 91/90/81/88/86; 
ttag +68 94/91/82/90/89; 
ttag +69 100/100/100/100/100; 
ttag +70 99/99/97/100/98; 
ttag +71 100/100/98/100/99; 
ttag +72 97/96/92/97/94; 
ttag +73 55/26/15/34/21; 
ttag +74 99/99/96/99/97; 
ttag +75 88/84/66/79/67; 
ttag +76 96/96/86/92/90; 
ttag +77 100/100/96/98/98; 
ttag +78 99/99/99/100/100; 
ttag +79 98/98/97/99/96; 
ttag +80 35/6/11/2/13; 
ttag +81 99/99/98/98/98; 
ttag +82 99/99/99/100/98; 
ttag +83 96/96/89/98/91; 
ttag +84 90/86/82/90/86; 
ttag +85 67/67/55/66/58; 
ttag +86 95/95/88/98/92; 
ttag +87 100/100/100/100/100; 
ttag +88 88/86/74/88/76; 
ttag +89 98/98/92/97/93; 
ttag +90 98/98/97/98/94; 
ttag +91 94/92/86/92/82; 
ttag +92 99/99/95/100/97; 
ttag +93 99/99/98/100/98; 
ttag +94 95/94/88/96/90; 
