tread
'Tree with tags' 
(0 (1 ((2 3 )(8 9 (((4 5 )(6 7 ))(10 (11 12 )))))(13 14 )((17 (15 16 ))((18 19 )((20 21 )((22 23 )(24 25 )))))((26 27 (28 (29 30 )))(39 (31 ((32 33 )((34 35 )(36 (37 38 )))))(40 41 (42 (43 ((44 45 )(46 47 ))))))))); 
ttag *!; 
ttag +49 ???; 
ttag +50 10; 
ttag +51 5; 
ttag +52 4; 
ttag +53 8; 
ttag +54 1; 
ttag +55 2; 
ttag +56 3; 
ttag +57 5; 
ttag +58 4; 
ttag +59 6; 
ttag +60 11; 
ttag +61 1; 
ttag +62 5; 
ttag +63 2; 
ttag +64 3; 
ttag +65 10; 
ttag +66 5; 
ttag +67 5; 
ttag +68 3; 
ttag +69 5; 
ttag +70 4; 
ttag +71 1; 
ttag +72 2; 
ttag +73 6; 
ttag +74 4; 
ttag +75 6; 
ttag +76 5; 
ttag +77 4; 
ttag +78 8; 
ttag +79 2; 
ttag +80 12; 
ttag +81 13; 
ttag +82 4; 
ttag +83 6; 
ttag +84 3; 
ttag +85 7; 
ttag +86 1; 
ttag +87 1; 
tread
'Tree with tags' 
(0 (((1 ((26 (27 (28 (29 30 ))))((31 ((32 33 )((34 35 )(36 (37 38 )))))(39 ((40 41 )(42 (43 ((44 45 )(46 47 )))))))))(((2 3 )(9 (8 (((4 5 )(6 7 ))(10 (11 12 ))))))(13 14 )))((17 (15 16 ))((18 19 )((20 21 )((22 23 )(24 25 ))))))); 
ttag *!; 
ttag +0 ////; 
ttag +1 ////; 
ttag +2 ////; 
ttag +3 ////; 
ttag +4 ////; 
ttag +5 ////; 
ttag +6 ////; 
ttag +7 ////; 
ttag +8 ////; 
ttag +9 ////; 
ttag +10 ////; 
ttag +11 ////; 
ttag +12 ////; 
ttag +13 ////; 
ttag +14 ////; 
ttag +15 ////; 
ttag +16 ////; 
ttag +17 ////; 
ttag +18 ////; 
ttag +19 ////; 
ttag +20 ////; 
ttag +21 ////; 
ttag +22 ////; 
ttag +23 ////; 
ttag +24 ////; 
ttag +25 ////; 
ttag +26 ////; 
ttag +27 ////; 
ttag +28 ////; 
ttag +29 ////; 
ttag +30 ////; 
ttag +31 ////; 
ttag +32 ////; 
ttag +33 ////; 
ttag +34 ////; 
ttag +35 ////; 
ttag +36 ////; 
ttag +37 ////; 
ttag +38 ////; 
ttag +39 ////; 
ttag +40 ////; 
ttag +41 ////; 
ttag +42 ////; 
ttag +43 ////; 
ttag +44 ////; 
ttag +45 ////; 
ttag +46 ////; 
ttag +47 ////; 
ttag +48 ////; 
ttag +49 12/[22]/?/?/?; 
ttag +50 8/[25]/?/?/?; 
ttag +51 100/100/100/100/100; 
ttag +52 100/100/100/100/100; 
ttag +53 94/92/87/92/85; 
ttag +54 30/2/4/?/3; 
ttag +55 94/91/90/95/94; 
ttag +56 99/99/96/99/96; 
ttag +57 54/25/18/32/23; 
ttag +58 34/[2]/?/?/?; 
ttag +59 88/84/72/91/83; 
ttag +60 92/91/88/94/85; 
ttag +61 97/96/78/90/79; 
ttag +62 90/86/72/88/82; 
ttag +63 100/100/97/99/99; 
ttag +64 100/100/100/100/99; 
ttag +65 33/5/?/8/?; 
ttag +66 90/88/78/92/84; 
ttag +67 63/52/30/51/42; 
ttag +68 86/78/58/72/64; 
ttag +69 100/100/100/100/100; 
ttag +70 94/92/80/90/81; 
ttag +71 98/97/90/94/91; 
ttag +72 84/80/64/83/66; 
ttag +73 94/90/78/91/84; 
ttag +74 90/88/89/91/87; 
ttag +75 59/44/38/50/48; 
ttag +76 26/[17]/?/?/?; 
ttag +77 92/89/77/89/74; 
ttag +78 99/98/94/100/99; 
ttag +79 93/92/84/94/77; 
ttag +80 99/99/96/99/96; 
ttag +81 98/97/94/98/94; 
ttag +82 93/92/83/88/84; 
ttag +83 100/100/99/100/99; 
ttag +84 82/75/54/73/57; 
ttag +85 99/99/98/100/97; 
ttag +86 100/100/100/100/100; 
ttag +87 43/14/7/6/?; 
ttag +88 31/[14]/?/?/?; 
ttag +89 92/90/78/91/85; 
ttag +90 99/99/96/96/98; 
ttag +91 95/94/84/94/89; 
ttag +92 99/99/95/99/96; 
ttag +93 57/29/27/27/18; 
ttag +94 80/73/59/67/60; 
