tread
'Tree with tags' 
(0 (1 ((2 3 )(((4 5 )(6 7 ))((8 9 )(10 (11 12 )))))(((13 14 )((15 16 )(17 (18 (19 ((20 21 )((22 23 )(24 25 ))))))))((26 (27 (28 (29 30 ))))(39 (31 ((32 33 )(34 35 )(36 (37 38 ))))((40 41 )(42 (43 ((44 45 )(46 47 )))))))))); 
ttag *!; 
ttag +49 ???; 
ttag +50 6; 
ttag +51 6; 
ttag +52 7; 
ttag +53 6; 
ttag +54 10; 
ttag +55 1; 
ttag +56 1; 
ttag +57 2; 
ttag +58 9; 
ttag +59 16; 
ttag +60 6; 
ttag +61 1; 
ttag +62 1; 
ttag +63 10; 
ttag +64 6; 
ttag +65 1; 
ttag +66 2; 
ttag +67 2; 
ttag +68 6; 
ttag +69 8; 
ttag +70 6; 
ttag +71 4; 
ttag +72 7; 
ttag +73 1; 
ttag +74 5; 
ttag +75 7; 
ttag +76 6; 
ttag +77 15; 
ttag +78 7; 
ttag +79 2; 
ttag +80 4; 
ttag +81 4; 
ttag +82 4; 
ttag +83 4; 
ttag +84 14; 
ttag +85 5; 
ttag +86 5; 
ttag +87 6; 
ttag +88 5; 
ttag +89 7; 
ttag +90 4; 
ttag +91 1; 
tread
'Tree with tags' 
(0 (1 ((2 3 )(((4 5 )(6 7 ))((8 9 )(10 (11 12 )))))(((13 14 )((15 16 )(17 (18 (19 ((20 21 )((22 23 )(24 25 ))))))))((26 (27 (28 (29 30 ))))(39 (31 ((32 33 )(34 35 )(36 (37 38 ))))((40 41 )(42 (43 ((44 45 )(46 47 )))))))))); 
ttag *!; 
ttag +0 ////; 
ttag +1 ////; 
ttag +2 ////; 
ttag +3 ////; 
ttag +4 ////; 
ttag +5 ////; 
ttag +6 ////; 
ttag +7 ////; 
ttag +8 ////; 
ttag +9 ////; 
ttag +10 ////; 
ttag +11 ////; 
ttag +12 ////; 
ttag +13 ////; 
ttag +14 ////; 
ttag +15 ////; 
ttag +16 ////; 
ttag +17 ////; 
ttag +18 ////; 
ttag +19 ////; 
ttag +20 ////; 
ttag +21 ////; 
ttag +22 ////; 
ttag +23 ////; 
ttag +24 ////; 
ttag +25 ////; 
ttag +26 ////; 
ttag +27 ////; 
ttag +28 ////; 
ttag +29 ////; 
ttag +30 ////; 
ttag +31 ////; 
ttag +32 ////; 
ttag +33 ////; 
ttag +34 ////; 
ttag +35 ////; 
ttag +36 ////; 
ttag +37 ////; 
ttag +38 ////; 
ttag +39 ////; 
ttag +40 ////; 
ttag +41 ////; 
ttag +42 ////; 
ttag +43 ////; 
ttag +44 ////; 
ttag +45 ////; 
ttag +46 ////; 
ttag +47 ////; 
ttag +48 ////; 
ttag +49 100/100/100/100/100; 
ttag +50 96/94/90/94/87; 
ttag +51 98/98/96/98/93; 
ttag +52 98/97/94/99/95; 
ttag +53 98/98/95/99/94; 
ttag +54 100/100/99/99/99; 
ttag +55 49/40/30/35/24; 
ttag +56 68/50/41/54/40; 
ttag +57 68/63/59/63/55; 
ttag +58 99/99/99/100/97; 
ttag +59 100/100/100/100/100; 
ttag +60 99/99/98/100/97; 
ttag +61 42/18/7/23/4; 
ttag +62 63/56/44/56/46; 
ttag +63 100/100/100/100/100; 
ttag +64 97/96/94/96/89; 
ttag +65 63/44/37/52/36; 
ttag +66 65/55/52/63/49; 
ttag +67 54/40/33/52/41; 
ttag +68 100/100/100/100/100; 
ttag +69 99/99/99/100/99; 
ttag +70 96/96/96/98/97; 
ttag +71 97/96/87/99/92; 
ttag +72 98/97/97/97/96; 
ttag +73 49/20/16/25/23; 
ttag +74 96/95/91/96/92; 
ttag +75 99/99/99/99/98; 
ttag +76 98/97/96/99/95; 
ttag +77 100/100/100/100/100; 
ttag +78 99/99/96/99/98; 
ttag +79 94/93/87/89/84; 
ttag +80 93/92/88/96/86; 
ttag +81 94/92/87/93/86; 
ttag +82 90/88/87/92/84; 
ttag +83 92/91/89/95/88; 
ttag +84 100/100/100/100/100; 
ttag +85 97/96/91/99/90; 
ttag +86 94/91/88/95/80; 
ttag +87 98/98/97/98/95; 
ttag +88 99/98/95/98/94; 
ttag +89 99/98/99/100/97; 
ttag +90 96/95/86/90/84; 
ttag +91 63/44/43/46/33; 
