tread
'Tree with tags' 
(0 ((1 ((2 3 )(((4 5 )(6 7 ))(9 (8 (10 (11 12 )))))))((13 14 )((17 (15 16 )(18 (19 ((20 21 )((22 23 )(24 25 ))))))((26 (27 (28 (29 30 ))))((39 (31 (34 35 (32 33 )(36 (37 38 )))))((40 41 )(42 (43 (44 45 (46 47 ))))))))))); 
ttag *!; 
ttag +49 2; 
ttag +50 ???; 
ttag +51 9; 
ttag +52 6; 
ttag +53 7; 
ttag +54 4; 
ttag +55 6; 
ttag +56 3; 
ttag +57 1; 
ttag +58 5; 
ttag +59 5; 
ttag +60 8; 
ttag +61 9; 
ttag +62 1; 
ttag +63 17; 
ttag +64 2; 
ttag +65 1; 
ttag +66 8; 
ttag +67 4; 
ttag +68 10; 
ttag +69 12; 
ttag +70 4; 
ttag +71 3; 
ttag +72 2; 
ttag +73 8; 
ttag +74 8; 
ttag +75 3; 
ttag +76 7; 
ttag +77 8; 
ttag +78 6; 
ttag +79 3; 
ttag +80 6; 
ttag +81 2; 
ttag +82 1; 
ttag +83 8; 
ttag +84 8; 
ttag +85 1; 
ttag +86 5; 
ttag +87 5; 
ttag +88 3; 
ttag +89 1; 
ttag +90 1; 
tread
'Tree with tags' 
(0 ((1 ((2 3 )(((4 5 )(6 7 ))(9 (8 (10 (11 12 )))))))((13 14 )((17 ((15 16 )(18 (19 ((20 21 )((22 23 )(24 25 )))))))((26 (27 (28 (29 30 ))))((39 (31 (((32 33 )(36 (37 38 )))(34 35 ))))((40 41 )(42 (43 (45 (44 (46 47 )))))))))))); 
ttag *!; 
ttag +0 ////; 
ttag +1 ////; 
ttag +2 ////; 
ttag +3 ////; 
ttag +4 ////; 
ttag +5 ////; 
ttag +6 ////; 
ttag +7 ////; 
ttag +8 ////; 
ttag +9 ////; 
ttag +10 ////; 
ttag +11 ////; 
ttag +12 ////; 
ttag +13 ////; 
ttag +14 ////; 
ttag +15 ////; 
ttag +16 ////; 
ttag +17 ////; 
ttag +18 ////; 
ttag +19 ////; 
ttag +20 ////; 
ttag +21 ////; 
ttag +22 ////; 
ttag +23 ////; 
ttag +24 ////; 
ttag +25 ////; 
ttag +26 ////; 
ttag +27 ////; 
ttag +28 ////; 
ttag +29 ////; 
ttag +30 ////; 
ttag +31 ////; 
ttag +32 ////; 
ttag +33 ////; 
ttag +34 ////; 
ttag +35 ////; 
ttag +36 ////; 
ttag +37 ////; 
ttag +38 ////; 
ttag +39 ////; 
ttag +40 ////; 
ttag +41 ////; 
ttag +42 ////; 
ttag +43 ////; 
ttag +44 ////; 
ttag +45 ////; 
ttag +46 ////; 
ttag +47 ////; 
ttag +48 ////; 
ttag +49 65/50/38/47/27; 
ttag +50 100/100/100/100/100; 
ttag +51 99/99/98/100/100; 
ttag +52 99/98/97/99/94; 
ttag +53 100/100/99/99/98; 
ttag +54 94/94/81/91/76; 
ttag +55 99/98/95/96/93; 
ttag +56 94/94/82/90/77; 
ttag +57 67/54/38/44/32; 
ttag +58 95/94/83/94/80; 
ttag +59 97/96/87/95/84; 
ttag +60 99/98/95/100/97; 
ttag +61 100/100/100/100/99; 
ttag +62 43/34/36/32/30; 
ttag +63 100/100/100/100/100; 
ttag +64 29/[1]/6/12/15; 
ttag +65 83/79/68/74/75; 
ttag +66 46/25/28/37/20; 
ttag +67 99/99/97/99/96; 
ttag +68 98/98/94/95/94; 
ttag +69 100/100/100/100/100; 
ttag +70 100/100/97/99/97; 
ttag +71 94/92/83/90/87; 
ttag +72 96/96/91/93/93; 
ttag +73 77/66/41/62/51; 
ttag +74 100/100/98/100/100; 
ttag +75 98/98/90/100/94; 
ttag +76 92/90/78/87/80; 
ttag +77 99/98/99/99/98; 
ttag +78 100/100/100/100/99; 
ttag +79 99/98/96/98/97; 
ttag +80 87/84/75/85/78; 
ttag +81 96/95/92/96/90; 
ttag +82 84/76/70/72/68; 
ttag +83 21/[13]/?/?/?; 
ttag +84 62/57/55/64/56; 
ttag +85 54/35/33/24/30; 
ttag +86 98/98/93/97/98; 
ttag +87 99/99/98/98/99; 
ttag +88 62/39/36/47/43; 
ttag +89 90/86/79/89/75; 
ttag +90 98/97/92/97/92; 
ttag +91 86/81/83/86/80; 
ttag +92 20/[26]/?/?/?; 
ttag +93 79/71/54/60/52; 
ttag +94 72/62/55/54/57; 
