tread
'Tree with tags' 
(0 ((1 ((26 (27 (28 (29 30 ))))((39 (31 ((32 33 )((34 35 )(36 (37 38 ))))))((40 41 )(42 (43 ((44 45 )(46 47 ))))))))(((((2 3 )((4 5 )(6 7 )))((8 9 )(10 (11 12 ))))(13 14 ))((15 16 )(17 (18 (19 ((20 21 )((22 23 )(24 25 )))))))))); 
ttag *!; 
ttag +49 2; 
ttag +50 ???; 
ttag +51 5; 
ttag +52 1; 
ttag +53 9; 
ttag +54 2; 
ttag +55 1; 
ttag +56 8; 
ttag +57 5; 
ttag +58 1; 
ttag +59 4; 
ttag +60 4; 
ttag +61 2; 
ttag +62 11; 
ttag +63 6; 
ttag +64 13; 
ttag +65 4; 
ttag +66 3; 
ttag +67 7; 
ttag +68 2; 
ttag +69 9; 
ttag +70 2; 
ttag +71 8; 
ttag +72 3; 
ttag +73 4; 
ttag +74 8; 
ttag +75 8; 
ttag +76 4; 
ttag +77 6; 
ttag +78 7; 
ttag +79 12; 
ttag +80 2; 
ttag +81 7; 
ttag +82 7; 
ttag +83 4; 
ttag +84 4; 
ttag +85 1; 
ttag +86 14; 
ttag +87 3; 
ttag +88 2; 
ttag +89 4; 
ttag +90 8; 
ttag +91 3; 
ttag +92 6; 
ttag +93 7; 
ttag +94 3; 
tread
'Tree with tags' 
(0 ((1 ((26 (27 (28 (29 30 ))))((39 (31 ((32 33 )((34 35 )(36 (37 38 ))))))((40 41 )(42 (43 ((44 45 )(46 47 ))))))))(((((2 3 )((4 5 )(6 7 )))((8 9 )(10 (11 12 ))))(13 14 ))((15 16 )(17 (18 (19 ((20 21 )((22 23 )(24 25 )))))))))); 
ttag *!; 
ttag +0 ////; 
ttag +1 ////; 
ttag +2 ////; 
ttag +3 ////; 
ttag +4 ////; 
ttag +5 ////; 
ttag +6 ////; 
ttag +7 ////; 
ttag +8 ////; 
ttag +9 ////; 
ttag +10 ////; 
ttag +11 ////; 
ttag +12 ////; 
ttag +13 ////; 
ttag +14 ////; 
ttag +15 ////; 
ttag +16 ////; 
ttag +17 ////; 
ttag +18 ////; 
ttag +19 ////; 
ttag +20 ////; 
ttag +21 ////; 
ttag +22 ////; 
ttag +23 ////; 
ttag +24 ////; 
ttag +25 ////; 
ttag +26 ////; 
ttag +27 ////; 
ttag +28 ////; 
ttag +29 ////; 
ttag +30 ////; 
ttag +31 ////; 
ttag +32 ////; 
ttag +33 ////; 
ttag +34 ////; 
ttag +35 ////; 
ttag +36 ////; 
ttag +37 ////; 
ttag +38 ////; 
ttag +39 ////; 
ttag +40 ////; 
ttag +41 ////; 
ttag +42 ////; 
ttag +43 ////; 
ttag +44 ////; 
ttag +45 ////; 
ttag +46 ////; 
ttag +47 ////; 
ttag +48 ////; 
ttag +49 43/25/15/29/12; 
ttag +50 100/100/100/100/100; 
ttag +51 94/91/89/94/91; 
ttag +52 38/[4]/?/14/?; 
ttag +53 100/100/98/99/97; 
ttag +54 44/32/12/28/15; 
ttag +55 26/8/?/14/?; 
ttag +56 99/99/99/100/98; 
ttag +57 93/91/92/93/87; 
ttag +58 55/28/15/27/22; 
ttag +59 68/62/60/69/55; 
ttag +60 78/72/59/76/60; 
ttag +61 80/77/58/76/58; 
ttag +62 100/100/99/100/100; 
ttag +63 98/97/97/99/96; 
ttag +64 100/100/100/100/100; 
ttag +65 79/70/56/74/53; 
ttag +66 83/78/68/82/71; 
ttag +67 98/97/91/96/91; 
ttag +68 84/80/64/76/70; 
ttag +69 100/100/100/100/100; 
ttag +70 72/56/51/64/59; 
ttag +71 100/100/97/99/97; 
ttag +72 88/87/80/87/82; 
ttag +73 95/94/87/92/87; 
ttag +74 99/99/98/100/98; 
ttag +75 99/99/97/100/98; 
ttag +76 95/94/88/95/87; 
ttag +77 100/100/99/100/100; 
ttag +78 100/100/99/100/100; 
ttag +79 100/100/98/100/98; 
ttag +80 66/49/34/49/41; 
ttag +81 95/94/86/92/88; 
ttag +82 99/99/100/99/98; 
ttag +83 92/91/77/86/74; 
ttag +84 96/95/86/96/90; 
ttag +85 61/59/48/56/50; 
ttag +86 100/100/100/100/100; 
ttag +87 82/77/64/77/61; 
ttag +88 71/59/46/62/56; 
ttag +89 90/86/76/83/82; 
ttag +90 99/99/98/100/99; 
ttag +91 85/79/67/83/72; 
ttag +92 99/99/94/98/93; 
ttag +93 99/99/94/100/99; 
ttag +94 94/94/84/96/88; 
