tread
'Tree with tags' 
(0 (1 ((((2 3 )(((4 5 )(6 7 ))((8 9 )(10 (11 12 )))))(17 ((15 16 )(18 (19 ((20 21 )((22 23 )(24 25 ))))))))((13 14 )((26 (27 (28 (29 30 ))))((31 (((32 33 )(36 (37 38 )))(34 35 )))(39 ((40 41 )(42 (43 ((44 45 )(46 47 )))))))))))); 
ttag *!; 
ttag +49 ???; 
ttag +50 4; 
ttag +51 10; 
ttag +52 1; 
ttag +53 1; 
ttag +54 8; 
ttag +55 1; 
ttag +56 4; 
ttag +57 4; 
ttag +58 1; 
ttag +59 4; 
ttag +60 5; 
ttag +61 4; 
ttag +62 5; 
ttag +63 2; 
ttag +64 15; 
ttag +65 4; 
ttag +66 8; 
ttag +67 1; 
ttag +68 2; 
ttag +69 13; 
ttag +70 2; 
ttag +71 8; 
ttag +72 5; 
ttag +73 1; 
ttag +74 6; 
ttag +75 6; 
ttag +76 2; 
ttag +77 3; 
ttag +78 8; 
ttag +79 5; 
ttag +80 8; 
ttag +81 8; 
ttag +82 1; 
ttag +83 5; 
ttag +84 4; 
ttag +85 9; 
ttag +86 7; 
ttag +87 1; 
ttag +88 6; 
ttag +89 5; 
ttag +90 15; 
ttag +91 7; 
ttag +92 6; 
ttag +93 6; 
ttag +94 2; 
tread
'Tree with tags' 
(0 (1 ((((2 3 )(((4 5 )(6 7 ))((8 9 )(10 (11 12 )))))(17 ((15 16 )(18 (19 ((20 21 )((22 23 )(24 25 ))))))))((13 14 )((26 (27 (28 (29 30 ))))((31 (((32 33 )(36 (37 38 )))(34 35 )))(39 ((40 41 )(42 (43 ((44 45 )(46 47 )))))))))))); 
ttag *!; 
ttag +0 ////; 
ttag +1 ////; 
ttag +2 ////; 
ttag +3 ////; 
ttag +4 ////; 
ttag +5 ////; 
ttag +6 ////; 
ttag +7 ////; 
ttag +8 ////; 
ttag +9 ////; 
ttag +10 ////; 
ttag +11 ////; 
ttag +12 ////; 
ttag +13 ////; 
ttag +14 ////; 
ttag +15 ////; 
ttag +16 ////; 
ttag +17 ////; 
ttag +18 ////; 
ttag +19 ////; 
ttag +20 ////; 
ttag +21 ////; 
ttag +22 ////; 
ttag +23 ////; 
ttag +24 ////; 
ttag +25 ////; 
ttag +26 ////; 
ttag +27 ////; 
ttag +28 ////; 
ttag +29 ////; 
ttag +30 ////; 
ttag +31 ////; 
ttag +32 ////; 
ttag +33 ////; 
ttag +34 ////; 
ttag +35 ////; 
ttag +36 ////; 
ttag +37 ////; 
ttag +38 ////; 
ttag +39 ////; 
ttag +40 ////; 
ttag +41 ////; 
ttag +42 ////; 
ttag +43 ////; 
ttag +44 ////; 
ttag +45 ////; 
ttag +46 ////; 
ttag +47 ////; 
ttag +48 ////; 
ttag +49 100/100/100/100/100; 
ttag +50 86/80/84/84/73; 
ttag +51 99/98/94/99/96; 
ttag +52 59/49/50/52/39; 
ttag +53 49/31/34/32/34; 
ttag +54 100/100/99/99/99; 
ttag +55 49/38/30/46/30; 
ttag +56 88/86/72/85/74; 
ttag +57 85/81/70/84/64; 
ttag +58 63/46/34/50/49; 
ttag +59 88/86/67/86/74; 
ttag +60 92/90/83/95/87; 
ttag +61 97/97/87/95/93; 
ttag +62 97/96/88/97/89; 
ttag +63 55/48/46/58/42; 
ttag +64 100/100/100/100/100; 
ttag +65 91/89/68/87/73; 
ttag +66 95/93/78/92/82; 
ttag +67 46/28/21/32/24; 
ttag +68 65/47/39/51/32; 
ttag +69 100/100/100/100/100; 
ttag +70 70/67/53/63/52; 
ttag +71 96/96/90/96/96; 
ttag +72 87/84/74/86/74; 
ttag +73 66/46/45/37/35; 
ttag +74 96/95/94/96/93; 
ttag +75 99/98/90/98/92; 
ttag +76 67/48/53/54/41; 
ttag +77 88/85/70/82/71; 
ttag +78 100/100/100/100/99; 
ttag +79 88/85/79/92/73; 
ttag +80 96/96/97/99/95; 
ttag +81 100/100/98/99/98; 
ttag +82 59/44/27/42/37; 
ttag +83 94/92/86/94/87; 
ttag +84 95/93/91/97/95; 
ttag +85 99/99/100/100/98; 
ttag +86 100/100/98/99/97; 
ttag +87 59/55/46/58/40; 
ttag +88 98/98/98/100/98; 
ttag +89 89/86/81/93/77; 
ttag +90 100/100/100/100/100; 
ttag +91 99/99/95/99/96; 
ttag +92 96/96/90/98/94; 
ttag +93 98/97/95/98/94; 
ttag +94 73/68/62/71/60; 
