tread
'Tree with tags' 
(0 ((1 (((15 16 )(17 (18 (19 ((20 21 )((22 23 )(24 25 )))))))((26 (27 (28 (29 30 ))))(39 (31 ((32 33 )((34 35 )(36 (37 38 )))))((40 41 )(42 (43 ((44 45 )(46 47 )))))))))(((2 3 )(8 9 ((4 5 )(6 7 ))(10 (11 12 ))))(13 14 )))); 
ttag *!; 
ttag +49 1; 
ttag +50 ???; 
ttag +51 2; 
ttag +52 10; 
ttag +53 1; 
ttag +54 4; 
ttag +55 6; 
ttag +56 1; 
ttag +57 4; 
ttag +58 7; 
ttag +59 11; 
ttag +60 6; 
ttag +61 5; 
ttag +62 2; 
ttag +63 1; 
ttag +64 1; 
ttag +65 9; 
ttag +66 1; 
ttag +67 8; 
ttag +68 5; 
ttag +69 9; 
ttag +70 3; 
ttag +71 6; 
ttag +72 6; 
ttag +73 6; 
ttag +74 8; 
ttag +75 6; 
ttag +76 16; 
ttag +77 6; 
ttag +78 7; 
ttag +79 9; 
ttag +80 6; 
ttag +81 6; 
ttag +82 2; 
ttag +83 8; 
ttag +84 9; 
ttag +85 3; 
ttag +86 6; 
ttag +87 11; 
ttag +88 3; 
ttag +89 7; 
ttag +90 6; 
ttag +91 6; 
tread
'Tree with tags' 
(0 ((1 (((15 16 )(17 (18 (19 ((20 21 )((22 23 )(24 25 )))))))((26 (27 (28 (29 30 ))))((31 ((32 33 )((34 35 )(36 (37 38 )))))(39 ((40 41 )(42 (43 ((44 45 )(46 47 ))))))))))(((2 3 )(((4 5 )(6 7 ))(9 (8 (10 (11 12 ))))))(13 14 )))); 
ttag *!; 
ttag +0 ////; 
ttag +1 ////; 
ttag +2 ////; 
ttag +3 ////; 
ttag +4 ////; 
ttag +5 ////; 
ttag +6 ////; 
ttag +7 ////; 
ttag +8 ////; 
ttag +9 ////; 
ttag +10 ////; 
ttag +11 ////; 
ttag +12 ////; 
ttag +13 ////; 
ttag +14 ////; 
ttag +15 ////; 
ttag +16 ////; 
ttag +17 ////; 
ttag +18 ////; 
ttag +19 ////; 
ttag +20 ////; 
ttag +21 ////; 
ttag +22 ////; 
ttag +23 ////; 
ttag +24 ////; 
ttag +25 ////; 
ttag +26 ////; 
ttag +27 ////; 
ttag +28 ////; 
ttag +29 ////; 
ttag +30 ////; 
ttag +31 ////; 
ttag +32 ////; 
ttag +33 ////; 
ttag +34 ////; 
ttag +35 ////; 
ttag +36 ////; 
ttag +37 ////; 
ttag +38 ////; 
ttag +39 ////; 
ttag +40 ////; 
ttag +41 ////; 
ttag +42 ////; 
ttag +43 ////; 
ttag +44 ////; 
ttag +45 ////; 
ttag +46 ////; 
ttag +47 ////; 
ttag +48 ////; 
ttag +49 20/8/1/8/?; 
ttag +50 100/100/100/100/100; 
ttag +51 83/74/67/70/56; 
ttag +52 100/100/100/100/99; 
ttag +53 24/11/7/8/?; 
ttag +54 98/98/96/99/97; 
ttag +55 96/95/86/92/88; 
ttag +56 72/66/51/59/45; 
ttag +57 95/94/87/94/87; 
ttag +58 23/[8]/?/?/2; 
ttag +59 35/10/13/8/24; 
ttag +60 99/99/98/98/100; 
ttag +61 100/100/100/100/100; 
ttag +62 99/99/97/100/98; 
ttag +63 99/99/98/98/96; 
ttag +64 67/48/44/51/36; 
ttag +65 28/9/?/6/?; 
ttag +66 69/59/36/51/44; 
ttag +67 100/100/97/99/97; 
ttag +68 62/43/46/51/41; 
ttag +69 100/100/100/100/100; 
ttag +70 96/95/90/96/89; 
ttag +71 100/100/99/100/100; 
ttag +72 90/88/82/88/78; 
ttag +73 98/98/96/98/94; 
ttag +74 99/99/97/99/98; 
ttag +75 96/95/91/96/91; 
ttag +76 99/99/99/98/94; 
ttag +77 99/99/100/100/99; 
ttag +78 100/100/100/100/100; 
ttag +79 98/98/90/98/92; 
ttag +80 96/94/96/97/92; 
ttag +81 100/100/99/100/100; 
ttag +82 100/100/98/99/100; 
ttag +83 100/100/99/100/100; 
ttag +84 82/77/72/80/75; 
ttag +85 98/97/99/99/98; 
ttag +86 100/100/100/100/100; 
ttag +87 0/[14]/?/?/?; 
ttag +88 77/74/64/80/62; 
ttag +89 97/96/95/99/92; 
ttag +90 100/100/100/100/99; 
ttag +91 80/71/63/82/60; 
ttag +92 100/100/99/100/99; 
ttag +93 99/99/96/98/96; 
ttag +94 99/99/96/98/96; 
