tread
'Tree with tags' 
(0 ((1 (((2 3 )(((4 5 )(6 7 ))((8 9 )(10 (11 12 )))))((13 14 )((27 (26 (28 (29 30 ))))((39 (31 ((32 33 )((34 35 )(36 (37 38 ))))))((40 41 )(43 (42 ((44 45 )(46 47 ))))))))))((15 16 )(17 (18 (19 ((20 21 )((22 23 )(24 25 ))))))))); 
ttag *!; 
ttag +49 1; 
ttag +50 ???; 
ttag +51 6; 
ttag +52 8; 
ttag +53 1; 
ttag +54 7; 
ttag +55 6; 
ttag +56 3; 
ttag +57 3; 
ttag +58 2; 
ttag +59 1; 
ttag +60 7; 
ttag +61 5; 
ttag +62 8; 
ttag +63 1; 
ttag +64 10; 
ttag +65 6; 
ttag +66 1; 
ttag +67 4; 
ttag +68 5; 
ttag +69 8; 
ttag +70 7; 
ttag +71 13; 
ttag +72 6; 
ttag +73 3; 
ttag +74 1; 
ttag +75 6; 
ttag +76 3; 
ttag +77 10; 
ttag +78 10; 
ttag +79 9; 
ttag +80 1; 
ttag +81 6; 
ttag +82 11; 
ttag +83 7; 
ttag +84 4; 
ttag +85 1; 
ttag +86 12; 
ttag +87 11; 
ttag +88 5; 
ttag +89 3; 
ttag +90 1; 
ttag +91 8; 
ttag +92 8; 
ttag +93 5; 
ttag +94 4; 
tread
'Tree with tags' 
(0 ((1 (((2 3 )(((4 5 )(6 7 ))((8 9 )(10 (11 12 )))))((13 14 )((27 (26 (28 (29 30 ))))((39 (31 ((32 33 )((34 35 )(36 (37 38 ))))))((40 41 )(43 (42 ((44 45 )(46 47 ))))))))))((15 16 )(17 (18 (19 ((20 21 )((22 23 )(24 25 ))))))))); 
ttag *!; 
ttag +0 ////; 
ttag +1 ////; 
ttag +2 ////; 
ttag +3 ////; 
ttag +4 ////; 
ttag +5 ////; 
ttag +6 ////; 
ttag +7 ////; 
ttag +8 ////; 
ttag +9 ////; 
ttag +10 ////; 
ttag +11 ////; 
ttag +12 ////; 
ttag +13 ////; 
ttag +14 ////; 
ttag +15 ////; 
ttag +16 ////; 
ttag +17 ////; 
ttag +18 ////; 
ttag +19 ////; 
ttag +20 ////; 
ttag +21 ////; 
ttag +22 ////; 
ttag +23 ////; 
ttag +24 ////; 
ttag +25 ////; 
ttag +26 ////; 
ttag +27 ////; 
ttag +28 ////; 
ttag +29 ////; 
ttag +30 ////; 
ttag +31 ////; 
ttag +32 ////; 
ttag +33 ////; 
ttag +34 ////; 
ttag +35 ////; 
ttag +36 ////; 
ttag +37 ////; 
ttag +38 ////; 
ttag +39 ////; 
ttag +40 ////; 
ttag +41 ////; 
ttag +42 ////; 
ttag +43 ////; 
ttag +44 ////; 
ttag +45 ////; 
ttag +46 ////; 
ttag +47 ////; 
ttag +48 ////; 
ttag +49 28/11/14/15/7; 
ttag +50 100/100/100/100/100; 
ttag +51 99/99/98/98/99; 
ttag +52 98/98/97/98/93; 
ttag +53 36/18/22/24/16; 
ttag +54 100/100/98/98/99; 
ttag +55 98/98/94/96/92; 
ttag +56 82/80/65/76/56; 
ttag +57 75/63/53/71/49; 
ttag +58 64/60/46/62/45; 
ttag +59 54/46/22/43/26; 
ttag +60 92/91/74/91/74; 
ttag +61 98/98/95/97/95; 
ttag +62 99/99/99/99/99; 
ttag +63 49/26/4/26/7; 
ttag +64 100/100/100/100/100; 
ttag +65 99/99/96/99/98; 
ttag +66 58/46/35/49/38; 
ttag +67 96/95/92/96/84; 
ttag +68 99/99/98/98/98; 
ttag +69 100/100/99/100/100; 
ttag +70 100/100/98/99/96; 
ttag +71 100/100/100/100/100; 
ttag +72 99/99/91/99/94; 
ttag +73 96/96/91/94/91; 
ttag +74 36/[1]/0/7/?; 
ttag +75 98/98/94/98/95; 
ttag +76 85/81/66/84/72; 
ttag +77 100/100/100/100/100; 
ttag +78 100/100/100/100/100; 
ttag +79 100/100/100/99/98; 
ttag +80 42/5/?/7/?; 
ttag +81 98/97/92/96/93; 
ttag +82 100/100/99/100/99; 
ttag +83 97/96/92/97/94; 
ttag +84 97/96/95/96/90; 
ttag +85 36/20/13/21/22; 
ttag +86 100/100/100/100/100; 
ttag +87 99/99/100/100/99; 
ttag +88 93/92/93/95/92; 
ttag +89 84/83/66/87/72; 
ttag +90 57/39/34/41/26; 
ttag +91 99/99/96/100/98; 
ttag +92 99/99/97/100/98; 
ttag +93 97/96/95/98/93; 
ttag +94 92/90/78/87/86; 
