tread
'Tree with tags' 
(0 ((1 (((2 3 )((6 (7 (4 5 )))(8 9 (10 (11 12 )))))((15 16 )(17 (18 (19 ((20 21 )((22 23 )(24 25 )))))))))((13 14 )((26 (27 (28 (29 30 ))))(39 (31 ((32 33 )((34 35 )(36 (37 38 )))))((40 41 )(42 (43 ((44 45 )(46 47 )))))))))); 
ttag *!; 
ttag +49 1; 
ttag +50 ???; 
ttag +51 7; 
ttag +52 12; 
ttag +53 1; 
ttag +54 7; 
ttag +55 3; 
ttag +56 8; 
ttag +57 3; 
ttag +58 2; 
ttag +59 5; 
ttag +60 3; 
ttag +61 8; 
ttag +62 2; 
ttag +63 15; 
ttag +64 2; 
ttag +65 2; 
ttag +66 7; 
ttag +67 2; 
ttag +68 9; 
ttag +69 4; 
ttag +70 9; 
ttag +71 2; 
ttag +72 3; 
ttag +73 3; 
ttag +74 10; 
ttag +75 2; 
ttag +76 3; 
ttag +77 6; 
ttag +78 5; 
ttag +79 9; 
ttag +80 4; 
ttag +81 5; 
ttag +82 2; 
ttag +83 6; 
ttag +84 16; 
ttag +85 9; 
ttag +86 3; 
ttag +87 6; 
ttag +88 6; 
ttag +89 1; 
ttag +90 6; 
ttag +91 7; 
ttag +92 1; 
tread
'Tree with tags' 
(0 ((1 (((2 3 )((6 (7 (4 5 )))((8 9 )(10 (11 12 )))))((15 16 )(17 (18 (19 ((20 21 )((22 23 )(24 25 )))))))))((13 14 )((26 (27 (28 (29 30 ))))((39 (31 ((32 33 )((34 35 )(36 (37 38 ))))))((40 41 )(42 (43 ((44 45 )(46 47 )))))))))); 
ttag *!; 
ttag +0 ////; 
ttag +1 ////; 
ttag +2 ////; 
ttag +3 ////; 
ttag +4 ////; 
ttag +5 ////; 
ttag +6 ////; 
ttag +7 ////; 
ttag +8 ////; 
ttag +9 ////; 
ttag +10 ////; 
ttag +11 ////; 
ttag +12 ////; 
ttag +13 ////; 
ttag +14 ////; 
ttag +15 ////; 
ttag +16 ////; 
ttag +17 ////; 
ttag +18 ////; 
ttag +19 ////; 
ttag +20 ////; 
ttag +21 ////; 
ttag +22 ////; 
ttag +23 ////; 
ttag +24 ////; 
ttag +25 ////; 
ttag +26 ////; 
ttag +27 ////; 
ttag +28 ////; 
ttag +29 ////; 
ttag +30 ////; 
ttag +31 ////; 
ttag +32 ////; 
ttag +33 ////; 
ttag +34 ////; 
ttag +35 ////; 
ttag +36 ////; 
ttag +37 ////; 
ttag +38 ////; 
ttag +39 ////; 
ttag +40 ////; 
ttag +41 ////; 
ttag +42 ////; 
ttag +43 ////; 
ttag +44 ////; 
ttag +45 ////; 
ttag +46 ////; 
ttag +47 ////; 
ttag +48 ////; 
ttag +49 15/1/?/8/?; 
ttag +50 100/100/100/100/100; 
ttag +51 99/99/95/99/98; 
ttag +52 99/99/98/100/97; 
ttag +53 30/6/6/12/5; 
ttag +54 99/99/98/99/98; 
ttag +55 93/93/93/96/95; 
ttag +56 100/100/98/100/98; 
ttag +57 87/83/66/82/66; 
ttag +58 29/7/?/2/0; 
ttag +59 76/70/60/80/58; 
ttag +60 98/97/92/98/93; 
ttag +61 92/89/86/92/85; 
ttag +62 100/100/99/100/99; 
ttag +63 48/34/31/42/27; 
ttag +64 100/100/100/100/100; 
ttag +65 70/66/57/79/64; 
ttag +66 55/41/42/52/39; 
ttag +67 98/98/94/96/95; 
ttag +68 76/71/51/65/61; 
ttag +69 100/100/100/100/100; 
ttag +70 88/86/79/90/81; 
ttag +71 100/100/97/100/98; 
ttag +72 72/60/50/56/49; 
ttag +73 90/86/74/85/76; 
ttag +74 79/69/51/76/64; 
ttag +75 100/100/100/100/99; 
ttag +76 86/83/72/77/69; 
ttag +77 84/77/74/83/79; 
ttag +78 96/96/94/97/96; 
ttag +79 98/96/94/97/88; 
ttag +80 32/[7]/?/?/?; 
ttag +81 98/96/95/98/94; 
ttag +82 99/99/98/98/98; 
ttag +83 98/98/96/99/93; 
ttag +84 79/71/67/80/64; 
ttag +85 100/100/99/99/99; 
ttag +86 100/100/100/100/100; 
ttag +87 100/100/100/100/98; 
ttag +88 85/78/66/67/63; 
ttag +89 98/98/96/98/92; 
ttag +90 99/98/99/100/98; 
ttag +91 62/51/40/42/35; 
ttag +92 99/98/96/99/94; 
ttag +93 98/98/99/100/97; 
ttag +94 59/52/30/49/38; 
