tread
'Tree with tags' 
(0 ((1 (8 (((4 5 )(6 7 ))(9 (10 (11 12 ))))))(((2 3 )((26 (27 28 (29 30 )))((31 ((32 33 )((34 35 )(36 (37 38 )))))(39 ((40 41 )(42 (43 (47 (46 (44 45 ))))))))))((13 14 )(17 (15 16 )(18 19 ((20 21 )((22 23 )(24 25 ))))))))); 
ttag *!; 
ttag +49 1; 
ttag +50 ???; 
ttag +51 12; 
ttag +52 1; 
ttag +53 1; 
ttag +54 7; 
ttag +55 8; 
ttag +56 1; 
ttag +57 5; 
ttag +58 5; 
ttag +59 1; 
ttag +60 4; 
ttag +61 4; 
ttag +62 9; 
ttag +63 1; 
ttag +64 6; 
ttag +65 4; 
ttag +66 1; 
ttag +67 12; 
ttag +68 5; 
ttag +69 8; 
ttag +70 5; 
ttag +71 3; 
ttag +72 6; 
ttag +73 7; 
ttag +74 4; 
ttag +75 10; 
ttag +76 8; 
ttag +77 8; 
ttag +78 4; 
ttag +79 6; 
ttag +80 4; 
ttag +81 1; 
ttag +82 9; 
ttag +83 3; 
ttag +84 1; 
ttag +85 2; 
ttag +86 8; 
ttag +87 8; 
ttag +88 2; 
ttag +89 15; 
ttag +90 2; 
ttag +91 11; 
tread
'Tree with tags' 
(0 ((1 (8 (((4 5 )(6 7 ))(9 (10 (11 12 ))))))(((2 3 )((26 (27 28 (29 30 )))((31 ((32 33 )((34 35 )(36 (37 38 )))))(39 ((40 41 )(42 (43 (47 (46 (44 45 ))))))))))((13 14 )(17 (15 16 )(18 19 ((20 21 )((22 23 )(24 25 ))))))))); 
ttag *!; 
ttag +0 ////; 
ttag +1 ////; 
ttag +2 ////; 
ttag +3 ////; 
ttag +4 ////; 
ttag +5 ////; 
ttag +6 ////; 
ttag +7 ////; 
ttag +8 ////; 
ttag +9 ////; 
ttag +10 ////; 
ttag +11 ////; 
ttag +12 ////; 
ttag +13 ////; 
ttag +14 ////; 
ttag +15 ////; 
ttag +16 ////; 
ttag +17 ////; 
ttag +18 ////; 
ttag +19 ////; 
ttag +20 ////; 
ttag +21 ////; 
ttag +22 ////; 
ttag +23 ////; 
ttag +24 ////; 
ttag +25 ////; 
ttag +26 ////; 
ttag +27 ////; 
ttag +28 ////; 
ttag +29 ////; 
ttag +30 ////; 
ttag +31 ////; 
ttag +32 ////; 
ttag +33 ////; 
ttag +34 ////; 
ttag +35 ////; 
ttag +36 ////; 
ttag +37 ////; 
ttag +38 ////; 
ttag +39 ////; 
ttag +40 ////; 
ttag +41 ////; 
ttag +42 ////; 
ttag +43 ////; 
ttag +44 ////; 
ttag +45 ////; 
ttag +46 ////; 
ttag +47 ////; 
ttag +48 ////; 
ttag +49 12/[46]/?/?/?; 
ttag +50 100/100/100/100/100; 
ttag +51 100/100/100/100/100; 
ttag +52 24/[35]/?/?/?; 
ttag +53 16/[42]/?/?/?; 
ttag +54 100/100/96/99/98; 
ttag +55 98/97/95/99/97; 
ttag +56 30/17/13/14/12; 
ttag +57 92/90/82/88/78; 
ttag +58 96/94/91/95/92; 
ttag +59 17/[3]/?/4/?; 
ttag +60 91/89/82/86/84; 
ttag +61 98/98/94/94/91; 
ttag +62 100/100/100/100/100; 
ttag +63 16/[8]/?/2/?; 
ttag +64 97/96/89/95/94; 
ttag +65 87/84/73/80/68; 
ttag +66 37/18/20/22/21; 
ttag +67 100/100/100/100/100; 
ttag +68 94/93/88/94/86; 
ttag +69 99/99/97/99/98; 
ttag +70 97/96/90/94/89; 
ttag +71 86/83/73/84/78; 
ttag +72 97/96/95/96/92; 
ttag +73 98/98/94/98/88; 
ttag +74 97/96/90/96/93; 
ttag +75 100/100/100/100/99; 
ttag +76 100/100/100/100/99; 
ttag +77 99/99/97/98/97; 
ttag +78 98/98/98/96/98; 
ttag +79 98/98/93/100/98; 
ttag +80 97/97/99/97/98; 
ttag +81 55/37/22/42/25; 
ttag +82 100/100/98/99/99; 
ttag +83 88/85/77/87/74; 
ttag +84 46/19/13/21/8; 
ttag +85 66/48/51/59/49; 
ttag +86 98/98/93/97/89; 
ttag +87 96/96/94/99/95; 
ttag +88 56/35/36/43/27; 
ttag +89 100/100/100/100/100; 
ttag +90 77/66/58/72/63; 
ttag +91 100/100/100/100/99; 
