tread
'Tree with tags' 
(0 (1 ((((2 3 )(((4 5 )(6 7 ))((8 9 )(10 (11 12 )))))(13 14 ))(((15 16 )(17 (18 (19 ((20 21 )((22 23 )(24 25 )))))))((26 (27 (28 (29 30 ))))(39 (31 ((32 33 )((34 35 )(36 (37 38 )))))((40 41 )(42 (43 ((44 45 )(46 47 ))))))))))); 
ttag *!; 
ttag +49 ???; 
ttag +50 10; 
ttag +51 9; 
ttag +52 1; 
ttag +53 2; 
ttag +54 8; 
ttag +55 5; 
ttag +56 3; 
ttag +57 2; 
ttag +58 2; 
ttag +59 1; 
ttag +60 2; 
ttag +61 7; 
ttag +62 11; 
ttag +63 10; 
ttag +64 5; 
ttag +65 1; 
ttag +66 1; 
ttag +67 5; 
ttag +68 4; 
ttag +69 8; 
ttag +70 6; 
ttag +71 5; 
ttag +72 7; 
ttag +73 13; 
ttag +74 3; 
ttag +75 3; 
ttag +76 2; 
ttag +77 6; 
ttag +78 5; 
ttag +79 7; 
ttag +80 1; 
ttag +81 7; 
ttag +82 1; 
ttag +83 5; 
ttag +84 3; 
ttag +85 5; 
ttag +86 3; 
ttag +87 4; 
ttag +88 6; 
ttag +89 10; 
ttag +90 1; 
ttag +91 2; 
ttag +92 5; 
ttag +93 1; 
tread
'Tree with tags' 
(0 (1 ((((2 3 )(((4 5 )(6 7 ))((8 9 )(10 (11 12 )))))(13 14 ))(((15 16 )(17 (18 (19 ((20 21 )((22 23 )(24 25 )))))))((26 (27 (28 (29 30 ))))((31 ((32 33 )((34 35 )(36 (37 38 )))))(39 ((40 41 )(42 (43 ((44 45 )(46 47 )))))))))))); 
ttag *!; 
ttag +0 ////; 
ttag +1 ////; 
ttag +2 ////; 
ttag +3 ////; 
ttag +4 ////; 
ttag +5 ////; 
ttag +6 ////; 
ttag +7 ////; 
ttag +8 ////; 
ttag +9 ////; 
ttag +10 ////; 
ttag +11 ////; 
ttag +12 ////; 
ttag +13 ////; 
ttag +14 ////; 
ttag +15 ////; 
ttag +16 ////; 
ttag +17 ////; 
ttag +18 ////; 
ttag +19 ////; 
ttag +20 ////; 
ttag +21 ////; 
ttag +22 ////; 
ttag +23 ////; 
ttag +24 ////; 
ttag +25 ////; 
ttag +26 ////; 
ttag +27 ////; 
ttag +28 ////; 
ttag +29 ////; 
ttag +30 ////; 
ttag +31 ////; 
ttag +32 ////; 
ttag +33 ////; 
ttag +34 ////; 
ttag +35 ////; 
ttag +36 ////; 
ttag +37 ////; 
ttag +38 ////; 
ttag +39 ////; 
ttag +40 ////; 
ttag +41 ////; 
ttag +42 ////; 
ttag +43 ////; 
ttag +44 ////; 
ttag +45 ////; 
ttag +46 ////; 
ttag +47 ////; 
ttag +48 ////; 
ttag +49 100/100/100/100/100; 
ttag +50 100/100/100/100/100; 
ttag +51 100/100/98/98/96; 
ttag +52 34/19/8/16/19; 
ttag +53 41/32/21/32/27; 
ttag +54 100/100/99/100/99; 
ttag +55 96/96/94/97/96; 
ttag +56 76/71/67/75/61; 
ttag +57 81/73/64/80/72; 
ttag +58 79/74/76/82/66; 
ttag +59 50/31/18/30/18; 
ttag +60 73/66/55/64/51; 
ttag +61 100/100/97/99/99; 
ttag +62 100/100/99/100/100; 
ttag +63 100/100/100/100/99; 
ttag +64 93/92/79/95/80; 
ttag +65 11/[11]/?/?/?; 
ttag +66 45/12/8/16/14; 
ttag +67 97/96/94/97/95; 
ttag +68 97/97/92/94/88; 
ttag +69 100/100/98/100/99; 
ttag +70 97/96/94/97/92; 
ttag +71 100/100/99/99/98; 
ttag +72 99/99/98/100/98; 
ttag +73 100/100/100/100/100; 
ttag +74 90/87/78/85/80; 
ttag +75 87/86/72/88/74; 
ttag +76 75/62/57/59/49; 
ttag +77 100/100/99/100/99; 
ttag +78 97/96/94/99/96; 
ttag +79 100/100/96/99/95; 
ttag +80 38/6/2/7/4; 
ttag +81 100/100/98/100/100; 
ttag +82 53/33/24/42/16; 
ttag +83 99/99/95/98/96; 
ttag +84 80/74/67/74/57; 
ttag +85 94/92/89/94/89; 
ttag +86 91/89/84/90/84; 
ttag +87 25/1/5/?/?; 
ttag +88 97/96/94/96/90; 
ttag +89 98/97/94/97/95; 
ttag +90 100/100/97/99/100; 
ttag +91 77/67/64/54/52; 
ttag +92 73/65/52/79/59; 
ttag +93 90/87/85/90/88; 
ttag +94 59/47/43/49/43; 
