tread
'Tree with tags' 
(0 ((1 ((2 3 )(6 7 (4 5 ))(8 9 )(10 (11 12 ))))((13 14 )((15 16 )(17 (18 19 ((20 21 )((22 23 )(24 25 ))))))((26 (27 (28 (29 30 ))))(39 (31 ((32 33 )((34 35 )(36 (37 38 )))))((40 41 )(42 (43 ((44 45 )(46 47 )))))))))); 
ttag *!; 
ttag +49 2; 
ttag +50 ???; 
ttag +51 8; 
ttag +52 8; 
ttag +53 6; 
ttag +54 4; 
ttag +55 1; 
ttag +56 8; 
ttag +57 5; 
ttag +58 15; 
ttag +59 1; 
ttag +60 10; 
ttag +61 5; 
ttag +62 3; 
ttag +63 4; 
ttag +64 7; 
ttag +65 8; 
ttag +66 5; 
ttag +67 10; 
ttag +68 4; 
ttag +69 6; 
ttag +70 5; 
ttag +71 1; 
ttag +72 6; 
ttag +73 7; 
ttag +74 6; 
ttag +75 4; 
ttag +76 6; 
ttag +77 2; 
ttag +78 3; 
ttag +79 1; 
ttag +80 6; 
ttag +81 2; 
ttag +82 3; 
ttag +83 3; 
ttag +84 6; 
ttag +85 1; 
ttag +86 11; 
ttag +87 7; 
ttag +88 3; 
tread
'Tree with tags' 
(0 ((1 ((2 3 )(6 7 (4 5 ))(8 9 )(10 (11 12 ))))((13 14 )((15 16 )(17 (18 19 ((20 21 )((22 23 )(24 25 ))))))((26 (27 (28 (29 30 ))))(39 (31 ((32 33 )((34 35 )(36 (37 38 )))))((40 41 )(42 (43 ((44 45 )(46 47 )))))))))); 
ttag *!; 
ttag +0 ////; 
ttag +1 ////; 
ttag +2 ////; 
ttag +3 ////; 
ttag +4 ////; 
ttag +5 ////; 
ttag +6 ////; 
ttag +7 ////; 
ttag +8 ////; 
ttag +9 ////; 
ttag +10 ////; 
ttag +11 ////; 
ttag +12 ////; 
ttag +13 ////; 
ttag +14 ////; 
ttag +15 ////; 
ttag +16 ////; 
ttag +17 ////; 
ttag +18 ////; 
ttag +19 ////; 
ttag +20 ////; 
ttag +21 ////; 
ttag +22 ////; 
ttag +23 ////; 
ttag +24 ////; 
ttag +25 ////; 
ttag +26 ////; 
ttag +27 ////; 
ttag +28 ////; 
ttag +29 ////; 
ttag +30 ////; 
ttag +31 ////; 
ttag +32 ////; 
ttag +33 ////; 
ttag +34 ////; 
ttag +35 ////; 
ttag +36 ////; 
ttag +37 ////; 
ttag +38 ////; 
ttag +39 ////; 
ttag +40 ////; 
ttag +41 ////; 
ttag +42 ////; 
ttag +43 ////; 
ttag +44 ////; 
ttag +45 ////; 
ttag +46 ////; 
ttag +47 ////; 
ttag +48 ////; 
ttag +49 75/72/56/69/62; 
ttag +50 100/100/100/100/100; 
ttag +51 100/100/100/100/99; 
ttag +52 100/100/99/100/98; 
ttag +53 98/98/98/99/97; 
ttag +54 92/92/88/92/78; 
ttag +55 66/62/41/58/45; 
ttag +56 98/97/96/98/94; 
ttag +57 98/97/93/98/95; 
ttag +58 100/100/99/100/100; 
ttag +59 56/46/32/36/35; 
ttag +60 100/100/100/99/99; 
ttag +61 90/85/75/86/72; 
ttag +62 92/90/81/91/85; 
ttag +63 95/95/86/92/85; 
ttag +64 100/100/100/100/100; 
ttag +65 99/99/99/100/99; 
ttag +66 95/94/86/94/88; 
ttag +67 99/99/100/100/100; 
ttag +68 95/95/88/94/89; 
ttag +69 98/98/99/98/93; 
ttag +70 100/100/95/98/95; 
ttag +71 64/49/34/49/42; 
ttag +72 97/96/95/97/94; 
ttag +73 99/99/97/98/97; 
ttag +74 95/94/83/96/84; 
ttag +75 94/93/89/94/86; 
ttag +76 98/98/95/98/89; 
ttag +77 74/69/68/69/66; 
ttag +78 84/80/74/86/70; 
ttag +79 56/51/45/46/46; 
ttag +80 98/98/96/100/98; 
ttag +81 74/58/61/63/58; 
ttag +82 86/82/80/89/78; 
ttag +83 74/65/57/68/53; 
ttag +84 96/95/87/94/85; 
ttag +85 45/16/6/28/?; 
ttag +86 100/100/99/100/99; 
ttag +87 99/98/91/98/94; 
ttag +88 86/78/60/79/71; 
