tread
'Tree with tags' 
(0 (1 ((2 3 )(((4 5 )(6 7 ))((8 9 )(10 (11 12 )))))(13 14 )(17 (15 16 )(18 (19 ((20 21 )((22 23 )(24 25 ))))))((26 27 28 (29 30 ))(39 ((31 (((32 33 )(34 35 ))(36 (37 38 ))))((40 41 )(43 (42 ((44 45 )(46 47 )))))))))); 
ttag *!; 
ttag +49 ???; 
ttag +50 10; 
ttag +51 4; 
ttag +52 10; 
ttag +53 10; 
ttag +54 2; 
ttag +55 1; 
ttag +56 2; 
ttag +57 1; 
ttag +58 8; 
ttag +59 6; 
ttag +60 4; 
ttag +61 6; 
ttag +62 2; 
ttag +63 5; 
ttag +64 6; 
ttag +65 12; 
ttag +66 11; 
ttag +67 11; 
ttag +68 11; 
ttag +69 1; 
ttag +70 3; 
ttag +71 3; 
ttag +72 7; 
ttag +73 4; 
ttag +74 1; 
ttag +75 2; 
ttag +76 8; 
ttag +77 1; 
ttag +78 2; 
ttag +79 5; 
ttag +80 4; 
ttag +81 8; 
ttag +82 3; 
ttag +83 8; 
ttag +84 1; 
ttag +85 6; 
ttag +86 6; 
ttag +87 5; 
ttag +88 7; 
tread
'Tree with tags' 
(0 ((1 ((2 3 )(((4 5 )(6 7 ))((8 9 )(10 (11 12 ))))))((13 14 )(((15 16 )(17 (18 (19 ((20 21 )((22 23 )(24 25 )))))))((27 (26 (28 (29 30 ))))(39 ((31 (((32 33 )(34 35 ))(36 (37 38 ))))((40 41 )(43 (42 ((44 45 )(46 47 )))))))))))); 
ttag *!; 
ttag +0 ////; 
ttag +1 ////; 
ttag +2 ////; 
ttag +3 ////; 
ttag +4 ////; 
ttag +5 ////; 
ttag +6 ////; 
ttag +7 ////; 
ttag +8 ////; 
ttag +9 ////; 
ttag +10 ////; 
ttag +11 ////; 
ttag +12 ////; 
ttag +13 ////; 
ttag +14 ////; 
ttag +15 ////; 
ttag +16 ////; 
ttag +17 ////; 
ttag +18 ////; 
ttag +19 ////; 
ttag +20 ////; 
ttag +21 ////; 
ttag +22 ////; 
ttag +23 ////; 
ttag +24 ////; 
ttag +25 ////; 
ttag +26 ////; 
ttag +27 ////; 
ttag +28 ////; 
ttag +29 ////; 
ttag +30 ////; 
ttag +31 ////; 
ttag +32 ////; 
ttag +33 ////; 
ttag +34 ////; 
ttag +35 ////; 
ttag +36 ////; 
ttag +37 ////; 
ttag +38 ////; 
ttag +39 ////; 
ttag +40 ////; 
ttag +41 ////; 
ttag +42 ////; 
ttag +43 ////; 
ttag +44 ////; 
ttag +45 ////; 
ttag +46 ////; 
ttag +47 ////; 
ttag +48 ////; 
ttag +49 35/14/12/10/12; 
ttag +50 100/100/100/100/100; 
ttag +51 100/100/100/100/100; 
ttag +52 84/79/76/82/78; 
ttag +53 100/100/100/100/100; 
ttag +54 100/100/98/100/99; 
ttag +55 65/51/38/48/37; 
ttag +56 55/46/35/46/42; 
ttag +57 59/44/35/44/36; 
ttag +58 42/28/14/23/14; 
ttag +59 100/100/97/99/96; 
ttag +60 92/86/90/93/83; 
ttag +61 95/94/93/96/94; 
ttag +62 34/16/17/18/12; 
ttag +63 99/99/99/98/100; 
ttag +64 87/79/72/77/66; 
ttag +65 13/[10]/?/?/?; 
ttag +66 32/[3]/2/?/?; 
ttag +67 96/96/96/95/91; 
ttag +68 97/97/92/97/89; 
ttag +69 100/100/100/100/100; 
ttag +70 100/100/99/100/100; 
ttag +71 100/100/100/100/100; 
ttag +72 100/100/100/100/99; 
ttag +73 50/37/20/37/22; 
ttag +74 23/0/?/?/?; 
ttag +75 88/84/80/82/77; 
ttag +76 80/72/65/70/63; 
ttag +77 25/1/?/?/?; 
ttag +78 98/97/93/97/96; 
ttag +79 89/88/80/88/74; 
ttag +80 34/17/7/19/21; 
ttag +81 80/73/69/78/68; 
ttag +82 100/100/99/100/99; 
ttag +83 45/30/17/34/18; 
ttag +84 78/76/65/70/64; 
ttag +85 95/93/90/94/89; 
ttag +86 99/99/96/96/95; 
ttag +87 99/99/97/100/99; 
ttag +88 80/68/62/71/60; 
ttag +89 98/98/96/98/97; 
ttag +90 42/28/23/33/18; 
ttag +91 93/90/87/89/87; 
ttag +92 88/82/70/82/76; 
ttag +93 77/70/59/70/52; 
ttag +94 99/99/96/100/97; 
