tread
'Tree with tags' 
(0 ((1 ((2 3 )(10 ((6 (7 (4 5 )))(8 9 ))(11 12 ))))(13 14 )((15 16 )(17 (18 (19 ((20 21 )((22 23 )(24 25 )))))))((26 (27 (28 (29 30 ))))(((31 39 )(32 33 ((34 35 )(36 (37 38 )))))((40 41 )(42 (43 ((44 45 )(46 47 ))))))))); 
ttag *!; 
ttag +49 2; 
ttag +50 ???; 
ttag +51 8; 
ttag +52 6; 
ttag +53 9; 
ttag +54 1; 
ttag +55 3; 
ttag +56 1; 
ttag +57 5; 
ttag +58 2; 
ttag +59 6; 
ttag +60 5; 
ttag +61 11; 
ttag +62 5; 
ttag +63 1; 
ttag +64 2; 
ttag +65 2; 
ttag +66 12; 
ttag +67 10; 
ttag +68 11; 
ttag +69 1; 
ttag +70 4; 
ttag +71 9; 
ttag +72 1; 
ttag +73 3; 
ttag +74 2; 
ttag +75 7; 
ttag +76 1; 
ttag +77 1; 
ttag +78 6; 
ttag +79 3; 
ttag +80 5; 
ttag +81 4; 
ttag +82 8; 
ttag +83 8; 
ttag +84 4; 
ttag +85 6; 
ttag +86 7; 
ttag +87 7; 
ttag +88 14; 
ttag +89 3; 
ttag +90 3; 
tread
'Tree with tags' 
(0 ((1 ((2 3 )(((6 (7 (4 5 )))(8 9 ))(10 (11 12 )))))(((13 14 )((15 16 )(17 (18 (19 ((20 21 )((22 23 )(24 25 ))))))))((26 (27 (28 (29 30 ))))(((31 39 )(33 (32 ((34 35 )(36 (37 38 ))))))((40 41 )(42 (43 ((44 45 )(46 47 )))))))))); 
ttag *!; 
ttag +0 ////; 
ttag +1 ////; 
ttag +2 ////; 
ttag +3 ////; 
ttag +4 ////; 
ttag +5 ////; 
ttag +6 ////; 
ttag +7 ////; 
ttag +8 ////; 
ttag +9 ////; 
ttag +10 ////; 
ttag +11 ////; 
ttag +12 ////; 
ttag +13 ////; 
ttag +14 ////; 
ttag +15 ////; 
ttag +16 ////; 
ttag +17 ////; 
ttag +18 ////; 
ttag +19 ////; 
ttag +20 ////; 
ttag +21 ////; 
ttag +22 ////; 
ttag +23 ////; 
ttag +24 ////; 
ttag +25 ////; 
ttag +26 ////; 
ttag +27 ////; 
ttag +28 ////; 
ttag +29 ////; 
ttag +30 ////; 
ttag +31 ////; 
ttag +32 ////; 
ttag +33 ////; 
ttag +34 ////; 
ttag +35 ////; 
ttag +36 ////; 
ttag +37 ////; 
ttag +38 ////; 
ttag +39 ////; 
ttag +40 ////; 
ttag +41 ////; 
ttag +42 ////; 
ttag +43 ////; 
ttag +44 ////; 
ttag +45 ////; 
ttag +46 ////; 
ttag +47 ////; 
ttag +48 ////; 
ttag +49 57/50/39/55/38; 
ttag +50 100/100/100/100/100; 
ttag +51 100/100/98/99/97; 
ttag +52 94/92/85/92/82; 
ttag +53 100/100/100/100/100; 
ttag +54 42/26/30/39/29; 
ttag +55 88/83/70/78/73; 
ttag +56 45/14/4/15/?; 
ttag +57 99/99/98/99/95; 
ttag +58 64/58/44/62/52; 
ttag +59 46/26/27/15/24; 
ttag +60 97/97/91/97/92; 
ttag +61 95/95/95/98/93; 
ttag +62 6/[16]/?/?/?; 
ttag +63 46/30/26/16/20; 
ttag +64 100/100/100/100/98; 
ttag +65 92/90/90/94/82; 
ttag +66 49/23/15/26/17; 
ttag +67 71/64/56/65/63; 
ttag +68 72/67/71/62/57; 
ttag +69 100/100/100/100/100; 
ttag +70 99/99/100/100/98; 
ttag +71 99/99/100/100/99; 
ttag +72 62/60/50/64/48; 
ttag +73 92/88/86/90/83; 
ttag +74 100/100/100/100/99; 
ttag +75 52/34/41/46/35; 
ttag +76 84/80/78/86/80; 
ttag +77 80/72/60/68/59; 
ttag +78 99/99/98/99/95; 
ttag +79 40/27/17/24/24; 
ttag +80 39/26/15/30/24; 
ttag +81 93/90/84/90/86; 
ttag +82 20/[30]/?/?/?; 
ttag +83 84/78/67/82/64; 
ttag +84 99/99/100/99/98; 
ttag +85 97/95/90/93/90; 
ttag +86 100/100/98/100/97; 
ttag +87 100/100/100/100/98; 
ttag +88 93/89/69/79/79; 
ttag +89 99/99/96/99/94; 
ttag +90 99/98/96/99/93; 
ttag +91 99/98/95/99/94; 
ttag +92 100/100/100/100/100; 
ttag +93 93/92/78/90/81; 
ttag +94 92/90/78/88/86; 
