tread
'Tree with tags' 
(0 ((1 ((2 3 )(6 7 (4 5 ))(8 9 (10 (11 12 )))))(13 14 )(17 18 19 (15 16 )((20 21 )((22 23 )(24 25 ))))((27 (26 (28 (29 30 ))))((39 (31 ((32 33 )(34 35 )(36 (37 38 )))))((40 41 )(42 (43 (46 47 (44 45 ))))))))); 
ttag *!; 
ttag +49 1; 
ttag +50 ???; 
ttag +51 4; 
ttag +52 12; 
ttag +53 6; 
ttag +54 4; 
ttag +55 2; 
ttag +56 4; 
ttag +57 10; 
ttag +58 7; 
ttag +59 7; 
ttag +60 5; 
ttag +61 10; 
ttag +62 6; 
ttag +63 7; 
ttag +64 2; 
ttag +65 4; 
ttag +66 1; 
ttag +67 3; 
ttag +68 7; 
ttag +69 2; 
ttag +70 8; 
ttag +71 7; 
ttag +72 1; 
ttag +73 4; 
ttag +74 7; 
ttag +75 6; 
ttag +76 4; 
ttag +77 9; 
ttag +78 6; 
ttag +79 4; 
ttag +80 8; 
ttag +81 8; 
ttag +82 3; 
ttag +83 4; 
ttag +84 9; 
tread
'Tree with tags' 
(0 (((1 ((2 3 )(((4 5 )(6 7 ))((8 9 )(10 (11 12 ))))))((27 (26 (28 (29 30 ))))((39 (31 ((32 33 )((34 35 )(36 (37 38 ))))))((40 41 )(42 (43 (46 (47 (44 45 )))))))))((13 14 )((15 16 )(17 (18 (19 ((20 21 )((22 23 )(24 25 )))))))))); 
ttag *!; 
ttag +0 ////; 
ttag +1 ////; 
ttag +2 ////; 
ttag +3 ////; 
ttag +4 ////; 
ttag +5 ////; 
ttag +6 ////; 
ttag +7 ////; 
ttag +8 ////; 
ttag +9 ////; 
ttag +10 ////; 
ttag +11 ////; 
ttag +12 ////; 
ttag +13 ////; 
ttag +14 ////; 
ttag +15 ////; 
ttag +16 ////; 
ttag +17 ////; 
ttag +18 ////; 
ttag +19 ////; 
ttag +20 ////; 
ttag +21 ////; 
ttag +22 ////; 
ttag +23 ////; 
ttag +24 ////; 
ttag +25 ////; 
ttag +26 ////; 
ttag +27 ////; 
ttag +28 ////; 
ttag +29 ////; 
ttag +30 ////; 
ttag +31 ////; 
ttag +32 ////; 
ttag +33 ////; 
ttag +34 ////; 
ttag +35 ////; 
ttag +36 ////; 
ttag +37 ////; 
ttag +38 ////; 
ttag +39 ////; 
ttag +40 ////; 
ttag +41 ////; 
ttag +42 ////; 
ttag +43 ////; 
ttag +44 ////; 
ttag +45 ////; 
ttag +46 ////; 
ttag +47 ////; 
ttag +48 ////; 
ttag +49 64/48/44/54/37; 
ttag +50 12/[21]/?/?/?; 
ttag +51 100/100/100/100/100; 
ttag +52 96/96/84/94/87; 
ttag +53 100/100/100/100/100; 
ttag +54 99/99/99/100/98; 
ttag +55 94/93/82/92/79; 
ttag +56 30/[18]/?/?/?; 
ttag +57 44/16/28/24/16; 
ttag +58 33/17/18/18/20; 
ttag +59 80/71/54/67/60; 
ttag +60 86/82/79/90/79; 
ttag +61 100/100/100/100/100; 
ttag +62 99/98/98/99/98; 
ttag +63 32/17/18/18/16; 
ttag +64 99/99/98/99/97; 
ttag +65 99/99/94/99/90; 
ttag +66 46/21/15/22/15; 
ttag +67 67/54/47/54/51; 
ttag +68 51/29/11/22/16; 
ttag +69 100/100/100/100/100; 
ttag +70 98/98/96/99/95; 
ttag +71 100/100/99/99/99; 
ttag +72 61/52/54/61/51; 
ttag +73 91/88/86/94/84; 
ttag +74 50/31/9/26/16; 
ttag +75 81/76/57/72/62; 
ttag +76 97/96/94/98/96; 
ttag +77 77/72/67/73/65; 
ttag +78 99/99/96/98/96; 
ttag +79 99/99/97/99/98; 
ttag +80 65/64/59/66/57; 
ttag +81 86/82/62/85/67; 
ttag +82 100/100/99/99/99; 
ttag +83 99/99/98/98/98; 
ttag +84 97/96/92/96/93; 
ttag +85 35/4/?/1/8; 
ttag +86 98/98/99/100/98; 
ttag +87 99/99/95/98/96; 
ttag +88 94/92/88/94/92; 
ttag +89 99/98/94/100/91; 
ttag +90 99/99/93/98/96; 
ttag +91 92/90/77/84/72; 
ttag +92 96/96/88/98/92; 
ttag +93 43/12/?/2/?; 
ttag +94 100/100/98/100/98; 
