tread
'Tree with tags' 
(0 (1 ((2 3 )(((4 5 )(6 7 ))((8 9 )(10 (11 12 )))))((13 14 )((26 (27 (28 (29 30 ))))((31 (((32 33 )(36 (37 38 )))(34 35 )))(39 ((40 41 )(42 (43 (46 (47 (44 45 ))))))))))((17 (15 16 ))(18 (19 ((20 21 )((22 23 )(24 25 )))))))); 
ttag *!; 
ttag +49 ???; 
ttag +50 8; 
ttag +51 4; 
ttag +52 6; 
ttag +53 6; 
ttag +54 1; 
ttag +55 1; 
ttag +56 1; 
ttag +57 2; 
ttag +58 5; 
ttag +59 5; 
ttag +60 7; 
ttag +61 1; 
ttag +62 11; 
ttag +63 1; 
ttag +64 3; 
ttag +65 4; 
ttag +66 1; 
ttag +67 7; 
ttag +68 4; 
ttag +69 7; 
ttag +70 6; 
ttag +71 2; 
ttag +72 5; 
ttag +73 6; 
ttag +74 3; 
ttag +75 9; 
ttag +76 12; 
ttag +77 6; 
ttag +78 2; 
ttag +79 4; 
ttag +80 1; 
ttag +81 9; 
ttag +82 4; 
ttag +83 6; 
ttag +84 9; 
ttag +85 1; 
ttag +86 8; 
ttag +87 2; 
ttag +88 6; 
ttag +89 3; 
ttag +90 9; 
ttag +91 1; 
ttag +92 9; 
tread
'Tree with tags' 
(0 (((1 ((17 (15 16 ))(18 (19 ((20 21 )((22 23 )(24 25 )))))))((13 14 )((26 (27 (28 (29 30 ))))((31 (((32 33 )(36 (37 38 )))(34 35 )))(39 ((40 41 )(42 (43 (46 (47 (44 45 )))))))))))((2 3 )(((4 5 )(6 7 ))((8 9 )(10 (11 12 ))))))); 
ttag *!; 
ttag +0 ////; 
ttag +1 ////; 
ttag +2 ////; 
ttag +3 ////; 
ttag +4 ////; 
ttag +5 ////; 
ttag +6 ////; 
ttag +7 ////; 
ttag +8 ////; 
ttag +9 ////; 
ttag +10 ////; 
ttag +11 ////; 
ttag +12 ////; 
ttag +13 ////; 
ttag +14 ////; 
ttag +15 ////; 
ttag +16 ////; 
ttag +17 ////; 
ttag +18 ////; 
ttag +19 ////; 
ttag +20 ////; 
ttag +21 ////; 
ttag +22 ////; 
ttag +23 ////; 
ttag +24 ////; 
ttag +25 ////; 
ttag +26 ////; 
ttag +27 ////; 
ttag +28 ////; 
ttag +29 ////; 
ttag +30 ////; 
ttag +31 ////; 
ttag +32 ////; 
ttag +33 ////; 
ttag +34 ////; 
ttag +35 ////; 
ttag +36 ////; 
ttag +37 ////; 
ttag +38 ////; 
ttag +39 ////; 
ttag +40 ////; 
ttag +41 ////; 
ttag +42 ////; 
ttag +43 ////; 
ttag +44 ////; 
ttag +45 ////; 
ttag +46 ////; 
ttag +47 ////; 
ttag +48 ////; 
ttag +49 22/3/3/8/6; 
ttag +50 19/0/2/2/1; 
ttag +51 100/100/100/100/100; 
ttag +52 98/98/99/99/98; 
ttag +53 94/94/85/93/91; 
ttag +54 97/96/92/98/93; 
ttag +55 93/91/85/92/89; 
ttag +56 44/21/19/28/15; 
ttag +57 48/32/28/38/32; 
ttag +58 47/34/37/42/41; 
ttag +59 62/54/44/57/53; 
ttag +60 98/98/93/96/90; 
ttag +61 98/98/94/97/94; 
ttag +62 99/99/98/100/98; 
ttag +63 28/16/14/16/16; 
ttag +64 100/100/100/100/100; 
ttag +65 31/6/4/16/2; 
ttag +66 77/70/62/73/60; 
ttag +67 91/89/81/92/84; 
ttag +68 53/38/30/36/25; 
ttag +69 98/98/99/98/98; 
ttag +70 74/60/52/64/48; 
ttag +71 99/99/97/99/97; 
ttag +72 98/98/96/99/95; 
ttag +73 72/58/65/60/50; 
ttag +74 97/95/97/96/94; 
ttag +75 97/96/93/98/88; 
ttag +76 88/86/82/88/83; 
ttag +77 99/98/94/99/98; 
ttag +78 100/100/100/100/100; 
ttag +79 96/96/94/99/94; 
ttag +80 76/70/61/71/66; 
ttag +81 91/88/86/92/90; 
ttag +82 57/39/43/45/35; 
ttag +83 98/98/98/99/98; 
ttag +84 99/99/99/99/97; 
ttag +85 98/98/97/100/98; 
ttag +86 100/100/99/100/99; 
ttag +87 39/28/21/32/8; 
ttag +88 96/95/94/98/91; 
ttag +89 68/60/60/58/46; 
ttag +90 100/100/99/97/98; 
ttag +91 73/61/54/72/56; 
ttag +92 100/100/100/100/100; 
ttag +93 53/26/13/31/26; 
ttag +94 99/98/99/99/99; 
