tread
'Tree with tags' 
(0 ((1 (((26 27 )(28 (29 30 )))(39 (31 (((32 33 )(36 (37 38 )))(34 35 )))((40 41 )(42 (43 ((44 45 )(46 47 ))))))))((2 3 )(8 9 ((4 5 )(6 7 ))(10 (11 12 ))))(13 14 )(17 (15 16 )(18 (19 ((20 21 )(24 25 (22 23 )))))))); 
ttag *!; 
ttag +49 1; 
ttag +50 ???; 
ttag +51 3; 
ttag +52 9; 
ttag +53 7; 
ttag +54 1; 
ttag +55 2; 
ttag +56 10; 
ttag +57 4; 
ttag +58 7; 
ttag +59 9; 
ttag +60 10; 
ttag +61 4; 
ttag +62 4; 
ttag +63 5; 
ttag +64 8; 
ttag +65 4; 
ttag +66 11; 
ttag +67 7; 
ttag +68 4; 
ttag +69 3; 
ttag +70 3; 
ttag +71 5; 
ttag +72 5; 
ttag +73 9; 
ttag +74 10; 
ttag +75 1; 
ttag +76 1; 
ttag +77 4; 
ttag +78 1; 
ttag +79 13; 
ttag +80 13; 
ttag +81 3; 
ttag +82 8; 
ttag +83 9; 
ttag +84 1; 
ttag +85 6; 
ttag +86 12; 
ttag +87 3; 
tread
'Tree with tags' 
(0 ((1 (((26 27 )(28 (29 30 )))((39 (31 (((32 33 )(36 (37 38 )))(34 35 ))))((40 41 )(42 (43 ((44 45 )(46 47 ))))))))((((2 3 )(9 (8 (((4 5 )(6 7 ))(10 (11 12 ))))))(17 ((15 16 )(18 (19 ((20 21 )(25 (24 (22 23 )))))))))(13 14 )))); 
ttag *!; 
ttag +0 ////; 
ttag +1 ////; 
ttag +2 ////; 
ttag +3 ////; 
ttag +4 ////; 
ttag +5 ////; 
ttag +6 ////; 
ttag +7 ////; 
ttag +8 ////; 
ttag +9 ////; 
ttag +10 ////; 
ttag +11 ////; 
ttag +12 ////; 
ttag +13 ////; 
ttag +14 ////; 
ttag +15 ////; 
ttag +16 ////; 
ttag +17 ////; 
ttag +18 ////; 
ttag +19 ////; 
ttag +20 ////; 
ttag +21 ////; 
ttag +22 ////; 
ttag +23 ////; 
ttag +24 ////; 
ttag +25 ////; 
ttag +26 ////; 
ttag +27 ////; 
ttag +28 ////; 
ttag +29 ////; 
ttag +30 ////; 
ttag +31 ////; 
ttag +32 ////; 
ttag +33 ////; 
ttag +34 ////; 
ttag +35 ////; 
ttag +36 ////; 
ttag +37 ////; 
ttag +38 ////; 
ttag +39 ////; 
ttag +40 ////; 
ttag +41 ////; 
ttag +42 ////; 
ttag +43 ////; 
ttag +44 ////; 
ttag +45 ////; 
ttag +46 ////; 
ttag +47 ////; 
ttag +48 ////; 
ttag +49 47/40/30/46/30; 
ttag +50 100/100/100/100/100; 
ttag +51 92/90/88/93/89; 
ttag +52 100/100/97/98/100; 
ttag +53 18/[10]/?/?/?; 
ttag +54 17/[11]/?/?/?; 
ttag +55 99/99/98/100/99; 
ttag +56 78/73/70/76/67; 
ttag +57 28/[6]/?/4/9; 
ttag +58 18/[17]/?/?/?; 
ttag +59 86/79/72/83/71; 
ttag +60 100/100/99/100/100; 
ttag +61 99/99/94/96/97; 
ttag +62 100/100/100/100/100; 
ttag +63 100/100/100/100/99; 
ttag +64 100/100/99/99/99; 
ttag +65 14/2/14/?/8; 
ttag +66 89/88/81/93/86; 
ttag +67 96/96/85/95/89; 
ttag +68 96/95/93/97/94; 
ttag +69 99/99/99/100/100; 
ttag +70 98/97/92/96/94; 
ttag +71 100/100/99/100/99; 
ttag +72 30/[8]/?/1/?; 
ttag +73 99/99/98/98/97; 
ttag +74 88/85/78/89/77; 
ttag +75 90/88/77/88/80; 
ttag +76 91/89/75/80/77; 
ttag +77 98/98/91/99/92; 
ttag +78 97/97/92/97/92; 
ttag +79 99/99/99/98/99; 
ttag +80 42/20/10/26/11; 
ttag +81 100/100/99/98/98; 
ttag +82 60/41/47/53/51; 
ttag +83 60/49/30/42/39; 
ttag +84 98/98/93/95/93; 
ttag +85 59/50/48/50/50; 
ttag +86 100/100/100/100/100; 
ttag +87 100/100/100/100/100; 
ttag +88 91/91/84/86/85; 
ttag +89 98/98/95/98/96; 
ttag +90 99/99/98/99/98; 
ttag +91 58/37/22/36/21; 
ttag +92 98/98/96/96/95; 
ttag +93 100/100/97/99/97; 
ttag +94 91/88/83/86/81; 
