tread
'Tree with tags' 
(0 (1 ((2 3 )(((4 5 )(6 7 ))((8 9 )(10 (11 12 )))))((13 14 )((17 (15 16 ))(18 (19 ((20 21 )((22 23 )(24 25 )))))))((26 27 (28 (29 30 )))((39 (31 ((32 33 )(34 35 )(36 37 38 ))))((40 41 )(42 (43 ((44 45 )(46 47 ))))))))); 
ttag *!; 
ttag +49 ???; 
ttag +50 8; 
ttag +51 8; 
ttag +52 10; 
ttag +53 10; 
ttag +54 2; 
ttag +55 7; 
ttag +56 1; 
ttag +57 2; 
ttag +58 2; 
ttag +59 10; 
ttag +60 7; 
ttag +61 1; 
ttag +62 6; 
ttag +63 1; 
ttag +64 5; 
ttag +65 2; 
ttag +66 4; 
ttag +67 7; 
ttag +68 4; 
ttag +69 5; 
ttag +70 6; 
ttag +71 3; 
ttag +72 8; 
ttag +73 7; 
ttag +74 2; 
ttag +75 8; 
ttag +76 8; 
ttag +77 2; 
ttag +78 5; 
ttag +79 8; 
ttag +80 3; 
ttag +81 10; 
ttag +82 5; 
ttag +83 2; 
ttag +84 5; 
ttag +85 5; 
ttag +86 3; 
ttag +87 5; 
ttag +88 7; 
ttag +89 5; 
tread
'Tree with tags' 
(0 (((1 ((13 14 )((17 (15 16 ))(18 (19 ((20 21 )((22 23 )(24 25 ))))))))((2 3 )(((4 5 )(6 7 ))((8 9 )(10 (11 12 ))))))((27 (26 (28 (29 30 ))))((39 (31 (((32 33 )(34 35 ))(37 (36 38 )))))((40 41 )(42 (43 ((44 45 )(46 47 ))))))))); 
ttag *!; 
ttag +0 ////; 
ttag +1 ////; 
ttag +2 ////; 
ttag +3 ////; 
ttag +4 ////; 
ttag +5 ////; 
ttag +6 ////; 
ttag +7 ////; 
ttag +8 ////; 
ttag +9 ////; 
ttag +10 ////; 
ttag +11 ////; 
ttag +12 ////; 
ttag +13 ////; 
ttag +14 ////; 
ttag +15 ////; 
ttag +16 ////; 
ttag +17 ////; 
ttag +18 ////; 
ttag +19 ////; 
ttag +20 ////; 
ttag +21 ////; 
ttag +22 ////; 
ttag +23 ////; 
ttag +24 ////; 
ttag +25 ////; 
ttag +26 ////; 
ttag +27 ////; 
ttag +28 ////; 
ttag +29 ////; 
ttag +30 ////; 
ttag +31 ////; 
ttag +32 ////; 
ttag +33 ////; 
ttag +34 ////; 
ttag +35 ////; 
ttag +36 ////; 
ttag +37 ////; 
ttag +38 ////; 
ttag +39 ////; 
ttag +40 ////; 
ttag +41 ////; 
ttag +42 ////; 
ttag +43 ////; 
ttag +44 ////; 
ttag +45 ////; 
ttag +46 ////; 
ttag +47 ////; 
ttag +48 ////; 
ttag +49 3/[9]/?/?/?; 
ttag +50 6/[12]/?/?/?; 
ttag +51 100/100/100/100/100; 
ttag +52 100/100/98/100/98; 
ttag +53 99/98/94/97/94; 
ttag +54 100/100/100/100/100; 
ttag +55 100/100/96/99/97; 
ttag +56 52/37/22/40/32; 
ttag +57 100/100/96/100/96; 
ttag +58 57/52/53/50/47; 
ttag +59 34/19/12/17/8; 
ttag +60 64/49/38/47/40; 
ttag +61 100/100/98/100/99; 
ttag +62 100/100/96/99/98; 
ttag +63 33/22/17/21/11; 
ttag +64 99/98/98/97/96; 
ttag +65 64/46/38/56/42; 
ttag +66 98/98/88/96/88; 
ttag +67 74/69/53/68/61; 
ttag +68 97/96/86/95/92; 
ttag +69 100/100/100/100/100; 
ttag +70 95/94/87/95/91; 
ttag +71 97/96/94/94/92; 
ttag +72 98/98/90/98/93; 
ttag +73 86/78/66/76/68; 
ttag +74 31/[7]/?/?/?; 
ttag +75 99/98/98/99/95; 
ttag +76 98/97/95/98/92; 
ttag +77 84/80/67/78/66; 
ttag +78 100/100/99/100/98; 
ttag +79 98/98/92/100/96; 
ttag +80 62/55/46/67/44; 
ttag +81 84/81/65/87/67; 
ttag +82 100/100/98/100/99; 
ttag +83 31/9/0/21/9; 
ttag +84 68/50/46/64/48; 
ttag +85 100/100/99/100/100; 
ttag +86 40/[1]/?/?/?; 
ttag +87 95/94/91/96/93; 
ttag +88 82/75/63/76/67; 
ttag +89 85/80/73/86/68; 
ttag +90 95/94/85/91/84; 
ttag +91 85/80/65/84/66; 
ttag +92 97/97/90/97/92; 
ttag +93 97/97/92/98/92; 
ttag +94 96/96/91/96/91; 
