tread
'Tree with tags' 
(0 ((1 (((2 3 )((8 9 )(10 (11 12 ))))((4 5 )(6 7 ))))(((13 14 )((26 (27 (28 (29 30 ))))(39 (31 (((32 33 )(36 (37 38 )))(34 35 )))((40 41 )(42 (43 ((44 45 )(46 47 ))))))))((15 16 )(17 (18 (19 ((20 21 )((22 23 )(24 25 )))))))))); 
ttag *!; 
ttag +49 1; 
ttag +50 ???; 
ttag +51 15; 
ttag +52 2; 
ttag +53 11; 
ttag +54 5; 
ttag +55 4; 
ttag +56 3; 
ttag +57 2; 
ttag +58 3; 
ttag +59 4; 
ttag +60 8; 
ttag +61 12; 
ttag +62 2; 
ttag +63 2; 
ttag +64 10; 
ttag +65 2; 
ttag +66 2; 
ttag +67 5; 
ttag +68 2; 
ttag +69 11; 
ttag +70 6; 
ttag +71 6; 
ttag +72 4; 
ttag +73 6; 
ttag +74 8; 
ttag +75 5; 
ttag +76 2; 
ttag +77 2; 
ttag +78 5; 
ttag +79 7; 
ttag +80 1; 
ttag +81 9; 
ttag +82 1; 
ttag +83 1; 
ttag +84 2; 
ttag +85 12; 
ttag +86 11; 
ttag +87 4; 
ttag +88 7; 
ttag +89 2; 
ttag +90 1; 
ttag +91 2; 
ttag +92 5; 
ttag +93 2; 
tread
'Tree with tags' 
(0 ((1 (((2 3 )((8 9 )(10 (11 12 ))))((4 5 )(6 7 ))))(((13 14 )((26 (27 (28 (29 30 ))))((31 (((32 33 )(36 (37 38 )))(34 35 )))(39 ((40 41 )(42 (43 ((44 45 )(46 47 )))))))))((15 16 )(17 (18 (19 ((20 21 )((22 23 )(24 25 )))))))))); 
ttag *!; 
ttag +0 ////; 
ttag +1 ////; 
ttag +2 ////; 
ttag +3 ////; 
ttag +4 ////; 
ttag +5 ////; 
ttag +6 ////; 
ttag +7 ////; 
ttag +8 ////; 
ttag +9 ////; 
ttag +10 ////; 
ttag +11 ////; 
ttag +12 ////; 
ttag +13 ////; 
ttag +14 ////; 
ttag +15 ////; 
ttag +16 ////; 
ttag +17 ////; 
ttag +18 ////; 
ttag +19 ////; 
ttag +20 ////; 
ttag +21 ////; 
ttag +22 ////; 
ttag +23 ////; 
ttag +24 ////; 
ttag +25 ////; 
ttag +26 ////; 
ttag +27 ////; 
ttag +28 ////; 
ttag +29 ////; 
ttag +30 ////; 
ttag +31 ////; 
ttag +32 ////; 
ttag +33 ////; 
ttag +34 ////; 
ttag +35 ////; 
ttag +36 ////; 
ttag +37 ////; 
ttag +38 ////; 
ttag +39 ////; 
ttag +40 ////; 
ttag +41 ////; 
ttag +42 ////; 
ttag +43 ////; 
ttag +44 ////; 
ttag +45 ////; 
ttag +46 ////; 
ttag +47 ////; 
ttag +48 ////; 
ttag +49 26/13/6/12/?; 
ttag +50 100/100/100/100/100; 
ttag +51 100/100/100/100/100; 
ttag +52 60/47/42/55/34; 
ttag +53 99/99/97/99/95; 
ttag +54 92/89/83/92/80; 
ttag +55 88/86/80/89/69; 
ttag +56 80/74/66/76/59; 
ttag +57 76/69/62/68/59; 
ttag +58 83/76/58/67/62; 
ttag +59 85/77/69/80/67; 
ttag +60 100/100/100/100/100; 
ttag +61 100/100/100/100/100; 
ttag +62 31/15/12/24/12; 
ttag +63 30/17/9/20/0; 
ttag +64 99/99/96/100/98; 
ttag +65 69/53/52/60/58; 
ttag +66 75/67/57/70/62; 
ttag +67 91/88/83/91/87; 
ttag +68 64/42/30/42/32; 
ttag +69 100/100/99/100/100; 
ttag +70 96/95/92/95/90; 
ttag +71 98/98/91/98/94; 
ttag +72 92/90/77/88/82; 
ttag +73 98/98/97/99/94; 
ttag +74 100/100/100/99/100; 
ttag +75 97/96/88/98/88; 
ttag +76 80/76/71/76/67; 
ttag +77 75/66/54/62/57; 
ttag +78 98/98/96/97/95; 
ttag +79 98/97/94/98/93; 
ttag +80 58/43/42/40/39; 
ttag +81 100/100/99/100/100; 
ttag +82 43/26/11/26/20; 
ttag +83 71/64/52/60/54; 
ttag +84 72/55/52/60/55; 
ttag +85 100/100/100/99/100; 
ttag +86 100/100/100/100/100; 
ttag +87 29/0/?/6/?; 
ttag +88 96/95/92/92/86; 
ttag +89 98/97/92/98/96; 
ttag +90 72/64/53/62/42; 
ttag +91 48/24/13/24/?; 
ttag +92 66/60/57/68/53; 
ttag +93 86/77/67/82/64; 
ttag +94 69/60/57/71/62; 
