tread
'Tree with tags' 
(0 ((1 (((13 14 )((15 16 )(17 (18 (19 ((20 21 )((22 23 )(24 25 ))))))))((26 (27 (28 (29 30 ))))((31 ((32 33 )((34 35 )(36 (37 38 )))))(39 ((40 41 )(42 (43 ((44 45 )(46 47 ))))))))))((2 3 )((6 7 (4 5 ))(8 9 )(10 (11 12 )))))); 
ttag *!; 
ttag +49 1; 
ttag +50 ???; 
ttag +51 5; 
ttag +52 7; 
ttag +53 7; 
ttag +54 3; 
ttag +55 2; 
ttag +56 1; 
ttag +57 4; 
ttag +58 6; 
ttag +59 10; 
ttag +60 3; 
ttag +61 6; 
ttag +62 11; 
ttag +63 10; 
ttag +64 2; 
ttag +65 4; 
ttag +66 4; 
ttag +67 6; 
ttag +68 9; 
ttag +69 17; 
ttag +70 6; 
ttag +71 8; 
ttag +72 8; 
ttag +73 12; 
ttag +74 2; 
ttag +75 11; 
ttag +76 6; 
ttag +77 3; 
ttag +78 6; 
ttag +79 4; 
ttag +80 5; 
ttag +81 3; 
ttag +82 2; 
ttag +83 14; 
ttag +84 7; 
ttag +85 2; 
ttag +86 3; 
ttag +87 5; 
ttag +88 6; 
ttag +89 4; 
ttag +90 10; 
ttag +91 5; 
ttag +92 1; 
tread
'Tree with tags' 
(0 ((1 (((13 14 )((15 16 )(17 (18 (19 ((20 21 )((22 23 )(24 25 ))))))))((26 (27 (28 (29 30 ))))((31 ((32 33 )((34 35 )(36 (37 38 )))))(39 ((40 41 )(42 (43 ((44 45 )(46 47 ))))))))))((2 3 )(((6 (7 (4 5 )))(10 (11 12 )))(8 9 ))))); 
ttag *!; 
ttag +0 ////; 
ttag +1 ////; 
ttag +2 ////; 
ttag +3 ////; 
ttag +4 ////; 
ttag +5 ////; 
ttag +6 ////; 
ttag +7 ////; 
ttag +8 ////; 
ttag +9 ////; 
ttag +10 ////; 
ttag +11 ////; 
ttag +12 ////; 
ttag +13 ////; 
ttag +14 ////; 
ttag +15 ////; 
ttag +16 ////; 
ttag +17 ////; 
ttag +18 ////; 
ttag +19 ////; 
ttag +20 ////; 
ttag +21 ////; 
ttag +22 ////; 
ttag +23 ////; 
ttag +24 ////; 
ttag +25 ////; 
ttag +26 ////; 
ttag +27 ////; 
ttag +28 ////; 
ttag +29 ////; 
ttag +30 ////; 
ttag +31 ////; 
ttag +32 ////; 
ttag +33 ////; 
ttag +34 ////; 
ttag +35 ////; 
ttag +36 ////; 
ttag +37 ////; 
ttag +38 ////; 
ttag +39 ////; 
ttag +40 ////; 
ttag +41 ////; 
ttag +42 ////; 
ttag +43 ////; 
ttag +44 ////; 
ttag +45 ////; 
ttag +46 ////; 
ttag +47 ////; 
ttag +48 ////; 
ttag +49 45/38/37/38/38; 
ttag +50 100/100/100/100/100; 
ttag +51 94/92/87/94/91; 
ttag +52 99/99/98/100/98; 
ttag +53 98/97/93/98/96; 
ttag +54 32/[1]/4/?/3; 
ttag +55 84/82/70/86/72; 
ttag +56 27/[18]/?/?/?; 
ttag +57 82/79/76/77/74; 
ttag +58 74/73/64/62/61; 
ttag +59 96/96/90/89/89; 
ttag +60 99/99/96/100/96; 
ttag +61 99/99/99/99/99; 
ttag +62 77/67/58/77/60; 
ttag +63 98/96/91/99/92; 
ttag +64 100/100/100/100/99; 
ttag +65 100/100/98/100/99; 
ttag +66 77/66/67/68/60; 
ttag +67 98/97/92/94/88; 
ttag +68 95/93/94/98/92; 
ttag +69 99/99/100/99/100; 
ttag +70 100/100/99/100/100; 
ttag +71 100/100/100/100/100; 
ttag +72 99/99/98/99/98; 
ttag +73 100/100/99/99/99; 
ttag +74 99/98/98/100/100; 
ttag +75 100/100/100/100/100; 
ttag +76 78/72/68/77/60; 
ttag +77 100/100/100/100/100; 
ttag +78 99/99/96/98/98; 
ttag +79 78/72/43/68/56; 
ttag +80 97/96/92/98/88; 
ttag +81 94/92/90/92/87; 
ttag +82 95/92/90/94/88; 
ttag +83 92/90/89/87/81; 
ttag +84 66/53/44/64/41; 
ttag +85 100/100/100/100/98; 
ttag +86 100/100/98/100/98; 
ttag +87 77/69/66/79/57; 
ttag +88 90/87/79/89/78; 
ttag +89 92/90/85/90/79; 
ttag +90 98/98/92/98/93; 
ttag +91 97/96/92/95/87; 
ttag +92 100/100/100/100/100; 
ttag +93 93/91/86/94/81; 
ttag +94 57/30/22/30/28; 
