tread
'Tree with tags' 
(0 (1 ((2 3 )(((4 5 )(6 7 ))((8 9 )(10 (11 12 )))))(13 14 )((15 16 )(17 (18 (19 ((20 21 )((22 23 )(24 25 )))))))((26 (27 (28 (29 30 ))))(39 (31 ((32 33 )(34 35 )(36 (37 38 )))))(40 41 ((42 43 )((44 45 )(46 47 ))))))); 
ttag *!; 
ttag +49 ???; 
ttag +50 8; 
ttag +51 5; 
ttag +52 8; 
ttag +53 8; 
ttag +54 2; 
ttag +55 1; 
ttag +56 3; 
ttag +57 2; 
ttag +58 3; 
ttag +59 8; 
ttag +60 10; 
ttag +61 6; 
ttag +62 5; 
ttag +63 3; 
ttag +64 2; 
ttag +65 3; 
ttag +66 11; 
ttag +67 9; 
ttag +68 7; 
ttag +69 6; 
ttag +70 3; 
ttag +71 6; 
ttag +72 2; 
ttag +73 4; 
ttag +74 7; 
ttag +75 13; 
ttag +76 1; 
ttag +77 1; 
ttag +78 7; 
ttag +79 5; 
ttag +80 2; 
ttag +81 10; 
ttag +82 7; 
ttag +83 5; 
ttag +84 1; 
ttag +85 3; 
ttag +86 5; 
ttag +87 6; 
ttag +88 4; 
tread
'Tree with tags' 
(0 (1 ((((2 3 )(((4 5 )(6 7 ))((8 9 )(10 (11 12 )))))((13 14 )((15 16 )(17 (18 (19 ((20 21 )((22 23 )(24 25 )))))))))(((26 (27 (28 (29 30 ))))(39 (31 (((32 33 )(34 35 ))(36 (37 38 ))))))(41 (40 ((42 43 )((44 45 )(46 47 ))))))))); 
ttag *!; 
ttag +0 ////; 
ttag +1 ////; 
ttag +2 ////; 
ttag +3 ////; 
ttag +4 ////; 
ttag +5 ////; 
ttag +6 ////; 
ttag +7 ////; 
ttag +8 ////; 
ttag +9 ////; 
ttag +10 ////; 
ttag +11 ////; 
ttag +12 ////; 
ttag +13 ////; 
ttag +14 ////; 
ttag +15 ////; 
ttag +16 ////; 
ttag +17 ////; 
ttag +18 ////; 
ttag +19 ////; 
ttag +20 ////; 
ttag +21 ////; 
ttag +22 ////; 
ttag +23 ////; 
ttag +24 ////; 
ttag +25 ////; 
ttag +26 ////; 
ttag +27 ////; 
ttag +28 ////; 
ttag +29 ////; 
ttag +30 ////; 
ttag +31 ////; 
ttag +32 ////; 
ttag +33 ////; 
ttag +34 ////; 
ttag +35 ////; 
ttag +36 ////; 
ttag +37 ////; 
ttag +38 ////; 
ttag +39 ////; 
ttag +40 ////; 
ttag +41 ////; 
ttag +42 ////; 
ttag +43 ////; 
ttag +44 ////; 
ttag +45 ////; 
ttag +46 ////; 
ttag +47 ////; 
ttag +48 ////; 
ttag +49 100/100/100/100/100; 
ttag +50 99/99/99/99/99; 
ttag +51 96/96/91/96/94; 
ttag +52 7/[24]/?/?/?; 
ttag +53 22/7/2/6/?; 
ttag +54 99/98/100/100/100; 
ttag +55 99/99/96/100/96; 
ttag +56 71/55/49/68/48; 
ttag +57 47/27/23/26/26; 
ttag +58 63/52/40/51/31; 
ttag +59 69/64/50/66/51; 
ttag +60 73/64/54/64/44; 
ttag +61 100/100/100/100/99; 
ttag +62 100/100/100/100/99; 
ttag +63 38/7/2/0/2; 
ttag +64 100/100/99/100/98; 
ttag +65 90/86/85/87/83; 
ttag +66 90/87/77/86/74; 
ttag +67 86/84/64/79/71; 
ttag +68 88/85/76/87/75; 
ttag +69 100/100/100/100/100; 
ttag +70 100/100/98/99/97; 
ttag +71 99/99/99/100/99; 
ttag +72 97/96/91/98/92; 
ttag +73 88/85/74/83/70; 
ttag +74 96/95/96/97/90; 
ttag +75 45/1/?/4/3; 
ttag +76 86/82/75/78/75; 
ttag +77 98/98/98/100/97; 
ttag +78 99/99/98/100/94; 
ttag +79 100/100/100/100/100; 
ttag +80 48/38/32/40/32; 
ttag +81 37/21/10/21/10; 
ttag +82 98/98/98/99/96; 
ttag +83 12/12/16/8/12; 
ttag +84 93/90/85/94/90; 
ttag +85 90/90/87/84/86; 
ttag +86 99/99/98/100/100; 
ttag +87 99/99/95/99/92; 
ttag +88 28/[4]/?/1/?; 
ttag +89 97/96/92/98/92; 
ttag +90 65/42/38/38/20; 
ttag +91 93/91/89/92/86; 
ttag +92 94/91/87/92/86; 
ttag +93 97/97/94/97/94; 
ttag +94 96/96/94/95/92; 
