tread
'Tree with tags' 
(0 (1 ((2 3 )(8 9 ((4 5 )(6 7 ))(10 (11 12 ))))(13 14 )((17 (15 16 ))(18 (19 ((20 21 )((22 23 )(24 25 ))))))((27 (26 (28 (29 30 ))))(39 ((31 (((32 33 )(34 35 ))(36 (37 38 ))))(40 (41 (42 (43 ((44 45 )(46 47 ))))))))))); 
ttag *!; 
ttag +49 ???; 
ttag +50 1; 
ttag +51 7; 
ttag +52 8; 
ttag +53 4; 
ttag +54 3; 
ttag +55 3; 
ttag +56 3; 
ttag +57 9; 
ttag +58 5; 
ttag +59 6; 
ttag +60 4; 
ttag +61 4; 
ttag +62 5; 
ttag +63 2; 
ttag +64 6; 
ttag +65 5; 
ttag +66 6; 
ttag +67 12; 
ttag +68 5; 
ttag +69 1; 
ttag +70 4; 
ttag +71 5; 
ttag +72 4; 
ttag +73 12; 
ttag +74 1; 
ttag +75 1; 
ttag +76 4; 
ttag +77 9; 
ttag +78 3; 
ttag +79 1; 
ttag +80 2; 
ttag +81 8; 
ttag +82 11; 
ttag +83 7; 
ttag +84 1; 
ttag +85 10; 
ttag +86 8; 
ttag +87 6; 
ttag +88 8; 
ttag +89 4; 
tread
'Tree with tags' 
(0 ((1 ((2 3 )(((4 5 )(6 7 ))(9 (8 (10 (11 12 )))))))(((13 14 )((17 (15 16 ))(18 (19 ((20 21 )((22 23 )(24 25 )))))))((27 (26 (28 (29 30 ))))(39 ((31 (((32 33 )(34 35 ))(36 (37 38 ))))(40 (41 (42 (43 ((44 45 )(46 47 )))))))))))); 
ttag *!; 
ttag +0 ////; 
ttag +1 ////; 
ttag +2 ////; 
ttag +3 ////; 
ttag +4 ////; 
ttag +5 ////; 
ttag +6 ////; 
ttag +7 ////; 
ttag +8 ////; 
ttag +9 ////; 
ttag +10 ////; 
ttag +11 ////; 
ttag +12 ////; 
ttag +13 ////; 
ttag +14 ////; 
ttag +15 ////; 
ttag +16 ////; 
ttag +17 ////; 
ttag +18 ////; 
ttag +19 ////; 
ttag +20 ////; 
ttag +21 ////; 
ttag +22 ////; 
ttag +23 ////; 
ttag +24 ////; 
ttag +25 ////; 
ttag +26 ////; 
ttag +27 ////; 
ttag +28 ////; 
ttag +29 ////; 
ttag +30 ////; 
ttag +31 ////; 
ttag +32 ////; 
ttag +33 ////; 
ttag +34 ////; 
ttag +35 ////; 
ttag +36 ////; 
ttag +37 ////; 
ttag +38 ////; 
ttag +39 ////; 
ttag +40 ////; 
ttag +41 ////; 
ttag +42 ////; 
ttag +43 ////; 
ttag +44 ////; 
ttag +45 ////; 
ttag +46 ////; 
ttag +47 ////; 
ttag +48 ////; 
ttag +49 40/19/14/13/14; 
ttag +50 100/100/100/100/100; 
ttag +51 47/17/10/14/19; 
ttag +52 97/97/89/92/87; 
ttag +53 99/99/99/99/99; 
ttag +54 94/93/86/95/84; 
ttag +55 89/84/76/87/75; 
ttag +56 81/72/58/75/58; 
ttag +57 35/5/?/12/?; 
ttag +58 26/[3]/?/6/?; 
ttag +59 80/75/63/80/64; 
ttag +60 100/100/100/100/98; 
ttag +61 99/98/97/99/97; 
ttag +62 17/[3]/?/?/?; 
ttag +63 23/2/?/?/?; 
ttag +64 92/91/81/91/84; 
ttag +65 85/83/70/82/71; 
ttag +66 90/88/76/88/68; 
ttag +67 97/96/89/96/82; 
ttag +68 76/66/41/51/38; 
ttag +69 99/99/99/99/98; 
ttag +70 93/90/80/90/70; 
ttag +71 99/99/97/98/94; 
ttag +72 100/100/99/100/99; 
ttag +73 98/97/92/94/87; 
ttag +74 45/18/17/18/10; 
ttag +75 93/92/88/90/85; 
ttag +76 98/98/95/97/94; 
ttag +77 86/84/88/91/79; 
ttag +78 100/100/100/100/100; 
ttag +79 41/26/21/36/18; 
ttag +80 34/15/3/11/?; 
ttag +81 79/74/58/81/64; 
ttag +82 99/99/100/100/99; 
ttag +83 68/61/45/63/54; 
ttag +84 43/28/22/40/21; 
ttag +85 89/85/75/80/70; 
ttag +86 99/99/97/99/97; 
ttag +87 99/98/98/99/99; 
ttag +88 98/97/87/94/86; 
ttag +89 46/12/6/15/6; 
ttag +90 100/100/98/100/100; 
ttag +91 99/98/96/98/96; 
ttag +92 98/98/94/98/96; 
ttag +93 100/100/98/100/99; 
ttag +94 92/90/76/91/84; 
