tread
'Tree with tags' 
(0 ((1 (((2 3 )(((4 5 )(6 7 ))(8 9 )(10 (11 12 ))))((26 (27 (28 (29 30 ))))(39 (31 ((32 33 )((34 35 )(36 (37 38 )))))((40 41 )(42 (43 (47 (46 (44 45 ))))))))))((13 14 )(17 ((15 16 )(18 (19 ((20 21 )((22 23 )(24 25 )))))))))); 
ttag *!; 
ttag +49 2; 
ttag +50 ???; 
ttag +51 7; 
ttag +52 10; 
ttag +53 2; 
ttag +54 8; 
ttag +55 4; 
ttag +56 2; 
ttag +57 3; 
ttag +58 1; 
ttag +59 3; 
ttag +60 9; 
ttag +61 5; 
ttag +62 2; 
ttag +63 10; 
ttag +64 1; 
ttag +65 6; 
ttag +66 3; 
ttag +67 2; 
ttag +68 10; 
ttag +69 9; 
ttag +70 6; 
ttag +71 6; 
ttag +72 1; 
ttag +73 4; 
ttag +74 4; 
ttag +75 5; 
ttag +76 4; 
ttag +77 6; 
ttag +78 3; 
ttag +79 5; 
ttag +80 3; 
ttag +81 7; 
ttag +82 4; 
ttag +83 2; 
ttag +84 10; 
ttag +85 3; 
ttag +86 2; 
ttag +87 5; 
ttag +88 6; 
ttag +89 2; 
ttag +90 4; 
ttag +91 1; 
ttag +92 2; 
tread
'Tree with tags' 
(0 ((1 (((2 3 )(((4 5 )(6 7 ))(8 9 )(10 (11 12 ))))((26 (27 (28 (29 30 ))))(39 (31 ((32 33 )((34 35 )(36 (37 38 )))))((40 41 )(42 (43 (47 (46 (44 45 ))))))))))((13 14 )(17 ((15 16 )(18 (19 ((20 21 )((22 23 )(24 25 )))))))))); 
ttag *!; 
ttag +0 ////; 
ttag +1 ////; 
ttag +2 ////; 
ttag +3 ////; 
ttag +4 ////; 
ttag +5 ////; 
ttag +6 ////; 
ttag +7 ////; 
ttag +8 ////; 
ttag +9 ////; 
ttag +10 ////; 
ttag +11 ////; 
ttag +12 ////; 
ttag +13 ////; 
ttag +14 ////; 
ttag +15 ////; 
ttag +16 ////; 
ttag +17 ////; 
ttag +18 ////; 
ttag +19 ////; 
ttag +20 ////; 
ttag +21 ////; 
ttag +22 ////; 
ttag +23 ////; 
ttag +24 ////; 
ttag +25 ////; 
ttag +26 ////; 
ttag +27 ////; 
ttag +28 ////; 
ttag +29 ////; 
ttag +30 ////; 
ttag +31 ////; 
ttag +32 ////; 
ttag +33 ////; 
ttag +34 ////; 
ttag +35 ////; 
ttag +36 ////; 
ttag +37 ////; 
ttag +38 ////; 
ttag +39 ////; 
ttag +40 ////; 
ttag +41 ////; 
ttag +42 ////; 
ttag +43 ////; 
ttag +44 ////; 
ttag +45 ////; 
ttag +46 ////; 
ttag +47 ////; 
ttag +48 ////; 
ttag +49 58/52/33/54/38; 
ttag +50 100/100/100/100/100; 
ttag +51 100/100/99/100/99; 
ttag +52 100/100/99/99/99; 
ttag +53 54/37/29/42/30; 
ttag +54 100/100/99/99/100; 
ttag +55 95/94/77/89/81; 
ttag +56 68/53/45/51/51; 
ttag +57 82/77/58/75/59; 
ttag +58 41/34/26/29/24; 
ttag +59 86/83/67/84/63; 
ttag +60 100/100/98/99/100; 
ttag +61 96/95/93/92/90; 
ttag +62 44/27/15/26/13; 
ttag +63 100/100/100/99/100; 
ttag +64 46/19/2/21/?; 
ttag +65 94/91/84/95/84; 
ttag +66 84/82/70/79/70; 
ttag +67 77/70/65/72/64; 
ttag +68 100/100/100/100/100; 
ttag +69 100/100/97/99/98; 
ttag +70 98/98/96/98/95; 
ttag +71 98/98/95/98/96; 
ttag +72 43/27/16/33/25; 
ttag +73 93/90/86/96/82; 
ttag +74 92/91/87/95/86; 
ttag +75 98/97/92/94/91; 
ttag +76 95/94/90/94/85; 
ttag +77 99/99/96/99/94; 
ttag +78 75/72/53/71/62; 
ttag +79 96/96/87/93/89; 
ttag +80 97/97/96/96/96; 
ttag +81 100/100/98/98/97; 
ttag +82 94/93/92/94/89; 
ttag +83 61/52/32/58/43; 
ttag +84 100/100/99/100/98; 
ttag +85 78/74/57/80/57; 
ttag +86 68/48/48/52/51; 
ttag +87 96/95/90/95/93; 
ttag +88 98/98/94/97/94; 
ttag +89 88/83/66/81/70; 
ttag +90 93/92/83/93/85; 
ttag +91 33/5/0/19/3; 
ttag +92 67/53/54/65/50; 
