tread
'Tree with tags' 
(0 (((1 ((2 3 )(((4 5 )(6 7 ))((8 9 )(10 (11 12 ))))))((13 14 )((15 16 )(18 (17 (19 ((20 21 )((22 23 )(24 25 )))))))))((26 (27 (28 (29 30 ))))(39 ((31 (((32 33 )(34 35 ))(36 (37 38 ))))((40 41 )(42 (43 ((44 45 )(46 47 )))))))))); 
ttag *!; 
ttag +49 3; 
ttag +50 1; 
ttag +51 ???; 
ttag +52 9; 
ttag +53 4; 
ttag +54 7; 
ttag +55 7; 
ttag +56 3; 
ttag +57 2; 
ttag +58 5; 
ttag +59 1; 
ttag +60 5; 
ttag +61 8; 
ttag +62 9; 
ttag +63 1; 
ttag +64 7; 
ttag +65 8; 
ttag +66 1; 
ttag +67 2; 
ttag +68 2; 
ttag +69 6; 
ttag +70 8; 
ttag +71 7; 
ttag +72 11; 
ttag +73 10; 
ttag +74 10; 
ttag +75 7; 
ttag +76 2; 
ttag +77 5; 
ttag +78 15; 
ttag +79 3; 
ttag +80 1; 
ttag +81 2; 
ttag +82 5; 
ttag +83 1; 
ttag +84 4; 
ttag +85 1; 
ttag +86 9; 
ttag +87 14; 
ttag +88 4; 
ttag +89 6; 
ttag +90 7; 
ttag +91 1; 
ttag +92 2; 
ttag +93 4; 
ttag +94 5; 
tread
'Tree with tags' 
(0 (((1 ((2 3 )(((4 5 )(6 7 ))((8 9 )(10 (11 12 ))))))((13 14 )((15 16 )(18 (17 (19 ((20 21 )((22 23 )(24 25 )))))))))((26 (27 (28 (29 30 ))))(39 ((31 (((32 33 )(34 35 ))(36 (37 38 ))))((40 41 )(42 (43 ((44 45 )(46 47 )))))))))); 
ttag *!; 
ttag +0 ////; 
ttag +1 ////; 
ttag +2 ////; 
ttag +3 ////; 
ttag +4 ////; 
ttag +5 ////; 
ttag +6 ////; 
ttag +7 ////; 
ttag +8 ////; 
ttag +9 ////; 
ttag +10 ////; 
ttag +11 ////; 
ttag +12 ////; 
ttag +13 ////; 
ttag +14 ////; 
ttag +15 ////; 
ttag +16 ////; 
ttag +17 ////; 
ttag +18 ////; 
ttag +19 ////; 
ttag +20 ////; 
ttag +21 ////; 
ttag +22 ////; 
ttag +23 ////; 
ttag +24 ////; 
ttag +25 ////; 
ttag +26 ////; 
ttag +27 ////; 
ttag +28 ////; 
ttag +29 ////; 
ttag +30 ////; 
ttag +31 ////; 
ttag +32 ////; 
ttag +33 ////; 
ttag +34 ////; 
ttag +35 ////; 
ttag +36 ////; 
ttag +37 ////; 
ttag +38 ////; 
ttag +39 ////; 
ttag +40 ////; 
ttag +41 ////; 
ttag +42 ////; 
ttag +43 ////; 
ttag +44 ////; 
ttag +45 ////; 
ttag +46 ////; 
ttag +47 ////; 
ttag +48 ////; 
ttag +49 69/64/62/74/58; 
ttag +50 26/5/8/15/6; 
ttag +51 100/100/100/100/100; 
ttag +52 100/100/98/100/99; 
ttag +53 95/94/88/94/80; 
ttag +54 100/100/100/100/99; 
ttag +55 99/98/92/98/94; 
ttag +56 84/82/71/82/70; 
ttag +57 73/66/52/68/60; 
ttag +58 98/98/94/96/92; 
ttag +59 58/38/17/36/30; 
ttag +60 98/98/92/95/92; 
ttag +61 99/99/98/99/96; 
ttag +62 100/100/99/100/99; 
ttag +63 44/23/25/32/22; 
ttag +64 100/100/98/100/98; 
ttag +65 100/100/99/100/100; 
ttag +66 61/52/36/44/34; 
ttag +67 73/63/56/69/55; 
ttag +68 73/68/57/72/59; 
ttag +69 100/100/100/99/99; 
ttag +70 99/99/97/98/98; 
ttag +71 100/100/98/99/99; 
ttag +72 100/100/100/100/99; 
ttag +73 100/100/99/100/100; 
ttag +74 100/100/96/99/96; 
ttag +75 97/97/96/98/94; 
ttag +76 72/55/42/52/44; 
ttag +77 96/94/91/95/88; 
ttag +78 100/100/100/100/100; 
ttag +79 85/84/74/85/81; 
ttag +80 29/12/1/20/14; 
ttag +81 62/50/37/55/42; 
ttag +82 98/98/96/96/95; 
ttag +83 54/36/34/48/42; 
ttag +84 94/94/87/92/85; 
ttag +85 59/45/40/37/38; 
ttag +86 99/99/96/97/98; 
ttag +87 100/100/100/100/100; 
ttag +88 95/94/85/93/91; 
ttag +89 99/99/93/97/95; 
ttag +90 98/98/95/98/93; 
ttag +91 39/8/2/18/?; 
ttag +92 62/39/37/48/34; 
ttag +93 90/88/86/87/84; 
ttag +94 98/98/93/96/95; 
