tread
'Tree with tags' 
(0 (((1 (13 14 ))(((2 3 )(8 9 (7 (6 (4 5 )))(10 (11 12 ))))((15 16 )(17 (18 (19 ((20 21 )((22 23 )(24 25 )))))))))((27 (26 (28 (29 30 ))))(39 (31 ((35 (34 (32 33 )))(36 (37 38 ))))((40 41 )(42 (43 ((44 45 )(46 47 ))))))))); 
ttag *!; 
ttag +49 1; 
ttag +50 1; 
ttag +51 ???; 
ttag +52 5; 
ttag +53 6; 
ttag +54 1; 
ttag +55 6; 
ttag +56 1; 
ttag +57 6; 
ttag +58 4; 
ttag +59 4; 
ttag +60 6; 
ttag +61 7; 
ttag +62 7; 
ttag +63 2; 
ttag +64 3; 
ttag +65 5; 
ttag +66 4; 
ttag +67 12; 
ttag +68 4; 
ttag +69 8; 
ttag +70 8; 
ttag +71 5; 
ttag +72 1; 
ttag +73 7; 
ttag +74 5; 
ttag +75 3; 
ttag +76 12; 
ttag +77 7; 
ttag +78 3; 
ttag +79 9; 
ttag +80 1; 
ttag +81 2; 
ttag +82 9; 
ttag +83 13; 
ttag +84 9; 
ttag +85 8; 
ttag +86 4; 
ttag +87 4; 
ttag +88 5; 
ttag +89 3; 
ttag +90 1; 
ttag +91 2; 
tread
'Tree with tags' 
(0 (((1 (13 14 ))(((2 3 )((8 (9 (7 (6 (4 5 )))))(10 (11 12 ))))((15 16 )(17 (18 (19 ((20 21 )((22 23 )(24 25 )))))))))((27 (26 (28 (29 30 ))))((39 (31 ((35 (34 (32 33 )))(36 (37 38 )))))((40 41 )(42 (43 ((44 45 )(46 47 ))))))))); 
ttag *!; 
ttag +0 ////; 
ttag +1 ////; 
ttag +2 ////; 
ttag +3 ////; 
ttag +4 ////; 
ttag +5 ////; 
ttag +6 ////; 
ttag +7 ////; 
ttag +8 ////; 
ttag +9 ////; 
ttag +10 ////; 
ttag +11 ////; 
ttag +12 ////; 
ttag +13 ////; 
ttag +14 ////; 
ttag +15 ////; 
ttag +16 ////; 
ttag +17 ////; 
ttag +18 ////; 
ttag +19 ////; 
ttag +20 ////; 
ttag +21 ////; 
ttag +22 ////; 
ttag +23 ////; 
ttag +24 ////; 
ttag +25 ////; 
ttag +26 ////; 
ttag +27 ////; 
ttag +28 ////; 
ttag +29 ////; 
ttag +30 ////; 
ttag +31 ////; 
ttag +32 ////; 
ttag +33 ////; 
ttag +34 ////; 
ttag +35 ////; 
ttag +36 ////; 
ttag +37 ////; 
ttag +38 ////; 
ttag +39 ////; 
ttag +40 ////; 
ttag +41 ////; 
ttag +42 ////; 
ttag +43 ////; 
ttag +44 ////; 
ttag +45 ////; 
ttag +46 ////; 
ttag +47 ////; 
ttag +48 ////; 
ttag +49 42/27/17/24/20; 
ttag +50 14/3/4/10/?; 
ttag +51 100/100/100/100/100; 
ttag +52 95/94/94/94/88; 
ttag +53 98/98/91/98/88; 
ttag +54 36/22/15/15/17; 
ttag +55 98/97/91/98/94; 
ttag +56 56/38/23/31/13; 
ttag +57 90/88/76/88/75; 
ttag +58 33/[8]/?/?/?; 
ttag +59 38/2/?/?/?; 
ttag +60 94/93/88/94/84; 
ttag +61 92/89/81/93/77; 
ttag +62 96/96/89/90/84; 
ttag +63 99/98/96/100/98; 
ttag +64 98/98/96/98/97; 
ttag +65 56/33/17/31/24; 
ttag +66 89/86/77/83/79; 
ttag +67 95/94/95/96/94; 
ttag +68 98/98/97/98/97; 
ttag +69 100/100/100/100/100; 
ttag +70 97/96/93/96/92; 
ttag +71 100/100/98/99/96; 
ttag +72 100/100/100/100/99; 
ttag +73 99/98/94/96/96; 
ttag +74 44/18/1/13/?; 
ttag +75 99/99/94/99/97; 
ttag +76 92/92/82/94/84; 
ttag +77 88/80/71/75/64; 
ttag +78 100/100/100/100/100; 
ttag +79 99/99/99/99/99; 
ttag +80 18/[32]/?/?/?; 
ttag +81 76/73/70/83/67; 
ttag +82 100/100/100/99/100; 
ttag +83 65/60/46/49/37; 
ttag +84 78/73/61/66/54; 
ttag +85 100/100/96/99/97; 
ttag +86 100/100/100/100/99; 
ttag +87 100/100/100/100/100; 
ttag +88 100/100/99/100/99; 
ttag +89 91/89/84/92/83; 
ttag +90 96/96/96/97/96; 
ttag +91 98/97/96/96/92; 
ttag +92 91/89/84/87/80; 
ttag +93 68/45/47/49/54; 
ttag +94 84/76/77/82/64; 
