tread
'Tree with tags' 
(0 ((1 (((2 3 )((7 (6 (4 5 )))((8 9 )(10 (11 12 )))))((26 (27 (28 (29 30 ))))((31 ((32 33 )((34 35 )(36 (37 38 )))))(39 ((40 41 )(43 (42 ((44 45 )(46 47 ))))))))))((13 14 )((15 16 )(17 (18 (19 ((20 21 )((22 23 )(24 25 )))))))))); 
ttag *!; 
ttag +49 1; 
ttag +50 ???; 
ttag +51 8; 
ttag +52 5; 
ttag +53 2; 
ttag +54 7; 
ttag +55 1; 
ttag +56 6; 
ttag +57 3; 
ttag +58 1; 
ttag +59 2; 
ttag +60 2; 
ttag +61 7; 
ttag +62 7; 
ttag +63 2; 
ttag +64 4; 
ttag +65 3; 
ttag +66 4; 
ttag +67 6; 
ttag +68 3; 
ttag +69 5; 
ttag +70 13; 
ttag +71 3; 
ttag +72 6; 
ttag +73 6; 
ttag +74 5; 
ttag +75 4; 
ttag +76 2; 
ttag +77 4; 
ttag +78 6; 
ttag +79 9; 
ttag +80 4; 
ttag +81 4; 
ttag +82 5; 
ttag +83 1; 
ttag +84 1; 
ttag +85 15; 
ttag +86 3; 
ttag +87 2; 
ttag +88 3; 
ttag +89 10; 
ttag +90 1; 
ttag +91 7; 
ttag +92 6; 
ttag +93 6; 
ttag +94 2; 
tread
'Tree with tags' 
(0 ((1 (((2 3 )((7 (6 (4 5 )))((8 9 )(10 (11 12 )))))((26 (27 (28 (29 30 ))))((31 ((32 33 )((34 35 )(36 (37 38 )))))(39 ((40 41 )(43 (42 ((44 45 )(46 47 ))))))))))((13 14 )((15 16 )(17 (18 (19 ((20 21 )((22 23 )(24 25 )))))))))); 
ttag *!; 
ttag +0 ////; 
ttag +1 ////; 
ttag +2 ////; 
ttag +3 ////; 
ttag +4 ////; 
ttag +5 ////; 
ttag +6 ////; 
ttag +7 ////; 
ttag +8 ////; 
ttag +9 ////; 
ttag +10 ////; 
ttag +11 ////; 
ttag +12 ////; 
ttag +13 ////; 
ttag +14 ////; 
ttag +15 ////; 
ttag +16 ////; 
ttag +17 ////; 
ttag +18 ////; 
ttag +19 ////; 
ttag +20 ////; 
ttag +21 ////; 
ttag +22 ////; 
ttag +23 ////; 
ttag +24 ////; 
ttag +25 ////; 
ttag +26 ////; 
ttag +27 ////; 
ttag +28 ////; 
ttag +29 ////; 
ttag +30 ////; 
ttag +31 ////; 
ttag +32 ////; 
ttag +33 ////; 
ttag +34 ////; 
ttag +35 ////; 
ttag +36 ////; 
ttag +37 ////; 
ttag +38 ////; 
ttag +39 ////; 
ttag +40 ////; 
ttag +41 ////; 
ttag +42 ////; 
ttag +43 ////; 
ttag +44 ////; 
ttag +45 ////; 
ttag +46 ////; 
ttag +47 ////; 
ttag +48 ////; 
ttag +49 14/1/?/1/?; 
ttag +50 100/100/100/100/100; 
ttag +51 100/100/98/100/98; 
ttag +52 89/85/85/92/81; 
ttag +53 25/12/1/12/4; 
ttag +54 98/98/97/99/98; 
ttag +55 37/[4]/?/?/?; 
ttag +56 96/95/92/96/88; 
ttag +57 84/78/80/84/70; 
ttag +58 48/35/28/19/28; 
ttag +59 44/25/27/43/26; 
ttag +60 43/16/15/31/6; 
ttag +61 100/100/99/99/98; 
ttag +62 100/100/98/100/99; 
ttag +63 36/23/14/18/18; 
ttag +64 88/85/84/88/79; 
ttag +65 86/84/72/86/69; 
ttag +66 91/88/75/87/77; 
ttag +67 98/97/95/97/90; 
ttag +68 97/97/93/92/88; 
ttag +69 98/97/94/97/94; 
ttag +70 100/100/100/100/100; 
ttag +71 90/88/80/90/85; 
ttag +72 99/98/94/94/92; 
ttag +73 97/96/95/97/94; 
ttag +74 92/90/82/90/91; 
ttag +75 78/71/56/73/59; 
ttag +76 62/51/33/59/44; 
ttag +77 90/88/74/91/84; 
ttag +78 98/98/97/99/98; 
ttag +79 100/100/100/99/98; 
ttag +80 96/95/92/93/90; 
ttag +81 94/94/92/97/92; 
ttag +82 93/91/83/91/87; 
ttag +83 69/54/56/51/52; 
ttag +84 62/40/33/45/39; 
ttag +85 100/100/100/100/100; 
ttag +86 77/63/56/64/57; 
ttag +87 70/58/46/62/49; 
ttag +88 81/77/65/80/70; 
ttag +89 100/100/97/99/97; 
ttag +90 52/24/28/36/27; 
ttag +91 95/93/90/92/82; 
ttag +92 99/99/98/99/99; 
ttag +93 99/99/96/97/96; 
ttag +94 72/62/47/67/50; 
