tread
'Tree with tags' 
(0 (1 (8 9 (2 3 )(6 7 (4 5 ))(10 (11 12 )))(((13 14 )((26 (27 28 (29 30 )))(39 (31 ((32 33 )(34 35 )(36 (37 38 ))))((40 41 )(42 (43 ((44 45 )(46 47 ))))))))((15 16 )(17 (18 19 ((20 21 )((22 23 )(24 25 ))))))))); 
ttag *!; 
ttag +49 ???; 
ttag +50 4; 
ttag +51 5; 
ttag +52 5; 
ttag +53 5; 
ttag +54 2; 
ttag +55 6; 
ttag +56 8; 
ttag +57 1; 
ttag +58 1; 
ttag +59 14; 
ttag +60 5; 
ttag +61 1; 
ttag +62 3; 
ttag +63 9; 
ttag +64 6; 
ttag +65 11; 
ttag +66 4; 
ttag +67 3; 
ttag +68 7; 
ttag +69 8; 
ttag +70 1; 
ttag +71 1; 
ttag +72 4; 
ttag +73 1; 
ttag +74 6; 
ttag +75 2; 
ttag +76 1; 
ttag +77 15; 
ttag +78 7; 
ttag +79 1; 
ttag +80 5; 
ttag +81 10; 
ttag +82 3; 
ttag +83 8; 
ttag +84 3; 
ttag +85 8; 
tread
'Tree with tags' 
(0 ((1 (((13 14 )((26 (27 (28 (29 30 ))))((31 (((32 33 )(34 35 ))(36 (37 38 ))))(39 ((40 41 )(42 (43 ((44 45 )(46 47 )))))))))((15 16 )(17 ((18 19 )((20 21 )((22 23 )(24 25 ))))))))((9 (8 ((2 3 )(6 (7 (4 5 ))))))(10 (11 12 ))))); 
ttag *!; 
ttag +0 ////; 
ttag +1 ////; 
ttag +2 ////; 
ttag +3 ////; 
ttag +4 ////; 
ttag +5 ////; 
ttag +6 ////; 
ttag +7 ////; 
ttag +8 ////; 
ttag +9 ////; 
ttag +10 ////; 
ttag +11 ////; 
ttag +12 ////; 
ttag +13 ////; 
ttag +14 ////; 
ttag +15 ////; 
ttag +16 ////; 
ttag +17 ////; 
ttag +18 ////; 
ttag +19 ////; 
ttag +20 ////; 
ttag +21 ////; 
ttag +22 ////; 
ttag +23 ////; 
ttag +24 ////; 
ttag +25 ////; 
ttag +26 ////; 
ttag +27 ////; 
ttag +28 ////; 
ttag +29 ////; 
ttag +30 ////; 
ttag +31 ////; 
ttag +32 ////; 
ttag +33 ////; 
ttag +34 ////; 
ttag +35 ////; 
ttag +36 ////; 
ttag +37 ////; 
ttag +38 ////; 
ttag +39 ////; 
ttag +40 ////; 
ttag +41 ////; 
ttag +42 ////; 
ttag +43 ////; 
ttag +44 ////; 
ttag +45 ////; 
ttag +46 ////; 
ttag +47 ////; 
ttag +48 ////; 
ttag +49 49/36/13/22/24; 
ttag +50 100/100/100/100/100; 
ttag +51 96/96/94/97/92; 
ttag +52 37/4/?/?/6; 
ttag +53 2/[30]/?/?/?; 
ttag +54 32/0/0/?/9; 
ttag +55 97/96/94/95/92; 
ttag +56 97/96/95/97/94; 
ttag +57 49/12/26/22/15; 
ttag +58 98/97/97/99/94; 
ttag +59 76/72/60/81/67; 
ttag +60 99/99/100/99/100; 
ttag +61 100/100/100/100/98; 
ttag +62 55/39/28/35/20; 
ttag +63 42/26/14/22/7; 
ttag +64 100/100/100/100/100; 
ttag +65 96/95/88/97/90; 
ttag +66 59/42/44/52/44; 
ttag +67 40/2/8/4/?; 
ttag +68 87/85/74/85/71; 
ttag +69 100/100/100/100/100; 
ttag +70 98/98/93/99/94; 
ttag +71 100/100/100/100/100; 
ttag +72 93/91/90/96/90; 
ttag +73 92/89/73/80/68; 
ttag +74 98/98/98/100/98; 
ttag +75 97/96/95/99/96; 
ttag +76 46/35/28/35/25; 
ttag +77 18/4/?/?/4; 
ttag +78 68/50/46/48/52; 
ttag +79 94/93/88/91/93; 
ttag +80 66/51/44/46/42; 
ttag +81 98/98/98/99/97; 
ttag +82 60/39/37/38/35; 
ttag +83 82/79/65/73/69; 
ttag +84 82/77/67/68/66; 
ttag +85 100/100/100/100/100; 
ttag +86 98/97/94/98/95; 
ttag +87 22/[4]/?/?/?; 
ttag +88 65/50/46/54/33; 
ttag +89 97/96/91/99/93; 
ttag +90 100/100/100/100/99; 
ttag +91 84/79/64/82/63; 
ttag +92 100/100/100/100/100; 
ttag +93 82/78/62/78/66; 
ttag +94 98/98/98/99/97; 
