tread
'Tree with tags' 
(0 (((1 ((2 3 )(((4 5 )(6 7 ))(8 9 )(10 (11 12 )))))((26 (27 (28 (29 30 ))))((39 (31 ((32 33 )((34 35 )(36 (37 38 ))))))((40 41 )(42 (43 ((44 45 )(46 47 ))))))))((13 14 )((15 16 )(17 (18 (19 ((20 21 )((22 23 )(24 25 )))))))))); 
ttag *!; 
ttag +49 2; 
ttag +50 2; 
ttag +51 ???; 
ttag +52 5; 
ttag +53 7; 
ttag +54 5; 
ttag +55 8; 
ttag +56 2; 
ttag +57 4; 
ttag +58 2; 
ttag +59 3; 
ttag +60 7; 
ttag +61 13; 
ttag +62 1; 
ttag +63 12; 
ttag +64 7; 
ttag +65 4; 
ttag +66 1; 
ttag +67 1; 
ttag +68 9; 
ttag +69 6; 
ttag +70 9; 
ttag +71 3; 
ttag +72 2; 
ttag +73 5; 
ttag +74 5; 
ttag +75 4; 
ttag +76 5; 
ttag +77 15; 
ttag +78 7; 
ttag +79 2; 
ttag +80 9; 
ttag +81 9; 
ttag +82 5; 
ttag +83 5; 
ttag +84 1; 
ttag +85 10; 
ttag +86 10; 
ttag +87 5; 
ttag +88 5; 
ttag +89 3; 
ttag +90 3; 
ttag +91 4; 
ttag +92 9; 
ttag +93 1; 
tread
'Tree with tags' 
(0 (((1 ((2 3 )(((4 5 )(6 7 ))((8 9 )(10 (11 12 ))))))((26 (27 (28 (29 30 ))))((39 (31 ((32 33 )((34 35 )(36 (37 38 ))))))((40 41 )(42 (43 ((44 45 )(46 47 ))))))))((13 14 )((15 16 )(17 (18 (19 ((20 21 )((22 23 )(24 25 )))))))))); 
ttag *!; 
ttag +0 ////; 
ttag +1 ////; 
ttag +2 ////; 
ttag +3 ////; 
ttag +4 ////; 
ttag +5 ////; 
ttag +6 ////; 
ttag +7 ////; 
ttag +8 ////; 
ttag +9 ////; 
ttag +10 ////; 
ttag +11 ////; 
ttag +12 ////; 
ttag +13 ////; 
ttag +14 ////; 
ttag +15 ////; 
ttag +16 ////; 
ttag +17 ////; 
ttag +18 ////; 
ttag +19 ////; 
ttag +20 ////; 
ttag +21 ////; 
ttag +22 ////; 
ttag +23 ////; 
ttag +24 ////; 
ttag +25 ////; 
ttag +26 ////; 
ttag +27 ////; 
ttag +28 ////; 
ttag +29 ////; 
ttag +30 ////; 
ttag +31 ////; 
ttag +32 ////; 
ttag +33 ////; 
ttag +34 ////; 
ttag +35 ////; 
ttag +36 ////; 
ttag +37 ////; 
ttag +38 ////; 
ttag +39 ////; 
ttag +40 ////; 
ttag +41 ////; 
ttag +42 ////; 
ttag +43 ////; 
ttag +44 ////; 
ttag +45 ////; 
ttag +46 ////; 
ttag +47 ////; 
ttag +48 ////; 
ttag +49 52/36/31/34/26; 
ttag +50 50/38/36/35/25; 
ttag +51 100/100/100/100/100; 
ttag +52 95/94/93/96/92; 
ttag +53 94/93/86/96/88; 
ttag +54 99/99/99/99/100; 
ttag +55 100/100/98/100/98; 
ttag +56 65/48/44/39/34; 
ttag +57 94/94/86/88/75; 
ttag +58 83/82/82/90/72; 
ttag +59 37/10/?/?/7; 
ttag +60 82/75/72/84/66; 
ttag +61 99/99/98/99/96; 
ttag +62 100/100/100/100/100; 
ttag +63 38/26/22/24/16; 
ttag +64 100/100/100/100/100; 
ttag +65 97/96/90/96/87; 
ttag +66 89/86/78/90/79; 
ttag +67 36/18/21/25/12; 
ttag +68 32/14/13/17/2; 
ttag +69 100/100/99/100/99; 
ttag +70 92/92/90/95/88; 
ttag +71 100/100/98/100/100; 
ttag +72 82/76/66/85/66; 
ttag +73 72/57/58/68/52; 
ttag +74 98/97/96/97/95; 
ttag +75 97/96/87/91/90; 
ttag +76 94/93/84/94/88; 
ttag +77 98/98/98/98/98; 
ttag +78 100/100/100/100/99; 
ttag +79 99/99/96/98/98; 
ttag +80 66/49/44/53/30; 
ttag +81 100/100/99/100/99; 
ttag +82 100/100/100/100/99; 
ttag +83 96/95/91/93/92; 
ttag +84 97/97/98/100/96; 
ttag +85 49/37/30/33/27; 
ttag +86 100/100/100/100/100; 
ttag +87 100/100/100/100/100; 
ttag +88 94/92/85/93/90; 
ttag +89 96/96/84/96/89; 
ttag +90 92/90/86/92/85; 
ttag +91 90/89/72/89/74; 
ttag +92 93/91/84/92/78; 
ttag +93 99/99/100/100/99; 
ttag +94 58/37/28/44/36; 
