tread
'Tree with tags' 
(0 (1 ((8 9 ((2 3 )(6 (7 (4 5 ))))(10 (11 12 )))((15 16 )(17 (19 (18 ((20 21 )((22 23 )(24 25 ))))))))(13 14 )((26 (27 (28 (29 30 ))))((39 (31 ((32 33 )(34 35 )(36 (37 38 )))))((40 41 )(42 (43 (44 45 (46 47 ))))))))); 
ttag *!; 
ttag +49 ???; 
ttag +50 4; 
ttag +51 1; 
ttag +52 7; 
ttag +53 2; 
ttag +54 8; 
ttag +55 2; 
ttag +56 5; 
ttag +57 6; 
ttag +58 11; 
ttag +59 8; 
ttag +60 9; 
ttag +61 5; 
ttag +62 2; 
ttag +63 1; 
ttag +64 9; 
ttag +65 9; 
ttag +66 7; 
ttag +67 14; 
ttag +68 5; 
ttag +69 7; 
ttag +70 6; 
ttag +71 3; 
ttag +72 3; 
ttag +73 3; 
ttag +74 5; 
ttag +75 8; 
ttag +76 3; 
ttag +77 5; 
ttag +78 3; 
ttag +79 8; 
ttag +80 2; 
ttag +81 5; 
ttag +82 5; 
ttag +83 5; 
ttag +84 12; 
ttag +85 7; 
ttag +86 3; 
ttag +87 6; 
ttag +88 2; 
tread
'Tree with tags' 
(0 ((1 (((((2 3 )(6 (7 (4 5 ))))(8 9 ))(10 (11 12 )))((15 16 )(17 (19 (18 ((20 21 )((22 23 )(24 25 )))))))))((13 14 )((26 (27 (28 (29 30 ))))((39 (31 ((32 33 )((34 35 )(36 (37 38 ))))))((40 41 )(42 (43 ((44 45 )(46 47 )))))))))); 
ttag *!; 
ttag +0 ////; 
ttag +1 ////; 
ttag +2 ////; 
ttag +3 ////; 
ttag +4 ////; 
ttag +5 ////; 
ttag +6 ////; 
ttag +7 ////; 
ttag +8 ////; 
ttag +9 ////; 
ttag +10 ////; 
ttag +11 ////; 
ttag +12 ////; 
ttag +13 ////; 
ttag +14 ////; 
ttag +15 ////; 
ttag +16 ////; 
ttag +17 ////; 
ttag +18 ////; 
ttag +19 ////; 
ttag +20 ////; 
ttag +21 ////; 
ttag +22 ////; 
ttag +23 ////; 
ttag +24 ////; 
ttag +25 ////; 
ttag +26 ////; 
ttag +27 ////; 
ttag +28 ////; 
ttag +29 ////; 
ttag +30 ////; 
ttag +31 ////; 
ttag +32 ////; 
ttag +33 ////; 
ttag +34 ////; 
ttag +35 ////; 
ttag +36 ////; 
ttag +37 ////; 
ttag +38 ////; 
ttag +39 ////; 
ttag +40 ////; 
ttag +41 ////; 
ttag +42 ////; 
ttag +43 ////; 
ttag +44 ////; 
ttag +45 ////; 
ttag +46 ////; 
ttag +47 ////; 
ttag +48 ////; 
ttag +49 26/10/?/?/?; 
ttag +50 100/100/100/100/100; 
ttag +51 93/91/87/94/88; 
ttag +52 49/21/21/25/10; 
ttag +53 4/[27]/?/?/?; 
ttag +54 100/100/98/100/96; 
ttag +55 55/45/34/56/32; 
ttag +56 100/100/98/98/98; 
ttag +57 77/71/72/75/70; 
ttag +58 99/98/94/98/93; 
ttag +59 35/19/19/13/16; 
ttag +60 97/97/90/96/88; 
ttag +61 100/100/100/100/100; 
ttag +62 99/99/99/100/99; 
ttag +63 48/40/46/44/41; 
ttag +64 100/100/99/100/99; 
ttag +65 91/89/86/92/86; 
ttag +66 90/88/77/87/80; 
ttag +67 65/63/58/59/52; 
ttag +68 97/96/94/98/91; 
ttag +69 100/100/100/100/100; 
ttag +70 97/96/94/98/90; 
ttag +71 100/100/100/100/100; 
ttag +72 96/94/91/96/86; 
ttag +73 100/100/100/100/99; 
ttag +74 98/98/94/98/96; 
ttag +75 84/80/71/77/60; 
ttag +76 84/80/74/80/62; 
ttag +77 84/82/69/82/61; 
ttag +78 96/95/85/92/81; 
ttag +79 100/100/100/99/98; 
ttag +80 84/82/78/81/68; 
ttag +81 92/89/87/89/84; 
ttag +82 90/90/83/92/86; 
ttag +83 99/99/98/100/98; 
ttag +84 68/61/58/64/56; 
ttag +85 44/7/12/4/4; 
ttag +86 95/95/95/98/92; 
ttag +87 94/92/93/92/91; 
ttag +88 99/99/99/98/99; 
ttag +89 100/100/98/100/99; 
ttag +90 94/91/86/97/86; 
ttag +91 86/82/75/89/74; 
ttag +92 42/6/9/10/21; 
ttag +93 100/100/98/99/98; 
ttag +94 74/63/52/66/46; 
