tread
'Tree with tags' 
(0 (1 ((2 3 )(((4 5 )(6 7 ))((8 9 )(10 (11 12 )))))(13 14 )(17 (15 16 )(18 (19 ((20 21 )((22 23 )(24 25 ))))))((26 (27 (28 (29 30 ))))(39 (31 ((32 33 )((34 35 )(36 (37 38 )))))((40 41 )(42 (43 ((44 45 )(46 47 ))))))))); 
ttag *!; 
ttag +49 ???; 
ttag +50 3; 
ttag +51 5; 
ttag +52 5; 
ttag +53 8; 
ttag +54 3; 
ttag +55 5; 
ttag +56 1; 
ttag +57 1; 
ttag +58 9; 
ttag +59 10; 
ttag +60 5; 
ttag +61 9; 
ttag +62 4; 
ttag +63 7; 
ttag +64 3; 
ttag +65 9; 
ttag +66 11; 
ttag +67 9; 
ttag +68 5; 
ttag +69 8; 
ttag +70 8; 
ttag +71 5; 
ttag +72 3; 
ttag +73 7; 
ttag +74 12; 
ttag +75 7; 
ttag +76 2; 
ttag +77 3; 
ttag +78 9; 
ttag +79 2; 
ttag +80 1; 
ttag +81 7; 
ttag +82 8; 
ttag +83 3; 
ttag +84 6; 
ttag +85 10; 
ttag +86 1; 
ttag +87 10; 
ttag +88 6; 
ttag +89 1; 
tread
'Tree with tags' 
(0 (1 ((2 3 )(((4 5 )(6 7 ))((8 9 )(10 (11 12 )))))(13 14 )(17 (15 16 )(18 (19 ((20 21 )((22 23 )(24 25 ))))))((26 (27 (28 (29 30 ))))(39 (31 ((32 33 )((34 35 )(36 (37 38 )))))((40 41 )(42 (43 ((44 45 )(46 47 ))))))))); 
ttag *!; 
ttag +0 ////; 
ttag +1 ////; 
ttag +2 ////; 
ttag +3 ////; 
ttag +4 ////; 
ttag +5 ////; 
ttag +6 ////; 
ttag +7 ////; 
ttag +8 ////; 
ttag +9 ////; 
ttag +10 ////; 
ttag +11 ////; 
ttag +12 ////; 
ttag +13 ////; 
ttag +14 ////; 
ttag +15 ////; 
ttag +16 ////; 
ttag +17 ////; 
ttag +18 ////; 
ttag +19 ////; 
ttag +20 ////; 
ttag +21 ////; 
ttag +22 ////; 
ttag +23 ////; 
ttag +24 ////; 
ttag +25 ////; 
ttag +26 ////; 
ttag +27 ////; 
ttag +28 ////; 
ttag +29 ////; 
ttag +30 ////; 
ttag +31 ////; 
ttag +32 ////; 
ttag +33 ////; 
ttag +34 ////; 
ttag +35 ////; 
ttag +36 ////; 
ttag +37 ////; 
ttag +38 ////; 
ttag +39 ////; 
ttag +40 ////; 
ttag +41 ////; 
ttag +42 ////; 
ttag +43 ////; 
ttag +44 ////; 
ttag +45 ////; 
ttag +46 ////; 
ttag +47 ////; 
ttag +48 ////; 
ttag +49 100/100/100/100/100; 
ttag +50 86/81/75/82/74; 
ttag +51 98/98/89/95/94; 
ttag +52 98/98/95/99/95; 
ttag +53 100/100/100/100/98; 
ttag +54 87/86/80/88/77; 
ttag +55 97/96/87/91/88; 
ttag +56 50/29/22/38/30; 
ttag +57 55/34/23/39/26; 
ttag +58 99/98/97/100/91; 
ttag +59 100/100/98/100/99; 
ttag +60 99/98/94/98/93; 
ttag +61 100/100/100/100/98; 
ttag +62 88/85/70/86/70; 
ttag +63 99/98/90/98/91; 
ttag +64 82/76/62/80/60; 
ttag +65 100/100/100/100/100; 
ttag +66 100/100/98/100/100; 
ttag +67 100/100/99/100/100; 
ttag +68 94/93/84/97/89; 
ttag +69 99/99/96/99/98; 
ttag +70 100/100/98/99/99; 
ttag +71 95/94/87/96/86; 
ttag +72 93/90/84/92/85; 
ttag +73 100/100/100/99/100; 
ttag +74 100/100/100/100/100; 
ttag +75 98/98/97/99/96; 
ttag +76 68/54/46/50/37; 
ttag +77 89/85/83/91/88; 
ttag +78 100/100/100/99/98; 
ttag +79 86/84/75/77/68; 
ttag +80 67/52/50/55/46; 
ttag +81 98/98/98/100/99; 
ttag +82 100/100/99/100/98; 
ttag +83 82/75/65/79/72; 
ttag +84 99/99/96/96/96; 
ttag +85 100/100/99/100/98; 
ttag +86 61/50/38/50/51; 
ttag +87 100/100/99/99/100; 
ttag +88 98/98/88/97/90; 
ttag +89 58/46/45/55/49; 
