tread
'Tree with tags' 
(0 ((1 ((13 14 )((15 16 )(17 ((18 19 )((20 21 )((22 23 )(24 25 )))))))((26 (27 (28 (29 30 ))))(39 (31 ((32 33 )(34 (35 (36 (37 38 ))))))(40 41 (42 (43 (47 (46 (44 45 )))))))))((2 3 )(8 9 (7 (6 (4 5 )))(10 (11 12 )))))); 
ttag *!; 
ttag +49 1; 
ttag +50 ???; 
ttag +51 7; 
ttag +52 6; 
ttag +53 6; 
ttag +54 2; 
ttag +55 11; 
ttag +56 6; 
ttag +57 6; 
ttag +58 8; 
ttag +59 13; 
ttag +60 1; 
ttag +61 13; 
ttag +62 3; 
ttag +63 5; 
ttag +64 1; 
ttag +65 3; 
ttag +66 9; 
ttag +67 7; 
ttag +68 4; 
ttag +69 7; 
ttag +70 3; 
ttag +71 4; 
ttag +72 5; 
ttag +73 1; 
ttag +74 5; 
ttag +75 9; 
ttag +76 3; 
ttag +77 4; 
ttag +78 9; 
ttag +79 8; 
ttag +80 1; 
ttag +81 1; 
ttag +82 12; 
ttag +83 10; 
ttag +84 7; 
ttag +85 11; 
ttag +86 4; 
ttag +87 9; 
ttag +88 2; 
ttag +89 5; 
tread
'Tree with tags' 
(0 ((1 ((13 14 )((15 16 )(17 ((18 19 )((20 21 )((22 23 )(24 25 )))))))((26 (27 (28 (29 30 ))))(39 (31 ((32 33 )(34 (35 (36 (37 38 ))))))(40 41 (42 (43 (47 (46 (44 45 )))))))))((2 3 )(8 9 (7 (6 (4 5 )))(10 (11 12 )))))); 
ttag *!; 
ttag +0 ////; 
ttag +1 ////; 
ttag +2 ////; 
ttag +3 ////; 
ttag +4 ////; 
ttag +5 ////; 
ttag +6 ////; 
ttag +7 ////; 
ttag +8 ////; 
ttag +9 ////; 
ttag +10 ////; 
ttag +11 ////; 
ttag +12 ////; 
ttag +13 ////; 
ttag +14 ////; 
ttag +15 ////; 
ttag +16 ////; 
ttag +17 ////; 
ttag +18 ////; 
ttag +19 ////; 
ttag +20 ////; 
ttag +21 ////; 
ttag +22 ////; 
ttag +23 ////; 
ttag +24 ////; 
ttag +25 ////; 
ttag +26 ////; 
ttag +27 ////; 
ttag +28 ////; 
ttag +29 ////; 
ttag +30 ////; 
ttag +31 ////; 
ttag +32 ////; 
ttag +33 ////; 
ttag +34 ////; 
ttag +35 ////; 
ttag +36 ////; 
ttag +37 ////; 
ttag +38 ////; 
ttag +39 ////; 
ttag +40 ////; 
ttag +41 ////; 
ttag +42 ////; 
ttag +43 ////; 
ttag +44 ////; 
ttag +45 ////; 
ttag +46 ////; 
ttag +47 ////; 
ttag +48 ////; 
ttag +49 33/25/11/25/14; 
ttag +50 100/100/100/100/100; 
ttag +51 100/100/98/99/96; 
ttag +52 86/82/62/84/68; 
ttag +53 94/92/86/96/90; 
ttag +54 75/68/64/76/60; 
ttag +55 100/100/98/100/96; 
ttag +56 93/92/84/97/90; 
ttag +57 92/90/82/92/85; 
ttag +58 100/100/100/100/100; 
ttag +59 100/100/100/100/100; 
ttag +60 34/26/12/24/18; 
ttag +61 100/100/100/100/100; 
ttag +62 58/46/44/56/41; 
ttag +63 96/94/92/98/94; 
ttag +64 31/18/14/19/20; 
ttag +65 85/79/66/88/67; 
ttag +66 100/100/100/100/100; 
ttag +67 96/95/89/96/92; 
ttag +68 93/90/83/91/86; 
ttag +69 100/100/98/99/100; 
ttag +70 86/84/78/82/74; 
ttag +71 94/93/87/98/90; 
ttag +72 90/88/74/87/65; 
ttag +73 72/60/56/60/66; 
ttag +74 96/94/90/96/89; 
ttag +75 100/100/98/99/98; 
ttag +76 92/91/84/89/81; 
ttag +77 95/93/88/88/80; 
ttag +78 100/100/100/100/100; 
ttag +79 100/100/100/99/100; 
ttag +80 60/48/45/43/52; 
ttag +81 55/49/37/46/36; 
ttag +82 100/100/100/100/99; 
ttag +83 100/100/100/100/100; 
ttag +84 98/98/91/97/90; 
ttag +85 100/100/99/100/99; 
ttag +86 95/95/93/98/88; 
ttag +87 100/100/97/98/96; 
ttag +88 70/56/50/60/43; 
ttag +89 92/89/88/90/81; 
