tread
'Tree with tags' 
(0 ((1 ((2 3 )(8 9 ((4 5 )(6 7 ))(10 (11 12 )))))(((13 14 )((26 (27 (28 (29 30 ))))((31 (((32 33 )(36 (37 38 )))(34 35 )))(39 ((40 41 )(42 (43 ((44 45 )(46 47 )))))))))((15 16 )(17 (18 (19 ((20 21 )((22 23 )(24 25 )))))))))); 
ttag *!; 
ttag +49 1; 
ttag +50 ???; 
ttag +51 1; 
ttag +52 9; 
ttag +53 7; 
ttag +54 3; 
ttag +55 1; 
ttag +56 2; 
ttag +57 5; 
ttag +58 8; 
ttag +59 7; 
ttag +60 1; 
ttag +61 1; 
ttag +62 4; 
ttag +63 10; 
ttag +64 3; 
ttag +65 6; 
ttag +66 2; 
ttag +67 12; 
ttag +68 8; 
ttag +69 11; 
ttag +70 10; 
ttag +71 4; 
ttag +72 5; 
ttag +73 5; 
ttag +74 2; 
ttag +75 9; 
ttag +76 13; 
ttag +77 7; 
ttag +78 5; 
ttag +79 4; 
ttag +80 2; 
ttag +81 2; 
ttag +82 1; 
ttag +83 19; 
ttag +84 6; 
ttag +85 1; 
ttag +86 4; 
ttag +87 8; 
ttag +88 9; 
ttag +89 4; 
ttag +90 8; 
ttag +91 6; 
ttag +92 2; 
tread
'Tree with tags' 
(0 ((1 ((2 3 )(((4 5 )(6 7 ))((8 9 )(10 (11 12 ))))))(((13 14 )((26 (27 (28 (29 30 ))))((31 (((32 33 )(36 (37 38 )))(34 35 )))(39 ((40 41 )(42 (43 ((44 45 )(46 47 )))))))))((15 16 )(17 (18 (19 ((20 21 )((22 23 )(24 25 )))))))))); 
ttag *!; 
ttag +0 ////; 
ttag +1 ////; 
ttag +2 ////; 
ttag +3 ////; 
ttag +4 ////; 
ttag +5 ////; 
ttag +6 ////; 
ttag +7 ////; 
ttag +8 ////; 
ttag +9 ////; 
ttag +10 ////; 
ttag +11 ////; 
ttag +12 ////; 
ttag +13 ////; 
ttag +14 ////; 
ttag +15 ////; 
ttag +16 ////; 
ttag +17 ////; 
ttag +18 ////; 
ttag +19 ////; 
ttag +20 ////; 
ttag +21 ////; 
ttag +22 ////; 
ttag +23 ////; 
ttag +24 ////; 
ttag +25 ////; 
ttag +26 ////; 
ttag +27 ////; 
ttag +28 ////; 
ttag +29 ////; 
ttag +30 ////; 
ttag +31 ////; 
ttag +32 ////; 
ttag +33 ////; 
ttag +34 ////; 
ttag +35 ////; 
ttag +36 ////; 
ttag +37 ////; 
ttag +38 ////; 
ttag +39 ////; 
ttag +40 ////; 
ttag +41 ////; 
ttag +42 ////; 
ttag +43 ////; 
ttag +44 ////; 
ttag +45 ////; 
ttag +46 ////; 
ttag +47 ////; 
ttag +48 ////; 
ttag +49 29/[4]/?/?/?; 
ttag +50 100/100/100/100/100; 
ttag +51 54/33/22/23/14; 
ttag +52 100/100/99/99/98; 
ttag +53 99/99/95/100/99; 
ttag +54 86/86/80/86/80; 
ttag +55 63/52/53/57/46; 
ttag +56 71/58/46/58/39; 
ttag +57 21/0/2/?/?; 
ttag +58 46/24/22/6/9; 
ttag +59 87/84/81/91/84; 
ttag +60 100/100/99/100/99; 
ttag +61 99/99/98/99/98; 
ttag +62 23/[1]/?/2/?; 
ttag +63 38/4/?/1/?; 
ttag +64 96/94/96/94/90; 
ttag +65 100/100/99/100/98; 
ttag +66 92/89/80/90/72; 
ttag +67 98/97/93/98/93; 
ttag +68 84/83/80/85/82; 
ttag +69 100/100/100/100/100; 
ttag +70 97/96/91/98/91; 
ttag +71 100/100/100/100/99; 
ttag +72 100/100/99/99/99; 
ttag +73 96/94/78/92/87; 
ttag +74 99/98/97/100/96; 
ttag +75 94/93/88/97/88; 
ttag +76 75/67/70/70/62; 
ttag +77 100/100/100/100/100; 
ttag +78 100/100/100/100/100; 
ttag +79 94/92/88/95/85; 
ttag +80 94/93/90/95/91; 
ttag +81 97/96/97/96/94; 
ttag +82 58/43/25/50/31; 
ttag +83 79/73/61/77/69; 
ttag +84 58/43/31/50/35; 
ttag +85 100/100/100/100/100; 
ttag +86 97/96/96/98/97; 
ttag +87 52/33/21/46/28; 
ttag +88 84/78/72/90/75; 
ttag +89 98/98/93/98/93; 
ttag +90 99/99/94/99/95; 
ttag +91 92/90/80/89/80; 
ttag +92 100/100/99/99/98; 
ttag +93 96/96/94/97/91; 
ttag +94 68/60/52/61/54; 
