tread
'Tree with tags' 
(0 ((1 ((2 3 )((8 9 ((4 5 )(6 7 )))(10 (11 12 )))))((13 14 )(((15 16 )(17 (18 (19 ((20 21 )((22 23 )(24 25 )))))))((26 (27 (28 (29 30 ))))(39 ((31 ((32 33 )(34 35 )(36 (37 38 ))))((40 41 )(42 (43 ((44 45 )(46 47 )))))))))))); 
ttag *!; 
ttag +49 1; 
ttag +50 ???; 
ttag +51 4; 
ttag +52 8; 
ttag +53 6; 
ttag +54 4; 
ttag +55 1; 
ttag +56 3; 
ttag +57 1; 
ttag +58 1; 
ttag +59 6; 
ttag +60 4; 
ttag +61 2; 
ttag +62 11; 
ttag +63 6; 
ttag +64 1; 
ttag +65 1; 
ttag +66 6; 
ttag +67 1; 
ttag +68 10; 
ttag +69 8; 
ttag +70 5; 
ttag +71 2; 
ttag +72 3; 
ttag +73 11; 
ttag +74 7; 
ttag +75 1; 
ttag +76 3; 
ttag +77 7; 
ttag +78 4; 
ttag +79 3; 
ttag +80 5; 
ttag +81 4; 
ttag +82 1; 
ttag +83 6; 
ttag +84 9; 
ttag +85 2; 
ttag +86 4; 
ttag +87 4; 
ttag +88 12; 
ttag +89 1; 
ttag +90 4; 
ttag +91 4; 
ttag +92 1; 
tread
'Tree with tags' 
(0 ((1 ((2 3 )((8 (9 ((4 5 )(6 7 ))))(10 (11 12 )))))((13 14 )(((15 16 )(17 (18 (19 ((20 21 )((22 23 )(24 25 )))))))((26 (27 (28 (29 30 ))))(39 ((31 (((32 33 )(34 35 ))(36 (37 38 ))))((40 41 )(42 (43 ((44 45 )(46 47 )))))))))))); 
ttag *!; 
ttag +0 ////; 
ttag +1 ////; 
ttag +2 ////; 
ttag +3 ////; 
ttag +4 ////; 
ttag +5 ////; 
ttag +6 ////; 
ttag +7 ////; 
ttag +8 ////; 
ttag +9 ////; 
ttag +10 ////; 
ttag +11 ////; 
ttag +12 ////; 
ttag +13 ////; 
ttag +14 ////; 
ttag +15 ////; 
ttag +16 ////; 
ttag +17 ////; 
ttag +18 ////; 
ttag +19 ////; 
ttag +20 ////; 
ttag +21 ////; 
ttag +22 ////; 
ttag +23 ////; 
ttag +24 ////; 
ttag +25 ////; 
ttag +26 ////; 
ttag +27 ////; 
ttag +28 ////; 
ttag +29 ////; 
ttag +30 ////; 
ttag +31 ////; 
ttag +32 ////; 
ttag +33 ////; 
ttag +34 ////; 
ttag +35 ////; 
ttag +36 ////; 
ttag +37 ////; 
ttag +38 ////; 
ttag +39 ////; 
ttag +40 ////; 
ttag +41 ////; 
ttag +42 ////; 
ttag +43 ////; 
ttag +44 ////; 
ttag +45 ////; 
ttag +46 ////; 
ttag +47 ////; 
ttag +48 ////; 
ttag +49 41/34/27/36/30; 
ttag +50 100/100/100/100/100; 
ttag +51 92/90/86/90/84; 
ttag +52 99/99/96/99/96; 
ttag +53 100/100/100/99/99; 
ttag +54 92/90/76/90/79; 
ttag +55 9/[22]/?/?/?; 
ttag +56 25/[5]/?/6/7; 
ttag +57 87/84/74/91/78; 
ttag +58 71/64/44/61/56; 
ttag +59 36/11/12/18/20; 
ttag +60 98/98/97/99/98; 
ttag +61 95/94/94/98/93; 
ttag +62 41/30/22/28/19; 
ttag +63 100/100/100/100/100; 
ttag +64 99/99/94/97/95; 
ttag +65 19/[21]/?/?/?; 
ttag +66 54/43/30/42/34; 
ttag +67 98/97/93/98/92; 
ttag +68 43/8/16/18/6; 
ttag +69 100/100/99/99/99; 
ttag +70 99/99/98/100/98; 
ttag +71 95/94/88/96/92; 
ttag +72 81/73/66/73/65; 
ttag +73 90/88/82/92/79; 
ttag +74 100/100/100/100/99; 
ttag +75 97/96/95/97/91; 
ttag +76 53/40/30/34/32; 
ttag +77 88/85/66/84/79; 
ttag +78 99/99/99/100/98; 
ttag +79 81/78/60/72/68; 
ttag +80 62/54/34/47/36; 
ttag +81 91/87/70/88/72; 
ttag +82 96/95/93/97/89; 
ttag +83 28/9/20/18/16; 
ttag +84 66/52/38/43/46; 
ttag +85 100/100/98/100/100; 
ttag +86 99/99/98/100/100; 
ttag +87 70/51/41/48/39; 
ttag +88 92/91/82/90/85; 
ttag +89 76/68/44/62/54; 
ttag +90 100/100/100/100/100; 
ttag +91 50/18/21/30/32; 
ttag +92 96/96/86/94/89; 
ttag +93 88/85/66/88/74; 
ttag +94 63/44/26/50/46; 
