tread
'Tree with tags' 
(0 ((1 (((13 14 )((17 (15 16 ))(18 (19 ((20 21 )((22 23 )(24 25 )))))))((26 (27 (28 (29 30 ))))(39 ((31 ((32 33 )((34 35 )(36 (37 38 )))))((40 41 )(42 43 ((44 45 )(46 47 )))))))))((2 3 )(((4 5 )(6 7 ))((8 9 )(10 (11 12 ))))))); 
ttag *!; 
ttag +49 1; 
ttag +50 ???; 
ttag +51 3; 
ttag +52 6; 
ttag +53 12; 
ttag +54 3; 
ttag +55 3; 
ttag +56 4; 
ttag +57 2; 
ttag +58 3; 
ttag +59 4; 
ttag +60 12; 
ttag +61 9; 
ttag +62 3; 
ttag +63 1; 
ttag +64 13; 
ttag +65 2; 
ttag +66 5; 
ttag +67 5; 
ttag +68 3; 
ttag +69 9; 
ttag +70 6; 
ttag +71 9; 
ttag +72 5; 
ttag +73 2; 
ttag +74 5; 
ttag +75 12; 
ttag +76 2; 
ttag +77 4; 
ttag +78 7; 
ttag +79 8; 
ttag +80 1; 
ttag +81 5; 
ttag +82 9; 
ttag +83 5; 
ttag +84 4; 
ttag +85 2; 
ttag +86 13; 
ttag +87 7; 
ttag +88 5; 
ttag +89 14; 
ttag +90 8; 
ttag +91 10; 
ttag +92 10; 
ttag +93 1; 
tread
'Tree with tags' 
(0 ((1 (((13 14 )((17 (15 16 ))(18 (19 ((20 21 )((22 23 )(24 25 )))))))((26 (27 (28 (29 30 ))))(39 ((31 ((32 33 )((34 35 )(36 (37 38 )))))((40 41 )(42 (43 ((44 45 )(46 47 ))))))))))((2 3 )(((4 5 )(6 7 ))((8 9 )(10 (11 12 ))))))); 
ttag *!; 
ttag +0 ////; 
ttag +1 ////; 
ttag +2 ////; 
ttag +3 ////; 
ttag +4 ////; 
ttag +5 ////; 
ttag +6 ////; 
ttag +7 ////; 
ttag +8 ////; 
ttag +9 ////; 
ttag +10 ////; 
ttag +11 ////; 
ttag +12 ////; 
ttag +13 ////; 
ttag +14 ////; 
ttag +15 ////; 
ttag +16 ////; 
ttag +17 ////; 
ttag +18 ////; 
ttag +19 ////; 
ttag +20 ////; 
ttag +21 ////; 
ttag +22 ////; 
ttag +23 ////; 
ttag +24 ////; 
ttag +25 ////; 
ttag +26 ////; 
ttag +27 ////; 
ttag +28 ////; 
ttag +29 ////; 
ttag +30 ////; 
ttag +31 ////; 
ttag +32 ////; 
ttag +33 ////; 
ttag +34 ////; 
ttag +35 ////; 
ttag +36 ////; 
ttag +37 ////; 
ttag +38 ////; 
ttag +39 ////; 
ttag +40 ////; 
ttag +41 ////; 
ttag +42 ////; 
ttag +43 ////; 
ttag +44 ////; 
ttag +45 ////; 
ttag +46 ////; 
ttag +47 ////; 
ttag +48 ////; 
ttag +49 50/39/39/43/36; 
ttag +50 100/100/100/100/100; 
ttag +51 82/72/77/76/64; 
ttag +52 96/96/91/95/92; 
ttag +53 100/100/100/100/100; 
ttag +54 85/78/68/79/74; 
ttag +55 95/94/84/92/85; 
ttag +56 92/90/77/91/79; 
ttag +57 78/71/49/73/63; 
ttag +58 81/80/73/86/80; 
ttag +59 96/95/93/95/89; 
ttag +60 100/100/100/100/100; 
ttag +61 100/100/98/100/98; 
ttag +62 79/71/65/72/56; 
ttag +63 56/48/42/46/34; 
ttag +64 100/100/100/100/100; 
ttag +65 66/58/33/56/40; 
ttag +66 95/94/88/94/85; 
ttag +67 86/84/67/86/75; 
ttag +68 74/67/59/76/60; 
ttag +69 100/100/97/100/97; 
ttag +70 97/96/90/98/88; 
ttag +71 99/98/100/100/98; 
ttag +72 96/96/93/95/96; 
ttag +73 74/67/55/72/56; 
ttag +74 90/87/80/92/81; 
ttag +75 99/99/98/100/96; 
ttag +76 79/75/73/80/62; 
ttag +77 88/83/75/94/80; 
ttag +78 100/100/99/100/100; 
ttag +79 100/100/99/100/98; 
ttag +80 57/31/29/51/31; 
ttag +81 97/96/89/98/90; 
ttag +82 100/100/100/100/100; 
ttag +83 98/98/96/97/92; 
ttag +84 99/99/97/98/98; 
ttag +85 80/74/76/75/69; 
ttag +86 100/100/100/100/99; 
ttag +87 99/99/98/99/99; 
ttag +88 97/97/91/95/90; 
ttag +89 100/100/100/100/100; 
ttag +90 100/100/96/99/96; 
ttag +91 38/[2]/7/14/12; 
ttag +92 100/100/100/100/100; 
ttag +93 99/99/98/100/97; 
ttag +94 62/55/49/55/50; 
