tread
'Tree with tags' 
(0 ((1 ((2 3 )((7 (6 (4 5 )))((8 9 )(10 (11 12 ))))))(((13 14 )((27 (26 (28 (29 30 ))))((39 (31 ((32 33 )((34 35 )(36 (37 38 ))))))((40 41 )(42 (43 ((44 45 )(46 47 ))))))))((15 16 )(17 (18 (19 ((20 21 )((22 23 )(24 25 )))))))))); 
ttag *!; 
ttag +49 2; 
ttag +50 ???; 
ttag +51 2; 
ttag +52 5; 
ttag +53 9; 
ttag +54 1; 
ttag +55 7; 
ttag +56 2; 
ttag +57 2; 
ttag +58 5; 
ttag +59 9; 
ttag +60 13; 
ttag +61 5; 
ttag +62 1; 
ttag +63 3; 
ttag +64 11; 
ttag +65 6; 
ttag +66 3; 
ttag +67 7; 
ttag +68 3; 
ttag +69 11; 
ttag +70 7; 
ttag +71 9; 
ttag +72 3; 
ttag +73 1; 
ttag +74 1; 
ttag +75 3; 
ttag +76 5; 
ttag +77 5; 
ttag +78 14; 
ttag +79 5; 
ttag +80 1; 
ttag +81 8; 
ttag +82 6; 
ttag +83 4; 
ttag +84 4; 
ttag +85 1; 
ttag +86 7; 
ttag +87 13; 
ttag +88 3; 
ttag +89 5; 
ttag +90 7; 
ttag +91 5; 
ttag +92 4; 
ttag +93 5; 
ttag +94 2; 
tread
'Tree with tags' 
(0 ((1 ((2 3 )((7 (6 (4 5 )))((8 9 )(10 (11 12 ))))))(((13 14 )((27 (26 (28 (29 30 ))))((39 (31 ((32 33 )((34 35 )(36 (37 38 ))))))((40 41 )(42 (43 ((44 45 )(46 47 ))))))))((15 16 )(17 (18 (19 ((20 21 )((22 23 )(24 25 )))))))))); 
ttag *!; 
ttag +0 ////; 
ttag +1 ////; 
ttag +2 ////; 
ttag +3 ////; 
ttag +4 ////; 
ttag +5 ////; 
ttag +6 ////; 
ttag +7 ////; 
ttag +8 ////; 
ttag +9 ////; 
ttag +10 ////; 
ttag +11 ////; 
ttag +12 ////; 
ttag +13 ////; 
ttag +14 ////; 
ttag +15 ////; 
ttag +16 ////; 
ttag +17 ////; 
ttag +18 ////; 
ttag +19 ////; 
ttag +20 ////; 
ttag +21 ////; 
ttag +22 ////; 
ttag +23 ////; 
ttag +24 ////; 
ttag +25 ////; 
ttag +26 ////; 
ttag +27 ////; 
ttag +28 ////; 
ttag +29 ////; 
ttag +30 ////; 
ttag +31 ////; 
ttag +32 ////; 
ttag +33 ////; 
ttag +34 ////; 
ttag +35 ////; 
ttag +36 ////; 
ttag +37 ////; 
ttag +38 ////; 
ttag +39 ////; 
ttag +40 ////; 
ttag +41 ////; 
ttag +42 ////; 
ttag +43 ////; 
ttag +44 ////; 
ttag +45 ////; 
ttag +46 ////; 
ttag +47 ////; 
ttag +48 ////; 
ttag +49 68/60/51/58/46; 
ttag +50 100/100/100/100/100; 
ttag +51 73/57/46/69/54; 
ttag +52 97/96/90/97/87; 
ttag +53 100/100/98/100/99; 
ttag +54 71/70/68/69/68; 
ttag +55 99/99/96/99/96; 
ttag +56 92/92/76/86/85; 
ttag +57 78/69/61/72/63; 
ttag +58 97/97/93/96/95; 
ttag +59 100/100/100/100/99; 
ttag +60 100/100/100/100/100; 
ttag +61 98/97/91/96/87; 
ttag +62 43/21/16/22/12; 
ttag +63 67/61/52/64/51; 
ttag +64 100/100/99/100/99; 
ttag +65 92/91/83/92/76; 
ttag +66 81/73/64/67/59; 
ttag +67 99/99/95/98/97; 
ttag +68 88/86/78/86/73; 
ttag +69 100/100/100/100/100; 
ttag +70 99/99/97/99/96; 
ttag +71 99/99/100/100/98; 
ttag +72 93/92/84/88/86; 
ttag +73 60/44/20/42/36; 
ttag +74 64/62/58/62/62; 
ttag +75 85/82/82/86/87; 
ttag +76 91/88/79/90/80; 
ttag +77 93/91/83/93/88; 
ttag +78 100/100/100/100/100; 
ttag +79 98/98/92/95/90; 
ttag +80 46/20/27/26/18; 
ttag +81 99/99/99/99/99; 
ttag +82 99/99/98/99/97; 
ttag +83 96/94/84/92/88; 
ttag +84 100/100/96/99/94; 
ttag +85 68/67/56/56/54; 
ttag +86 99/98/91/96/92; 
ttag +87 100/100/100/100/100; 
ttag +88 82/74/66/82/70; 
ttag +89 96/93/84/93/82; 
ttag +90 100/100/99/99/98; 
ttag +91 92/89/84/91/82; 
ttag +92 92/91/84/93/87; 
ttag +93 97/96/89/93/88; 
ttag +94 78/72/70/68/70; 
