tread
'Tree with tags' 
(0 (1 ((2 3 )((8 9 (7 (6 (4 5 ))))(10 (11 12 ))))(13 14 )((15 16 )(17 (18 (19 ((20 21 )((22 23 )(24 25 )))))))((26 (27 (28 (29 30 ))))((39 (31 ((32 33 )((34 35 )(36 (37 38 ))))))(40 41 (42 (43 ((44 45 )(46 47 ))))))))); 
ttag *!; 
ttag +49 ???; 
ttag +50 5; 
ttag +51 2; 
ttag +52 5; 
ttag +53 1; 
ttag +54 8; 
ttag +55 1; 
ttag +56 2; 
ttag +57 8; 
ttag +58 11; 
ttag +59 8; 
ttag +60 11; 
ttag +61 3; 
ttag +62 2; 
ttag +63 6; 
ttag +64 1; 
ttag +65 8; 
ttag +66 5; 
ttag +67 8; 
ttag +68 4; 
ttag +69 1; 
ttag +70 4; 
ttag +71 4; 
ttag +72 3; 
ttag +73 10; 
ttag +74 11; 
ttag +75 5; 
ttag +76 1; 
ttag +77 5; 
ttag +78 5; 
ttag +79 5; 
ttag +80 3; 
ttag +81 1; 
ttag +82 9; 
ttag +83 6; 
ttag +84 2; 
ttag +85 7; 
ttag +86 6; 
ttag +87 9; 
ttag +88 5; 
ttag +89 4; 
tread
'Tree with tags' 
(0 (((1 ((15 16 )(17 (18 (19 ((20 21 )((22 23 )(24 25 ))))))))((13 14 )((26 (27 (28 (29 30 ))))((39 (31 ((32 33 )((34 35 )(36 (37 38 ))))))((40 41 )(42 (43 ((44 45 )(46 47 )))))))))((2 3 )(((7 (6 (4 5 )))(8 9 ))(10 (11 12 )))))); 
ttag *!; 
ttag +0 ////; 
ttag +1 ////; 
ttag +2 ////; 
ttag +3 ////; 
ttag +4 ////; 
ttag +5 ////; 
ttag +6 ////; 
ttag +7 ////; 
ttag +8 ////; 
ttag +9 ////; 
ttag +10 ////; 
ttag +11 ////; 
ttag +12 ////; 
ttag +13 ////; 
ttag +14 ////; 
ttag +15 ////; 
ttag +16 ////; 
ttag +17 ////; 
ttag +18 ////; 
ttag +19 ////; 
ttag +20 ////; 
ttag +21 ////; 
ttag +22 ////; 
ttag +23 ////; 
ttag +24 ////; 
ttag +25 ////; 
ttag +26 ////; 
ttag +27 ////; 
ttag +28 ////; 
ttag +29 ////; 
ttag +30 ////; 
ttag +31 ////; 
ttag +32 ////; 
ttag +33 ////; 
ttag +34 ////; 
ttag +35 ////; 
ttag +36 ////; 
ttag +37 ////; 
ttag +38 ////; 
ttag +39 ////; 
ttag +40 ////; 
ttag +41 ////; 
ttag +42 ////; 
ttag +43 ////; 
ttag +44 ////; 
ttag +45 ////; 
ttag +46 ////; 
ttag +47 ////; 
ttag +48 ////; 
ttag +49 14/1/?/?/?; 
ttag +50 15/[34]/?/?/?; 
ttag +51 100/100/100/100/100; 
ttag +52 98/97/95/98/93; 
ttag +53 87/82/77/81/73; 
ttag +54 99/98/96/100/97; 
ttag +55 70/62/45/57/48; 
ttag +56 99/99/98/98/96; 
ttag +57 46/38/24/42/28; 
ttag +58 91/90/80/89/79; 
ttag +59 23/[14]/?/?/?; 
ttag +60 97/97/93/96/88; 
ttag +61 100/100/100/100/100; 
ttag +62 100/100/100/100/100; 
ttag +63 20/[29]/?/?/?; 
ttag +64 100/100/100/100/100; 
ttag +65 88/86/72/87/79; 
ttag +66 88/85/84/86/90; 
ttag +67 98/98/94/98/98; 
ttag +68 66/50/34/47/41; 
ttag +69 100/100/98/99/97; 
ttag +70 98/97/92/97/95; 
ttag +71 98/98/96/99/97; 
ttag +72 91/89/76/91/81; 
ttag +73 54/29/24/28/21; 
ttag +74 95/94/83/96/89; 
ttag +75 94/93/86/93/81; 
ttag +76 88/84/80/90/76; 
ttag +77 100/100/100/100/99; 
ttag +78 100/100/100/100/100; 
ttag +79 97/96/91/96/95; 
ttag +80 69/52/38/52/49; 
ttag +81 98/98/88/95/88; 
ttag +82 97/96/92/97/93; 
ttag +83 92/91/87/93/86; 
ttag +84 96/95/94/95/93; 
ttag +85 54/33/36/43/40; 
ttag +86 100/100/98/100/99; 
ttag +87 96/94/87/97/88; 
ttag +88 56/32/23/29/24; 
ttag +89 87/82/80/87/71; 
ttag +90 100/100/96/100/98; 
ttag +91 98/97/96/98/94; 
ttag +92 99/99/98/99/96; 
ttag +93 92/90/88/96/85; 
ttag +94 91/89/73/87/77; 
