tread
'Tree with tags' 
(0 ((1 ((13 14 )((15 16 )(17 (18 19 ((20 21 )((22 23 )(24 25 )))))))((26 27 28 (29 30 ))(39 (31 ((32 33 )((34 35 )(36 (37 38 )))))((40 41 )(42 (43 ((44 45 )(46 47 ))))))))((2 3 )(((4 5 )(6 7 ))(8 9 )(10 (11 12 )))))); 
ttag *!; 
ttag +49 1; 
ttag +50 ???; 
ttag +51 7; 
ttag +52 5; 
ttag +53 8; 
ttag +54 10; 
ttag +55 4; 
ttag +56 2; 
ttag +57 1; 
ttag +58 3; 
ttag +59 10; 
ttag +60 7; 
ttag +61 1; 
ttag +62 16; 
ttag +63 2; 
ttag +64 1; 
ttag +65 5; 
ttag +66 7; 
ttag +67 7; 
ttag +68 8; 
ttag +69 1; 
ttag +70 6; 
ttag +71 3; 
ttag +72 7; 
ttag +73 12; 
ttag +74 4; 
ttag +75 7; 
ttag +76 7; 
ttag +77 5; 
ttag +78 1; 
ttag +79 2; 
ttag +80 6; 
ttag +81 4; 
ttag +82 2; 
ttag +83 1; 
ttag +84 13; 
ttag +85 6; 
ttag +86 6; 
ttag +87 5; 
ttag +88 2; 
tread
'Tree with tags' 
(0 ((1 (((13 14 )((15 16 )(17 ((18 19 )((20 21 )((22 23 )(24 25 )))))))((26 (27 (28 (29 30 ))))(39 ((31 ((32 33 )((34 35 )(36 (37 38 )))))((40 41 )(42 (43 ((44 45 )(46 47 ))))))))))((2 3 )((((4 5 )(6 7 ))(10 (11 12 )))(8 9 ))))); 
ttag *!; 
ttag +0 ////; 
ttag +1 ////; 
ttag +2 ////; 
ttag +3 ////; 
ttag +4 ////; 
ttag +5 ////; 
ttag +6 ////; 
ttag +7 ////; 
ttag +8 ////; 
ttag +9 ////; 
ttag +10 ////; 
ttag +11 ////; 
ttag +12 ////; 
ttag +13 ////; 
ttag +14 ////; 
ttag +15 ////; 
ttag +16 ////; 
ttag +17 ////; 
ttag +18 ////; 
ttag +19 ////; 
ttag +20 ////; 
ttag +21 ////; 
ttag +22 ////; 
ttag +23 ////; 
ttag +24 ////; 
ttag +25 ////; 
ttag +26 ////; 
ttag +27 ////; 
ttag +28 ////; 
ttag +29 ////; 
ttag +30 ////; 
ttag +31 ////; 
ttag +32 ////; 
ttag +33 ////; 
ttag +34 ////; 
ttag +35 ////; 
ttag +36 ////; 
ttag +37 ////; 
ttag +38 ////; 
ttag +39 ////; 
ttag +40 ////; 
ttag +41 ////; 
ttag +42 ////; 
ttag +43 ////; 
ttag +44 ////; 
ttag +45 ////; 
ttag +46 ////; 
ttag +47 ////; 
ttag +48 ////; 
ttag +49 26/14/13/21/10; 
ttag +50 100/100/100/100/100; 
ttag +51 100/100/98/100/100; 
ttag +52 87/79/74/82/71; 
ttag +53 99/99/97/100/99; 
ttag +54 100/100/100/100/100; 
ttag +55 19/[14]/?/?/?; 
ttag +56 81/76/70/86/66; 
ttag +57 74/69/64/68/56; 
ttag +58 46/24/13/26/5; 
ttag +59 87/84/75/83/69; 
ttag +60 100/100/100/100/99; 
ttag +61 99/98/96/98/98; 
ttag +62 44/36/24/43/18; 
ttag +63 20/12/10/22/6; 
ttag +64 100/100/100/100/100; 
ttag +65 64/59/56/65/47; 
ttag +66 66/60/46/54/51; 
ttag +67 40/0/16/3/8; 
ttag +68 93/89/82/88/84; 
ttag +69 100/100/99/100/98; 
ttag +70 96/94/84/96/89; 
ttag +71 100/100/100/100/100; 
ttag +72 67/53/37/51/45; 
ttag +73 98/97/96/99/97; 
ttag +74 76/69/66/78/63; 
ttag +75 95/92/88/97/84; 
ttag +76 40/4/?/?/?; 
ttag +77 33/[2]/?/?/?; 
ttag +78 100/100/100/100/100; 
ttag +79 90/86/79/80/83; 
ttag +80 37/[3]/?/?/2; 
ttag +81 100/100/98/99/98; 
ttag +82 99/99/98/100/98; 
ttag +83 99/99/94/96/92; 
ttag +84 59/52/40/52/46; 
ttag +85 74/67/60/71/61; 
ttag +86 98/98/95/98/93; 
ttag +87 86/79/71/90/78; 
ttag +88 76/69/72/68/63; 
ttag +89 50/39/29/38/36; 
ttag +90 100/100/100/100/100; 
ttag +91 99/99/97/98/96; 
ttag +92 99/98/93/99/94; 
ttag +93 96/94/89/89/84; 
ttag +94 77/66/61/68/52; 
