tread
'Tree with tags' 
(0 (((1 ((2 3 )(((4 5 )(6 7 ))((8 9 )(10 (11 12 ))))))((17 (15 16 ))(18 19 ((20 21 )((22 23 )(24 25 )))))((26 (27 (28 (29 30 ))))(39 (31 ((32 33 )(34 35 )(36 (37 38 ))))((40 41 )(42 (43 ((44 45 )(46 47 ))))))))(13 14 ))); 
ttag *!; 
ttag +49 1; 
ttag +50 1; 
ttag +51 ???; 
ttag +52 9; 
ttag +53 9; 
ttag +54 4; 
ttag +55 5; 
ttag +56 6; 
ttag +57 4; 
ttag +58 1; 
ttag +59 1; 
ttag +60 6; 
ttag +61 9; 
ttag +62 12; 
ttag +63 7; 
ttag +64 1; 
ttag +65 5; 
ttag +66 4; 
ttag +67 8; 
ttag +68 4; 
ttag +69 12; 
ttag +70 13; 
ttag +71 3; 
ttag +72 5; 
ttag +73 6; 
ttag +74 2; 
ttag +75 4; 
ttag +76 10; 
ttag +77 3; 
ttag +78 5; 
ttag +79 8; 
ttag +80 5; 
ttag +81 3; 
ttag +82 7; 
ttag +83 8; 
ttag +84 4; 
ttag +85 8; 
ttag +86 5; 
ttag +87 3; 
ttag +88 10; 
ttag +89 5; 
ttag +90 4; 
tread
'Tree with tags' 
(0 (((1 ((2 3 )(((4 5 )(6 7 ))((8 9 )(10 (11 12 ))))))(((17 (15 16 ))(19 (18 ((20 21 )((22 23 )(24 25 ))))))((26 (27 (28 (29 30 ))))(39 ((31 (((32 33 )(34 35 ))(36 (37 38 ))))((40 41 )(42 (43 ((44 45 )(46 47 ))))))))))(13 14 ))); 
ttag *!; 
ttag +0 ////; 
ttag +1 ////; 
ttag +2 ////; 
ttag +3 ////; 
ttag +4 ////; 
ttag +5 ////; 
ttag +6 ////; 
ttag +7 ////; 
ttag +8 ////; 
ttag +9 ////; 
ttag +10 ////; 
ttag +11 ////; 
ttag +12 ////; 
ttag +13 ////; 
ttag +14 ////; 
ttag +15 ////; 
ttag +16 ////; 
ttag +17 ////; 
ttag +18 ////; 
ttag +19 ////; 
ttag +20 ////; 
ttag +21 ////; 
ttag +22 ////; 
ttag +23 ////; 
ttag +24 ////; 
ttag +25 ////; 
ttag +26 ////; 
ttag +27 ////; 
ttag +28 ////; 
ttag +29 ////; 
ttag +30 ////; 
ttag +31 ////; 
ttag +32 ////; 
ttag +33 ////; 
ttag +34 ////; 
ttag +35 ////; 
ttag +36 ////; 
ttag +37 ////; 
ttag +38 ////; 
ttag +39 ////; 
ttag +40 ////; 
ttag +41 ////; 
ttag +42 ////; 
ttag +43 ////; 
ttag +44 ////; 
ttag +45 ////; 
ttag +46 ////; 
ttag +47 ////; 
ttag +48 ////; 
ttag +49 55/45/35/53/40; 
ttag +50 51/46/37/46/34; 
ttag +51 100/100/100/100/100; 
ttag +52 100/100/100/100/100; 
ttag +53 99/99/96/100/99; 
ttag +54 95/94/90/96/91; 
ttag +55 91/86/78/92/80; 
ttag +56 96/94/90/98/88; 
ttag +57 93/91/79/89/82; 
ttag +58 58/35/20/30/29; 
ttag +59 48/24/12/27/20; 
ttag +60 94/92/88/97/86; 
ttag +61 100/100/100/100/99; 
ttag +62 100/100/100/100/100; 
ttag +63 98/98/96/99/95; 
ttag +64 62/43/24/32/22; 
ttag +65 88/87/74/89/73; 
ttag +66 13/[14]/?/?/?; 
ttag +67 24/4/10/18/15; 
ttag +68 86/83/66/83/72; 
ttag +69 100/100/100/100/100; 
ttag +70 85/80/78/90/74; 
ttag +71 100/100/100/100/100; 
ttag +72 100/100/100/100/100; 
ttag +73 93/90/77/88/82; 
ttag +74 95/94/95/98/87; 
ttag +75 98/98/96/99/95; 
ttag +76 86/80/58/80/68; 
ttag +77 98/98/98/98/95; 
ttag +78 100/100/100/100/99; 
ttag +79 85/80/66/82/62; 
ttag +80 47/18/19/12/15; 
ttag +81 97/96/88/94/84; 
ttag +82 100/100/99/100/100; 
ttag +83 0/[35]/?/?/?; 
ttag +84 90/88/79/90/74; 
ttag +85 86/80/78/84/78; 
ttag +86 99/99/95/99/97; 
ttag +87 99/99/99/100/98; 
ttag +88 85/80/67/82/62; 
ttag +89 99/98/94/98/93; 
ttag +90 95/94/88/95/88; 
ttag +91 91/90/78/92/84; 
ttag +92 100/100/100/100/98; 
ttag +93 95/93/88/94/89; 
ttag +94 99/99/98/98/98; 
