tread
'Tree with tags' 
(0 ((1 ((2 3 )((((4 5 )(6 7 ))(8 9 ))(10 (11 12 )))))(((13 14 )((26 (27 (28 (29 30 ))))((39 (31 ((32 33 )((34 35 )(36 (37 38 ))))))((40 41 )(42 (43 ((44 45 )(46 47 ))))))))(17 ((15 16 )(18 (19 ((20 21 )((22 23 )(24 25 )))))))))); 
ttag *!; 
ttag +49 1; 
ttag +50 ???; 
ttag +51 6; 
ttag +52 8; 
ttag +53 5; 
ttag +54 6; 
ttag +55 1; 
ttag +56 1; 
ttag +57 1; 
ttag +58 1; 
ttag +59 6; 
ttag +60 3; 
ttag +61 5; 
ttag +62 1; 
ttag +63 2; 
ttag +64 8; 
ttag +65 1; 
ttag +66 5; 
ttag +67 5; 
ttag +68 1; 
ttag +69 10; 
ttag +70 5; 
ttag +71 7; 
ttag +72 9; 
ttag +73 5; 
ttag +74 9; 
ttag +75 8; 
ttag +76 2; 
ttag +77 13; 
ttag +78 10; 
ttag +79 3; 
ttag +80 1; 
ttag +81 3; 
ttag +82 4; 
ttag +83 3; 
ttag +84 5; 
ttag +85 1; 
ttag +86 13; 
ttag +87 5; 
ttag +88 6; 
ttag +89 6; 
ttag +90 8; 
ttag +91 5; 
ttag +92 5; 
ttag +93 6; 
ttag +94 2; 
tread
'Tree with tags' 
(0 ((1 ((2 3 )((((4 5 )(6 7 ))(8 9 ))(10 (11 12 )))))(((13 14 )((26 (27 (28 (29 30 ))))((39 (31 ((32 33 )((34 35 )(36 (37 38 ))))))((40 41 )(42 (43 ((44 45 )(46 47 ))))))))(17 ((15 16 )(18 (19 ((20 21 )((22 23 )(24 25 )))))))))); 
ttag *!; 
ttag +0 ////; 
ttag +1 ////; 
ttag +2 ////; 
ttag +3 ////; 
ttag +4 ////; 
ttag +5 ////; 
ttag +6 ////; 
ttag +7 ////; 
ttag +8 ////; 
ttag +9 ////; 
ttag +10 ////; 
ttag +11 ////; 
ttag +12 ////; 
ttag +13 ////; 
ttag +14 ////; 
ttag +15 ////; 
ttag +16 ////; 
ttag +17 ////; 
ttag +18 ////; 
ttag +19 ////; 
ttag +20 ////; 
ttag +21 ////; 
ttag +22 ////; 
ttag +23 ////; 
ttag +24 ////; 
ttag +25 ////; 
ttag +26 ////; 
ttag +27 ////; 
ttag +28 ////; 
ttag +29 ////; 
ttag +30 ////; 
ttag +31 ////; 
ttag +32 ////; 
ttag +33 ////; 
ttag +34 ////; 
ttag +35 ////; 
ttag +36 ////; 
ttag +37 ////; 
ttag +38 ////; 
ttag +39 ////; 
ttag +40 ////; 
ttag +41 ////; 
ttag +42 ////; 
ttag +43 ////; 
ttag +44 ////; 
ttag +45 ////; 
ttag +46 ////; 
ttag +47 ////; 
ttag +48 ////; 
ttag +49 70/69/62/66/61; 
ttag +50 100/100/100/100/100; 
ttag +51 99/99/92/98/93; 
ttag +52 99/99/98/98/98; 
ttag +53 98/98/91/98/92; 
ttag +54 97/96/92/97/92; 
ttag +55 34/[1]/1/10/?; 
ttag +56 50/25/23/18/11; 
ttag +57 56/32/36/33/28; 
ttag +58 35/0/2/7/1; 
ttag +59 96/96/89/94/94; 
ttag +60 91/87/85/90/80; 
ttag +61 96/96/89/97/92; 
ttag +62 34/16/7/26/16; 
ttag +63 69/64/63/63/59; 
ttag +64 100/100/100/100/100; 
ttag +65 33/16/0/8/?; 
ttag +66 99/99/97/98/98; 
ttag +67 96/95/88/97/95; 
ttag +68 54/27/17/24/13; 
ttag +69 100/100/100/100/100; 
ttag +70 98/97/96/97/96; 
ttag +71 99/98/94/97/92; 
ttag +72 100/100/99/100/100; 
ttag +73 95/93/86/95/90; 
ttag +74 100/100/98/100/100; 
ttag +75 100/100/99/99/98; 
ttag +76 74/63/54/62/42; 
ttag +77 100/100/100/100/100; 
ttag +78 100/100/100/100/100; 
ttag +79 70/65/53/76/62; 
ttag +80 30/11/4/21/16; 
ttag +81 86/82/73/81/69; 
ttag +82 98/98/92/96/96; 
ttag +83 70/62/52/64/44; 
ttag +84 98/97/96/100/95; 
ttag +85 50/44/34/45/35; 
ttag +86 100/100/99/100/100; 
ttag +87 94/92/88/96/90; 
ttag +88 96/95/96/96/90; 
ttag +89 99/98/95/97/93; 
ttag +90 98/98/93/95/94; 
ttag +91 96/94/86/96/83; 
ttag +92 98/96/87/99/85; 
ttag +93 97/96/94/98/97; 
ttag +94 59/46/34/43/35; 
