tread
'Tree with tags' 
(0 (1 (((2 3 )((8 (9 ((4 5 )(6 7 ))))(10 (11 12 ))))(13 14 )(17 (((15 16 )((20 21 )((22 23 )(24 25 ))))(18 19 )))((26 27 (28 (29 30 )))(39 ((31 ((32 33 )((34 35 )(36 (37 38 )))))((40 41 )(42 (43 (46 47 (44 45 ))))))))))); 
ttag *!; 
ttag +49 ???; 
ttag +50 7; 
ttag +51 3; 
ttag +52 1; 
ttag +53 3; 
ttag +54 6; 
ttag +55 1; 
ttag +56 1; 
ttag +57 5; 
ttag +58 8; 
ttag +59 4; 
ttag +60 9; 
ttag +61 4; 
ttag +62 15; 
ttag +63 1; 
ttag +64 1; 
ttag +65 1; 
ttag +66 2; 
ttag +67 10; 
ttag +68 1; 
ttag +69 8; 
ttag +70 5; 
ttag +71 3; 
ttag +72 6; 
ttag +73 7; 
ttag +74 9; 
ttag +75 9; 
ttag +76 8; 
ttag +77 1; 
ttag +78 6; 
ttag +79 5; 
ttag +80 5; 
ttag +81 6; 
ttag +82 4; 
ttag +83 12; 
ttag +84 13; 
ttag +85 6; 
ttag +86 4; 
ttag +87 10; 
ttag +88 5; 
ttag +89 11; 
ttag +90 3; 
tread
'Tree with tags' 
(0 (1 (((((2 3 )((8 (9 ((4 5 )(6 7 ))))(10 (11 12 ))))(13 14 ))(17 (((15 16 )((20 21 )((22 23 )(24 25 ))))(18 19 ))))((27 (26 (28 (29 30 ))))(39 ((31 ((32 33 )((34 35 )(36 (37 38 )))))((40 41 )(42 (43 ((44 45 )(46 47 ))))))))))); 
ttag *!; 
ttag +0 ////; 
ttag +1 ////; 
ttag +2 ////; 
ttag +3 ////; 
ttag +4 ////; 
ttag +5 ////; 
ttag +6 ////; 
ttag +7 ////; 
ttag +8 ////; 
ttag +9 ////; 
ttag +10 ////; 
ttag +11 ////; 
ttag +12 ////; 
ttag +13 ////; 
ttag +14 ////; 
ttag +15 ////; 
ttag +16 ////; 
ttag +17 ////; 
ttag +18 ////; 
ttag +19 ////; 
ttag +20 ////; 
ttag +21 ////; 
ttag +22 ////; 
ttag +23 ////; 
ttag +24 ////; 
ttag +25 ////; 
ttag +26 ////; 
ttag +27 ////; 
ttag +28 ////; 
ttag +29 ////; 
ttag +30 ////; 
ttag +31 ////; 
ttag +32 ////; 
ttag +33 ////; 
ttag +34 ////; 
ttag +35 ////; 
ttag +36 ////; 
ttag +37 ////; 
ttag +38 ////; 
ttag +39 ////; 
ttag +40 ////; 
ttag +41 ////; 
ttag +42 ////; 
ttag +43 ////; 
ttag +44 ////; 
ttag +45 ////; 
ttag +46 ////; 
ttag +47 ////; 
ttag +48 ////; 
ttag +49 100/100/100/100/100; 
ttag +50 99/99/98/99/94; 
ttag +51 90/87/73/86/78; 
ttag +52 14/[26]/?/?/?; 
ttag +53 6/[34]/?/?/?; 
ttag +54 55/41/42/51/37; 
ttag +55 90/88/77/89/76; 
ttag +56 99/99/98/98/96; 
ttag +57 37/16/6/16/6; 
ttag +58 59/40/28/38/32; 
ttag +59 96/95/87/97/86; 
ttag +60 100/100/98/100/99; 
ttag +61 93/89/84/91/80; 
ttag +62 100/100/99/100/100; 
ttag +63 99/99/97/97/98; 
ttag +64 100/100/100/100/100; 
ttag +65 40/7/3/12/1; 
ttag +66 48/28/27/30/25; 
ttag +67 62/57/55/53/55; 
ttag +68 77/76/65/69/68; 
ttag +69 100/100/100/100/100; 
ttag +70 72/63/42/57/51; 
ttag +71 100/100/98/99/98; 
ttag +72 96/95/95/97/93; 
ttag +73 78/68/68/76/57; 
ttag +74 24/[12]/?/?/?; 
ttag +75 99/99/91/95/94; 
ttag +76 99/99/92/97/92; 
ttag +77 100/100/99/100/99; 
ttag +78 100/100/100/100/100; 
ttag +79 100/100/96/100/98; 
ttag +80 44/27/28/38/22; 
ttag +81 98/98/96/98/94; 
ttag +82 99/98/92/98/98; 
ttag +83 98/98/93/96/94; 
ttag +84 98/98/94/100/95; 
ttag +85 99/99/92/96/96; 
ttag +86 100/100/100/100/100; 
ttag +87 100/100/100/100/100; 
ttag +88 96/96/96/96/88; 
ttag +89 78/67/56/74/56; 
ttag +90 98/98/94/99/99; 
ttag +91 91/89/80/93/85; 
ttag +92 100/100/100/100/99; 
ttag +93 82/79/72/82/69; 
ttag +94 33/[7]/?/2/?; 
