tread
'Tree with tags' 
(0 (1 ((2 3 )(4 5 (6 7 ))(8 9 (10 (11 12 ))))(13 14 )(17 (15 16 )(18 (19 ((20 21 )((22 23 )(24 25 ))))))((26 (27 (28 (29 30 ))))(39 (31 (((32 33 )(36 (37 38 )))(34 35 )))((40 41 )(42 (43 ((44 45 )(46 47 ))))))))); 
ttag *!; 
ttag +49 ???; 
ttag +50 8; 
ttag +51 3; 
ttag +52 13; 
ttag +53 2; 
ttag +54 1; 
ttag +55 4; 
ttag +56 7; 
ttag +57 5; 
ttag +58 11; 
ttag +59 4; 
ttag +60 5; 
ttag +61 1; 
ttag +62 10; 
ttag +63 6; 
ttag +64 8; 
ttag +65 7; 
ttag +66 3; 
ttag +67 2; 
ttag +68 10; 
ttag +69 2; 
ttag +70 3; 
ttag +71 6; 
ttag +72 5; 
ttag +73 1; 
ttag +74 5; 
ttag +75 1; 
ttag +76 3; 
ttag +77 3; 
ttag +78 11; 
ttag +79 7; 
ttag +80 4; 
ttag +81 5; 
ttag +82 9; 
ttag +83 5; 
ttag +84 4; 
ttag +85 2; 
ttag +86 5; 
tread
'Tree with tags' 
(0 ((1 (((2 3 )((5 (4 (6 7 )))(8 (9 (10 (11 12 ))))))((26 (27 (28 (29 30 ))))((39 (31 (((32 33 )(36 (37 38 )))(34 35 ))))((40 41 )(42 (43 ((44 45 )(46 47 )))))))))((13 14 )((17 (15 16 ))(18 (19 ((20 21 )((22 23 )(24 25 ))))))))); 
ttag *!; 
ttag +0 ////; 
ttag +1 ////; 
ttag +2 ////; 
ttag +3 ////; 
ttag +4 ////; 
ttag +5 ////; 
ttag +6 ////; 
ttag +7 ////; 
ttag +8 ////; 
ttag +9 ////; 
ttag +10 ////; 
ttag +11 ////; 
ttag +12 ////; 
ttag +13 ////; 
ttag +14 ////; 
ttag +15 ////; 
ttag +16 ////; 
ttag +17 ////; 
ttag +18 ////; 
ttag +19 ////; 
ttag +20 ////; 
ttag +21 ////; 
ttag +22 ////; 
ttag +23 ////; 
ttag +24 ////; 
ttag +25 ////; 
ttag +26 ////; 
ttag +27 ////; 
ttag +28 ////; 
ttag +29 ////; 
ttag +30 ////; 
ttag +31 ////; 
ttag +32 ////; 
ttag +33 ////; 
ttag +34 ////; 
ttag +35 ////; 
ttag +36 ////; 
ttag +37 ////; 
ttag +38 ////; 
ttag +39 ////; 
ttag +40 ////; 
ttag +41 ////; 
ttag +42 ////; 
ttag +43 ////; 
ttag +44 ////; 
ttag +45 ////; 
ttag +46 ////; 
ttag +47 ////; 
ttag +48 ////; 
ttag +49 3/[33]/?/?/?; 
ttag +50 100/100/100/100/100; 
ttag +51 100/100/98/100/100; 
ttag +52 91/88/83/92/84; 
ttag +53 17/[15]/?/?/?; 
ttag +54 28/12/9/15/8; 
ttag +55 100/100/100/100/100; 
ttag +56 48/18/26/21/24; 
ttag +57 84/77/70/84/76; 
ttag +58 70/59/45/63/55; 
ttag +59 26/[17]/?/?/?; 
ttag +60 94/93/88/94/88; 
ttag +61 99/99/97/100/98; 
ttag +62 97/96/91/98/94; 
ttag +63 43/21/22/21/10; 
ttag +64 100/100/100/100/100; 
ttag +65 51/32/30/33/34; 
ttag +66 96/95/93/92/89; 
ttag +67 92/90/84/95/90; 
ttag +68 63/48/36/50/40; 
ttag +69 100/100/99/100/100; 
ttag +70 97/97/94/98/96; 
ttag +71 99/99/98/100/100; 
ttag +72 99/99/96/99/94; 
ttag +73 84/82/58/80/63; 
ttag +74 70/60/48/60/52; 
ttag +75 100/100/100/99/96; 
ttag +76 62/52/42/54/49; 
ttag +77 84/80/76/84/78; 
ttag +78 99/99/97/99/99; 
ttag +79 94/94/88/96/87; 
ttag +80 44/22/16/15/18; 
ttag +81 61/51/48/67/39; 
ttag +82 97/96/90/96/91; 
ttag +83 45/35/23/38/35; 
ttag +84 86/80/68/86/75; 
ttag +85 96/96/96/93/94; 
ttag +86 99/99/98/99/99; 
ttag +87 99/99/96/99/92; 
ttag +88 94/92/80/89/82; 
ttag +89 91/88/80/95/80; 
ttag +90 100/100/100/100/96; 
ttag +91 93/92/82/94/83; 
ttag +92 94/94/83/90/82; 
ttag +93 79/64/48/66/56; 
ttag +94 93/89/75/87/77; 
