tread
'Tree with tags' 
(0 (1 ((2 3 )(8 9 ((4 5 )(6 7 ))(10 (11 12 ))))(13 14 )((15 16 )(17 (18 (19 ((20 21 )((22 23 )(24 25 )))))))((26 (27 (28 (29 30 ))))(39 (31 ((32 33 )((34 35 )(36 (37 38 )))))(40 41 )(42 (43 ((44 45 )(46 47 )))))))); 
ttag *!; 
ttag +49 ???; 
ttag +50 7; 
ttag +51 7; 
ttag +52 5; 
ttag +53 6; 
ttag +54 4; 
ttag +55 1; 
ttag +56 3; 
ttag +57 5; 
ttag +58 8; 
ttag +59 8; 
ttag +60 6; 
ttag +61 1; 
ttag +62 3; 
ttag +63 3; 
ttag +64 7; 
ttag +65 3; 
ttag +66 11; 
ttag +67 6; 
ttag +68 1; 
ttag +69 7; 
ttag +70 3; 
ttag +71 9; 
ttag +72 3; 
ttag +73 5; 
ttag +74 3; 
ttag +75 4; 
ttag +76 6; 
ttag +77 4; 
ttag +78 3; 
ttag +79 2; 
ttag +80 7; 
ttag +81 6; 
ttag +82 2; 
ttag +83 9; 
ttag +84 9; 
ttag +85 1; 
ttag +86 3; 
ttag +87 3; 
tread
'Tree with tags' 
(0 (1 ((((2 3 )(((4 5 )(6 7 ))((8 9 )(10 (11 12 )))))((15 16 )(17 (18 (19 ((20 21 )((22 23 )(24 25 ))))))))((13 14 )((26 (27 (28 (29 30 ))))((39 (31 ((32 33 )((34 35 )(36 (37 38 ))))))((40 41 )(42 (43 ((44 45 )(46 47 ))))))))))); 
ttag *!; 
ttag +0 ////; 
ttag +1 ////; 
ttag +2 ////; 
ttag +3 ////; 
ttag +4 ////; 
ttag +5 ////; 
ttag +6 ////; 
ttag +7 ////; 
ttag +8 ////; 
ttag +9 ////; 
ttag +10 ////; 
ttag +11 ////; 
ttag +12 ////; 
ttag +13 ////; 
ttag +14 ////; 
ttag +15 ////; 
ttag +16 ////; 
ttag +17 ////; 
ttag +18 ////; 
ttag +19 ////; 
ttag +20 ////; 
ttag +21 ////; 
ttag +22 ////; 
ttag +23 ////; 
ttag +24 ////; 
ttag +25 ////; 
ttag +26 ////; 
ttag +27 ////; 
ttag +28 ////; 
ttag +29 ////; 
ttag +30 ////; 
ttag +31 ////; 
ttag +32 ////; 
ttag +33 ////; 
ttag +34 ////; 
ttag +35 ////; 
ttag +36 ////; 
ttag +37 ////; 
ttag +38 ////; 
ttag +39 ////; 
ttag +40 ////; 
ttag +41 ////; 
ttag +42 ////; 
ttag +43 ////; 
ttag +44 ////; 
ttag +45 ////; 
ttag +46 ////; 
ttag +47 ////; 
ttag +48 ////; 
ttag +49 100/100/100/100/100; 
ttag +50 98/98/95/98/95; 
ttag +51 98/98/93/97/93; 
ttag +52 8/[28]/?/?/?; 
ttag +53 30/14/15/12/15; 
ttag +54 96/96/94/98/92; 
ttag +55 98/98/92/99/94; 
ttag +56 88/85/72/88/79; 
ttag +57 67/48/38/49/50; 
ttag +58 45/30/39/24/33; 
ttag +59 50/20/24/18/18; 
ttag +60 83/79/73/85/66; 
ttag +61 98/98/97/96/96; 
ttag +62 100/100/98/100/98; 
ttag +63 17/[19]/?/?/?; 
ttag +64 100/100/99/100/99; 
ttag +65 98/97/94/99/97; 
ttag +66 40/27/27/36/24; 
ttag +67 75/62/52/75/57; 
ttag +68 80/77/71/77/70; 
ttag +69 100/100/100/99/100; 
ttag +70 82/80/69/85/71; 
ttag +71 100/100/100/100/100; 
ttag +72 96/96/92/98/91; 
ttag +73 59/37/24/38/32; 
ttag +74 99/99/94/99/95; 
ttag +75 82/73/57/73/56; 
ttag +76 100/100/97/100/98; 
ttag +77 89/86/76/86/77; 
ttag +78 95/92/88/96/89; 
ttag +79 90/87/85/92/79; 
ttag +80 45/30/33/36/28; 
ttag +81 91/88/78/88/72; 
ttag +82 98/97/92/96/93; 
ttag +83 97/96/96/96/87; 
ttag +84 98/98/96/97/96; 
ttag +85 86/86/80/86/82; 
ttag +86 99/99/93/99/94; 
ttag +87 100/100/98/100/98; 
ttag +88 86/80/66/76/76; 
ttag +89 55/34/24/38/20; 
ttag +90 98/97/94/99/94; 
ttag +91 98/98/95/98/94; 
ttag +92 54/25/26/33/20; 
ttag +93 82/75/60/78/68; 
ttag +94 94/93/84/91/86; 
