tread
'Tree with tags' 
(0 (1 ((2 3 )(((4 5 )(6 7 ))((8 9 )(10 (11 12 )))))(13 14 )(17 (15 16 )(18 (19 ((20 21 )((22 23 )(24 25 ))))))((26 27 (28 (29 30 )))(39 (31 ((35 (32 33 ))(34 (36 (37 38 )))))((40 41 )(42 (43 ((44 45 )(46 47 ))))))))); 
ttag *!; 
ttag +49 ???; 
ttag +50 3; 
ttag +51 6; 
ttag +52 3; 
ttag +53 5; 
ttag +54 2; 
ttag +55 2; 
ttag +56 4; 
ttag +57 2; 
ttag +58 3; 
ttag +59 9; 
ttag +60 9; 
ttag +61 7; 
ttag +62 6; 
ttag +63 5; 
ttag +64 4; 
ttag +65 7; 
ttag +66 4; 
ttag +67 13; 
ttag +68 7; 
ttag +69 4; 
ttag +70 4; 
ttag +71 2; 
ttag +72 6; 
ttag +73 5; 
ttag +74 9; 
ttag +75 3; 
ttag +76 9; 
ttag +77 1; 
ttag +78 5; 
ttag +79 1; 
ttag +80 6; 
ttag +81 13; 
ttag +82 2; 
ttag +83 2; 
ttag +84 7; 
ttag +85 2; 
ttag +86 7; 
ttag +87 5; 
ttag +88 8; 
tread
'Tree with tags' 
(0 ((1 ((15 16 )(17 (18 (19 ((20 21 )((22 23 )(24 25 ))))))))((((2 3 )(((4 5 )(6 7 ))((8 9 )(10 (11 12 )))))((27 (26 (28 (29 30 ))))(39 ((31 ((35 (32 33 ))(34 (36 (37 38 )))))((40 41 )(42 (43 ((44 45 )(46 47 )))))))))(13 14 )))); 
ttag *!; 
ttag +0 ////; 
ttag +1 ////; 
ttag +2 ////; 
ttag +3 ////; 
ttag +4 ////; 
ttag +5 ////; 
ttag +6 ////; 
ttag +7 ////; 
ttag +8 ////; 
ttag +9 ////; 
ttag +10 ////; 
ttag +11 ////; 
ttag +12 ////; 
ttag +13 ////; 
ttag +14 ////; 
ttag +15 ////; 
ttag +16 ////; 
ttag +17 ////; 
ttag +18 ////; 
ttag +19 ////; 
ttag +20 ////; 
ttag +21 ////; 
ttag +22 ////; 
ttag +23 ////; 
ttag +24 ////; 
ttag +25 ////; 
ttag +26 ////; 
ttag +27 ////; 
ttag +28 ////; 
ttag +29 ////; 
ttag +30 ////; 
ttag +31 ////; 
ttag +32 ////; 
ttag +33 ////; 
ttag +34 ////; 
ttag +35 ////; 
ttag +36 ////; 
ttag +37 ////; 
ttag +38 ////; 
ttag +39 ////; 
ttag +40 ////; 
ttag +41 ////; 
ttag +42 ////; 
ttag +43 ////; 
ttag +44 ////; 
ttag +45 ////; 
ttag +46 ////; 
ttag +47 ////; 
ttag +48 ////; 
ttag +49 39/26/17/16/11; 
ttag +50 100/100/100/100/100; 
ttag +51 93/90/90/90/91; 
ttag +52 98/96/95/98/93; 
ttag +53 19/8/2/?/?; 
ttag +54 9/[3]/?/?/?; 
ttag +55 91/89/86/91/82; 
ttag +56 96/96/90/98/84; 
ttag +57 85/79/72/79/64; 
ttag +58 86/84/74/81/81; 
ttag +59 96/95/90/94/87; 
ttag +60 91/89/82/81/86; 
ttag +61 85/80/80/91/84; 
ttag +62 99/99/100/100/98; 
ttag +63 99/99/98/100/98; 
ttag +64 98/98/99/100/99; 
ttag +65 98/98/95/98/95; 
ttag +66 36/9/?/?/?; 
ttag +67 97/97/91/95/93; 
ttag +68 93/91/87/91/90; 
ttag +69 99/99/100/99/98; 
ttag +70 96/94/86/92/82; 
ttag +71 100/100/100/100/100; 
ttag +72 97/96/96/97/95; 
ttag +73 96/95/94/96/89; 
ttag +74 17/[13]/?/?/?; 
ttag +75 95/92/82/88/85; 
ttag +76 78/70/70/67/59; 
ttag +77 97/97/95/99/95; 
ttag +78 96/96/98/97/98; 
ttag +79 100/100/98/100/99; 
ttag +80 36/2/13/?/4; 
ttag +81 93/90/75/82/90; 
ttag +82 100/100/98/99/99; 
ttag +83 39/29/29/42/26; 
ttag +84 94/93/86/95/84; 
ttag +85 39/29/24/40/25; 
ttag +86 96/94/90/99/89; 
ttag +87 100/100/100/100/100; 
ttag +88 81/72/55/62/57; 
ttag +89 84/78/77/81/85; 
ttag +90 98/98/96/99/97; 
ttag +91 77/71/58/70/61; 
ttag +92 100/100/98/99/100; 
ttag +93 98/98/93/98/94; 
ttag +94 98/98/97/99/98; 
