tread
'Tree with tags' 
(0 (1 ((2 3 )(((4 5 )(6 7 ))(8 9 (10 (11 12 )))))(13 14 )(17 (15 16 )(19 (18 ((20 21 )((22 23 )(24 25 ))))))((26 (27 (28 (29 30 ))))(39 (31 (32 33 )((34 35 )(36 (37 38 ))))(40 (41 (42 (43 ((44 45 )(46 47 )))))))))); 
ttag *!; 
ttag +49 ???; 
ttag +50 4; 
ttag +51 9; 
ttag +52 4; 
ttag +53 9; 
ttag +54 1; 
ttag +55 2; 
ttag +56 1; 
ttag +57 9; 
ttag +58 10; 
ttag +59 6; 
ttag +60 11; 
ttag +61 2; 
ttag +62 2; 
ttag +63 1; 
ttag +64 11; 
ttag +65 5; 
ttag +66 4; 
ttag +67 3; 
ttag +68 4; 
ttag +69 8; 
ttag +70 8; 
ttag +71 1; 
ttag +72 5; 
ttag +73 10; 
ttag +74 5; 
ttag +75 5; 
ttag +76 4; 
ttag +77 5; 
ttag +78 1; 
ttag +79 7; 
ttag +80 3; 
ttag +81 9; 
ttag +82 2; 
ttag +83 9; 
ttag +84 3; 
ttag +85 9; 
ttag +86 7; 
ttag +87 6; 
tread
'Tree with tags' 
(0 (((1 ((26 (27 (28 (29 30 ))))(39 ((31 ((32 33 )((34 35 )(36 (37 38 )))))(40 (41 (42 (43 ((44 45 )(46 47 ))))))))))((13 14 )(17 ((15 16 )(19 (18 ((20 21 )((22 23 )(24 25 )))))))))((2 3 )(((4 5 )(6 7 ))((8 9 )(10 (11 12 ))))))); 
ttag *!; 
ttag +0 ////; 
ttag +1 ////; 
ttag +2 ////; 
ttag +3 ////; 
ttag +4 ////; 
ttag +5 ////; 
ttag +6 ////; 
ttag +7 ////; 
ttag +8 ////; 
ttag +9 ////; 
ttag +10 ////; 
ttag +11 ////; 
ttag +12 ////; 
ttag +13 ////; 
ttag +14 ////; 
ttag +15 ////; 
ttag +16 ////; 
ttag +17 ////; 
ttag +18 ////; 
ttag +19 ////; 
ttag +20 ////; 
ttag +21 ////; 
ttag +22 ////; 
ttag +23 ////; 
ttag +24 ////; 
ttag +25 ////; 
ttag +26 ////; 
ttag +27 ////; 
ttag +28 ////; 
ttag +29 ////; 
ttag +30 ////; 
ttag +31 ////; 
ttag +32 ////; 
ttag +33 ////; 
ttag +34 ////; 
ttag +35 ////; 
ttag +36 ////; 
ttag +37 ////; 
ttag +38 ////; 
ttag +39 ////; 
ttag +40 ////; 
ttag +41 ////; 
ttag +42 ////; 
ttag +43 ////; 
ttag +44 ////; 
ttag +45 ////; 
ttag +46 ////; 
ttag +47 ////; 
ttag +48 ////; 
ttag +49 47/23/10/12/18; 
ttag +50 26/2/?/?/?; 
ttag +51 100/100/100/100/100; 
ttag +52 95/93/89/92/92; 
ttag +53 100/100/98/100/97; 
ttag +54 96/94/87/93/89; 
ttag +55 100/100/98/100/98; 
ttag +56 53/37/21/38/19; 
ttag +57 76/65/63/63/68; 
ttag +58 17/2/?/?/?; 
ttag +59 30/14/7/16/3; 
ttag +60 99/98/96/98/96; 
ttag +61 100/100/100/100/100; 
ttag +62 99/99/97/98/99; 
ttag +63 27/16/8/20/9; 
ttag +64 100/100/100/100/100; 
ttag +65 39/3/?/?/?; 
ttag +66 90/88/85/93/87; 
ttag +67 74/66/54/66/55; 
ttag +68 60/52/45/49/44; 
ttag +69 100/100/100/100/100; 
ttag +70 95/94/90/94/87; 
ttag +71 92/88/83/85/79; 
ttag +72 86/79/67/81/68; 
ttag +73 92/91/88/93/84; 
ttag +74 99/99/98/100/99; 
ttag +75 99/99/97/99/96; 
ttag +76 55/36/23/36/25; 
ttag +77 90/89/85/92/81; 
ttag +78 100/100/99/99/99; 
ttag +79 100/100/100/99/98; 
ttag +80 19/[9]/?/?/?; 
ttag +81 98/97/96/98/94; 
ttag +82 98/98/96/96/96; 
ttag +83 42/14/14/12/14; 
ttag +84 99/99/95/97/97; 
ttag +85 52/29/15/34/24; 
ttag +86 99/99/98/100/97; 
ttag +87 82/72/68/78/66; 
ttag +88 99/99/99/99/98; 
ttag +89 72/59/51/62/55; 
ttag +90 100/100/99/99/98; 
ttag +91 86/82/63/79/66; 
ttag +92 100/100/99/100/100; 
ttag +93 99/98/93/99/94; 
ttag +94 99/99/96/100/96; 
