tread
'Tree with tags' 
(0 (1 (((2 3 )(9 (8 (((4 5 )(6 7 ))(10 (11 12 ))))))((26 ((27 28 )(29 30 )))(39 (31 ((32 33 )(34 35 )(36 (37 38 ))))((40 41 )(42 (43 ((44 45 )(46 47 ))))))))(13 14 )(17 (15 16 )(18 19 ((20 21 )((22 23 )(24 25 ))))))); 
ttag *!; 
ttag +49 ???; 
ttag +50 2; 
ttag +51 7; 
ttag +52 1; 
ttag +53 6; 
ttag +54 6; 
ttag +55 1; 
ttag +56 1; 
ttag +57 5; 
ttag +58 2; 
ttag +59 6; 
ttag +60 11; 
ttag +61 4; 
ttag +62 8; 
ttag +63 7; 
ttag +64 4; 
ttag +65 9; 
ttag +66 5; 
ttag +67 15; 
ttag +68 4; 
ttag +69 3; 
ttag +70 5; 
ttag +71 4; 
ttag +72 1; 
ttag +73 7; 
ttag +74 12; 
ttag +75 6; 
ttag +76 2; 
ttag +77 6; 
ttag +78 3; 
ttag +79 3; 
ttag +80 7; 
ttag +81 8; 
ttag +82 1; 
ttag +83 2; 
ttag +84 9; 
ttag +85 2; 
ttag +86 8; 
ttag +87 8; 
ttag +88 1; 
tread
'Tree with tags' 
(0 (((1 (13 14 ))((17 (15 16 ))(19 (18 ((20 21 )((22 23 )(24 25 )))))))(((2 3 )(9 (8 (((4 5 )(6 7 ))(10 (11 12 ))))))((26 ((27 28 )(29 30 )))(39 ((31 ((32 33 )((34 35 )(36 (37 38 )))))((40 41 )(42 (43 ((44 45 )(46 47 ))))))))))); 
ttag *!; 
ttag +0 ////; 
ttag +1 ////; 
ttag +2 ////; 
ttag +3 ////; 
ttag +4 ////; 
ttag +5 ////; 
ttag +6 ////; 
ttag +7 ////; 
ttag +8 ////; 
ttag +9 ////; 
ttag +10 ////; 
ttag +11 ////; 
ttag +12 ////; 
ttag +13 ////; 
ttag +14 ////; 
ttag +15 ////; 
ttag +16 ////; 
ttag +17 ////; 
ttag +18 ////; 
ttag +19 ////; 
ttag +20 ////; 
ttag +21 ////; 
ttag +22 ////; 
ttag +23 ////; 
ttag +24 ////; 
ttag +25 ////; 
ttag +26 ////; 
ttag +27 ////; 
ttag +28 ////; 
ttag +29 ////; 
ttag +30 ////; 
ttag +31 ////; 
ttag +32 ////; 
ttag +33 ////; 
ttag +34 ////; 
ttag +35 ////; 
ttag +36 ////; 
ttag +37 ////; 
ttag +38 ////; 
ttag +39 ////; 
ttag +40 ////; 
ttag +41 ////; 
ttag +42 ////; 
ttag +43 ////; 
ttag +44 ////; 
ttag +45 ////; 
ttag +46 ////; 
ttag +47 ////; 
ttag +48 ////; 
ttag +49 14/[8]/?/?/?; 
ttag +50 24/1/?/6/4; 
ttag +51 100/100/100/100/100; 
ttag +52 72/57/67/64/68; 
ttag +53 100/100/94/100/96; 
ttag +54 42/22/18/33/29; 
ttag +55 98/98/93/97/96; 
ttag +56 95/93/86/96/87; 
ttag +57 32/22/18/23/18; 
ttag +58 42/24/18/16/14; 
ttag +59 94/92/88/96/90; 
ttag +60 86/83/80/87/83; 
ttag +61 97/96/90/96/92; 
ttag +62 100/100/100/100/100; 
ttag +63 94/92/86/92/88; 
ttag +64 99/99/98/99/99; 
ttag +65 53/31/32/36/29; 
ttag +66 99/99/98/98/98; 
ttag +67 36/[12]/?/?/?; 
ttag +68 96/96/92/95/92; 
ttag +69 100/100/100/100/100; 
ttag +70 98/98/96/98/96; 
ttag +71 100/100/100/100/100; 
ttag +72 94/92/82/93/85; 
ttag +73 93/92/86/93/87; 
ttag +74 99/99/99/99/97; 
ttag +75 90/87/80/91/86; 
ttag +76 63/50/32/56/40; 
ttag +77 98/97/86/96/91; 
ttag +78 100/100/100/100/100; 
ttag +79 100/100/98/99/99; 
ttag +80 3/[49]/?/?/?; 
ttag +81 82/80/66/84/72; 
ttag +82 99/99/99/99/98; 
ttag +83 94/90/91/94/92; 
ttag +84 98/98/96/96/98; 
ttag +85 33/[1]/?/?/?; 
ttag +86 99/99/98/100/98; 
ttag +87 100/100/99/100/99; 
ttag +88 75/71/62/63/63; 
ttag +89 81/73/64/75/66; 
ttag +90 100/100/98/100/99; 
ttag +91 72/56/51/69/55; 
ttag +92 100/100/100/100/100; 
ttag +93 100/100/97/99/99; 
ttag +94 57/32/27/35/25; 
