tread
'Tree with tags' 
(0 ((1 (((2 3 )((8 9 )(10 (11 12 ))))((4 5 )(6 7 )))((17 (15 16 ))(18 (19 ((20 21 )((22 23 )(24 25 )))))))((13 14 )((26 (27 (28 (29 30 ))))(39 ((31 ((32 33 )(34 35 )(36 (37 38 ))))((40 41 )(42 43 ((44 45 )(46 47 )))))))))); 
ttag *!; 
ttag +49 1; 
ttag +50 ???; 
ttag +51 4; 
ttag +52 4; 
ttag +53 1; 
ttag +54 2; 
ttag +55 4; 
ttag +56 3; 
ttag +57 1; 
ttag +58 7; 
ttag +59 7; 
ttag +60 15; 
ttag +61 6; 
ttag +62 1; 
ttag +63 14; 
ttag +64 1; 
ttag +65 1; 
ttag +66 4; 
ttag +67 4; 
ttag +68 7; 
ttag +69 3; 
ttag +70 9; 
ttag +71 2; 
ttag +72 5; 
ttag +73 6; 
ttag +74 6; 
ttag +75 3; 
ttag +76 7; 
ttag +77 3; 
ttag +78 7; 
ttag +79 1; 
ttag +80 8; 
ttag +81 10; 
ttag +82 5; 
ttag +83 6; 
ttag +84 11; 
ttag +85 7; 
ttag +86 2; 
ttag +87 4; 
ttag +88 12; 
ttag +89 4; 
ttag +90 1; 
ttag +91 2; 
tread
'Tree with tags' 
(0 ((1 ((((2 3 )((8 9 )(10 (11 12 ))))((4 5 )(6 7 )))((17 (15 16 ))(18 (19 ((20 21 )((22 23 )(24 25 ))))))))((13 14 )((26 (27 (28 (29 30 ))))(39 ((31 ((32 33 )((34 35 )(36 (37 38 )))))((40 41 )(43 (42 ((44 45 )(46 47 ))))))))))); 
ttag *!; 
ttag +0 ////; 
ttag +1 ////; 
ttag +2 ////; 
ttag +3 ////; 
ttag +4 ////; 
ttag +5 ////; 
ttag +6 ////; 
ttag +7 ////; 
ttag +8 ////; 
ttag +9 ////; 
ttag +10 ////; 
ttag +11 ////; 
ttag +12 ////; 
ttag +13 ////; 
ttag +14 ////; 
ttag +15 ////; 
ttag +16 ////; 
ttag +17 ////; 
ttag +18 ////; 
ttag +19 ////; 
ttag +20 ////; 
ttag +21 ////; 
ttag +22 ////; 
ttag +23 ////; 
ttag +24 ////; 
ttag +25 ////; 
ttag +26 ////; 
ttag +27 ////; 
ttag +28 ////; 
ttag +29 ////; 
ttag +30 ////; 
ttag +31 ////; 
ttag +32 ////; 
ttag +33 ////; 
ttag +34 ////; 
ttag +35 ////; 
ttag +36 ////; 
ttag +37 ////; 
ttag +38 ////; 
ttag +39 ////; 
ttag +40 ////; 
ttag +41 ////; 
ttag +42 ////; 
ttag +43 ////; 
ttag +44 ////; 
ttag +45 ////; 
ttag +46 ////; 
ttag +47 ////; 
ttag +48 ////; 
ttag +49 35/24/28/24/20; 
ttag +50 100/100/100/100/100; 
ttag +51 89/88/80/90/81; 
ttag +52 82/78/66/80/66; 
ttag +53 50/42/33/33/32; 
ttag +54 28/0/?/6/?; 
ttag +55 85/78/67/80/70; 
ttag +56 89/84/82/91/86; 
ttag +57 94/90/83/92/83; 
ttag +58 54/28/17/26/18; 
ttag +59 98/96/94/97/93; 
ttag +60 98/97/96/98/96; 
ttag +61 100/100/100/100/100; 
ttag +62 99/99/99/99/98; 
ttag +63 49/38/43/42/41; 
ttag +64 100/100/99/100/100; 
ttag +65 42/14/2/18/11; 
ttag +66 68/62/55/57/54; 
ttag +67 95/94/77/88/83; 
ttag +68 78/72/66/79/62; 
ttag +69 100/100/99/100/100; 
ttag +70 81/74/64/76/63; 
ttag +71 100/100/100/100/98; 
ttag +72 72/59/49/58/47; 
ttag +73 93/90/78/90/75; 
ttag +74 98/97/95/98/94; 
ttag +75 94/93/92/93/86; 
ttag +76 83/80/86/86/77; 
ttag +77 99/98/95/98/95; 
ttag +78 90/87/80/89/87; 
ttag +79 98/98/97/99/98; 
ttag +80 40/26/30/22/22; 
ttag +81 99/99/97/98/97; 
ttag +82 100/100/100/100/100; 
ttag +83 98/98/90/98/94; 
ttag +84 99/99/99/98/100; 
ttag +85 34/10/?/?/?; 
ttag +86 100/100/99/100/100; 
ttag +87 99/99/99/99/98; 
ttag +88 88/85/76/87/82; 
ttag +89 92/90/87/91/85; 
ttag +90 26/4/?/2/4; 
ttag +91 100/100/100/100/100; 
ttag +92 90/88/88/90/78; 
ttag +93 62/42/35/41/36; 
ttag +94 93/92/85/90/85; 
