tread
'Tree with tags' 
(0 (1 (8 9 (2 3 )((4 5 )(6 7 ))(10 (11 12 )))(13 14 )(17 (15 16 )(18 (19 ((20 21 )((22 23 )(24 25 ))))))(((26 27 )(28 (29 30 )))(39 (31 ((32 33 )(34 35 ))(36 (37 38 )))((40 41 )(43 (42 ((44 45 )(46 47 ))))))))); 
ttag *!; 
ttag +49 ???; 
ttag +50 6; 
ttag +51 4; 
ttag +52 4; 
ttag +53 9; 
ttag +54 2; 
ttag +55 2; 
ttag +56 12; 
ttag +57 10; 
ttag +58 14; 
ttag +59 5; 
ttag +60 4; 
ttag +61 2; 
ttag +62 8; 
ttag +63 4; 
ttag +64 4; 
ttag +65 5; 
ttag +66 10; 
ttag +67 1; 
ttag +68 5; 
ttag +69 4; 
ttag +70 1; 
ttag +71 12; 
ttag +72 3; 
ttag +73 6; 
ttag +74 6; 
ttag +75 2; 
ttag +76 1; 
ttag +77 3; 
ttag +78 12; 
ttag +79 1; 
ttag +80 3; 
ttag +81 1; 
ttag +82 9; 
ttag +83 8; 
ttag +84 4; 
ttag +85 2; 
tread
'Tree with tags' 
(0 ((1 (((2 3 )((8 (9 ((4 5 )(6 7 ))))(10 (11 12 ))))((15 16 )(17 (18 (19 ((20 21 )((22 23 )(24 25 )))))))))((13 14 )(((26 27 )(28 (29 30 )))((39 ((31 ((32 33 )(34 35 )))(36 (37 38 ))))((40 41 )(43 (42 ((44 45 )(46 47 )))))))))); 
ttag *!; 
ttag +0 ////; 
ttag +1 ////; 
ttag +2 ////; 
ttag +3 ////; 
ttag +4 ////; 
ttag +5 ////; 
ttag +6 ////; 
ttag +7 ////; 
ttag +8 ////; 
ttag +9 ////; 
ttag +10 ////; 
ttag +11 ////; 
ttag +12 ////; 
ttag +13 ////; 
ttag +14 ////; 
ttag +15 ////; 
ttag +16 ////; 
ttag +17 ////; 
ttag +18 ////; 
ttag +19 ////; 
ttag +20 ////; 
ttag +21 ////; 
ttag +22 ////; 
ttag +23 ////; 
ttag +24 ////; 
ttag +25 ////; 
ttag +26 ////; 
ttag +27 ////; 
ttag +28 ////; 
ttag +29 ////; 
ttag +30 ////; 
ttag +31 ////; 
ttag +32 ////; 
ttag +33 ////; 
ttag +34 ////; 
ttag +35 ////; 
ttag +36 ////; 
ttag +37 ////; 
ttag +38 ////; 
ttag +39 ////; 
ttag +40 ////; 
ttag +41 ////; 
ttag +42 ////; 
ttag +43 ////; 
ttag +44 ////; 
ttag +45 ////; 
ttag +46 ////; 
ttag +47 ////; 
ttag +48 ////; 
ttag +49 19/[2]/?/?/?; 
ttag +50 100/100/100/100/100; 
ttag +51 99/99/97/99/94; 
ttag +52 98/98/97/98/95; 
ttag +53 34/19/22/17/8; 
ttag +54 95/93/95/93/92; 
ttag +55 100/100/99/100/99; 
ttag +56 31/13/8/14/8; 
ttag +57 18/2/0/3/0; 
ttag +58 41/26/26/24/25; 
ttag +59 66/58/48/62/57; 
ttag +60 74/66/54/78/60; 
ttag +61 100/100/100/100/100; 
ttag +62 100/100/100/100/100; 
ttag +63 32/16/12/13/1; 
ttag +64 100/100/100/100/100; 
ttag +65 98/97/91/98/91; 
ttag +66 12/[36]/?/?/?; 
ttag +67 94/94/92/96/94; 
ttag +68 84/81/69/84/73; 
ttag +69 100/100/100/100/100; 
ttag +70 96/96/93/96/92; 
ttag +71 90/89/85/91/84; 
ttag +72 97/97/88/98/95; 
ttag +73 100/100/100/100/100; 
ttag +74 58/41/31/42/30; 
ttag +75 97/96/92/96/90; 
ttag +76 94/91/65/81/70; 
ttag +77 58/42/24/42/30; 
ttag +78 100/100/100/100/100; 
ttag +79 22/[12]/?/?/?; 
ttag +80 69/58/48/62/49; 
ttag +81 43/18/14/26/12; 
ttag +82 99/99/89/95/93; 
ttag +83 99/99/99/100/100; 
ttag +84 79/75/66/77/74; 
ttag +85 74/60/50/58/45; 
ttag +86 74/62/57/67/58; 
ttag +87 100/100/100/100/100; 
ttag +88 61/38/35/48/48; 
ttag +89 78/66/62/70/62; 
ttag +90 48/28/16/37/28; 
ttag +91 98/97/94/98/97; 
ttag +92 100/100/90/98/95; 
ttag +93 85/79/78/79/74; 
ttag +94 73/58/50/64/54; 
