tread
'Tree with tags' 
(0 (1 (8 9 (2 3 )((4 5 )(6 7 ))(10 (11 12 )))((13 14 )((26 (27 (28 (29 30 ))))((31 (((32 33 )(34 35 ))(36 (37 38 ))))(39 (40 41 (42 43 ((44 45 )(46 47 ))))))))(17 (15 16 )(18 (19 ((20 21 )((22 23 )(24 25 )))))))); 
ttag *!; 
ttag +49 ???; 
ttag +50 9; 
ttag +51 8; 
ttag +52 7; 
ttag +53 5; 
ttag +54 2; 
ttag +55 5; 
ttag +56 5; 
ttag +57 6; 
ttag +58 2; 
ttag +59 11; 
ttag +60 3; 
ttag +61 6; 
ttag +62 2; 
ttag +63 6; 
ttag +64 3; 
ttag +65 8; 
ttag +66 8; 
ttag +67 6; 
ttag +68 4; 
ttag +69 11; 
ttag +70 4; 
ttag +71 4; 
ttag +72 10; 
ttag +73 5; 
ttag +74 6; 
ttag +75 6; 
ttag +76 2; 
ttag +77 1; 
ttag +78 8; 
ttag +79 10; 
ttag +80 3; 
ttag +81 3; 
ttag +82 5; 
ttag +83 9; 
ttag +84 8; 
ttag +85 3; 
ttag +86 1; 
tread
'Tree with tags' 
(0 ((1 ((2 3 )(((4 5 )(6 7 ))(9 (8 (10 (11 12 )))))))(((13 14 )((26 (27 (28 (29 30 ))))((31 (((32 33 )(34 35 ))(36 (37 38 ))))(39 (40 (41 ((42 43 )((44 45 )(46 47 )))))))))((15 16 )(17 (18 (19 ((20 21 )((22 23 )(24 25 )))))))))); 
ttag *!; 
ttag +0 ////; 
ttag +1 ////; 
ttag +2 ////; 
ttag +3 ////; 
ttag +4 ////; 
ttag +5 ////; 
ttag +6 ////; 
ttag +7 ////; 
ttag +8 ////; 
ttag +9 ////; 
ttag +10 ////; 
ttag +11 ////; 
ttag +12 ////; 
ttag +13 ////; 
ttag +14 ////; 
ttag +15 ////; 
ttag +16 ////; 
ttag +17 ////; 
ttag +18 ////; 
ttag +19 ////; 
ttag +20 ////; 
ttag +21 ////; 
ttag +22 ////; 
ttag +23 ////; 
ttag +24 ////; 
ttag +25 ////; 
ttag +26 ////; 
ttag +27 ////; 
ttag +28 ////; 
ttag +29 ////; 
ttag +30 ////; 
ttag +31 ////; 
ttag +32 ////; 
ttag +33 ////; 
ttag +34 ////; 
ttag +35 ////; 
ttag +36 ////; 
ttag +37 ////; 
ttag +38 ////; 
ttag +39 ////; 
ttag +40 ////; 
ttag +41 ////; 
ttag +42 ////; 
ttag +43 ////; 
ttag +44 ////; 
ttag +45 ////; 
ttag +46 ////; 
ttag +47 ////; 
ttag +48 ////; 
ttag +49 45/14/10/12/20; 
ttag +50 100/100/100/100/100; 
ttag +51 100/100/100/100/99; 
ttag +52 100/100/97/100/98; 
ttag +53 99/99/98/99/99; 
ttag +54 100/100/92/97/94; 
ttag +55 52/29/26/29/26; 
ttag +56 73/65/48/58/50; 
ttag +57 11/[6]/?/?/?; 
ttag +58 28/5/0/?/?; 
ttag +59 99/99/93/97/95; 
ttag +60 98/97/99/98/96; 
ttag +61 100/100/99/100/98; 
ttag +62 76/72/64/71/60; 
ttag +63 29/[2]/?/?/8; 
ttag +64 100/100/100/99/100; 
ttag +65 88/83/69/87/78; 
ttag +66 14/[33]/?/?/?; 
ttag +67 98/98/96/99/93; 
ttag +68 81/74/67/72/60; 
ttag +69 99/99/98/99/98; 
ttag +70 78/64/57/67/54; 
ttag +71 99/99/98/100/96; 
ttag +72 99/99/95/99/97; 
ttag +73 99/98/98/99/98; 
ttag +74 96/95/95/94/90; 
ttag +75 100/100/100/100/100; 
ttag +76 98/98/96/97/96; 
ttag +77 96/96/98/99/97; 
ttag +78 99/99/100/100/99; 
ttag +79 81/76/61/82/66; 
ttag +80 96/93/86/96/85; 
ttag +81 99/99/98/100/98; 
ttag +82 87/83/81/84/79; 
ttag +83 58/52/39/49/48; 
ttag +84 100/100/99/99/98; 
ttag +85 100/100/99/100/100; 
ttag +86 79/69/56/73/61; 
ttag +87 78/73/60/76/63; 
ttag +88 88/83/74/89/74; 
ttag +89 38/[9]/6/0/2; 
ttag +90 27/6/13/?/6; 
ttag +91 99/99/98/99/98; 
ttag +92 100/100/97/100/98; 
ttag +93 84/77/83/80/71; 
ttag +94 42/30/34/42/34; 
