tread
'Tree with tags' 
(0 ((1 ((2 3 )(((4 5 )(6 7 ))(8 (9 (10 (11 12 )))))))((13 14 )(17 (15 16 )(18 19 ((20 21 )((22 23 )(24 25 )))))((26 (27 (28 (29 30 ))))((31 (((32 33 )(34 35 ))(36 (37 38 ))))(39 (40 41 (43 (42 (46 47 (44 45 ))))))))))); 
ttag *!; 
ttag +49 3; 
ttag +50 ???; 
ttag +51 5; 
ttag +52 6; 
ttag +53 7; 
ttag +54 2; 
ttag +55 5; 
ttag +56 6; 
ttag +57 1; 
ttag +58 2; 
ttag +59 4; 
ttag +60 3; 
ttag +61 7; 
ttag +62 3; 
ttag +63 6; 
ttag +64 7; 
ttag +65 4; 
ttag +66 11; 
ttag +67 8; 
ttag +68 4; 
ttag +69 4; 
ttag +70 6; 
ttag +71 3; 
ttag +72 5; 
ttag +73 4; 
ttag +74 4; 
ttag +75 6; 
ttag +76 6; 
ttag +77 4; 
ttag +78 8; 
ttag +79 2; 
ttag +80 4; 
ttag +81 3; 
ttag +82 11; 
ttag +83 5; 
ttag +84 3; 
ttag +85 6; 
ttag +86 1; 
ttag +87 9; 
ttag +88 11; 
ttag +89 6; 
tread
'Tree with tags' 
(0 ((1 ((2 3 )(((4 5 )(6 7 ))(8 (9 (10 (11 12 )))))))(((13 14 )((26 (27 (28 (29 30 ))))((31 (((32 33 )(34 35 ))(36 (37 38 ))))(39 (41 (40 (43 (42 (46 (47 (44 45 )))))))))))((15 16 )(17 ((18 19 )((20 21 )((22 23 )(24 25 ))))))))); 
ttag *!; 
ttag +0 ////; 
ttag +1 ////; 
ttag +2 ////; 
ttag +3 ////; 
ttag +4 ////; 
ttag +5 ////; 
ttag +6 ////; 
ttag +7 ////; 
ttag +8 ////; 
ttag +9 ////; 
ttag +10 ////; 
ttag +11 ////; 
ttag +12 ////; 
ttag +13 ////; 
ttag +14 ////; 
ttag +15 ////; 
ttag +16 ////; 
ttag +17 ////; 
ttag +18 ////; 
ttag +19 ////; 
ttag +20 ////; 
ttag +21 ////; 
ttag +22 ////; 
ttag +23 ////; 
ttag +24 ////; 
ttag +25 ////; 
ttag +26 ////; 
ttag +27 ////; 
ttag +28 ////; 
ttag +29 ////; 
ttag +30 ////; 
ttag +31 ////; 
ttag +32 ////; 
ttag +33 ////; 
ttag +34 ////; 
ttag +35 ////; 
ttag +36 ////; 
ttag +37 ////; 
ttag +38 ////; 
ttag +39 ////; 
ttag +40 ////; 
ttag +41 ////; 
ttag +42 ////; 
ttag +43 ////; 
ttag +44 ////; 
ttag +45 ////; 
ttag +46 ////; 
ttag +47 ////; 
ttag +48 ////; 
ttag +49 84/82/66/82/75; 
ttag +50 100/100/100/100/100; 
ttag +51 98/97/96/99/92; 
ttag +52 98/97/90/98/90; 
ttag +53 99/99/92/98/94; 
ttag +54 70/57/56/64/48; 
ttag +55 97/96/90/94/82; 
ttag +56 100/100/98/98/96; 
ttag +57 47/34/25/34/20; 
ttag +58 58/47/31/50/39; 
ttag +59 90/86/78/90/84; 
ttag +60 82/72/58/76/65; 
ttag +61 99/99/99/99/98; 
ttag +62 42/25/6/25/14; 
ttag +63 80/73/55/81/68; 
ttag +64 99/99/97/99/98; 
ttag +65 98/98/92/98/96; 
ttag +66 30/[12]/?/?/?; 
ttag +67 23/[22]/?/?/?; 
ttag +68 88/84/78/82/80; 
ttag +69 100/100/100/100/100; 
ttag +70 99/99/98/98/97; 
ttag +71 95/94/87/94/84; 
ttag +72 95/92/80/88/83; 
ttag +73 98/98/96/99/95; 
ttag +74 92/90/85/87/85; 
ttag +75 94/93/91/94/86; 
ttag +76 95/94/94/98/95; 
ttag +77 89/86/79/87/83; 
ttag +78 100/100/100/99/97; 
ttag +79 97/97/92/98/86; 
ttag +80 93/92/85/93/89; 
ttag +81 100/100/99/100/96; 
ttag +82 70/60/57/67/57; 
ttag +83 97/97/94/96/86; 
ttag +84 73/62/62/72/68; 
ttag +85 100/100/100/100/100; 
ttag +86 96/95/94/97/96; 
ttag +87 93/92/83/90/86; 
ttag +88 22/[2]/?/0/?; 
ttag +89 98/97/96/99/96; 
ttag +90 56/45/38/42/38; 
ttag +91 99/99/100/100/100; 
ttag +92 100/100/100/100/100; 
ttag +93 32/1/8/1/?; 
ttag +94 99/99/96/99/96; 
