tread
'Tree with tags' 
(0 ((1 ((26 (27 (28 (29 30 ))))(39 (31 ((32 33 )((34 35 )(36 (37 38 )))))((40 41 )(42 (43 ((44 45 )(46 47 ))))))))(((2 3 )(((4 5 )(6 7 ))(8 9 (10 (11 12 )))))(13 14 )((17 (15 16 ))(18 (19 ((20 21 )((22 23 )(24 25 ))))))))); 
ttag *!; 
ttag +49 1; 
ttag +50 ???; 
ttag +51 7; 
ttag +52 10; 
ttag +53 1; 
ttag +54 7; 
ttag +55 10; 
ttag +56 2; 
ttag +57 3; 
ttag +58 2; 
ttag +59 7; 
ttag +60 8; 
ttag +61 7; 
ttag +62 11; 
ttag +63 3; 
ttag +64 6; 
ttag +65 4; 
ttag +66 3; 
ttag +67 7; 
ttag +68 7; 
ttag +69 6; 
ttag +70 8; 
ttag +71 6; 
ttag +72 10; 
ttag +73 5; 
ttag +74 2; 
ttag +75 5; 
ttag +76 10; 
ttag +77 3; 
ttag +78 3; 
ttag +79 3; 
ttag +80 6; 
ttag +81 6; 
ttag +82 1; 
ttag +83 9; 
ttag +84 9; 
ttag +85 4; 
ttag +86 7; 
ttag +87 8; 
ttag +88 4; 
ttag +89 5; 
ttag +90 6; 
ttag +91 8; 
tread
'Tree with tags' 
(0 ((1 ((26 (27 (28 (29 30 ))))((31 ((32 33 )((34 35 )(36 (37 38 )))))(39 ((40 41 )(42 (43 ((44 45 )(46 47 )))))))))((((2 3 )(((4 5 )(6 7 ))(8 (9 (10 (11 12 ))))))((17 (15 16 ))(18 (19 ((20 21 )((22 23 )(24 25 )))))))(13 14 )))); 
ttag *!; 
ttag +0 ////; 
ttag +1 ////; 
ttag +2 ////; 
ttag +3 ////; 
ttag +4 ////; 
ttag +5 ////; 
ttag +6 ////; 
ttag +7 ////; 
ttag +8 ////; 
ttag +9 ////; 
ttag +10 ////; 
ttag +11 ////; 
ttag +12 ////; 
ttag +13 ////; 
ttag +14 ////; 
ttag +15 ////; 
ttag +16 ////; 
ttag +17 ////; 
ttag +18 ////; 
ttag +19 ////; 
ttag +20 ////; 
ttag +21 ////; 
ttag +22 ////; 
ttag +23 ////; 
ttag +24 ////; 
ttag +25 ////; 
ttag +26 ////; 
ttag +27 ////; 
ttag +28 ////; 
ttag +29 ////; 
ttag +30 ////; 
ttag +31 ////; 
ttag +32 ////; 
ttag +33 ////; 
ttag +34 ////; 
ttag +35 ////; 
ttag +36 ////; 
ttag +37 ////; 
ttag +38 ////; 
ttag +39 ////; 
ttag +40 ////; 
ttag +41 ////; 
ttag +42 ////; 
ttag +43 ////; 
ttag +44 ////; 
ttag +45 ////; 
ttag +46 ////; 
ttag +47 ////; 
ttag +48 ////; 
ttag +49 44/33/16/27/26; 
ttag +50 100/100/100/100/100; 
ttag +51 100/100/97/98/94; 
ttag +52 99/99/99/99/99; 
ttag +53 10/[33]/?/?/?; 
ttag +54 32/21/5/19/15; 
ttag +55 97/96/92/98/98; 
ttag +56 100/100/97/100/99; 
ttag +57 74/68/47/70/62; 
ttag +58 81/76/64/81/75; 
ttag +59 77/74/59/68/59; 
ttag +60 30/[4]/2/9/5; 
ttag +61 97/96/94/96/94; 
ttag +62 100/100/99/99/97; 
ttag +63 99/99/99/100/98; 
ttag +64 100/100/100/100/100; 
ttag +65 87/85/70/84/69; 
ttag +66 98/98/96/98/95; 
ttag +67 99/99/92/94/94; 
ttag +68 90/88/81/89/83; 
ttag +69 100/100/99/100/99; 
ttag +70 99/99/98/98/96; 
ttag +71 98/97/97/99/97; 
ttag +72 99/99/99/100/97; 
ttag +73 99/99/94/98/95; 
ttag +74 100/100/100/100/100; 
ttag +75 95/92/87/92/80; 
ttag +76 92/89/84/90/87; 
ttag +77 98/97/87/96/88; 
ttag +78 100/100/100/100/100; 
ttag +79 92/92/88/92/81; 
ttag +80 92/90/76/87/84; 
ttag +81 95/95/91/96/93; 
ttag +82 99/99/96/97/94; 
ttag +83 100/100/99/100/100; 
ttag +84 56/32/36/40/26; 
ttag +85 100/100/99/99/99; 
ttag +86 100/100/99/100/99; 
ttag +87 22/[1]/0/4/15; 
ttag +88 93/90/86/90/86; 
ttag +89 99/99/96/99/97; 
ttag +90 99/99/100/98/98; 
ttag +91 94/94/92/94/91; 
ttag +92 93/90/83/94/80; 
ttag +93 96/93/86/96/86; 
ttag +94 100/100/100/100/99; 
