tread
'Tree with tags' 
(0 ((1 ((13 14 )(((15 16 )(17 (18 (19 ((20 21 )((22 23 )(24 25 )))))))(((26 27 )(28 (29 30 )))((39 (31 (((32 33 )(36 (37 38 )))(34 35 ))))((40 41 )(42 (43 ((44 45 )(46 47 ))))))))))((2 3 )(8 (9 (((4 5 )(6 7 ))(10 (11 12 )))))))); 
ttag *!; 
ttag +49 1; 
ttag +50 ???; 
ttag +51 10; 
ttag +52 8; 
ttag +53 7; 
ttag +54 7; 
ttag +55 3; 
ttag +56 3; 
ttag +57 6; 
ttag +58 2; 
ttag +59 4; 
ttag +60 11; 
ttag +61 11; 
ttag +62 5; 
ttag +63 5; 
ttag +64 4; 
ttag +65 3; 
ttag +66 2; 
ttag +67 2; 
ttag +68 4; 
ttag +69 7; 
ttag +70 3; 
ttag +71 11; 
ttag +72 11; 
ttag +73 2; 
ttag +74 1; 
ttag +75 6; 
ttag +76 6; 
ttag +77 6; 
ttag +78 6; 
ttag +79 10; 
ttag +80 2; 
ttag +81 9; 
ttag +82 8; 
ttag +83 1; 
ttag +84 3; 
ttag +85 1; 
ttag +86 10; 
ttag +87 6; 
ttag +88 4; 
ttag +89 2; 
ttag +90 10; 
ttag +91 8; 
ttag +92 10; 
ttag +93 6; 
ttag +94 4; 
tread
'Tree with tags' 
(0 ((1 ((13 14 )(((15 16 )(17 (18 (19 ((20 21 )((22 23 )(24 25 )))))))(((26 27 )(28 (29 30 )))((39 (31 (((32 33 )(36 (37 38 )))(34 35 ))))((40 41 )(42 (43 ((44 45 )(46 47 ))))))))))((2 3 )(8 (9 (((4 5 )(6 7 ))(10 (11 12 )))))))); 
ttag *!; 
ttag +0 ////; 
ttag +1 ////; 
ttag +2 ////; 
ttag +3 ////; 
ttag +4 ////; 
ttag +5 ////; 
ttag +6 ////; 
ttag +7 ////; 
ttag +8 ////; 
ttag +9 ////; 
ttag +10 ////; 
ttag +11 ////; 
ttag +12 ////; 
ttag +13 ////; 
ttag +14 ////; 
ttag +15 ////; 
ttag +16 ////; 
ttag +17 ////; 
ttag +18 ////; 
ttag +19 ////; 
ttag +20 ////; 
ttag +21 ////; 
ttag +22 ////; 
ttag +23 ////; 
ttag +24 ////; 
ttag +25 ////; 
ttag +26 ////; 
ttag +27 ////; 
ttag +28 ////; 
ttag +29 ////; 
ttag +30 ////; 
ttag +31 ////; 
ttag +32 ////; 
ttag +33 ////; 
ttag +34 ////; 
ttag +35 ////; 
ttag +36 ////; 
ttag +37 ////; 
ttag +38 ////; 
ttag +39 ////; 
ttag +40 ////; 
ttag +41 ////; 
ttag +42 ////; 
ttag +43 ////; 
ttag +44 ////; 
ttag +45 ////; 
ttag +46 ////; 
ttag +47 ////; 
ttag +48 ////; 
ttag +49 45/26/22/40/31; 
ttag +50 100/100/100/100/100; 
ttag +51 100/100/99/100/100; 
ttag +52 94/92/84/96/86; 
ttag +53 100/100/100/100/100; 
ttag +54 98/98/96/98/93; 
ttag +55 71/69/61/71/63; 
ttag +56 70/61/47/61/48; 
ttag +57 90/88/84/93/82; 
ttag +58 64/45/51/51/36; 
ttag +59 90/85/67/83/68; 
ttag +60 100/100/99/100/100; 
ttag +61 100/100/100/100/99; 
ttag +62 85/79/66/86/64; 
ttag +63 98/97/90/98/86; 
ttag +64 85/80/73/83/66; 
ttag +65 66/57/35/72/40; 
ttag +66 70/65/58/69/66; 
ttag +67 59/40/31/58/28; 
ttag +68 93/92/84/94/85; 
ttag +69 100/100/99/100/100; 
ttag +70 90/85/76/86/78; 
ttag +71 100/100/100/100/100; 
ttag +72 100/100/100/100/99; 
ttag +73 81/75/66/78/72; 
ttag +74 52/30/12/31/8; 
ttag +75 98/97/93/98/94; 
ttag +76 98/98/97/99/99; 
ttag +77 98/97/94/98/93; 
ttag +78 100/100/97/100/98; 
ttag +79 100/100/99/100/98; 
ttag +80 62/46/46/53/45; 
ttag +81 99/99/97/98/94; 
ttag +82 99/99/98/99/100; 
ttag +83 48/25/17/27/18; 
ttag +84 87/85/83/86/76; 
ttag +85 38/15/15/18/10; 
ttag +86 100/100/100/100/100; 
ttag +87 97/97/92/98/92; 
ttag +88 84/78/67/79/67; 
ttag +89 76/72/64/74/64; 
ttag +90 99/99/100/100/100; 
ttag +91 98/98/98/100/99; 
ttag +92 100/100/100/100/100; 
ttag +93 98/98/94/98/94; 
ttag +94 94/93/86/95/89; 
