tread
'Tree with tags' 
(0 (((1 (((2 3 )((4 5 )(6 7 )))((8 9 )(10 (11 12 )))))((26 (27 28 (29 30 )))(39 (31 ((32 33 )((34 35 )(36 (37 38 )))))((40 41 )(42 (43 ((44 45 )(46 47 ))))))))(13 14 )((15 16 )(17 (18 19 ((20 21 )((22 23 )(24 25 )))))))); 
ttag *!; 
ttag +49 1; 
ttag +50 2; 
ttag +51 ???; 
ttag +52 8; 
ttag +53 1; 
ttag +54 8; 
ttag +55 4; 
ttag +56 5; 
ttag +57 1; 
ttag +58 2; 
ttag +59 4; 
ttag +60 5; 
ttag +61 12; 
ttag +62 4; 
ttag +63 11; 
ttag +64 3; 
ttag +65 2; 
ttag +66 8; 
ttag +67 7; 
ttag +68 6; 
ttag +69 8; 
ttag +70 2; 
ttag +71 3; 
ttag +72 12; 
ttag +73 4; 
ttag +74 4; 
ttag +75 12; 
ttag +76 2; 
ttag +77 9; 
ttag +78 7; 
ttag +79 6; 
ttag +80 1; 
ttag +81 2; 
ttag +82 15; 
ttag +83 7; 
ttag +84 2; 
ttag +85 8; 
ttag +86 7; 
ttag +87 3; 
ttag +88 10; 
ttag +89 8; 
ttag +90 4; 
tread
'Tree with tags' 
(0 ((((1 (((2 3 )((4 5 )(6 7 )))((8 9 )(10 (11 12 )))))((26 (28 (27 (29 30 ))))(39 ((31 ((32 33 )((34 35 )(36 (37 38 )))))((40 41 )(42 (43 ((44 45 )(46 47 )))))))))((15 16 )(17 (19 (18 ((20 21 )((22 23 )(24 25 ))))))))(13 14 ))); 
ttag *!; 
ttag +0 ////; 
ttag +1 ////; 
ttag +2 ////; 
ttag +3 ////; 
ttag +4 ////; 
ttag +5 ////; 
ttag +6 ////; 
ttag +7 ////; 
ttag +8 ////; 
ttag +9 ////; 
ttag +10 ////; 
ttag +11 ////; 
ttag +12 ////; 
ttag +13 ////; 
ttag +14 ////; 
ttag +15 ////; 
ttag +16 ////; 
ttag +17 ////; 
ttag +18 ////; 
ttag +19 ////; 
ttag +20 ////; 
ttag +21 ////; 
ttag +22 ////; 
ttag +23 ////; 
ttag +24 ////; 
ttag +25 ////; 
ttag +26 ////; 
ttag +27 ////; 
ttag +28 ////; 
ttag +29 ////; 
ttag +30 ////; 
ttag +31 ////; 
ttag +32 ////; 
ttag +33 ////; 
ttag +34 ////; 
ttag +35 ////; 
ttag +36 ////; 
ttag +37 ////; 
ttag +38 ////; 
ttag +39 ////; 
ttag +40 ////; 
ttag +41 ////; 
ttag +42 ////; 
ttag +43 ////; 
ttag +44 ////; 
ttag +45 ////; 
ttag +46 ////; 
ttag +47 ////; 
ttag +48 ////; 
ttag +49 47/38/26/28/23; 
ttag +50 63/59/43/54/45; 
ttag +51 0/[4]/?/?/?; 
ttag +52 100/100/100/100/100; 
ttag +53 98/98/97/98/96; 
ttag +54 38/[7]/?/?/?; 
ttag +55 99/98/95/97/96; 
ttag +56 79/74/70/78/70; 
ttag +57 95/94/88/96/90; 
ttag +58 61/40/26/33/27; 
ttag +59 73/65/52/72/56; 
ttag +60 76/68/56/72/58; 
ttag +61 91/89/70/86/79; 
ttag +62 100/100/99/100/100; 
ttag +63 94/92/78/92/81; 
ttag +64 100/100/100/100/100; 
ttag +65 90/88/81/85/78; 
ttag +66 80/73/54/70/52; 
ttag +67 28/[3]/0/6/0; 
ttag +68 100/100/99/100/99; 
ttag +69 100/100/100/100/100; 
ttag +70 99/99/94/97/95; 
ttag +71 99/99/98/99/99; 
ttag +72 83/75/72/76/76; 
ttag +73 88/83/76/82/73; 
ttag +74 100/100/100/100/99; 
ttag +75 78/70/58/75/59; 
ttag +76 34/[9]/?/?/?; 
ttag +77 97/96/90/96/92; 
ttag +78 100/100/100/100/100; 
ttag +79 89/88/81/84/81; 
ttag +80 39/0/?/?/?; 
ttag +81 100/100/97/98/98; 
ttag +82 99/99/98/100/99; 
ttag +83 99/99/99/98/99; 
ttag +84 70/58/45/53/46; 
ttag +85 79/73/69/74/70; 
ttag +86 100/100/100/100/100; 
ttag +87 99/98/99/100/97; 
ttag +88 82/74/56/75/60; 
ttag +89 100/100/98/99/98; 
ttag +90 99/99/94/98/97; 
ttag +91 87/85/68/84/66; 
ttag +92 100/100/99/99/98; 
ttag +93 99/98/99/99/94; 
ttag +94 97/96/96/96/96; 
