tread
'Tree with tags' 
(0 (1 ((((2 3 )(((4 5 )(6 7 ))((8 9 )(10 (11 12 )))))((18 19 )((20 21 )((22 23 )(24 25 )))))(17 (15 16 )))(13 14 )((26 27 (28 (29 30 )))(39 (31 ((32 33 )((34 35 )(36 (37 38 )))))((40 41 )(42 (43 ((44 45 )(46 47 ))))))))); 
ttag *!; 
ttag +49 ???; 
ttag +50 9; 
ttag +51 6; 
ttag +52 1; 
ttag +53 1; 
ttag +54 7; 
ttag +55 2; 
ttag +56 3; 
ttag +57 1; 
ttag +58 3; 
ttag +59 3; 
ttag +60 4; 
ttag +61 12; 
ttag +62 5; 
ttag +63 11; 
ttag +64 1; 
ttag +65 2; 
ttag +66 3; 
ttag +67 4; 
ttag +68 4; 
ttag +69 11; 
ttag +70 3; 
ttag +71 10; 
ttag +72 1; 
ttag +73 5; 
ttag +74 8; 
ttag +75 7; 
ttag +76 4; 
ttag +77 4; 
ttag +78 7; 
ttag +79 5; 
ttag +80 3; 
ttag +81 2; 
ttag +82 11; 
ttag +83 8; 
ttag +84 3; 
ttag +85 7; 
ttag +86 5; 
ttag +87 6; 
ttag +88 9; 
ttag +89 5; 
ttag +90 4; 
tread
'Tree with tags' 
(0 (1 ((((((2 3 )(((4 5 )(6 7 ))((8 9 )(10 (11 12 )))))((18 19 )((20 21 )((22 23 )(24 25 )))))(17 (15 16 )))(13 14 ))((26 (27 (28 (29 30 ))))((39 (31 ((32 33 )((34 35 )(36 (37 38 ))))))((40 41 )(42 (43 ((44 45 )(46 47 )))))))))); 
ttag *!; 
ttag +0 ////; 
ttag +1 ////; 
ttag +2 ////; 
ttag +3 ////; 
ttag +4 ////; 
ttag +5 ////; 
ttag +6 ////; 
ttag +7 ////; 
ttag +8 ////; 
ttag +9 ////; 
ttag +10 ////; 
ttag +11 ////; 
ttag +12 ////; 
ttag +13 ////; 
ttag +14 ////; 
ttag +15 ////; 
ttag +16 ////; 
ttag +17 ////; 
ttag +18 ////; 
ttag +19 ////; 
ttag +20 ////; 
ttag +21 ////; 
ttag +22 ////; 
ttag +23 ////; 
ttag +24 ////; 
ttag +25 ////; 
ttag +26 ////; 
ttag +27 ////; 
ttag +28 ////; 
ttag +29 ////; 
ttag +30 ////; 
ttag +31 ////; 
ttag +32 ////; 
ttag +33 ////; 
ttag +34 ////; 
ttag +35 ////; 
ttag +36 ////; 
ttag +37 ////; 
ttag +38 ////; 
ttag +39 ////; 
ttag +40 ////; 
ttag +41 ////; 
ttag +42 ////; 
ttag +43 ////; 
ttag +44 ////; 
ttag +45 ////; 
ttag +46 ////; 
ttag +47 ////; 
ttag +48 ////; 
ttag +49 100/100/100/100/100; 
ttag +50 100/100/99/100/100; 
ttag +51 98/97/91/98/95; 
ttag +52 16/[13]/?/?/?; 
ttag +53 28/18/13/20/13; 
ttag +54 12/[20]/?/?/?; 
ttag +55 18/[14]/?/?/?; 
ttag +56 99/99/95/99/96; 
ttag +57 78/76/75/78/73; 
ttag +58 58/40/32/52/30; 
ttag +59 60/44/30/34/18; 
ttag +60 65/54/45/63/40; 
ttag +61 60/51/39/57/34; 
ttag +62 92/90/88/94/83; 
ttag +63 100/100/100/100/100; 
ttag +64 98/98/92/97/90; 
ttag +65 99/99/98/99/99; 
ttag +66 53/36/26/39/33; 
ttag +67 77/74/59/70/57; 
ttag +68 82/79/64/84/65; 
ttag +69 99/99/99/94/97; 
ttag +70 82/77/66/85/60; 
ttag +71 100/100/100/100/100; 
ttag +72 85/82/70/84/63; 
ttag +73 100/100/100/100/100; 
ttag +74 72/70/73/63/73; 
ttag +75 96/94/90/95/94; 
ttag +76 36/10/6/4/7; 
ttag +77 100/100/100/99/100; 
ttag +78 100/100/99/100/100; 
ttag +79 96/94/95/99/93; 
ttag +80 56/54/53/49/55; 
ttag +81 83/76/67/79/70; 
ttag +82 100/100/99/100/98; 
ttag +83 96/95/93/98/92; 
ttag +84 97/97/96/94/91; 
ttag +85 84/82/80/86/79; 
ttag +86 100/100/100/100/99; 
ttag +87 99/99/100/100/100; 
ttag +88 80/76/56/82/66; 
ttag +89 98/97/93/98/95; 
ttag +90 95/91/78/95/82; 
ttag +91 96/93/90/96/91; 
ttag +92 100/100/100/100/100; 
ttag +93 94/93/96/98/92; 
ttag +94 95/94/91/96/88; 
