tread
'Tree with tags' 
(0 ((1 ((2 3 )(((4 5 )(6 7 ))((8 9 )(10 (11 12 ))))))((13 14 )((15 16 )(17 (18 (19 ((20 21 )((22 23 )(24 25 )))))))((26 (27 (28 (29 30 ))))((39 (31 ((32 33 )((34 35 )(36 (37 38 ))))))(40 (41 (42 (43 ((44 45 )(46 47 ))))))))))); 
ttag *!; 
ttag +49 4; 
ttag +50 ???; 
ttag +51 5; 
ttag +52 8; 
ttag +53 3; 
ttag +54 5; 
ttag +55 3; 
ttag +56 2; 
ttag +57 2; 
ttag +58 1; 
ttag +59 7; 
ttag +60 3; 
ttag +61 8; 
ttag +62 5; 
ttag +63 8; 
ttag +64 2; 
ttag +65 4; 
ttag +66 1; 
ttag +67 4; 
ttag +68 8; 
ttag +69 5; 
ttag +70 9; 
ttag +71 5; 
ttag +72 3; 
ttag +73 6; 
ttag +74 3; 
ttag +75 4; 
ttag +76 8; 
ttag +77 8; 
ttag +78 7; 
ttag +79 1; 
ttag +80 6; 
ttag +81 7; 
ttag +82 5; 
ttag +83 4; 
ttag +84 1; 
ttag +85 11; 
ttag +86 3; 
ttag +87 9; 
ttag +88 1; 
ttag +89 7; 
ttag +90 4; 
ttag +91 11; 
ttag +92 8; 
ttag +93 5; 
tread
'Tree with tags' 
(0 ((1 ((2 3 )(((4 5 )(6 7 ))((8 9 )(10 (11 12 ))))))(((13 14 )((15 16 )(17 (18 (19 ((20 21 )((22 23 )(24 25 ))))))))((26 (27 (28 (29 30 ))))((39 (31 ((32 33 )((34 35 )(36 (37 38 ))))))(40 (41 (42 (43 ((44 45 )(46 47 ))))))))))); 
ttag *!; 
ttag +0 ////; 
ttag +1 ////; 
ttag +2 ////; 
ttag +3 ////; 
ttag +4 ////; 
ttag +5 ////; 
ttag +6 ////; 
ttag +7 ////; 
ttag +8 ////; 
ttag +9 ////; 
ttag +10 ////; 
ttag +11 ////; 
ttag +12 ////; 
ttag +13 ////; 
ttag +14 ////; 
ttag +15 ////; 
ttag +16 ////; 
ttag +17 ////; 
ttag +18 ////; 
ttag +19 ////; 
ttag +20 ////; 
ttag +21 ////; 
ttag +22 ////; 
ttag +23 ////; 
ttag +24 ////; 
ttag +25 ////; 
ttag +26 ////; 
ttag +27 ////; 
ttag +28 ////; 
ttag +29 ////; 
ttag +30 ////; 
ttag +31 ////; 
ttag +32 ////; 
ttag +33 ////; 
ttag +34 ////; 
ttag +35 ////; 
ttag +36 ////; 
ttag +37 ////; 
ttag +38 ////; 
ttag +39 ////; 
ttag +40 ////; 
ttag +41 ////; 
ttag +42 ////; 
ttag +43 ////; 
ttag +44 ////; 
ttag +45 ////; 
ttag +46 ////; 
ttag +47 ////; 
ttag +48 ////; 
ttag +49 94/93/90/94/89; 
ttag +50 100/100/100/100/100; 
ttag +51 94/93/82/93/91; 
ttag +52 99/99/99/100/98; 
ttag +53 82/79/64/77/63; 
ttag +54 90/86/79/89/82; 
ttag +55 79/76/70/78/76; 
ttag +56 69/52/42/55/42; 
ttag +57 72/68/52/73/56; 
ttag +58 38/15/18/25/18; 
ttag +59 97/97/96/99/94; 
ttag +60 91/90/85/92/84; 
ttag +61 100/100/100/99/100; 
ttag +62 24/[16]/?/?/?; 
ttag +63 94/94/85/95/89; 
ttag +64 100/100/99/100/99; 
ttag +65 76/62/50/67/48; 
ttag +66 89/85/79/87/82; 
ttag +67 63/56/50/53/40; 
ttag +68 87/82/76/85/66; 
ttag +69 100/100/100/100/100; 
ttag +70 100/100/93/96/94; 
ttag +71 100/100/100/100/100; 
ttag +72 98/98/92/94/91; 
ttag +73 82/75/71/81/72; 
ttag +74 100/100/98/100/98; 
ttag +75 84/78/70/79/71; 
ttag +76 98/98/98/98/98; 
ttag +77 100/100/99/100/99; 
ttag +78 100/100/100/99/100; 
ttag +79 99/98/98/100/97; 
ttag +80 45/20/24/31/16; 
ttag +81 100/100/100/100/100; 
ttag +82 100/100/98/100/99; 
ttag +83 96/96/88/97/91; 
ttag +84 92/91/86/92/84; 
ttag +85 66/64/59/58/53; 
ttag +86 100/100/99/99/98; 
ttag +87 96/96/94/94/94; 
ttag +88 100/100/99/99/98; 
ttag +89 37/18/18/32/19; 
ttag +90 97/95/91/98/97; 
ttag +91 98/98/96/99/96; 
ttag +92 100/100/100/100/100; 
ttag +93 99/99/97/100/97; 
ttag +94 100/100/98/99/98; 
