tread
'Tree with tags' 
(0 ((1 ((2 3 )((6 7 (4 5 ))((8 9 )(10 (11 12 ))))))((13 14 )((15 16 )(17 (18 (19 ((20 21 )((22 23 )(24 25 )))))))((26 (27 (28 (29 30 ))))((31 ((32 33 )(34 35 )(36 (37 38 ))))(39 ((40 41 )(42 (43 ((44 45 )(46 47 ))))))))))); 
ttag *!; 
ttag +49 1; 
ttag +50 ???; 
ttag +51 7; 
ttag +52 4; 
ttag +53 9; 
ttag +54 3; 
ttag +55 3; 
ttag +56 3; 
ttag +57 1; 
ttag +58 3; 
ttag +59 6; 
ttag +60 5; 
ttag +61 1; 
ttag +62 14; 
ttag +63 3; 
ttag +64 1; 
ttag +65 1; 
ttag +66 2; 
ttag +67 5; 
ttag +68 2; 
ttag +69 8; 
ttag +70 7; 
ttag +71 2; 
ttag +72 7; 
ttag +73 3; 
ttag +74 5; 
ttag +75 3; 
ttag +76 9; 
ttag +77 2; 
ttag +78 11; 
ttag +79 5; 
ttag +80 6; 
ttag +81 1; 
ttag +82 10; 
ttag +83 15; 
ttag +84 1; 
ttag +85 5; 
ttag +86 7; 
ttag +87 7; 
ttag +88 1; 
ttag +89 3; 
ttag +90 7; 
ttag +91 8; 
tread
'Tree with tags' 
(0 ((1 ((2 3 )((6 (7 (4 5 )))((8 9 )(10 (11 12 ))))))(((13 14 )((15 16 )(17 (18 (19 ((20 21 )((22 23 )(24 25 ))))))))((26 (27 (28 (29 30 ))))((31 ((32 33 )((34 35 )(36 (37 38 )))))(39 ((40 41 )(42 (43 ((44 45 )(46 47 ))))))))))); 
ttag *!; 
ttag +0 ////; 
ttag +1 ////; 
ttag +2 ////; 
ttag +3 ////; 
ttag +4 ////; 
ttag +5 ////; 
ttag +6 ////; 
ttag +7 ////; 
ttag +8 ////; 
ttag +9 ////; 
ttag +10 ////; 
ttag +11 ////; 
ttag +12 ////; 
ttag +13 ////; 
ttag +14 ////; 
ttag +15 ////; 
ttag +16 ////; 
ttag +17 ////; 
ttag +18 ////; 
ttag +19 ////; 
ttag +20 ////; 
ttag +21 ////; 
ttag +22 ////; 
ttag +23 ////; 
ttag +24 ////; 
ttag +25 ////; 
ttag +26 ////; 
ttag +27 ////; 
ttag +28 ////; 
ttag +29 ////; 
ttag +30 ////; 
ttag +31 ////; 
ttag +32 ////; 
ttag +33 ////; 
ttag +34 ////; 
ttag +35 ////; 
ttag +36 ////; 
ttag +37 ////; 
ttag +38 ////; 
ttag +39 ////; 
ttag +40 ////; 
ttag +41 ////; 
ttag +42 ////; 
ttag +43 ////; 
ttag +44 ////; 
ttag +45 ////; 
ttag +46 ////; 
ttag +47 ////; 
ttag +48 ////; 
ttag +49 31/13/?/11/12; 
ttag +50 100/100/100/100/100; 
ttag +51 99/98/97/99/96; 
ttag +52 81/76/70/81/74; 
ttag +53 100/100/97/100/99; 
ttag +54 29/[12]/?/?/?; 
ttag +55 84/82/72/85/74; 
ttag +56 74/66/62/72/58; 
ttag +57 85/82/73/85/75; 
ttag +58 35/19/6/22/15; 
ttag +59 60/44/34/56/44; 
ttag +60 98/98/97/100/97; 
ttag +61 96/95/93/96/93; 
ttag +62 18/6/4/1/8; 
ttag +63 18/0/?/?/?; 
ttag +64 100/100/99/100/100; 
ttag +65 91/89/80/85/78; 
ttag +66 46/17/6/10/15; 
ttag +67 30/9/11/19/10; 
ttag +68 52/31/21/27/24; 
ttag +69 98/98/97/99/98; 
ttag +70 51/30/22/33/27; 
ttag +71 99/99/97/98/93; 
ttag +72 95/94/95/98/90; 
ttag +73 83/78/70/73/61; 
ttag +74 99/99/98/99/98; 
ttag +75 79/69/64/75/60; 
ttag +76 91/89/75/84/76; 
ttag +77 84/82/64/80/68; 
ttag +78 99/99/99/100/99; 
ttag +79 68/62/59/72/60; 
ttag +80 100/100/100/100/100; 
ttag +81 97/96/93/98/96; 
ttag +82 95/94/94/96/88; 
ttag +83 56/43/40/35/38; 
ttag +84 33/[10]/?/?/?; 
ttag +85 99/99/98/98/97; 
ttag +86 100/100/100/100/100; 
ttag +87 59/47/46/48/41; 
ttag +88 97/96/92/98/92; 
ttag +89 97/96/94/99/91; 
ttag +90 99/99/98/100/97; 
ttag +91 64/48/49/50/34; 
ttag +92 81/71/64/77/70; 
ttag +93 98/98/97/100/98; 
ttag +94 100/100/100/100/100; 
