tread
'Tree with tags' 
(0 (1 ((2 3 )(((4 5 )(6 7 ))((8 9 )(10 (11 12 )))))(13 14 )(17 18 19 (15 16 )((20 21 )(22 23 )(24 25 )))((26 (27 (28 (29 30 ))))((39 (31 ((32 33 )((34 35 )(36 (37 38 ))))))((40 41 )(42 (43 ((44 45 )(46 47 ))))))))); 
ttag *!; 
ttag +49 ???; 
ttag +50 5; 
ttag +51 9; 
ttag +52 8; 
ttag +53 9; 
ttag +54 2; 
ttag +55 2; 
ttag +56 1; 
ttag +57 2; 
ttag +58 7; 
ttag +59 3; 
ttag +60 7; 
ttag +61 7; 
ttag +62 3; 
ttag +63 7; 
ttag +64 3; 
ttag +65 7; 
ttag +66 2; 
ttag +67 3; 
ttag +68 5; 
ttag +69 4; 
ttag +70 7; 
ttag +71 13; 
ttag +72 15; 
ttag +73 2; 
ttag +74 3; 
ttag +75 3; 
ttag +76 4; 
ttag +77 3; 
ttag +78 2; 
ttag +79 5; 
ttag +80 15; 
ttag +81 7; 
ttag +82 7; 
ttag +83 7; 
ttag +84 2; 
ttag +85 7; 
ttag +86 4; 
ttag +87 6; 
tread
'Tree with tags' 
(0 ((1 ((2 3 )(((4 5 )(6 7 ))((8 9 )(10 (11 12 ))))))((13 14 )(((15 16 )((17 ((20 21 )((22 23 )(24 25 ))))(18 19 )))((26 (27 (28 (29 30 ))))((39 (31 ((32 33 )((34 35 )(36 (37 38 ))))))((40 41 )(42 (43 ((44 45 )(46 47 ))))))))))); 
ttag *!; 
ttag +0 ////; 
ttag +1 ////; 
ttag +2 ////; 
ttag +3 ////; 
ttag +4 ////; 
ttag +5 ////; 
ttag +6 ////; 
ttag +7 ////; 
ttag +8 ////; 
ttag +9 ////; 
ttag +10 ////; 
ttag +11 ////; 
ttag +12 ////; 
ttag +13 ////; 
ttag +14 ////; 
ttag +15 ////; 
ttag +16 ////; 
ttag +17 ////; 
ttag +18 ////; 
ttag +19 ////; 
ttag +20 ////; 
ttag +21 ////; 
ttag +22 ////; 
ttag +23 ////; 
ttag +24 ////; 
ttag +25 ////; 
ttag +26 ////; 
ttag +27 ////; 
ttag +28 ////; 
ttag +29 ////; 
ttag +30 ////; 
ttag +31 ////; 
ttag +32 ////; 
ttag +33 ////; 
ttag +34 ////; 
ttag +35 ////; 
ttag +36 ////; 
ttag +37 ////; 
ttag +38 ////; 
ttag +39 ////; 
ttag +40 ////; 
ttag +41 ////; 
ttag +42 ////; 
ttag +43 ////; 
ttag +44 ////; 
ttag +45 ////; 
ttag +46 ////; 
ttag +47 ////; 
ttag +48 ////; 
ttag +49 13/[4]/?/?/?; 
ttag +50 100/100/100/100/100; 
ttag +51 99/99/97/99/95; 
ttag +52 99/99/99/100/99; 
ttag +53 100/100/100/100/100; 
ttag +54 99/99/99/100/98; 
ttag +55 76/67/56/62/50; 
ttag +56 80/78/71/84/70; 
ttag +57 49/30/24/27/24; 
ttag +58 87/82/69/71/71; 
ttag +59 100/100/98/100/98; 
ttag +60 80/72/64/81/65; 
ttag +61 98/98/98/98/96; 
ttag +62 18/2/?/?/2; 
ttag +63 99/99/100/100/100; 
ttag +64 83/76/64/78/61; 
ttag +65 19/[17]/?/?/?; 
ttag +66 34/[11]/?/?/?; 
ttag +67 34/[11]/?/?/?; 
ttag +68 33/2/6/4/0; 
ttag +69 100/100/100/99/98; 
ttag +70 86/84/69/78/66; 
ttag +71 98/96/92/97/90; 
ttag +72 61/36/49/42/42; 
ttag +73 76/69/59/72/70; 
ttag +74 96/95/94/95/94; 
ttag +75 98/98/95/98/95; 
ttag +76 100/100/99/99/98; 
ttag +77 100/100/98/100/100; 
ttag +78 100/100/100/100/100; 
ttag +79 100/100/100/100/100; 
ttag +80 75/66/66/76/64; 
ttag +81 89/86/70/86/78; 
ttag +82 81/75/67/83/74; 
ttag +83 91/89/80/95/78; 
ttag +84 97/96/92/96/92; 
ttag +85 76/70/63/83/60; 
ttag +86 96/95/90/96/92; 
ttag +87 100/100/100/100/100; 
ttag +88 99/99/100/99/98; 
ttag +89 99/99/94/99/95; 
ttag +90 98/98/97/99/96; 
ttag +91 62/51/44/67/45; 
ttag +92 98/97/95/99/94; 
ttag +93 89/85/74/93/81; 
ttag +94 98/98/97/98/95; 
