tread
'Tree with tags' 
(0 (1 ((2 3 )((7 (6 (4 5 )))(8 9 (10 (11 12 )))))(13 14 )((15 16 )(17 (18 (19 ((20 21 )((22 23 )(24 25 )))))))((26 (27 (28 (29 30 ))))(39 ((31 (((32 33 )(34 35 ))(36 (37 38 ))))((40 41 )(42 (43 ((44 45 )(46 47 )))))))))); 
ttag *!; 
ttag +49 ???; 
ttag +50 2; 
ttag +51 4; 
ttag +52 7; 
ttag +53 1; 
ttag +54 9; 
ttag +55 3; 
ttag +56 2; 
ttag +57 2; 
ttag +58 7; 
ttag +59 6; 
ttag +60 6; 
ttag +61 1; 
ttag +62 2; 
ttag +63 7; 
ttag +64 3; 
ttag +65 16; 
ttag +66 8; 
ttag +67 11; 
ttag +68 5; 
ttag +69 2; 
ttag +70 3; 
ttag +71 6; 
ttag +72 5; 
ttag +73 6; 
ttag +74 7; 
ttag +75 8; 
ttag +76 1; 
ttag +77 6; 
ttag +78 7; 
ttag +79 3; 
ttag +80 4; 
ttag +81 1; 
ttag +82 9; 
ttag +83 11; 
ttag +84 2; 
ttag +85 10; 
ttag +86 8; 
ttag +87 3; 
ttag +88 9; 
ttag +89 5; 
ttag +90 2; 
tread
'Tree with tags' 
(0 ((1 ((2 3 )((7 (6 (4 5 )))(8 (9 (10 (11 12 )))))))((13 14 )(((15 16 )(17 (18 (19 ((20 21 )((22 23 )(24 25 )))))))((26 (27 (28 (29 30 ))))(39 ((31 (((32 33 )(34 35 ))(36 (37 38 ))))((40 41 )(42 (43 ((44 45 )(46 47 )))))))))))); 
ttag *!; 
ttag +0 ////; 
ttag +1 ////; 
ttag +2 ////; 
ttag +3 ////; 
ttag +4 ////; 
ttag +5 ////; 
ttag +6 ////; 
ttag +7 ////; 
ttag +8 ////; 
ttag +9 ////; 
ttag +10 ////; 
ttag +11 ////; 
ttag +12 ////; 
ttag +13 ////; 
ttag +14 ////; 
ttag +15 ////; 
ttag +16 ////; 
ttag +17 ////; 
ttag +18 ////; 
ttag +19 ////; 
ttag +20 ////; 
ttag +21 ////; 
ttag +22 ////; 
ttag +23 ////; 
ttag +24 ////; 
ttag +25 ////; 
ttag +26 ////; 
ttag +27 ////; 
ttag +28 ////; 
ttag +29 ////; 
ttag +30 ////; 
ttag +31 ////; 
ttag +32 ////; 
ttag +33 ////; 
ttag +34 ////; 
ttag +35 ////; 
ttag +36 ////; 
ttag +37 ////; 
ttag +38 ////; 
ttag +39 ////; 
ttag +40 ////; 
ttag +41 ////; 
ttag +42 ////; 
ttag +43 ////; 
ttag +44 ////; 
ttag +45 ////; 
ttag +46 ////; 
ttag +47 ////; 
ttag +48 ////; 
ttag +49 37/14/6/11/?; 
ttag +50 100/100/100/100/100; 
ttag +51 87/84/72/84/78; 
ttag +52 86/78/53/72/53; 
ttag +53 99/99/98/99/98; 
ttag +54 51/20/26/33/24; 
ttag +55 99/99/99/100/98; 
ttag +56 90/86/88/91/93; 
ttag +57 86/81/77/84/80; 
ttag +58 33/[21]/?/?/?; 
ttag +59 88/83/76/87/74; 
ttag +60 98/98/99/99/97; 
ttag +61 100/100/99/99/99; 
ttag +62 24/0/?/0/?; 
ttag +63 99/99/97/99/95; 
ttag +64 68/54/55/54/58; 
ttag +65 27/4/?/5/?; 
ttag +66 75/70/63/77/66; 
ttag +67 99/99/96/100/97; 
ttag +68 86/84/74/82/79; 
ttag +69 100/100/100/100/100; 
ttag +70 100/100/97/99/100; 
ttag +71 100/100/99/100/99; 
ttag +72 92/89/83/92/84; 
ttag +73 86/84/74/83/76; 
ttag +74 86/79/70/82/69; 
ttag +75 99/99/95/98/95; 
ttag +76 96/95/86/93/84; 
ttag +77 99/99/98/97/96; 
ttag +78 99/99/98/100/97; 
ttag +79 99/98/95/99/97; 
ttag +80 52/41/22/38/28; 
ttag +81 96/94/86/96/88; 
ttag +82 98/98/98/98/98; 
ttag +83 92/90/83/90/87; 
ttag +84 91/88/84/87/80; 
ttag +85 53/42/39/52/40; 
ttag +86 100/100/97/99/96; 
ttag +87 100/100/100/100/100; 
ttag +88 80/74/63/67/59; 
ttag +89 100/100/99/100/99; 
ttag +90 100/100/98/100/98; 
ttag +91 74/67/61/73/56; 
ttag +92 100/100/98/100/99; 
ttag +93 94/90/84/94/92; 
ttag +94 88/88/88/88/89; 
