tread
'Tree with tags' 
(0 (1 ((2 3 )(8 9 ((4 5 )(6 7 ))(10 (11 12 ))))((13 14 )((15 16 )(17 (18 (19 ((20 21 )((22 23 )(24 25 ))))))))((26 (27 (28 (29 30 ))))(39 (31 (((32 33 )(34 35 ))(36 (37 38 ))))((40 41 )(42 (43 (46 (47 (44 45 )))))))))); 
ttag *!; 
ttag +49 ???; 
ttag +50 7; 
ttag +51 8; 
ttag +52 2; 
ttag +53 7; 
ttag +54 1; 
ttag +55 2; 
ttag +56 2; 
ttag +57 6; 
ttag +58 5; 
ttag +59 1; 
ttag +60 6; 
ttag +61 8; 
ttag +62 1; 
ttag +63 5; 
ttag +64 1; 
ttag +65 6; 
ttag +66 7; 
ttag +67 9; 
ttag +68 12; 
ttag +69 2; 
ttag +70 2; 
ttag +71 3; 
ttag +72 2; 
ttag +73 5; 
ttag +74 5; 
ttag +75 3; 
ttag +76 6; 
ttag +77 6; 
ttag +78 2; 
ttag +79 4; 
ttag +80 5; 
ttag +81 12; 
ttag +82 3; 
ttag +83 6; 
ttag +84 6; 
ttag +85 3; 
ttag +86 3; 
ttag +87 4; 
ttag +88 1; 
ttag +89 3; 
tread
'Tree with tags' 
(0 (1 ((((2 3 )(9 (8 (((4 5 )(6 7 ))(10 (11 12 ))))))((26 (27 (28 (29 30 ))))((31 (((32 33 )(34 35 ))(36 (37 38 ))))(39 ((40 41 )(42 (43 (46 (47 (44 45 ))))))))))((13 14 )((15 16 )(17 (18 (19 ((20 21 )((22 23 )(24 25 ))))))))))); 
ttag *!; 
ttag +0 ////; 
ttag +1 ////; 
ttag +2 ////; 
ttag +3 ////; 
ttag +4 ////; 
ttag +5 ////; 
ttag +6 ////; 
ttag +7 ////; 
ttag +8 ////; 
ttag +9 ////; 
ttag +10 ////; 
ttag +11 ////; 
ttag +12 ////; 
ttag +13 ////; 
ttag +14 ////; 
ttag +15 ////; 
ttag +16 ////; 
ttag +17 ////; 
ttag +18 ////; 
ttag +19 ////; 
ttag +20 ////; 
ttag +21 ////; 
ttag +22 ////; 
ttag +23 ////; 
ttag +24 ////; 
ttag +25 ////; 
ttag +26 ////; 
ttag +27 ////; 
ttag +28 ////; 
ttag +29 ////; 
ttag +30 ////; 
ttag +31 ////; 
ttag +32 ////; 
ttag +33 ////; 
ttag +34 ////; 
ttag +35 ////; 
ttag +36 ////; 
ttag +37 ////; 
ttag +38 ////; 
ttag +39 ////; 
ttag +40 ////; 
ttag +41 ////; 
ttag +42 ////; 
ttag +43 ////; 
ttag +44 ////; 
ttag +45 ////; 
ttag +46 ////; 
ttag +47 ////; 
ttag +48 ////; 
ttag +49 100/100/100/100/100; 
ttag +50 99/99/97/99/98; 
ttag +51 100/100/96/98/94; 
ttag +52 18/[11]/?/?/?; 
ttag +53 58/42/32/29/28; 
ttag +54 81/73/70/78/77; 
ttag +55 100/100/99/99/98; 
ttag +56 34/19/13/14/24; 
ttag +57 16/[11]/?/?/?; 
ttag +58 69/58/44/58/52; 
ttag +59 73/68/60/72/56; 
ttag +60 75/69/65/77/58; 
ttag +61 98/96/92/98/92; 
ttag +62 98/98/92/98/93; 
ttag +63 66/58/57/67/49; 
ttag +64 98/98/92/97/92; 
ttag +65 100/100/99/98/99; 
ttag +66 52/39/28/42/31; 
ttag +67 89/85/86/91/76; 
ttag +68 66/53/38/52/43; 
ttag +69 99/99/99/100/99; 
ttag +70 96/95/92/97/89; 
ttag +71 99/98/99/100/98; 
ttag +72 100/100/100/100/100; 
ttag +73 75/70/64/78/64; 
ttag +74 72/60/54/64/62; 
ttag +75 84/79/75/85/72; 
ttag +76 85/82/71/69/68; 
ttag +77 96/94/94/94/92; 
ttag +78 99/98/97/97/97; 
ttag +79 84/80/77/86/76; 
ttag +80 98/97/96/97/97; 
ttag +81 98/98/98/97/96; 
ttag +82 81/73/67/78/69; 
ttag +83 88/84/81/88/80; 
ttag +84 97/96/94/95/92; 
ttag +85 100/100/99/100/98; 
ttag +86 88/84/80/84/81; 
ttag +87 24/[16]/?/?/?; 
ttag +88 99/99/94/97/95; 
ttag +89 99/99/98/99/98; 
ttag +90 81/75/67/74/61; 
ttag +91 71/62/50/63/41; 
ttag +92 89/86/81/88/85; 
ttag +93 50/24/13/30/10; 
ttag +94 84/81/71/81/74; 
