tread
'Tree with tags' 
(0 (1 ((2 3 )((4 5 )(6 7 ))(8 9 (10 (11 12 ))))(13 14 )((15 16 )(17 (18 (19 ((20 21 )((22 23 )(24 25 )))))))(26 27 (28 (29 30 )))(39 (31 ((32 33 )(34 35 )(36 (37 38 ))))(40 (41 (43 (42 ((44 45 )(46 47 ))))))))); 
ttag *!; 
ttag +49 ???; 
ttag +50 9; 
ttag +51 5; 
ttag +52 11; 
ttag +53 5; 
ttag +54 3; 
ttag +55 2; 
ttag +56 2; 
ttag +57 5; 
ttag +58 6; 
ttag +59 11; 
ttag +60 2; 
ttag +61 1; 
ttag +62 10; 
ttag +63 6; 
ttag +64 16; 
ttag +65 1; 
ttag +66 13; 
ttag +67 5; 
ttag +68 3; 
ttag +69 5; 
ttag +70 5; 
ttag +71 11; 
ttag +72 3; 
ttag +73 3; 
ttag +74 5; 
ttag +75 3; 
ttag +76 5; 
ttag +77 5; 
ttag +78 5; 
ttag +79 3; 
ttag +80 1; 
ttag +81 2; 
ttag +82 9; 
ttag +83 11; 
ttag +84 8; 
ttag +85 7; 
tread
'Tree with tags' 
(0 (((1 ((15 16 )(17 (18 (19 ((20 21 )((22 23 )(24 25 ))))))))(((2 3 )((8 9 )(10 (11 12 ))))((4 5 )(6 7 ))))((13 14 )(((26 27 )(28 (29 30 )))(39 ((31 (((32 33 )(36 (37 38 )))(34 35 )))(40 (41 (43 (42 ((44 45 )(46 47 )))))))))))); 
ttag *!; 
ttag +0 ////; 
ttag +1 ////; 
ttag +2 ////; 
ttag +3 ////; 
ttag +4 ////; 
ttag +5 ////; 
ttag +6 ////; 
ttag +7 ////; 
ttag +8 ////; 
ttag +9 ////; 
ttag +10 ////; 
ttag +11 ////; 
ttag +12 ////; 
ttag +13 ////; 
ttag +14 ////; 
ttag +15 ////; 
ttag +16 ////; 
ttag +17 ////; 
ttag +18 ////; 
ttag +19 ////; 
ttag +20 ////; 
ttag +21 ////; 
ttag +22 ////; 
ttag +23 ////; 
ttag +24 ////; 
ttag +25 ////; 
ttag +26 ////; 
ttag +27 ////; 
ttag +28 ////; 
ttag +29 ////; 
ttag +30 ////; 
ttag +31 ////; 
ttag +32 ////; 
ttag +33 ////; 
ttag +34 ////; 
ttag +35 ////; 
ttag +36 ////; 
ttag +37 ////; 
ttag +38 ////; 
ttag +39 ////; 
ttag +40 ////; 
ttag +41 ////; 
ttag +42 ////; 
ttag +43 ////; 
ttag +44 ////; 
ttag +45 ////; 
ttag +46 ////; 
ttag +47 ////; 
ttag +48 ////; 
ttag +49 2/[37]/?/?/?; 
ttag +50 6/[33]/?/?/?; 
ttag +51 100/100/100/100/100; 
ttag +52 100/100/100/100/100; 
ttag +53 30/[21]/?/?/?; 
ttag +54 94/93/92/97/94; 
ttag +55 100/100/100/100/100; 
ttag +56 96/95/89/96/86; 
ttag +57 88/84/71/87/76; 
ttag +58 42/32/32/33/37; 
ttag +59 78/72/66/68/61; 
ttag +60 80/76/68/75/61; 
ttag +61 98/97/96/98/94; 
ttag +62 98/97/95/98/98; 
ttag +63 5/[34]/?/?/?; 
ttag +64 100/100/100/100/100; 
ttag +65 62/53/42/48/43; 
ttag +66 67/53/45/52/38; 
ttag +67 100/100/100/100/100; 
ttag +68 98/98/91/96/93; 
ttag +69 100/100/100/100/100; 
ttag +70 64/62/52/55/52; 
ttag +71 100/100/100/100/100; 
ttag +72 96/96/85/95/93; 
ttag +73 81/72/62/80/61; 
ttag +74 8/[22]/?/?/?; 
ttag +75 98/97/94/97/89; 
ttag +76 19/[20]/?/?/?; 
ttag +77 99/99/97/99/99; 
ttag +78 100/100/100/100/100; 
ttag +79 91/90/83/90/85; 
ttag +80 24/[4]/?/4/?; 
ttag +81 91/89/84/89/84; 
ttag +82 100/100/99/99/100; 
ttag +83 32/[16]/?/?/?; 
ttag +84 77/69/70/82/70; 
ttag +85 99/99/99/99/99; 
ttag +86 96/94/94/97/92; 
ttag +87 96/96/94/98/94; 
ttag +88 78/76/64/74/58; 
ttag +89 60/35/34/38/26; 
ttag +90 79/68/56/66/52; 
ttag +91 99/98/96/100/98; 
ttag +92 99/99/98/100/99; 
ttag +93 97/96/88/97/92; 
ttag +94 99/99/99/99/98; 
