tread
'Tree with tags' 
(0 (1 ((2 3 )((7 (6 (4 5 )))((8 9 )(10 (11 12 )))))(13 14 )((15 16 )(17 (18 (19 ((20 21 )(25 (24 (22 23 ))))))))((26 27 (28 (29 30 )))((39 (31 (34 35 (32 33 )(36 (37 38 )))))((40 41 )(43 (42 ((44 45 )(46 47 ))))))))); 
ttag *!; 
ttag +49 ???; 
ttag +50 6; 
ttag +51 7; 
ttag +52 10; 
ttag +53 1; 
ttag +54 2; 
ttag +55 4; 
ttag +56 2; 
ttag +57 4; 
ttag +58 4; 
ttag +59 5; 
ttag +60 12; 
ttag +61 8; 
ttag +62 3; 
ttag +63 1; 
ttag +64 4; 
ttag +65 3; 
ttag +66 4; 
ttag +67 6; 
ttag +68 14; 
ttag +69 1; 
ttag +70 5; 
ttag +71 4; 
ttag +72 6; 
ttag +73 6; 
ttag +74 7; 
ttag +75 5; 
ttag +76 1; 
ttag +77 3; 
ttag +78 2; 
ttag +79 8; 
ttag +80 5; 
ttag +81 12; 
ttag +82 1; 
ttag +83 6; 
ttag +84 1; 
ttag +85 8; 
ttag +86 7; 
ttag +87 7; 
ttag +88 5; 
tread
'Tree with tags' 
(0 ((1 (((2 3 )((7 (6 (4 5 )))((8 9 )(10 (11 12 )))))(13 14 )))(((15 16 )(17 (18 (19 ((20 21 )(25 (24 (22 23 ))))))))((27 (26 (28 (29 30 ))))((39 (31 (34 (35 ((32 33 )(36 (37 38 )))))))((40 41 )(43 (42 ((44 45 )(46 47 )))))))))); 
ttag *!; 
ttag +0 ////; 
ttag +1 ////; 
ttag +2 ////; 
ttag +3 ////; 
ttag +4 ////; 
ttag +5 ////; 
ttag +6 ////; 
ttag +7 ////; 
ttag +8 ////; 
ttag +9 ////; 
ttag +10 ////; 
ttag +11 ////; 
ttag +12 ////; 
ttag +13 ////; 
ttag +14 ////; 
ttag +15 ////; 
ttag +16 ////; 
ttag +17 ////; 
ttag +18 ////; 
ttag +19 ////; 
ttag +20 ////; 
ttag +21 ////; 
ttag +22 ////; 
ttag +23 ////; 
ttag +24 ////; 
ttag +25 ////; 
ttag +26 ////; 
ttag +27 ////; 
ttag +28 ////; 
ttag +29 ////; 
ttag +30 ////; 
ttag +31 ////; 
ttag +32 ////; 
ttag +33 ////; 
ttag +34 ////; 
ttag +35 ////; 
ttag +36 ////; 
ttag +37 ////; 
ttag +38 ////; 
ttag +39 ////; 
ttag +40 ////; 
ttag +41 ////; 
ttag +42 ////; 
ttag +43 ////; 
ttag +44 ////; 
ttag +45 ////; 
ttag +46 ////; 
ttag +47 ////; 
ttag +48 ////; 
ttag +49 8/[18]/?/?/?; 
ttag +50 100/100/100/100/100; 
ttag +51 98/97/97/99/98; 
ttag +52 99/99/94/98/92; 
ttag +53 10/[16]/?/?/?; 
ttag +54 100/100/97/100/94; 
ttag +55 44/24/15/29/18; 
ttag +56 74/64/50/62/55; 
ttag +57 87/83/73/87/76; 
ttag +58 76/70/52/73/57; 
ttag +59 91/89/82/88/81; 
ttag +60 88/82/73/89/70; 
ttag +61 94/94/84/93/88; 
ttag +62 100/100/99/100/100; 
ttag +63 100/100/99/100/99; 
ttag +64 86/84/74/82/66; 
ttag +65 5/[20]/?/?/?; 
ttag +66 65/59/39/53/44; 
ttag +67 89/87/78/88/80; 
ttag +68 83/79/65/81/72; 
ttag +69 95/94/90/96/95; 
ttag +70 95/92/87/96/87; 
ttag +71 100/100/100/100/100; 
ttag +72 40/23/24/36/22; 
ttag +73 96/94/94/95/90; 
ttag +74 41/13/12/7/9; 
ttag +75 92/89/83/95/84; 
ttag +76 96/96/93/98/94; 
ttag +77 98/98/97/99/98; 
ttag +78 99/99/99/100/98; 
ttag +79 95/94/87/94/88; 
ttag +80 72/66/61/59/61; 
ttag +81 91/90/84/87/89; 
ttag +82 90/89/83/79/79; 
ttag +83 11/[27]/?/?/?; 
ttag +84 15/[23]/?/?/?; 
ttag +85 99/98/97/98/96; 
ttag +86 98/97/96/98/95; 
ttag +87 100/100/100/100/100; 
ttag +88 58/30/16/14/21; 
ttag +89 97/96/88/96/92; 
ttag +90 58/39/33/33/25; 
ttag +91 100/100/98/100/100; 
ttag +92 99/99/99/100/99; 
ttag +93 98/98/94/96/91; 
ttag +94 95/93/86/94/90; 
