tread
'Tree with tags' 
(0 (1 (8 9 (2 3 )(7 (6 (4 5 )))(10 (11 12 )))((13 14 )((17 (15 16 )(19 (18 ((20 21 )((22 23 )(24 25 ))))))((26 27 (28 (29 30 )))((39 (31 ((32 33 )(34 35 )(36 (37 38 )))))((40 41 )(42 43 ((44 45 )(46 47 )))))))))); 
ttag *!; 
ttag +49 ???; 
ttag +50 3; 
ttag +51 7; 
ttag +52 10; 
ttag +53 1; 
ttag +54 6; 
ttag +55 2; 
ttag +56 11; 
ttag +57 11; 
ttag +58 2; 
ttag +59 11; 
ttag +60 2; 
ttag +61 2; 
ttag +62 2; 
ttag +63 8; 
ttag +64 9; 
ttag +65 8; 
ttag +66 10; 
ttag +67 4; 
ttag +68 6; 
ttag +69 3; 
ttag +70 7; 
ttag +71 3; 
ttag +72 13; 
ttag +73 2; 
ttag +74 1; 
ttag +75 3; 
ttag +76 12; 
ttag +77 7; 
ttag +78 4; 
ttag +79 3; 
ttag +80 10; 
ttag +81 1; 
ttag +82 8; 
ttag +83 3; 
ttag +84 6; 
ttag +85 4; 
ttag +86 3; 
tread
'Tree with tags' 
(0 ((1 ((13 14 )(((17 (15 16 ))(19 (18 ((20 21 )((22 23 )(24 25 ))))))(((26 27 )(28 (29 30 )))((39 (31 ((32 33 )((34 35 )(36 (37 38 ))))))((40 41 )(42 (43 ((44 45 )(46 47 ))))))))))(9 (8 ((2 3 )((7 (6 (4 5 )))(10 (11 12 )))))))); 
ttag *!; 
ttag +0 ////; 
ttag +1 ////; 
ttag +2 ////; 
ttag +3 ////; 
ttag +4 ////; 
ttag +5 ////; 
ttag +6 ////; 
ttag +7 ////; 
ttag +8 ////; 
ttag +9 ////; 
ttag +10 ////; 
ttag +11 ////; 
ttag +12 ////; 
ttag +13 ////; 
ttag +14 ////; 
ttag +15 ////; 
ttag +16 ////; 
ttag +17 ////; 
ttag +18 ////; 
ttag +19 ////; 
ttag +20 ////; 
ttag +21 ////; 
ttag +22 ////; 
ttag +23 ////; 
ttag +24 ////; 
ttag +25 ////; 
ttag +26 ////; 
ttag +27 ////; 
ttag +28 ////; 
ttag +29 ////; 
ttag +30 ////; 
ttag +31 ////; 
ttag +32 ////; 
ttag +33 ////; 
ttag +34 ////; 
ttag +35 ////; 
ttag +36 ////; 
ttag +37 ////; 
ttag +38 ////; 
ttag +39 ////; 
ttag +40 ////; 
ttag +41 ////; 
ttag +42 ////; 
ttag +43 ////; 
ttag +44 ////; 
ttag +45 ////; 
ttag +46 ////; 
ttag +47 ////; 
ttag +48 ////; 
ttag +49 44/22/25/25/20; 
ttag +50 100/100/100/100/100; 
ttag +51 98/97/92/93/92; 
ttag +52 5/[36]/?/?/?; 
ttag +53 16/[25]/?/?/?; 
ttag +54 99/99/97/99/96; 
ttag +55 100/100/99/100/99; 
ttag +56 68/57/50/54/52; 
ttag +57 97/96/94/97/93; 
ttag +58 31/7/14/7/18; 
ttag +59 90/89/78/79/76; 
ttag +60 100/100/100/100/100; 
ttag +61 100/100/100/100/99; 
ttag +62 74/70/55/66/53; 
ttag +63 100/100/98/99/100; 
ttag +64 52/24/9/11/14; 
ttag +65 85/84/73/77/69; 
ttag +66 56/49/42/55/38; 
ttag +67 72/64/47/71/43; 
ttag +68 99/98/97/96/94; 
ttag +69 100/100/100/100/100; 
ttag +70 99/99/96/100/96; 
ttag +71 100/100/99/100/98; 
ttag +72 91/87/88/92/88; 
ttag +73 99/99/99/100/100; 
ttag +74 28/[2]/?/?/?; 
ttag +75 84/76/69/80/65; 
ttag +76 100/100/97/98/98; 
ttag +77 88/80/67/82/72; 
ttag +78 100/100/100/100/100; 
ttag +79 70/58/53/62/46; 
ttag +80 31/19/20/21/14; 
ttag +81 98/97/90/96/92; 
ttag +82 100/100/100/100/100; 
ttag +83 99/99/98/100/98; 
ttag +84 96/94/92/94/89; 
ttag +85 36/7/?/?/?; 
ttag +86 81/76/76/87/70; 
ttag +87 100/100/100/100/99; 
ttag +88 52/36/38/36/26; 
ttag +89 98/98/96/98/94; 
ttag +90 87/83/76/85/75; 
ttag +91 26/3/9/7/?; 
ttag +92 97/96/95/98/96; 
ttag +93 84/82/74/89/78; 
ttag +94 87/80/76/82/78; 
