tread
'Tree with tags' 
(0 ((1 (((17 (15 16 ))(18 (19 ((20 21 )((22 23 )(24 25 ))))))((26 (27 (28 (29 30 ))))((39 (31 ((32 33 )((34 35 )(36 (37 38 ))))))((40 41 )(42 (43 (46 (47 (44 45 ))))))))))(((2 3 )(((4 5 )(6 7 ))(8 (9 (10 (11 12 ))))))(13 14 )))); 
ttag *!; 
ttag +49 1; 
ttag +50 ???; 
ttag +51 5; 
ttag +52 15; 
ttag +53 1; 
ttag +54 9; 
ttag +55 7; 
ttag +56 5; 
ttag +57 4; 
ttag +58 2; 
ttag +59 1; 
ttag +60 3; 
ttag +61 4; 
ttag +62 6; 
ttag +63 7; 
ttag +64 1; 
ttag +65 4; 
ttag +66 1; 
ttag +67 5; 
ttag +68 4; 
ttag +69 7; 
ttag +70 8; 
ttag +71 9; 
ttag +72 4; 
ttag +73 5; 
ttag +74 4; 
ttag +75 7; 
ttag +76 6; 
ttag +77 7; 
ttag +78 6; 
ttag +79 9; 
ttag +80 1; 
ttag +81 7; 
ttag +82 9; 
ttag +83 4; 
ttag +84 5; 
ttag +85 2; 
ttag +86 6; 
ttag +87 6; 
ttag +88 2; 
ttag +89 5; 
ttag +90 5; 
ttag +91 2; 
ttag +92 12; 
ttag +93 1; 
ttag +94 7; 
tread
'Tree with tags' 
(0 ((1 (((17 (15 16 ))(18 (19 ((20 21 )((22 23 )(24 25 ))))))((26 (27 (28 (29 30 ))))((39 (31 ((32 33 )((34 35 )(36 (37 38 ))))))((40 41 )(42 (43 (46 (47 (44 45 ))))))))))(((2 3 )(((4 5 )(6 7 ))(8 (9 (10 (11 12 ))))))(13 14 )))); 
ttag *!; 
ttag +0 ////; 
ttag +1 ////; 
ttag +2 ////; 
ttag +3 ////; 
ttag +4 ////; 
ttag +5 ////; 
ttag +6 ////; 
ttag +7 ////; 
ttag +8 ////; 
ttag +9 ////; 
ttag +10 ////; 
ttag +11 ////; 
ttag +12 ////; 
ttag +13 ////; 
ttag +14 ////; 
ttag +15 ////; 
ttag +16 ////; 
ttag +17 ////; 
ttag +18 ////; 
ttag +19 ////; 
ttag +20 ////; 
ttag +21 ////; 
ttag +22 ////; 
ttag +23 ////; 
ttag +24 ////; 
ttag +25 ////; 
ttag +26 ////; 
ttag +27 ////; 
ttag +28 ////; 
ttag +29 ////; 
ttag +30 ////; 
ttag +31 ////; 
ttag +32 ////; 
ttag +33 ////; 
ttag +34 ////; 
ttag +35 ////; 
ttag +36 ////; 
ttag +37 ////; 
ttag +38 ////; 
ttag +39 ////; 
ttag +40 ////; 
ttag +41 ////; 
ttag +42 ////; 
ttag +43 ////; 
ttag +44 ////; 
ttag +45 ////; 
ttag +46 ////; 
ttag +47 ////; 
ttag +48 ////; 
ttag +49 32/12/?/12/1; 
ttag +50 100/100/100/100/100; 
ttag +51 96/95/90/96/88; 
ttag +52 100/100/100/100/100; 
ttag +53 50/30/17/32/24; 
ttag +54 100/100/100/100/100; 
ttag +55 100/100/97/98/98; 
ttag +56 96/96/90/93/92; 
ttag +57 92/91/85/90/87; 
ttag +58 77/72/72/74/76; 
ttag +59 42/28/26/40/26; 
ttag +60 87/85/76/84/79; 
ttag +61 92/90/89/88/85; 
ttag +62 97/96/94/95/95; 
ttag +63 99/99/97/99/94; 
ttag +64 68/52/48/44/39; 
ttag +65 93/91/85/93/84; 
ttag +66 43/22/11/21/14; 
ttag +67 90/88/88/94/78; 
ttag +68 96/96/94/96/92; 
ttag +69 100/100/100/100/100; 
ttag +70 100/100/98/100/100; 
ttag +71 100/100/100/100/100; 
ttag +72 95/94/85/94/86; 
ttag +73 96/95/88/92/87; 
ttag +74 99/99/95/99/96; 
ttag +75 91/86/76/86/76; 
ttag +76 98/97/93/98/93; 
ttag +77 98/98/94/98/92; 
ttag +78 96/93/89/98/90; 
ttag +79 98/98/94/98/97; 
ttag +80 54/39/31/43/14; 
ttag +81 95/92/87/98/87; 
ttag +82 99/98/98/99/95; 
ttag +83 86/85/77/90/71; 
ttag +84 99/99/94/98/93; 
ttag +85 83/81/72/84/69; 
ttag +86 99/99/99/99/99; 
ttag +87 99/98/97/99/95; 
ttag +88 52/21/32/33/28; 
ttag +89 90/86/76/88/78; 
ttag +90 94/93/83/94/86; 
ttag +91 67/52/43/61/48; 
ttag +92 100/100/99/100/100; 
ttag +93 32/0/?/4/?; 
ttag +94 98/97/91/98/97; 
