tread
'Tree with tags' 
(0 (1 (((((2 3 )(10 (11 12 )))(8 9 ))(4 (5 (6 7 ))))(((13 14 )(17 (15 16 )(18 19 ((20 21 )((22 23 )(24 25 ))))))((26 (27 (28 (29 30 ))))((31 (((32 33 )(34 35 ))(36 (37 38 ))))(39 ((40 41 )(42 (43 ((44 45 )(46 47 )))))))))))); 
ttag *!; 
ttag +49 ???; 
ttag +50 6; 
ttag +51 2; 
ttag +52 2; 
ttag +53 12; 
ttag +54 1; 
ttag +55 10; 
ttag +56 2; 
ttag +57 5; 
ttag +58 4; 
ttag +59 6; 
ttag +60 7; 
ttag +61 9; 
ttag +62 2; 
ttag +63 2; 
ttag +64 8; 
ttag +65 5; 
ttag +66 3; 
ttag +67 3; 
ttag +68 3; 
ttag +69 4; 
ttag +70 12; 
ttag +71 4; 
ttag +72 7; 
ttag +73 5; 
ttag +74 6; 
ttag +75 4; 
ttag +76 9; 
ttag +77 3; 
ttag +78 2; 
ttag +79 2; 
ttag +80 1; 
ttag +81 2; 
ttag +82 3; 
ttag +83 7; 
ttag +84 3; 
ttag +85 2; 
ttag +86 2; 
ttag +87 8; 
ttag +88 10; 
ttag +89 1; 
ttag +90 8; 
ttag +91 6; 
ttag +92 6; 
tread
'Tree with tags' 
(0 (1 (((((2 3 )(10 (11 12 )))(8 9 ))(4 (5 (6 7 ))))(((13 14 )((15 16 )(17 (19 (18 ((20 21 )((22 23 )(24 25 ))))))))((26 (27 (28 (29 30 ))))((31 (((32 33 )(34 35 ))(36 (37 38 ))))(39 ((40 41 )(42 (43 ((44 45 )(46 47 )))))))))))); 
ttag *!; 
ttag +0 ////; 
ttag +1 ////; 
ttag +2 ////; 
ttag +3 ////; 
ttag +4 ////; 
ttag +5 ////; 
ttag +6 ////; 
ttag +7 ////; 
ttag +8 ////; 
ttag +9 ////; 
ttag +10 ////; 
ttag +11 ////; 
ttag +12 ////; 
ttag +13 ////; 
ttag +14 ////; 
ttag +15 ////; 
ttag +16 ////; 
ttag +17 ////; 
ttag +18 ////; 
ttag +19 ////; 
ttag +20 ////; 
ttag +21 ////; 
ttag +22 ////; 
ttag +23 ////; 
ttag +24 ////; 
ttag +25 ////; 
ttag +26 ////; 
ttag +27 ////; 
ttag +28 ////; 
ttag +29 ////; 
ttag +30 ////; 
ttag +31 ////; 
ttag +32 ////; 
ttag +33 ////; 
ttag +34 ////; 
ttag +35 ////; 
ttag +36 ////; 
ttag +37 ////; 
ttag +38 ////; 
ttag +39 ////; 
ttag +40 ////; 
ttag +41 ////; 
ttag +42 ////; 
ttag +43 ////; 
ttag +44 ////; 
ttag +45 ////; 
ttag +46 ////; 
ttag +47 ////; 
ttag +48 ////; 
ttag +49 100/100/100/100/100; 
ttag +50 96/96/94/98/94; 
ttag +51 54/39/31/34/22; 
ttag +52 50/33/30/28/25; 
ttag +53 99/99/100/100/99; 
ttag +54 44/30/29/32/38; 
ttag +55 100/100/100/100/98; 
ttag +56 60/33/29/36/14; 
ttag +57 96/96/94/97/92; 
ttag +58 90/86/84/88/82; 
ttag +59 92/90/84/94/87; 
ttag +60 98/97/97/99/97; 
ttag +61 100/100/100/100/99; 
ttag +62 64/53/43/51/39; 
ttag +63 65/58/52/63/42; 
ttag +64 99/99/98/100/96; 
ttag +65 94/94/86/94/86; 
ttag +66 25/[19]/?/?/?; 
ttag +67 19/[10]/?/?/?; 
ttag +68 77/72/58/70/62; 
ttag +69 100/100/98/96/98; 
ttag +70 81/72/58/73/59; 
ttag +71 92/90/83/95/88; 
ttag +72 100/100/99/100/98; 
ttag +73 88/85/74/87/73; 
ttag +74 99/99/99/100/99; 
ttag +75 94/93/88/91/82; 
ttag +76 98/98/98/100/98; 
ttag +77 94/93/72/90/81; 
ttag +78 100/100/100/100/98; 
ttag +79 89/87/85/86/82; 
ttag +80 71/61/42/74/53; 
ttag +81 73/65/68/68/69; 
ttag +82 30/15/9/24/10; 
ttag +83 65/56/47/58/50; 
ttag +84 86/84/80/89/81; 
ttag +85 99/98/94/100/94; 
ttag +86 80/70/66/74/62; 
ttag +87 77/73/74/76/73; 
ttag +88 62/37/46/32/37; 
ttag +89 99/99/94/98/94; 
ttag +90 100/100/99/99/99; 
ttag +91 52/29/20/26/28; 
ttag +92 98/98/93/99/95; 
ttag +93 97/96/91/97/94; 
ttag +94 99/98/95/96/99; 
