tread
'Tree with tags' 
(0 ((1 (((15 16 )(17 (18 (19 ((20 21 )((22 23 )(24 25 )))))))((26 (27 (28 (29 30 ))))((39 (31 ((32 33 )((34 35 )(36 (37 38 ))))))(41 (40 (42 (43 ((44 45 )(46 47 ))))))))))(((2 3 )(((4 5 )(6 7 ))(8 (9 (10 (11 12 ))))))(13 14 )))); 
ttag *!; 
ttag +49 1; 
ttag +50 ???; 
ttag +51 6; 
ttag +52 9; 
ttag +53 2; 
ttag +54 14; 
ttag +55 3; 
ttag +56 1; 
ttag +57 2; 
ttag +58 2; 
ttag +59 1; 
ttag +60 7; 
ttag +61 2; 
ttag +62 8; 
ttag +63 10; 
ttag +64 6; 
ttag +65 1; 
ttag +66 3; 
ttag +67 5; 
ttag +68 4; 
ttag +69 11; 
ttag +70 8; 
ttag +71 3; 
ttag +72 5; 
ttag +73 5; 
ttag +74 7; 
ttag +75 4; 
ttag +76 4; 
ttag +77 5; 
ttag +78 14; 
ttag +79 5; 
ttag +80 1; 
ttag +81 7; 
ttag +82 5; 
ttag +83 4; 
ttag +84 4; 
ttag +85 2; 
ttag +86 14; 
ttag +87 6; 
ttag +88 2; 
ttag +89 4; 
ttag +90 9; 
ttag +91 1; 
ttag +92 8; 
ttag +93 3; 
ttag +94 1; 
tread
'Tree with tags' 
(0 ((1 (((15 16 )(17 (18 (19 ((20 21 )((22 23 )(24 25 )))))))((26 (27 (28 (29 30 ))))((39 (31 ((32 33 )((34 35 )(36 (37 38 ))))))(41 (40 (42 (43 ((44 45 )(46 47 ))))))))))(((2 3 )(((4 5 )(6 7 ))(8 (9 (10 (11 12 ))))))(13 14 )))); 
ttag *!; 
ttag +0 ////; 
ttag +1 ////; 
ttag +2 ////; 
ttag +3 ////; 
ttag +4 ////; 
ttag +5 ////; 
ttag +6 ////; 
ttag +7 ////; 
ttag +8 ////; 
ttag +9 ////; 
ttag +10 ////; 
ttag +11 ////; 
ttag +12 ////; 
ttag +13 ////; 
ttag +14 ////; 
ttag +15 ////; 
ttag +16 ////; 
ttag +17 ////; 
ttag +18 ////; 
ttag +19 ////; 
ttag +20 ////; 
ttag +21 ////; 
ttag +22 ////; 
ttag +23 ////; 
ttag +24 ////; 
ttag +25 ////; 
ttag +26 ////; 
ttag +27 ////; 
ttag +28 ////; 
ttag +29 ////; 
ttag +30 ////; 
ttag +31 ////; 
ttag +32 ////; 
ttag +33 ////; 
ttag +34 ////; 
ttag +35 ////; 
ttag +36 ////; 
ttag +37 ////; 
ttag +38 ////; 
ttag +39 ////; 
ttag +40 ////; 
ttag +41 ////; 
ttag +42 ////; 
ttag +43 ////; 
ttag +44 ////; 
ttag +45 ////; 
ttag +46 ////; 
ttag +47 ////; 
ttag +48 ////; 
ttag +49 24/6/?/11/?; 
ttag +50 100/100/100/100/100; 
ttag +51 92/89/83/93/84; 
ttag +52 100/100/99/100/98; 
ttag +53 56/38/20/38/18; 
ttag +54 100/100/100/100/99; 
ttag +55 65/58/49/66/44; 
ttag +56 53/34/22/38/12; 
ttag +57 78/73/60/75/58; 
ttag +58 56/40/30/44/22; 
ttag +59 39/23/15/23/14; 
ttag +60 98/98/93/98/93; 
ttag +61 61/44/41/43/37; 
ttag +62 99/98/100/100/100; 
ttag +63 99/99/100/100/99; 
ttag +64 95/94/89/95/85; 
ttag +65 38/26/22/36/24; 
ttag +66 86/84/75/82/74; 
ttag +67 94/92/86/94/84; 
ttag +68 93/90/83/92/84; 
ttag +69 100/100/100/100/100; 
ttag +70 100/100/96/99/96; 
ttag +71 93/92/93/95/90; 
ttag +72 94/91/86/95/84; 
ttag +73 93/90/94/94/90; 
ttag +74 95/92/90/96/90; 
ttag +75 89/86/84/87/78; 
ttag +76 92/90/88/94/86; 
ttag +77 96/94/86/94/89; 
ttag +78 100/100/100/100/100; 
ttag +79 90/88/78/94/78; 
ttag +80 47/32/25/40/30; 
ttag +81 99/98/96/99/94; 
ttag +82 98/97/94/98/98; 
ttag +83 90/88/77/92/78; 
ttag +84 94/91/82/92/88; 
ttag +85 74/68/59/77/51; 
ttag +86 100/100/100/100/100; 
ttag +87 99/99/97/99/97; 
ttag +88 73/68/63/78/64; 
ttag +89 76/70/61/81/72; 
ttag +90 99/99/99/100/99; 
ttag +91 44/33/36/40/30; 
ttag +92 99/99/99/100/98; 
ttag +93 84/80/62/81/62; 
ttag +94 66/49/48/43/56; 
