tread
'Tree with tags' 
(0 (1 ((2 3 )(((4 5 )(6 7 ))(8 (9 (10 (11 12 ))))))(13 14 )(17 ((15 16 )(18 (19 ((20 21 )((22 23 )(24 25 )))))))((26 27 (28 (29 30 )))(39 (31 (32 33 )(34 35 )(36 (37 38 )))((40 41 )(42 43 (46 47 (44 45 )))))))); 
ttag *!; 
ttag +49 ???; 
ttag +50 6; 
ttag +51 4; 
ttag +52 17; 
ttag +53 4; 
ttag +54 5; 
ttag +55 4; 
ttag +56 2; 
ttag +57 2; 
ttag +58 3; 
ttag +59 7; 
ttag +60 5; 
ttag +61 5; 
ttag +62 1; 
ttag +63 7; 
ttag +64 7; 
ttag +65 3; 
ttag +66 6; 
ttag +67 7; 
ttag +68 9; 
ttag +69 7; 
ttag +70 6; 
ttag +71 7; 
ttag +72 1; 
ttag +73 3; 
ttag +74 10; 
ttag +75 6; 
ttag +76 3; 
ttag +77 4; 
ttag +78 7; 
ttag +79 10; 
ttag +80 3; 
ttag +81 5; 
ttag +82 4; 
ttag +83 5; 
ttag +84 8; 
ttag +85 3; 
tread
'Tree with tags' 
(0 ((1 ((13 14 )((26 (27 (28 (29 30 ))))(39 (((31 (34 35 ))((32 33 )(36 (37 38 ))))((40 41 )(42 (43 ((44 45 )(46 47 ))))))))))(((2 3 )(((4 5 )(6 7 ))(8 (9 (10 (11 12 ))))))(17 ((15 16 )(18 (19 ((20 21 )((22 23 )(24 25 )))))))))); 
ttag *!; 
ttag +0 ////; 
ttag +1 ////; 
ttag +2 ////; 
ttag +3 ////; 
ttag +4 ////; 
ttag +5 ////; 
ttag +6 ////; 
ttag +7 ////; 
ttag +8 ////; 
ttag +9 ////; 
ttag +10 ////; 
ttag +11 ////; 
ttag +12 ////; 
ttag +13 ////; 
ttag +14 ////; 
ttag +15 ////; 
ttag +16 ////; 
ttag +17 ////; 
ttag +18 ////; 
ttag +19 ////; 
ttag +20 ////; 
ttag +21 ////; 
ttag +22 ////; 
ttag +23 ////; 
ttag +24 ////; 
ttag +25 ////; 
ttag +26 ////; 
ttag +27 ////; 
ttag +28 ////; 
ttag +29 ////; 
ttag +30 ////; 
ttag +31 ////; 
ttag +32 ////; 
ttag +33 ////; 
ttag +34 ////; 
ttag +35 ////; 
ttag +36 ////; 
ttag +37 ////; 
ttag +38 ////; 
ttag +39 ////; 
ttag +40 ////; 
ttag +41 ////; 
ttag +42 ////; 
ttag +43 ////; 
ttag +44 ////; 
ttag +45 ////; 
ttag +46 ////; 
ttag +47 ////; 
ttag +48 ////; 
ttag +49 6/[40]/?/?/?; 
ttag +50 100/100/100/100/100; 
ttag +51 96/95/94/95/94; 
ttag +52 91/89/87/92/87; 
ttag +53 8/[37]/?/?/?; 
ttag +54 100/100/100/100/100; 
ttag +55 95/94/92/96/92; 
ttag +56 91/88/79/93/84; 
ttag +57 95/93/88/96/90; 
ttag +58 49/22/35/30/20; 
ttag +59 49/33/33/33/25; 
ttag +60 61/46/51/55/46; 
ttag +61 96/95/96/98/98; 
ttag +62 97/96/94/98/93; 
ttag +63 49/37/31/32/31; 
ttag +64 98/98/95/96/98; 
ttag +65 45/26/21/31/12; 
ttag +66 100/100/98/99/98; 
ttag +67 100/100/98/99/98; 
ttag +68 82/75/64/74/71; 
ttag +69 100/100/100/99/100; 
ttag +70 97/96/93/96/92; 
ttag +71 100/100/100/100/100; 
ttag +72 100/100/96/99/99; 
ttag +73 97/97/89/96/93; 
ttag +74 100/100/99/100/98; 
ttag +75 81/75/70/69/66; 
ttag +76 40/10/19/16/18; 
ttag +77 89/86/74/81/74; 
ttag +78 100/100/100/100/100; 
ttag +79 9/[36]/?/?/?; 
ttag +80 99/99/92/99/98; 
ttag +81 34/[12]/?/?/?; 
ttag +82 89/86/81/90/79; 
ttag +83 97/96/94/97/94; 
ttag +84 40/16/17/24/18; 
ttag +85 100/100/98/100/100; 
ttag +86 100/100/100/100/99; 
ttag +87 88/86/83/89/83; 
ttag +88 99/99/96/99/96; 
ttag +89 96/95/88/96/91; 
ttag +90 97/96/91/96/88; 
ttag +91 35/10/7/2/10; 
ttag +92 100/100/97/100/99; 
ttag +93 84/82/71/82/74; 
ttag +94 50/20/34/24/14; 
