tread
'Tree with tags' 
(0 ((1 ((((2 3 )(10 (11 12 )))(8 9 ))((4 5 )(6 7 ))))(((13 14 )((26 (27 (28 (29 30 ))))((31 ((32 33 )((34 35 )(36 (37 38 )))))(39 ((40 41 )(42 (43 (46 (47 (44 45 ))))))))))((15 16 )(17 (18 19 ((20 21 )((22 23 )(24 25 ))))))))); 
ttag *!; 
ttag +49 2; 
ttag +50 ???; 
ttag +51 7; 
ttag +52 1; 
ttag +53 1; 
ttag +54 10; 
ttag +55 3; 
ttag +56 6; 
ttag +57 3; 
ttag +58 4; 
ttag +59 8; 
ttag +60 8; 
ttag +61 9; 
ttag +62 1; 
ttag +63 4; 
ttag +64 11; 
ttag +65 6; 
ttag +66 1; 
ttag +67 7; 
ttag +68 4; 
ttag +69 7; 
ttag +70 14; 
ttag +71 7; 
ttag +72 2; 
ttag +73 9; 
ttag +74 9; 
ttag +75 3; 
ttag +76 6; 
ttag +77 9; 
ttag +78 8; 
ttag +79 2; 
ttag +80 5; 
ttag +81 8; 
ttag +82 5; 
ttag +83 1; 
ttag +84 6; 
ttag +85 8; 
ttag +86 1; 
ttag +87 4; 
ttag +88 7; 
ttag +89 7; 
ttag +90 3; 
ttag +91 7; 
ttag +92 3; 
ttag +93 12; 
tread
'Tree with tags' 
(0 ((1 ((((2 3 )(10 (11 12 )))(8 9 ))((4 5 )(6 7 ))))(((13 14 )((26 (27 (28 (29 30 ))))((31 ((32 33 )((34 35 )(36 (37 38 )))))(39 ((40 41 )(42 (43 (46 (47 (44 45 ))))))))))((15 16 )(17 ((18 19 )((20 21 )((22 23 )(24 25 ))))))))); 
ttag *!; 
ttag +0 ////; 
ttag +1 ////; 
ttag +2 ////; 
ttag +3 ////; 
ttag +4 ////; 
ttag +5 ////; 
ttag +6 ////; 
ttag +7 ////; 
ttag +8 ////; 
ttag +9 ////; 
ttag +10 ////; 
ttag +11 ////; 
ttag +12 ////; 
ttag +13 ////; 
ttag +14 ////; 
ttag +15 ////; 
ttag +16 ////; 
ttag +17 ////; 
ttag +18 ////; 
ttag +19 ////; 
ttag +20 ////; 
ttag +21 ////; 
ttag +22 ////; 
ttag +23 ////; 
ttag +24 ////; 
ttag +25 ////; 
ttag +26 ////; 
ttag +27 ////; 
ttag +28 ////; 
ttag +29 ////; 
ttag +30 ////; 
ttag +31 ////; 
ttag +32 ////; 
ttag +33 ////; 
ttag +34 ////; 
ttag +35 ////; 
ttag +36 ////; 
ttag +37 ////; 
ttag +38 ////; 
ttag +39 ////; 
ttag +40 ////; 
ttag +41 ////; 
ttag +42 ////; 
ttag +43 ////; 
ttag +44 ////; 
ttag +45 ////; 
ttag +46 ////; 
ttag +47 ////; 
ttag +48 ////; 
ttag +49 72/68/52/66/62; 
ttag +50 100/100/100/100/100; 
ttag +51 99/99/98/98/99; 
ttag +52 56/31/12/26/6; 
ttag +53 35/9/?/13/?; 
ttag +54 100/100/96/99/96; 
ttag +55 86/81/74/84/70; 
ttag +56 99/98/96/100/94; 
ttag +57 88/84/77/85/78; 
ttag +58 88/87/68/81/62; 
ttag +59 98/98/99/99/97; 
ttag +60 99/99/98/98/97; 
ttag +61 99/99/100/100/100; 
ttag +62 60/56/40/50/42; 
ttag +63 86/82/66/84/70; 
ttag +64 100/100/100/100/100; 
ttag +65 98/97/94/98/94; 
ttag +66 68/58/52/54/43; 
ttag +67 31/[2]/?/?/?; 
ttag +68 100/100/99/98/98; 
ttag +69 99/99/98/96/96; 
ttag +70 99/99/99/99/98; 
ttag +71 100/100/100/100/100; 
ttag +72 99/99/97/98/98; 
ttag +73 60/48/50/64/48; 
ttag +74 99/99/98/100/100; 
ttag +75 100/100/97/98/96; 
ttag +76 86/84/74/83/78; 
ttag +77 96/96/90/96/88; 
ttag +78 100/100/100/100/99; 
ttag +79 99/99/99/100/98; 
ttag +80 56/46/29/52/28; 
ttag +81 98/98/96/98/94; 
ttag +82 99/99/99/99/98; 
ttag +83 97/97/98/97/98; 
ttag +84 59/39/22/33/22; 
ttag +85 96/95/88/95/92; 
ttag +86 99/99/99/100/99; 
ttag +87 44/34/19/38/20; 
ttag +88 90/88/77/90/76; 
ttag +89 98/98/95/98/94; 
ttag +90 99/99/98/99/100; 
ttag +91 81/76/60/76/63; 
ttag +92 97/97/96/97/94; 
ttag +93 82/76/71/79/73; 
ttag +94 100/100/100/100/100; 
