tread
'Tree with tags' 
(0 (1 ((2 3 )(8 9 ((4 5 )(6 7 ))(10 (11 12 ))))(13 14 )(((15 16 )(17 (18 19 24 25 (20 21 )(22 23 ))))((26 (27 (28 (29 30 ))))(39 (31 ((32 33 )(34 35 )(36 (37 38 ))))((40 41 )(42 (43 ((44 45 )(46 47 )))))))))); 
ttag *!; 
ttag +49 ???; 
ttag +50 3; 
ttag +51 5; 
ttag +52 5; 
ttag +53 10; 
ttag +54 2; 
ttag +55 3; 
ttag +56 2; 
ttag +57 3; 
ttag +58 7; 
ttag +59 17; 
ttag +60 2; 
ttag +61 1; 
ttag +62 1; 
ttag +63 1; 
ttag +64 7; 
ttag +65 7; 
ttag +66 6; 
ttag +67 4; 
ttag +68 5; 
ttag +69 5; 
ttag +70 5; 
ttag +71 3; 
ttag +72 4; 
ttag +73 5; 
ttag +74 5; 
ttag +75 2; 
ttag +76 10; 
ttag +77 15; 
ttag +78 3; 
ttag +79 4; 
ttag +80 5; 
ttag +81 4; 
ttag +82 8; 
ttag +83 2; 
ttag +84 1; 
tread
'Tree with tags' 
(0 ((1 (((15 16 )(17 ((18 (20 21 ))(19 ((22 23 )(24 25 ))))))((26 (27 (28 (29 30 ))))(39 ((31 (((32 33 )(34 35 ))(36 (37 38 ))))((40 41 )(42 (43 ((44 45 )(46 47 ))))))))))(((2 3 )((8 (9 ((4 5 )(6 7 ))))(10 (11 12 ))))(13 14 )))); 
ttag *!; 
ttag +0 ////; 
ttag +1 ////; 
ttag +2 ////; 
ttag +3 ////; 
ttag +4 ////; 
ttag +5 ////; 
ttag +6 ////; 
ttag +7 ////; 
ttag +8 ////; 
ttag +9 ////; 
ttag +10 ////; 
ttag +11 ////; 
ttag +12 ////; 
ttag +13 ////; 
ttag +14 ////; 
ttag +15 ////; 
ttag +16 ////; 
ttag +17 ////; 
ttag +18 ////; 
ttag +19 ////; 
ttag +20 ////; 
ttag +21 ////; 
ttag +22 ////; 
ttag +23 ////; 
ttag +24 ////; 
ttag +25 ////; 
ttag +26 ////; 
ttag +27 ////; 
ttag +28 ////; 
ttag +29 ////; 
ttag +30 ////; 
ttag +31 ////; 
ttag +32 ////; 
ttag +33 ////; 
ttag +34 ////; 
ttag +35 ////; 
ttag +36 ////; 
ttag +37 ////; 
ttag +38 ////; 
ttag +39 ////; 
ttag +40 ////; 
ttag +41 ////; 
ttag +42 ////; 
ttag +43 ////; 
ttag +44 ////; 
ttag +45 ////; 
ttag +46 ////; 
ttag +47 ////; 
ttag +48 ////; 
ttag +49 8/[26]/?/?/?; 
ttag +50 100/100/100/100/100; 
ttag +51 91/88/75/81/82; 
ttag +52 98/98/96/97/97; 
ttag +53 6/[28]/?/?/?; 
ttag +54 98/98/98/99/96; 
ttag +55 100/100/100/100/100; 
ttag +56 10/[5]/?/?/?; 
ttag +57 31/15/11/8/6; 
ttag +58 43/24/19/20/19; 
ttag +59 88/86/83/90/80; 
ttag +60 67/61/54/70/64; 
ttag +61 90/87/81/90/83; 
ttag +62 100/100/98/100/99; 
ttag +63 100/100/100/100/100; 
ttag +64 49/44/24/49/28; 
ttag +65 20/[14]/?/?/?; 
ttag +66 32/16/12/13/9; 
ttag +67 8/[39]/?/?/?; 
ttag +68 46/30/29/30/31; 
ttag +69 8/[35]/?/?/?; 
ttag +70 100/100/99/100/100; 
ttag +71 100/100/99/99/100; 
ttag +72 62/41/34/44/27; 
ttag +73 67/47/43/39/44; 
ttag +74 99/99/92/98/95; 
ttag +75 97/96/83/94/82; 
ttag +76 96/94/91/98/93; 
ttag +77 99/98/90/98/93; 
ttag +78 99/99/97/100/97; 
ttag +79 87/81/77/87/72; 
ttag +80 10/[30]/?/?/?; 
ttag +81 92/90/66/89/77; 
ttag +82 98/97/90/96/94; 
ttag +83 33/5/4/5/13; 
ttag +84 99/99/96/98/99; 
ttag +85 90/86/75/77/67; 
ttag +86 100/100/100/100/100; 
ttag +87 100/100/100/100/100; 
ttag +88 86/79/72/78/68; 
ttag +89 92/91/84/90/82; 
ttag +90 93/91/82/91/87; 
ttag +91 96/96/86/92/88; 
ttag +92 100/100/97/100/96; 
ttag +93 87/84/74/80/78; 
ttag +94 55/33/33/44/32; 
