tread
'Tree with tags' 
(0 (1 ((((2 3 )(((4 5 )(6 7 ))(8 9 10 (11 12 ))))((26 (27 (28 (29 30 ))))((31 39 ((32 33 )((34 35 )(36 (37 38 )))))((40 41 )(42 (43 ((44 45 )(46 47 ))))))))((13 14 )(17 (15 16 )(18 (19 ((20 21 )(24 25 (22 23 )))))))))); 
ttag *!; 
ttag +49 ???; 
ttag +50 8; 
ttag +51 5; 
ttag +52 2; 
ttag +53 3; 
ttag +54 6; 
ttag +55 8; 
ttag +56 7; 
ttag +57 3; 
ttag +58 1; 
ttag +59 9; 
ttag +60 9; 
ttag +61 3; 
ttag +62 5; 
ttag +63 4; 
ttag +64 5; 
ttag +65 1; 
ttag +66 6; 
ttag +67 5; 
ttag +68 9; 
ttag +69 10; 
ttag +70 4; 
ttag +71 5; 
ttag +72 1; 
ttag +73 5; 
ttag +74 13; 
ttag +75 1; 
ttag +76 5; 
ttag +77 11; 
ttag +78 3; 
ttag +79 4; 
ttag +80 1; 
ttag +81 8; 
ttag +82 9; 
ttag +83 4; 
ttag +84 7; 
ttag +85 7; 
ttag +86 5; 
ttag +87 9; 
ttag +88 7; 
ttag +89 5; 
tread
'Tree with tags' 
(0 (1 ((((2 3 )(((4 5 )(6 7 ))(10 ((8 9 )(11 12 )))))((26 (27 (28 (29 30 ))))((31 (39 ((32 33 )((34 35 )(36 (37 38 ))))))((40 41 )(42 (43 ((44 45 )(46 47 ))))))))((13 14 )((17 (15 16 ))(18 (19 ((20 21 )(25 (24 (22 23 ))))))))))); 
ttag *!; 
ttag +0 ////; 
ttag +1 ////; 
ttag +2 ////; 
ttag +3 ////; 
ttag +4 ////; 
ttag +5 ////; 
ttag +6 ////; 
ttag +7 ////; 
ttag +8 ////; 
ttag +9 ////; 
ttag +10 ////; 
ttag +11 ////; 
ttag +12 ////; 
ttag +13 ////; 
ttag +14 ////; 
ttag +15 ////; 
ttag +16 ////; 
ttag +17 ////; 
ttag +18 ////; 
ttag +19 ////; 
ttag +20 ////; 
ttag +21 ////; 
ttag +22 ////; 
ttag +23 ////; 
ttag +24 ////; 
ttag +25 ////; 
ttag +26 ////; 
ttag +27 ////; 
ttag +28 ////; 
ttag +29 ////; 
ttag +30 ////; 
ttag +31 ////; 
ttag +32 ////; 
ttag +33 ////; 
ttag +34 ////; 
ttag +35 ////; 
ttag +36 ////; 
ttag +37 ////; 
ttag +38 ////; 
ttag +39 ////; 
ttag +40 ////; 
ttag +41 ////; 
ttag +42 ////; 
ttag +43 ////; 
ttag +44 ////; 
ttag +45 ////; 
ttag +46 ////; 
ttag +47 ////; 
ttag +48 ////; 
ttag +49 100/100/100/100/100; 
ttag +50 99/99/95/99/98; 
ttag +51 98/97/93/95/93; 
ttag +52 75/69/66/77/64; 
ttag +53 75/69/67/78/67; 
ttag +54 97/96/92/98/92; 
ttag +55 100/100/98/99/99; 
ttag +56 98/97/95/98/94; 
ttag +57 77/66/53/78/62; 
ttag +58 23/0/0/17/12; 
ttag +59 24/[8]/?/9/0; 
ttag +60 36/12/6/22/10; 
ttag +61 100/100/99/99/98; 
ttag +62 100/100/100/100/100; 
ttag +63 81/78/68/81/64; 
ttag +64 98/98/96/96/96; 
ttag +65 29/[6]/?/?/?; 
ttag +66 97/97/94/95/90; 
ttag +67 96/95/92/97/86; 
ttag +68 76/66/50/52/36; 
ttag +69 99/99/99/99/100; 
ttag +70 99/98/96/98/93; 
ttag +71 100/100/100/100/100; 
ttag +72 38/[2]/11/9/?; 
ttag +73 100/100/99/100/98; 
ttag +74 94/92/90/94/87; 
ttag +75 96/96/89/94/88; 
ttag +76 62/49/40/43/44; 
ttag +77 97/96/98/99/93; 
ttag +78 100/100/100/100/100; 
ttag +79 47/27/27/39/18; 
ttag +80 96/95/82/93/88; 
ttag +81 100/100/100/100/100; 
ttag +82 77/72/62/76/57; 
ttag +83 17/[21]/?/?/?; 
ttag +84 99/99/98/96/96; 
ttag +85 65/54/49/52/49; 
ttag +86 100/100/97/99/98; 
ttag +87 100/100/100/100/100; 
ttag +88 82/77/76/83/72; 
ttag +89 100/100/97/98/97; 
ttag +90 99/99/98/100/98; 
ttag +91 96/96/94/95/93; 
ttag +92 100/100/99/100/99; 
ttag +93 99/99/96/98/96; 
ttag +94 98/98/96/98/95; 
