tread
'Tree with tags' 
(0 (1 (((2 3 )(((4 5 )(6 7 ))((8 9 )(10 (11 12 )))))(13 14 )((17 (15 16 )(18 (19 ((20 21 )((22 23 )(24 25 ))))))((26 (27 (28 (29 30 ))))((31 ((32 33 )((34 35 )(36 (37 38 )))))(39 ((40 41 )(42 (43 ((44 45 )(46 47 )))))))))))); 
ttag *!; 
ttag +49 ???; 
ttag +50 7; 
ttag +51 8; 
ttag +52 1; 
ttag +53 8; 
ttag +54 3; 
ttag +55 4; 
ttag +56 2; 
ttag +57 2; 
ttag +58 2; 
ttag +59 6; 
ttag +60 14; 
ttag +61 7; 
ttag +62 9; 
ttag +63 9; 
ttag +64 1; 
ttag +65 4; 
ttag +66 4; 
ttag +67 6; 
ttag +68 2; 
ttag +69 10; 
ttag +70 5; 
ttag +71 3; 
ttag +72 2; 
ttag +73 4; 
ttag +74 4; 
ttag +75 5; 
ttag +76 7; 
ttag +77 9; 
ttag +78 10; 
ttag +79 6; 
ttag +80 7; 
ttag +81 4; 
ttag +82 1; 
ttag +83 11; 
ttag +84 6; 
ttag +85 1; 
ttag +86 5; 
ttag +87 11; 
ttag +88 5; 
ttag +89 2; 
ttag +90 4; 
ttag +91 4; 
ttag +92 2; 
tread
'Tree with tags' 
(0 (1 (((2 3 )(((4 5 )(6 7 ))((8 9 )(10 (11 12 )))))((13 14 )((17 ((15 16 )(18 (19 ((20 21 )((22 23 )(24 25 )))))))((26 (27 (28 (29 30 ))))((31 ((32 33 )((34 35 )(36 (37 38 )))))(39 ((40 41 )(42 (43 ((44 45 )(46 47 ))))))))))))); 
ttag *!; 
ttag +0 ////; 
ttag +1 ////; 
ttag +2 ////; 
ttag +3 ////; 
ttag +4 ////; 
ttag +5 ////; 
ttag +6 ////; 
ttag +7 ////; 
ttag +8 ////; 
ttag +9 ////; 
ttag +10 ////; 
ttag +11 ////; 
ttag +12 ////; 
ttag +13 ////; 
ttag +14 ////; 
ttag +15 ////; 
ttag +16 ////; 
ttag +17 ////; 
ttag +18 ////; 
ttag +19 ////; 
ttag +20 ////; 
ttag +21 ////; 
ttag +22 ////; 
ttag +23 ////; 
ttag +24 ////; 
ttag +25 ////; 
ttag +26 ////; 
ttag +27 ////; 
ttag +28 ////; 
ttag +29 ////; 
ttag +30 ////; 
ttag +31 ////; 
ttag +32 ////; 
ttag +33 ////; 
ttag +34 ////; 
ttag +35 ////; 
ttag +36 ////; 
ttag +37 ////; 
ttag +38 ////; 
ttag +39 ////; 
ttag +40 ////; 
ttag +41 ////; 
ttag +42 ////; 
ttag +43 ////; 
ttag +44 ////; 
ttag +45 ////; 
ttag +46 ////; 
ttag +47 ////; 
ttag +48 ////; 
ttag +49 100/100/100/100/100; 
ttag +50 99/98/98/99/97; 
ttag +51 98/97/94/97/93; 
ttag +52 50/40/26/39/35; 
ttag +53 100/100/98/99/98; 
ttag +54 84/79/59/78/64; 
ttag +55 86/84/68/79/70; 
ttag +56 72/64/42/60/48; 
ttag +57 82/80/77/87/81; 
ttag +58 86/84/70/84/71; 
ttag +59 92/88/79/95/81; 
ttag +60 100/100/100/100/100; 
ttag +61 100/100/98/96/96; 
ttag +62 34/9/14/9/4; 
ttag +63 100/100/100/100/100; 
ttag +64 7/[26]/?/?/?; 
ttag +65 100/100/98/99/98; 
ttag +66 56/48/42/45/40; 
ttag +67 94/92/80/90/81; 
ttag +68 94/93/79/93/78; 
ttag +69 99/99/96/99/98; 
ttag +70 83/79/69/79/70; 
ttag +71 99/99/99/100/100; 
ttag +72 96/96/88/94/86; 
ttag +73 87/82/78/84/73; 
ttag +74 71/58/52/66/50; 
ttag +75 87/82/77/87/76; 
ttag +76 91/91/86/94/88; 
ttag +77 95/95/90/96/90; 
ttag +78 100/100/99/100/99; 
ttag +79 99/99/97/99/98; 
ttag +80 100/100/99/100/100; 
ttag +81 99/99/99/99/97; 
ttag +82 100/100/99/100/100; 
ttag +83 94/93/87/90/85; 
ttag +84 68/50/30/38/27; 
ttag +85 100/100/100/100/100; 
ttag +86 98/97/90/96/87; 
ttag +87 66/54/56/61/57; 
ttag +88 99/99/93/98/98; 
ttag +89 99/99/94/98/99; 
ttag +90 99/99/92/98/99; 
ttag +91 82/74/58/61/56; 
ttag +92 90/87/78/94/86; 
ttag +93 96/96/91/96/88; 
ttag +94 80/78/75/85/78; 
