tread
'Tree with tags' 
(0 (1 (((2 3 )(((4 5 )(6 7 ))((8 9 )(10 (11 12 )))))(13 14 ))((15 16 )(17 ((18 19 )((20 21 )((22 23 )(24 25 ))))))((26 (27 (28 (29 30 ))))(39 (31 ((32 33 )(34 35 )(36 (37 38 ))))(40 41 (42 (43 ((44 45 )(46 47 ))))))))); 
ttag *!; 
ttag +49 ???; 
ttag +50 8; 
ttag +51 4; 
ttag +52 1; 
ttag +53 7; 
ttag +54 7; 
ttag +55 3; 
ttag +56 8; 
ttag +57 4; 
ttag +58 1; 
ttag +59 6; 
ttag +60 4; 
ttag +61 12; 
ttag +62 11; 
ttag +63 5; 
ttag +64 4; 
ttag +65 1; 
ttag +66 3; 
ttag +67 3; 
ttag +68 7; 
ttag +69 5; 
ttag +70 10; 
ttag +71 6; 
ttag +72 8; 
ttag +73 2; 
ttag +74 6; 
ttag +75 2; 
ttag +76 6; 
ttag +77 4; 
ttag +78 3; 
ttag +79 3; 
ttag +80 1; 
ttag +81 3; 
ttag +82 7; 
ttag +83 8; 
ttag +84 2; 
ttag +85 2; 
ttag +86 4; 
ttag +87 11; 
ttag +88 5; 
ttag +89 2; 
tread
'Tree with tags' 
(0 ((1 ((((2 3 )(((4 5 )(6 7 ))((8 9 )(10 (11 12 )))))(13 14 ))((26 (27 (28 (29 30 ))))((31 ((32 33 )((34 35 )(36 (37 38 )))))(39 (40 (41 (42 (43 ((44 45 )(46 47 )))))))))))((15 16 )(17 ((18 19 )((20 21 )((22 23 )(24 25 )))))))); 
ttag *!; 
ttag +0 ////; 
ttag +1 ////; 
ttag +2 ////; 
ttag +3 ////; 
ttag +4 ////; 
ttag +5 ////; 
ttag +6 ////; 
ttag +7 ////; 
ttag +8 ////; 
ttag +9 ////; 
ttag +10 ////; 
ttag +11 ////; 
ttag +12 ////; 
ttag +13 ////; 
ttag +14 ////; 
ttag +15 ////; 
ttag +16 ////; 
ttag +17 ////; 
ttag +18 ////; 
ttag +19 ////; 
ttag +20 ////; 
ttag +21 ////; 
ttag +22 ////; 
ttag +23 ////; 
ttag +24 ////; 
ttag +25 ////; 
ttag +26 ////; 
ttag +27 ////; 
ttag +28 ////; 
ttag +29 ////; 
ttag +30 ////; 
ttag +31 ////; 
ttag +32 ////; 
ttag +33 ////; 
ttag +34 ////; 
ttag +35 ////; 
ttag +36 ////; 
ttag +37 ////; 
ttag +38 ////; 
ttag +39 ////; 
ttag +40 ////; 
ttag +41 ////; 
ttag +42 ////; 
ttag +43 ////; 
ttag +44 ////; 
ttag +45 ////; 
ttag +46 ////; 
ttag +47 ////; 
ttag +48 ////; 
ttag +49 34/16/24/20/22; 
ttag +50 100/100/100/100/100; 
ttag +51 100/100/99/100/99; 
ttag +52 96/96/96/94/90; 
ttag +53 35/15/17/21/14; 
ttag +54 19/0/2/?/?; 
ttag +55 99/99/98/99/96; 
ttag +56 96/95/91/95/88; 
ttag +57 76/70/64/74/65; 
ttag +58 99/99/96/100/98; 
ttag +59 83/78/69/82/70; 
ttag +60 52/39/32/40/32; 
ttag +61 98/98/91/98/92; 
ttag +62 90/86/82/91/82; 
ttag +63 100/100/100/100/100; 
ttag +64 100/100/100/100/100; 
ttag +65 89/86/86/91/80; 
ttag +66 94/92/88/94/88; 
ttag +67 54/52/42/52/49; 
ttag +68 78/76/64/79/68; 
ttag +69 86/83/76/87/81; 
ttag +70 97/97/94/98/93; 
ttag +71 94/92/86/91/88; 
ttag +72 100/100/99/100/100; 
ttag +73 99/99/97/98/97; 
ttag +74 100/100/100/99/98; 
ttag +75 74/58/52/58/52; 
ttag +76 98/98/96/98/98; 
ttag +77 89/89/81/86/84; 
ttag +78 99/99/100/100/100; 
ttag +79 92/91/89/91/92; 
ttag +80 94/92/86/90/85; 
ttag +81 94/93/86/93/90; 
ttag +82 61/37/21/38/38; 
ttag +83 94/93/86/92/88; 
ttag +84 20/[39]/?/?/?; 
ttag +85 100/100/98/99/100; 
ttag +86 99/99/99/99/100; 
ttag +87 17/[19]/?/?/?; 
ttag +88 68/61/40/67/49; 
ttag +89 48/24/36/20/27; 
ttag +90 72/61/54/70/58; 
ttag +91 95/93/89/94/90; 
ttag +92 100/100/100/100/99; 
ttag +93 98/98/91/95/92; 
ttag +94 88/87/81/82/81; 
