tread
'Tree with tags' 
(0 (((1 (13 14 ))(((15 16 )(17 (18 19 ((20 21 )((22 23 )(24 25 ))))))(((28 (26 27 ))(29 30 ))((39 (31 ((32 33 )((34 35 )(36 (37 38 ))))))((40 41 )(42 (43 ((44 45 )(46 47 )))))))))((2 3 )(10 ((8 (9 ((4 5 )(6 7 ))))(11 12 )))))); 
ttag *!; 
ttag +49 2; 
ttag +50 1; 
ttag +51 ???; 
ttag +52 6; 
ttag +53 10; 
ttag +54 3; 
ttag +55 5; 
ttag +56 1; 
ttag +57 3; 
ttag +58 1; 
ttag +59 2; 
ttag +60 2; 
ttag +61 15; 
ttag +62 10; 
ttag +63 13; 
ttag +64 5; 
ttag +65 1; 
ttag +66 2; 
ttag +67 4; 
ttag +68 10; 
ttag +69 6; 
ttag +70 7; 
ttag +71 1; 
ttag +72 2; 
ttag +73 1; 
ttag +74 1; 
ttag +75 6; 
ttag +76 5; 
ttag +77 7; 
ttag +78 5; 
ttag +79 2; 
ttag +80 7; 
ttag +81 5; 
ttag +82 4; 
ttag +83 7; 
ttag +84 2; 
ttag +85 6; 
ttag +86 12; 
ttag +87 4; 
ttag +88 6; 
ttag +89 6; 
ttag +90 2; 
ttag +91 8; 
ttag +92 6; 
ttag +93 1; 
tread
'Tree with tags' 
(0 (((1 (13 14 ))(((15 16 )(17 (19 (18 ((20 21 )((22 23 )(24 25 )))))))(((28 (26 27 ))(29 30 ))((39 (31 ((32 33 )((34 35 )(36 (37 38 ))))))((40 41 )(42 (43 ((44 45 )(46 47 )))))))))((2 3 )(10 ((8 (9 ((4 5 )(6 7 ))))(11 12 )))))); 
ttag *!; 
ttag +0 ////; 
ttag +1 ////; 
ttag +2 ////; 
ttag +3 ////; 
ttag +4 ////; 
ttag +5 ////; 
ttag +6 ////; 
ttag +7 ////; 
ttag +8 ////; 
ttag +9 ////; 
ttag +10 ////; 
ttag +11 ////; 
ttag +12 ////; 
ttag +13 ////; 
ttag +14 ////; 
ttag +15 ////; 
ttag +16 ////; 
ttag +17 ////; 
ttag +18 ////; 
ttag +19 ////; 
ttag +20 ////; 
ttag +21 ////; 
ttag +22 ////; 
ttag +23 ////; 
ttag +24 ////; 
ttag +25 ////; 
ttag +26 ////; 
ttag +27 ////; 
ttag +28 ////; 
ttag +29 ////; 
ttag +30 ////; 
ttag +31 ////; 
ttag +32 ////; 
ttag +33 ////; 
ttag +34 ////; 
ttag +35 ////; 
ttag +36 ////; 
ttag +37 ////; 
ttag +38 ////; 
ttag +39 ////; 
ttag +40 ////; 
ttag +41 ////; 
ttag +42 ////; 
ttag +43 ////; 
ttag +44 ////; 
ttag +45 ////; 
ttag +46 ////; 
ttag +47 ////; 
ttag +48 ////; 
ttag +49 44/32/29/35/29; 
ttag +50 44/30/24/24/22; 
ttag +51 100/100/100/100/100; 
ttag +52 94/91/88/96/86; 
ttag +53 100/100/98/100/99; 
ttag +54 88/84/70/85/82; 
ttag +55 95/94/89/98/89; 
ttag +56 53/39/32/39/35; 
ttag +57 69/61/56/60/50; 
ttag +58 36/28/26/36/26; 
ttag +59 70/54/50/61/48; 
ttag +60 75/66/60/68/59; 
ttag +61 100/100/100/100/100; 
ttag +62 100/100/99/100/99; 
ttag +63 100/100/100/100/100; 
ttag +64 97/96/90/99/90; 
ttag +65 26/11/8/10/10; 
ttag +66 83/77/66/79/76; 
ttag +67 24/6/9/4/?; 
ttag +68 97/96/92/96/91; 
ttag +69 100/100/100/100/100; 
ttag +70 98/98/92/98/93; 
ttag +71 100/100/94/99/98; 
ttag +72 73/60/64/62/61; 
ttag +73 74/55/50/52/47; 
ttag +74 30/3/6/?/1; 
ttag +75 48/14/22/14/5; 
ttag +76 96/95/87/95/88; 
ttag +77 86/82/78/87/78; 
ttag +78 99/99/99/100/98; 
ttag +79 94/92/79/94/88; 
ttag +80 72/68/61/76/71; 
ttag +81 100/100/95/98/96; 
ttag +82 98/98/94/96/94; 
ttag +83 85/83/74/88/80; 
ttag +84 99/99/98/99/98; 
ttag +85 78/74/66/73/61; 
ttag +86 100/100/97/99/97; 
ttag +87 99/99/100/100/100; 
ttag +88 94/92/86/88/82; 
ttag +89 96/95/91/95/89; 
ttag +90 99/99/97/99/96; 
ttag +91 53/39/30/52/37; 
ttag +92 99/99/98/100/98; 
ttag +93 99/99/98/100/96; 
ttag +94 51/28/18/33/31; 
