tread
'Tree with tags' 
(0 ((1 ((2 3 )(((4 5 )(6 7 ))(8 9 )(10 (11 12 )))))(13 14 )(17 (15 16 )(19 (18 ((20 21 )((22 23 )(24 25 ))))))((26 (27 28 (29 30 )))((39 (31 ((32 33 )(34 35 )(36 (37 38 )))))((40 41 )(42 (43 (46 (47 (44 45 )))))))))); 
ttag *!; 
ttag +49 2; 
ttag +50 ???; 
ttag +51 4; 
ttag +52 4; 
ttag +53 4; 
ttag +54 2; 
ttag +55 2; 
ttag +56 9; 
ttag +57 5; 
ttag +58 5; 
ttag +59 9; 
ttag +60 4; 
ttag +61 8; 
ttag +62 5; 
ttag +63 1; 
ttag +64 7; 
ttag +65 6; 
ttag +66 7; 
ttag +67 8; 
ttag +68 6; 
ttag +69 7; 
ttag +70 5; 
ttag +71 5; 
ttag +72 3; 
ttag +73 9; 
ttag +74 5; 
ttag +75 1; 
ttag +76 10; 
ttag +77 4; 
ttag +78 10; 
ttag +79 2; 
ttag +80 7; 
ttag +81 4; 
ttag +82 2; 
ttag +83 7; 
ttag +84 10; 
ttag +85 4; 
ttag +86 10; 
ttag +87 1; 
ttag +88 4; 
tread
'Tree with tags' 
(0 ((1 ((2 3 )(((4 5 )(6 7 ))((8 9 )(10 (11 12 ))))))(((13 14 )((15 16 )(17 (19 (18 ((20 21 )((22 23 )(24 25 ))))))))((26 (27 (28 (29 30 ))))((39 (31 (((32 33 )(36 (37 38 )))(34 35 ))))((40 41 )(42 (43 (46 (47 (44 45 ))))))))))); 
ttag *!; 
ttag +0 ////; 
ttag +1 ////; 
ttag +2 ////; 
ttag +3 ////; 
ttag +4 ////; 
ttag +5 ////; 
ttag +6 ////; 
ttag +7 ////; 
ttag +8 ////; 
ttag +9 ////; 
ttag +10 ////; 
ttag +11 ////; 
ttag +12 ////; 
ttag +13 ////; 
ttag +14 ////; 
ttag +15 ////; 
ttag +16 ////; 
ttag +17 ////; 
ttag +18 ////; 
ttag +19 ////; 
ttag +20 ////; 
ttag +21 ////; 
ttag +22 ////; 
ttag +23 ////; 
ttag +24 ////; 
ttag +25 ////; 
ttag +26 ////; 
ttag +27 ////; 
ttag +28 ////; 
ttag +29 ////; 
ttag +30 ////; 
ttag +31 ////; 
ttag +32 ////; 
ttag +33 ////; 
ttag +34 ////; 
ttag +35 ////; 
ttag +36 ////; 
ttag +37 ////; 
ttag +38 ////; 
ttag +39 ////; 
ttag +40 ////; 
ttag +41 ////; 
ttag +42 ////; 
ttag +43 ////; 
ttag +44 ////; 
ttag +45 ////; 
ttag +46 ////; 
ttag +47 ////; 
ttag +48 ////; 
ttag +49 74/67/64/76/56; 
ttag +50 100/100/100/100/100; 
ttag +51 95/94/85/88/86; 
ttag +52 94/94/93/96/92; 
ttag +53 96/96/95/96/94; 
ttag +54 82/74/64/69/62; 
ttag +55 82/75/68/70/66; 
ttag +56 100/100/100/100/100; 
ttag +57 97/97/95/97/96; 
ttag +58 38/4/17/12/13; 
ttag +59 99/99/97/98/91; 
ttag +60 100/100/100/100/100; 
ttag +61 99/99/96/95/95; 
ttag +62 24/[4]/4/7/?; 
ttag +63 16/[15]/?/1/?; 
ttag +64 100/100/99/99/100; 
ttag +65 97/97/90/94/94; 
ttag +66 16/[3]/1/?/?; 
ttag +67 66/66/60/66/61; 
ttag +68 100/100/97/99/98; 
ttag +69 98/98/98/99/97; 
ttag +70 99/99/96/100/99; 
ttag +71 100/100/99/99/98; 
ttag +72 99/99/98/98/92; 
ttag +73 99/99/97/100/98; 
ttag +74 96/96/93/93/90; 
ttag +75 96/96/90/96/90; 
ttag +76 87/80/69/76/63; 
ttag +77 32/[7]/5/6/11; 
ttag +78 100/100/100/100/99; 
ttag +79 97/96/92/96/86; 
ttag +80 59/49/34/46/30; 
ttag +81 100/100/100/100/100; 
ttag +82 94/92/86/96/84; 
ttag +83 35/7/4/?/?; 
ttag +84 100/100/98/100/100; 
ttag +85 90/90/89/90/91; 
ttag +86 100/100/98/99/98; 
ttag +87 96/95/96/96/95; 
ttag +88 68/61/56/69/40; 
ttag +89 99/99/97/99/95; 
ttag +90 99/98/96/100/96; 
ttag +91 96/95/86/94/90; 
ttag +92 98/98/98/100/100; 
ttag +93 54/27/20/30/29; 
ttag +94 89/83/82/90/81; 
