tread
'Tree with tags' 
(0 (1 ((((((2 3 )(6 7 (4 5 ))((8 9 )(10 (11 12 ))))(15 16 ))(17 (18 (19 ((20 21 )((22 23 )(24 25 )))))))((26 (27 (28 (29 30 ))))((39 (31 ((32 33 )((34 35 )(36 (37 38 ))))))((40 41 )(42 (43 ((44 45 )(46 47 ))))))))(13 14 )))); 
ttag *!; 
ttag +49 ???; 
ttag +50 10; 
ttag +51 6; 
ttag +52 1; 
ttag +53 1; 
ttag +54 1; 
ttag +55 1; 
ttag +56 5; 
ttag +57 5; 
ttag +58 1; 
ttag +59 1; 
ttag +60 3; 
ttag +61 5; 
ttag +62 16; 
ttag +63 8; 
ttag +64 1; 
ttag +65 4; 
ttag +66 1; 
ttag +67 11; 
ttag +68 2; 
ttag +69 8; 
ttag +70 5; 
ttag +71 1; 
ttag +72 7; 
ttag +73 5; 
ttag +74 3; 
ttag +75 10; 
ttag +76 10; 
ttag +77 10; 
ttag +78 3; 
ttag +79 6; 
ttag +80 5; 
ttag +81 4; 
ttag +82 3; 
ttag +83 1; 
ttag +84 11; 
ttag +85 7; 
ttag +86 3; 
ttag +87 2; 
ttag +88 10; 
ttag +89 7; 
ttag +90 6; 
ttag +91 1; 
ttag +92 2; 
tread
'Tree with tags' 
(0 (1 (((((((2 3 )((8 9 )(10 (11 12 ))))((4 5 )(6 7 )))(15 16 ))(17 (18 (19 ((20 21 )((22 23 )(24 25 )))))))((26 (27 (28 (29 30 ))))((39 (31 ((32 33 )((34 35 )(36 (37 38 ))))))((40 41 )(42 (43 ((44 45 )(46 47 ))))))))(13 14 )))); 
ttag *!; 
ttag +0 ////; 
ttag +1 ////; 
ttag +2 ////; 
ttag +3 ////; 
ttag +4 ////; 
ttag +5 ////; 
ttag +6 ////; 
ttag +7 ////; 
ttag +8 ////; 
ttag +9 ////; 
ttag +10 ////; 
ttag +11 ////; 
ttag +12 ////; 
ttag +13 ////; 
ttag +14 ////; 
ttag +15 ////; 
ttag +16 ////; 
ttag +17 ////; 
ttag +18 ////; 
ttag +19 ////; 
ttag +20 ////; 
ttag +21 ////; 
ttag +22 ////; 
ttag +23 ////; 
ttag +24 ////; 
ttag +25 ////; 
ttag +26 ////; 
ttag +27 ////; 
ttag +28 ////; 
ttag +29 ////; 
ttag +30 ////; 
ttag +31 ////; 
ttag +32 ////; 
ttag +33 ////; 
ttag +34 ////; 
ttag +35 ////; 
ttag +36 ////; 
ttag +37 ////; 
ttag +38 ////; 
ttag +39 ////; 
ttag +40 ////; 
ttag +41 ////; 
ttag +42 ////; 
ttag +43 ////; 
ttag +44 ////; 
ttag +45 ////; 
ttag +46 ////; 
ttag +47 ////; 
ttag +48 ////; 
ttag +49 100/100/100/100/100; 
ttag +50 100/100/100/100/100; 
ttag +51 10/[49]/?/?/?; 
ttag +52 98/98/98/97/95; 
ttag +53 11/[44]/?/?/?; 
ttag +54 34/[8]/?/0/?; 
ttag +55 30/[12]/?/?/?; 
ttag +56 16/[26]/?/?/?; 
ttag +57 92/88/86/93/86; 
ttag +58 97/97/91/99/91; 
ttag +59 29/[23]/?/?/?; 
ttag +60 51/36/21/30/23; 
ttag +61 59/44/34/45/41; 
ttag +62 94/92/86/88/83; 
ttag +63 91/86/84/90/89; 
ttag +64 100/100/100/100/100; 
ttag +65 100/100/100/99/100; 
ttag +66 26/5/1/4/7; 
ttag +67 79/75/64/74/65; 
ttag +68 43/22/3/22/0; 
ttag +69 100/100/100/100/100; 
ttag +70 64/43/20/48/19; 
ttag +71 99/99/98/98/99; 
ttag +72 94/93/87/93/85; 
ttag +73 60/40/27/31/15; 
ttag +74 90/85/76/89/75; 
ttag +75 83/80/74/84/76; 
ttag +76 70/58/46/66/45; 
ttag +77 97/96/96/98/94; 
ttag +78 99/99/98/100/99; 
ttag +79 97/97/94/99/92; 
ttag +80 75/70/56/76/52; 
ttag +81 94/93/87/97/92; 
ttag +82 96/96/92/96/88; 
ttag +83 92/86/80/90/75; 
ttag +84 91/91/88/91/85; 
ttag +85 56/40/25/49/19; 
ttag +86 99/98/96/98/93; 
ttag +87 95/93/94/96/89; 
ttag +88 85/82/69/82/76; 
ttag +89 65/54/28/55/38; 
ttag +90 100/100/98/100/99; 
ttag +91 98/97/95/98/94; 
ttag +92 100/100/98/100/97; 
ttag +93 52/29/38/48/40; 
ttag +94 90/89/81/89/84; 
