tread
'Tree with tags' 
(0 (1 ((2 3 )(8 9 ((4 5 )(6 7 ))(10 (11 12 ))))((13 14 )(17 (15 16 )(18 (19 ((20 21 )((22 23 )(24 25 ))))))((26 (27 (28 (29 30 ))))(39 (31 ((32 33 )(34 35 )(36 (37 38 ))))((40 41 )(42 (43 ((44 45 )(46 47 )))))))))); 
ttag *!; 
ttag +49 ???; 
ttag +50 3; 
ttag +51 3; 
ttag +52 3; 
ttag +53 6; 
ttag +54 3; 
ttag +55 2; 
ttag +56 4; 
ttag +57 7; 
ttag +58 6; 
ttag +59 3; 
ttag +60 13; 
ttag +61 3; 
ttag +62 5; 
ttag +63 1; 
ttag +64 8; 
ttag +65 8; 
ttag +66 7; 
ttag +67 6; 
ttag +68 4; 
ttag +69 8; 
ttag +70 5; 
ttag +71 3; 
ttag +72 7; 
ttag +73 13; 
ttag +74 10; 
ttag +75 4; 
ttag +76 8; 
ttag +77 2; 
ttag +78 2; 
ttag +79 10; 
ttag +80 2; 
ttag +81 7; 
ttag +82 4; 
ttag +83 8; 
ttag +84 3; 
ttag +85 7; 
ttag +86 3; 
ttag +87 3; 
tread
'Tree with tags' 
(0 (1 ((2 3 )(8 9 ((4 5 )(6 7 ))(10 (11 12 ))))((13 14 )(17 (15 16 )(18 (19 ((20 21 )((22 23 )(24 25 ))))))((26 (27 (28 (29 30 ))))(39 (31 ((32 33 )(34 35 )(36 (37 38 ))))((40 41 )(42 (43 ((44 45 )(46 47 )))))))))); 
ttag *!; 
ttag +0 ////; 
ttag +1 ////; 
ttag +2 ////; 
ttag +3 ////; 
ttag +4 ////; 
ttag +5 ////; 
ttag +6 ////; 
ttag +7 ////; 
ttag +8 ////; 
ttag +9 ////; 
ttag +10 ////; 
ttag +11 ////; 
ttag +12 ////; 
ttag +13 ////; 
ttag +14 ////; 
ttag +15 ////; 
ttag +16 ////; 
ttag +17 ////; 
ttag +18 ////; 
ttag +19 ////; 
ttag +20 ////; 
ttag +21 ////; 
ttag +22 ////; 
ttag +23 ////; 
ttag +24 ////; 
ttag +25 ////; 
ttag +26 ////; 
ttag +27 ////; 
ttag +28 ////; 
ttag +29 ////; 
ttag +30 ////; 
ttag +31 ////; 
ttag +32 ////; 
ttag +33 ////; 
ttag +34 ////; 
ttag +35 ////; 
ttag +36 ////; 
ttag +37 ////; 
ttag +38 ////; 
ttag +39 ////; 
ttag +40 ////; 
ttag +41 ////; 
ttag +42 ////; 
ttag +43 ////; 
ttag +44 ////; 
ttag +45 ////; 
ttag +46 ////; 
ttag +47 ////; 
ttag +48 ////; 
ttag +49 100/100/100/100/100; 
ttag +50 88/84/72/84/79; 
ttag +51 86/82/72/85/78; 
ttag +52 89/85/82/86/81; 
ttag +53 96/94/90/94/92; 
ttag +54 76/73/72/81/64; 
ttag +55 86/83/74/77/72; 
ttag +56 94/91/73/92/80; 
ttag +57 98/98/94/98/92; 
ttag +58 99/99/98/99/94; 
ttag +59 85/83/70/84/74; 
ttag +60 100/100/100/100/100; 
ttag +61 95/94/88/91/85; 
ttag +62 97/97/96/99/94; 
ttag +63 67/44/42/51/39; 
ttag +64 100/100/99/100/99; 
ttag +65 99/99/100/100/99; 
ttag +66 99/99/94/99/96; 
ttag +67 97/97/92/98/91; 
ttag +68 92/90/85/93/84; 
ttag +69 99/98/97/99/98; 
ttag +70 96/96/92/96/91; 
ttag +71 92/91/92/94/84; 
ttag +72 99/99/99/99/99; 
ttag +73 100/100/100/100/100; 
ttag +74 100/100/99/100/99; 
ttag +75 94/94/95/98/94; 
ttag +76 99/99/99/99/98; 
ttag +77 91/90/81/86/76; 
ttag +78 81/76/65/77/61; 
ttag +79 100/100/99/100/100; 
ttag +80 73/70/57/74/70; 
ttag +81 98/98/95/98/97; 
ttag +82 94/94/84/92/87; 
ttag +83 99/98/96/100/97; 
ttag +84 85/78/62/84/76; 
ttag +85 100/100/99/100/98; 
ttag +86 81/74/60/81/71; 
ttag +87 94/92/84/93/84; 
