tread
'Tree with tags' 
(0 ((1 ((26 (27 (28 (29 30 ))))(39 (31 (34 35 (32 33 )(36 (37 38 ))))((40 41 )(42 (43 ((44 45 )(46 47 ))))))))(((2 3 )(8 9 ((4 5 )(6 7 ))(10 (11 12 ))))((17 (15 16 ))((18 19 )((20 21 )((22 23 )(24 25 ))))))(13 14 ))); 
ttag *!; 
ttag +49 1; 
ttag +50 ???; 
ttag +51 6; 
ttag +52 3; 
ttag +53 1; 
ttag +54 4; 
ttag +55 10; 
ttag +56 1; 
ttag +57 1; 
ttag +58 7; 
ttag +59 8; 
ttag +60 10; 
ttag +61 9; 
ttag +62 1; 
ttag +63 2; 
ttag +64 1; 
ttag +65 4; 
ttag +66 6; 
ttag +67 3; 
ttag +68 6; 
ttag +69 10; 
ttag +70 5; 
ttag +71 14; 
ttag +72 4; 
ttag +73 3; 
ttag +74 4; 
ttag +75 13; 
ttag +76 7; 
ttag +77 5; 
ttag +78 5; 
ttag +79 4; 
ttag +80 6; 
ttag +81 8; 
ttag +82 2; 
ttag +83 5; 
ttag +84 7; 
ttag +85 4; 
ttag +86 7; 
ttag +87 6; 
ttag +88 10; 
tread
'Tree with tags' 
(0 (((1 ((26 (27 (28 (29 30 ))))(39 ((31 (35 (34 ((32 33 )(36 (37 38 ))))))((40 41 )(42 (43 ((44 45 )(46 47 )))))))))(((2 3 )(8 (((4 5 )(6 7 ))(9 (10 (11 12 ))))))((17 (15 16 ))((18 19 )((20 21 )((22 23 )(24 25 )))))))(13 14 ))); 
ttag *!; 
ttag +0 ////; 
ttag +1 ////; 
ttag +2 ////; 
ttag +3 ////; 
ttag +4 ////; 
ttag +5 ////; 
ttag +6 ////; 
ttag +7 ////; 
ttag +8 ////; 
ttag +9 ////; 
ttag +10 ////; 
ttag +11 ////; 
ttag +12 ////; 
ttag +13 ////; 
ttag +14 ////; 
ttag +15 ////; 
ttag +16 ////; 
ttag +17 ////; 
ttag +18 ////; 
ttag +19 ////; 
ttag +20 ////; 
ttag +21 ////; 
ttag +22 ////; 
ttag +23 ////; 
ttag +24 ////; 
ttag +25 ////; 
ttag +26 ////; 
ttag +27 ////; 
ttag +28 ////; 
ttag +29 ////; 
ttag +30 ////; 
ttag +31 ////; 
ttag +32 ////; 
ttag +33 ////; 
ttag +34 ////; 
ttag +35 ////; 
ttag +36 ////; 
ttag +37 ////; 
ttag +38 ////; 
ttag +39 ////; 
ttag +40 ////; 
ttag +41 ////; 
ttag +42 ////; 
ttag +43 ////; 
ttag +44 ////; 
ttag +45 ////; 
ttag +46 ////; 
ttag +47 ////; 
ttag +48 ////; 
ttag +49 41/19/13/24/19; 
ttag +50 2/[19]/?/?/?; 
ttag +51 100/100/100/100/100; 
ttag +52 96/94/92/96/92; 
ttag +53 88/86/74/90/79; 
ttag +54 20/9/2/10/3; 
ttag +55 97/96/97/97/97; 
ttag +56 100/100/100/100/98; 
ttag +57 12/[22]/?/?/?; 
ttag +58 34/4/11/12/?; 
ttag +59 43/[2]/8/17/4; 
ttag +60 10/[24]/?/?/?; 
ttag +61 99/99/97/99/96; 
ttag +62 100/100/100/100/100; 
ttag +63 100/100/100/100/100; 
ttag +64 100/100/99/99/98; 
ttag +65 33/[12]/?/?/?; 
ttag +66 60/51/36/52/41; 
ttag +67 48/20/22/7/24; 
ttag +68 93/92/85/90/88; 
ttag +69 99/99/98/99/98; 
ttag +70 86/83/72/85/71; 
ttag +71 99/98/95/99/98; 
ttag +72 100/100/99/98/100; 
ttag +73 97/97/92/96/90; 
ttag +74 100/100/99/100/98; 
ttag +75 91/88/81/91/78; 
ttag +76 87/84/76/89/79; 
ttag +77 92/90/83/94/77; 
ttag +78 100/100/100/100/100; 
ttag +79 96/95/92/97/94; 
ttag +80 3/[8]/?/?/?; 
ttag +81 95/94/89/96/89; 
ttag +82 99/98/95/98/94; 
ttag +83 37/4/3/7/10; 
ttag +84 37/[6]/?/1/?; 
ttag +85 91/90/74/90/72; 
ttag +86 99/99/95/99/95; 
ttag +87 100/100/99/100/100; 
ttag +88 71/62/56/72/55; 
ttag +89 98/98/94/99/88; 
ttag +90 98/98/96/98/96; 
ttag +91 93/90/88/96/92; 
ttag +92 99/99/100/100/99; 
ttag +93 94/91/83/95/92; 
ttag +94 100/100/100/100/100; 
