tread
'Tree with tags' 
(0 ((1 ((2 3 )(((4 5 )(6 7 ))(8 9 (10 (11 12 ))))))(((13 14 )(17 (15 16 )(18 19 ((20 21 )((22 23 )(24 25 ))))))((26 (27 (28 (29 30 ))))((31 (((32 33 )(36 (37 38 )))(34 35 )))(39 ((40 41 )(42 (43 ((44 45 )(46 47 ))))))))))); 
ttag *!; 
ttag +49 5; 
ttag +50 ???; 
ttag +51 6; 
ttag +52 7; 
ttag +53 8; 
ttag +54 6; 
ttag +55 3; 
ttag +56 5; 
ttag +57 1; 
ttag +58 9; 
ttag +59 11; 
ttag +60 6; 
ttag +61 1; 
ttag +62 1; 
ttag +63 14; 
ttag +64 8; 
ttag +65 3; 
ttag +66 6; 
ttag +67 4; 
ttag +68 9; 
ttag +69 2; 
ttag +70 8; 
ttag +71 6; 
ttag +72 8; 
ttag +73 2; 
ttag +74 3; 
ttag +75 14; 
ttag +76 6; 
ttag +77 5; 
ttag +78 1; 
ttag +79 2; 
ttag +80 7; 
ttag +81 2; 
ttag +82 6; 
ttag +83 10; 
ttag +84 2; 
ttag +85 1; 
ttag +86 10; 
ttag +87 6; 
ttag +88 1; 
ttag +89 10; 
ttag +90 7; 
ttag +91 1; 
tread
'Tree with tags' 
(0 ((1 ((2 3 )(((4 5 )(6 7 ))(9 (8 (10 (11 12 )))))))(((13 14 )((15 16 )(17 ((18 19 )((20 21 )((22 23 )(24 25 )))))))((26 (27 (28 (29 30 ))))((31 (((32 33 )(36 (37 38 )))(34 35 )))(39 ((40 41 )(42 (43 ((44 45 )(46 47 ))))))))))); 
ttag *!; 
ttag +0 ////; 
ttag +1 ////; 
ttag +2 ////; 
ttag +3 ////; 
ttag +4 ////; 
ttag +5 ////; 
ttag +6 ////; 
ttag +7 ////; 
ttag +8 ////; 
ttag +9 ////; 
ttag +10 ////; 
ttag +11 ////; 
ttag +12 ////; 
ttag +13 ////; 
ttag +14 ////; 
ttag +15 ////; 
ttag +16 ////; 
ttag +17 ////; 
ttag +18 ////; 
ttag +19 ////; 
ttag +20 ////; 
ttag +21 ////; 
ttag +22 ////; 
ttag +23 ////; 
ttag +24 ////; 
ttag +25 ////; 
ttag +26 ////; 
ttag +27 ////; 
ttag +28 ////; 
ttag +29 ////; 
ttag +30 ////; 
ttag +31 ////; 
ttag +32 ////; 
ttag +33 ////; 
ttag +34 ////; 
ttag +35 ////; 
ttag +36 ////; 
ttag +37 ////; 
ttag +38 ////; 
ttag +39 ////; 
ttag +40 ////; 
ttag +41 ////; 
ttag +42 ////; 
ttag +43 ////; 
ttag +44 ////; 
ttag +45 ////; 
ttag +46 ////; 
ttag +47 ////; 
ttag +48 ////; 
ttag +49 90/85/75/87/69; 
ttag +50 100/100/100/100/100; 
ttag +51 98/98/99/99/98; 
ttag +52 98/98/94/98/94; 
ttag +53 100/100/100/100/100; 
ttag +54 97/96/87/96/88; 
ttag +55 82/77/62/77/64; 
ttag +56 90/88/83/94/81; 
ttag +57 36/[3]/?/2/?; 
ttag +58 62/52/42/46/43; 
ttag +59 100/100/98/100/99; 
ttag +60 100/100/100/99/100; 
ttag +61 98/97/98/98/99; 
ttag +62 53/42/26/32/29; 
ttag +63 53/46/32/44/31; 
ttag +64 100/100/100/100/100; 
ttag +65 100/100/98/100/99; 
ttag +66 44/16/16/22/18; 
ttag +67 16/[16]/?/?/?; 
ttag +68 77/67/53/63/60; 
ttag +69 100/100/99/98/99; 
ttag +70 95/93/83/94/86; 
ttag +71 100/100/100/100/100; 
ttag +72 67/50/44/52/42; 
ttag +73 99/99/93/98/96; 
ttag +74 98/98/94/97/94; 
ttag +75 100/100/98/99/98; 
ttag +76 71/60/55/62/50; 
ttag +77 91/90/75/89/77; 
ttag +78 100/100/100/100/100; 
ttag +79 96/95/92/96/96; 
ttag +80 98/97/92/98/98; 
ttag +81 58/39/30/43/25; 
ttag +82 65/55/47/58/47; 
ttag +83 100/100/98/99/98; 
ttag +84 85/82/78/77/72; 
ttag +85 98/98/95/98/92; 
ttag +86 100/100/100/100/100; 
ttag +87 68/53/31/47/29; 
ttag +88 37/0/5/10/1; 
ttag +89 100/100/99/100/98; 
ttag +90 97/97/89/95/92; 
ttag +91 51/27/29/28/18; 
ttag +92 100/100/98/100/98; 
ttag +93 98/97/94/98/95; 
ttag +94 60/44/25/42/16; 
