tread
'Tree with tags' 
(0 ((1 ((2 3 )((6 (7 (4 5 )))(8 9 (10 (11 12 ))))))(((13 14 )((26 (27 (28 (29 30 ))))((39 (31 ((32 33 )((34 35 )(36 (37 38 ))))))(40 41 (42 (43 ((44 45 )(46 47 ))))))))((17 (15 16 ))(18 (19 ((20 21 )((22 23 )(24 25 ))))))))); 
ttag *!; 
ttag +49 2; 
ttag +50 ???; 
ttag +51 12; 
ttag +52 8; 
ttag +53 5; 
ttag +54 1; 
ttag +55 4; 
ttag +56 1; 
ttag +57 1; 
ttag +58 3; 
ttag +59 4; 
ttag +60 12; 
ttag +61 1; 
ttag +62 3; 
ttag +63 7; 
ttag +64 1; 
ttag +65 8; 
ttag +66 4; 
ttag +67 1; 
ttag +68 9; 
ttag +69 8; 
ttag +70 9; 
ttag +71 6; 
ttag +72 5; 
ttag +73 5; 
ttag +74 7; 
ttag +75 2; 
ttag +76 2; 
ttag +77 5; 
ttag +78 7; 
ttag +79 1; 
ttag +80 5; 
ttag +81 6; 
ttag +82 3; 
ttag +83 1; 
ttag +84 2; 
ttag +85 9; 
ttag +86 5; 
ttag +87 7; 
ttag +88 10; 
ttag +89 5; 
ttag +90 7; 
ttag +91 10; 
ttag +92 4; 
tread
'Tree with tags' 
(0 ((1 ((2 3 )((6 (7 (4 5 )))(8 (9 (10 (11 12 )))))))(((13 14 )((26 (27 (28 (29 30 ))))((39 (31 ((32 33 )((34 35 )(36 (37 38 ))))))(40 (41 (42 (43 ((44 45 )(46 47 )))))))))((17 (15 16 ))(18 (19 ((20 21 )((22 23 )(24 25 ))))))))); 
ttag *!; 
ttag +0 ////; 
ttag +1 ////; 
ttag +2 ////; 
ttag +3 ////; 
ttag +4 ////; 
ttag +5 ////; 
ttag +6 ////; 
ttag +7 ////; 
ttag +8 ////; 
ttag +9 ////; 
ttag +10 ////; 
ttag +11 ////; 
ttag +12 ////; 
ttag +13 ////; 
ttag +14 ////; 
ttag +15 ////; 
ttag +16 ////; 
ttag +17 ////; 
ttag +18 ////; 
ttag +19 ////; 
ttag +20 ////; 
ttag +21 ////; 
ttag +22 ////; 
ttag +23 ////; 
ttag +24 ////; 
ttag +25 ////; 
ttag +26 ////; 
ttag +27 ////; 
ttag +28 ////; 
ttag +29 ////; 
ttag +30 ////; 
ttag +31 ////; 
ttag +32 ////; 
ttag +33 ////; 
ttag +34 ////; 
ttag +35 ////; 
ttag +36 ////; 
ttag +37 ////; 
ttag +38 ////; 
ttag +39 ////; 
ttag +40 ////; 
ttag +41 ////; 
ttag +42 ////; 
ttag +43 ////; 
ttag +44 ////; 
ttag +45 ////; 
ttag +46 ////; 
ttag +47 ////; 
ttag +48 ////; 
ttag +49 54/44/49/44/29; 
ttag +50 100/100/100/100/100; 
ttag +51 100/100/99/100/100; 
ttag +52 100/100/98/100/97; 
ttag +53 93/91/87/96/89; 
ttag +54 68/56/58/58/48; 
ttag +55 95/94/84/93/87; 
ttag +56 47/26/14/21/22; 
ttag +57 35/14/9/11/8; 
ttag +58 19/[1]/?/0/?; 
ttag +59 88/84/80/86/75; 
ttag +60 99/99/96/97/96; 
ttag +61 100/100/100/100/100; 
ttag +62 38/18/15/18/16; 
ttag +63 60/50/47/51/32; 
ttag +64 99/99/96/99/94; 
ttag +65 65/44/31/40/37; 
ttag +66 99/99/96/98/98; 
ttag +67 92/91/84/89/78; 
ttag +68 60/40/30/33/23; 
ttag +69 100/100/100/100/99; 
ttag +70 99/99/97/99/98; 
ttag +71 100/100/99/100/100; 
ttag +72 99/98/91/98/97; 
ttag +73 98/98/91/98/93; 
ttag +74 96/95/93/97/96; 
ttag +75 100/100/97/98/94; 
ttag +76 80/73/64/71/62; 
ttag +77 73/69/66/78/66; 
ttag +78 98/98/95/97/94; 
ttag +79 99/99/91/99/92; 
ttag +80 59/42/50/47/51; 
ttag +81 92/90/89/93/91; 
ttag +82 97/96/94/99/92; 
ttag +83 86/82/84/88/79; 
ttag +84 61/50/44/52/46; 
ttag +85 84/80/78/71/64; 
ttag +86 100/100/100/100/98; 
ttag +87 92/90/90/91/82; 
ttag +88 100/100/98/99/97; 
ttag +89 25/[25]/?/?/?; 
ttag +90 100/100/99/100/99; 
ttag +91 96/94/94/96/88; 
ttag +92 99/99/98/99/97; 
ttag +93 100/100/100/100/100; 
ttag +94 95/94/82/94/81; 
