tread
'Tree with tags' 
(0 ((1 ((2 3 )(((4 5 )(6 7 ))(8 9 10 (11 12 )))))(((13 14 )((26 (27 (28 (29 30 ))))(39 ((31 (34 35 (32 33 )(36 (37 38 ))))(40 (41 (42 (43 ((44 45 )(46 47 ))))))))))((15 16 )(17 (18 (19 ((20 21 )((22 23 )(24 25 )))))))))); 
ttag *!; 
ttag +49 1; 
ttag +50 ???; 
ttag +51 5; 
ttag +52 8; 
ttag +53 4; 
ttag +54 5; 
ttag +55 1; 
ttag +56 4; 
ttag +57 2; 
ttag +58 6; 
ttag +59 9; 
ttag +60 1; 
ttag +61 2; 
ttag +62 11; 
ttag +63 6; 
ttag +64 2; 
ttag +65 7; 
ttag +66 4; 
ttag +67 4; 
ttag +68 10; 
ttag +69 8; 
ttag +70 8; 
ttag +71 4; 
ttag +72 5; 
ttag +73 2; 
ttag +74 4; 
ttag +75 4; 
ttag +76 11; 
ttag +77 5; 
ttag +78 1; 
ttag +79 9; 
ttag +80 2; 
ttag +81 4; 
ttag +82 4; 
ttag +83 15; 
ttag +84 6; 
ttag +85 4; 
ttag +86 11; 
ttag +87 3; 
ttag +88 3; 
ttag +89 2; 
ttag +90 2; 
tread
'Tree with tags' 
(0 ((1 ((2 3 )(((4 5 )(6 7 ))((9 (8 10 ))(11 12 )))))(((13 14 )((26 (27 (28 (29 30 ))))(39 ((31 ((32 33 )(35 (34 (36 (37 38 ))))))(40 (41 (42 (43 ((44 45 )(46 47 ))))))))))((15 16 )(17 (18 (19 ((20 21 )((22 23 )(24 25 )))))))))); 
ttag *!; 
ttag +0 ////; 
ttag +1 ////; 
ttag +2 ////; 
ttag +3 ////; 
ttag +4 ////; 
ttag +5 ////; 
ttag +6 ////; 
ttag +7 ////; 
ttag +8 ////; 
ttag +9 ////; 
ttag +10 ////; 
ttag +11 ////; 
ttag +12 ////; 
ttag +13 ////; 
ttag +14 ////; 
ttag +15 ////; 
ttag +16 ////; 
ttag +17 ////; 
ttag +18 ////; 
ttag +19 ////; 
ttag +20 ////; 
ttag +21 ////; 
ttag +22 ////; 
ttag +23 ////; 
ttag +24 ////; 
ttag +25 ////; 
ttag +26 ////; 
ttag +27 ////; 
ttag +28 ////; 
ttag +29 ////; 
ttag +30 ////; 
ttag +31 ////; 
ttag +32 ////; 
ttag +33 ////; 
ttag +34 ////; 
ttag +35 ////; 
ttag +36 ////; 
ttag +37 ////; 
ttag +38 ////; 
ttag +39 ////; 
ttag +40 ////; 
ttag +41 ////; 
ttag +42 ////; 
ttag +43 ////; 
ttag +44 ////; 
ttag +45 ////; 
ttag +46 ////; 
ttag +47 ////; 
ttag +48 ////; 
ttag +49 20/[1]/?/5/?; 
ttag +50 100/100/100/100/100; 
ttag +51 96/95/94/96/92; 
ttag +52 99/99/94/96/96; 
ttag +53 93/92/81/92/86; 
ttag +54 88/84/80/87/67; 
ttag +55 44/19/14/23/5; 
ttag +56 88/84/76/85/71; 
ttag +57 31/[5]/?/?/7; 
ttag +58 10/[26]/?/?/?; 
ttag +59 61/36/27/38/19; 
ttag +60 99/99/100/100/99; 
ttag +61 100/100/98/99/99; 
ttag +62 26/0/?/7/?; 
ttag +63 36/14/8/21/11; 
ttag +64 100/100/100/100/100; 
ttag +65 94/93/89/94/86; 
ttag +66 85/83/68/81/70; 
ttag +67 97/96/85/96/92; 
ttag +68 96/96/84/95/91; 
ttag +69 96/94/93/95/91; 
ttag +70 100/100/99/100/100; 
ttag +71 100/100/97/99/99; 
ttag +72 98/98/95/100/99; 
ttag +73 94/93/86/92/90; 
ttag +74 98/98/95/98/93; 
ttag +75 52/23/16/31/18; 
ttag +76 98/98/91/98/92; 
ttag +77 96/95/87/93/87; 
ttag +78 100/100/100/99/100; 
ttag +79 93/92/88/95/85; 
ttag +80 34/9/2/16/6; 
ttag +81 99/99/98/98/96; 
ttag +82 78/71/62/80/68; 
ttag +83 90/89/84/92/76; 
ttag +84 36/[9]/?/?/?; 
ttag +85 33/27/21/21/24; 
ttag +86 94/93/87/96/85; 
ttag +87 100/100/100/100/100; 
ttag +88 88/85/77/87/77; 
ttag +89 70/61/44/64/51; 
ttag +90 99/99/97/100/99; 
ttag +91 69/49/43/57/42; 
ttag +92 80/68/58/74/70; 
ttag +93 82/78/71/79/72; 
ttag +94 75/62/55/69/64; 
