tread
'Tree with tags' 
(0 ((1 ((2 3 )(((4 5 )(6 7 ))((8 9 )(10 (11 12 ))))))(((13 14 )((26 (27 (28 (29 30 ))))(39 (31 (((32 33 )(34 35 ))(36 (37 38 ))))((40 41 )(42 (43 (46 47 (44 45 ))))))))((15 16 )(17 (18 (19 ((20 21 )((22 23 )(24 25 )))))))))); 
ttag *!; 
ttag +49 3; 
ttag +50 ???; 
ttag +51 9; 
ttag +52 10; 
ttag +53 4; 
ttag +54 4; 
ttag +55 7; 
ttag +56 2; 
ttag +57 1; 
ttag +58 5; 
ttag +59 3; 
ttag +60 6; 
ttag +61 5; 
ttag +62 1; 
ttag +63 2; 
ttag +64 12; 
ttag +65 3; 
ttag +66 4; 
ttag +67 3; 
ttag +68 1; 
ttag +69 5; 
ttag +70 9; 
ttag +71 4; 
ttag +72 4; 
ttag +73 3; 
ttag +74 7; 
ttag +75 6; 
ttag +76 1; 
ttag +77 2; 
ttag +78 5; 
ttag +79 2; 
ttag +80 2; 
ttag +81 7; 
ttag +82 1; 
ttag +83 7; 
ttag +84 2; 
ttag +85 8; 
ttag +86 6; 
ttag +87 2; 
ttag +88 4; 
ttag +89 9; 
ttag +90 3; 
ttag +91 5; 
ttag +92 8; 
tread
'Tree with tags' 
(0 ((1 ((2 3 )(((4 5 )(6 7 ))((8 9 )(10 (11 12 ))))))(((13 14 )((26 (27 (28 (29 30 ))))((31 (((32 33 )(34 35 ))(36 (37 38 ))))(39 ((40 41 )(42 (43 (47 (46 (44 45 ))))))))))((15 16 )(17 (18 (19 ((20 21 )((22 23 )(24 25 )))))))))); 
ttag *!; 
ttag +0 ////; 
ttag +1 ////; 
ttag +2 ////; 
ttag +3 ////; 
ttag +4 ////; 
ttag +5 ////; 
ttag +6 ////; 
ttag +7 ////; 
ttag +8 ////; 
ttag +9 ////; 
ttag +10 ////; 
ttag +11 ////; 
ttag +12 ////; 
ttag +13 ////; 
ttag +14 ////; 
ttag +15 ////; 
ttag +16 ////; 
ttag +17 ////; 
ttag +18 ////; 
ttag +19 ////; 
ttag +20 ////; 
ttag +21 ////; 
ttag +22 ////; 
ttag +23 ////; 
ttag +24 ////; 
ttag +25 ////; 
ttag +26 ////; 
ttag +27 ////; 
ttag +28 ////; 
ttag +29 ////; 
ttag +30 ////; 
ttag +31 ////; 
ttag +32 ////; 
ttag +33 ////; 
ttag +34 ////; 
ttag +35 ////; 
ttag +36 ////; 
ttag +37 ////; 
ttag +38 ////; 
ttag +39 ////; 
ttag +40 ////; 
ttag +41 ////; 
ttag +42 ////; 
ttag +43 ////; 
ttag +44 ////; 
ttag +45 ////; 
ttag +46 ////; 
ttag +47 ////; 
ttag +48 ////; 
ttag +49 86/82/74/90/73; 
ttag +50 100/100/100/100/100; 
ttag +51 100/100/100/99/100; 
ttag +52 99/99/96/100/98; 
ttag +53 94/92/88/94/87; 
ttag +54 90/87/72/86/80; 
ttag +55 100/100/98/99/98; 
ttag +56 74/66/49/69/45; 
ttag +57 65/64/60/60/59; 
ttag +58 96/96/89/97/88; 
ttag +59 87/85/57/85/69; 
ttag +60 98/97/97/98/94; 
ttag +61 99/98/97/97/95; 
ttag +62 46/13/8/9/14; 
ttag +63 70/66/56/65/55; 
ttag +64 100/100/100/100/99; 
ttag +65 70/65/58/73/63; 
ttag +66 97/96/86/93/88; 
ttag +67 87/83/70/82/68; 
ttag +68 58/39/20/36/26; 
ttag +69 99/99/98/98/96; 
ttag +70 100/100/100/100/99; 
ttag +71 89/84/78/86/74; 
ttag +72 94/93/85/93/80; 
ttag +73 85/78/65/80/70; 
ttag +74 99/99/99/98/98; 
ttag +75 98/98/94/100/97; 
ttag +76 62/40/37/44/35; 
ttag +77 88/84/79/77/78; 
ttag +78 98/97/92/96/94; 
ttag +79 70/64/61/62/55; 
ttag +80 58/45/37/49/41; 
ttag +81 99/99/98/100/99; 
ttag +82 62/47/40/50/41; 
ttag +83 100/100/99/99/94; 
ttag +84 82/82/78/80/81; 
ttag +85 100/100/97/100/98; 
ttag +86 100/100/98/99/98; 
ttag +87 30/5/19/10/20; 
ttag +88 77/73/61/68/62; 
ttag +89 79/73/56/76/59; 
ttag +90 98/97/97/96/94; 
ttag +91 78/64/46/67/49; 
ttag +92 96/96/88/94/84; 
ttag +93 30/[9]/?/?/?; 
ttag +94 100/100/98/99/99; 
