tread
'Tree with tags' 
(0 ((1 (((2 3 )((8 (9 (6 7 (4 5 ))))(10 (11 12 ))))((26 (27 (28 (29 30 ))))(39 (31 ((32 33 )((34 35 )(36 (37 38 )))))((40 41 )(42 (43 ((44 45 )(46 47 )))))))))((13 14 )((15 16 )(17 (18 (19 ((20 21 )((22 23 )(24 25 )))))))))); 
ttag *!; 
ttag +49 1; 
ttag +50 ???; 
ttag +51 9; 
ttag +52 8; 
ttag +53 1; 
ttag +54 5; 
ttag +55 11; 
ttag +56 1; 
ttag +57 1; 
ttag +58 4; 
ttag +59 3; 
ttag +60 5; 
ttag +61 14; 
ttag +62 2; 
ttag +63 9; 
ttag +64 4; 
ttag +65 4; 
ttag +66 6; 
ttag +67 1; 
ttag +68 7; 
ttag +69 2; 
ttag +70 6; 
ttag +71 5; 
ttag +72 4; 
ttag +73 5; 
ttag +74 9; 
ttag +75 2; 
ttag +76 8; 
ttag +77 10; 
ttag +78 4; 
ttag +79 6; 
ttag +80 5; 
ttag +81 6; 
ttag +82 8; 
ttag +83 1; 
ttag +84 11; 
ttag +85 7; 
ttag +86 3; 
ttag +87 9; 
ttag +88 7; 
ttag +89 6; 
ttag +90 7; 
ttag +91 6; 
ttag +92 2; 
tread
'Tree with tags' 
(0 ((1 (((2 3 )((8 (9 ((4 5 )(6 7 ))))(10 (11 12 ))))((26 (27 (28 (29 30 ))))(39 ((31 ((32 33 )((34 35 )(36 (37 38 )))))((40 41 )(42 (43 ((44 45 )(46 47 ))))))))))((13 14 )((15 16 )(17 (18 (19 ((20 21 )((22 23 )(24 25 )))))))))); 
ttag *!; 
ttag +0 ////; 
ttag +1 ////; 
ttag +2 ////; 
ttag +3 ////; 
ttag +4 ////; 
ttag +5 ////; 
ttag +6 ////; 
ttag +7 ////; 
ttag +8 ////; 
ttag +9 ////; 
ttag +10 ////; 
ttag +11 ////; 
ttag +12 ////; 
ttag +13 ////; 
ttag +14 ////; 
ttag +15 ////; 
ttag +16 ////; 
ttag +17 ////; 
ttag +18 ////; 
ttag +19 ////; 
ttag +20 ////; 
ttag +21 ////; 
ttag +22 ////; 
ttag +23 ////; 
ttag +24 ////; 
ttag +25 ////; 
ttag +26 ////; 
ttag +27 ////; 
ttag +28 ////; 
ttag +29 ////; 
ttag +30 ////; 
ttag +31 ////; 
ttag +32 ////; 
ttag +33 ////; 
ttag +34 ////; 
ttag +35 ////; 
ttag +36 ////; 
ttag +37 ////; 
ttag +38 ////; 
ttag +39 ////; 
ttag +40 ////; 
ttag +41 ////; 
ttag +42 ////; 
ttag +43 ////; 
ttag +44 ////; 
ttag +45 ////; 
ttag +46 ////; 
ttag +47 ////; 
ttag +48 ////; 
ttag +49 44/23/14/29/8; 
ttag +50 100/100/100/100/100; 
ttag +51 100/100/96/99/97; 
ttag +52 99/99/96/98/97; 
ttag +53 44/22/16/25/14; 
ttag +54 100/100/98/100/98; 
ttag +55 100/100/100/100/99; 
ttag +56 32/[9]/?/?/?; 
ttag +57 37/14/17/20/9; 
ttag +58 87/85/69/85/75; 
ttag +59 23/[10]/?/?/?; 
ttag +60 85/82/68/75/66; 
ttag +61 98/98/99/98/98; 
ttag +62 100/100/100/100/100; 
ttag +63 67/61/37/61/44; 
ttag +64 100/100/100/100/100; 
ttag +65 95/94/86/98/91; 
ttag +66 86/80/59/87/68; 
ttag +67 93/91/90/92/86; 
ttag +68 39/19/27/32/32; 
ttag +69 100/100/100/100/100; 
ttag +70 72/60/59/63/56; 
ttag +71 99/99/97/98/96; 
ttag +72 93/92/87/90/85; 
ttag +73 94/93/79/93/82; 
ttag +74 99/99/96/98/96; 
ttag +75 99/99/98/99/97; 
ttag +76 76/66/58/69/64; 
ttag +77 100/100/98/100/98; 
ttag +78 100/100/98/100/99; 
ttag +79 88/84/78/86/81; 
ttag +80 22/[8]/?/?/?; 
ttag +81 98/98/88/98/93; 
ttag +82 100/100/98/99/99; 
ttag +83 98/97/97/98/97; 
ttag +84 99/99/100/99/98; 
ttag +85 50/40/26/31/19; 
ttag +86 100/100/100/100/100; 
ttag +87 99/99/94/99/95; 
ttag +88 80/76/73/76/59; 
ttag +89 99/99/96/99/96; 
ttag +90 99/99/94/98/96; 
ttag +91 99/99/92/97/93; 
ttag +92 100/100/97/100/98; 
ttag +93 99/99/90/100/97; 
ttag +94 73/59/60/74/66; 
