tread
'Tree with tags' 
(0 ((1 ((2 3 )(8 (9 ((6 7 (4 5 ))(10 11 12 ))))))((13 14 )((17 (15 16 ))(18 (19 ((20 21 )((22 23 )(24 25 ))))))(((26 (27 (28 (29 30 ))))((40 41 )(42 43 (46 47 (44 45 )))))(39 (31 ((32 33 )(34 35 )(36 (37 38 ))))))))); 
ttag *!; 
ttag +49 2; 
ttag +50 ???; 
ttag +51 7; 
ttag +52 6; 
ttag +53 8; 
ttag +54 10; 
ttag +55 2; 
ttag +56 1; 
ttag +57 2; 
ttag +58 4; 
ttag +59 10; 
ttag +60 2; 
ttag +61 8; 
ttag +62 1; 
ttag +63 6; 
ttag +64 3; 
ttag +65 2; 
ttag +66 8; 
ttag +67 10; 
ttag +68 13; 
ttag +69 4; 
ttag +70 3; 
ttag +71 8; 
ttag +72 1; 
ttag +73 4; 
ttag +74 6; 
ttag +75 4; 
ttag +76 13; 
ttag +77 9; 
ttag +78 1; 
ttag +79 7; 
ttag +80 2; 
ttag +81 8; 
ttag +82 7; 
ttag +83 9; 
ttag +84 4; 
ttag +85 4; 
ttag +86 6; 
ttag +87 5; 
ttag +88 3; 
tread
'Tree with tags' 
(0 ((1 ((2 3 )(8 (9 (((4 5 )(6 7 ))(10 (11 12 )))))))(((13 14 )((17 (15 16 ))(18 (19 ((20 21 )((22 23 )(24 25 )))))))(((26 (27 (28 (29 30 ))))((40 41 )(43 (42 ((44 45 )(46 47 ))))))(39 (31 (((32 33 )(36 (37 38 )))(34 35 )))))))); 
ttag *!; 
ttag +0 ////; 
ttag +1 ////; 
ttag +2 ////; 
ttag +3 ////; 
ttag +4 ////; 
ttag +5 ////; 
ttag +6 ////; 
ttag +7 ////; 
ttag +8 ////; 
ttag +9 ////; 
ttag +10 ////; 
ttag +11 ////; 
ttag +12 ////; 
ttag +13 ////; 
ttag +14 ////; 
ttag +15 ////; 
ttag +16 ////; 
ttag +17 ////; 
ttag +18 ////; 
ttag +19 ////; 
ttag +20 ////; 
ttag +21 ////; 
ttag +22 ////; 
ttag +23 ////; 
ttag +24 ////; 
ttag +25 ////; 
ttag +26 ////; 
ttag +27 ////; 
ttag +28 ////; 
ttag +29 ////; 
ttag +30 ////; 
ttag +31 ////; 
ttag +32 ////; 
ttag +33 ////; 
ttag +34 ////; 
ttag +35 ////; 
ttag +36 ////; 
ttag +37 ////; 
ttag +38 ////; 
ttag +39 ////; 
ttag +40 ////; 
ttag +41 ////; 
ttag +42 ////; 
ttag +43 ////; 
ttag +44 ////; 
ttag +45 ////; 
ttag +46 ////; 
ttag +47 ////; 
ttag +48 ////; 
ttag +49 76/65/49/64/57; 
ttag +50 100/100/100/100/100; 
ttag +51 99/99/97/99/96; 
ttag +52 95/94/82/90/87; 
ttag +53 100/100/99/100/99; 
ttag +54 100/100/100/99/99; 
ttag +55 65/52/42/49/37; 
ttag +56 34/22/11/22/20; 
ttag +57 79/72/72/77/68; 
ttag +58 33/3/?/5/?; 
ttag +59 96/96/92/95/94; 
ttag +60 46/8/10/2/?; 
ttag +61 100/100/100/100/99; 
ttag +62 17/[25]/?/?/?; 
ttag +63 69/58/44/60/51; 
ttag +64 100/100/98/100/99; 
ttag +65 57/36/37/43/19; 
ttag +66 97/96/91/97/93; 
ttag +67 84/79/77/84/76; 
ttag +68 91/91/84/87/84; 
ttag +69 100/100/100/99/100; 
ttag +70 100/100/99/100/99; 
ttag +71 100/100/100/100/100; 
ttag +72 92/88/82/92/80; 
ttag +73 88/86/83/84/75; 
ttag +74 100/100/99/100/98; 
ttag +75 47/15/10/20/9; 
ttag +76 91/89/89/93/78; 
ttag +77 98/98/92/97/90; 
ttag +78 91/87/83/91/86; 
ttag +79 100/100/100/100/100; 
ttag +80 99/98/97/99/96; 
ttag +81 57/50/44/46/50; 
ttag +82 96/94/86/96/92; 
ttag +83 25/[17]/?/?/?; 
ttag +84 72/61/50/65/58; 
ttag +85 100/100/100/100/100; 
ttag +86 99/98/98/100/98; 
ttag +87 100/100/100/100/100; 
ttag +88 88/80/80/86/72; 
ttag +89 92/90/82/89/79; 
ttag +90 23/[30]/?/?/?; 
ttag +91 99/99/99/99/98; 
ttag +92 97/96/90/97/90; 
ttag +93 84/78/56/84/68; 
ttag +94 33/14/24/21/22; 
