tread
'Tree with tags' 
(0 (1 ((2 3 )(((4 5 )(6 7 ))(8 (9 (10 (11 12 ))))))(13 14 )((15 16 )(17 (19 (18 ((20 21 )((22 23 )(24 25 )))))))((26 (27 (28 (29 30 ))))(39 ((31 ((32 33 )((34 35 )(36 (37 38 )))))((40 41 )(42 (43 ((44 45 )(46 47 )))))))))); 
ttag *!; 
ttag +49 ???; 
ttag +50 5; 
ttag +51 7; 
ttag +52 4; 
ttag +53 10; 
ttag +54 2; 
ttag +55 2; 
ttag +56 6; 
ttag +57 1; 
ttag +58 4; 
ttag +59 8; 
ttag +60 4; 
ttag +61 8; 
ttag +62 7; 
ttag +63 2; 
ttag +64 1; 
ttag +65 7; 
ttag +66 8; 
ttag +67 8; 
ttag +68 7; 
ttag +69 6; 
ttag +70 5; 
ttag +71 8; 
ttag +72 3; 
ttag +73 2; 
ttag +74 3; 
ttag +75 6; 
ttag +76 6; 
ttag +77 1; 
ttag +78 4; 
ttag +79 3; 
ttag +80 4; 
ttag +81 8; 
ttag +82 1; 
ttag +83 13; 
ttag +84 12; 
ttag +85 4; 
ttag +86 6; 
ttag +87 12; 
ttag +88 1; 
ttag +89 7; 
ttag +90 3; 
ttag +91 1; 
tread
'Tree with tags' 
(0 ((1 ((((2 3 )(((4 5 )(6 7 ))(8 (9 (10 (11 12 ))))))((15 16 )(17 (19 (18 ((20 21 )((22 23 )(24 25 ))))))))((26 (27 (28 (29 30 ))))(39 ((31 ((32 33 )((34 35 )(36 (37 38 )))))((40 41 )(42 (43 ((44 45 )(46 47 ))))))))))(13 14 ))); 
ttag *!; 
ttag +0 ////; 
ttag +1 ////; 
ttag +2 ////; 
ttag +3 ////; 
ttag +4 ////; 
ttag +5 ////; 
ttag +6 ////; 
ttag +7 ////; 
ttag +8 ////; 
ttag +9 ////; 
ttag +10 ////; 
ttag +11 ////; 
ttag +12 ////; 
ttag +13 ////; 
ttag +14 ////; 
ttag +15 ////; 
ttag +16 ////; 
ttag +17 ////; 
ttag +18 ////; 
ttag +19 ////; 
ttag +20 ////; 
ttag +21 ////; 
ttag +22 ////; 
ttag +23 ////; 
ttag +24 ////; 
ttag +25 ////; 
ttag +26 ////; 
ttag +27 ////; 
ttag +28 ////; 
ttag +29 ////; 
ttag +30 ////; 
ttag +31 ////; 
ttag +32 ////; 
ttag +33 ////; 
ttag +34 ////; 
ttag +35 ////; 
ttag +36 ////; 
ttag +37 ////; 
ttag +38 ////; 
ttag +39 ////; 
ttag +40 ////; 
ttag +41 ////; 
ttag +42 ////; 
ttag +43 ////; 
ttag +44 ////; 
ttag +45 ////; 
ttag +46 ////; 
ttag +47 ////; 
ttag +48 ////; 
ttag +49 31/19/18/17/12; 
ttag +50 100/100/100/100/100; 
ttag +51 92/88/82/90/83; 
ttag +52 96/95/90/95/90; 
ttag +53 36/18/3/7/6; 
ttag +54 31/15/13/6/7; 
ttag +55 89/86/74/83/76; 
ttag +56 98/98/97/100/96; 
ttag +57 65/40/34/43/35; 
ttag +58 71/58/54/71/61; 
ttag +59 94/90/88/93/86; 
ttag +60 49/30/22/38/33; 
ttag +61 75/71/67/84/70; 
ttag +62 98/98/96/98/95; 
ttag +63 91/89/85/87/81; 
ttag +64 99/99/98/100/98; 
ttag +65 98/98/96/99/96; 
ttag +66 68/52/48/55/33; 
ttag +67 61/56/55/53/40; 
ttag +68 94/92/86/96/80; 
ttag +69 100/100/100/100/100; 
ttag +70 97/96/90/99/88; 
ttag +71 99/99/98/100/98; 
ttag +72 99/99/98/98/96; 
ttag +73 94/93/87/94/86; 
ttag +74 99/99/98/100/96; 
ttag +75 76/67/56/78/66; 
ttag +76 75/70/70/72/62; 
ttag +77 91/89/80/85/81; 
ttag +78 97/96/91/97/91; 
ttag +79 93/91/84/93/78; 
ttag +80 56/44/27/30/21; 
ttag +81 87/85/83/87/71; 
ttag +82 86/84/67/86/66; 
ttag +83 88/83/73/83/60; 
ttag +84 100/100/100/100/99; 
ttag +85 55/37/44/43/25; 
ttag +86 100/100/100/100/100; 
ttag +87 99/99/100/100/100; 
ttag +88 89/84/65/85/72; 
ttag +89 91/89/85/91/81; 
ttag +90 100/100/99/100/99; 
ttag +91 54/31/23/28/15; 
ttag +92 98/98/95/99/97; 
ttag +93 78/76/61/82/65; 
ttag +94 62/48/30/43/33; 
