tread
'Tree with tags' 
(0 (1 ((2 3 )(((4 5 )(6 7 ))((8 9 )(10 (11 12 )))))((13 14 )(((15 16 )(17 (18 19 ((20 21 )((22 23 )(24 25 ))))))((26 (27 (28 (29 30 ))))((31 ((32 33 )(34 35 )(36 (37 38 ))))(39 ((40 41 )(42 (43 ((44 45 )(46 47 )))))))))))); 
ttag *!; 
ttag +49 ???; 
ttag +50 3; 
ttag +51 5; 
ttag +52 7; 
ttag +53 7; 
ttag +54 4; 
ttag +55 3; 
ttag +56 3; 
ttag +57 1; 
ttag +58 5; 
ttag +59 9; 
ttag +60 10; 
ttag +61 1; 
ttag +62 12; 
ttag +63 6; 
ttag +64 1; 
ttag +65 5; 
ttag +66 3; 
ttag +67 5; 
ttag +68 7; 
ttag +69 10; 
ttag +70 4; 
ttag +71 7; 
ttag +72 5; 
ttag +73 6; 
ttag +74 1; 
ttag +75 6; 
ttag +76 5; 
ttag +77 6; 
ttag +78 8; 
ttag +79 3; 
ttag +80 5; 
ttag +81 4; 
ttag +82 8; 
ttag +83 2; 
ttag +84 1; 
ttag +85 2; 
ttag +86 5; 
ttag +87 6; 
ttag +88 1; 
ttag +89 1; 
ttag +90 8; 
ttag +91 2; 
tread
'Tree with tags' 
(0 ((1 ((13 14 )(((15 16 )(17 (19 (18 ((20 21 )((22 23 )(24 25 )))))))((26 (27 (28 (29 30 ))))((31 ((32 33 )((34 35 )(36 (37 38 )))))(39 ((40 41 )(42 (43 ((44 45 )(46 47 )))))))))))((2 3 )(((4 5 )(6 7 ))((8 9 )(10 (11 12 ))))))); 
ttag *!; 
ttag +0 ////; 
ttag +1 ////; 
ttag +2 ////; 
ttag +3 ////; 
ttag +4 ////; 
ttag +5 ////; 
ttag +6 ////; 
ttag +7 ////; 
ttag +8 ////; 
ttag +9 ////; 
ttag +10 ////; 
ttag +11 ////; 
ttag +12 ////; 
ttag +13 ////; 
ttag +14 ////; 
ttag +15 ////; 
ttag +16 ////; 
ttag +17 ////; 
ttag +18 ////; 
ttag +19 ////; 
ttag +20 ////; 
ttag +21 ////; 
ttag +22 ////; 
ttag +23 ////; 
ttag +24 ////; 
ttag +25 ////; 
ttag +26 ////; 
ttag +27 ////; 
ttag +28 ////; 
ttag +29 ////; 
ttag +30 ////; 
ttag +31 ////; 
ttag +32 ////; 
ttag +33 ////; 
ttag +34 ////; 
ttag +35 ////; 
ttag +36 ////; 
ttag +37 ////; 
ttag +38 ////; 
ttag +39 ////; 
ttag +40 ////; 
ttag +41 ////; 
ttag +42 ////; 
ttag +43 ////; 
ttag +44 ////; 
ttag +45 ////; 
ttag +46 ////; 
ttag +47 ////; 
ttag +48 ////; 
ttag +49 4/[20]/?/?/?; 
ttag +50 100/100/100/100/100; 
ttag +51 81/72/78/77/74; 
ttag +52 96/94/86/93/80; 
ttag +53 98/97/96/98/95; 
ttag +54 96/95/91/96/91; 
ttag +55 87/79/70/84/62; 
ttag +56 85/78/66/87/61; 
ttag +57 86/82/78/85/79; 
ttag +58 61/39/44/40/32; 
ttag +59 98/98/92/97/94; 
ttag +60 100/100/99/100/99; 
ttag +61 100/100/99/99/99; 
ttag +62 36/11/6/16/10; 
ttag +63 100/100/100/100/100; 
ttag +64 94/92/91/93/92; 
ttag +65 27/2/?/10/0; 
ttag +66 98/98/94/98/95; 
ttag +67 21/[7]/0/?/?; 
ttag +68 82/74/70/81/64; 
ttag +69 99/99/100/99/99; 
ttag +70 98/98/95/99/97; 
ttag +71 100/100/100/100/99; 
ttag +72 92/89/91/92/84; 
ttag +73 98/98/98/99/98; 
ttag +74 93/90/92/92/89; 
ttag +75 98/97/92/98/92; 
ttag +76 52/30/27/38/22; 
ttag +77 99/99/97/99/96; 
ttag +78 98/98/92/97/96; 
ttag +79 96/96/95/97/92; 
ttag +80 96/95/90/97/93; 
ttag +81 88/85/80/86/83; 
ttag +82 95/93/92/92/91; 
ttag +83 98/98/96/91/93; 
ttag +84 16/[18]/?/?/?; 
ttag +85 99/99/98/100/99; 
ttag +86 82/73/72/80/74; 
ttag +87 54/37/33/41/35; 
ttag +88 77/72/64/74/63; 
ttag +89 92/91/86/95/86; 
ttag +90 94/91/86/96/84; 
ttag +91 40/17/23/19/16; 
ttag +92 55/25/33/27/23; 
ttag +93 97/96/92/98/94; 
ttag +94 79/73/66/76/68; 
