tread
'Tree with tags' 
(0 (1 ((2 3 )((4 5 )(6 7 ))(8 (9 (10 (11 12 )))))((13 14 )((15 16 )(17 (18 (19 ((20 21 )((22 23 )(24 25 )))))))((26 (27 (28 (29 30 ))))((31 ((32 33 )((34 35 )(36 (37 38 )))))(39 ((40 41 )(42 (43 ((44 45 )(46 47 ))))))))))); 
ttag *!; 
ttag +49 ???; 
ttag +50 12; 
ttag +51 5; 
ttag +52 1; 
ttag +53 4; 
ttag +54 5; 
ttag +55 3; 
ttag +56 2; 
ttag +57 5; 
ttag +58 4; 
ttag +59 5; 
ttag +60 2; 
ttag +61 13; 
ttag +62 5; 
ttag +63 3; 
ttag +64 6; 
ttag +65 4; 
ttag +66 4; 
ttag +67 8; 
ttag +68 5; 
ttag +69 4; 
ttag +70 1; 
ttag +71 3; 
ttag +72 6; 
ttag +73 1; 
ttag +74 5; 
ttag +75 11; 
ttag +76 3; 
ttag +77 6; 
ttag +78 11; 
ttag +79 7; 
ttag +80 3; 
ttag +81 1; 
ttag +82 8; 
ttag +83 4; 
ttag +84 2; 
ttag +85 3; 
ttag +86 4; 
ttag +87 9; 
ttag +88 8; 
ttag +89 10; 
ttag +90 10; 
ttag +91 2; 
tread
'Tree with tags' 
(0 (1 ((2 3 )((4 5 )(6 7 ))(8 (9 (10 (11 12 )))))((13 14 )((15 16 )(17 (18 (19 ((20 21 )((22 23 )(24 25 )))))))((26 (27 (28 (29 30 ))))((31 ((32 33 )((34 35 )(36 (37 38 )))))(39 ((40 41 )(42 (43 ((44 45 )(46 47 ))))))))))); 
ttag *!; 
ttag +0 ////; 
ttag +1 ////; 
ttag +2 ////; 
ttag +3 ////; 
ttag +4 ////; 
ttag +5 ////; 
ttag +6 ////; 
ttag +7 ////; 
ttag +8 ////; 
ttag +9 ////; 
ttag +10 ////; 
ttag +11 ////; 
ttag +12 ////; 
ttag +13 ////; 
ttag +14 ////; 
ttag +15 ////; 
ttag +16 ////; 
ttag +17 ////; 
ttag +18 ////; 
ttag +19 ////; 
ttag +20 ////; 
ttag +21 ////; 
ttag +22 ////; 
ttag +23 ////; 
ttag +24 ////; 
ttag +25 ////; 
ttag +26 ////; 
ttag +27 ////; 
ttag +28 ////; 
ttag +29 ////; 
ttag +30 ////; 
ttag +31 ////; 
ttag +32 ////; 
ttag +33 ////; 
ttag +34 ////; 
ttag +35 ////; 
ttag +36 ////; 
ttag +37 ////; 
ttag +38 ////; 
ttag +39 ////; 
ttag +40 ////; 
ttag +41 ////; 
ttag +42 ////; 
ttag +43 ////; 
ttag +44 ////; 
ttag +45 ////; 
ttag +46 ////; 
ttag +47 ////; 
ttag +48 ////; 
ttag +49 100/100/100/100/100; 
ttag +50 100/100/100/100/100; 
ttag +51 95/94/92/96/89; 
ttag +52 61/53/53/53/46; 
ttag +53 96/96/88/91/87; 
ttag +54 95/94/91/96/88; 
ttag +55 80/76/69/73/64; 
ttag +56 68/51/42/58/42; 
ttag +57 93/92/87/95/85; 
ttag +58 96/95/87/92/82; 
ttag +59 95/94/85/96/88; 
ttag +60 62/48/51/56/43; 
ttag +61 100/100/100/100/99; 
ttag +62 94/93/86/94/80; 
ttag +63 91/89/76/90/82; 
ttag +64 99/98/95/99/96; 
ttag +65 94/92/81/93/83; 
ttag +66 98/98/98/98/97; 
ttag +67 100/100/98/100/99; 
ttag +68 98/98/96/98/96; 
ttag +69 90/88/80/90/87; 
ttag +70 46/28/25/32/24; 
ttag +71 89/88/83/92/84; 
ttag +72 96/96/93/98/93; 
ttag +73 33/12/10/28/11; 
ttag +74 97/97/94/96/91; 
ttag +75 100/100/100/100/99; 
ttag +76 89/84/76/83/72; 
ttag +77 98/97/88/96/92; 
ttag +78 99/99/100/100/100; 
ttag +79 99/99/94/100/96; 
ttag +80 94/92/82/90/88; 
ttag +81 55/27/17/26/23; 
ttag +82 99/99/99/99/95; 
ttag +83 89/87/77/92/82; 
ttag +84 59/43/36/42/32; 
ttag +85 81/73/61/78/60; 
ttag +86 95/94/89/94/91; 
ttag +87 100/100/100/100/100; 
ttag +88 100/100/98/99/98; 
ttag +89 100/100/100/100/99; 
ttag +90 99/99/100/100/100; 
ttag +91 81/76/61/75/66; 
