tread
'Tree with tags' 
(0 (1 ((2 3 )(8 9 10 (6 7 (4 5 ))(11 12 )))(13 14 )(17 (15 16 )(18 (19 ((20 21 )(25 (24 (22 23 )))))))((26 (27 28 (29 30 )))((31 (((32 33 )(34 35 ))(36 (37 38 ))))(39 ((40 41 )(42 (43 (46 47 (44 45 )))))))))); 
ttag *!; 
ttag +49 ???; 
ttag +50 7; 
ttag +51 12; 
ttag +52 3; 
ttag +53 9; 
ttag +54 3; 
ttag +55 9; 
ttag +56 11; 
ttag +57 9; 
ttag +58 6; 
ttag +59 2; 
ttag +60 1; 
ttag +61 10; 
ttag +62 8; 
ttag +63 18; 
ttag +64 2; 
ttag +65 5; 
ttag +66 6; 
ttag +67 3; 
ttag +68 3; 
ttag +69 5; 
ttag +70 5; 
ttag +71 6; 
ttag +72 5; 
ttag +73 1; 
ttag +74 3; 
ttag +75 2; 
ttag +76 11; 
ttag +77 4; 
ttag +78 1; 
ttag +79 2; 
ttag +80 15; 
ttag +81 5; 
ttag +82 3; 
ttag +83 10; 
ttag +84 7; 
tread
'Tree with tags' 
(0 ((1 ((13 14 )(((17 (15 16 ))(18 (19 ((20 21 )(25 (24 (22 23 )))))))((26 (28 (27 (29 30 ))))((31 (((32 33 )(34 35 ))(36 (37 38 ))))(39 ((40 41 )(42 (43 ((44 45 )(46 47 )))))))))))((2 3 )((((4 5 )(6 7 ))(10 (11 12 )))(8 9 ))))); 
ttag *!; 
ttag +0 ////; 
ttag +1 ////; 
ttag +2 ////; 
ttag +3 ////; 
ttag +4 ////; 
ttag +5 ////; 
ttag +6 ////; 
ttag +7 ////; 
ttag +8 ////; 
ttag +9 ////; 
ttag +10 ////; 
ttag +11 ////; 
ttag +12 ////; 
ttag +13 ////; 
ttag +14 ////; 
ttag +15 ////; 
ttag +16 ////; 
ttag +17 ////; 
ttag +18 ////; 
ttag +19 ////; 
ttag +20 ////; 
ttag +21 ////; 
ttag +22 ////; 
ttag +23 ////; 
ttag +24 ////; 
ttag +25 ////; 
ttag +26 ////; 
ttag +27 ////; 
ttag +28 ////; 
ttag +29 ////; 
ttag +30 ////; 
ttag +31 ////; 
ttag +32 ////; 
ttag +33 ////; 
ttag +34 ////; 
ttag +35 ////; 
ttag +36 ////; 
ttag +37 ////; 
ttag +38 ////; 
ttag +39 ////; 
ttag +40 ////; 
ttag +41 ////; 
ttag +42 ////; 
ttag +43 ////; 
ttag +44 ////; 
ttag +45 ////; 
ttag +46 ////; 
ttag +47 ////; 
ttag +48 ////; 
ttag +49 25/0/3/2/11; 
ttag +50 100/100/100/100/100; 
ttag +51 99/98/98/97/96; 
ttag +52 100/100/99/99/97; 
ttag +53 97/97/94/94/96; 
ttag +54 99/99/99/100/98; 
ttag +55 24/[23]/?/?/?; 
ttag +56 88/84/71/86/69; 
ttag +57 39/18/12/23/25; 
ttag +58 5/[13]/?/?/?; 
ttag +59 34/15/12/18/13; 
ttag +60 100/100/100/100/100; 
ttag +61 100/100/100/100/99; 
ttag +62 39/20/10/12/10; 
ttag +63 99/99/94/99/97; 
ttag +64 25/[16]/?/?/?; 
ttag +65 93/92/87/93/87; 
ttag +66 31/18/8/8/20; 
ttag +67 60/46/31/38/25; 
ttag +68 60/46/28/30/25; 
ttag +69 100/100/100/100/100; 
ttag +70 92/90/83/95/88; 
ttag +71 100/100/99/100/99; 
ttag +72 64/55/40/52/31; 
ttag +73 89/85/72/88/75; 
ttag +74 96/94/94/97/95; 
ttag +75 83/76/75/79/72; 
ttag +76 30/[1]/?/?/?; 
ttag +77 77/68/60/69/54; 
ttag +78 91/90/85/94/88; 
ttag +79 91/88/76/88/80; 
ttag +80 99/99/95/99/96; 
ttag +81 99/99/100/99/100; 
ttag +82 31/10/8/19/16; 
ttag +83 70/66/54/74/53; 
ttag +84 73/62/64/64/68; 
ttag +85 99/99/97/99/98; 
ttag +86 88/85/74/84/73; 
ttag +87 48/31/20/32/18; 
ttag +88 74/70/59/73/55; 
ttag +89 100/100/100/100/100; 
ttag +90 96/96/84/96/86; 
ttag +91 93/92/86/91/82; 
ttag +92 100/100/100/99/100; 
ttag +93 99/98/98/99/98; 
ttag +94 34/6/7/?/?; 
