tread
'Tree with tags' 
(0 (1 ((2 3 )(((4 5 )(6 7 ))(8 9 (10 (11 12 )))))(13 14 )(17 (15 16 )((18 19 )((20 21 )(22 23 )(24 25 ))))((26 (27 (28 (29 30 ))))(39 (31 ((32 33 )((34 35 )(36 (37 38 )))))((40 41 )(42 (43 ((44 45 )(46 47 ))))))))); 
ttag *!; 
ttag +49 ???; 
ttag +50 11; 
ttag +51 4; 
ttag +52 5; 
ttag +53 9; 
ttag +54 2; 
ttag +55 1; 
ttag +56 1; 
ttag +57 5; 
ttag +58 11; 
ttag +59 10; 
ttag +60 10; 
ttag +61 6; 
ttag +62 1; 
ttag +63 1; 
ttag +64 10; 
ttag +65 3; 
ttag +66 8; 
ttag +67 5; 
ttag +68 5; 
ttag +69 6; 
ttag +70 5; 
ttag +71 9; 
ttag +72 4; 
ttag +73 6; 
ttag +74 4; 
ttag +75 6; 
ttag +76 2; 
ttag +77 4; 
ttag +78 1; 
ttag +79 6; 
ttag +80 12; 
ttag +81 4; 
ttag +82 5; 
ttag +83 3; 
ttag +84 4; 
ttag +85 12; 
ttag +86 4; 
ttag +87 4; 
tread
'Tree with tags' 
(0 (1 ((((2 3 )(((4 5 )(6 7 ))(8 (9 (10 (11 12 ))))))((15 16 )(17 ((18 19 )((20 21 )((22 23 )(24 25 )))))))((13 14 )((26 (27 (28 (29 30 ))))(39 ((31 ((32 33 )((34 35 )(36 (37 38 )))))((40 41 )(42 (43 ((44 45 )(46 47 )))))))))))); 
ttag *!; 
ttag +0 ////; 
ttag +1 ////; 
ttag +2 ////; 
ttag +3 ////; 
ttag +4 ////; 
ttag +5 ////; 
ttag +6 ////; 
ttag +7 ////; 
ttag +8 ////; 
ttag +9 ////; 
ttag +10 ////; 
ttag +11 ////; 
ttag +12 ////; 
ttag +13 ////; 
ttag +14 ////; 
ttag +15 ////; 
ttag +16 ////; 
ttag +17 ////; 
ttag +18 ////; 
ttag +19 ////; 
ttag +20 ////; 
ttag +21 ////; 
ttag +22 ////; 
ttag +23 ////; 
ttag +24 ////; 
ttag +25 ////; 
ttag +26 ////; 
ttag +27 ////; 
ttag +28 ////; 
ttag +29 ////; 
ttag +30 ////; 
ttag +31 ////; 
ttag +32 ////; 
ttag +33 ////; 
ttag +34 ////; 
ttag +35 ////; 
ttag +36 ////; 
ttag +37 ////; 
ttag +38 ////; 
ttag +39 ////; 
ttag +40 ////; 
ttag +41 ////; 
ttag +42 ////; 
ttag +43 ////; 
ttag +44 ////; 
ttag +45 ////; 
ttag +46 ////; 
ttag +47 ////; 
ttag +48 ////; 
ttag +49 100/100/100/100/100; 
ttag +50 100/100/99/100/100; 
ttag +51 90/86/82/87/85; 
ttag +52 6/[45]/?/?/?; 
ttag +53 40/24/28/21/23; 
ttag +54 94/92/86/94/87; 
ttag +55 100/100/99/100/100; 
ttag +56 64/54/44/56/51; 
ttag +57 71/63/48/50/62; 
ttag +58 44/26/22/30/21; 
ttag +59 34/16/3/4/?; 
ttag +60 95/94/86/95/81; 
ttag +61 100/100/100/100/100; 
ttag +62 100/100/100/100/99; 
ttag +63 31/0/2/1/?; 
ttag +64 100/100/98/100/99; 
ttag +65 98/98/94/100/94; 
ttag +66 31/17/7/16/13; 
ttag +67 54/52/44/48/42; 
ttag +68 47/33/31/50/42; 
ttag +69 100/100/100/100/100; 
ttag +70 73/66/60/75/56; 
ttag +71 99/99/98/100/99; 
ttag +72 34/14/13/8/8; 
ttag +73 96/94/90/96/90; 
ttag +74 96/94/90/95/95; 
ttag +75 98/98/98/98/95; 
ttag +76 99/99/98/98/97; 
ttag +77 99/99/100/100/100; 
ttag +78 97/95/89/97/92; 
ttag +79 98/98/92/97/91; 
ttag +80 7/1/3/4/10; 
ttag +81 92/89/75/89/85; 
ttag +82 98/98/94/97/96; 
ttag +83 75/63/64/68/67; 
ttag +84 97/96/93/93/91; 
ttag +85 54/33/25/44/32; 
ttag +86 100/100/96/98/95; 
ttag +87 100/100/100/100/100; 
ttag +88 92/88/89/92/85; 
ttag +89 89/83/75/87/76; 
ttag +90 85/77/72/82/68; 
ttag +91 86/80/74/85/73; 
ttag +92 100/100/100/100/100; 
ttag +93 92/90/85/96/87; 
ttag +94 94/92/84/92/84; 
