tread
'Tree with tags' 
(0 ((1 ((2 3 )((((4 5 )(6 7 ))(8 9 ))(10 (11 12 )))))(13 14 )(17 ((15 16 )(18 (19 ((20 21 )((22 23 )(24 25 )))))))((26 (27 (28 (29 30 ))))((39 (31 ((32 33 )((34 35 )(36 (37 38 ))))))((40 41 )(42 (43 ((44 45 )(46 47 ))))))))); 
ttag *!; 
ttag +49 1; 
ttag +50 ???; 
ttag +51 6; 
ttag +52 4; 
ttag +53 6; 
ttag +54 9; 
ttag +55 4; 
ttag +56 4; 
ttag +57 2; 
ttag +58 2; 
ttag +59 4; 
ttag +60 7; 
ttag +61 6; 
ttag +62 17; 
ttag +63 1; 
ttag +64 3; 
ttag +65 5; 
ttag +66 2; 
ttag +67 8; 
ttag +68 4; 
ttag +69 13; 
ttag +70 5; 
ttag +71 2; 
ttag +72 6; 
ttag +73 11; 
ttag +74 1; 
ttag +75 4; 
ttag +76 9; 
ttag +77 5; 
ttag +78 1; 
ttag +79 1; 
ttag +80 7; 
ttag +81 5; 
ttag +82 5; 
ttag +83 2; 
ttag +84 3; 
ttag +85 10; 
ttag +86 1; 
ttag +87 8; 
ttag +88 6; 
ttag +89 2; 
ttag +90 3; 
ttag +91 7; 
ttag +92 7; 
tread
'Tree with tags' 
(0 ((1 ((2 3 )((((4 5 )(6 7 ))(8 9 ))(10 (11 12 )))))(((13 14 )((26 (27 (28 (29 30 ))))((39 (31 ((32 33 )((34 35 )(36 (37 38 ))))))((40 41 )(42 (43 ((44 45 )(46 47 ))))))))(17 ((15 16 )(18 (19 ((20 21 )((22 23 )(24 25 )))))))))); 
ttag *!; 
ttag +0 ////; 
ttag +1 ////; 
ttag +2 ////; 
ttag +3 ////; 
ttag +4 ////; 
ttag +5 ////; 
ttag +6 ////; 
ttag +7 ////; 
ttag +8 ////; 
ttag +9 ////; 
ttag +10 ////; 
ttag +11 ////; 
ttag +12 ////; 
ttag +13 ////; 
ttag +14 ////; 
ttag +15 ////; 
ttag +16 ////; 
ttag +17 ////; 
ttag +18 ////; 
ttag +19 ////; 
ttag +20 ////; 
ttag +21 ////; 
ttag +22 ////; 
ttag +23 ////; 
ttag +24 ////; 
ttag +25 ////; 
ttag +26 ////; 
ttag +27 ////; 
ttag +28 ////; 
ttag +29 ////; 
ttag +30 ////; 
ttag +31 ////; 
ttag +32 ////; 
ttag +33 ////; 
ttag +34 ////; 
ttag +35 ////; 
ttag +36 ////; 
ttag +37 ////; 
ttag +38 ////; 
ttag +39 ////; 
ttag +40 ////; 
ttag +41 ////; 
ttag +42 ////; 
ttag +43 ////; 
ttag +44 ////; 
ttag +45 ////; 
ttag +46 ////; 
ttag +47 ////; 
ttag +48 ////; 
ttag +49 28/[1]/?/18/7; 
ttag +50 100/100/100/100/100; 
ttag +51 96/94/86/93/88; 
ttag +52 91/86/80/88/76; 
ttag +53 98/98/92/96/93; 
ttag +54 99/99/98/99/97; 
ttag +55 83/78/59/73/56; 
ttag +56 92/90/80/87/80; 
ttag +57 69/64/59/70/55; 
ttag +58 76/69/64/70/58; 
ttag +59 92/90/75/92/82; 
ttag +60 100/100/96/99/95; 
ttag +61 96/95/97/96/96; 
ttag +62 16/[14]/?/?/?; 
ttag +63 9/[23]/?/?/?; 
ttag +64 100/100/100/100/100; 
ttag +65 57/38/30/40/32; 
ttag +66 81/71/53/75/62; 
ttag +67 97/97/94/99/95; 
ttag +68 70/61/48/73/57; 
ttag +69 100/100/100/100/100; 
ttag +70 84/78/74/85/75; 
ttag +71 100/100/100/100/100; 
ttag +72 90/87/81/91/81; 
ttag +73 66/46/40/50/38; 
ttag +74 99/99/96/97/96; 
ttag +75 99/99/98/100/98; 
ttag +76 50/33/36/39/40; 
ttag +77 98/98/96/96/94; 
ttag +78 100/100/98/99/97; 
ttag +79 93/92/87/92/85; 
ttag +80 26/[2]/?/?/1; 
ttag +81 45/8/17/11/18; 
ttag +82 99/99/99/100/97; 
ttag +83 98/98/90/96/93; 
ttag +84 96/95/94/98/95; 
ttag +85 65/57/33/56/36; 
ttag +86 76/68/46/65/50; 
ttag +87 100/100/97/99/98; 
ttag +88 54/28/38/31/32; 
ttag +89 99/99/97/98/95; 
ttag +90 97/97/94/98/95; 
ttag +91 76/66/51/71/52; 
ttag +92 78/63/56/75/60; 
ttag +93 98/97/91/97/92; 
ttag +94 99/99/96/99/98; 
