tread
'Tree with tags' 
(0 (((1 (((2 3 )((8 9 )(10 (11 12 ))))((4 5 )(6 7 ))))(13 14 ))(((15 16 )(17 (18 (19 ((20 21 )((22 23 )(24 25 )))))))((26 (27 (28 (29 30 ))))(39 (31 ((32 33 )((34 35 )(36 (37 38 )))))((40 41 )(42 (43 ((44 45 )(46 47 )))))))))); 
ttag *!; 
ttag +49 2; 
ttag +50 1; 
ttag +51 ???; 
ttag +52 6; 
ttag +53 1; 
ttag +54 12; 
ttag +55 5; 
ttag +56 7; 
ttag +57 8; 
ttag +58 2; 
ttag +59 1; 
ttag +60 4; 
ttag +61 10; 
ttag +62 8; 
ttag +63 6; 
ttag +64 4; 
ttag +65 2; 
ttag +66 3; 
ttag +67 6; 
ttag +68 2; 
ttag +69 9; 
ttag +70 13; 
ttag +71 7; 
ttag +72 5; 
ttag +73 2; 
ttag +74 4; 
ttag +75 6; 
ttag +76 3; 
ttag +77 4; 
ttag +78 9; 
ttag +79 3; 
ttag +80 8; 
ttag +81 12; 
ttag +82 1; 
ttag +83 4; 
ttag +84 1; 
ttag +85 12; 
ttag +86 1; 
ttag +87 2; 
ttag +88 6; 
ttag +89 11; 
ttag +90 4; 
ttag +91 5; 
ttag +92 7; 
ttag +93 7; 
tread
'Tree with tags' 
(0 (((1 (((2 3 )((8 9 )(10 (11 12 ))))((4 5 )(6 7 ))))(13 14 ))(((15 16 )(17 (18 (19 ((20 21 )((22 23 )(24 25 )))))))((26 (27 (28 (29 30 ))))((39 (31 ((32 33 )((34 35 )(36 (37 38 ))))))((40 41 )(42 (43 ((44 45 )(46 47 )))))))))); 
ttag *!; 
ttag +0 ////; 
ttag +1 ////; 
ttag +2 ////; 
ttag +3 ////; 
ttag +4 ////; 
ttag +5 ////; 
ttag +6 ////; 
ttag +7 ////; 
ttag +8 ////; 
ttag +9 ////; 
ttag +10 ////; 
ttag +11 ////; 
ttag +12 ////; 
ttag +13 ////; 
ttag +14 ////; 
ttag +15 ////; 
ttag +16 ////; 
ttag +17 ////; 
ttag +18 ////; 
ttag +19 ////; 
ttag +20 ////; 
ttag +21 ////; 
ttag +22 ////; 
ttag +23 ////; 
ttag +24 ////; 
ttag +25 ////; 
ttag +26 ////; 
ttag +27 ////; 
ttag +28 ////; 
ttag +29 ////; 
ttag +30 ////; 
ttag +31 ////; 
ttag +32 ////; 
ttag +33 ////; 
ttag +34 ////; 
ttag +35 ////; 
ttag +36 ////; 
ttag +37 ////; 
ttag +38 ////; 
ttag +39 ////; 
ttag +40 ////; 
ttag +41 ////; 
ttag +42 ////; 
ttag +43 ////; 
ttag +44 ////; 
ttag +45 ////; 
ttag +46 ////; 
ttag +47 ////; 
ttag +48 ////; 
ttag +49 68/57/50/66/54; 
ttag +50 43/28/18/32/15; 
ttag +51 100/100/100/100/100; 
ttag +52 99/98/98/99/96; 
ttag +53 40/4/?/15/?; 
ttag +54 100/100/100/100/100; 
ttag +55 97/96/94/97/92; 
ttag +56 98/98/97/98/96; 
ttag +57 99/99/98/100/98; 
ttag +58 86/81/80/75/81; 
ttag +59 37/21/13/28/6; 
ttag +60 94/93/88/93/83; 
ttag +61 100/100/99/100/99; 
ttag +62 99/99/99/99/100; 
ttag +63 97/97/95/99/95; 
ttag +64 93/92/89/95/92; 
ttag +65 85/84/78/76/76; 
ttag +66 83/80/75/87/66; 
ttag +67 97/96/94/98/96; 
ttag +68 83/78/68/77/70; 
ttag +69 100/100/100/100/100; 
ttag +70 100/100/100/100/98; 
ttag +71 99/99/94/99/97; 
ttag +72 98/98/94/99/89; 
ttag +73 70/54/48/51/52; 
ttag +74 96/96/91/97/87; 
ttag +75 98/98/99/100/96; 
ttag +76 91/88/82/87/79; 
ttag +77 98/98/96/97/96; 
ttag +78 100/100/99/100/98; 
ttag +79 79/72/61/74/61; 
ttag +80 20/[23]/?/?/?; 
ttag +81 97/96/94/96/93; 
ttag +82 100/100/100/100/100; 
ttag +83 64/54/44/56/40; 
ttag +84 98/98/96/98/94; 
ttag +85 61/49/50/52/52; 
ttag +86 100/100/100/100/99; 
ttag +87 69/60/37/54/40; 
ttag +88 82/78/65/74/66; 
ttag +89 98/98/92/98/93; 
ttag +90 100/100/100/100/99; 
ttag +91 94/91/84/93/80; 
ttag +92 95/94/90/95/90; 
ttag +93 99/99/98/100/99; 
ttag +94 98/98/96/100/98; 
