tread
'Tree with tags' 
(0 (1 (((2 3 )(4 5 6 7 )(8 9 10 (11 12 )))((26 (27 (28 (29 30 ))))(39 (((31 (34 35 ))(32 33 ))(36 (37 38 )))(40 41 (42 (43 ((44 45 )(46 47 ))))))))(13 14 )((17 (15 16 ))(18 (19 ((20 21 )(24 25 (22 23 )))))))); 
ttag *!; 
ttag +49 ???; 
ttag +50 1; 
ttag +51 6; 
ttag +52 2; 
ttag +53 3; 
ttag +54 2; 
ttag +55 4; 
ttag +56 7; 
ttag +57 11; 
ttag +58 2; 
ttag +59 1; 
ttag +60 6; 
ttag +61 2; 
ttag +62 6; 
ttag +63 4; 
ttag +64 7; 
ttag +65 9; 
ttag +66 7; 
ttag +67 2; 
ttag +68 2; 
ttag +69 3; 
ttag +70 9; 
ttag +71 1; 
ttag +72 1; 
ttag +73 5; 
ttag +74 4; 
ttag +75 4; 
ttag +76 2; 
ttag +77 7; 
ttag +78 7; 
ttag +79 9; 
ttag +80 6; 
ttag +81 4; 
ttag +82 2; 
ttag +83 5; 
ttag +84 3; 
tread
'Tree with tags' 
(0 ((1 (((2 3 )((4 (5 (6 7 )))((8 9 )(10 (11 12 )))))((26 (27 (28 (29 30 ))))(39 ((((31 (34 35 ))(32 33 ))(36 (37 38 )))((40 41 )(42 (43 ((44 45 )(46 47 ))))))))))((13 14 )((17 (15 16 ))(18 (19 ((20 21 )(25 (24 (22 23 )))))))))); 
ttag *!; 
ttag +0 ////; 
ttag +1 ////; 
ttag +2 ////; 
ttag +3 ////; 
ttag +4 ////; 
ttag +5 ////; 
ttag +6 ////; 
ttag +7 ////; 
ttag +8 ////; 
ttag +9 ////; 
ttag +10 ////; 
ttag +11 ////; 
ttag +12 ////; 
ttag +13 ////; 
ttag +14 ////; 
ttag +15 ////; 
ttag +16 ////; 
ttag +17 ////; 
ttag +18 ////; 
ttag +19 ////; 
ttag +20 ////; 
ttag +21 ////; 
ttag +22 ////; 
ttag +23 ////; 
ttag +24 ////; 
ttag +25 ////; 
ttag +26 ////; 
ttag +27 ////; 
ttag +28 ////; 
ttag +29 ////; 
ttag +30 ////; 
ttag +31 ////; 
ttag +32 ////; 
ttag +33 ////; 
ttag +34 ////; 
ttag +35 ////; 
ttag +36 ////; 
ttag +37 ////; 
ttag +38 ////; 
ttag +39 ////; 
ttag +40 ////; 
ttag +41 ////; 
ttag +42 ////; 
ttag +43 ////; 
ttag +44 ////; 
ttag +45 ////; 
ttag +46 ////; 
ttag +47 ////; 
ttag +48 ////; 
ttag +49 16/[19]/?/?/?; 
ttag +50 100/100/100/100/100; 
ttag +51 71/54/40/52/44; 
ttag +52 96/96/90/97/85; 
ttag +53 79/74/62/67/58; 
ttag +54 96/95/94/97/94; 
ttag +55 36/20/22/15/13; 
ttag +56 24/[38]/?/?/?; 
ttag +57 31/2/2/0/12; 
ttag +58 38/15/10/11/16; 
ttag +59 86/83/72/86/77; 
ttag +60 54/37/31/39/30; 
ttag +61 93/91/84/95/89; 
ttag +62 100/100/98/100/98; 
ttag +63 64/56/44/44/46; 
ttag +64 100/100/100/100/100; 
ttag +65 77/68/53/63/57; 
ttag +66 70/54/52/64/50; 
ttag +67 100/100/96/98/96; 
ttag +68 74/70/61/70/63; 
ttag +69 100/100/99/99/99; 
ttag +70 92/91/80/93/79; 
ttag +71 98/98/96/98/93; 
ttag +72 32/3/3/3/?; 
ttag +73 100/100/98/100/100; 
ttag +74 100/100/99/100/100; 
ttag +75 81/77/72/82/68; 
ttag +76 72/66/63/72/64; 
ttag +77 92/91/84/89/88; 
ttag +78 100/100/97/100/98; 
ttag +79 28/16/5/22/15; 
ttag +80 37/25/13/31/22; 
ttag +81 99/99/96/100/97; 
ttag +82 62/50/48/39/36; 
ttag +83 88/86/77/85/79; 
ttag +84 98/98/93/94/95; 
ttag +85 70/60/46/58/53; 
ttag +86 99/98/98/99/97; 
ttag +87 98/98/98/99/94; 
ttag +88 56/26/27/23/28; 
ttag +89 98/96/96/99/94; 
ttag +90 96/95/92/97/93; 
ttag +91 90/84/76/90/74; 
ttag +92 85/80/73/79/78; 
ttag +93 94/92/89/94/83; 
ttag +94 85/84/70/88/75; 
