tread
'Tree with tags' 
(0 (1 ((((2 3 )(((4 5 )(6 7 ))(8 9 (10 (11 12 )))))((26 (27 (28 (29 30 ))))((31 (((32 33 )(34 35 ))(36 (37 38 ))))(39 ((40 41 )(42 43 (46 47 (44 45 ))))))))((13 14 )((15 16 )(19 (18 (17 ((20 21 )((22 23 )(24 25 ))))))))))); 
ttag *!; 
ttag +49 ???; 
ttag +50 5; 
ttag +51 5; 
ttag +52 3; 
ttag +53 1; 
ttag +54 8; 
ttag +55 6; 
ttag +56 1; 
ttag +57 4; 
ttag +58 1; 
ttag +59 5; 
ttag +60 7; 
ttag +61 11; 
ttag +62 2; 
ttag +63 10; 
ttag +64 4; 
ttag +65 1; 
ttag +66 1; 
ttag +67 2; 
ttag +68 8; 
ttag +69 5; 
ttag +70 9; 
ttag +71 3; 
ttag +72 6; 
ttag +73 9; 
ttag +74 3; 
ttag +75 2; 
ttag +76 8; 
ttag +77 8; 
ttag +78 6; 
ttag +79 3; 
ttag +80 2; 
ttag +81 1; 
ttag +82 4; 
ttag +83 2; 
ttag +84 7; 
ttag +85 6; 
ttag +86 1; 
ttag +87 1; 
ttag +88 6; 
ttag +89 13; 
ttag +90 8; 
ttag +91 1; 
tread
'Tree with tags' 
(0 (1 ((((2 3 )(((4 5 )(6 7 ))(9 (8 (10 (11 12 ))))))((26 (27 (28 (29 30 ))))((31 (((32 33 )(34 35 ))(36 (37 38 ))))(39 ((40 41 )(42 (43 (46 (47 (44 45 ))))))))))((13 14 )((15 16 )(19 (18 (17 ((20 21 )((22 23 )(24 25 ))))))))))); 
ttag *!; 
ttag +0 ////; 
ttag +1 ////; 
ttag +2 ////; 
ttag +3 ////; 
ttag +4 ////; 
ttag +5 ////; 
ttag +6 ////; 
ttag +7 ////; 
ttag +8 ////; 
ttag +9 ////; 
ttag +10 ////; 
ttag +11 ////; 
ttag +12 ////; 
ttag +13 ////; 
ttag +14 ////; 
ttag +15 ////; 
ttag +16 ////; 
ttag +17 ////; 
ttag +18 ////; 
ttag +19 ////; 
ttag +20 ////; 
ttag +21 ////; 
ttag +22 ////; 
ttag +23 ////; 
ttag +24 ////; 
ttag +25 ////; 
ttag +26 ////; 
ttag +27 ////; 
ttag +28 ////; 
ttag +29 ////; 
ttag +30 ////; 
ttag +31 ////; 
ttag +32 ////; 
ttag +33 ////; 
ttag +34 ////; 
ttag +35 ////; 
ttag +36 ////; 
ttag +37 ////; 
ttag +38 ////; 
ttag +39 ////; 
ttag +40 ////; 
ttag +41 ////; 
ttag +42 ////; 
ttag +43 ////; 
ttag +44 ////; 
ttag +45 ////; 
ttag +46 ////; 
ttag +47 ////; 
ttag +48 ////; 
ttag +49 100/100/100/100/100; 
ttag +50 99/99/98/99/100; 
ttag +51 96/95/92/94/89; 
ttag +52 71/64/45/61/49; 
ttag +53 50/44/24/35/23; 
ttag +54 98/98/97/98/95; 
ttag +55 95/94/85/97/90; 
ttag +56 48/38/35/36/35; 
ttag +57 86/82/84/87/75; 
ttag +58 12/[8]/?/?/?; 
ttag +59 51/36/28/39/35; 
ttag +60 94/92/85/97/88; 
ttag +61 99/98/97/99/98; 
ttag +62 100/100/99/100/100; 
ttag +63 51/44/24/42/30; 
ttag +64 100/100/98/100/98; 
ttag +65 78/74/56/78/63; 
ttag +66 45/36/17/26/23; 
ttag +67 32/22/7/24/17; 
ttag +68 67/60/40/51/51; 
ttag +69 99/99/99/99/98; 
ttag +70 90/88/75/90/74; 
ttag +71 100/100/99/99/99; 
ttag +72 81/76/47/71/60; 
ttag +73 98/97/92/97/94; 
ttag +74 100/100/99/100/100; 
ttag +75 85/81/70/82/67; 
ttag +76 74/63/70/76/68; 
ttag +77 100/100/100/100/100; 
ttag +78 100/100/100/100/100; 
ttag +79 95/93/90/96/88; 
ttag +80 76/68/62/69/55; 
ttag +81 84/80/67/77/68; 
ttag +82 71/70/69/60/66; 
ttag +83 98/98/97/96/96; 
ttag +84 79/69/59/64/70; 
ttag +85 99/99/97/98/96; 
ttag +86 98/97/94/98/94; 
ttag +87 50/40/20/36/31; 
ttag +88 70/54/45/41/33; 
ttag +89 97/96/92/96/94; 
ttag +90 100/100/100/100/100; 
ttag +91 32/5/3/2/?; 
ttag +92 100/100/100/99/99; 
ttag +93 22/[34]/?/?/?; 
ttag +94 70/57/44/48/43; 
