tread
'Tree with tags' 
(0 ((1 ((2 3 )((8 ((4 5 )(6 7 )))(9 (10 (11 12 ))))))(13 14 )((15 16 )(17 (18 (19 ((20 21 )((22 23 )(24 25 )))))))((26 (27 (28 (29 30 ))))((39 (31 (((32 33 )(34 35 ))(36 (37 38 )))))(40 41 (42 (43 ((44 45 )(46 47 ))))))))); 
ttag *!; 
ttag +49 2; 
ttag +50 ???; 
ttag +51 4; 
ttag +52 5; 
ttag +53 6; 
ttag +54 8; 
ttag +55 1; 
ttag +56 2; 
ttag +57 1; 
ttag +58 1; 
ttag +59 3; 
ttag +60 11; 
ttag +61 6; 
ttag +62 9; 
ttag +63 5; 
ttag +64 3; 
ttag +65 9; 
ttag +66 1; 
ttag +67 8; 
ttag +68 6; 
ttag +69 7; 
ttag +70 5; 
ttag +71 4; 
ttag +72 7; 
ttag +73 2; 
ttag +74 1; 
ttag +75 7; 
ttag +76 14; 
ttag +77 6; 
ttag +78 1; 
ttag +79 2; 
ttag +80 2; 
ttag +81 1; 
ttag +82 4; 
ttag +83 3; 
ttag +84 9; 
ttag +85 11; 
ttag +86 2; 
ttag +87 11; 
ttag +88 6; 
ttag +89 5; 
ttag +90 1; 
ttag +91 3; 
tread
'Tree with tags' 
(0 ((1 ((2 3 )((8 ((4 5 )(6 7 )))(9 (10 (11 12 ))))))((13 14 )(((15 16 )(17 (18 (19 ((20 21 )((22 23 )(24 25 )))))))((26 (27 (28 (29 30 ))))((39 (31 (((32 33 )(34 35 ))(36 (37 38 )))))((40 41 )(42 (43 ((44 45 )(46 47 ))))))))))); 
ttag *!; 
ttag +0 ////; 
ttag +1 ////; 
ttag +2 ////; 
ttag +3 ////; 
ttag +4 ////; 
ttag +5 ////; 
ttag +6 ////; 
ttag +7 ////; 
ttag +8 ////; 
ttag +9 ////; 
ttag +10 ////; 
ttag +11 ////; 
ttag +12 ////; 
ttag +13 ////; 
ttag +14 ////; 
ttag +15 ////; 
ttag +16 ////; 
ttag +17 ////; 
ttag +18 ////; 
ttag +19 ////; 
ttag +20 ////; 
ttag +21 ////; 
ttag +22 ////; 
ttag +23 ////; 
ttag +24 ////; 
ttag +25 ////; 
ttag +26 ////; 
ttag +27 ////; 
ttag +28 ////; 
ttag +29 ////; 
ttag +30 ////; 
ttag +31 ////; 
ttag +32 ////; 
ttag +33 ////; 
ttag +34 ////; 
ttag +35 ////; 
ttag +36 ////; 
ttag +37 ////; 
ttag +38 ////; 
ttag +39 ////; 
ttag +40 ////; 
ttag +41 ////; 
ttag +42 ////; 
ttag +43 ////; 
ttag +44 ////; 
ttag +45 ////; 
ttag +46 ////; 
ttag +47 ////; 
ttag +48 ////; 
ttag +49 58/52/39/51/45; 
ttag +50 100/100/100/100/100; 
ttag +51 90/86/67/85/81; 
ttag +52 91/88/83/93/85; 
ttag +53 95/93/91/96/90; 
ttag +54 98/98/97/99/94; 
ttag +55 36/13/8/17/10; 
ttag +56 59/48/44/52/41; 
ttag +57 64/51/57/59/62; 
ttag +58 27/4/0/7/?; 
ttag +59 89/86/78/87/78; 
ttag +60 100/100/100/100/99; 
ttag +61 99/98/96/98/97; 
ttag +62 27/10/9/13/11; 
ttag +63 100/100/98/100/100; 
ttag +64 96/96/87/96/92; 
ttag +65 21/[6]/1/?/?; 
ttag +66 92/89/86/91/82; 
ttag +67 100/100/100/100/98; 
ttag +68 77/76/68/73/70; 
ttag +69 100/100/100/100/98; 
ttag +70 98/98/89/97/95; 
ttag +71 100/100/97/99/96; 
ttag +72 96/94/86/95/85; 
ttag +73 89/85/72/86/78; 
ttag +74 99/98/98/99/98; 
ttag +75 70/58/38/60/50; 
ttag +76 70/58/57/56/57; 
ttag +77 99/99/98/100/98; 
ttag +78 100/100/100/100/100; 
ttag +79 99/99/95/98/96; 
ttag +80 54/34/31/47/35; 
ttag +81 96/95/89/92/91; 
ttag +82 68/60/55/68/58; 
ttag +83 54/46/39/47/35; 
ttag +84 99/99/96/98/97; 
ttag +85 89/88/85/92/86; 
ttag +86 100/100/100/100/100; 
ttag +87 100/100/100/100/100; 
ttag +88 29/[3]/4/5/12; 
ttag +89 71/61/57/66/56; 
ttag +90 100/100/98/100/99; 
ttag +91 96/94/88/95/90; 
ttag +92 96/96/93/95/93; 
ttag +93 63/48/32/42/21; 
ttag +94 89/86/70/84/78; 
