tread
'Tree with tags' 
(0 ((((1 ((2 3 )(((4 5 )(6 7 ))(8 9 (10 (11 12 ))))))(17 (15 16 )(18 19 ((20 21 )((22 23 )(24 25 ))))))(13 14 ))((26 (27 (28 (29 30 ))))((39 (31 ((32 33 )((34 35 )(36 (37 38 ))))))((40 41 )(42 (43 ((44 45 )(46 47 ))))))))); 
ttag *!; 
ttag +49 1; 
ttag +50 1; 
ttag +51 1; 
ttag +52 ???; 
ttag +53 8; 
ttag +54 7; 
ttag +55 9; 
ttag +56 7; 
ttag +57 2; 
ttag +58 1; 
ttag +59 2; 
ttag +60 2; 
ttag +61 5; 
ttag +62 6; 
ttag +63 12; 
ttag +64 2; 
ttag +65 5; 
ttag +66 5; 
ttag +67 5; 
ttag +68 12; 
ttag +69 2; 
ttag +70 7; 
ttag +71 9; 
ttag +72 7; 
ttag +73 7; 
ttag +74 4; 
ttag +75 8; 
ttag +76 6; 
ttag +77 2; 
ttag +78 7; 
ttag +79 10; 
ttag +80 4; 
ttag +81 1; 
ttag +82 1; 
ttag +83 8; 
ttag +84 6; 
ttag +85 4; 
ttag +86 10; 
ttag +87 5; 
ttag +88 5; 
ttag +89 4; 
ttag +90 2; 
ttag +91 8; 
tread
'Tree with tags' 
(0 ((((1 ((2 3 )(((4 5 )(6 7 ))(8 (9 (10 (11 12 )))))))(17 ((15 16 )((18 19 )((20 21 )((22 23 )(24 25 )))))))(13 14 ))((26 (27 (28 (29 30 ))))((39 (31 ((32 33 )((34 35 )(36 (37 38 ))))))((40 41 )(42 (43 ((44 45 )(46 47 ))))))))); 
ttag *!; 
ttag +0 ////; 
ttag +1 ////; 
ttag +2 ////; 
ttag +3 ////; 
ttag +4 ////; 
ttag +5 ////; 
ttag +6 ////; 
ttag +7 ////; 
ttag +8 ////; 
ttag +9 ////; 
ttag +10 ////; 
ttag +11 ////; 
ttag +12 ////; 
ttag +13 ////; 
ttag +14 ////; 
ttag +15 ////; 
ttag +16 ////; 
ttag +17 ////; 
ttag +18 ////; 
ttag +19 ////; 
ttag +20 ////; 
ttag +21 ////; 
ttag +22 ////; 
ttag +23 ////; 
ttag +24 ////; 
ttag +25 ////; 
ttag +26 ////; 
ttag +27 ////; 
ttag +28 ////; 
ttag +29 ////; 
ttag +30 ////; 
ttag +31 ////; 
ttag +32 ////; 
ttag +33 ////; 
ttag +34 ////; 
ttag +35 ////; 
ttag +36 ////; 
ttag +37 ////; 
ttag +38 ////; 
ttag +39 ////; 
ttag +40 ////; 
ttag +41 ////; 
ttag +42 ////; 
ttag +43 ////; 
ttag +44 ////; 
ttag +45 ////; 
ttag +46 ////; 
ttag +47 ////; 
ttag +48 ////; 
ttag +49 25/4/?/9/?; 
ttag +50 31/16/2/15/7; 
ttag +51 25/6/?/0/?; 
ttag +52 100/100/100/100/100; 
ttag +53 100/100/99/100/100; 
ttag +54 100/100/94/98/98; 
ttag +55 100/100/100/100/100; 
ttag +56 98/97/94/98/93; 
ttag +57 88/83/80/81/80; 
ttag +58 50/19/18/28/11; 
ttag +59 74/70/60/67/56; 
ttag +60 12/[5]/0/?/?; 
ttag +61 66/49/48/56/40; 
ttag +62 98/98/91/96/92; 
ttag +63 99/99/98/99/98; 
ttag +64 100/100/100/100/100; 
ttag +65 54/40/30/30/32; 
ttag +66 78/76/63/73/60; 
ttag +67 50/22/12/17/13; 
ttag +68 95/94/88/98/94; 
ttag +69 99/99/99/99/99; 
ttag +70 98/98/96/98/91; 
ttag +71 100/100/100/100/100; 
ttag +72 82/79/71/77/67; 
ttag +73 97/97/95/98/94; 
ttag +74 100/100/99/100/100; 
ttag +75 98/97/94/98/94; 
ttag +76 100/100/99/99/98; 
ttag +77 94/93/91/93/93; 
ttag +78 100/100/100/99/99; 
ttag +79 95/94/84/97/80; 
ttag +80 52/32/26/52/30; 
ttag +81 100/100/97/99/98; 
ttag +82 100/100/99/100/100; 
ttag +83 90/88/80/95/73; 
ttag +84 59/40/40/44/47; 
ttag +85 56/45/34/48/32; 
ttag +86 98/97/97/98/93; 
ttag +87 100/100/95/96/96; 
ttag +88 90/87/76/88/74; 
ttag +89 100/100/97/100/95; 
ttag +90 92/88/83/88/78; 
ttag +91 90/87/78/89/72; 
ttag +92 89/87/90/95/84; 
ttag +93 77/71/63/74/66; 
ttag +94 98/98/96/99/98; 
