tread
'Tree with tags' 
(0 ((1 ((2 3 )(10 ((8 ((4 5 )(6 7 )))(9 (11 12 ))))))((13 14 )((26 (27 (28 (29 30 ))))((39 (31 (((32 33 )(36 (37 38 )))(34 35 ))))((40 41 )(42 (43 ((44 45 )(46 47 ))))))))((15 16 )(17 (18 (19 ((20 21 )((22 23 )(24 25 ))))))))); 
ttag *!; 
ttag +49 5; 
ttag +50 ???; 
ttag +51 3; 
ttag +52 9; 
ttag +53 9; 
ttag +54 7; 
ttag +55 2; 
ttag +56 2; 
ttag +57 5; 
ttag +58 3; 
ttag +59 1; 
ttag +60 14; 
ttag +61 10; 
ttag +62 4; 
ttag +63 15; 
ttag +64 6; 
ttag +65 3; 
ttag +66 9; 
ttag +67 3; 
ttag +68 16; 
ttag +69 4; 
ttag +70 7; 
ttag +71 4; 
ttag +72 5; 
ttag +73 2; 
ttag +74 3; 
ttag +75 4; 
ttag +76 1; 
ttag +77 10; 
ttag +78 8; 
ttag +79 2; 
ttag +80 2; 
ttag +81 3; 
ttag +82 1; 
ttag +83 1; 
ttag +84 5; 
ttag +85 12; 
ttag +86 9; 
ttag +87 4; 
ttag +88 5; 
ttag +89 9; 
ttag +90 2; 
ttag +91 8; 
ttag +92 3; 
ttag +93 4; 
tread
'Tree with tags' 
(0 (((1 ((2 3 )(10 ((8 ((4 5 )(6 7 )))(9 (11 12 ))))))((13 14 )((26 (27 (28 (29 30 ))))((39 (31 (((32 33 )(36 (37 38 )))(34 35 ))))((40 41 )(42 (43 ((44 45 )(46 47 )))))))))((15 16 )(17 (18 (19 ((20 21 )((22 23 )(24 25 ))))))))); 
ttag *!; 
ttag +0 ////; 
ttag +1 ////; 
ttag +2 ////; 
ttag +3 ////; 
ttag +4 ////; 
ttag +5 ////; 
ttag +6 ////; 
ttag +7 ////; 
ttag +8 ////; 
ttag +9 ////; 
ttag +10 ////; 
ttag +11 ////; 
ttag +12 ////; 
ttag +13 ////; 
ttag +14 ////; 
ttag +15 ////; 
ttag +16 ////; 
ttag +17 ////; 
ttag +18 ////; 
ttag +19 ////; 
ttag +20 ////; 
ttag +21 ////; 
ttag +22 ////; 
ttag +23 ////; 
ttag +24 ////; 
ttag +25 ////; 
ttag +26 ////; 
ttag +27 ////; 
ttag +28 ////; 
ttag +29 ////; 
ttag +30 ////; 
ttag +31 ////; 
ttag +32 ////; 
ttag +33 ////; 
ttag +34 ////; 
ttag +35 ////; 
ttag +36 ////; 
ttag +37 ////; 
ttag +38 ////; 
ttag +39 ////; 
ttag +40 ////; 
ttag +41 ////; 
ttag +42 ////; 
ttag +43 ////; 
ttag +44 ////; 
ttag +45 ////; 
ttag +46 ////; 
ttag +47 ////; 
ttag +48 ////; 
ttag +49 84/80/66/83/68; 
ttag +50 33/0/11/?/?; 
ttag +51 100/100/100/100/100; 
ttag +52 91/88/84/86/79; 
ttag +53 99/99/96/99/97; 
ttag +54 100/100/98/100/100; 
ttag +55 95/94/91/96/93; 
ttag +56 69/63/44/63/41; 
ttag +57 65/57/39/59/39; 
ttag +58 83/73/54/75/56; 
ttag +59 84/79/70/87/65; 
ttag +60 52/35/23/36/28; 
ttag +61 100/100/100/100/100; 
ttag +62 99/99/100/99/100; 
ttag +63 87/84/71/92/72; 
ttag +64 100/100/100/100/100; 
ttag +65 92/90/80/90/81; 
ttag +66 75/67/50/67/48; 
ttag +67 98/98/90/96/94; 
ttag +68 80/68/39/66/50; 
ttag +69 100/100/100/100/100; 
ttag +70 90/86/71/90/75; 
ttag +71 100/100/96/98/99; 
ttag +72 87/80/68/85/68; 
ttag +73 94/92/90/94/82; 
ttag +74 88/82/77/84/80; 
ttag +75 92/90/85/93/80; 
ttag +76 95/92/84/94/87; 
ttag +77 64/45/32/46/35; 
ttag +78 100/100/98/100/99; 
ttag +79 98/96/96/98/94; 
ttag +80 71/61/45/67/50; 
ttag +81 77/70/68/64/63; 
ttag +82 81/78/73/83/73; 
ttag +83 51/28/27/34/20; 
ttag +84 48/39/38/42/30; 
ttag +85 100/100/96/98/99; 
ttag +86 100/100/100/100/100; 
ttag +87 99/99/100/99/99; 
ttag +88 96/96/90/95/93; 
ttag +89 98/97/89/97/95; 
ttag +90 97/96/96/99/98; 
ttag +91 76/66/54/68/46; 
ttag +92 99/99/91/99/95; 
ttag +93 90/88/82/89/83; 
ttag +94 94/93/84/91/84; 
