tread
'Tree with tags' 
(0 ((1 ((9 ((2 3 )((4 5 )(6 7 ))))(8 (10 (11 12 )))))((13 14 )((15 16 )(17 (18 (19 ((20 21 )((22 23 )(24 25 )))))))((26 (27 (28 (29 30 ))))((39 (31 (((32 33 )(36 (37 38 )))(34 35 ))))(40 41 (42 (43 ((44 45 )(46 47 )))))))))); 
ttag *!; 
ttag +49 2; 
ttag +50 ???; 
ttag +51 8; 
ttag +52 1; 
ttag +53 1; 
ttag +54 8; 
ttag +55 4; 
ttag +56 8; 
ttag +57 4; 
ttag +58 2; 
ttag +59 5; 
ttag +60 7; 
ttag +61 7; 
ttag +62 1; 
ttag +63 5; 
ttag +64 7; 
ttag +65 2; 
ttag +66 6; 
ttag +67 4; 
ttag +68 13; 
ttag +69 8; 
ttag +70 8; 
ttag +71 4; 
ttag +72 5; 
ttag +73 9; 
ttag +74 6; 
ttag +75 7; 
ttag +76 6; 
ttag +77 10; 
ttag +78 1; 
ttag +79 3; 
ttag +80 5; 
ttag +81 6; 
ttag +82 2; 
ttag +83 3; 
ttag +84 8; 
ttag +85 8; 
ttag +86 7; 
ttag +87 6; 
ttag +88 10; 
ttag +89 4; 
ttag +90 5; 
ttag +91 6; 
ttag +92 2; 
tread
'Tree with tags' 
(0 ((1 ((9 ((2 3 )((4 5 )(6 7 ))))(8 (10 (11 12 )))))(((13 14 )((26 (27 (28 (29 30 ))))((39 (31 (((32 33 )(36 (37 38 )))(34 35 ))))(40 (41 (42 (43 ((44 45 )(46 47 )))))))))((15 16 )(17 (18 (19 ((20 21 )((22 23 )(24 25 )))))))))); 
ttag *!; 
ttag +0 ////; 
ttag +1 ////; 
ttag +2 ////; 
ttag +3 ////; 
ttag +4 ////; 
ttag +5 ////; 
ttag +6 ////; 
ttag +7 ////; 
ttag +8 ////; 
ttag +9 ////; 
ttag +10 ////; 
ttag +11 ////; 
ttag +12 ////; 
ttag +13 ////; 
ttag +14 ////; 
ttag +15 ////; 
ttag +16 ////; 
ttag +17 ////; 
ttag +18 ////; 
ttag +19 ////; 
ttag +20 ////; 
ttag +21 ////; 
ttag +22 ////; 
ttag +23 ////; 
ttag +24 ////; 
ttag +25 ////; 
ttag +26 ////; 
ttag +27 ////; 
ttag +28 ////; 
ttag +29 ////; 
ttag +30 ////; 
ttag +31 ////; 
ttag +32 ////; 
ttag +33 ////; 
ttag +34 ////; 
ttag +35 ////; 
ttag +36 ////; 
ttag +37 ////; 
ttag +38 ////; 
ttag +39 ////; 
ttag +40 ////; 
ttag +41 ////; 
ttag +42 ////; 
ttag +43 ////; 
ttag +44 ////; 
ttag +45 ////; 
ttag +46 ////; 
ttag +47 ////; 
ttag +48 ////; 
ttag +49 60/54/39/50/45; 
ttag +50 100/100/100/100/100; 
ttag +51 100/100/99/99/98; 
ttag +52 31/2/?/?/?; 
ttag +53 26/[2]/?/?/?; 
ttag +54 98/98/94/99/97; 
ttag +55 92/89/86/92/87; 
ttag +56 98/97/93/98/95; 
ttag +57 91/88/83/92/84; 
ttag +58 54/39/32/37/34; 
ttag +59 94/92/92/94/90; 
ttag +60 99/99/99/99/99; 
ttag +61 100/100/98/99/98; 
ttag +62 0/[7]/?/?/?; 
ttag +63 46/41/30/38/30; 
ttag +64 99/99/93/96/94; 
ttag +65 99/99/98/100/98; 
ttag +66 76/66/54/65/55; 
ttag +67 99/99/96/99/94; 
ttag +68 94/92/89/95/88; 
ttag +69 100/100/100/100/100; 
ttag +70 100/100/99/100/99; 
ttag +71 99/99/95/99/97; 
ttag +72 95/93/85/96/90; 
ttag +73 95/94/90/97/86; 
ttag +74 100/100/100/100/100; 
ttag +75 96/95/96/98/91; 
ttag +76 99/99/99/100/96; 
ttag +77 99/99/94/98/98; 
ttag +78 100/100/100/100/100; 
ttag +79 55/52/49/60/56; 
ttag +80 87/82/66/87/78; 
ttag +81 96/94/90/96/95; 
ttag +82 99/99/97/99/97; 
ttag +83 80/78/71/84/73; 
ttag +84 84/82/66/86/74; 
ttag +85 100/100/100/100/99; 
ttag +86 99/99/96/99/96; 
ttag +87 100/100/98/99/98; 
ttag +88 99/99/99/99/99; 
ttag +89 31/10/?/?/?; 
ttag +90 99/99/99/100/98; 
ttag +91 88/84/70/87/75; 
ttag +92 92/90/88/94/84; 
ttag +93 96/95/93/98/93; 
ttag +94 80/71/60/69/46; 
