tread
'Tree with tags' 
(0 (((1 ((13 14 )(17 ((15 16 )((18 19 )((20 21 )((22 23 )(24 25 ))))))))((26 (27 28 (29 30 )))(39 ((31 ((32 33 )((34 35 )(36 (37 38 )))))((40 41 )(42 (43 ((44 45 )(46 47 )))))))))((2 3 )(((4 5 )(6 7 ))(9 (8 (10 (11 12 )))))))); 
ttag *!; 
ttag +49 1; 
ttag +50 1; 
ttag +51 ???; 
ttag +52 5; 
ttag +53 7; 
ttag +54 7; 
ttag +55 5; 
ttag +56 6; 
ttag +57 1; 
ttag +58 1; 
ttag +59 3; 
ttag +60 6; 
ttag +61 6; 
ttag +62 4; 
ttag +63 1; 
ttag +64 7; 
ttag +65 1; 
ttag +66 9; 
ttag +67 1; 
ttag +68 6; 
ttag +69 11; 
ttag +70 2; 
ttag +71 9; 
ttag +72 6; 
ttag +73 10; 
ttag +74 3; 
ttag +75 7; 
ttag +76 2; 
ttag +77 14; 
ttag +78 6; 
ttag +79 1; 
ttag +80 11; 
ttag +81 4; 
ttag +82 6; 
ttag +83 3; 
ttag +84 4; 
ttag +85 17; 
ttag +86 9; 
ttag +87 7; 
ttag +88 4; 
ttag +89 2; 
ttag +90 3; 
ttag +91 2; 
ttag +92 5; 
ttag +93 1; 
tread
'Tree with tags' 
(0 (((1 ((13 14 )(17 ((15 16 )((18 19 )((20 21 )((22 23 )(24 25 ))))))))((26 (28 (27 (29 30 ))))(39 ((31 ((32 33 )((34 35 )(36 (37 38 )))))((40 41 )(42 (43 ((44 45 )(46 47 )))))))))((2 3 )(((4 5 )(6 7 ))(9 (8 (10 (11 12 )))))))); 
ttag *!; 
ttag +0 ////; 
ttag +1 ////; 
ttag +2 ////; 
ttag +3 ////; 
ttag +4 ////; 
ttag +5 ////; 
ttag +6 ////; 
ttag +7 ////; 
ttag +8 ////; 
ttag +9 ////; 
ttag +10 ////; 
ttag +11 ////; 
ttag +12 ////; 
ttag +13 ////; 
ttag +14 ////; 
ttag +15 ////; 
ttag +16 ////; 
ttag +17 ////; 
ttag +18 ////; 
ttag +19 ////; 
ttag +20 ////; 
ttag +21 ////; 
ttag +22 ////; 
ttag +23 ////; 
ttag +24 ////; 
ttag +25 ////; 
ttag +26 ////; 
ttag +27 ////; 
ttag +28 ////; 
ttag +29 ////; 
ttag +30 ////; 
ttag +31 ////; 
ttag +32 ////; 
ttag +33 ////; 
ttag +34 ////; 
ttag +35 ////; 
ttag +36 ////; 
ttag +37 ////; 
ttag +38 ////; 
ttag +39 ////; 
ttag +40 ////; 
ttag +41 ////; 
ttag +42 ////; 
ttag +43 ////; 
ttag +44 ////; 
ttag +45 ////; 
ttag +46 ////; 
ttag +47 ////; 
ttag +48 ////; 
ttag +49 16/1/1/2/?; 
ttag +50 20/5/0/6/?; 
ttag +51 100/100/100/100/100; 
ttag +52 97/96/88/95/88; 
ttag +53 96/94/90/96/84; 
ttag +54 99/99/99/99/98; 
ttag +55 96/96/90/95/92; 
ttag +56 98/98/96/98/94; 
ttag +57 41/26/17/35/28; 
ttag +58 54/40/30/31/34; 
ttag +59 75/70/55/73/60; 
ttag +60 95/95/93/95/93; 
ttag +61 98/98/97/99/96; 
ttag +62 98/97/96/96/97; 
ttag +63 52/31/36/43/30; 
ttag +64 100/100/99/100/99; 
ttag +65 59/34/26/42/33; 
ttag +66 99/98/96/99/98; 
ttag +67 62/59/49/51/44; 
ttag +68 96/94/92/94/92; 
ttag +69 100/100/100/100/100; 
ttag +70 83/81/68/79/70; 
ttag +71 99/99/100/100/99; 
ttag +72 96/95/88/95/92; 
ttag +73 100/100/100/100/100; 
ttag +74 76/67/62/65/53; 
ttag +75 97/96/94/95/88; 
ttag +76 34/[6]/?/?/?; 
ttag +77 73/64/61/71/54; 
ttag +78 100/100/100/100/100; 
ttag +79 98/97/92/98/91; 
ttag +80 60/44/29/42/30; 
ttag +81 99/99/97/99/95; 
ttag +82 97/97/95/97/94; 
ttag +83 96/95/92/96/90; 
ttag +84 90/87/77/88/79; 
ttag +85 92/90/80/92/81; 
ttag +86 100/100/100/100/100; 
ttag +87 99/99/100/100/99; 
ttag +88 98/98/87/97/87; 
ttag +89 89/84/79/90/75; 
ttag +90 72/64/57/62/56; 
ttag +91 76/71/56/70/62; 
ttag +92 72/54/48/47/48; 
ttag +93 96/95/91/96/94; 
ttag +94 57/41/32/39/28; 
