tread
'Tree with tags' 
(0 ((1 ((2 3 )((8 9 (6 7 (4 5 )))(10 (11 12 )))))((13 14 )((17 ((15 16 )(18 (19 ((20 21 )((22 23 )(24 25 )))))))((26 (27 (28 (29 30 ))))((31 (((32 33 )(34 35 ))(36 (37 38 ))))(39 ((40 41 )(42 (43 (47 (46 (44 45 ))))))))))))); 
ttag *!; 
ttag +49 1; 
ttag +50 ???; 
ttag +51 7; 
ttag +52 7; 
ttag +53 6; 
ttag +54 7; 
ttag +55 1; 
ttag +56 4; 
ttag +57 4; 
ttag +58 1; 
ttag +59 7; 
ttag +60 3; 
ttag +61 5; 
ttag +62 3; 
ttag +63 3; 
ttag +64 2; 
ttag +65 5; 
ttag +66 2; 
ttag +67 8; 
ttag +68 5; 
ttag +69 4; 
ttag +70 4; 
ttag +71 9; 
ttag +72 5; 
ttag +73 4; 
ttag +74 1; 
ttag +75 4; 
ttag +76 4; 
ttag +77 5; 
ttag +78 6; 
ttag +79 2; 
ttag +80 1; 
ttag +81 2; 
ttag +82 3; 
ttag +83 12; 
ttag +84 8; 
ttag +85 1; 
ttag +86 3; 
ttag +87 7; 
ttag +88 9; 
ttag +89 6; 
ttag +90 10; 
ttag +91 1; 
ttag +92 10; 
tread
'Tree with tags' 
(0 ((1 ((2 3 )((8 (9 (6 (7 (4 5 )))))(10 (11 12 )))))((13 14 )((17 ((15 16 )(18 (19 ((20 21 )((22 23 )(24 25 )))))))((26 (27 (28 (29 30 ))))((31 (((32 33 )(34 35 ))(36 (37 38 ))))(39 ((40 41 )(42 (43 (47 (46 (44 45 ))))))))))))); 
ttag *!; 
ttag +0 ////; 
ttag +1 ////; 
ttag +2 ////; 
ttag +3 ////; 
ttag +4 ////; 
ttag +5 ////; 
ttag +6 ////; 
ttag +7 ////; 
ttag +8 ////; 
ttag +9 ////; 
ttag +10 ////; 
ttag +11 ////; 
ttag +12 ////; 
ttag +13 ////; 
ttag +14 ////; 
ttag +15 ////; 
ttag +16 ////; 
ttag +17 ////; 
ttag +18 ////; 
ttag +19 ////; 
ttag +20 ////; 
ttag +21 ////; 
ttag +22 ////; 
ttag +23 ////; 
ttag +24 ////; 
ttag +25 ////; 
ttag +26 ////; 
ttag +27 ////; 
ttag +28 ////; 
ttag +29 ////; 
ttag +30 ////; 
ttag +31 ////; 
ttag +32 ////; 
ttag +33 ////; 
ttag +34 ////; 
ttag +35 ////; 
ttag +36 ////; 
ttag +37 ////; 
ttag +38 ////; 
ttag +39 ////; 
ttag +40 ////; 
ttag +41 ////; 
ttag +42 ////; 
ttag +43 ////; 
ttag +44 ////; 
ttag +45 ////; 
ttag +46 ////; 
ttag +47 ////; 
ttag +48 ////; 
ttag +49 35/28/14/24/16; 
ttag +50 100/100/100/100/100; 
ttag +51 100/100/99/99/99; 
ttag +52 97/96/96/98/94; 
ttag +53 97/97/95/98/96; 
ttag +54 30/11/11/12/0; 
ttag +55 99/99/98/99/98; 
ttag +56 12/[18]/?/?/?; 
ttag +57 52/44/43/42/32; 
ttag +58 88/85/79/88/78; 
ttag +59 96/96/90/94/94; 
ttag +60 63/45/52/42/37; 
ttag +61 99/99/95/98/97; 
ttag +62 72/68/59/68/57; 
ttag +63 97/97/88/95/89; 
ttag +64 83/80/65/84/61; 
ttag +65 84/80/75/83/80; 
ttag +66 76/73/57/65/55; 
ttag +67 94/94/81/94/80; 
ttag +68 79/70/54/73/55; 
ttag +69 100/100/100/100/99; 
ttag +70 97/97/89/96/87; 
ttag +71 91/89/81/85/79; 
ttag +72 98/98/98/99/98; 
ttag +73 100/100/100/100/99; 
ttag +74 91/87/77/92/84; 
ttag +75 85/83/77/84/66; 
ttag +76 66/56/52/57/55; 
ttag +77 93/91/80/90/84; 
ttag +78 92/89/90/94/88; 
ttag +79 89/84/78/89/83; 
ttag +80 96/95/92/96/94; 
ttag +81 70/52/54/59/46; 
ttag +82 42/5/8/14/5; 
ttag +83 75/70/58/64/70; 
ttag +84 89/86/84/90/76; 
ttag +85 100/100/100/100/100; 
ttag +86 100/100/95/99/98; 
ttag +87 47/31/36/37/35; 
ttag +88 92/90/86/90/85; 
ttag +89 98/98/94/98/97; 
ttag +90 100/100/98/98/99; 
ttag +91 96/96/91/98/93; 
ttag +92 100/100/99/100/100; 
ttag +93 56/31/31/32/26; 
ttag +94 99/99/99/99/98; 
