tread
'Tree with tags' 
(0 (((1 ((26 (27 (28 (29 30 ))))((31 ((32 33 )((34 35 )(36 (37 38 )))))(39 ((40 41 )(42 (43 ((44 45 )(46 47 )))))))))((2 3 )(8 (9 ((4 5 )(6 7 )))(10 (11 12 )))))((13 14 )((17 (15 16 ))(18 19 ((20 21 )((22 23 )(24 25 )))))))); 
ttag *!; 
ttag +49 1; 
ttag +50 1; 
ttag +51 ???; 
ttag +52 4; 
ttag +53 9; 
ttag +54 3; 
ttag +55 1; 
ttag +56 1; 
ttag +57 3; 
ttag +58 1; 
ttag +59 3; 
ttag +60 10; 
ttag +61 7; 
ttag +62 1; 
ttag +63 9; 
ttag +64 1; 
ttag +65 4; 
ttag +66 4; 
ttag +67 6; 
ttag +68 5; 
ttag +69 7; 
ttag +70 10; 
ttag +71 5; 
ttag +72 11; 
ttag +73 4; 
ttag +74 3; 
ttag +75 8; 
ttag +76 5; 
ttag +77 4; 
ttag +78 5; 
ttag +79 4; 
ttag +80 3; 
ttag +81 2; 
ttag +82 1; 
ttag +83 14; 
ttag +84 6; 
ttag +85 1; 
ttag +86 1; 
ttag +87 7; 
ttag +88 10; 
ttag +89 3; 
ttag +90 4; 
ttag +91 8; 
ttag +92 1; 
tread
'Tree with tags' 
(0 (((1 ((26 (27 (28 (29 30 ))))((31 ((32 33 )((34 35 )(36 (37 38 )))))(39 ((40 41 )(42 (43 ((44 45 )(46 47 )))))))))((2 3 )((9 ((4 5 )(6 7 )))(8 (10 (11 12 ))))))((13 14 )((17 (15 16 ))(19 (18 ((20 21 )((22 23 )(24 25 ))))))))); 
ttag *!; 
ttag +0 ////; 
ttag +1 ////; 
ttag +2 ////; 
ttag +3 ////; 
ttag +4 ////; 
ttag +5 ////; 
ttag +6 ////; 
ttag +7 ////; 
ttag +8 ////; 
ttag +9 ////; 
ttag +10 ////; 
ttag +11 ////; 
ttag +12 ////; 
ttag +13 ////; 
ttag +14 ////; 
ttag +15 ////; 
ttag +16 ////; 
ttag +17 ////; 
ttag +18 ////; 
ttag +19 ////; 
ttag +20 ////; 
ttag +21 ////; 
ttag +22 ////; 
ttag +23 ////; 
ttag +24 ////; 
ttag +25 ////; 
ttag +26 ////; 
ttag +27 ////; 
ttag +28 ////; 
ttag +29 ////; 
ttag +30 ////; 
ttag +31 ////; 
ttag +32 ////; 
ttag +33 ////; 
ttag +34 ////; 
ttag +35 ////; 
ttag +36 ////; 
ttag +37 ////; 
ttag +38 ////; 
ttag +39 ////; 
ttag +40 ////; 
ttag +41 ////; 
ttag +42 ////; 
ttag +43 ////; 
ttag +44 ////; 
ttag +45 ////; 
ttag +46 ////; 
ttag +47 ////; 
ttag +48 ////; 
ttag +49 26/11/12/20/4; 
ttag +50 36/21/12/24/3; 
ttag +51 100/100/100/100/100; 
ttag +52 98/98/90/96/91; 
ttag +53 100/100/98/100/100; 
ttag +54 82/78/73/74/70; 
ttag +55 74/71/57/60/61; 
ttag +56 40/9/?/1/?; 
ttag +57 76/68/55/68/51; 
ttag +58 62/49/35/49/38; 
ttag +59 32/13/13/19/16; 
ttag +60 79/72/68/78/66; 
ttag +61 100/100/99/100/99; 
ttag +62 99/99/98/99/96; 
ttag +63 34/19/13/23/8; 
ttag +64 99/99/98/98/100; 
ttag +65 69/55/51/52/48; 
ttag +66 96/95/91/95/92; 
ttag +67 30/[6]/6/?/?; 
ttag +68 95/94/89/93/88; 
ttag +69 100/100/100/99/99; 
ttag +70 94/92/87/95/91; 
ttag +71 98/97/98/99/96; 
ttag +72 100/100/100/100/100; 
ttag +73 99/98/98/99/96; 
ttag +74 100/100/99/100/100; 
ttag +75 72/68/62/70/58; 
ttag +76 87/83/86/87/77; 
ttag +77 98/98/97/100/96; 
ttag +78 99/99/96/97/95; 
ttag +79 91/89/76/88/75; 
ttag +80 98/97/92/96/93; 
ttag +81 91/87/78/90/82; 
ttag +82 88/86/69/87/79; 
ttag +83 78/67/60/66/65; 
ttag +84 52/32/33/33/38; 
ttag +85 100/100/100/100/100; 
ttag +86 96/95/95/98/94; 
ttag +87 43/22/9/27/16; 
ttag +88 51/28/34/42/37; 
ttag +89 97/96/90/98/90; 
ttag +90 98/98/98/99/92; 
ttag +91 89/86/78/85/74; 
ttag +92 95/93/93/95/86; 
ttag +93 100/100/99/100/100; 
ttag +94 58/32/38/42/36; 
