tread
'Tree with tags' 
(0 (1 (8 9 (2 3 )(6 7 (4 5 ))(10 11 12 ))(13 14 )(17 (15 16 )(18 (19 ((20 21 )((22 23 )(24 25 ))))))((26 (27 (28 (29 30 ))))(39 (31 ((32 33 )((34 35 )(36 (37 38 )))))((40 41 )(42 (43 ((44 45 )(46 47 ))))))))); 
ttag *!; 
ttag +49 ???; 
ttag +50 5; 
ttag +51 9; 
ttag +52 5; 
ttag +53 5; 
ttag +54 4; 
ttag +55 9; 
ttag +56 13; 
ttag +57 4; 
ttag +58 3; 
ttag +59 2; 
ttag +60 3; 
ttag +61 5; 
ttag +62 5; 
ttag +63 2; 
ttag +64 5; 
ttag +65 8; 
ttag +66 3; 
ttag +67 4; 
ttag +68 8; 
ttag +69 8; 
ttag +70 3; 
ttag +71 8; 
ttag +72 2; 
ttag +73 2; 
ttag +74 5; 
ttag +75 1; 
ttag +76 9; 
ttag +77 7; 
ttag +78 2; 
ttag +79 2; 
ttag +80 9; 
ttag +81 2; 
ttag +82 6; 
ttag +83 8; 
ttag +84 3; 
tread
'Tree with tags' 
(0 ((1 (((2 3 )((4 5 )(6 7 )))((8 9 )(12 (10 11 )))))((13 14 )(((15 16 )(17 (18 (19 ((20 21 )((22 23 )(24 25 )))))))((26 (27 (28 (29 30 ))))(39 ((31 ((32 33 )((34 35 )(36 (37 38 )))))((40 41 )(42 (43 ((44 45 )(46 47 )))))))))))); 
ttag *!; 
ttag +0 ////; 
ttag +1 ////; 
ttag +2 ////; 
ttag +3 ////; 
ttag +4 ////; 
ttag +5 ////; 
ttag +6 ////; 
ttag +7 ////; 
ttag +8 ////; 
ttag +9 ////; 
ttag +10 ////; 
ttag +11 ////; 
ttag +12 ////; 
ttag +13 ////; 
ttag +14 ////; 
ttag +15 ////; 
ttag +16 ////; 
ttag +17 ////; 
ttag +18 ////; 
ttag +19 ////; 
ttag +20 ////; 
ttag +21 ////; 
ttag +22 ////; 
ttag +23 ////; 
ttag +24 ////; 
ttag +25 ////; 
ttag +26 ////; 
ttag +27 ////; 
ttag +28 ////; 
ttag +29 ////; 
ttag +30 ////; 
ttag +31 ////; 
ttag +32 ////; 
ttag +33 ////; 
ttag +34 ////; 
ttag +35 ////; 
ttag +36 ////; 
ttag +37 ////; 
ttag +38 ////; 
ttag +39 ////; 
ttag +40 ////; 
ttag +41 ////; 
ttag +42 ////; 
ttag +43 ////; 
ttag +44 ////; 
ttag +45 ////; 
ttag +46 ////; 
ttag +47 ////; 
ttag +48 ////; 
ttag +49 39/21/8/?/7; 
ttag +50 100/100/100/100/100; 
ttag +51 99/99/96/98/97; 
ttag +52 6/[36]/?/?/?; 
ttag +53 100/100/99/100/99; 
ttag +54 100/100/99/100/99; 
ttag +55 94/92/87/98/90; 
ttag +56 54/22/26/34/28; 
ttag +57 35/21/11/8/10; 
ttag +58 44/27/17/15/16; 
ttag +59 37/[6]/?/?/?; 
ttag +60 98/98/97/96/94; 
ttag +61 100/100/100/100/99; 
ttag +62 11/[4]/?/?/?; 
ttag +63 100/100/100/99/100; 
ttag +64 94/94/92/95/88; 
ttag +65 24/8/9/14/14; 
ttag +66 40/4/?/14/5; 
ttag +67 82/78/60/77/54; 
ttag +68 78/74/57/67/49; 
ttag +69 94/94/92/97/94; 
ttag +70 90/87/69/87/73; 
ttag +71 96/94/91/97/90; 
ttag +72 57/46/50/52/41; 
ttag +73 98/98/95/96/94; 
ttag +74 100/100/98/99/98; 
ttag +75 73/64/58/72/46; 
ttag +76 96/95/94/97/94; 
ttag +77 100/100/100/100/98; 
ttag +78 100/100/99/98/99; 
ttag +79 90/85/74/86/71; 
ttag +80 15/[16]/?/?/?; 
ttag +81 94/92/82/96/88; 
ttag +82 80/72/63/68/45; 
ttag +83 88/86/86/87/82; 
ttag +84 99/99/98/99/98; 
ttag +85 50/36/29/41/21; 
ttag +86 100/100/99/100/99; 
ttag +87 99/98/95/98/99; 
ttag +88 65/46/43/61/59; 
ttag +89 66/58/44/61/46; 
ttag +90 100/100/100/100/99; 
ttag +91 74/62/40/57/56; 
ttag +92 96/95/89/97/89; 
ttag +93 100/100/96/100/96; 
ttag +94 89/86/77/93/82; 
