tread
'Tree with tags' 
(0 ((1 (((13 14 )((26 (28 (27 (29 30 ))))(39 ((31 ((32 33 )((34 35 )(36 (37 38 )))))((40 41 )(42 (43 (46 47 (44 45 )))))))))(17 (15 16 )(18 (19 ((20 21 )((22 23 )(24 25 ))))))))(((2 3 )((8 9 )(10 (11 12 ))))((4 5 )(6 7 ))))); 
ttag *!; 
ttag +49 1; 
ttag +50 ???; 
ttag +51 5; 
ttag +52 2; 
ttag +53 10; 
ttag +54 3; 
ttag +55 4; 
ttag +56 1; 
ttag +57 3; 
ttag +58 2; 
ttag +59 7; 
ttag +60 10; 
ttag +61 8; 
ttag +62 2; 
ttag +63 1; 
ttag +64 7; 
ttag +65 2; 
ttag +66 3; 
ttag +67 1; 
ttag +68 10; 
ttag +69 8; 
ttag +70 7; 
ttag +71 7; 
ttag +72 5; 
ttag +73 3; 
ttag +74 6; 
ttag +75 3; 
ttag +76 6; 
ttag +77 11; 
ttag +78 4; 
ttag +79 1; 
ttag +80 7; 
ttag +81 5; 
ttag +82 2; 
ttag +83 6; 
ttag +84 2; 
ttag +85 6; 
ttag +86 11; 
ttag +87 1; 
ttag +88 6; 
ttag +89 4; 
ttag +90 4; 
ttag +91 4; 
ttag +92 5; 
tread
'Tree with tags' 
(0 ((1 (((13 14 )((26 (28 (27 (29 30 ))))(39 ((31 ((32 33 )((34 35 )(36 (37 38 )))))((40 41 )(42 (43 (47 (46 (44 45 ))))))))))((15 16 )(17 (18 (19 ((20 21 )((22 23 )(24 25 )))))))))(((2 3 )((8 9 )(10 (11 12 ))))((4 5 )(6 7 ))))); 
ttag *!; 
ttag +0 ////; 
ttag +1 ////; 
ttag +2 ////; 
ttag +3 ////; 
ttag +4 ////; 
ttag +5 ////; 
ttag +6 ////; 
ttag +7 ////; 
ttag +8 ////; 
ttag +9 ////; 
ttag +10 ////; 
ttag +11 ////; 
ttag +12 ////; 
ttag +13 ////; 
ttag +14 ////; 
ttag +15 ////; 
ttag +16 ////; 
ttag +17 ////; 
ttag +18 ////; 
ttag +19 ////; 
ttag +20 ////; 
ttag +21 ////; 
ttag +22 ////; 
ttag +23 ////; 
ttag +24 ////; 
ttag +25 ////; 
ttag +26 ////; 
ttag +27 ////; 
ttag +28 ////; 
ttag +29 ////; 
ttag +30 ////; 
ttag +31 ////; 
ttag +32 ////; 
ttag +33 ////; 
ttag +34 ////; 
ttag +35 ////; 
ttag +36 ////; 
ttag +37 ////; 
ttag +38 ////; 
ttag +39 ////; 
ttag +40 ////; 
ttag +41 ////; 
ttag +42 ////; 
ttag +43 ////; 
ttag +44 ////; 
ttag +45 ////; 
ttag +46 ////; 
ttag +47 ////; 
ttag +48 ////; 
ttag +49 23/7/6/9/1; 
ttag +50 100/100/100/100/100; 
ttag +51 91/88/85/90/81; 
ttag +52 55/33/17/38/9; 
ttag +53 99/98/99/99/96; 
ttag +54 86/84/80/89/78; 
ttag +55 96/96/94/95/95; 
ttag +56 60/35/32/35/21; 
ttag +57 78/74/66/75/66; 
ttag +58 57/48/39/54/43; 
ttag +59 98/98/92/98/93; 
ttag +60 100/100/100/99/100; 
ttag +61 100/100/100/100/98; 
ttag +62 71/64/51/58/53; 
ttag +63 46/32/31/32/28; 
ttag +64 98/98/98/99/96; 
ttag +65 66/59/56/68/48; 
ttag +66 40/11/2/6/2; 
ttag +67 84/81/65/84/72; 
ttag +68 68/58/38/54/40; 
ttag +69 100/100/100/100/100; 
ttag +70 99/98/98/100/98; 
ttag +71 100/100/99/100/99; 
ttag +72 99/99/97/99/96; 
ttag +73 97/96/93/97/91; 
ttag +74 77/64/62/71/48; 
ttag +75 98/98/90/96/88; 
ttag +76 88/85/78/88/77; 
ttag +77 94/94/88/96/82; 
ttag +78 100/100/100/100/99; 
ttag +79 96/94/91/94/89; 
ttag +80 55/35/23/31/15; 
ttag +81 100/100/98/98/98; 
ttag +82 97/96/94/97/91; 
ttag +83 74/68/59/80/55; 
ttag +84 97/96/94/98/95; 
ttag +85 87/86/82/86/78; 
ttag +86 97/97/97/99/96; 
ttag +87 100/100/100/100/100; 
ttag +88 62/47/37/44/38; 
ttag +89 98/98/96/96/93; 
ttag +90 92/90/82/88/85; 
ttag +91 84/82/76/83/72; 
ttag +92 91/89/74/89/70; 
ttag +93 25/[18]/?/?/?; 
ttag +94 94/93/78/91/75; 
