tread
'Tree with tags' 
(0 (1 ((2 3 )((((4 5 )(6 7 ))(10 (11 12 )))(8 9 )))(13 14 )(((17 (15 16 ))(18 (19 ((20 21 )((22 23 )(24 25 ))))))((26 (27 (28 (29 30 ))))(39 (31 ((32 33 )((34 35 )(36 (37 38 )))))((40 41 )(42 43 ((44 45 )(46 47 ))))))))); 
ttag *!; 
ttag +49 ???; 
ttag +50 10; 
ttag +51 9; 
ttag +52 3; 
ttag +53 3; 
ttag +54 2; 
ttag +55 3; 
ttag +56 2; 
ttag +57 1; 
ttag +58 7; 
ttag +59 8; 
ttag +60 8; 
ttag +61 8; 
ttag +62 1; 
ttag +63 4; 
ttag +64 1; 
ttag +65 7; 
ttag +66 3; 
ttag +67 7; 
ttag +68 3; 
ttag +69 9; 
ttag +70 1; 
ttag +71 2; 
ttag +72 7; 
ttag +73 7; 
ttag +74 2; 
ttag +75 3; 
ttag +76 8; 
ttag +77 2; 
ttag +78 10; 
ttag +79 4; 
ttag +80 2; 
ttag +81 3; 
ttag +82 2; 
ttag +83 11; 
ttag +84 4; 
ttag +85 4; 
ttag +86 9; 
ttag +87 7; 
ttag +88 11; 
ttag +89 4; 
ttag +90 4; 
tread
'Tree with tags' 
(0 ((1 ((2 3 )((((4 5 )(6 7 ))(10 (11 12 )))(8 9 ))))((13 14 )(((17 (15 16 ))(18 (19 ((20 21 )((22 23 )(24 25 ))))))((26 (27 (28 (29 30 ))))((31 ((32 33 )((34 35 )(36 (37 38 )))))(39 ((40 41 )(42 (43 ((44 45 )(46 47 )))))))))))); 
ttag *!; 
ttag +0 ////; 
ttag +1 ////; 
ttag +2 ////; 
ttag +3 ////; 
ttag +4 ////; 
ttag +5 ////; 
ttag +6 ////; 
ttag +7 ////; 
ttag +8 ////; 
ttag +9 ////; 
ttag +10 ////; 
ttag +11 ////; 
ttag +12 ////; 
ttag +13 ////; 
ttag +14 ////; 
ttag +15 ////; 
ttag +16 ////; 
ttag +17 ////; 
ttag +18 ////; 
ttag +19 ////; 
ttag +20 ////; 
ttag +21 ////; 
ttag +22 ////; 
ttag +23 ////; 
ttag +24 ////; 
ttag +25 ////; 
ttag +26 ////; 
ttag +27 ////; 
ttag +28 ////; 
ttag +29 ////; 
ttag +30 ////; 
ttag +31 ////; 
ttag +32 ////; 
ttag +33 ////; 
ttag +34 ////; 
ttag +35 ////; 
ttag +36 ////; 
ttag +37 ////; 
ttag +38 ////; 
ttag +39 ////; 
ttag +40 ////; 
ttag +41 ////; 
ttag +42 ////; 
ttag +43 ////; 
ttag +44 ////; 
ttag +45 ////; 
ttag +46 ////; 
ttag +47 ////; 
ttag +48 ////; 
ttag +49 18/[14]/?/?/?; 
ttag +50 100/100/100/100/100; 
ttag +51 100/100/100/100/100; 
ttag +52 98/98/94/97/96; 
ttag +53 88/85/78/86/79; 
ttag +54 84/80/63/80/71; 
ttag +55 42/21/12/33/13; 
ttag +56 74/64/47/64/57; 
ttag +57 58/36/26/39/36; 
ttag +58 52/45/39/46/38; 
ttag +59 95/94/92/96/93; 
ttag +60 99/99/97/100/97; 
ttag +61 100/100/99/100/99; 
ttag +62 14/[14]/?/?/?; 
ttag +63 100/100/99/100/99; 
ttag +64 54/36/12/24/18; 
ttag +65 72/64/55/69/57; 
ttag +66 44/30/14/24/19; 
ttag +67 94/92/88/94/84; 
ttag +68 68/57/43/50/44; 
ttag +69 100/100/100/100/100; 
ttag +70 78/66/58/60/50; 
ttag +71 99/99/100/99/99; 
ttag +72 52/40/31/25/25; 
ttag +73 63/52/50/63/48; 
ttag +74 97/96/92/98/96; 
ttag +75 97/97/89/98/91; 
ttag +76 80/75/71/80/66; 
ttag +77 84/82/73/82/69; 
ttag +78 100/100/100/99/98; 
ttag +79 80/74/66/80/76; 
ttag +80 99/99/96/100/93; 
ttag +81 96/94/86/94/88; 
ttag +82 90/88/72/81/73; 
ttag +83 91/88/79/92/79; 
ttag +84 87/86/80/89/75; 
ttag +85 99/99/99/100/99; 
ttag +86 92/89/72/89/74; 
ttag +87 49/29/18/25/21; 
ttag +88 93/88/90/92/81; 
ttag +89 100/100/97/99/99; 
ttag +90 100/100/96/99/96; 
ttag +91 50/18/19/14/10; 
ttag +92 100/100/100/100/100; 
ttag +93 92/92/86/90/88; 
ttag +94 98/98/96/98/94; 
