tread
'Tree with tags' 
(0 (1 ((2 3 )(8 9 ((4 5 )(6 7 ))(10 (11 12 ))))((13 14 )((26 (27 (28 (29 30 ))))(39 (31 (((32 33 )(36 (37 38 )))(34 35 )))((40 41 )(42 43 ((44 45 )(46 47 )))))))((15 16 )(17 (18 (19 ((20 21 )((22 23 )(24 25 ))))))))); 
ttag *!; 
ttag +49 ???; 
ttag +50 6; 
ttag +51 7; 
ttag +52 6; 
ttag +53 2; 
ttag +54 3; 
ttag +55 4; 
ttag +56 4; 
ttag +57 3; 
ttag +58 9; 
ttag +59 1; 
ttag +60 15; 
ttag +61 4; 
ttag +62 3; 
ttag +63 5; 
ttag +64 3; 
ttag +65 8; 
ttag +66 3; 
ttag +67 9; 
ttag +68 7; 
ttag +69 2; 
ttag +70 7; 
ttag +71 8; 
ttag +72 3; 
ttag +73 9; 
ttag +74 11; 
ttag +75 1; 
ttag +76 4; 
ttag +77 4; 
ttag +78 2; 
ttag +79 3; 
ttag +80 4; 
ttag +81 12; 
ttag +82 9; 
ttag +83 8; 
ttag +84 7; 
ttag +85 7; 
ttag +86 6; 
ttag +87 7; 
ttag +88 2; 
tread
'Tree with tags' 
(0 (((1 ((13 14 )((26 (27 (28 (29 30 ))))((39 (31 (((32 33 )(36 (37 38 )))(34 35 ))))((40 41 )(43 (42 ((44 45 )(46 47 )))))))))((2 3 )(9 (8 (((4 5 )(6 7 ))(10 (11 12 )))))))((15 16 )(17 (18 (19 ((20 21 )((22 23 )(24 25 ))))))))); 
ttag *!; 
ttag +0 ////; 
ttag +1 ////; 
ttag +2 ////; 
ttag +3 ////; 
ttag +4 ////; 
ttag +5 ////; 
ttag +6 ////; 
ttag +7 ////; 
ttag +8 ////; 
ttag +9 ////; 
ttag +10 ////; 
ttag +11 ////; 
ttag +12 ////; 
ttag +13 ////; 
ttag +14 ////; 
ttag +15 ////; 
ttag +16 ////; 
ttag +17 ////; 
ttag +18 ////; 
ttag +19 ////; 
ttag +20 ////; 
ttag +21 ////; 
ttag +22 ////; 
ttag +23 ////; 
ttag +24 ////; 
ttag +25 ////; 
ttag +26 ////; 
ttag +27 ////; 
ttag +28 ////; 
ttag +29 ////; 
ttag +30 ////; 
ttag +31 ////; 
ttag +32 ////; 
ttag +33 ////; 
ttag +34 ////; 
ttag +35 ////; 
ttag +36 ////; 
ttag +37 ////; 
ttag +38 ////; 
ttag +39 ////; 
ttag +40 ////; 
ttag +41 ////; 
ttag +42 ////; 
ttag +43 ////; 
ttag +44 ////; 
ttag +45 ////; 
ttag +46 ////; 
ttag +47 ////; 
ttag +48 ////; 
ttag +49 15/[27]/?/?/?; 
ttag +50 25/[2]/?/9/?; 
ttag +51 100/100/100/100/100; 
ttag +52 98/97/98/98/95; 
ttag +53 99/99/97/100/98; 
ttag +54 99/99/96/98/97; 
ttag +55 72/61/46/61/54; 
ttag +56 23/8/6/6/6; 
ttag +57 22/[12]/?/?/?; 
ttag +58 80/75/62/73/61; 
ttag +59 94/93/88/86/82; 
ttag +60 88/85/78/81/76; 
ttag +61 96/94/87/95/89; 
ttag +62 99/99/99/100/100; 
ttag +63 49/35/18/38/8; 
ttag +64 100/100/100/100/100; 
ttag +65 86/82/66/92/72; 
ttag +66 76/64/70/71/63; 
ttag +67 96/96/82/96/92; 
ttag +68 88/87/71/90/78; 
ttag +69 100/100/100/100/100; 
ttag +70 88/86/66/86/74; 
ttag +71 100/100/99/100/100; 
ttag +72 100/100/99/99/97; 
ttag +73 73/58/49/60/52; 
ttag +74 99/99/99/99/98; 
ttag +75 99/99/97/99/96; 
ttag +76 95/94/94/95/90; 
ttag +77 99/99/100/100/99; 
ttag +78 100/100/100/100/100; 
ttag +79 71/61/55/58/54; 
ttag +80 28/[12]/?/?/?; 
ttag +81 93/91/76/93/75; 
ttag +82 98/98/97/96/96; 
ttag +83 72/62/62/72/56; 
ttag +84 90/88/80/89/78; 
ttag +85 95/94/84/94/83; 
ttag +86 100/100/99/100/98; 
ttag +87 100/100/100/100/98; 
ttag +88 100/100/99/100/98; 
ttag +89 98/98/94/100/95; 
ttag +90 48/20/9/17/4; 
ttag +91 98/98/96/99/97; 
ttag +92 97/96/93/98/93; 
ttag +93 98/97/95/98/97; 
ttag +94 81/78/67/80/63; 
