tread
'Tree with tags' 
(0 ((1 ((2 3 )(8 9 10 ((4 5 )(6 7 ))(11 12 ))))(((13 14 )((27 (26 (28 (29 30 ))))((31 ((32 33 )((34 35 )(36 (37 38 )))))(39 ((40 41 )(42 (43 (46 47 (44 45 )))))))))((15 16 )(17 (18 (19 ((20 21 )((22 23 )(24 25 )))))))))); 
ttag *!; 
ttag +49 1; 
ttag +50 ???; 
ttag +51 1; 
ttag +52 7; 
ttag +53 6; 
ttag +54 10; 
ttag +55 3; 
ttag +56 6; 
ttag +57 7; 
ttag +58 9; 
ttag +59 2; 
ttag +60 1; 
ttag +61 7; 
ttag +62 4; 
ttag +63 7; 
ttag +64 2; 
ttag +65 5; 
ttag +66 12; 
ttag +67 2; 
ttag +68 7; 
ttag +69 7; 
ttag +70 3; 
ttag +71 1; 
ttag +72 6; 
ttag +73 6; 
ttag +74 6; 
ttag +75 10; 
ttag +76 9; 
ttag +77 4; 
ttag +78 8; 
ttag +79 10; 
ttag +80 3; 
ttag +81 2; 
ttag +82 10; 
ttag +83 10; 
ttag +84 4; 
ttag +85 2; 
ttag +86 10; 
ttag +87 5; 
ttag +88 6; 
ttag +89 2; 
ttag +90 4; 
tread
'Tree with tags' 
(0 ((1 ((2 3 )((8 (9 ((4 5 )(6 7 ))))(10 (11 12 )))))(((13 14 )((27 (26 (28 (29 30 ))))((31 ((32 33 )((34 35 )(36 (37 38 )))))(39 ((40 41 )(42 (43 ((44 45 )(46 47 )))))))))((15 16 )(17 (18 (19 ((20 21 )((22 23 )(24 25 )))))))))); 
ttag *!; 
ttag +0 ////; 
ttag +1 ////; 
ttag +2 ////; 
ttag +3 ////; 
ttag +4 ////; 
ttag +5 ////; 
ttag +6 ////; 
ttag +7 ////; 
ttag +8 ////; 
ttag +9 ////; 
ttag +10 ////; 
ttag +11 ////; 
ttag +12 ////; 
ttag +13 ////; 
ttag +14 ////; 
ttag +15 ////; 
ttag +16 ////; 
ttag +17 ////; 
ttag +18 ////; 
ttag +19 ////; 
ttag +20 ////; 
ttag +21 ////; 
ttag +22 ////; 
ttag +23 ////; 
ttag +24 ////; 
ttag +25 ////; 
ttag +26 ////; 
ttag +27 ////; 
ttag +28 ////; 
ttag +29 ////; 
ttag +30 ////; 
ttag +31 ////; 
ttag +32 ////; 
ttag +33 ////; 
ttag +34 ////; 
ttag +35 ////; 
ttag +36 ////; 
ttag +37 ////; 
ttag +38 ////; 
ttag +39 ////; 
ttag +40 ////; 
ttag +41 ////; 
ttag +42 ////; 
ttag +43 ////; 
ttag +44 ////; 
ttag +45 ////; 
ttag +46 ////; 
ttag +47 ////; 
ttag +48 ////; 
ttag +49 57/50/51/59/45; 
ttag +50 100/100/100/100/100; 
ttag +51 73/58/60/73/61; 
ttag +52 98/98/97/99/95; 
ttag +53 98/96/93/100/95; 
ttag +54 100/100/100/100/99; 
ttag +55 29/[10]/2/?/?; 
ttag +56 23/[16]/?/?/?; 
ttag +57 95/93/82/89/84; 
ttag +58 100/100/95/99/96; 
ttag +59 46/18/15/9/10; 
ttag +60 100/100/98/99/99; 
ttag +61 98/98/98/98/97; 
ttag +62 61/50/33/58/32; 
ttag +63 39/33/33/40/29; 
ttag +64 99/99/97/100/97; 
ttag +65 84/79/67/80/66; 
ttag +66 98/98/93/96/90; 
ttag +67 69/50/48/58/47; 
ttag +68 93/91/80/93/87; 
ttag +69 100/100/100/100/100; 
ttag +70 77/70/67/77/72; 
ttag +71 100/100/98/99/99; 
ttag +72 99/99/96/100/98; 
ttag +73 90/87/85/87/83; 
ttag +74 64/48/28/39/33; 
ttag +75 98/98/98/99/98; 
ttag +76 96/95/90/95/93; 
ttag +77 99/98/97/98/97; 
ttag +78 100/100/100/100/99; 
ttag +79 100/100/99/99/98; 
ttag +80 84/80/71/84/68; 
ttag +81 99/99/99/100/98; 
ttag +82 100/100/98/98/99; 
ttag +83 97/97/95/95/94; 
ttag +84 72/69/56/75/61; 
ttag +85 100/100/98/100/98; 
ttag +86 100/100/99/100/100; 
ttag +87 86/82/73/85/70; 
ttag +88 67/56/57/67/52; 
ttag +89 99/99/98/100/98; 
ttag +90 96/95/90/95/88; 
ttag +91 97/96/94/97/95; 
ttag +92 71/60/55/64/53; 
ttag +93 87/84/76/86/72; 
ttag +94 39/4/10/13/14; 
