tread
'Tree with tags' 
(0 ((1 ((2 3 )((6 7 (4 5 ))(8 (9 (10 (11 12 )))))))(((13 14 )(17 ((15 16 )(18 (19 ((20 21 )((22 23 )(24 25 ))))))))((26 (27 (28 (29 30 ))))((31 ((32 33 )((34 35 )(36 (37 38 )))))(39 ((40 41 )(42 (43 ((44 45 )(46 47 ))))))))))); 
ttag *!; 
ttag +49 1; 
ttag +50 ???; 
ttag +51 13; 
ttag +52 5; 
ttag +53 4; 
ttag +54 6; 
ttag +55 1; 
ttag +56 1; 
ttag +57 1; 
ttag +58 4; 
ttag +59 6; 
ttag +60 9; 
ttag +61 1; 
ttag +62 4; 
ttag +63 9; 
ttag +64 1; 
ttag +65 9; 
ttag +66 5; 
ttag +67 2; 
ttag +68 9; 
ttag +69 8; 
ttag +70 13; 
ttag +71 2; 
ttag +72 1; 
ttag +73 7; 
ttag +74 9; 
ttag +75 3; 
ttag +76 6; 
ttag +77 14; 
ttag +78 8; 
ttag +79 3; 
ttag +80 4; 
ttag +81 6; 
ttag +82 2; 
ttag +83 1; 
ttag +84 11; 
ttag +85 7; 
ttag +86 1; 
ttag +87 1; 
ttag +88 8; 
ttag +89 6; 
ttag +90 6; 
ttag +91 6; 
ttag +92 6; 
ttag +93 1; 
tread
'Tree with tags' 
(0 ((1 ((2 3 )(((4 5 )(6 7 ))(8 (9 (10 (11 12 )))))))(((13 14 )(17 ((15 16 )(18 (19 ((20 21 )((22 23 )(24 25 ))))))))((26 (27 (28 (29 30 ))))((31 ((32 33 )((34 35 )(36 (37 38 )))))(39 ((40 41 )(42 (43 ((44 45 )(46 47 ))))))))))); 
ttag *!; 
ttag +0 ////; 
ttag +1 ////; 
ttag +2 ////; 
ttag +3 ////; 
ttag +4 ////; 
ttag +5 ////; 
ttag +6 ////; 
ttag +7 ////; 
ttag +8 ////; 
ttag +9 ////; 
ttag +10 ////; 
ttag +11 ////; 
ttag +12 ////; 
ttag +13 ////; 
ttag +14 ////; 
ttag +15 ////; 
ttag +16 ////; 
ttag +17 ////; 
ttag +18 ////; 
ttag +19 ////; 
ttag +20 ////; 
ttag +21 ////; 
ttag +22 ////; 
ttag +23 ////; 
ttag +24 ////; 
ttag +25 ////; 
ttag +26 ////; 
ttag +27 ////; 
ttag +28 ////; 
ttag +29 ////; 
ttag +30 ////; 
ttag +31 ////; 
ttag +32 ////; 
ttag +33 ////; 
ttag +34 ////; 
ttag +35 ////; 
ttag +36 ////; 
ttag +37 ////; 
ttag +38 ////; 
ttag +39 ////; 
ttag +40 ////; 
ttag +41 ////; 
ttag +42 ////; 
ttag +43 ////; 
ttag +44 ////; 
ttag +45 ////; 
ttag +46 ////; 
ttag +47 ////; 
ttag +48 ////; 
ttag +49 59/52/50/52/48; 
ttag +50 100/100/100/100/100; 
ttag +51 100/100/100/100/100; 
ttag +52 96/95/86/93/90; 
ttag +53 94/92/82/91/84; 
ttag +54 99/99/99/99/98; 
ttag +55 57/46/37/39/38; 
ttag +56 44/14/9/8/13; 
ttag +57 62/54/46/60/44; 
ttag +58 25/5/12/17/9; 
ttag +59 90/86/76/86/69; 
ttag +60 99/99/97/98/96; 
ttag +61 100/100/100/100/100; 
ttag +62 50/28/30/33/29; 
ttag +63 84/82/72/88/73; 
ttag +64 100/100/100/100/100; 
ttag +65 45/20/13/16/18; 
ttag +66 100/100/98/100/99; 
ttag +67 96/96/89/92/90; 
ttag +68 77/64/53/56/55; 
ttag +69 99/99/100/100/100; 
ttag +70 99/99/93/99/96; 
ttag +71 100/100/100/100/100; 
ttag +72 79/65/46/58/55; 
ttag +73 60/35/40/29/28; 
ttag +74 98/97/94/96/95; 
ttag +75 99/99/96/100/97; 
ttag +76 88/87/78/86/75; 
ttag +77 98/98/98/100/95; 
ttag +78 100/100/100/100/100; 
ttag +79 99/98/97/99/98; 
ttag +80 80/68/58/78/61; 
ttag +81 98/97/96/96/96; 
ttag +82 99/98/93/98/97; 
ttag +83 65/57/52/61/45; 
ttag +84 61/43/14/41/22; 
ttag +85 100/100/100/100/100; 
ttag +86 99/99/98/100/99; 
ttag +87 34/22/8/29/9; 
ttag +88 66/53/50/40/36; 
ttag +89 99/98/96/100/97; 
ttag +90 98/98/96/99/98; 
ttag +91 98/98/96/97/96; 
ttag +92 99/99/93/98/94; 
ttag +93 97/96/91/96/92; 
ttag +94 62/49/49/48/43; 
