tread
'Tree with tags' 
(0 (1 (((2 3 )(((4 5 )(6 7 ))(8 (9 (10 (11 12 ))))))(((13 14 )((15 16 )(17 (18 (19 ((20 21 )((22 23 )(24 25 ))))))))((26 (27 (28 (29 30 ))))(39 (31 ((32 33 )((34 35 )(36 (37 38 )))))(42 (40 41 )(43 ((44 45 )(46 47 )))))))))); 
ttag *!; 
ttag +49 ???; 
ttag +50 9; 
ttag +51 5; 
ttag +52 2; 
ttag +53 8; 
ttag +54 4; 
ttag +55 1; 
ttag +56 5; 
ttag +57 3; 
ttag +58 3; 
ttag +59 8; 
ttag +60 8; 
ttag +61 11; 
ttag +62 1; 
ttag +63 1; 
ttag +64 7; 
ttag +65 10; 
ttag +66 1; 
ttag +67 6; 
ttag +68 5; 
ttag +69 3; 
ttag +70 8; 
ttag +71 6; 
ttag +72 3; 
ttag +73 7; 
ttag +74 8; 
ttag +75 4; 
ttag +76 2; 
ttag +77 5; 
ttag +78 15; 
ttag +79 3; 
ttag +80 9; 
ttag +81 6; 
ttag +82 6; 
ttag +83 3; 
ttag +84 2; 
ttag +85 8; 
ttag +86 11; 
ttag +87 6; 
ttag +88 6; 
ttag +89 4; 
ttag +90 4; 
ttag +91 4; 
ttag +92 4; 
tread
'Tree with tags' 
(0 (1 (((2 3 )(((4 5 )(6 7 ))(8 (9 (10 (11 12 ))))))(((13 14 )((15 16 )(17 (18 (19 ((20 21 )((22 23 )(24 25 ))))))))((26 (27 (28 (29 30 ))))((31 ((32 33 )((34 35 )(36 (37 38 )))))(39 ((40 41 )(42 (43 ((44 45 )(46 47 )))))))))))); 
ttag *!; 
ttag +0 ////; 
ttag +1 ////; 
ttag +2 ////; 
ttag +3 ////; 
ttag +4 ////; 
ttag +5 ////; 
ttag +6 ////; 
ttag +7 ////; 
ttag +8 ////; 
ttag +9 ////; 
ttag +10 ////; 
ttag +11 ////; 
ttag +12 ////; 
ttag +13 ////; 
ttag +14 ////; 
ttag +15 ////; 
ttag +16 ////; 
ttag +17 ////; 
ttag +18 ////; 
ttag +19 ////; 
ttag +20 ////; 
ttag +21 ////; 
ttag +22 ////; 
ttag +23 ////; 
ttag +24 ////; 
ttag +25 ////; 
ttag +26 ////; 
ttag +27 ////; 
ttag +28 ////; 
ttag +29 ////; 
ttag +30 ////; 
ttag +31 ////; 
ttag +32 ////; 
ttag +33 ////; 
ttag +34 ////; 
ttag +35 ////; 
ttag +36 ////; 
ttag +37 ////; 
ttag +38 ////; 
ttag +39 ////; 
ttag +40 ////; 
ttag +41 ////; 
ttag +42 ////; 
ttag +43 ////; 
ttag +44 ////; 
ttag +45 ////; 
ttag +46 ////; 
ttag +47 ////; 
ttag +48 ////; 
ttag +49 100/100/100/100/100; 
ttag +50 100/100/99/100/99; 
ttag +51 90/88/82/86/79; 
ttag +52 88/88/89/85/85; 
ttag +53 99/99/96/98/95; 
ttag +54 87/82/76/84/80; 
ttag +55 34/16/20/28/22; 
ttag +56 94/93/87/93/86; 
ttag +57 78/72/71/79/67; 
ttag +58 81/78/80/85/78; 
ttag +59 98/98/97/97/97; 
ttag +60 100/100/99/100/100; 
ttag +61 100/100/100/100/99; 
ttag +62 50/39/34/50/30; 
ttag +63 42/29/18/27/19; 
ttag +64 99/99/98/99/98; 
ttag +65 99/99/98/100/98; 
ttag +66 53/36/33/33/28; 
ttag +67 93/90/81/91/77; 
ttag +68 96/95/95/97/90; 
ttag +69 94/94/93/91/95; 
ttag +70 99/99/100/100/99; 
ttag +71 98/96/94/98/98; 
ttag +72 88/83/81/80/70; 
ttag +73 99/98/97/100/95; 
ttag +74 100/100/99/99/96; 
ttag +75 93/90/84/88/84; 
ttag +76 75/63/57/68/60; 
ttag +77 97/97/96/94/94; 
ttag +78 100/100/100/100/100; 
ttag +79 90/86/79/94/82; 
ttag +80 100/100/99/100/99; 
ttag +81 99/99/99/99/99; 
ttag +82 95/93/93/97/90; 
ttag +83 98/98/95/96/94; 
ttag +84 84/83/76/82/79; 
ttag +85 100/100/99/100/98; 
ttag +86 100/100/100/100/100; 
ttag +87 30/[14]/?/?/?; 
ttag +88 98/98/96/99/96; 
ttag +89 98/98/96/98/94; 
ttag +90 58/40/30/34/43; 
ttag +91 91/88/84/89/77; 
ttag +92 89/86/78/88/81; 
ttag +93 91/88/88/92/86; 
ttag +94 98/98/96/98/97; 
