tread
'Tree with tags' 
(0 ((1 ((13 14 )(17 ((15 16 )(18 (19 ((20 21 )((22 23 )(24 25 )))))))))(((2 3 )(8 9 (6 7 (4 5 ))(10 (11 12 ))))((26 (27 28 (29 30 )))(39 (31 ((32 33 )((34 35 )(36 (37 38 )))))((40 41 )(42 (43 (47 (46 (44 45 ))))))))))); 
ttag *!; 
ttag +49 1; 
ttag +50 ???; 
ttag +51 4; 
ttag +52 7; 
ttag +53 1; 
ttag +54 9; 
ttag +55 4; 
ttag +56 4; 
ttag +57 5; 
ttag +58 12; 
ttag +59 7; 
ttag +60 2; 
ttag +61 10; 
ttag +62 4; 
ttag +63 3; 
ttag +64 3; 
ttag +65 2; 
ttag +66 14; 
ttag +67 5; 
ttag +68 4; 
ttag +69 5; 
ttag +70 5; 
ttag +71 7; 
ttag +72 1; 
ttag +73 1; 
ttag +74 9; 
ttag +75 8; 
ttag +76 5; 
ttag +77 5; 
ttag +78 1; 
ttag +79 6; 
ttag +80 1; 
ttag +81 7; 
ttag +82 6; 
ttag +83 3; 
ttag +84 1; 
ttag +85 7; 
ttag +86 2; 
ttag +87 10; 
ttag +88 1; 
ttag +89 4; 
tread
'Tree with tags' 
(0 ((1 ((13 14 )(17 ((15 16 )(18 (19 ((20 21 )((22 23 )(24 25 )))))))))(((2 3 )(((7 (6 (4 5 )))(8 9 ))(10 (11 12 ))))((26 (27 (28 (29 30 ))))(39 ((31 ((32 33 )((34 35 )(36 (37 38 )))))((40 41 )(42 (43 (47 (46 (44 45 )))))))))))); 
ttag *!; 
ttag +0 ////; 
ttag +1 ////; 
ttag +2 ////; 
ttag +3 ////; 
ttag +4 ////; 
ttag +5 ////; 
ttag +6 ////; 
ttag +7 ////; 
ttag +8 ////; 
ttag +9 ////; 
ttag +10 ////; 
ttag +11 ////; 
ttag +12 ////; 
ttag +13 ////; 
ttag +14 ////; 
ttag +15 ////; 
ttag +16 ////; 
ttag +17 ////; 
ttag +18 ////; 
ttag +19 ////; 
ttag +20 ////; 
ttag +21 ////; 
ttag +22 ////; 
ttag +23 ////; 
ttag +24 ////; 
ttag +25 ////; 
ttag +26 ////; 
ttag +27 ////; 
ttag +28 ////; 
ttag +29 ////; 
ttag +30 ////; 
ttag +31 ////; 
ttag +32 ////; 
ttag +33 ////; 
ttag +34 ////; 
ttag +35 ////; 
ttag +36 ////; 
ttag +37 ////; 
ttag +38 ////; 
ttag +39 ////; 
ttag +40 ////; 
ttag +41 ////; 
ttag +42 ////; 
ttag +43 ////; 
ttag +44 ////; 
ttag +45 ////; 
ttag +46 ////; 
ttag +47 ////; 
ttag +48 ////; 
ttag +49 25/4/?/9/?; 
ttag +50 100/100/100/100/100; 
ttag +51 95/92/85/92/87; 
ttag +52 99/99/96/98/98; 
ttag +53 37/16/1/23/3; 
ttag +54 99/99/100/100/100; 
ttag +55 43/11/5/6/?; 
ttag +56 91/88/76/88/80; 
ttag +57 27/[22]/?/?/?; 
ttag +58 97/96/91/96/90; 
ttag +59 34/[9]/?/?/?; 
ttag +60 96/95/90/97/89; 
ttag +61 100/100/100/100/100; 
ttag +62 99/99/99/100/100; 
ttag +63 54/49/34/46/33; 
ttag +64 99/99/98/100/100; 
ttag +65 78/74/61/78/70; 
ttag +66 69/56/40/54/47; 
ttag +67 83/73/61/82/64; 
ttag +68 72/68/54/64/56; 
ttag +69 100/100/100/100/100; 
ttag +70 95/94/87/94/88; 
ttag +71 94/92/87/91/85; 
ttag +72 91/86/84/94/90; 
ttag +73 99/98/90/95/94; 
ttag +74 100/100/98/100/99; 
ttag +75 56/45/39/46/42; 
ttag +76 62/52/44/54/45; 
ttag +77 32/2/?/?/?; 
ttag +78 98/98/99/100/99; 
ttag +79 100/100/99/99/100; 
ttag +80 20/[9]/?/?/?; 
ttag +81 99/99/94/98/94; 
ttag +82 98/98/97/98/95; 
ttag +83 58/42/35/48/42; 
ttag +84 99/99/98/100/99; 
ttag +85 52/37/43/38/28; 
ttag +86 99/98/96/99/96; 
ttag +87 99/99/98/99/98; 
ttag +88 93/90/81/88/88; 
ttag +89 62/32/15/36/38; 
ttag +90 99/98/96/99/95; 
ttag +91 72/67/51/65/56; 
ttag +92 99/98/97/100/98; 
ttag +93 59/39/34/48/24; 
ttag +94 81/76/67/78/64; 
