tread
'Tree with tags' 
(0 ((1 ((2 3 )(((4 5 )(6 7 ))((8 9 )(10 (11 12 ))))))(13 14 )(17 ((15 16 )(18 (19 ((20 21 )((22 23 )(24 25 )))))))((26 (27 (28 (29 30 ))))((31 ((32 33 )(34 (35 (36 (37 38 ))))))(39 ((40 41 )(42 (43 ((44 45 )(46 47 )))))))))); 
ttag *!; 
ttag +49 1; 
ttag +50 ???; 
ttag +51 5; 
ttag +52 7; 
ttag +53 4; 
ttag +54 13; 
ttag +55 2; 
ttag +56 1; 
ttag +57 1; 
ttag +58 3; 
ttag +59 1; 
ttag +60 9; 
ttag +61 8; 
ttag +62 8; 
ttag +63 1; 
ttag +64 7; 
ttag +65 8; 
ttag +66 1; 
ttag +67 3; 
ttag +68 5; 
ttag +69 12; 
ttag +70 5; 
ttag +71 4; 
ttag +72 5; 
ttag +73 8; 
ttag +74 2; 
ttag +75 6; 
ttag +76 6; 
ttag +77 3; 
ttag +78 6; 
ttag +79 11; 
ttag +80 6; 
ttag +81 1; 
ttag +82 1; 
ttag +83 12; 
ttag +84 9; 
ttag +85 3; 
ttag +86 5; 
ttag +87 5; 
ttag +88 7; 
ttag +89 2; 
ttag +90 3; 
ttag +91 10; 
ttag +92 7; 
tread
'Tree with tags' 
(0 ((((1 ((2 3 )(((4 5 )(6 7 ))((8 9 )(10 (11 12 ))))))(17 ((15 16 )(18 (19 ((20 21 )((22 23 )(24 25 ))))))))(13 14 ))((26 (27 (28 (29 30 ))))((31 ((32 33 )(34 (35 (36 (37 38 ))))))(39 ((40 41 )(42 (43 ((44 45 )(46 47 )))))))))); 
ttag *!; 
ttag +0 ////; 
ttag +1 ////; 
ttag +2 ////; 
ttag +3 ////; 
ttag +4 ////; 
ttag +5 ////; 
ttag +6 ////; 
ttag +7 ////; 
ttag +8 ////; 
ttag +9 ////; 
ttag +10 ////; 
ttag +11 ////; 
ttag +12 ////; 
ttag +13 ////; 
ttag +14 ////; 
ttag +15 ////; 
ttag +16 ////; 
ttag +17 ////; 
ttag +18 ////; 
ttag +19 ////; 
ttag +20 ////; 
ttag +21 ////; 
ttag +22 ////; 
ttag +23 ////; 
ttag +24 ////; 
ttag +25 ////; 
ttag +26 ////; 
ttag +27 ////; 
ttag +28 ////; 
ttag +29 ////; 
ttag +30 ////; 
ttag +31 ////; 
ttag +32 ////; 
ttag +33 ////; 
ttag +34 ////; 
ttag +35 ////; 
ttag +36 ////; 
ttag +37 ////; 
ttag +38 ////; 
ttag +39 ////; 
ttag +40 ////; 
ttag +41 ////; 
ttag +42 ////; 
ttag +43 ////; 
ttag +44 ////; 
ttag +45 ////; 
ttag +46 ////; 
ttag +47 ////; 
ttag +48 ////; 
ttag +49 60/42/37/41/30; 
ttag +50 34/12/0/7/?; 
ttag +51 23/1/?/?/?; 
ttag +52 100/100/100/100/100; 
ttag +53 98/98/95/97/95; 
ttag +54 94/93/88/92/87; 
ttag +55 94/92/83/90/75; 
ttag +56 100/100/100/100/100; 
ttag +57 72/63/63/60/52; 
ttag +58 62/43/34/45/36; 
ttag +59 56/50/33/50/38; 
ttag +60 66/54/40/60/45; 
ttag +61 48/33/36/27/36; 
ttag +62 99/98/98/100/97; 
ttag +63 100/100/99/100/97; 
ttag +64 99/99/100/100/99; 
ttag +65 47/18/17/13/12; 
ttag +66 96/96/95/98/92; 
ttag +67 98/98/95/98/96; 
ttag +68 65/47/39/53/43; 
ttag +69 96/96/82/89/85; 
ttag +70 98/98/96/99/93; 
ttag +71 100/100/100/100/99; 
ttag +72 96/95/90/96/94; 
ttag +73 90/85/74/88/80; 
ttag +74 88/82/78/93/77; 
ttag +75 98/98/96/99/96; 
ttag +76 72/68/58/70/63; 
ttag +77 98/97/93/96/97; 
ttag +78 97/97/90/97/94; 
ttag +79 81/77/64/82/63; 
ttag +80 96/95/92/98/90; 
ttag +81 100/100/100/100/100; 
ttag +82 98/98/95/99/96; 
ttag +83 52/37/30/33/29; 
ttag +84 49/23/29/33/17; 
ttag +85 100/100/100/100/99; 
ttag +86 100/100/98/99/98; 
ttag +87 73/67/50/81/58; 
ttag +88 95/94/87/93/91; 
ttag +89 88/85/74/91/74; 
ttag +90 95/94/88/96/92; 
ttag +91 62/49/33/58/29; 
ttag +92 80/73/63/79/64; 
ttag +93 99/99/96/100/96; 
ttag +94 99/99/96/99/96; 
