tread
'Tree with tags' 
(0 ((((1 ((2 3 )(((4 5 )(6 7 ))(8 (9 (10 (11 12 )))))))(13 14 ))((15 16 )(17 (18 (19 ((20 21 )((22 23 )(24 25 ))))))))((26 (27 (28 (29 30 ))))((31 ((32 33 )((34 35 )(36 (37 38 )))))(39 ((40 41 )(42 (43 ((44 45 )(46 47 )))))))))); 
ttag *!; 
ttag +49 2; 
ttag +50 2; 
ttag +51 3; 
ttag +52 ???; 
ttag +53 5; 
ttag +54 13; 
ttag +55 7; 
ttag +56 3; 
ttag +57 4; 
ttag +58 2; 
ttag +59 2; 
ttag +60 1; 
ttag +61 6; 
ttag +62 9; 
ttag +63 9; 
ttag +64 10; 
ttag +65 7; 
ttag +66 2; 
ttag +67 3; 
ttag +68 7; 
ttag +69 11; 
ttag +70 4; 
ttag +71 10; 
ttag +72 6; 
ttag +73 9; 
ttag +74 7; 
ttag +75 2; 
ttag +76 2; 
ttag +77 5; 
ttag +78 8; 
ttag +79 6; 
ttag +80 4; 
ttag +81 5; 
ttag +82 3; 
ttag +83 5; 
ttag +84 1; 
ttag +85 11; 
ttag +86 9; 
ttag +87 2; 
ttag +88 3; 
ttag +89 7; 
ttag +90 6; 
ttag +91 8; 
ttag +92 11; 
ttag +93 12; 
ttag +94 3; 
tread
'Tree with tags' 
(0 ((((1 ((2 3 )(((4 5 )(6 7 ))(8 (9 (10 (11 12 )))))))(13 14 ))((15 16 )(17 (18 (19 ((20 21 )((22 23 )(24 25 ))))))))((26 (27 (28 (29 30 ))))((31 ((32 33 )((34 35 )(36 (37 38 )))))(39 ((40 41 )(42 (43 ((44 45 )(46 47 )))))))))); 
ttag *!; 
ttag +0 ////; 
ttag +1 ////; 
ttag +2 ////; 
ttag +3 ////; 
ttag +4 ////; 
ttag +5 ////; 
ttag +6 ////; 
ttag +7 ////; 
ttag +8 ////; 
ttag +9 ////; 
ttag +10 ////; 
ttag +11 ////; 
ttag +12 ////; 
ttag +13 ////; 
ttag +14 ////; 
ttag +15 ////; 
ttag +16 ////; 
ttag +17 ////; 
ttag +18 ////; 
ttag +19 ////; 
ttag +20 ////; 
ttag +21 ////; 
ttag +22 ////; 
ttag +23 ////; 
ttag +24 ////; 
ttag +25 ////; 
ttag +26 ////; 
ttag +27 ////; 
ttag +28 ////; 
ttag +29 ////; 
ttag +30 ////; 
ttag +31 ////; 
ttag +32 ////; 
ttag +33 ////; 
ttag +34 ////; 
ttag +35 ////; 
ttag +36 ////; 
ttag +37 ////; 
ttag +38 ////; 
ttag +39 ////; 
ttag +40 ////; 
ttag +41 ////; 
ttag +42 ////; 
ttag +43 ////; 
ttag +44 ////; 
ttag +45 ////; 
ttag +46 ////; 
ttag +47 ////; 
ttag +48 ////; 
ttag +49 62/52/42/61/40; 
ttag +50 72/68/49/63/40; 
ttag +51 59/42/33/50/31; 
ttag +52 100/100/100/100/100; 
ttag +53 97/96/94/96/92; 
ttag +54 100/100/100/100/100; 
ttag +55 96/96/94/98/92; 
ttag +56 81/74/59/73/56; 
ttag +57 89/86/77/88/77; 
ttag +58 69/61/40/60/40; 
ttag +59 73/68/50/60/50; 
ttag +60 52/22/22/28/14; 
ttag +61 98/97/87/98/86; 
ttag +62 100/100/100/100/100; 
ttag +63 100/100/99/99/99; 
ttag +64 100/100/98/100/100; 
ttag +65 97/96/92/98/93; 
ttag +66 74/65/65/73/56; 
ttag +67 83/79/70/76/64; 
ttag +68 99/99/97/99/97; 
ttag +69 100/100/100/100/100; 
ttag +70 99/99/93/97/96; 
ttag +71 100/100/100/100/100; 
ttag +72 97/96/94/97/94; 
ttag +73 100/100/99/100/99; 
ttag +74 100/100/96/100/98; 
ttag +75 57/46/31/43/35; 
ttag +76 60/34/34/41/29; 
ttag +77 94/94/86/97/86; 
ttag +78 99/99/100/100/100; 
ttag +79 98/98/88/97/92; 
ttag +80 96/94/92/93/92; 
ttag +81 98/98/97/98/94; 
ttag +82 92/90/78/89/83; 
ttag +83 99/99/99/99/98; 
ttag +84 64/51/41/43/34; 
ttag +85 100/100/100/100/99; 
ttag +86 100/100/99/100/98; 
ttag +87 73/66/45/68/50; 
ttag +88 88/86/74/83/79; 
ttag +89 99/99/99/99/99; 
ttag +90 99/99/98/98/97; 
ttag +91 99/99/96/99/97; 
ttag +92 100/100/100/100/98; 
ttag +93 99/98/99/100/99; 
ttag +94 86/82/76/89/79; 
