tread
'Tree with tags' 
(0 (1 ((2 3 )(((4 5 )(6 7 ))((8 9 )(10 (11 12 )))))(((13 14 )((15 16 )(17 (18 (19 ((20 21 )((22 23 )(24 25 ))))))))(39 (((27 (26 (28 (29 30 ))))(40 41 ))(42 ((43 (46 47 ))(44 45 ))))(31 ((32 33 )((34 35 )(36 (37 38 ))))))))); 
ttag *!; 
ttag +49 ???; 
ttag +50 5; 
ttag +51 6; 
ttag +52 6; 
ttag +53 8; 
ttag +54 1; 
ttag +55 4; 
ttag +56 1; 
ttag +57 1; 
ttag +58 5; 
ttag +59 13; 
ttag +60 7; 
ttag +61 1; 
ttag +62 2; 
ttag +63 6; 
ttag +64 4; 
ttag +65 4; 
ttag +66 7; 
ttag +67 4; 
ttag +68 6; 
ttag +69 10; 
ttag +70 13; 
ttag +71 5; 
ttag +72 3; 
ttag +73 1; 
ttag +74 5; 
ttag +75 1; 
ttag +76 1; 
ttag +77 5; 
ttag +78 6; 
ttag +79 11; 
ttag +80 7; 
ttag +81 5; 
ttag +82 6; 
ttag +83 3; 
ttag +84 2; 
ttag +85 11; 
ttag +86 7; 
ttag +87 1; 
ttag +88 6; 
ttag +89 1; 
ttag +90 4; 
ttag +91 8; 
ttag +92 1; 
tread
'Tree with tags' 
(0 (1 (((2 3 )(((4 5 )(6 7 ))((8 9 )(10 (11 12 )))))(((13 14 )((15 16 )(17 (18 (19 ((20 21 )((22 23 )(24 25 ))))))))((((27 (26 (28 (29 30 ))))(40 41 ))(42 ((43 (46 47 ))(44 45 ))))(39 (31 ((32 33 )((34 35 )(36 (37 38 ))))))))))); 
ttag *!; 
ttag +0 ////; 
ttag +1 ////; 
ttag +2 ////; 
ttag +3 ////; 
ttag +4 ////; 
ttag +5 ////; 
ttag +6 ////; 
ttag +7 ////; 
ttag +8 ////; 
ttag +9 ////; 
ttag +10 ////; 
ttag +11 ////; 
ttag +12 ////; 
ttag +13 ////; 
ttag +14 ////; 
ttag +15 ////; 
ttag +16 ////; 
ttag +17 ////; 
ttag +18 ////; 
ttag +19 ////; 
ttag +20 ////; 
ttag +21 ////; 
ttag +22 ////; 
ttag +23 ////; 
ttag +24 ////; 
ttag +25 ////; 
ttag +26 ////; 
ttag +27 ////; 
ttag +28 ////; 
ttag +29 ////; 
ttag +30 ////; 
ttag +31 ////; 
ttag +32 ////; 
ttag +33 ////; 
ttag +34 ////; 
ttag +35 ////; 
ttag +36 ////; 
ttag +37 ////; 
ttag +38 ////; 
ttag +39 ////; 
ttag +40 ////; 
ttag +41 ////; 
ttag +42 ////; 
ttag +43 ////; 
ttag +44 ////; 
ttag +45 ////; 
ttag +46 ////; 
ttag +47 ////; 
ttag +48 ////; 
ttag +49 100/100/100/100/100; 
ttag +50 88/84/78/88/79; 
ttag +51 95/94/79/91/77; 
ttag +52 7/[2]/?/?/?; 
ttag +53 98/98/98/97/96; 
ttag +54 100/100/98/100/97; 
ttag +55 60/53/42/41/40; 
ttag +56 88/85/85/89/83; 
ttag +57 54/25/15/27/14; 
ttag +58 72/62/50/57/48; 
ttag +59 94/92/86/92/85; 
ttag +60 100/100/100/100/100; 
ttag +61 99/98/94/97/92; 
ttag +62 41/26/13/28/11; 
ttag +63 47/38/22/42/24; 
ttag +64 100/100/98/99/96; 
ttag +65 94/93/86/89/87; 
ttag +66 92/89/84/94/82; 
ttag +67 100/100/99/99/99; 
ttag +68 98/97/92/93/84; 
ttag +69 100/100/100/100/99; 
ttag +70 100/100/98/100/100; 
ttag +71 100/100/100/100/100; 
ttag +72 95/94/91/95/88; 
ttag +73 91/88/83/89/81; 
ttag +74 40/2/?/?/?; 
ttag +75 98/98/95/98/95; 
ttag +76 25/[14]/?/?/?; 
ttag +77 24/11/15/15/16; 
ttag +78 97/97/93/98/90; 
ttag +79 98/97/96/98/96; 
ttag +80 100/100/100/100/100; 
ttag +81 99/99/98/99/97; 
ttag +82 8/[26]/?/?/?; 
ttag +83 97/96/92/95/91; 
ttag +84 99/99/99/98/99; 
ttag +85 92/90/87/90/86; 
ttag +86 86/84/79/81/78; 
ttag +87 100/100/100/100/99; 
ttag +88 99/98/97/99/98; 
ttag +89 66/46/47/45/42; 
ttag +90 98/98/96/98/96; 
ttag +91 50/16/9/20/7; 
ttag +92 96/95/95/96/95; 
ttag +93 99/99/98/99/97; 
ttag +94 45/32/28/30/17; 
