tread
'Tree with tags' 
(0 (1 ((2 3 )(((4 5 )(6 7 ))((8 9 )(10 (11 12 )))))(((13 14 )((15 16 )(17 (18 19 ((20 21 )((22 23 )(24 25 )))))))((26 (27 28 (29 30 )))(39 ((31 (34 35 (32 33 )(36 (37 38 ))))((40 41 )(42 (43 ((44 45 )(46 47 ))))))))))); 
ttag *!; 
ttag +49 ???; 
ttag +50 7; 
ttag +51 6; 
ttag +52 5; 
ttag +53 11; 
ttag +54 4; 
ttag +55 5; 
ttag +56 4; 
ttag +57 6; 
ttag +58 6; 
ttag +59 10; 
ttag +60 5; 
ttag +61 1; 
ttag +62 1; 
ttag +63 6; 
ttag +64 4; 
ttag +65 1; 
ttag +66 5; 
ttag +67 6; 
ttag +68 9; 
ttag +69 9; 
ttag +70 4; 
ttag +71 6; 
ttag +72 6; 
ttag +73 3; 
ttag +74 5; 
ttag +75 9; 
ttag +76 2; 
ttag +77 2; 
ttag +78 11; 
ttag +79 2; 
ttag +80 3; 
ttag +81 9; 
ttag +82 5; 
ttag +83 1; 
ttag +84 3; 
ttag +85 6; 
ttag +86 2; 
ttag +87 9; 
ttag +88 7; 
ttag +89 3; 
tread
'Tree with tags' 
(0 ((1 ((2 3 )(((4 5 )(6 7 ))((8 9 )(10 (11 12 ))))))(((13 14 )((15 16 )(17 (18 (19 ((20 21 )((22 23 )(24 25 ))))))))((26 (27 (28 (29 30 ))))(39 ((31 ((32 33 )((34 35 )(36 (37 38 )))))((40 41 )(42 (43 ((44 45 )(46 47 ))))))))))); 
ttag *!; 
ttag +0 ////; 
ttag +1 ////; 
ttag +2 ////; 
ttag +3 ////; 
ttag +4 ////; 
ttag +5 ////; 
ttag +6 ////; 
ttag +7 ////; 
ttag +8 ////; 
ttag +9 ////; 
ttag +10 ////; 
ttag +11 ////; 
ttag +12 ////; 
ttag +13 ////; 
ttag +14 ////; 
ttag +15 ////; 
ttag +16 ////; 
ttag +17 ////; 
ttag +18 ////; 
ttag +19 ////; 
ttag +20 ////; 
ttag +21 ////; 
ttag +22 ////; 
ttag +23 ////; 
ttag +24 ////; 
ttag +25 ////; 
ttag +26 ////; 
ttag +27 ////; 
ttag +28 ////; 
ttag +29 ////; 
ttag +30 ////; 
ttag +31 ////; 
ttag +32 ////; 
ttag +33 ////; 
ttag +34 ////; 
ttag +35 ////; 
ttag +36 ////; 
ttag +37 ////; 
ttag +38 ////; 
ttag +39 ////; 
ttag +40 ////; 
ttag +41 ////; 
ttag +42 ////; 
ttag +43 ////; 
ttag +44 ////; 
ttag +45 ////; 
ttag +46 ////; 
ttag +47 ////; 
ttag +48 ////; 
ttag +49 21/3/?/1/?; 
ttag +50 100/100/100/100/100; 
ttag +51 100/100/96/99/99; 
ttag +52 96/96/90/98/92; 
ttag +53 97/96/95/97/94; 
ttag +54 100/100/98/100/98; 
ttag +55 95/95/88/94/86; 
ttag +56 99/99/97/98/98; 
ttag +57 96/96/91/96/94; 
ttag +58 97/96/85/95/86; 
ttag +59 97/97/88/95/88; 
ttag +60 100/100/100/100/100; 
ttag +61 99/99/98/99/98; 
ttag +62 40/15/?/7/13; 
ttag +63 42/35/18/28/21; 
ttag +64 99/99/96/97/94; 
ttag +65 98/97/91/95/90; 
ttag +66 49/35/16/26/26; 
ttag +67 98/98/95/99/94; 
ttag +68 29/0/?/?/0; 
ttag +69 99/99/99/99/100; 
ttag +70 99/99/98/100/98; 
ttag +71 100/100/100/100/100; 
ttag +72 98/98/98/97/97; 
ttag +73 99/99/98/100/98; 
ttag +74 98/98/95/98/98; 
ttag +75 77/72/63/77/65; 
ttag +76 92/88/80/85/83; 
ttag +77 34/9/3/?/?; 
ttag +78 100/100/98/100/100; 
ttag +79 70/63/55/71/50; 
ttag +80 74/72/66/71/64; 
ttag +81 100/100/100/100/100; 
ttag +82 86/80/74/84/80; 
ttag +83 79/72/68/85/69; 
ttag +84 61/40/31/30/38; 
ttag +85 41/17/24/20/24; 
ttag +86 99/99/98/100/98; 
ttag +87 94/92/93/96/93; 
ttag +88 50/34/17/29/25; 
ttag +89 86/79/83/90/82; 
ttag +90 99/99/96/99/98; 
ttag +91 68/54/33/59/52; 
ttag +92 100/100/100/100/100; 
ttag +93 98/98/94/98/95; 
ttag +94 86/84/80/89/78; 
