tread
'Tree with tags' 
(0 (1 ((2 3 )(((4 5 )(6 7 ))((8 9 )(10 (11 12 )))))(((13 14 )((26 (27 (28 (29 30 ))))(39 (31 ((32 33 )(34 35 )(36 (37 38 )))))((40 41 )(42 (43 ((44 45 )(46 47 )))))))((15 16 )(17 (18 (19 ((20 21 )((22 23 )(24 25 )))))))))); 
ttag *!; 
ttag +49 ???; 
ttag +50 8; 
ttag +51 10; 
ttag +52 5; 
ttag +53 14; 
ttag +54 3; 
ttag +55 3; 
ttag +56 3; 
ttag +57 1; 
ttag +58 6; 
ttag +59 7; 
ttag +60 5; 
ttag +61 1; 
ttag +62 3; 
ttag +63 8; 
ttag +64 1; 
ttag +65 1; 
ttag +66 2; 
ttag +67 1; 
ttag +68 6; 
ttag +69 4; 
ttag +70 8; 
ttag +71 5; 
ttag +72 9; 
ttag +73 6; 
ttag +74 7; 
ttag +75 3; 
ttag +76 6; 
ttag +77 12; 
ttag +78 4; 
ttag +79 4; 
ttag +80 8; 
ttag +81 5; 
ttag +82 4; 
ttag +83 7; 
ttag +84 6; 
ttag +85 3; 
ttag +86 4; 
ttag +87 6; 
ttag +88 3; 
ttag +89 4; 
ttag +90 2; 
ttag +91 2; 
tread
'Tree with tags' 
(0 (1 ((2 3 )(((4 5 )(6 7 ))((8 9 )(10 (11 12 )))))(((13 14 )((26 (27 (28 (29 30 ))))(39 (31 ((32 33 )(34 35 )(36 (37 38 )))))((40 41 )(42 (43 ((44 45 )(46 47 )))))))((15 16 )(17 (18 (19 ((20 21 )((22 23 )(24 25 )))))))))); 
ttag *!; 
ttag +0 ////; 
ttag +1 ////; 
ttag +2 ////; 
ttag +3 ////; 
ttag +4 ////; 
ttag +5 ////; 
ttag +6 ////; 
ttag +7 ////; 
ttag +8 ////; 
ttag +9 ////; 
ttag +10 ////; 
ttag +11 ////; 
ttag +12 ////; 
ttag +13 ////; 
ttag +14 ////; 
ttag +15 ////; 
ttag +16 ////; 
ttag +17 ////; 
ttag +18 ////; 
ttag +19 ////; 
ttag +20 ////; 
ttag +21 ////; 
ttag +22 ////; 
ttag +23 ////; 
ttag +24 ////; 
ttag +25 ////; 
ttag +26 ////; 
ttag +27 ////; 
ttag +28 ////; 
ttag +29 ////; 
ttag +30 ////; 
ttag +31 ////; 
ttag +32 ////; 
ttag +33 ////; 
ttag +34 ////; 
ttag +35 ////; 
ttag +36 ////; 
ttag +37 ////; 
ttag +38 ////; 
ttag +39 ////; 
ttag +40 ////; 
ttag +41 ////; 
ttag +42 ////; 
ttag +43 ////; 
ttag +44 ////; 
ttag +45 ////; 
ttag +46 ////; 
ttag +47 ////; 
ttag +48 ////; 
ttag +49 100/100/100/100/100; 
ttag +50 99/99/98/100/98; 
ttag +51 99/99/98/100/99; 
ttag +52 99/99/98/98/98; 
ttag +53 100/100/99/100/99; 
ttag +54 78/75/71/86/68; 
ttag +55 85/82/70/80/70; 
ttag +56 85/80/76/82/65; 
ttag +57 54/33/25/40/19; 
ttag +58 96/96/92/96/92; 
ttag +59 98/97/97/99/94; 
ttag +60 98/97/91/96/94; 
ttag +61 39/16/?/11/5; 
ttag +62 74/65/52/64/56; 
ttag +63 99/99/97/99/99; 
ttag +64 60/48/45/35/43; 
ttag +65 20/[13]/?/?/?; 
ttag +66 74/64/57/66/58; 
ttag +67 44/7/?/13/?; 
ttag +68 97/97/97/99/98; 
ttag +69 90/88/75/88/75; 
ttag +70 100/100/99/100/99; 
ttag +71 94/93/86/93/83; 
ttag +72 99/98/97/100/96; 
ttag +73 100/100/99/99/100; 
ttag +74 97/97/94/98/88; 
ttag +75 93/92/92/93/86; 
ttag +76 100/100/99/99/100; 
ttag +77 100/100/100/100/100; 
ttag +78 84/79/76/81/74; 
ttag +79 87/82/78/84/74; 
ttag +80 99/99/98/99/98; 
ttag +81 99/99/94/99/95; 
ttag +82 97/97/96/98/92; 
ttag +83 100/100/98/100/98; 
ttag +84 98/98/97/100/95; 
ttag +85 86/83/71/89/72; 
ttag +86 90/88/77/90/71; 
ttag +87 99/99/95/98/96; 
ttag +88 85/82/69/82/64; 
ttag +89 86/82/74/91/83; 
ttag +90 71/59/42/54/55; 
ttag +91 80/70/62/74/54; 
