tread
'Tree with tags' 
(0 (((1 ((2 3 )(((4 5 )(6 7 ))(8 (9 (10 11 12 ))))))((17 (15 16 )(18 (19 ((20 21 )((22 23 )(24 25 ))))))((26 (27 (28 (29 30 ))))((31 (((32 33 )(36 (37 38 )))(34 35 )))(39 ((40 41 )(42 43 ((44 45 )(46 47 )))))))))(13 14 ))); 
ttag *!; 
ttag +49 1; 
ttag +50 1; 
ttag +51 ???; 
ttag +52 9; 
ttag +53 4; 
ttag +54 7; 
ttag +55 6; 
ttag +56 4; 
ttag +57 2; 
ttag +58 4; 
ttag +59 1; 
ttag +60 6; 
ttag +61 6; 
ttag +62 8; 
ttag +63 6; 
ttag +64 2; 
ttag +65 5; 
ttag +66 2; 
ttag +67 9; 
ttag +68 10; 
ttag +69 5; 
ttag +70 4; 
ttag +71 4; 
ttag +72 5; 
ttag +73 7; 
ttag +74 3; 
ttag +75 5; 
ttag +76 12; 
ttag +77 5; 
ttag +78 7; 
ttag +79 7; 
ttag +80 1; 
ttag +81 6; 
ttag +82 2; 
ttag +83 12; 
ttag +84 5; 
ttag +85 2; 
ttag +86 3; 
ttag +87 4; 
ttag +88 4; 
ttag +89 4; 
ttag +90 4; 
ttag +91 1; 
tread
'Tree with tags' 
(0 (((1 ((2 3 )(((4 5 )(6 7 ))(8 (9 (11 (10 12 )))))))((17 ((15 16 )(18 (19 ((20 21 )((22 23 )(24 25 )))))))((26 (27 (28 (29 30 ))))((31 (((32 33 )(36 (37 38 )))(34 35 )))(39 ((40 41 )(42 (43 ((44 45 )(46 47 ))))))))))(13 14 ))); 
ttag *!; 
ttag +0 ////; 
ttag +1 ////; 
ttag +2 ////; 
ttag +3 ////; 
ttag +4 ////; 
ttag +5 ////; 
ttag +6 ////; 
ttag +7 ////; 
ttag +8 ////; 
ttag +9 ////; 
ttag +10 ////; 
ttag +11 ////; 
ttag +12 ////; 
ttag +13 ////; 
ttag +14 ////; 
ttag +15 ////; 
ttag +16 ////; 
ttag +17 ////; 
ttag +18 ////; 
ttag +19 ////; 
ttag +20 ////; 
ttag +21 ////; 
ttag +22 ////; 
ttag +23 ////; 
ttag +24 ////; 
ttag +25 ////; 
ttag +26 ////; 
ttag +27 ////; 
ttag +28 ////; 
ttag +29 ////; 
ttag +30 ////; 
ttag +31 ////; 
ttag +32 ////; 
ttag +33 ////; 
ttag +34 ////; 
ttag +35 ////; 
ttag +36 ////; 
ttag +37 ////; 
ttag +38 ////; 
ttag +39 ////; 
ttag +40 ////; 
ttag +41 ////; 
ttag +42 ////; 
ttag +43 ////; 
ttag +44 ////; 
ttag +45 ////; 
ttag +46 ////; 
ttag +47 ////; 
ttag +48 ////; 
ttag +49 40/21/18/31/6; 
ttag +50 33/14/10/23/5; 
ttag +51 100/100/100/100/100; 
ttag +52 99/99/98/99/98; 
ttag +53 84/78/59/78/66; 
ttag +54 99/99/98/98/98; 
ttag +55 92/92/88/93/88; 
ttag +56 84/80/73/81/58; 
ttag +57 80/73/76/77/70; 
ttag +58 86/84/72/90/77; 
ttag +59 59/48/38/44/38; 
ttag +60 27/[11]/?/?/?; 
ttag +61 92/90/80/96/82; 
ttag +62 99/98/95/98/98; 
ttag +63 100/100/100/100/99; 
ttag +64 32/5/?/?/?; 
ttag +65 96/95/83/95/82; 
ttag +66 54/46/22/39/17; 
ttag +67 97/96/93/99/92; 
ttag +68 88/88/84/85/84; 
ttag +69 100/100/100/100/100; 
ttag +70 100/100/98/100/98; 
ttag +71 96/96/89/95/87; 
ttag +72 88/84/79/90/78; 
ttag +73 91/88/86/93/81; 
ttag +74 93/92/89/96/84; 
ttag +75 97/96/86/97/93; 
ttag +76 88/86/77/90/78; 
ttag +77 96/96/90/96/91; 
ttag +78 100/100/100/100/100; 
ttag +79 97/97/91/97/95; 
ttag +80 95/94/92/98/94; 
ttag +81 99/98/99/99/99; 
ttag +82 46/35/27/34/27; 
ttag +83 98/97/94/98/96; 
ttag +84 74/62/53/51/41; 
ttag +85 100/100/100/100/100; 
ttag +86 96/95/86/92/86; 
ttag +87 74/68/64/76/52; 
ttag +88 89/85/74/85/80; 
ttag +89 86/81/79/85/63; 
ttag +90 96/95/85/96/89; 
ttag +91 35/4/?/?/?; 
ttag +92 86/82/74/86/75; 
ttag +93 97/96/87/94/88; 
ttag +94 74/62/54/59/54; 
