tread
'Tree with tags' 
(0 (((1 ((2 3 )(((4 5 )(6 7 ))(9 (8 (10 (11 12 )))))))((13 14 )((26 (27 (28 (29 30 ))))((31 ((32 33 )(34 35 )(36 (37 38 ))))(39 ((40 41 )(42 (43 ((44 45 )(46 47 ))))))))))((15 16 )(17 (18 (19 ((20 21 )((22 23 )(24 25 ))))))))); 
ttag *!; 
ttag +49 2; 
ttag +50 1; 
ttag +51 ???; 
ttag +52 8; 
ttag +53 6; 
ttag +54 10; 
ttag +55 4; 
ttag +56 2; 
ttag +57 2; 
ttag +58 1; 
ttag +59 4; 
ttag +60 2; 
ttag +61 8; 
ttag +62 8; 
ttag +63 2; 
ttag +64 7; 
ttag +65 6; 
ttag +66 2; 
ttag +67 8; 
ttag +68 1; 
ttag +69 6; 
ttag +70 7; 
ttag +71 6; 
ttag +72 10; 
ttag +73 3; 
ttag +74 5; 
ttag +75 9; 
ttag +76 3; 
ttag +77 6; 
ttag +78 5; 
ttag +79 3; 
ttag +80 6; 
ttag +81 2; 
ttag +82 4; 
ttag +83 2; 
ttag +84 5; 
ttag +85 6; 
ttag +86 1; 
ttag +87 2; 
ttag +88 10; 
ttag +89 5; 
ttag +90 2; 
ttag +91 4; 
ttag +92 10; 
ttag +93 1; 
tread
'Tree with tags' 
(0 (((1 ((2 3 )(((4 5 )(6 7 ))(9 (8 (10 (11 12 )))))))((13 14 )((26 (27 (28 (29 30 ))))((31 (((32 33 )(36 (37 38 )))(34 35 )))(39 ((40 41 )(42 (43 ((44 45 )(46 47 ))))))))))((15 16 )(17 (18 (19 ((20 21 )((22 23 )(24 25 ))))))))); 
ttag *!; 
ttag +0 ////; 
ttag +1 ////; 
ttag +2 ////; 
ttag +3 ////; 
ttag +4 ////; 
ttag +5 ////; 
ttag +6 ////; 
ttag +7 ////; 
ttag +8 ////; 
ttag +9 ////; 
ttag +10 ////; 
ttag +11 ////; 
ttag +12 ////; 
ttag +13 ////; 
ttag +14 ////; 
ttag +15 ////; 
ttag +16 ////; 
ttag +17 ////; 
ttag +18 ////; 
ttag +19 ////; 
ttag +20 ////; 
ttag +21 ////; 
ttag +22 ////; 
ttag +23 ////; 
ttag +24 ////; 
ttag +25 ////; 
ttag +26 ////; 
ttag +27 ////; 
ttag +28 ////; 
ttag +29 ////; 
ttag +30 ////; 
ttag +31 ////; 
ttag +32 ////; 
ttag +33 ////; 
ttag +34 ////; 
ttag +35 ////; 
ttag +36 ////; 
ttag +37 ////; 
ttag +38 ////; 
ttag +39 ////; 
ttag +40 ////; 
ttag +41 ////; 
ttag +42 ////; 
ttag +43 ////; 
ttag +44 ////; 
ttag +45 ////; 
ttag +46 ////; 
ttag +47 ////; 
ttag +48 ////; 
ttag +49 48/33/23/36/22; 
ttag +50 31/14/?/19/4; 
ttag +51 100/100/100/100/100; 
ttag +52 97/96/90/97/92; 
ttag +53 93/90/81/91/84; 
ttag +54 100/100/100/99/100; 
ttag +55 92/88/86/92/82; 
ttag +56 77/73/70/76/69; 
ttag +57 62/54/45/56/43; 
ttag +58 59/50/35/43/39; 
ttag +59 90/88/81/94/85; 
ttag +60 67/54/47/63/47; 
ttag +61 100/100/99/100/99; 
ttag +62 100/100/99/100/98; 
ttag +63 65/55/34/58/42; 
ttag +64 99/99/96/98/98; 
ttag +65 92/89/77/89/82; 
ttag +66 65/44/34/50/36; 
ttag +67 99/99/96/100/94; 
ttag +68 62/50/38/55/33; 
ttag +69 100/100/99/100/99; 
ttag +70 99/99/94/98/93; 
ttag +71 99/98/90/96/88; 
ttag +72 99/99/98/100/100; 
ttag +73 85/82/71/86/76; 
ttag +74 96/94/92/99/94; 
ttag +75 98/98/96/100/97; 
ttag +76 90/88/67/87/78; 
ttag +77 97/96/92/98/92; 
ttag +78 98/98/88/97/91; 
ttag +79 90/86/83/93/81; 
ttag +80 96/95/89/95/90; 
ttag +81 82/74/72/71/64; 
ttag +82 16/[8]/?/?/4; 
ttag +83 94/94/82/92/86; 
ttag +84 92/91/87/85/88; 
ttag +85 98/98/89/99/91; 
ttag +86 100/100/98/100/100; 
ttag +87 52/30/24/34/34; 
ttag +88 72/61/47/59/49; 
ttag +89 100/100/100/100/99; 
ttag +90 86/82/72/80/76; 
ttag +91 67/54/48/54/45; 
ttag +92 92/90/85/92/81; 
ttag +93 99/99/98/100/99; 
ttag +94 56/46/40/51/28; 
