tread
'Tree with tags' 
(0 (1 ((2 3 )(8 ((9 ((4 5 )(6 7 )))(10 (11 12 )))))(13 14 )((15 16 )(17 (18 (19 ((20 21 )((22 23 )(24 25 )))))))((26 (27 (28 (29 30 ))))((31 ((32 33 )((34 35 )(36 (37 38 )))))(39 (40 41 (42 (43 ((44 45 )(46 47 )))))))))); 
ttag *!; 
ttag +49 ???; 
ttag +50 9; 
ttag +51 6; 
ttag +52 3; 
ttag +53 7; 
ttag +54 1; 
ttag +55 1; 
ttag +56 6; 
ttag +57 3; 
ttag +58 1; 
ttag +59 6; 
ttag +60 8; 
ttag +61 14; 
ttag +62 4; 
ttag +63 2; 
ttag +64 4; 
ttag +65 2; 
ttag +66 6; 
ttag +67 6; 
ttag +68 10; 
ttag +69 9; 
ttag +70 5; 
ttag +71 3; 
ttag +72 4; 
ttag +73 4; 
ttag +74 5; 
ttag +75 9; 
ttag +76 8; 
ttag +77 6; 
ttag +78 12; 
ttag +79 2; 
ttag +80 5; 
ttag +81 2; 
ttag +82 9; 
ttag +83 6; 
ttag +84 1; 
ttag +85 9; 
ttag +86 2; 
ttag +87 1; 
ttag +88 6; 
ttag +89 5; 
ttag +90 2; 
tread
'Tree with tags' 
(0 (((1 ((15 16 )(17 (18 (19 ((20 21 )((22 23 )(24 25 ))))))))(13 14 ))(((2 3 )(8 ((9 ((4 5 )(6 7 )))(10 (11 12 )))))((26 (27 (28 (29 30 ))))((31 ((32 33 )((34 35 )(36 (37 38 )))))(39 (40 (41 (42 (43 ((44 45 )(46 47 )))))))))))); 
ttag *!; 
ttag +0 ////; 
ttag +1 ////; 
ttag +2 ////; 
ttag +3 ////; 
ttag +4 ////; 
ttag +5 ////; 
ttag +6 ////; 
ttag +7 ////; 
ttag +8 ////; 
ttag +9 ////; 
ttag +10 ////; 
ttag +11 ////; 
ttag +12 ////; 
ttag +13 ////; 
ttag +14 ////; 
ttag +15 ////; 
ttag +16 ////; 
ttag +17 ////; 
ttag +18 ////; 
ttag +19 ////; 
ttag +20 ////; 
ttag +21 ////; 
ttag +22 ////; 
ttag +23 ////; 
ttag +24 ////; 
ttag +25 ////; 
ttag +26 ////; 
ttag +27 ////; 
ttag +28 ////; 
ttag +29 ////; 
ttag +30 ////; 
ttag +31 ////; 
ttag +32 ////; 
ttag +33 ////; 
ttag +34 ////; 
ttag +35 ////; 
ttag +36 ////; 
ttag +37 ////; 
ttag +38 ////; 
ttag +39 ////; 
ttag +40 ////; 
ttag +41 ////; 
ttag +42 ////; 
ttag +43 ////; 
ttag +44 ////; 
ttag +45 ////; 
ttag +46 ////; 
ttag +47 ////; 
ttag +48 ////; 
ttag +49 21/[9]/?/?/?; 
ttag +50 8/[22]/?/?/?; 
ttag +51 100/100/100/100/100; 
ttag +52 100/100/95/98/98; 
ttag +53 95/92/89/98/87; 
ttag +54 16/[11]/?/?/?; 
ttag +55 91/88/84/90/83; 
ttag +56 99/99/96/99/93; 
ttag +57 48/38/26/38/33; 
ttag +58 32/10/1/14/?; 
ttag +59 95/94/90/98/89; 
ttag +60 84/79/71/82/76; 
ttag +61 38/16/4/18/7; 
ttag +62 99/99/95/99/94; 
ttag +63 99/99/98/99/99; 
ttag +64 100/100/100/100/100; 
ttag +65 90/88/75/91/78; 
ttag +66 58/42/30/55/40; 
ttag +67 91/87/73/92/84; 
ttag +68 66/56/39/60/44; 
ttag +69 99/99/95/97/96; 
ttag +70 95/92/82/96/90; 
ttag +71 100/100/99/100/99; 
ttag +72 100/100/98/99/99; 
ttag +73 100/100/98/99/99; 
ttag +74 89/87/80/90/82; 
ttag +75 84/82/63/86/74; 
ttag +76 97/96/88/95/90; 
ttag +77 95/94/87/96/90; 
ttag +78 99/99/97/98/96; 
ttag +79 98/97/92/99/92; 
ttag +80 99/99/90/98/96; 
ttag +81 100/100/100/100/99; 
ttag +82 77/71/42/70/49; 
ttag +83 96/96/91/91/88; 
ttag +84 78/75/52/72/55; 
ttag +85 100/100/97/99/98; 
ttag +86 98/97/88/98/93; 
ttag +87 64/53/51/58/54; 
ttag +88 100/100/99/100/99; 
ttag +89 33/[7]/?/?/?; 
ttag +90 74/71/66/71/68; 
ttag +91 54/37/20/31/27; 
ttag +92 98/98/96/98/96; 
ttag +93 97/96/90/95/90; 
ttag +94 74/61/54/66/52; 
