tread
'Tree with tags' 
(0 (((1 ((2 3 )((4 5 )(6 7 ))(8 9 )(10 (11 12 ))))(13 14 ))(((15 16 )(17 (19 (18 ((20 21 )((22 23 )(24 25 )))))))((26 (27 (28 (29 30 ))))((31 ((32 33 )((34 35 )(36 (37 38 )))))(39 ((40 41 )(42 (43 ((44 45 )(46 47 ))))))))))); 
ttag *!; 
ttag +49 2; 
ttag +50 1; 
ttag +51 ???; 
ttag +52 9; 
ttag +53 13; 
ttag +54 7; 
ttag +55 8; 
ttag +56 3; 
ttag +57 3; 
ttag +58 7; 
ttag +59 8; 
ttag +60 9; 
ttag +61 22; 
ttag +62 4; 
ttag +63 1; 
ttag +64 4; 
ttag +65 1; 
ttag +66 5; 
ttag +67 6; 
ttag +68 7; 
ttag +69 7; 
ttag +70 11; 
ttag +71 6; 
ttag +72 6; 
ttag +73 6; 
ttag +74 4; 
ttag +75 4; 
ttag +76 7; 
ttag +77 2; 
ttag +78 3; 
ttag +79 10; 
ttag +80 5; 
ttag +81 6; 
ttag +82 4; 
ttag +83 10; 
ttag +84 8; 
ttag +85 1; 
ttag +86 4; 
ttag +87 3; 
ttag +88 11; 
ttag +89 1; 
ttag +90 5; 
ttag +91 3; 
ttag +92 4; 
tread
'Tree with tags' 
(0 (((1 (((2 3 )((8 9 )(10 (11 12 ))))((4 5 )(6 7 ))))(13 14 ))(((15 16 )(17 (19 (18 ((20 21 )((22 23 )(24 25 )))))))((26 (27 (28 (29 30 ))))((31 ((32 33 )((34 35 )(36 (37 38 )))))(39 ((40 41 )(42 (43 ((44 45 )(46 47 ))))))))))); 
ttag *!; 
ttag +0 ////; 
ttag +1 ////; 
ttag +2 ////; 
ttag +3 ////; 
ttag +4 ////; 
ttag +5 ////; 
ttag +6 ////; 
ttag +7 ////; 
ttag +8 ////; 
ttag +9 ////; 
ttag +10 ////; 
ttag +11 ////; 
ttag +12 ////; 
ttag +13 ////; 
ttag +14 ////; 
ttag +15 ////; 
ttag +16 ////; 
ttag +17 ////; 
ttag +18 ////; 
ttag +19 ////; 
ttag +20 ////; 
ttag +21 ////; 
ttag +22 ////; 
ttag +23 ////; 
ttag +24 ////; 
ttag +25 ////; 
ttag +26 ////; 
ttag +27 ////; 
ttag +28 ////; 
ttag +29 ////; 
ttag +30 ////; 
ttag +31 ////; 
ttag +32 ////; 
ttag +33 ////; 
ttag +34 ////; 
ttag +35 ////; 
ttag +36 ////; 
ttag +37 ////; 
ttag +38 ////; 
ttag +39 ////; 
ttag +40 ////; 
ttag +41 ////; 
ttag +42 ////; 
ttag +43 ////; 
ttag +44 ////; 
ttag +45 ////; 
ttag +46 ////; 
ttag +47 ////; 
ttag +48 ////; 
ttag +49 66/45/31/52/26; 
ttag +50 21/0/?/5/?; 
ttag +51 100/100/100/100/100; 
ttag +52 99/99/97/100/98; 
ttag +53 22/[21]/?/?/?; 
ttag +54 100/100/98/100/99; 
ttag +55 99/99/97/99/100; 
ttag +56 99/99/97/99/93; 
ttag +57 85/78/72/82/74; 
ttag +58 85/81/63/80/69; 
ttag +59 22/[22]/?/?/?; 
ttag +60 99/99/97/98/96; 
ttag +61 100/100/100/100/100; 
ttag +62 99/99/99/100/100; 
ttag +63 100/100/100/100/100; 
ttag +64 89/85/76/88/65; 
ttag +65 24/4/0/8/?; 
ttag +66 95/94/91/95/86; 
ttag +67 60/48/47/45/40; 
ttag +68 96/95/92/98/89; 
ttag +69 100/100/100/100/100; 
ttag +70 98/98/96/99/97; 
ttag +71 100/100/98/99/96; 
ttag +72 100/100/100/100/98; 
ttag +73 99/98/96/99/97; 
ttag +74 99/98/97/99/97; 
ttag +75 97/96/87/98/88; 
ttag +76 87/81/66/83/72; 
ttag +77 98/97/98/98/99; 
ttag +78 98/98/96/98/96; 
ttag +79 68/61/40/57/48; 
ttag +80 66/48/44/52/32; 
ttag +81 100/100/99/100/99; 
ttag +82 100/100/95/98/99; 
ttag +83 99/98/98/98/100; 
ttag +84 94/93/95/97/95; 
ttag +85 100/100/100/100/100; 
ttag +86 100/100/99/100/98; 
ttag +87 26/8/10/14/3; 
ttag +88 90/88/82/92/82; 
ttag +89 71/63/52/62/43; 
ttag +90 100/100/99/100/100; 
ttag +91 49/17/3/12/8; 
ttag +92 96/96/96/96/93; 
ttag +93 89/85/74/83/67; 
ttag +94 95/94/92/97/94; 
