tread
'Tree with tags' 
(0 (1 (((2 3 )((4 5 )(6 7 )))((8 9 )(10 (11 12 ))))(13 14 )((15 16 )(17 (18 (19 ((20 21 )((22 23 )(24 25 )))))))(27 (26 (28 (29 30 ))))((39 (31 ((32 33 )(34 35 )(36 (37 38 )))))(40 41 (42 (43 ((44 45 )(46 47 )))))))); 
ttag *!; 
ttag +49 ???; 
ttag +50 8; 
ttag +51 1; 
ttag +52 5; 
ttag +53 6; 
ttag +54 7; 
ttag +55 2; 
ttag +56 5; 
ttag +57 5; 
ttag +58 1; 
ttag +59 8; 
ttag +60 11; 
ttag +61 5; 
ttag +62 3; 
ttag +63 1; 
ttag +64 2; 
ttag +65 6; 
ttag +66 8; 
ttag +67 9; 
ttag +68 5; 
ttag +69 6; 
ttag +70 1; 
ttag +71 1; 
ttag +72 4; 
ttag +73 9; 
ttag +74 17; 
ttag +75 9; 
ttag +76 3; 
ttag +77 2; 
ttag +78 4; 
ttag +79 2; 
ttag +80 5; 
ttag +81 10; 
ttag +82 7; 
ttag +83 7; 
ttag +84 10; 
ttag +85 3; 
ttag +86 6; 
ttag +87 5; 
ttag +88 5; 
tread
'Tree with tags' 
(0 ((1 ((15 16 )(17 (18 (19 ((20 21 )((22 23 )(24 25 ))))))))(((((2 3 )((4 5 )(6 7 )))((8 9 )(10 (11 12 ))))((27 (26 (28 (29 30 ))))((39 (31 ((32 33 )((34 35 )(36 (37 38 ))))))(40 (41 (42 (43 ((44 45 )(46 47 )))))))))(13 14 )))); 
ttag *!; 
ttag +0 ////; 
ttag +1 ////; 
ttag +2 ////; 
ttag +3 ////; 
ttag +4 ////; 
ttag +5 ////; 
ttag +6 ////; 
ttag +7 ////; 
ttag +8 ////; 
ttag +9 ////; 
ttag +10 ////; 
ttag +11 ////; 
ttag +12 ////; 
ttag +13 ////; 
ttag +14 ////; 
ttag +15 ////; 
ttag +16 ////; 
ttag +17 ////; 
ttag +18 ////; 
ttag +19 ////; 
ttag +20 ////; 
ttag +21 ////; 
ttag +22 ////; 
ttag +23 ////; 
ttag +24 ////; 
ttag +25 ////; 
ttag +26 ////; 
ttag +27 ////; 
ttag +28 ////; 
ttag +29 ////; 
ttag +30 ////; 
ttag +31 ////; 
ttag +32 ////; 
ttag +33 ////; 
ttag +34 ////; 
ttag +35 ////; 
ttag +36 ////; 
ttag +37 ////; 
ttag +38 ////; 
ttag +39 ////; 
ttag +40 ////; 
ttag +41 ////; 
ttag +42 ////; 
ttag +43 ////; 
ttag +44 ////; 
ttag +45 ////; 
ttag +46 ////; 
ttag +47 ////; 
ttag +48 ////; 
ttag +49 21/4/9/4/3; 
ttag +50 100/100/100/100/100; 
ttag +51 99/98/98/98/96; 
ttag +52 62/42/28/35/30; 
ttag +53 96/95/92/97/90; 
ttag +54 40/23/22/21/17; 
ttag +55 31/14/12/15/8; 
ttag +56 98/97/93/97/91; 
ttag +57 100/100/97/99/97; 
ttag +58 69/61/55/64/56; 
ttag +59 97/97/96/98/95; 
ttag +60 98/97/92/96/94; 
ttag +61 42/22/21/22/14; 
ttag +62 99/99/98/98/92; 
ttag +63 100/100/99/100/100; 
ttag +64 97/96/93/97/88; 
ttag +65 68/54/52/58/45; 
ttag +66 28/14/17/17/14; 
ttag +67 47/33/28/34/24; 
ttag +68 89/85/80/84/76; 
ttag +69 100/100/100/100/100; 
ttag +70 100/100/99/100/98; 
ttag +71 100/100/95/98/90; 
ttag +72 98/97/91/97/91; 
ttag +73 60/44/36/35/35; 
ttag +74 51/23/0/13/4; 
ttag +75 92/91/82/94/83; 
ttag +76 50/34/26/24/26; 
ttag +77 100/100/97/100/96; 
ttag +78 100/100/100/100/100; 
ttag +79 99/99/94/98/97; 
ttag +80 74/67/53/65/59; 
ttag +81 75/62/41/54/46; 
ttag +82 96/94/90/96/94; 
ttag +83 70/60/48/57/49; 
ttag +84 100/100/98/100/97; 
ttag +85 28/1/?/?/?; 
ttag +86 100/100/100/100/99; 
ttag +87 100/100/100/99/99; 
ttag +88 98/98/94/98/96; 
ttag +89 17/[30]/?/?/?; 
ttag +90 100/100/99/100/99; 
ttag +91 84/82/72/82/69; 
ttag +92 97/96/93/96/93; 
ttag +93 90/88/76/83/80; 
ttag +94 96/95/92/98/91; 
