tread
'Tree with tags' 
(0 (1 (((((2 3 )((4 5 )(6 7 ))(8 9 (10 (11 12 ))))((26 (27 (28 (29 30 ))))((31 (((32 33 )(36 (37 38 )))(34 35 )))(39 ((40 41 )(42 (43 ((44 45 )(46 47 )))))))))((15 16 )(17 (18 (19 ((20 21 )((22 23 )(24 25 ))))))))(13 14 )))); 
ttag *!; 
ttag +49 ???; 
ttag +50 8; 
ttag +51 8; 
ttag +52 2; 
ttag +53 1; 
ttag +54 1; 
ttag +55 3; 
ttag +56 3; 
ttag +57 2; 
ttag +58 1; 
ttag +59 4; 
ttag +60 11; 
ttag +61 12; 
ttag +62 9; 
ttag +63 1; 
ttag +64 2; 
ttag +65 8; 
ttag +66 2; 
ttag +67 3; 
ttag +68 2; 
ttag +69 6; 
ttag +70 11; 
ttag +71 4; 
ttag +72 3; 
ttag +73 2; 
ttag +74 4; 
ttag +75 1; 
ttag +76 9; 
ttag +77 3; 
ttag +78 7; 
ttag +79 8; 
ttag +80 2; 
ttag +81 2; 
ttag +82 2; 
ttag +83 6; 
ttag +84 5; 
ttag +85 1; 
ttag +86 2; 
ttag +87 5; 
ttag +88 5; 
ttag +89 4; 
ttag +90 11; 
ttag +91 5; 
ttag +92 1; 
tread
'Tree with tags' 
(0 (1 ((((((2 3 )((4 5 )(6 7 )))(9 (8 (10 (11 12 )))))((26 (27 (28 (29 30 ))))((31 (((32 33 )(36 (37 38 )))(34 35 )))(39 ((40 41 )(42 (43 ((44 45 )(46 47 )))))))))((15 16 )(17 (18 (19 ((20 21 )((22 23 )(24 25 ))))))))(13 14 )))); 
ttag *!; 
ttag +0 ////; 
ttag +1 ////; 
ttag +2 ////; 
ttag +3 ////; 
ttag +4 ////; 
ttag +5 ////; 
ttag +6 ////; 
ttag +7 ////; 
ttag +8 ////; 
ttag +9 ////; 
ttag +10 ////; 
ttag +11 ////; 
ttag +12 ////; 
ttag +13 ////; 
ttag +14 ////; 
ttag +15 ////; 
ttag +16 ////; 
ttag +17 ////; 
ttag +18 ////; 
ttag +19 ////; 
ttag +20 ////; 
ttag +21 ////; 
ttag +22 ////; 
ttag +23 ////; 
ttag +24 ////; 
ttag +25 ////; 
ttag +26 ////; 
ttag +27 ////; 
ttag +28 ////; 
ttag +29 ////; 
ttag +30 ////; 
ttag +31 ////; 
ttag +32 ////; 
ttag +33 ////; 
ttag +34 ////; 
ttag +35 ////; 
ttag +36 ////; 
ttag +37 ////; 
ttag +38 ////; 
ttag +39 ////; 
ttag +40 ////; 
ttag +41 ////; 
ttag +42 ////; 
ttag +43 ////; 
ttag +44 ////; 
ttag +45 ////; 
ttag +46 ////; 
ttag +47 ////; 
ttag +48 ////; 
ttag +49 100/100/100/100/100; 
ttag +50 100/100/100/100/100; 
ttag +51 20/[26]/?/?/?; 
ttag +52 99/99/96/98/97; 
ttag +53 34/11/0/13/2; 
ttag +54 19/[3]/?/?/?; 
ttag +55 35/12/12/8/11; 
ttag +56 87/82/79/83/70; 
ttag +57 96/94/89/95/87; 
ttag +58 88/82/72/76/74; 
ttag +59 25/6/8/9/?; 
ttag +60 43/27/27/29/9; 
ttag +61 92/90/86/90/83; 
ttag +62 100/100/99/100/100; 
ttag +63 100/100/100/100/100; 
ttag +64 100/100/100/100/100; 
ttag +65 47/35/29/37/34; 
ttag +66 68/62/46/70/56; 
ttag +67 96/94/80/93/87; 
ttag +68 77/72/55/70/67; 
ttag +69 97/97/98/94/96; 
ttag +70 78/73/59/72/64; 
ttag +71 98/97/95/98/94; 
ttag +72 100/100/99/100/100; 
ttag +73 88/85/67/84/76; 
ttag +74 87/79/81/85/79; 
ttag +75 66/46/50/56/45; 
ttag +76 92/91/82/91/80; 
ttag +77 68/55/40/46/50; 
ttag +78 99/99/95/98/96; 
ttag +79 90/87/85/92/83; 
ttag +80 97/96/86/96/92; 
ttag +81 100/100/99/100/100; 
ttag +82 82/80/68/76/66; 
ttag +83 67/52/47/61/53; 
ttag +84 67/56/45/58/44; 
ttag +85 97/97/90/99/96; 
ttag +86 98/98/96/96/98; 
ttag +87 33/14/?/12/10; 
ttag +88 74/64/43/58/54; 
ttag +89 86/84/72/86/76; 
ttag +90 98/98/94/97/93; 
ttag +91 83/75/60/75/60; 
ttag +92 100/100/98/100/99; 
ttag +93 99/99/98/100/97; 
ttag +94 62/38/33/45/30; 
