tread
'Tree with tags' 
(0 (1 (((2 3 )(((4 5 )(6 7 ))(8 (9 (10 (11 12 ))))))(17 (15 16 )(18 (19 ((20 21 )((22 23 )(24 25 )))))))(13 14 )((27 (26 (28 (29 30 ))))(39 ((31 ((32 33 )(34 35 )(36 (37 38 ))))((40 41 )(43 (42 ((44 45 )(46 47 )))))))))); 
ttag *!; 
ttag +49 ???; 
ttag +50 11; 
ttag +51 8; 
ttag +52 1; 
ttag +53 6; 
ttag +54 6; 
ttag +55 3; 
ttag +56 1; 
ttag +57 1; 
ttag +58 1; 
ttag +59 5; 
ttag +60 10; 
ttag +61 13; 
ttag +62 7; 
ttag +63 8; 
ttag +64 7; 
ttag +65 3; 
ttag +66 5; 
ttag +67 8; 
ttag +68 10; 
ttag +69 6; 
ttag +70 4; 
ttag +71 1; 
ttag +72 4; 
ttag +73 7; 
ttag +74 1; 
ttag +75 9; 
ttag +76 7; 
ttag +77 1; 
ttag +78 8; 
ttag +79 5; 
ttag +80 5; 
ttag +81 2; 
ttag +82 11; 
ttag +83 12; 
ttag +84 8; 
ttag +85 5; 
ttag +86 1; 
ttag +87 3; 
ttag +88 8; 
ttag +89 5; 
ttag +90 3; 
tread
'Tree with tags' 
(0 (((1 (13 14 ))(((2 3 )(((4 5 )(6 7 ))(8 (9 (10 (11 12 ))))))((17 (15 16 ))(18 (19 ((20 21 )((22 23 )(24 25 ))))))))((27 (26 (28 (29 30 ))))(39 ((31 (((32 33 )(34 35 ))(36 (37 38 ))))((40 41 )(43 (42 ((44 45 )(46 47 )))))))))); 
ttag *!; 
ttag +0 ////; 
ttag +1 ////; 
ttag +2 ////; 
ttag +3 ////; 
ttag +4 ////; 
ttag +5 ////; 
ttag +6 ////; 
ttag +7 ////; 
ttag +8 ////; 
ttag +9 ////; 
ttag +10 ////; 
ttag +11 ////; 
ttag +12 ////; 
ttag +13 ////; 
ttag +14 ////; 
ttag +15 ////; 
ttag +16 ////; 
ttag +17 ////; 
ttag +18 ////; 
ttag +19 ////; 
ttag +20 ////; 
ttag +21 ////; 
ttag +22 ////; 
ttag +23 ////; 
ttag +24 ////; 
ttag +25 ////; 
ttag +26 ////; 
ttag +27 ////; 
ttag +28 ////; 
ttag +29 ////; 
ttag +30 ////; 
ttag +31 ////; 
ttag +32 ////; 
ttag +33 ////; 
ttag +34 ////; 
ttag +35 ////; 
ttag +36 ////; 
ttag +37 ////; 
ttag +38 ////; 
ttag +39 ////; 
ttag +40 ////; 
ttag +41 ////; 
ttag +42 ////; 
ttag +43 ////; 
ttag +44 ////; 
ttag +45 ////; 
ttag +46 ////; 
ttag +47 ////; 
ttag +48 ////; 
ttag +49 28/5/9/6/8; 
ttag +50 22/0/5/4/2; 
ttag +51 100/100/100/100/100; 
ttag +52 100/100/100/100/98; 
ttag +53 100/100/99/100/96; 
ttag +54 44/22/22/26/28; 
ttag +55 100/100/97/100/100; 
ttag +56 96/94/91/95/88; 
ttag +57 76/69/62/74/66; 
ttag +58 48/18/12/30/10; 
ttag +59 48/39/32/43/31; 
ttag +60 27/17/5/16/12; 
ttag +61 89/86/80/89/80; 
ttag +62 100/100/100/100/100; 
ttag +63 100/100/100/100/99; 
ttag +64 100/100/98/100/97; 
ttag +65 56/45/35/48/44; 
ttag +66 99/99/97/100/96; 
ttag +67 98/97/98/99/96; 
ttag +68 90/86/75/88/72; 
ttag +69 97/97/96/98/98; 
ttag +70 98/98/97/99/94; 
ttag +71 100/100/98/100/99; 
ttag +72 97/95/98/98/93; 
ttag +73 91/87/77/88/74; 
ttag +74 32/6/2/8/12; 
ttag +75 94/92/89/92/90; 
ttag +76 98/98/96/95/94; 
ttag +77 58/30/34/37/39; 
ttag +78 100/100/99/100/98; 
ttag +79 99/99/99/99/98; 
ttag +80 57/36/29/38/32; 
ttag +81 99/98/98/100/97; 
ttag +82 98/98/98/98/97; 
ttag +83 0/[5]/?/?/?; 
ttag +84 98/98/97/97/97; 
ttag +85 78/72/70/71/68; 
ttag +86 100/100/100/100/100; 
ttag +87 100/100/100/100/100; 
ttag +88 98/98/97/98/97; 
ttag +89 94/91/85/88/78; 
ttag +90 54/24/8/22/9; 
ttag +91 78/69/72/80/74; 
ttag +92 99/99/96/98/95; 
ttag +93 95/93/81/94/87; 
ttag +94 87/84/71/85/74; 
