tread
'Tree with tags' 
(0 (1 ((((2 3 )((4 5 )(6 7 ))(8 9 )(10 (11 12 )))(13 14 ))(((15 16 )(17 (18 (19 ((20 21 )((22 23 )(24 25 )))))))((26 (27 (28 (29 30 ))))((31 (((32 33 )(36 (37 38 )))(34 35 )))(39 ((40 41 )(42 (43 (46 (47 (44 45 ))))))))))))); 
ttag *!; 
ttag +49 ???; 
ttag +50 5; 
ttag +51 7; 
ttag +52 2; 
ttag +53 2; 
ttag +54 8; 
ttag +55 8; 
ttag +56 2; 
ttag +57 2; 
ttag +58 4; 
ttag +59 7; 
ttag +60 10; 
ttag +61 10; 
ttag +62 3; 
ttag +63 1; 
ttag +64 4; 
ttag +65 5; 
ttag +66 3; 
ttag +67 6; 
ttag +68 9; 
ttag +69 6; 
ttag +70 10; 
ttag +71 7; 
ttag +72 6; 
ttag +73 8; 
ttag +74 1; 
ttag +75 7; 
ttag +76 14; 
ttag +77 6; 
ttag +78 7; 
ttag +79 4; 
ttag +80 1; 
ttag +81 3; 
ttag +82 3; 
ttag +83 8; 
ttag +84 10; 
ttag +85 3; 
ttag +86 3; 
ttag +87 9; 
ttag +88 10; 
ttag +89 3; 
ttag +90 5; 
ttag +91 1; 
ttag +92 2; 
tread
'Tree with tags' 
(0 (1 ((((((2 3 )((4 5 )(6 7 )))(8 9 ))(10 (11 12 )))(13 14 ))(((15 16 )(17 (18 (19 ((20 21 )((22 23 )(24 25 )))))))((26 (27 (28 (29 30 ))))((31 (((32 33 )(36 (37 38 )))(34 35 )))(39 ((40 41 )(42 (43 (46 (47 (44 45 ))))))))))))); 
ttag *!; 
ttag +0 ////; 
ttag +1 ////; 
ttag +2 ////; 
ttag +3 ////; 
ttag +4 ////; 
ttag +5 ////; 
ttag +6 ////; 
ttag +7 ////; 
ttag +8 ////; 
ttag +9 ////; 
ttag +10 ////; 
ttag +11 ////; 
ttag +12 ////; 
ttag +13 ////; 
ttag +14 ////; 
ttag +15 ////; 
ttag +16 ////; 
ttag +17 ////; 
ttag +18 ////; 
ttag +19 ////; 
ttag +20 ////; 
ttag +21 ////; 
ttag +22 ////; 
ttag +23 ////; 
ttag +24 ////; 
ttag +25 ////; 
ttag +26 ////; 
ttag +27 ////; 
ttag +28 ////; 
ttag +29 ////; 
ttag +30 ////; 
ttag +31 ////; 
ttag +32 ////; 
ttag +33 ////; 
ttag +34 ////; 
ttag +35 ////; 
ttag +36 ////; 
ttag +37 ////; 
ttag +38 ////; 
ttag +39 ////; 
ttag +40 ////; 
ttag +41 ////; 
ttag +42 ////; 
ttag +43 ////; 
ttag +44 ////; 
ttag +45 ////; 
ttag +46 ////; 
ttag +47 ////; 
ttag +48 ////; 
ttag +49 100/100/100/100/100; 
ttag +50 96/94/89/93/83; 
ttag +51 37/[2]/?/?/0; 
ttag +52 21/[23]/?/?/?; 
ttag +53 97/97/97/99/98; 
ttag +54 48/32/16/35/20; 
ttag +55 56/42/26/45/35; 
ttag +56 100/100/100/100/100; 
ttag +57 100/100/98/100/98; 
ttag +58 77/72/64/70/67; 
ttag +59 78/76/70/78/71; 
ttag +60 90/89/86/95/86; 
ttag +61 100/100/99/99/100; 
ttag +62 99/99/100/100/100; 
ttag +63 100/100/100/100/100; 
ttag +64 58/47/37/53/42; 
ttag +65 29/21/12/28/15; 
ttag +66 89/88/84/90/83; 
ttag +67 95/94/90/97/86; 
ttag +68 84/77/63/78/66; 
ttag +69 100/100/100/100/99; 
ttag +70 100/100/98/100/97; 
ttag +71 99/99/99/99/98; 
ttag +72 100/100/99/100/98; 
ttag +73 99/99/98/99/94; 
ttag +74 97/97/94/95/90; 
ttag +75 99/98/94/96/96; 
ttag +76 52/33/27/39/21; 
ttag +77 100/100/99/99/99; 
ttag +78 100/100/100/100/100; 
ttag +79 98/98/95/98/96; 
ttag +80 93/90/89/96/86; 
ttag +81 94/91/88/95/85; 
ttag +82 53/41/29/38/34; 
ttag +83 79/67/56/68/58; 
ttag +84 89/86/80/84/83; 
ttag +85 99/99/98/100/98; 
ttag +86 100/100/100/100/100; 
ttag +87 85/83/77/90/83; 
ttag +88 92/91/82/89/81; 
ttag +89 100/100/99/100/99; 
ttag +90 99/99/99/100/99; 
ttag +91 92/92/87/95/88; 
ttag +92 96/95/90/96/92; 
ttag +93 44/23/17/30/14; 
ttag +94 58/51/46/58/39; 
