tread
'Tree with tags' 
(0 (1 ((2 3 )(((4 5 )(6 7 ))((8 9 )(10 (11 12 )))))(13 14 )((15 16 )(17 (18 (19 ((20 21 )((22 23 )(24 25 )))))))((26 (27 (28 (29 30 ))))((31 ((32 33 )((34 35 )(36 (37 38 )))))(39 (41 (40 (42 (43 ((44 45 )(46 47 ))))))))))); 
ttag *!; 
ttag +49 ???; 
ttag +50 6; 
ttag +51 7; 
ttag +52 12; 
ttag +53 8; 
ttag +54 1; 
ttag +55 3; 
ttag +56 3; 
ttag +57 1; 
ttag +58 4; 
ttag +59 7; 
ttag +60 2; 
ttag +61 12; 
ttag +62 3; 
ttag +63 1; 
ttag +64 2; 
ttag +65 1; 
ttag +66 12; 
ttag +67 8; 
ttag +68 14; 
ttag +69 4; 
ttag +70 2; 
ttag +71 1; 
ttag +72 10; 
ttag +73 4; 
ttag +74 6; 
ttag +75 6; 
ttag +76 4; 
ttag +77 3; 
ttag +78 5; 
ttag +79 4; 
ttag +80 1; 
ttag +81 1; 
ttag +82 11; 
ttag +83 6; 
ttag +84 2; 
ttag +85 2; 
ttag +86 6; 
ttag +87 3; 
ttag +88 8; 
ttag +89 6; 
ttag +90 6; 
ttag +91 2; 
tread
'Tree with tags' 
(0 (((1 (13 14 ))((2 3 )(((4 5 )(6 7 ))((8 9 )(10 (11 12 ))))))(((15 16 )(17 (18 (19 ((20 21 )((22 23 )(24 25 )))))))((26 (27 (28 (29 30 ))))((31 ((32 33 )((34 35 )(36 (37 38 )))))(39 (41 (40 (42 (43 ((44 45 )(46 47 )))))))))))); 
ttag *!; 
ttag +0 ////; 
ttag +1 ////; 
ttag +2 ////; 
ttag +3 ////; 
ttag +4 ////; 
ttag +5 ////; 
ttag +6 ////; 
ttag +7 ////; 
ttag +8 ////; 
ttag +9 ////; 
ttag +10 ////; 
ttag +11 ////; 
ttag +12 ////; 
ttag +13 ////; 
ttag +14 ////; 
ttag +15 ////; 
ttag +16 ////; 
ttag +17 ////; 
ttag +18 ////; 
ttag +19 ////; 
ttag +20 ////; 
ttag +21 ////; 
ttag +22 ////; 
ttag +23 ////; 
ttag +24 ////; 
ttag +25 ////; 
ttag +26 ////; 
ttag +27 ////; 
ttag +28 ////; 
ttag +29 ////; 
ttag +30 ////; 
ttag +31 ////; 
ttag +32 ////; 
ttag +33 ////; 
ttag +34 ////; 
ttag +35 ////; 
ttag +36 ////; 
ttag +37 ////; 
ttag +38 ////; 
ttag +39 ////; 
ttag +40 ////; 
ttag +41 ////; 
ttag +42 ////; 
ttag +43 ////; 
ttag +44 ////; 
ttag +45 ////; 
ttag +46 ////; 
ttag +47 ////; 
ttag +48 ////; 
ttag +49 8/[20]/?/?/?; 
ttag +50 16/[12]/?/?/?; 
ttag +51 100/100/100/100/100; 
ttag +52 96/96/94/96/92; 
ttag +53 97/96/93/97/89; 
ttag +54 100/100/100/100/100; 
ttag +55 97/97/91/98/87; 
ttag +56 46/32/24/36/24; 
ttag +57 78/70/60/71/54; 
ttag +58 70/61/58/68/55; 
ttag +59 40/27/18/30/18; 
ttag +60 77/64/63/74/53; 
ttag +61 99/99/98/98/96; 
ttag +62 82/77/60/77/63; 
ttag +63 100/100/100/100/100; 
ttag +64 75/67/59/72/61; 
ttag +65 32/4/0/6/4; 
ttag +66 56/42/23/37/22; 
ttag +67 61/52/47/49/43; 
ttag +68 45/36/20/32/20; 
ttag +69 100/100/100/100/100; 
ttag +70 98/98/98/100/95; 
ttag +71 100/100/100/100/100; 
ttag +72 94/93/86/92/85; 
ttag +73 67/54/45/56/38; 
ttag +74 68/58/54/61/56; 
ttag +75 100/100/100/100/100; 
ttag +76 94/93/77/93/80; 
ttag +77 98/97/93/99/84; 
ttag +78 99/99/94/98/98; 
ttag +79 90/90/78/91/86; 
ttag +80 80/68/56/75/57; 
ttag +81 95/94/95/99/94; 
ttag +82 88/86/88/92/87; 
ttag +83 52/45/37/42/37; 
ttag +84 61/37/43/40/44; 
ttag +85 100/100/100/100/100; 
ttag +86 96/95/93/98/94; 
ttag +87 71/62/46/66/51; 
ttag +88 81/72/57/76/59; 
ttag +89 95/93/85/94/87; 
ttag +90 94/93/85/92/84; 
ttag +91 97/96/93/98/95; 
ttag +92 98/98/96/99/91; 
ttag +93 98/97/94/100/94; 
ttag +94 80/75/63/80/68; 
