tread
'Tree with tags' 
(0 (1 ((2 3 )((7 (6 (4 5 )))((8 9 )(10 (11 12 )))))(13 14 )((17 (15 16 ))(18 (19 ((20 21 )((22 23 )(24 25 ))))))((26 (27 (28 (29 30 ))))((31 (((32 33 )(36 (37 38 )))(34 35 )))(39 ((40 41 )(42 (43 ((44 45 )(46 47 )))))))))); 
ttag *!; 
ttag +49 ???; 
ttag +50 2; 
ttag +51 11; 
ttag +52 5; 
ttag +53 6; 
ttag +54 6; 
ttag +55 2; 
ttag +56 1; 
ttag +57 2; 
ttag +58 2; 
ttag +59 8; 
ttag +60 9; 
ttag +61 7; 
ttag +62 1; 
ttag +63 6; 
ttag +64 6; 
ttag +65 2; 
ttag +66 6; 
ttag +67 6; 
ttag +68 9; 
ttag +69 5; 
ttag +70 3; 
ttag +71 7; 
ttag +72 3; 
ttag +73 4; 
ttag +74 12; 
ttag +75 5; 
ttag +76 4; 
ttag +77 4; 
ttag +78 3; 
ttag +79 2; 
ttag +80 5; 
ttag +81 3; 
ttag +82 10; 
ttag +83 6; 
ttag +84 1; 
ttag +85 2; 
ttag +86 4; 
ttag +87 10; 
ttag +88 2; 
ttag +89 4; 
ttag +90 7; 
ttag +91 9; 
tread
'Tree with tags' 
(0 ((1 ((((2 3 )((7 (6 (4 5 )))((8 9 )(10 (11 12 )))))((26 (27 (28 (29 30 ))))((31 (((32 33 )(36 (37 38 )))(34 35 )))(39 ((40 41 )(42 (43 ((44 45 )(46 47 )))))))))(13 14 )))((17 (15 16 ))(18 (19 ((20 21 )((22 23 )(24 25 )))))))); 
ttag *!; 
ttag +0 ////; 
ttag +1 ////; 
ttag +2 ////; 
ttag +3 ////; 
ttag +4 ////; 
ttag +5 ////; 
ttag +6 ////; 
ttag +7 ////; 
ttag +8 ////; 
ttag +9 ////; 
ttag +10 ////; 
ttag +11 ////; 
ttag +12 ////; 
ttag +13 ////; 
ttag +14 ////; 
ttag +15 ////; 
ttag +16 ////; 
ttag +17 ////; 
ttag +18 ////; 
ttag +19 ////; 
ttag +20 ////; 
ttag +21 ////; 
ttag +22 ////; 
ttag +23 ////; 
ttag +24 ////; 
ttag +25 ////; 
ttag +26 ////; 
ttag +27 ////; 
ttag +28 ////; 
ttag +29 ////; 
ttag +30 ////; 
ttag +31 ////; 
ttag +32 ////; 
ttag +33 ////; 
ttag +34 ////; 
ttag +35 ////; 
ttag +36 ////; 
ttag +37 ////; 
ttag +38 ////; 
ttag +39 ////; 
ttag +40 ////; 
ttag +41 ////; 
ttag +42 ////; 
ttag +43 ////; 
ttag +44 ////; 
ttag +45 ////; 
ttag +46 ////; 
ttag +47 ////; 
ttag +48 ////; 
ttag +49 20/[5]/?/?/?; 
ttag +50 100/100/100/100/100; 
ttag +51 76/67/56/64/55; 
ttag +52 99/99/98/100/99; 
ttag +53 34/8/9/4/14; 
ttag +54 27/1/5/?/12; 
ttag +55 97/97/97/96/93; 
ttag +56 94/93/86/96/84; 
ttag +57 94/93/83/94/84; 
ttag +58 64/54/52/65/56; 
ttag +59 39/24/17/29/16; 
ttag +60 63/53/46/56/50; 
ttag +61 42/24/15/27/18; 
ttag +62 100/100/99/100/98; 
ttag +63 99/99/99/99/98; 
ttag +64 99/99/94/99/96; 
ttag +65 53/38/32/44/31; 
ttag +66 96/94/93/96/88; 
ttag +67 97/96/96/97/94; 
ttag +68 82/78/58/76/68; 
ttag +69 98/96/94/98/96; 
ttag +70 98/96/92/99/93; 
ttag +71 100/100/99/100/99; 
ttag +72 100/100/96/98/96; 
ttag +73 81/72/61/77/57; 
ttag +74 100/100/98/100/98; 
ttag +75 64/52/40/55/39; 
ttag +76 95/94/87/94/87; 
ttag +77 100/100/100/100/100; 
ttag +78 98/98/96/98/97; 
ttag +79 96/96/91/93/94; 
ttag +80 87/82/78/85/78; 
ttag +81 86/81/74/82/78; 
ttag +82 74/68/64/66/62; 
ttag +83 94/93/86/94/80; 
ttag +84 97/97/94/96/92; 
ttag +85 99/99/98/100/98; 
ttag +86 97/97/94/99/94; 
ttag +87 50/40/30/32/22; 
ttag +88 73/63/56/67/59; 
ttag +89 78/72/67/77/63; 
ttag +90 99/99/97/98/99; 
ttag +91 68/56/37/58/49; 
ttag +92 91/89/86/94/87; 
ttag +93 99/99/96/98/95; 
ttag +94 99/99/99/100/99; 
