tread
'Tree with tags' 
(0 ((((1 ((26 27 (28 (29 30 )))(39 (31 ((32 33 )(34 35 )(36 (37 38 ))))((40 41 )(42 (43 ((44 45 )(46 47 ))))))))((2 3 )(((4 5 )(6 7 ))(8 9 (10 (11 12 ))))))((15 16 )(17 (18 19 ((20 21 )((22 23 )(24 25 )))))))(13 14 ))); 
ttag *!; 
ttag +49 1; 
ttag +50 1; 
ttag +51 1; 
ttag +52 ???; 
ttag +53 10; 
ttag +54 10; 
ttag +55 6; 
ttag +56 3; 
ttag +57 1; 
ttag +58 2; 
ttag +59 2; 
ttag +60 8; 
ttag +61 10; 
ttag +62 13; 
ttag +63 9; 
ttag +64 3; 
ttag +65 2; 
ttag +66 4; 
ttag +67 8; 
ttag +68 4; 
ttag +69 11; 
ttag +70 2; 
ttag +71 7; 
ttag +72 2; 
ttag +73 6; 
ttag +74 2; 
ttag +75 12; 
ttag +76 4; 
ttag +77 5; 
ttag +78 5; 
ttag +79 5; 
ttag +80 1; 
ttag +81 8; 
ttag +82 11; 
ttag +83 3; 
ttag +84 3; 
ttag +85 6; 
ttag +86 2; 
ttag +87 11; 
ttag +88 5; 
ttag +89 6; 
tread
'Tree with tags' 
(0 ((((1 (((26 27 )(28 (29 30 )))(39 ((31 ((32 33 )((34 35 )(36 (37 38 )))))((40 41 )(42 (43 ((44 45 )(46 47 )))))))))((2 3 )(((4 5 )(6 7 ))((8 9 )(10 (11 12 ))))))((15 16 )(17 (18 (19 ((20 21 )((22 23 )(24 25 ))))))))(13 14 ))); 
ttag *!; 
ttag +0 ////; 
ttag +1 ////; 
ttag +2 ////; 
ttag +3 ////; 
ttag +4 ////; 
ttag +5 ////; 
ttag +6 ////; 
ttag +7 ////; 
ttag +8 ////; 
ttag +9 ////; 
ttag +10 ////; 
ttag +11 ////; 
ttag +12 ////; 
ttag +13 ////; 
ttag +14 ////; 
ttag +15 ////; 
ttag +16 ////; 
ttag +17 ////; 
ttag +18 ////; 
ttag +19 ////; 
ttag +20 ////; 
ttag +21 ////; 
ttag +22 ////; 
ttag +23 ////; 
ttag +24 ////; 
ttag +25 ////; 
ttag +26 ////; 
ttag +27 ////; 
ttag +28 ////; 
ttag +29 ////; 
ttag +30 ////; 
ttag +31 ////; 
ttag +32 ////; 
ttag +33 ////; 
ttag +34 ////; 
ttag +35 ////; 
ttag +36 ////; 
ttag +37 ////; 
ttag +38 ////; 
ttag +39 ////; 
ttag +40 ////; 
ttag +41 ////; 
ttag +42 ////; 
ttag +43 ////; 
ttag +44 ////; 
ttag +45 ////; 
ttag +46 ////; 
ttag +47 ////; 
ttag +48 ////; 
ttag +49 32/4/?/4/?; 
ttag +50 32/22/7/21/0; 
ttag +51 40/30/19/30/16; 
ttag +52 100/100/100/100/100; 
ttag +53 99/99/100/99/99; 
ttag +54 100/100/96/100/96; 
ttag +55 98/97/96/98/96; 
ttag +56 87/85/80/91/75; 
ttag +57 53/22/28/22/31; 
ttag +58 63/41/41/57/43; 
ttag +59 23/[28]/?/?/?; 
ttag +60 68/63/60/67/48; 
ttag +61 99/99/97/99/98; 
ttag +62 100/100/100/100/100; 
ttag +63 100/100/100/100/100; 
ttag +64 100/100/98/100/98; 
ttag +65 78/74/55/72/51; 
ttag +66 76/72/55/71/57; 
ttag +67 82/80/61/84/63; 
ttag +68 29/3/?/2/6; 
ttag +69 100/100/100/100/100; 
ttag +70 91/89/72/94/78; 
ttag +71 100/100/99/99/100; 
ttag +72 70/66/42/71/46; 
ttag +73 99/99/96/96/97; 
ttag +74 21/[2]/?/?/?; 
ttag +75 66/52/42/59/47; 
ttag +76 96/95/89/96/87; 
ttag +77 76/62/47/66/55; 
ttag +78 100/100/100/100/100; 
ttag +79 88/87/79/91/79; 
ttag +80 32/0/?/?/?; 
ttag +81 92/90/86/94/84; 
ttag +82 98/98/95/98/93; 
ttag +83 98/98/94/98/93; 
ttag +84 59/40/39/35/36; 
ttag +85 7/[15]/?/?/?; 
ttag +86 100/100/98/100/98; 
ttag +87 100/100/100/100/98; 
ttag +88 96/96/85/95/88; 
ttag +89 87/82/75/85/73; 
ttag +90 97/96/93/98/92; 
ttag +91 78/72/64/70/70; 
ttag +92 99/99/100/100/99; 
ttag +93 96/95/87/97/89; 
ttag +94 100/100/98/100/98; 
