tread
'Tree with tags' 
(0 (1 (((2 3 )(((4 5 )(6 7 ))(8 9 (10 (11 12 )))))(((13 14 )((26 (27 (28 (29 30 ))))(39 (31 ((32 33 )(34 35 )(36 (37 38 ))))((40 41 )(42 43 ((44 45 )(46 47 )))))))((15 16 )(17 (18 (19 ((20 21 )((22 23 )(24 25 ))))))))))); 
ttag *!; 
ttag +49 ???; 
ttag +50 8; 
ttag +51 3; 
ttag +52 1; 
ttag +53 6; 
ttag +54 5; 
ttag +55 1; 
ttag +56 2; 
ttag +57 3; 
ttag +58 4; 
ttag +59 9; 
ttag +60 10; 
ttag +61 2; 
ttag +62 2; 
ttag +63 7; 
ttag +64 7; 
ttag +65 2; 
ttag +66 5; 
ttag +67 1; 
ttag +68 5; 
ttag +69 3; 
ttag +70 2; 
ttag +71 4; 
ttag +72 1; 
ttag +73 7; 
ttag +74 8; 
ttag +75 2; 
ttag +76 5; 
ttag +77 6; 
ttag +78 7; 
ttag +79 3; 
ttag +80 4; 
ttag +81 1; 
ttag +82 3; 
ttag +83 9; 
ttag +84 12; 
ttag +85 2; 
ttag +86 7; 
ttag +87 4; 
ttag +88 1; 
ttag +89 11; 
ttag +90 8; 
tread
'Tree with tags' 
(0 (1 (((2 3 )(((4 5 )(6 7 ))(9 (8 (10 (11 12 ))))))(((13 14 )((26 (27 (28 (29 30 ))))((31 (((32 33 )(34 35 ))(36 (37 38 ))))(39 ((40 41 )(42 (43 ((44 45 )(46 47 )))))))))((15 16 )(17 (18 (19 ((20 21 )((22 23 )(24 25 ))))))))))); 
ttag *!; 
ttag +0 ////; 
ttag +1 ////; 
ttag +2 ////; 
ttag +3 ////; 
ttag +4 ////; 
ttag +5 ////; 
ttag +6 ////; 
ttag +7 ////; 
ttag +8 ////; 
ttag +9 ////; 
ttag +10 ////; 
ttag +11 ////; 
ttag +12 ////; 
ttag +13 ////; 
ttag +14 ////; 
ttag +15 ////; 
ttag +16 ////; 
ttag +17 ////; 
ttag +18 ////; 
ttag +19 ////; 
ttag +20 ////; 
ttag +21 ////; 
ttag +22 ////; 
ttag +23 ////; 
ttag +24 ////; 
ttag +25 ////; 
ttag +26 ////; 
ttag +27 ////; 
ttag +28 ////; 
ttag +29 ////; 
ttag +30 ////; 
ttag +31 ////; 
ttag +32 ////; 
ttag +33 ////; 
ttag +34 ////; 
ttag +35 ////; 
ttag +36 ////; 
ttag +37 ////; 
ttag +38 ////; 
ttag +39 ////; 
ttag +40 ////; 
ttag +41 ////; 
ttag +42 ////; 
ttag +43 ////; 
ttag +44 ////; 
ttag +45 ////; 
ttag +46 ////; 
ttag +47 ////; 
ttag +48 ////; 
ttag +49 100/100/100/100/100; 
ttag +50 100/100/96/99/98; 
ttag +51 78/76/72/79/71; 
ttag +52 29/15/24/28/21; 
ttag +53 96/95/93/96/90; 
ttag +54 86/85/78/86/75; 
ttag +55 44/19/25/24/14; 
ttag +56 61/38/34/39/26; 
ttag +57 28/1/?/6/8; 
ttag +58 75/67/50/58/50; 
ttag +59 93/92/85/94/90; 
ttag +60 99/99/99/100/98; 
ttag +61 100/100/100/100/100; 
ttag +62 61/50/36/58/37; 
ttag +63 57/40/30/34/22; 
ttag +64 100/100/98/99/97; 
ttag +65 96/95/93/94/88; 
ttag +66 66/44/36/51/35; 
ttag +67 95/94/92/96/89; 
ttag +68 62/42/39/45/30; 
ttag +69 100/100/99/99/98; 
ttag +70 93/91/87/92/87; 
ttag +71 80/71/72/75/68; 
ttag +72 96/95/92/95/92; 
ttag +73 62/38/29/26/32; 
ttag +74 99/98/98/99/97; 
ttag +75 99/99/98/99/96; 
ttag +76 58/48/41/58/38; 
ttag +77 84/79/72/84/72; 
ttag +78 98/98/92/100/96; 
ttag +79 100/100/98/99/98; 
ttag +80 84/80/66/75/69; 
ttag +81 94/94/84/89/84; 
ttag +82 10/8/6/5/7; 
ttag +83 66/57/44/55/47; 
ttag +84 95/95/93/94/97; 
ttag +85 99/99/99/100/97; 
ttag +86 100/100/100/100/100; 
ttag +87 17/[15]/?/?/?; 
ttag +88 81/71/59/70/47; 
ttag +89 100/100/98/99/98; 
ttag +90 88/83/82/87/71; 
ttag +91 44/10/12/7/?; 
ttag +92 61/44/57/52/45; 
ttag +93 100/100/99/100/100; 
ttag +94 100/100/99/99/99; 
