tread
'Tree with tags' 
(0 ((1 ((13 14 )(((18 (17 (15 16 )))(19 ((20 21 )((22 23 )(24 25 )))))((26 (27 (28 (29 30 ))))(39 (31 (((32 33 )(34 35 ))(36 (37 38 ))))((40 41 )(42 (43 ((44 45 )(46 47 ))))))))))((2 3 )(((4 5 )(6 7 ))(9 (8 (10 (11 12 )))))))); 
ttag *!; 
ttag +49 1; 
ttag +50 ???; 
ttag +51 8; 
ttag +52 12; 
ttag +53 9; 
ttag +54 7; 
ttag +55 7; 
ttag +56 2; 
ttag +57 2; 
ttag +58 2; 
ttag +59 8; 
ttag +60 6; 
ttag +61 4; 
ttag +62 5; 
ttag +63 10; 
ttag +64 1; 
ttag +65 1; 
ttag +66 7; 
ttag +67 2; 
ttag +68 3; 
ttag +69 11; 
ttag +70 8; 
ttag +71 10; 
ttag +72 5; 
ttag +73 3; 
ttag +74 6; 
ttag +75 8; 
ttag +76 1; 
ttag +77 5; 
ttag +78 8; 
ttag +79 2; 
ttag +80 3; 
ttag +81 7; 
ttag +82 2; 
ttag +83 2; 
ttag +84 2; 
ttag +85 3; 
ttag +86 7; 
ttag +87 3; 
ttag +88 4; 
ttag +89 11; 
ttag +90 6; 
ttag +91 9; 
ttag +92 6; 
ttag +93 6; 
tread
'Tree with tags' 
(0 ((1 ((13 14 )(((18 (17 (15 16 )))(19 ((20 21 )((22 23 )(24 25 )))))((26 (27 (28 (29 30 ))))((31 (((32 33 )(34 35 ))(36 (37 38 ))))(39 ((40 41 )(42 (43 ((44 45 )(46 47 )))))))))))((2 3 )(((4 5 )(6 7 ))(9 (8 (10 (11 12 )))))))); 
ttag *!; 
ttag +0 ////; 
ttag +1 ////; 
ttag +2 ////; 
ttag +3 ////; 
ttag +4 ////; 
ttag +5 ////; 
ttag +6 ////; 
ttag +7 ////; 
ttag +8 ////; 
ttag +9 ////; 
ttag +10 ////; 
ttag +11 ////; 
ttag +12 ////; 
ttag +13 ////; 
ttag +14 ////; 
ttag +15 ////; 
ttag +16 ////; 
ttag +17 ////; 
ttag +18 ////; 
ttag +19 ////; 
ttag +20 ////; 
ttag +21 ////; 
ttag +22 ////; 
ttag +23 ////; 
ttag +24 ////; 
ttag +25 ////; 
ttag +26 ////; 
ttag +27 ////; 
ttag +28 ////; 
ttag +29 ////; 
ttag +30 ////; 
ttag +31 ////; 
ttag +32 ////; 
ttag +33 ////; 
ttag +34 ////; 
ttag +35 ////; 
ttag +36 ////; 
ttag +37 ////; 
ttag +38 ////; 
ttag +39 ////; 
ttag +40 ////; 
ttag +41 ////; 
ttag +42 ////; 
ttag +43 ////; 
ttag +44 ////; 
ttag +45 ////; 
ttag +46 ////; 
ttag +47 ////; 
ttag +48 ////; 
ttag +49 63/44/29/42/29; 
ttag +50 100/100/100/100/100; 
ttag +51 100/100/100/100/99; 
ttag +52 100/100/100/100/98; 
ttag +53 100/100/100/100/99; 
ttag +54 97/96/93/97/92; 
ttag +55 95/92/86/96/83; 
ttag +56 73/60/50/62/42; 
ttag +57 66/50/29/50/28; 
ttag +58 61/45/26/48/28; 
ttag +59 100/100/98/99/97; 
ttag +60 98/97/91/98/90; 
ttag +61 90/88/73/85/70; 
ttag +62 94/93/85/95/80; 
ttag +63 100/100/100/100/99; 
ttag +64 59/38/24/39/18; 
ttag +65 55/34/16/36/11; 
ttag +66 99/98/96/98/96; 
ttag +67 82/79/58/77/55; 
ttag +68 88/86/74/84/74; 
ttag +69 100/100/100/100/100; 
ttag +70 100/100/97/98/96; 
ttag +71 100/100/100/100/100; 
ttag +72 96/96/92/94/89; 
ttag +73 88/82/74/82/70; 
ttag +74 99/99/98/100/99; 
ttag +75 100/100/99/99/98; 
ttag +76 66/44/44/48/37; 
ttag +77 99/99/93/97/96; 
ttag +78 100/100/99/100/99; 
ttag +79 82/78/76/84/73; 
ttag +80 94/93/83/90/86; 
ttag +81 100/100/100/99/99; 
ttag +82 75/73/61/71/63; 
ttag +83 74/71/57/76/56; 
ttag +84 92/92/87/91/91; 
ttag +85 84/76/65/79/68; 
ttag +86 100/100/100/100/98; 
ttag +87 31/[4]/?/?/?; 
ttag +88 84/78/69/74/66; 
ttag +89 96/96/88/92/86; 
ttag +90 100/100/100/100/100; 
ttag +91 99/99/98/99/96; 
ttag +92 100/100/99/100/99; 
ttag +93 99/99/95/97/87; 
ttag +94 98/98/98/98/94; 
