tread
'Tree with tags' 
(0 ((1 ((2 3 )((((4 5 )(6 7 ))(10 (11 12 )))(8 9 ))))((13 14 )((15 16 )(17 (18 19 ((20 21 )((22 23 )(24 25 ))))))((26 (27 (28 (29 30 ))))(39 (31 ((32 33 )((34 35 )(36 (37 38 )))))((40 41 )((42 43 )(46 47 (44 45 ))))))))); 
ttag *!; 
ttag +49 1; 
ttag +50 ???; 
ttag +51 1; 
ttag +52 6; 
ttag +53 4; 
ttag +54 5; 
ttag +55 1; 
ttag +56 3; 
ttag +57 2; 
ttag +58 1; 
ttag +59 2; 
ttag +60 5; 
ttag +61 10; 
ttag +62 1; 
ttag +63 14; 
ttag +64 2; 
ttag +65 1; 
ttag +66 4; 
ttag +67 8; 
ttag +68 6; 
ttag +69 9; 
ttag +70 8; 
ttag +71 2; 
ttag +72 2; 
ttag +73 9; 
ttag +74 1; 
ttag +75 9; 
ttag +76 6; 
ttag +77 7; 
ttag +78 8; 
ttag +79 3; 
ttag +80 1; 
ttag +81 1; 
ttag +82 2; 
ttag +83 11; 
ttag +84 7; 
ttag +85 5; 
ttag +86 3; 
ttag +87 1; 
ttag +88 6; 
ttag +89 7; 
ttag +90 7; 
tread
'Tree with tags' 
(0 ((1 ((2 3 )((((4 5 )(6 7 ))(10 (11 12 )))(8 9 ))))(((13 14 )((26 (27 (28 (29 30 ))))((31 ((32 33 )((34 35 )(36 (37 38 )))))(39 ((40 41 )((42 43 )(46 (47 (44 45 )))))))))((15 16 )(17 (19 (18 ((20 21 )((22 23 )(24 25 )))))))))); 
ttag *!; 
ttag +0 ////; 
ttag +1 ////; 
ttag +2 ////; 
ttag +3 ////; 
ttag +4 ////; 
ttag +5 ////; 
ttag +6 ////; 
ttag +7 ////; 
ttag +8 ////; 
ttag +9 ////; 
ttag +10 ////; 
ttag +11 ////; 
ttag +12 ////; 
ttag +13 ////; 
ttag +14 ////; 
ttag +15 ////; 
ttag +16 ////; 
ttag +17 ////; 
ttag +18 ////; 
ttag +19 ////; 
ttag +20 ////; 
ttag +21 ////; 
ttag +22 ////; 
ttag +23 ////; 
ttag +24 ////; 
ttag +25 ////; 
ttag +26 ////; 
ttag +27 ////; 
ttag +28 ////; 
ttag +29 ////; 
ttag +30 ////; 
ttag +31 ////; 
ttag +32 ////; 
ttag +33 ////; 
ttag +34 ////; 
ttag +35 ////; 
ttag +36 ////; 
ttag +37 ////; 
ttag +38 ////; 
ttag +39 ////; 
ttag +40 ////; 
ttag +41 ////; 
ttag +42 ////; 
ttag +43 ////; 
ttag +44 ////; 
ttag +45 ////; 
ttag +46 ////; 
ttag +47 ////; 
ttag +48 ////; 
ttag +49 58/40/51/46/44; 
ttag +50 100/100/100/100/100; 
ttag +51 73/60/47/46/44; 
ttag +52 100/100/98/99/98; 
ttag +53 95/93/94/93/82; 
ttag +54 95/94/90/98/93; 
ttag +55 29/8/4/4/?; 
ttag +56 79/74/73/78/66; 
ttag +57 77/74/64/74/61; 
ttag +58 52/48/44/55/45; 
ttag +59 84/81/71/87/81; 
ttag +60 98/98/94/98/97; 
ttag +61 100/100/100/100/100; 
ttag +62 26/[6]/?/?/?; 
ttag +63 55/38/50/44/43; 
ttag +64 100/100/100/100/100; 
ttag +65 75/70/51/71/61; 
ttag +66 54/32/29/40/27; 
ttag +67 17/[35]/?/?/?; 
ttag +68 97/97/94/97/91; 
ttag +69 100/100/100/100/100; 
ttag +70 98/98/97/99/98; 
ttag +71 99/99/98/99/99; 
ttag +72 100/100/98/99/100; 
ttag +73 83/80/73/76/72; 
ttag +74 82/76/61/75/57; 
ttag +75 99/99/98/98/96; 
ttag +76 58/45/26/43/20; 
ttag +77 100/100/99/100/98; 
ttag +78 99/99/99/100/99; 
ttag +79 99/99/98/100/100; 
ttag +80 98/98/95/99/94; 
ttag +81 83/79/76/84/75; 
ttag +82 52/39/31/44/40; 
ttag +83 73/73/58/65/61; 
ttag +84 75/71/71/76/65; 
ttag +85 100/100/99/100/99; 
ttag +86 100/100/99/99/99; 
ttag +87 25/[6]/?/?/?; 
ttag +88 95/93/92/98/92; 
ttag +89 94/91/83/92/78; 
ttag +90 64/64/64/63/56; 
ttag +91 98/98/98/98/95; 
ttag +92 99/99/98/98/97; 
ttag +93 30/[5]/2/?/?; 
ttag +94 98/98/98/99/97; 
