tread
'Tree with tags' 
(0 ((1 ((2 3 )((4 5 (6 7 ))(8 (9 (10 (11 12 )))))))(((13 14 )((17 (15 16 ))(18 (19 ((20 21 )((22 23 )(24 25 )))))))((26 (27 (28 (29 30 ))))((39 (31 ((32 33 )((34 35 )(36 (37 38 ))))))((40 41 )(42 (43 (47 (46 (44 45 ))))))))))); 
ttag *!; 
ttag +49 1; 
ttag +50 ???; 
ttag +51 7; 
ttag +52 2; 
ttag +53 7; 
ttag +54 1; 
ttag +55 1; 
ttag +56 2; 
ttag +57 1; 
ttag +58 5; 
ttag +59 11; 
ttag +60 8; 
ttag +61 2; 
ttag +62 2; 
ttag +63 17; 
ttag +64 4; 
ttag +65 11; 
ttag +66 4; 
ttag +67 3; 
ttag +68 8; 
ttag +69 11; 
ttag +70 11; 
ttag +71 2; 
ttag +72 4; 
ttag +73 3; 
ttag +74 9; 
ttag +75 3; 
ttag +76 2; 
ttag +77 10; 
ttag +78 6; 
ttag +79 2; 
ttag +80 4; 
ttag +81 8; 
ttag +82 7; 
ttag +83 1; 
ttag +84 1; 
ttag +85 11; 
ttag +86 11; 
ttag +87 3; 
ttag +88 6; 
ttag +89 7; 
ttag +90 5; 
ttag +91 7; 
ttag +92 2; 
ttag +93 4; 
tread
'Tree with tags' 
(0 ((1 ((2 3 )((5 (4 (6 7 )))(8 (9 (10 (11 12 )))))))(((13 14 )((17 (15 16 ))(18 (19 ((20 21 )((22 23 )(24 25 )))))))((26 (27 (28 (29 30 ))))((39 (31 ((32 33 )((34 35 )(36 (37 38 ))))))((40 41 )(42 (43 (47 (46 (44 45 ))))))))))); 
ttag *!; 
ttag +0 ////; 
ttag +1 ////; 
ttag +2 ////; 
ttag +3 ////; 
ttag +4 ////; 
ttag +5 ////; 
ttag +6 ////; 
ttag +7 ////; 
ttag +8 ////; 
ttag +9 ////; 
ttag +10 ////; 
ttag +11 ////; 
ttag +12 ////; 
ttag +13 ////; 
ttag +14 ////; 
ttag +15 ////; 
ttag +16 ////; 
ttag +17 ////; 
ttag +18 ////; 
ttag +19 ////; 
ttag +20 ////; 
ttag +21 ////; 
ttag +22 ////; 
ttag +23 ////; 
ttag +24 ////; 
ttag +25 ////; 
ttag +26 ////; 
ttag +27 ////; 
ttag +28 ////; 
ttag +29 ////; 
ttag +30 ////; 
ttag +31 ////; 
ttag +32 ////; 
ttag +33 ////; 
ttag +34 ////; 
ttag +35 ////; 
ttag +36 ////; 
ttag +37 ////; 
ttag +38 ////; 
ttag +39 ////; 
ttag +40 ////; 
ttag +41 ////; 
ttag +42 ////; 
ttag +43 ////; 
ttag +44 ////; 
ttag +45 ////; 
ttag +46 ////; 
ttag +47 ////; 
ttag +48 ////; 
ttag +49 32/22/20/26/15; 
ttag +50 100/100/100/100/100; 
ttag +51 97/96/93/97/94; 
ttag +52 77/70/64/70/58; 
ttag +53 18/[29]/?/?/?; 
ttag +54 99/98/98/99/98; 
ttag +55 65/50/48/57/45; 
ttag +56 42/20/21/28/12; 
ttag +57 66/57/42/55/46; 
ttag +58 24/[6]/?/1/?; 
ttag +59 94/94/90/97/90; 
ttag +60 100/100/99/100/99; 
ttag +61 99/99/97/100/99; 
ttag +62 58/44/35/56/38; 
ttag +63 50/43/34/45/29; 
ttag +64 100/100/100/100/100; 
ttag +65 89/86/69/82/74; 
ttag +66 97/96/93/98/92; 
ttag +67 90/86/86/89/82; 
ttag +68 93/90/86/89/76; 
ttag +69 100/100/100/100/100; 
ttag +70 100/100/100/100/98; 
ttag +71 100/100/99/100/99; 
ttag +72 77/66/51/73/61; 
ttag +73 96/95/92/97/95; 
ttag +74 82/75/64/78/57; 
ttag +75 99/99/93/97/93; 
ttag +76 82/74/65/78/58; 
ttag +77 63/54/54/57/44; 
ttag +78 100/100/99/100/99; 
ttag +79 96/95/89/92/84; 
ttag +80 84/78/71/72/62; 
ttag +81 90/85/73/85/74; 
ttag +82 99/99/97/98/98; 
ttag +83 99/98/94/98/92; 
ttag +84 66/66/64/69/64; 
ttag +85 61/55/40/52/43; 
ttag +86 100/100/97/100/98; 
ttag +87 100/100/100/100/100; 
ttag +88 82/73/66/79/60; 
ttag +89 96/95/93/98/92; 
ttag +90 100/100/98/100/99; 
ttag +91 96/96/93/96/90; 
ttag +92 99/99/98/100/98; 
ttag +93 72/70/54/74/56; 
ttag +94 96/96/92/97/86; 
