tread
'Tree with tags' 
(0 ((1 (((2 3 )(((4 (5 (6 7 )))(8 9 ))(10 (11 12 ))))(13 14 )))((17 ((15 16 )(18 19 ((20 21 )((22 23 )(24 25 ))))))((26 (27 (28 (29 30 ))))((31 (((32 33 )(36 (37 38 )))(34 35 )))(39 ((40 41 )(42 (43 ((44 45 )(46 47 ))))))))))); 
ttag *!; 
ttag +49 1; 
ttag +50 ???; 
ttag +51 5; 
ttag +52 5; 
ttag +53 1; 
ttag +54 6; 
ttag +55 1; 
ttag +56 3; 
ttag +57 1; 
ttag +58 3; 
ttag +59 1; 
ttag +60 2; 
ttag +61 10; 
ttag +62 10; 
ttag +63 8; 
ttag +64 1; 
ttag +65 2; 
ttag +66 1; 
ttag +67 6; 
ttag +68 2; 
ttag +69 2; 
ttag +70 8; 
ttag +71 6; 
ttag +72 3; 
ttag +73 8; 
ttag +74 7; 
ttag +75 2; 
ttag +76 5; 
ttag +77 9; 
ttag +78 8; 
ttag +79 3; 
ttag +80 7; 
ttag +81 1; 
ttag +82 10; 
ttag +83 3; 
ttag +84 8; 
ttag +85 11; 
ttag +86 4; 
ttag +87 4; 
ttag +88 8; 
ttag +89 2; 
ttag +90 2; 
ttag +91 3; 
ttag +92 9; 
ttag +93 4; 
tread
'Tree with tags' 
(0 ((1 (((2 3 )(((4 (5 (6 7 )))(8 9 ))(10 (11 12 ))))(13 14 )))((17 ((15 16 )(18 (19 ((20 21 )((22 23 )(24 25 )))))))((26 (27 (28 (29 30 ))))((31 (((32 33 )(36 (37 38 )))(34 35 )))(39 ((40 41 )(42 (43 ((44 45 )(46 47 ))))))))))); 
ttag *!; 
ttag +0 ////; 
ttag +1 ////; 
ttag +2 ////; 
ttag +3 ////; 
ttag +4 ////; 
ttag +5 ////; 
ttag +6 ////; 
ttag +7 ////; 
ttag +8 ////; 
ttag +9 ////; 
ttag +10 ////; 
ttag +11 ////; 
ttag +12 ////; 
ttag +13 ////; 
ttag +14 ////; 
ttag +15 ////; 
ttag +16 ////; 
ttag +17 ////; 
ttag +18 ////; 
ttag +19 ////; 
ttag +20 ////; 
ttag +21 ////; 
ttag +22 ////; 
ttag +23 ////; 
ttag +24 ////; 
ttag +25 ////; 
ttag +26 ////; 
ttag +27 ////; 
ttag +28 ////; 
ttag +29 ////; 
ttag +30 ////; 
ttag +31 ////; 
ttag +32 ////; 
ttag +33 ////; 
ttag +34 ////; 
ttag +35 ////; 
ttag +36 ////; 
ttag +37 ////; 
ttag +38 ////; 
ttag +39 ////; 
ttag +40 ////; 
ttag +41 ////; 
ttag +42 ////; 
ttag +43 ////; 
ttag +44 ////; 
ttag +45 ////; 
ttag +46 ////; 
ttag +47 ////; 
ttag +48 ////; 
ttag +49 31/19/12/18/10; 
ttag +50 100/100/100/100/100; 
ttag +51 92/91/92/96/91; 
ttag +52 98/98/95/98/92; 
ttag +53 53/30/22/24/23; 
ttag +54 92/91/80/92/80; 
ttag +55 28/[2]/?/1/?; 
ttag +56 76/74/58/70/61; 
ttag +57 49/14/17/19/22; 
ttag +58 85/84/68/88/75; 
ttag +59 36/7/3/3/7; 
ttag +60 68/51/40/51/41; 
ttag +61 100/100/99/99/99; 
ttag +62 100/100/100/100/100; 
ttag +63 99/99/99/98/98; 
ttag +64 52/41/29/31/30; 
ttag +65 70/61/50/61/48; 
ttag +66 22/10/4/6/2; 
ttag +67 96/96/98/98/95; 
ttag +68 26/10/4/8/10; 
ttag +69 93/90/79/81/79; 
ttag +70 76/66/68/75/66; 
ttag +71 100/100/98/99/99; 
ttag +72 100/100/100/99/100; 
ttag +73 82/78/63/80/66; 
ttag +74 99/99/98/100/97; 
ttag +75 96/95/85/94/82; 
ttag +76 70/53/52/67/44; 
ttag +77 95/94/90/94/86; 
ttag +78 100/100/100/100/99; 
ttag +79 99/99/99/99/98; 
ttag +80 86/77/66/80/73; 
ttag +81 99/99/98/100/97; 
ttag +82 50/34/30/41/37; 
ttag +83 100/100/100/100/100; 
ttag +84 84/79/75/79/79; 
ttag +85 99/99/97/98/97; 
ttag +86 100/100/100/100/100; 
ttag +87 86/84/80/84/75; 
ttag +88 89/82/77/84/72; 
ttag +89 98/98/97/98/95; 
ttag +90 72/57/53/61/50; 
ttag +91 57/43/29/48/22; 
ttag +92 89/86/79/85/79; 
ttag +93 99/99/97/99/97; 
ttag +94 91/90/88/90/86; 
