tread
'Tree with tags' 
(0 (((1 (13 14 ))((26 (27 (28 (29 30 ))))((31 ((32 33 )((34 35 )(36 (37 38 )))))(39 ((40 41 )(42 (43 ((44 45 )(46 47 )))))))))(((8 (9 (2 3 )(10 (11 12 ))))(6 7 (4 5 )))((17 (15 16 ))(18 (19 ((20 21 )((22 23 )(24 25 ))))))))); 
ttag *!; 
ttag +49 1; 
ttag +50 1; 
ttag +51 ???; 
ttag +52 6; 
ttag +53 1; 
ttag +54 1; 
ttag +55 8; 
ttag +56 1; 
ttag +57 3; 
ttag +58 7; 
ttag +59 4; 
ttag +60 8; 
ttag +61 5; 
ttag +62 9; 
ttag +63 2; 
ttag +64 2; 
ttag +65 10; 
ttag +66 1; 
ttag +67 4; 
ttag +68 5; 
ttag +69 4; 
ttag +70 6; 
ttag +71 4; 
ttag +72 9; 
ttag +73 4; 
ttag +74 4; 
ttag +75 5; 
ttag +76 12; 
ttag +77 2; 
ttag +78 9; 
ttag +79 4; 
ttag +80 2; 
ttag +81 7; 
ttag +82 1; 
ttag +83 6; 
ttag +84 9; 
ttag +85 1; 
ttag +86 3; 
ttag +87 7; 
ttag +88 9; 
ttag +89 2; 
ttag +90 5; 
ttag +91 6; 
ttag +92 5; 
tread
'Tree with tags' 
(0 (((1 (13 14 ))((26 (27 (28 (29 30 ))))((31 ((32 33 )((34 35 )(36 (37 38 )))))(39 ((40 41 )(42 (43 ((44 45 )(46 47 )))))))))(((8 (9 ((2 3 )(10 (11 12 )))))((4 5 )(6 7 )))((17 (15 16 ))(18 (19 ((20 21 )((22 23 )(24 25 ))))))))); 
ttag *!; 
ttag +0 ////; 
ttag +1 ////; 
ttag +2 ////; 
ttag +3 ////; 
ttag +4 ////; 
ttag +5 ////; 
ttag +6 ////; 
ttag +7 ////; 
ttag +8 ////; 
ttag +9 ////; 
ttag +10 ////; 
ttag +11 ////; 
ttag +12 ////; 
ttag +13 ////; 
ttag +14 ////; 
ttag +15 ////; 
ttag +16 ////; 
ttag +17 ////; 
ttag +18 ////; 
ttag +19 ////; 
ttag +20 ////; 
ttag +21 ////; 
ttag +22 ////; 
ttag +23 ////; 
ttag +24 ////; 
ttag +25 ////; 
ttag +26 ////; 
ttag +27 ////; 
ttag +28 ////; 
ttag +29 ////; 
ttag +30 ////; 
ttag +31 ////; 
ttag +32 ////; 
ttag +33 ////; 
ttag +34 ////; 
ttag +35 ////; 
ttag +36 ////; 
ttag +37 ////; 
ttag +38 ////; 
ttag +39 ////; 
ttag +40 ////; 
ttag +41 ////; 
ttag +42 ////; 
ttag +43 ////; 
ttag +44 ////; 
ttag +45 ////; 
ttag +46 ////; 
ttag +47 ////; 
ttag +48 ////; 
ttag +49 23/5/2/12/10; 
ttag +50 30/12/14/16/18; 
ttag +51 100/100/100/100/100; 
ttag +52 98/98/98/98/98; 
ttag +53 17/[9]/?/?/?; 
ttag +54 26/0/?/5/?; 
ttag +55 35/8/4/16/9; 
ttag +56 98/96/94/97/89; 
ttag +57 36/17/17/23/20; 
ttag +58 87/80/75/80/82; 
ttag +59 98/98/97/99/97; 
ttag +60 40/[6]/?/?/?; 
ttag +61 95/94/91/96/90; 
ttag +62 100/100/100/100/100; 
ttag +63 98/98/95/98/97; 
ttag +64 99/99/98/100/100; 
ttag +65 66/61/43/62/57; 
ttag +66 80/77/68/78/68; 
ttag +67 100/100/100/100/100; 
ttag +68 72/63/62/60/64; 
ttag +69 99/99/98/98/98; 
ttag +70 100/100/95/99/96; 
ttag +71 90/86/74/88/80; 
ttag +72 96/95/91/97/86; 
ttag +73 95/93/88/95/92; 
ttag +74 100/100/98/100/97; 
ttag +75 96/95/90/94/88; 
ttag +76 91/90/78/94/76; 
ttag +77 99/99/95/98/96; 
ttag +78 100/100/100/100/100; 
ttag +79 81/77/67/76/71; 
ttag +80 99/98/94/99/96; 
ttag +81 95/94/91/94/92; 
ttag +82 77/72/71/78/74; 
ttag +83 99/99/99/100/99; 
ttag +84 54/38/29/48/32; 
ttag +85 98/98/96/98/95; 
ttag +86 100/100/99/99/98; 
ttag +87 58/44/42/46/43; 
ttag +88 81/76/63/72/70; 
ttag +89 97/96/89/98/90; 
ttag +90 100/100/99/100/99; 
ttag +91 70/56/50/65/49; 
ttag +92 98/98/94/98/97; 
ttag +93 98/96/90/98/95; 
ttag +94 100/100/96/98/96; 
