tread
'Tree with tags' 
(0 (1 ((2 3 )((6 7 (4 5 ))((8 9 )(10 (11 12 )))))(13 14 )((15 16 )(17 (18 (19 ((20 21 )((22 23 )(24 25 )))))))((26 (27 (28 (29 30 ))))(39 (31 ((32 33 )(34 35 )(36 (37 38 ))))((40 41 )(42 (43 ((44 45 )(46 47 ))))))))); 
ttag *!; 
ttag +49 ???; 
ttag +50 4; 
ttag +51 7; 
ttag +52 4; 
ttag +53 10; 
ttag +54 2; 
ttag +55 1; 
ttag +56 5; 
ttag +57 7; 
ttag +58 10; 
ttag +59 8; 
ttag +60 6; 
ttag +61 7; 
ttag +62 1; 
ttag +63 3; 
ttag +64 2; 
ttag +65 8; 
ttag +66 3; 
ttag +67 8; 
ttag +68 5; 
ttag +69 4; 
ttag +70 5; 
ttag +71 7; 
ttag +72 3; 
ttag +73 6; 
ttag +74 10; 
ttag +75 11; 
ttag +76 5; 
ttag +77 4; 
ttag +78 1; 
ttag +79 1; 
ttag +80 7; 
ttag +81 8; 
ttag +82 5; 
ttag +83 2; 
ttag +84 8; 
ttag +85 2; 
ttag +86 6; 
ttag +87 3; 
ttag +88 3; 
tread
'Tree with tags' 
(0 (1 ((((2 3 )((6 (7 (4 5 )))((8 9 )(10 (11 12 )))))((15 16 )(17 (18 (19 ((20 21 )((22 23 )(24 25 ))))))))((13 14 )((26 (27 (28 (29 30 ))))((39 (31 (((32 33 )(36 (37 38 )))(34 35 ))))((40 41 )(42 (43 ((44 45 )(46 47 ))))))))))); 
ttag *!; 
ttag +0 ////; 
ttag +1 ////; 
ttag +2 ////; 
ttag +3 ////; 
ttag +4 ////; 
ttag +5 ////; 
ttag +6 ////; 
ttag +7 ////; 
ttag +8 ////; 
ttag +9 ////; 
ttag +10 ////; 
ttag +11 ////; 
ttag +12 ////; 
ttag +13 ////; 
ttag +14 ////; 
ttag +15 ////; 
ttag +16 ////; 
ttag +17 ////; 
ttag +18 ////; 
ttag +19 ////; 
ttag +20 ////; 
ttag +21 ////; 
ttag +22 ////; 
ttag +23 ////; 
ttag +24 ////; 
ttag +25 ////; 
ttag +26 ////; 
ttag +27 ////; 
ttag +28 ////; 
ttag +29 ////; 
ttag +30 ////; 
ttag +31 ////; 
ttag +32 ////; 
ttag +33 ////; 
ttag +34 ////; 
ttag +35 ////; 
ttag +36 ////; 
ttag +37 ////; 
ttag +38 ////; 
ttag +39 ////; 
ttag +40 ////; 
ttag +41 ////; 
ttag +42 ////; 
ttag +43 ////; 
ttag +44 ////; 
ttag +45 ////; 
ttag +46 ////; 
ttag +47 ////; 
ttag +48 ////; 
ttag +49 100/100/100/100/100; 
ttag +50 88/84/83/90/86; 
ttag +51 99/99/96/98/98; 
ttag +52 14/[14]/?/?/?; 
ttag +53 11/0/?/?/?; 
ttag +54 97/96/92/91/84; 
ttag +55 32/[16]/?/?/?; 
ttag +56 100/100/100/100/100; 
ttag +57 83/80/74/86/75; 
ttag +58 57/33/20/40/28; 
ttag +59 95/94/90/96/90; 
ttag +60 98/98/97/98/96; 
ttag +61 100/100/99/100/100; 
ttag +62 100/100/98/99/99; 
ttag +63 25/[4]/4/2/0; 
ttag +64 98/98/98/99/94; 
ttag +65 97/97/94/99/94; 
ttag +66 40/29/20/38/31; 
ttag +67 80/76/60/76/59; 
ttag +68 66/61/46/64/46; 
ttag +69 100/100/100/100/100; 
ttag +70 73/66/56/74/58; 
ttag +71 99/99/98/100/96; 
ttag +72 98/98/96/98/95; 
ttag +73 93/90/89/94/86; 
ttag +74 99/99/94/98/94; 
ttag +75 94/94/90/99/88; 
ttag +76 86/78/75/79/68; 
ttag +77 99/99/96/98/99; 
ttag +78 100/100/100/99/100; 
ttag +79 100/100/98/100/99; 
ttag +80 15/[12]/?/?/?; 
ttag +81 96/95/87/94/88; 
ttag +82 96/94/89/92/87; 
ttag +83 12/[13]/?/?/?; 
ttag +84 60/54/52/58/60; 
ttag +85 74/71/72/71/70; 
ttag +86 99/99/96/99/98; 
ttag +87 99/99/98/99/98; 
ttag +88 92/90/82/90/80; 
ttag +89 56/44/30/50/22; 
ttag +90 99/99/98/100/97; 
ttag +91 62/53/41/60/42; 
ttag +92 100/100/97/98/96; 
ttag +93 86/83/76/88/79; 
ttag +94 88/84/85/91/88; 
