tread
'Tree with tags' 
(0 ((1 ((2 3 )(((4 5 )(6 7 ))(8 9 )(10 (11 12 )))))((13 14 )((15 16 )(17 (18 (19 ((20 21 )((22 23 )(24 25 )))))))((26 (27 (28 (29 30 ))))(39 (31 (((32 33 )(36 (37 38 )))(34 35 )))(41 (40 (42 (43 ((44 45 )(46 47 ))))))))))); 
ttag *!; 
ttag +49 1; 
ttag +50 ???; 
ttag +51 4; 
ttag +52 2; 
ttag +53 5; 
ttag +54 9; 
ttag +55 1; 
ttag +56 1; 
ttag +57 2; 
ttag +58 4; 
ttag +59 6; 
ttag +60 10; 
ttag +61 1; 
ttag +62 18; 
ttag +63 2; 
ttag +64 2; 
ttag +65 8; 
ttag +66 8; 
ttag +67 13; 
ttag +68 6; 
ttag +69 7; 
ttag +70 2; 
ttag +71 3; 
ttag +72 5; 
ttag +73 11; 
ttag +74 4; 
ttag +75 1; 
ttag +76 12; 
ttag +77 3; 
ttag +78 3; 
ttag +79 9; 
ttag +80 1; 
ttag +81 1; 
ttag +82 5; 
ttag +83 11; 
ttag +84 9; 
ttag +85 1; 
ttag +86 9; 
ttag +87 9; 
ttag +88 6; 
ttag +89 3; 
ttag +90 4; 
ttag +91 5; 
tread
'Tree with tags' 
(0 ((1 ((2 3 )(((4 5 )(6 7 ))((8 9 )(10 (11 12 ))))))((13 14 )(((15 16 )(17 (18 (19 ((20 21 )((22 23 )(24 25 )))))))((26 (27 (28 (29 30 ))))(39 ((31 (((32 33 )(36 (37 38 )))(34 35 )))(41 (40 (42 (43 ((44 45 )(46 47 ))))))))))))); 
ttag *!; 
ttag +0 ////; 
ttag +1 ////; 
ttag +2 ////; 
ttag +3 ////; 
ttag +4 ////; 
ttag +5 ////; 
ttag +6 ////; 
ttag +7 ////; 
ttag +8 ////; 
ttag +9 ////; 
ttag +10 ////; 
ttag +11 ////; 
ttag +12 ////; 
ttag +13 ////; 
ttag +14 ////; 
ttag +15 ////; 
ttag +16 ////; 
ttag +17 ////; 
ttag +18 ////; 
ttag +19 ////; 
ttag +20 ////; 
ttag +21 ////; 
ttag +22 ////; 
ttag +23 ////; 
ttag +24 ////; 
ttag +25 ////; 
ttag +26 ////; 
ttag +27 ////; 
ttag +28 ////; 
ttag +29 ////; 
ttag +30 ////; 
ttag +31 ////; 
ttag +32 ////; 
ttag +33 ////; 
ttag +34 ////; 
ttag +35 ////; 
ttag +36 ////; 
ttag +37 ////; 
ttag +38 ////; 
ttag +39 ////; 
ttag +40 ////; 
ttag +41 ////; 
ttag +42 ////; 
ttag +43 ////; 
ttag +44 ////; 
ttag +45 ////; 
ttag +46 ////; 
ttag +47 ////; 
ttag +48 ////; 
ttag +49 30/17/8/18/10; 
ttag +50 100/100/100/100/100; 
ttag +51 94/91/83/92/85; 
ttag +52 71/59/58/61/46; 
ttag +53 98/97/89/95/94; 
ttag +54 99/99/100/100/97; 
ttag +55 49/28/10/19/16; 
ttag +56 53/37/34/37/30; 
ttag +57 64/58/36/50/43; 
ttag +58 28/[18]/?/?/?; 
ttag +59 94/93/83/90/79; 
ttag +60 98/98/96/99/98; 
ttag +61 100/100/100/100/100; 
ttag +62 38/26/11/25/15; 
ttag +63 100/100/100/100/100; 
ttag +64 72/65/43/63/49; 
ttag +65 16/0/?/?/?; 
ttag +66 79/69/57/64/59; 
ttag +67 100/100/98/99/98; 
ttag +68 100/100/99/99/98; 
ttag +69 100/100/100/100/100; 
ttag +70 98/98/95/97/93; 
ttag +71 100/100/99/100/98; 
ttag +72 82/77/67/71/51; 
ttag +73 78/74/62/75/60; 
ttag +74 98/98/95/99/95; 
ttag +75 99/99/98/100/99; 
ttag +76 87/82/78/88/83; 
ttag +77 38/28/26/30/22; 
ttag +78 100/100/99/100/99; 
ttag +79 90/87/71/83/74; 
ttag +80 25/4/7/8/8; 
ttag +81 74/66/47/62/52; 
ttag +82 100/100/100/100/99; 
ttag +83 38/18/?/4/?; 
ttag +84 55/34/24/22/17; 
ttag +85 98/98/97/99/97; 
ttag +86 100/100/100/100/98; 
ttag +87 99/99/100/99/99; 
ttag +88 58/35/23/35/23; 
ttag +89 99/98/96/98/96; 
ttag +90 98/98/93/99/96; 
ttag +91 96/96/87/94/88; 
ttag +92 92/91/82/89/83; 
ttag +93 90/86/72/86/71; 
ttag +94 99/99/91/97/94; 
