tread
'Tree with tags' 
(0 (1 ((((2 3 )(((4 5 )(6 7 ))(8 (9 (10 (11 12 ))))))((26 27 (28 (29 30 )))((39 (31 (((32 33 )(36 (37 38 )))(34 35 ))))((40 41 )(42 (43 ((44 45 )(46 47 ))))))))((13 14 )((15 16 )(17 (18 (19 ((20 21 )((22 23 )(24 25 ))))))))))); 
ttag *!; 
ttag +49 ???; 
ttag +50 5; 
ttag +51 2; 
ttag +52 1; 
ttag +53 2; 
ttag +54 8; 
ttag +55 5; 
ttag +56 3; 
ttag +57 3; 
ttag +58 1; 
ttag +59 1; 
ttag +60 4; 
ttag +61 8; 
ttag +62 12; 
ttag +63 1; 
ttag +64 6; 
ttag +65 5; 
ttag +66 3; 
ttag +67 6; 
ttag +68 1; 
ttag +69 7; 
ttag +70 6; 
ttag +71 5; 
ttag +72 7; 
ttag +73 1; 
ttag +74 5; 
ttag +75 3; 
ttag +76 10; 
ttag +77 7; 
ttag +78 8; 
ttag +79 1; 
ttag +80 6; 
ttag +81 1; 
ttag +82 2; 
ttag +83 6; 
ttag +84 6; 
ttag +85 12; 
ttag +86 4; 
ttag +87 4; 
ttag +88 6; 
ttag +89 4; 
ttag +90 2; 
ttag +91 10; 
ttag +92 3; 
ttag +93 2; 
tread
'Tree with tags' 
(0 (1 ((((2 3 )(((4 5 )(6 7 ))(8 (9 (10 (11 12 ))))))((26 (27 (28 (29 30 ))))((39 (31 (((32 33 )(36 (37 38 )))(34 35 ))))((40 41 )(42 (43 ((44 45 )(46 47 ))))))))((13 14 )((15 16 )(17 (18 (19 ((20 21 )((22 23 )(24 25 ))))))))))); 
ttag *!; 
ttag +0 ////; 
ttag +1 ////; 
ttag +2 ////; 
ttag +3 ////; 
ttag +4 ////; 
ttag +5 ////; 
ttag +6 ////; 
ttag +7 ////; 
ttag +8 ////; 
ttag +9 ////; 
ttag +10 ////; 
ttag +11 ////; 
ttag +12 ////; 
ttag +13 ////; 
ttag +14 ////; 
ttag +15 ////; 
ttag +16 ////; 
ttag +17 ////; 
ttag +18 ////; 
ttag +19 ////; 
ttag +20 ////; 
ttag +21 ////; 
ttag +22 ////; 
ttag +23 ////; 
ttag +24 ////; 
ttag +25 ////; 
ttag +26 ////; 
ttag +27 ////; 
ttag +28 ////; 
ttag +29 ////; 
ttag +30 ////; 
ttag +31 ////; 
ttag +32 ////; 
ttag +33 ////; 
ttag +34 ////; 
ttag +35 ////; 
ttag +36 ////; 
ttag +37 ////; 
ttag +38 ////; 
ttag +39 ////; 
ttag +40 ////; 
ttag +41 ////; 
ttag +42 ////; 
ttag +43 ////; 
ttag +44 ////; 
ttag +45 ////; 
ttag +46 ////; 
ttag +47 ////; 
ttag +48 ////; 
ttag +49 100/100/100/100/100; 
ttag +50 94/93/91/93/89; 
ttag +51 72/61/58/64/46; 
ttag +52 20/2/2/?/6; 
ttag +53 60/55/40/51/40; 
ttag +54 100/100/98/100/99; 
ttag +55 95/95/92/95/90; 
ttag +56 89/88/78/86/73; 
ttag +57 82/76/62/76/64; 
ttag +58 43/23/24/24/38; 
ttag +59 57/37/25/36/35; 
ttag +60 89/86/72/81/65; 
ttag +61 100/100/100/99/100; 
ttag +62 100/100/100/100/99; 
ttag +63 50/43/40/48/45; 
ttag +64 98/97/95/96/94; 
ttag +65 97/96/82/94/87; 
ttag +66 87/84/64/89/77; 
ttag +67 99/99/96/98/94; 
ttag +68 45/17/13/12/5; 
ttag +69 99/99/97/99/98; 
ttag +70 96/96/93/98/90; 
ttag +71 92/91/88/96/86; 
ttag +72 99/99/97/100/98; 
ttag +73 46/31/26/32/27; 
ttag +74 94/93/86/96/87; 
ttag +75 90/88/78/89/76; 
ttag +76 33/[1]/?/?/?; 
ttag +77 100/100/99/100/98; 
ttag +78 100/100/97/99/97; 
ttag +79 97/96/92/96/95; 
ttag +80 26/[9]/?/?/?; 
ttag +81 98/96/87/96/92; 
ttag +82 61/44/34/51/34; 
ttag +83 66/54/42/55/49; 
ttag +84 98/98/96/98/96; 
ttag +85 100/100/100/100/98; 
ttag +86 100/100/100/100/100; 
ttag +87 89/86/85/91/77; 
ttag +88 96/95/92/94/89; 
ttag +89 92/88/77/86/83; 
ttag +90 86/79/72/82/73; 
ttag +91 70/62/64/67/62; 
ttag +92 100/100/100/100/100; 
ttag +93 82/76/71/81/66; 
ttag +94 77/70/63/72/64; 
