tread
'Tree with tags' 
(0 ((1 (((2 3 )((6 (7 (4 5 )))(8 9 (10 (11 12 )))))((15 16 )(17 (18 (19 ((20 21 )((22 23 )(24 25 )))))))))((13 14 )((26 (27 (28 (29 30 ))))(39 (31 ((32 33 )((34 35 )(36 (37 38 )))))(41 (40 (42 (43 ((44 45 )(46 47 ))))))))))); 
ttag *!; 
ttag +49 1; 
ttag +50 ???; 
ttag +51 3; 
ttag +52 6; 
ttag +53 1; 
ttag +54 8; 
ttag +55 1; 
ttag +56 8; 
ttag +57 3; 
ttag +58 1; 
ttag +59 2; 
ttag +60 6; 
ttag +61 8; 
ttag +62 1; 
ttag +63 9; 
ttag +64 5; 
ttag +65 2; 
ttag +66 3; 
ttag +67 4; 
ttag +68 6; 
ttag +69 5; 
ttag +70 5; 
ttag +71 4; 
ttag +72 1; 
ttag +73 6; 
ttag +74 2; 
ttag +75 1; 
ttag +76 6; 
ttag +77 7; 
ttag +78 7; 
ttag +79 10; 
ttag +80 8; 
ttag +81 6; 
ttag +82 3; 
ttag +83 3; 
ttag +84 9; 
ttag +85 12; 
ttag +86 1; 
ttag +87 5; 
ttag +88 7; 
ttag +89 3; 
ttag +90 10; 
ttag +91 6; 
ttag +92 3; 
tread
'Tree with tags' 
(0 ((1 (((2 3 )((6 (7 (4 5 )))((8 9 )(10 (11 12 )))))((15 16 )(17 (18 (19 ((20 21 )((22 23 )(24 25 )))))))))((13 14 )((26 (27 (28 (29 30 ))))((39 (31 ((32 33 )((34 35 )(36 (37 38 ))))))(41 (40 (42 (43 ((44 45 )(46 47 ))))))))))); 
ttag *!; 
ttag +0 ////; 
ttag +1 ////; 
ttag +2 ////; 
ttag +3 ////; 
ttag +4 ////; 
ttag +5 ////; 
ttag +6 ////; 
ttag +7 ////; 
ttag +8 ////; 
ttag +9 ////; 
ttag +10 ////; 
ttag +11 ////; 
ttag +12 ////; 
ttag +13 ////; 
ttag +14 ////; 
ttag +15 ////; 
ttag +16 ////; 
ttag +17 ////; 
ttag +18 ////; 
ttag +19 ////; 
ttag +20 ////; 
ttag +21 ////; 
ttag +22 ////; 
ttag +23 ////; 
ttag +24 ////; 
ttag +25 ////; 
ttag +26 ////; 
ttag +27 ////; 
ttag +28 ////; 
ttag +29 ////; 
ttag +30 ////; 
ttag +31 ////; 
ttag +32 ////; 
ttag +33 ////; 
ttag +34 ////; 
ttag +35 ////; 
ttag +36 ////; 
ttag +37 ////; 
ttag +38 ////; 
ttag +39 ////; 
ttag +40 ////; 
ttag +41 ////; 
ttag +42 ////; 
ttag +43 ////; 
ttag +44 ////; 
ttag +45 ////; 
ttag +46 ////; 
ttag +47 ////; 
ttag +48 ////; 
ttag +49 16/[8]/?/?/?; 
ttag +50 100/100/100/100/100; 
ttag +51 95/94/87/95/93; 
ttag +52 97/96/95/98/96; 
ttag +53 13/[23]/?/?/?; 
ttag +54 99/99/98/99/98; 
ttag +55 25/0/3/1/?; 
ttag +56 98/98/94/99/98; 
ttag +57 91/90/76/88/83; 
ttag +58 30/6/?/5/8; 
ttag +59 30/3/3/5/?; 
ttag +60 71/60/47/64/53; 
ttag +61 97/96/94/98/94; 
ttag +62 100/100/99/100/99; 
ttag +63 22/[2]/?/?/?; 
ttag +64 99/99/99/100/100; 
ttag +65 92/91/83/94/85; 
ttag +66 57/33/47/57/44; 
ttag +67 88/86/86/90/81; 
ttag +68 88/87/77/87/71; 
ttag +69 100/100/99/99/100; 
ttag +70 93/93/88/92/84; 
ttag +71 91/88/87/90/85; 
ttag +72 90/84/77/89/77; 
ttag +73 55/41/37/42/39; 
ttag +74 98/98/91/97/91; 
ttag +75 58/51/42/52/42; 
ttag +76 54/28/22/22/21; 
ttag +77 96/95/94/99/95; 
ttag +78 97/96/96/99/97; 
ttag +79 99/98/96/99/95; 
ttag +80 24/[12]/?/?/?; 
ttag +81 100/100/99/100/100; 
ttag +82 98/98/99/99/98; 
ttag +83 98/98/93/97/92; 
ttag +84 87/84/77/87/77; 
ttag +85 81/78/66/84/73; 
ttag +86 99/99/98/98/99; 
ttag +87 100/100/100/100/100; 
ttag +88 46/30/29/43/27; 
ttag +89 89/85/81/89/80; 
ttag +90 98/98/94/98/92; 
ttag +91 89/87/88/90/73; 
ttag +92 100/100/99/100/98; 
ttag +93 98/97/94/97/94; 
ttag +94 86/83/77/88/82; 
