tread
'Tree with tags' 
(0 (1 ((2 3 )(((4 5 )(6 7 ))((8 9 )(10 (11 12 )))))(13 14 )((17 (15 16 )(18 19 ((20 21 )((22 23 )(24 25 )))))((26 (27 (28 (29 30 ))))((39 (31 (32 33 )(34 35 )(36 (37 38 ))))((40 41 )(42 (43 ((44 45 )(46 47 )))))))))); 
ttag *!; 
ttag +49 ???; 
ttag +50 8; 
ttag +51 9; 
ttag +52 6; 
ttag +53 12; 
ttag +54 3; 
ttag +55 4; 
ttag +56 1; 
ttag +57 2; 
ttag +58 5; 
ttag +59 6; 
ttag +60 10; 
ttag +61 10; 
ttag +62 3; 
ttag +63 1; 
ttag +64 3; 
ttag +65 11; 
ttag +66 4; 
ttag +67 7; 
ttag +68 5; 
ttag +69 4; 
ttag +70 1; 
ttag +71 6; 
ttag +72 3; 
ttag +73 8; 
ttag +74 11; 
ttag +75 4; 
ttag +76 1; 
ttag +77 9; 
ttag +78 7; 
ttag +79 2; 
ttag +80 13; 
ttag +81 9; 
ttag +82 2; 
ttag +83 3; 
ttag +84 5; 
ttag +85 3; 
ttag +86 3; 
ttag +87 7; 
ttag +88 4; 
tread
'Tree with tags' 
(0 (1 ((((2 3 )(((4 5 )(6 7 ))((8 9 )(10 (11 12 )))))(((17 (15 16 ))(18 (19 ((20 21 )((22 23 )(24 25 ))))))((26 (27 (28 (29 30 ))))((39 ((31 ((32 33 )(34 35 )))(36 (37 38 ))))((40 41 )(42 (43 ((44 45 )(46 47 )))))))))(13 14 )))); 
ttag *!; 
ttag +0 ////; 
ttag +1 ////; 
ttag +2 ////; 
ttag +3 ////; 
ttag +4 ////; 
ttag +5 ////; 
ttag +6 ////; 
ttag +7 ////; 
ttag +8 ////; 
ttag +9 ////; 
ttag +10 ////; 
ttag +11 ////; 
ttag +12 ////; 
ttag +13 ////; 
ttag +14 ////; 
ttag +15 ////; 
ttag +16 ////; 
ttag +17 ////; 
ttag +18 ////; 
ttag +19 ////; 
ttag +20 ////; 
ttag +21 ////; 
ttag +22 ////; 
ttag +23 ////; 
ttag +24 ////; 
ttag +25 ////; 
ttag +26 ////; 
ttag +27 ////; 
ttag +28 ////; 
ttag +29 ////; 
ttag +30 ////; 
ttag +31 ////; 
ttag +32 ////; 
ttag +33 ////; 
ttag +34 ////; 
ttag +35 ////; 
ttag +36 ////; 
ttag +37 ////; 
ttag +38 ////; 
ttag +39 ////; 
ttag +40 ////; 
ttag +41 ////; 
ttag +42 ////; 
ttag +43 ////; 
ttag +44 ////; 
ttag +45 ////; 
ttag +46 ////; 
ttag +47 ////; 
ttag +48 ////; 
ttag +49 100/100/100/100/100; 
ttag +50 99/99/98/100/98; 
ttag +51 99/99/96/99/96; 
ttag +52 8/[19]/?/?/?; 
ttag +53 45/40/41/38/43; 
ttag +54 98/97/95/98/97; 
ttag +55 100/100/99/100/100; 
ttag +56 78/65/54/70/65; 
ttag +57 82/74/69/76/78; 
ttag +58 43/20/?/14/16; 
ttag +59 72/68/50/68/54; 
ttag +60 93/90/86/96/88; 
ttag +61 100/100/99/99/100; 
ttag +62 100/100/98/99/99; 
ttag +63 100/100/100/100/100; 
ttag +64 36/[6]/?/2/?; 
ttag +65 78/75/64/80/68; 
ttag +66 55/43/32/49/34; 
ttag +67 92/91/87/92/84; 
ttag +68 44/17/10/20/21; 
ttag +69 100/100/99/100/100; 
ttag +70 98/97/95/94/96; 
ttag +71 98/97/96/95/95; 
ttag +72 96/96/95/98/90; 
ttag +73 96/95/91/95/87; 
ttag +74 76/66/62/69/60; 
ttag +75 99/99/98/99/97; 
ttag +76 88/85/81/82/80; 
ttag +77 99/99/98/100/99; 
ttag +78 100/100/100/100/100; 
ttag +79 11/[18]/?/?/?; 
ttag +80 82/77/69/78/67; 
ttag +81 38/13/5/20/7; 
ttag +82 100/100/98/99/98; 
ttag +83 100/100/99/100/99; 
ttag +84 13/[15]/?/?/?; 
ttag +85 83/79/73/78/78; 
ttag +86 100/100/99/100/99; 
ttag +87 99/99/100/100/99; 
ttag +88 56/44/23/45/36; 
ttag +89 91/88/72/82/76; 
ttag +90 97/97/92/96/86; 
ttag +91 81/74/54/67/66; 
ttag +92 74/64/51/71/63; 
ttag +93 100/100/97/98/98; 
ttag +94 86/84/77/88/84; 
