tread
'Tree with tags' 
(0 (((1 (17 ((15 16 )((18 19 )((20 21 )((22 23 )(24 25 )))))))(((2 3 )(6 (7 (4 5 ))))(8 (9 (10 (11 12 ))))))((13 14 )(((26 27 )(28 (29 30 )))((31 ((32 33 )((34 35 )(36 (37 38 )))))(39 ((40 41 )(42 (43 ((44 45 )(46 47 ))))))))))); 
ttag *!; 
ttag +49 1; 
ttag +50 1; 
ttag +51 ???; 
ttag +52 10; 
ttag +53 3; 
ttag +54 4; 
ttag +55 3; 
ttag +56 1; 
ttag +57 4; 
ttag +58 1; 
ttag +59 1; 
ttag +60 4; 
ttag +61 8; 
ttag +62 12; 
ttag +63 2; 
ttag +64 12; 
ttag +65 1; 
ttag +66 8; 
ttag +67 1; 
ttag +68 2; 
ttag +69 13; 
ttag +70 5; 
ttag +71 12; 
ttag +72 4; 
ttag +73 5; 
ttag +74 1; 
ttag +75 5; 
ttag +76 4; 
ttag +77 10; 
ttag +78 7; 
ttag +79 4; 
ttag +80 8; 
ttag +81 5; 
ttag +82 8; 
ttag +83 3; 
ttag +84 1; 
ttag +85 9; 
ttag +86 10; 
ttag +87 2; 
ttag +88 6; 
ttag +89 10; 
ttag +90 7; 
ttag +91 3; 
ttag +92 8; 
ttag +93 7; 
ttag +94 7; 
tread
'Tree with tags' 
(0 (((1 (17 ((15 16 )((18 19 )((20 21 )((22 23 )(24 25 )))))))(((2 3 )(6 (7 (4 5 ))))(8 (9 (10 (11 12 ))))))((13 14 )(((26 27 )(28 (29 30 )))((31 ((32 33 )((34 35 )(36 (37 38 )))))(39 ((40 41 )(42 (43 ((44 45 )(46 47 ))))))))))); 
ttag *!; 
ttag +0 ////; 
ttag +1 ////; 
ttag +2 ////; 
ttag +3 ////; 
ttag +4 ////; 
ttag +5 ////; 
ttag +6 ////; 
ttag +7 ////; 
ttag +8 ////; 
ttag +9 ////; 
ttag +10 ////; 
ttag +11 ////; 
ttag +12 ////; 
ttag +13 ////; 
ttag +14 ////; 
ttag +15 ////; 
ttag +16 ////; 
ttag +17 ////; 
ttag +18 ////; 
ttag +19 ////; 
ttag +20 ////; 
ttag +21 ////; 
ttag +22 ////; 
ttag +23 ////; 
ttag +24 ////; 
ttag +25 ////; 
ttag +26 ////; 
ttag +27 ////; 
ttag +28 ////; 
ttag +29 ////; 
ttag +30 ////; 
ttag +31 ////; 
ttag +32 ////; 
ttag +33 ////; 
ttag +34 ////; 
ttag +35 ////; 
ttag +36 ////; 
ttag +37 ////; 
ttag +38 ////; 
ttag +39 ////; 
ttag +40 ////; 
ttag +41 ////; 
ttag +42 ////; 
ttag +43 ////; 
ttag +44 ////; 
ttag +45 ////; 
ttag +46 ////; 
ttag +47 ////; 
ttag +48 ////; 
ttag +49 24/[4]/?/8/10; 
ttag +50 23/12/5/16/6; 
ttag +51 100/100/100/100/100; 
ttag +52 100/100/100/100/99; 
ttag +53 56/42/30/42/37; 
ttag +54 84/82/68/81/70; 
ttag +55 86/82/77/88/79; 
ttag +56 51/36/30/29/38; 
ttag +57 91/90/81/89/86; 
ttag +58 27/5/7/9/14; 
ttag +59 21/0/?/4/3; 
ttag +60 90/88/87/86/85; 
ttag +61 100/100/99/100/99; 
ttag +62 100/100/100/100/100; 
ttag +63 36/25/16/32/19; 
ttag +64 99/99/98/100/100; 
ttag +65 48/36/23/40/34; 
ttag +66 99/99/98/99/97; 
ttag +67 36/27/20/24/24; 
ttag +68 45/36/24/36/21; 
ttag +69 100/100/100/100/100; 
ttag +70 87/80/67/82/66; 
ttag +71 100/100/98/100/100; 
ttag +72 84/78/65/80/62; 
ttag +73 94/92/91/94/90; 
ttag +74 54/36/28/41/29; 
ttag +75 94/94/86/93/83; 
ttag +76 88/84/75/86/80; 
ttag +77 100/100/100/100/100; 
ttag +78 99/99/99/100/99; 
ttag +79 97/96/91/94/91; 
ttag +80 100/100/98/98/98; 
ttag +81 96/94/91/98/92; 
ttag +82 99/99/99/100/98; 
ttag +83 86/79/79/78/73; 
ttag +84 51/17/6/11/3; 
ttag +85 100/100/98/100/98; 
ttag +86 100/100/100/100/98; 
ttag +87 61/38/26/35/23; 
ttag +88 96/94/86/95/85; 
ttag +89 99/99/96/100/98; 
ttag +90 98/98/92/97/89; 
ttag +91 88/85/66/80/64; 
ttag +92 99/99/99/98/99; 
ttag +93 99/99/97/98/97; 
ttag +94 100/100/99/100/100; 
