tread
'Tree with tags' 
(0 ((1 (13 14 ))((((2 3 )((6 (7 (4 5 )))((8 9 )(10 (11 12 )))))((31 (((32 33 )(36 (37 38 )))(34 35 )))(39 (41 (40 (42 (43 ((44 45 )(46 47 )))))))))(((15 16 )(17 (19 (18 ((20 21 )((22 23 )(24 25 )))))))(26 (27 (28 (29 30 )))))))); 
ttag *!; 
ttag +49 1; 
ttag +50 ???; 
ttag +51 9; 
ttag +52 7; 
ttag +53 1; 
ttag +54 2; 
ttag +55 5; 
ttag +56 1; 
ttag +57 2; 
ttag +58 5; 
ttag +59 2; 
ttag +60 3; 
ttag +61 3; 
ttag +62 17; 
ttag +63 17; 
ttag +64 11; 
ttag +65 4; 
ttag +66 2; 
ttag +67 4; 
ttag +68 1; 
ttag +69 5; 
ttag +70 10; 
ttag +71 7; 
ttag +72 13; 
ttag +73 4; 
ttag +74 5; 
ttag +75 5; 
ttag +76 1; 
ttag +77 8; 
ttag +78 7; 
ttag +79 2; 
ttag +80 7; 
ttag +81 11; 
ttag +82 2; 
ttag +83 9; 
ttag +84 2; 
ttag +85 9; 
ttag +86 7; 
ttag +87 1; 
ttag +88 1; 
ttag +89 9; 
ttag +90 8; 
ttag +91 2; 
ttag +92 7; 
ttag +93 5; 
ttag +94 5; 
tread
'Tree with tags' 
(0 ((1 (13 14 ))((((2 3 )((6 (7 (4 5 )))((8 9 )(10 (11 12 )))))((31 (((32 33 )(36 (37 38 )))(34 35 )))(39 (41 (40 (42 (43 ((44 45 )(46 47 )))))))))(((15 16 )(17 (19 (18 ((20 21 )((22 23 )(24 25 )))))))(26 (27 (28 (29 30 )))))))); 
ttag *!; 
ttag +0 ////; 
ttag +1 ////; 
ttag +2 ////; 
ttag +3 ////; 
ttag +4 ////; 
ttag +5 ////; 
ttag +6 ////; 
ttag +7 ////; 
ttag +8 ////; 
ttag +9 ////; 
ttag +10 ////; 
ttag +11 ////; 
ttag +12 ////; 
ttag +13 ////; 
ttag +14 ////; 
ttag +15 ////; 
ttag +16 ////; 
ttag +17 ////; 
ttag +18 ////; 
ttag +19 ////; 
ttag +20 ////; 
ttag +21 ////; 
ttag +22 ////; 
ttag +23 ////; 
ttag +24 ////; 
ttag +25 ////; 
ttag +26 ////; 
ttag +27 ////; 
ttag +28 ////; 
ttag +29 ////; 
ttag +30 ////; 
ttag +31 ////; 
ttag +32 ////; 
ttag +33 ////; 
ttag +34 ////; 
ttag +35 ////; 
ttag +36 ////; 
ttag +37 ////; 
ttag +38 ////; 
ttag +39 ////; 
ttag +40 ////; 
ttag +41 ////; 
ttag +42 ////; 
ttag +43 ////; 
ttag +44 ////; 
ttag +45 ////; 
ttag +46 ////; 
ttag +47 ////; 
ttag +48 ////; 
ttag +49 14/4/?/6/2; 
ttag +50 100/100/100/100/100; 
ttag +51 99/99/100/100/100; 
ttag +52 98/97/87/96/88; 
ttag +53 30/0/?/8/?; 
ttag +54 34/24/16/24/23; 
ttag +55 97/96/94/98/95; 
ttag +56 45/16/6/29/18; 
ttag +57 68/56/56/56/40; 
ttag +58 87/84/78/80/77; 
ttag +59 78/74/56/66/60; 
ttag +60 88/83/70/77/76; 
ttag +61 88/85/80/85/82; 
ttag +62 100/100/100/100/100; 
ttag +63 100/100/100/100/100; 
ttag +64 100/100/100/100/100; 
ttag +65 80/78/63/70/66; 
ttag +66 41/25/10/24/2; 
ttag +67 86/84/78/90/78; 
ttag +68 62/48/38/44/32; 
ttag +69 94/93/83/91/82; 
ttag +70 100/100/100/100/100; 
ttag +71 99/99/94/97/92; 
ttag +72 100/100/99/100/100; 
ttag +73 99/99/97/97/94; 
ttag +74 96/95/92/96/90; 
ttag +75 92/89/86/94/84; 
ttag +76 47/28/16/27/32; 
ttag +77 100/100/100/99/98; 
ttag +78 99/99/97/99/97; 
ttag +79 56/30/31/41/25; 
ttag +80 99/99/98/98/96; 
ttag +81 100/100/100/100/100; 
ttag +82 64/51/31/51/37; 
ttag +83 100/100/100/98/98; 
ttag +84 75/64/45/62/45; 
ttag +85 100/100/98/100/99; 
ttag +86 98/98/98/98/96; 
ttag +87 26/0/?/8/?; 
ttag +88 60/36/30/37/30; 
ttag +89 99/99/97/98/89; 
ttag +90 100/100/100/100/100; 
ttag +91 88/83/67/80/74; 
ttag +92 99/98/98/100/99; 
ttag +93 96/96/97/96/93; 
ttag +94 98/97/97/98/96; 
