tread
'Tree with tags' 
(0 ((1 (8 9 (2 3 )(7 (6 (4 5 )))(10 (11 12 ))))(13 14 )((17 (15 16 ))(18 (19 ((20 21 )((22 23 )(24 25 ))))))((26 (27 (28 (29 30 ))))((31 (((32 33 )(34 35 ))(36 (37 38 ))))(39 (41 (40 (42 43 ((44 45 )(46 47 )))))))))); 
ttag *!; 
ttag +49 1; 
ttag +50 ???; 
ttag +51 7; 
ttag +52 8; 
ttag +53 3; 
ttag +54 1; 
ttag +55 5; 
ttag +56 4; 
ttag +57 5; 
ttag +58 4; 
ttag +59 10; 
ttag +60 1; 
ttag +61 3; 
ttag +62 4; 
ttag +63 2; 
ttag +64 8; 
ttag +65 5; 
ttag +66 13; 
ttag +67 9; 
ttag +68 9; 
ttag +69 7; 
ttag +70 6; 
ttag +71 2; 
ttag +72 4; 
ttag +73 7; 
ttag +74 1; 
ttag +75 4; 
ttag +76 3; 
ttag +77 1; 
ttag +78 4; 
ttag +79 5; 
ttag +80 13; 
ttag +81 10; 
ttag +82 2; 
ttag +83 1; 
ttag +84 11; 
ttag +85 6; 
ttag +86 7; 
ttag +87 3; 
ttag +88 4; 
tread
'Tree with tags' 
(0 (((1 ((9 (8 ((2 3 )(10 (11 12 )))))(7 (6 (4 5 )))))((13 14 )((26 (27 (28 (29 30 ))))((31 (((32 33 )(34 35 ))(36 (37 38 ))))(39 (41 (40 ((42 43 )((44 45 )(46 47 ))))))))))((17 (15 16 ))(18 (19 ((20 21 )((22 23 )(24 25 )))))))); 
ttag *!; 
ttag +0 ////; 
ttag +1 ////; 
ttag +2 ////; 
ttag +3 ////; 
ttag +4 ////; 
ttag +5 ////; 
ttag +6 ////; 
ttag +7 ////; 
ttag +8 ////; 
ttag +9 ////; 
ttag +10 ////; 
ttag +11 ////; 
ttag +12 ////; 
ttag +13 ////; 
ttag +14 ////; 
ttag +15 ////; 
ttag +16 ////; 
ttag +17 ////; 
ttag +18 ////; 
ttag +19 ////; 
ttag +20 ////; 
ttag +21 ////; 
ttag +22 ////; 
ttag +23 ////; 
ttag +24 ////; 
ttag +25 ////; 
ttag +26 ////; 
ttag +27 ////; 
ttag +28 ////; 
ttag +29 ////; 
ttag +30 ////; 
ttag +31 ////; 
ttag +32 ////; 
ttag +33 ////; 
ttag +34 ////; 
ttag +35 ////; 
ttag +36 ////; 
ttag +37 ////; 
ttag +38 ////; 
ttag +39 ////; 
ttag +40 ////; 
ttag +41 ////; 
ttag +42 ////; 
ttag +43 ////; 
ttag +44 ////; 
ttag +45 ////; 
ttag +46 ////; 
ttag +47 ////; 
ttag +48 ////; 
ttag +49 56/49/36/53/31; 
ttag +50 40/33/24/30/17; 
ttag +51 100/100/100/100/100; 
ttag +52 100/100/98/100/97; 
ttag +53 26/2/?/?/?; 
ttag +54 17/[6]/?/?/?; 
ttag +55 16/[7]/?/?/?; 
ttag +56 99/99/99/100/98; 
ttag +57 89/86/85/88/85; 
ttag +58 47/9/16/27/16; 
ttag +59 97/96/92/97/94; 
ttag +60 80/76/67/79/65; 
ttag +61 97/96/89/97/92; 
ttag +62 93/91/82/92/86; 
ttag +63 30/8/8/?/8; 
ttag +64 98/98/98/99/98; 
ttag +65 55/44/30/46/23; 
ttag +66 75/68/59/74/52; 
ttag +67 94/92/85/93/86; 
ttag +68 74/59/48/60/40; 
ttag +69 100/100/99/100/99; 
ttag +70 96/96/92/96/94; 
ttag +71 100/100/100/100/99; 
ttag +72 98/98/98/100/98; 
ttag +73 100/100/100/100/99; 
ttag +74 98/97/96/98/96; 
ttag +75 98/98/94/98/92; 
ttag +76 78/71/62/78/59; 
ttag +77 93/90/82/94/84; 
ttag +78 100/100/99/99/99; 
ttag +79 34/22/18/20/18; 
ttag +80 95/94/88/95/88; 
ttag +81 89/87/71/88/74; 
ttag +82 28/10/9/16/2; 
ttag +83 94/92/83/92/86; 
ttag +84 98/97/93/98/93; 
ttag +85 100/100/100/100/100; 
ttag +86 100/100/100/100/100; 
ttag +87 61/50/39/50/38; 
ttag +88 47/34/31/42/31; 
ttag +89 100/100/100/100/99; 
ttag +90 26/[24]/?/?/?; 
ttag +91 98/97/96/100/99; 
ttag +92 100/100/98/98/97; 
ttag +93 89/87/83/90/83; 
ttag +94 91/88/81/94/78; 
