tread
'Tree with tags' 
(0 (1 (((((2 3 )((4 5 )(6 7 )))((8 9 )(10 (11 12 ))))((13 14 )((26 (27 (28 (29 30 ))))((39 (31 (((32 33 )(34 35 ))(36 (37 38 )))))((40 41 )(42 (43 ((44 45 )(46 47 )))))))))((15 16 )(17 (18 (19 ((20 21 )((22 23 )(24 25 )))))))))); 
ttag *!; 
ttag +49 ???; 
ttag +50 5; 
ttag +51 2; 
ttag +52 10; 
ttag +53 1; 
ttag +54 1; 
ttag +55 5; 
ttag +56 7; 
ttag +57 3; 
ttag +58 1; 
ttag +59 4; 
ttag +60 4; 
ttag +61 7; 
ttag +62 11; 
ttag +63 2; 
ttag +64 6; 
ttag +65 6; 
ttag +66 5; 
ttag +67 2; 
ttag +68 3; 
ttag +69 8; 
ttag +70 12; 
ttag +71 9; 
ttag +72 4; 
ttag +73 9; 
ttag +74 7; 
ttag +75 5; 
ttag +76 3; 
ttag +77 6; 
ttag +78 12; 
ttag +79 10; 
ttag +80 1; 
ttag +81 1; 
ttag +82 2; 
ttag +83 1; 
ttag +84 3; 
ttag +85 5; 
ttag +86 7; 
ttag +87 8; 
ttag +88 8; 
ttag +89 2; 
ttag +90 10; 
ttag +91 2; 
ttag +92 8; 
ttag +93 7; 
ttag +94 5; 
tread
'Tree with tags' 
(0 (1 (((((2 3 )((4 5 )(6 7 )))((8 9 )(10 (11 12 ))))((13 14 )((26 (27 (28 (29 30 ))))((39 (31 (((32 33 )(34 35 ))(36 (37 38 )))))((40 41 )(42 (43 ((44 45 )(46 47 )))))))))((15 16 )(17 (18 (19 ((20 21 )((22 23 )(24 25 )))))))))); 
ttag *!; 
ttag +0 ////; 
ttag +1 ////; 
ttag +2 ////; 
ttag +3 ////; 
ttag +4 ////; 
ttag +5 ////; 
ttag +6 ////; 
ttag +7 ////; 
ttag +8 ////; 
ttag +9 ////; 
ttag +10 ////; 
ttag +11 ////; 
ttag +12 ////; 
ttag +13 ////; 
ttag +14 ////; 
ttag +15 ////; 
ttag +16 ////; 
ttag +17 ////; 
ttag +18 ////; 
ttag +19 ////; 
ttag +20 ////; 
ttag +21 ////; 
ttag +22 ////; 
ttag +23 ////; 
ttag +24 ////; 
ttag +25 ////; 
ttag +26 ////; 
ttag +27 ////; 
ttag +28 ////; 
ttag +29 ////; 
ttag +30 ////; 
ttag +31 ////; 
ttag +32 ////; 
ttag +33 ////; 
ttag +34 ////; 
ttag +35 ////; 
ttag +36 ////; 
ttag +37 ////; 
ttag +38 ////; 
ttag +39 ////; 
ttag +40 ////; 
ttag +41 ////; 
ttag +42 ////; 
ttag +43 ////; 
ttag +44 ////; 
ttag +45 ////; 
ttag +46 ////; 
ttag +47 ////; 
ttag +48 ////; 
ttag +49 100/100/100/100/100; 
ttag +50 91/88/80/89/82; 
ttag +51 53/33/23/55/28; 
ttag +52 100/100/98/100/98; 
ttag +53 27/[1]/0/20/7; 
ttag +54 37/10/10/30/22; 
ttag +55 94/91/81/95/81; 
ttag +56 98/97/95/98/95; 
ttag +57 96/96/87/92/88; 
ttag +58 43/26/28/39/32; 
ttag +59 86/84/65/88/61; 
ttag +60 83/80/72/88/65; 
ttag +61 99/99/95/97/96; 
ttag +62 100/100/100/100/100; 
ttag +63 52/43/38/53/39; 
ttag +64 98/98/94/97/94; 
ttag +65 98/98/96/99/96; 
ttag +66 92/89/87/94/87; 
ttag +67 80/79/77/73/78; 
ttag +68 96/96/93/91/92; 
ttag +69 100/100/100/100/100; 
ttag +70 100/100/100/100/100; 
ttag +71 100/100/100/100/100; 
ttag +72 98/98/98/98/97; 
ttag +73 100/100/99/100/97; 
ttag +74 99/99/97/98/96; 
ttag +75 97/96/88/95/92; 
ttag +76 74/61/68/70/59; 
ttag +77 98/97/94/97/93; 
ttag +78 100/100/100/100/100; 
ttag +79 100/100/98/100/98; 
ttag +80 25/2/?/1/?; 
ttag +81 51/29/26/25/24; 
ttag +82 81/72/67/73/62; 
ttag +83 54/46/38/52/34; 
ttag +84 93/92/86/92/79; 
ttag +85 98/98/98/96/99; 
ttag +86 98/98/96/100/98; 
ttag +87 99/99/99/100/99; 
ttag +88 98/98/98/100/99; 
ttag +89 71/62/46/64/48; 
ttag +90 100/100/99/100/98; 
ttag +91 70/52/46/56/33; 
ttag +92 100/100/99/100/98; 
ttag +93 96/94/86/94/86; 
ttag +94 97/96/96/97/92; 
