tread
'Tree with tags' 
(0 (((1 (((2 3 )(((4 5 )(6 7 ))(9 (8 (10 (11 12 ))))))((26 (27 (28 (29 30 ))))(39 ((31 ((32 33 )((34 35 )(36 (37 38 )))))(40 (41 (42 (43 ((44 45 )(46 47 )))))))))))(17 (15 16 )(18 19 ((20 21 )((22 23 )(24 25 ))))))(13 14 ))); 
ttag *!; 
ttag +49 1; 
ttag +50 2; 
ttag +51 ???; 
ttag +52 6; 
ttag +53 7; 
ttag +54 1; 
ttag +55 2; 
ttag +56 7; 
ttag +57 3; 
ttag +58 2; 
ttag +59 1; 
ttag +60 2; 
ttag +61 4; 
ttag +62 5; 
ttag +63 3; 
ttag +64 9; 
ttag +65 2; 
ttag +66 5; 
ttag +67 6; 
ttag +68 8; 
ttag +69 7; 
ttag +70 5; 
ttag +71 1; 
ttag +72 5; 
ttag +73 9; 
ttag +74 7; 
ttag +75 5; 
ttag +76 10; 
ttag +77 9; 
ttag +78 2; 
ttag +79 2; 
ttag +80 2; 
ttag +81 3; 
ttag +82 9; 
ttag +83 1; 
ttag +84 11; 
ttag +85 11; 
ttag +86 6; 
ttag +87 2; 
ttag +88 9; 
ttag +89 6; 
ttag +90 3; 
ttag +91 4; 
ttag +92 5; 
tread
'Tree with tags' 
(0 (((1 (((2 3 )(((4 5 )(6 7 ))(9 (8 (10 (11 12 ))))))((26 (27 (28 (29 30 ))))(39 ((31 ((32 33 )((34 35 )(36 (37 38 )))))(40 (41 (42 (43 ((44 45 )(46 47 )))))))))))((15 16 )(17 (18 (19 ((20 21 )((22 23 )(24 25 ))))))))(13 14 ))); 
ttag *!; 
ttag +0 ////; 
ttag +1 ////; 
ttag +2 ////; 
ttag +3 ////; 
ttag +4 ////; 
ttag +5 ////; 
ttag +6 ////; 
ttag +7 ////; 
ttag +8 ////; 
ttag +9 ////; 
ttag +10 ////; 
ttag +11 ////; 
ttag +12 ////; 
ttag +13 ////; 
ttag +14 ////; 
ttag +15 ////; 
ttag +16 ////; 
ttag +17 ////; 
ttag +18 ////; 
ttag +19 ////; 
ttag +20 ////; 
ttag +21 ////; 
ttag +22 ////; 
ttag +23 ////; 
ttag +24 ////; 
ttag +25 ////; 
ttag +26 ////; 
ttag +27 ////; 
ttag +28 ////; 
ttag +29 ////; 
ttag +30 ////; 
ttag +31 ////; 
ttag +32 ////; 
ttag +33 ////; 
ttag +34 ////; 
ttag +35 ////; 
ttag +36 ////; 
ttag +37 ////; 
ttag +38 ////; 
ttag +39 ////; 
ttag +40 ////; 
ttag +41 ////; 
ttag +42 ////; 
ttag +43 ////; 
ttag +44 ////; 
ttag +45 ////; 
ttag +46 ////; 
ttag +47 ////; 
ttag +48 ////; 
ttag +49 17/[3]/?/8/1; 
ttag +50 37/17/13/29/18; 
ttag +51 100/100/100/100/100; 
ttag +52 98/98/98/97/92; 
ttag +53 95/94/89/99/90; 
ttag +54 18/[9]/?/4/?; 
ttag +55 85/85/83/78/83; 
ttag +56 98/98/97/98/95; 
ttag +57 83/80/76/77/76; 
ttag +58 73/69/63/72/54; 
ttag +59 40/18/4/22/12; 
ttag +60 78/74/68/78/68; 
ttag +61 88/85/74/84/71; 
ttag +62 92/91/82/93/78; 
ttag +63 75/67/55/72/60; 
ttag +64 99/99/98/100/95; 
ttag +65 73/68/61/77/62; 
ttag +66 45/17/11/22/13; 
ttag +67 98/97/93/97/91; 
ttag +68 21/[28]/?/?/?; 
ttag +69 100/100/99/100/99; 
ttag +70 99/99/96/97/98; 
ttag +71 98/98/98/99/98; 
ttag +72 96/94/86/96/90; 
ttag +73 66/53/35/47/37; 
ttag +74 95/94/89/93/82; 
ttag +75 99/99/94/99/95; 
ttag +76 96/95/88/94/85; 
ttag +77 94/93/85/92/80; 
ttag +78 98/98/92/98/92; 
ttag +79 100/100/96/99/97; 
ttag +80 55/41/31/32/32; 
ttag +81 60/42/27/28/26; 
ttag +82 68/62/50/68/48; 
ttag +83 90/88/76/81/71; 
ttag +84 100/100/99/100/100; 
ttag +85 63/60/48/56/46; 
ttag +86 100/100/98/100/98; 
ttag +87 100/100/100/99/100; 
ttag +88 98/97/84/96/89; 
ttag +89 73/60/45/70/51; 
ttag +90 96/95/95/97/95; 
ttag +91 99/99/98/99/97; 
ttag +92 82/76/66/80/69; 
ttag +93 92/89/72/93/79; 
ttag +94 96/94/92/96/92; 
