tread
'Tree with tags' 
(0 ((1 ((8 (9 (2 3 ))(10 (11 12 )))(4 5 (6 7 ))))(((13 14 )((26 (27 (28 (29 30 ))))((31 (((32 33 )(34 35 ))(36 (37 38 ))))(39 (40 41 (42 43 (44 45 46 47 )))))))((15 16 )(17 (18 (19 ((20 21 )(25 (24 (22 23 ))))))))))); 
ttag *!; 
ttag +49 1; 
ttag +50 ???; 
ttag +51 4; 
ttag +52 1; 
ttag +53 1; 
ttag +54 8; 
ttag +55 10; 
ttag +56 4; 
ttag +57 7; 
ttag +58 7; 
ttag +59 4; 
ttag +60 1; 
ttag +61 2; 
ttag +62 10; 
ttag +63 7; 
ttag +64 1; 
ttag +65 5; 
ttag +66 5; 
ttag +67 11; 
ttag +68 9; 
ttag +69 11; 
ttag +70 2; 
ttag +71 5; 
ttag +72 7; 
ttag +73 8; 
ttag +74 3; 
ttag +75 2; 
ttag +76 15; 
ttag +77 1; 
ttag +78 10; 
ttag +79 8; 
ttag +80 1; 
ttag +81 6; 
ttag +82 8; 
ttag +83 10; 
ttag +84 12; 
ttag +85 1; 
ttag +86 4; 
ttag +87 10; 
ttag +88 5; 
tread
'Tree with tags' 
(0 ((1 (((9 (2 3 ))(8 (10 (11 12 ))))(4 (5 (6 7 )))))(((13 14 )((26 (27 (28 (29 30 ))))((31 (((32 33 )(34 35 ))(36 (37 38 ))))(39 (40 (41 (42 (43 (46 (44 (45 47 )))))))))))((15 16 )(17 (18 (19 ((20 21 )(25 (24 (22 23 ))))))))))); 
ttag *!; 
ttag +0 ////; 
ttag +1 ////; 
ttag +2 ////; 
ttag +3 ////; 
ttag +4 ////; 
ttag +5 ////; 
ttag +6 ////; 
ttag +7 ////; 
ttag +8 ////; 
ttag +9 ////; 
ttag +10 ////; 
ttag +11 ////; 
ttag +12 ////; 
ttag +13 ////; 
ttag +14 ////; 
ttag +15 ////; 
ttag +16 ////; 
ttag +17 ////; 
ttag +18 ////; 
ttag +19 ////; 
ttag +20 ////; 
ttag +21 ////; 
ttag +22 ////; 
ttag +23 ////; 
ttag +24 ////; 
ttag +25 ////; 
ttag +26 ////; 
ttag +27 ////; 
ttag +28 ////; 
ttag +29 ////; 
ttag +30 ////; 
ttag +31 ////; 
ttag +32 ////; 
ttag +33 ////; 
ttag +34 ////; 
ttag +35 ////; 
ttag +36 ////; 
ttag +37 ////; 
ttag +38 ////; 
ttag +39 ////; 
ttag +40 ////; 
ttag +41 ////; 
ttag +42 ////; 
ttag +43 ////; 
ttag +44 ////; 
ttag +45 ////; 
ttag +46 ////; 
ttag +47 ////; 
ttag +48 ////; 
ttag +49 23/10/7/19/5; 
ttag +50 100/100/100/100/100; 
ttag +51 92/90/87/95/89; 
ttag +52 38/11/?/20/11; 
ttag +53 42/15/5/20/17; 
ttag +54 96/95/88/96/89; 
ttag +55 100/100/100/100/100; 
ttag +56 22/[24]/?/?/?; 
ttag +57 94/94/84/93/88; 
ttag +58 20/5/?/?/?; 
ttag +59 99/99/95/99/96; 
ttag +60 99/99/98/100/98; 
ttag +61 98/98/95/96/96; 
ttag +62 58/57/42/49/51; 
ttag +63 72/62/44/64/48; 
ttag +64 99/99/100/100/98; 
ttag +65 98/98/94/98/93; 
ttag +66 47/18/18/18/30; 
ttag +67 98/98/93/98/95; 
ttag +68 94/93/82/93/88; 
ttag +69 100/100/100/100/100; 
ttag +70 100/100/99/99/99; 
ttag +71 100/100/100/100/100; 
ttag +72 84/82/78/80/72; 
ttag +73 96/94/85/88/77; 
ttag +74 99/99/95/98/96; 
ttag +75 97/96/88/98/94; 
ttag +76 79/72/59/70/55; 
ttag +77 64/56/49/58/48; 
ttag +78 100/100/100/100/99; 
ttag +79 60/47/38/46/34; 
ttag +80 98/98/96/98/97; 
ttag +81 100/100/99/100/100; 
ttag +82 54/44/45/44/32; 
ttag +83 99/99/95/98/93; 
ttag +84 100/100/100/99/99; 
ttag +85 100/100/100/99/100; 
ttag +86 100/100/100/100/100; 
ttag +87 52/40/26/38/27; 
ttag +88 92/90/77/86/75; 
ttag +89 34/[10]/?/?/?; 
ttag +90 99/99/98/100/99; 
ttag +91 46/30/13/24/24; 
ttag +92 46/13/3/7/13; 
ttag +93 96/96/97/99/97; 
ttag +94 23/[9]/?/?/?; 
