tread
'Tree with tags' 
(0 ((1 (13 14 )((15 16 )(17 (18 19 ((20 21 )((22 23 )(24 25 )))))))(((2 3 )(8 9 (6 7 (4 5 ))(10 (11 12 ))))((26 (27 (28 (29 30 ))))(39 ((31 ((32 33 )(34 35 )(36 (37 38 ))))((40 41 )(42 (43 ((44 45 )(46 47 ))))))))))); 
ttag *!; 
ttag +49 1; 
ttag +50 ???; 
ttag +51 11; 
ttag +52 1; 
ttag +53 1; 
ttag +54 6; 
ttag +55 7; 
ttag +56 3; 
ttag +57 2; 
ttag +58 8; 
ttag +59 10; 
ttag +60 8; 
ttag +61 5; 
ttag +62 1; 
ttag +63 2; 
ttag +64 4; 
ttag +65 9; 
ttag +66 10; 
ttag +67 6; 
ttag +68 6; 
ttag +69 9; 
ttag +70 8; 
ttag +71 3; 
ttag +72 6; 
ttag +73 11; 
ttag +74 1; 
ttag +75 1; 
ttag +76 11; 
ttag +77 11; 
ttag +78 5; 
ttag +79 2; 
ttag +80 6; 
ttag +81 10; 
ttag +82 1; 
ttag +83 7; 
ttag +84 12; 
ttag +85 3; 
ttag +86 15; 
ttag +87 7; 
ttag +88 6; 
tread
'Tree with tags' 
(0 (((1 (13 14 ))((15 16 )(17 (19 (18 ((20 21 )((22 23 )(24 25 ))))))))(((2 3 )(9 (((4 5 )(6 7 ))(8 (10 (11 12 ))))))((26 (27 (28 (29 30 ))))(39 ((31 ((32 33 )((34 35 )(36 (37 38 )))))((40 41 )(42 (43 ((44 45 )(46 47 ))))))))))); 
ttag *!; 
ttag +0 ////; 
ttag +1 ////; 
ttag +2 ////; 
ttag +3 ////; 
ttag +4 ////; 
ttag +5 ////; 
ttag +6 ////; 
ttag +7 ////; 
ttag +8 ////; 
ttag +9 ////; 
ttag +10 ////; 
ttag +11 ////; 
ttag +12 ////; 
ttag +13 ////; 
ttag +14 ////; 
ttag +15 ////; 
ttag +16 ////; 
ttag +17 ////; 
ttag +18 ////; 
ttag +19 ////; 
ttag +20 ////; 
ttag +21 ////; 
ttag +22 ////; 
ttag +23 ////; 
ttag +24 ////; 
ttag +25 ////; 
ttag +26 ////; 
ttag +27 ////; 
ttag +28 ////; 
ttag +29 ////; 
ttag +30 ////; 
ttag +31 ////; 
ttag +32 ////; 
ttag +33 ////; 
ttag +34 ////; 
ttag +35 ////; 
ttag +36 ////; 
ttag +37 ////; 
ttag +38 ////; 
ttag +39 ////; 
ttag +40 ////; 
ttag +41 ////; 
ttag +42 ////; 
ttag +43 ////; 
ttag +44 ////; 
ttag +45 ////; 
ttag +46 ////; 
ttag +47 ////; 
ttag +48 ////; 
ttag +49 32/0/7/11/9; 
ttag +50 19/7/?/11/?; 
ttag +51 100/100/100/100/100; 
ttag +52 100/100/99/98/98; 
ttag +53 68/52/56/58/49; 
ttag +54 54/42/24/47/28; 
ttag +55 98/97/98/100/98; 
ttag +56 100/100/97/99/98; 
ttag +57 16/[26]/?/?/?; 
ttag +58 86/77/64/76/68; 
ttag +59 37/14/24/15/20; 
ttag +60 21/[22]/?/?/?; 
ttag +61 72/63/58/60/59; 
ttag +62 100/100/100/99/100; 
ttag +63 100/100/100/100/100; 
ttag +64 100/100/99/100/100; 
ttag +65 92/90/82/90/84; 
ttag +66 65/57/58/62/60; 
ttag +67 0/[15]/?/?/?; 
ttag +68 60/49/29/46/32; 
ttag +69 97/97/98/98/97; 
ttag +70 100/100/98/100/98; 
ttag +71 100/100/100/100/99; 
ttag +72 92/90/88/94/86; 
ttag +73 99/99/97/100/97; 
ttag +74 99/99/97/99/97; 
ttag +75 98/98/96/98/94; 
ttag +76 93/91/81/88/81; 
ttag +77 94/92/88/95/89; 
ttag +78 100/100/99/100/100; 
ttag +79 75/64/63/68/55; 
ttag +80 75/68/46/59/64; 
ttag +81 100/100/100/100/99; 
ttag +82 100/100/100/100/100; 
ttag +83 97/96/95/96/92; 
ttag +84 86/82/78/86/80; 
ttag +85 38/0/8/3/?; 
ttag +86 99/99/97/99/96; 
ttag +87 100/100/100/100/100; 
ttag +88 59/38/35/38/36; 
ttag +89 99/99/94/98/98; 
ttag +90 99/99/98/100/98; 
ttag +91 86/83/76/83/72; 
ttag +92 100/100/100/100/100; 
ttag +93 97/96/90/98/91; 
ttag +94 98/98/97/99/94; 
