tread
'Tree with tags' 
(0 (1 ((2 3 )((7 (6 (4 5 )))(10 (8 9 )(11 12 ))))(13 14 )(17 ((15 16 )(18 (19 ((20 21 )((22 23 )(24 25 )))))))((26 27 (28 (29 30 )))(39 (31 ((32 33 )(34 35 )(36 (37 38 ))))((40 41 )(42 (43 ((44 45 )(46 47 ))))))))); 
ttag *!; 
ttag +49 ???; 
ttag +50 7; 
ttag +51 8; 
ttag +52 8; 
ttag +53 1; 
ttag +54 6; 
ttag +55 1; 
ttag +56 3; 
ttag +57 2; 
ttag +58 9; 
ttag +59 5; 
ttag +60 13; 
ttag +61 4; 
ttag +62 4; 
ttag +63 7; 
ttag +64 3; 
ttag +65 13; 
ttag +66 3; 
ttag +67 14; 
ttag +68 8; 
ttag +69 4; 
ttag +70 6; 
ttag +71 7; 
ttag +72 3; 
ttag +73 9; 
ttag +74 5; 
ttag +75 1; 
ttag +76 2; 
ttag +77 4; 
ttag +78 4; 
ttag +79 12; 
ttag +80 5; 
ttag +81 3; 
ttag +82 5; 
ttag +83 4; 
ttag +84 1; 
ttag +85 10; 
ttag +86 4; 
ttag +87 3; 
tread
'Tree with tags' 
(0 ((1 (17 ((15 16 )(18 (19 ((20 21 )((22 23 )(24 25 ))))))))((((2 3 )((7 (6 (4 5 )))((10 (8 9 ))(11 12 ))))(13 14 ))((26 (27 (28 (29 30 ))))(39 ((31 (((32 33 )(36 (37 38 )))(34 35 )))((40 41 )(42 (43 ((44 45 )(46 47 ))))))))))); 
ttag *!; 
ttag +0 ////; 
ttag +1 ////; 
ttag +2 ////; 
ttag +3 ////; 
ttag +4 ////; 
ttag +5 ////; 
ttag +6 ////; 
ttag +7 ////; 
ttag +8 ////; 
ttag +9 ////; 
ttag +10 ////; 
ttag +11 ////; 
ttag +12 ////; 
ttag +13 ////; 
ttag +14 ////; 
ttag +15 ////; 
ttag +16 ////; 
ttag +17 ////; 
ttag +18 ////; 
ttag +19 ////; 
ttag +20 ////; 
ttag +21 ////; 
ttag +22 ////; 
ttag +23 ////; 
ttag +24 ////; 
ttag +25 ////; 
ttag +26 ////; 
ttag +27 ////; 
ttag +28 ////; 
ttag +29 ////; 
ttag +30 ////; 
ttag +31 ////; 
ttag +32 ////; 
ttag +33 ////; 
ttag +34 ////; 
ttag +35 ////; 
ttag +36 ////; 
ttag +37 ////; 
ttag +38 ////; 
ttag +39 ////; 
ttag +40 ////; 
ttag +41 ////; 
ttag +42 ////; 
ttag +43 ////; 
ttag +44 ////; 
ttag +45 ////; 
ttag +46 ////; 
ttag +47 ////; 
ttag +48 ////; 
ttag +49 9/[6]/?/?/?; 
ttag +50 100/100/100/100/100; 
ttag +51 100/100/97/100/98; 
ttag +52 99/99/96/98/99; 
ttag +53 40/27/21/35/21; 
ttag +54 13/[2]/?/?/?; 
ttag +55 98/98/92/98/91; 
ttag +56 59/45/30/50/34; 
ttag +57 95/93/91/92/91; 
ttag +58 60/44/38/48/43; 
ttag +59 97/96/93/96/91; 
ttag +60 25/[10]/?/?/?; 
ttag +61 79/74/62/73/71; 
ttag +62 99/98/96/100/99; 
ttag +63 99/99/97/100/98; 
ttag +64 100/100/100/100/100; 
ttag +65 92/90/79/90/81; 
ttag +66 87/85/74/88/83; 
ttag +67 99/98/94/99/92; 
ttag +68 78/69/49/67/53; 
ttag +69 100/100/100/100/100; 
ttag +70 76/67/51/64/51; 
ttag +71 100/100/100/100/100; 
ttag +72 100/100/95/99/97; 
ttag +73 94/93/87/92/88; 
ttag +74 95/94/87/94/84; 
ttag +75 97/96/91/94/91; 
ttag +76 34/17/17/5/12; 
ttag +77 80/69/68/74/72; 
ttag +78 100/100/100/100/100; 
ttag +79 92/88/82/93/81; 
ttag +80 26/[6]/2/?/?; 
ttag +81 48/38/29/37/28; 
ttag +82 85/79/73/76/74; 
ttag +83 28/[2]/7/2/6; 
ttag +84 85/79/68/87/67; 
ttag +85 96/95/90/93/86; 
ttag +86 100/100/100/100/99; 
ttag +87 100/100/98/99/99; 
ttag +88 96/95/92/95/92; 
ttag +89 93/88/88/94/86; 
ttag +90 95/94/90/92/88; 
ttag +91 57/44/38/33/32; 
ttag +92 100/100/99/99/100; 
ttag +93 81/68/60/68/59; 
ttag +94 88/81/75/81/66; 
