tread
'Tree with tags' 
(0 (1 (((2 3 )(9 (8 (((4 5 )(6 7 ))(10 (11 12 ))))))((13 14 )((31 39 (((32 33 )(36 (37 38 )))(34 35 )))((40 41 )(42 (43 ((44 45 )(46 47 )))))))((15 16 )(17 (18 (19 ((20 21 )((22 23 )(24 25 )))))))((26 27 )(28 (29 30 )))))); 
ttag *!; 
ttag +49 ???; 
ttag +50 8; 
ttag +51 5; 
ttag +52 1; 
ttag +53 2; 
ttag +54 3; 
ttag +55 1; 
ttag +56 1; 
ttag +57 3; 
ttag +58 7; 
ttag +59 5; 
ttag +60 11; 
ttag +61 10; 
ttag +62 1; 
ttag +63 6; 
ttag +64 8; 
ttag +65 4; 
ttag +66 3; 
ttag +67 2; 
ttag +68 5; 
ttag +69 2; 
ttag +70 10; 
ttag +71 7; 
ttag +72 7; 
ttag +73 1; 
ttag +74 6; 
ttag +75 4; 
ttag +76 6; 
ttag +77 1; 
ttag +78 2; 
ttag +79 7; 
ttag +80 1; 
ttag +81 5; 
ttag +82 4; 
ttag +83 11; 
ttag +84 8; 
ttag +85 6; 
ttag +86 5; 
ttag +87 11; 
ttag +88 9; 
ttag +89 9; 
ttag +90 3; 
ttag +91 5; 
tread
'Tree with tags' 
(0 (1 (((2 3 )(9 (8 (((4 5 )(6 7 ))(10 (11 12 ))))))((((13 14 )(((31 39 )(((32 33 )(36 (37 38 )))(34 35 )))((40 41 )(42 (43 ((44 45 )(46 47 )))))))((26 27 )(28 (29 30 ))))((15 16 )(17 (18 (19 ((20 21 )((22 23 )(24 25 ))))))))))); 
ttag *!; 
ttag +0 ////; 
ttag +1 ////; 
ttag +2 ////; 
ttag +3 ////; 
ttag +4 ////; 
ttag +5 ////; 
ttag +6 ////; 
ttag +7 ////; 
ttag +8 ////; 
ttag +9 ////; 
ttag +10 ////; 
ttag +11 ////; 
ttag +12 ////; 
ttag +13 ////; 
ttag +14 ////; 
ttag +15 ////; 
ttag +16 ////; 
ttag +17 ////; 
ttag +18 ////; 
ttag +19 ////; 
ttag +20 ////; 
ttag +21 ////; 
ttag +22 ////; 
ttag +23 ////; 
ttag +24 ////; 
ttag +25 ////; 
ttag +26 ////; 
ttag +27 ////; 
ttag +28 ////; 
ttag +29 ////; 
ttag +30 ////; 
ttag +31 ////; 
ttag +32 ////; 
ttag +33 ////; 
ttag +34 ////; 
ttag +35 ////; 
ttag +36 ////; 
ttag +37 ////; 
ttag +38 ////; 
ttag +39 ////; 
ttag +40 ////; 
ttag +41 ////; 
ttag +42 ////; 
ttag +43 ////; 
ttag +44 ////; 
ttag +45 ////; 
ttag +46 ////; 
ttag +47 ////; 
ttag +48 ////; 
ttag +49 100/100/100/100/100; 
ttag +50 100/100/99/99/97; 
ttag +51 93/90/90/90/86; 
ttag +52 51/50/46/41/51; 
ttag +53 84/80/78/79/76; 
ttag +54 77/73/66/78/62; 
ttag +55 35/22/9/20/13; 
ttag +56 27/14/4/13/3; 
ttag +57 90/87/78/89/81; 
ttag +58 99/98/96/99/91; 
ttag +59 96/96/88/98/95; 
ttag +60 100/100/100/100/100; 
ttag +61 100/100/100/100/100; 
ttag +62 43/23/12/31/24; 
ttag +63 32/16/14/23/18; 
ttag +64 48/24/17/18/17; 
ttag +65 98/98/94/97/97; 
ttag +66 98/98/95/98/96; 
ttag +67 93/91/80/90/83; 
ttag +68 92/90/84/91/82; 
ttag +69 61/52/37/48/30; 
ttag +70 98/98/100/100/100; 
ttag +71 67/56/38/50/31; 
ttag +72 100/100/98/99/98; 
ttag +73 98/98/94/98/90; 
ttag +74 99/99/98/99/97; 
ttag +75 69/52/50/48/50; 
ttag +76 98/96/93/97/91; 
ttag +77 95/93/88/91/85; 
ttag +78 100/100/100/98/100; 
ttag +79 35/0/1/?/4; 
ttag +80 63/52/31/52/31; 
ttag +81 79/74/67/68/72; 
ttag +82 100/100/99/99/100; 
ttag +83 59/41/27/45/34; 
ttag +84 96/96/90/95/89; 
ttag +85 99/99/96/94/96; 
ttag +86 100/100/100/100/98; 
ttag +87 99/99/99/99/99; 
ttag +88 100/100/100/99/99; 
ttag +89 95/95/88/93/89; 
ttag +90 100/100/100/100/100; 
ttag +91 100/100/99/100/99; 
ttag +92 99/99/99/100/98; 
ttag +93 87/86/74/83/70; 
ttag +94 96/95/94/96/89; 
