tread
'Tree with tags' 
(0 ((1 (((2 3 )(8 9 ))(((4 5 )(6 7 ))(10 (11 12 )))))(13 14 )((15 16 )(17 (18 (19 ((20 21 )((22 23 )(24 25 )))))))((26 (27 (28 (29 30 ))))((31 ((32 33 )((34 35 )(36 (37 38 )))))(39 ((40 41 )(42 (43 ((44 45 )(46 47 )))))))))); 
ttag *!; 
ttag +49 2; 
ttag +50 ???; 
ttag +51 5; 
ttag +52 1; 
ttag +53 7; 
ttag +54 7; 
ttag +55 5; 
ttag +56 1; 
ttag +57 3; 
ttag +58 1; 
ttag +59 6; 
ttag +60 11; 
ttag +61 6; 
ttag +62 11; 
ttag +63 5; 
ttag +64 3; 
ttag +65 6; 
ttag +66 2; 
ttag +67 5; 
ttag +68 8; 
ttag +69 8; 
ttag +70 5; 
ttag +71 1; 
ttag +72 11; 
ttag +73 1; 
ttag +74 3; 
ttag +75 8; 
ttag +76 6; 
ttag +77 6; 
ttag +78 6; 
ttag +79 3; 
ttag +80 1; 
ttag +81 2; 
ttag +82 2; 
ttag +83 4; 
ttag +84 6; 
ttag +85 2; 
ttag +86 3; 
ttag +87 6; 
ttag +88 7; 
ttag +89 5; 
ttag +90 5; 
ttag +91 8; 
ttag +92 1; 
tread
'Tree with tags' 
(0 ((((1 (((2 3 )(8 9 ))(((4 5 )(6 7 ))(10 (11 12 )))))((26 (27 (28 (29 30 ))))((31 ((32 33 )((34 35 )(36 (37 38 )))))(39 ((40 41 )(42 (43 ((44 45 )(46 47 )))))))))((15 16 )(17 (18 (19 ((20 21 )((22 23 )(24 25 ))))))))(13 14 ))); 
ttag *!; 
ttag +0 ////; 
ttag +1 ////; 
ttag +2 ////; 
ttag +3 ////; 
ttag +4 ////; 
ttag +5 ////; 
ttag +6 ////; 
ttag +7 ////; 
ttag +8 ////; 
ttag +9 ////; 
ttag +10 ////; 
ttag +11 ////; 
ttag +12 ////; 
ttag +13 ////; 
ttag +14 ////; 
ttag +15 ////; 
ttag +16 ////; 
ttag +17 ////; 
ttag +18 ////; 
ttag +19 ////; 
ttag +20 ////; 
ttag +21 ////; 
ttag +22 ////; 
ttag +23 ////; 
ttag +24 ////; 
ttag +25 ////; 
ttag +26 ////; 
ttag +27 ////; 
ttag +28 ////; 
ttag +29 ////; 
ttag +30 ////; 
ttag +31 ////; 
ttag +32 ////; 
ttag +33 ////; 
ttag +34 ////; 
ttag +35 ////; 
ttag +36 ////; 
ttag +37 ////; 
ttag +38 ////; 
ttag +39 ////; 
ttag +40 ////; 
ttag +41 ////; 
ttag +42 ////; 
ttag +43 ////; 
ttag +44 ////; 
ttag +45 ////; 
ttag +46 ////; 
ttag +47 ////; 
ttag +48 ////; 
ttag +49 54/43/31/48/27; 
ttag +50 14/[14]/?/?/?; 
ttag +51 26/[2]/?/7/2; 
ttag +52 100/100/100/100/100; 
ttag +53 99/98/96/96/94; 
ttag +54 45/30/20/21/22; 
ttag +55 96/94/97/98/92; 
ttag +56 98/98/96/97/92; 
ttag +57 97/97/94/96/88; 
ttag +58 29/[7]/?/?/?; 
ttag +59 77/68/66/80/60; 
ttag +60 54/46/45/40/40; 
ttag +61 94/93/84/90/78; 
ttag +62 100/100/100/100/100; 
ttag +63 99/99/96/95/94; 
ttag +64 100/100/100/100/99; 
ttag +65 88/86/78/90/76; 
ttag +66 68/58/45/68/55; 
ttag +67 87/85/80/90/82; 
ttag +68 69/63/56/70/63; 
ttag +69 100/100/99/99/99; 
ttag +70 96/94/90/94/90; 
ttag +71 99/99/99/100/100; 
ttag +72 96/96/85/93/88; 
ttag +73 59/31/22/34/30; 
ttag +74 100/100/100/100/100; 
ttag +75 54/42/36/45/38; 
ttag +76 85/81/68/78/70; 
ttag +77 100/100/98/99/97; 
ttag +78 100/100/95/99/97; 
ttag +79 98/98/90/96/94; 
ttag +80 96/96/86/93/88; 
ttag +81 91/89/78/89/84; 
ttag +82 56/48/42/54/38; 
ttag +83 69/62/51/66/59; 
ttag +84 59/50/40/60/37; 
ttag +85 96/96/94/96/92; 
ttag +86 96/93/88/98/91; 
ttag +87 62/51/28/40/28; 
ttag +88 71/57/39/53/44; 
ttag +89 93/89/83/88/83; 
ttag +90 99/99/97/99/96; 
ttag +91 95/92/84/93/84; 
ttag +92 98/97/93/96/92; 
ttag +93 99/99/98/99/98; 
ttag +94 58/38/20/35/23; 
