tread
'Tree with tags' 
(0 ((((1 ((26 (27 (28 (29 30 ))))(39 (31 ((32 33 )((34 35 )(36 (37 38 )))))(40 (41 (42 (43 (46 47 (44 45 )))))))))((2 3 )(((4 5 )(6 7 ))((8 9 )(10 (11 12 ))))))(13 14 ))((15 16 )(17 (18 (19 ((20 21 )(24 25 (22 23 ))))))))); 
ttag *!; 
ttag +49 1; 
ttag +50 2; 
ttag +51 2; 
ttag +52 ???; 
ttag +53 7; 
ttag +54 10; 
ttag +55 2; 
ttag +56 9; 
ttag +57 2; 
ttag +58 3; 
ttag +59 3; 
ttag +60 3; 
ttag +61 4; 
ttag +62 9; 
ttag +63 10; 
ttag +64 9; 
ttag +65 11; 
ttag +66 2; 
ttag +67 5; 
ttag +68 2; 
ttag +69 3; 
ttag +70 6; 
ttag +71 8; 
ttag +72 5; 
ttag +73 7; 
ttag +74 6; 
ttag +75 4; 
ttag +76 10; 
ttag +77 9; 
ttag +78 3; 
ttag +79 5; 
ttag +80 5; 
ttag +81 4; 
ttag +82 5; 
ttag +83 3; 
ttag +84 7; 
ttag +85 5; 
ttag +86 6; 
ttag +87 1; 
ttag +88 6; 
ttag +89 4; 
ttag +90 6; 
ttag +91 6; 
tread
'Tree with tags' 
(0 ((((1 ((26 (27 (28 (29 30 ))))(39 ((31 ((32 33 )((34 35 )(36 (37 38 )))))(40 (41 (42 (43 (46 (47 (44 45 )))))))))))((2 3 )(((4 5 )(6 7 ))((8 9 )(10 (11 12 ))))))(13 14 ))((15 16 )(17 (18 (19 ((20 21 )((22 23 )(24 25 ))))))))); 
ttag *!; 
ttag +0 ////; 
ttag +1 ////; 
ttag +2 ////; 
ttag +3 ////; 
ttag +4 ////; 
ttag +5 ////; 
ttag +6 ////; 
ttag +7 ////; 
ttag +8 ////; 
ttag +9 ////; 
ttag +10 ////; 
ttag +11 ////; 
ttag +12 ////; 
ttag +13 ////; 
ttag +14 ////; 
ttag +15 ////; 
ttag +16 ////; 
ttag +17 ////; 
ttag +18 ////; 
ttag +19 ////; 
ttag +20 ////; 
ttag +21 ////; 
ttag +22 ////; 
ttag +23 ////; 
ttag +24 ////; 
ttag +25 ////; 
ttag +26 ////; 
ttag +27 ////; 
ttag +28 ////; 
ttag +29 ////; 
ttag +30 ////; 
ttag +31 ////; 
ttag +32 ////; 
ttag +33 ////; 
ttag +34 ////; 
ttag +35 ////; 
ttag +36 ////; 
ttag +37 ////; 
ttag +38 ////; 
ttag +39 ////; 
ttag +40 ////; 
ttag +41 ////; 
ttag +42 ////; 
ttag +43 ////; 
ttag +44 ////; 
ttag +45 ////; 
ttag +46 ////; 
ttag +47 ////; 
ttag +48 ////; 
ttag +49 38/26/12/30/24; 
ttag +50 50/39/15/44/31; 
ttag +51 58/49/34/54/41; 
ttag +52 100/100/100/100/100; 
ttag +53 100/100/97/100/99; 
ttag +54 100/100/98/100/99; 
ttag +55 77/72/62/76/61; 
ttag +56 100/100/99/100/99; 
ttag +57 75/64/50/64/50; 
ttag +58 84/80/76/82/68; 
ttag +59 70/65/49/68/49; 
ttag +60 68/63/44/65/50; 
ttag +61 92/90/76/91/78; 
ttag +62 100/100/100/100/100; 
ttag +63 100/100/100/99/100; 
ttag +64 100/100/100/100/100; 
ttag +65 100/100/100/100/100; 
ttag +66 72/57/50/64/41; 
ttag +67 95/95/85/96/86; 
ttag +68 70/64/40/66/39; 
ttag +69 92/90/89/91/93; 
ttag +70 97/96/94/98/91; 
ttag +71 99/99/100/100/98; 
ttag +72 97/96/90/97/90; 
ttag +73 41/3/3/?/?; 
ttag +74 99/98/97/99/98; 
ttag +75 97/96/89/95/94; 
ttag +76 91/87/76/89/80; 
ttag +77 100/100/100/100/100; 
ttag +78 99/99/100/99/100; 
ttag +79 89/88/80/90/81; 
ttag +80 30/[12]/?/?/?; 
ttag +81 96/95/88/94/90; 
ttag +82 95/94/89/97/87; 
ttag +83 91/90/86/95/84; 
ttag +84 98/97/95/96/92; 
ttag +85 84/79/77/88/83; 
ttag +86 100/100/98/99/95; 
ttag +87 96/96/89/99/94; 
ttag +88 98/98/96/98/91; 
ttag +89 81/74/63/72/64; 
ttag +90 98/98/97/98/94; 
ttag +91 96/96/97/99/99; 
ttag +92 100/100/100/99/100; 
ttag +93 46/14/22/17/15; 
ttag +94 100/100/99/100/99; 
