tread
'Tree with tags' 
(0 ((1 ((2 3 )(8 (9 (((4 5 )(6 7 ))(10 (11 12 )))))))(((13 14 )((26 (27 (28 (29 30 ))))((31 (((32 33 )(36 (37 38 )))(34 35 )))(39 ((40 41 )(42 (43 ((44 45 )(46 47 )))))))))((15 16 )(17 (18 (19 ((20 21 )((22 23 )(24 25 )))))))))); 
ttag *!; 
ttag +49 2; 
ttag +50 ???; 
ttag +51 12; 
ttag +52 8; 
ttag +53 5; 
ttag +54 8; 
ttag +55 2; 
ttag +56 2; 
ttag +57 2; 
ttag +58 5; 
ttag +59 2; 
ttag +60 9; 
ttag +61 11; 
ttag +62 2; 
ttag +63 2; 
ttag +64 11; 
ttag +65 6; 
ttag +66 1; 
ttag +67 2; 
ttag +68 2; 
ttag +69 8; 
ttag +70 5; 
ttag +71 12; 
ttag +72 3; 
ttag +73 2; 
ttag +74 7; 
ttag +75 3; 
ttag +76 5; 
ttag +77 8; 
ttag +78 13; 
ttag +79 7; 
ttag +80 8; 
ttag +81 5; 
ttag +82 1; 
ttag +83 2; 
ttag +84 1; 
ttag +85 5; 
ttag +86 7; 
ttag +87 1; 
ttag +88 7; 
ttag +89 11; 
ttag +90 4; 
ttag +91 5; 
ttag +92 7; 
ttag +93 7; 
ttag +94 1; 
tread
'Tree with tags' 
(0 ((1 ((2 3 )(8 (9 (((4 5 )(6 7 ))(10 (11 12 )))))))(((13 14 )((26 (27 (28 (29 30 ))))((31 (((32 33 )(36 (37 38 )))(34 35 )))(39 ((40 41 )(42 (43 ((44 45 )(46 47 )))))))))((15 16 )(17 (18 (19 ((20 21 )((22 23 )(24 25 )))))))))); 
ttag *!; 
ttag +0 ////; 
ttag +1 ////; 
ttag +2 ////; 
ttag +3 ////; 
ttag +4 ////; 
ttag +5 ////; 
ttag +6 ////; 
ttag +7 ////; 
ttag +8 ////; 
ttag +9 ////; 
ttag +10 ////; 
ttag +11 ////; 
ttag +12 ////; 
ttag +13 ////; 
ttag +14 ////; 
ttag +15 ////; 
ttag +16 ////; 
ttag +17 ////; 
ttag +18 ////; 
ttag +19 ////; 
ttag +20 ////; 
ttag +21 ////; 
ttag +22 ////; 
ttag +23 ////; 
ttag +24 ////; 
ttag +25 ////; 
ttag +26 ////; 
ttag +27 ////; 
ttag +28 ////; 
ttag +29 ////; 
ttag +30 ////; 
ttag +31 ////; 
ttag +32 ////; 
ttag +33 ////; 
ttag +34 ////; 
ttag +35 ////; 
ttag +36 ////; 
ttag +37 ////; 
ttag +38 ////; 
ttag +39 ////; 
ttag +40 ////; 
ttag +41 ////; 
ttag +42 ////; 
ttag +43 ////; 
ttag +44 ////; 
ttag +45 ////; 
ttag +46 ////; 
ttag +47 ////; 
ttag +48 ////; 
ttag +49 26/9/5/22/8; 
ttag +50 100/100/100/100/100; 
ttag +51 100/100/98/100/99; 
ttag +52 99/99/92/99/89; 
ttag +53 98/98/94/99/95; 
ttag +54 99/98/97/99/97; 
ttag +55 39/4/0/10/?; 
ttag +56 28/[6]/?/6/?; 
ttag +57 37/2/2/13/7; 
ttag +58 96/94/94/95/93; 
ttag +59 68/54/40/56/40; 
ttag +60 99/99/98/100/98; 
ttag +61 100/100/100/100/100; 
ttag +62 44/16/15/22/4; 
ttag +63 41/24/24/30/30; 
ttag +64 100/100/100/100/100; 
ttag +65 92/90/87/97/86; 
ttag +66 48/30/15/35/9; 
ttag +67 71/59/49/57/45; 
ttag +68 72/60/48/70/60; 
ttag +69 99/99/100/100/99; 
ttag +70 97/97/94/96/91; 
ttag +71 100/100/100/100/100; 
ttag +72 89/85/76/83/70; 
ttag +73 77/70/52/68/58; 
ttag +74 96/95/88/95/92; 
ttag +75 89/88/82/90/77; 
ttag +76 98/98/88/95/92; 
ttag +77 100/100/99/99/99; 
ttag +78 100/100/99/100/100; 
ttag +79 98/98/96/99/92; 
ttag +80 99/98/98/98/94; 
ttag +81 99/99/99/99/99; 
ttag +82 31/12/?/14/?; 
ttag +83 55/36/31/43/25; 
ttag +84 70/59/47/62/61; 
ttag +85 98/97/95/95/92; 
ttag +86 100/100/99/99/100; 
ttag +87 49/35/36/38/39; 
ttag +88 99/99/94/98/92; 
ttag +89 100/100/99/100/98; 
ttag +90 95/95/88/96/91; 
ttag +91 96/94/88/94/89; 
ttag +92 99/99/98/99/96; 
ttag +93 99/99/92/98/93; 
ttag +94 57/33/20/42/27; 
