tread
'Tree with tags' 
(0 (1 ((2 3 )(9 (8 ((4 5 )(6 7 ))(10 (11 12 )))))(13 14 )(((15 16 )(17 (18 (19 ((20 21 )((22 23 )(24 25 )))))))((26 (27 (28 (29 30 ))))(39 (31 ((32 33 )(34 35 )(36 (37 38 ))))((40 41 )(42 (43 (46 (47 (44 45 ))))))))))); 
ttag *!; 
ttag +49 ???; 
ttag +50 8; 
ttag +51 8; 
ttag +52 9; 
ttag +53 5; 
ttag +54 1; 
ttag +55 1; 
ttag +56 4; 
ttag +57 3; 
ttag +58 7; 
ttag +59 8; 
ttag +60 6; 
ttag +61 4; 
ttag +62 1; 
ttag +63 1; 
ttag +64 5; 
ttag +65 4; 
ttag +66 6; 
ttag +67 11; 
ttag +68 7; 
ttag +69 8; 
ttag +70 6; 
ttag +71 7; 
ttag +72 5; 
ttag +73 2; 
ttag +74 3; 
ttag +75 8; 
ttag +76 5; 
ttag +77 7; 
ttag +78 7; 
ttag +79 4; 
ttag +80 1; 
ttag +81 7; 
ttag +82 8; 
ttag +83 4; 
ttag +84 5; 
ttag +85 10; 
ttag +86 8; 
ttag +87 10; 
ttag +88 3; 
ttag +89 7; 
tread
'Tree with tags' 
(0 ((1 (((2 3 )(9 (((4 5 )(6 7 ))(8 (10 (11 12 ))))))(13 14 )))(((15 16 )(17 (18 (19 ((20 21 )((22 23 )(24 25 )))))))((26 (27 (28 (29 30 ))))(39 ((31 ((32 33 )((34 35 )(36 (37 38 )))))((40 41 )(42 (43 (46 (47 (44 45 )))))))))))); 
ttag *!; 
ttag +0 ////; 
ttag +1 ////; 
ttag +2 ////; 
ttag +3 ////; 
ttag +4 ////; 
ttag +5 ////; 
ttag +6 ////; 
ttag +7 ////; 
ttag +8 ////; 
ttag +9 ////; 
ttag +10 ////; 
ttag +11 ////; 
ttag +12 ////; 
ttag +13 ////; 
ttag +14 ////; 
ttag +15 ////; 
ttag +16 ////; 
ttag +17 ////; 
ttag +18 ////; 
ttag +19 ////; 
ttag +20 ////; 
ttag +21 ////; 
ttag +22 ////; 
ttag +23 ////; 
ttag +24 ////; 
ttag +25 ////; 
ttag +26 ////; 
ttag +27 ////; 
ttag +28 ////; 
ttag +29 ////; 
ttag +30 ////; 
ttag +31 ////; 
ttag +32 ////; 
ttag +33 ////; 
ttag +34 ////; 
ttag +35 ////; 
ttag +36 ////; 
ttag +37 ////; 
ttag +38 ////; 
ttag +39 ////; 
ttag +40 ////; 
ttag +41 ////; 
ttag +42 ////; 
ttag +43 ////; 
ttag +44 ////; 
ttag +45 ////; 
ttag +46 ////; 
ttag +47 ////; 
ttag +48 ////; 
ttag +49 33/0/0/1/?; 
ttag +50 100/100/100/100/100; 
ttag +51 100/100/97/100/99; 
ttag +52 100/100/98/100/98; 
ttag +53 31/[2]/?/?/3; 
ttag +54 100/100/99/100/100; 
ttag +55 97/96/94/97/92; 
ttag +56 38/21/4/16/4; 
ttag +57 68/50/32/47/36; 
ttag +58 93/92/90/94/88; 
ttag +59 9/[26]/?/?/?; 
ttag +60 76/69/55/63/48; 
ttag +61 98/98/98/100/98; 
ttag +62 99/99/100/100/100; 
ttag +63 98/98/95/96/96; 
ttag +64 87/86/66/84/74; 
ttag +65 58/47/42/54/44; 
ttag +66 54/29/13/23/14; 
ttag +67 92/90/80/93/84; 
ttag +68 90/88/73/90/79; 
ttag +69 99/99/100/99/99; 
ttag +70 99/98/99/99/99; 
ttag +71 100/100/100/100/99; 
ttag +72 100/100/99/100/99; 
ttag +73 98/97/92/97/93; 
ttag +74 91/88/71/89/76; 
ttag +75 95/93/85/94/85; 
ttag +76 60/44/26/48/30; 
ttag +77 64/48/35/59/38; 
ttag +78 99/99/98/100/98; 
ttag +79 90/87/87/94/86; 
ttag +80 17/[14]/?/?/?; 
ttag +81 99/99/96/98/97; 
ttag +82 100/100/100/100/98; 
ttag +83 96/95/87/94/93; 
ttag +84 72/63/57/56/67; 
ttag +85 34/15/8/11/9; 
ttag +86 100/100/98/100/98; 
ttag +87 99/99/97/99/96; 
ttag +88 92/88/87/96/82; 
ttag +89 87/84/70/84/69; 
ttag +90 99/99/99/100/99; 
ttag +91 99/98/98/100/100; 
ttag +92 99/99/96/98/95; 
ttag +93 97/96/88/94/86; 
ttag +94 99/98/93/98/94; 
