tread
'Tree with tags' 
(0 (1 ((2 3 )((7 (6 (4 5 )))(8 (9 (10 (11 12 ))))))((13 14 )((15 16 )(17 ((18 19 )((20 21 )((22 23 )(24 25 ))))))((26 (27 (28 (29 30 ))))(39 ((31 ((32 33 )((34 35 )(36 (37 38 )))))((40 41 )(42 (43 ((44 45 )(46 47 ))))))))))); 
ttag *!; 
ttag +49 ???; 
ttag +50 12; 
ttag +51 11; 
ttag +52 4; 
ttag +53 1; 
ttag +54 3; 
ttag +55 3; 
ttag +56 3; 
ttag +57 3; 
ttag +58 8; 
ttag +59 6; 
ttag +60 6; 
ttag +61 1; 
ttag +62 5; 
ttag +63 3; 
ttag +64 1; 
ttag +65 1; 
ttag +66 4; 
ttag +67 9; 
ttag +68 3; 
ttag +69 8; 
ttag +70 3; 
ttag +71 3; 
ttag +72 9; 
ttag +73 6; 
ttag +74 1; 
ttag +75 4; 
ttag +76 8; 
ttag +77 4; 
ttag +78 1; 
ttag +79 7; 
ttag +80 7; 
ttag +81 8; 
ttag +82 2; 
ttag +83 3; 
ttag +84 11; 
ttag +85 8; 
ttag +86 1; 
ttag +87 7; 
ttag +88 8; 
ttag +89 4; 
ttag +90 5; 
ttag +91 9; 
ttag +92 4; 
tread
'Tree with tags' 
(0 ((1 (((13 14 )((26 (27 (28 (29 30 ))))(39 ((31 ((32 33 )((34 35 )(36 (37 38 )))))((40 41 )(42 (43 ((44 45 )(46 47 )))))))))((15 16 )(17 ((18 19 )((20 21 )((22 23 )(24 25 ))))))))((2 3 )((7 (6 (4 5 )))(8 (9 (10 (11 12 )))))))); 
ttag *!; 
ttag +0 ////; 
ttag +1 ////; 
ttag +2 ////; 
ttag +3 ////; 
ttag +4 ////; 
ttag +5 ////; 
ttag +6 ////; 
ttag +7 ////; 
ttag +8 ////; 
ttag +9 ////; 
ttag +10 ////; 
ttag +11 ////; 
ttag +12 ////; 
ttag +13 ////; 
ttag +14 ////; 
ttag +15 ////; 
ttag +16 ////; 
ttag +17 ////; 
ttag +18 ////; 
ttag +19 ////; 
ttag +20 ////; 
ttag +21 ////; 
ttag +22 ////; 
ttag +23 ////; 
ttag +24 ////; 
ttag +25 ////; 
ttag +26 ////; 
ttag +27 ////; 
ttag +28 ////; 
ttag +29 ////; 
ttag +30 ////; 
ttag +31 ////; 
ttag +32 ////; 
ttag +33 ////; 
ttag +34 ////; 
ttag +35 ////; 
ttag +36 ////; 
ttag +37 ////; 
ttag +38 ////; 
ttag +39 ////; 
ttag +40 ////; 
ttag +41 ////; 
ttag +42 ////; 
ttag +43 ////; 
ttag +44 ////; 
ttag +45 ////; 
ttag +46 ////; 
ttag +47 ////; 
ttag +48 ////; 
ttag +49 15/[11]/?/?/?; 
ttag +50 100/100/100/100/100; 
ttag +51 100/100/100/100/100; 
ttag +52 99/99/99/100/100; 
ttag +53 94/91/84/93/88; 
ttag +54 44/12/4/17/4; 
ttag +55 93/92/87/92/90; 
ttag +56 58/34/31/56/40; 
ttag +57 56/32/29/54/40; 
ttag +58 55/32/26/54/38; 
ttag +59 98/97/90/96/97; 
ttag +60 99/99/94/99/96; 
ttag +61 100/100/99/99/100; 
ttag +62 4/[21]/?/?/?; 
ttag +63 39/12/?/4/5; 
ttag +64 99/99/97/97/97; 
ttag +65 94/93/86/86/81; 
ttag +66 39/11/14/20/19; 
ttag +67 56/36/28/30/33; 
ttag +68 94/93/87/91/86; 
ttag +69 100/100/100/100/100; 
ttag +70 92/87/76/85/81; 
ttag +71 100/100/99/100/98; 
ttag +72 76/60/48/66/67; 
ttag +73 94/92/83/88/80; 
ttag +74 99/99/98/100/98; 
ttag +75 100/100/97/99/98; 
ttag +76 68/55/38/43/34; 
ttag +77 94/93/88/96/86; 
ttag +78 100/100/99/100/97; 
ttag +79 95/93/84/93/87; 
ttag +80 63/61/50/59/53; 
ttag +81 98/98/97/100/96; 
ttag +82 99/99/98/99/100; 
ttag +83 100/100/97/99/98; 
ttag +84 84/77/67/80/74; 
ttag +85 94/94/89/93/92; 
ttag +86 99/99/98/100/99; 
ttag +87 100/100/100/100/98; 
ttag +88 41/23/14/30/20; 
ttag +89 99/99/94/98/96; 
ttag +90 100/100/100/100/98; 
ttag +91 90/87/69/90/83; 
ttag +92 96/96/86/96/93; 
ttag +93 99/99/98/99/99; 
ttag +94 92/91/84/95/88; 
