tread
'Tree with tags' 
(0 ((1 ((2 3 )((7 (6 (4 5 )))(9 (8 (10 (11 12 )))))))((13 14 )((17 (15 16 )(19 (18 ((20 21 )((22 23 )(24 25 ))))))((26 (27 (28 (29 30 ))))((31 (((32 33 )(36 (37 38 )))(34 35 )))(39 ((40 41 )(42 (43 ((44 45 )(46 47 )))))))))))); 
ttag *!; 
ttag +49 1; 
ttag +50 ???; 
ttag +51 8; 
ttag +52 13; 
ttag +53 8; 
ttag +54 1; 
ttag +55 1; 
ttag +56 1; 
ttag +57 1; 
ttag +58 4; 
ttag +59 4; 
ttag +60 10; 
ttag +61 5; 
ttag +62 1; 
ttag +63 12; 
ttag +64 5; 
ttag +65 1; 
ttag +66 1; 
ttag +67 4; 
ttag +68 10; 
ttag +69 4; 
ttag +70 16; 
ttag +71 3; 
ttag +72 3; 
ttag +73 9; 
ttag +74 4; 
ttag +75 7; 
ttag +76 5; 
ttag +77 7; 
ttag +78 6; 
ttag +79 5; 
ttag +80 5; 
ttag +81 1; 
ttag +82 10; 
ttag +83 1; 
ttag +84 6; 
ttag +85 6; 
ttag +86 3; 
ttag +87 3; 
ttag +88 9; 
ttag +89 7; 
ttag +90 1; 
ttag +91 9; 
ttag +92 8; 
ttag +93 2; 
tread
'Tree with tags' 
(0 ((1 ((2 3 )((7 (6 (4 5 )))(9 (8 (10 (11 12 )))))))((13 14 )(((17 (15 16 ))(19 (18 ((20 21 )((22 23 )(24 25 ))))))((26 (27 (28 (29 30 ))))((31 (((32 33 )(36 (37 38 )))(34 35 )))(39 ((40 41 )(42 (43 ((44 45 )(46 47 )))))))))))); 
ttag *!; 
ttag +0 ////; 
ttag +1 ////; 
ttag +2 ////; 
ttag +3 ////; 
ttag +4 ////; 
ttag +5 ////; 
ttag +6 ////; 
ttag +7 ////; 
ttag +8 ////; 
ttag +9 ////; 
ttag +10 ////; 
ttag +11 ////; 
ttag +12 ////; 
ttag +13 ////; 
ttag +14 ////; 
ttag +15 ////; 
ttag +16 ////; 
ttag +17 ////; 
ttag +18 ////; 
ttag +19 ////; 
ttag +20 ////; 
ttag +21 ////; 
ttag +22 ////; 
ttag +23 ////; 
ttag +24 ////; 
ttag +25 ////; 
ttag +26 ////; 
ttag +27 ////; 
ttag +28 ////; 
ttag +29 ////; 
ttag +30 ////; 
ttag +31 ////; 
ttag +32 ////; 
ttag +33 ////; 
ttag +34 ////; 
ttag +35 ////; 
ttag +36 ////; 
ttag +37 ////; 
ttag +38 ////; 
ttag +39 ////; 
ttag +40 ////; 
ttag +41 ////; 
ttag +42 ////; 
ttag +43 ////; 
ttag +44 ////; 
ttag +45 ////; 
ttag +46 ////; 
ttag +47 ////; 
ttag +48 ////; 
ttag +49 18/[6]/4/3/2; 
ttag +50 100/100/100/100/100; 
ttag +51 100/100/98/99/99; 
ttag +52 99/98/99/100/98; 
ttag +53 99/98/95/99/97; 
ttag +54 26/[8]/?/?/?; 
ttag +55 56/46/37/51/42; 
ttag +56 43/30/28/31/28; 
ttag +57 45/30/25/30/31; 
ttag +58 81/76/75/74/75; 
ttag +59 71/60/48/58/53; 
ttag +60 100/100/100/100/100; 
ttag +61 99/99/99/99/100; 
ttag +62 26/2/4/6/2; 
ttag +63 100/100/100/100/99; 
ttag +64 30/[1]/?/3/?; 
ttag +65 89/87/84/92/82; 
ttag +66 33/20/14/21/4; 
ttag +67 47/43/34/48/42; 
ttag +68 80/76/68/76/71; 
ttag +69 100/100/100/100/100; 
ttag +70 84/77/68/80/66; 
ttag +71 100/100/100/100/100; 
ttag +72 78/69/60/77/56; 
ttag +73 86/81/78/84/70; 
ttag +74 100/100/100/100/100; 
ttag +75 90/89/79/91/80; 
ttag +76 99/99/98/99/98; 
ttag +77 97/96/87/89/84; 
ttag +78 99/99/98/100/99; 
ttag +79 98/98/94/98/92; 
ttag +80 96/95/94/98/92; 
ttag +81 97/96/89/93/92; 
ttag +82 68/68/64/66/64; 
ttag +83 100/100/99/99/99; 
ttag +84 67/55/42/50/40; 
ttag +85 97/96/96/98/95; 
ttag +86 98/98/97/98/97; 
ttag +87 95/94/92/94/91; 
ttag +88 86/82/77/84/83; 
ttag +89 99/99/99/100/98; 
ttag +90 100/100/98/99/98; 
ttag +91 47/33/22/37/22; 
ttag +92 100/100/99/100/97; 
ttag +93 100/100/95/99/96; 
ttag +94 82/77/69/76/70; 
