tread
'Tree with tags' 
(0 ((1 ((26 (27 (28 (29 30 ))))(39 (31 ((40 41 )((42 43 )(46 47 (44 45 )))))(((32 33 )(34 35 ))(36 (37 38 ))))))((((2 3 )(((4 5 )(6 7 ))(9 (8 (10 (11 12 ))))))(17 ((15 16 )(18 (19 ((20 21 )((22 23 )(24 25 ))))))))(13 14 )))); 
ttag *!; 
ttag +49 1; 
ttag +50 ???; 
ttag +51 6; 
ttag +52 11; 
ttag +53 4; 
ttag +54 1; 
ttag +55 4; 
ttag +56 7; 
ttag +57 3; 
ttag +58 2; 
ttag +59 2; 
ttag +60 5; 
ttag +61 5; 
ttag +62 10; 
ttag +63 8; 
ttag +64 5; 
ttag +65 1; 
ttag +66 8; 
ttag +67 7; 
ttag +68 6; 
ttag +69 9; 
ttag +70 4; 
ttag +71 10; 
ttag +72 6; 
ttag +73 3; 
ttag +74 6; 
ttag +75 9; 
ttag +76 5; 
ttag +77 8; 
ttag +78 8; 
ttag +79 1; 
ttag +80 5; 
ttag +81 7; 
ttag +82 1; 
ttag +83 4; 
ttag +84 3; 
ttag +85 7; 
ttag +86 9; 
ttag +87 1; 
ttag +88 9; 
ttag +89 1; 
ttag +90 4; 
ttag +91 7; 
ttag +92 3; 
tread
'Tree with tags' 
(0 ((1 ((26 (27 (28 (29 30 ))))(39 ((31 ((40 41 )((42 43 )(46 (47 (44 45 ))))))(((32 33 )(34 35 ))(36 (37 38 )))))))((((2 3 )(((4 5 )(6 7 ))(9 (8 (10 (11 12 ))))))(17 ((15 16 )(18 (19 ((20 21 )((22 23 )(24 25 ))))))))(13 14 )))); 
ttag *!; 
ttag +0 ////; 
ttag +1 ////; 
ttag +2 ////; 
ttag +3 ////; 
ttag +4 ////; 
ttag +5 ////; 
ttag +6 ////; 
ttag +7 ////; 
ttag +8 ////; 
ttag +9 ////; 
ttag +10 ////; 
ttag +11 ////; 
ttag +12 ////; 
ttag +13 ////; 
ttag +14 ////; 
ttag +15 ////; 
ttag +16 ////; 
ttag +17 ////; 
ttag +18 ////; 
ttag +19 ////; 
ttag +20 ////; 
ttag +21 ////; 
ttag +22 ////; 
ttag +23 ////; 
ttag +24 ////; 
ttag +25 ////; 
ttag +26 ////; 
ttag +27 ////; 
ttag +28 ////; 
ttag +29 ////; 
ttag +30 ////; 
ttag +31 ////; 
ttag +32 ////; 
ttag +33 ////; 
ttag +34 ////; 
ttag +35 ////; 
ttag +36 ////; 
ttag +37 ////; 
ttag +38 ////; 
ttag +39 ////; 
ttag +40 ////; 
ttag +41 ////; 
ttag +42 ////; 
ttag +43 ////; 
ttag +44 ////; 
ttag +45 ////; 
ttag +46 ////; 
ttag +47 ////; 
ttag +48 ////; 
ttag +49 38/30/18/24/18; 
ttag +50 100/100/100/100/100; 
ttag +51 95/94/92/97/90; 
ttag +52 100/100/98/99/97; 
ttag +53 74/67/49/62/49; 
ttag +54 34/15/9/16/6; 
ttag +55 97/97/90/96/93; 
ttag +56 98/97/97/98/94; 
ttag +57 54/40/24/46/16; 
ttag +58 69/61/48/70/55; 
ttag +59 41/18/?/26/?; 
ttag +60 66/59/42/60/41; 
ttag +61 76/72/55/78/50; 
ttag +62 100/100/99/100/100; 
ttag +63 100/100/100/100/97; 
ttag +64 92/90/82/87/86; 
ttag +65 59/50/28/46/36; 
ttag +66 98/98/96/99/98; 
ttag +67 96/95/93/98/96; 
ttag +68 99/99/95/99/96; 
ttag +69 100/100/100/100/100; 
ttag +70 96/95/94/96/92; 
ttag +71 100/100/98/100/98; 
ttag +72 98/98/96/100/97; 
ttag +73 88/86/71/86/78; 
ttag +74 94/93/86/92/87; 
ttag +75 98/98/94/100/93; 
ttag +76 93/90/74/89/80; 
ttag +77 100/100/98/100/98; 
ttag +78 100/100/99/98/96; 
ttag +79 31/0/4/8/2; 
ttag +80 14/[17]/?/?/?; 
ttag +81 89/86/83/93/82; 
ttag +82 99/99/96/99/96; 
ttag +83 41/38/34/29/38; 
ttag +84 92/91/82/92/84; 
ttag +85 90/86/70/82/80; 
ttag +86 99/99/99/99/99; 
ttag +87 100/100/98/100/97; 
ttag +88 53/26/27/40/26; 
ttag +89 99/99/99/99/98; 
ttag +90 58/34/25/28/16; 
ttag +91 92/91/79/90/81; 
ttag +92 99/98/98/100/98; 
ttag +93 38/[4]/?/0/?; 
ttag +94 91/89/85/87/82; 
