tread
'Tree with tags' 
(0 ((1 (((13 14 )((26 (27 (28 (29 30 ))))((31 ((32 33 )((34 35 )(36 (37 38 )))))(39 ((40 41 )(42 (43 ((44 45 )(46 47 )))))))))(17 ((15 16 )((18 19 )(((20 21 )(24 25 ))(22 23 )))))))((2 3 )(8 9 (6 7 (4 5 ))(10 (11 12 )))))); 
ttag *!; 
ttag +49 1; 
ttag +50 ???; 
ttag +51 3; 
ttag +52 8; 
ttag +53 7; 
ttag +54 6; 
ttag +55 4; 
ttag +56 5; 
ttag +57 13; 
ttag +58 10; 
ttag +59 1; 
ttag +60 1; 
ttag +61 10; 
ttag +62 2; 
ttag +63 3; 
ttag +64 1; 
ttag +65 2; 
ttag +66 5; 
ttag +67 1; 
ttag +68 3; 
ttag +69 15; 
ttag +70 3; 
ttag +71 4; 
ttag +72 10; 
ttag +73 3; 
ttag +74 3; 
ttag +75 8; 
ttag +76 4; 
ttag +77 2; 
ttag +78 6; 
ttag +79 6; 
ttag +80 9; 
ttag +81 2; 
ttag +82 11; 
ttag +83 8; 
ttag +84 2; 
ttag +85 4; 
ttag +86 6; 
ttag +87 7; 
ttag +88 8; 
ttag +89 4; 
ttag +90 1; 
ttag +91 2; 
tread
'Tree with tags' 
(0 ((1 (((13 14 )((26 (27 (28 (29 30 ))))((31 ((32 33 )((34 35 )(36 (37 38 )))))(39 ((40 41 )(42 (43 ((44 45 )(46 47 )))))))))(17 ((15 16 )((18 19 )(((20 21 )(24 25 ))(22 23 )))))))((2 3 )((6 (7 (4 5 )))(8 (9 (10 (11 12 )))))))); 
ttag *!; 
ttag +0 ////; 
ttag +1 ////; 
ttag +2 ////; 
ttag +3 ////; 
ttag +4 ////; 
ttag +5 ////; 
ttag +6 ////; 
ttag +7 ////; 
ttag +8 ////; 
ttag +9 ////; 
ttag +10 ////; 
ttag +11 ////; 
ttag +12 ////; 
ttag +13 ////; 
ttag +14 ////; 
ttag +15 ////; 
ttag +16 ////; 
ttag +17 ////; 
ttag +18 ////; 
ttag +19 ////; 
ttag +20 ////; 
ttag +21 ////; 
ttag +22 ////; 
ttag +23 ////; 
ttag +24 ////; 
ttag +25 ////; 
ttag +26 ////; 
ttag +27 ////; 
ttag +28 ////; 
ttag +29 ////; 
ttag +30 ////; 
ttag +31 ////; 
ttag +32 ////; 
ttag +33 ////; 
ttag +34 ////; 
ttag +35 ////; 
ttag +36 ////; 
ttag +37 ////; 
ttag +38 ////; 
ttag +39 ////; 
ttag +40 ////; 
ttag +41 ////; 
ttag +42 ////; 
ttag +43 ////; 
ttag +44 ////; 
ttag +45 ////; 
ttag +46 ////; 
ttag +47 ////; 
ttag +48 ////; 
ttag +49 14/0/?/?/?; 
ttag +50 100/100/100/100/100; 
ttag +51 84/80/72/80/67; 
ttag +52 99/98/98/98/98; 
ttag +53 100/100/97/98/98; 
ttag +54 48/25/9/24/22; 
ttag +55 97/96/95/98/96; 
ttag +56 88/83/73/80/75; 
ttag +57 36/6/3/1/?; 
ttag +58 33/0/?/?/?; 
ttag +59 95/94/86/95/82; 
ttag +60 100/100/100/100/100; 
ttag +61 100/100/100/100/100; 
ttag +62 21/6/?/1/?; 
ttag +63 12/[2]/?/?/?; 
ttag +64 100/100/98/100/100; 
ttag +65 46/23/23/42/25; 
ttag +66 64/58/60/63/52; 
ttag +67 48/27/22/27/20; 
ttag +68 74/68/62/65/62; 
ttag +69 99/99/99/99/100; 
ttag +70 48/28/20/31/12; 
ttag +71 84/78/72/77/77; 
ttag +72 100/100/100/100/100; 
ttag +73 82/74/69/77/61; 
ttag +74 92/88/80/82/81; 
ttag +75 97/96/94/97/94; 
ttag +76 79/72/55/69/57; 
ttag +77 74/67/54/68/65; 
ttag +78 100/100/100/100/100; 
ttag +79 87/84/78/86/72; 
ttag +80 64/56/55/52/42; 
ttag +81 97/96/93/98/92; 
ttag +82 95/94/88/98/87; 
ttag +83 100/100/97/100/99; 
ttag +84 84/81/71/80/62; 
ttag +85 100/100/98/100/98; 
ttag +86 100/100/100/100/99; 
ttag +87 57/30/24/34/10; 
ttag +88 91/86/83/86/87; 
ttag +89 92/88/80/93/84; 
ttag +90 97/96/95/98/88; 
ttag +91 99/99/97/98/96; 
ttag +92 92/90/84/92/87; 
ttag +93 52/37/39/54/37; 
ttag +94 66/50/46/60/42; 
