tread
'Tree with tags' 
(0 (((1 ((15 16 )(17 (18 19 ((20 21 )((22 23 )(24 25 )))))))((13 14 )((26 (27 (28 (29 30 ))))((31 ((32 33 )((34 35 )(36 (37 38 )))))(39 ((40 41 )(42 (43 ((44 45 )(46 47 ))))))))))((2 3 )((6 (7 (4 5 )))((8 9 )(10 (11 12 ))))))); 
ttag *!; 
ttag +49 1; 
ttag +50 1; 
ttag +51 ???; 
ttag +52 7; 
ttag +53 3; 
ttag +54 9; 
ttag +55 2; 
ttag +56 10; 
ttag +57 3; 
ttag +58 3; 
ttag +59 2; 
ttag +60 6; 
ttag +61 8; 
ttag +62 6; 
ttag +63 1; 
ttag +64 11; 
ttag +65 5; 
ttag +66 1; 
ttag +67 3; 
ttag +68 7; 
ttag +69 5; 
ttag +70 13; 
ttag +71 8; 
ttag +72 1; 
ttag +73 3; 
ttag +74 7; 
ttag +75 7; 
ttag +76 6; 
ttag +77 10; 
ttag +78 7; 
ttag +79 10; 
ttag +80 6; 
ttag +81 11; 
ttag +82 5; 
ttag +83 1; 
ttag +84 15; 
ttag +85 2; 
ttag +86 3; 
ttag +87 7; 
ttag +88 5; 
ttag +89 11; 
ttag +90 3; 
ttag +91 1; 
ttag +92 6; 
ttag +93 3; 
tread
'Tree with tags' 
(0 (((1 ((15 16 )(17 (18 (19 ((20 21 )((22 23 )(24 25 ))))))))((13 14 )((26 (27 (28 (29 30 ))))((31 ((32 33 )((34 35 )(36 (37 38 )))))(39 ((40 41 )(42 (43 ((44 45 )(46 47 ))))))))))((2 3 )((6 (7 (4 5 )))((8 9 )(10 (11 12 ))))))); 
ttag *!; 
ttag +0 ////; 
ttag +1 ////; 
ttag +2 ////; 
ttag +3 ////; 
ttag +4 ////; 
ttag +5 ////; 
ttag +6 ////; 
ttag +7 ////; 
ttag +8 ////; 
ttag +9 ////; 
ttag +10 ////; 
ttag +11 ////; 
ttag +12 ////; 
ttag +13 ////; 
ttag +14 ////; 
ttag +15 ////; 
ttag +16 ////; 
ttag +17 ////; 
ttag +18 ////; 
ttag +19 ////; 
ttag +20 ////; 
ttag +21 ////; 
ttag +22 ////; 
ttag +23 ////; 
ttag +24 ////; 
ttag +25 ////; 
ttag +26 ////; 
ttag +27 ////; 
ttag +28 ////; 
ttag +29 ////; 
ttag +30 ////; 
ttag +31 ////; 
ttag +32 ////; 
ttag +33 ////; 
ttag +34 ////; 
ttag +35 ////; 
ttag +36 ////; 
ttag +37 ////; 
ttag +38 ////; 
ttag +39 ////; 
ttag +40 ////; 
ttag +41 ////; 
ttag +42 ////; 
ttag +43 ////; 
ttag +44 ////; 
ttag +45 ////; 
ttag +46 ////; 
ttag +47 ////; 
ttag +48 ////; 
ttag +49 16/[29]/?/?/?; 
ttag +50 23/0/10/9/2; 
ttag +51 100/100/100/100/100; 
ttag +52 98/98/98/99/96; 
ttag +53 66/59/46/64/43; 
ttag +54 99/99/100/100/96; 
ttag +55 76/64/56/75/61; 
ttag +56 98/97/94/98/94; 
ttag +57 81/78/73/82/77; 
ttag +58 81/75/60/70/50; 
ttag +59 77/73/57/76/65; 
ttag +60 98/97/93/98/95; 
ttag +61 100/100/98/99/98; 
ttag +62 98/98/95/97/95; 
ttag +63 16/[29]/?/?/?; 
ttag +64 100/100/100/100/100; 
ttag +65 96/95/90/98/94; 
ttag +66 42/7/23/16/14; 
ttag +67 86/83/70/87/68; 
ttag +68 32/[1]/1/3/?; 
ttag +69 100/100/100/100/100; 
ttag +70 96/95/92/97/90; 
ttag +71 100/100/100/100/100; 
ttag +72 98/98/96/99/97; 
ttag +73 58/35/37/46/36; 
ttag +74 86/80/88/85/82; 
ttag +75 99/99/98/99/97; 
ttag +76 98/97/97/99/96; 
ttag +77 99/99/98/98/96; 
ttag +78 100/100/100/100/100; 
ttag +79 100/100/100/99/100; 
ttag +80 100/100/98/100/100; 
ttag +81 99/99/98/98/98; 
ttag +82 100/100/100/100/100; 
ttag +83 97/97/93/97/94; 
ttag +84 51/45/40/52/38; 
ttag +85 100/100/100/100/100; 
ttag +86 62/53/34/55/38; 
ttag +87 89/88/76/90/76; 
ttag +88 100/100/100/100/100; 
ttag +89 97/96/92/98/95; 
ttag +90 100/100/100/100/99; 
ttag +91 92/91/87/94/86; 
ttag +92 58/32/14/38/25; 
ttag +93 98/96/90/94/89; 
ttag +94 91/90/88/90/87; 
