tread
'Tree with tags' 
(0 (1 (((2 3 )(10 ((4 5 )(6 7 ))(8 9 )(11 12 )))((15 16 )(17 (18 19 ((20 21 )((22 23 )(24 25 )))))))((13 14 )((26 (27 (28 (29 30 ))))(39 (31 (((32 33 )(34 35 ))(36 (37 38 ))))((40 41 )(42 (43 ((44 45 )(46 47 )))))))))); 
ttag *!; 
ttag +49 ???; 
ttag +50 10; 
ttag +51 8; 
ttag +52 1; 
ttag +53 6; 
ttag +54 6; 
ttag +55 1; 
ttag +56 1; 
ttag +57 2; 
ttag +58 5; 
ttag +59 7; 
ttag +60 1; 
ttag +61 13; 
ttag +62 8; 
ttag +63 3; 
ttag +64 4; 
ttag +65 6; 
ttag +66 4; 
ttag +67 11; 
ttag +68 5; 
ttag +69 3; 
ttag +70 10; 
ttag +71 9; 
ttag +72 3; 
ttag +73 5; 
ttag +74 9; 
ttag +75 5; 
ttag +76 2; 
ttag +77 8; 
ttag +78 1; 
ttag +79 5; 
ttag +80 1; 
ttag +81 14; 
ttag +82 6; 
ttag +83 3; 
ttag +84 4; 
ttag +85 8; 
ttag +86 3; 
ttag +87 11; 
ttag +88 5; 
ttag +89 3; 
tread
'Tree with tags' 
(0 (1 ((((2 3 )((((4 5 )(6 7 ))(10 (11 12 )))(8 9 )))((15 16 )(17 (18 (19 ((20 21 )((22 23 )(24 25 ))))))))((13 14 )((26 (27 (28 (29 30 ))))((39 (31 (((32 33 )(34 35 ))(36 (37 38 )))))((40 41 )(42 (43 ((44 45 )(46 47 ))))))))))); 
ttag *!; 
ttag +0 ////; 
ttag +1 ////; 
ttag +2 ////; 
ttag +3 ////; 
ttag +4 ////; 
ttag +5 ////; 
ttag +6 ////; 
ttag +7 ////; 
ttag +8 ////; 
ttag +9 ////; 
ttag +10 ////; 
ttag +11 ////; 
ttag +12 ////; 
ttag +13 ////; 
ttag +14 ////; 
ttag +15 ////; 
ttag +16 ////; 
ttag +17 ////; 
ttag +18 ////; 
ttag +19 ////; 
ttag +20 ////; 
ttag +21 ////; 
ttag +22 ////; 
ttag +23 ////; 
ttag +24 ////; 
ttag +25 ////; 
ttag +26 ////; 
ttag +27 ////; 
ttag +28 ////; 
ttag +29 ////; 
ttag +30 ////; 
ttag +31 ////; 
ttag +32 ////; 
ttag +33 ////; 
ttag +34 ////; 
ttag +35 ////; 
ttag +36 ////; 
ttag +37 ////; 
ttag +38 ////; 
ttag +39 ////; 
ttag +40 ////; 
ttag +41 ////; 
ttag +42 ////; 
ttag +43 ////; 
ttag +44 ////; 
ttag +45 ////; 
ttag +46 ////; 
ttag +47 ////; 
ttag +48 ////; 
ttag +49 100/100/100/100/100; 
ttag +50 100/100/100/100/100; 
ttag +51 100/100/97/100/98; 
ttag +52 67/53/45/64/47; 
ttag +53 17/[1]/?/0/?; 
ttag +54 99/99/96/98/98; 
ttag +55 99/99/94/99/96; 
ttag +56 21/4/7/?/3; 
ttag +57 64/47/45/56/46; 
ttag +58 61/44/26/42/21; 
ttag +59 86/81/81/76/72; 
ttag +60 30/14/10/16/12; 
ttag +61 99/99/98/99/95; 
ttag +62 99/99/100/99/100; 
ttag +63 69/61/51/62/55; 
ttag +64 100/100/100/100/100; 
ttag +65 99/99/91/98/96; 
ttag +66 86/82/71/84/71; 
ttag +67 88/84/69/88/72; 
ttag +68 34/1/?/?/?; 
ttag +69 98/98/98/100/97; 
ttag +70 96/94/93/96/90; 
ttag +71 100/100/100/100/100; 
ttag +72 91/87/80/90/82; 
ttag +73 94/93/82/93/79; 
ttag +74 99/99/99/100/98; 
ttag +75 98/98/98/100/99; 
ttag +76 83/80/72/82/78; 
ttag +77 98/98/92/96/94; 
ttag +78 99/99/100/100/99; 
ttag +79 95/94/85/92/80; 
ttag +80 26/[6]/?/?/?; 
ttag +81 74/70/57/68/57; 
ttag +82 100/100/99/100/99; 
ttag +83 41/18/11/19/14; 
ttag +84 95/94/85/91/78; 
ttag +85 56/46/42/44/51; 
ttag +86 100/100/100/100/100; 
ttag +87 96/96/88/95/88; 
ttag +88 79/72/60/79/64; 
ttag +89 85/82/75/84/65; 
ttag +90 99/99/99/99/98; 
ttag +91 86/82/66/81/69; 
ttag +92 100/100/100/100/100; 
ttag +93 97/97/90/96/90; 
ttag +94 84/80/63/79/68; 
