tread
'Tree with tags' 
(0 (1 ((2 3 )((7 (6 (4 5 )))((8 9 )(10 (11 12 )))))(13 14 )(17 (15 16 )(18 (19 ((20 21 )(22 23 )(24 25 )))))((26 (27 (28 (29 30 ))))((31 ((32 33 )((34 35 )(36 (37 38 )))))(39 ((40 41 )(42 (43 ((44 45 )(46 47 )))))))))); 
ttag *!; 
ttag +49 ???; 
ttag +50 2; 
ttag +51 13; 
ttag +52 1; 
ttag +53 1; 
ttag +54 6; 
ttag +55 2; 
ttag +56 2; 
ttag +57 4; 
ttag +58 2; 
ttag +59 16; 
ttag +60 3; 
ttag +61 9; 
ttag +62 3; 
ttag +63 7; 
ttag +64 2; 
ttag +65 9; 
ttag +66 3; 
ttag +67 10; 
ttag +68 6; 
ttag +69 6; 
ttag +70 5; 
ttag +71 4; 
ttag +72 7; 
ttag +73 8; 
ttag +74 2; 
ttag +75 6; 
ttag +76 3; 
ttag +77 8; 
ttag +78 3; 
ttag +79 1; 
ttag +80 10; 
ttag +81 7; 
ttag +82 1; 
ttag +83 5; 
ttag +84 9; 
ttag +85 11; 
ttag +86 7; 
ttag +87 5; 
ttag +88 7; 
ttag +89 2; 
tread
'Tree with tags' 
(0 ((((1 ((15 16 )(17 (18 (19 ((20 21 )((22 23 )(24 25 ))))))))((26 (27 (28 (29 30 ))))((31 ((32 33 )((34 35 )(36 (37 38 )))))(39 ((40 41 )(42 (43 ((44 45 )(46 47 )))))))))(13 14 ))((2 3 )((7 (6 (4 5 )))((8 9 )(10 (11 12 ))))))); 
ttag *!; 
ttag +0 ////; 
ttag +1 ////; 
ttag +2 ////; 
ttag +3 ////; 
ttag +4 ////; 
ttag +5 ////; 
ttag +6 ////; 
ttag +7 ////; 
ttag +8 ////; 
ttag +9 ////; 
ttag +10 ////; 
ttag +11 ////; 
ttag +12 ////; 
ttag +13 ////; 
ttag +14 ////; 
ttag +15 ////; 
ttag +16 ////; 
ttag +17 ////; 
ttag +18 ////; 
ttag +19 ////; 
ttag +20 ////; 
ttag +21 ////; 
ttag +22 ////; 
ttag +23 ////; 
ttag +24 ////; 
ttag +25 ////; 
ttag +26 ////; 
ttag +27 ////; 
ttag +28 ////; 
ttag +29 ////; 
ttag +30 ////; 
ttag +31 ////; 
ttag +32 ////; 
ttag +33 ////; 
ttag +34 ////; 
ttag +35 ////; 
ttag +36 ////; 
ttag +37 ////; 
ttag +38 ////; 
ttag +39 ////; 
ttag +40 ////; 
ttag +41 ////; 
ttag +42 ////; 
ttag +43 ////; 
ttag +44 ////; 
ttag +45 ////; 
ttag +46 ////; 
ttag +47 ////; 
ttag +48 ////; 
ttag +49 11/[26]/?/?/?; 
ttag +50 16/[21]/?/?/?; 
ttag +51 38/24/21/16/14; 
ttag +52 100/100/100/100/100; 
ttag +53 74/69/59/64/60; 
ttag +54 99/99/98/100/99; 
ttag +55 49/24/30/30/25; 
ttag +56 66/61/36/55/40; 
ttag +57 92/91/84/96/83; 
ttag +58 70/56/41/56/42; 
ttag +59 54/44/28/47/39; 
ttag +60 94/93/80/92/80; 
ttag +61 58/46/32/50/38; 
ttag +62 100/100/100/100/100; 
ttag +63 88/86/78/88/76; 
ttag +64 100/100/100/100/100; 
ttag +65 86/78/75/81/76; 
ttag +66 55/41/40/39/38; 
ttag +67 97/96/95/95/92; 
ttag +68 80/75/61/74/64; 
ttag +69 100/100/100/100/100; 
ttag +70 87/84/76/86/70; 
ttag +71 100/100/100/100/99; 
ttag +72 42/2/4/2/16; 
ttag +73 94/93/88/95/90; 
ttag +74 98/97/96/98/96; 
ttag +75 95/94/88/93/84; 
ttag +76 99/99/96/97/96; 
ttag +77 99/98/99/99/98; 
ttag +78 100/100/98/100/99; 
ttag +79 85/85/81/81/78; 
ttag +80 98/98/90/97/87; 
ttag +81 95/94/89/93/84; 
ttag +82 98/98/97/98/96; 
ttag +83 96/96/92/92/94; 
ttag +84 64/48/28/53/41; 
ttag +85 100/100/99/100/98; 
ttag +86 98/97/96/100/98; 
ttag +87 71/61/41/51/44; 
ttag +88 98/98/97/98/97; 
ttag +89 100/100/99/99/98; 
ttag +90 100/100/100/99/99; 
ttag +91 99/98/96/99/97; 
ttag +92 95/94/92/96/88; 
ttag +93 98/98/98/100/97; 
ttag +94 78/71/54/68/56; 
