tread
'Tree with tags' 
(0 ((1 ((13 14 )((17 (15 16 ))(18 (19 ((20 21 )((22 23 )(24 25 ))))))((26 (27 (28 (29 30 ))))((31 ((35 (32 33 ))(34 (36 (37 38 )))))(39 (40 41 (42 (43 ((44 45 )(46 47 ))))))))))(((2 3 )(6 7 (4 5 )))((8 9 )(10 (11 12 )))))); 
ttag *!; 
ttag +49 1; 
ttag +50 ???; 
ttag +51 8; 
ttag +52 1; 
ttag +53 12; 
ttag +54 4; 
ttag +55 9; 
ttag +56 1; 
ttag +57 4; 
ttag +58 5; 
ttag +59 13; 
ttag +60 4; 
ttag +61 3; 
ttag +62 13; 
ttag +63 3; 
ttag +64 6; 
ttag +65 1; 
ttag +66 1; 
ttag +67 17; 
ttag +68 4; 
ttag +69 8; 
ttag +70 6; 
ttag +71 6; 
ttag +72 4; 
ttag +73 6; 
ttag +74 1; 
ttag +75 8; 
ttag +76 9; 
ttag +77 6; 
ttag +78 6; 
ttag +79 6; 
ttag +80 1; 
ttag +81 2; 
ttag +82 1; 
ttag +83 11; 
ttag +84 7; 
ttag +85 1; 
ttag +86 6; 
ttag +87 9; 
ttag +88 5; 
ttag +89 5; 
ttag +90 5; 
ttag +91 4; 
tread
'Tree with tags' 
(0 ((1 ((13 14 )(((17 (15 16 ))(18 (19 ((20 21 )((22 23 )(24 25 ))))))((26 (27 (28 (29 30 ))))((31 ((35 (32 33 ))(34 (36 (37 38 )))))(39 (40 (41 (42 (43 ((44 45 )(46 47 ))))))))))))(((2 3 )(7 (6 (4 5 ))))((8 9 )(10 (11 12 )))))); 
ttag *!; 
ttag +0 ////; 
ttag +1 ////; 
ttag +2 ////; 
ttag +3 ////; 
ttag +4 ////; 
ttag +5 ////; 
ttag +6 ////; 
ttag +7 ////; 
ttag +8 ////; 
ttag +9 ////; 
ttag +10 ////; 
ttag +11 ////; 
ttag +12 ////; 
ttag +13 ////; 
ttag +14 ////; 
ttag +15 ////; 
ttag +16 ////; 
ttag +17 ////; 
ttag +18 ////; 
ttag +19 ////; 
ttag +20 ////; 
ttag +21 ////; 
ttag +22 ////; 
ttag +23 ////; 
ttag +24 ////; 
ttag +25 ////; 
ttag +26 ////; 
ttag +27 ////; 
ttag +28 ////; 
ttag +29 ////; 
ttag +30 ////; 
ttag +31 ////; 
ttag +32 ////; 
ttag +33 ////; 
ttag +34 ////; 
ttag +35 ////; 
ttag +36 ////; 
ttag +37 ////; 
ttag +38 ////; 
ttag +39 ////; 
ttag +40 ////; 
ttag +41 ////; 
ttag +42 ////; 
ttag +43 ////; 
ttag +44 ////; 
ttag +45 ////; 
ttag +46 ////; 
ttag +47 ////; 
ttag +48 ////; 
ttag +49 52/42/32/37/20; 
ttag +50 100/100/100/100/100; 
ttag +51 100/100/99/100/99; 
ttag +52 61/42/42/47/46; 
ttag +53 100/100/98/99/97; 
ttag +54 94/91/90/93/84; 
ttag +55 31/[18]/?/?/?; 
ttag +56 100/100/97/99/94; 
ttag +57 53/36/42/45/40; 
ttag +58 87/85/73/81/68; 
ttag +59 94/93/90/95/88; 
ttag +60 100/100/100/100/100; 
ttag +61 97/96/96/96/92; 
ttag +62 76/73/58/73/54; 
ttag +63 100/100/100/100/100; 
ttag +64 84/80/67/78/61; 
ttag +65 98/97/93/97/93; 
ttag +66 27/[4]/?/?/?; 
ttag +67 52/30/25/23/30; 
ttag +68 58/37/29/28/30; 
ttag +69 100/100/100/100/100; 
ttag +70 94/92/88/92/83; 
ttag +71 100/100/98/100/98; 
ttag +72 96/95/90/97/90; 
ttag +73 97/96/97/98/96; 
ttag +74 96/94/84/96/82; 
ttag +75 99/99/94/95/95; 
ttag +76 72/63/58/67/53; 
ttag +77 99/99/97/99/99; 
ttag +78 99/99/99/100/99; 
ttag +79 97/96/92/97/89; 
ttag +80 96/95/96/97/94; 
ttag +81 99/99/98/99/98; 
ttag +82 33/10/21/18/18; 
ttag +83 85/84/81/83/70; 
ttag +84 47/25/43/37/38; 
ttag +85 99/99/99/100/99; 
ttag +86 100/100/100/99/99; 
ttag +87 66/58/65/63/54; 
ttag +88 98/97/95/98/93; 
ttag +89 34/[14]/1/?/?; 
ttag +90 100/100/100/100/100; 
ttag +91 90/86/86/93/87; 
ttag +92 100/100/99/99/99; 
ttag +93 98/97/91/95/92; 
ttag +94 92/90/84/88/89; 
