tread
'Tree with tags' 
(0 (1 (((2 3 )((((4 5 )(6 7 ))(10 (11 12 )))(8 9 )))(13 14 )((15 16 )(17 (18 (19 ((20 21 )((22 23 )(24 25 )))))))((26 (27 (28 (29 30 ))))((31 ((32 33 )((34 35 )(36 (37 38 )))))(39 ((40 41 )(42 (43 ((44 45 )(46 47 ))))))))))); 
ttag *!; 
ttag +49 ???; 
ttag +50 3; 
ttag +51 10; 
ttag +52 1; 
ttag +53 9; 
ttag +54 6; 
ttag +55 3; 
ttag +56 7; 
ttag +57 4; 
ttag +58 2; 
ttag +59 5; 
ttag +60 1; 
ttag +61 9; 
ttag +62 12; 
ttag +63 5; 
ttag +64 2; 
ttag +65 2; 
ttag +66 4; 
ttag +67 9; 
ttag +68 3; 
ttag +69 6; 
ttag +70 5; 
ttag +71 8; 
ttag +72 8; 
ttag +73 4; 
ttag +74 1; 
ttag +75 4; 
ttag +76 6; 
ttag +77 6; 
ttag +78 5; 
ttag +79 7; 
ttag +80 6; 
ttag +81 5; 
ttag +82 2; 
ttag +83 6; 
ttag +84 14; 
ttag +85 1; 
ttag +86 5; 
ttag +87 9; 
ttag +88 10; 
ttag +89 3; 
ttag +90 6; 
ttag +91 1; 
ttag +92 2; 
tread
'Tree with tags' 
(0 (1 (((((2 3 )((((4 5 )(6 7 ))(10 (11 12 )))(8 9 )))((26 (27 (28 (29 30 ))))((31 ((32 33 )((34 35 )(36 (37 38 )))))(39 ((40 41 )(42 (43 ((44 45 )(46 47 )))))))))(13 14 ))((15 16 )(17 (18 (19 ((20 21 )((22 23 )(24 25 )))))))))); 
ttag *!; 
ttag +0 ////; 
ttag +1 ////; 
ttag +2 ////; 
ttag +3 ////; 
ttag +4 ////; 
ttag +5 ////; 
ttag +6 ////; 
ttag +7 ////; 
ttag +8 ////; 
ttag +9 ////; 
ttag +10 ////; 
ttag +11 ////; 
ttag +12 ////; 
ttag +13 ////; 
ttag +14 ////; 
ttag +15 ////; 
ttag +16 ////; 
ttag +17 ////; 
ttag +18 ////; 
ttag +19 ////; 
ttag +20 ////; 
ttag +21 ////; 
ttag +22 ////; 
ttag +23 ////; 
ttag +24 ////; 
ttag +25 ////; 
ttag +26 ////; 
ttag +27 ////; 
ttag +28 ////; 
ttag +29 ////; 
ttag +30 ////; 
ttag +31 ////; 
ttag +32 ////; 
ttag +33 ////; 
ttag +34 ////; 
ttag +35 ////; 
ttag +36 ////; 
ttag +37 ////; 
ttag +38 ////; 
ttag +39 ////; 
ttag +40 ////; 
ttag +41 ////; 
ttag +42 ////; 
ttag +43 ////; 
ttag +44 ////; 
ttag +45 ////; 
ttag +46 ////; 
ttag +47 ////; 
ttag +48 ////; 
ttag +49 100/100/100/100/100; 
ttag +50 90/84/78/84/72; 
ttag +51 100/100/98/100/99; 
ttag +52 22/0/4/?/9; 
ttag +53 36/14/11/4/14; 
ttag +54 65/49/48/53/43; 
ttag +55 99/99/99/99/100; 
ttag +56 98/98/95/99/96; 
ttag +57 66/60/43/71/52; 
ttag +58 98/98/91/98/95; 
ttag +59 81/71/61/79/65; 
ttag +60 57/48/43/54/49; 
ttag +61 91/88/72/93/79; 
ttag +62 52/22/23/26/14; 
ttag +63 100/100/100/100/100; 
ttag +64 100/100/100/100/100; 
ttag +65 93/92/87/93/75; 
ttag +66 71/63/57/71/58; 
ttag +67 67/58/46/63/48; 
ttag +68 89/86/80/88/80; 
ttag +69 100/100/100/100/100; 
ttag +70 76/71/61/78/67; 
ttag +71 100/100/96/99/100; 
ttag +72 99/98/93/96/90; 
ttag +73 99/99/96/99/96; 
ttag +74 100/100/100/100/99; 
ttag +75 80/73/69/76/66; 
ttag +76 55/46/36/42/39; 
ttag +77 86/84/74/80/74; 
ttag +78 98/98/95/96/93; 
ttag +79 99/99/97/99/98; 
ttag +80 94/92/88/93/85; 
ttag +81 100/100/97/100/99; 
ttag +82 99/98/88/95/92; 
ttag +83 98/97/93/96/93; 
ttag +84 88/86/77/82/74; 
ttag +85 97/96/94/98/94; 
ttag +86 100/100/100/100/100; 
ttag +87 46/33/21/33/13; 
ttag +88 92/86/84/94/85; 
ttag +89 99/99/96/99/97; 
ttag +90 98/97/95/97/97; 
ttag +91 82/76/70/80/64; 
ttag +92 97/96/95/98/96; 
ttag +93 57/30/18/37/20; 
ttag +94 86/83/68/76/69; 
