tread
'Tree with tags' 
(0 (((1 ((13 14 )((15 16 )(17 (18 (19 ((20 21 )((22 23 )(24 25 )))))))))((2 3 )(((4 5 )(6 7 ))(8 9 (10 (11 12 ))))))((26 (27 (28 (29 30 ))))((31 ((32 33 )((34 35 )(36 (37 38 )))))(39 ((40 41 )(42 (43 ((44 45 )(46 47 )))))))))); 
ttag *!; 
ttag +49 1; 
ttag +50 1; 
ttag +51 ???; 
ttag +52 6; 
ttag +53 8; 
ttag +54 6; 
ttag +55 13; 
ttag +56 2; 
ttag +57 2; 
ttag +58 2; 
ttag +59 8; 
ttag +60 11; 
ttag +61 8; 
ttag +62 1; 
ttag +63 6; 
ttag +64 5; 
ttag +65 6; 
ttag +66 3; 
ttag +67 2; 
ttag +68 14; 
ttag +69 5; 
ttag +70 8; 
ttag +71 2; 
ttag +72 3; 
ttag +73 5; 
ttag +74 8; 
ttag +75 4; 
ttag +76 4; 
ttag +77 7; 
ttag +78 2; 
ttag +79 6; 
ttag +80 8; 
ttag +81 5; 
ttag +82 6; 
ttag +83 1; 
ttag +84 2; 
ttag +85 15; 
ttag +86 2; 
ttag +87 4; 
ttag +88 7; 
ttag +89 8; 
ttag +90 2; 
ttag +91 5; 
ttag +92 4; 
ttag +93 1; 
tread
'Tree with tags' 
(0 (((1 ((13 14 )((15 16 )(17 (18 (19 ((20 21 )((22 23 )(24 25 )))))))))((2 3 )(((4 5 )(6 7 ))(8 (9 (10 (11 12 )))))))((26 (27 (28 (29 30 ))))((31 ((32 33 )((34 35 )(36 (37 38 )))))(39 ((40 41 )(42 (43 ((44 45 )(46 47 )))))))))); 
ttag *!; 
ttag +0 ////; 
ttag +1 ////; 
ttag +2 ////; 
ttag +3 ////; 
ttag +4 ////; 
ttag +5 ////; 
ttag +6 ////; 
ttag +7 ////; 
ttag +8 ////; 
ttag +9 ////; 
ttag +10 ////; 
ttag +11 ////; 
ttag +12 ////; 
ttag +13 ////; 
ttag +14 ////; 
ttag +15 ////; 
ttag +16 ////; 
ttag +17 ////; 
ttag +18 ////; 
ttag +19 ////; 
ttag +20 ////; 
ttag +21 ////; 
ttag +22 ////; 
ttag +23 ////; 
ttag +24 ////; 
ttag +25 ////; 
ttag +26 ////; 
ttag +27 ////; 
ttag +28 ////; 
ttag +29 ////; 
ttag +30 ////; 
ttag +31 ////; 
ttag +32 ////; 
ttag +33 ////; 
ttag +34 ////; 
ttag +35 ////; 
ttag +36 ////; 
ttag +37 ////; 
ttag +38 ////; 
ttag +39 ////; 
ttag +40 ////; 
ttag +41 ////; 
ttag +42 ////; 
ttag +43 ////; 
ttag +44 ////; 
ttag +45 ////; 
ttag +46 ////; 
ttag +47 ////; 
ttag +48 ////; 
ttag +49 22/[2]/?/4/?; 
ttag +50 45/30/20/35/24; 
ttag +51 100/100/100/100/100; 
ttag +52 98/98/97/99/94; 
ttag +53 99/99/98/98/94; 
ttag +54 99/98/94/98/96; 
ttag +55 100/100/100/100/100; 
ttag +56 64/45/29/48/34; 
ttag +57 63/49/34/62/46; 
ttag +58 70/64/44/64/54; 
ttag +59 28/[5]/?/?/?; 
ttag +60 98/98/93/98/95; 
ttag +61 100/100/99/100/99; 
ttag +62 100/100/99/98/99; 
ttag +63 42/17/8/23/13; 
ttag +64 96/96/90/96/92; 
ttag +65 96/96/82/96/88; 
ttag +66 98/98/94/98/94; 
ttag +67 80/72/61/72/65; 
ttag +68 81/79/70/82/82; 
ttag +69 100/100/100/100/100; 
ttag +70 96/96/90/94/93; 
ttag +71 99/99/96/98/93; 
ttag +72 70/64/54/72/52; 
ttag +73 86/81/58/78/63; 
ttag +74 97/96/87/94/87; 
ttag +75 99/99/95/99/95; 
ttag +76 94/94/86/94/85; 
ttag +77 98/98/91/96/92; 
ttag +78 100/100/96/99/98; 
ttag +79 64/53/56/68/58; 
ttag +80 97/95/94/97/93; 
ttag +81 100/100/99/100/99; 
ttag +82 95/93/85/95/88; 
ttag +83 99/99/98/100/97; 
ttag +84 40/27/14/28/16; 
ttag +85 56/40/26/51/36; 
ttag +86 100/100/100/100/100; 
ttag +87 73/63/52/56/52; 
ttag +88 91/89/79/88/86; 
ttag +89 100/100/97/98/98; 
ttag +90 98/97/95/99/96; 
ttag +91 81/74/56/68/64; 
ttag +92 98/97/96/98/97; 
ttag +93 94/92/83/89/84; 
ttag +94 49/34/33/30/34; 
