tread
'Tree with tags' 
(0 (1 (((2 3 )(((4 5 )(6 7 ))((8 9 )(10 (11 12 )))))((13 14 )(((15 16 )(17 (18 (19 ((20 21 )((22 23 )(24 25 )))))))((26 (27 (28 (29 30 ))))(39 (31 (((32 33 )(34 35 ))(36 (37 38 ))))((40 41 )(43 (42 ((44 45 )(46 47 )))))))))))); 
ttag *!; 
ttag +49 ???; 
ttag +50 6; 
ttag +51 7; 
ttag +52 1; 
ttag +53 10; 
ttag +54 5; 
ttag +55 3; 
ttag +56 6; 
ttag +57 1; 
ttag +58 2; 
ttag +59 5; 
ttag +60 12; 
ttag +61 12; 
ttag +62 1; 
ttag +63 8; 
ttag +64 1; 
ttag +65 1; 
ttag +66 1; 
ttag +67 4; 
ttag +68 2; 
ttag +69 8; 
ttag +70 8; 
ttag +71 6; 
ttag +72 8; 
ttag +73 5; 
ttag +74 3; 
ttag +75 7; 
ttag +76 1; 
ttag +77 1; 
ttag +78 10; 
ttag +79 5; 
ttag +80 6; 
ttag +81 4; 
ttag +82 2; 
ttag +83 4; 
ttag +84 3; 
ttag +85 7; 
ttag +86 6; 
ttag +87 5; 
ttag +88 7; 
ttag +89 1; 
ttag +90 6; 
ttag +91 10; 
ttag +92 7; 
ttag +93 2; 
tread
'Tree with tags' 
(0 (1 (((2 3 )(((4 5 )(6 7 ))((8 9 )(10 (11 12 )))))((13 14 )(((15 16 )(17 (18 (19 ((20 21 )((22 23 )(24 25 )))))))((26 (27 (28 (29 30 ))))((39 (31 (((32 33 )(34 35 ))(36 (37 38 )))))((40 41 )(43 (42 ((44 45 )(46 47 )))))))))))); 
ttag *!; 
ttag +0 ////; 
ttag +1 ////; 
ttag +2 ////; 
ttag +3 ////; 
ttag +4 ////; 
ttag +5 ////; 
ttag +6 ////; 
ttag +7 ////; 
ttag +8 ////; 
ttag +9 ////; 
ttag +10 ////; 
ttag +11 ////; 
ttag +12 ////; 
ttag +13 ////; 
ttag +14 ////; 
ttag +15 ////; 
ttag +16 ////; 
ttag +17 ////; 
ttag +18 ////; 
ttag +19 ////; 
ttag +20 ////; 
ttag +21 ////; 
ttag +22 ////; 
ttag +23 ////; 
ttag +24 ////; 
ttag +25 ////; 
ttag +26 ////; 
ttag +27 ////; 
ttag +28 ////; 
ttag +29 ////; 
ttag +30 ////; 
ttag +31 ////; 
ttag +32 ////; 
ttag +33 ////; 
ttag +34 ////; 
ttag +35 ////; 
ttag +36 ////; 
ttag +37 ////; 
ttag +38 ////; 
ttag +39 ////; 
ttag +40 ////; 
ttag +41 ////; 
ttag +42 ////; 
ttag +43 ////; 
ttag +44 ////; 
ttag +45 ////; 
ttag +46 ////; 
ttag +47 ////; 
ttag +48 ////; 
ttag +49 100/100/100/100/100; 
ttag +50 99/98/96/98/96; 
ttag +51 98/97/91/96/96; 
ttag +52 30/9/10/14/12; 
ttag +53 100/100/99/100/99; 
ttag +54 99/99/94/99/91; 
ttag +55 83/75/74/72/75; 
ttag +56 98/98/98/99/97; 
ttag +57 38/21/29/27/20; 
ttag +58 73/57/55/60/45; 
ttag +59 97/97/91/97/87; 
ttag +60 100/100/100/100/100; 
ttag +61 100/100/100/100/100; 
ttag +62 27/6/6/10/7; 
ttag +63 100/100/98/100/100; 
ttag +64 41/33/27/38/40; 
ttag +65 41/24/22/36/22; 
ttag +66 57/38/37/34/29; 
ttag +67 92/89/84/82/79; 
ttag +68 81/78/72/79/66; 
ttag +69 100/100/99/100/99; 
ttag +70 100/100/99/100/97; 
ttag +71 99/99/93/98/96; 
ttag +72 100/100/100/100/100; 
ttag +73 93/92/90/92/84; 
ttag +74 92/91/74/87/84; 
ttag +75 99/99/93/99/97; 
ttag +76 66/50/38/46/51; 
ttag +77 58/39/35/41/36; 
ttag +78 100/100/99/100/99; 
ttag +79 98/98/94/97/94; 
ttag +80 36/5/14/14/22; 
ttag +81 94/93/80/91/78; 
ttag +82 94/92/84/90/89; 
ttag +83 66/59/47/71/42; 
ttag +84 90/89/76/92/82; 
ttag +85 93/91/86/91/84; 
ttag +86 99/99/96/100/98; 
ttag +87 98/96/94/98/88; 
ttag +88 96/95/92/98/92; 
ttag +89 98/98/96/97/96; 
ttag +90 54/36/24/40/32; 
ttag +91 95/94/86/91/86; 
ttag +92 100/100/100/100/100; 
ttag +93 97/95/90/96/89; 
ttag +94 80/75/60/78/58; 
