tread
'Tree with tags' 
(0 (1 ((2 3 )(8 9 (6 7 (4 5 ))(10 (11 12 ))))(13 14 )((15 16 )(17 (18 19 ((20 21 )(22 23 )(24 25 )))))((26 (27 (28 (29 30 ))))(39 (31 ((32 33 )(34 35 )(36 (37 38 ))))((40 41 )(42 (43 ((44 45 )(46 47 ))))))))); 
ttag *!; 
ttag +49 ???; 
ttag +50 5; 
ttag +51 6; 
ttag +52 4; 
ttag +53 8; 
ttag +54 1; 
ttag +55 7; 
ttag +56 3; 
ttag +57 4; 
ttag +58 11; 
ttag +59 9; 
ttag +60 1; 
ttag +61 5; 
ttag +62 7; 
ttag +63 6; 
ttag +64 11; 
ttag +65 1; 
ttag +66 4; 
ttag +67 4; 
ttag +68 2; 
ttag +69 9; 
ttag +70 5; 
ttag +71 5; 
ttag +72 6; 
ttag +73 5; 
ttag +74 5; 
ttag +75 1; 
ttag +76 9; 
ttag +77 12; 
ttag +78 4; 
ttag +79 3; 
ttag +80 8; 
ttag +81 2; 
ttag +82 4; 
ttag +83 5; 
ttag +84 4; 
tread
'Tree with tags' 
(0 ((1 (((2 3 )((9 (6 (7 (4 5 ))))(8 (10 (11 12 )))))((15 16 )(17 ((18 19 )(((20 21 )(22 23 ))(24 25 )))))))((13 14 )((26 (27 (28 (29 30 ))))((31 (((32 33 )(34 35 ))(36 (37 38 ))))(39 ((40 41 )(42 (43 ((44 45 )(46 47 ))))))))))); 
ttag *!; 
ttag +0 ////; 
ttag +1 ////; 
ttag +2 ////; 
ttag +3 ////; 
ttag +4 ////; 
ttag +5 ////; 
ttag +6 ////; 
ttag +7 ////; 
ttag +8 ////; 
ttag +9 ////; 
ttag +10 ////; 
ttag +11 ////; 
ttag +12 ////; 
ttag +13 ////; 
ttag +14 ////; 
ttag +15 ////; 
ttag +16 ////; 
ttag +17 ////; 
ttag +18 ////; 
ttag +19 ////; 
ttag +20 ////; 
ttag +21 ////; 
ttag +22 ////; 
ttag +23 ////; 
ttag +24 ////; 
ttag +25 ////; 
ttag +26 ////; 
ttag +27 ////; 
ttag +28 ////; 
ttag +29 ////; 
ttag +30 ////; 
ttag +31 ////; 
ttag +32 ////; 
ttag +33 ////; 
ttag +34 ////; 
ttag +35 ////; 
ttag +36 ////; 
ttag +37 ////; 
ttag +38 ////; 
ttag +39 ////; 
ttag +40 ////; 
ttag +41 ////; 
ttag +42 ////; 
ttag +43 ////; 
ttag +44 ////; 
ttag +45 ////; 
ttag +46 ////; 
ttag +47 ////; 
ttag +48 ////; 
ttag +49 8/[36]/?/?/?; 
ttag +50 100/100/100/100/100; 
ttag +51 97/96/94/96/92; 
ttag +52 97/97/89/98/93; 
ttag +53 22/[22]/?/?/?; 
ttag +54 93/92/87/92/87; 
ttag +55 50/30/24/34/22; 
ttag +56 99/99/99/100/97; 
ttag +57 31/[2]/?/?/?; 
ttag +58 64/57/55/58/47; 
ttag +59 14/[5]/?/?/?; 
ttag +60 99/98/97/99/97; 
ttag +61 94/92/89/96/92; 
ttag +62 98/97/92/98/92; 
ttag +63 34/[10]/?/?/?; 
ttag +64 100/100/100/100/98; 
ttag +65 100/100/96/99/98; 
ttag +66 71/62/53/61/53; 
ttag +67 33/[13]/?/2/7; 
ttag +68 100/100/97/98/96; 
ttag +69 99/99/99/99/98; 
ttag +70 28/[27]/?/?/?; 
ttag +71 98/98/98/99/97; 
ttag +72 100/100/99/100/100; 
ttag +73 66/47/49/50/48; 
ttag +74 95/95/88/94/87; 
ttag +75 92/91/81/88/85; 
ttag +76 84/78/64/75/68; 
ttag +77 100/100/98/100/99; 
ttag +78 92/92/86/94/87; 
ttag +79 98/97/97/98/96; 
ttag +80 98/98/96/97/94; 
ttag +81 98/98/95/98/92; 
ttag +82 14/[7]/?/?/?; 
ttag +83 97/96/89/97/88; 
ttag +84 68/59/62/58/61; 
ttag +85 98/98/98/100/99; 
ttag +86 100/100/100/100/100; 
ttag +87 35/2/?/2/?; 
ttag +88 95/93/92/96/90; 
ttag +89 92/90/83/92/85; 
ttag +90 100/100/98/100/98; 
ttag +91 76/65/56/71/52; 
ttag +92 92/89/86/93/86; 
ttag +93 97/97/93/99/94; 
ttag +94 93/90/84/91/84; 
