tread
'Tree with tags' 
(0 (((1 (((2 3 )((4 5 )(6 7 )))((8 9 )(10 (11 12 )))))(17 (15 16 )(18 (19 ((20 21 )(25 (24 (22 23 )))))))((26 (27 (28 (29 30 ))))(39 (31 (34 35 ((32 33 )(36 (37 38 )))))(40 41 )(42 (43 ((44 45 )(46 47 )))))))(13 14 ))); 
ttag *!; 
ttag +49 2; 
ttag +50 1; 
ttag +51 ???; 
ttag +52 5; 
ttag +53 2; 
ttag +54 4; 
ttag +55 1; 
ttag +56 10; 
ttag +57 3; 
ttag +58 4; 
ttag +59 3; 
ttag +60 8; 
ttag +61 7; 
ttag +62 7; 
ttag +63 12; 
ttag +64 3; 
ttag +65 6; 
ttag +66 1; 
ttag +67 7; 
ttag +68 2; 
ttag +69 9; 
ttag +70 2; 
ttag +71 7; 
ttag +72 5; 
ttag +73 4; 
ttag +74 4; 
ttag +75 6; 
ttag +76 8; 
ttag +77 11; 
ttag +78 5; 
ttag +79 9; 
ttag +80 2; 
ttag +81 2; 
ttag +82 6; 
ttag +83 6; 
ttag +84 8; 
ttag +85 10; 
ttag +86 2; 
ttag +87 6; 
ttag +88 9; 
ttag +89 5; 
tread
'Tree with tags' 
(0 (((1 (((2 3 )((4 5 )(6 7 )))((8 9 )(10 (11 12 )))))((17 ((15 16 )(18 (19 ((20 21 )(25 (24 (22 23 ))))))))((26 (27 (28 (29 30 ))))(39 (((31 (35 (34 ((32 33 )(36 (37 38 ))))))(40 41 ))(42 (43 ((44 45 )(46 47 )))))))))(13 14 ))); 
ttag *!; 
ttag +0 ////; 
ttag +1 ////; 
ttag +2 ////; 
ttag +3 ////; 
ttag +4 ////; 
ttag +5 ////; 
ttag +6 ////; 
ttag +7 ////; 
ttag +8 ////; 
ttag +9 ////; 
ttag +10 ////; 
ttag +11 ////; 
ttag +12 ////; 
ttag +13 ////; 
ttag +14 ////; 
ttag +15 ////; 
ttag +16 ////; 
ttag +17 ////; 
ttag +18 ////; 
ttag +19 ////; 
ttag +20 ////; 
ttag +21 ////; 
ttag +22 ////; 
ttag +23 ////; 
ttag +24 ////; 
ttag +25 ////; 
ttag +26 ////; 
ttag +27 ////; 
ttag +28 ////; 
ttag +29 ////; 
ttag +30 ////; 
ttag +31 ////; 
ttag +32 ////; 
ttag +33 ////; 
ttag +34 ////; 
ttag +35 ////; 
ttag +36 ////; 
ttag +37 ////; 
ttag +38 ////; 
ttag +39 ////; 
ttag +40 ////; 
ttag +41 ////; 
ttag +42 ////; 
ttag +43 ////; 
ttag +44 ////; 
ttag +45 ////; 
ttag +46 ////; 
ttag +47 ////; 
ttag +48 ////; 
ttag +49 64/56/42/65/46; 
ttag +50 57/51/32/54/44; 
ttag +51 100/100/100/100/100; 
ttag +52 97/96/83/95/88; 
ttag +53 54/40/25/51/24; 
ttag +54 89/87/79/89/74; 
ttag +55 62/48/45/35/48; 
ttag +56 100/100/100/100/100; 
ttag +57 73/57/52/72/55; 
ttag +58 90/86/85/88/81; 
ttag +59 73/66/58/71/66; 
ttag +60 99/99/98/99/97; 
ttag +61 99/99/96/97/94; 
ttag +62 100/100/100/100/98; 
ttag +63 100/100/100/100/99; 
ttag +64 12/[18]/?/?/?; 
ttag +65 76/71/57/76/62; 
ttag +66 12/[2]/?/?/0; 
ttag +67 96/96/92/96/92; 
ttag +68 51/42/32/40/22; 
ttag +69 100/100/100/100/100; 
ttag +70 67/59/53/58/44; 
ttag +71 99/99/99/100/97; 
ttag +72 75/64/47/60/49; 
ttag +73 96/95/91/96/92; 
ttag +74 96/96/89/94/90; 
ttag +75 93/91/84/92/78; 
ttag +76 96/94/82/88/82; 
ttag +77 99/99/99/98/94; 
ttag +78 100/100/99/99/100; 
ttag +79 100/100/100/100/100; 
ttag +80 28/[10]/?/?/?; 
ttag +81 31/[2]/?/?/?; 
ttag +82 95/94/82/92/81; 
ttag +83 100/100/100/100/100; 
ttag +84 70/61/58/62/59; 
ttag +85 18/[1]/?/?/?; 
ttag +86 80/74/71/76/68; 
ttag +87 98/97/94/96/96; 
ttag +88 99/99/97/99/98; 
ttag +89 99/99/91/99/95; 
ttag +90 99/98/100/100/100; 
ttag +91 75/64/53/66/53; 
ttag +92 98/97/92/97/94; 
ttag +93 100/100/99/99/99; 
ttag +94 100/100/99/99/98; 
