tread
'Tree with tags' 
(0 (1 (((2 3 )(9 (8 (10 (11 12 )))))(4 5 (6 7 )))(13 14 )(((15 16 )(17 (18 (19 ((20 21 )((22 23 )(24 25 )))))))((26 27 (28 (29 30 )))(39 (31 (34 35 (32 33 )(36 (37 38 ))))((40 41 )(42 (43 ((44 45 )(46 47 )))))))))); 
ttag *!; 
ttag +49 ???; 
ttag +50 9; 
ttag +51 1; 
ttag +52 9; 
ttag +53 4; 
ttag +54 1; 
ttag +55 1; 
ttag +56 2; 
ttag +57 7; 
ttag +58 7; 
ttag +59 2; 
ttag +60 11; 
ttag +61 2; 
ttag +62 3; 
ttag +63 4; 
ttag +64 4; 
ttag +65 1; 
ttag +66 5; 
ttag +67 6; 
ttag +68 5; 
ttag +69 5; 
ttag +70 2; 
ttag +71 6; 
ttag +72 6; 
ttag +73 5; 
ttag +74 7; 
ttag +75 6; 
ttag +76 6; 
ttag +77 5; 
ttag +78 3; 
ttag +79 11; 
ttag +80 9; 
ttag +81 2; 
ttag +82 9; 
ttag +83 5; 
ttag +84 3; 
ttag +85 6; 
ttag +86 6; 
ttag +87 4; 
tread
'Tree with tags' 
(0 ((1 (((2 3 )(9 (8 (10 (11 12 )))))(4 (5 (6 7 )))))((13 14 )(((15 16 )(17 (18 (19 ((20 21 )((22 23 )(24 25 )))))))((26 (27 (28 (29 30 ))))((31 ((32 33 )(34 (35 (36 (37 38 ))))))(39 ((40 41 )(42 (43 ((44 45 )(46 47 )))))))))))); 
ttag *!; 
ttag +0 ////; 
ttag +1 ////; 
ttag +2 ////; 
ttag +3 ////; 
ttag +4 ////; 
ttag +5 ////; 
ttag +6 ////; 
ttag +7 ////; 
ttag +8 ////; 
ttag +9 ////; 
ttag +10 ////; 
ttag +11 ////; 
ttag +12 ////; 
ttag +13 ////; 
ttag +14 ////; 
ttag +15 ////; 
ttag +16 ////; 
ttag +17 ////; 
ttag +18 ////; 
ttag +19 ////; 
ttag +20 ////; 
ttag +21 ////; 
ttag +22 ////; 
ttag +23 ////; 
ttag +24 ////; 
ttag +25 ////; 
ttag +26 ////; 
ttag +27 ////; 
ttag +28 ////; 
ttag +29 ////; 
ttag +30 ////; 
ttag +31 ////; 
ttag +32 ////; 
ttag +33 ////; 
ttag +34 ////; 
ttag +35 ////; 
ttag +36 ////; 
ttag +37 ////; 
ttag +38 ////; 
ttag +39 ////; 
ttag +40 ////; 
ttag +41 ////; 
ttag +42 ////; 
ttag +43 ////; 
ttag +44 ////; 
ttag +45 ////; 
ttag +46 ////; 
ttag +47 ////; 
ttag +48 ////; 
ttag +49 26/[10]/?/?/?; 
ttag +50 100/100/100/100/100; 
ttag +51 99/99/99/100/99; 
ttag +52 48/24/11/26/12; 
ttag +53 100/100/96/100/98; 
ttag +54 95/93/92/94/88; 
ttag +55 27/[30]/?/?/?; 
ttag +56 80/74/67/66/64; 
ttag +57 34/17/13/15/11; 
ttag +58 68/59/50/55/54; 
ttag +59 98/98/94/98/95; 
ttag +60 99/99/98/100/99; 
ttag +61 95/94/73/84/88; 
ttag +62 28/2/?/1/?; 
ttag +63 100/100/100/100/100; 
ttag +64 66/62/56/66/46; 
ttag +65 76/72/64/80/57; 
ttag +66 88/87/82/90/82; 
ttag +67 85/79/73/86/78; 
ttag +68 53/44/40/42/34; 
ttag +69 98/98/98/98/98; 
ttag +70 96/96/89/95/90; 
ttag +71 94/92/89/96/84; 
ttag +72 97/96/87/96/88; 
ttag +73 71/55/44/57/48; 
ttag +74 99/99/99/99/97; 
ttag +75 96/95/96/98/90; 
ttag +76 11/[14]/?/?/?; 
ttag +77 98/97/94/98/94; 
ttag +78 99/99/98/100/97; 
ttag +79 96/94/93/96/90; 
ttag +80 99/99/96/98/97; 
ttag +81 98/98/96/98/97; 
ttag +82 93/91/87/88/78; 
ttag +83 37/0/11/3/8; 
ttag +84 36/[3]/?/?/?; 
ttag +85 100/100/100/100/100; 
ttag +86 99/99/100/100/97; 
ttag +87 43/21/21/18/24; 
ttag +88 72/66/59/73/61; 
ttag +89 100/100/99/100/99; 
ttag +90 98/97/96/97/96; 
ttag +91 87/86/74/89/82; 
ttag +92 98/98/95/99/92; 
ttag +93 98/98/94/99/96; 
ttag +94 93/92/83/94/88; 
