tread
'Tree with tags' 
(0 (1 (10 (2 3 )(8 9 (6 7 (4 5 )))(11 12 ))(13 14 )(17 (15 16 )(18 19 ((20 21 )((22 23 )(24 25 )))))((26 (27 (28 (29 30 ))))((31 ((32 33 )((34 35 )(36 (37 38 )))))(39 ((40 41 )(42 (43 ((44 45 )(46 47 )))))))))); 
ttag *!; 
ttag +49 ???; 
ttag +50 7; 
ttag +51 6; 
ttag +52 6; 
ttag +53 2; 
ttag +54 1; 
ttag +55 7; 
ttag +56 9; 
ttag +57 8; 
ttag +58 2; 
ttag +59 7; 
ttag +60 9; 
ttag +61 7; 
ttag +62 12; 
ttag +63 8; 
ttag +64 5; 
ttag +65 9; 
ttag +66 6; 
ttag +67 3; 
ttag +68 5; 
ttag +69 11; 
ttag +70 11; 
ttag +71 2; 
ttag +72 7; 
ttag +73 4; 
ttag +74 2; 
ttag +75 1; 
ttag +76 6; 
ttag +77 6; 
ttag +78 1; 
ttag +79 5; 
ttag +80 6; 
ttag +81 8; 
ttag +82 2; 
ttag +83 1; 
ttag +84 9; 
ttag +85 4; 
tread
'Tree with tags' 
(0 (((1 ((13 14 )((26 (27 (28 (29 30 ))))((31 ((32 33 )((34 35 )(36 (37 38 )))))(39 ((40 41 )(42 (43 ((44 45 )(46 47 ))))))))))((15 16 )(17 (18 (19 ((20 21 )((22 23 )(24 25 ))))))))((2 3 )((10 (8 (9 (6 (7 (4 5 ))))))(11 12 ))))); 
ttag *!; 
ttag +0 ////; 
ttag +1 ////; 
ttag +2 ////; 
ttag +3 ////; 
ttag +4 ////; 
ttag +5 ////; 
ttag +6 ////; 
ttag +7 ////; 
ttag +8 ////; 
ttag +9 ////; 
ttag +10 ////; 
ttag +11 ////; 
ttag +12 ////; 
ttag +13 ////; 
ttag +14 ////; 
ttag +15 ////; 
ttag +16 ////; 
ttag +17 ////; 
ttag +18 ////; 
ttag +19 ////; 
ttag +20 ////; 
ttag +21 ////; 
ttag +22 ////; 
ttag +23 ////; 
ttag +24 ////; 
ttag +25 ////; 
ttag +26 ////; 
ttag +27 ////; 
ttag +28 ////; 
ttag +29 ////; 
ttag +30 ////; 
ttag +31 ////; 
ttag +32 ////; 
ttag +33 ////; 
ttag +34 ////; 
ttag +35 ////; 
ttag +36 ////; 
ttag +37 ////; 
ttag +38 ////; 
ttag +39 ////; 
ttag +40 ////; 
ttag +41 ////; 
ttag +42 ////; 
ttag +43 ////; 
ttag +44 ////; 
ttag +45 ////; 
ttag +46 ////; 
ttag +47 ////; 
ttag +48 ////; 
ttag +49 13/[33]/?/?/?; 
ttag +50 12/[34]/?/?/?; 
ttag +51 100/100/100/100/100; 
ttag +52 100/100/96/99/98; 
ttag +53 96/94/92/96/88; 
ttag +54 95/94/90/96/90; 
ttag +55 27/[20]/?/?/?; 
ttag +56 75/70/70/72/58; 
ttag +57 22/2/?/6/?; 
ttag +58 66/60/46/65/60; 
ttag +59 21/[28]/?/?/?; 
ttag +60 40/6/21/16/8; 
ttag +61 99/99/98/99/99; 
ttag +62 100/100/100/100/100; 
ttag +63 24/6/9/?/2; 
ttag +64 98/97/92/99/93; 
ttag +65 76/71/64/78/61; 
ttag +66 62/41/50/48/46; 
ttag +67 99/99/96/100/95; 
ttag +68 44/13/10/17/11; 
ttag +69 100/100/100/100/100; 
ttag +70 99/99/91/98/91; 
ttag +71 100/100/99/100/100; 
ttag +72 99/99/98/100/98; 
ttag +73 96/96/88/95/86; 
ttag +74 100/100/100/100/100; 
ttag +75 95/94/90/96/90; 
ttag +76 83/78/62/72/62; 
ttag +77 93/92/83/96/89; 
ttag +78 100/100/100/100/100; 
ttag +79 100/100/100/100/100; 
ttag +80 50/29/22/43/30; 
ttag +81 99/99/97/98/94; 
ttag +82 93/90/87/94/86; 
ttag +83 73/69/62/73/59; 
ttag +84 68/54/43/45/39; 
ttag +85 97/96/88/94/94; 
ttag +86 100/100/97/100/98; 
ttag +87 47/26/17/38/24; 
ttag +88 91/87/83/91/81; 
ttag +89 90/86/80/88/85; 
ttag +90 99/99/96/99/96; 
ttag +91 61/44/29/43/26; 
ttag +92 40/22/34/37/22; 
ttag +93 100/100/97/99/95; 
ttag +94 96/95/90/92/88; 
