tread
'Tree with tags' 
(0 (1 ((2 3 )((((4 5 )(6 7 ))(10 (11 12 )))(8 9 )))(13 14 )(((15 16 )(17 (18 (19 ((20 21 )((22 23 )(24 25 )))))))((26 (27 (28 (29 30 ))))((39 (31 ((32 33 )((34 35 )(36 (37 38 ))))))((40 41 )(42 43 ((44 45 )(46 47 ))))))))); 
ttag *!; 
ttag +49 ???; 
ttag +50 9; 
ttag +51 8; 
ttag +52 5; 
ttag +53 6; 
ttag +54 1; 
ttag +55 4; 
ttag +56 3; 
ttag +57 1; 
ttag +58 5; 
ttag +59 7; 
ttag +60 6; 
ttag +61 13; 
ttag +62 4; 
ttag +63 2; 
ttag +64 1; 
ttag +65 4; 
ttag +66 3; 
ttag +67 9; 
ttag +68 10; 
ttag +69 9; 
ttag +70 11; 
ttag +71 4; 
ttag +72 10; 
ttag +73 4; 
ttag +74 7; 
ttag +75 3; 
ttag +76 14; 
ttag +77 6; 
ttag +78 1; 
ttag +79 7; 
ttag +80 11; 
ttag +81 6; 
ttag +82 4; 
ttag +83 1; 
ttag +84 7; 
ttag +85 8; 
ttag +86 3; 
ttag +87 7; 
ttag +88 10; 
ttag +89 6; 
ttag +90 8; 
ttag +91 3; 
tread
'Tree with tags' 
(0 (1 ((((2 3 )((((4 5 )(6 7 ))(10 (11 12 )))(8 9 )))(13 14 ))(((15 16 )(17 (18 (19 ((20 21 )((22 23 )(24 25 )))))))((26 (27 (28 (29 30 ))))((39 (31 ((32 33 )((34 35 )(36 (37 38 ))))))((40 41 )(42 (43 ((44 45 )(46 47 ))))))))))); 
ttag *!; 
ttag +0 ////; 
ttag +1 ////; 
ttag +2 ////; 
ttag +3 ////; 
ttag +4 ////; 
ttag +5 ////; 
ttag +6 ////; 
ttag +7 ////; 
ttag +8 ////; 
ttag +9 ////; 
ttag +10 ////; 
ttag +11 ////; 
ttag +12 ////; 
ttag +13 ////; 
ttag +14 ////; 
ttag +15 ////; 
ttag +16 ////; 
ttag +17 ////; 
ttag +18 ////; 
ttag +19 ////; 
ttag +20 ////; 
ttag +21 ////; 
ttag +22 ////; 
ttag +23 ////; 
ttag +24 ////; 
ttag +25 ////; 
ttag +26 ////; 
ttag +27 ////; 
ttag +28 ////; 
ttag +29 ////; 
ttag +30 ////; 
ttag +31 ////; 
ttag +32 ////; 
ttag +33 ////; 
ttag +34 ////; 
ttag +35 ////; 
ttag +36 ////; 
ttag +37 ////; 
ttag +38 ////; 
ttag +39 ////; 
ttag +40 ////; 
ttag +41 ////; 
ttag +42 ////; 
ttag +43 ////; 
ttag +44 ////; 
ttag +45 ////; 
ttag +46 ////; 
ttag +47 ////; 
ttag +48 ////; 
ttag +49 100/100/100/100/100; 
ttag +50 100/100/100/100/99; 
ttag +51 99/99/95/97/96; 
ttag +52 11/[24]/?/?/?; 
ttag +53 30/14/14/22/15; 
ttag +54 98/97/93/96/91; 
ttag +55 99/99/97/99/95; 
ttag +56 22/[10]/?/2/?; 
ttag +57 84/81/66/75/71; 
ttag +58 84/78/74/85/75; 
ttag +59 28/[5]/3/5/10; 
ttag +60 90/86/80/92/80; 
ttag +61 99/99/99/100/99; 
ttag +62 100/100/100/100/100; 
ttag +63 100/100/100/100/100; 
ttag +64 92/90/79/88/74; 
ttag +65 74/66/50/52/48; 
ttag +66 42/29/20/30/28; 
ttag +67 91/87/75/80/78; 
ttag +68 82/78/66/68/65; 
ttag +69 100/100/100/100/100; 
ttag +70 99/99/96/100/99; 
ttag +71 100/100/100/100/100; 
ttag +72 100/100/100/100/100; 
ttag +73 89/83/73/82/74; 
ttag +74 99/99/99/100/100; 
ttag +75 94/92/90/91/92; 
ttag +76 99/99/98/100/98; 
ttag +77 90/87/81/91/87; 
ttag +78 100/100/100/100/100; 
ttag +79 96/94/88/96/90; 
ttag +80 66/52/44/53/45; 
ttag +81 100/100/96/99/96; 
ttag +82 100/100/100/100/100; 
ttag +83 98/98/92/99/93; 
ttag +84 98/98/96/96/95; 
ttag +85 65/64/59/58/52; 
ttag +86 98/98/96/99/95; 
ttag +87 98/98/96/99/95; 
ttag +88 88/84/78/90/72; 
ttag +89 99/99/98/99/99; 
ttag +90 100/100/100/100/100; 
ttag +91 44/12/8/12/20; 
ttag +92 98/98/98/100/98; 
ttag +93 100/100/100/100/98; 
ttag +94 90/87/84/87/86; 
