tread
'Tree with tags' 
(0 ((1 ((2 3 )((4 5 )(6 7 ))(8 9 10 (11 12 ))))((13 14 )((17 (15 16 ))(18 (19 ((20 21 )((22 23 )(24 25 ))))))((26 (27 (28 (29 30 ))))(39 ((31 (((32 33 )(36 (37 38 )))(34 35 )))((40 41 )(42 (43 ((44 45 )(46 47 ))))))))))); 
ttag *!; 
ttag +49 1; 
ttag +50 ???; 
ttag +51 5; 
ttag +52 8; 
ttag +53 1; 
ttag +54 6; 
ttag +55 1; 
ttag +56 3; 
ttag +57 6; 
ttag +58 3; 
ttag +59 1; 
ttag +60 9; 
ttag +61 1; 
ttag +62 9; 
ttag +63 4; 
ttag +64 3; 
ttag +65 10; 
ttag +66 10; 
ttag +67 17; 
ttag +68 9; 
ttag +69 3; 
ttag +70 3; 
ttag +71 6; 
ttag +72 2; 
ttag +73 5; 
ttag +74 5; 
ttag +75 6; 
ttag +76 1; 
ttag +77 3; 
ttag +78 9; 
ttag +79 1; 
ttag +80 3; 
ttag +81 4; 
ttag +82 13; 
ttag +83 3; 
ttag +84 7; 
ttag +85 3; 
ttag +86 7; 
ttag +87 2; 
ttag +88 8; 
ttag +89 9; 
ttag +90 3; 
tread
'Tree with tags' 
(0 ((1 (((2 3 )(8 (9 (10 (11 12 )))))((4 5 )(6 7 ))))((13 14 )(((17 (15 16 ))(18 (19 ((20 21 )((22 23 )(24 25 ))))))((26 (27 (28 (29 30 ))))(39 ((31 (((32 33 )(36 (37 38 )))(34 35 )))((40 41 )(42 (43 ((44 45 )(46 47 )))))))))))); 
ttag *!; 
ttag +0 ////; 
ttag +1 ////; 
ttag +2 ////; 
ttag +3 ////; 
ttag +4 ////; 
ttag +5 ////; 
ttag +6 ////; 
ttag +7 ////; 
ttag +8 ////; 
ttag +9 ////; 
ttag +10 ////; 
ttag +11 ////; 
ttag +12 ////; 
ttag +13 ////; 
ttag +14 ////; 
ttag +15 ////; 
ttag +16 ////; 
ttag +17 ////; 
ttag +18 ////; 
ttag +19 ////; 
ttag +20 ////; 
ttag +21 ////; 
ttag +22 ////; 
ttag +23 ////; 
ttag +24 ////; 
ttag +25 ////; 
ttag +26 ////; 
ttag +27 ////; 
ttag +28 ////; 
ttag +29 ////; 
ttag +30 ////; 
ttag +31 ////; 
ttag +32 ////; 
ttag +33 ////; 
ttag +34 ////; 
ttag +35 ////; 
ttag +36 ////; 
ttag +37 ////; 
ttag +38 ////; 
ttag +39 ////; 
ttag +40 ////; 
ttag +41 ////; 
ttag +42 ////; 
ttag +43 ////; 
ttag +44 ////; 
ttag +45 ////; 
ttag +46 ////; 
ttag +47 ////; 
ttag +48 ////; 
ttag +49 38/20/19/21/24; 
ttag +50 100/100/100/100/100; 
ttag +51 97/96/93/98/94; 
ttag +52 32/[20]/?/?/?; 
ttag +53 99/98/99/99/100; 
ttag +54 69/63/46/56/45; 
ttag +55 98/97/91/97/93; 
ttag +56 81/79/71/74/76; 
ttag +57 83/79/68/82/68; 
ttag +58 30/[13]/?/?/?; 
ttag +59 42/24/19/23/16; 
ttag +60 99/99/95/99/96; 
ttag +61 83/78/72/76/74; 
ttag +62 34/16/12/18/18; 
ttag +63 99/99/99/100/99; 
ttag +64 60/51/45/58/44; 
ttag +65 99/99/98/100/97; 
ttag +66 24/1/9/3/8; 
ttag +67 88/84/72/85/76; 
ttag +68 88/85/81/86/82; 
ttag +69 100/100/100/100/100; 
ttag +70 100/100/98/100/97; 
ttag +71 100/100/100/100/100; 
ttag +72 100/100/99/100/99; 
ttag +73 84/76/68/74/64; 
ttag +74 78/73/60/78/68; 
ttag +75 96/95/90/96/88; 
ttag +76 52/32/19/41/27; 
ttag +77 94/92/92/94/84; 
ttag +78 97/96/90/98/91; 
ttag +79 99/98/96/98/93; 
ttag +80 43/11/4/20/11; 
ttag +81 91/88/78/84/77; 
ttag +82 100/100/100/100/100; 
ttag +83 56/47/32/46/25; 
ttag +84 80/72/59/70/55; 
ttag +85 95/93/93/95/88; 
ttag +86 100/100/100/100/100; 
ttag +87 78/73/59/73/58; 
ttag +88 97/96/97/99/96; 
ttag +89 84/82/70/80/63; 
ttag +90 98/98/94/99/97; 
ttag +91 72/66/57/68/60; 
ttag +92 100/100/97/99/99; 
ttag +93 98/98/96/98/95; 
ttag +94 78/67/62/71/63; 
