tread
'Tree with tags' 
(0 ((1 ((2 3 )(((4 5 )(6 7 ))(8 9 )(10 (11 12 )))))((13 14 )(((15 16 )(17 (18 (19 ((20 21 )((22 23 )(24 25 )))))))((26 (27 (28 (29 30 ))))(39 (31 (32 33 )(34 35 )(36 (37 38 )))(40 41 (43 (42 ((44 45 )(46 47 ))))))))))); 
ttag *!; 
ttag +49 2; 
ttag +50 ???; 
ttag +51 8; 
ttag +52 4; 
ttag +53 5; 
ttag +54 5; 
ttag +55 5; 
ttag +56 4; 
ttag +57 3; 
ttag +58 3; 
ttag +59 11; 
ttag +60 7; 
ttag +61 2; 
ttag +62 7; 
ttag +63 4; 
ttag +64 1; 
ttag +65 4; 
ttag +66 1; 
ttag +67 5; 
ttag +68 7; 
ttag +69 4; 
ttag +70 15; 
ttag +71 4; 
ttag +72 3; 
ttag +73 3; 
ttag +74 4; 
ttag +75 1; 
ttag +76 5; 
ttag +77 7; 
ttag +78 2; 
ttag +79 6; 
ttag +80 2; 
ttag +81 2; 
ttag +82 8; 
ttag +83 10; 
ttag +84 6; 
ttag +85 2; 
ttag +86 8; 
ttag +87 7; 
ttag +88 5; 
ttag +89 3; 
tread
'Tree with tags' 
(0 ((1 ((2 3 )((((4 5 )(6 7 ))(10 (11 12 )))(8 9 ))))((13 14 )(((15 16 )(17 (18 (19 ((20 21 )((22 23 )(24 25 )))))))((26 (27 (28 (29 30 ))))((39 (((31 (32 33 ))(34 35 ))(36 (37 38 ))))((40 41 )(43 (42 ((44 45 )(46 47 ))))))))))); 
ttag *!; 
ttag +0 ////; 
ttag +1 ////; 
ttag +2 ////; 
ttag +3 ////; 
ttag +4 ////; 
ttag +5 ////; 
ttag +6 ////; 
ttag +7 ////; 
ttag +8 ////; 
ttag +9 ////; 
ttag +10 ////; 
ttag +11 ////; 
ttag +12 ////; 
ttag +13 ////; 
ttag +14 ////; 
ttag +15 ////; 
ttag +16 ////; 
ttag +17 ////; 
ttag +18 ////; 
ttag +19 ////; 
ttag +20 ////; 
ttag +21 ////; 
ttag +22 ////; 
ttag +23 ////; 
ttag +24 ////; 
ttag +25 ////; 
ttag +26 ////; 
ttag +27 ////; 
ttag +28 ////; 
ttag +29 ////; 
ttag +30 ////; 
ttag +31 ////; 
ttag +32 ////; 
ttag +33 ////; 
ttag +34 ////; 
ttag +35 ////; 
ttag +36 ////; 
ttag +37 ////; 
ttag +38 ////; 
ttag +39 ////; 
ttag +40 ////; 
ttag +41 ////; 
ttag +42 ////; 
ttag +43 ////; 
ttag +44 ////; 
ttag +45 ////; 
ttag +46 ////; 
ttag +47 ////; 
ttag +48 ////; 
ttag +49 66/62/46/69/52; 
ttag +50 100/100/100/100/100; 
ttag +51 100/100/98/100/100; 
ttag +52 91/90/84/93/84; 
ttag +53 99/99/92/99/96; 
ttag +54 97/97/86/97/89; 
ttag +55 34/[2]/?/?/4; 
ttag +56 96/95/92/95/94; 
ttag +57 93/91/78/93/84; 
ttag +58 84/82/79/83/79; 
ttag +59 82/74/71/78/67; 
ttag +60 100/100/100/100/100; 
ttag +61 99/98/98/100/98; 
ttag +62 56/52/34/53/37; 
ttag +63 100/100/96/99/97; 
ttag +64 76/72/59/72/68; 
ttag +65 24/3/?/15/2; 
ttag +66 90/88/78/90/84; 
ttag +67 48/18/18/34/17; 
ttag +68 99/99/96/98/95; 
ttag +69 100/100/100/100/100; 
ttag +70 95/92/82/92/81; 
ttag +71 100/100/100/100/100; 
ttag +72 92/90/73/86/80; 
ttag +73 85/81/70/80/69; 
ttag +74 84/82/76/84/75; 
ttag +75 96/95/89/93/87; 
ttag +76 50/22/14/18/20; 
ttag +77 98/97/97/97/95; 
ttag +78 100/100/100/100/99; 
ttag +79 11/[46]/?/?/?; 
ttag +80 18/[39]/?/?/?; 
ttag +81 77/68/50/65/53; 
ttag +82 26/8/10/2/10; 
ttag +83 95/94/83/92/80; 
ttag +84 84/81/73/83/65; 
ttag +85 92/92/94/90/94; 
ttag +86 99/99/98/100/100; 
ttag +87 100/100/100/100/99; 
ttag +88 47/26/24/25/23; 
ttag +89 97/96/94/95/90; 
ttag +90 78/72/65/70/57; 
ttag +91 100/100/93/100/98; 
ttag +92 100/100/98/98/96; 
ttag +93 97/96/95/99/93; 
ttag +94 84/82/78/78/75; 
