tread
'Tree with tags' 
(0 (1 ((2 3 )(((4 5 )(6 7 ))(8 (9 (10 (11 12 ))))))((13 14 )(((17 (15 16 ))(18 19 ((20 21 )((22 23 )(24 25 )))))((26 27 (28 (29 30 )))(39 (31 ((32 33 )(35 (34 (36 (37 38 ))))))((40 41 )(42 (43 ((44 45 )(46 47 ))))))))))); 
ttag *!; 
ttag +49 ???; 
ttag +50 5; 
ttag +51 8; 
ttag +52 3; 
ttag +53 8; 
ttag +54 5; 
ttag +55 4; 
ttag +56 1; 
ttag +57 1; 
ttag +58 2; 
ttag +59 9; 
ttag +60 8; 
ttag +61 1; 
ttag +62 14; 
ttag +63 1; 
ttag +64 2; 
ttag +65 1; 
ttag +66 4; 
ttag +67 8; 
ttag +68 9; 
ttag +69 8; 
ttag +70 4; 
ttag +71 3; 
ttag +72 2; 
ttag +73 10; 
ttag +74 8; 
ttag +75 11; 
ttag +76 7; 
ttag +77 8; 
ttag +78 5; 
ttag +79 4; 
ttag +80 2; 
ttag +81 2; 
ttag +82 11; 
ttag +83 12; 
ttag +84 2; 
ttag +85 8; 
ttag +86 8; 
ttag +87 1; 
ttag +88 5; 
ttag +89 4; 
ttag +90 2; 
tread
'Tree with tags' 
(0 ((1 ((2 3 )(((4 5 )(6 7 ))(8 (9 (10 (11 12 )))))))((13 14 )(((17 (15 16 ))(18 (19 ((20 21 )((22 23 )(24 25 ))))))((26 (27 (28 (29 30 ))))((39 (31 ((32 33 )(35 (34 (36 (37 38 )))))))((40 41 )(42 (43 ((44 45 )(46 47 ))))))))))); 
ttag *!; 
ttag +0 ////; 
ttag +1 ////; 
ttag +2 ////; 
ttag +3 ////; 
ttag +4 ////; 
ttag +5 ////; 
ttag +6 ////; 
ttag +7 ////; 
ttag +8 ////; 
ttag +9 ////; 
ttag +10 ////; 
ttag +11 ////; 
ttag +12 ////; 
ttag +13 ////; 
ttag +14 ////; 
ttag +15 ////; 
ttag +16 ////; 
ttag +17 ////; 
ttag +18 ////; 
ttag +19 ////; 
ttag +20 ////; 
ttag +21 ////; 
ttag +22 ////; 
ttag +23 ////; 
ttag +24 ////; 
ttag +25 ////; 
ttag +26 ////; 
ttag +27 ////; 
ttag +28 ////; 
ttag +29 ////; 
ttag +30 ////; 
ttag +31 ////; 
ttag +32 ////; 
ttag +33 ////; 
ttag +34 ////; 
ttag +35 ////; 
ttag +36 ////; 
ttag +37 ////; 
ttag +38 ////; 
ttag +39 ////; 
ttag +40 ////; 
ttag +41 ////; 
ttag +42 ////; 
ttag +43 ////; 
ttag +44 ////; 
ttag +45 ////; 
ttag +46 ////; 
ttag +47 ////; 
ttag +48 ////; 
ttag +49 36/3/6/6/1; 
ttag +50 100/100/100/100/100; 
ttag +51 98/98/96/97/94; 
ttag +52 100/100/98/99/98; 
ttag +53 94/93/79/93/91; 
ttag +54 100/100/98/100/97; 
ttag +55 98/97/89/98/94; 
ttag +56 98/98/97/98/98; 
ttag +57 39/14/10/12/?; 
ttag +58 42/30/27/34/22; 
ttag +59 64/42/45/44/34; 
ttag +60 100/100/100/100/100; 
ttag +61 100/100/99/100/100; 
ttag +62 43/23/7/18/8; 
ttag +63 100/100/100/100/100; 
ttag +64 57/44/26/42/26; 
ttag +65 82/78/70/84/64; 
ttag +66 33/14/0/8/3; 
ttag +67 87/84/69/83/65; 
ttag +68 15/14/17/10/12; 
ttag +69 100/100/99/100/99; 
ttag +70 99/98/94/99/96; 
ttag +71 98/98/98/99/98; 
ttag +72 98/98/91/96/89; 
ttag +73 86/78/70/78/70; 
ttag +74 91/86/76/84/80; 
ttag +75 100/100/98/100/99; 
ttag +76 7/2/8/4/10; 
ttag +77 99/99/95/99/98; 
ttag +78 100/100/100/100/100; 
ttag +79 100/100/100/98/96; 
ttag +80 31/4/?/4/?; 
ttag +81 98/96/91/98/95; 
ttag +82 98/98/98/96/96; 
ttag +83 94/92/86/90/86; 
ttag +84 53/38/26/41/15; 
ttag +85 64/56/40/52/36; 
ttag +86 100/100/98/100/98; 
ttag +87 100/100/100/100/100; 
ttag +88 82/79/65/78/68; 
ttag +89 100/100/99/100/97; 
ttag +90 99/99/98/99/98; 
ttag +91 69/61/58/61/56; 
ttag +92 99/99/99/99/99; 
ttag +93 98/98/96/98/92; 
ttag +94 82/78/68/84/63; 
