tread
'Tree with tags' 
(0 ((1 (((13 14 )((15 16 )(17 (18 (19 ((20 21 )((22 23 )(24 25 ))))))))((26 (27 (28 (29 30 ))))((31 ((32 33 )(34 35 )(36 (37 38 ))))(39 (40 41 (42 (43 ((44 45 )(46 47 ))))))))))((2 3 )(8 9 ((4 5 )(6 7 ))(10 (11 12 )))))); 
ttag *!; 
ttag +49 1; 
ttag +50 ???; 
ttag +51 1; 
ttag +52 7; 
ttag +53 2; 
ttag +54 6; 
ttag +55 2; 
ttag +56 2; 
ttag +57 8; 
ttag +58 3; 
ttag +59 10; 
ttag +60 1; 
ttag +61 1; 
ttag +62 15; 
ttag +63 5; 
ttag +64 4; 
ttag +65 2; 
ttag +66 2; 
ttag +67 7; 
ttag +68 3; 
ttag +69 14; 
ttag +70 1; 
ttag +71 3; 
ttag +72 6; 
ttag +73 7; 
ttag +74 1; 
ttag +75 7; 
ttag +76 10; 
ttag +77 4; 
ttag +78 13; 
ttag +79 11; 
ttag +80 3; 
ttag +81 8; 
ttag +82 7; 
ttag +83 8; 
ttag +84 3; 
ttag +85 1; 
ttag +86 4; 
ttag +87 4; 
ttag +88 2; 
ttag +89 4; 
ttag +90 3; 
tread
'Tree with tags' 
(0 ((1 (((13 14 )((15 16 )(17 (18 (19 ((20 21 )((22 23 )(24 25 ))))))))((26 (27 (28 (29 30 ))))((31 (((32 33 )(34 35 ))(36 (37 38 ))))(39 ((40 41 )(42 (43 ((44 45 )(46 47 ))))))))))((2 3 )(((4 5 )(6 7 ))(8 (9 (10 (11 12 )))))))); 
ttag *!; 
ttag +0 ////; 
ttag +1 ////; 
ttag +2 ////; 
ttag +3 ////; 
ttag +4 ////; 
ttag +5 ////; 
ttag +6 ////; 
ttag +7 ////; 
ttag +8 ////; 
ttag +9 ////; 
ttag +10 ////; 
ttag +11 ////; 
ttag +12 ////; 
ttag +13 ////; 
ttag +14 ////; 
ttag +15 ////; 
ttag +16 ////; 
ttag +17 ////; 
ttag +18 ////; 
ttag +19 ////; 
ttag +20 ////; 
ttag +21 ////; 
ttag +22 ////; 
ttag +23 ////; 
ttag +24 ////; 
ttag +25 ////; 
ttag +26 ////; 
ttag +27 ////; 
ttag +28 ////; 
ttag +29 ////; 
ttag +30 ////; 
ttag +31 ////; 
ttag +32 ////; 
ttag +33 ////; 
ttag +34 ////; 
ttag +35 ////; 
ttag +36 ////; 
ttag +37 ////; 
ttag +38 ////; 
ttag +39 ////; 
ttag +40 ////; 
ttag +41 ////; 
ttag +42 ////; 
ttag +43 ////; 
ttag +44 ////; 
ttag +45 ////; 
ttag +46 ////; 
ttag +47 ////; 
ttag +48 ////; 
ttag +49 70/60/53/57/51; 
ttag +50 100/100/100/100/100; 
ttag +51 56/30/32/40/36; 
ttag +52 96/95/93/95/92; 
ttag +53 77/69/64/75/61; 
ttag +54 94/92/89/98/90; 
ttag +55 86/80/71/75/70; 
ttag +56 66/57/54/63/53; 
ttag +57 18/[12]/?/?/?; 
ttag +58 12/[19]/?/?/?; 
ttag +59 99/99/96/100/97; 
ttag +60 86/81/75/89/78; 
ttag +61 99/99/98/100/98; 
ttag +62 42/16/14/22/7; 
ttag +63 44/32/30/28/24; 
ttag +64 100/100/98/100/100; 
ttag +65 88/83/72/90/76; 
ttag +66 89/85/77/87/69; 
ttag +67 50/32/27/34/22; 
ttag +68 61/48/30/56/28; 
ttag +69 99/99/100/100/100; 
ttag +70 66/53/43/58/39; 
ttag +71 100/100/100/100/100; 
ttag +72 46/32/22/37/21; 
ttag +73 91/89/87/91/84; 
ttag +74 96/93/89/93/86; 
ttag +75 96/95/90/97/92; 
ttag +76 55/49/32/42/31; 
ttag +77 96/94/91/94/89; 
ttag +78 99/98/98/100/97; 
ttag +79 96/95/91/96/90; 
ttag +80 100/100/100/100/100; 
ttag +81 100/100/100/100/100; 
ttag +82 23/2/?/?/4; 
ttag +83 94/93/93/92/88; 
ttag +84 100/100/100/100/99; 
ttag +85 100/100/96/98/94; 
ttag +86 99/99/99/99/96; 
ttag +87 73/65/45/66/46; 
ttag +88 25/[7]/?/?/?; 
ttag +89 79/74/60/62/65; 
ttag +90 89/88/79/90/78; 
ttag +91 81/73/70/80/60; 
ttag +92 59/36/36/46/41; 
ttag +93 87/86/78/88/71; 
ttag +94 92/90/80/88/82; 
