tread
'Tree with tags' 
(0 ((((1 ((26 (27 (28 (29 30 ))))(39 ((31 ((32 33 )((34 35 )(36 (37 38 )))))(41 (40 (42 (43 ((44 45 )(46 47 ))))))))))((15 16 )(17 (18 (19 ((20 21 )((22 23 )(24 25 ))))))))(13 14 ))((2 3 )(((4 5 )(6 7 ))(8 (9 (10 (11 12 )))))))); 
ttag *!; 
ttag +49 2; 
ttag +50 1; 
ttag +51 1; 
ttag +52 ???; 
ttag +53 1; 
ttag +54 6; 
ttag +55 5; 
ttag +56 11; 
ttag +57 3; 
ttag +58 4; 
ttag +59 3; 
ttag +60 1; 
ttag +61 3; 
ttag +62 11; 
ttag +63 12; 
ttag +64 9; 
ttag +65 6; 
ttag +66 1; 
ttag +67 4; 
ttag +68 3; 
ttag +69 12; 
ttag +70 9; 
ttag +71 10; 
ttag +72 7; 
ttag +73 4; 
ttag +74 8; 
ttag +75 10; 
ttag +76 1; 
ttag +77 1; 
ttag +78 11; 
ttag +79 3; 
ttag +80 2; 
ttag +81 8; 
ttag +82 10; 
ttag +83 7; 
ttag +84 1; 
ttag +85 1; 
ttag +86 8; 
ttag +87 13; 
ttag +88 2; 
ttag +89 8; 
ttag +90 4; 
ttag +91 5; 
ttag +92 5; 
ttag +93 5; 
ttag +94 4; 
tread
'Tree with tags' 
(0 ((((1 ((26 (27 (28 (29 30 ))))(39 ((31 ((32 33 )((34 35 )(36 (37 38 )))))(41 (40 (42 (43 ((44 45 )(46 47 ))))))))))((15 16 )(17 (18 (19 ((20 21 )((22 23 )(24 25 ))))))))(13 14 ))((2 3 )(((4 5 )(6 7 ))(8 (9 (10 (11 12 )))))))); 
ttag *!; 
ttag +0 ////; 
ttag +1 ////; 
ttag +2 ////; 
ttag +3 ////; 
ttag +4 ////; 
ttag +5 ////; 
ttag +6 ////; 
ttag +7 ////; 
ttag +8 ////; 
ttag +9 ////; 
ttag +10 ////; 
ttag +11 ////; 
ttag +12 ////; 
ttag +13 ////; 
ttag +14 ////; 
ttag +15 ////; 
ttag +16 ////; 
ttag +17 ////; 
ttag +18 ////; 
ttag +19 ////; 
ttag +20 ////; 
ttag +21 ////; 
ttag +22 ////; 
ttag +23 ////; 
ttag +24 ////; 
ttag +25 ////; 
ttag +26 ////; 
ttag +27 ////; 
ttag +28 ////; 
ttag +29 ////; 
ttag +30 ////; 
ttag +31 ////; 
ttag +32 ////; 
ttag +33 ////; 
ttag +34 ////; 
ttag +35 ////; 
ttag +36 ////; 
ttag +37 ////; 
ttag +38 ////; 
ttag +39 ////; 
ttag +40 ////; 
ttag +41 ////; 
ttag +42 ////; 
ttag +43 ////; 
ttag +44 ////; 
ttag +45 ////; 
ttag +46 ////; 
ttag +47 ////; 
ttag +48 ////; 
ttag +49 58/48/32/42/21; 
ttag +50 19/[7]/?/?/?; 
ttag +51 30/3/7/12/1; 
ttag +52 100/100/100/100/100; 
ttag +53 54/38/50/38/46; 
ttag +54 96/95/84/94/89; 
ttag +55 89/86/78/87/72; 
ttag +56 99/99/99/100/98; 
ttag +57 72/59/46/52/35; 
ttag +58 88/86/84/91/78; 
ttag +59 45/29/16/36/10; 
ttag +60 30/14/?/21/?; 
ttag +61 75/61/53/63/49; 
ttag +62 100/100/100/99/99; 
ttag +63 100/100/100/100/100; 
ttag +64 100/100/100/100/100; 
ttag +65 97/96/95/98/94; 
ttag +66 57/40/30/50/37; 
ttag +67 93/91/82/92/80; 
ttag +68 94/94/93/95/92; 
ttag +69 100/100/100/100/100; 
ttag +70 99/99/97/100/99; 
ttag +71 100/100/100/100/100; 
ttag +72 99/99/95/99/95; 
ttag +73 94/93/92/97/92; 
ttag +74 99/99/98/98/95; 
ttag +75 100/100/99/100/99; 
ttag +76 72/63/41/54/48; 
ttag +77 62/48/49/50/53; 
ttag +78 100/100/99/100/98; 
ttag +79 89/85/79/90/79; 
ttag +80 64/40/27/47/35; 
ttag +81 98/98/92/99/95; 
ttag +82 100/100/100/100/100; 
ttag +83 91/90/78/94/76; 
ttag +84 51/34/22/36/15; 
ttag +85 47/33/13/33/20; 
ttag +86 100/100/96/99/98; 
ttag +87 100/100/100/100/100; 
ttag +88 62/55/49/64/40; 
ttag +89 100/100/98/99/98; 
ttag +90 91/88/77/90/79; 
ttag +91 94/90/86/95/85; 
ttag +92 94/90/89/94/87; 
ttag +93 100/100/97/100/97; 
ttag +94 95/95/87/96/86; 
