tread
'Tree with tags' 
(0 (((1 ((((2 3 )(8 9 ))(10 (11 12 )))((4 5 )(6 7 ))))(13 14 ))(((15 16 )(17 (18 (19 ((20 21 )((22 23 )(24 25 )))))))((26 (27 (28 (29 30 ))))(39 (31 ((32 33 )((34 35 )(36 (37 38 )))))((40 41 )(42 (43 ((44 45 )(46 47 )))))))))); 
ttag *!; 
ttag +49 1; 
ttag +50 1; 
ttag +51 ???; 
ttag +52 7; 
ttag +53 1; 
ttag +54 1; 
ttag +55 9; 
ttag +56 5; 
ttag +57 3; 
ttag +58 4; 
ttag +59 3; 
ttag +60 1; 
ttag +61 10; 
ttag +62 8; 
ttag +63 15; 
ttag +64 4; 
ttag +65 3; 
ttag +66 4; 
ttag +67 6; 
ttag +68 2; 
ttag +69 3; 
ttag +70 8; 
ttag +71 8; 
ttag +72 2; 
ttag +73 7; 
ttag +74 10; 
ttag +75 6; 
ttag +76 2; 
ttag +77 2; 
ttag +78 16; 
ttag +79 6; 
ttag +80 6; 
ttag +81 12; 
ttag +82 2; 
ttag +83 3; 
ttag +84 2; 
ttag +85 8; 
ttag +86 19; 
ttag +87 5; 
ttag +88 7; 
ttag +89 4; 
ttag +90 6; 
ttag +91 10; 
ttag +92 9; 
ttag +93 1; 
tread
'Tree with tags' 
(0 (((1 ((((2 3 )(8 9 ))(10 (11 12 )))((4 5 )(6 7 ))))(13 14 ))(((15 16 )(17 (18 (19 ((20 21 )((22 23 )(24 25 )))))))((26 (27 (28 (29 30 ))))(39 ((31 ((32 33 )((34 35 )(36 (37 38 )))))((40 41 )(42 (43 ((44 45 )(46 47 ))))))))))); 
ttag *!; 
ttag +0 ////; 
ttag +1 ////; 
ttag +2 ////; 
ttag +3 ////; 
ttag +4 ////; 
ttag +5 ////; 
ttag +6 ////; 
ttag +7 ////; 
ttag +8 ////; 
ttag +9 ////; 
ttag +10 ////; 
ttag +11 ////; 
ttag +12 ////; 
ttag +13 ////; 
ttag +14 ////; 
ttag +15 ////; 
ttag +16 ////; 
ttag +17 ////; 
ttag +18 ////; 
ttag +19 ////; 
ttag +20 ////; 
ttag +21 ////; 
ttag +22 ////; 
ttag +23 ////; 
ttag +24 ////; 
ttag +25 ////; 
ttag +26 ////; 
ttag +27 ////; 
ttag +28 ////; 
ttag +29 ////; 
ttag +30 ////; 
ttag +31 ////; 
ttag +32 ////; 
ttag +33 ////; 
ttag +34 ////; 
ttag +35 ////; 
ttag +36 ////; 
ttag +37 ////; 
ttag +38 ////; 
ttag +39 ////; 
ttag +40 ////; 
ttag +41 ////; 
ttag +42 ////; 
ttag +43 ////; 
ttag +44 ////; 
ttag +45 ////; 
ttag +46 ////; 
ttag +47 ////; 
ttag +48 ////; 
ttag +49 44/32/25/46/36; 
ttag +50 44/32/18/40/29; 
ttag +51 100/100/100/100/100; 
ttag +52 98/98/93/97/95; 
ttag +53 19/[5]/?/?/?; 
ttag +54 50/36/22/36/30; 
ttag +55 98/96/90/99/91; 
ttag +56 97/96/91/95/92; 
ttag +57 86/82/70/82/73; 
ttag +58 91/86/75/85/72; 
ttag +59 84/81/74/80/71; 
ttag +60 49/39/30/44/35; 
ttag +61 100/100/100/99/100; 
ttag +62 100/100/98/99/98; 
ttag +63 100/100/100/100/100; 
ttag +64 86/81/65/85/75; 
ttag +65 66/58/42/64/49; 
ttag +66 94/92/90/94/88; 
ttag +67 99/98/96/98/96; 
ttag +68 82/78/77/84/74; 
ttag +69 96/96/96/94/92; 
ttag +70 98/96/94/99/93; 
ttag +71 100/100/100/100/99; 
ttag +72 72/61/63/70/58; 
ttag +73 99/99/98/99/100; 
ttag +74 100/100/98/99/99; 
ttag +75 89/86/74/92/80; 
ttag +76 87/86/74/83/74; 
ttag +77 76/67/60/73/63; 
ttag +78 100/100/100/100/100; 
ttag +79 100/100/96/99/98; 
ttag +80 33/[2]/?/?/?; 
ttag +81 98/97/93/99/92; 
ttag +82 100/100/100/100/100; 
ttag +83 84/75/75/76/70; 
ttag +84 92/92/89/92/90; 
ttag +85 82/78/74/75/71; 
ttag +86 100/100/98/100/97; 
ttag +87 100/100/100/100/100; 
ttag +88 98/97/93/96/89; 
ttag +89 99/98/98/100/98; 
ttag +90 96/95/86/92/88; 
ttag +91 99/99/97/100/96; 
ttag +92 100/100/100/100/100; 
ttag +93 100/100/98/100/98; 
ttag +94 51/38/38/49/36; 
