tread
'Tree with tags' 
(0 ((1 ((2 3 )((((4 5 )(6 7 ))(10 (11 12 )))(8 9 ))))(((13 14 )(17 (15 16 )(18 (19 ((20 21 )((22 23 )(24 25 )))))))((26 (27 (28 (29 30 ))))(39 ((31 (32 33 )(34 35 )(36 (37 38 )))((40 41 )(42 (43 ((44 45 )(46 47 ))))))))))); 
ttag *!; 
ttag +49 1; 
ttag +50 ???; 
ttag +51 9; 
ttag +52 7; 
ttag +53 5; 
ttag +54 2; 
ttag +55 2; 
ttag +56 9; 
ttag +57 3; 
ttag +58 1; 
ttag +59 5; 
ttag +60 13; 
ttag +61 7; 
ttag +62 2; 
ttag +63 1; 
ttag +64 9; 
ttag +65 4; 
ttag +66 4; 
ttag +67 1; 
ttag +68 10; 
ttag +69 6; 
ttag +70 9; 
ttag +71 3; 
ttag +72 7; 
ttag +73 6; 
ttag +74 5; 
ttag +75 4; 
ttag +76 6; 
ttag +77 6; 
ttag +78 7; 
ttag +79 1; 
ttag +80 6; 
ttag +81 11; 
ttag +82 2; 
ttag +83 8; 
ttag +84 8; 
ttag +85 3; 
ttag +86 4; 
ttag +87 6; 
ttag +88 6; 
ttag +89 5; 
ttag +90 3; 
ttag +91 5; 
tread
'Tree with tags' 
(0 ((1 ((2 3 )((((4 5 )(6 7 ))(10 (11 12 )))(8 9 ))))(((13 14 )(17 ((15 16 )(18 (19 ((20 21 )((22 23 )(24 25 ))))))))((26 (27 (28 (29 30 ))))(39 (((31 ((32 33 )(36 (37 38 ))))(34 35 ))((40 41 )(42 (43 ((44 45 )(46 47 ))))))))))); 
ttag *!; 
ttag +0 ////; 
ttag +1 ////; 
ttag +2 ////; 
ttag +3 ////; 
ttag +4 ////; 
ttag +5 ////; 
ttag +6 ////; 
ttag +7 ////; 
ttag +8 ////; 
ttag +9 ////; 
ttag +10 ////; 
ttag +11 ////; 
ttag +12 ////; 
ttag +13 ////; 
ttag +14 ////; 
ttag +15 ////; 
ttag +16 ////; 
ttag +17 ////; 
ttag +18 ////; 
ttag +19 ////; 
ttag +20 ////; 
ttag +21 ////; 
ttag +22 ////; 
ttag +23 ////; 
ttag +24 ////; 
ttag +25 ////; 
ttag +26 ////; 
ttag +27 ////; 
ttag +28 ////; 
ttag +29 ////; 
ttag +30 ////; 
ttag +31 ////; 
ttag +32 ////; 
ttag +33 ////; 
ttag +34 ////; 
ttag +35 ////; 
ttag +36 ////; 
ttag +37 ////; 
ttag +38 ////; 
ttag +39 ////; 
ttag +40 ////; 
ttag +41 ////; 
ttag +42 ////; 
ttag +43 ////; 
ttag +44 ////; 
ttag +45 ////; 
ttag +46 ////; 
ttag +47 ////; 
ttag +48 ////; 
ttag +49 52/21/8/14/15; 
ttag +50 100/100/100/100/100; 
ttag +51 99/99/99/100/98; 
ttag +52 98/98/95/98/97; 
ttag +53 93/92/90/90/86; 
ttag +54 78/73/67/80/73; 
ttag +55 78/68/59/74/61; 
ttag +56 99/99/95/98/94; 
ttag +57 74/68/60/69/56; 
ttag +58 58/32/31/21/34; 
ttag +59 96/95/89/95/89; 
ttag +60 100/100/100/100/100; 
ttag +61 98/98/96/99/97; 
ttag +62 68/59/50/62/55; 
ttag +63 40/9/?/6/6; 
ttag +64 100/100/99/99/99; 
ttag +65 26/[12]/?/?/?; 
ttag +66 94/93/91/94/90; 
ttag +67 90/89/86/92/86; 
ttag +68 56/33/27/41/35; 
ttag +69 100/100/100/100/100; 
ttag +70 96/95/92/99/95; 
ttag +71 100/100/100/100/100; 
ttag +72 84/78/74/83/77; 
ttag +73 98/98/96/99/95; 
ttag +74 100/100/98/99/95; 
ttag +75 93/90/84/92/86; 
ttag +76 95/93/85/87/84; 
ttag +77 100/100/97/99/96; 
ttag +78 97/96/94/98/94; 
ttag +79 7/[23]/?/?/?; 
ttag +80 99/98/96/99/96; 
ttag +81 56/36/32/50/26; 
ttag +82 95/93/90/96/90; 
ttag +83 100/100/100/100/100; 
ttag +84 32/0/7/4/2; 
ttag +85 86/85/75/83/84; 
ttag +86 99/99/98/100/98; 
ttag +87 100/100/97/99/98; 
ttag +88 78/74/57/74/61; 
ttag +89 88/87/84/89/78; 
ttag +90 94/94/83/93/81; 
ttag +91 98/98/95/99/94; 
ttag +92 98/97/90/98/92; 
ttag +93 80/72/55/81/63; 
ttag +94 96/95/92/97/90; 
