tread
'Tree with tags' 
(0 ((1 ((2 3 )((6 7 (4 5 ))(8 9 (10 (11 12 ))))))(13 14 )(17 (15 16 )(18 (19 ((20 21 )(24 25 (22 23 ))))))(26 (27 (28 (29 30 ))))(39 (31 ((32 33 )(34 35 )(36 (37 38 ))))((40 41 )(42 (43 (46 47 (44 45 )))))))); 
ttag *!; 
ttag +49 2; 
ttag +50 ???; 
ttag +51 5; 
ttag +52 13; 
ttag +53 9; 
ttag +54 6; 
ttag +55 2; 
ttag +56 4; 
ttag +57 6; 
ttag +58 9; 
ttag +59 8; 
ttag +60 10; 
ttag +61 9; 
ttag +62 1; 
ttag +63 3; 
ttag +64 10; 
ttag +65 8; 
ttag +66 3; 
ttag +67 5; 
ttag +68 7; 
ttag +69 6; 
ttag +70 4; 
ttag +71 9; 
ttag +72 3; 
ttag +73 3; 
ttag +74 6; 
ttag +75 4; 
ttag +76 5; 
ttag +77 11; 
ttag +78 4; 
ttag +79 2; 
ttag +80 5; 
ttag +81 14; 
ttag +82 1; 
ttag +83 10; 
ttag +84 7; 
tread
'Tree with tags' 
(0 ((((1 ((2 3 )((7 (6 (4 5 )))(8 (9 (10 (11 12 )))))))(26 (27 (28 (29 30 )))))((13 14 )((39 (31 ((32 33 )((34 35 )(36 (37 38 ))))))((40 41 )(42 (43 (47 (46 (44 45 )))))))))(17 ((15 16 )(18 (19 ((20 21 )((22 23 )(24 25 ))))))))); 
ttag *!; 
ttag +0 ////; 
ttag +1 ////; 
ttag +2 ////; 
ttag +3 ////; 
ttag +4 ////; 
ttag +5 ////; 
ttag +6 ////; 
ttag +7 ////; 
ttag +8 ////; 
ttag +9 ////; 
ttag +10 ////; 
ttag +11 ////; 
ttag +12 ////; 
ttag +13 ////; 
ttag +14 ////; 
ttag +15 ////; 
ttag +16 ////; 
ttag +17 ////; 
ttag +18 ////; 
ttag +19 ////; 
ttag +20 ////; 
ttag +21 ////; 
ttag +22 ////; 
ttag +23 ////; 
ttag +24 ////; 
ttag +25 ////; 
ttag +26 ////; 
ttag +27 ////; 
ttag +28 ////; 
ttag +29 ////; 
ttag +30 ////; 
ttag +31 ////; 
ttag +32 ////; 
ttag +33 ////; 
ttag +34 ////; 
ttag +35 ////; 
ttag +36 ////; 
ttag +37 ////; 
ttag +38 ////; 
ttag +39 ////; 
ttag +40 ////; 
ttag +41 ////; 
ttag +42 ////; 
ttag +43 ////; 
ttag +44 ////; 
ttag +45 ////; 
ttag +46 ////; 
ttag +47 ////; 
ttag +48 ////; 
ttag +49 64/46/25/48/39; 
ttag +50 25/10/5/16/2; 
ttag +51 21/[3]/?/?/1; 
ttag +52 100/100/100/100/100; 
ttag +53 97/96/94/98/93; 
ttag +54 100/100/98/100/98; 
ttag +55 98/98/96/98/96; 
ttag +56 25/[16]/?/?/?; 
ttag +57 96/95/92/96/91; 
ttag +58 86/83/73/84/76; 
ttag +59 93/91/85/95/83; 
ttag +60 17/0/7/4/?; 
ttag +61 96/94/92/98/91; 
ttag +62 100/100/100/100/100; 
ttag +63 100/100/98/100/99; 
ttag +64 18/[6]/?/?/?; 
ttag +65 100/100/100/100/100; 
ttag +66 19/[16]/?/?/?; 
ttag +67 100/100/97/100/98; 
ttag +68 56/34/28/40/43; 
ttag +69 82/76/64/82/70; 
ttag +70 100/100/100/100/100; 
ttag +71 100/100/97/100/99; 
ttag +72 94/91/85/93/83; 
ttag +73 95/92/83/92/85; 
ttag +74 50/16/15/8/23; 
ttag +75 100/100/98/99/98; 
ttag +76 99/98/94/98/94; 
ttag +77 96/96/90/95/88; 
ttag +78 100/100/98/100/100; 
ttag +79 97/96/96/98/92; 
ttag +80 46/23/14/25/18; 
ttag +81 90/88/78/95/83; 
ttag +82 99/99/98/100/98; 
ttag +83 96/96/89/95/87; 
ttag +84 96/95/92/98/94; 
ttag +85 46/8/?/?/9; 
ttag +86 100/100/100/100/99; 
ttag +87 98/98/94/97/97; 
ttag +88 79/68/61/72/61; 
ttag +89 98/97/88/99/90; 
ttag +90 100/100/100/100/100; 
ttag +91 66/53/45/49/39; 
ttag +92 100/100/98/100/100; 
ttag +93 39/16/8/8/9; 
ttag +94 99/98/94/99/96; 
