tread
'Tree with tags' 
(0 (((1 ((27 (26 (28 (29 30 ))))((39 (31 ((32 33 )((34 35 )(36 (37 38 ))))))((40 41 )(42 (43 (46 47 (44 45 ))))))))((13 14 )(17 18 19 (15 16 )((20 21 )((22 23 )(24 25 ))))))((2 3 )(((4 5 )(6 7 ))(8 (9 (10 (11 12 )))))))); 
ttag *!; 
ttag +49 1; 
ttag +50 1; 
ttag +51 ???; 
ttag +52 5; 
ttag +53 8; 
ttag +54 7; 
ttag +55 5; 
ttag +56 1; 
ttag +57 5; 
ttag +58 2; 
ttag +59 2; 
ttag +60 8; 
ttag +61 15; 
ttag +62 4; 
ttag +63 1; 
ttag +64 6; 
ttag +65 5; 
ttag +66 6; 
ttag +67 4; 
ttag +68 3; 
ttag +69 3; 
ttag +70 6; 
ttag +71 1; 
ttag +72 5; 
ttag +73 6; 
ttag +74 7; 
ttag +75 9; 
ttag +76 7; 
ttag +77 1; 
ttag +78 4; 
ttag +79 3; 
ttag +80 3; 
ttag +81 3; 
ttag +82 3; 
ttag +83 11; 
ttag +84 11; 
ttag +85 5; 
ttag +86 6; 
ttag +87 7; 
ttag +88 4; 
ttag +89 7; 
ttag +90 9; 
tread
'Tree with tags' 
(0 (((1 ((27 (26 (28 (29 30 ))))((39 (31 ((32 33 )((34 35 )(36 (37 38 ))))))((40 41 )(42 (43 (46 (47 (44 45 )))))))))((13 14 )(17 (((15 16 )((20 21 )((22 23 )(24 25 ))))(18 19 )))))((2 3 )(((4 5 )(6 7 ))(8 (9 (10 (11 12 )))))))); 
ttag *!; 
ttag +0 ////; 
ttag +1 ////; 
ttag +2 ////; 
ttag +3 ////; 
ttag +4 ////; 
ttag +5 ////; 
ttag +6 ////; 
ttag +7 ////; 
ttag +8 ////; 
ttag +9 ////; 
ttag +10 ////; 
ttag +11 ////; 
ttag +12 ////; 
ttag +13 ////; 
ttag +14 ////; 
ttag +15 ////; 
ttag +16 ////; 
ttag +17 ////; 
ttag +18 ////; 
ttag +19 ////; 
ttag +20 ////; 
ttag +21 ////; 
ttag +22 ////; 
ttag +23 ////; 
ttag +24 ////; 
ttag +25 ////; 
ttag +26 ////; 
ttag +27 ////; 
ttag +28 ////; 
ttag +29 ////; 
ttag +30 ////; 
ttag +31 ////; 
ttag +32 ////; 
ttag +33 ////; 
ttag +34 ////; 
ttag +35 ////; 
ttag +36 ////; 
ttag +37 ////; 
ttag +38 ////; 
ttag +39 ////; 
ttag +40 ////; 
ttag +41 ////; 
ttag +42 ////; 
ttag +43 ////; 
ttag +44 ////; 
ttag +45 ////; 
ttag +46 ////; 
ttag +47 ////; 
ttag +48 ////; 
ttag +49 34/17/4/12/7; 
ttag +50 15/[4]/?/?/?; 
ttag +51 100/100/100/100/100; 
ttag +52 98/98/94/98/98; 
ttag +53 99/99/93/98/91; 
ttag +54 99/99/96/99/98; 
ttag +55 90/86/79/83/74; 
ttag +56 58/42/31/39/25; 
ttag +57 98/97/93/95/91; 
ttag +58 70/64/45/60/46; 
ttag +59 50/36/14/36/20; 
ttag +60 97/96/84/95/87; 
ttag +61 100/100/100/100/99; 
ttag +62 95/94/86/94/88; 
ttag +63 48/28/16/16/16; 
ttag +64 99/99/99/100/99; 
ttag +65 47/10/10/?/1; 
ttag +66 37/13/10/12/20; 
ttag +67 97/96/91/96/93; 
ttag +68 17/[19]/?/?/?; 
ttag +69 100/100/99/100/100; 
ttag +70 92/90/91/93/84; 
ttag +71 75/60/66/72/70; 
ttag +72 92/87/83/88/84; 
ttag +73 98/98/96/98/94; 
ttag +74 47/36/26/43/32; 
ttag +75 95/95/90/98/90; 
ttag +76 97/97/90/96/92; 
ttag +77 99/99/94/99/98; 
ttag +78 100/100/99/99/99; 
ttag +79 98/98/97/99/97; 
ttag +80 51/32/31/39/29; 
ttag +81 96/95/79/92/84; 
ttag +82 84/78/70/74/69; 
ttag +83 95/94/93/93/91; 
ttag +84 96/96/95/97/94; 
ttag +85 86/79/72/80/64; 
ttag +86 99/99/99/100/99; 
ttag +87 100/100/99/100/99; 
ttag +88 96/95/92/94/88; 
ttag +89 98/98/93/99/95; 
ttag +90 99/99/95/100/96; 
ttag +91 98/98/96/98/97; 
ttag +92 100/100/97/99/98; 
ttag +93 37/[3]/1/?/?; 
ttag +94 99/99/100/100/99; 
