tread
'Tree with tags' 
(0 ((1 ((2 3 )((6 (7 (4 5 )))(8 (9 (10 (11 12 )))))))((13 14 )((15 16 )(17 (18 (19 ((20 21 )((22 23 )(24 25 )))))))((26 (27 (28 (29 30 ))))(39 (31 ((32 33 )(34 35 )(36 (37 38 ))))((40 41 )(42 (43 ((44 45 )(46 47 )))))))))); 
ttag *!; 
ttag +49 2; 
ttag +50 ???; 
ttag +51 7; 
ttag +52 12; 
ttag +53 6; 
ttag +54 2; 
ttag +55 7; 
ttag +56 4; 
ttag +57 5; 
ttag +58 2; 
ttag +59 4; 
ttag +60 11; 
ttag +61 7; 
ttag +62 2; 
ttag +63 12; 
ttag +64 7; 
ttag +65 1; 
ttag +66 7; 
ttag +67 2; 
ttag +68 8; 
ttag +69 7; 
ttag +70 6; 
ttag +71 8; 
ttag +72 6; 
ttag +73 4; 
ttag +74 8; 
ttag +75 5; 
ttag +76 4; 
ttag +77 8; 
ttag +78 2; 
ttag +79 6; 
ttag +80 3; 
ttag +81 5; 
ttag +82 1; 
ttag +83 7; 
ttag +84 9; 
ttag +85 5; 
ttag +86 8; 
ttag +87 4; 
ttag +88 4; 
ttag +89 11; 
ttag +90 5; 
ttag +91 4; 
tread
'Tree with tags' 
(0 ((1 ((2 3 )((6 (7 (4 5 )))(8 (9 (10 (11 12 )))))))(((13 14 )((26 (27 (28 (29 30 ))))(39 ((31 ((32 33 )((34 35 )(36 (37 38 )))))((40 41 )(42 (43 ((44 45 )(46 47 )))))))))((15 16 )(17 (18 (19 ((20 21 )((22 23 )(24 25 )))))))))); 
ttag *!; 
ttag +0 ////; 
ttag +1 ////; 
ttag +2 ////; 
ttag +3 ////; 
ttag +4 ////; 
ttag +5 ////; 
ttag +6 ////; 
ttag +7 ////; 
ttag +8 ////; 
ttag +9 ////; 
ttag +10 ////; 
ttag +11 ////; 
ttag +12 ////; 
ttag +13 ////; 
ttag +14 ////; 
ttag +15 ////; 
ttag +16 ////; 
ttag +17 ////; 
ttag +18 ////; 
ttag +19 ////; 
ttag +20 ////; 
ttag +21 ////; 
ttag +22 ////; 
ttag +23 ////; 
ttag +24 ////; 
ttag +25 ////; 
ttag +26 ////; 
ttag +27 ////; 
ttag +28 ////; 
ttag +29 ////; 
ttag +30 ////; 
ttag +31 ////; 
ttag +32 ////; 
ttag +33 ////; 
ttag +34 ////; 
ttag +35 ////; 
ttag +36 ////; 
ttag +37 ////; 
ttag +38 ////; 
ttag +39 ////; 
ttag +40 ////; 
ttag +41 ////; 
ttag +42 ////; 
ttag +43 ////; 
ttag +44 ////; 
ttag +45 ////; 
ttag +46 ////; 
ttag +47 ////; 
ttag +48 ////; 
ttag +49 69/57/53/62/52; 
ttag +50 100/100/100/100/100; 
ttag +51 95/93/86/94/81; 
ttag +52 100/100/100/99/99; 
ttag +53 98/98/95/96/93; 
ttag +54 77/70/54/63/52; 
ttag +55 97/97/90/96/95; 
ttag +56 93/92/84/89/80; 
ttag +57 97/97/85/95/87; 
ttag +58 72/64/55/67/50; 
ttag +59 88/84/68/83/64; 
ttag +60 100/100/100/100/100; 
ttag +61 100/100/99/100/98; 
ttag +62 42/28/28/27/26; 
ttag +63 67/54/54/57/49; 
ttag +64 100/100/100/100/100; 
ttag +65 98/98/96/97/94; 
ttag +66 48/27/10/25/18; 
ttag +67 99/99/96/97/93; 
ttag +68 82/74/70/70/74; 
ttag +69 100/100/100/100/100; 
ttag +70 99/99/93/99/94; 
ttag +71 99/99/99/100/100; 
ttag +72 99/99/96/99/96; 
ttag +73 98/97/83/98/91; 
ttag +74 96/96/85/95/96; 
ttag +75 100/100/97/99/98; 
ttag +76 94/91/84/93/89; 
ttag +77 97/96/92/94/90; 
ttag +78 100/100/100/100/100; 
ttag +79 84/80/72/84/82; 
ttag +80 18/[29]/?/?/?; 
ttag +81 97/97/94/97/92; 
ttag +82 97/97/95/96/97; 
ttag +83 98/98/91/98/93; 
ttag +84 59/53/44/50/56; 
ttag +85 22/0/12/2/10; 
ttag +86 98/98/92/100/95; 
ttag +87 100/100/98/100/100; 
ttag +88 95/95/95/96/93; 
ttag +89 99/99/98/98/98; 
ttag +90 97/96/87/94/90; 
ttag +91 90/86/79/84/79; 
ttag +92 100/100/100/99/98; 
ttag +93 94/92/82/92/82; 
ttag +94 95/94/83/90/85; 
