tread
'Tree with tags' 
(0 (1 ((2 3 )(8 9 ((4 5 )(6 7 ))(10 (11 12 )))((26 (27 (28 (29 30 ))))(39 (31 ((32 33 )(34 35 )(36 (37 38 ))))((40 41 )(42 (43 ((44 45 )(46 47 ))))))))((13 14 )((17 (15 16 ))(18 (19 ((20 21 )((22 23 )(24 25 ))))))))); 
ttag *!; 
ttag +49 ???; 
ttag +50 6; 
ttag +51 1; 
ttag +52 7; 
ttag +53 7; 
ttag +54 1; 
ttag +55 3; 
ttag +56 4; 
ttag +57 2; 
ttag +58 9; 
ttag +59 1; 
ttag +60 16; 
ttag +61 1; 
ttag +62 5; 
ttag +63 5; 
ttag +64 6; 
ttag +65 8; 
ttag +66 8; 
ttag +67 6; 
ttag +68 3; 
ttag +69 1; 
ttag +70 7; 
ttag +71 4; 
ttag +72 1; 
ttag +73 8; 
ttag +74 7; 
ttag +75 4; 
ttag +76 5; 
ttag +77 3; 
ttag +78 2; 
ttag +79 6; 
ttag +80 8; 
ttag +81 12; 
ttag +82 1; 
ttag +83 3; 
ttag +84 11; 
ttag +85 3; 
ttag +86 5; 
ttag +87 7; 
ttag +88 4; 
tread
'Tree with tags' 
(0 ((1 (((2 3 )(((4 5 )(6 7 ))((8 9 )(10 (11 12 )))))((26 (27 (28 (29 30 ))))((39 (31 (((32 33 )(34 35 ))(36 (37 38 )))))((40 41 )(42 (43 ((44 45 )(46 47 )))))))))((13 14 )((17 (15 16 ))(18 (19 ((20 21 )((22 23 )(24 25 ))))))))); 
ttag *!; 
ttag +0 ////; 
ttag +1 ////; 
ttag +2 ////; 
ttag +3 ////; 
ttag +4 ////; 
ttag +5 ////; 
ttag +6 ////; 
ttag +7 ////; 
ttag +8 ////; 
ttag +9 ////; 
ttag +10 ////; 
ttag +11 ////; 
ttag +12 ////; 
ttag +13 ////; 
ttag +14 ////; 
ttag +15 ////; 
ttag +16 ////; 
ttag +17 ////; 
ttag +18 ////; 
ttag +19 ////; 
ttag +20 ////; 
ttag +21 ////; 
ttag +22 ////; 
ttag +23 ////; 
ttag +24 ////; 
ttag +25 ////; 
ttag +26 ////; 
ttag +27 ////; 
ttag +28 ////; 
ttag +29 ////; 
ttag +30 ////; 
ttag +31 ////; 
ttag +32 ////; 
ttag +33 ////; 
ttag +34 ////; 
ttag +35 ////; 
ttag +36 ////; 
ttag +37 ////; 
ttag +38 ////; 
ttag +39 ////; 
ttag +40 ////; 
ttag +41 ////; 
ttag +42 ////; 
ttag +43 ////; 
ttag +44 ////; 
ttag +45 ////; 
ttag +46 ////; 
ttag +47 ////; 
ttag +48 ////; 
ttag +49 18/0/?/?/?; 
ttag +50 100/100/100/100/100; 
ttag +51 97/96/89/97/85; 
ttag +52 78/74/74/78/70; 
ttag +53 39/20/?/16/3; 
ttag +54 100/100/100/99/99; 
ttag +55 99/99/96/100/97; 
ttag +56 70/64/55/64/50; 
ttag +57 92/92/95/93/93; 
ttag +58 54/28/26/29/34; 
ttag +59 35/6/28/20/16; 
ttag +60 84/78/64/77/56; 
ttag +61 86/79/72/77/70; 
ttag +62 100/100/100/99/99; 
ttag +63 29/3/?/4/0; 
ttag +64 100/100/100/100/100; 
ttag +65 72/58/38/58/41; 
ttag +66 94/93/87/93/83; 
ttag +67 99/99/96/98/96; 
ttag +68 98/97/96/98/96; 
ttag +69 100/100/99/100/100; 
ttag +70 100/100/100/100/100; 
ttag +71 99/98/96/98/96; 
ttag +72 87/80/68/82/62; 
ttag +73 58/31/27/42/36; 
ttag +74 98/98/94/100/96; 
ttag +75 96/95/83/90/84; 
ttag +76 66/48/17/41/27; 
ttag +77 99/99/98/99/98; 
ttag +78 100/100/99/100/98; 
ttag +79 96/96/87/91/84; 
ttag +80 39/4/8/6/13; 
ttag +81 94/92/85/92/82; 
ttag +82 93/93/88/94/93; 
ttag +83 35/[5]/?/0/2; 
ttag +84 93/92/85/86/86; 
ttag +85 100/100/99/100/99; 
ttag +86 100/100/99/100/99; 
ttag +87 100/100/100/100/100; 
ttag +88 52/20/20/20/16; 
ttag +89 92/91/81/90/78; 
ttag +90 100/100/99/99/98; 
ttag +91 91/89/77/84/74; 
ttag +92 94/91/90/96/89; 
ttag +93 95/92/84/93/88; 
ttag +94 96/95/90/93/86; 
