tread
'Tree with tags' 
(0 ((1 ((2 3 )(((4 5 )(6 7 ))((8 9 )(10 (11 12 ))))))(((13 14 )((27 (26 (28 (29 30 ))))(39 (31 ((32 33 )(34 35 )(36 (37 38 ))))((40 41 )(42 (43 ((44 45 )(46 47 ))))))))((15 16 )(17 (18 (19 ((20 21 )((22 23 )(24 25 )))))))))); 
ttag *!; 
ttag +49 1; 
ttag +50 ???; 
ttag +51 10; 
ttag +52 8; 
ttag +53 6; 
ttag +54 8; 
ttag +55 5; 
ttag +56 3; 
ttag +57 3; 
ttag +58 2; 
ttag +59 1; 
ttag +60 9; 
ttag +61 10; 
ttag +62 1; 
ttag +63 1; 
ttag +64 8; 
ttag +65 5; 
ttag +66 1; 
ttag +67 4; 
ttag +68 1; 
ttag +69 12; 
ttag +70 5; 
ttag +71 12; 
ttag +72 8; 
ttag +73 5; 
ttag +74 1; 
ttag +75 2; 
ttag +76 7; 
ttag +77 3; 
ttag +78 6; 
ttag +79 5; 
ttag +80 1; 
ttag +81 4; 
ttag +82 8; 
ttag +83 2; 
ttag +84 6; 
ttag +85 10; 
ttag +86 1; 
ttag +87 9; 
ttag +88 11; 
ttag +89 2; 
ttag +90 8; 
ttag +91 7; 
ttag +92 2; 
tread
'Tree with tags' 
(0 ((1 ((2 3 )(((4 5 )(6 7 ))((8 9 )(10 (11 12 ))))))(((13 14 )((27 (26 (28 (29 30 ))))((39 (31 (((32 33 )(36 (37 38 )))(34 35 ))))((40 41 )(42 (43 ((44 45 )(46 47 ))))))))((15 16 )(17 (18 (19 ((20 21 )((22 23 )(24 25 )))))))))); 
ttag *!; 
ttag +0 ////; 
ttag +1 ////; 
ttag +2 ////; 
ttag +3 ////; 
ttag +4 ////; 
ttag +5 ////; 
ttag +6 ////; 
ttag +7 ////; 
ttag +8 ////; 
ttag +9 ////; 
ttag +10 ////; 
ttag +11 ////; 
ttag +12 ////; 
ttag +13 ////; 
ttag +14 ////; 
ttag +15 ////; 
ttag +16 ////; 
ttag +17 ////; 
ttag +18 ////; 
ttag +19 ////; 
ttag +20 ////; 
ttag +21 ////; 
ttag +22 ////; 
ttag +23 ////; 
ttag +24 ////; 
ttag +25 ////; 
ttag +26 ////; 
ttag +27 ////; 
ttag +28 ////; 
ttag +29 ////; 
ttag +30 ////; 
ttag +31 ////; 
ttag +32 ////; 
ttag +33 ////; 
ttag +34 ////; 
ttag +35 ////; 
ttag +36 ////; 
ttag +37 ////; 
ttag +38 ////; 
ttag +39 ////; 
ttag +40 ////; 
ttag +41 ////; 
ttag +42 ////; 
ttag +43 ////; 
ttag +44 ////; 
ttag +45 ////; 
ttag +46 ////; 
ttag +47 ////; 
ttag +48 ////; 
ttag +49 40/9/6/8/?; 
ttag +50 100/100/100/100/100; 
ttag +51 100/100/100/100/100; 
ttag +52 99/99/94/98/96; 
ttag +53 98/98/94/98/94; 
ttag +54 99/99/95/99/92; 
ttag +55 95/94/86/96/86; 
ttag +56 98/98/92/96/88; 
ttag +57 86/84/74/81/71; 
ttag +58 59/48/28/48/39; 
ttag +59 32/17/5/24/7; 
ttag +60 99/99/100/100/99; 
ttag +61 100/100/99/100/99; 
ttag +62 34/15/9/12/6; 
ttag +63 64/45/35/37/29; 
ttag +64 100/100/97/99/97; 
ttag +65 91/88/84/89/82; 
ttag +66 66/55/36/47/44; 
ttag +67 94/92/84/94/84; 
ttag +68 57/46/34/51/41; 
ttag +69 100/100/99/100/99; 
ttag +70 98/97/92/96/92; 
ttag +71 100/100/100/100/100; 
ttag +72 100/100/98/100/98; 
ttag +73 96/95/90/97/89; 
ttag +74 45/17/12/25/8; 
ttag +75 60/48/48/54/34; 
ttag +76 99/98/94/97/95; 
ttag +77 69/57/59/67/49; 
ttag +78 89/83/84/88/77; 
ttag +79 96/96/94/96/92; 
ttag +80 37/2/?/?/?; 
ttag +81 56/49/42/44/51; 
ttag +82 99/99/96/99/98; 
ttag +83 29/[1]/3/5/?; 
ttag +84 100/100/100/100/99; 
ttag +85 89/86/81/87/84; 
ttag +86 97/96/93/96/89; 
ttag +87 100/100/100/100/100; 
ttag +88 59/48/43/52/40; 
ttag +89 100/100/98/100/99; 
ttag +90 100/100/100/100/99; 
ttag +91 73/63/51/66/52; 
ttag +92 100/100/98/98/99; 
ttag +93 98/96/94/99/93; 
ttag +94 73/62/52/60/56; 
