tread
'Tree with tags' 
(0 (1 ((2 3 )(8 9 (6 7 (4 5 ))(10 (11 12 ))))(13 14 )(17 (15 16 )(18 (19 ((20 21 )((22 23 )(24 25 ))))))((26 27 (28 (29 30 )))(39 (31 ((32 33 )((34 35 )(36 (37 38 )))))((40 41 )(42 (43 ((44 45 )(46 47 ))))))))); 
ttag *!; 
ttag +49 ???; 
ttag +50 7; 
ttag +51 7; 
ttag +52 4; 
ttag +53 4; 
ttag +54 2; 
ttag +55 4; 
ttag +56 5; 
ttag +57 5; 
ttag +58 15; 
ttag +59 3; 
ttag +60 2; 
ttag +61 3; 
ttag +62 5; 
ttag +63 12; 
ttag +64 10; 
ttag +65 4; 
ttag +66 2; 
ttag +67 7; 
ttag +68 5; 
ttag +69 7; 
ttag +70 7; 
ttag +71 5; 
ttag +72 5; 
ttag +73 8; 
ttag +74 5; 
ttag +75 3; 
ttag +76 1; 
ttag +77 12; 
ttag +78 9; 
ttag +79 2; 
ttag +80 1; 
ttag +81 6; 
ttag +82 4; 
ttag +83 2; 
ttag +84 5; 
ttag +85 4; 
tread
'Tree with tags' 
(0 ((1 (17 ((15 16 )(18 (19 ((20 21 )((22 23 )(24 25 ))))))))((((2 3 )((8 (9 (7 (6 (4 5 )))))(10 (11 12 ))))(((26 27 )(28 (29 30 )))((39 (31 ((32 33 )((34 35 )(36 (37 38 ))))))((40 41 )(42 (43 ((44 45 )(46 47 ))))))))(13 14 )))); 
ttag *!; 
ttag +0 ////; 
ttag +1 ////; 
ttag +2 ////; 
ttag +3 ////; 
ttag +4 ////; 
ttag +5 ////; 
ttag +6 ////; 
ttag +7 ////; 
ttag +8 ////; 
ttag +9 ////; 
ttag +10 ////; 
ttag +11 ////; 
ttag +12 ////; 
ttag +13 ////; 
ttag +14 ////; 
ttag +15 ////; 
ttag +16 ////; 
ttag +17 ////; 
ttag +18 ////; 
ttag +19 ////; 
ttag +20 ////; 
ttag +21 ////; 
ttag +22 ////; 
ttag +23 ////; 
ttag +24 ////; 
ttag +25 ////; 
ttag +26 ////; 
ttag +27 ////; 
ttag +28 ////; 
ttag +29 ////; 
ttag +30 ////; 
ttag +31 ////; 
ttag +32 ////; 
ttag +33 ////; 
ttag +34 ////; 
ttag +35 ////; 
ttag +36 ////; 
ttag +37 ////; 
ttag +38 ////; 
ttag +39 ////; 
ttag +40 ////; 
ttag +41 ////; 
ttag +42 ////; 
ttag +43 ////; 
ttag +44 ////; 
ttag +45 ////; 
ttag +46 ////; 
ttag +47 ////; 
ttag +48 ////; 
ttag +49 26/14/12/17/12; 
ttag +50 100/100/100/100/100; 
ttag +51 100/100/98/100/99; 
ttag +52 99/99/95/98/95; 
ttag +53 24/[4]/0/?/1; 
ttag +54 27/15/8/20/10; 
ttag +55 95/92/92/96/92; 
ttag +56 49/17/25/24/20; 
ttag +57 92/89/85/93/81; 
ttag +58 28/[15]/?/?/?; 
ttag +59 22/[22]/?/?/?; 
ttag +60 79/74/62/75/65; 
ttag +61 98/97/94/97/93; 
ttag +62 98/98/98/98/95; 
ttag +63 99/99/96/98/97; 
ttag +64 100/100/100/100/100; 
ttag +65 31/[10]/1/?/?; 
ttag +66 88/84/74/84/72; 
ttag +67 85/81/72/85/70; 
ttag +68 92/92/88/93/86; 
ttag +69 98/98/96/97/94; 
ttag +70 100/100/100/100/100; 
ttag +71 100/100/100/100/100; 
ttag +72 92/89/86/88/85; 
ttag +73 77/74/62/68/54; 
ttag +74 18/[3]/1/?/?; 
ttag +75 98/98/93/100/96; 
ttag +76 98/98/91/98/95; 
ttag +77 100/100/99/99/100; 
ttag +78 100/100/97/100/98; 
ttag +79 98/97/90/95/93; 
ttag +80 34/31/31/21/34; 
ttag +81 92/91/79/90/81; 
ttag +82 99/99/99/99/100; 
ttag +83 92/88/74/90/75; 
ttag +84 93/92/81/89/79; 
ttag +85 53/37/37/52/34; 
ttag +86 100/100/100/100/100; 
ttag +87 100/100/100/100/100; 
ttag +88 94/92/76/80/76; 
ttag +89 84/76/69/75/66; 
ttag +90 98/98/96/99/94; 
ttag +91 95/94/90/94/83; 
ttag +92 81/76/62/72/66; 
ttag +93 93/92/86/92/77; 
ttag +94 94/93/85/91/84; 
