tread
'Tree with tags' 
(0 ((1 ((2 3 )(((4 5 )(6 7 ))(8 9 (10 (11 12 ))))))((13 14 )(((15 16 )(17 (18 (19 ((20 21 )((22 23 )(24 25 )))))))((26 (27 (28 (29 30 ))))((39 (31 (32 33 )(34 35 )(36 (37 38 ))))((40 41 )(42 (43 ((44 45 )(46 47 ))))))))))); 
ttag *!; 
ttag +49 2; 
ttag +50 ???; 
ttag +51 9; 
ttag +52 5; 
ttag +53 7; 
ttag +54 7; 
ttag +55 2; 
ttag +56 3; 
ttag +57 1; 
ttag +58 1; 
ttag +59 7; 
ttag +60 6; 
ttag +61 2; 
ttag +62 8; 
ttag +63 5; 
ttag +64 1; 
ttag +65 4; 
ttag +66 3; 
ttag +67 3; 
ttag +68 7; 
ttag +69 8; 
ttag +70 8; 
ttag +71 2; 
ttag +72 6; 
ttag +73 9; 
ttag +74 8; 
ttag +75 5; 
ttag +76 5; 
ttag +77 11; 
ttag +78 2; 
ttag +79 2; 
ttag +80 6; 
ttag +81 5; 
ttag +82 5; 
ttag +83 7; 
ttag +84 4; 
ttag +85 3; 
ttag +86 8; 
ttag +87 5; 
ttag +88 2; 
ttag +89 3; 
ttag +90 7; 
ttag +91 2; 
tread
'Tree with tags' 
(0 ((1 ((2 3 )(((4 5 )(6 7 ))(8 (9 (10 (11 12 )))))))((13 14 )(((15 16 )(17 (18 (19 ((20 21 )((22 23 )(24 25 )))))))((26 (27 (28 (29 30 ))))((39 (((31 (34 35 ))(32 33 ))(36 (37 38 ))))((40 41 )(42 (43 ((44 45 )(46 47 ))))))))))); 
ttag *!; 
ttag +0 ////; 
ttag +1 ////; 
ttag +2 ////; 
ttag +3 ////; 
ttag +4 ////; 
ttag +5 ////; 
ttag +6 ////; 
ttag +7 ////; 
ttag +8 ////; 
ttag +9 ////; 
ttag +10 ////; 
ttag +11 ////; 
ttag +12 ////; 
ttag +13 ////; 
ttag +14 ////; 
ttag +15 ////; 
ttag +16 ////; 
ttag +17 ////; 
ttag +18 ////; 
ttag +19 ////; 
ttag +20 ////; 
ttag +21 ////; 
ttag +22 ////; 
ttag +23 ////; 
ttag +24 ////; 
ttag +25 ////; 
ttag +26 ////; 
ttag +27 ////; 
ttag +28 ////; 
ttag +29 ////; 
ttag +30 ////; 
ttag +31 ////; 
ttag +32 ////; 
ttag +33 ////; 
ttag +34 ////; 
ttag +35 ////; 
ttag +36 ////; 
ttag +37 ////; 
ttag +38 ////; 
ttag +39 ////; 
ttag +40 ////; 
ttag +41 ////; 
ttag +42 ////; 
ttag +43 ////; 
ttag +44 ////; 
ttag +45 ////; 
ttag +46 ////; 
ttag +47 ////; 
ttag +48 ////; 
ttag +49 69/65/50/60/56; 
ttag +50 100/100/100/100/100; 
ttag +51 100/100/99/100/99; 
ttag +52 98/98/96/99/98; 
ttag +53 100/100/95/98/94; 
ttag +54 100/100/100/100/100; 
ttag +55 71/60/51/70/60; 
ttag +56 94/92/82/94/83; 
ttag +57 62/48/28/44/35; 
ttag +58 28/14/?/1/4; 
ttag +59 46/21/24/24/25; 
ttag +60 98/98/97/99/98; 
ttag +61 99/99/100/100/98; 
ttag +62 67/56/47/55/52; 
ttag +63 99/99/99/99/98; 
ttag +64 92/90/82/88/82; 
ttag +65 44/25/10/22/9; 
ttag +66 95/94/86/94/92; 
ttag +67 89/87/89/84/83; 
ttag +68 85/79/63/82/73; 
ttag +69 100/100/100/100/100; 
ttag +70 100/100/100/100/100; 
ttag +71 99/99/99/100/98; 
ttag +72 72/63/56/68/54; 
ttag +73 98/97/94/96/95; 
ttag +74 100/100/99/99/99; 
ttag +75 99/98/96/98/95; 
ttag +76 98/98/96/98/92; 
ttag +77 97/97/94/97/95; 
ttag +78 100/100/100/100/99; 
ttag +79 12/[17]/?/?/?; 
ttag +80 50/20/21/15/14; 
ttag +81 82/81/74/78/78; 
ttag +82 63/54/49/53/44; 
ttag +83 98/97/94/98/96; 
ttag +84 99/99/96/99/96; 
ttag +85 96/96/92/96/89; 
ttag +86 98/98/97/97/94; 
ttag +87 96/96/91/95/88; 
ttag +88 91/89/82/81/78; 
ttag +89 100/100/98/100/98; 
ttag +90 94/92/92/97/90; 
ttag +91 83/79/62/76/63; 
ttag +92 92/91/90/89/89; 
ttag +93 98/98/87/99/96; 
ttag +94 70/57/62/69/70; 
