tread
'Tree with tags' 
(0 (1 (((2 3 )((6 7 (4 5 ))(8 (9 (10 (11 12 ))))))((13 14 )((15 16 )(17 (18 (19 ((20 21 )((22 23 )(24 25 )))))))))((26 (27 (28 (29 30 ))))(39 ((31 ((32 33 )(34 35 )(36 (37 38 ))))(40 (41 (42 (43 (47 (46 (44 45 )))))))))))); 
ttag *!; 
ttag +49 ???; 
ttag +50 5; 
ttag +51 4; 
ttag +52 1; 
ttag +53 10; 
ttag +54 4; 
ttag +55 1; 
ttag +56 4; 
ttag +57 1; 
ttag +58 5; 
ttag +59 11; 
ttag +60 13; 
ttag +61 2; 
ttag +62 9; 
ttag +63 2; 
ttag +64 5; 
ttag +65 8; 
ttag +66 1; 
ttag +67 13; 
ttag +68 6; 
ttag +69 7; 
ttag +70 7; 
ttag +71 7; 
ttag +72 5; 
ttag +73 7; 
ttag +74 1; 
ttag +75 7; 
ttag +76 10; 
ttag +77 5; 
ttag +78 1; 
ttag +79 2; 
ttag +80 5; 
ttag +81 8; 
ttag +82 5; 
ttag +83 6; 
ttag +84 9; 
ttag +85 2; 
ttag +86 1; 
ttag +87 7; 
ttag +88 1; 
ttag +89 8; 
ttag +90 1; 
ttag +91 2; 
tread
'Tree with tags' 
(0 ((1 ((26 (27 (28 (29 30 ))))(39 ((31 ((32 33 )((34 35 )(36 (37 38 )))))(40 (41 (42 (43 (47 (46 (44 45 )))))))))))(((2 3 )((6 (7 (4 5 )))(8 (9 (10 (11 12 ))))))((13 14 )((15 16 )(17 (18 (19 ((20 21 )((22 23 )(24 25 ))))))))))); 
ttag *!; 
ttag +0 ////; 
ttag +1 ////; 
ttag +2 ////; 
ttag +3 ////; 
ttag +4 ////; 
ttag +5 ////; 
ttag +6 ////; 
ttag +7 ////; 
ttag +8 ////; 
ttag +9 ////; 
ttag +10 ////; 
ttag +11 ////; 
ttag +12 ////; 
ttag +13 ////; 
ttag +14 ////; 
ttag +15 ////; 
ttag +16 ////; 
ttag +17 ////; 
ttag +18 ////; 
ttag +19 ////; 
ttag +20 ////; 
ttag +21 ////; 
ttag +22 ////; 
ttag +23 ////; 
ttag +24 ////; 
ttag +25 ////; 
ttag +26 ////; 
ttag +27 ////; 
ttag +28 ////; 
ttag +29 ////; 
ttag +30 ////; 
ttag +31 ////; 
ttag +32 ////; 
ttag +33 ////; 
ttag +34 ////; 
ttag +35 ////; 
ttag +36 ////; 
ttag +37 ////; 
ttag +38 ////; 
ttag +39 ////; 
ttag +40 ////; 
ttag +41 ////; 
ttag +42 ////; 
ttag +43 ////; 
ttag +44 ////; 
ttag +45 ////; 
ttag +46 ////; 
ttag +47 ////; 
ttag +48 ////; 
ttag +49 15/[6]/?/?/?; 
ttag +50 100/100/100/100/100; 
ttag +51 92/87/84/95/84; 
ttag +52 94/93/87/92/87; 
ttag +53 33/23/15/27/12; 
ttag +54 100/100/100/100/100; 
ttag +55 24/[4]/?/1/?; 
ttag +56 92/89/82/90/80; 
ttag +57 53/23/22/30/24; 
ttag +58 93/92/89/86/87; 
ttag +59 35/[1]/?/5/?; 
ttag +60 96/95/90/94/87; 
ttag +61 100/100/100/100/100; 
ttag +62 100/100/100/100/100; 
ttag +63 44/34/29/37/26; 
ttag +64 100/100/100/100/98; 
ttag +65 68/46/47/48/44; 
ttag +66 98/96/90/95/88; 
ttag +67 100/100/99/99/98; 
ttag +68 67/58/37/55/43; 
ttag +69 100/100/100/100/100; 
ttag +70 100/100/98/100/98; 
ttag +71 100/100/97/99/99; 
ttag +72 98/98/99/100/96; 
ttag +73 99/99/96/99/96; 
ttag +74 97/97/91/95/94; 
ttag +75 98/98/96/98/96; 
ttag +76 59/42/38/42/45; 
ttag +77 97/96/96/97/91; 
ttag +78 100/100/99/100/100; 
ttag +79 96/95/94/94/90; 
ttag +80 36/6/10/5/?; 
ttag +81 46/16/19/20/1; 
ttag +82 98/97/94/98/94; 
ttag +83 99/99/99/100/98; 
ttag +84 98/98/94/96/90; 
ttag +85 0/0/?/?/?; 
ttag +86 99/99/97/98/94; 
ttag +87 100/100/99/100/99; 
ttag +88 46/16/18/22/4; 
ttag +89 33/0/?/?/?; 
ttag +90 95/92/90/97/88; 
ttag +91 49/27/21/20/14; 
ttag +92 97/96/88/98/89; 
ttag +93 47/22/30/29/13; 
ttag +94 88/83/82/81/79; 
