tread
'Tree with tags' 
(0 (((1 ((2 3 )((6 (7 (4 5 )))(8 9 (10 (11 12 ))))))((15 16 )(17 (18 19 ((20 21 )((22 23 )(24 25 )))))))((13 14 )((26 (27 (28 (29 30 ))))((31 ((32 33 )((34 35 )(36 (37 38 )))))(39 ((40 41 )(42 (43 ((44 45 )(46 47 ))))))))))); 
ttag *!; 
ttag +49 2; 
ttag +50 1; 
ttag +51 ???; 
ttag +52 3; 
ttag +53 8; 
ttag +54 13; 
ttag +55 2; 
ttag +56 4; 
ttag +57 4; 
ttag +58 2; 
ttag +59 6; 
ttag +60 6; 
ttag +61 7; 
ttag +62 1; 
ttag +63 9; 
ttag +64 10; 
ttag +65 2; 
ttag +66 4; 
ttag +67 15; 
ttag +68 4; 
ttag +69 6; 
ttag +70 2; 
ttag +71 3; 
ttag +72 12; 
ttag +73 5; 
ttag +74 4; 
ttag +75 3; 
ttag +76 10; 
ttag +77 5; 
ttag +78 6; 
ttag +79 5; 
ttag +80 8; 
ttag +81 4; 
ttag +82 1; 
ttag +83 9; 
ttag +84 7; 
ttag +85 1; 
ttag +86 7; 
ttag +87 5; 
ttag +88 13; 
ttag +89 2; 
ttag +90 5; 
ttag +91 10; 
ttag +92 6; 
tread
'Tree with tags' 
(0 (((1 ((2 3 )((6 (7 (4 5 )))(8 (9 (10 (11 12 )))))))((15 16 )(17 (18 (19 ((20 21 )((22 23 )(24 25 ))))))))((13 14 )((26 (27 (28 (29 30 ))))((31 ((32 33 )((34 35 )(36 (37 38 )))))(39 ((40 41 )(42 (43 ((44 45 )(46 47 ))))))))))); 
ttag *!; 
ttag +0 ////; 
ttag +1 ////; 
ttag +2 ////; 
ttag +3 ////; 
ttag +4 ////; 
ttag +5 ////; 
ttag +6 ////; 
ttag +7 ////; 
ttag +8 ////; 
ttag +9 ////; 
ttag +10 ////; 
ttag +11 ////; 
ttag +12 ////; 
ttag +13 ////; 
ttag +14 ////; 
ttag +15 ////; 
ttag +16 ////; 
ttag +17 ////; 
ttag +18 ////; 
ttag +19 ////; 
ttag +20 ////; 
ttag +21 ////; 
ttag +22 ////; 
ttag +23 ////; 
ttag +24 ////; 
ttag +25 ////; 
ttag +26 ////; 
ttag +27 ////; 
ttag +28 ////; 
ttag +29 ////; 
ttag +30 ////; 
ttag +31 ////; 
ttag +32 ////; 
ttag +33 ////; 
ttag +34 ////; 
ttag +35 ////; 
ttag +36 ////; 
ttag +37 ////; 
ttag +38 ////; 
ttag +39 ////; 
ttag +40 ////; 
ttag +41 ////; 
ttag +42 ////; 
ttag +43 ////; 
ttag +44 ////; 
ttag +45 ////; 
ttag +46 ////; 
ttag +47 ////; 
ttag +48 ////; 
ttag +49 70/57/45/51/44; 
ttag +50 50/25/1/24/9; 
ttag +51 100/100/100/100/100; 
ttag +52 86/80/84/78/75; 
ttag +53 97/97/96/96/94; 
ttag +54 100/100/100/100/100; 
ttag +55 72/67/44/62/45; 
ttag +56 94/93/90/93/89; 
ttag +57 92/88/86/91/78; 
ttag +58 68/53/42/65/56; 
ttag +59 20/[3]/?/4/?; 
ttag +60 94/93/84/94/91; 
ttag +61 98/98/96/98/95; 
ttag +62 100/100/99/100/100; 
ttag +63 50/25/1/24/9; 
ttag +64 100/100/100/100/100; 
ttag +65 100/100/100/100/99; 
ttag +66 78/77/68/79/71; 
ttag +67 94/92/84/93/84; 
ttag +68 38/[1]/8/?/?; 
ttag +69 100/100/100/100/100; 
ttag +70 94/93/87/92/78; 
ttag +71 99/99/97/99/95; 
ttag +72 80/77/63/72/68; 
ttag +73 85/79/66/74/67; 
ttag +74 100/100/99/100/99; 
ttag +75 94/92/86/91/82; 
ttag +76 98/97/95/97/94; 
ttag +77 84/82/74/87/76; 
ttag +78 100/100/100/100/98; 
ttag +79 94/92/92/94/92; 
ttag +80 99/99/93/99/96; 
ttag +81 100/100/97/98/98; 
ttag +82 100/100/100/98/100; 
ttag +83 96/96/93/95/92; 
ttag +84 67/56/40/48/45; 
ttag +85 99/99/96/99/99; 
ttag +86 99/99/95/99/98; 
ttag +87 52/34/32/44/34; 
ttag +88 98/98/94/99/93; 
ttag +89 88/85/72/88/77; 
ttag +90 100/100/99/100/100; 
ttag +91 80/74/54/75/58; 
ttag +92 95/94/86/94/88; 
ttag +93 100/100/93/100/96; 
ttag +94 99/99/96/98/96; 
