tread
'Tree with tags' 
(0 (1 ((2 3 )((4 5 )(6 7 ))(8 9 )(10 (11 12 )))(13 14 )((15 16 )(17 (18 (19 ((20 21 )((22 23 )(24 25 )))))))((26 27 (28 (29 30 )))((31 ((32 33 )(36 (37 38 )))(34 35 ))(39 ((40 41 )(42 (43 ((44 45 )(46 47 )))))))))); 
ttag *!; 
ttag +49 ???; 
ttag +50 3; 
ttag +51 7; 
ttag +52 3; 
ttag +53 8; 
ttag +54 1; 
ttag +55 2; 
ttag +56 6; 
ttag +57 12; 
ttag +58 6; 
ttag +59 8; 
ttag +60 3; 
ttag +61 3; 
ttag +62 3; 
ttag +63 3; 
ttag +64 13; 
ttag +65 8; 
ttag +66 12; 
ttag +67 2; 
ttag +68 2; 
ttag +69 3; 
ttag +70 2; 
ttag +71 5; 
ttag +72 6; 
ttag +73 7; 
ttag +74 7; 
ttag +75 4; 
ttag +76 2; 
ttag +77 5; 
ttag +78 7; 
ttag +79 6; 
ttag +80 1; 
ttag +81 3; 
ttag +82 4; 
ttag +83 8; 
ttag +84 1; 
ttag +85 7; 
ttag +86 3; 
ttag +87 6; 
tread
'Tree with tags' 
(0 ((((1 (((2 3 )(10 (11 12 )))(((4 5 )(6 7 ))(8 9 ))))((15 16 )(17 (18 (19 ((20 21 )((22 23 )(24 25 ))))))))(13 14 ))((26 (27 (28 (29 30 ))))(((31 ((32 33 )(36 (37 38 ))))(34 35 ))(39 ((40 41 )(42 (43 ((44 45 )(46 47 )))))))))); 
ttag *!; 
ttag +0 ////; 
ttag +1 ////; 
ttag +2 ////; 
ttag +3 ////; 
ttag +4 ////; 
ttag +5 ////; 
ttag +6 ////; 
ttag +7 ////; 
ttag +8 ////; 
ttag +9 ////; 
ttag +10 ////; 
ttag +11 ////; 
ttag +12 ////; 
ttag +13 ////; 
ttag +14 ////; 
ttag +15 ////; 
ttag +16 ////; 
ttag +17 ////; 
ttag +18 ////; 
ttag +19 ////; 
ttag +20 ////; 
ttag +21 ////; 
ttag +22 ////; 
ttag +23 ////; 
ttag +24 ////; 
ttag +25 ////; 
ttag +26 ////; 
ttag +27 ////; 
ttag +28 ////; 
ttag +29 ////; 
ttag +30 ////; 
ttag +31 ////; 
ttag +32 ////; 
ttag +33 ////; 
ttag +34 ////; 
ttag +35 ////; 
ttag +36 ////; 
ttag +37 ////; 
ttag +38 ////; 
ttag +39 ////; 
ttag +40 ////; 
ttag +41 ////; 
ttag +42 ////; 
ttag +43 ////; 
ttag +44 ////; 
ttag +45 ////; 
ttag +46 ////; 
ttag +47 ////; 
ttag +48 ////; 
ttag +49 36/11/7/?/?; 
ttag +50 13/3/2/5/2; 
ttag +51 2/[20]/?/?/?; 
ttag +52 100/100/100/100/100; 
ttag +53 91/90/80/85/82; 
ttag +54 22/[24]/?/?/?; 
ttag +55 99/99/98/99/97; 
ttag +56 88/84/68/80/65; 
ttag +57 100/100/100/100/100; 
ttag +58 26/[20]/?/?/?; 
ttag +59 72/67/65/66/64; 
ttag +60 86/83/76/79/72; 
ttag +61 96/95/88/96/86; 
ttag +62 100/100/99/100/100; 
ttag +63 98/98/98/98/98; 
ttag +64 99/99/99/99/98; 
ttag +65 91/87/78/92/75; 
ttag +66 86/84/80/82/76; 
ttag +67 77/67/53/73/52; 
ttag +68 86/84/76/88/80; 
ttag +69 100/100/100/100/100; 
ttag +70 99/98/98/99/95; 
ttag +71 100/100/100/100/100; 
ttag +72 80/72/59/69/63; 
ttag +73 73/63/52/62/51; 
ttag +74 91/88/82/88/84; 
ttag +75 80/73/63/73/62; 
ttag +76 54/30/31/30/32; 
ttag +77 98/97/93/99/95; 
ttag +78 98/98/91/97/94; 
ttag +79 0/[12]/?/?/?; 
ttag +80 90/88/74/90/78; 
ttag +81 98/97/96/98/96; 
ttag +82 94/93/88/93/94; 
ttag +83 64/58/43/58/55; 
ttag +84 95/92/90/93/81; 
ttag +85 90/84/76/90/84; 
ttag +86 96/95/89/93/86; 
ttag +87 43/30/6/43/20; 
ttag +88 92/90/86/91/88; 
ttag +89 93/92/72/86/77; 
ttag +90 100/100/99/100/97; 
ttag +91 48/28/10/21/6; 
ttag +92 99/99/97/98/96; 
ttag +93 68/49/32/49/39; 
ttag +94 99/98/96/97/93; 
