tread
'Tree with tags' 
(0 (1 ((2 3 )(((4 5 )(6 7 ))(9 (8 (10 (11 12 ))))))(13 14 )(17 (15 16 )(18 (19 ((20 21 )((22 23 )(24 25 ))))))((27 (26 (28 (29 30 ))))(39 (31 ((32 33 )((34 35 )(36 (37 38 )))))(40 41 )(42 (43 (46 47 (44 45 )))))))); 
ttag *!; 
ttag +49 ???; 
ttag +50 2; 
ttag +51 7; 
ttag +52 9; 
ttag +53 3; 
ttag +54 4; 
ttag +55 4; 
ttag +56 2; 
ttag +57 4; 
ttag +58 8; 
ttag +59 11; 
ttag +60 3; 
ttag +61 13; 
ttag +62 6; 
ttag +63 4; 
ttag +64 3; 
ttag +65 9; 
ttag +66 2; 
ttag +67 5; 
ttag +68 5; 
ttag +69 3; 
ttag +70 1; 
ttag +71 7; 
ttag +72 6; 
ttag +73 6; 
ttag +74 5; 
ttag +75 1; 
ttag +76 3; 
ttag +77 6; 
ttag +78 6; 
ttag +79 3; 
ttag +80 2; 
ttag +81 6; 
ttag +82 10; 
ttag +83 2; 
ttag +84 5; 
ttag +85 1; 
ttag +86 7; 
ttag +87 7; 
tread
'Tree with tags' 
(0 ((1 ((2 3 )(((4 5 )(6 7 ))(9 (8 (10 (11 12 )))))))((13 14 )(((17 (15 16 ))(18 (19 ((20 21 )((22 23 )(24 25 ))))))((27 (26 (28 (29 30 ))))(39 ((31 ((32 33 )((34 35 )(36 (37 38 )))))((40 41 )(42 (43 (47 (46 (44 45 ))))))))))))); 
ttag *!; 
ttag +0 ////; 
ttag +1 ////; 
ttag +2 ////; 
ttag +3 ////; 
ttag +4 ////; 
ttag +5 ////; 
ttag +6 ////; 
ttag +7 ////; 
ttag +8 ////; 
ttag +9 ////; 
ttag +10 ////; 
ttag +11 ////; 
ttag +12 ////; 
ttag +13 ////; 
ttag +14 ////; 
ttag +15 ////; 
ttag +16 ////; 
ttag +17 ////; 
ttag +18 ////; 
ttag +19 ////; 
ttag +20 ////; 
ttag +21 ////; 
ttag +22 ////; 
ttag +23 ////; 
ttag +24 ////; 
ttag +25 ////; 
ttag +26 ////; 
ttag +27 ////; 
ttag +28 ////; 
ttag +29 ////; 
ttag +30 ////; 
ttag +31 ////; 
ttag +32 ////; 
ttag +33 ////; 
ttag +34 ////; 
ttag +35 ////; 
ttag +36 ////; 
ttag +37 ////; 
ttag +38 ////; 
ttag +39 ////; 
ttag +40 ////; 
ttag +41 ////; 
ttag +42 ////; 
ttag +43 ////; 
ttag +44 ////; 
ttag +45 ////; 
ttag +46 ////; 
ttag +47 ////; 
ttag +48 ////; 
ttag +49 17/[6]/?/?/0; 
ttag +50 100/100/100/100/100; 
ttag +51 78/73/72/74/72; 
ttag +52 100/100/98/98/97; 
ttag +53 100/100/98/99/100; 
ttag +54 94/92/81/86/79; 
ttag +55 95/94/87/95/87; 
ttag +56 94/93/90/96/94; 
ttag +57 71/65/50/66/56; 
ttag +58 85/80/76/82/74; 
ttag +59 99/98/98/99/98; 
ttag +60 99/99/100/100/98; 
ttag +61 97/97/94/97/97; 
ttag +62 30/13/18/13/22; 
ttag +63 100/100/99/100/99; 
ttag +64 10/[20]/?/?/?; 
ttag +65 100/100/97/100/98; 
ttag +66 3/[22]/?/?/?; 
ttag +67 84/81/74/79/67; 
ttag +68 73/65/58/78/54; 
ttag +69 100/100/100/100/99; 
ttag +70 75/67/61/74/50; 
ttag +71 92/89/80/92/86; 
ttag +72 96/94/90/90/87; 
ttag +73 80/72/80/85/67; 
ttag +74 61/46/34/46/35; 
ttag +75 98/98/98/99/98; 
ttag +76 98/97/90/98/90; 
ttag +77 100/100/96/98/97; 
ttag +78 98/97/93/98/95; 
ttag +79 60/58/48/58/49; 
ttag +80 23/6/10/1/2; 
ttag +81 92/90/81/88/76; 
ttag +82 100/100/99/99/100; 
ttag +83 98/98/91/95/91; 
ttag +84 96/96/92/92/91; 
ttag +85 86/86/76/82/75; 
ttag +86 98/98/90/95/91; 
ttag +87 100/100/99/100/100; 
ttag +88 81/74/73/72/63; 
ttag +89 62/47/40/38/29; 
ttag +90 98/98/96/99/96; 
ttag +91 63/49/43/49/46; 
ttag +92 100/100/98/100/99; 
ttag +93 41/3/15/8/11; 
ttag +94 99/99/98/100/100; 
