tread
'Tree with tags' 
(0 (1 ((2 3 )(((4 5 )(6 7 ))((8 9 10 )(11 12 ))))(13 14 )(17 (15 16 )(18 (19 ((20 21 )((22 23 )(24 25 ))))))((26 (27 (28 (29 30 ))))(39 (31 ((32 33 )(34 35 )(36 (37 38 ))))((40 41 )(42 (43 ((44 45 )(46 47 ))))))))); 
ttag *!; 
ttag +49 ???; 
ttag +50 6; 
ttag +51 5; 
ttag +52 9; 
ttag +53 5; 
ttag +54 1; 
ttag +55 2; 
ttag +56 1; 
ttag +57 3; 
ttag +58 9; 
ttag +59 9; 
ttag +60 9; 
ttag +61 6; 
ttag +62 4; 
ttag +63 2; 
ttag +64 7; 
ttag +65 8; 
ttag +66 9; 
ttag +67 3; 
ttag +68 3; 
ttag +69 2; 
ttag +70 9; 
ttag +71 3; 
ttag +72 3; 
ttag +73 13; 
ttag +74 5; 
ttag +75 2; 
ttag +76 9; 
ttag +77 3; 
ttag +78 1; 
ttag +79 7; 
ttag +80 7; 
ttag +81 5; 
ttag +82 3; 
ttag +83 5; 
ttag +84 3; 
ttag +85 1; 
ttag +86 7; 
ttag +87 1; 
tread
'Tree with tags' 
(0 (((1 (((2 3 )(((4 5 )(6 7 ))((8 (9 10 ))(11 12 ))))((26 (27 (28 (29 30 ))))((39 (31 (((32 33 )(36 (37 38 )))(34 35 ))))((40 41 )(42 (43 ((44 45 )(46 47 )))))))))(13 14 ))(17 ((15 16 )(18 (19 ((20 21 )((22 23 )(24 25 ))))))))); 
ttag *!; 
ttag +0 ////; 
ttag +1 ////; 
ttag +2 ////; 
ttag +3 ////; 
ttag +4 ////; 
ttag +5 ////; 
ttag +6 ////; 
ttag +7 ////; 
ttag +8 ////; 
ttag +9 ////; 
ttag +10 ////; 
ttag +11 ////; 
ttag +12 ////; 
ttag +13 ////; 
ttag +14 ////; 
ttag +15 ////; 
ttag +16 ////; 
ttag +17 ////; 
ttag +18 ////; 
ttag +19 ////; 
ttag +20 ////; 
ttag +21 ////; 
ttag +22 ////; 
ttag +23 ////; 
ttag +24 ////; 
ttag +25 ////; 
ttag +26 ////; 
ttag +27 ////; 
ttag +28 ////; 
ttag +29 ////; 
ttag +30 ////; 
ttag +31 ////; 
ttag +32 ////; 
ttag +33 ////; 
ttag +34 ////; 
ttag +35 ////; 
ttag +36 ////; 
ttag +37 ////; 
ttag +38 ////; 
ttag +39 ////; 
ttag +40 ////; 
ttag +41 ////; 
ttag +42 ////; 
ttag +43 ////; 
ttag +44 ////; 
ttag +45 ////; 
ttag +46 ////; 
ttag +47 ////; 
ttag +48 ////; 
ttag +49 11/[8]/?/?/?; 
ttag +50 36/16/14/18/11; 
ttag +51 100/100/100/100/100; 
ttag +52 99/99/94/99/95; 
ttag +53 93/92/85/87/84; 
ttag +54 25/4/1/6/1; 
ttag +55 100/100/98/99/98; 
ttag +56 96/95/91/95/86; 
ttag +57 53/21/29/31/17; 
ttag +58 79/70/63/69/70; 
ttag +59 42/2/11/17/7; 
ttag +60 90/87/83/88/83; 
ttag +61 19/[20]/?/?/?; 
ttag +62 100/100/100/100/100; 
ttag +63 99/99/100/100/98; 
ttag +64 100/100/99/100/98; 
ttag +65 16/[13]/?/?/?; 
ttag +66 97/96/97/98/94; 
ttag +67 94/93/81/91/81; 
ttag +68 84/83/79/80/76; 
ttag +69 100/100/99/100/99; 
ttag +70 97/96/94/97/91; 
ttag +71 100/100/100/100/100; 
ttag +72 86/84/80/90/77; 
ttag +73 85/78/73/78/72; 
ttag +74 84/78/78/80/70; 
ttag +75 99/99/98/100/98; 
ttag +76 82/79/78/80/70; 
ttag +77 91/90/81/92/86; 
ttag +78 100/100/100/100/100; 
ttag +79 94/93/86/95/82; 
ttag +80 10/2/2/3/?; 
ttag +81 63/51/40/53/40; 
ttag +82 100/100/98/100/100; 
ttag +83 10/7/7/6/3; 
ttag +84 86/82/72/88/68; 
ttag +85 52/36/39/42/37; 
ttag +86 99/98/96/99/97; 
ttag +87 100/100/100/99/98; 
ttag +88 96/96/98/96/93; 
ttag +89 85/77/74/76/73; 
ttag +90 95/94/88/93/89; 
ttag +91 80/76/72/77/68; 
ttag +92 53/30/27/35/24; 
ttag +93 99/98/95/99/94; 
ttag +94 55/39/28/35/30; 
