tread
'Tree with tags' 
(0 (1 ((2 3 )(((4 5 )(6 7 ))((8 9 )(10 (11 12 )))))(13 14 )((15 16 )(17 (19 (18 ((20 21 )((22 23 )(24 25 )))))))((27 (26 (28 (29 30 ))))((31 (32 33 )(34 35 )(36 (37 38 )))(39 ((40 41 )(42 (43 (47 (46 (44 45 ))))))))))); 
ttag *!; 
ttag +49 ???; 
ttag +50 10; 
ttag +51 6; 
ttag +52 5; 
ttag +53 5; 
ttag +54 6; 
ttag +55 2; 
ttag +56 3; 
ttag +57 4; 
ttag +58 5; 
ttag +59 5; 
ttag +60 3; 
ttag +61 10; 
ttag +62 2; 
ttag +63 1; 
ttag +64 2; 
ttag +65 3; 
ttag +66 8; 
ttag +67 3; 
ttag +68 10; 
ttag +69 1; 
ttag +70 7; 
ttag +71 2; 
ttag +72 6; 
ttag +73 11; 
ttag +74 7; 
ttag +75 18; 
ttag +76 6; 
ttag +77 7; 
ttag +78 3; 
ttag +79 1; 
ttag +80 8; 
ttag +81 5; 
ttag +82 1; 
ttag +83 1; 
ttag +84 7; 
ttag +85 11; 
ttag +86 2; 
ttag +87 5; 
ttag +88 1; 
ttag +89 1; 
tread
'Tree with tags' 
(0 ((1 (((2 3 )(((4 5 )(6 7 ))((8 9 )(10 (11 12 )))))((13 14 )((27 (26 (28 (29 30 ))))((31 (((32 33 )(34 35 ))(36 (37 38 ))))(39 ((40 41 )(42 (43 (47 (46 (44 45 ))))))))))))((15 16 )(17 (19 (18 ((20 21 )((22 23 )(24 25 ))))))))); 
ttag *!; 
ttag +0 ////; 
ttag +1 ////; 
ttag +2 ////; 
ttag +3 ////; 
ttag +4 ////; 
ttag +5 ////; 
ttag +6 ////; 
ttag +7 ////; 
ttag +8 ////; 
ttag +9 ////; 
ttag +10 ////; 
ttag +11 ////; 
ttag +12 ////; 
ttag +13 ////; 
ttag +14 ////; 
ttag +15 ////; 
ttag +16 ////; 
ttag +17 ////; 
ttag +18 ////; 
ttag +19 ////; 
ttag +20 ////; 
ttag +21 ////; 
ttag +22 ////; 
ttag +23 ////; 
ttag +24 ////; 
ttag +25 ////; 
ttag +26 ////; 
ttag +27 ////; 
ttag +28 ////; 
ttag +29 ////; 
ttag +30 ////; 
ttag +31 ////; 
ttag +32 ////; 
ttag +33 ////; 
ttag +34 ////; 
ttag +35 ////; 
ttag +36 ////; 
ttag +37 ////; 
ttag +38 ////; 
ttag +39 ////; 
ttag +40 ////; 
ttag +41 ////; 
ttag +42 ////; 
ttag +43 ////; 
ttag +44 ////; 
ttag +45 ////; 
ttag +46 ////; 
ttag +47 ////; 
ttag +48 ////; 
ttag +49 14/[11]/?/?/?; 
ttag +50 100/100/100/100/100; 
ttag +51 100/100/100/100/99; 
ttag +52 96/95/90/92/88; 
ttag +53 16/[9]/?/?/?; 
ttag +54 99/99/98/99/97; 
ttag +55 98/97/92/97/97; 
ttag +56 95/94/88/96/92; 
ttag +57 70/59/47/69/48; 
ttag +58 90/88/68/88/78; 
ttag +59 91/90/78/92/79; 
ttag +60 97/96/92/97/94; 
ttag +61 97/96/95/97/97; 
ttag +62 92/89/87/87/85; 
ttag +63 28/2/?/5/7; 
ttag +64 100/100/99/100/100; 
ttag +65 65/52/53/69/53; 
ttag +66 66/56/52/50/50; 
ttag +67 57/44/28/35/26; 
ttag +68 79/75/68/71/64; 
ttag +69 100/100/100/100/100; 
ttag +70 72/59/46/50/42; 
ttag +71 100/100/100/99/99; 
ttag +72 43/26/18/25/14; 
ttag +73 99/99/96/98/96; 
ttag +74 90/89/84/91/81; 
ttag +75 99/99/97/100/94; 
ttag +76 99/99/99/100/98; 
ttag +77 98/98/94/100/92; 
ttag +78 100/100/99/100/100; 
ttag +79 99/99/95/99/98; 
ttag +80 98/98/92/100/98; 
ttag +81 92/89/81/92/86; 
ttag +82 34/8/4/2/?; 
ttag +83 44/25/22/18/20; 
ttag +84 76/67/60/62/55; 
ttag +85 100/100/98/100/99; 
ttag +86 94/91/87/93/85; 
ttag +87 59/44/32/50/34; 
ttag +88 56/43/32/57/40; 
ttag +89 98/97/96/98/96; 
ttag +90 99/99/98/100/99; 
ttag +91 74/70/62/75/67; 
ttag +92 92/90/84/92/85; 
ttag +93 62/48/39/48/39; 
ttag +94 64/42/34/34/38; 
