tread
'Tree with tags' 
(0 (1 (((2 3 )(8 9 ((4 5 )(6 7 ))(10 (11 12 ))))((26 (27 (28 (29 30 ))))((31 ((32 33 )((34 35 )(36 (37 38 )))))(39 ((40 41 )(42 43 ((44 45 )(46 47 ))))))))(13 14 )((15 16 )(17 (18 (19 ((20 21 )((22 23 )(24 25 ))))))))); 
ttag *!; 
ttag +49 ???; 
ttag +50 6; 
ttag +51 5; 
ttag +52 1; 
ttag +53 4; 
ttag +54 7; 
ttag +55 1; 
ttag +56 3; 
ttag +57 4; 
ttag +58 5; 
ttag +59 4; 
ttag +60 6; 
ttag +61 6; 
ttag +62 1; 
ttag +63 4; 
ttag +64 1; 
ttag +65 7; 
ttag +66 4; 
ttag +67 9; 
ttag +68 5; 
ttag +69 8; 
ttag +70 7; 
ttag +71 3; 
ttag +72 5; 
ttag +73 3; 
ttag +74 9; 
ttag +75 8; 
ttag +76 2; 
ttag +77 2; 
ttag +78 3; 
ttag +79 3; 
ttag +80 4; 
ttag +81 4; 
ttag +82 4; 
ttag +83 1; 
ttag +84 8; 
ttag +85 8; 
ttag +86 3; 
ttag +87 1; 
ttag +88 4; 
ttag +89 1; 
tread
'Tree with tags' 
(0 ((1 ((13 14 )((15 16 )(17 (18 (19 ((20 21 )((22 23 )(24 25 )))))))))(((2 3 )((((4 5 )(6 7 ))(8 9 ))(10 (11 12 ))))((26 (27 (28 (29 30 ))))((31 ((32 33 )((34 35 )(36 (37 38 )))))(39 ((40 41 )(42 (43 ((44 45 )(46 47 ))))))))))); 
ttag *!; 
ttag +0 ////; 
ttag +1 ////; 
ttag +2 ////; 
ttag +3 ////; 
ttag +4 ////; 
ttag +5 ////; 
ttag +6 ////; 
ttag +7 ////; 
ttag +8 ////; 
ttag +9 ////; 
ttag +10 ////; 
ttag +11 ////; 
ttag +12 ////; 
ttag +13 ////; 
ttag +14 ////; 
ttag +15 ////; 
ttag +16 ////; 
ttag +17 ////; 
ttag +18 ////; 
ttag +19 ////; 
ttag +20 ////; 
ttag +21 ////; 
ttag +22 ////; 
ttag +23 ////; 
ttag +24 ////; 
ttag +25 ////; 
ttag +26 ////; 
ttag +27 ////; 
ttag +28 ////; 
ttag +29 ////; 
ttag +30 ////; 
ttag +31 ////; 
ttag +32 ////; 
ttag +33 ////; 
ttag +34 ////; 
ttag +35 ////; 
ttag +36 ////; 
ttag +37 ////; 
ttag +38 ////; 
ttag +39 ////; 
ttag +40 ////; 
ttag +41 ////; 
ttag +42 ////; 
ttag +43 ////; 
ttag +44 ////; 
ttag +45 ////; 
ttag +46 ////; 
ttag +47 ////; 
ttag +48 ////; 
ttag +49 12/[12]/?/?/?; 
ttag +50 100/100/100/100/100; 
ttag +51 100/100/99/100/97; 
ttag +52 93/92/88/94/90; 
ttag +53 43/20/21/28/21; 
ttag +54 97/96/97/96/96; 
ttag +55 98/98/94/99/92; 
ttag +56 23/[32]/?/?/?; 
ttag +57 62/44/57/56/45; 
ttag +58 89/84/74/86/78; 
ttag +59 37/11/12/18/11; 
ttag +60 94/93/85/92/83; 
ttag +61 97/96/92/96/87; 
ttag +62 97/97/97/99/97; 
ttag +63 22/[8]/?/?/?; 
ttag +64 100/100/99/99/97; 
ttag +65 97/97/91/97/88; 
ttag +66 61/50/35/54/55; 
ttag +67 95/94/80/91/83; 
ttag +68 62/50/49/51/41; 
ttag +69 100/100/99/99/98; 
ttag +70 93/92/78/91/81; 
ttag +71 100/100/100/100/100; 
ttag +72 93/91/88/93/90; 
ttag +73 100/100/98/99/99; 
ttag +74 98/97/91/98/93; 
ttag +75 88/85/74/84/77; 
ttag +76 98/98/99/99/97; 
ttag +77 91/88/75/86/74; 
ttag +78 100/100/99/99/100; 
ttag +79 100/100/97/98/99; 
ttag +80 81/72/62/69/65; 
ttag +81 79/72/64/66/60; 
ttag +82 81/72/71/81/68; 
ttag +83 97/97/94/96/93; 
ttag +84 95/95/89/94/92; 
ttag +85 95/94/86/93/86; 
ttag +86 97/96/93/94/90; 
ttag +87 45/10/?/7/2; 
ttag +88 99/99/98/100/99; 
ttag +89 96/95/90/97/91; 
ttag +90 86/81/69/84/69; 
ttag +91 29/[6]/?/4/?; 
ttag +92 61/45/30/44/36; 
ttag +93 92/90/92/94/92; 
ttag +94 60/42/33/42/21; 
