tread
'Tree with tags' 
(0 (1 ((((2 3 )(((4 5 )(6 7 ))((8 9 )(10 (11 12 )))))((15 16 )(17 (18 (19 ((20 21 )((22 23 )(24 25 ))))))))((13 14 )((26 27 (28 (29 30 )))((31 (((32 33 )(34 35 ))(36 (37 38 ))))(39 ((40 41 )(42 (43 ((44 45 )(46 47 )))))))))))); 
ttag *!; 
ttag +49 ???; 
ttag +50 7; 
ttag +51 5; 
ttag +52 1; 
ttag +53 1; 
ttag +54 6; 
ttag +55 6; 
ttag +56 2; 
ttag +57 4; 
ttag +58 1; 
ttag +59 1; 
ttag +60 3; 
ttag +61 14; 
ttag +62 8; 
ttag +63 1; 
ttag +64 9; 
ttag +65 4; 
ttag +66 6; 
ttag +67 4; 
ttag +68 2; 
ttag +69 6; 
ttag +70 9; 
ttag +71 10; 
ttag +72 2; 
ttag +73 7; 
ttag +74 9; 
ttag +75 4; 
ttag +76 7; 
ttag +77 4; 
ttag +78 4; 
ttag +79 10; 
ttag +80 6; 
ttag +81 1; 
ttag +82 7; 
ttag +83 3; 
ttag +84 8; 
ttag +85 7; 
ttag +86 3; 
ttag +87 6; 
ttag +88 5; 
ttag +89 12; 
ttag +90 3; 
ttag +91 8; 
ttag +92 5; 
ttag +93 3; 
tread
'Tree with tags' 
(0 (1 ((((2 3 )(((4 5 )(6 7 ))((8 9 )(10 (11 12 )))))((15 16 )(17 (18 (19 ((20 21 )((22 23 )(24 25 ))))))))((13 14 )((26 (27 (28 (29 30 ))))((31 (((32 33 )(34 35 ))(36 (37 38 ))))(39 ((40 41 )(42 (43 ((44 45 )(46 47 )))))))))))); 
ttag *!; 
ttag +0 ////; 
ttag +1 ////; 
ttag +2 ////; 
ttag +3 ////; 
ttag +4 ////; 
ttag +5 ////; 
ttag +6 ////; 
ttag +7 ////; 
ttag +8 ////; 
ttag +9 ////; 
ttag +10 ////; 
ttag +11 ////; 
ttag +12 ////; 
ttag +13 ////; 
ttag +14 ////; 
ttag +15 ////; 
ttag +16 ////; 
ttag +17 ////; 
ttag +18 ////; 
ttag +19 ////; 
ttag +20 ////; 
ttag +21 ////; 
ttag +22 ////; 
ttag +23 ////; 
ttag +24 ////; 
ttag +25 ////; 
ttag +26 ////; 
ttag +27 ////; 
ttag +28 ////; 
ttag +29 ////; 
ttag +30 ////; 
ttag +31 ////; 
ttag +32 ////; 
ttag +33 ////; 
ttag +34 ////; 
ttag +35 ////; 
ttag +36 ////; 
ttag +37 ////; 
ttag +38 ////; 
ttag +39 ////; 
ttag +40 ////; 
ttag +41 ////; 
ttag +42 ////; 
ttag +43 ////; 
ttag +44 ////; 
ttag +45 ////; 
ttag +46 ////; 
ttag +47 ////; 
ttag +48 ////; 
ttag +49 100/100/100/100/100; 
ttag +50 100/100/99/98/98; 
ttag +51 98/97/92/99/94; 
ttag +52 30/4/8/10/11; 
ttag +53 32/6/10/12/20; 
ttag +54 98/98/98/98/98; 
ttag +55 94/92/71/94/84; 
ttag +56 67/57/46/62/47; 
ttag +57 90/89/82/94/86; 
ttag +58 65/58/50/58/53; 
ttag +59 30/9/?/11/9; 
ttag +60 64/57/47/71/48; 
ttag +61 100/100/100/100/100; 
ttag +62 100/100/97/100/98; 
ttag +63 33/14/6/8/8; 
ttag +64 100/100/100/100/100; 
ttag +65 92/90/85/92/78; 
ttag +66 97/96/96/96/92; 
ttag +67 96/96/84/89/79; 
ttag +68 71/64/42/54/36; 
ttag +69 99/99/99/100/99; 
ttag +70 100/100/98/100/98; 
ttag +71 100/100/99/100/100; 
ttag +72 72/58/36/50/28; 
ttag +73 99/99/98/99/98; 
ttag +74 100/100/98/100/99; 
ttag +75 84/82/59/80/70; 
ttag +76 32/0/4/?/?; 
ttag +77 98/98/95/99/97; 
ttag +78 97/96/88/97/93; 
ttag +79 88/87/82/90/80; 
ttag +80 100/100/99/98/98; 
ttag +81 100/100/100/99/100; 
ttag +82 42/26/20/32/18; 
ttag +83 100/100/99/99/98; 
ttag +84 86/86/85/85/86; 
ttag +85 100/100/99/99/98; 
ttag +86 100/100/99/100/98; 
ttag +87 81/70/51/69/57; 
ttag +88 99/99/95/97/96; 
ttag +89 99/99/91/97/92; 
ttag +90 100/100/100/100/100; 
ttag +91 90/86/74/87/75; 
ttag +92 100/100/100/100/100; 
ttag +93 96/96/83/98/84; 
ttag +94 86/82/72/83/74; 
