tread
'Tree with tags' 
(0 (1 (8 9 (2 3 )((4 5 )(6 7 ))(10 (11 12 )))((13 14 )(17 (15 16 )(18 19 ((20 21 )(22 23 (24 25 ))))))(39 (26 (27 (28 (29 30 ))))(31 (((32 33 )(36 (37 38 )))(34 35 )))((40 41 )(42 (43 ((44 45 )(46 47 )))))))); 
ttag *!; 
ttag +49 ???; 
ttag +50 4; 
ttag +51 6; 
ttag +52 4; 
ttag +53 5; 
ttag +54 1; 
ttag +55 7; 
ttag +56 7; 
ttag +57 7; 
ttag +58 1; 
ttag +59 10; 
ttag +60 1; 
ttag +61 4; 
ttag +62 10; 
ttag +63 3; 
ttag +64 3; 
ttag +65 6; 
ttag +66 8; 
ttag +67 4; 
ttag +68 2; 
ttag +69 2; 
ttag +70 8; 
ttag +71 3; 
ttag +72 4; 
ttag +73 1; 
ttag +74 7; 
ttag +75 2; 
ttag +76 11; 
ttag +77 16; 
ttag +78 6; 
ttag +79 7; 
ttag +80 6; 
ttag +81 2; 
ttag +82 4; 
ttag +83 3; 
ttag +84 2; 
tread
'Tree with tags' 
(0 ((1 (((2 3 )((8 9 )(10 (11 12 ))))((4 5 )(6 7 ))))(((13 14 )(17 ((15 16 )(18 (19 ((20 21 )(23 (22 (24 25 )))))))))((39 ((26 (27 (28 (29 30 ))))(31 (((32 33 )(36 (37 38 )))(34 35 )))))((40 41 )(42 (43 ((44 45 )(46 47 ))))))))); 
ttag *!; 
ttag +0 ////; 
ttag +1 ////; 
ttag +2 ////; 
ttag +3 ////; 
ttag +4 ////; 
ttag +5 ////; 
ttag +6 ////; 
ttag +7 ////; 
ttag +8 ////; 
ttag +9 ////; 
ttag +10 ////; 
ttag +11 ////; 
ttag +12 ////; 
ttag +13 ////; 
ttag +14 ////; 
ttag +15 ////; 
ttag +16 ////; 
ttag +17 ////; 
ttag +18 ////; 
ttag +19 ////; 
ttag +20 ////; 
ttag +21 ////; 
ttag +22 ////; 
ttag +23 ////; 
ttag +24 ////; 
ttag +25 ////; 
ttag +26 ////; 
ttag +27 ////; 
ttag +28 ////; 
ttag +29 ////; 
ttag +30 ////; 
ttag +31 ////; 
ttag +32 ////; 
ttag +33 ////; 
ttag +34 ////; 
ttag +35 ////; 
ttag +36 ////; 
ttag +37 ////; 
ttag +38 ////; 
ttag +39 ////; 
ttag +40 ////; 
ttag +41 ////; 
ttag +42 ////; 
ttag +43 ////; 
ttag +44 ////; 
ttag +45 ////; 
ttag +46 ////; 
ttag +47 ////; 
ttag +48 ////; 
ttag +49 28/[10]/?/?/?; 
ttag +50 100/100/100/100/100; 
ttag +51 97/96/90/97/95; 
ttag +52 26/[23]/?/?/?; 
ttag +53 98/98/92/98/94; 
ttag +54 97/97/95/98/98; 
ttag +55 98/98/94/99/95; 
ttag +56 79/65/45/67/56; 
ttag +57 18/[19]/?/?/?; 
ttag +58 41/2/?/7/4; 
ttag +59 99/98/98/99/99; 
ttag +60 98/98/99/99/98; 
ttag +61 100/100/98/100/100; 
ttag +62 58/54/42/49/42; 
ttag +63 22/[16]/?/?/?; 
ttag +64 100/100/99/99/100; 
ttag +65 32/[8]/?/?/?; 
ttag +66 68/59/59/70/54; 
ttag +67 97/95/92/96/94; 
ttag +68 32/14/15/16/7; 
ttag +69 100/100/100/100/100; 
ttag +70 84/77/73/82/73; 
ttag +71 38/[2]/?/4/?; 
ttag +72 89/86/77/79/78; 
ttag +73 98/98/97/100/98; 
ttag +74 99/99/97/99/99; 
ttag +75 20/[39]/?/?/?; 
ttag +76 14/[45]/?/?/?; 
ttag +77 90/87/72/96/73; 
ttag +78 73/65/60/70/58; 
ttag +79 80/72/65/74/63; 
ttag +80 100/100/99/100/99; 
ttag +81 87/84/80/86/82; 
ttag +82 88/86/71/88/76; 
ttag +83 55/40/35/47/38; 
ttag +84 98/98/95/100/96; 
ttag +85 83/78/71/85/77; 
ttag +86 100/100/100/100/98; 
ttag +87 100/100/100/100/100; 
ttag +88 98/98/95/99/97; 
ttag +89 99/99/96/99/98; 
ttag +90 98/97/97/98/100; 
ttag +91 86/78/66/69/65; 
ttag +92 92/89/89/90/83; 
ttag +93 83/72/66/76/60; 
ttag +94 75/64/60/62/52; 
