tread
'Tree with tags' 
(0 (1 ((2 3 )((4 5 (6 7 ))((8 9 )(10 (11 12 )))))(((13 14 )((26 (27 (28 (29 30 ))))((31 ((32 33 )(35 (34 (36 (37 38 ))))))(39 (42 (40 41 )(43 ((44 45 )(46 47 ))))))))((15 16 )(17 (18 19 ((20 21 )(24 25 (22 23 ))))))))); 
ttag *!; 
ttag +49 ???; 
ttag +50 15; 
ttag +51 4; 
ttag +52 6; 
ttag +53 4; 
ttag +54 6; 
ttag +55 2; 
ttag +56 2; 
ttag +57 2; 
ttag +58 2; 
ttag +59 7; 
ttag +60 2; 
ttag +61 2; 
ttag +62 8; 
ttag +63 3; 
ttag +64 2; 
ttag +65 1; 
ttag +66 9; 
ttag +67 5; 
ttag +68 7; 
ttag +69 6; 
ttag +70 3; 
ttag +71 1; 
ttag +72 2; 
ttag +73 3; 
ttag +74 9; 
ttag +75 9; 
ttag +76 4; 
ttag +77 5; 
ttag +78 4; 
ttag +79 2; 
ttag +80 2; 
ttag +81 17; 
ttag +82 13; 
ttag +83 3; 
ttag +84 4; 
ttag +85 5; 
ttag +86 1; 
ttag +87 8; 
ttag +88 3; 
ttag +89 4; 
tread
'Tree with tags' 
(0 ((1 (((13 14 )((26 (27 (28 (29 30 ))))((31 ((32 33 )(35 (34 (36 (37 38 ))))))(39 (42 ((40 41 )(43 ((44 45 )(46 47 )))))))))((15 16 )(17 (18 (19 ((20 21 )(25 (24 (22 23 ))))))))))((2 3 )((5 (4 (6 7 )))((8 9 )(10 (11 12 ))))))); 
ttag *!; 
ttag +0 ////; 
ttag +1 ////; 
ttag +2 ////; 
ttag +3 ////; 
ttag +4 ////; 
ttag +5 ////; 
ttag +6 ////; 
ttag +7 ////; 
ttag +8 ////; 
ttag +9 ////; 
ttag +10 ////; 
ttag +11 ////; 
ttag +12 ////; 
ttag +13 ////; 
ttag +14 ////; 
ttag +15 ////; 
ttag +16 ////; 
ttag +17 ////; 
ttag +18 ////; 
ttag +19 ////; 
ttag +20 ////; 
ttag +21 ////; 
ttag +22 ////; 
ttag +23 ////; 
ttag +24 ////; 
ttag +25 ////; 
ttag +26 ////; 
ttag +27 ////; 
ttag +28 ////; 
ttag +29 ////; 
ttag +30 ////; 
ttag +31 ////; 
ttag +32 ////; 
ttag +33 ////; 
ttag +34 ////; 
ttag +35 ////; 
ttag +36 ////; 
ttag +37 ////; 
ttag +38 ////; 
ttag +39 ////; 
ttag +40 ////; 
ttag +41 ////; 
ttag +42 ////; 
ttag +43 ////; 
ttag +44 ////; 
ttag +45 ////; 
ttag +46 ////; 
ttag +47 ////; 
ttag +48 ////; 
ttag +49 39/9/1/4/?; 
ttag +50 100/100/100/100/100; 
ttag +51 100/100/100/100/100; 
ttag +52 87/83/80/83/79; 
ttag +53 19/[9]/?/?/?; 
ttag +54 98/98/92/98/92; 
ttag +55 96/96/88/96/84; 
ttag +56 98/98/98/98/98; 
ttag +57 90/86/78/83/83; 
ttag +58 85/80/78/84/83; 
ttag +59 81/72/54/64/61; 
ttag +60 81/74/71/74/70; 
ttag +61 99/99/100/99/97; 
ttag +62 69/60/58/59/48; 
ttag +63 63/57/53/62/44; 
ttag +64 100/100/96/99/99; 
ttag +65 75/70/65/77/61; 
ttag +66 85/80/70/80/73; 
ttag +67 49/28/28/37/30; 
ttag +68 18/[5]/?/?/?; 
ttag +69 100/100/100/100/100; 
ttag +70 96/94/92/96/90; 
ttag +71 99/99/97/100/96; 
ttag +72 42/3/?/6/?; 
ttag +73 97/96/94/99/94; 
ttag +74 95/94/88/92/87; 
ttag +75 70/53/47/59/57; 
ttag +76 82/78/61/74/60; 
ttag +77 94/92/84/92/81; 
ttag +78 100/100/99/100/100; 
ttag +79 99/98/99/100/99; 
ttag +80 94/94/87/94/87; 
ttag +81 97/96/94/97/90; 
ttag +82 97/97/93/98/93; 
ttag +83 84/79/63/74/69; 
ttag +84 92/91/84/89/80; 
ttag +85 100/100/100/100/100; 
ttag +86 100/100/100/100/100; 
ttag +87 94/93/87/91/90; 
ttag +88 93/90/78/89/75; 
ttag +89 35/[12]/?/?/?; 
ttag +90 97/97/90/96/90; 
ttag +91 64/48/53/43/48; 
ttag +92 99/99/98/100/98; 
ttag +93 93/92/79/90/77; 
ttag +94 90/87/79/94/85; 
