tread
'Tree with tags' 
(0 (1 ((2 3 )(((4 5 )(6 7 ))(9 (8 (10 (11 12 ))))))((13 14 )((15 16 )(17 (18 (19 ((20 21 )((22 23 )(24 25 ))))))))((26 (27 (28 (29 30 ))))((31 (34 (32 33 )(35 (36 (37 38 )))))(39 ((40 41 )((42 43 )((44 45 )(46 47 ))))))))); 
ttag *!; 
ttag +49 ???; 
ttag +50 1; 
ttag +51 7; 
ttag +52 3; 
ttag +53 8; 
ttag +54 3; 
ttag +55 2; 
ttag +56 1; 
ttag +57 1; 
ttag +58 5; 
ttag +59 4; 
ttag +60 9; 
ttag +61 2; 
ttag +62 9; 
ttag +63 8; 
ttag +64 3; 
ttag +65 5; 
ttag +66 5; 
ttag +67 9; 
ttag +68 12; 
ttag +69 4; 
ttag +70 2; 
ttag +71 4; 
ttag +72 7; 
ttag +73 4; 
ttag +74 3; 
ttag +75 7; 
ttag +76 10; 
ttag +77 4; 
ttag +78 1; 
ttag +79 5; 
ttag +80 1; 
ttag +81 1; 
ttag +82 12; 
ttag +83 13; 
ttag +84 1; 
ttag +85 5; 
ttag +86 8; 
ttag +87 1; 
ttag +88 5; 
ttag +89 4; 
ttag +90 3; 
ttag +91 3; 
tread
'Tree with tags' 
(0 (1 ((2 3 )(((4 5 )(6 7 ))(9 (8 (10 (11 12 ))))))((13 14 )((15 16 )(17 (18 (19 ((20 21 )((22 23 )(24 25 ))))))))((26 (27 (28 (29 30 ))))((31 (34 (32 33 )(35 (36 (37 38 )))))(39 ((40 41 )((42 43 )((44 45 )(46 47 ))))))))); 
ttag *!; 
ttag +0 ////; 
ttag +1 ////; 
ttag +2 ////; 
ttag +3 ////; 
ttag +4 ////; 
ttag +5 ////; 
ttag +6 ////; 
ttag +7 ////; 
ttag +8 ////; 
ttag +9 ////; 
ttag +10 ////; 
ttag +11 ////; 
ttag +12 ////; 
ttag +13 ////; 
ttag +14 ////; 
ttag +15 ////; 
ttag +16 ////; 
ttag +17 ////; 
ttag +18 ////; 
ttag +19 ////; 
ttag +20 ////; 
ttag +21 ////; 
ttag +22 ////; 
ttag +23 ////; 
ttag +24 ////; 
ttag +25 ////; 
ttag +26 ////; 
ttag +27 ////; 
ttag +28 ////; 
ttag +29 ////; 
ttag +30 ////; 
ttag +31 ////; 
ttag +32 ////; 
ttag +33 ////; 
ttag +34 ////; 
ttag +35 ////; 
ttag +36 ////; 
ttag +37 ////; 
ttag +38 ////; 
ttag +39 ////; 
ttag +40 ////; 
ttag +41 ////; 
ttag +42 ////; 
ttag +43 ////; 
ttag +44 ////; 
ttag +45 ////; 
ttag +46 ////; 
ttag +47 ////; 
ttag +48 ////; 
ttag +49 100/100/100/100/100; 
ttag +50 68/48/48/46/47; 
ttag +51 100/100/98/100/98; 
ttag +52 82/79/68/84/70; 
ttag +53 99/98/98/99/98; 
ttag +54 80/73/71/69/64; 
ttag +55 71/56/56/60/61; 
ttag +56 16/[15]/?/?/?; 
ttag +57 37/10/14/18/15; 
ttag +58 97/97/98/98/93; 
ttag +59 91/87/85/89/79; 
ttag +60 100/100/99/100/98; 
ttag +61 82/80/64/78/63; 
ttag +62 100/100/100/100/100; 
ttag +63 98/97/98/98/99; 
ttag +64 87/85/80/86/83; 
ttag +65 96/96/86/97/91; 
ttag +66 98/97/92/98/93; 
ttag +67 100/100/100/100/100; 
ttag +68 100/100/100/100/100; 
ttag +69 93/89/86/87/71; 
ttag +70 71/62/48/65/51; 
ttag +71 92/91/82/92/88; 
ttag +72 97/95/92/94/92; 
ttag +73 96/96/91/95/90; 
ttag +74 73/64/61/78/67; 
ttag +75 100/100/98/99/99; 
ttag +76 100/100/100/100/100; 
ttag +77 98/97/93/95/91; 
ttag +78 48/35/30/32/28; 
ttag +79 96/96/91/98/92; 
ttag +80 75/70/69/70/68; 
ttag +81 56/45/35/46/36; 
ttag +82 100/100/97/100/99; 
ttag +83 100/100/100/100/100; 
ttag +84 48/31/24/34/30; 
ttag +85 90/88/84/90/86; 
ttag +86 97/96/92/96/96; 
ttag +87 53/29/27/33/12; 
ttag +88 97/97/94/98/94; 
ttag +89 88/85/78/87/80; 
ttag +90 72/60/36/70/54; 
ttag +91 78/76/63/79/66; 
