tread
'Tree with tags' 
(0 ((1 ((2 3 )((10 (((4 5 )(6 7 ))(11 12 )))(8 9 ))))((13 14 )(17 (15 16 )(18 (19 ((20 21 )((22 23 )(24 25 ))))))((26 27 (28 (29 30 )))((39 (31 (((32 33 )(36 (37 38 )))(34 35 ))))((40 41 )(42 (43 ((44 45 )(46 47 )))))))))); 
ttag *!; 
ttag +49 1; 
ttag +50 ???; 
ttag +51 6; 
ttag +52 6; 
ttag +53 3; 
ttag +54 6; 
ttag +55 1; 
ttag +56 1; 
ttag +57 1; 
ttag +58 2; 
ttag +59 1; 
ttag +60 12; 
ttag +61 2; 
ttag +62 1; 
ttag +63 10; 
ttag +64 2; 
ttag +65 2; 
ttag +66 3; 
ttag +67 13; 
ttag +68 5; 
ttag +69 6; 
ttag +70 4; 
ttag +71 1; 
ttag +72 6; 
ttag +73 4; 
ttag +74 3; 
ttag +75 9; 
ttag +76 5; 
ttag +77 1; 
ttag +78 2; 
ttag +79 7; 
ttag +80 2; 
ttag +81 1; 
ttag +82 1; 
ttag +83 4; 
ttag +84 5; 
ttag +85 2; 
ttag +86 6; 
ttag +87 11; 
ttag +88 2; 
ttag +89 7; 
ttag +90 5; 
ttag +91 1; 
tread
'Tree with tags' 
(0 ((1 ((2 3 )((10 (((4 5 )(6 7 ))(11 12 )))(8 9 ))))(((13 14 )(17 ((15 16 )(18 (19 ((20 21 )((22 23 )(24 25 ))))))))((26 (27 (28 (29 30 ))))((39 (31 (((32 33 )(36 (37 38 )))(34 35 ))))((40 41 )(42 (43 ((44 45 )(46 47 )))))))))); 
ttag *!; 
ttag +0 ////; 
ttag +1 ////; 
ttag +2 ////; 
ttag +3 ////; 
ttag +4 ////; 
ttag +5 ////; 
ttag +6 ////; 
ttag +7 ////; 
ttag +8 ////; 
ttag +9 ////; 
ttag +10 ////; 
ttag +11 ////; 
ttag +12 ////; 
ttag +13 ////; 
ttag +14 ////; 
ttag +15 ////; 
ttag +16 ////; 
ttag +17 ////; 
ttag +18 ////; 
ttag +19 ////; 
ttag +20 ////; 
ttag +21 ////; 
ttag +22 ////; 
ttag +23 ////; 
ttag +24 ////; 
ttag +25 ////; 
ttag +26 ////; 
ttag +27 ////; 
ttag +28 ////; 
ttag +29 ////; 
ttag +30 ////; 
ttag +31 ////; 
ttag +32 ////; 
ttag +33 ////; 
ttag +34 ////; 
ttag +35 ////; 
ttag +36 ////; 
ttag +37 ////; 
ttag +38 ////; 
ttag +39 ////; 
ttag +40 ////; 
ttag +41 ////; 
ttag +42 ////; 
ttag +43 ////; 
ttag +44 ////; 
ttag +45 ////; 
ttag +46 ////; 
ttag +47 ////; 
ttag +48 ////; 
ttag +49 51/44/42/36/40; 
ttag +50 100/100/100/100/100; 
ttag +51 99/99/98/100/96; 
ttag +52 91/90/90/88/83; 
ttag +53 90/88/83/86/82; 
ttag +54 99/98/96/98/96; 
ttag +55 28/[3]/?/?/?; 
ttag +56 24/[7]/?/?/?; 
ttag +57 64/54/44/53/36; 
ttag +58 62/45/39/46/32; 
ttag +59 39/16/12/16/15; 
ttag +60 100/100/99/100/100; 
ttag +61 84/78/78/81/80; 
ttag +62 24/8/0/4/?; 
ttag +63 41/28/18/33/24; 
ttag +64 100/100/100/100/100; 
ttag +65 31/[18]/?/?/?; 
ttag +66 78/72/64/72/68; 
ttag +67 84/81/82/85/73; 
ttag +68 90/88/83/92/74; 
ttag +69 100/100/100/100/100; 
ttag +70 97/96/94/96/94; 
ttag +71 100/100/97/100/98; 
ttag +72 95/94/86/96/89; 
ttag +73 58/38/36/48/37; 
ttag +74 98/98/93/99/95; 
ttag +75 96/96/94/97/93; 
ttag +76 30/[7]/?/?/1; 
ttag +77 88/84/73/86/77; 
ttag +78 100/100/99/100/99; 
ttag +79 98/97/94/96/94; 
ttag +80 80/78/70/78/68; 
ttag +81 89/84/80/84/77; 
ttag +82 99/99/98/98/98; 
ttag +83 73/66/59/63/53; 
ttag +84 69/56/57/48/55; 
ttag +85 51/44/40/44/40; 
ttag +86 98/97/93/93/89; 
ttag +87 91/88/83/93/88; 
ttag +88 82/76/64/77/78; 
ttag +89 96/95/87/94/84; 
ttag +90 100/100/99/100/98; 
ttag +91 79/72/64/75/58; 
ttag +92 98/97/95/97/94; 
ttag +93 94/94/86/98/88; 
ttag +94 67/54/31/54/48; 
