tread
'Tree with tags' 
(0 (1 ((2 3 )(((4 5 )(6 7 ))((8 9 )(10 (11 12 )))))((13 14 )((15 16 )(17 (18 19 ((20 21 )((22 23 )(24 25 )))))))(31 39 (26 (27 (28 (29 30 ))))((32 33 )(34 35 )(36 (37 38 )))(40 41 (42 (43 ((44 45 )(46 47 )))))))); 
ttag *!; 
ttag +49 ???; 
ttag +50 7; 
ttag +51 3; 
ttag +52 6; 
ttag +53 3; 
ttag +54 2; 
ttag +55 5; 
ttag +56 1; 
ttag +57 3; 
ttag +58 4; 
ttag +59 5; 
ttag +60 11; 
ttag +61 1; 
ttag +62 13; 
ttag +63 7; 
ttag +64 3; 
ttag +65 2; 
ttag +66 5; 
ttag +67 2; 
ttag +68 9; 
ttag +69 2; 
ttag +70 3; 
ttag +71 6; 
ttag +72 4; 
ttag +73 5; 
ttag +74 9; 
ttag +75 11; 
ttag +76 4; 
ttag +77 5; 
ttag +78 4; 
ttag +79 10; 
ttag +80 11; 
ttag +81 10; 
ttag +82 9; 
ttag +83 1; 
ttag +84 7; 
ttag +85 6; 
ttag +86 2; 
tread
'Tree with tags' 
(0 (((1 ((13 14 )((15 16 )(17 (18 (19 ((20 21 )((22 23 )(24 25 )))))))))((2 3 )(((4 5 )(6 7 ))((8 9 )(10 (11 12 ))))))((39 ((26 (27 (28 (29 30 ))))(31 (((32 33 )(36 (37 38 )))(34 35 )))))((40 41 )(42 (43 ((44 45 )(46 47 )))))))); 
ttag *!; 
ttag +0 ////; 
ttag +1 ////; 
ttag +2 ////; 
ttag +3 ////; 
ttag +4 ////; 
ttag +5 ////; 
ttag +6 ////; 
ttag +7 ////; 
ttag +8 ////; 
ttag +9 ////; 
ttag +10 ////; 
ttag +11 ////; 
ttag +12 ////; 
ttag +13 ////; 
ttag +14 ////; 
ttag +15 ////; 
ttag +16 ////; 
ttag +17 ////; 
ttag +18 ////; 
ttag +19 ////; 
ttag +20 ////; 
ttag +21 ////; 
ttag +22 ////; 
ttag +23 ////; 
ttag +24 ////; 
ttag +25 ////; 
ttag +26 ////; 
ttag +27 ////; 
ttag +28 ////; 
ttag +29 ////; 
ttag +30 ////; 
ttag +31 ////; 
ttag +32 ////; 
ttag +33 ////; 
ttag +34 ////; 
ttag +35 ////; 
ttag +36 ////; 
ttag +37 ////; 
ttag +38 ////; 
ttag +39 ////; 
ttag +40 ////; 
ttag +41 ////; 
ttag +42 ////; 
ttag +43 ////; 
ttag +44 ////; 
ttag +45 ////; 
ttag +46 ////; 
ttag +47 ////; 
ttag +48 ////; 
ttag +49 4/[16]/?/?/?; 
ttag +50 12/[8]/?/?/?; 
ttag +51 100/100/100/100/100; 
ttag +52 99/99/100/99/100; 
ttag +53 76/72/53/76/57; 
ttag +54 96/94/93/96/91; 
ttag +55 79/74/67/84/61; 
ttag +56 69/62/55/74/56; 
ttag +57 94/93/89/97/91; 
ttag +58 56/43/40/46/28; 
ttag +59 78/72/66/82/63; 
ttag +60 75/70/55/75/51; 
ttag +61 98/97/96/98/96; 
ttag +62 100/100/100/100/100; 
ttag +63 28/10/10/18/13; 
ttag +64 100/100/100/100/100; 
ttag +65 95/94/90/96/90; 
ttag +66 72/60/45/65/48; 
ttag +67 72/60/49/70/53; 
ttag +68 20/[3]/?/2/0; 
ttag +69 99/99/99/99/100; 
ttag +70 77/65/46/67/52; 
ttag +71 100/100/99/100/98; 
ttag +72 75/64/68/75/62; 
ttag +73 91/88/82/90/82; 
ttag +74 99/99/96/98/96; 
ttag +75 2/[47]/?/?/?; 
ttag +76 20/[30]/?/?/?; 
ttag +77 88/86/74/91/81; 
ttag +78 99/99/91/94/94; 
ttag +79 100/100/98/99/99; 
ttag +80 100/100/98/100/100; 
ttag +81 18/[11]/2/1/?; 
ttag +82 94/91/90/95/90; 
ttag +83 36/3/19/13/21; 
ttag +84 99/99/93/97/92; 
ttag +85 90/88/82/95/81; 
ttag +86 100/100/97/99/99; 
ttag +87 100/100/100/100/100; 
ttag +88 29/[2]/7/0/?; 
ttag +89 100/100/99/99/99; 
ttag +90 100/100/100/100/99; 
ttag +91 57/31/34/26/30; 
ttag +92 99/98/98/100/93; 
ttag +93 99/99/94/98/94; 
ttag +94 76/67/58/65/60; 
