tread
'Tree with tags' 
(0 ((1 ((17 (15 16 ))(18 (19 ((20 21 )((22 23 )(24 25 )))))))(((2 3 )(((4 5 )(6 7 ))(9 (8 (10 (11 12 ))))))((13 14 )((26 (27 (28 (29 30 ))))(39 (31 ((32 33 )(34 35 ))(36 (37 38 )))((40 41 )(42 (43 ((44 45 )(46 47 ))))))))))); 
ttag *!; 
ttag +49 1; 
ttag +50 ???; 
ttag +51 6; 
ttag +52 8; 
ttag +53 1; 
ttag +54 4; 
ttag +55 12; 
ttag +56 4; 
ttag +57 1; 
ttag +58 1; 
ttag +59 3; 
ttag +60 7; 
ttag +61 7; 
ttag +62 10; 
ttag +63 1; 
ttag +64 7; 
ttag +65 3; 
ttag +66 5; 
ttag +67 4; 
ttag +68 3; 
ttag +69 8; 
ttag +70 4; 
ttag +71 11; 
ttag +72 4; 
ttag +73 4; 
ttag +74 7; 
ttag +75 8; 
ttag +76 1; 
ttag +77 6; 
ttag +78 12; 
ttag +79 6; 
ttag +80 5; 
ttag +81 2; 
ttag +82 1; 
ttag +83 3; 
ttag +84 9; 
ttag +85 7; 
ttag +86 5; 
ttag +87 3; 
ttag +88 9; 
ttag +89 3; 
ttag +90 10; 
ttag +91 1; 
ttag +92 2; 
tread
'Tree with tags' 
(0 ((1 ((17 (15 16 ))(18 (19 ((20 21 )((22 23 )(24 25 )))))))(((2 3 )(((4 5 )(6 7 ))(9 (8 (10 (11 12 ))))))((13 14 )((26 (27 (28 (29 30 ))))(39 (((31 ((32 33 )(34 35 )))(36 (37 38 )))((40 41 )(42 (43 ((44 45 )(46 47 )))))))))))); 
ttag *!; 
ttag +0 ////; 
ttag +1 ////; 
ttag +2 ////; 
ttag +3 ////; 
ttag +4 ////; 
ttag +5 ////; 
ttag +6 ////; 
ttag +7 ////; 
ttag +8 ////; 
ttag +9 ////; 
ttag +10 ////; 
ttag +11 ////; 
ttag +12 ////; 
ttag +13 ////; 
ttag +14 ////; 
ttag +15 ////; 
ttag +16 ////; 
ttag +17 ////; 
ttag +18 ////; 
ttag +19 ////; 
ttag +20 ////; 
ttag +21 ////; 
ttag +22 ////; 
ttag +23 ////; 
ttag +24 ////; 
ttag +25 ////; 
ttag +26 ////; 
ttag +27 ////; 
ttag +28 ////; 
ttag +29 ////; 
ttag +30 ////; 
ttag +31 ////; 
ttag +32 ////; 
ttag +33 ////; 
ttag +34 ////; 
ttag +35 ////; 
ttag +36 ////; 
ttag +37 ////; 
ttag +38 ////; 
ttag +39 ////; 
ttag +40 ////; 
ttag +41 ////; 
ttag +42 ////; 
ttag +43 ////; 
ttag +44 ////; 
ttag +45 ////; 
ttag +46 ////; 
ttag +47 ////; 
ttag +48 ////; 
ttag +49 25/7/2/21/0; 
ttag +50 100/100/100/100/100; 
ttag +51 100/100/96/99/98; 
ttag +52 100/100/98/99/98; 
ttag +53 30/12/11/22/9; 
ttag +54 93/91/88/92/88; 
ttag +55 100/100/100/100/100; 
ttag +56 86/85/76/88/72; 
ttag +57 54/38/28/40/22; 
ttag +58 43/19/19/17/10; 
ttag +59 87/84/81/89/80; 
ttag +60 99/99/96/98/88; 
ttag +61 99/99/99/99/99; 
ttag +62 100/100/98/100/99; 
ttag +63 60/53/38/55/51; 
ttag +64 100/100/100/100/99; 
ttag +65 69/59/55/67/58; 
ttag +66 88/84/73/87/78; 
ttag +67 90/89/82/88/82; 
ttag +68 81/78/70/83/63; 
ttag +69 100/100/99/99/98; 
ttag +70 94/92/80/91/84; 
ttag +71 100/100/99/100/100; 
ttag +72 97/97/93/94/91; 
ttag +73 92/89/83/90/87; 
ttag +74 99/99/95/99/96; 
ttag +75 98/98/97/98/95; 
ttag +76 67/56/38/44/34; 
ttag +77 98/98/92/98/93; 
ttag +78 100/100/100/99/100; 
ttag +79 26/[25]/?/?/?; 
ttag +80 99/99/98/100/95; 
ttag +81 31/7/5/0/1; 
ttag +82 92/90/84/94/86; 
ttag +83 81/72/64/69/62; 
ttag +84 53/42/35/41/27; 
ttag +85 95/95/94/93/91; 
ttag +86 100/100/99/100/98; 
ttag +87 99/99/99/100/97; 
ttag +88 95/92/85/95/88; 
ttag +89 80/74/63/70/58; 
ttag +90 99/99/100/100/99; 
ttag +91 76/66/48/70/50; 
ttag +92 100/100/100/100/99; 
ttag +93 52/32/23/32/26; 
ttag +94 69/64/55/67/59; 
