tread
'Tree with tags' 
(0 ((1 ((2 3 )(((4 5 )(6 7 ))(8 9 (10 (11 12 ))))))(13 14 )(17 (15 16 )(18 19 (20 21 )((22 23 )(24 25 ))))(((26 27 )(28 (29 30 )))(39 (31 ((32 33 )(34 35 )(36 (37 38 ))))((40 41 )(42 (43 ((44 45 )(46 47 ))))))))); 
ttag *!; 
ttag +49 1; 
ttag +50 ???; 
ttag +51 7; 
ttag +52 8; 
ttag +53 3; 
ttag +54 6; 
ttag +55 2; 
ttag +56 2; 
ttag +57 2; 
ttag +58 2; 
ttag +59 8; 
ttag +60 9; 
ttag +61 8; 
ttag +62 4; 
ttag +63 4; 
ttag +64 16; 
ttag +65 1; 
ttag +66 2; 
ttag +67 8; 
ttag +68 2; 
ttag +69 4; 
ttag +70 2; 
ttag +71 7; 
ttag +72 2; 
ttag +73 8; 
ttag +74 8; 
ttag +75 8; 
ttag +76 6; 
ttag +77 4; 
ttag +78 6; 
ttag +79 6; 
ttag +80 4; 
ttag +81 4; 
ttag +82 2; 
ttag +83 2; 
ttag +84 7; 
ttag +85 4; 
ttag +86 2; 
tread
'Tree with tags' 
(0 ((1 ((2 3 )(((4 5 )(6 7 ))(8 (9 (10 (11 12 )))))))((13 14 )((17 ((15 16 )(19 (18 ((20 21 )((22 23 )(24 25 )))))))(((26 27 )(28 (29 30 )))(39 ((31 ((32 33 )((34 35 )(36 (37 38 )))))((40 41 )(42 (43 ((44 45 )(46 47 )))))))))))); 
ttag *!; 
ttag +0 ////; 
ttag +1 ////; 
ttag +2 ////; 
ttag +3 ////; 
ttag +4 ////; 
ttag +5 ////; 
ttag +6 ////; 
ttag +7 ////; 
ttag +8 ////; 
ttag +9 ////; 
ttag +10 ////; 
ttag +11 ////; 
ttag +12 ////; 
ttag +13 ////; 
ttag +14 ////; 
ttag +15 ////; 
ttag +16 ////; 
ttag +17 ////; 
ttag +18 ////; 
ttag +19 ////; 
ttag +20 ////; 
ttag +21 ////; 
ttag +22 ////; 
ttag +23 ////; 
ttag +24 ////; 
ttag +25 ////; 
ttag +26 ////; 
ttag +27 ////; 
ttag +28 ////; 
ttag +29 ////; 
ttag +30 ////; 
ttag +31 ////; 
ttag +32 ////; 
ttag +33 ////; 
ttag +34 ////; 
ttag +35 ////; 
ttag +36 ////; 
ttag +37 ////; 
ttag +38 ////; 
ttag +39 ////; 
ttag +40 ////; 
ttag +41 ////; 
ttag +42 ////; 
ttag +43 ////; 
ttag +44 ////; 
ttag +45 ////; 
ttag +46 ////; 
ttag +47 ////; 
ttag +48 ////; 
ttag +49 55/45/32/42/29; 
ttag +50 100/100/100/100/100; 
ttag +51 99/99/96/97/96; 
ttag +52 99/99/95/100/97; 
ttag +53 88/83/65/78/70; 
ttag +54 98/98/96/99/94; 
ttag +55 78/67/49/66/51; 
ttag +56 76/72/59/66/59; 
ttag +57 68/58/58/65/54; 
ttag +58 8/[1]/0/2/2; 
ttag +59 78/70/66/67/64; 
ttag +60 100/100/100/100/99; 
ttag +61 99/99/98/100/97; 
ttag +62 31/17/12/10/5; 
ttag +63 99/98/99/99/99; 
ttag +64 12/[20]/?/?/?; 
ttag +65 88/86/71/84/78; 
ttag +66 23/2/3/?/0; 
ttag +67 46/19/10/14/13; 
ttag +68 87/83/61/82/70; 
ttag +69 100/100/100/100/100; 
ttag +70 29/2/?/2/0; 
ttag +71 81/74/69/72/70; 
ttag +72 74/66/60/73/66; 
ttag +73 100/100/98/100/97; 
ttag +74 78/72/58/72/63; 
ttag +75 95/94/94/92/91; 
ttag +76 76/66/38/61/50; 
ttag +77 99/98/94/98/94; 
ttag +78 84/77/64/83/68; 
ttag +79 99/99/96/99/97; 
ttag +80 37/3/0/?/2; 
ttag +81 98/98/95/100/94; 
ttag +82 100/100/97/99/98; 
ttag +83 97/96/90/98/93; 
ttag +84 96/96/89/94/88; 
ttag +85 31/[2]/?/?/2; 
ttag +86 99/98/98/98/97; 
ttag +87 95/93/86/97/93; 
ttag +88 92/90/77/92/74; 
ttag +89 95/93/94/93/89; 
ttag +90 82/77/68/74/60; 
ttag +91 91/90/81/84/81; 
ttag +92 98/98/99/99/98; 
ttag +93 90/87/71/84/72; 
ttag +94 83/81/71/72/67; 
