tread
'Tree with tags' 
(0 ((1 ((2 3 )(((4 5 )(6 7 ))((8 9 )(10 (11 12 ))))))(((13 14 )((15 16 )(17 (18 (19 ((20 21 )((22 23 )(24 25 ))))))))((26 (27 (28 (29 30 ))))((39 (31 ((32 33 )((34 35 )(36 (37 38 ))))))((40 41 )(42 (43 ((44 45 )(46 47 )))))))))); 
ttag *!; 
ttag +49 1; 
ttag +50 ???; 
ttag +51 2; 
ttag +52 9; 
ttag +53 7; 
ttag +54 9; 
ttag +55 2; 
ttag +56 1; 
ttag +57 1; 
ttag +58 1; 
ttag +59 9; 
ttag +60 8; 
ttag +61 7; 
ttag +62 2; 
ttag +63 3; 
ttag +64 11; 
ttag +65 2; 
ttag +66 2; 
ttag +67 11; 
ttag +68 2; 
ttag +69 7; 
ttag +70 7; 
ttag +71 14; 
ttag +72 7; 
ttag +73 4; 
ttag +74 2; 
ttag +75 5; 
ttag +76 1; 
ttag +77 5; 
ttag +78 8; 
ttag +79 8; 
ttag +80 1; 
ttag +81 3; 
ttag +82 6; 
ttag +83 6; 
ttag +84 2; 
ttag +85 2; 
ttag +86 10; 
ttag +87 5; 
ttag +88 3; 
ttag +89 8; 
ttag +90 10; 
ttag +91 4; 
ttag +92 7; 
ttag +93 1; 
ttag +94 4; 
tread
'Tree with tags' 
(0 ((1 ((2 3 )(((4 5 )(6 7 ))((8 9 )(10 (11 12 ))))))(((13 14 )((15 16 )(17 (18 (19 ((20 21 )((22 23 )(24 25 ))))))))((26 (27 (28 (29 30 ))))((39 (31 ((32 33 )((34 35 )(36 (37 38 ))))))((40 41 )(42 (43 ((44 45 )(46 47 )))))))))); 
ttag *!; 
ttag +0 ////; 
ttag +1 ////; 
ttag +2 ////; 
ttag +3 ////; 
ttag +4 ////; 
ttag +5 ////; 
ttag +6 ////; 
ttag +7 ////; 
ttag +8 ////; 
ttag +9 ////; 
ttag +10 ////; 
ttag +11 ////; 
ttag +12 ////; 
ttag +13 ////; 
ttag +14 ////; 
ttag +15 ////; 
ttag +16 ////; 
ttag +17 ////; 
ttag +18 ////; 
ttag +19 ////; 
ttag +20 ////; 
ttag +21 ////; 
ttag +22 ////; 
ttag +23 ////; 
ttag +24 ////; 
ttag +25 ////; 
ttag +26 ////; 
ttag +27 ////; 
ttag +28 ////; 
ttag +29 ////; 
ttag +30 ////; 
ttag +31 ////; 
ttag +32 ////; 
ttag +33 ////; 
ttag +34 ////; 
ttag +35 ////; 
ttag +36 ////; 
ttag +37 ////; 
ttag +38 ////; 
ttag +39 ////; 
ttag +40 ////; 
ttag +41 ////; 
ttag +42 ////; 
ttag +43 ////; 
ttag +44 ////; 
ttag +45 ////; 
ttag +46 ////; 
ttag +47 ////; 
ttag +48 ////; 
ttag +49 62/40/36/43/30; 
ttag +50 100/100/100/100/100; 
ttag +51 87/80/67/76/67; 
ttag +52 100/100/99/99/98; 
ttag +53 99/99/99/99/98; 
ttag +54 100/100/99/99/97; 
ttag +55 83/76/69/69/66; 
ttag +56 48/27/22/27/23; 
ttag +57 56/35/34/49/34; 
ttag +58 47/26/22/39/24; 
ttag +59 99/99/98/99/99; 
ttag +60 99/99/98/99/98; 
ttag +61 99/99/96/100/97; 
ttag +62 56/44/26/35/18; 
ttag +63 87/84/76/85/77; 
ttag +64 100/100/100/100/98; 
ttag +65 72/69/54/62/55; 
ttag +66 60/51/36/52/38; 
ttag +67 100/100/100/100/100; 
ttag +68 70/53/46/57/50; 
ttag +69 99/99/100/99/99; 
ttag +70 98/97/93/99/98; 
ttag +71 100/100/100/100/100; 
ttag +72 99/99/95/99/96; 
ttag +73 96/94/82/90/75; 
ttag +74 69/51/46/40/28; 
ttag +75 92/90/90/94/88; 
ttag +76 44/26/24/20/6; 
ttag +77 97/97/94/97/96; 
ttag +78 100/100/98/99/96; 
ttag +79 100/100/99/99/99; 
ttag +80 40/24/20/29/18; 
ttag +81 88/84/79/85/82; 
ttag +82 99/98/95/99/93; 
ttag +83 99/99/95/98/98; 
ttag +84 80/72/63/68/68; 
ttag +85 73/62/61/74/65; 
ttag +86 100/100/100/100/100; 
ttag +87 97/96/88/96/81; 
ttag +88 81/76/72/78/58; 
ttag +89 99/99/96/100/98; 
ttag +90 100/100/100/100/99; 
ttag +91 92/90/83/88/83; 
ttag +92 99/99/99/99/99; 
ttag +93 41/24/30/35/26; 
ttag +94 94/93/83/91/84; 
