tread
'Tree with tags' 
(0 (1 (((2 3 )((6 (7 (4 5 )))((8 9 )(10 (11 12 )))))(13 14 ))((15 16 )(17 (18 (19 ((20 21 )((22 23 )(24 25 )))))))((26 (27 (28 (29 30 ))))(39 (31 ((32 33 )(34 35 ))(36 (37 38 )))((40 41 )(42 (43 ((44 45 )(46 47 ))))))))); 
ttag *!; 
ttag +49 ???; 
ttag +50 3; 
ttag +51 6; 
ttag +52 1; 
ttag +53 4; 
ttag +54 1; 
ttag +55 1; 
ttag +56 1; 
ttag +57 1; 
ttag +58 3; 
ttag +59 2; 
ttag +60 7; 
ttag +61 10; 
ttag +62 10; 
ttag +63 7; 
ttag +64 3; 
ttag +65 2; 
ttag +66 6; 
ttag +67 11; 
ttag +68 9; 
ttag +69 9; 
ttag +70 8; 
ttag +71 3; 
ttag +72 10; 
ttag +73 7; 
ttag +74 5; 
ttag +75 3; 
ttag +76 8; 
ttag +77 2; 
ttag +78 1; 
ttag +79 12; 
ttag +80 1; 
ttag +81 2; 
ttag +82 7; 
ttag +83 9; 
ttag +84 3; 
ttag +85 2; 
ttag +86 10; 
ttag +87 4; 
ttag +88 7; 
ttag +89 8; 
ttag +90 6; 
tread
'Tree with tags' 
(0 (((1 ((26 (27 (28 (29 30 ))))(39 (((31 (36 (37 38 )))((32 33 )(34 35 )))((40 41 )(42 (43 ((44 45 )(46 47 )))))))))((15 16 )(17 (18 (19 ((20 21 )((22 23 )(24 25 ))))))))(((2 3 )((6 (7 (4 5 )))((8 9 )(10 (11 12 )))))(13 14 )))); 
ttag *!; 
ttag +0 ////; 
ttag +1 ////; 
ttag +2 ////; 
ttag +3 ////; 
ttag +4 ////; 
ttag +5 ////; 
ttag +6 ////; 
ttag +7 ////; 
ttag +8 ////; 
ttag +9 ////; 
ttag +10 ////; 
ttag +11 ////; 
ttag +12 ////; 
ttag +13 ////; 
ttag +14 ////; 
ttag +15 ////; 
ttag +16 ////; 
ttag +17 ////; 
ttag +18 ////; 
ttag +19 ////; 
ttag +20 ////; 
ttag +21 ////; 
ttag +22 ////; 
ttag +23 ////; 
ttag +24 ////; 
ttag +25 ////; 
ttag +26 ////; 
ttag +27 ////; 
ttag +28 ////; 
ttag +29 ////; 
ttag +30 ////; 
ttag +31 ////; 
ttag +32 ////; 
ttag +33 ////; 
ttag +34 ////; 
ttag +35 ////; 
ttag +36 ////; 
ttag +37 ////; 
ttag +38 ////; 
ttag +39 ////; 
ttag +40 ////; 
ttag +41 ////; 
ttag +42 ////; 
ttag +43 ////; 
ttag +44 ////; 
ttag +45 ////; 
ttag +46 ////; 
ttag +47 ////; 
ttag +48 ////; 
ttag +49 16/[8]/?/?/?; 
ttag +50 21/[3]/?/?/?; 
ttag +51 100/100/100/100/100; 
ttag +52 91/89/75/91/87; 
ttag +53 99/99/96/98/97; 
ttag +54 49/38/28/37/33; 
ttag +55 94/92/89/94/90; 
ttag +56 39/22/26/32/21; 
ttag +57 40/23/25/31/21; 
ttag +58 46/29/35/35/32; 
ttag +59 68/67/60/56/58; 
ttag +60 63/59/48/62/48; 
ttag +61 60/55/52/62/47; 
ttag +62 100/100/99/99/98; 
ttag +63 100/100/100/100/99; 
ttag +64 99/99/100/100/100; 
ttag +65 99/99/96/98/96; 
ttag +66 82/77/61/78/63; 
ttag +67 79/75/54/68/66; 
ttag +68 98/97/90/96/90; 
ttag +69 100/100/100/100/100; 
ttag +70 100/100/100/100/100; 
ttag +71 100/100/100/100/99; 
ttag +72 99/99/98/100/97; 
ttag +73 85/81/75/82/74; 
ttag +74 100/100/100/100/99; 
ttag +75 99/99/96/99/97; 
ttag +76 99/99/98/99/98; 
ttag +77 90/88/80/84/80; 
ttag +78 100/100/100/100/98; 
ttag +79 23/[16]/?/?/?; 
ttag +80 72/68/59/72/55; 
ttag +81 18/2/?/6/?; 
ttag +82 49/40/31/42/29; 
ttag +83 100/100/100/100/100; 
ttag +84 36/24/13/18/12; 
ttag +85 74/65/47/54/44; 
ttag +86 99/98/97/100/96; 
ttag +87 99/99/99/99/99; 
ttag +88 96/95/84/89/85; 
ttag +89 48/28/20/34/12; 
ttag +90 98/98/96/99/98; 
ttag +91 94/92/82/95/87; 
ttag +92 99/99/98/100/99; 
ttag +93 99/99/99/100/97; 
ttag +94 99/98/96/99/95; 
