tread
'Tree with tags' 
(0 (1 (((2 3 )((9 ((4 5 )(6 7 )))(8 (10 (11 12 )))))(13 14 ))(((15 16 )(17 (18 (19 ((20 21 )((22 23 )(24 25 )))))))((26 27 (28 (29 30 )))((39 (31 (((32 33 )(34 35 ))(36 (37 38 )))))((40 41 )(42 (43 ((44 45 )(46 47 )))))))))); 
ttag *!; 
ttag +49 ???; 
ttag +50 7; 
ttag +51 8; 
ttag +52 1; 
ttag +53 5; 
ttag +54 7; 
ttag +55 1; 
ttag +56 4; 
ttag +57 1; 
ttag +58 1; 
ttag +59 1; 
ttag +60 8; 
ttag +61 7; 
ttag +62 9; 
ttag +63 4; 
ttag +64 1; 
ttag +65 2; 
ttag +66 4; 
ttag +67 4; 
ttag +68 6; 
ttag +69 5; 
ttag +70 9; 
ttag +71 6; 
ttag +72 1; 
ttag +73 3; 
ttag +74 2; 
ttag +75 5; 
ttag +76 8; 
ttag +77 5; 
ttag +78 3; 
ttag +79 7; 
ttag +80 5; 
ttag +81 1; 
ttag +82 4; 
ttag +83 3; 
ttag +84 4; 
ttag +85 10; 
ttag +86 3; 
ttag +87 7; 
ttag +88 6; 
ttag +89 3; 
ttag +90 5; 
ttag +91 3; 
ttag +92 1; 
tread
'Tree with tags' 
(0 (1 ((((2 3 )((9 ((4 5 )(6 7 )))(8 (10 (11 12 )))))(13 14 ))(((15 16 )(17 (18 (19 ((20 21 )((22 23 )(24 25 )))))))((26 (27 (28 (29 30 ))))((39 (31 (((32 33 )(34 35 ))(36 (37 38 )))))((40 41 )(42 (43 ((44 45 )(46 47 ))))))))))); 
ttag *!; 
ttag +0 ////; 
ttag +1 ////; 
ttag +2 ////; 
ttag +3 ////; 
ttag +4 ////; 
ttag +5 ////; 
ttag +6 ////; 
ttag +7 ////; 
ttag +8 ////; 
ttag +9 ////; 
ttag +10 ////; 
ttag +11 ////; 
ttag +12 ////; 
ttag +13 ////; 
ttag +14 ////; 
ttag +15 ////; 
ttag +16 ////; 
ttag +17 ////; 
ttag +18 ////; 
ttag +19 ////; 
ttag +20 ////; 
ttag +21 ////; 
ttag +22 ////; 
ttag +23 ////; 
ttag +24 ////; 
ttag +25 ////; 
ttag +26 ////; 
ttag +27 ////; 
ttag +28 ////; 
ttag +29 ////; 
ttag +30 ////; 
ttag +31 ////; 
ttag +32 ////; 
ttag +33 ////; 
ttag +34 ////; 
ttag +35 ////; 
ttag +36 ////; 
ttag +37 ////; 
ttag +38 ////; 
ttag +39 ////; 
ttag +40 ////; 
ttag +41 ////; 
ttag +42 ////; 
ttag +43 ////; 
ttag +44 ////; 
ttag +45 ////; 
ttag +46 ////; 
ttag +47 ////; 
ttag +48 ////; 
ttag +49 100/100/100/100/100; 
ttag +50 98/98/94/98/95; 
ttag +51 99/99/98/100/99; 
ttag +52 33/18/10/20/6; 
ttag +53 29/10/16/14/24; 
ttag +54 96/95/94/97/89; 
ttag +55 100/100/96/100/97; 
ttag +56 28/[9]/?/?/?; 
ttag +57 80/71/62/78/69; 
ttag +58 57/33/15/33/20; 
ttag +59 34/7/?/6/5; 
ttag +60 53/47/36/41/39; 
ttag +61 99/99/100/99/98; 
ttag +62 98/98/98/99/98; 
ttag +63 100/100/99/100/100; 
ttag +64 83/76/71/81/69; 
ttag +65 32/16/12/18/7; 
ttag +66 83/80/73/72/63; 
ttag +67 92/92/81/91/77; 
ttag +68 99/99/92/96/92; 
ttag +69 98/97/93/99/95; 
ttag +70 99/99/96/98/95; 
ttag +71 100/100/98/100/98; 
ttag +72 98/98/91/98/98; 
ttag +73 60/42/25/39/36; 
ttag +74 78/70/61/68/50; 
ttag +75 90/87/78/87/85; 
ttag +76 36/12/5/5/14; 
ttag +77 98/98/98/98/93; 
ttag +78 100/100/100/100/100; 
ttag +79 95/94/92/97/87; 
ttag +80 76/68/54/67/51; 
ttag +81 100/100/99/100/99; 
ttag +82 94/93/85/95/84; 
ttag +83 52/49/36/50/42; 
ttag +84 89/85/75/87/80; 
ttag +85 96/96/94/93/94; 
ttag +86 90/88/87/90/82; 
ttag +87 100/100/100/100/100; 
ttag +88 78/69/65/77/58; 
ttag +89 99/99/98/100/98; 
ttag +90 100/100/97/99/96; 
ttag +91 92/90/78/88/78; 
ttag +92 96/95/92/97/92; 
ttag +93 89/87/86/91/81; 
ttag +94 66/46/36/46/43; 
