tread
'Tree with tags' 
(0 ((1 ((13 14 )(((15 16 )(17 (18 (19 ((20 21 )((22 23 )(24 25 )))))))((26 (27 (28 (29 30 ))))((31 (((32 33 )(34 35 ))(36 (37 38 ))))(39 ((40 41 )(42 (43 (47 (46 (44 45 ))))))))))))((2 3 )((8 (9 ((4 5 )(6 7 ))))(10 (11 12 )))))); 
ttag *!; 
ttag +49 1; 
ttag +50 ???; 
ttag +51 12; 
ttag +52 13; 
ttag +53 6; 
ttag +54 2; 
ttag +55 1; 
ttag +56 1; 
ttag +57 1; 
ttag +58 6; 
ttag +59 3; 
ttag +60 8; 
ttag +61 10; 
ttag +62 1; 
ttag +63 10; 
ttag +64 3; 
ttag +65 2; 
ttag +66 5; 
ttag +67 2; 
ttag +68 1; 
ttag +69 6; 
ttag +70 5; 
ttag +71 13; 
ttag +72 4; 
ttag +73 5; 
ttag +74 4; 
ttag +75 5; 
ttag +76 2; 
ttag +77 4; 
ttag +78 4; 
ttag +79 1; 
ttag +80 4; 
ttag +81 6; 
ttag +82 1; 
ttag +83 6; 
ttag +84 3; 
ttag +85 5; 
ttag +86 6; 
ttag +87 1; 
ttag +88 4; 
ttag +89 6; 
ttag +90 8; 
ttag +91 1; 
ttag +92 8; 
ttag +93 1; 
ttag +94 3; 
tread
'Tree with tags' 
(0 ((1 ((13 14 )(((15 16 )(17 (18 (19 ((20 21 )((22 23 )(24 25 )))))))((26 (27 (28 (29 30 ))))((31 (((32 33 )(34 35 ))(36 (37 38 ))))(39 ((40 41 )(42 (43 (47 (46 (44 45 ))))))))))))((2 3 )((8 (9 ((4 5 )(6 7 ))))(10 (11 12 )))))); 
ttag *!; 
ttag +0 ////; 
ttag +1 ////; 
ttag +2 ////; 
ttag +3 ////; 
ttag +4 ////; 
ttag +5 ////; 
ttag +6 ////; 
ttag +7 ////; 
ttag +8 ////; 
ttag +9 ////; 
ttag +10 ////; 
ttag +11 ////; 
ttag +12 ////; 
ttag +13 ////; 
ttag +14 ////; 
ttag +15 ////; 
ttag +16 ////; 
ttag +17 ////; 
ttag +18 ////; 
ttag +19 ////; 
ttag +20 ////; 
ttag +21 ////; 
ttag +22 ////; 
ttag +23 ////; 
ttag +24 ////; 
ttag +25 ////; 
ttag +26 ////; 
ttag +27 ////; 
ttag +28 ////; 
ttag +29 ////; 
ttag +30 ////; 
ttag +31 ////; 
ttag +32 ////; 
ttag +33 ////; 
ttag +34 ////; 
ttag +35 ////; 
ttag +36 ////; 
ttag +37 ////; 
ttag +38 ////; 
ttag +39 ////; 
ttag +40 ////; 
ttag +41 ////; 
ttag +42 ////; 
ttag +43 ////; 
ttag +44 ////; 
ttag +45 ////; 
ttag +46 ////; 
ttag +47 ////; 
ttag +48 ////; 
ttag +49 10/[9]/?/?/?; 
ttag +50 100/100/100/100/100; 
ttag +51 100/100/100/100/100; 
ttag +52 100/100/98/100/98; 
ttag +53 93/91/92/96/90; 
ttag +54 53/39/29/33/30; 
ttag +55 21/[10]/?/?/?; 
ttag +56 7/[24]/?/?/?; 
ttag +57 42/26/24/30/25; 
ttag +58 97/96/94/98/94; 
ttag +59 79/70/62/80/68; 
ttag +60 100/100/99/100/99; 
ttag +61 100/100/100/100/100; 
ttag +62 20/1/2/?/6; 
ttag +63 100/100/100/100/100; 
ttag +64 76/69/64/75/68; 
ttag +65 16/[3]/?/?/2; 
ttag +66 90/88/72/91/79; 
ttag +67 67/51/40/57/40; 
ttag +68 50/29/10/22/13; 
ttag +69 99/99/99/99/98; 
ttag +70 92/90/85/91/83; 
ttag +71 100/100/99/100/100; 
ttag +72 91/88/76/88/76; 
ttag +73 94/93/91/91/87; 
ttag +74 94/94/88/93/92; 
ttag +75 92/90/78/85/84; 
ttag +76 71/63/62/68/55; 
ttag +77 93/90/87/95/88; 
ttag +78 93/92/91/94/87; 
ttag +79 35/[3]/4/?/?; 
ttag +80 94/93/88/96/84; 
ttag +81 99/99/97/99/97; 
ttag +82 31/7/5/17/15; 
ttag +83 96/96/90/96/88; 
ttag +84 82/79/70/80/70; 
ttag +85 96/95/91/95/90; 
ttag +86 99/99/94/98/94; 
ttag +87 22/[12]/?/?/?; 
ttag +88 96/94/86/92/83; 
ttag +89 98/97/88/98/95; 
ttag +90 99/99/97/99/97; 
ttag +91 49/23/16/27/12; 
ttag +92 99/98/95/99/98; 
ttag +93 55/51/36/53/38; 
ttag +94 89/86/70/86/80; 
