tread
'Tree with tags' 
(0 ((1 ((2 3 )((4 5 )(6 7 )(8 9 (10 (11 12 ))))))(13 14 )((15 16 )(17 (18 (19 ((20 21 )((22 23 )(24 25 )))))))((39 ((26 (27 (28 (29 30 ))))(31 ((32 33 )((34 35 )(36 (37 38 )))))))((40 41 )(42 (43 ((44 45 )(46 47 )))))))); 
ttag *!; 
ttag +49 2; 
ttag +50 ???; 
ttag +51 7; 
ttag +52 6; 
ttag +53 4; 
ttag +54 3; 
ttag +55 1; 
ttag +56 1; 
ttag +57 2; 
ttag +58 4; 
ttag +59 9; 
ttag +60 10; 
ttag +61 4; 
ttag +62 1; 
ttag +63 2; 
ttag +64 1; 
ttag +65 9; 
ttag +66 4; 
ttag +67 8; 
ttag +68 4; 
ttag +69 5; 
ttag +70 7; 
ttag +71 3; 
ttag +72 2; 
ttag +73 17; 
ttag +74 1; 
ttag +75 2; 
ttag +76 11; 
ttag +77 6; 
ttag +78 8; 
ttag +79 13; 
ttag +80 1; 
ttag +81 1; 
ttag +82 7; 
ttag +83 4; 
ttag +84 2; 
ttag +85 2; 
ttag +86 11; 
ttag +87 5; 
ttag +88 7; 
ttag +89 5; 
ttag +90 1; 
tread
'Tree with tags' 
(0 ((1 ((2 3 )(((4 5 )(6 7 ))(9 (8 (10 (11 12 )))))))(((13 14 )((15 16 )(17 (18 (19 ((20 21 )((22 23 )(24 25 ))))))))((39 ((26 (27 (28 (29 30 ))))(31 ((32 33 )((34 35 )(36 (37 38 )))))))((40 41 )(42 (43 ((44 45 )(46 47 ))))))))); 
ttag *!; 
ttag +0 ////; 
ttag +1 ////; 
ttag +2 ////; 
ttag +3 ////; 
ttag +4 ////; 
ttag +5 ////; 
ttag +6 ////; 
ttag +7 ////; 
ttag +8 ////; 
ttag +9 ////; 
ttag +10 ////; 
ttag +11 ////; 
ttag +12 ////; 
ttag +13 ////; 
ttag +14 ////; 
ttag +15 ////; 
ttag +16 ////; 
ttag +17 ////; 
ttag +18 ////; 
ttag +19 ////; 
ttag +20 ////; 
ttag +21 ////; 
ttag +22 ////; 
ttag +23 ////; 
ttag +24 ////; 
ttag +25 ////; 
ttag +26 ////; 
ttag +27 ////; 
ttag +28 ////; 
ttag +29 ////; 
ttag +30 ////; 
ttag +31 ////; 
ttag +32 ////; 
ttag +33 ////; 
ttag +34 ////; 
ttag +35 ////; 
ttag +36 ////; 
ttag +37 ////; 
ttag +38 ////; 
ttag +39 ////; 
ttag +40 ////; 
ttag +41 ////; 
ttag +42 ////; 
ttag +43 ////; 
ttag +44 ////; 
ttag +45 ////; 
ttag +46 ////; 
ttag +47 ////; 
ttag +48 ////; 
ttag +49 70/66/62/73/59; 
ttag +50 100/100/100/100/100; 
ttag +51 98/97/94/97/95; 
ttag +52 93/90/87/94/86; 
ttag +53 98/98/95/99/98; 
ttag +54 43/18/12/17/?; 
ttag +55 85/84/76/85/71; 
ttag +56 75/63/61/62/62; 
ttag +57 27/[8]/?/?/?; 
ttag +58 60/55/46/57/48; 
ttag +59 68/58/46/54/42; 
ttag +60 96/94/92/96/92; 
ttag +61 100/100/100/100/99; 
ttag +62 22/6/?/0/3; 
ttag +63 38/23/27/30/18; 
ttag +64 100/100/100/99/100; 
ttag +65 97/96/92/97/96; 
ttag +66 73/67/59/73/68; 
ttag +67 77/74/65/76/63; 
ttag +68 64/62/48/64/49; 
ttag +69 100/100/100/99/100; 
ttag +70 87/85/72/89/77; 
ttag +71 100/100/99/99/99; 
ttag +72 92/90/81/94/80; 
ttag +73 98/98/94/98/91; 
ttag +74 97/96/87/96/92; 
ttag +75 74/69/56/68/54; 
ttag +76 68/61/56/59/49; 
ttag +77 100/100/100/100/100; 
ttag +78 54/40/41/45/27; 
ttag +79 68/61/48/65/50; 
ttag +80 100/100/100/100/100; 
ttag +81 98/97/94/98/94; 
ttag +82 100/100/99/100/100; 
ttag +83 100/100/99/100/99; 
ttag +84 54/45/28/43/30; 
ttag +85 74/74/67/70/62; 
ttag +86 98/98/98/99/97; 
ttag +87 95/94/86/92/76; 
ttag +88 74/66/59/63/62; 
ttag +89 71/54/46/54/41; 
ttag +90 100/100/99/100/100; 
ttag +91 94/94/94/98/92; 
ttag +92 99/98/94/100/98; 
ttag +93 97/96/88/96/94; 
ttag +94 66/50/51/54/47; 
