tread
'Tree with tags' 
(0 ((1 ((26 (27 (28 (29 30 ))))(39 ((31 (((32 33 )(36 (37 38 )))(34 35 )))((40 41 )(42 (43 ((44 45 )(46 47 )))))))))((((2 3 )(((4 5 )(6 7 ))(8 (9 (10 (11 12 ))))))((15 16 )(17 (18 (19 ((20 21 )((22 23 )(24 25 ))))))))(13 14 )))); 
ttag *!; 
ttag +49 1; 
ttag +50 ???; 
ttag +51 7; 
ttag +52 10; 
ttag +53 2; 
ttag +54 1; 
ttag +55 7; 
ttag +56 5; 
ttag +57 5; 
ttag +58 3; 
ttag +59 2; 
ttag +60 1; 
ttag +61 6; 
ttag +62 9; 
ttag +63 11; 
ttag +64 7; 
ttag +65 4; 
ttag +66 1; 
ttag +67 4; 
ttag +68 2; 
ttag +69 5; 
ttag +70 8; 
ttag +71 9; 
ttag +72 3; 
ttag +73 4; 
ttag +74 7; 
ttag +75 8; 
ttag +76 2; 
ttag +77 4; 
ttag +78 9; 
ttag +79 8; 
ttag +80 1; 
ttag +81 6; 
ttag +82 10; 
ttag +83 1; 
ttag +84 5; 
ttag +85 5; 
ttag +86 9; 
ttag +87 6; 
ttag +88 2; 
ttag +89 5; 
ttag +90 9; 
ttag +91 1; 
ttag +92 5; 
ttag +93 6; 
ttag +94 4; 
tread
'Tree with tags' 
(0 ((1 ((26 (27 (28 (29 30 ))))(39 ((31 (((32 33 )(36 (37 38 )))(34 35 )))((40 41 )(42 (43 ((44 45 )(46 47 )))))))))((((2 3 )(((4 5 )(6 7 ))(8 (9 (10 (11 12 ))))))((15 16 )(17 (18 (19 ((20 21 )((22 23 )(24 25 ))))))))(13 14 )))); 
ttag *!; 
ttag +0 ////; 
ttag +1 ////; 
ttag +2 ////; 
ttag +3 ////; 
ttag +4 ////; 
ttag +5 ////; 
ttag +6 ////; 
ttag +7 ////; 
ttag +8 ////; 
ttag +9 ////; 
ttag +10 ////; 
ttag +11 ////; 
ttag +12 ////; 
ttag +13 ////; 
ttag +14 ////; 
ttag +15 ////; 
ttag +16 ////; 
ttag +17 ////; 
ttag +18 ////; 
ttag +19 ////; 
ttag +20 ////; 
ttag +21 ////; 
ttag +22 ////; 
ttag +23 ////; 
ttag +24 ////; 
ttag +25 ////; 
ttag +26 ////; 
ttag +27 ////; 
ttag +28 ////; 
ttag +29 ////; 
ttag +30 ////; 
ttag +31 ////; 
ttag +32 ////; 
ttag +33 ////; 
ttag +34 ////; 
ttag +35 ////; 
ttag +36 ////; 
ttag +37 ////; 
ttag +38 ////; 
ttag +39 ////; 
ttag +40 ////; 
ttag +41 ////; 
ttag +42 ////; 
ttag +43 ////; 
ttag +44 ////; 
ttag +45 ////; 
ttag +46 ////; 
ttag +47 ////; 
ttag +48 ////; 
ttag +49 48/24/3/26/19; 
ttag +50 100/100/100/100/100; 
ttag +51 99/99/96/100/98; 
ttag +52 99/99/99/99/97; 
ttag +53 60/54/43/52/45; 
ttag +54 23/0/?/5/?; 
ttag +55 100/100/96/97/98; 
ttag +56 94/93/86/93/85; 
ttag +57 94/91/81/92/85; 
ttag +58 82/78/67/81/68; 
ttag +59 48/32/20/42/19; 
ttag +60 33/18/8/22/9; 
ttag +61 95/94/88/91/88; 
ttag +62 99/99/99/99/98; 
ttag +63 100/100/99/100/100; 
ttag +64 98/98/98/100/97; 
ttag +65 89/86/86/91/80; 
ttag +66 56/37/39/46/38; 
ttag +67 95/94/88/90/82; 
ttag +68 77/67/56/66/59; 
ttag +69 99/99/100/100/99; 
ttag +70 99/99/97/100/97; 
ttag +71 100/100/99/99/100; 
ttag +72 91/88/78/81/72; 
ttag +73 94/92/94/96/87; 
ttag +74 98/98/94/98/92; 
ttag +75 97/97/92/98/92; 
ttag +76 77/72/68/72/65; 
ttag +77 91/88/77/86/82; 
ttag +78 100/100/100/99/100; 
ttag +79 100/100/100/99/98; 
ttag +80 48/31/17/38/20; 
ttag +81 94/93/88/96/84; 
ttag +82 100/100/100/100/100; 
ttag +83 60/46/42/50/42; 
ttag +84 96/96/95/98/93; 
ttag +85 100/100/99/99/99; 
ttag +86 99/99/98/100/99; 
ttag +87 100/100/99/100/98; 
ttag +88 74/65/56/67/53; 
ttag +89 86/80/82/84/76; 
ttag +90 99/99/99/100/98; 
ttag +91 58/40/40/40/32; 
ttag +92 96/94/88/94/84; 
ttag +93 95/94/88/92/89; 
ttag +94 98/98/98/98/93; 
