tread
'Tree with tags' 
(0 (1 ((2 3 )(((4 5 )(6 7 ))((8 9 )(10 (11 12 )))))((13 14 )((15 16 )(17 (18 (19 ((20 21 )((22 23 )(24 25 )))))))((26 27 (28 (29 30 )))(39 (31 ((32 33 )(34 35 (36 (37 38 )))))((40 41 )(42 (43 ((44 45 )(46 47 )))))))))); 
ttag *!; 
ttag +49 ???; 
ttag +50 5; 
ttag +51 2; 
ttag +52 5; 
ttag +53 8; 
ttag +54 3; 
ttag +55 4; 
ttag +56 2; 
ttag +57 1; 
ttag +58 9; 
ttag +59 5; 
ttag +60 9; 
ttag +61 1; 
ttag +62 7; 
ttag +63 7; 
ttag +64 1; 
ttag +65 2; 
ttag +66 2; 
ttag +67 7; 
ttag +68 2; 
ttag +69 7; 
ttag +70 8; 
ttag +71 2; 
ttag +72 6; 
ttag +73 4; 
ttag +74 8; 
ttag +75 9; 
ttag +76 8; 
ttag +77 4; 
ttag +78 6; 
ttag +79 1; 
ttag +80 1; 
ttag +81 10; 
ttag +82 4; 
ttag +83 5; 
ttag +84 8; 
ttag +85 10; 
ttag +86 6; 
ttag +87 10; 
ttag +88 5; 
ttag +89 2; 
tread
'Tree with tags' 
(0 ((1 ((2 3 )(((4 5 )(6 7 ))((8 9 )(10 (11 12 ))))))((13 14 )(((15 16 )(17 (18 (19 ((20 21 )((22 23 )(24 25 )))))))((27 (26 (28 (29 30 ))))((39 (31 ((32 33 )(34 (35 (36 (37 38 )))))))((40 41 )(42 (43 ((44 45 )(46 47 ))))))))))); 
ttag *!; 
ttag +0 ////; 
ttag +1 ////; 
ttag +2 ////; 
ttag +3 ////; 
ttag +4 ////; 
ttag +5 ////; 
ttag +6 ////; 
ttag +7 ////; 
ttag +8 ////; 
ttag +9 ////; 
ttag +10 ////; 
ttag +11 ////; 
ttag +12 ////; 
ttag +13 ////; 
ttag +14 ////; 
ttag +15 ////; 
ttag +16 ////; 
ttag +17 ////; 
ttag +18 ////; 
ttag +19 ////; 
ttag +20 ////; 
ttag +21 ////; 
ttag +22 ////; 
ttag +23 ////; 
ttag +24 ////; 
ttag +25 ////; 
ttag +26 ////; 
ttag +27 ////; 
ttag +28 ////; 
ttag +29 ////; 
ttag +30 ////; 
ttag +31 ////; 
ttag +32 ////; 
ttag +33 ////; 
ttag +34 ////; 
ttag +35 ////; 
ttag +36 ////; 
ttag +37 ////; 
ttag +38 ////; 
ttag +39 ////; 
ttag +40 ////; 
ttag +41 ////; 
ttag +42 ////; 
ttag +43 ////; 
ttag +44 ////; 
ttag +45 ////; 
ttag +46 ////; 
ttag +47 ////; 
ttag +48 ////; 
ttag +49 36/20/8/1/6; 
ttag +50 100/100/100/100/100; 
ttag +51 98/98/96/99/99; 
ttag +52 64/54/55/72/61; 
ttag +53 94/91/86/92/80; 
ttag +54 96/94/92/98/91; 
ttag +55 76/70/62/71/67; 
ttag +56 95/94/88/96/92; 
ttag +57 78/76/69/76/71; 
ttag +58 50/42/36/38/36; 
ttag +59 99/99/96/99/96; 
ttag +60 82/73/73/68/71; 
ttag +61 100/100/99/100/98; 
ttag +62 49/37/33/34/28; 
ttag +63 99/99/100/100/99; 
ttag +64 96/94/91/95/90; 
ttag +65 21/4/4/4/?; 
ttag +66 46/14/20/28/17; 
ttag +67 66/55/46/56/41; 
ttag +68 52/45/29/52/35; 
ttag +69 99/99/100/100/99; 
ttag +70 66/60/56/64/54; 
ttag +71 99/99/98/99/98; 
ttag +72 99/99/100/100/98; 
ttag +73 79/72/62/72/61; 
ttag +74 35/[9]/?/?/?; 
ttag +75 98/97/92/98/93; 
ttag +76 91/86/74/93/77; 
ttag +77 98/96/94/98/89; 
ttag +78 100/100/100/100/100; 
ttag +79 99/99/97/100/97; 
ttag +80 54/40/28/46/43; 
ttag +81 94/93/87/95/88; 
ttag +82 99/99/98/100/98; 
ttag +83 82/77/71/77/71; 
ttag +84 60/54/32/47/37; 
ttag +85 40/9/?/?/?; 
ttag +86 100/100/100/100/100; 
ttag +87 95/93/85/96/90; 
ttag +88 99/99/99/99/98; 
ttag +89 100/100/98/99/98; 
ttag +90 100/100/98/100/99; 
ttag +91 98/97/96/98/96; 
ttag +92 100/100/100/99/100; 
ttag +93 96/94/96/94/89; 
ttag +94 81/71/49/68/56; 
