tread
'Tree with tags' 
(0 ((1 ((2 3 )(8 9 ((4 5 )(6 7 ))(10 (11 12 )))))((13 14 )(17 (15 16 )(18 (19 ((20 21 )(25 (24 (22 23 )))))))((26 27 (28 (29 30 )))(39 (31 (((32 33 )(34 35 ))(36 (37 38 ))))((40 41 )(42 (43 ((44 45 )(46 47 )))))))))); 
ttag *!; 
ttag +49 1; 
ttag +50 ???; 
ttag +51 5; 
ttag +52 6; 
ttag +53 9; 
ttag +54 7; 
ttag +55 3; 
ttag +56 1; 
ttag +57 3; 
ttag +58 8; 
ttag +59 6; 
ttag +60 2; 
ttag +61 9; 
ttag +62 4; 
ttag +63 2; 
ttag +64 4; 
ttag +65 12; 
ttag +66 4; 
ttag +67 13; 
ttag +68 1; 
ttag +69 3; 
ttag +70 3; 
ttag +71 3; 
ttag +72 3; 
ttag +73 6; 
ttag +74 2; 
ttag +75 9; 
ttag +76 4; 
ttag +77 1; 
ttag +78 2; 
ttag +79 5; 
ttag +80 8; 
ttag +81 9; 
ttag +82 2; 
ttag +83 6; 
ttag +84 12; 
ttag +85 4; 
ttag +86 8; 
ttag +87 9; 
ttag +88 6; 
tread
'Tree with tags' 
(0 ((1 ((2 3 )((9 (8 ((4 5 )(6 7 ))))(10 (11 12 )))))((13 14 )(((17 (15 16 ))(18 (19 ((20 21 )(25 (24 (22 23 )))))))(((26 27 )(28 (29 30 )))((31 (((32 33 )(34 35 ))(36 (37 38 ))))(39 ((40 41 )(42 (43 ((44 45 )(46 47 )))))))))))); 
ttag *!; 
ttag +0 ////; 
ttag +1 ////; 
ttag +2 ////; 
ttag +3 ////; 
ttag +4 ////; 
ttag +5 ////; 
ttag +6 ////; 
ttag +7 ////; 
ttag +8 ////; 
ttag +9 ////; 
ttag +10 ////; 
ttag +11 ////; 
ttag +12 ////; 
ttag +13 ////; 
ttag +14 ////; 
ttag +15 ////; 
ttag +16 ////; 
ttag +17 ////; 
ttag +18 ////; 
ttag +19 ////; 
ttag +20 ////; 
ttag +21 ////; 
ttag +22 ////; 
ttag +23 ////; 
ttag +24 ////; 
ttag +25 ////; 
ttag +26 ////; 
ttag +27 ////; 
ttag +28 ////; 
ttag +29 ////; 
ttag +30 ////; 
ttag +31 ////; 
ttag +32 ////; 
ttag +33 ////; 
ttag +34 ////; 
ttag +35 ////; 
ttag +36 ////; 
ttag +37 ////; 
ttag +38 ////; 
ttag +39 ////; 
ttag +40 ////; 
ttag +41 ////; 
ttag +42 ////; 
ttag +43 ////; 
ttag +44 ////; 
ttag +45 ////; 
ttag +46 ////; 
ttag +47 ////; 
ttag +48 ////; 
ttag +49 42/29/26/44/34; 
ttag +50 100/100/100/100/100; 
ttag +51 98/98/96/99/95; 
ttag +52 97/96/87/96/90; 
ttag +53 100/100/99/100/100; 
ttag +54 95/93/86/94/88; 
ttag +55 13/0/0/?/3; 
ttag +56 22/3/?/?/?; 
ttag +57 49/23/14/30/22; 
ttag +58 62/37/32/51/35; 
ttag +59 57/32/20/33/26; 
ttag +60 100/100/100/100/99; 
ttag +61 99/99/95/97/90; 
ttag +62 72/68/56/76/64; 
ttag +63 99/99/97/98/98; 
ttag +64 20/[28]/?/?/?; 
ttag +65 94/92/81/88/78; 
ttag +66 26/0/7/8/?; 
ttag +67 74/62/47/69/50; 
ttag +68 95/94/78/90/82; 
ttag +69 100/100/100/100/100; 
ttag +70 91/89/78/89/83; 
ttag +71 100/100/100/100/100; 
ttag +72 53/21/13/28/10; 
ttag +73 88/81/74/90/72; 
ttag +74 32/[5]/?/?/?; 
ttag +75 84/80/73/80/68; 
ttag +76 89/86/77/86/80; 
ttag +77 94/91/86/85/81; 
ttag +78 100/100/99/99/98; 
ttag +79 68/53/36/56/46; 
ttag +80 100/100/98/99/98; 
ttag +81 92/90/83/92/88; 
ttag +82 34/9/1/14/7; 
ttag +83 76/68/63/74/61; 
ttag +84 98/98/89/94/93; 
ttag +85 99/99/97/100/97; 
ttag +86 99/99/100/100/98; 
ttag +87 2/[12]/?/?/?; 
ttag +88 78/72/70/72/72; 
ttag +89 94/94/80/93/81; 
ttag +90 99/98/99/100/98; 
ttag +91 96/96/89/96/90; 
ttag +92 100/100/99/100/100; 
ttag +93 100/100/98/100/97; 
ttag +94 100/100/98/100/96; 
