tread
'Tree with tags' 
(0 (1 (((2 3 )(10 ((((4 5 )(6 7 ))(11 12 ))(8 9 ))))((26 27 (28 (29 30 )))((39 (31 (((32 33 )(36 (37 38 )))(34 35 ))))((40 41 )(42 (43 ((44 45 )(46 47 ))))))))(13 14 )((15 16 )(17 (18 (19 ((20 21 )(24 25 (22 23 ))))))))); 
ttag *!; 
ttag +49 ???; 
ttag +50 1; 
ttag +51 11; 
ttag +52 2; 
ttag +53 6; 
ttag +54 10; 
ttag +55 1; 
ttag +56 1; 
ttag +57 5; 
ttag +58 4; 
ttag +59 2; 
ttag +60 9; 
ttag +61 10; 
ttag +62 7; 
ttag +63 5; 
ttag +64 1; 
ttag +65 7; 
ttag +66 6; 
ttag +67 10; 
ttag +68 5; 
ttag +69 7; 
ttag +70 3; 
ttag +71 5; 
ttag +72 4; 
ttag +73 5; 
ttag +74 8; 
ttag +75 8; 
ttag +76 1; 
ttag +77 2; 
ttag +78 9; 
ttag +79 1; 
ttag +80 3; 
ttag +81 1; 
ttag +82 12; 
ttag +83 8; 
ttag +84 5; 
ttag +85 6; 
ttag +86 4; 
ttag +87 4; 
ttag +88 4; 
ttag +89 3; 
ttag +90 3; 
tread
'Tree with tags' 
(0 ((1 ((((2 3 )(10 ((((4 5 )(6 7 ))(11 12 ))(8 9 ))))((27 (26 (28 (29 30 ))))((39 (31 (((32 33 )(36 (37 38 )))(34 35 ))))((40 41 )(42 (43 ((44 45 )(46 47 ))))))))(13 14 )))((15 16 )(17 (18 (19 ((20 21 )((22 23 )(24 25 ))))))))); 
ttag *!; 
ttag +0 ////; 
ttag +1 ////; 
ttag +2 ////; 
ttag +3 ////; 
ttag +4 ////; 
ttag +5 ////; 
ttag +6 ////; 
ttag +7 ////; 
ttag +8 ////; 
ttag +9 ////; 
ttag +10 ////; 
ttag +11 ////; 
ttag +12 ////; 
ttag +13 ////; 
ttag +14 ////; 
ttag +15 ////; 
ttag +16 ////; 
ttag +17 ////; 
ttag +18 ////; 
ttag +19 ////; 
ttag +20 ////; 
ttag +21 ////; 
ttag +22 ////; 
ttag +23 ////; 
ttag +24 ////; 
ttag +25 ////; 
ttag +26 ////; 
ttag +27 ////; 
ttag +28 ////; 
ttag +29 ////; 
ttag +30 ////; 
ttag +31 ////; 
ttag +32 ////; 
ttag +33 ////; 
ttag +34 ////; 
ttag +35 ////; 
ttag +36 ////; 
ttag +37 ////; 
ttag +38 ////; 
ttag +39 ////; 
ttag +40 ////; 
ttag +41 ////; 
ttag +42 ////; 
ttag +43 ////; 
ttag +44 ////; 
ttag +45 ////; 
ttag +46 ////; 
ttag +47 ////; 
ttag +48 ////; 
ttag +49 28/0/2/?/?; 
ttag +50 100/100/100/100/100; 
ttag +51 76/71/58/65/61; 
ttag +52 99/99/99/99/98; 
ttag +53 45/23/16/30/26; 
ttag +54 5/[23]/?/?/?; 
ttag +55 97/97/94/98/96; 
ttag +56 99/99/98/100/97; 
ttag +57 39/21/17/28/26; 
ttag +58 22/0/7/16/?; 
ttag +59 80/72/70/84/80; 
ttag +60 94/92/82/92/80; 
ttag +61 57/44/48/59/36; 
ttag +62 100/100/100/100/99; 
ttag +63 100/100/100/100/100; 
ttag +64 100/100/100/100/99; 
ttag +65 87/83/74/86/81; 
ttag +66 66/53/48/52/45; 
ttag +67 97/97/95/96/96; 
ttag +68 99/99/97/98/98; 
ttag +69 100/100/100/100/100; 
ttag +70 98/98/96/98/95; 
ttag +71 100/100/100/99/98; 
ttag +72 92/90/83/94/86; 
ttag +73 40/[4]/4/?/?; 
ttag +74 44/14/2/20/20; 
ttag +75 96/95/92/93/89; 
ttag +76 90/87/87/92/83; 
ttag +77 90/87/78/82/78; 
ttag +78 99/99/98/100/98; 
ttag +79 99/99/96/98/94; 
ttag +80 28/5/?/1/?; 
ttag +81 60/52/46/56/51; 
ttag +82 100/100/100/100/99; 
ttag +83 34/20/4/16/2; 
ttag +84 79/68/57/64/58; 
ttag +85 77/76/70/72/68; 
ttag +86 100/100/100/100/100; 
ttag +87 100/100/98/99/100; 
ttag +88 98/98/93/96/91; 
ttag +89 95/93/90/94/87; 
ttag +90 96/96/89/92/86; 
ttag +91 84/79/78/87/76; 
ttag +92 88/84/82/84/72; 
ttag +93 84/79/76/78/68; 
ttag +94 88/85/82/90/80; 
