tread
'Tree with tags' 
(0 ((1 (((2 3 )(6 (7 (4 5 ))))((8 9 )(10 (11 12 )))))((13 14 )((15 16 )(17 (18 (19 ((20 21 )((22 23 )(24 25 )))))))((26 (27 (28 (29 30 ))))(39 (31 ((32 33 )(34 35 )(36 (37 38 ))))((40 41 )(42 (43 ((44 45 )(46 47 )))))))))); 
ttag *!; 
ttag +49 2; 
ttag +50 ???; 
ttag +51 8; 
ttag +52 1; 
ttag +53 5; 
ttag +54 7; 
ttag +55 1; 
ttag +56 3; 
ttag +57 3; 
ttag +58 2; 
ttag +59 7; 
ttag +60 10; 
ttag +61 4; 
ttag +62 1; 
ttag +63 14; 
ttag +64 7; 
ttag +65 1; 
ttag +66 3; 
ttag +67 2; 
ttag +68 7; 
ttag +69 6; 
ttag +70 11; 
ttag +71 8; 
ttag +72 3; 
ttag +73 6; 
ttag +74 7; 
ttag +75 5; 
ttag +76 3; 
ttag +77 12; 
ttag +78 8; 
ttag +79 5; 
ttag +80 6; 
ttag +81 1; 
ttag +82 1; 
ttag +83 7; 
ttag +84 9; 
ttag +85 5; 
ttag +86 6; 
ttag +87 4; 
ttag +88 3; 
ttag +89 8; 
ttag +90 7; 
ttag +91 5; 
tread
'Tree with tags' 
(0 ((1 (((2 3 )(6 (7 (4 5 ))))((8 9 )(10 (11 12 )))))(((13 14 )((26 (27 (28 (29 30 ))))(39 ((31 ((32 33 )((34 35 )(36 (37 38 )))))((40 41 )(42 (43 ((44 45 )(46 47 )))))))))((15 16 )(17 (18 (19 ((20 21 )((22 23 )(24 25 )))))))))); 
ttag *!; 
ttag +0 ////; 
ttag +1 ////; 
ttag +2 ////; 
ttag +3 ////; 
ttag +4 ////; 
ttag +5 ////; 
ttag +6 ////; 
ttag +7 ////; 
ttag +8 ////; 
ttag +9 ////; 
ttag +10 ////; 
ttag +11 ////; 
ttag +12 ////; 
ttag +13 ////; 
ttag +14 ////; 
ttag +15 ////; 
ttag +16 ////; 
ttag +17 ////; 
ttag +18 ////; 
ttag +19 ////; 
ttag +20 ////; 
ttag +21 ////; 
ttag +22 ////; 
ttag +23 ////; 
ttag +24 ////; 
ttag +25 ////; 
ttag +26 ////; 
ttag +27 ////; 
ttag +28 ////; 
ttag +29 ////; 
ttag +30 ////; 
ttag +31 ////; 
ttag +32 ////; 
ttag +33 ////; 
ttag +34 ////; 
ttag +35 ////; 
ttag +36 ////; 
ttag +37 ////; 
ttag +38 ////; 
ttag +39 ////; 
ttag +40 ////; 
ttag +41 ////; 
ttag +42 ////; 
ttag +43 ////; 
ttag +44 ////; 
ttag +45 ////; 
ttag +46 ////; 
ttag +47 ////; 
ttag +48 ////; 
ttag +49 50/34/30/36/21; 
ttag +50 100/100/100/100/100; 
ttag +51 100/100/99/100/99; 
ttag +52 38/7/?/18/13; 
ttag +53 92/91/77/87/79; 
ttag +54 100/100/100/100/99; 
ttag +55 32/4/?/18/4; 
ttag +56 81/76/80/85/81; 
ttag +57 64/57/50/70/50; 
ttag +58 52/43/36/41/31; 
ttag +59 98/98/93/98/94; 
ttag +60 100/100/100/100/100; 
ttag +61 97/96/96/96/97; 
ttag +62 22/3/7/4/4; 
ttag +63 38/22/13/20/8; 
ttag +64 100/100/100/100/100; 
ttag +65 98/98/96/100/97; 
ttag +66 53/47/28/39/24; 
ttag +67 86/81/60/81/61; 
ttag +68 80/74/66/76/61; 
ttag +69 100/100/100/100/100; 
ttag +70 99/98/92/99/94; 
ttag +71 100/100/100/100/99; 
ttag +72 98/98/95/98/94; 
ttag +73 78/74/54/78/66; 
ttag +74 99/98/96/99/96; 
ttag +75 98/97/89/98/92; 
ttag +76 93/92/88/96/88; 
ttag +77 95/95/94/97/94; 
ttag +78 100/100/100/100/100; 
ttag +79 100/100/98/100/99; 
ttag +80 23/[5]/0/?/?; 
ttag +81 95/94/84/88/84; 
ttag +82 97/97/96/99/92; 
ttag +83 53/44/37/41/40; 
ttag +84 53/37/34/45/34; 
ttag +85 10/2/4/?/3; 
ttag +86 98/98/96/99/96; 
ttag +87 100/100/99/100/99; 
ttag +88 97/97/94/95/85; 
ttag +89 97/96/91/99/90; 
ttag +90 91/90/85/86/80; 
ttag +91 79/74/73/76/61; 
ttag +92 100/100/100/99/100; 
ttag +93 98/98/96/100/96; 
ttag +94 97/96/94/98/92; 
