tread
'Tree with tags' 
(0 ((1 (17 (15 16 )((18 19 )((20 21 )((22 23 )(24 25 ))))))((2 3 )(((4 5 )(6 7 ))(8 (9 (10 (11 12 ))))))(13 14 )((26 (27 (28 (29 30 ))))((31 ((32 33 )(34 (35 (36 (37 38 ))))))(39 ((40 41 )(42 (43 (46 47 (44 45 )))))))))); 
ttag *!; 
ttag +49 1; 
ttag +50 ???; 
ttag +51 3; 
ttag +52 10; 
ttag +53 5; 
ttag +54 2; 
ttag +55 4; 
ttag +56 2; 
ttag +57 4; 
ttag +58 1; 
ttag +59 9; 
ttag +60 9; 
ttag +61 3; 
ttag +62 15; 
ttag +63 7; 
ttag +64 2; 
ttag +65 2; 
ttag +66 8; 
ttag +67 5; 
ttag +68 13; 
ttag +69 5; 
ttag +70 4; 
ttag +71 7; 
ttag +72 6; 
ttag +73 3; 
ttag +74 3; 
ttag +75 10; 
ttag +76 7; 
ttag +77 7; 
ttag +78 7; 
ttag +79 5; 
ttag +80 1; 
ttag +81 1; 
ttag +82 12; 
ttag +83 11; 
ttag +84 1; 
ttag +85 7; 
ttag +86 6; 
ttag +87 5; 
ttag +88 5; 
ttag +89 8; 
ttag +90 2; 
tread
'Tree with tags' 
(0 ((((1 ((17 (15 16 ))((18 19 )((20 21 )((22 23 )(24 25 ))))))((2 3 )(((4 5 )(6 7 ))(8 (9 (10 (11 12 )))))))(13 14 ))((26 (27 (28 (29 30 ))))((31 ((32 33 )(34 (35 (36 (37 38 ))))))(39 ((40 41 )(42 (43 (46 (47 (44 45 ))))))))))); 
ttag *!; 
ttag +0 ////; 
ttag +1 ////; 
ttag +2 ////; 
ttag +3 ////; 
ttag +4 ////; 
ttag +5 ////; 
ttag +6 ////; 
ttag +7 ////; 
ttag +8 ////; 
ttag +9 ////; 
ttag +10 ////; 
ttag +11 ////; 
ttag +12 ////; 
ttag +13 ////; 
ttag +14 ////; 
ttag +15 ////; 
ttag +16 ////; 
ttag +17 ////; 
ttag +18 ////; 
ttag +19 ////; 
ttag +20 ////; 
ttag +21 ////; 
ttag +22 ////; 
ttag +23 ////; 
ttag +24 ////; 
ttag +25 ////; 
ttag +26 ////; 
ttag +27 ////; 
ttag +28 ////; 
ttag +29 ////; 
ttag +30 ////; 
ttag +31 ////; 
ttag +32 ////; 
ttag +33 ////; 
ttag +34 ////; 
ttag +35 ////; 
ttag +36 ////; 
ttag +37 ////; 
ttag +38 ////; 
ttag +39 ////; 
ttag +40 ////; 
ttag +41 ////; 
ttag +42 ////; 
ttag +43 ////; 
ttag +44 ////; 
ttag +45 ////; 
ttag +46 ////; 
ttag +47 ////; 
ttag +48 ////; 
ttag +49 36/20/2/5/9; 
ttag +50 28/4/10/?/13; 
ttag +51 38/24/22/27/25; 
ttag +52 100/100/100/100/100; 
ttag +53 92/88/81/87/82; 
ttag +54 99/99/100/100/100; 
ttag +55 99/99/98/99/97; 
ttag +56 80/71/66/87/70; 
ttag +57 89/84/79/90/74; 
ttag +58 72/60/36/53/42; 
ttag +59 94/93/82/92/84; 
ttag +60 65/51/24/52/34; 
ttag +61 99/99/98/99/98; 
ttag +62 100/100/99/100/100; 
ttag +63 96/95/94/96/92; 
ttag +64 100/100/100/100/100; 
ttag +65 30/5/7/1/7; 
ttag +66 98/98/91/99/95; 
ttag +67 72/67/58/74/58; 
ttag +68 78/77/68/74/72; 
ttag +69 100/100/100/100/99; 
ttag +70 95/94/88/97/89; 
ttag +71 100/100/99/100/100; 
ttag +72 97/96/92/96/91; 
ttag +73 95/92/77/91/82; 
ttag +74 99/98/98/99/99; 
ttag +75 98/96/90/97/94; 
ttag +76 84/79/71/84/74; 
ttag +77 82/74/62/75/72; 
ttag +78 99/98/96/99/98; 
ttag +79 99/99/96/98/94; 
ttag +80 99/99/94/99/95; 
ttag +81 100/100/99/100/98; 
ttag +82 97/96/93/96/92; 
ttag +83 56/40/37/31/32; 
ttag +84 48/24/24/26/23; 
ttag +85 100/100/100/100/99; 
ttag +86 100/100/99/100/100; 
ttag +87 65/42/34/40/45; 
ttag +88 98/98/97/99/97; 
ttag +89 96/94/93/96/90; 
ttag +90 99/99/95/98/98; 
ttag +91 98/98/98/98/96; 
ttag +92 99/99/98/99/98; 
ttag +93 24/[14]/?/?/?; 
ttag +94 76/66/56/66/58; 
