tread
'Tree with tags' 
(0 ((1 ((2 3 )(((4 5 )(6 7 ))(8 9 (10 (11 12 ))))))(((13 14 )((15 16 )(17 (18 19 ((20 21 )((22 23 )(24 25 )))))))((26 27 (28 (29 30 )))((31 ((32 33 )((34 35 )(36 (37 38 )))))(39 ((40 41 )(42 (43 (47 (46 (44 45 )))))))))))); 
ttag *!; 
ttag +49 1; 
ttag +50 ???; 
ttag +51 10; 
ttag +52 8; 
ttag +53 6; 
ttag +54 8; 
ttag +55 2; 
ttag +56 1; 
ttag +57 1; 
ttag +58 8; 
ttag +59 9; 
ttag +60 9; 
ttag +61 1; 
ttag +62 1; 
ttag +63 8; 
ttag +64 6; 
ttag +65 2; 
ttag +66 7; 
ttag +67 10; 
ttag +68 6; 
ttag +69 5; 
ttag +70 3; 
ttag +71 4; 
ttag +72 8; 
ttag +73 10; 
ttag +74 3; 
ttag +75 10; 
ttag +76 3; 
ttag +77 7; 
ttag +78 9; 
ttag +79 3; 
ttag +80 8; 
ttag +81 3; 
ttag +82 10; 
ttag +83 3; 
ttag +84 2; 
ttag +85 7; 
ttag +86 4; 
ttag +87 5; 
ttag +88 4; 
ttag +89 6; 
ttag +90 2; 
ttag +91 6; 
tread
'Tree with tags' 
(0 ((1 ((2 3 )(((4 5 )(6 7 ))(8 (9 (10 (11 12 )))))))(((13 14 )((15 16 )(17 ((18 19 )((20 21 )((22 23 )(24 25 )))))))(((26 27 )(28 (29 30 )))((31 ((32 33 )((34 35 )(36 (37 38 )))))(39 ((40 41 )(42 (43 (47 (46 (44 45 )))))))))))); 
ttag *!; 
ttag +0 ////; 
ttag +1 ////; 
ttag +2 ////; 
ttag +3 ////; 
ttag +4 ////; 
ttag +5 ////; 
ttag +6 ////; 
ttag +7 ////; 
ttag +8 ////; 
ttag +9 ////; 
ttag +10 ////; 
ttag +11 ////; 
ttag +12 ////; 
ttag +13 ////; 
ttag +14 ////; 
ttag +15 ////; 
ttag +16 ////; 
ttag +17 ////; 
ttag +18 ////; 
ttag +19 ////; 
ttag +20 ////; 
ttag +21 ////; 
ttag +22 ////; 
ttag +23 ////; 
ttag +24 ////; 
ttag +25 ////; 
ttag +26 ////; 
ttag +27 ////; 
ttag +28 ////; 
ttag +29 ////; 
ttag +30 ////; 
ttag +31 ////; 
ttag +32 ////; 
ttag +33 ////; 
ttag +34 ////; 
ttag +35 ////; 
ttag +36 ////; 
ttag +37 ////; 
ttag +38 ////; 
ttag +39 ////; 
ttag +40 ////; 
ttag +41 ////; 
ttag +42 ////; 
ttag +43 ////; 
ttag +44 ////; 
ttag +45 ////; 
ttag +46 ////; 
ttag +47 ////; 
ttag +48 ////; 
ttag +49 27/7/7/15/4; 
ttag +50 100/100/100/100/100; 
ttag +51 100/100/99/100/100; 
ttag +52 99/99/99/99/98; 
ttag +53 98/98/94/98/98; 
ttag +54 96/96/93/100/93; 
ttag +55 60/49/45/58/37; 
ttag +56 66/50/37/46/36; 
ttag +57 54/44/41/48/32; 
ttag +58 22/[12]/?/?/?; 
ttag +59 98/96/93/99/88; 
ttag +60 100/100/98/100/99; 
ttag +61 100/100/99/100/100; 
ttag +62 41/8/?/10/2; 
ttag +63 44/24/24/33/21; 
ttag +64 100/100/99/100/98; 
ttag +65 96/94/93/97/92; 
ttag +66 72/61/58/67/62; 
ttag +67 21/[2]/1/1/4; 
ttag +68 97/97/94/99/96; 
ttag +69 100/100/100/100/100; 
ttag +70 98/98/95/97/93; 
ttag +71 98/97/93/92/89; 
ttag +72 83/81/67/82/67; 
ttag +73 97/97/82/96/89; 
ttag +74 35/[8]/?/6/?; 
ttag +75 100/100/98/100/99; 
ttag +76 99/98/98/100/98; 
ttag +77 92/89/85/92/84; 
ttag +78 100/100/100/100/100; 
ttag +79 70/64/53/62/53; 
ttag +80 94/92/82/92/82; 
ttag +81 100/100/100/100/99; 
ttag +82 68/53/39/62/36; 
ttag +83 100/100/100/100/100; 
ttag +84 68/53/42/64/40; 
ttag +85 100/100/100/100/99; 
ttag +86 89/86/84/91/80; 
ttag +87 64/60/47/59/52; 
ttag +88 98/98/94/99/93; 
ttag +89 91/88/77/90/81; 
ttag +90 95/93/89/94/88; 
ttag +91 92/91/88/95/84; 
ttag +92 98/97/94/98/94; 
ttag +93 71/53/30/66/42; 
ttag +94 94/94/88/95/91; 
