tread
'Tree with tags' 
(0 ((((1 (13 14 ))((26 (27 (28 (29 30 ))))(39 (31 (((32 33 )(34 35 ))(36 (37 38 ))))((40 41 )(43 (42 ((44 45 )(46 47 ))))))))(17 (15 16 )(18 19 ((20 21 )(22 23 )(24 25 )))))((2 3 )((8 9 ((4 5 )(6 7 )))(10 (11 12 )))))); 
ttag *!; 
ttag +49 1; 
ttag +50 1; 
ttag +51 1; 
ttag +52 ???; 
ttag +53 3; 
ttag +54 5; 
ttag +55 5; 
ttag +56 13; 
ttag +57 1; 
ttag +58 2; 
ttag +59 4; 
ttag +60 5; 
ttag +61 8; 
ttag +62 11; 
ttag +63 13; 
ttag +64 7; 
ttag +65 5; 
ttag +66 8; 
ttag +67 2; 
ttag +68 11; 
ttag +69 3; 
ttag +70 7; 
ttag +71 3; 
ttag +72 1; 
ttag +73 6; 
ttag +74 10; 
ttag +75 7; 
ttag +76 4; 
ttag +77 5; 
ttag +78 1; 
ttag +79 4; 
ttag +80 6; 
ttag +81 7; 
ttag +82 8; 
ttag +83 3; 
ttag +84 8; 
ttag +85 1; 
ttag +86 5; 
ttag +87 5; 
ttag +88 8; 
ttag +89 5; 
tread
'Tree with tags' 
(0 ((((1 (13 14 ))((26 (27 (28 (29 30 ))))((39 (31 (((32 33 )(34 35 ))(36 (37 38 )))))((40 41 )(43 (42 ((44 45 )(46 47 ))))))))((15 16 )(17 (19 (18 ((20 21 )((22 23 )(24 25 ))))))))((2 3 )((8 (9 ((4 5 )(6 7 ))))(10 (11 12 )))))); 
ttag *!; 
ttag +0 ////; 
ttag +1 ////; 
ttag +2 ////; 
ttag +3 ////; 
ttag +4 ////; 
ttag +5 ////; 
ttag +6 ////; 
ttag +7 ////; 
ttag +8 ////; 
ttag +9 ////; 
ttag +10 ////; 
ttag +11 ////; 
ttag +12 ////; 
ttag +13 ////; 
ttag +14 ////; 
ttag +15 ////; 
ttag +16 ////; 
ttag +17 ////; 
ttag +18 ////; 
ttag +19 ////; 
ttag +20 ////; 
ttag +21 ////; 
ttag +22 ////; 
ttag +23 ////; 
ttag +24 ////; 
ttag +25 ////; 
ttag +26 ////; 
ttag +27 ////; 
ttag +28 ////; 
ttag +29 ////; 
ttag +30 ////; 
ttag +31 ////; 
ttag +32 ////; 
ttag +33 ////; 
ttag +34 ////; 
ttag +35 ////; 
ttag +36 ////; 
ttag +37 ////; 
ttag +38 ////; 
ttag +39 ////; 
ttag +40 ////; 
ttag +41 ////; 
ttag +42 ////; 
ttag +43 ////; 
ttag +44 ////; 
ttag +45 ////; 
ttag +46 ////; 
ttag +47 ////; 
ttag +48 ////; 
ttag +49 28/6/?/2/1; 
ttag +50 20/[3]/?/?/?; 
ttag +51 22/[1]/?/0/?; 
ttag +52 100/100/100/100/100; 
ttag +53 82/78/70/70/68; 
ttag +54 92/90/86/89/85; 
ttag +55 95/94/88/92/91; 
ttag +56 99/99/98/100/98; 
ttag +57 15/[14]/?/?/?; 
ttag +58 44/15/?/4/8; 
ttag +59 79/66/52/61/63; 
ttag +60 91/89/83/91/84; 
ttag +61 97/96/92/95/91; 
ttag +62 100/100/98/99/98; 
ttag +63 100/100/100/100/100; 
ttag +64 100/100/100/100/100; 
ttag +65 99/99/93/98/96; 
ttag +66 46/13/14/16/8; 
ttag +67 26/[4]/?/?/?; 
ttag +68 96/94/90/95/92; 
ttag +69 100/100/100/100/100; 
ttag +70 87/80/67/77/66; 
ttag +71 100/100/100/100/100; 
ttag +72 54/22/28/26/24; 
ttag +73 88/82/73/81/77; 
ttag +74 98/98/96/99/94; 
ttag +75 88/86/78/88/91; 
ttag +76 62/52/60/53/56; 
ttag +77 99/99/98/100/98; 
ttag +78 100/100/100/100/100; 
ttag +79 96/96/91/97/92; 
ttag +80 45/12/13/10/13; 
ttag +81 96/95/85/94/90; 
ttag +82 98/97/92/98/92; 
ttag +83 60/56/47/56/43; 
ttag +84 92/88/81/89/74; 
ttag +85 99/99/95/97/96; 
ttag +86 97/97/95/98/96; 
ttag +87 99/99/98/99/99; 
ttag +88 90/88/77/90/80; 
ttag +89 99/99/97/98/97; 
ttag +90 53/42/30/38/33; 
ttag +91 98/98/94/98/94; 
ttag +92 99/98/96/99/98; 
ttag +93 99/99/90/98/96; 
ttag +94 97/96/90/98/95; 
