tread
'Tree with tags' 
(0 (1 ((2 3 )(((4 5 )(6 7 ))((8 9 )(10 (11 12 )))))(13 14 )(17 (15 16 )(18 19 ((20 21 )((22 23 )(24 25 )))))(26 27 (28 (29 30 ))(39 (31 (34 35 (32 33 )(36 (37 38 ))))((40 41 )(42 (43 ((44 45 )(46 47 ))))))))); 
ttag *!; 
ttag +49 ???; 
ttag +50 2; 
ttag +51 9; 
ttag +52 9; 
ttag +53 4; 
ttag +54 3; 
ttag +55 1; 
ttag +56 3; 
ttag +57 3; 
ttag +58 7; 
ttag +59 11; 
ttag +60 4; 
ttag +61 2; 
ttag +62 5; 
ttag +63 6; 
ttag +64 6; 
ttag +65 4; 
ttag +66 9; 
ttag +67 9; 
ttag +68 6; 
ttag +69 3; 
ttag +70 2; 
ttag +71 11; 
ttag +72 3; 
ttag +73 6; 
ttag +74 5; 
ttag +75 1; 
ttag +76 14; 
ttag +77 2; 
ttag +78 1; 
ttag +79 6; 
ttag +80 6; 
ttag +81 3; 
ttag +82 11; 
ttag +83 9; 
ttag +84 1; 
tread
'Tree with tags' 
(0 ((1 (((2 3 )(((4 5 )(6 7 ))((8 9 )(10 (11 12 )))))((27 (26 (28 (29 30 ))))((39 (31 ((35 (34 (32 33 )))(36 (37 38 )))))((40 41 )(42 (43 ((44 45 )(46 47 )))))))))((13 14 )(17 ((15 16 )(19 (18 ((20 21 )((22 23 )(24 25 )))))))))); 
ttag *!; 
ttag +0 ////; 
ttag +1 ////; 
ttag +2 ////; 
ttag +3 ////; 
ttag +4 ////; 
ttag +5 ////; 
ttag +6 ////; 
ttag +7 ////; 
ttag +8 ////; 
ttag +9 ////; 
ttag +10 ////; 
ttag +11 ////; 
ttag +12 ////; 
ttag +13 ////; 
ttag +14 ////; 
ttag +15 ////; 
ttag +16 ////; 
ttag +17 ////; 
ttag +18 ////; 
ttag +19 ////; 
ttag +20 ////; 
ttag +21 ////; 
ttag +22 ////; 
ttag +23 ////; 
ttag +24 ////; 
ttag +25 ////; 
ttag +26 ////; 
ttag +27 ////; 
ttag +28 ////; 
ttag +29 ////; 
ttag +30 ////; 
ttag +31 ////; 
ttag +32 ////; 
ttag +33 ////; 
ttag +34 ////; 
ttag +35 ////; 
ttag +36 ////; 
ttag +37 ////; 
ttag +38 ////; 
ttag +39 ////; 
ttag +40 ////; 
ttag +41 ////; 
ttag +42 ////; 
ttag +43 ////; 
ttag +44 ////; 
ttag +45 ////; 
ttag +46 ////; 
ttag +47 ////; 
ttag +48 ////; 
ttag +49 9/[27]/?/?/?; 
ttag +50 100/100/100/100/100; 
ttag +51 86/77/76/89/74; 
ttag +52 100/100/99/99/99; 
ttag +53 34/[2]/3/5/8; 
ttag +54 100/100/100/100/100; 
ttag +55 97/96/87/92/90; 
ttag +56 80/69/50/71/53; 
ttag +57 56/33/25/35/13; 
ttag +58 86/83/73/86/74; 
ttag +59 87/84/76/87/81; 
ttag +60 97/96/91/97/88; 
ttag +61 100/100/100/100/100; 
ttag +62 100/100/97/100/97; 
ttag +63 29/0/6/?/5; 
ttag +64 92/90/82/92/85; 
ttag +65 12/[23]/?/?/?; 
ttag +66 97/97/92/99/92; 
ttag +67 48/41/33/40/30; 
ttag +68 95/94/85/95/85; 
ttag +69 100/100/99/99/99; 
ttag +70 84/77/71/83/68; 
ttag +71 99/99/100/99/99; 
ttag +72 100/100/99/100/96; 
ttag +73 99/99/96/98/94; 
ttag +74 57/41/33/27/36; 
ttag +75 62/38/46/49/56; 
ttag +76 83/77/70/83/70; 
ttag +77 84/76/74/84/72; 
ttag +78 100/100/100/100/100; 
ttag +79 94/92/90/94/91; 
ttag +80 20/[34]/?/?/?; 
ttag +81 99/99/96/99/94; 
ttag +82 97/96/96/99/94; 
ttag +83 40/9/3/0/?; 
ttag +84 38/18/18/10/17; 
ttag +85 64/56/48/57/57; 
ttag +86 100/100/100/100/100; 
ttag +87 83/77/60/80/73; 
ttag +88 76/66/62/71/62; 
ttag +89 98/98/94/97/93; 
ttag +90 98/98/97/98/90; 
ttag +91 88/86/72/82/72; 
ttag +92 100/100/100/99/98; 
ttag +93 99/99/98/100/98; 
ttag +94 55/32/42/45/33; 
