tread
'Tree with tags' 
(0 ((1 ((2 3 )(((4 5 )(6 7 ))(8 9 (10 (11 12 ))))))((13 14 )(((15 16 )(17 (18 (19 ((20 21 )((22 23 )(24 25 )))))))((26 (27 (28 (29 30 ))))((39 (31 ((32 33 )(34 (35 (36 (37 38 )))))))(40 41 (42 (43 ((44 45 )(46 47 ))))))))))); 
ttag *!; 
ttag +49 2; 
ttag +50 ???; 
ttag +51 8; 
ttag +52 12; 
ttag +53 2; 
ttag +54 10; 
ttag +55 4; 
ttag +56 2; 
ttag +57 1; 
ttag +58 6; 
ttag +59 7; 
ttag +60 8; 
ttag +61 1; 
ttag +62 8; 
ttag +63 5; 
ttag +64 2; 
ttag +65 3; 
ttag +66 9; 
ttag +67 2; 
ttag +68 6; 
ttag +69 5; 
ttag +70 12; 
ttag +71 6; 
ttag +72 2; 
ttag +73 7; 
ttag +74 8; 
ttag +75 3; 
ttag +76 3; 
ttag +77 6; 
ttag +78 8; 
ttag +79 2; 
ttag +80 6; 
ttag +81 10; 
ttag +82 4; 
ttag +83 2; 
ttag +84 1; 
ttag +85 11; 
ttag +86 13; 
ttag +87 10; 
ttag +88 5; 
ttag +89 4; 
ttag +90 3; 
ttag +91 4; 
ttag +92 10; 
tread
'Tree with tags' 
(0 ((1 ((2 3 )(((4 5 )(6 7 ))((8 9 )(10 (11 12 ))))))((13 14 )(((15 16 )(17 (18 (19 ((20 21 )((22 23 )(24 25 )))))))((26 (27 (28 (29 30 ))))((39 (31 ((32 33 )(34 (35 (36 (37 38 )))))))(41 (40 (42 (43 ((44 45 )(46 47 )))))))))))); 
ttag *!; 
ttag +0 ////; 
ttag +1 ////; 
ttag +2 ////; 
ttag +3 ////; 
ttag +4 ////; 
ttag +5 ////; 
ttag +6 ////; 
ttag +7 ////; 
ttag +8 ////; 
ttag +9 ////; 
ttag +10 ////; 
ttag +11 ////; 
ttag +12 ////; 
ttag +13 ////; 
ttag +14 ////; 
ttag +15 ////; 
ttag +16 ////; 
ttag +17 ////; 
ttag +18 ////; 
ttag +19 ////; 
ttag +20 ////; 
ttag +21 ////; 
ttag +22 ////; 
ttag +23 ////; 
ttag +24 ////; 
ttag +25 ////; 
ttag +26 ////; 
ttag +27 ////; 
ttag +28 ////; 
ttag +29 ////; 
ttag +30 ////; 
ttag +31 ////; 
ttag +32 ////; 
ttag +33 ////; 
ttag +34 ////; 
ttag +35 ////; 
ttag +36 ////; 
ttag +37 ////; 
ttag +38 ////; 
ttag +39 ////; 
ttag +40 ////; 
ttag +41 ////; 
ttag +42 ////; 
ttag +43 ////; 
ttag +44 ////; 
ttag +45 ////; 
ttag +46 ////; 
ttag +47 ////; 
ttag +48 ////; 
ttag +49 66/61/38/55/39; 
ttag +50 100/100/100/100/100; 
ttag +51 99/99/98/99/100; 
ttag +52 99/98/99/100/97; 
ttag +53 69/54/56/63/58; 
ttag +54 99/99/98/99/98; 
ttag +55 78/72/56/71/58; 
ttag +56 78/67/51/62/54; 
ttag +57 36/12/16/14/17; 
ttag +58 57/34/22/28/24; 
ttag +59 98/97/90/96/94; 
ttag +60 100/100/99/99/99; 
ttag +61 99/98/97/100/98; 
ttag +62 46/30/25/40/29; 
ttag +63 100/100/98/99/98; 
ttag +64 92/90/83/94/86; 
ttag +65 75/69/56/67/59; 
ttag +66 82/74/57/72/62; 
ttag +67 95/93/89/96/91; 
ttag +68 65/55/47/57/46; 
ttag +69 100/100/99/99/100; 
ttag +70 93/91/87/92/87; 
ttag +71 100/100/100/100/100; 
ttag +72 98/98/92/97/96; 
ttag +73 81/72/58/70/59; 
ttag +74 92/87/66/90/81; 
ttag +75 98/98/96/98/98; 
ttag +76 79/72/46/77/64; 
ttag +77 78/74/49/78/65; 
ttag +78 88/86/69/86/79; 
ttag +79 99/99/95/97/90; 
ttag +80 84/82/80/82/73; 
ttag +81 96/95/86/94/87; 
ttag +82 100/100/100/100/100; 
ttag +83 86/82/72/89/75; 
ttag +84 72/65/57/68/56; 
ttag +85 46/28/12/33/3; 
ttag +86 100/100/98/100/99; 
ttag +87 100/100/98/100/100; 
ttag +88 27/[7]/3/?/?; 
ttag +89 100/100/100/100/99; 
ttag +90 94/94/85/92/88; 
ttag +91 93/92/84/90/82; 
ttag +92 90/88/84/93/86; 
ttag +93 95/94/86/92/88; 
ttag +94 99/99/98/98/98; 
