tread
'Tree with tags' 
(0 (1 (((2 3 )(10 ((9 ((4 5 )(6 7 )))(8 (11 12 )))))(((13 14 )(15 16 )(18 (17 19 ((20 21 )((22 23 )(24 25 ))))))((26 (27 (28 (29 30 ))))(39 ((31 ((32 33 )(34 35 ))(36 (37 38 )))(40 41 (42 (43 ((44 45 )(46 47 )))))))))))); 
ttag *!; 
ttag +49 ???; 
ttag +50 9; 
ttag +51 9; 
ttag +52 2; 
ttag +53 10; 
ttag +54 8; 
ttag +55 3; 
ttag +56 4; 
ttag +57 3; 
ttag +58 3; 
ttag +59 2; 
ttag +60 10; 
ttag +61 10; 
ttag +62 2; 
ttag +63 4; 
ttag +64 8; 
ttag +65 1; 
ttag +66 3; 
ttag +67 4; 
ttag +68 4; 
ttag +69 4; 
ttag +70 5; 
ttag +71 5; 
ttag +72 6; 
ttag +73 3; 
ttag +74 2; 
ttag +75 6; 
ttag +76 8; 
ttag +77 7; 
ttag +78 1; 
ttag +79 6; 
ttag +80 7; 
ttag +81 2; 
ttag +82 4; 
ttag +83 4; 
ttag +84 15; 
ttag +85 3; 
ttag +86 6; 
ttag +87 2; 
ttag +88 3; 
ttag +89 4; 
ttag +90 2; 
tread
'Tree with tags' 
(0 (1 (((2 3 )(10 ((9 ((4 5 )(6 7 )))(8 (11 12 )))))(((13 14 )((15 16 )(18 ((17 19 )((20 21 )((22 23 )(24 25 )))))))((26 (27 (28 (29 30 ))))(39 (((31 ((32 33 )(34 35 )))(36 (37 38 )))((40 41 )(42 (43 ((44 45 )(46 47 )))))))))))); 
ttag *!; 
ttag +0 ////; 
ttag +1 ////; 
ttag +2 ////; 
ttag +3 ////; 
ttag +4 ////; 
ttag +5 ////; 
ttag +6 ////; 
ttag +7 ////; 
ttag +8 ////; 
ttag +9 ////; 
ttag +10 ////; 
ttag +11 ////; 
ttag +12 ////; 
ttag +13 ////; 
ttag +14 ////; 
ttag +15 ////; 
ttag +16 ////; 
ttag +17 ////; 
ttag +18 ////; 
ttag +19 ////; 
ttag +20 ////; 
ttag +21 ////; 
ttag +22 ////; 
ttag +23 ////; 
ttag +24 ////; 
ttag +25 ////; 
ttag +26 ////; 
ttag +27 ////; 
ttag +28 ////; 
ttag +29 ////; 
ttag +30 ////; 
ttag +31 ////; 
ttag +32 ////; 
ttag +33 ////; 
ttag +34 ////; 
ttag +35 ////; 
ttag +36 ////; 
ttag +37 ////; 
ttag +38 ////; 
ttag +39 ////; 
ttag +40 ////; 
ttag +41 ////; 
ttag +42 ////; 
ttag +43 ////; 
ttag +44 ////; 
ttag +45 ////; 
ttag +46 ////; 
ttag +47 ////; 
ttag +48 ////; 
ttag +49 100/100/100/100/100; 
ttag +50 100/100/99/100/99; 
ttag +51 100/100/98/100/98; 
ttag +52 73/62/45/57/44; 
ttag +53 100/100/99/100/99; 
ttag +54 95/94/83/99/88; 
ttag +55 62/54/30/57/35; 
ttag +56 67/58/38/66/40; 
ttag +57 72/57/44/71/52; 
ttag +58 75/64/42/69/51; 
ttag +59 74/66/48/70/49; 
ttag +60 99/99/99/100/98; 
ttag +61 100/100/100/100/100; 
ttag +62 68/54/34/60/37; 
ttag +63 84/81/69/84/70; 
ttag +64 100/100/98/100/99; 
ttag +65 50/31/44/33/40; 
ttag +66 14/[16]/?/?/?; 
ttag +67 51/39/31/35/16; 
ttag +68 86/84/75/83/72; 
ttag +69 97/96/96/95/98; 
ttag +70 92/88/77/90/80; 
ttag +71 93/90/86/90/87; 
ttag +72 94/92/89/93/88; 
ttag +73 97/97/84/97/90; 
ttag +74 99/98/96/99/98; 
ttag +75 87/85/77/91/78; 
ttag +76 88/87/76/85/76; 
ttag +77 96/96/93/96/92; 
ttag +78 99/99/100/99/99; 
ttag +79 30/[14]/?/?/?; 
ttag +80 100/100/96/99/99; 
ttag +81 63/57/54/59/44; 
ttag +82 88/82/78/89/71; 
ttag +83 98/97/96/99/98; 
ttag +84 90/88/82/89/86; 
ttag +85 99/99/98/98/97; 
ttag +86 95/94/86/94/87; 
ttag +87 100/100/100/100/100; 
ttag +88 46/12/10/9/19; 
ttag +89 87/83/73/86/74; 
ttag +90 98/98/97/98/97; 
ttag +91 80/78/62/76/61; 
ttag +92 82/78/68/84/74; 
ttag +93 94/93/86/91/85; 
ttag +94 68/59/58/61/52; 
