tread
'Tree with tags' 
(0 (1 (((((8 (2 3 ))(9 (10 (11 12 ))))(7 (6 (4 5 ))))((26 (27 (28 (29 30 ))))((31 ((34 35 (32 33 ))(36 (37 38 ))))(39 ((40 41 )(42 (43 ((44 45 )(46 47 )))))))))((13 14 )((15 16 )(17 (18 (19 ((20 21 )((22 23 )(24 25 ))))))))))); 
ttag *!; 
ttag +49 ???; 
ttag +50 7; 
ttag +51 1; 
ttag +52 2; 
ttag +53 4; 
ttag +54 1; 
ttag +55 1; 
ttag +56 6; 
ttag +57 1; 
ttag +58 4; 
ttag +59 3; 
ttag +60 11; 
ttag +61 11; 
ttag +62 9; 
ttag +63 1; 
ttag +64 12; 
ttag +65 3; 
ttag +66 1; 
ttag +67 4; 
ttag +68 1; 
ttag +69 8; 
ttag +70 5; 
ttag +71 7; 
ttag +72 4; 
ttag +73 4; 
ttag +74 1; 
ttag +75 9; 
ttag +76 1; 
ttag +77 6; 
ttag +78 11; 
ttag +79 7; 
ttag +80 4; 
ttag +81 4; 
ttag +82 2; 
ttag +83 4; 
ttag +84 9; 
ttag +85 9; 
ttag +86 3; 
ttag +87 2; 
ttag +88 10; 
ttag +89 14; 
ttag +90 2; 
ttag +91 8; 
ttag +92 2; 
ttag +93 1; 
tread
'Tree with tags' 
(0 (1 (((((8 (2 3 ))(9 (10 (11 12 ))))(7 (6 (4 5 ))))((26 (27 (28 (29 30 ))))((31 ((34 (35 (32 33 )))(36 (37 38 ))))(39 ((40 41 )(42 (43 ((44 45 )(46 47 )))))))))((13 14 )((15 16 )(17 (18 (19 ((20 21 )((22 23 )(24 25 ))))))))))); 
ttag *!; 
ttag +0 ////; 
ttag +1 ////; 
ttag +2 ////; 
ttag +3 ////; 
ttag +4 ////; 
ttag +5 ////; 
ttag +6 ////; 
ttag +7 ////; 
ttag +8 ////; 
ttag +9 ////; 
ttag +10 ////; 
ttag +11 ////; 
ttag +12 ////; 
ttag +13 ////; 
ttag +14 ////; 
ttag +15 ////; 
ttag +16 ////; 
ttag +17 ////; 
ttag +18 ////; 
ttag +19 ////; 
ttag +20 ////; 
ttag +21 ////; 
ttag +22 ////; 
ttag +23 ////; 
ttag +24 ////; 
ttag +25 ////; 
ttag +26 ////; 
ttag +27 ////; 
ttag +28 ////; 
ttag +29 ////; 
ttag +30 ////; 
ttag +31 ////; 
ttag +32 ////; 
ttag +33 ////; 
ttag +34 ////; 
ttag +35 ////; 
ttag +36 ////; 
ttag +37 ////; 
ttag +38 ////; 
ttag +39 ////; 
ttag +40 ////; 
ttag +41 ////; 
ttag +42 ////; 
ttag +43 ////; 
ttag +44 ////; 
ttag +45 ////; 
ttag +46 ////; 
ttag +47 ////; 
ttag +48 ////; 
ttag +49 100/100/100/100/100; 
ttag +50 95/93/90/97/88; 
ttag +51 25/16/22/17/18; 
ttag +52 56/50/49/53/47; 
ttag +53 97/96/87/93/86; 
ttag +54 18/[8]/?/?/0; 
ttag +55 30/14/8/21/8; 
ttag +56 99/99/98/96/97; 
ttag +57 26/1/9/7/4; 
ttag +58 95/94/89/93/90; 
ttag +59 75/69/66/78/54; 
ttag +60 99/99/97/100/96; 
ttag +61 100/100/100/100/100; 
ttag +62 100/100/98/100/99; 
ttag +63 19/2/?/11/?; 
ttag +64 100/100/99/100/99; 
ttag +65 83/77/66/76/59; 
ttag +66 53/32/34/39/37; 
ttag +67 85/80/74/86/72; 
ttag +68 45/27/17/30/22; 
ttag +69 100/100/99/99/100; 
ttag +70 92/90/92/96/90; 
ttag +71 99/99/97/98/95; 
ttag +72 90/84/81/87/79; 
ttag +73 92/90/79/88/80; 
ttag +74 8/[27]/?/?/?; 
ttag +75 100/100/100/100/99; 
ttag +76 39/2/?/?/?; 
ttag +77 98/98/93/97/93; 
ttag +78 100/100/100/100/100; 
ttag +79 99/99/98/100/99; 
ttag +80 97/96/88/94/89; 
ttag +81 96/95/95/95/90; 
ttag +82 32/[1]/?/4/?; 
ttag +83 82/76/64/80/66; 
ttag +84 98/97/93/94/87; 
ttag +85 100/100/100/100/99; 
ttag +86 100/100/100/100/100; 
ttag +87 91/89/74/86/77; 
ttag +88 78/68/56/61/57; 
ttag +89 100/100/96/99/98; 
ttag +90 100/100/100/100/100; 
ttag +91 64/55/51/61/46; 
ttag +92 100/100/98/100/98; 
ttag +93 77/71/65/70/64; 
ttag +94 54/33/37/47/35; 
