tread
'Tree with tags' 
(0 ((1 ((2 3 )((7 (6 (4 5 )))(8 9 )(10 (11 12 )))))(13 14 )((17 (15 16 ))(18 (19 ((20 21 )((22 23 )(24 25 ))))))((26 (27 (28 (29 30 ))))((39 (31 ((32 33 )(34 35 )(36 (37 38 )))))((40 41 )(42 (43 ((44 45 )(46 47 ))))))))); 
ttag *!; 
ttag +49 1; 
ttag +50 ???; 
ttag +51 6; 
ttag +52 10; 
ttag +53 7; 
ttag +54 1; 
ttag +55 10; 
ttag +56 4; 
ttag +57 2; 
ttag +58 2; 
ttag +59 8; 
ttag +60 12; 
ttag +61 9; 
ttag +62 1; 
ttag +63 7; 
ttag +64 2; 
ttag +65 3; 
ttag +66 11; 
ttag +67 6; 
ttag +68 11; 
ttag +69 1; 
ttag +70 1; 
ttag +71 5; 
ttag +72 4; 
ttag +73 2; 
ttag +74 4; 
ttag +75 7; 
ttag +76 5; 
ttag +77 2; 
ttag +78 9; 
ttag +79 9; 
ttag +80 9; 
ttag +81 2; 
ttag +82 6; 
ttag +83 11; 
ttag +84 4; 
ttag +85 3; 
ttag +86 6; 
ttag +87 9; 
ttag +88 7; 
ttag +89 7; 
ttag +90 2; 
tread
'Tree with tags' 
(0 (((1 ((2 3 )(((7 (6 (4 5 )))(10 (11 12 )))(8 9 ))))(13 14 ))(((17 (15 16 ))(18 (19 ((20 21 )((22 23 )(24 25 ))))))((26 (27 (28 (29 30 ))))((39 (31 (((32 33 )(36 (37 38 )))(34 35 ))))((40 41 )(42 (43 ((44 45 )(46 47 )))))))))); 
ttag *!; 
ttag +0 ////; 
ttag +1 ////; 
ttag +2 ////; 
ttag +3 ////; 
ttag +4 ////; 
ttag +5 ////; 
ttag +6 ////; 
ttag +7 ////; 
ttag +8 ////; 
ttag +9 ////; 
ttag +10 ////; 
ttag +11 ////; 
ttag +12 ////; 
ttag +13 ////; 
ttag +14 ////; 
ttag +15 ////; 
ttag +16 ////; 
ttag +17 ////; 
ttag +18 ////; 
ttag +19 ////; 
ttag +20 ////; 
ttag +21 ////; 
ttag +22 ////; 
ttag +23 ////; 
ttag +24 ////; 
ttag +25 ////; 
ttag +26 ////; 
ttag +27 ////; 
ttag +28 ////; 
ttag +29 ////; 
ttag +30 ////; 
ttag +31 ////; 
ttag +32 ////; 
ttag +33 ////; 
ttag +34 ////; 
ttag +35 ////; 
ttag +36 ////; 
ttag +37 ////; 
ttag +38 ////; 
ttag +39 ////; 
ttag +40 ////; 
ttag +41 ////; 
ttag +42 ////; 
ttag +43 ////; 
ttag +44 ////; 
ttag +45 ////; 
ttag +46 ////; 
ttag +47 ////; 
ttag +48 ////; 
ttag +49 49/26/18/30/22; 
ttag +50 24/1/?/8/?; 
ttag +51 100/100/100/100/100; 
ttag +52 99/99/98/98/96; 
ttag +53 100/100/98/100/99; 
ttag +54 100/100/99/99/98; 
ttag +55 46/24/17/31/29; 
ttag +56 99/99/98/99/97; 
ttag +57 11/[13]/?/?/?; 
ttag +58 84/76/67/67/58; 
ttag +59 72/67/62/59/55; 
ttag +60 59/34/27/36/22; 
ttag +61 100/100/99/100/99; 
ttag +62 100/100/100/99/100; 
ttag +63 99/99/100/100/100; 
ttag +64 36/20/28/40/24; 
ttag +65 98/97/90/98/92; 
ttag +66 26/10/12/15/13; 
ttag +67 62/53/36/53/32; 
ttag +68 61/52/40/54/30; 
ttag +69 100/100/99/100/100; 
ttag +70 94/93/92/98/92; 
ttag +71 100/100/100/100/100; 
ttag +72 60/39/28/36/24; 
ttag +73 68/53/56/56/63; 
ttag +74 86/81/78/86/68; 
ttag +75 90/90/86/90/85; 
ttag +76 68/63/53/66/54; 
ttag +77 92/92/87/94/85; 
ttag +78 98/98/98/100/97; 
ttag +79 98/97/95/98/96; 
ttag +80 83/78/70/75/72; 
ttag +81 100/100/99/100/99; 
ttag +82 100/100/100/100/100; 
ttag +83 29/[1]/10/10/6; 
ttag +84 100/100/100/100/100; 
ttag +85 80/76/71/78/68; 
ttag +86 99/99/96/100/97; 
ttag +87 100/100/100/100/100; 
ttag +88 96/94/88/96/90; 
ttag +89 89/86/74/87/73; 
ttag +90 99/98/97/98/99; 
ttag +91 99/99/97/100/99; 
ttag +92 100/100/97/100/96; 
ttag +93 100/100/97/99/99; 
ttag +94 77/68/58/69/62; 
