tread
'Tree with tags' 
(0 (1 (((((2 3 )((6 7 (4 5 ))((8 9 )(10 (11 12 )))))(13 14 ))((26 (27 (28 (29 30 ))))(39 ((31 (((32 33 )(36 (37 38 )))(34 35 )))(41 (40 (42 (43 (46 47 (44 45 ))))))))))(17 (15 16 )((18 19 )((20 21 )((22 23 )(24 25 )))))))); 
ttag *!; 
ttag +49 ???; 
ttag +50 2; 
ttag +51 5; 
ttag +52 1; 
ttag +53 1; 
ttag +54 1; 
ttag +55 4; 
ttag +56 7; 
ttag +57 4; 
ttag +58 1; 
ttag +59 1; 
ttag +60 3; 
ttag +61 10; 
ttag +62 14; 
ttag +63 10; 
ttag +64 4; 
ttag +65 1; 
ttag +66 4; 
ttag +67 13; 
ttag +68 5; 
ttag +69 12; 
ttag +70 2; 
ttag +71 5; 
ttag +72 4; 
ttag +73 9; 
ttag +74 2; 
ttag +75 6; 
ttag +76 7; 
ttag +77 6; 
ttag +78 1; 
ttag +79 7; 
ttag +80 4; 
ttag +81 1; 
ttag +82 10; 
ttag +83 8; 
ttag +84 11; 
ttag +85 6; 
ttag +86 2; 
ttag +87 3; 
ttag +88 8; 
ttag +89 3; 
ttag +90 7; 
ttag +91 2; 
tread
'Tree with tags' 
(0 (1 (((((2 3 )((6 (7 (4 5 )))((8 9 )(10 (11 12 )))))(13 14 ))((26 (27 (28 (29 30 ))))(39 ((31 (((32 33 )(36 (37 38 )))(34 35 )))(41 (40 (42 (43 (47 (46 (44 45 )))))))))))(17 ((15 16 )((18 19 )((20 21 )((22 23 )(24 25 ))))))))); 
ttag *!; 
ttag +0 ////; 
ttag +1 ////; 
ttag +2 ////; 
ttag +3 ////; 
ttag +4 ////; 
ttag +5 ////; 
ttag +6 ////; 
ttag +7 ////; 
ttag +8 ////; 
ttag +9 ////; 
ttag +10 ////; 
ttag +11 ////; 
ttag +12 ////; 
ttag +13 ////; 
ttag +14 ////; 
ttag +15 ////; 
ttag +16 ////; 
ttag +17 ////; 
ttag +18 ////; 
ttag +19 ////; 
ttag +20 ////; 
ttag +21 ////; 
ttag +22 ////; 
ttag +23 ////; 
ttag +24 ////; 
ttag +25 ////; 
ttag +26 ////; 
ttag +27 ////; 
ttag +28 ////; 
ttag +29 ////; 
ttag +30 ////; 
ttag +31 ////; 
ttag +32 ////; 
ttag +33 ////; 
ttag +34 ////; 
ttag +35 ////; 
ttag +36 ////; 
ttag +37 ////; 
ttag +38 ////; 
ttag +39 ////; 
ttag +40 ////; 
ttag +41 ////; 
ttag +42 ////; 
ttag +43 ////; 
ttag +44 ////; 
ttag +45 ////; 
ttag +46 ////; 
ttag +47 ////; 
ttag +48 ////; 
ttag +49 100/100/100/100/100; 
ttag +50 86/80/84/90/85; 
ttag +51 90/88/85/89/77; 
ttag +52 24/8/2/8/0; 
ttag +53 24/6/1/3/2; 
ttag +54 21/3/?/5/?; 
ttag +55 93/93/88/96/91; 
ttag +56 26/[8]/?/?/?; 
ttag +57 95/94/90/97/90; 
ttag +58 84/80/67/77/75; 
ttag +59 49/30/11/23/18; 
ttag +60 46/34/34/26/28; 
ttag +61 82/76/72/73/64; 
ttag +62 99/99/100/100/100; 
ttag +63 100/100/100/100/100; 
ttag +64 100/100/99/100/100; 
ttag +65 33/[2]/3/?/10; 
ttag +66 90/87/71/80/72; 
ttag +67 68/60/48/56/41; 
ttag +68 92/90/80/85/73; 
ttag +69 100/100/100/100/100; 
ttag +70 94/93/85/95/84; 
ttag +71 100/100/100/100/100; 
ttag +72 84/76/63/77/64; 
ttag +73 99/98/92/96/95; 
ttag +74 86/83/74/92/70; 
ttag +75 100/100/100/100/99; 
ttag +76 73/66/53/60/54; 
ttag +77 97/97/91/98/90; 
ttag +78 99/99/98/99/100; 
ttag +79 98/98/100/100/97; 
ttag +80 50/28/33/42/20; 
ttag +81 99/99/97/98/96; 
ttag +82 96/96/88/94/87; 
ttag +83 70/69/64/68/56; 
ttag +84 100/100/100/100/98; 
ttag +85 100/100/98/99/99; 
ttag +86 100/100/100/100/99; 
ttag +87 98/96/94/97/90; 
ttag +88 52/31/33/57/27; 
ttag +89 87/84/68/85/67; 
ttag +90 98/97/94/98/93; 
ttag +91 87/83/66/80/66; 
ttag +92 100/100/97/99/98; 
ttag +93 29/[9]/?/6/?; 
ttag +94 83/77/74/86/72; 
