tread
'Tree with tags' 
(0 (1 (((8 9 ((2 3 )((4 5 )(6 7 )))(10 (11 12 )))(13 14 ))((17 (15 16 )(18 (19 ((20 21 )((22 23 )(24 25 ))))))((26 (27 (28 (29 30 ))))((31 ((32 33 )((34 35 )(36 (37 38 )))))(39 (40 41 (42 (43 ((44 45 )(46 47 )))))))))))); 
ttag *!; 
ttag +49 ???; 
ttag +50 5; 
ttag +51 1; 
ttag +52 13; 
ttag +53 1; 
ttag +54 2; 
ttag +55 5; 
ttag +56 4; 
ttag +57 4; 
ttag +58 6; 
ttag +59 5; 
ttag +60 5; 
ttag +61 8; 
ttag +62 4; 
ttag +63 3; 
ttag +64 6; 
ttag +65 1; 
ttag +66 11; 
ttag +67 4; 
ttag +68 10; 
ttag +69 4; 
ttag +70 2; 
ttag +71 7; 
ttag +72 9; 
ttag +73 3; 
ttag +74 1; 
ttag +75 5; 
ttag +76 2; 
ttag +77 5; 
ttag +78 6; 
ttag +79 7; 
ttag +80 3; 
ttag +81 2; 
ttag +82 10; 
ttag +83 7; 
ttag +84 2; 
ttag +85 4; 
ttag +86 3; 
ttag +87 3; 
ttag +88 5; 
ttag +89 4; 
ttag +90 2; 
tread
'Tree with tags' 
(0 (1 ((((((2 3 )((4 5 )(6 7 )))(8 9 ))(10 (11 12 )))(13 14 ))(((17 (15 16 ))(18 (19 ((20 21 )((22 23 )(24 25 ))))))((26 (27 (28 (29 30 ))))((31 ((32 33 )((34 35 )(36 (37 38 )))))(39 (41 (40 (42 (43 ((44 45 )(46 47 ))))))))))))); 
ttag *!; 
ttag +0 ////; 
ttag +1 ////; 
ttag +2 ////; 
ttag +3 ////; 
ttag +4 ////; 
ttag +5 ////; 
ttag +6 ////; 
ttag +7 ////; 
ttag +8 ////; 
ttag +9 ////; 
ttag +10 ////; 
ttag +11 ////; 
ttag +12 ////; 
ttag +13 ////; 
ttag +14 ////; 
ttag +15 ////; 
ttag +16 ////; 
ttag +17 ////; 
ttag +18 ////; 
ttag +19 ////; 
ttag +20 ////; 
ttag +21 ////; 
ttag +22 ////; 
ttag +23 ////; 
ttag +24 ////; 
ttag +25 ////; 
ttag +26 ////; 
ttag +27 ////; 
ttag +28 ////; 
ttag +29 ////; 
ttag +30 ////; 
ttag +31 ////; 
ttag +32 ////; 
ttag +33 ////; 
ttag +34 ////; 
ttag +35 ////; 
ttag +36 ////; 
ttag +37 ////; 
ttag +38 ////; 
ttag +39 ////; 
ttag +40 ////; 
ttag +41 ////; 
ttag +42 ////; 
ttag +43 ////; 
ttag +44 ////; 
ttag +45 ////; 
ttag +46 ////; 
ttag +47 ////; 
ttag +48 ////; 
ttag +49 100/100/100/100/100; 
ttag +50 95/92/92/97/90; 
ttag +51 41/16/5/16/?; 
ttag +52 17/[16]/?/?/?; 
ttag +53 100/100/100/100/99; 
ttag +54 47/35/22/32/28; 
ttag +55 59/51/43/51/45; 
ttag +56 98/98/95/97/92; 
ttag +57 90/86/82/89/82; 
ttag +58 94/92/86/92/85; 
ttag +59 38/21/22/11/20; 
ttag +60 96/95/94/96/93; 
ttag +61 99/98/100/99/98; 
ttag +62 97/97/97/99/97; 
ttag +63 99/99/98/99/98; 
ttag +64 22/[19]/?/?/?; 
ttag +65 80/72/68/71/68; 
ttag +66 61/50/49/61/53; 
ttag +67 96/95/86/94/92; 
ttag +68 54/49/43/56/44; 
ttag +69 100/100/100/100/99; 
ttag +70 80/75/67/81/67; 
ttag +71 100/100/99/100/99; 
ttag +72 86/82/70/90/74; 
ttag +73 80/75/65/75/72; 
ttag +74 100/100/99/99/98; 
ttag +75 99/99/93/98/93; 
ttag +76 86/80/63/82/73; 
ttag +77 44/28/25/34/28; 
ttag +78 98/97/96/98/96; 
ttag +79 80/78/68/79/76; 
ttag +80 89/86/79/91/82; 
ttag +81 98/98/97/96/92; 
ttag +82 100/100/98/100/98; 
ttag +83 91/91/90/94/82; 
ttag +84 68/65/54/64/50; 
ttag +85 99/99/100/100/100; 
ttag +86 98/97/94/97/94; 
ttag +87 75/72/59/73/61; 
ttag +88 22/[2]/?/?/?; 
ttag +89 96/96/84/94/90; 
ttag +90 84/77/70/78/66; 
ttag +91 92/90/84/94/88; 
ttag +92 94/92/88/98/87; 
ttag +93 96/96/88/96/90; 
ttag +94 78/72/60/66/62; 
