tread
'Tree with tags' 
(0 ((1 ((13 14 )((26 (27 (28 (29 30 ))))((31 ((32 33 )(34 (35 (36 (37 38 ))))))(39 ((40 41 )(43 (42 (47 (46 (44 45 )))))))))))((9 (((2 3 )((4 5 )(6 7 )))(8 (10 (11 12 )))))((15 16 )(17 (18 (19 ((20 21 )((22 23 )(24 25 )))))))))); 
ttag *!; 
ttag +49 1; 
ttag +50 ???; 
ttag +51 6; 
ttag +52 2; 
ttag +53 2; 
ttag +54 5; 
ttag +55 2; 
ttag +56 12; 
ttag +57 9; 
ttag +58 6; 
ttag +59 2; 
ttag +60 5; 
ttag +61 14; 
ttag +62 11; 
ttag +63 2; 
ttag +64 12; 
ttag +65 2; 
ttag +66 5; 
ttag +67 10; 
ttag +68 1; 
ttag +69 5; 
ttag +70 11; 
ttag +71 11; 
ttag +72 5; 
ttag +73 3; 
ttag +74 3; 
ttag +75 7; 
ttag +76 3; 
ttag +77 1; 
ttag +78 5; 
ttag +79 3; 
ttag +80 10; 
ttag +81 8; 
ttag +82 8; 
ttag +83 2; 
ttag +84 1; 
ttag +85 6; 
ttag +86 6; 
ttag +87 2; 
ttag +88 2; 
ttag +89 5; 
ttag +90 3; 
ttag +91 5; 
ttag +92 11; 
ttag +93 4; 
ttag +94 8; 
tread
'Tree with tags' 
(0 ((1 ((13 14 )((26 (27 (28 (29 30 ))))((31 ((32 33 )(34 (35 (36 (37 38 ))))))(39 ((40 41 )(43 (42 (47 (46 (44 45 )))))))))))((9 (((2 3 )((4 5 )(6 7 )))(8 (10 (11 12 )))))((15 16 )(17 (18 (19 ((20 21 )((22 23 )(24 25 )))))))))); 
ttag *!; 
ttag +0 ////; 
ttag +1 ////; 
ttag +2 ////; 
ttag +3 ////; 
ttag +4 ////; 
ttag +5 ////; 
ttag +6 ////; 
ttag +7 ////; 
ttag +8 ////; 
ttag +9 ////; 
ttag +10 ////; 
ttag +11 ////; 
ttag +12 ////; 
ttag +13 ////; 
ttag +14 ////; 
ttag +15 ////; 
ttag +16 ////; 
ttag +17 ////; 
ttag +18 ////; 
ttag +19 ////; 
ttag +20 ////; 
ttag +21 ////; 
ttag +22 ////; 
ttag +23 ////; 
ttag +24 ////; 
ttag +25 ////; 
ttag +26 ////; 
ttag +27 ////; 
ttag +28 ////; 
ttag +29 ////; 
ttag +30 ////; 
ttag +31 ////; 
ttag +32 ////; 
ttag +33 ////; 
ttag +34 ////; 
ttag +35 ////; 
ttag +36 ////; 
ttag +37 ////; 
ttag +38 ////; 
ttag +39 ////; 
ttag +40 ////; 
ttag +41 ////; 
ttag +42 ////; 
ttag +43 ////; 
ttag +44 ////; 
ttag +45 ////; 
ttag +46 ////; 
ttag +47 ////; 
ttag +48 ////; 
ttag +49 22/[7]/?/3/?; 
ttag +50 100/100/100/100/100; 
ttag +51 98/97/94/98/94; 
ttag +52 30/0/?/5/?; 
ttag +53 42/11/?/16/?; 
ttag +54 84/82/77/82/77; 
ttag +55 30/1/?/11/?; 
ttag +56 100/100/100/99/100; 
ttag +57 99/99/99/100/94; 
ttag +58 99/98/97/100/98; 
ttag +59 42/28/18/25/14; 
ttag +60 91/89/80/94/83; 
ttag +61 100/100/100/100/100; 
ttag +62 100/100/100/100/100; 
ttag +63 54/40/29/49/31; 
ttag +64 100/100/100/100/99; 
ttag +65 77/72/60/70/61; 
ttag +66 94/91/81/93/77; 
ttag +67 100/100/96/100/96; 
ttag +68 66/65/59/61/52; 
ttag +69 99/99/94/98/96; 
ttag +70 100/100/98/100/98; 
ttag +71 100/100/98/100/100; 
ttag +72 94/93/87/93/92; 
ttag +73 92/89/77/86/78; 
ttag +74 89/82/80/83/74; 
ttag +75 95/92/87/92/88; 
ttag +76 77/71/62/71/59; 
ttag +77 68/57/51/58/52; 
ttag +78 95/93/92/96/89; 
ttag +79 92/90/84/84/80; 
ttag +80 100/100/96/99/98; 
ttag +81 100/100/100/99/99; 
ttag +82 99/99/100/99/96; 
ttag +83 80/75/65/76/69; 
ttag +84 55/50/44/58/47; 
ttag +85 98/98/95/98/94; 
ttag +86 96/94/96/97/92; 
ttag +87 81/76/69/73/69; 
ttag +88 90/90/84/87/88; 
ttag +89 93/91/87/94/84; 
ttag +90 90/89/82/84/82; 
ttag +91 96/96/95/96/95; 
ttag +92 100/100/100/100/100; 
ttag +93 92/91/86/90/79; 
ttag +94 98/98/97/100/97; 
