tread
'Tree with tags' 
(0 ((1 (((13 14 )((26 (27 (28 (29 30 ))))((39 (31 ((32 33 )(34 35 )(36 (37 38 )))))((40 41 )(42 (43 ((44 45 )(46 47 ))))))))(17 (15 16 )(18 (19 ((20 21 )(24 25 (22 23 ))))))))((2 3 )(8 (((4 5 )(6 7 ))(9 (10 (11 12 )))))))); 
ttag *!; 
ttag +49 2; 
ttag +50 ???; 
ttag +51 8; 
ttag +52 8; 
ttag +53 5; 
ttag +54 3; 
ttag +55 1; 
ttag +56 3; 
ttag +57 7; 
ttag +58 1; 
ttag +59 2; 
ttag +60 11; 
ttag +61 6; 
ttag +62 1; 
ttag +63 2; 
ttag +64 13; 
ttag +65 6; 
ttag +66 2; 
ttag +67 1; 
ttag +68 10; 
ttag +69 4; 
ttag +70 6; 
ttag +71 9; 
ttag +72 10; 
ttag +73 6; 
ttag +74 3; 
ttag +75 8; 
ttag +76 9; 
ttag +77 7; 
ttag +78 1; 
ttag +79 3; 
ttag +80 5; 
ttag +81 8; 
ttag +82 3; 
ttag +83 7; 
ttag +84 10; 
ttag +85 9; 
ttag +86 7; 
ttag +87 3; 
ttag +88 1; 
ttag +89 5; 
ttag +90 2; 
ttag +91 4; 
tread
'Tree with tags' 
(0 ((1 (((13 14 )((26 (27 (28 (29 30 ))))((39 (31 (((32 33 )(34 35 ))(36 (37 38 )))))((40 41 )(42 (43 ((44 45 )(46 47 ))))))))((17 (15 16 ))(18 (19 ((20 21 )(25 (24 (22 23 )))))))))((2 3 )(8 (((4 5 )(6 7 ))(9 (10 (11 12 )))))))); 
ttag *!; 
ttag +0 ////; 
ttag +1 ////; 
ttag +2 ////; 
ttag +3 ////; 
ttag +4 ////; 
ttag +5 ////; 
ttag +6 ////; 
ttag +7 ////; 
ttag +8 ////; 
ttag +9 ////; 
ttag +10 ////; 
ttag +11 ////; 
ttag +12 ////; 
ttag +13 ////; 
ttag +14 ////; 
ttag +15 ////; 
ttag +16 ////; 
ttag +17 ////; 
ttag +18 ////; 
ttag +19 ////; 
ttag +20 ////; 
ttag +21 ////; 
ttag +22 ////; 
ttag +23 ////; 
ttag +24 ////; 
ttag +25 ////; 
ttag +26 ////; 
ttag +27 ////; 
ttag +28 ////; 
ttag +29 ////; 
ttag +30 ////; 
ttag +31 ////; 
ttag +32 ////; 
ttag +33 ////; 
ttag +34 ////; 
ttag +35 ////; 
ttag +36 ////; 
ttag +37 ////; 
ttag +38 ////; 
ttag +39 ////; 
ttag +40 ////; 
ttag +41 ////; 
ttag +42 ////; 
ttag +43 ////; 
ttag +44 ////; 
ttag +45 ////; 
ttag +46 ////; 
ttag +47 ////; 
ttag +48 ////; 
ttag +49 48/27/12/36/17; 
ttag +50 100/100/100/100/100; 
ttag +51 98/98/93/99/95; 
ttag +52 98/98/94/98/94; 
ttag +53 98/97/94/98/93; 
ttag +54 86/85/76/88/73; 
ttag +55 32/[2]/?/10/?; 
ttag +56 76/64/66/76/61; 
ttag +57 96/95/90/98/88; 
ttag +58 39/9/4/10/16; 
ttag +59 68/51/47/63/48; 
ttag +60 100/100/99/100/99; 
ttag +61 98/98/98/99/98; 
ttag +62 66/65/52/60/56; 
ttag +63 59/51/42/58/43; 
ttag +64 100/100/100/100/100; 
ttag +65 34/6/?/?/6; 
ttag +66 94/92/84/94/80; 
ttag +67 65/52/43/54/42; 
ttag +68 49/36/30/36/31; 
ttag +69 100/100/100/99/100; 
ttag +70 79/66/56/71/62; 
ttag +71 98/98/96/98/92; 
ttag +72 38/[6]/?/?/?; 
ttag +73 99/99/98/100/100; 
ttag +74 100/100/100/100/99; 
ttag +75 94/93/87/96/84; 
ttag +76 94/94/95/95/93; 
ttag +77 99/99/98/100/98; 
ttag +78 100/100/99/100/97; 
ttag +79 100/100/98/100/99; 
ttag +80 53/44/36/48/28; 
ttag +81 76/67/62/74/53; 
ttag +82 99/99/98/99/98; 
ttag +83 26/[9]/?/1/1; 
ttag +84 100/100/100/100/100; 
ttag +85 92/92/82/92/89; 
ttag +86 100/100/98/99/98; 
ttag +87 100/100/100/99/99; 
ttag +88 100/100/100/99/99; 
ttag +89 94/93/88/95/88; 
ttag +90 83/74/68/80/68; 
ttag +91 51/40/38/48/42; 
ttag +92 97/96/90/97/92; 
ttag +93 65/50/34/64/47; 
ttag +94 96/95/90/94/92; 
