tread
'Tree with tags' 
(0 (((1 (13 14 ))((2 3 )((6 7 (4 5 ))(8 9 (10 (11 12 )))))(26 (27 (28 (29 30 )))((31 (((32 33 )(34 35 ))(36 (37 38 ))))(39 (40 41 (42 (43 (46 (47 (44 45 ))))))))))((15 16 )(17 (18 19 ((20 21 )(24 25 (22 23 )))))))); 
ttag *!; 
ttag +49 1; 
ttag +50 1; 
ttag +51 ???; 
ttag +52 7; 
ttag +53 3; 
ttag +54 5; 
ttag +55 5; 
ttag +56 1; 
ttag +57 2; 
ttag +58 3; 
ttag +59 7; 
ttag +60 9; 
ttag +61 5; 
ttag +62 4; 
ttag +63 2; 
ttag +64 4; 
ttag +65 5; 
ttag +66 7; 
ttag +67 10; 
ttag +68 10; 
ttag +69 4; 
ttag +70 3; 
ttag +71 4; 
ttag +72 5; 
ttag +73 8; 
ttag +74 6; 
ttag +75 7; 
ttag +76 1; 
ttag +77 5; 
ttag +78 1; 
ttag +79 7; 
ttag +80 5; 
ttag +81 1; 
ttag +82 7; 
ttag +83 8; 
ttag +84 1; 
ttag +85 4; 
ttag +86 1; 
ttag +87 9; 
tread
'Tree with tags' 
(0 (((1 (13 14 ))(((2 3 )(((4 5 )(6 7 ))(9 (8 (10 (11 12 ))))))((26 (27 (28 (29 30 ))))((31 (((32 33 )(34 35 ))(36 (37 38 ))))(39 (40 (41 (42 (43 (46 (47 (44 45 ))))))))))))((15 16 )(17 ((18 19 )((20 21 )(25 (24 (22 23 ))))))))); 
ttag *!; 
ttag +0 ////; 
ttag +1 ////; 
ttag +2 ////; 
ttag +3 ////; 
ttag +4 ////; 
ttag +5 ////; 
ttag +6 ////; 
ttag +7 ////; 
ttag +8 ////; 
ttag +9 ////; 
ttag +10 ////; 
ttag +11 ////; 
ttag +12 ////; 
ttag +13 ////; 
ttag +14 ////; 
ttag +15 ////; 
ttag +16 ////; 
ttag +17 ////; 
ttag +18 ////; 
ttag +19 ////; 
ttag +20 ////; 
ttag +21 ////; 
ttag +22 ////; 
ttag +23 ////; 
ttag +24 ////; 
ttag +25 ////; 
ttag +26 ////; 
ttag +27 ////; 
ttag +28 ////; 
ttag +29 ////; 
ttag +30 ////; 
ttag +31 ////; 
ttag +32 ////; 
ttag +33 ////; 
ttag +34 ////; 
ttag +35 ////; 
ttag +36 ////; 
ttag +37 ////; 
ttag +38 ////; 
ttag +39 ////; 
ttag +40 ////; 
ttag +41 ////; 
ttag +42 ////; 
ttag +43 ////; 
ttag +44 ////; 
ttag +45 ////; 
ttag +46 ////; 
ttag +47 ////; 
ttag +48 ////; 
ttag +49 66/58/33/56/44; 
ttag +50 45/29/23/32/18; 
ttag +51 100/100/100/100/100; 
ttag +52 100/100/97/98/97; 
ttag +53 94/94/87/94/87; 
ttag +54 28/2/23/2/16; 
ttag +55 95/93/92/94/90; 
ttag +56 99/99/93/99/99; 
ttag +57 51/38/40/40/34; 
ttag +58 42/15/10/9/6; 
ttag +59 12/[14]/?/?/?; 
ttag +60 68/59/38/59/44; 
ttag +61 80/72/60/65/64; 
ttag +62 100/100/100/99/100; 
ttag +63 100/100/97/100/98; 
ttag +64 97/97/93/97/96; 
ttag +65 84/80/66/76/59; 
ttag +66 90/86/75/87/79; 
ttag +67 28/10/14/16/17; 
ttag +68 91/87/68/90/75; 
ttag +69 100/100/100/99/99; 
ttag +70 100/100/98/100/96; 
ttag +71 100/100/100/100/99; 
ttag +72 35/[9]/?/?/0; 
ttag +73 100/100/99/100/100; 
ttag +74 47/16/20/19/22; 
ttag +75 97/96/93/97/88; 
ttag +76 90/87/85/94/84; 
ttag +77 92/91/85/92/84; 
ttag +78 94/93/88/98/92; 
ttag +79 99/98/100/99/98; 
ttag +80 98/97/93/98/92; 
ttag +81 99/99/98/99/97; 
ttag +82 48/39/34/44/36; 
ttag +83 99/98/93/98/88; 
ttag +84 48/38/35/43/36; 
ttag +85 98/97/91/99/90; 
ttag +86 98/98/92/99/93; 
ttag +87 76/69/68/75/66; 
ttag +88 100/100/98/100/99; 
ttag +89 35/6/?/?/?; 
ttag +90 100/100/95/99/98; 
ttag +91 56/31/31/42/30; 
ttag +92 91/90/83/92/85; 
ttag +93 56/48/36/44/27; 
ttag +94 99/99/98/100/99; 
