tread
'Tree with tags' 
(0 ((1 ((13 14 )((15 16 )(17 (18 ((19 (20 21 ))((22 23 )(24 25 ))))))(((26 27 )(28 (29 30 )))(39 ((31 ((32 33 )(34 35 )(36 (37 38 ))))((40 41 )(42 (43 ((44 45 )(46 47 ))))))))))((2 3 )(((4 5 )(6 7 ))((8 9 )(10 (11 12 ))))))); 
ttag *!; 
ttag +49 1; 
ttag +50 ???; 
ttag +51 2; 
ttag +52 12; 
ttag +53 3; 
ttag +54 9; 
ttag +55 6; 
ttag +56 3; 
ttag +57 2; 
ttag +58 3; 
ttag +59 9; 
ttag +60 5; 
ttag +61 7; 
ttag +62 2; 
ttag +63 7; 
ttag +64 8; 
ttag +65 4; 
ttag +66 7; 
ttag +67 1; 
ttag +68 1; 
ttag +69 7; 
ttag +70 8; 
ttag +71 10; 
ttag +72 7; 
ttag +73 1; 
ttag +74 4; 
ttag +75 2; 
ttag +76 6; 
ttag +77 6; 
ttag +78 6; 
ttag +79 1; 
ttag +80 10; 
ttag +81 8; 
ttag +82 5; 
ttag +83 6; 
ttag +84 3; 
ttag +85 10; 
ttag +86 1; 
ttag +87 6; 
ttag +88 9; 
ttag +89 3; 
ttag +90 8; 
ttag +91 8; 
ttag +92 5; 
tread
'Tree with tags' 
(0 ((1 ((13 14 )(((15 16 )(17 (18 ((19 (20 21 ))((22 23 )(24 25 ))))))(((26 27 )(28 (29 30 )))(39 ((31 (((32 33 )(36 (37 38 )))(34 35 )))((40 41 )(42 (43 ((44 45 )(46 47 )))))))))))((2 3 )(((4 5 )(6 7 ))((8 9 )(10 (11 12 ))))))); 
ttag *!; 
ttag +0 ////; 
ttag +1 ////; 
ttag +2 ////; 
ttag +3 ////; 
ttag +4 ////; 
ttag +5 ////; 
ttag +6 ////; 
ttag +7 ////; 
ttag +8 ////; 
ttag +9 ////; 
ttag +10 ////; 
ttag +11 ////; 
ttag +12 ////; 
ttag +13 ////; 
ttag +14 ////; 
ttag +15 ////; 
ttag +16 ////; 
ttag +17 ////; 
ttag +18 ////; 
ttag +19 ////; 
ttag +20 ////; 
ttag +21 ////; 
ttag +22 ////; 
ttag +23 ////; 
ttag +24 ////; 
ttag +25 ////; 
ttag +26 ////; 
ttag +27 ////; 
ttag +28 ////; 
ttag +29 ////; 
ttag +30 ////; 
ttag +31 ////; 
ttag +32 ////; 
ttag +33 ////; 
ttag +34 ////; 
ttag +35 ////; 
ttag +36 ////; 
ttag +37 ////; 
ttag +38 ////; 
ttag +39 ////; 
ttag +40 ////; 
ttag +41 ////; 
ttag +42 ////; 
ttag +43 ////; 
ttag +44 ////; 
ttag +45 ////; 
ttag +46 ////; 
ttag +47 ////; 
ttag +48 ////; 
ttag +49 32/20/14/24/10; 
ttag +50 100/100/100/100/100; 
ttag +51 68/57/40/51/44; 
ttag +52 98/97/93/98/95; 
ttag +53 89/86/86/89/84; 
ttag +54 96/94/92/98/90; 
ttag +55 96/94/87/97/91; 
ttag +56 82/75/59/82/58; 
ttag +57 78/69/50/72/57; 
ttag +58 80/76/63/82/70; 
ttag +59 98/98/98/100/97; 
ttag +60 96/96/96/98/95; 
ttag +61 100/100/100/100/100; 
ttag +62 50/37/31/52/35; 
ttag +63 97/96/98/98/99; 
ttag +64 98/98/96/99/96; 
ttag +65 15/[17]/?/?/?; 
ttag +66 95/94/79/94/86; 
ttag +67 99/99/96/99/96; 
ttag +68 37/10/3/24/10; 
ttag +69 38/25/16/36/28; 
ttag +70 100/100/100/100/100; 
ttag +71 100/100/99/100/100; 
ttag +72 100/100/99/100/100; 
ttag +73 96/93/85/98/88; 
ttag +74 64/50/41/40/40; 
ttag +75 92/88/84/88/77; 
ttag +76 74/64/55/69/56; 
ttag +77 98/98/96/98/96; 
ttag +78 99/98/96/99/96; 
ttag +79 97/96/96/99/92; 
ttag +80 48/20/21/23/16; 
ttag +81 99/99/99/100/97; 
ttag +82 99/99/98/100/100; 
ttag +83 19/[2]/?/?/?; 
ttag +84 99/99/98/99/94; 
ttag +85 99/99/98/99/99; 
ttag +86 92/89/79/87/74; 
ttag +87 100/100/99/100/100; 
ttag +88 40/21/19/22/10; 
ttag +89 97/96/94/99/95; 
ttag +90 100/100/97/99/97; 
ttag +91 89/86/75/86/84; 
ttag +92 100/100/96/99/97; 
ttag +93 99/99/98/100/97; 
ttag +94 99/98/93/98/94; 
