tread
'Tree with tags' 
(0 (1 (((((8 9 (2 3 )((4 5 )(6 7 )))(10 (11 12 )))(13 14 ))(17 ((15 16 )(18 (19 ((20 21 )((22 23 )(24 25 ))))))))((26 (27 (28 (29 30 ))))((31 ((32 33 )(34 35 (36 (37 38 )))))(39 ((40 41 )(42 (43 ((44 45 )(46 47 ))))))))))); 
ttag *!; 
ttag +49 ???; 
ttag +50 6; 
ttag +51 1; 
ttag +52 5; 
ttag +53 1; 
ttag +54 1; 
ttag +55 1; 
ttag +56 7; 
ttag +57 3; 
ttag +58 4; 
ttag +59 8; 
ttag +60 4; 
ttag +61 9; 
ttag +62 9; 
ttag +63 1; 
ttag +64 3; 
ttag +65 5; 
ttag +66 3; 
ttag +67 4; 
ttag +68 5; 
ttag +69 4; 
ttag +70 5; 
ttag +71 3; 
ttag +72 7; 
ttag +73 3; 
ttag +74 2; 
ttag +75 7; 
ttag +76 3; 
ttag +77 6; 
ttag +78 2; 
ttag +79 6; 
ttag +80 5; 
ttag +81 1; 
ttag +82 11; 
ttag +83 11; 
ttag +84 1; 
ttag +85 3; 
ttag +86 11; 
ttag +87 7; 
ttag +88 3; 
ttag +89 11; 
ttag +90 4; 
ttag +91 4; 
tread
'Tree with tags' 
(0 (1 (((((8 (9 ((2 3 )((4 5 )(6 7 )))))(10 (11 12 )))(13 14 ))(17 ((15 16 )(18 (19 ((20 21 )((22 23 )(24 25 ))))))))((26 (27 (28 (29 30 ))))((31 ((32 33 )(34 (35 (36 (37 38 ))))))(39 ((40 41 )(42 (43 ((44 45 )(46 47 ))))))))))); 
ttag *!; 
ttag +0 ////; 
ttag +1 ////; 
ttag +2 ////; 
ttag +3 ////; 
ttag +4 ////; 
ttag +5 ////; 
ttag +6 ////; 
ttag +7 ////; 
ttag +8 ////; 
ttag +9 ////; 
ttag +10 ////; 
ttag +11 ////; 
ttag +12 ////; 
ttag +13 ////; 
ttag +14 ////; 
ttag +15 ////; 
ttag +16 ////; 
ttag +17 ////; 
ttag +18 ////; 
ttag +19 ////; 
ttag +20 ////; 
ttag +21 ////; 
ttag +22 ////; 
ttag +23 ////; 
ttag +24 ////; 
ttag +25 ////; 
ttag +26 ////; 
ttag +27 ////; 
ttag +28 ////; 
ttag +29 ////; 
ttag +30 ////; 
ttag +31 ////; 
ttag +32 ////; 
ttag +33 ////; 
ttag +34 ////; 
ttag +35 ////; 
ttag +36 ////; 
ttag +37 ////; 
ttag +38 ////; 
ttag +39 ////; 
ttag +40 ////; 
ttag +41 ////; 
ttag +42 ////; 
ttag +43 ////; 
ttag +44 ////; 
ttag +45 ////; 
ttag +46 ////; 
ttag +47 ////; 
ttag +48 ////; 
ttag +49 100/100/100/100/100; 
ttag +50 97/97/90/96/89; 
ttag +51 32/[5]/?/?/0; 
ttag +52 16/[21]/?/?/?; 
ttag +53 19/[8]/?/?/?; 
ttag +54 96/94/84/96/86; 
ttag +55 17/[22]/?/?/?; 
ttag +56 14/[24]/?/?/?; 
ttag +57 64/50/38/44/52; 
ttag +58 94/91/86/97/92; 
ttag +59 83/78/60/83/60; 
ttag +60 92/90/87/92/86; 
ttag +61 99/99/98/100/98; 
ttag +62 99/99/96/99/97; 
ttag +63 100/100/100/99/100; 
ttag +64 100/100/100/99/100; 
ttag +65 27/9/3/11/?; 
ttag +66 70/59/60/68/48; 
ttag +67 96/96/90/96/91; 
ttag +68 92/91/87/93/91; 
ttag +69 99/99/97/99/97; 
ttag +70 96/95/91/96/93; 
ttag +71 94/92/85/92/81; 
ttag +72 98/97/93/98/91; 
ttag +73 84/79/66/78/70; 
ttag +74 98/97/93/96/89; 
ttag +75 91/89/82/91/81; 
ttag +76 80/72/64/76/67; 
ttag +77 100/100/97/99/98; 
ttag +78 86/82/76/85/76; 
ttag +79 95/94/87/95/86; 
ttag +80 69/50/46/58/41; 
ttag +81 100/100/99/99/99; 
ttag +82 96/94/86/96/83; 
ttag +83 70/58/46/52/40; 
ttag +84 33/[15]/?/?/?; 
ttag +85 100/100/97/99/98; 
ttag +86 99/99/98/98/96; 
ttag +87 52/43/43/51/44; 
ttag +88 82/76/72/82/68; 
ttag +89 100/100/98/100/99; 
ttag +90 98/97/92/96/93; 
ttag +91 83/77/69/86/69; 
ttag +92 100/100/100/100/100; 
ttag +93 93/90/79/93/84; 
ttag +94 90/86/82/88/82; 
