tread
'Tree with tags' 
(0 ((1 ((2 3 )(((4 5 )(6 7 ))(9 (8 (10 (11 12 )))))))(((13 14 )((15 16 )(17 (18 (19 ((20 21 )(22 23 )(24 25 )))))))((26 (27 (28 (29 30 ))))(39 (31 ((32 33 )((34 35 )(36 (37 38 )))))((40 41 )(42 (43 ((44 45 )(46 47 )))))))))); 
ttag *!; 
ttag +49 1; 
ttag +50 ???; 
ttag +51 11; 
ttag +52 7; 
ttag +53 8; 
ttag +54 1; 
ttag +55 1; 
ttag +56 2; 
ttag +57 1; 
ttag +58 3; 
ttag +59 11; 
ttag +60 4; 
ttag +61 9; 
ttag +62 2; 
ttag +63 2; 
ttag +64 8; 
ttag +65 4; 
ttag +66 1; 
ttag +67 2; 
ttag +68 1; 
ttag +69 8; 
ttag +70 4; 
ttag +71 10; 
ttag +72 2; 
ttag +73 7; 
ttag +74 7; 
ttag +75 3; 
ttag +76 5; 
ttag +77 12; 
ttag +78 4; 
ttag +79 3; 
ttag +80 8; 
ttag +81 7; 
ttag +82 2; 
ttag +83 1; 
ttag +84 7; 
ttag +85 7; 
ttag +86 3; 
ttag +87 6; 
ttag +88 4; 
ttag +89 3; 
ttag +90 9; 
ttag +91 10; 
ttag +92 1; 
tread
'Tree with tags' 
(0 ((1 ((2 3 )(((4 5 )(6 7 ))(9 (8 (10 (11 12 )))))))(((13 14 )((15 16 )(17 (18 (19 ((20 21 )((22 23 )(24 25 ))))))))((26 (27 (28 (29 30 ))))(39 ((31 ((32 33 )((34 35 )(36 (37 38 )))))((40 41 )(42 (43 ((44 45 )(46 47 ))))))))))); 
ttag *!; 
ttag +0 ////; 
ttag +1 ////; 
ttag +2 ////; 
ttag +3 ////; 
ttag +4 ////; 
ttag +5 ////; 
ttag +6 ////; 
ttag +7 ////; 
ttag +8 ////; 
ttag +9 ////; 
ttag +10 ////; 
ttag +11 ////; 
ttag +12 ////; 
ttag +13 ////; 
ttag +14 ////; 
ttag +15 ////; 
ttag +16 ////; 
ttag +17 ////; 
ttag +18 ////; 
ttag +19 ////; 
ttag +20 ////; 
ttag +21 ////; 
ttag +22 ////; 
ttag +23 ////; 
ttag +24 ////; 
ttag +25 ////; 
ttag +26 ////; 
ttag +27 ////; 
ttag +28 ////; 
ttag +29 ////; 
ttag +30 ////; 
ttag +31 ////; 
ttag +32 ////; 
ttag +33 ////; 
ttag +34 ////; 
ttag +35 ////; 
ttag +36 ////; 
ttag +37 ////; 
ttag +38 ////; 
ttag +39 ////; 
ttag +40 ////; 
ttag +41 ////; 
ttag +42 ////; 
ttag +43 ////; 
ttag +44 ////; 
ttag +45 ////; 
ttag +46 ////; 
ttag +47 ////; 
ttag +48 ////; 
ttag +49 26/[6]/?/11/?; 
ttag +50 100/100/100/100/100; 
ttag +51 100/100/99/100/100; 
ttag +52 93/91/84/90/86; 
ttag +53 99/99/98/100/98; 
ttag +54 76/67/73/72/68; 
ttag +55 56/34/28/40/32; 
ttag +56 66/56/46/56/55; 
ttag +57 31/6/?/13/?; 
ttag +58 65/48/34/51/30; 
ttag +59 100/100/99/100/100; 
ttag +60 93/89/87/92/84; 
ttag +61 98/98/96/99/97; 
ttag +62 42/10/?/21/?; 
ttag +63 40/8/1/22/6; 
ttag +64 100/100/100/100/100; 
ttag +65 73/63/52/66/54; 
ttag +66 28/5/?/12/?; 
ttag +67 71/64/54/72/55; 
ttag +68 53/37/28/38/27; 
ttag +69 100/100/100/100/99; 
ttag +70 74/72/63/80/67; 
ttag +71 100/100/99/100/99; 
ttag +72 30/[7]/?/?/2; 
ttag +73 81/70/64/74/63; 
ttag +74 98/98/92/98/90; 
ttag +75 96/93/92/96/92; 
ttag +76 82/77/69/87/66; 
ttag +77 94/92/88/93/83; 
ttag +78 100/100/100/100/100; 
ttag +79 92/89/82/90/86; 
ttag +80 22/6/11/0/5; 
ttag +81 87/84/82/89/78; 
ttag +82 100/100/100/100/100; 
ttag +83 100/100/98/100/99; 
ttag +84 80/80/83/76/76; 
ttag +85 49/39/34/42/32; 
ttag +86 100/100/94/98/98; 
ttag +87 100/100/97/100/98; 
ttag +88 85/80/72/91/83; 
ttag +89 94/92/85/96/86; 
ttag +90 94/90/82/92/84; 
ttag +91 92/90/76/81/73; 
ttag +92 100/100/100/99/100; 
ttag +93 100/100/100/100/99; 
ttag +94 57/29/37/40/39; 
