tread
'Tree with tags' 
(0 (1 (((2 3 )(((4 5 )(6 7 ))((8 9 )(10 (11 12 )))))(((13 14 )((26 (27 (28 (29 30 ))))(39 (31 ((32 33 )((34 35 )(36 (37 38 )))))((40 41 )(42 (43 ((44 45 )(46 47 ))))))))((15 16 )(17 (18 (19 (((20 21 )(24 25 ))(22 23 )))))))))); 
ttag *!; 
ttag +49 ???; 
ttag +50 6; 
ttag +51 5; 
ttag +52 1; 
ttag +53 7; 
ttag +54 7; 
ttag +55 5; 
ttag +56 3; 
ttag +57 3; 
ttag +58 4; 
ttag +59 6; 
ttag +60 3; 
ttag +61 8; 
ttag +62 1; 
ttag +63 1; 
ttag +64 9; 
ttag +65 9; 
ttag +66 1; 
ttag +67 1; 
ttag +68 2; 
ttag +69 7; 
ttag +70 1; 
ttag +71 10; 
ttag +72 3; 
ttag +73 5; 
ttag +74 5; 
ttag +75 5; 
ttag +76 3; 
ttag +77 7; 
ttag +78 11; 
ttag +79 7; 
ttag +80 6; 
ttag +81 2; 
ttag +82 4; 
ttag +83 5; 
ttag +84 1; 
ttag +85 6; 
ttag +86 15; 
ttag +87 5; 
ttag +88 9; 
ttag +89 10; 
ttag +90 5; 
ttag +91 8; 
ttag +92 5; 
ttag +93 1; 
tread
'Tree with tags' 
(0 (1 (((2 3 )(((4 5 )(6 7 ))((8 9 )(10 (11 12 )))))(((13 14 )((26 (27 (28 (29 30 ))))((39 (31 ((32 33 )((34 35 )(36 (37 38 ))))))((40 41 )(42 (43 ((44 45 )(46 47 ))))))))((15 16 )(17 (18 (19 (((20 21 )(24 25 ))(22 23 )))))))))); 
ttag *!; 
ttag +0 ////; 
ttag +1 ////; 
ttag +2 ////; 
ttag +3 ////; 
ttag +4 ////; 
ttag +5 ////; 
ttag +6 ////; 
ttag +7 ////; 
ttag +8 ////; 
ttag +9 ////; 
ttag +10 ////; 
ttag +11 ////; 
ttag +12 ////; 
ttag +13 ////; 
ttag +14 ////; 
ttag +15 ////; 
ttag +16 ////; 
ttag +17 ////; 
ttag +18 ////; 
ttag +19 ////; 
ttag +20 ////; 
ttag +21 ////; 
ttag +22 ////; 
ttag +23 ////; 
ttag +24 ////; 
ttag +25 ////; 
ttag +26 ////; 
ttag +27 ////; 
ttag +28 ////; 
ttag +29 ////; 
ttag +30 ////; 
ttag +31 ////; 
ttag +32 ////; 
ttag +33 ////; 
ttag +34 ////; 
ttag +35 ////; 
ttag +36 ////; 
ttag +37 ////; 
ttag +38 ////; 
ttag +39 ////; 
ttag +40 ////; 
ttag +41 ////; 
ttag +42 ////; 
ttag +43 ////; 
ttag +44 ////; 
ttag +45 ////; 
ttag +46 ////; 
ttag +47 ////; 
ttag +48 ////; 
ttag +49 100/100/100/100/100; 
ttag +50 99/98/97/99/98; 
ttag +51 89/87/79/88/77; 
ttag +52 37/23/10/17/12; 
ttag +53 99/99/97/99/98; 
ttag +54 98/98/94/98/92; 
ttag +55 98/98/96/99/98; 
ttag +56 87/85/81/84/78; 
ttag +57 82/76/73/80/70; 
ttag +58 82/77/74/80/70; 
ttag +59 99/99/92/98/96; 
ttag +60 86/82/73/87/75; 
ttag +61 99/99/100/99/98; 
ttag +62 35/18/7/14/2; 
ttag +63 38/6/2/3/5; 
ttag +64 100/100/96/100/97; 
ttag +65 99/99/99/100/98; 
ttag +66 54/27/10/30/11; 
ttag +67 46/19/7/24/10; 
ttag +68 78/74/69/78/68; 
ttag +69 100/100/100/99/99; 
ttag +70 39/13/10/15/10; 
ttag +71 99/99/99/100/98; 
ttag +72 92/90/88/88/91; 
ttag +73 97/97/88/94/87; 
ttag +74 99/99/97/98/98; 
ttag +75 92/90/80/90/84; 
ttag +76 89/87/80/84/78; 
ttag +77 100/100/99/100/98; 
ttag +78 100/100/100/100/100; 
ttag +79 96/94/88/92/89; 
ttag +80 0/[2]/?/?/0; 
ttag +81 96/95/88/98/92; 
ttag +82 70/62/53/69/52; 
ttag +83 96/95/92/94/92; 
ttag +84 95/93/94/96/91; 
ttag +85 40/29/37/39/28; 
ttag +86 96/96/94/97/93; 
ttag +87 100/100/100/100/100; 
ttag +88 95/94/87/95/89; 
ttag +89 99/99/98/100/97; 
ttag +90 100/100/96/99/96; 
ttag +91 98/98/91/97/90; 
ttag +92 100/100/99/99/98; 
ttag +93 94/93/88/95/84; 
ttag +94 63/48/32/47/44; 
