tread
'Tree with tags' 
(0 ((1 ((2 3 )(8 9 (6 7 (4 5 ))(10 (11 12 )))))((13 14 )(((15 16 )(17 (18 (19 ((20 21 )((22 23 )(24 25 )))))))((26 27 28 (29 30 ))((31 (32 33 )(34 35 )(36 (37 38 )))(39 ((40 41 )(42 43 ((44 45 )(46 47 ))))))))))); 
ttag *!; 
ttag +49 2; 
ttag +50 ???; 
ttag +51 4; 
ttag +52 8; 
ttag +53 7; 
ttag +54 6; 
ttag +55 3; 
ttag +56 4; 
ttag +57 2; 
ttag +58 8; 
ttag +59 2; 
ttag +60 11; 
ttag +61 5; 
ttag +62 1; 
ttag +63 4; 
ttag +64 3; 
ttag +65 1; 
ttag +66 13; 
ttag +67 4; 
ttag +68 5; 
ttag +69 5; 
ttag +70 3; 
ttag +71 8; 
ttag +72 8; 
ttag +73 6; 
ttag +74 2; 
ttag +75 6; 
ttag +76 7; 
ttag +77 1; 
ttag +78 10; 
ttag +79 12; 
ttag +80 2; 
ttag +81 3; 
ttag +82 7; 
ttag +83 7; 
ttag +84 2; 
ttag +85 4; 
ttag +86 4; 
tread
'Tree with tags' 
(0 ((1 ((2 3 )(9 ((6 (7 (4 5 )))(8 (10 (11 12 )))))))((13 14 )(((15 16 )(17 (18 (19 ((20 21 )((22 23 )(24 25 )))))))(((28 (26 27 ))(29 30 ))((((31 (32 33 ))(34 35 ))(36 (37 38 )))(39 ((40 41 )(43 (42 ((44 45 )(46 47 )))))))))))); 
ttag *!; 
ttag +0 ////; 
ttag +1 ////; 
ttag +2 ////; 
ttag +3 ////; 
ttag +4 ////; 
ttag +5 ////; 
ttag +6 ////; 
ttag +7 ////; 
ttag +8 ////; 
ttag +9 ////; 
ttag +10 ////; 
ttag +11 ////; 
ttag +12 ////; 
ttag +13 ////; 
ttag +14 ////; 
ttag +15 ////; 
ttag +16 ////; 
ttag +17 ////; 
ttag +18 ////; 
ttag +19 ////; 
ttag +20 ////; 
ttag +21 ////; 
ttag +22 ////; 
ttag +23 ////; 
ttag +24 ////; 
ttag +25 ////; 
ttag +26 ////; 
ttag +27 ////; 
ttag +28 ////; 
ttag +29 ////; 
ttag +30 ////; 
ttag +31 ////; 
ttag +32 ////; 
ttag +33 ////; 
ttag +34 ////; 
ttag +35 ////; 
ttag +36 ////; 
ttag +37 ////; 
ttag +38 ////; 
ttag +39 ////; 
ttag +40 ////; 
ttag +41 ////; 
ttag +42 ////; 
ttag +43 ////; 
ttag +44 ////; 
ttag +45 ////; 
ttag +46 ////; 
ttag +47 ////; 
ttag +48 ////; 
ttag +49 70/66/57/75/55; 
ttag +50 100/100/100/100/100; 
ttag +51 93/90/83/94/82; 
ttag +52 98/98/95/100/96; 
ttag +53 98/98/97/99/98; 
ttag +54 29/[9]/?/?/?; 
ttag +55 98/98/97/99/98; 
ttag +56 35/2/?/11/?; 
ttag +57 91/89/74/84/74; 
ttag +58 13/[19]/?/?/?; 
ttag +59 96/96/87/95/83; 
ttag +60 91/88/71/83/76; 
ttag +61 99/98/95/99/98; 
ttag +62 74/70/54/77/50; 
ttag +63 99/99/99/100/99; 
ttag +64 87/82/74/90/71; 
ttag +65 56/44/30/47/26; 
ttag +66 83/77/57/82/63; 
ttag +67 90/86/73/86/70; 
ttag +68 68/62/58/58/46; 
ttag +69 100/100/100/100/100; 
ttag +70 92/90/74/88/77; 
ttag +71 96/96/90/96/93; 
ttag +72 94/90/89/92/89; 
ttag +73 87/80/72/72/70; 
ttag +74 48/19/30/17/32; 
ttag +75 25/[16]/?/?/?; 
ttag +76 100/100/100/99/99; 
ttag +77 98/98/92/98/95; 
ttag +78 98/98/98/99/98; 
ttag +79 30/5/4/12/8; 
ttag +80 20/[22]/?/?/?; 
ttag +81 88/88/87/88/85; 
ttag +82 92/89/88/97/85; 
ttag +83 100/100/100/100/100; 
ttag +84 70/64/58/68/57; 
ttag +85 100/100/98/99/98; 
ttag +86 100/100/100/100/100; 
ttag +87 88/86/78/83/78; 
ttag +88 86/79/69/76/68; 
ttag +89 98/98/94/98/94; 
ttag +90 32/3/?/?/?; 
ttag +91 99/98/92/98/94; 
ttag +92 72/56/51/56/52; 
ttag +93 96/95/89/92/87; 
ttag +94 94/92/89/96/87; 
