tread
'Tree with tags' 
(0 (1 ((2 3 )((6 7 (4 5 ))(8 9 (10 (11 12 )))))(13 14 )(((15 16 )(17 (18 19 ((20 21 )((22 23 )(24 25 ))))))((26 (27 (28 (29 30 ))))(39 (31 ((32 33 )(34 35 )(36 (37 38 )))))(40 41 (42 (43 ((44 45 )(46 47 ))))))))); 
ttag *!; 
ttag +49 ???; 
ttag +50 7; 
ttag +51 9; 
ttag +52 3; 
ttag +53 3; 
ttag +54 4; 
ttag +55 1; 
ttag +56 2; 
ttag +57 8; 
ttag +58 6; 
ttag +59 13; 
ttag +60 5; 
ttag +61 1; 
ttag +62 3; 
ttag +63 5; 
ttag +64 9; 
ttag +65 5; 
ttag +66 7; 
ttag +67 5; 
ttag +68 7; 
ttag +69 5; 
ttag +70 8; 
ttag +71 1; 
ttag +72 7; 
ttag +73 9; 
ttag +74 5; 
ttag +75 2; 
ttag +76 8; 
ttag +77 1; 
ttag +78 1; 
ttag +79 7; 
ttag +80 7; 
ttag +81 2; 
ttag +82 7; 
ttag +83 2; 
ttag +84 4; 
ttag +85 3; 
ttag +86 5; 
tread
'Tree with tags' 
(0 (((1 ((2 3 )((7 (6 (4 5 )))(8 (9 (10 (11 12 )))))))(13 14 ))(((15 16 )(17 (18 (19 ((20 21 )((22 23 )(24 25 )))))))(((26 (27 (28 (29 30 ))))(39 (31 (((32 33 )(34 35 ))(36 (37 38 ))))))((40 41 )(42 (43 ((44 45 )(46 47 ))))))))); 
ttag *!; 
ttag +0 ////; 
ttag +1 ////; 
ttag +2 ////; 
ttag +3 ////; 
ttag +4 ////; 
ttag +5 ////; 
ttag +6 ////; 
ttag +7 ////; 
ttag +8 ////; 
ttag +9 ////; 
ttag +10 ////; 
ttag +11 ////; 
ttag +12 ////; 
ttag +13 ////; 
ttag +14 ////; 
ttag +15 ////; 
ttag +16 ////; 
ttag +17 ////; 
ttag +18 ////; 
ttag +19 ////; 
ttag +20 ////; 
ttag +21 ////; 
ttag +22 ////; 
ttag +23 ////; 
ttag +24 ////; 
ttag +25 ////; 
ttag +26 ////; 
ttag +27 ////; 
ttag +28 ////; 
ttag +29 ////; 
ttag +30 ////; 
ttag +31 ////; 
ttag +32 ////; 
ttag +33 ////; 
ttag +34 ////; 
ttag +35 ////; 
ttag +36 ////; 
ttag +37 ////; 
ttag +38 ////; 
ttag +39 ////; 
ttag +40 ////; 
ttag +41 ////; 
ttag +42 ////; 
ttag +43 ////; 
ttag +44 ////; 
ttag +45 ////; 
ttag +46 ////; 
ttag +47 ////; 
ttag +48 ////; 
ttag +49 18/4/12/0/7; 
ttag +50 11/[12]/?/?/?; 
ttag +51 100/100/100/100/100; 
ttag +52 99/99/98/100/98; 
ttag +53 99/99/97/99/95; 
ttag +54 90/87/74/94/85; 
ttag +55 41/[1]/?/1/14; 
ttag +56 95/94/89/92/86; 
ttag +57 94/93/86/94/85; 
ttag +58 70/62/50/66/49; 
ttag +59 17/[9]/?/?/?; 
ttag +60 74/65/53/67/62; 
ttag +61 100/100/100/100/100; 
ttag +62 99/99/94/99/95; 
ttag +63 100/100/100/100/100; 
ttag +64 96/95/85/96/88; 
ttag +65 43/20/9/15/14; 
ttag +66 80/76/68/76/67; 
ttag +67 96/95/82/92/77; 
ttag +68 29/[4]/4/?/?; 
ttag +69 100/100/100/100/100; 
ttag +70 98/97/93/98/95; 
ttag +71 98/98/97/98/92; 
ttag +72 98/98/94/98/95; 
ttag +73 100/100/99/100/98; 
ttag +74 98/98/94/98/95; 
ttag +75 33/14/14/13/11; 
ttag +76 98/98/99/100/98; 
ttag +77 58/38/35/37/36; 
ttag +78 99/99/96/99/97; 
ttag +79 100/100/100/100/100; 
ttag +80 92/86/83/90/77; 
ttag +81 59/40/42/46/39; 
ttag +82 100/100/98/100/100; 
ttag +83 32/[5]/6/4/14; 
ttag +84 60/44/27/40/23; 
ttag +85 61/50/51/53/52; 
ttag +86 98/98/94/98/93; 
ttag +87 99/98/94/98/96; 
ttag +88 53/24/20/13/19; 
ttag +89 64/56/49/64/47; 
ttag +90 99/98/96/99/96; 
ttag +91 78/75/64/80/65; 
ttag +92 84/80/70/86/63; 
ttag +93 72/69/50/73/56; 
ttag +94 95/94/84/96/89; 
