tread
'Tree with tags' 
(0 ((1 ((2 3 )((6 7 (4 5 ))((8 9 )(10 (11 12 ))))))((13 14 )((17 (15 16 ))(18 (19 ((20 21 )((22 23 )(24 25 ))))))((26 (27 (28 (29 30 ))))((31 ((32 33 )((34 35 )(36 (37 38 )))))(39 (40 41 (42 (43 ((44 45 )(46 47 ))))))))))); 
ttag *!; 
ttag +49 1; 
ttag +50 ???; 
ttag +51 5; 
ttag +52 6; 
ttag +53 10; 
ttag +54 5; 
ttag +55 3; 
ttag +56 1; 
ttag +57 1; 
ttag +58 3; 
ttag +59 9; 
ttag +60 11; 
ttag +61 1; 
ttag +62 8; 
ttag +63 2; 
ttag +64 2; 
ttag +65 7; 
ttag +66 4; 
ttag +67 7; 
ttag +68 6; 
ttag +69 7; 
ttag +70 6; 
ttag +71 4; 
ttag +72 8; 
ttag +73 3; 
ttag +74 3; 
ttag +75 4; 
ttag +76 10; 
ttag +77 5; 
ttag +78 4; 
ttag +79 2; 
ttag +80 7; 
ttag +81 3; 
ttag +82 4; 
ttag +83 10; 
ttag +84 14; 
ttag +85 1; 
ttag +86 7; 
ttag +87 10; 
ttag +88 8; 
ttag +89 4; 
ttag +90 7; 
ttag +91 3; 
tread
'Tree with tags' 
(0 ((1 ((2 3 )((7 (6 (4 5 )))((8 9 )(10 (11 12 ))))))(((13 14 )((17 (15 16 ))(18 (19 ((20 21 )((22 23 )(24 25 )))))))((26 (27 (28 (29 30 ))))((31 ((32 33 )((34 35 )(36 (37 38 )))))(39 (41 (40 (42 (43 ((44 45 )(46 47 )))))))))))); 
ttag *!; 
ttag +0 ////; 
ttag +1 ////; 
ttag +2 ////; 
ttag +3 ////; 
ttag +4 ////; 
ttag +5 ////; 
ttag +6 ////; 
ttag +7 ////; 
ttag +8 ////; 
ttag +9 ////; 
ttag +10 ////; 
ttag +11 ////; 
ttag +12 ////; 
ttag +13 ////; 
ttag +14 ////; 
ttag +15 ////; 
ttag +16 ////; 
ttag +17 ////; 
ttag +18 ////; 
ttag +19 ////; 
ttag +20 ////; 
ttag +21 ////; 
ttag +22 ////; 
ttag +23 ////; 
ttag +24 ////; 
ttag +25 ////; 
ttag +26 ////; 
ttag +27 ////; 
ttag +28 ////; 
ttag +29 ////; 
ttag +30 ////; 
ttag +31 ////; 
ttag +32 ////; 
ttag +33 ////; 
ttag +34 ////; 
ttag +35 ////; 
ttag +36 ////; 
ttag +37 ////; 
ttag +38 ////; 
ttag +39 ////; 
ttag +40 ////; 
ttag +41 ////; 
ttag +42 ////; 
ttag +43 ////; 
ttag +44 ////; 
ttag +45 ////; 
ttag +46 ////; 
ttag +47 ////; 
ttag +48 ////; 
ttag +49 33/9/9/29/5; 
ttag +50 100/100/100/100/100; 
ttag +51 94/92/88/94/88; 
ttag +52 96/94/93/96/88; 
ttag +53 100/100/100/100/99; 
ttag +54 26/[18]/?/?/?; 
ttag +55 93/92/91/97/90; 
ttag +56 86/80/82/84/73; 
ttag +57 62/52/51/55/55; 
ttag +58 58/41/32/43/23; 
ttag +59 80/77/66/81/70; 
ttag +60 100/100/99/100/98; 
ttag +61 100/100/99/100/99; 
ttag +62 34/14/12/7/7; 
ttag +63 42/30/32/42/31; 
ttag +64 100/100/98/99/99; 
ttag +65 70/60/46/59/50; 
ttag +66 79/74/70/76/72; 
ttag +67 100/100/99/99/98; 
ttag +68 91/88/82/86/72; 
ttag +69 99/99/98/99/98; 
ttag +70 98/98/96/99/96; 
ttag +71 99/99/97/99/98; 
ttag +72 98/98/92/98/92; 
ttag +73 93/90/84/90/79; 
ttag +74 99/99/98/99/98; 
ttag +75 88/84/76/81/71; 
ttag +76 85/80/77/82/74; 
ttag +77 92/90/85/94/78; 
ttag +78 100/100/100/100/100; 
ttag +79 99/99/98/100/97; 
ttag +80 90/85/86/85/89; 
ttag +81 84/78/74/73/63; 
ttag +82 98/98/96/98/94; 
ttag +83 91/88/86/92/88; 
ttag +84 93/92/94/94/89; 
ttag +85 100/100/99/100/100; 
ttag +86 100/100/100/100/100; 
ttag +87 54/35/23/31/36; 
ttag +88 26/[15]/?/?/?; 
ttag +89 98/96/90/95/94; 
ttag +90 100/100/100/100/99; 
ttag +91 99/99/99/99/98; 
ttag +92 96/96/94/95/92; 
ttag +93 100/100/100/99/98; 
ttag +94 88/85/71/81/77; 
