tread
'Tree with tags' 
(0 (1 ((2 3 )(9 (8 ((6 7 (4 5 ))(10 (11 12 ))))))((13 14 )((15 16 )(17 (18 (19 ((20 21 )((22 23 )(24 25 )))))))((26 (27 (28 (29 30 ))))((31 ((32 33 )((34 35 )(36 (37 38 )))))(39 ((40 41 )(42 (43 ((44 45 )(46 47 ))))))))))); 
ttag *!; 
ttag +49 ???; 
ttag +50 10; 
ttag +51 6; 
ttag +52 8; 
ttag +53 7; 
ttag +54 1; 
ttag +55 1; 
ttag +56 4; 
ttag +57 1; 
ttag +58 7; 
ttag +59 7; 
ttag +60 1; 
ttag +61 11; 
ttag +62 7; 
ttag +63 3; 
ttag +64 6; 
ttag +65 1; 
ttag +66 5; 
ttag +67 5; 
ttag +68 11; 
ttag +69 5; 
ttag +70 3; 
ttag +71 2; 
ttag +72 5; 
ttag +73 2; 
ttag +74 6; 
ttag +75 14; 
ttag +76 6; 
ttag +77 8; 
ttag +78 4; 
ttag +79 1; 
ttag +80 5; 
ttag +81 2; 
ttag +82 4; 
ttag +83 9; 
ttag +84 1; 
ttag +85 2; 
ttag +86 9; 
ttag +87 11; 
ttag +88 5; 
ttag +89 8; 
ttag +90 3; 
ttag +91 1; 
tread
'Tree with tags' 
(0 ((1 (((13 14 )((26 (27 (28 (29 30 ))))((31 ((32 33 )((34 35 )(36 (37 38 )))))(39 ((40 41 )(42 (43 ((44 45 )(46 47 )))))))))((15 16 )(17 (18 (19 ((20 21 )((22 23 )(24 25 )))))))))((2 3 )(9 (8 (((4 5 )(6 7 ))(10 (11 12 )))))))); 
ttag *!; 
ttag +0 ////; 
ttag +1 ////; 
ttag +2 ////; 
ttag +3 ////; 
ttag +4 ////; 
ttag +5 ////; 
ttag +6 ////; 
ttag +7 ////; 
ttag +8 ////; 
ttag +9 ////; 
ttag +10 ////; 
ttag +11 ////; 
ttag +12 ////; 
ttag +13 ////; 
ttag +14 ////; 
ttag +15 ////; 
ttag +16 ////; 
ttag +17 ////; 
ttag +18 ////; 
ttag +19 ////; 
ttag +20 ////; 
ttag +21 ////; 
ttag +22 ////; 
ttag +23 ////; 
ttag +24 ////; 
ttag +25 ////; 
ttag +26 ////; 
ttag +27 ////; 
ttag +28 ////; 
ttag +29 ////; 
ttag +30 ////; 
ttag +31 ////; 
ttag +32 ////; 
ttag +33 ////; 
ttag +34 ////; 
ttag +35 ////; 
ttag +36 ////; 
ttag +37 ////; 
ttag +38 ////; 
ttag +39 ////; 
ttag +40 ////; 
ttag +41 ////; 
ttag +42 ////; 
ttag +43 ////; 
ttag +44 ////; 
ttag +45 ////; 
ttag +46 ////; 
ttag +47 ////; 
ttag +48 ////; 
ttag +49 26/2/0/3/?; 
ttag +50 100/100/100/100/100; 
ttag +51 100/100/100/100/100; 
ttag +52 99/99/93/98/96; 
ttag +53 100/100/100/99/98; 
ttag +54 97/96/94/98/94; 
ttag +55 60/41/36/39/27; 
ttag +56 41/22/20/13/3; 
ttag +57 91/89/81/86/83; 
ttag +58 49/25/33/21/26; 
ttag +59 65/52/57/61/50; 
ttag +60 99/99/99/100/98; 
ttag +61 99/99/100/99/99; 
ttag +62 30/0/?/?/?; 
ttag +63 47/37/28/34/35; 
ttag +64 100/100/100/100/100; 
ttag +65 100/100/98/99/97; 
ttag +66 93/90/78/85/72; 
ttag +67 98/98/98/99/94; 
ttag +68 60/42/40/48/48; 
ttag +69 98/97/95/98/93; 
ttag +70 97/96/90/96/86; 
ttag +71 100/100/100/100/99; 
ttag +72 96/95/92/96/91; 
ttag +73 81/72/70/80/69; 
ttag +74 72/58/48/69/55; 
ttag +75 98/98/96/100/96; 
ttag +76 56/42/26/50/32; 
ttag +77 98/97/98/98/98; 
ttag +78 100/100/100/100/100; 
ttag +79 98/98/98/99/97; 
ttag +80 97/95/92/96/93; 
ttag +81 94/94/91/95/91; 
ttag +82 36/14/0/13/9; 
ttag +83 97/96/92/98/94; 
ttag +84 57/36/27/45/32; 
ttag +85 90/87/79/86/77; 
ttag +86 99/99/99/99/97; 
ttag +87 64/50/46/52/52; 
ttag +88 70/50/35/58/46; 
ttag +89 99/99/98/100/99; 
ttag +90 100/100/100/100/99; 
ttag +91 95/94/90/95/86; 
ttag +92 99/99/98/100/100; 
ttag +93 87/81/68/74/71; 
ttag +94 65/47/46/49/41; 
