tread
'Tree with tags' 
(0 ((1 ((26 (27 (28 (29 30 ))))(39 ((31 ((32 33 )(34 35 )(36 (37 38 ))))((40 41 )(42 (43 (47 (46 (44 45 ))))))))))((2 3 )(8 (9 ((6 7 (4 5 ))(10 (11 12 ))))))((13 14 )((15 16 )(17 (18 (19 ((20 21 )((22 23 )(24 25 )))))))))); 
ttag *!; 
ttag +49 1; 
ttag +50 ???; 
ttag +51 7; 
ttag +52 9; 
ttag +53 4; 
ttag +54 7; 
ttag +55 1; 
ttag +56 1; 
ttag +57 3; 
ttag +58 4; 
ttag +59 11; 
ttag +60 13; 
ttag +61 2; 
ttag +62 9; 
ttag +63 4; 
ttag +64 5; 
ttag +65 7; 
ttag +66 1; 
ttag +67 6; 
ttag +68 8; 
ttag +69 13; 
ttag +70 9; 
ttag +71 6; 
ttag +72 5; 
ttag +73 8; 
ttag +74 3; 
ttag +75 2; 
ttag +76 11; 
ttag +77 4; 
ttag +78 1; 
ttag +79 6; 
ttag +80 9; 
ttag +81 5; 
ttag +82 2; 
ttag +83 11; 
ttag +84 3; 
ttag +85 2; 
ttag +86 6; 
ttag +87 7; 
ttag +88 3; 
ttag +89 9; 
ttag +90 2; 
ttag +91 10; 
tread
'Tree with tags' 
(0 ((1 ((26 (27 (28 (29 30 ))))(39 ((31 (((32 33 )(34 35 ))(36 (37 38 ))))((40 41 )(42 (43 (47 (46 (44 45 ))))))))))(((2 3 )(8 (9 ((6 (7 (4 5 )))(10 (11 12 ))))))((13 14 )((15 16 )(17 (18 (19 ((20 21 )((22 23 )(24 25 ))))))))))); 
ttag *!; 
ttag +0 ////; 
ttag +1 ////; 
ttag +2 ////; 
ttag +3 ////; 
ttag +4 ////; 
ttag +5 ////; 
ttag +6 ////; 
ttag +7 ////; 
ttag +8 ////; 
ttag +9 ////; 
ttag +10 ////; 
ttag +11 ////; 
ttag +12 ////; 
ttag +13 ////; 
ttag +14 ////; 
ttag +15 ////; 
ttag +16 ////; 
ttag +17 ////; 
ttag +18 ////; 
ttag +19 ////; 
ttag +20 ////; 
ttag +21 ////; 
ttag +22 ////; 
ttag +23 ////; 
ttag +24 ////; 
ttag +25 ////; 
ttag +26 ////; 
ttag +27 ////; 
ttag +28 ////; 
ttag +29 ////; 
ttag +30 ////; 
ttag +31 ////; 
ttag +32 ////; 
ttag +33 ////; 
ttag +34 ////; 
ttag +35 ////; 
ttag +36 ////; 
ttag +37 ////; 
ttag +38 ////; 
ttag +39 ////; 
ttag +40 ////; 
ttag +41 ////; 
ttag +42 ////; 
ttag +43 ////; 
ttag +44 ////; 
ttag +45 ////; 
ttag +46 ////; 
ttag +47 ////; 
ttag +48 ////; 
ttag +49 69/65/32/53/38; 
ttag +50 100/100/100/100/100; 
ttag +51 100/100/98/100/99; 
ttag +52 98/98/93/99/98; 
ttag +53 38/9/?/2/?; 
ttag +54 98/97/92/95/96; 
ttag +55 28/[10]/?/?/?; 
ttag +56 100/100/97/100/98; 
ttag +57 55/45/41/60/23; 
ttag +58 48/44/27/49/24; 
ttag +59 78/74/61/76/51; 
ttag +60 90/87/66/86/74; 
ttag +61 100/100/100/100/100; 
ttag +62 100/100/100/100/100; 
ttag +63 76/71/44/64/52; 
ttag +64 100/100/99/100/100; 
ttag +65 97/96/90/92/87; 
ttag +66 97/96/93/96/88; 
ttag +67 99/98/92/99/92; 
ttag +68 64/64/49/55/55; 
ttag +69 100/100/100/99/99; 
ttag +70 99/99/98/100/98; 
ttag +71 100/100/100/100/100; 
ttag +72 100/100/99/100/99; 
ttag +73 96/96/95/98/94; 
ttag +74 92/88/84/88/86; 
ttag +75 97/96/88/97/90; 
ttag +76 86/82/73/78/72; 
ttag +77 72/60/39/58/52; 
ttag +78 100/100/98/100/99; 
ttag +79 89/87/71/88/75; 
ttag +80 48/28/14/32/22; 
ttag +81 98/98/95/93/90; 
ttag +82 100/100/100/100/98; 
ttag +83 34/4/10/2/6; 
ttag +84 98/97/88/97/89; 
ttag +85 82/81/74/77/75; 
ttag +86 100/100/100/100/100; 
ttag +87 86/78/68/80/68; 
ttag +88 62/37/40/50/34; 
ttag +89 98/97/91/96/89; 
ttag +90 99/99/96/98/97; 
ttag +91 69/51/50/70/50; 
ttag +92 98/98/94/99/97; 
ttag +93 89/88/71/84/80; 
ttag +94 99/99/100/100/98; 
