tread
'Tree with tags' 
(0 ((1 ((2 3 )((((4 5 )(6 7 ))(10 (11 12 )))(8 9 ))))(((13 14 )((15 16 )(17 (18 (19 ((20 21 )((22 23 )(24 25 ))))))))((26 (27 (28 (29 30 ))))((39 (31 ((32 33 )((34 35 )(36 (37 38 ))))))((40 41 )(42 (43 (46 47 (44 45 )))))))))); 
ttag *!; 
ttag +49 6; 
ttag +50 ???; 
ttag +51 5; 
ttag +52 5; 
ttag +53 8; 
ttag +54 7; 
ttag +55 1; 
ttag +56 4; 
ttag +57 3; 
ttag +58 2; 
ttag +59 1; 
ttag +60 15; 
ttag +61 7; 
ttag +62 1; 
ttag +63 2; 
ttag +64 9; 
ttag +65 10; 
ttag +66 1; 
ttag +67 8; 
ttag +68 2; 
ttag +69 7; 
ttag +70 8; 
ttag +71 7; 
ttag +72 4; 
ttag +73 7; 
ttag +74 2; 
ttag +75 3; 
ttag +76 4; 
ttag +77 4; 
ttag +78 6; 
ttag +79 5; 
ttag +80 1; 
ttag +81 6; 
ttag +82 4; 
ttag +83 4; 
ttag +84 6; 
ttag +85 2; 
ttag +86 10; 
ttag +87 18; 
ttag +88 7; 
ttag +89 7; 
ttag +90 6; 
ttag +91 4; 
ttag +92 1; 
ttag +93 10; 
tread
'Tree with tags' 
(0 ((1 ((2 3 )((((4 5 )(6 7 ))(10 (11 12 )))(8 9 ))))(((13 14 )((15 16 )(17 (18 (19 ((20 21 )((22 23 )(24 25 ))))))))((26 (27 (28 (29 30 ))))((39 (31 ((32 33 )((34 35 )(36 (37 38 ))))))((40 41 )(42 (43 ((44 45 )(46 47 )))))))))); 
ttag *!; 
ttag +0 ////; 
ttag +1 ////; 
ttag +2 ////; 
ttag +3 ////; 
ttag +4 ////; 
ttag +5 ////; 
ttag +6 ////; 
ttag +7 ////; 
ttag +8 ////; 
ttag +9 ////; 
ttag +10 ////; 
ttag +11 ////; 
ttag +12 ////; 
ttag +13 ////; 
ttag +14 ////; 
ttag +15 ////; 
ttag +16 ////; 
ttag +17 ////; 
ttag +18 ////; 
ttag +19 ////; 
ttag +20 ////; 
ttag +21 ////; 
ttag +22 ////; 
ttag +23 ////; 
ttag +24 ////; 
ttag +25 ////; 
ttag +26 ////; 
ttag +27 ////; 
ttag +28 ////; 
ttag +29 ////; 
ttag +30 ////; 
ttag +31 ////; 
ttag +32 ////; 
ttag +33 ////; 
ttag +34 ////; 
ttag +35 ////; 
ttag +36 ////; 
ttag +37 ////; 
ttag +38 ////; 
ttag +39 ////; 
ttag +40 ////; 
ttag +41 ////; 
ttag +42 ////; 
ttag +43 ////; 
ttag +44 ////; 
ttag +45 ////; 
ttag +46 ////; 
ttag +47 ////; 
ttag +48 ////; 
ttag +49 96/96/90/97/88; 
ttag +50 100/100/100/100/100; 
ttag +51 96/96/88/96/92; 
ttag +52 93/90/82/92/81; 
ttag +53 100/100/96/100/97; 
ttag +54 98/98/97/99/96; 
ttag +55 63/46/33/46/45; 
ttag +56 92/88/83/91/82; 
ttag +57 84/81/78/88/80; 
ttag +58 84/80/69/74/65; 
ttag +59 58/43/49/47/45; 
ttag +60 100/100/100/100/100; 
ttag +61 99/99/98/99/99; 
ttag +62 41/20/?/10/4; 
ttag +63 70/64/50/56/54; 
ttag +64 100/100/100/100/99; 
ttag +65 99/99/98/99/98; 
ttag +66 51/38/27/24/24; 
ttag +67 96/95/91/96/89; 
ttag +68 79/76/73/80/74; 
ttag +69 100/100/100/99/100; 
ttag +70 96/95/88/97/93; 
ttag +71 99/99/96/98/97; 
ttag +72 92/90/81/88/80; 
ttag +73 98/98/92/98/97; 
ttag +74 85/84/79/83/73; 
ttag +75 85/82/79/85/77; 
ttag +76 94/93/90/92/86; 
ttag +77 97/97/98/98/96; 
ttag +78 99/99/98/99/94; 
ttag +79 94/93/88/97/88; 
ttag +80 59/46/31/45/42; 
ttag +81 95/95/91/96/92; 
ttag +82 97/96/94/99/97; 
ttag +83 90/88/76/93/86; 
ttag +84 99/98/96/98/97; 
ttag +85 85/83/73/84/81; 
ttag +86 99/98/96/100/96; 
ttag +87 100/100/100/100/100; 
ttag +88 99/99/98/99/99; 
ttag +89 98/98/96/98/96; 
ttag +90 99/99/96/99/95; 
ttag +91 97/96/87/94/88; 
ttag +92 44/30/30/40/25; 
ttag +93 100/100/100/99/99; 
ttag +94 32/2/3/1/3; 
