tread
'Tree with tags' 
(0 (1 ((((2 3 )((4 5 )(6 7 )))((8 9 )(10 (11 12 ))))(26 (27 (28 (29 30 )))((39 (31 (33 (32 (34 35 (36 (37 38 )))))))((40 41 )(42 (43 ((44 45 )(46 47 ))))))))((13 14 )((15 16 )(17 (18 (19 ((20 21 )((22 23 )(24 25 )))))))))); 
ttag *!; 
ttag +49 ???; 
ttag +50 3; 
ttag +51 1; 
ttag +52 8; 
ttag +53 2; 
ttag +54 7; 
ttag +55 11; 
ttag +56 1; 
ttag +57 3; 
ttag +58 1; 
ttag +59 1; 
ttag +60 7; 
ttag +61 10; 
ttag +62 1; 
ttag +63 11; 
ttag +64 6; 
ttag +65 1; 
ttag +66 4; 
ttag +67 2; 
ttag +68 9; 
ttag +69 6; 
ttag +70 4; 
ttag +71 6; 
ttag +72 3; 
ttag +73 7; 
ttag +74 6; 
ttag +75 3; 
ttag +76 11; 
ttag +77 5; 
ttag +78 1; 
ttag +79 3; 
ttag +80 2; 
ttag +81 2; 
ttag +82 1; 
ttag +83 10; 
ttag +84 8; 
ttag +85 3; 
ttag +86 5; 
ttag +87 8; 
ttag +88 2; 
ttag +89 11; 
ttag +90 7; 
ttag +91 1; 
tread
'Tree with tags' 
(0 (1 (((((2 3 )((4 5 )(6 7 )))((8 9 )(10 (11 12 ))))((26 ((39 (31 (33 (32 (35 (34 (36 (37 38 ))))))))((40 41 )(42 (43 ((44 45 )(46 47 )))))))(27 (28 (29 30 )))))((13 14 )((15 16 )(17 (18 (19 ((20 21 )((22 23 )(24 25 ))))))))))); 
ttag *!; 
ttag +0 ////; 
ttag +1 ////; 
ttag +2 ////; 
ttag +3 ////; 
ttag +4 ////; 
ttag +5 ////; 
ttag +6 ////; 
ttag +7 ////; 
ttag +8 ////; 
ttag +9 ////; 
ttag +10 ////; 
ttag +11 ////; 
ttag +12 ////; 
ttag +13 ////; 
ttag +14 ////; 
ttag +15 ////; 
ttag +16 ////; 
ttag +17 ////; 
ttag +18 ////; 
ttag +19 ////; 
ttag +20 ////; 
ttag +21 ////; 
ttag +22 ////; 
ttag +23 ////; 
ttag +24 ////; 
ttag +25 ////; 
ttag +26 ////; 
ttag +27 ////; 
ttag +28 ////; 
ttag +29 ////; 
ttag +30 ////; 
ttag +31 ////; 
ttag +32 ////; 
ttag +33 ////; 
ttag +34 ////; 
ttag +35 ////; 
ttag +36 ////; 
ttag +37 ////; 
ttag +38 ////; 
ttag +39 ////; 
ttag +40 ////; 
ttag +41 ////; 
ttag +42 ////; 
ttag +43 ////; 
ttag +44 ////; 
ttag +45 ////; 
ttag +46 ////; 
ttag +47 ////; 
ttag +48 ////; 
ttag +49 100/100/100/100/100; 
ttag +50 94/94/91/94/91; 
ttag +51 35/[15]/?/?/?; 
ttag +52 99/99/94/98/96; 
ttag +53 45/28/6/30/16; 
ttag +54 22/5/?/5/2; 
ttag +55 99/99/100/99/100; 
ttag +56 100/100/100/100/99; 
ttag +57 68/50/40/42/39; 
ttag +58 76/70/48/73/58; 
ttag +59 52/30/36/29/30; 
ttag +60 70/60/54/64/55; 
ttag +61 100/100/100/100/100; 
ttag +62 100/100/99/100/100; 
ttag +63 52/44/32/44/34; 
ttag +64 100/100/99/99/99; 
ttag +65 95/93/89/95/89; 
ttag +66 50/35/33/40/24; 
ttag +67 76/72/65/78/65; 
ttag +68 65/57/40/53/40; 
ttag +69 100/100/99/100/100; 
ttag +70 86/82/72/86/77; 
ttag +71 93/91/91/92/88; 
ttag +72 97/96/91/93/90; 
ttag +73 80/69/63/66/58; 
ttag +74 17/[40]/?/?/?; 
ttag +75 99/99/94/97/93; 
ttag +76 99/99/95/99/94; 
ttag +77 77/70/68/72/48; 
ttag +78 100/100/100/99/99; 
ttag +79 96/95/87/92/85; 
ttag +80 54/32/19/28/8; 
ttag +81 82/77/66/73/67; 
ttag +82 72/62/41/59/40; 
ttag +83 88/85/74/80/78; 
ttag +84 24/[1]/?/?/?; 
ttag +85 45/32/13/35/18; 
ttag +86 100/100/98/98/96; 
ttag +87 100/100/98/100/99; 
ttag +88 92/91/81/84/76; 
ttag +89 94/92/80/92/82; 
ttag +90 100/100/98/99/96; 
ttag +91 62/39/25/35/36; 
ttag +92 100/100/99/100/98; 
ttag +93 73/56/47/50/54; 
ttag +94 44/33/34/36/34; 
