tread
'Tree with tags' 
(0 ((1 ((15 16 )(17 (18 (19 ((20 21 )((22 23 )(24 25 ))))))))(((2 3 )((6 (7 (4 5 )))((8 9 )(10 (11 12 )))))((26 (27 (28 (29 30 ))))(39 ((31 ((32 33 )(34 35 )(36 (37 38 ))))((40 41 )(42 (43 ((44 45 )(46 47 )))))))))(13 14 ))); 
ttag *!; 
ttag +49 1; 
ttag +50 ???; 
ttag +51 8; 
ttag +52 8; 
ttag +53 1; 
ttag +54 4; 
ttag +55 2; 
ttag +56 2; 
ttag +57 2; 
ttag +58 3; 
ttag +59 1; 
ttag +60 7; 
ttag +61 7; 
ttag +62 9; 
ttag +63 10; 
ttag +64 5; 
ttag +65 2; 
ttag +66 3; 
ttag +67 3; 
ttag +68 7; 
ttag +69 10; 
ttag +70 12; 
ttag +71 4; 
ttag +72 5; 
ttag +73 7; 
ttag +74 7; 
ttag +75 9; 
ttag +76 8; 
ttag +77 9; 
ttag +78 3; 
ttag +79 1; 
ttag +80 6; 
ttag +81 5; 
ttag +82 4; 
ttag +83 3; 
ttag +84 5; 
ttag +85 6; 
ttag +86 4; 
ttag +87 10; 
ttag +88 7; 
ttag +89 1; 
ttag +90 9; 
ttag +91 8; 
ttag +92 4; 
tread
'Tree with tags' 
(0 ((1 ((15 16 )(17 (18 (19 ((20 21 )((22 23 )(24 25 ))))))))(((2 3 )((6 (7 (4 5 )))((8 9 )(10 (11 12 )))))((26 (27 (28 (29 30 ))))(39 ((31 ((32 33 )(34 35 )(36 (37 38 ))))((40 41 )(42 (43 ((44 45 )(46 47 )))))))))(13 14 ))); 
ttag *!; 
ttag +0 ////; 
ttag +1 ////; 
ttag +2 ////; 
ttag +3 ////; 
ttag +4 ////; 
ttag +5 ////; 
ttag +6 ////; 
ttag +7 ////; 
ttag +8 ////; 
ttag +9 ////; 
ttag +10 ////; 
ttag +11 ////; 
ttag +12 ////; 
ttag +13 ////; 
ttag +14 ////; 
ttag +15 ////; 
ttag +16 ////; 
ttag +17 ////; 
ttag +18 ////; 
ttag +19 ////; 
ttag +20 ////; 
ttag +21 ////; 
ttag +22 ////; 
ttag +23 ////; 
ttag +24 ////; 
ttag +25 ////; 
ttag +26 ////; 
ttag +27 ////; 
ttag +28 ////; 
ttag +29 ////; 
ttag +30 ////; 
ttag +31 ////; 
ttag +32 ////; 
ttag +33 ////; 
ttag +34 ////; 
ttag +35 ////; 
ttag +36 ////; 
ttag +37 ////; 
ttag +38 ////; 
ttag +39 ////; 
ttag +40 ////; 
ttag +41 ////; 
ttag +42 ////; 
ttag +43 ////; 
ttag +44 ////; 
ttag +45 ////; 
ttag +46 ////; 
ttag +47 ////; 
ttag +48 ////; 
ttag +49 39/23/12/22/9; 
ttag +50 100/100/100/100/100; 
ttag +51 100/100/99/99/99; 
ttag +52 96/92/92/97/88; 
ttag +53 45/28/29/30/23; 
ttag +54 90/87/84/92/79; 
ttag +55 59/53/43/52/41; 
ttag +56 53/39/22/37/32; 
ttag +57 51/25/14/32/8; 
ttag +58 88/84/80/84/79; 
ttag +59 30/4/?/10/?; 
ttag +60 100/100/99/99/99; 
ttag +61 99/99/97/99/98; 
ttag +62 99/99/98/100/97; 
ttag +63 100/100/99/100/100; 
ttag +64 91/88/86/87/86; 
ttag +65 63/56/38/59/44; 
ttag +66 76/70/54/69/58; 
ttag +67 74/68/54/70/60; 
ttag +68 100/100/100/99/100; 
ttag +69 100/100/98/100/100; 
ttag +70 100/100/99/100/100; 
ttag +71 84/81/76/83/73; 
ttag +72 96/96/91/95/89; 
ttag +73 97/96/88/98/93; 
ttag +74 96/96/89/98/92; 
ttag +75 98/98/95/98/95; 
ttag +76 100/100/100/98/99; 
ttag +77 99/99/98/100/98; 
ttag +78 88/86/79/85/80; 
ttag +79 66/57/45/59/51; 
ttag +80 97/96/95/98/94; 
ttag +81 99/99/90/97/90; 
ttag +82 96/96/93/98/91; 
ttag +83 93/92/88/92/85; 
ttag +84 98/98/91/98/93; 
ttag +85 98/97/95/98/98; 
ttag +86 94/93/84/93/89; 
ttag +87 98/98/95/100/95; 
ttag +88 98/97/96/99/96; 
ttag +89 60/37/32/42/36; 
ttag +90 100/100/100/99/100; 
ttag +91 98/98/98/99/99; 
ttag +92 96/96/94/98/94; 
