tread
'Tree with tags' 
(0 (((1 ((13 14 )((17 (15 16 ))(18 19 ((20 21 )((22 23 )(24 25 )))))))((26 (27 (28 (29 30 ))))((31 ((32 33 )((34 35 )(36 (37 38 )))))(39 ((40 41 )(42 (43 (47 (46 (44 45 ))))))))))((2 3 )(8 9 (6 7 (4 5 ))(10 (11 12 )))))); 
ttag *!; 
ttag +49 1; 
ttag +50 1; 
ttag +51 ???; 
ttag +52 5; 
ttag +53 12; 
ttag +54 5; 
ttag +55 6; 
ttag +56 2; 
ttag +57 3; 
ttag +58 6; 
ttag +59 10; 
ttag +60 1; 
ttag +61 11; 
ttag +62 1; 
ttag +63 10; 
ttag +64 3; 
ttag +65 5; 
ttag +66 7; 
ttag +67 7; 
ttag +68 2; 
ttag +69 7; 
ttag +70 11; 
ttag +71 8; 
ttag +72 4; 
ttag +73 5; 
ttag +74 14; 
ttag +75 4; 
ttag +76 8; 
ttag +77 12; 
ttag +78 4; 
ttag +79 3; 
ttag +80 4; 
ttag +81 9; 
ttag +82 10; 
ttag +83 2; 
ttag +84 3; 
ttag +85 9; 
ttag +86 6; 
ttag +87 4; 
ttag +88 8; 
ttag +89 1; 
ttag +90 8; 
tread
'Tree with tags' 
(0 (((1 ((13 14 )((17 (15 16 ))(18 (19 ((20 21 )((22 23 )(24 25 ))))))))((26 (27 (28 (29 30 ))))((31 ((32 33 )((34 35 )(36 (37 38 )))))(39 ((40 41 )(42 (43 (47 (46 (44 45 ))))))))))((2 3 )((8 (9 (7 (6 (4 5 )))))(10 (11 12 )))))); 
ttag *!; 
ttag +0 ////; 
ttag +1 ////; 
ttag +2 ////; 
ttag +3 ////; 
ttag +4 ////; 
ttag +5 ////; 
ttag +6 ////; 
ttag +7 ////; 
ttag +8 ////; 
ttag +9 ////; 
ttag +10 ////; 
ttag +11 ////; 
ttag +12 ////; 
ttag +13 ////; 
ttag +14 ////; 
ttag +15 ////; 
ttag +16 ////; 
ttag +17 ////; 
ttag +18 ////; 
ttag +19 ////; 
ttag +20 ////; 
ttag +21 ////; 
ttag +22 ////; 
ttag +23 ////; 
ttag +24 ////; 
ttag +25 ////; 
ttag +26 ////; 
ttag +27 ////; 
ttag +28 ////; 
ttag +29 ////; 
ttag +30 ////; 
ttag +31 ////; 
ttag +32 ////; 
ttag +33 ////; 
ttag +34 ////; 
ttag +35 ////; 
ttag +36 ////; 
ttag +37 ////; 
ttag +38 ////; 
ttag +39 ////; 
ttag +40 ////; 
ttag +41 ////; 
ttag +42 ////; 
ttag +43 ////; 
ttag +44 ////; 
ttag +45 ////; 
ttag +46 ////; 
ttag +47 ////; 
ttag +48 ////; 
ttag +49 14/[8]/?/?/?; 
ttag +50 21/[1]/?/?/?; 
ttag +51 100/100/100/100/100; 
ttag +52 92/88/82/92/86; 
ttag +53 100/100/99/100/99; 
ttag +54 99/99/96/98/94; 
ttag +55 18/[34]/?/?/?; 
ttag +56 96/96/93/93/86; 
ttag +57 24/2/1/4/?; 
ttag +58 19/[2]/0/2/?; 
ttag +59 90/88/81/91/86; 
ttag +60 84/79/81/85/73; 
ttag +61 99/99/97/100/98; 
ttag +62 99/99/100/100/99; 
ttag +63 34/11/13/16/14; 
ttag +64 100/100/100/100/98; 
ttag +65 28/[7]/?/0/?; 
ttag +66 100/100/98/100/97; 
ttag +67 83/80/67/80/66; 
ttag +68 38/14/13/9/13; 
ttag +69 100/100/99/98/97; 
ttag +70 98/98/96/99/97; 
ttag +71 100/100/89/97/92; 
ttag +72 75/66/52/59/52; 
ttag +73 99/98/94/98/92; 
ttag +74 99/99/97/99/97; 
ttag +75 98/98/95/98/92; 
ttag +76 98/98/95/98/95; 
ttag +77 96/94/88/97/87; 
ttag +78 100/100/98/100/97; 
ttag +79 95/94/80/91/82; 
ttag +80 98/96/96/96/94; 
ttag +81 100/100/99/100/100; 
ttag +82 94/92/76/92/79; 
ttag +83 89/87/82/90/84; 
ttag +84 88/85/76/91/79; 
ttag +85 100/100/100/100/100; 
ttag +86 100/100/99/100/99; 
ttag +87 73/68/57/68/51; 
ttag +88 73/60/38/67/44; 
ttag +89 99/99/97/99/96; 
ttag +90 90/85/78/86/78; 
ttag +91 76/72/56/73/57; 
ttag +92 99/98/99/100/100; 
ttag +93 46/33/25/33/15; 
ttag +94 100/100/98/99/99; 
