tread
'Tree with tags' 
(0 (1 ((2 3 )(8 ((9 ((4 5 )(6 7 )))(10 (11 12 )))))(((13 14 )((26 (27 (28 (29 30 ))))((39 (31 ((32 33 )(34 35 )(36 (37 38 )))))((40 41 )((42 43 )(46 47 (44 45 )))))))((15 16 )(17 (18 (19 ((20 21 )((22 23 )(24 25 )))))))))); 
ttag *!; 
ttag +49 ???; 
ttag +50 12; 
ttag +51 6; 
ttag +52 6; 
ttag +53 8; 
ttag +54 3; 
ttag +55 1; 
ttag +56 6; 
ttag +57 1; 
ttag +58 13; 
ttag +59 2; 
ttag +60 10; 
ttag +61 1; 
ttag +62 1; 
ttag +63 9; 
ttag +64 11; 
ttag +65 2; 
ttag +66 2; 
ttag +67 2; 
ttag +68 4; 
ttag +69 12; 
ttag +70 5; 
ttag +71 6; 
ttag +72 6; 
ttag +73 9; 
ttag +74 5; 
ttag +75 1; 
ttag +76 3; 
ttag +77 10; 
ttag +78 7; 
ttag +79 1; 
ttag +80 6; 
ttag +81 10; 
ttag +82 1; 
ttag +83 2; 
ttag +84 3; 
ttag +85 7; 
ttag +86 3; 
ttag +87 4; 
ttag +88 1; 
ttag +89 10; 
ttag +90 7; 
ttag +91 4; 
tread
'Tree with tags' 
(0 (1 (((2 3 )(8 ((9 ((4 5 )(6 7 )))(10 (11 12 )))))(((13 14 )((26 (27 (28 (29 30 ))))((39 (31 ((32 33 )((34 35 )(36 (37 38 ))))))((40 41 )((42 43 )(47 (46 (44 45 ))))))))((15 16 )(17 (18 (19 ((20 21 )((22 23 )(24 25 ))))))))))); 
ttag *!; 
ttag +0 ////; 
ttag +1 ////; 
ttag +2 ////; 
ttag +3 ////; 
ttag +4 ////; 
ttag +5 ////; 
ttag +6 ////; 
ttag +7 ////; 
ttag +8 ////; 
ttag +9 ////; 
ttag +10 ////; 
ttag +11 ////; 
ttag +12 ////; 
ttag +13 ////; 
ttag +14 ////; 
ttag +15 ////; 
ttag +16 ////; 
ttag +17 ////; 
ttag +18 ////; 
ttag +19 ////; 
ttag +20 ////; 
ttag +21 ////; 
ttag +22 ////; 
ttag +23 ////; 
ttag +24 ////; 
ttag +25 ////; 
ttag +26 ////; 
ttag +27 ////; 
ttag +28 ////; 
ttag +29 ////; 
ttag +30 ////; 
ttag +31 ////; 
ttag +32 ////; 
ttag +33 ////; 
ttag +34 ////; 
ttag +35 ////; 
ttag +36 ////; 
ttag +37 ////; 
ttag +38 ////; 
ttag +39 ////; 
ttag +40 ////; 
ttag +41 ////; 
ttag +42 ////; 
ttag +43 ////; 
ttag +44 ////; 
ttag +45 ////; 
ttag +46 ////; 
ttag +47 ////; 
ttag +48 ////; 
ttag +49 100/100/100/100/100; 
ttag +50 100/100/100/100/99; 
ttag +51 99/98/96/99/96; 
ttag +52 18/[6]/?/?/3; 
ttag +53 100/100/99/100/96; 
ttag +54 99/99/93/98/94; 
ttag +55 56/46/36/61/43; 
ttag +56 44/27/21/40/24; 
ttag +57 88/86/74/87/79; 
ttag +58 52/29/20/40/34; 
ttag +59 100/100/100/100/100; 
ttag +60 86/81/83/83/82; 
ttag +61 100/100/99/100/98; 
ttag +62 46/33/26/37/20; 
ttag +63 42/22/24/28/25; 
ttag +64 100/100/100/100/100; 
ttag +65 100/100/99/100/98; 
ttag +66 66/54/46/58/40; 
ttag +67 72/68/63/70/63; 
ttag +68 75/69/58/74/56; 
ttag +69 98/98/97/98/98; 
ttag +70 100/100/99/100/100; 
ttag +71 93/93/93/96/95; 
ttag +72 97/96/90/96/92; 
ttag +73 97/96/90/96/88; 
ttag +74 99/99/98/100/98; 
ttag +75 88/87/80/90/84; 
ttag +76 42/22/16/30/17; 
ttag +77 68/52/44/67/45; 
ttag +78 100/100/100/100/100; 
ttag +79 98/98/96/98/94; 
ttag +80 52/46/43/54/43; 
ttag +81 96/96/90/97/92; 
ttag +82 100/100/100/100/100; 
ttag +83 64/52/48/49/50; 
ttag +84 89/87/82/89/86; 
ttag +85 36/[4]/?/2/3; 
ttag +86 91/88/85/88/86; 
ttag +87 99/99/96/99/98; 
ttag +88 93/92/88/90/84; 
ttag +89 73/63/56/71/53; 
ttag +90 48/33/36/44/31; 
ttag +91 99/99/98/99/98; 
ttag +92 100/100/98/99/98; 
ttag +93 19/[7]/?/?/?; 
ttag +94 93/91/82/92/78; 
