tread
'Tree with tags' 
(0 ((((1 ((2 3 )(((4 5 )(6 7 ))((8 9 )(10 (11 12 ))))))(13 14 ))((26 (27 (28 (29 30 ))))(39 (31 ((32 33 )(34 35 )(36 (37 38 ))))((40 41 )(42 (43 ((44 45 )(46 47 ))))))))((15 16 )(17 (18 (19 ((20 21 )((22 23 )(24 25 ))))))))); 
ttag *!; 
ttag +49 2; 
ttag +50 1; 
ttag +51 1; 
ttag +52 ???; 
ttag +53 4; 
ttag +54 7; 
ttag +55 6; 
ttag +56 10; 
ttag +57 2; 
ttag +58 3; 
ttag +59 3; 
ttag +60 3; 
ttag +61 2; 
ttag +62 9; 
ttag +63 10; 
ttag +64 12; 
ttag +65 6; 
ttag +66 1; 
ttag +67 7; 
ttag +68 2; 
ttag +69 8; 
ttag +70 5; 
ttag +71 13; 
ttag +72 3; 
ttag +73 6; 
ttag +74 5; 
ttag +75 7; 
ttag +76 3; 
ttag +77 3; 
ttag +78 8; 
ttag +79 4; 
ttag +80 4; 
ttag +81 8; 
ttag +82 3; 
ttag +83 6; 
ttag +84 12; 
ttag +85 9; 
ttag +86 1; 
ttag +87 9; 
ttag +88 6; 
ttag +89 5; 
ttag +90 9; 
ttag +91 4; 
ttag +92 7; 
tread
'Tree with tags' 
(0 ((((1 ((2 3 )(((4 5 )(6 7 ))((8 9 )(10 (11 12 ))))))(13 14 ))((26 (27 (28 (29 30 ))))(39 ((31 (((32 33 )(36 (37 38 )))(34 35 )))((40 41 )(42 (43 ((44 45 )(46 47 )))))))))((15 16 )(17 (18 (19 ((20 21 )((22 23 )(24 25 ))))))))); 
ttag *!; 
ttag +0 ////; 
ttag +1 ////; 
ttag +2 ////; 
ttag +3 ////; 
ttag +4 ////; 
ttag +5 ////; 
ttag +6 ////; 
ttag +7 ////; 
ttag +8 ////; 
ttag +9 ////; 
ttag +10 ////; 
ttag +11 ////; 
ttag +12 ////; 
ttag +13 ////; 
ttag +14 ////; 
ttag +15 ////; 
ttag +16 ////; 
ttag +17 ////; 
ttag +18 ////; 
ttag +19 ////; 
ttag +20 ////; 
ttag +21 ////; 
ttag +22 ////; 
ttag +23 ////; 
ttag +24 ////; 
ttag +25 ////; 
ttag +26 ////; 
ttag +27 ////; 
ttag +28 ////; 
ttag +29 ////; 
ttag +30 ////; 
ttag +31 ////; 
ttag +32 ////; 
ttag +33 ////; 
ttag +34 ////; 
ttag +35 ////; 
ttag +36 ////; 
ttag +37 ////; 
ttag +38 ////; 
ttag +39 ////; 
ttag +40 ////; 
ttag +41 ////; 
ttag +42 ////; 
ttag +43 ////; 
ttag +44 ////; 
ttag +45 ////; 
ttag +46 ////; 
ttag +47 ////; 
ttag +48 ////; 
ttag +49 61/54/45/58/49; 
ttag +50 38/7/?/7/0; 
ttag +51 51/20/14/20/20; 
ttag +52 100/100/100/100/100; 
ttag +53 92/90/76/88/76; 
ttag +54 97/96/96/99/96; 
ttag +55 98/98/95/98/94; 
ttag +56 100/100/98/100/99; 
ttag +57 76/72/61/78/56; 
ttag +58 93/92/88/90/84; 
ttag +59 78/68/62/75/58; 
ttag +60 80/78/54/82/64; 
ttag +61 61/51/40/55/32; 
ttag +62 100/100/100/100/99; 
ttag +63 100/100/100/100/100; 
ttag +64 100/100/100/100/99; 
ttag +65 98/97/93/97/94; 
ttag +66 51/21/16/17/12; 
ttag +67 97/96/92/99/97; 
ttag +68 75/66/48/73/65; 
ttag +69 100/100/100/100/100; 
ttag +70 93/91/82/96/86; 
ttag +71 100/100/100/100/99; 
ttag +72 82/80/71/85/78; 
ttag +73 99/98/99/99/98; 
ttag +74 96/96/85/94/89; 
ttag +75 100/100/98/98/98; 
ttag +76 85/81/75/86/72; 
ttag +77 86/84/72/83/69; 
ttag +78 99/99/96/98/96; 
ttag +79 95/94/90/97/89; 
ttag +80 30/6/3/?/?; 
ttag +81 91/89/82/92/76; 
ttag +82 99/99/100/99/99; 
ttag +83 33/[2]/3/6/1; 
ttag +84 92/91/77/89/75; 
ttag +85 98/97/98/98/97; 
ttag +86 100/100/100/100/99; 
ttag +87 100/100/100/100/100; 
ttag +88 52/34/32/31/31; 
ttag +89 100/100/99/99/98; 
ttag +90 94/92/83/90/78; 
ttag +91 96/95/88/94/89; 
ttag +92 100/100/100/100/100; 
ttag +93 92/88/80/88/77; 
ttag +94 100/100/99/99/99; 
