tread
'Tree with tags' 
(0 ((1 ((2 3 )(((6 7 (4 5 ))(10 (11 12 )))(8 9 ))))((13 14 )(((15 16 )(17 (18 19 (24 25 (20 21 )(22 23 )))))((26 (27 (28 (29 30 ))))((39 (31 (((32 33 )(34 35 ))(36 (37 38 )))))((40 41 )(42 (43 ((44 45 )(46 47 ))))))))))); 
ttag *!; 
ttag +49 1; 
ttag +50 ???; 
ttag +51 2; 
ttag +52 8; 
ttag +53 12; 
ttag +54 7; 
ttag +55 1; 
ttag +56 2; 
ttag +57 1; 
ttag +58 4; 
ttag +59 8; 
ttag +60 8; 
ttag +61 1; 
ttag +62 6; 
ttag +63 14; 
ttag +64 2; 
ttag +65 1; 
ttag +66 3; 
ttag +67 9; 
ttag +68 4; 
ttag +69 6; 
ttag +70 5; 
ttag +71 7; 
ttag +72 3; 
ttag +73 5; 
ttag +74 11; 
ttag +75 6; 
ttag +76 2; 
ttag +77 3; 
ttag +78 3; 
ttag +79 1; 
ttag +80 8; 
ttag +81 4; 
ttag +82 6; 
ttag +83 8; 
ttag +84 2; 
ttag +85 10; 
ttag +86 6; 
ttag +87 1; 
ttag +88 10; 
ttag +89 6; 
ttag +90 5; 
tread
'Tree with tags' 
(0 ((1 ((2 3 )(((7 (6 (4 5 )))(10 (11 12 )))(8 9 ))))((13 14 )(((15 16 )(17 ((18 19 )((20 21 )(25 (24 (22 23 )))))))((26 (27 (28 (29 30 ))))((39 (31 (((32 33 )(34 35 ))(36 (37 38 )))))((40 41 )(42 (43 ((44 45 )(46 47 ))))))))))); 
ttag *!; 
ttag +0 ////; 
ttag +1 ////; 
ttag +2 ////; 
ttag +3 ////; 
ttag +4 ////; 
ttag +5 ////; 
ttag +6 ////; 
ttag +7 ////; 
ttag +8 ////; 
ttag +9 ////; 
ttag +10 ////; 
ttag +11 ////; 
ttag +12 ////; 
ttag +13 ////; 
ttag +14 ////; 
ttag +15 ////; 
ttag +16 ////; 
ttag +17 ////; 
ttag +18 ////; 
ttag +19 ////; 
ttag +20 ////; 
ttag +21 ////; 
ttag +22 ////; 
ttag +23 ////; 
ttag +24 ////; 
ttag +25 ////; 
ttag +26 ////; 
ttag +27 ////; 
ttag +28 ////; 
ttag +29 ////; 
ttag +30 ////; 
ttag +31 ////; 
ttag +32 ////; 
ttag +33 ////; 
ttag +34 ////; 
ttag +35 ////; 
ttag +36 ////; 
ttag +37 ////; 
ttag +38 ////; 
ttag +39 ////; 
ttag +40 ////; 
ttag +41 ////; 
ttag +42 ////; 
ttag +43 ////; 
ttag +44 ////; 
ttag +45 ////; 
ttag +46 ////; 
ttag +47 ////; 
ttag +48 ////; 
ttag +49 19/4/4/8/6; 
ttag +50 100/100/100/100/100; 
ttag +51 77/67/57/72/50; 
ttag +52 94/94/86/95/87; 
ttag +53 100/100/100/100/100; 
ttag +54 33/[4]/?/?/?; 
ttag +55 99/99/92/98/89; 
ttag +56 49/32/42/38/42; 
ttag +57 74/59/52/63/44; 
ttag +58 33/16/17/24/8; 
ttag +59 96/96/91/94/90; 
ttag +60 99/98/96/100/98; 
ttag +61 99/99/99/99/97; 
ttag +62 46/32/34/31/28; 
ttag +63 96/96/94/97/94; 
ttag +64 100/100/100/100/100; 
ttag +65 58/44/28/43/33; 
ttag +66 47/32/14/31/22; 
ttag +67 33/[11]/?/?/4; 
ttag +68 69/60/55/64/52; 
ttag +69 100/100/100/100/100; 
ttag +70 95/93/85/96/85; 
ttag +71 97/97/92/98/96; 
ttag +72 25/[18]/?/?/?; 
ttag +73 51/20/24/19/40; 
ttag +74 95/94/90/96/92; 
ttag +75 98/97/90/96/88; 
ttag +76 84/78/73/86/75; 
ttag +77 99/99/97/98/91; 
ttag +78 100/100/99/100/100; 
ttag +79 95/94/86/94/88; 
ttag +80 76/73/66/72/60; 
ttag +81 70/61/44/64/54; 
ttag +82 85/81/70/83/71; 
ttag +83 56/51/38/57/37; 
ttag +84 98/98/98/98/96; 
ttag +85 89/85/77/86/74; 
ttag +86 98/98/93/98/95; 
ttag +87 100/100/99/100/98; 
ttag +88 67/48/32/42/38; 
ttag +89 100/100/98/99/97; 
ttag +90 96/94/94/98/95; 
ttag +91 54/24/20/27/9; 
ttag +92 100/100/100/100/98; 
ttag +93 96/94/94/97/87; 
ttag +94 98/98/92/96/92; 
