tread
'Tree with tags' 
(0 (((1 ((2 3 )(8 (9 ((4 5 )(6 7 ))(10 (11 12 ))))))(13 14 ))(((15 16 )(17 (18 (19 ((20 21 )((22 23 )(24 25 )))))))(26 27 (28 (29 30 ))((31 ((32 33 )((34 35 )(36 (37 38 )))))(39 ((40 41 )(42 (43 ((44 45 )(46 47 ))))))))))); 
ttag *!; 
ttag +49 1; 
ttag +50 1; 
ttag +51 ???; 
ttag +52 6; 
ttag +53 11; 
ttag +54 5; 
ttag +55 5; 
ttag +56 1; 
ttag +57 3; 
ttag +58 1; 
ttag +59 7; 
ttag +60 7; 
ttag +61 6; 
ttag +62 12; 
ttag +63 1; 
ttag +64 1; 
ttag +65 1; 
ttag +66 2; 
ttag +67 1; 
ttag +68 7; 
ttag +69 3; 
ttag +70 9; 
ttag +71 2; 
ttag +72 2; 
ttag +73 8; 
ttag +74 5; 
ttag +75 12; 
ttag +76 7; 
ttag +77 2; 
ttag +78 4; 
ttag +79 5; 
ttag +80 2; 
ttag +81 2; 
ttag +82 8; 
ttag +83 9; 
ttag +84 1; 
ttag +85 7; 
ttag +86 7; 
ttag +87 4; 
ttag +88 5; 
ttag +89 9; 
ttag +90 2; 
ttag +91 3; 
tread
'Tree with tags' 
(0 (((1 ((2 3 )(8 (9 ((4 5 )(6 7 ))(10 (11 12 ))))))(13 14 ))(((15 16 )(17 (18 (19 ((20 21 )((22 23 )(24 25 )))))))(26 27 (28 (29 30 ))((31 ((32 33 )((34 35 )(36 (37 38 )))))(39 ((40 41 )(42 (43 ((44 45 )(46 47 ))))))))))); 
ttag *!; 
ttag +0 ////; 
ttag +1 ////; 
ttag +2 ////; 
ttag +3 ////; 
ttag +4 ////; 
ttag +5 ////; 
ttag +6 ////; 
ttag +7 ////; 
ttag +8 ////; 
ttag +9 ////; 
ttag +10 ////; 
ttag +11 ////; 
ttag +12 ////; 
ttag +13 ////; 
ttag +14 ////; 
ttag +15 ////; 
ttag +16 ////; 
ttag +17 ////; 
ttag +18 ////; 
ttag +19 ////; 
ttag +20 ////; 
ttag +21 ////; 
ttag +22 ////; 
ttag +23 ////; 
ttag +24 ////; 
ttag +25 ////; 
ttag +26 ////; 
ttag +27 ////; 
ttag +28 ////; 
ttag +29 ////; 
ttag +30 ////; 
ttag +31 ////; 
ttag +32 ////; 
ttag +33 ////; 
ttag +34 ////; 
ttag +35 ////; 
ttag +36 ////; 
ttag +37 ////; 
ttag +38 ////; 
ttag +39 ////; 
ttag +40 ////; 
ttag +41 ////; 
ttag +42 ////; 
ttag +43 ////; 
ttag +44 ////; 
ttag +45 ////; 
ttag +46 ////; 
ttag +47 ////; 
ttag +48 ////; 
ttag +49 36/14/5/17/6; 
ttag +50 28/6/?/10/1; 
ttag +51 100/100/100/100/100; 
ttag +52 99/99/94/99/96; 
ttag +53 100/100/99/100/100; 
ttag +54 99/99/96/99/98; 
ttag +55 98/98/92/96/91; 
ttag +56 40/24/20/23/18; 
ttag +57 66/58/58/70/51; 
ttag +58 73/65/63/55/56; 
ttag +59 95/93/86/93/82; 
ttag +60 99/98/98/100/98; 
ttag +61 98/98/98/98/94; 
ttag +62 100/100/100/100/100; 
ttag +63 60/46/41/55/39; 
ttag +64 32/22/15/16/4; 
ttag +65 38/24/20/22/16; 
ttag +66 72/65/54/60/52; 
ttag +67 32/16/17/23/17; 
ttag +68 100/100/100/100/100; 
ttag +69 94/93/92/91/86; 
ttag +70 100/100/99/100/100; 
ttag +71 81/75/68/80/70; 
ttag +72 73/60/53/65/52; 
ttag +73 98/98/98/99/98; 
ttag +74 100/100/94/97/95; 
ttag +75 100/100/100/100/99; 
ttag +76 99/99/99/99/98; 
ttag +77 88/84/79/89/88; 
ttag +78 98/98/98/98/97; 
ttag +79 99/99/97/98/98; 
ttag +80 74/67/54/65/54; 
ttag +81 74/70/64/70/66; 
ttag +82 99/99/99/100/98; 
ttag +83 99/99/100/99/100; 
ttag +84 64/56/41/54/55; 
ttag +85 100/100/99/99/98; 
ttag +86 98/97/96/98/95; 
ttag +87 94/92/84/93/84; 
ttag +88 95/94/94/98/89; 
ttag +89 100/100/99/100/100; 
ttag +90 73/60/62/62/55; 
ttag +91 82/80/78/86/79; 
