tread
'Tree with tags' 
(0 (((1 ((26 27 (28 (29 30 )))(39 (31 (((32 33 )(34 35 ))(36 (37 38 ))))((40 41 )(42 (43 ((44 45 )(46 47 ))))))))((13 14 )((15 16 )(17 (18 (19 ((20 21 )(22 23 )(24 25 ))))))))((2 3 )(((4 5 )(6 7 ))(8 9 )(10 (11 12 )))))); 
ttag *!; 
ttag +49 2; 
ttag +50 2; 
ttag +51 ???; 
ttag +52 8; 
ttag +53 5; 
ttag +54 7; 
ttag +55 4; 
ttag +56 2; 
ttag +57 3; 
ttag +58 2; 
ttag +59 7; 
ttag +60 4; 
ttag +61 5; 
ttag +62 1; 
ttag +63 12; 
ttag +64 7; 
ttag +65 4; 
ttag +66 5; 
ttag +67 4; 
ttag +68 8; 
ttag +69 3; 
ttag +70 9; 
ttag +71 6; 
ttag +72 2; 
ttag +73 9; 
ttag +74 8; 
ttag +75 7; 
ttag +76 3; 
ttag +77 8; 
ttag +78 4; 
ttag +79 2; 
ttag +80 4; 
ttag +81 6; 
ttag +82 11; 
ttag +83 15; 
ttag +84 1; 
ttag +85 5; 
ttag +86 8; 
ttag +87 1; 
ttag +88 2; 
ttag +89 3; 
ttag +90 5; 
tread
'Tree with tags' 
(0 (((1 ((26 (27 (28 (29 30 ))))((39 (31 (((32 33 )(34 35 ))(36 (37 38 )))))((40 41 )(42 (43 ((44 45 )(46 47 ))))))))((13 14 )((15 16 )(17 (18 (19 (((20 21 )(24 25 ))(22 23 ))))))))((2 3 )(((4 5 )(6 7 ))((8 9 )(10 (11 12 ))))))); 
ttag *!; 
ttag +0 ////; 
ttag +1 ////; 
ttag +2 ////; 
ttag +3 ////; 
ttag +4 ////; 
ttag +5 ////; 
ttag +6 ////; 
ttag +7 ////; 
ttag +8 ////; 
ttag +9 ////; 
ttag +10 ////; 
ttag +11 ////; 
ttag +12 ////; 
ttag +13 ////; 
ttag +14 ////; 
ttag +15 ////; 
ttag +16 ////; 
ttag +17 ////; 
ttag +18 ////; 
ttag +19 ////; 
ttag +20 ////; 
ttag +21 ////; 
ttag +22 ////; 
ttag +23 ////; 
ttag +24 ////; 
ttag +25 ////; 
ttag +26 ////; 
ttag +27 ////; 
ttag +28 ////; 
ttag +29 ////; 
ttag +30 ////; 
ttag +31 ////; 
ttag +32 ////; 
ttag +33 ////; 
ttag +34 ////; 
ttag +35 ////; 
ttag +36 ////; 
ttag +37 ////; 
ttag +38 ////; 
ttag +39 ////; 
ttag +40 ////; 
ttag +41 ////; 
ttag +42 ////; 
ttag +43 ////; 
ttag +44 ////; 
ttag +45 ////; 
ttag +46 ////; 
ttag +47 ////; 
ttag +48 ////; 
ttag +49 62/48/32/56/41; 
ttag +50 47/24/8/29/14; 
ttag +51 100/100/100/100/100; 
ttag +52 99/99/99/100/100; 
ttag +53 98/97/93/96/88; 
ttag +54 98/98/96/100/96; 
ttag +55 94/92/88/94/91; 
ttag +56 55/42/37/40/32; 
ttag +57 92/90/88/88/86; 
ttag +58 77/73/58/65/54; 
ttag +59 26/6/9/1/?; 
ttag +60 98/98/95/99/97; 
ttag +61 92/89/80/88/80; 
ttag +62 97/97/98/99/97; 
ttag +63 54/39/19/35/26; 
ttag +64 100/100/100/100/100; 
ttag +65 95/94/85/98/92; 
ttag +66 88/84/78/88/76; 
ttag +67 90/88/79/93/82; 
ttag +68 92/90/88/95/80; 
ttag +69 100/100/100/100/99; 
ttag +70 37/[2]/?/2/?; 
ttag +71 84/80/68/87/71; 
ttag +72 100/100/98/100/98; 
ttag +73 99/99/88/97/87; 
ttag +74 86/82/76/80/78; 
ttag +75 99/99/97/99/98; 
ttag +76 46/26/26/22/22; 
ttag +77 100/100/98/100/98; 
ttag +78 100/100/100/100/99; 
ttag +79 91/90/84/89/82; 
ttag +80 21/[7]/1/?/?; 
ttag +81 99/99/98/99/96; 
ttag +82 95/95/87/92/83; 
ttag +83 64/57/53/61/47; 
ttag +84 87/85/70/84/75; 
ttag +85 98/98/96/99/98; 
ttag +86 100/100/99/100/99; 
ttag +87 100/100/100/100/100; 
ttag +88 74/63/52/64/61; 
ttag +89 92/89/72/89/79; 
ttag +90 99/99/95/98/97; 
ttag +91 78/71/62/62/60; 
ttag +92 76/65/69/70/52; 
ttag +93 84/76/62/74/67; 
ttag +94 93/91/88/98/89; 
