tread
'Tree with tags' 
(0 (1 17 ((2 3 )(((4 5 )(6 7 ))((8 9 )(10 (11 12 )))))(13 14 )(15 16 )(18 (19 ((20 21 )((22 23 )(24 25 )))))((26 (27 (28 (29 30 ))))((31 ((32 33 )((34 35 )(36 (37 38 )))))(39 ((40 41 )(42 (43 (46 (47 (44 45 ))))))))))); 
ttag *!; 
ttag +49 ???; 
ttag +50 4; 
ttag +51 6; 
ttag +52 7; 
ttag +53 6; 
ttag +54 6; 
ttag +55 6; 
ttag +56 1; 
ttag +57 1; 
ttag +58 2; 
ttag +59 9; 
ttag +60 10; 
ttag +61 12; 
ttag +62 4; 
ttag +63 3; 
ttag +64 5; 
ttag +65 5; 
ttag +66 5; 
ttag +67 6; 
ttag +68 3; 
ttag +69 4; 
ttag +70 4; 
ttag +71 6; 
ttag +72 3; 
ttag +73 12; 
ttag +74 7; 
ttag +75 2; 
ttag +76 3; 
ttag +77 1; 
ttag +78 3; 
ttag +79 1; 
ttag +80 14; 
ttag +81 13; 
ttag +82 1; 
ttag +83 1; 
ttag +84 10; 
ttag +85 6; 
ttag +86 1; 
ttag +87 9; 
ttag +88 1; 
ttag +89 1; 
tread
'Tree with tags' 
(0 (1 ((((2 3 )(((4 5 )(6 7 ))((8 9 )(10 (11 12 )))))((15 16 )(17 (18 (19 ((20 21 )((22 23 )(24 25 ))))))))((13 14 )((26 (27 (28 (29 30 ))))((31 ((32 33 )((34 35 )(36 (37 38 )))))(39 ((40 41 )(42 (43 (46 (47 (44 45 ))))))))))))); 
ttag *!; 
ttag +0 ////; 
ttag +1 ////; 
ttag +2 ////; 
ttag +3 ////; 
ttag +4 ////; 
ttag +5 ////; 
ttag +6 ////; 
ttag +7 ////; 
ttag +8 ////; 
ttag +9 ////; 
ttag +10 ////; 
ttag +11 ////; 
ttag +12 ////; 
ttag +13 ////; 
ttag +14 ////; 
ttag +15 ////; 
ttag +16 ////; 
ttag +17 ////; 
ttag +18 ////; 
ttag +19 ////; 
ttag +20 ////; 
ttag +21 ////; 
ttag +22 ////; 
ttag +23 ////; 
ttag +24 ////; 
ttag +25 ////; 
ttag +26 ////; 
ttag +27 ////; 
ttag +28 ////; 
ttag +29 ////; 
ttag +30 ////; 
ttag +31 ////; 
ttag +32 ////; 
ttag +33 ////; 
ttag +34 ////; 
ttag +35 ////; 
ttag +36 ////; 
ttag +37 ////; 
ttag +38 ////; 
ttag +39 ////; 
ttag +40 ////; 
ttag +41 ////; 
ttag +42 ////; 
ttag +43 ////; 
ttag +44 ////; 
ttag +45 ////; 
ttag +46 ////; 
ttag +47 ////; 
ttag +48 ////; 
ttag +49 100/100/100/100/100; 
ttag +50 96/96/90/94/92; 
ttag +51 99/98/92/98/96; 
ttag +52 47/26/5/35/25; 
ttag +53 40/31/41/31/32; 
ttag +54 97/97/97/99/98; 
ttag +55 94/93/92/96/87; 
ttag +56 98/98/91/96/94; 
ttag +57 97/96/86/95/93; 
ttag +58 42/23/6/20/?; 
ttag +59 47/27/16/27/3; 
ttag +60 73/67/51/59/48; 
ttag +61 99/99/99/99/98; 
ttag +62 100/100/100/100/100; 
ttag +63 38/29/23/32/30; 
ttag +64 99/99/99/100/100; 
ttag +65 65/58/69/47/62; 
ttag +66 44/21/12/15/8; 
ttag +67 84/80/78/86/78; 
ttag +68 82/78/66/86/78; 
ttag +69 99/99/99/99/99; 
ttag +70 93/92/84/94/93; 
ttag +71 98/98/96/98/97; 
ttag +72 96/93/86/94/90; 
ttag +73 82/76/66/84/73; 
ttag +74 89/86/70/90/73; 
ttag +75 86/81/64/87/68; 
ttag +76 92/90/74/95/76; 
ttag +77 86/82/75/79/69; 
ttag +78 100/100/100/100/99; 
ttag +79 98/97/96/98/95; 
ttag +80 85/78/70/82/70; 
ttag +81 80/76/74/75/73; 
ttag +82 43/12/17/13/12; 
ttag +83 89/86/75/87/78; 
ttag +84 36/5/6/?/?; 
ttag +85 100/100/99/100/100; 
ttag +86 100/100/100/100/99; 
ttag +87 55/30/35/36/28; 
ttag +88 49/30/32/34/30; 
ttag +89 99/99/98/100/98; 
ttag +90 99/99/96/99/94; 
ttag +91 69/51/57/44/48; 
ttag +92 100/100/96/99/99; 
ttag +93 39/11/0/3/?; 
ttag +94 62/44/42/34/32; 
