tread
'Tree with tags' 
(0 (1 ((2 3 )(((4 5 )(6 7 ))(9 (8 (10 (11 12 ))))))(((13 14 )((26 (27 (28 (29 30 ))))((39 (31 ((32 33 )(34 35 )(36 (37 38 )))))((40 41 )(42 (43 ((44 45 )(46 47 ))))))))((15 16 )(17 (18 (19 ((20 21 )((22 23 )(24 25 )))))))))); 
ttag *!; 
ttag +49 ???; 
ttag +50 3; 
ttag +51 10; 
ttag +52 3; 
ttag +53 6; 
ttag +54 1; 
ttag +55 3; 
ttag +56 1; 
ttag +57 2; 
ttag +58 4; 
ttag +59 9; 
ttag +60 10; 
ttag +61 1; 
ttag +62 1; 
ttag +63 10; 
ttag +64 4; 
ttag +65 1; 
ttag +66 7; 
ttag +67 2; 
ttag +68 12; 
ttag +69 3; 
ttag +70 8; 
ttag +71 7; 
ttag +72 4; 
ttag +73 9; 
ttag +74 4; 
ttag +75 1; 
ttag +76 7; 
ttag +77 5; 
ttag +78 1; 
ttag +79 1; 
ttag +80 8; 
ttag +81 4; 
ttag +82 3; 
ttag +83 3; 
ttag +84 6; 
ttag +85 7; 
ttag +86 5; 
ttag +87 8; 
ttag +88 4; 
ttag +89 7; 
ttag +90 4; 
ttag +91 8; 
ttag +92 3; 
tread
'Tree with tags' 
(0 ((1 ((2 3 )(((4 5 )(6 7 ))(9 (8 (10 (11 12 )))))))(((13 14 )((26 (27 (28 (29 30 ))))((39 (31 ((32 33 )((34 35 )(36 (37 38 ))))))((40 41 )(42 (43 ((44 45 )(46 47 ))))))))((15 16 )(17 (18 (19 ((20 21 )((22 23 )(24 25 )))))))))); 
ttag *!; 
ttag +0 ////; 
ttag +1 ////; 
ttag +2 ////; 
ttag +3 ////; 
ttag +4 ////; 
ttag +5 ////; 
ttag +6 ////; 
ttag +7 ////; 
ttag +8 ////; 
ttag +9 ////; 
ttag +10 ////; 
ttag +11 ////; 
ttag +12 ////; 
ttag +13 ////; 
ttag +14 ////; 
ttag +15 ////; 
ttag +16 ////; 
ttag +17 ////; 
ttag +18 ////; 
ttag +19 ////; 
ttag +20 ////; 
ttag +21 ////; 
ttag +22 ////; 
ttag +23 ////; 
ttag +24 ////; 
ttag +25 ////; 
ttag +26 ////; 
ttag +27 ////; 
ttag +28 ////; 
ttag +29 ////; 
ttag +30 ////; 
ttag +31 ////; 
ttag +32 ////; 
ttag +33 ////; 
ttag +34 ////; 
ttag +35 ////; 
ttag +36 ////; 
ttag +37 ////; 
ttag +38 ////; 
ttag +39 ////; 
ttag +40 ////; 
ttag +41 ////; 
ttag +42 ////; 
ttag +43 ////; 
ttag +44 ////; 
ttag +45 ////; 
ttag +46 ////; 
ttag +47 ////; 
ttag +48 ////; 
ttag +49 24/4/?/?/?; 
ttag +50 100/100/100/100/100; 
ttag +51 95/92/89/92/92; 
ttag +52 99/99/97/100/98; 
ttag +53 94/92/85/90/84; 
ttag +54 98/98/95/99/95; 
ttag +55 55/35/26/34/32; 
ttag +56 74/67/58/75/62; 
ttag +57 23/6/4/11/8; 
ttag +58 46/30/25/36/30; 
ttag +59 91/90/86/92/79; 
ttag +60 100/100/100/100/99; 
ttag +61 100/100/100/100/100; 
ttag +62 37/17/10/12/6; 
ttag +63 44/24/17/18/15; 
ttag +64 100/100/100/100/100; 
ttag +65 90/89/78/92/73; 
ttag +66 44/12/8/19/10; 
ttag +67 98/98/93/98/92; 
ttag +68 80/78/72/78/67; 
ttag +69 100/100/100/100/100; 
ttag +70 82/73/71/69/64; 
ttag +71 100/100/100/99/100; 
ttag +72 99/99/100/100/98; 
ttag +73 94/93/76/92/81; 
ttag +74 99/98/94/100/96; 
ttag +75 70/58/52/70/57; 
ttag +76 52/40/26/49/40; 
ttag +77 98/98/91/98/94; 
ttag +78 98/98/92/97/93; 
ttag +79 48/30/28/37/36; 
ttag +80 44/27/28/39/34; 
ttag +81 99/98/96/98/93; 
ttag +82 95/95/94/97/96; 
ttag +83 91/88/82/92/87; 
ttag +84 90/89/84/89/87; 
ttag +85 28/[24]/?/?/?; 
ttag +86 99/99/96/99/97; 
ttag +87 100/100/99/99/99; 
ttag +88 95/92/88/90/86; 
ttag +89 98/98/97/100/95; 
ttag +90 98/98/94/96/90; 
ttag +91 97/96/93/98/92; 
ttag +92 87/83/78/90/77; 
ttag +93 99/99/99/100/98; 
ttag +94 91/87/80/85/74; 
