tread
'Tree with tags' 
(0 (1 ((2 3 )((((4 5 )(6 7 ))(10 (11 12 )))(8 9 )))(13 14 )(17 (15 16 )(19 (18 ((20 21 )(25 (24 (22 23 )))))))((26 (27 (28 (29 30 ))))((39 (31 ((32 33 )((34 35 )(36 (37 38 ))))))((40 41 )(42 (43 ((44 45 )(46 47 ))))))))); 
ttag *!; 
ttag +49 ???; 
ttag +50 5; 
ttag +51 4; 
ttag +52 7; 
ttag +53 10; 
ttag +54 1; 
ttag +55 2; 
ttag +56 2; 
ttag +57 1; 
ttag +58 4; 
ttag +59 8; 
ttag +60 5; 
ttag +61 13; 
ttag +62 3; 
ttag +63 1; 
ttag +64 5; 
ttag +65 9; 
ttag +66 12; 
ttag +67 7; 
ttag +68 1; 
ttag +69 13; 
ttag +70 6; 
ttag +71 5; 
ttag +72 1; 
ttag +73 6; 
ttag +74 9; 
ttag +75 6; 
ttag +76 1; 
ttag +77 6; 
ttag +78 7; 
ttag +79 9; 
ttag +80 3; 
ttag +81 1; 
ttag +82 7; 
ttag +83 6; 
ttag +84 3; 
ttag +85 7; 
ttag +86 8; 
ttag +87 2; 
ttag +88 6; 
ttag +89 5; 
ttag +90 3; 
tread
'Tree with tags' 
(0 ((1 ((13 14 )(((17 (15 16 ))(19 (18 ((20 21 )(25 (24 (22 23 )))))))((26 (27 (28 (29 30 ))))((39 (31 ((32 33 )((34 35 )(36 (37 38 ))))))((40 41 )(42 (43 ((44 45 )(46 47 ))))))))))((2 3 )((((4 5 )(6 7 ))(10 (11 12 )))(8 9 ))))); 
ttag *!; 
ttag +0 ////; 
ttag +1 ////; 
ttag +2 ////; 
ttag +3 ////; 
ttag +4 ////; 
ttag +5 ////; 
ttag +6 ////; 
ttag +7 ////; 
ttag +8 ////; 
ttag +9 ////; 
ttag +10 ////; 
ttag +11 ////; 
ttag +12 ////; 
ttag +13 ////; 
ttag +14 ////; 
ttag +15 ////; 
ttag +16 ////; 
ttag +17 ////; 
ttag +18 ////; 
ttag +19 ////; 
ttag +20 ////; 
ttag +21 ////; 
ttag +22 ////; 
ttag +23 ////; 
ttag +24 ////; 
ttag +25 ////; 
ttag +26 ////; 
ttag +27 ////; 
ttag +28 ////; 
ttag +29 ////; 
ttag +30 ////; 
ttag +31 ////; 
ttag +32 ////; 
ttag +33 ////; 
ttag +34 ////; 
ttag +35 ////; 
ttag +36 ////; 
ttag +37 ////; 
ttag +38 ////; 
ttag +39 ////; 
ttag +40 ////; 
ttag +41 ////; 
ttag +42 ////; 
ttag +43 ////; 
ttag +44 ////; 
ttag +45 ////; 
ttag +46 ////; 
ttag +47 ////; 
ttag +48 ////; 
ttag +49 22/[11]/?/?/?; 
ttag +50 100/100/100/100/100; 
ttag +51 96/94/84/95/91; 
ttag +52 89/86/75/90/72; 
ttag +53 99/99/100/100/99; 
ttag +54 100/100/99/99/100; 
ttag +55 37/13/0/21/9; 
ttag +56 75/71/67/77/69; 
ttag +57 62/41/44/56/44; 
ttag +58 42/18/2/20/8; 
ttag +59 95/94/94/94/92; 
ttag +60 99/99/98/99/97; 
ttag +61 99/99/96/99/99; 
ttag +62 35/14/18/5/21; 
ttag +63 100/100/100/100/100; 
ttag +64 38/18/3/11/9; 
ttag +65 81/77/54/79/56; 
ttag +66 22/[9]/?/?/?; 
ttag +67 54/39/28/42/34; 
ttag +68 92/90/85/93/79; 
ttag +69 100/100/100/100/100; 
ttag +70 99/99/98/100/97; 
ttag +71 99/99/96/100/96; 
ttag +72 54/23/18/32/12; 
ttag +73 100/100/100/100/100; 
ttag +74 98/98/94/99/96; 
ttag +75 93/92/82/90/74; 
ttag +76 68/54/43/51/28; 
ttag +77 99/99/98/100/98; 
ttag +78 99/99/100/100/100; 
ttag +79 96/96/91/98/91; 
ttag +80 67/56/47/58/46; 
ttag +81 96/96/90/97/94; 
ttag +82 99/99/99/100/99; 
ttag +83 100/100/98/99/98; 
ttag +84 90/90/92/89/89; 
ttag +85 66/65/63/62/58; 
ttag +86 98/98/98/99/96; 
ttag +87 99/99/97/98/94; 
ttag +88 93/92/85/92/81; 
ttag +89 98/98/95/98/97; 
ttag +90 98/98/94/96/95; 
ttag +91 74/62/49/66/66; 
ttag +92 99/99/99/100/99; 
ttag +93 96/95/90/96/93; 
ttag +94 82/73/71/79/63; 
