tread
'Tree with tags' 
(0 (1 ((2 3 )(8 9 ((4 5 )(6 7 ))(10 (11 12 ))))((13 14 )((17 ((15 16 )(18 (19 ((20 21 )((22 23 )(24 25 )))))))((26 (27 (28 (29 30 ))))((39 (31 ((32 33 )(34 35 )(36 (37 38 )))))((40 41 )(42 (43 ((44 45 )(46 47 ))))))))))); 
ttag *!; 
ttag +49 ???; 
ttag +50 6; 
ttag +51 8; 
ttag +52 8; 
ttag +53 6; 
ttag +54 3; 
ttag +55 2; 
ttag +56 5; 
ttag +57 3; 
ttag +58 3; 
ttag +59 2; 
ttag +60 13; 
ttag +61 3; 
ttag +62 8; 
ttag +63 1; 
ttag +64 7; 
ttag +65 3; 
ttag +66 7; 
ttag +67 10; 
ttag +68 7; 
ttag +69 5; 
ttag +70 7; 
ttag +71 6; 
ttag +72 1; 
ttag +73 1; 
ttag +74 3; 
ttag +75 7; 
ttag +76 3; 
ttag +77 3; 
ttag +78 5; 
ttag +79 3; 
ttag +80 2; 
ttag +81 1; 
ttag +82 6; 
ttag +83 13; 
ttag +84 2; 
ttag +85 6; 
ttag +86 7; 
ttag +87 6; 
ttag +88 8; 
ttag +89 9; 
ttag +90 2; 
tread
'Tree with tags' 
(0 ((1 ((2 3 )(((4 5 )(6 7 ))(8 (9 (10 (11 12 )))))))((13 14 )((17 ((15 16 )(18 (19 ((20 21 )((22 23 )(24 25 )))))))((26 (27 (28 (29 30 ))))((39 (31 ((32 33 )((34 35 )(36 (37 38 ))))))((40 41 )(42 (43 ((44 45 )(46 47 ))))))))))); 
ttag *!; 
ttag +0 ////; 
ttag +1 ////; 
ttag +2 ////; 
ttag +3 ////; 
ttag +4 ////; 
ttag +5 ////; 
ttag +6 ////; 
ttag +7 ////; 
ttag +8 ////; 
ttag +9 ////; 
ttag +10 ////; 
ttag +11 ////; 
ttag +12 ////; 
ttag +13 ////; 
ttag +14 ////; 
ttag +15 ////; 
ttag +16 ////; 
ttag +17 ////; 
ttag +18 ////; 
ttag +19 ////; 
ttag +20 ////; 
ttag +21 ////; 
ttag +22 ////; 
ttag +23 ////; 
ttag +24 ////; 
ttag +25 ////; 
ttag +26 ////; 
ttag +27 ////; 
ttag +28 ////; 
ttag +29 ////; 
ttag +30 ////; 
ttag +31 ////; 
ttag +32 ////; 
ttag +33 ////; 
ttag +34 ////; 
ttag +35 ////; 
ttag +36 ////; 
ttag +37 ////; 
ttag +38 ////; 
ttag +39 ////; 
ttag +40 ////; 
ttag +41 ////; 
ttag +42 ////; 
ttag +43 ////; 
ttag +44 ////; 
ttag +45 ////; 
ttag +46 ////; 
ttag +47 ////; 
ttag +48 ////; 
ttag +49 27/13/6/2/10; 
ttag +50 100/100/100/100/100; 
ttag +51 97/96/92/99/92; 
ttag +52 100/100/97/99/97; 
ttag +53 100/100/99/100/98; 
ttag +54 95/92/87/94/83; 
ttag +55 78/74/60/81/63; 
ttag +56 74/71/58/72/62; 
ttag +57 39/14/5/15/8; 
ttag +58 17/[9]/?/?/?; 
ttag +59 89/87/82/90/87; 
ttag +60 87/83/76/87/88; 
ttag +61 94/91/86/95/88; 
ttag +62 47/34/20/50/29; 
ttag +63 100/100/100/100/99; 
ttag +64 85/81/71/84/72; 
ttag +65 100/100/96/99/97; 
ttag +66 50/43/32/38/38; 
ttag +67 98/97/94/98/95; 
ttag +68 84/80/65/87/70; 
ttag +69 100/100/99/100/100; 
ttag +70 100/100/100/100/98; 
ttag +71 99/98/98/100/99; 
ttag +72 96/94/80/91/82; 
ttag +73 99/99/98/100/99; 
ttag +74 96/96/96/99/98; 
ttag +75 48/34/24/27/18; 
ttag +76 48/36/29/39/36; 
ttag +77 89/86/75/88/76; 
ttag +78 99/99/96/100/96; 
ttag +79 71/64/50/66/61; 
ttag +80 56/49/36/49/41; 
ttag +81 92/91/84/91/78; 
ttag +82 92/92/88/90/87; 
ttag +83 77/72/60/74/62; 
ttag +84 68/52/53/49/54; 
ttag +85 41/9/0/13/6; 
ttag +86 96/94/96/98/92; 
ttag +87 100/100/99/100/98; 
ttag +88 68/50/35/58/56; 
ttag +89 91/87/68/91/76; 
ttag +90 98/98/96/99/95; 
ttag +91 94/92/88/97/92; 
ttag +92 99/99/97/99/97; 
ttag +93 99/99/98/100/98; 
ttag +94 74/64/69/71/60; 
