tread
'Tree with tags' 
(0 ((1 ((2 3 )(9 (8 ((6 7 (4 5 ))(10 (11 12 )))))))((13 14 )((15 16 )(17 (18 (19 ((20 21 )((22 23 )(24 25 )))))))((26 (27 (28 (29 30 ))))(39 (31 ((32 33 )(34 35 (36 (37 38 )))))(40 41 (42 (43 (46 47 (44 45 )))))))))); 
ttag *!; 
ttag +49 2; 
ttag +50 ???; 
ttag +51 6; 
ttag +52 3; 
ttag +53 3; 
ttag +54 6; 
ttag +55 2; 
ttag +56 1; 
ttag +57 5; 
ttag +58 6; 
ttag +59 9; 
ttag +60 3; 
ttag +61 2; 
ttag +62 10; 
ttag +63 6; 
ttag +64 4; 
ttag +65 3; 
ttag +66 7; 
ttag +67 9; 
ttag +68 6; 
ttag +69 10; 
ttag +70 4; 
ttag +71 5; 
ttag +72 6; 
ttag +73 2; 
ttag +74 2; 
ttag +75 1; 
ttag +76 7; 
ttag +77 3; 
ttag +78 3; 
ttag +79 9; 
ttag +80 5; 
ttag +81 1; 
ttag +82 10; 
ttag +83 9; 
ttag +84 1; 
ttag +85 2; 
ttag +86 4; 
ttag +87 7; 
ttag +88 5; 
tread
'Tree with tags' 
(0 ((1 ((2 3 )(9 (8 ((7 (6 (4 5 )))(10 (11 12 )))))))(((13 14 )((15 16 )(17 (18 (19 ((20 21 )((22 23 )(24 25 ))))))))((26 (27 (28 (29 30 ))))(39 ((31 ((32 33 )(34 (35 (36 (37 38 ))))))(40 (41 (42 (43 (47 (46 (44 45 ))))))))))))); 
ttag *!; 
ttag +0 ////; 
ttag +1 ////; 
ttag +2 ////; 
ttag +3 ////; 
ttag +4 ////; 
ttag +5 ////; 
ttag +6 ////; 
ttag +7 ////; 
ttag +8 ////; 
ttag +9 ////; 
ttag +10 ////; 
ttag +11 ////; 
ttag +12 ////; 
ttag +13 ////; 
ttag +14 ////; 
ttag +15 ////; 
ttag +16 ////; 
ttag +17 ////; 
ttag +18 ////; 
ttag +19 ////; 
ttag +20 ////; 
ttag +21 ////; 
ttag +22 ////; 
ttag +23 ////; 
ttag +24 ////; 
ttag +25 ////; 
ttag +26 ////; 
ttag +27 ////; 
ttag +28 ////; 
ttag +29 ////; 
ttag +30 ////; 
ttag +31 ////; 
ttag +32 ////; 
ttag +33 ////; 
ttag +34 ////; 
ttag +35 ////; 
ttag +36 ////; 
ttag +37 ////; 
ttag +38 ////; 
ttag +39 ////; 
ttag +40 ////; 
ttag +41 ////; 
ttag +42 ////; 
ttag +43 ////; 
ttag +44 ////; 
ttag +45 ////; 
ttag +46 ////; 
ttag +47 ////; 
ttag +48 ////; 
ttag +49 72/66/53/64/53; 
ttag +50 100/100/100/100/100; 
ttag +51 100/100/100/99/98; 
ttag +52 83/79/60/80/66; 
ttag +53 84/77/78/83/88; 
ttag +54 32/3/2/?/?; 
ttag +55 96/93/96/97/91; 
ttag +56 62/39/23/47/22; 
ttag +57 38/6/?/9/1; 
ttag +58 86/82/72/80/65; 
ttag +59 96/95/91/98/92; 
ttag +60 100/100/99/99/98; 
ttag +61 94/93/90/91/90; 
ttag +62 11/[5]/?/?/?; 
ttag +63 52/43/36/47/46; 
ttag +64 100/100/100/100/98; 
ttag +65 94/93/87/92/84; 
ttag +66 87/83/74/85/71; 
ttag +67 81/78/65/82/63; 
ttag +68 98/98/93/98/93; 
ttag +69 99/99/99/100/100; 
ttag +70 98/98/92/98/93; 
ttag +71 100/100/100/100/100; 
ttag +72 92/87/74/93/81; 
ttag +73 93/92/83/95/85; 
ttag +74 99/99/98/99/99; 
ttag +75 60/43/28/49/38; 
ttag +76 82/80/67/82/69; 
ttag +77 48/39/33/48/36; 
ttag +78 99/99/99/100/98; 
ttag +79 92/90/91/88/84; 
ttag +80 22/[18]/?/?/?; 
ttag +81 87/83/82/90/87; 
ttag +82 100/100/98/100/100; 
ttag +83 99/98/96/98/96; 
ttag +84 68/50/45/43/34; 
ttag +85 31/[5]/?/?/?; 
ttag +86 99/99/99/99/100; 
ttag +87 100/100/99/100/100; 
ttag +88 58/30/18/33/21; 
ttag +89 8/[44]/?/?/?; 
ttag +90 87/85/72/76/72; 
ttag +91 94/92/90/96/85; 
ttag +92 99/99/93/100/97; 
ttag +93 33/0/?/?/7; 
ttag +94 98/97/96/95/95; 
