tread
'Tree with tags' 
(0 ((1 ((2 3 )(((4 5 )(6 7 ))(8 (9 (10 (11 12 )))))))((13 14 )((17 ((15 16 )(18 (19 ((20 21 )((22 23 )(24 25 )))))))((26 (27 (28 (29 30 ))))(39 (31 ((32 33 )(34 35 )(36 (37 38 ))))(40 41 (42 (43 (46 47 (44 45 ))))))))))); 
ttag *!; 
ttag +49 3; 
ttag +50 ???; 
ttag +51 10; 
ttag +52 6; 
ttag +53 11; 
ttag +54 9; 
ttag +55 4; 
ttag +56 2; 
ttag +57 6; 
ttag +58 1; 
ttag +59 12; 
ttag +60 6; 
ttag +61 5; 
ttag +62 1; 
ttag +63 13; 
ttag +64 1; 
ttag +65 4; 
ttag +66 2; 
ttag +67 7; 
ttag +68 3; 
ttag +69 7; 
ttag +70 3; 
ttag +71 9; 
ttag +72 9; 
ttag +73 7; 
ttag +74 7; 
ttag +75 3; 
ttag +76 1; 
ttag +77 3; 
ttag +78 9; 
ttag +79 2; 
ttag +80 5; 
ttag +81 6; 
ttag +82 6; 
ttag +83 3; 
ttag +84 12; 
ttag +85 9; 
ttag +86 8; 
ttag +87 7; 
ttag +88 2; 
ttag +89 10; 
ttag +90 5; 
tread
'Tree with tags' 
(0 ((1 ((2 3 )(((4 5 )(6 7 ))(8 (9 (10 (11 12 )))))))((13 14 )((17 ((15 16 )(18 (19 ((20 21 )((22 23 )(24 25 )))))))((26 (27 (28 (29 30 ))))((31 ((32 33 )((34 35 )(36 (37 38 )))))(39 ((40 41 )(42 (43 (47 (46 (44 45 ))))))))))))); 
ttag *!; 
ttag +0 ////; 
ttag +1 ////; 
ttag +2 ////; 
ttag +3 ////; 
ttag +4 ////; 
ttag +5 ////; 
ttag +6 ////; 
ttag +7 ////; 
ttag +8 ////; 
ttag +9 ////; 
ttag +10 ////; 
ttag +11 ////; 
ttag +12 ////; 
ttag +13 ////; 
ttag +14 ////; 
ttag +15 ////; 
ttag +16 ////; 
ttag +17 ////; 
ttag +18 ////; 
ttag +19 ////; 
ttag +20 ////; 
ttag +21 ////; 
ttag +22 ////; 
ttag +23 ////; 
ttag +24 ////; 
ttag +25 ////; 
ttag +26 ////; 
ttag +27 ////; 
ttag +28 ////; 
ttag +29 ////; 
ttag +30 ////; 
ttag +31 ////; 
ttag +32 ////; 
ttag +33 ////; 
ttag +34 ////; 
ttag +35 ////; 
ttag +36 ////; 
ttag +37 ////; 
ttag +38 ////; 
ttag +39 ////; 
ttag +40 ////; 
ttag +41 ////; 
ttag +42 ////; 
ttag +43 ////; 
ttag +44 ////; 
ttag +45 ////; 
ttag +46 ////; 
ttag +47 ////; 
ttag +48 ////; 
ttag +49 83/81/72/77/65; 
ttag +50 100/100/100/100/100; 
ttag +51 100/100/99/100/99; 
ttag +52 96/94/89/96/90; 
ttag +53 100/100/99/100/100; 
ttag +54 100/100/99/100/99; 
ttag +55 93/90/81/84/82; 
ttag +56 80/72/71/71/66; 
ttag +57 97/97/94/98/95; 
ttag +58 56/40/44/35/44; 
ttag +59 100/100/99/100/100; 
ttag +60 99/99/97/98/97; 
ttag +61 98/98/96/98/96; 
ttag +62 52/33/28/34/31; 
ttag +63 100/100/100/100/100; 
ttag +64 39/25/15/31/15; 
ttag +65 91/90/83/90/80; 
ttag +66 84/83/77/82/74; 
ttag +67 99/99/98/99/95; 
ttag +68 78/68/64/76/56; 
ttag +69 100/100/100/100/99; 
ttag +70 83/80/66/80/66; 
ttag +71 100/100/100/100/100; 
ttag +72 100/100/100/100/100; 
ttag +73 99/99/97/99/99; 
ttag +74 98/98/97/99/96; 
ttag +75 92/90/85/89/85; 
ttag +76 58/50/29/44/31; 
ttag +77 86/81/76/82/72; 
ttag +78 100/100/100/100/100; 
ttag +79 82/74/66/74/68; 
ttag +80 97/96/89/98/92; 
ttag +81 99/99/97/99/99; 
ttag +82 100/100/98/99/98; 
ttag +83 96/96/92/95/95; 
ttag +84 40/4/?/2/?; 
ttag +85 100/100/100/100/100; 
ttag +86 100/100/98/99/99; 
ttag +87 32/7/0/8/4; 
ttag +88 18/[34]/?/?/?; 
ttag +89 100/100/99/100/99; 
ttag +90 98/98/96/98/97; 
ttag +91 84/78/76/80/78; 
ttag +92 100/100/100/100/100; 
ttag +93 31/1/?/1/?; 
ttag +94 97/97/92/97/95; 
