tread
'Tree with tags' 
(0 (1 (((2 3 )((6 (7 (4 5 )))((8 9 )(10 (11 12 )))))((13 14 )((15 16 )(17 (18 (19 ((20 21 )((22 23 )(24 25 )))))))((26 (27 (28 (29 30 ))))(39 (31 (32 33 )(34 35 )(36 (37 38 )))((40 41 )(42 (43 (46 47 (44 45 ))))))))))); 
ttag *!; 
ttag +49 ???; 
ttag +50 4; 
ttag +51 7; 
ttag +52 1; 
ttag +53 4; 
ttag +54 1; 
ttag +55 11; 
ttag +56 2; 
ttag +57 1; 
ttag +58 1; 
ttag +59 1; 
ttag +60 8; 
ttag +61 14; 
ttag +62 2; 
ttag +63 10; 
ttag +64 8; 
ttag +65 2; 
ttag +66 5; 
ttag +67 1; 
ttag +68 9; 
ttag +69 5; 
ttag +70 13; 
ttag +71 3; 
ttag +72 10; 
ttag +73 1; 
ttag +74 2; 
ttag +75 2; 
ttag +76 4; 
ttag +77 6; 
ttag +78 5; 
ttag +79 2; 
ttag +80 2; 
ttag +81 3; 
ttag +82 9; 
ttag +83 8; 
ttag +84 3; 
ttag +85 5; 
ttag +86 10; 
ttag +87 1; 
ttag +88 4; 
ttag +89 10; 
tread
'Tree with tags' 
(0 (1 (((2 3 )((6 (7 (4 5 )))((8 9 )(10 (11 12 )))))((13 14 )(((15 16 )(17 (18 (19 ((20 21 )((22 23 )(24 25 )))))))((26 (27 (28 (29 30 ))))((39 (31 ((32 33 )((34 35 )(36 (37 38 ))))))((40 41 )(42 (43 ((44 45 )(46 47 )))))))))))); 
ttag *!; 
ttag +0 ////; 
ttag +1 ////; 
ttag +2 ////; 
ttag +3 ////; 
ttag +4 ////; 
ttag +5 ////; 
ttag +6 ////; 
ttag +7 ////; 
ttag +8 ////; 
ttag +9 ////; 
ttag +10 ////; 
ttag +11 ////; 
ttag +12 ////; 
ttag +13 ////; 
ttag +14 ////; 
ttag +15 ////; 
ttag +16 ////; 
ttag +17 ////; 
ttag +18 ////; 
ttag +19 ////; 
ttag +20 ////; 
ttag +21 ////; 
ttag +22 ////; 
ttag +23 ////; 
ttag +24 ////; 
ttag +25 ////; 
ttag +26 ////; 
ttag +27 ////; 
ttag +28 ////; 
ttag +29 ////; 
ttag +30 ////; 
ttag +31 ////; 
ttag +32 ////; 
ttag +33 ////; 
ttag +34 ////; 
ttag +35 ////; 
ttag +36 ////; 
ttag +37 ////; 
ttag +38 ////; 
ttag +39 ////; 
ttag +40 ////; 
ttag +41 ////; 
ttag +42 ////; 
ttag +43 ////; 
ttag +44 ////; 
ttag +45 ////; 
ttag +46 ////; 
ttag +47 ////; 
ttag +48 ////; 
ttag +49 100/100/100/100/100; 
ttag +50 84/78/76/79/78; 
ttag +51 94/91/88/96/93; 
ttag +52 27/15/10/22/18; 
ttag +53 88/81/71/79/79; 
ttag +54 58/30/2/22/19; 
ttag +55 100/100/98/100/100; 
ttag +56 70/63/54/69/58; 
ttag +57 38/23/14/14/21; 
ttag +58 34/4/19/8/7; 
ttag +59 59/40/41/38/41; 
ttag +60 100/100/98/100/99; 
ttag +61 100/100/100/100/100; 
ttag +62 46/39/22/38/24; 
ttag +63 99/99/99/100/100; 
ttag +64 98/97/98/99/98; 
ttag +65 37/19/22/23/25; 
ttag +66 67/60/54/59/55; 
ttag +67 92/90/79/93/81; 
ttag +68 50/39/25/35/30; 
ttag +69 100/100/100/100/100; 
ttag +70 94/92/90/95/87; 
ttag +71 100/100/100/100/100; 
ttag +72 90/88/78/93/84; 
ttag +73 100/100/100/100/99; 
ttag +74 60/52/44/50/41; 
ttag +75 60/47/41/48/36; 
ttag +76 61/53/42/52/44; 
ttag +77 96/95/90/96/89; 
ttag +78 98/98/97/96/94; 
ttag +79 98/98/98/99/98; 
ttag +80 39/22/28/15/19; 
ttag +81 58/34/22/36/30; 
ttag +82 82/75/71/76/66; 
ttag +83 30/2/12/3/2; 
ttag +84 92/91/84/92/80; 
ttag +85 39/8/17/5/6; 
ttag +86 100/100/98/100/99; 
ttag +87 100/100/100/100/99; 
ttag +88 84/78/74/82/72; 
ttag +89 94/94/88/96/89; 
ttag +90 99/99/97/99/99; 
ttag +91 72/65/54/68/62; 
ttag +92 95/94/86/93/84; 
ttag +93 100/100/99/100/99; 
ttag +94 46/12/7/9/5; 
