tread
'Tree with tags' 
(0 (1 ((((2 3 )(((4 5 )(6 7 ))((8 9 )(10 (11 12 )))))((13 14 )(17 (15 16 )(18 (19 ((20 21 )((22 23 )(24 25 ))))))))((27 (26 (28 (29 30 ))))((31 (((32 33 )(34 35 ))(36 (37 38 ))))(39 ((40 41 )(42 (43 ((44 45 )(46 47 ))))))))))); 
ttag *!; 
ttag +49 ???; 
ttag +50 13; 
ttag +51 11; 
ttag +52 1; 
ttag +53 1; 
ttag +54 7; 
ttag +55 8; 
ttag +56 3; 
ttag +57 1; 
ttag +58 2; 
ttag +59 3; 
ttag +60 4; 
ttag +61 2; 
ttag +62 11; 
ttag +63 1; 
ttag +64 4; 
ttag +65 12; 
ttag +66 4; 
ttag +67 4; 
ttag +68 5; 
ttag +69 7; 
ttag +70 12; 
ttag +71 6; 
ttag +72 2; 
ttag +73 1; 
ttag +74 3; 
ttag +75 5; 
ttag +76 5; 
ttag +77 5; 
ttag +78 8; 
ttag +79 5; 
ttag +80 4; 
ttag +81 1; 
ttag +82 5; 
ttag +83 6; 
ttag +84 7; 
ttag +85 6; 
ttag +86 2; 
ttag +87 2; 
ttag +88 9; 
ttag +89 10; 
ttag +90 4; 
ttag +91 7; 
ttag +92 5; 
ttag +93 3; 
tread
'Tree with tags' 
(0 (1 ((((2 3 )(((4 5 )(6 7 ))((8 9 )(10 (11 12 )))))((13 14 )((17 (15 16 ))(18 (19 ((20 21 )((22 23 )(24 25 ))))))))((27 (26 (28 (29 30 ))))((31 (((32 33 )(34 35 ))(36 (37 38 ))))(39 ((40 41 )(42 (43 ((44 45 )(46 47 ))))))))))); 
ttag *!; 
ttag +0 ////; 
ttag +1 ////; 
ttag +2 ////; 
ttag +3 ////; 
ttag +4 ////; 
ttag +5 ////; 
ttag +6 ////; 
ttag +7 ////; 
ttag +8 ////; 
ttag +9 ////; 
ttag +10 ////; 
ttag +11 ////; 
ttag +12 ////; 
ttag +13 ////; 
ttag +14 ////; 
ttag +15 ////; 
ttag +16 ////; 
ttag +17 ////; 
ttag +18 ////; 
ttag +19 ////; 
ttag +20 ////; 
ttag +21 ////; 
ttag +22 ////; 
ttag +23 ////; 
ttag +24 ////; 
ttag +25 ////; 
ttag +26 ////; 
ttag +27 ////; 
ttag +28 ////; 
ttag +29 ////; 
ttag +30 ////; 
ttag +31 ////; 
ttag +32 ////; 
ttag +33 ////; 
ttag +34 ////; 
ttag +35 ////; 
ttag +36 ////; 
ttag +37 ////; 
ttag +38 ////; 
ttag +39 ////; 
ttag +40 ////; 
ttag +41 ////; 
ttag +42 ////; 
ttag +43 ////; 
ttag +44 ////; 
ttag +45 ////; 
ttag +46 ////; 
ttag +47 ////; 
ttag +48 ////; 
ttag +49 100/100/100/100/100; 
ttag +50 100/100/100/100/100; 
ttag +51 100/100/97/99/97; 
ttag +52 26/1/?/2/?; 
ttag +53 66/60/58/56/54; 
ttag +54 100/100/96/98/98; 
ttag +55 97/97/90/98/92; 
ttag +56 64/55/50/55/49; 
ttag +57 33/9/12/20/1; 
ttag +58 58/48/51/57/45; 
ttag +59 60/51/41/52/43; 
ttag +60 77/68/62/69/59; 
ttag +61 78/70/68/70/64; 
ttag +62 100/100/100/100/100; 
ttag +63 42/27/20/23/16; 
ttag +64 94/90/80/95/89; 
ttag +65 29/2/3/?/2; 
ttag +66 99/99/98/100/99; 
ttag +67 88/83/74/84/74; 
ttag +68 90/85/78/88/77; 
ttag +69 98/98/95/97/96; 
ttag +70 98/98/95/99/94; 
ttag +71 100/100/100/100/100; 
ttag +72 98/98/94/97/93; 
ttag +73 70/56/67/66/57; 
ttag +74 39/14/8/14/3; 
ttag +75 85/80/73/80/74; 
ttag +76 93/89/76/90/78; 
ttag +77 96/94/94/93/88; 
ttag +78 98/98/92/98/93; 
ttag +79 95/92/92/97/91; 
ttag +80 88/85/78/87/80; 
ttag +81 84/79/75/86/65; 
ttag +82 46/22/25/39/26; 
ttag +83 92/90/86/93/89; 
ttag +84 96/95/92/95/91; 
ttag +85 98/98/98/98/97; 
ttag +86 97/96/97/96/94; 
ttag +87 71/61/58/61/62; 
ttag +88 86/82/71/69/68; 
ttag +89 100/100/100/100/98; 
ttag +90 100/100/100/100/100; 
ttag +91 95/94/85/96/93; 
ttag +92 98/98/98/100/99; 
ttag +93 94/94/90/93/89; 
ttag +94 80/72/61/83/70; 
