tread
'Tree with tags' 
(0 (1 ((2 3 )(((4 5 )(6 7 ))((8 9 )(10 (11 12 )))))(13 14 )(17 (15 16 )(18 (19 ((20 21 )(25 (24 (22 23 )))))))((26 (27 (28 (29 30 ))))(39 ((31 ((32 33 )((34 35 )(36 (37 38 )))))((40 41 )(42 (43 ((44 45 )(46 47 )))))))))); 
ttag *!; 
ttag +49 ???; 
ttag +50 3; 
ttag +51 5; 
ttag +52 3; 
ttag +53 9; 
ttag +54 3; 
ttag +55 3; 
ttag +56 1; 
ttag +57 2; 
ttag +58 2; 
ttag +59 11; 
ttag +60 12; 
ttag +61 6; 
ttag +62 5; 
ttag +63 5; 
ttag +64 1; 
ttag +65 7; 
ttag +66 5; 
ttag +67 10; 
ttag +68 1; 
ttag +69 7; 
ttag +70 7; 
ttag +71 3; 
ttag +72 3; 
ttag +73 5; 
ttag +74 13; 
ttag +75 9; 
ttag +76 1; 
ttag +77 3; 
ttag +78 6; 
ttag +79 4; 
ttag +80 2; 
ttag +81 1; 
ttag +82 4; 
ttag +83 4; 
ttag +84 1; 
ttag +85 6; 
ttag +86 7; 
ttag +87 3; 
ttag +88 11; 
ttag +89 4; 
ttag +90 7; 
tread
'Tree with tags' 
(0 ((1 ((((2 3 )(((4 5 )(6 7 ))((8 9 )(10 (11 12 )))))((15 16 )(17 (18 (19 ((20 21 )(25 (24 (22 23 )))))))))((26 (27 (28 (29 30 ))))(39 ((31 ((32 33 )((34 35 )(36 (37 38 )))))((40 41 )(42 (43 ((44 45 )(46 47 ))))))))))(13 14 ))); 
ttag *!; 
ttag +0 ////; 
ttag +1 ////; 
ttag +2 ////; 
ttag +3 ////; 
ttag +4 ////; 
ttag +5 ////; 
ttag +6 ////; 
ttag +7 ////; 
ttag +8 ////; 
ttag +9 ////; 
ttag +10 ////; 
ttag +11 ////; 
ttag +12 ////; 
ttag +13 ////; 
ttag +14 ////; 
ttag +15 ////; 
ttag +16 ////; 
ttag +17 ////; 
ttag +18 ////; 
ttag +19 ////; 
ttag +20 ////; 
ttag +21 ////; 
ttag +22 ////; 
ttag +23 ////; 
ttag +24 ////; 
ttag +25 ////; 
ttag +26 ////; 
ttag +27 ////; 
ttag +28 ////; 
ttag +29 ////; 
ttag +30 ////; 
ttag +31 ////; 
ttag +32 ////; 
ttag +33 ////; 
ttag +34 ////; 
ttag +35 ////; 
ttag +36 ////; 
ttag +37 ////; 
ttag +38 ////; 
ttag +39 ////; 
ttag +40 ////; 
ttag +41 ////; 
ttag +42 ////; 
ttag +43 ////; 
ttag +44 ////; 
ttag +45 ////; 
ttag +46 ////; 
ttag +47 ////; 
ttag +48 ////; 
ttag +49 20/1/?/?/?; 
ttag +50 100/100/100/100/100; 
ttag +51 90/87/81/87/82; 
ttag +52 97/95/92/92/88; 
ttag +53 26/[8]/?/?/?; 
ttag +54 40/28/24/25/23; 
ttag +55 93/92/92/98/87; 
ttag +56 99/99/95/100/95; 
ttag +57 94/92/78/87/75; 
ttag +58 88/84/77/90/77; 
ttag +59 71/57/47/56/50; 
ttag +60 86/84/71/85/71; 
ttag +61 88/85/70/84/67; 
ttag +62 100/100/100/99/100; 
ttag +63 100/100/100/100/100; 
ttag +64 100/100/98/99/97; 
ttag +65 95/95/92/97/92; 
ttag +66 23/[20]/?/?/?; 
ttag +67 96/96/93/97/93; 
ttag +68 54/44/32/50/41; 
ttag +69 100/100/99/100/98; 
ttag +70 96/96/96/95/88; 
ttag +71 99/99/97/100/100; 
ttag +72 48/29/30/36/33; 
ttag +73 99/99/97/98/96; 
ttag +74 99/99/97/99/98; 
ttag +75 93/91/90/89/85; 
ttag +76 90/88/80/91/80; 
ttag +77 98/97/91/96/90; 
ttag +78 100/100/100/100/100; 
ttag +79 100/100/98/99/97; 
ttag +80 39/15/16/11/8; 
ttag +81 89/84/76/90/79; 
ttag +82 100/100/99/99/99; 
ttag +83 78/73/66/80/69; 
ttag +84 88/85/82/83/80; 
ttag +85 41/8/?/?/?; 
ttag +86 95/94/94/97/90; 
ttag +87 92/88/79/90/81; 
ttag +88 42/20/2/5/14; 
ttag +89 97/97/95/98/97; 
ttag +90 97/96/96/98/95; 
ttag +91 91/88/77/88/78; 
ttag +92 100/100/100/99/100; 
ttag +93 96/96/90/95/88; 
ttag +94 100/100/100/100/100; 
