tread
'Tree with tags' 
(0 ((1 ((2 3 )(((4 5 )(6 7 ))(8 9 (10 (11 12 ))))))((13 14 )(((17 (15 16 ))(18 (19 ((20 21 )(22 23 )(24 25 )))))((26 (27 (28 (29 30 ))))((39 (31 ((32 33 )((34 35 )(36 (37 38 ))))))((40 41 )(42 (43 ((44 45 )(46 47 ))))))))))); 
ttag *!; 
ttag +49 3; 
ttag +50 ???; 
ttag +51 12; 
ttag +52 9; 
ttag +53 5; 
ttag +54 4; 
ttag +55 4; 
ttag +56 6; 
ttag +57 2; 
ttag +58 5; 
ttag +59 6; 
ttag +60 12; 
ttag +61 1; 
ttag +62 11; 
ttag +63 1; 
ttag +64 7; 
ttag +65 1; 
ttag +66 2; 
ttag +67 2; 
ttag +68 11; 
ttag +69 10; 
ttag +70 9; 
ttag +71 4; 
ttag +72 6; 
ttag +73 3; 
ttag +74 4; 
ttag +75 4; 
ttag +76 6; 
ttag +77 5; 
ttag +78 3; 
ttag +79 6; 
ttag +80 4; 
ttag +81 5; 
ttag +82 1; 
ttag +83 2; 
ttag +84 5; 
ttag +85 11; 
ttag +86 4; 
ttag +87 3; 
ttag +88 5; 
ttag +89 1; 
ttag +90 7; 
ttag +91 8; 
ttag +92 1; 
tread
'Tree with tags' 
(0 ((1 ((2 3 )(((4 5 )(6 7 ))(9 (8 (10 (11 12 )))))))((13 14 )(((17 (15 16 ))(18 (19 ((20 21 )((22 23 )(24 25 ))))))((26 (27 (28 (29 30 ))))((39 (31 ((32 33 )((34 35 )(36 (37 38 ))))))((40 41 )(42 (43 ((44 45 )(46 47 ))))))))))); 
ttag *!; 
ttag +0 ////; 
ttag +1 ////; 
ttag +2 ////; 
ttag +3 ////; 
ttag +4 ////; 
ttag +5 ////; 
ttag +6 ////; 
ttag +7 ////; 
ttag +8 ////; 
ttag +9 ////; 
ttag +10 ////; 
ttag +11 ////; 
ttag +12 ////; 
ttag +13 ////; 
ttag +14 ////; 
ttag +15 ////; 
ttag +16 ////; 
ttag +17 ////; 
ttag +18 ////; 
ttag +19 ////; 
ttag +20 ////; 
ttag +21 ////; 
ttag +22 ////; 
ttag +23 ////; 
ttag +24 ////; 
ttag +25 ////; 
ttag +26 ////; 
ttag +27 ////; 
ttag +28 ////; 
ttag +29 ////; 
ttag +30 ////; 
ttag +31 ////; 
ttag +32 ////; 
ttag +33 ////; 
ttag +34 ////; 
ttag +35 ////; 
ttag +36 ////; 
ttag +37 ////; 
ttag +38 ////; 
ttag +39 ////; 
ttag +40 ////; 
ttag +41 ////; 
ttag +42 ////; 
ttag +43 ////; 
ttag +44 ////; 
ttag +45 ////; 
ttag +46 ////; 
ttag +47 ////; 
ttag +48 ////; 
ttag +49 82/78/64/71/58; 
ttag +50 100/100/100/100/100; 
ttag +51 100/100/99/100/100; 
ttag +52 99/99/96/99/96; 
ttag +53 92/90/87/94/86; 
ttag +54 93/92/82/94/88; 
ttag +55 92/91/81/93/85; 
ttag +56 99/99/97/98/96; 
ttag +57 23/[2]/?/?/?; 
ttag +58 66/53/43/63/38; 
ttag +59 95/93/82/96/85; 
ttag +60 98/98/93/98/91; 
ttag +61 100/100/100/100/100; 
ttag +62 54/33/28/32/24; 
ttag +63 100/100/100/100/100; 
ttag +64 37/9/4/8/2; 
ttag +65 92/92/80/91/92; 
ttag +66 32/8/17/9/11; 
ttag +67 74/62/39/52/48; 
ttag +68 68/49/26/46/36; 
ttag +69 100/100/100/100/100; 
ttag +70 100/100/98/100/96; 
ttag +71 100/100/100/100/99; 
ttag +72 33/[12]/?/?/?; 
ttag +73 95/94/84/94/86; 
ttag +74 98/98/97/99/96; 
ttag +75 71/62/38/56/42; 
ttag +76 94/91/90/90/86; 
ttag +77 99/99/97/98/94; 
ttag +78 100/100/97/99/97; 
ttag +79 95/94/91/94/86; 
ttag +80 75/67/54/70/52; 
ttag +81 97/97/94/97/91; 
ttag +82 96/95/94/95/95; 
ttag +83 93/92/86/93/86; 
ttag +84 62/48/42/42/35; 
ttag +85 78/72/67/80/69; 
ttag +86 91/89/86/94/83; 
ttag +87 100/100/100/100/100; 
ttag +88 89/87/80/89/80; 
ttag +89 82/79/72/86/72; 
ttag +90 98/98/93/97/95; 
ttag +91 52/15/?/8/6; 
ttag +92 99/99/97/100/100; 
ttag +93 98/98/93/98/92; 
ttag +94 44/8/?/?/?; 
