tread
'Tree with tags' 
(0 (((1 ((2 3 )((((4 5 )(6 7 ))(8 9 ))(10 (11 12 )))))((13 14 )((15 16 )(17 (18 (19 ((20 21 )((22 23 )(24 25 )))))))))((26 (27 (28 (29 30 ))))((31 ((32 33 )(34 35 )(36 (37 38 ))))(39 (40 41 (42 (43 ((44 45 )(46 47 )))))))))); 
ttag *!; 
ttag +49 2; 
ttag +50 1; 
ttag +51 ???; 
ttag +52 6; 
ttag +53 5; 
ttag +54 8; 
ttag +55 1; 
ttag +56 2; 
ttag +57 3; 
ttag +58 2; 
ttag +59 1; 
ttag +60 4; 
ttag +61 9; 
ttag +62 4; 
ttag +63 1; 
ttag +64 15; 
ttag +65 3; 
ttag +66 3; 
ttag +67 7; 
ttag +68 7; 
ttag +69 12; 
ttag +70 2; 
ttag +71 8; 
ttag +72 4; 
ttag +73 5; 
ttag +74 8; 
ttag +75 7; 
ttag +76 2; 
ttag +77 7; 
ttag +78 5; 
ttag +79 3; 
ttag +80 3; 
ttag +81 4; 
ttag +82 3; 
ttag +83 4; 
ttag +84 9; 
ttag +85 5; 
ttag +86 1; 
ttag +87 9; 
ttag +88 6; 
ttag +89 4; 
ttag +90 7; 
ttag +91 6; 
ttag +92 7; 
tread
'Tree with tags' 
(0 (((1 ((2 3 )((((4 5 )(6 7 ))(8 9 ))(10 (11 12 )))))((13 14 )((15 16 )(17 (18 (19 ((20 21 )((22 23 )(24 25 )))))))))((26 (27 (28 (29 30 ))))((31 ((32 33 )(34 35 )(36 (37 38 ))))(39 (40 41 (42 (43 ((44 45 )(46 47 )))))))))); 
ttag *!; 
ttag +0 ////; 
ttag +1 ////; 
ttag +2 ////; 
ttag +3 ////; 
ttag +4 ////; 
ttag +5 ////; 
ttag +6 ////; 
ttag +7 ////; 
ttag +8 ////; 
ttag +9 ////; 
ttag +10 ////; 
ttag +11 ////; 
ttag +12 ////; 
ttag +13 ////; 
ttag +14 ////; 
ttag +15 ////; 
ttag +16 ////; 
ttag +17 ////; 
ttag +18 ////; 
ttag +19 ////; 
ttag +20 ////; 
ttag +21 ////; 
ttag +22 ////; 
ttag +23 ////; 
ttag +24 ////; 
ttag +25 ////; 
ttag +26 ////; 
ttag +27 ////; 
ttag +28 ////; 
ttag +29 ////; 
ttag +30 ////; 
ttag +31 ////; 
ttag +32 ////; 
ttag +33 ////; 
ttag +34 ////; 
ttag +35 ////; 
ttag +36 ////; 
ttag +37 ////; 
ttag +38 ////; 
ttag +39 ////; 
ttag +40 ////; 
ttag +41 ////; 
ttag +42 ////; 
ttag +43 ////; 
ttag +44 ////; 
ttag +45 ////; 
ttag +46 ////; 
ttag +47 ////; 
ttag +48 ////; 
ttag +49 39/27/16/33/7; 
ttag +50 28/15/7/20/?; 
ttag +51 100/100/100/100/100; 
ttag +52 95/94/84/90/90; 
ttag +53 97/96/93/98/94; 
ttag +54 100/100/94/99/97; 
ttag +55 58/49/38/48/39; 
ttag +56 41/31/27/43/27; 
ttag +57 63/53/51/64/51; 
ttag +58 77/69/66/70/65; 
ttag +59 35/20/15/21/11; 
ttag +60 86/80/73/92/64; 
ttag +61 100/100/100/100/100; 
ttag +62 94/93/91/94/90; 
ttag +63 32/20/19/28/14; 
ttag +64 100/100/100/100/100; 
ttag +65 73/68/63/73/66; 
ttag +66 77/72/56/75/65; 
ttag +67 97/96/89/99/94; 
ttag +68 98/98/90/97/94; 
ttag +69 100/100/100/100/100; 
ttag +70 75/66/60/84/62; 
ttag +71 99/99/99/100/98; 
ttag +72 90/89/84/94/88; 
ttag +73 96/95/87/93/90; 
ttag +74 97/96/96/98/95; 
ttag +75 94/92/92/96/93; 
ttag +76 74/60/54/61/48; 
ttag +77 98/98/97/100/97; 
ttag +78 89/84/78/84/73; 
ttag +79 81/76/71/86/70; 
ttag +80 82/74/68/82/63; 
ttag +81 92/91/80/90/82; 
ttag +82 79/72/60/74/61; 
ttag +83 98/98/98/99/100; 
ttag +84 100/100/98/100/99; 
ttag +85 91/88/86/92/84; 
ttag +86 65/56/49/50/46; 
ttag +87 99/98/97/99/96; 
ttag +88 98/98/96/98/93; 
ttag +89 95/95/86/92/86; 
ttag +90 100/100/99/99/100; 
ttag +91 97/97/94/96/94; 
ttag +92 99/98/98/99/97; 
