tread
'Tree with tags' 
(0 (((1 (39 (26 (27 (28 (29 30 ))))(31 ((32 33 )((34 35 )(36 (37 38 )))))((40 41 )(42 (43 ((44 45 )(46 47 )))))))((13 14 )((15 16 )(17 (18 (19 ((20 21 )((22 23 )(24 25 )))))))))((2 3 )((((4 5 )(6 7 ))(10 (11 12 )))(8 9 ))))); 
ttag *!; 
ttag +49 1; 
ttag +50 2; 
ttag +51 ???; 
ttag +52 7; 
ttag +53 5; 
ttag +54 7; 
ttag +55 5; 
ttag +56 1; 
ttag +57 5; 
ttag +58 3; 
ttag +59 1; 
ttag +60 6; 
ttag +61 5; 
ttag +62 9; 
ttag +63 2; 
ttag +64 13; 
ttag +65 2; 
ttag +66 1; 
ttag +67 4; 
ttag +68 1; 
ttag +69 7; 
ttag +70 5; 
ttag +71 8; 
ttag +72 5; 
ttag +73 3; 
ttag +74 8; 
ttag +75 5; 
ttag +76 2; 
ttag +77 3; 
ttag +78 11; 
ttag +79 10; 
ttag +80 5; 
ttag +81 4; 
ttag +82 4; 
ttag +83 2; 
ttag +84 8; 
ttag +85 3; 
ttag +86 3; 
ttag +87 9; 
ttag +88 10; 
ttag +89 3; 
ttag +90 1; 
ttag +91 5; 
ttag +92 3; 
tread
'Tree with tags' 
(0 (((1 ((26 (27 (28 (29 30 ))))(39 ((31 ((32 33 )((34 35 )(36 (37 38 )))))((40 41 )(42 (43 ((44 45 )(46 47 )))))))))((13 14 )((15 16 )(17 (18 (19 ((20 21 )((22 23 )(24 25 )))))))))((2 3 )((((4 5 )(6 7 ))(10 (11 12 )))(8 9 ))))); 
ttag *!; 
ttag +0 ////; 
ttag +1 ////; 
ttag +2 ////; 
ttag +3 ////; 
ttag +4 ////; 
ttag +5 ////; 
ttag +6 ////; 
ttag +7 ////; 
ttag +8 ////; 
ttag +9 ////; 
ttag +10 ////; 
ttag +11 ////; 
ttag +12 ////; 
ttag +13 ////; 
ttag +14 ////; 
ttag +15 ////; 
ttag +16 ////; 
ttag +17 ////; 
ttag +18 ////; 
ttag +19 ////; 
ttag +20 ////; 
ttag +21 ////; 
ttag +22 ////; 
ttag +23 ////; 
ttag +24 ////; 
ttag +25 ////; 
ttag +26 ////; 
ttag +27 ////; 
ttag +28 ////; 
ttag +29 ////; 
ttag +30 ////; 
ttag +31 ////; 
ttag +32 ////; 
ttag +33 ////; 
ttag +34 ////; 
ttag +35 ////; 
ttag +36 ////; 
ttag +37 ////; 
ttag +38 ////; 
ttag +39 ////; 
ttag +40 ////; 
ttag +41 ////; 
ttag +42 ////; 
ttag +43 ////; 
ttag +44 ////; 
ttag +45 ////; 
ttag +46 ////; 
ttag +47 ////; 
ttag +48 ////; 
ttag +49 32/18/9/18/10; 
ttag +50 60/49/49/56/43; 
ttag +51 100/100/100/100/100; 
ttag +52 99/99/98/100/98; 
ttag +53 96/94/88/94/84; 
ttag +54 99/99/98/100/98; 
ttag +55 96/95/86/95/91; 
ttag +56 45/10/2/12/?; 
ttag +57 98/98/93/99/92; 
ttag +58 85/79/72/83/64; 
ttag +59 59/33/42/31/24; 
ttag +60 97/96/89/96/92; 
ttag +61 99/99/96/98/96; 
ttag +62 100/100/100/100/100; 
ttag +63 54/48/40/47/41; 
ttag +64 100/100/100/100/100; 
ttag +65 70/58/46/55/53; 
ttag +66 43/5/2/9/?; 
ttag +67 83/79/67/82/64; 
ttag +68 65/52/24/41/20; 
ttag +69 100/100/100/100/100; 
ttag +70 86/84/75/83/69; 
ttag +71 100/100/97/99/96; 
ttag +72 96/94/88/94/85; 
ttag +73 88/85/75/83/73; 
ttag +74 100/100/99/100/99; 
ttag +75 92/90/85/92/86; 
ttag +76 56/35/30/43/41; 
ttag +77 68/55/47/60/50; 
ttag +78 100/100/100/100/99; 
ttag +79 100/100/100/100/100; 
ttag +80 25/[2]/0/1/3; 
ttag +81 47/20/24/21/26; 
ttag +82 94/94/88/96/86; 
ttag +83 98/98/90/96/96; 
ttag +84 93/89/83/92/79; 
ttag +85 78/74/70/79/69; 
ttag +86 98/98/97/99/98; 
ttag +87 89/85/64/84/72; 
ttag +88 91/87/84/92/81; 
ttag +89 100/100/98/100/96; 
ttag +90 100/100/98/99/98; 
ttag +91 87/81/73/84/78; 
ttag +92 58/43/36/33/24; 
ttag +93 92/90/85/88/81; 
ttag +94 84/80/61/84/73; 
