tread
'Tree with tags' 
(0 ((1 ((2 3 )(((4 5 )(6 7 ))((8 9 )(10 (11 12 ))))))((13 14 )(((15 16 )(17 (18 (19 ((20 21 )((22 23 )(24 25 )))))))((27 (26 (28 (29 30 ))))((39 (31 ((32 33 )(34 35 )(36 (37 38 )))))(40 41 (42 43 ((44 45 )(46 47 )))))))))); 
ttag *!; 
ttag +49 1; 
ttag +50 ???; 
ttag +51 6; 
ttag +52 4; 
ttag +53 9; 
ttag +54 3; 
ttag +55 6; 
ttag +56 7; 
ttag +57 2; 
ttag +58 1; 
ttag +59 11; 
ttag +60 8; 
ttag +61 15; 
ttag +62 1; 
ttag +63 14; 
ttag +64 5; 
ttag +65 1; 
ttag +66 1; 
ttag +67 6; 
ttag +68 2; 
ttag +69 7; 
ttag +70 6; 
ttag +71 10; 
ttag +72 7; 
ttag +73 3; 
ttag +74 1; 
ttag +75 10; 
ttag +76 4; 
ttag +77 6; 
ttag +78 13; 
ttag +79 2; 
ttag +80 2; 
ttag +81 5; 
ttag +82 8; 
ttag +83 1; 
ttag +84 1; 
ttag +85 9; 
ttag +86 3; 
ttag +87 5; 
ttag +88 5; 
ttag +89 7; 
ttag +90 9; 
ttag +91 1; 
tread
'Tree with tags' 
(0 ((1 ((2 3 )(((4 5 )(6 7 ))((8 9 )(10 (11 12 ))))))((13 14 )(((15 16 )(17 (18 (19 ((20 21 )((22 23 )(24 25 )))))))((27 (26 (28 (29 30 ))))((39 (31 ((32 33 )((34 35 )(36 (37 38 ))))))((40 41 )(42 (43 ((44 45 )(46 47 ))))))))))); 
ttag *!; 
ttag +0 ////; 
ttag +1 ////; 
ttag +2 ////; 
ttag +3 ////; 
ttag +4 ////; 
ttag +5 ////; 
ttag +6 ////; 
ttag +7 ////; 
ttag +8 ////; 
ttag +9 ////; 
ttag +10 ////; 
ttag +11 ////; 
ttag +12 ////; 
ttag +13 ////; 
ttag +14 ////; 
ttag +15 ////; 
ttag +16 ////; 
ttag +17 ////; 
ttag +18 ////; 
ttag +19 ////; 
ttag +20 ////; 
ttag +21 ////; 
ttag +22 ////; 
ttag +23 ////; 
ttag +24 ////; 
ttag +25 ////; 
ttag +26 ////; 
ttag +27 ////; 
ttag +28 ////; 
ttag +29 ////; 
ttag +30 ////; 
ttag +31 ////; 
ttag +32 ////; 
ttag +33 ////; 
ttag +34 ////; 
ttag +35 ////; 
ttag +36 ////; 
ttag +37 ////; 
ttag +38 ////; 
ttag +39 ////; 
ttag +40 ////; 
ttag +41 ////; 
ttag +42 ////; 
ttag +43 ////; 
ttag +44 ////; 
ttag +45 ////; 
ttag +46 ////; 
ttag +47 ////; 
ttag +48 ////; 
ttag +49 56/52/34/46/35; 
ttag +50 100/100/100/100/100; 
ttag +51 97/95/93/96/90; 
ttag +52 94/94/93/96/92; 
ttag +53 100/100/99/99/98; 
ttag +54 87/80/73/80/61; 
ttag +55 96/95/96/97/92; 
ttag +56 99/99/99/99/97; 
ttag +57 68/52/52/56/46; 
ttag +58 36/10/13/22/14; 
ttag +59 100/100/100/100/100; 
ttag +60 100/100/100/100/100; 
ttag +61 100/100/99/100/100; 
ttag +62 50/39/32/45/34; 
ttag +63 100/100/100/100/100; 
ttag +64 93/92/81/94/77; 
ttag +65 40/20/15/30/20; 
ttag +66 63/54/46/58/40; 
ttag +67 95/94/83/97/85; 
ttag +68 80/75/63/73/64; 
ttag +69 100/100/99/100/100; 
ttag +70 97/96/94/98/91; 
ttag +71 100/100/100/100/99; 
ttag +72 99/99/96/100/96; 
ttag +73 85/78/72/80/67; 
ttag +74 66/52/30/46/42; 
ttag +75 100/100/99/100/98; 
ttag +76 86/80/67/87/62; 
ttag +77 97/96/80/92/78; 
ttag +78 100/100/100/100/99; 
ttag +79 84/78/60/68/60; 
ttag +80 68/59/51/64/45; 
ttag +81 93/91/85/92/84; 
ttag +82 100/100/99/100/100; 
ttag +83 52/32/37/45/42; 
ttag +84 74/66/56/60/52; 
ttag +85 31/4/8/1/?; 
ttag +86 100/100/100/100/100; 
ttag +87 92/90/82/83/81; 
ttag +88 53/23/30/15/18; 
ttag +89 97/96/88/98/90; 
ttag +90 98/98/99/99/96; 
ttag +91 13/[21]/?/?/?; 
ttag +92 100/100/100/100/99; 
ttag +93 99/99/99/100/98; 
ttag +94 76/68/51/60/47; 
