tread
'Tree with tags' 
(0 (1 (8 9 (2 3 )((4 5 )(6 7 ))(10 (11 12 )))(13 14 )((17 (15 16 ))(18 (19 ((20 21 )((22 23 )(24 25 ))))))((26 (27 (28 (29 30 ))))(39 (31 ((32 33 )((34 35 )(36 (37 38 )))))((40 41 )(42 (43 ((44 45 )(46 47 ))))))))); 
ttag *!; 
ttag +49 ???; 
ttag +50 10; 
ttag +51 6; 
ttag +52 9; 
ttag +53 8; 
ttag +54 2; 
ttag +55 4; 
ttag +56 4; 
ttag +57 8; 
ttag +58 8; 
ttag +59 2; 
ttag +60 5; 
ttag +61 5; 
ttag +62 2; 
ttag +63 8; 
ttag +64 6; 
ttag +65 6; 
ttag +66 7; 
ttag +67 4; 
ttag +68 2; 
ttag +69 5; 
ttag +70 3; 
ttag +71 8; 
ttag +72 10; 
ttag +73 5; 
ttag +74 1; 
ttag +75 8; 
ttag +76 1; 
ttag +77 4; 
ttag +78 1; 
ttag +79 6; 
ttag +80 5; 
ttag +81 2; 
ttag +82 5; 
ttag +83 5; 
ttag +84 2; 
ttag +85 7; 
ttag +86 2; 
ttag +87 1; 
tread
'Tree with tags' 
(0 ((1 ((2 3 )(((4 5 )(6 7 ))(8 (9 (10 (11 12 )))))))(((13 14 )((26 (27 (28 (29 30 ))))((31 ((32 33 )((34 35 )(36 (37 38 )))))(39 ((40 41 )(42 (43 ((44 45 )(46 47 )))))))))((17 (15 16 ))(18 (19 ((20 21 )((22 23 )(24 25 ))))))))); 
ttag *!; 
ttag +0 ////; 
ttag +1 ////; 
ttag +2 ////; 
ttag +3 ////; 
ttag +4 ////; 
ttag +5 ////; 
ttag +6 ////; 
ttag +7 ////; 
ttag +8 ////; 
ttag +9 ////; 
ttag +10 ////; 
ttag +11 ////; 
ttag +12 ////; 
ttag +13 ////; 
ttag +14 ////; 
ttag +15 ////; 
ttag +16 ////; 
ttag +17 ////; 
ttag +18 ////; 
ttag +19 ////; 
ttag +20 ////; 
ttag +21 ////; 
ttag +22 ////; 
ttag +23 ////; 
ttag +24 ////; 
ttag +25 ////; 
ttag +26 ////; 
ttag +27 ////; 
ttag +28 ////; 
ttag +29 ////; 
ttag +30 ////; 
ttag +31 ////; 
ttag +32 ////; 
ttag +33 ////; 
ttag +34 ////; 
ttag +35 ////; 
ttag +36 ////; 
ttag +37 ////; 
ttag +38 ////; 
ttag +39 ////; 
ttag +40 ////; 
ttag +41 ////; 
ttag +42 ////; 
ttag +43 ////; 
ttag +44 ////; 
ttag +45 ////; 
ttag +46 ////; 
ttag +47 ////; 
ttag +48 ////; 
ttag +49 35/17/15/22/17; 
ttag +50 100/100/100/100/100; 
ttag +51 100/100/100/100/100; 
ttag +52 99/99/96/98/96; 
ttag +53 100/100/100/100/100; 
ttag +54 98/98/96/100/94; 
ttag +55 23/[9]/?/?/?; 
ttag +56 80/71/56/74/67; 
ttag +57 33/14/11/12/18; 
ttag +58 19/1/2/?/1; 
ttag +59 83/80/73/84/65; 
ttag +60 95/93/87/94/83; 
ttag +61 100/100/100/100/100; 
ttag +62 16/2/14/2/10; 
ttag +63 12/[6]/?/2/1; 
ttag +64 100/100/96/100/98; 
ttag +65 85/82/62/78/60; 
ttag +66 96/95/87/96/90; 
ttag +67 95/95/91/94/89; 
ttag +68 89/89/82/86/78; 
ttag +69 99/99/99/100/99; 
ttag +70 97/97/95/98/95; 
ttag +71 99/99/97/99/98; 
ttag +72 98/98/95/99/97; 
ttag +73 95/93/87/93/88; 
ttag +74 76/60/56/66/52; 
ttag +75 96/96/92/96/92; 
ttag +76 80/72/73/81/73; 
ttag +77 99/99/97/99/96; 
ttag +78 100/100/98/100/99; 
ttag +79 97/96/87/96/87; 
ttag +80 78/68/57/69/65; 
ttag +81 99/98/98/100/98; 
ttag +82 72/58/51/54/54; 
ttag +83 97/97/96/97/97; 
ttag +84 56/42/28/35/33; 
ttag +85 97/96/92/96/89; 
ttag +86 97/97/94/97/94; 
ttag +87 14/[14]/?/?/?; 
ttag +88 85/80/64/74/64; 
ttag +89 98/98/95/98/93; 
ttag +90 99/98/94/97/94; 
ttag +91 72/64/54/62/56; 
ttag +92 99/99/98/99/97; 
ttag +93 79/72/60/62/68; 
ttag +94 62/34/21/40/30; 
