tread
'Tree with tags' 
(0 ((1 ((((2 3 )(10 (11 12 )))(8 9 ))(6 7 (4 5 ))))(13 14 )(17 (15 16 )(18 (19 ((20 21 )((22 23 )(24 25 ))))))((26 (27 (28 (29 30 ))))(39 (31 ((32 33 )(34 35 (36 (37 38 )))))((40 41 )(42 (43 ((44 45 )(46 47 ))))))))); 
ttag *!; 
ttag +49 1; 
ttag +50 ???; 
ttag +51 14; 
ttag +52 1; 
ttag +53 1; 
ttag +54 5; 
ttag +55 8; 
ttag +56 9; 
ttag +57 1; 
ttag +58 2; 
ttag +59 12; 
ttag +60 3; 
ttag +61 1; 
ttag +62 3; 
ttag +63 3; 
ttag +64 1; 
ttag +65 6; 
ttag +66 4; 
ttag +67 7; 
ttag +68 7; 
ttag +69 5; 
ttag +70 8; 
ttag +71 4; 
ttag +72 2; 
ttag +73 9; 
ttag +74 7; 
ttag +75 9; 
ttag +76 5; 
ttag +77 4; 
ttag +78 2; 
ttag +79 3; 
ttag +80 10; 
ttag +81 6; 
ttag +82 2; 
ttag +83 4; 
ttag +84 10; 
ttag +85 1; 
ttag +86 7; 
ttag +87 4; 
ttag +88 5; 
tread
'Tree with tags' 
(0 ((1 ((((2 3 )(10 (11 12 )))(8 9 ))(7 (6 (4 5 )))))(((13 14 )((17 (15 16 ))(18 (19 ((20 21 )((22 23 )(24 25 )))))))((26 (27 (28 (29 30 ))))(39 ((31 ((32 33 )(34 (35 (36 (37 38 ))))))((40 41 )(42 (43 ((44 45 )(46 47 ))))))))))); 
ttag *!; 
ttag +0 ////; 
ttag +1 ////; 
ttag +2 ////; 
ttag +3 ////; 
ttag +4 ////; 
ttag +5 ////; 
ttag +6 ////; 
ttag +7 ////; 
ttag +8 ////; 
ttag +9 ////; 
ttag +10 ////; 
ttag +11 ////; 
ttag +12 ////; 
ttag +13 ////; 
ttag +14 ////; 
ttag +15 ////; 
ttag +16 ////; 
ttag +17 ////; 
ttag +18 ////; 
ttag +19 ////; 
ttag +20 ////; 
ttag +21 ////; 
ttag +22 ////; 
ttag +23 ////; 
ttag +24 ////; 
ttag +25 ////; 
ttag +26 ////; 
ttag +27 ////; 
ttag +28 ////; 
ttag +29 ////; 
ttag +30 ////; 
ttag +31 ////; 
ttag +32 ////; 
ttag +33 ////; 
ttag +34 ////; 
ttag +35 ////; 
ttag +36 ////; 
ttag +37 ////; 
ttag +38 ////; 
ttag +39 ////; 
ttag +40 ////; 
ttag +41 ////; 
ttag +42 ////; 
ttag +43 ////; 
ttag +44 ////; 
ttag +45 ////; 
ttag +46 ////; 
ttag +47 ////; 
ttag +48 ////; 
ttag +49 62/53/43/60/49; 
ttag +50 100/100/100/100/100; 
ttag +51 100/100/100/100/100; 
ttag +52 40/25/18/33/22; 
ttag +53 47/34/24/46/22; 
ttag +54 87/83/70/85/70; 
ttag +55 99/98/100/99/98; 
ttag +56 24/[10]/?/?/?; 
ttag +57 99/99/98/99/97; 
ttag +58 56/49/36/49/45; 
ttag +59 75/63/45/64/58; 
ttag +60 100/100/100/100/100; 
ttag +61 92/91/90/92/89; 
ttag +62 36/22/9/23/9; 
ttag +63 51/46/34/33/32; 
ttag +64 75/63/45/50/49; 
ttag +65 26/[4]/?/?/?; 
ttag +66 86/84/80/88/74; 
ttag +67 88/87/77/84/74; 
ttag +68 66/51/54/58/52; 
ttag +69 100/100/100/100/100; 
ttag +70 94/92/87/93/88; 
ttag +71 98/98/94/98/96; 
ttag +72 98/98/98/100/97; 
ttag +73 99/99/97/99/97; 
ttag +74 99/99/98/100/98; 
ttag +75 88/82/57/82/70; 
ttag +76 84/74/61/72/59; 
ttag +77 99/99/100/100/98; 
ttag +78 100/100/100/100/100; 
ttag +79 99/98/98/99/97; 
ttag +80 37/9/10/4/4; 
ttag +81 92/87/83/95/82; 
ttag +82 98/98/95/96/97; 
ttag +83 86/82/70/81/69; 
ttag +84 85/81/75/82/73; 
ttag +85 26/[9]/?/?/?; 
ttag +86 100/100/98/100/100; 
ttag +87 100/100/99/99/99; 
ttag +88 82/77/65/81/71; 
ttag +89 93/91/76/91/76; 
ttag +90 100/100/100/100/98; 
ttag +91 49/27/32/36/31; 
ttag +92 100/100/96/97/92; 
ttag +93 94/93/84/87/79; 
ttag +94 95/94/92/98/96; 
