tread
'Tree with tags' 
(0 (((1 (17 ((15 16 )(18 (19 ((20 21 )((22 23 )(24 25 ))))))))((13 14 )((26 (27 (28 (29 30 ))))(39 ((31 ((32 33 )((34 35 )(36 (37 38 )))))((40 41 )(42 (43 ((44 45 )(46 47 ))))))))))((2 3 )((7 (6 (4 5 )))((8 9 )(10 (11 12 ))))))); 
ttag *!; 
ttag +49 1; 
ttag +50 1; 
ttag +51 ???; 
ttag +52 7; 
ttag +53 11; 
ttag +54 6; 
ttag +55 2; 
ttag +56 6; 
ttag +57 5; 
ttag +58 1; 
ttag +59 3; 
ttag +60 2; 
ttag +61 12; 
ttag +62 3; 
ttag +63 1; 
ttag +64 7; 
ttag +65 1; 
ttag +66 5; 
ttag +67 2; 
ttag +68 2; 
ttag +69 6; 
ttag +70 6; 
ttag +71 4; 
ttag +72 2; 
ttag +73 4; 
ttag +74 8; 
ttag +75 5; 
ttag +76 2; 
ttag +77 9; 
ttag +78 16; 
ttag +79 8; 
ttag +80 1; 
ttag +81 6; 
ttag +82 8; 
ttag +83 6; 
ttag +84 3; 
ttag +85 2; 
ttag +86 9; 
ttag +87 8; 
ttag +88 4; 
ttag +89 9; 
ttag +90 8; 
ttag +91 2; 
ttag +92 5; 
ttag +93 6; 
ttag +94 2; 
tread
'Tree with tags' 
(0 (((1 (17 ((15 16 )(18 (19 ((20 21 )((22 23 )(24 25 ))))))))((13 14 )((26 (27 (28 (29 30 ))))(39 ((31 ((32 33 )((34 35 )(36 (37 38 )))))((40 41 )(42 (43 ((44 45 )(46 47 ))))))))))((2 3 )((7 (6 (4 5 )))((8 9 )(10 (11 12 ))))))); 
ttag *!; 
ttag +0 ////; 
ttag +1 ////; 
ttag +2 ////; 
ttag +3 ////; 
ttag +4 ////; 
ttag +5 ////; 
ttag +6 ////; 
ttag +7 ////; 
ttag +8 ////; 
ttag +9 ////; 
ttag +10 ////; 
ttag +11 ////; 
ttag +12 ////; 
ttag +13 ////; 
ttag +14 ////; 
ttag +15 ////; 
ttag +16 ////; 
ttag +17 ////; 
ttag +18 ////; 
ttag +19 ////; 
ttag +20 ////; 
ttag +21 ////; 
ttag +22 ////; 
ttag +23 ////; 
ttag +24 ////; 
ttag +25 ////; 
ttag +26 ////; 
ttag +27 ////; 
ttag +28 ////; 
ttag +29 ////; 
ttag +30 ////; 
ttag +31 ////; 
ttag +32 ////; 
ttag +33 ////; 
ttag +34 ////; 
ttag +35 ////; 
ttag +36 ////; 
ttag +37 ////; 
ttag +38 ////; 
ttag +39 ////; 
ttag +40 ////; 
ttag +41 ////; 
ttag +42 ////; 
ttag +43 ////; 
ttag +44 ////; 
ttag +45 ////; 
ttag +46 ////; 
ttag +47 ////; 
ttag +48 ////; 
ttag +49 29/[10]/2/?/?; 
ttag +50 54/47/32/44/38; 
ttag +51 100/100/100/100/100; 
ttag +52 98/98/94/97/94; 
ttag +53 100/100/99/100/98; 
ttag +54 99/99/99/99/98; 
ttag +55 79/70/63/72/60; 
ttag +56 95/94/89/94/82; 
ttag +57 78/68/59/77/65; 
ttag +58 55/43/39/41/34; 
ttag +59 52/34/19/46/33; 
ttag +60 60/50/37/52/50; 
ttag +61 100/100/100/100/99; 
ttag +62 87/85/81/88/82; 
ttag +63 21/10/10/16/11; 
ttag +64 98/98/96/98/96; 
ttag +65 37/12/6/4/8; 
ttag +66 84/80/76/84/72; 
ttag +67 59/46/31/44/28; 
ttag +68 92/91/87/91/87; 
ttag +69 99/99/97/99/99; 
ttag +70 99/99/94/99/96; 
ttag +71 92/89/86/94/88; 
ttag +72 84/79/70/74/66; 
ttag +73 92/89/84/95/88; 
ttag +74 99/99/100/100/97; 
ttag +75 90/88/80/89/81; 
ttag +76 79/72/49/76/62; 
ttag +77 100/100/99/99/99; 
ttag +78 100/100/100/100/100; 
ttag +79 99/99/99/99/97; 
ttag +80 54/52/50/57/56; 
ttag +81 94/92/89/97/89; 
ttag +82 100/100/99/100/100; 
ttag +83 97/96/93/98/93; 
ttag +84 94/94/91/95/92; 
ttag +85 82/74/62/76/65; 
ttag +86 100/100/100/100/100; 
ttag +87 100/100/100/100/99; 
ttag +88 97/96/92/98/94; 
ttag +89 99/98/96/99/98; 
ttag +90 98/98/95/99/96; 
ttag +91 80/72/70/80/74; 
ttag +92 93/90/77/94/87; 
ttag +93 98/98/95/100/96; 
ttag +94 72/60/57/69/58; 
