tread
'Tree with tags' 
(0 (1 (((2 3 )((10 (6 7 (4 5 ))(11 12 ))(8 9 )))(13 14 )(15 16 )(17 (18 (19 ((20 21 )((22 23 )(24 25 ))))))((26 (27 (28 (29 30 ))))(39 ((31 ((32 33 )((34 35 )(36 (37 38 )))))((40 41 )(42 (43 ((44 45 )(46 47 ))))))))))); 
ttag *!; 
ttag +49 ???; 
ttag +50 3; 
ttag +51 3; 
ttag +52 2; 
ttag +53 3; 
ttag +54 8; 
ttag +55 1; 
ttag +56 2; 
ttag +57 2; 
ttag +58 6; 
ttag +59 7; 
ttag +60 11; 
ttag +61 1; 
ttag +62 4; 
ttag +63 3; 
ttag +64 4; 
ttag +65 4; 
ttag +66 7; 
ttag +67 7; 
ttag +68 5; 
ttag +69 7; 
ttag +70 6; 
ttag +71 2; 
ttag +72 3; 
ttag +73 14; 
ttag +74 7; 
ttag +75 1; 
ttag +76 1; 
ttag +77 4; 
ttag +78 2; 
ttag +79 4; 
ttag +80 2; 
ttag +81 10; 
ttag +82 10; 
ttag +83 1; 
ttag +84 3; 
ttag +85 9; 
ttag +86 3; 
ttag +87 11; 
ttag +88 3; 
ttag +89 2; 
tread
'Tree with tags' 
(0 (1 ((((2 3 )(((10 (7 (6 (4 5 ))))(11 12 ))(8 9 )))(13 14 ))((15 16 )((17 (18 (19 ((20 21 )((22 23 )(24 25 ))))))((26 (27 (28 (29 30 ))))(39 ((31 ((32 33 )((34 35 )(36 (37 38 )))))((40 41 )(42 (43 ((44 45 )(46 47 ))))))))))))); 
ttag *!; 
ttag +0 ////; 
ttag +1 ////; 
ttag +2 ////; 
ttag +3 ////; 
ttag +4 ////; 
ttag +5 ////; 
ttag +6 ////; 
ttag +7 ////; 
ttag +8 ////; 
ttag +9 ////; 
ttag +10 ////; 
ttag +11 ////; 
ttag +12 ////; 
ttag +13 ////; 
ttag +14 ////; 
ttag +15 ////; 
ttag +16 ////; 
ttag +17 ////; 
ttag +18 ////; 
ttag +19 ////; 
ttag +20 ////; 
ttag +21 ////; 
ttag +22 ////; 
ttag +23 ////; 
ttag +24 ////; 
ttag +25 ////; 
ttag +26 ////; 
ttag +27 ////; 
ttag +28 ////; 
ttag +29 ////; 
ttag +30 ////; 
ttag +31 ////; 
ttag +32 ////; 
ttag +33 ////; 
ttag +34 ////; 
ttag +35 ////; 
ttag +36 ////; 
ttag +37 ////; 
ttag +38 ////; 
ttag +39 ////; 
ttag +40 ////; 
ttag +41 ////; 
ttag +42 ////; 
ttag +43 ////; 
ttag +44 ////; 
ttag +45 ////; 
ttag +46 ////; 
ttag +47 ////; 
ttag +48 ////; 
ttag +49 100/100/100/100/100; 
ttag +50 71/64/50/66/49; 
ttag +51 84/81/68/83/71; 
ttag +52 28/9/?/?/?; 
ttag +53 74/71/68/66/64; 
ttag +54 95/94/93/96/96; 
ttag +55 34/10/11/12/12; 
ttag +56 99/99/97/99/98; 
ttag +57 42/20/8/13/18; 
ttag +58 51/27/8/27/18; 
ttag +59 78/70/51/68/51; 
ttag +60 78/72/64/74/62; 
ttag +61 98/97/95/99/97; 
ttag +62 100/100/100/98/98; 
ttag +63 100/100/100/100/100; 
ttag +64 20/0/?/?/?; 
ttag +65 62/57/34/42/41; 
ttag +66 12/[6]/?/?/?; 
ttag +67 96/94/88/92/89; 
ttag +68 93/92/77/94/81; 
ttag +69 97/97/98/98/98; 
ttag +70 98/98/94/96/94; 
ttag +71 100/100/99/100/100; 
ttag +72 99/98/96/98/94; 
ttag +73 96/94/81/89/86; 
ttag +74 100/100/98/100/97; 
ttag +75 96/95/86/93/85; 
ttag +76 88/86/79/88/83; 
ttag +77 84/76/71/84/76; 
ttag +78 100/100/100/100/100; 
ttag +79 98/97/96/97/96; 
ttag +80 18/[6]/?/?/?; 
ttag +81 64/45/18/41/22; 
ttag +82 98/98/97/96/96; 
ttag +83 74/60/54/67/59; 
ttag +84 95/94/90/95/90; 
ttag +85 51/38/30/37/26; 
ttag +86 99/99/98/99/98; 
ttag +87 100/100/100/100/100; 
ttag +88 30/2/?/11/6; 
ttag +89 88/85/79/86/80; 
ttag +90 100/100/100/99/99; 
ttag +91 78/68/53/58/55; 
ttag +92 100/100/99/99/98; 
ttag +93 72/65/56/69/61; 
ttag +94 76/70/56/70/62; 
