tread
'Tree with tags' 
(0 ((1 (((2 3 )((((4 5 )(6 7 ))(10 (11 12 )))(8 9 )))(((15 16 )(17 (18 (19 ((20 21 )((22 23 )(24 25 )))))))((26 (27 (28 (29 30 ))))(39 (31 ((32 33 )(34 35 )(36 (37 38 ))))((40 41 )(42 (43 ((44 45 )(46 47 ))))))))))(13 14 ))); 
ttag *!; 
ttag +49 1; 
ttag +50 ???; 
ttag +51 5; 
ttag +52 9; 
ttag +53 2; 
ttag +54 2; 
ttag +55 11; 
ttag +56 1; 
ttag +57 4; 
ttag +58 3; 
ttag +59 1; 
ttag +60 5; 
ttag +61 11; 
ttag +62 9; 
ttag +63 11; 
ttag +64 6; 
ttag +65 1; 
ttag +66 4; 
ttag +67 8; 
ttag +68 2; 
ttag +69 11; 
ttag +70 7; 
ttag +71 8; 
ttag +72 5; 
ttag +73 3; 
ttag +74 6; 
ttag +75 7; 
ttag +76 5; 
ttag +77 3; 
ttag +78 10; 
ttag +79 5; 
ttag +80 7; 
ttag +81 2; 
ttag +82 5; 
ttag +83 3; 
ttag +84 9; 
ttag +85 8; 
ttag +86 4; 
ttag +87 3; 
ttag +88 9; 
ttag +89 2; 
ttag +90 11; 
ttag +91 9; 
ttag +92 3; 
tread
'Tree with tags' 
(0 ((1 (((2 3 )((((4 5 )(6 7 ))(10 (11 12 )))(8 9 )))(((15 16 )(17 (18 (19 ((20 21 )((22 23 )(24 25 )))))))((26 (27 (28 (29 30 ))))((31 ((32 33 )((34 35 )(36 (37 38 )))))(39 ((40 41 )(42 (43 ((44 45 )(46 47 )))))))))))(13 14 ))); 
ttag *!; 
ttag +0 ////; 
ttag +1 ////; 
ttag +2 ////; 
ttag +3 ////; 
ttag +4 ////; 
ttag +5 ////; 
ttag +6 ////; 
ttag +7 ////; 
ttag +8 ////; 
ttag +9 ////; 
ttag +10 ////; 
ttag +11 ////; 
ttag +12 ////; 
ttag +13 ////; 
ttag +14 ////; 
ttag +15 ////; 
ttag +16 ////; 
ttag +17 ////; 
ttag +18 ////; 
ttag +19 ////; 
ttag +20 ////; 
ttag +21 ////; 
ttag +22 ////; 
ttag +23 ////; 
ttag +24 ////; 
ttag +25 ////; 
ttag +26 ////; 
ttag +27 ////; 
ttag +28 ////; 
ttag +29 ////; 
ttag +30 ////; 
ttag +31 ////; 
ttag +32 ////; 
ttag +33 ////; 
ttag +34 ////; 
ttag +35 ////; 
ttag +36 ////; 
ttag +37 ////; 
ttag +38 ////; 
ttag +39 ////; 
ttag +40 ////; 
ttag +41 ////; 
ttag +42 ////; 
ttag +43 ////; 
ttag +44 ////; 
ttag +45 ////; 
ttag +46 ////; 
ttag +47 ////; 
ttag +48 ////; 
ttag +49 50/23/13/21/28; 
ttag +50 100/100/100/100/100; 
ttag +51 97/96/86/94/88; 
ttag +52 99/99/99/100/99; 
ttag +53 69/64/52/58/39; 
ttag +54 77/65/50/72/54; 
ttag +55 100/100/100/100/100; 
ttag +56 46/27/5/22/3; 
ttag +57 88/85/62/84/64; 
ttag +58 98/98/97/96/98; 
ttag +59 52/32/14/27/19; 
ttag +60 87/82/70/80/61; 
ttag +61 100/100/100/100/100; 
ttag +62 100/100/99/100/100; 
ttag +63 100/100/100/100/100; 
ttag +64 96/95/88/97/90; 
ttag +65 51/26/20/22/9; 
ttag +66 88/86/76/90/80; 
ttag +67 98/98/94/98/91; 
ttag +68 77/70/56/77/64; 
ttag +69 100/100/100/100/100; 
ttag +70 98/97/92/97/92; 
ttag +71 100/100/98/99/100; 
ttag +72 96/93/89/96/86; 
ttag +73 81/73/60/77/61; 
ttag +74 97/96/91/97/90; 
ttag +75 97/96/92/96/93; 
ttag +76 91/87/78/93/77; 
ttag +77 87/84/73/90/74; 
ttag +78 98/98/96/100/97; 
ttag +79 100/100/95/99/96; 
ttag +80 97/96/87/97/96; 
ttag +81 91/90/81/87/84; 
ttag +82 96/94/87/94/90; 
ttag +83 89/85/76/81/74; 
ttag +84 36/[2]/6/4/0; 
ttag +85 98/98/100/100/100; 
ttag +86 100/100/100/100/100; 
ttag +87 30/[3]/?/?/?; 
ttag +88 93/92/90/92/87; 
ttag +89 88/84/73/84/73; 
ttag +90 99/99/98/100/97; 
ttag +91 76/69/72/72/67; 
ttag +92 100/100/99/99/97; 
ttag +93 99/99/97/99/97; 
ttag +94 96/96/94/97/93; 
