tread
'Tree with tags' 
(0 (1 (8 9 (2 3 )(6 7 (4 5 ))(10 (11 12 )))(13 14 )(17 (15 16 )(18 (19 ((20 21 )((22 23 )(24 25 ))))))((26 (27 (28 (29 30 ))))(39 (31 ((32 33 )((34 35 )(36 (37 38 )))))((40 41 )(42 (43 ((44 45 )(46 47 ))))))))); 
ttag *!; 
ttag +49 ???; 
ttag +50 1; 
ttag +51 5; 
ttag +52 4; 
ttag +53 9; 
ttag +54 3; 
ttag +55 4; 
ttag +56 6; 
ttag +57 6; 
ttag +58 7; 
ttag +59 4; 
ttag +60 4; 
ttag +61 11; 
ttag +62 9; 
ttag +63 8; 
ttag +64 2; 
ttag +65 5; 
ttag +66 1; 
ttag +67 2; 
ttag +68 4; 
ttag +69 3; 
ttag +70 9; 
ttag +71 4; 
ttag +72 3; 
ttag +73 4; 
ttag +74 2; 
ttag +75 1; 
ttag +76 1; 
ttag +77 7; 
ttag +78 8; 
ttag +79 5; 
ttag +80 2; 
ttag +81 11; 
ttag +82 5; 
ttag +83 11; 
ttag +84 2; 
ttag +85 1; 
tread
'Tree with tags' 
(0 ((1 ((((2 3 )((4 5 )(6 7 )))(8 9 ))(10 (11 12 ))))((13 14 )(((17 (15 16 ))(18 (19 ((20 21 )((22 23 )(24 25 ))))))((26 (27 (28 (29 30 ))))((39 (31 ((32 33 )((34 35 )(36 (37 38 ))))))((40 41 )(42 (43 ((44 45 )(46 47 ))))))))))); 
ttag *!; 
ttag +0 ////; 
ttag +1 ////; 
ttag +2 ////; 
ttag +3 ////; 
ttag +4 ////; 
ttag +5 ////; 
ttag +6 ////; 
ttag +7 ////; 
ttag +8 ////; 
ttag +9 ////; 
ttag +10 ////; 
ttag +11 ////; 
ttag +12 ////; 
ttag +13 ////; 
ttag +14 ////; 
ttag +15 ////; 
ttag +16 ////; 
ttag +17 ////; 
ttag +18 ////; 
ttag +19 ////; 
ttag +20 ////; 
ttag +21 ////; 
ttag +22 ////; 
ttag +23 ////; 
ttag +24 ////; 
ttag +25 ////; 
ttag +26 ////; 
ttag +27 ////; 
ttag +28 ////; 
ttag +29 ////; 
ttag +30 ////; 
ttag +31 ////; 
ttag +32 ////; 
ttag +33 ////; 
ttag +34 ////; 
ttag +35 ////; 
ttag +36 ////; 
ttag +37 ////; 
ttag +38 ////; 
ttag +39 ////; 
ttag +40 ////; 
ttag +41 ////; 
ttag +42 ////; 
ttag +43 ////; 
ttag +44 ////; 
ttag +45 ////; 
ttag +46 ////; 
ttag +47 ////; 
ttag +48 ////; 
ttag +49 53/26/12/26/22; 
ttag +50 100/100/100/100/100; 
ttag +51 75/68/67/75/63; 
ttag +52 18/[14]/?/?/?; 
ttag +53 14/[22]/?/?/?; 
ttag +54 100/100/92/98/92; 
ttag +55 97/97/97/97/98; 
ttag +56 99/99/99/100/100; 
ttag +57 57/43/44/40/38; 
ttag +58 21/[9]/?/?/1; 
ttag +59 85/80/70/82/63; 
ttag +60 96/96/97/98/93; 
ttag +61 99/99/99/100/98; 
ttag +62 28/2/?/5/1; 
ttag +63 98/98/90/96/90; 
ttag +64 41/10/2/8/6; 
ttag +65 98/98/95/98/98; 
ttag +66 18/[7]/?/?/?; 
ttag +67 94/92/88/94/86; 
ttag +68 97/96/92/93/88; 
ttag +69 100/100/100/100/100; 
ttag +70 99/98/96/99/97; 
ttag +71 99/98/98/100/98; 
ttag +72 82/75/65/83/65; 
ttag +73 98/98/92/98/91; 
ttag +74 83/76/74/76/76; 
ttag +75 90/87/86/88/79; 
ttag +76 96/95/90/95/94; 
ttag +77 96/95/88/92/85; 
ttag +78 99/99/99/100/98; 
ttag +79 93/92/85/92/83; 
ttag +80 14/[20]/?/?/?; 
ttag +81 89/86/75/84/75; 
ttag +82 99/99/97/99/97; 
ttag +83 66/58/50/67/50; 
ttag +84 75/74/70/71/71; 
ttag +85 57/38/34/37/28; 
ttag +86 99/98/98/99/99; 
ttag +87 100/100/98/99/98; 
ttag +88 96/96/89/98/89; 
ttag +89 75/57/49/45/41; 
ttag +90 100/100/100/100/100; 
ttag +91 87/82/73/82/72; 
ttag +92 100/100/100/100/100; 
ttag +93 68/63/44/56/47; 
ttag +94 59/41/46/45/38; 
