tread
'Tree with tags' 
(0 ((1 (((2 3 )((8 9 )(10 (11 12 ))))((4 5 )(6 7 ))))(((13 14 )((26 (27 (28 (29 30 ))))(39 ((31 ((32 33 )((34 35 )(36 (37 38 )))))((40 41 )(42 (43 ((44 45 )(46 47 )))))))))((15 16 )(17 (18 (19 ((20 21 )(24 (25 (22 23 ))))))))))); 
ttag *!; 
ttag +49 2; 
ttag +50 ???; 
ttag +51 7; 
ttag +52 1; 
ttag +53 5; 
ttag +54 5; 
ttag +55 2; 
ttag +56 1; 
ttag +57 1; 
ttag +58 4; 
ttag +59 3; 
ttag +60 4; 
ttag +61 8; 
ttag +62 1; 
ttag +63 3; 
ttag +64 7; 
ttag +65 7; 
ttag +66 1; 
ttag +67 4; 
ttag +68 2; 
ttag +69 6; 
ttag +70 8; 
ttag +71 17; 
ttag +72 2; 
ttag +73 7; 
ttag +74 1; 
ttag +75 10; 
ttag +76 4; 
ttag +77 4; 
ttag +78 9; 
ttag +79 5; 
ttag +80 1; 
ttag +81 9; 
ttag +82 6; 
ttag +83 2; 
ttag +84 3; 
ttag +85 3; 
ttag +86 10; 
ttag +87 6; 
ttag +88 1; 
ttag +89 10; 
ttag +90 10; 
ttag +91 1; 
ttag +92 4; 
ttag +93 3; 
ttag +94 2; 
tread
'Tree with tags' 
(0 ((1 (((2 3 )((8 9 )(10 (11 12 ))))((4 5 )(6 7 ))))(((13 14 )((26 (27 (28 (29 30 ))))(39 ((31 ((32 33 )((34 35 )(36 (37 38 )))))((40 41 )(42 (43 ((44 45 )(46 47 )))))))))((15 16 )(17 (18 (19 ((20 21 )(24 (25 (22 23 ))))))))))); 
ttag *!; 
ttag +0 ////; 
ttag +1 ////; 
ttag +2 ////; 
ttag +3 ////; 
ttag +4 ////; 
ttag +5 ////; 
ttag +6 ////; 
ttag +7 ////; 
ttag +8 ////; 
ttag +9 ////; 
ttag +10 ////; 
ttag +11 ////; 
ttag +12 ////; 
ttag +13 ////; 
ttag +14 ////; 
ttag +15 ////; 
ttag +16 ////; 
ttag +17 ////; 
ttag +18 ////; 
ttag +19 ////; 
ttag +20 ////; 
ttag +21 ////; 
ttag +22 ////; 
ttag +23 ////; 
ttag +24 ////; 
ttag +25 ////; 
ttag +26 ////; 
ttag +27 ////; 
ttag +28 ////; 
ttag +29 ////; 
ttag +30 ////; 
ttag +31 ////; 
ttag +32 ////; 
ttag +33 ////; 
ttag +34 ////; 
ttag +35 ////; 
ttag +36 ////; 
ttag +37 ////; 
ttag +38 ////; 
ttag +39 ////; 
ttag +40 ////; 
ttag +41 ////; 
ttag +42 ////; 
ttag +43 ////; 
ttag +44 ////; 
ttag +45 ////; 
ttag +46 ////; 
ttag +47 ////; 
ttag +48 ////; 
ttag +49 63/52/45/47/50; 
ttag +50 100/100/100/100/100; 
ttag +51 98/98/98/98/97; 
ttag +52 30/5/5/?/?; 
ttag +53 98/97/90/97/92; 
ttag +54 98/98/93/98/94; 
ttag +55 89/84/76/82/71; 
ttag +56 52/32/33/33/30; 
ttag +57 33/10/8/4/4; 
ttag +58 96/95/82/96/88; 
ttag +59 86/83/75/80/77; 
ttag +60 94/93/92/92/86; 
ttag +61 99/99/98/100/100; 
ttag +62 32/[1]/?/1/0; 
ttag +63 80/78/70/78/61; 
ttag +64 99/99/95/98/98; 
ttag +65 98/98/95/98/96; 
ttag +66 43/12/7/17/8; 
ttag +67 79/76/72/84/69; 
ttag +68 61/43/33/50/30; 
ttag +69 99/98/97/99/98; 
ttag +70 93/91/84/96/85; 
ttag +71 100/100/100/100/100; 
ttag +72 71/58/34/58/31; 
ttag +73 90/86/77/89/75; 
ttag +74 59/42/34/53/34; 
ttag +75 100/100/98/100/100; 
ttag +76 81/77/68/88/63; 
ttag +77 91/87/82/94/79; 
ttag +78 98/96/96/99/95; 
ttag +79 98/97/91/97/93; 
ttag +80 62/48/35/35/18; 
ttag +81 99/98/97/100/98; 
ttag +82 99/99/99/99/99; 
ttag +83 78/70/60/71/71; 
ttag +84 94/92/84/90/80; 
ttag +85 96/96/90/92/91; 
ttag +86 100/100/99/100/100; 
ttag +87 98/96/92/95/94; 
ttag +88 52/32/34/36/19; 
ttag +89 100/100/99/100/97; 
ttag +90 100/100/100/100/100; 
ttag +91 58/40/36/51/47; 
ttag +92 96/95/90/95/89; 
ttag +93 88/86/80/92/80; 
ttag +94 72/65/67/74/68; 
