tread
'Tree with tags' 
(0 (1 (((((2 3 )((6 (7 (4 5 )))(8 9 (10 (11 12 )))))((27 (26 (28 (29 30 ))))(39 ((31 (32 33 )(34 35 )(36 (37 38 )))(42 ((40 41 )(43 ((44 45 )(46 47 )))))))))((15 16 )(17 (18 (19 ((20 21 )((22 23 )(24 25 ))))))))(13 14 )))); 
ttag *!; 
ttag +49 ???; 
ttag +50 6; 
ttag +51 5; 
ttag +52 2; 
ttag +53 1; 
ttag +54 3; 
ttag +55 8; 
ttag +56 3; 
ttag +57 6; 
ttag +58 4; 
ttag +59 3; 
ttag +60 9; 
ttag +61 6; 
ttag +62 12; 
ttag +63 12; 
ttag +64 6; 
ttag +65 4; 
ttag +66 1; 
ttag +67 1; 
ttag +68 12; 
ttag +69 2; 
ttag +70 10; 
ttag +71 8; 
ttag +72 4; 
ttag +73 1; 
ttag +74 8; 
ttag +75 2; 
ttag +76 4; 
ttag +77 5; 
ttag +78 1; 
ttag +79 1; 
ttag +80 9; 
ttag +81 7; 
ttag +82 1; 
ttag +83 8; 
ttag +84 7; 
ttag +85 4; 
ttag +86 1; 
ttag +87 4; 
ttag +88 5; 
ttag +89 12; 
ttag +90 11; 
ttag +91 1; 
tread
'Tree with tags' 
(0 (1 (((((2 3 )((6 (7 (4 5 )))(9 (8 (10 (11 12 ))))))((27 (26 (28 (29 30 ))))(39 (((31 ((32 33 )(36 (37 38 ))))(34 35 ))(42 ((40 41 )(43 ((44 45 )(46 47 )))))))))((15 16 )(17 (18 (19 ((20 21 )((22 23 )(24 25 ))))))))(13 14 )))); 
ttag *!; 
ttag +0 ////; 
ttag +1 ////; 
ttag +2 ////; 
ttag +3 ////; 
ttag +4 ////; 
ttag +5 ////; 
ttag +6 ////; 
ttag +7 ////; 
ttag +8 ////; 
ttag +9 ////; 
ttag +10 ////; 
ttag +11 ////; 
ttag +12 ////; 
ttag +13 ////; 
ttag +14 ////; 
ttag +15 ////; 
ttag +16 ////; 
ttag +17 ////; 
ttag +18 ////; 
ttag +19 ////; 
ttag +20 ////; 
ttag +21 ////; 
ttag +22 ////; 
ttag +23 ////; 
ttag +24 ////; 
ttag +25 ////; 
ttag +26 ////; 
ttag +27 ////; 
ttag +28 ////; 
ttag +29 ////; 
ttag +30 ////; 
ttag +31 ////; 
ttag +32 ////; 
ttag +33 ////; 
ttag +34 ////; 
ttag +35 ////; 
ttag +36 ////; 
ttag +37 ////; 
ttag +38 ////; 
ttag +39 ////; 
ttag +40 ////; 
ttag +41 ////; 
ttag +42 ////; 
ttag +43 ////; 
ttag +44 ////; 
ttag +45 ////; 
ttag +46 ////; 
ttag +47 ////; 
ttag +48 ////; 
ttag +49 100/100/100/100/100; 
ttag +50 98/98/89/95/91; 
ttag +51 96/95/87/97/88; 
ttag +52 60/44/22/40/26; 
ttag +53 53/44/32/41/31; 
ttag +54 73/66/50/56/46; 
ttag +55 99/99/99/100/98; 
ttag +56 75/61/47/58/48; 
ttag +57 95/93/79/93/81; 
ttag +58 88/84/73/84/71; 
ttag +59 6/0/?/?/1; 
ttag +60 71/67/50/66/43; 
ttag +61 100/100/99/100/97; 
ttag +62 99/98/94/98/96; 
ttag +63 100/100/99/100/100; 
ttag +64 100/100/100/100/100; 
ttag +65 98/98/90/96/87; 
ttag +66 81/76/72/85/59; 
ttag +67 42/21/14/24/16; 
ttag +68 43/28/16/28/23; 
ttag +69 100/100/100/100/100; 
ttag +70 66/58/42/49/39; 
ttag +71 99/99/99/100/100; 
ttag +72 100/100/98/100/97; 
ttag +73 91/89/86/94/82; 
ttag +74 33/0/6/14/?; 
ttag +75 98/98/98/99/99; 
ttag +76 83/78/67/79/64; 
ttag +77 87/84/81/88/80; 
ttag +78 94/93/84/94/84; 
ttag +79 8/[21]/?/?/?; 
ttag +80 62/57/41/49/35; 
ttag +81 37/5/?/5/2; 
ttag +82 99/98/93/98/96; 
ttag +83 100/100/98/100/98; 
ttag +84 32/2/11/16/9; 
ttag +85 68/53/62/58/54; 
ttag +86 100/100/100/100/100; 
ttag +87 99/99/98/100/96; 
ttag +88 86/82/78/90/80; 
ttag +89 50/20/14/36/23; 
ttag +90 90/89/80/90/83; 
ttag +91 93/92/80/93/84; 
ttag +92 100/100/98/100/99; 
ttag +93 100/100/100/100/100; 
ttag +94 67/54/42/39/47; 
