tread
'Tree with tags' 
(0 (1 ((2 3 )((7 (6 (4 5 )))((8 9 )(10 (11 12 )))))(((13 14 )((26 (27 (28 (29 30 ))))(39 ((31 (((32 33 )(34 35 ))(36 (37 38 ))))((40 41 )(42 (43 ((44 45 )(46 47 )))))))))((15 16 )(17 (18 (19 ((20 21 )((22 23 )(24 25 )))))))))); 
ttag *!; 
ttag +49 ???; 
ttag +50 8; 
ttag +51 13; 
ttag +52 7; 
ttag +53 1; 
ttag +54 5; 
ttag +55 3; 
ttag +56 1; 
ttag +57 1; 
ttag +58 7; 
ttag +59 9; 
ttag +60 7; 
ttag +61 1; 
ttag +62 1; 
ttag +63 11; 
ttag +64 5; 
ttag +65 4; 
ttag +66 8; 
ttag +67 4; 
ttag +68 8; 
ttag +69 5; 
ttag +70 15; 
ttag +71 6; 
ttag +72 1; 
ttag +73 2; 
ttag +74 6; 
ttag +75 2; 
ttag +76 2; 
ttag +77 12; 
ttag +78 9; 
ttag +79 1; 
ttag +80 4; 
ttag +81 5; 
ttag +82 1; 
ttag +83 6; 
ttag +84 4; 
ttag +85 10; 
ttag +86 18; 
ttag +87 5; 
ttag +88 6; 
ttag +89 9; 
ttag +90 5; 
ttag +91 6; 
ttag +92 4; 
ttag +93 7; 
tread
'Tree with tags' 
(0 ((1 ((2 3 )((7 (6 (4 5 )))((8 9 )(10 (11 12 ))))))(((13 14 )((26 (27 (28 (29 30 ))))(39 ((31 (((32 33 )(34 35 ))(36 (37 38 ))))((40 41 )(42 (43 ((44 45 )(46 47 )))))))))((15 16 )(17 (18 (19 ((20 21 )((22 23 )(24 25 )))))))))); 
ttag *!; 
ttag +0 ////; 
ttag +1 ////; 
ttag +2 ////; 
ttag +3 ////; 
ttag +4 ////; 
ttag +5 ////; 
ttag +6 ////; 
ttag +7 ////; 
ttag +8 ////; 
ttag +9 ////; 
ttag +10 ////; 
ttag +11 ////; 
ttag +12 ////; 
ttag +13 ////; 
ttag +14 ////; 
ttag +15 ////; 
ttag +16 ////; 
ttag +17 ////; 
ttag +18 ////; 
ttag +19 ////; 
ttag +20 ////; 
ttag +21 ////; 
ttag +22 ////; 
ttag +23 ////; 
ttag +24 ////; 
ttag +25 ////; 
ttag +26 ////; 
ttag +27 ////; 
ttag +28 ////; 
ttag +29 ////; 
ttag +30 ////; 
ttag +31 ////; 
ttag +32 ////; 
ttag +33 ////; 
ttag +34 ////; 
ttag +35 ////; 
ttag +36 ////; 
ttag +37 ////; 
ttag +38 ////; 
ttag +39 ////; 
ttag +40 ////; 
ttag +41 ////; 
ttag +42 ////; 
ttag +43 ////; 
ttag +44 ////; 
ttag +45 ////; 
ttag +46 ////; 
ttag +47 ////; 
ttag +48 ////; 
ttag +49 6/[22]/?/?/?; 
ttag +50 100/100/100/100/100; 
ttag +51 100/100/99/99/99; 
ttag +52 100/100/99/100/100; 
ttag +53 99/99/97/99/96; 
ttag +54 70/58/45/47/44; 
ttag +55 96/95/86/95/86; 
ttag +56 84/82/70/83/67; 
ttag +57 44/21/8/23/7; 
ttag +58 35/20/10/22/16; 
ttag +59 98/98/90/96/86; 
ttag +60 99/99/99/99/98; 
ttag +61 98/98/99/98/95; 
ttag +62 34/19/10/14/10; 
ttag +63 19/[9]/?/?/?; 
ttag +64 100/100/100/100/99; 
ttag +65 98/97/97/96/96; 
ttag +66 94/91/80/89/78; 
ttag +67 99/99/96/95/93; 
ttag +68 98/98/93/92/91; 
ttag +69 100/100/100/100/100; 
ttag +70 97/96/94/97/90; 
ttag +71 100/100/100/100/100; 
ttag +72 99/99/96/97/94; 
ttag +73 56/26/24/20/20; 
ttag +74 67/54/42/56/46; 
ttag +75 96/95/92/95/88; 
ttag +76 56/43/30/41/32; 
ttag +77 81/74/70/72/67; 
ttag +78 100/100/98/99/98; 
ttag +79 100/100/97/99/98; 
ttag +80 42/26/11/28/12; 
ttag +81 88/83/75/86/73; 
ttag +82 98/98/94/97/95; 
ttag +83 62/61/60/60/58; 
ttag +84 99/99/100/99/97; 
ttag +85 92/92/88/95/87; 
ttag +86 100/100/100/100/99; 
ttag +87 100/100/100/100/100; 
ttag +88 90/86/83/89/78; 
ttag +89 95/94/84/91/84; 
ttag +90 99/99/96/99/94; 
ttag +91 84/79/70/86/76; 
ttag +92 94/92/80/96/86; 
ttag +93 88/84/72/87/72; 
ttag +94 100/100/99/99/100; 
