tread
'Tree with tags' 
(0 (1 (2 3 ((8 9 ((4 5 )(6 7 )))(10 (11 12 ))))((13 14 )(17 (15 16 )(18 (19 ((20 21 )((22 23 )(24 25 ))))))((26 (27 (28 (29 30 ))))(39 (31 ((32 33 )(34 35 )(36 (37 38 ))))(40 41 (42 (43 ((44 45 )(46 47 )))))))))); 
ttag *!; 
ttag +49 ???; 
ttag +50 9; 
ttag +51 1; 
ttag +52 8; 
ttag +53 3; 
ttag +54 6; 
ttag +55 1; 
ttag +56 3; 
ttag +57 7; 
ttag +58 10; 
ttag +59 1; 
ttag +60 10; 
ttag +61 2; 
ttag +62 2; 
ttag +63 6; 
ttag +64 6; 
ttag +65 9; 
ttag +66 7; 
ttag +67 2; 
ttag +68 2; 
ttag +69 6; 
ttag +70 6; 
ttag +71 4; 
ttag +72 5; 
ttag +73 8; 
ttag +74 6; 
ttag +75 4; 
ttag +76 6; 
ttag +77 4; 
ttag +78 3; 
ttag +79 11; 
ttag +80 9; 
ttag +81 5; 
ttag +82 10; 
ttag +83 1; 
ttag +84 8; 
ttag +85 5; 
ttag +86 4; 
tread
'Tree with tags' 
(0 ((1 (((13 14 )((26 (27 (28 (29 30 ))))(39 ((31 ((32 33 )((34 35 )(36 (37 38 )))))((40 41 )(42 (43 ((44 45 )(46 47 )))))))))(17 ((15 16 )(18 (19 ((20 21 )((22 23 )(24 25 )))))))))((2 3 )((((4 5 )(6 7 ))(8 9 ))(10 (11 12 )))))); 
ttag *!; 
ttag +0 ////; 
ttag +1 ////; 
ttag +2 ////; 
ttag +3 ////; 
ttag +4 ////; 
ttag +5 ////; 
ttag +6 ////; 
ttag +7 ////; 
ttag +8 ////; 
ttag +9 ////; 
ttag +10 ////; 
ttag +11 ////; 
ttag +12 ////; 
ttag +13 ////; 
ttag +14 ////; 
ttag +15 ////; 
ttag +16 ////; 
ttag +17 ////; 
ttag +18 ////; 
ttag +19 ////; 
ttag +20 ////; 
ttag +21 ////; 
ttag +22 ////; 
ttag +23 ////; 
ttag +24 ////; 
ttag +25 ////; 
ttag +26 ////; 
ttag +27 ////; 
ttag +28 ////; 
ttag +29 ////; 
ttag +30 ////; 
ttag +31 ////; 
ttag +32 ////; 
ttag +33 ////; 
ttag +34 ////; 
ttag +35 ////; 
ttag +36 ////; 
ttag +37 ////; 
ttag +38 ////; 
ttag +39 ////; 
ttag +40 ////; 
ttag +41 ////; 
ttag +42 ////; 
ttag +43 ////; 
ttag +44 ////; 
ttag +45 ////; 
ttag +46 ////; 
ttag +47 ////; 
ttag +48 ////; 
ttag +49 18/[32]/?/?/?; 
ttag +50 100/100/100/100/100; 
ttag +51 53/22/15/20/19; 
ttag +52 99/99/100/100/99; 
ttag +53 61/38/35/44/27; 
ttag +54 100/100/96/100/95; 
ttag +55 74/68/54/67/54; 
ttag +56 96/96/94/96/91; 
ttag +57 42/10/?/13/?; 
ttag +58 35/16/13/27/15; 
ttag +59 83/78/73/79/71; 
ttag +60 99/98/96/94/92; 
ttag +61 100/100/100/100/100; 
ttag +62 15/[27]/?/?/?; 
ttag +63 70/68/48/71/64; 
ttag +64 100/100/98/100/100; 
ttag +65 35/0/?/?/2; 
ttag +66 84/77/76/78/76; 
ttag +67 81/72/68/71/69; 
ttag +68 97/96/90/97/93; 
ttag +69 100/100/99/100/99; 
ttag +70 100/100/100/100/99; 
ttag +71 98/98/98/100/97; 
ttag +72 85/80/70/79/75; 
ttag +73 72/68/64/70/59; 
ttag +74 98/98/96/100/97; 
ttag +75 94/92/87/96/86; 
ttag +76 99/99/95/98/96; 
ttag +77 96/95/92/96/88; 
ttag +78 99/99/99/100/98; 
ttag +79 99/99/96/99/98; 
ttag +80 33/12/14/13/8; 
ttag +81 93/88/82/90/83; 
ttag +82 97/97/97/98/93; 
ttag +83 98/98/92/98/91; 
ttag +84 90/88/88/94/86; 
ttag +85 35/3/8/?/10; 
ttag +86 100/100/99/100/99; 
ttag +87 100/100/100/100/100; 
ttag +88 50/17/13/27/23; 
ttag +89 97/96/93/97/96; 
ttag +90 100/100/99/99/98; 
ttag +91 62/51/44/50/36; 
ttag +92 100/100/98/99/96; 
ttag +93 95/94/87/94/91; 
ttag +94 96/96/93/96/89; 
