tread
'Tree with tags' 
(0 ((1 ((2 3 )((6 7 (4 5 ))(8 (9 (10 (11 12 )))))))(((13 14 )((26 (27 (28 (29 30 ))))((39 (31 ((40 41 )(42 (43 ((44 45 )(46 47 )))))))(((32 33 )(34 35 ))(36 (37 38 ))))))((17 (15 16 ))(18 (19 ((20 21 )((22 23 )(24 25 ))))))))); 
ttag *!; 
ttag +49 1; 
ttag +50 ???; 
ttag +51 10; 
ttag +52 7; 
ttag +53 6; 
ttag +54 5; 
ttag +55 5; 
ttag +56 1; 
ttag +57 1; 
ttag +58 4; 
ttag +59 5; 
ttag +60 3; 
ttag +61 1; 
ttag +62 2; 
ttag +63 12; 
ttag +64 2; 
ttag +65 5; 
ttag +66 6; 
ttag +67 2; 
ttag +68 4; 
ttag +69 5; 
ttag +70 6; 
ttag +71 7; 
ttag +72 1; 
ttag +73 6; 
ttag +74 2; 
ttag +75 2; 
ttag +76 3; 
ttag +77 7; 
ttag +78 2; 
ttag +79 2; 
ttag +80 4; 
ttag +81 8; 
ttag +82 2; 
ttag +83 2; 
ttag +84 3; 
ttag +85 8; 
ttag +86 4; 
ttag +87 6; 
ttag +88 11; 
ttag +89 5; 
ttag +90 5; 
ttag +91 6; 
ttag +92 3; 
ttag +93 2; 
tread
'Tree with tags' 
(0 ((1 ((2 3 )((6 (7 (4 5 )))(8 (9 (10 (11 12 )))))))(((13 14 )((26 (27 (28 (29 30 ))))((39 (31 ((40 41 )(42 (43 ((44 45 )(46 47 )))))))(((32 33 )(34 35 ))(36 (37 38 ))))))((17 (15 16 ))(18 (19 ((20 21 )((22 23 )(24 25 ))))))))); 
ttag *!; 
ttag +0 ////; 
ttag +1 ////; 
ttag +2 ////; 
ttag +3 ////; 
ttag +4 ////; 
ttag +5 ////; 
ttag +6 ////; 
ttag +7 ////; 
ttag +8 ////; 
ttag +9 ////; 
ttag +10 ////; 
ttag +11 ////; 
ttag +12 ////; 
ttag +13 ////; 
ttag +14 ////; 
ttag +15 ////; 
ttag +16 ////; 
ttag +17 ////; 
ttag +18 ////; 
ttag +19 ////; 
ttag +20 ////; 
ttag +21 ////; 
ttag +22 ////; 
ttag +23 ////; 
ttag +24 ////; 
ttag +25 ////; 
ttag +26 ////; 
ttag +27 ////; 
ttag +28 ////; 
ttag +29 ////; 
ttag +30 ////; 
ttag +31 ////; 
ttag +32 ////; 
ttag +33 ////; 
ttag +34 ////; 
ttag +35 ////; 
ttag +36 ////; 
ttag +37 ////; 
ttag +38 ////; 
ttag +39 ////; 
ttag +40 ////; 
ttag +41 ////; 
ttag +42 ////; 
ttag +43 ////; 
ttag +44 ////; 
ttag +45 ////; 
ttag +46 ////; 
ttag +47 ////; 
ttag +48 ////; 
ttag +49 53/41/19/40/24; 
ttag +50 100/100/100/100/100; 
ttag +51 100/100/99/100/100; 
ttag +52 95/93/89/96/88; 
ttag +53 98/98/94/98/94; 
ttag +54 37/0/?/?/?; 
ttag +55 95/94/86/90/84; 
ttag +56 95/94/91/96/90; 
ttag +57 46/31/21/30/24; 
ttag +58 39/24/6/20/16; 
ttag +59 90/85/86/89/80; 
ttag +60 96/95/90/95/92; 
ttag +61 94/93/85/93/86; 
ttag +62 53/44/25/35/28; 
ttag +63 71/66/45/65/43; 
ttag +64 100/100/100/100/100; 
ttag +65 68/62/42/68/48; 
ttag +66 82/78/65/88/63; 
ttag +67 97/97/95/96/95; 
ttag +68 67/60/39/59/45; 
ttag +69 98/98/97/97/96; 
ttag +70 97/97/96/98/98; 
ttag +71 99/98/98/98/97; 
ttag +72 98/97/94/99/94; 
ttag +73 61/37/22/29/22; 
ttag +74 97/96/89/94/91; 
ttag +75 74/67/54/63/56; 
ttag +76 80/71/56/64/64; 
ttag +77 92/91/78/89/83; 
ttag +78 98/97/98/98/97; 
ttag +79 38/5/?/11/?; 
ttag +80 52/22/18/38/14; 
ttag +81 85/82/70/84/73; 
ttag +82 97/97/98/98/90; 
ttag +83 61/50/39/48/34; 
ttag +84 50/28/26/34/27; 
ttag +85 94/93/84/88/80; 
ttag +86 99/98/98/99/97; 
ttag +87 94/91/87/94/84; 
ttag +88 97/96/89/98/86; 
ttag +89 100/100/98/100/100; 
ttag +90 96/96/93/98/95; 
ttag +91 95/94/86/95/94; 
ttag +92 97/96/95/97/97; 
ttag +93 82/77/64/87/72; 
ttag +94 77/72/64/80/65; 
