tread
'Tree with tags' 
(0 ((1 ((2 3 )(((4 5 )(6 7 ))((8 9 )(10 (11 12 ))))))((13 14 )(((15 16 )(17 (18 (19 ((20 21 )((22 23 )(24 25 )))))))((26 (27 (28 (29 30 ))))(39 (31 ((32 33 )(34 35 )(36 (37 38 ))))((40 41 )((42 43 )((44 45 )(46 47 )))))))))); 
ttag *!; 
ttag +49 2; 
ttag +50 ???; 
ttag +51 6; 
ttag +52 5; 
ttag +53 3; 
ttag +54 5; 
ttag +55 3; 
ttag +56 3; 
ttag +57 2; 
ttag +58 3; 
ttag +59 5; 
ttag +60 6; 
ttag +61 6; 
ttag +62 2; 
ttag +63 12; 
ttag +64 3; 
ttag +65 1; 
ttag +66 1; 
ttag +67 5; 
ttag +68 1; 
ttag +69 10; 
ttag +70 8; 
ttag +71 6; 
ttag +72 3; 
ttag +73 2; 
ttag +74 6; 
ttag +75 7; 
ttag +76 3; 
ttag +77 4; 
ttag +78 14; 
ttag +79 3; 
ttag +80 13; 
ttag +81 6; 
ttag +82 6; 
ttag +83 5; 
ttag +84 9; 
ttag +85 11; 
ttag +86 7; 
ttag +87 10; 
ttag +88 1; 
ttag +89 3; 
ttag +90 4; 
ttag +91 3; 
ttag +92 4; 
tread
'Tree with tags' 
(0 ((1 ((2 3 )(((4 5 )(6 7 ))((8 9 )(10 (11 12 ))))))((13 14 )(((15 16 )(17 (18 (19 ((20 21 )((22 23 )(24 25 )))))))((26 (27 (28 (29 30 ))))((39 (31 (((32 33 )(36 (37 38 )))(34 35 ))))((40 41 )((42 43 )((44 45 )(46 47 )))))))))); 
ttag *!; 
ttag +0 ////; 
ttag +1 ////; 
ttag +2 ////; 
ttag +3 ////; 
ttag +4 ////; 
ttag +5 ////; 
ttag +6 ////; 
ttag +7 ////; 
ttag +8 ////; 
ttag +9 ////; 
ttag +10 ////; 
ttag +11 ////; 
ttag +12 ////; 
ttag +13 ////; 
ttag +14 ////; 
ttag +15 ////; 
ttag +16 ////; 
ttag +17 ////; 
ttag +18 ////; 
ttag +19 ////; 
ttag +20 ////; 
ttag +21 ////; 
ttag +22 ////; 
ttag +23 ////; 
ttag +24 ////; 
ttag +25 ////; 
ttag +26 ////; 
ttag +27 ////; 
ttag +28 ////; 
ttag +29 ////; 
ttag +30 ////; 
ttag +31 ////; 
ttag +32 ////; 
ttag +33 ////; 
ttag +34 ////; 
ttag +35 ////; 
ttag +36 ////; 
ttag +37 ////; 
ttag +38 ////; 
ttag +39 ////; 
ttag +40 ////; 
ttag +41 ////; 
ttag +42 ////; 
ttag +43 ////; 
ttag +44 ////; 
ttag +45 ////; 
ttag +46 ////; 
ttag +47 ////; 
ttag +48 ////; 
ttag +49 50/43/24/46/24; 
ttag +50 100/100/100/100/100; 
ttag +51 96/95/92/96/89; 
ttag +52 90/87/70/86/76; 
ttag +53 72/55/55/67/57; 
ttag +54 94/94/86/96/90; 
ttag +55 74/70/66/74/60; 
ttag +56 85/77/75/76/60; 
ttag +57 67/64/54/67/61; 
ttag +58 56/42/32/53/36; 
ttag +59 89/88/76/89/77; 
ttag +60 94/92/85/95/84; 
ttag +61 99/98/99/99/98; 
ttag +62 54/46/21/46/19; 
ttag +63 100/100/100/100/100; 
ttag +64 68/56/54/65/50; 
ttag +65 25/10/?/17/?; 
ttag +66 65/43/43/38/40; 
ttag +67 96/95/87/92/91; 
ttag +68 66/61/48/50/38; 
ttag +69 100/100/100/100/100; 
ttag +70 95/94/93/97/90; 
ttag +71 98/98/98/98/98; 
ttag +72 88/83/70/78/68; 
ttag +73 64/55/42/58/38; 
ttag +74 94/93/79/91/81; 
ttag +75 98/97/90/96/89; 
ttag +76 90/88/82/86/78; 
ttag +77 96/94/88/95/86; 
ttag +78 100/100/99/100/98; 
ttag +79 90/86/73/84/70; 
ttag +80 52/21/24/19/36; 
ttag +81 100/100/100/100/100; 
ttag +82 99/99/96/100/97; 
ttag +83 36/4/21/20/16; 
ttag +84 97/96/97/98/94; 
ttag +85 98/98/98/98/97; 
ttag +86 99/99/98/100/99; 
ttag +87 100/100/100/100/100; 
ttag +88 99/99/99/100/98; 
ttag +89 98/98/96/99/93; 
ttag +90 58/46/50/53/49; 
ttag +91 78/68/47/60/44; 
ttag +92 93/91/78/86/77; 
ttag +93 81/71/46/62/44; 
ttag +94 98/98/96/99/94; 
