tread
'Tree with tags' 
(0 (1 (((2 3 )(8 (9 ((6 (7 (4 5 )))(10 (11 12 ))))))(((13 14 )((27 (26 (28 (29 30 ))))((39 (31 ((32 33 )((34 35 )(36 (37 38 ))))))((40 41 )(42 (43 (46 47 (44 45 ))))))))(17 ((15 16 )(18 (19 ((20 21 )((22 23 )(24 25 ))))))))))); 
ttag *!; 
ttag +49 ???; 
ttag +50 6; 
ttag +51 7; 
ttag +52 1; 
ttag +53 9; 
ttag +54 3; 
ttag +55 6; 
ttag +56 2; 
ttag +57 1; 
ttag +58 2; 
ttag +59 5; 
ttag +60 6; 
ttag +61 4; 
ttag +62 1; 
ttag +63 3; 
ttag +64 15; 
ttag +65 1; 
ttag +66 2; 
ttag +67 5; 
ttag +68 1; 
ttag +69 11; 
ttag +70 8; 
ttag +71 3; 
ttag +72 6; 
ttag +73 6; 
ttag +74 1; 
ttag +75 4; 
ttag +76 9; 
ttag +77 5; 
ttag +78 15; 
ttag +79 7; 
ttag +80 1; 
ttag +81 4; 
ttag +82 7; 
ttag +83 5; 
ttag +84 1; 
ttag +85 3; 
ttag +86 12; 
ttag +87 10; 
ttag +88 2; 
ttag +89 8; 
ttag +90 8; 
ttag +91 3; 
ttag +92 4; 
ttag +93 3; 
tread
'Tree with tags' 
(0 (1 (((2 3 )(8 (9 ((6 (7 (4 5 )))(10 (11 12 ))))))(((13 14 )((27 (26 (28 (29 30 ))))((39 (31 ((32 33 )((34 35 )(36 (37 38 ))))))((40 41 )(42 (43 ((44 45 )(46 47 ))))))))(17 ((15 16 )(18 (19 ((20 21 )((22 23 )(24 25 ))))))))))); 
ttag *!; 
ttag +0 ////; 
ttag +1 ////; 
ttag +2 ////; 
ttag +3 ////; 
ttag +4 ////; 
ttag +5 ////; 
ttag +6 ////; 
ttag +7 ////; 
ttag +8 ////; 
ttag +9 ////; 
ttag +10 ////; 
ttag +11 ////; 
ttag +12 ////; 
ttag +13 ////; 
ttag +14 ////; 
ttag +15 ////; 
ttag +16 ////; 
ttag +17 ////; 
ttag +18 ////; 
ttag +19 ////; 
ttag +20 ////; 
ttag +21 ////; 
ttag +22 ////; 
ttag +23 ////; 
ttag +24 ////; 
ttag +25 ////; 
ttag +26 ////; 
ttag +27 ////; 
ttag +28 ////; 
ttag +29 ////; 
ttag +30 ////; 
ttag +31 ////; 
ttag +32 ////; 
ttag +33 ////; 
ttag +34 ////; 
ttag +35 ////; 
ttag +36 ////; 
ttag +37 ////; 
ttag +38 ////; 
ttag +39 ////; 
ttag +40 ////; 
ttag +41 ////; 
ttag +42 ////; 
ttag +43 ////; 
ttag +44 ////; 
ttag +45 ////; 
ttag +46 ////; 
ttag +47 ////; 
ttag +48 ////; 
ttag +49 100/100/100/100/100; 
ttag +50 98/98/97/96/93; 
ttag +51 95/94/89/97/87; 
ttag +52 70/68/58/69/59; 
ttag +53 100/100/97/99/96; 
ttag +54 60/48/43/50/34; 
ttag +55 92/91/77/91/79; 
ttag +56 55/25/12/29/9; 
ttag +57 23/[6]/?/?/?; 
ttag +58 54/27/14/32/21; 
ttag +59 94/92/90/97/89; 
ttag +60 99/99/97/99/97; 
ttag +61 86/82/79/88/74; 
ttag +62 32/25/18/27/20; 
ttag +63 49/37/28/45/28; 
ttag +64 100/100/100/100/100; 
ttag +65 37/25/22/36/24; 
ttag +66 44/32/21/41/24; 
ttag +67 92/92/79/90/78; 
ttag +68 51/30/16/28/13; 
ttag +69 100/100/100/100/100; 
ttag +70 98/98/93/98/96; 
ttag +71 82/76/72/80/68; 
ttag +72 98/98/94/96/93; 
ttag +73 97/96/86/95/92; 
ttag +74 53/48/45/55/38; 
ttag +75 76/67/63/79/68; 
ttag +76 98/98/95/98/96; 
ttag +77 91/87/85/90/77; 
ttag +78 100/100/100/100/99; 
ttag +79 100/100/95/99/96; 
ttag +80 51/30/30/34/31; 
ttag +81 90/86/84/92/82; 
ttag +82 100/100/100/99/100; 
ttag +83 94/92/81/96/85; 
ttag +84 61/45/32/42/41; 
ttag +85 91/89/71/92/80; 
ttag +86 99/99/98/99/98; 
ttag +87 100/100/99/100/98; 
ttag +88 75/65/51/60/48; 
ttag +89 99/99/97/99/97; 
ttag +90 97/96/91/98/88; 
ttag +91 92/91/82/88/80; 
ttag +92 93/91/82/92/83; 
ttag +93 89/86/74/81/68; 
ttag +94 28/[6]/9/1/9; 
