tread
'Tree with tags' 
(0 ((1 (((2 3 )(9 (8 (10 (11 12 )))))((4 5 )(6 7 ))))((13 14 )((15 16 )(17 (18 (19 ((20 21 )((22 23 )(24 25 )))))))((26 (27 (28 (29 30 ))))((31 ((32 33 )((34 35 )(36 (37 38 )))))(39 ((40 41 )(43 (42 ((44 45 )(46 47 ))))))))))); 
ttag *!; 
ttag +49 1; 
ttag +50 ???; 
ttag +51 6; 
ttag +52 1; 
ttag +53 8; 
ttag +54 3; 
ttag +55 3; 
ttag +56 5; 
ttag +57 1; 
ttag +58 2; 
ttag +59 6; 
ttag +60 11; 
ttag +61 5; 
ttag +62 1; 
ttag +63 5; 
ttag +64 6; 
ttag +65 1; 
ttag +66 4; 
ttag +67 4; 
ttag +68 10; 
ttag +69 6; 
ttag +70 10; 
ttag +71 3; 
ttag +72 1; 
ttag +73 8; 
ttag +74 6; 
ttag +75 10; 
ttag +76 2; 
ttag +77 13; 
ttag +78 7; 
ttag +79 5; 
ttag +80 4; 
ttag +81 6; 
ttag +82 6; 
ttag +83 3; 
ttag +84 11; 
ttag +85 6; 
ttag +86 3; 
ttag +87 3; 
ttag +88 7; 
ttag +89 1; 
ttag +90 9; 
ttag +91 1; 
ttag +92 7; 
ttag +93 1; 
tread
'Tree with tags' 
(0 ((1 (((2 3 )(9 (8 (10 (11 12 )))))((4 5 )(6 7 ))))(((13 14 )((26 (27 (28 (29 30 ))))((31 ((32 33 )((34 35 )(36 (37 38 )))))(39 ((40 41 )(43 (42 ((44 45 )(46 47 )))))))))((15 16 )(17 (18 (19 ((20 21 )((22 23 )(24 25 )))))))))); 
ttag *!; 
ttag +0 ////; 
ttag +1 ////; 
ttag +2 ////; 
ttag +3 ////; 
ttag +4 ////; 
ttag +5 ////; 
ttag +6 ////; 
ttag +7 ////; 
ttag +8 ////; 
ttag +9 ////; 
ttag +10 ////; 
ttag +11 ////; 
ttag +12 ////; 
ttag +13 ////; 
ttag +14 ////; 
ttag +15 ////; 
ttag +16 ////; 
ttag +17 ////; 
ttag +18 ////; 
ttag +19 ////; 
ttag +20 ////; 
ttag +21 ////; 
ttag +22 ////; 
ttag +23 ////; 
ttag +24 ////; 
ttag +25 ////; 
ttag +26 ////; 
ttag +27 ////; 
ttag +28 ////; 
ttag +29 ////; 
ttag +30 ////; 
ttag +31 ////; 
ttag +32 ////; 
ttag +33 ////; 
ttag +34 ////; 
ttag +35 ////; 
ttag +36 ////; 
ttag +37 ////; 
ttag +38 ////; 
ttag +39 ////; 
ttag +40 ////; 
ttag +41 ////; 
ttag +42 ////; 
ttag +43 ////; 
ttag +44 ////; 
ttag +45 ////; 
ttag +46 ////; 
ttag +47 ////; 
ttag +48 ////; 
ttag +49 20/2/?/13/?; 
ttag +50 100/100/100/100/100; 
ttag +51 98/98/95/100/96; 
ttag +52 39/27/19/33/17; 
ttag +53 100/100/98/99/98; 
ttag +54 84/78/67/80/62; 
ttag +55 70/62/52/78/57; 
ttag +56 90/88/79/88/81; 
ttag +57 23/10/6/21/6; 
ttag +58 40/28/20/40/17; 
ttag +59 93/91/88/94/84; 
ttag +60 100/100/100/100/100; 
ttag +61 97/96/95/98/94; 
ttag +62 13/1/?/?/3; 
ttag +63 28/11/5/26/5; 
ttag +64 99/99/96/98/96; 
ttag +65 98/98/97/97/94; 
ttag +66 62/54/40/55/49; 
ttag +67 91/90/79/95/85; 
ttag +68 88/83/66/84/70; 
ttag +69 100/100/100/100/100; 
ttag +70 94/94/88/99/94; 
ttag +71 99/99/98/100/100; 
ttag +72 94/93/80/88/81; 
ttag +73 57/33/40/41/29; 
ttag +74 100/100/96/100/98; 
ttag +75 97/96/93/98/96; 
ttag +76 100/100/97/100/98; 
ttag +77 74/62/60/73/59; 
ttag +78 100/100/100/100/100; 
ttag +79 99/99/97/98/96; 
ttag +80 92/90/77/88/77; 
ttag +81 96/96/93/96/90; 
ttag +82 98/97/92/98/94; 
ttag +83 100/100/100/99/99; 
ttag +84 84/76/72/84/67; 
ttag +85 100/100/100/100/100; 
ttag +86 99/99/93/97/95; 
ttag +87 91/90/74/84/77; 
ttag +88 80/68/52/71/58; 
ttag +89 98/98/98/97/97; 
ttag +90 52/32/12/32/21; 
ttag +91 99/99/98/99/98; 
ttag +92 59/46/26/44/34; 
ttag +93 100/100/98/100/96; 
ttag +94 37/22/23/36/32; 
