tread
'Tree with tags' 
(0 (1 (((2 3 )(((4 5 )(6 7 ))((8 9 )(10 (11 12 )))))((13 14 )((15 16 )(17 (18 (19 ((20 21 )((22 23 )(24 25 )))))))((26 (27 (28 (29 30 ))))((31 ((32 33 )((34 35 )(36 (37 38 )))))(39 ((40 41 )(42 (43 ((44 45 )(46 47 )))))))))))); 
ttag *!; 
ttag +49 ???; 
ttag +50 4; 
ttag +51 11; 
ttag +52 1; 
ttag +53 5; 
ttag +54 5; 
ttag +55 2; 
ttag +56 3; 
ttag +57 3; 
ttag +58 3; 
ttag +59 5; 
ttag +60 6; 
ttag +61 1; 
ttag +62 2; 
ttag +63 12; 
ttag +64 6; 
ttag +65 1; 
ttag +66 3; 
ttag +67 3; 
ttag +68 4; 
ttag +69 1; 
ttag +70 8; 
ttag +71 4; 
ttag +72 5; 
ttag +73 5; 
ttag +74 6; 
ttag +75 2; 
ttag +76 7; 
ttag +77 12; 
ttag +78 6; 
ttag +79 6; 
ttag +80 4; 
ttag +81 2; 
ttag +82 8; 
ttag +83 1; 
ttag +84 13; 
ttag +85 7; 
ttag +86 1; 
ttag +87 2; 
ttag +88 4; 
ttag +89 6; 
ttag +90 8; 
ttag +91 8; 
ttag +92 6; 
ttag +93 4; 
tread
'Tree with tags' 
(0 (1 (((2 3 )(((4 5 )(6 7 ))((8 9 )(10 (11 12 )))))(((13 14 )((26 (27 (28 (29 30 ))))((31 ((32 33 )((34 35 )(36 (37 38 )))))(39 ((40 41 )(42 (43 ((44 45 )(46 47 )))))))))((15 16 )(17 (18 (19 ((20 21 )((22 23 )(24 25 ))))))))))); 
ttag *!; 
ttag +0 ////; 
ttag +1 ////; 
ttag +2 ////; 
ttag +3 ////; 
ttag +4 ////; 
ttag +5 ////; 
ttag +6 ////; 
ttag +7 ////; 
ttag +8 ////; 
ttag +9 ////; 
ttag +10 ////; 
ttag +11 ////; 
ttag +12 ////; 
ttag +13 ////; 
ttag +14 ////; 
ttag +15 ////; 
ttag +16 ////; 
ttag +17 ////; 
ttag +18 ////; 
ttag +19 ////; 
ttag +20 ////; 
ttag +21 ////; 
ttag +22 ////; 
ttag +23 ////; 
ttag +24 ////; 
ttag +25 ////; 
ttag +26 ////; 
ttag +27 ////; 
ttag +28 ////; 
ttag +29 ////; 
ttag +30 ////; 
ttag +31 ////; 
ttag +32 ////; 
ttag +33 ////; 
ttag +34 ////; 
ttag +35 ////; 
ttag +36 ////; 
ttag +37 ////; 
ttag +38 ////; 
ttag +39 ////; 
ttag +40 ////; 
ttag +41 ////; 
ttag +42 ////; 
ttag +43 ////; 
ttag +44 ////; 
ttag +45 ////; 
ttag +46 ////; 
ttag +47 ////; 
ttag +48 ////; 
ttag +49 100/100/100/100/100; 
ttag +50 92/91/91/94/94; 
ttag +51 100/100/99/100/97; 
ttag +52 28/10/2/26/16; 
ttag +53 96/96/92/97/90; 
ttag +54 97/97/88/95/89; 
ttag +55 80/73/50/66/55; 
ttag +56 93/91/83/92/83; 
ttag +57 92/91/86/93/87; 
ttag +58 90/88/78/90/80; 
ttag +59 96/95/92/98/95; 
ttag +60 98/98/100/100/99; 
ttag +61 56/35/24/38/29; 
ttag +62 25/[14]/?/?/?; 
ttag +63 64/59/44/60/41; 
ttag +64 100/100/100/100/100; 
ttag +65 99/99/96/99/96; 
ttag +66 54/29/18/39/15; 
ttag +67 94/94/87/91/81; 
ttag +68 80/76/67/80/73; 
ttag +69 96/95/97/94/90; 
ttag +70 60/38/50/47/34; 
ttag +71 100/100/99/100/99; 
ttag +72 89/85/82/89/85; 
ttag +73 96/95/92/95/92; 
ttag +74 89/85/69/84/78; 
ttag +75 98/97/94/96/93; 
ttag +76 66/55/33/46/34; 
ttag +77 99/99/98/98/98; 
ttag +78 100/100/100/100/100; 
ttag +79 96/96/91/98/90; 
ttag +80 98/98/94/98/93; 
ttag +81 93/91/84/89/84; 
ttag +82 76/70/56/66/56; 
ttag +83 100/100/100/100/99; 
ttag +84 48/36/24/38/24; 
ttag +85 100/100/100/100/100; 
ttag +86 99/99/95/99/92; 
ttag +87 61/47/35/45/35; 
ttag +88 76/63/57/66/50; 
ttag +89 88/86/83/91/83; 
ttag +90 97/97/97/98/96; 
ttag +91 100/100/100/100/94; 
ttag +92 99/98/98/99/99; 
ttag +93 99/99/99/99/99; 
ttag +94 95/95/87/96/90; 
