tread
'Tree with tags' 
(0 (1 17 ((2 3 )(9 (8 (((4 5 )(6 7 ))(10 (11 12 ))))))(13 14 )(15 16 )(18 (19 ((20 21 )((22 23 )(24 25 )))))((26 (27 (28 (29 30 ))))((31 ((32 33 )((34 35 )(36 (37 38 )))))(39 ((40 41 )(42 (43 (44 45 )(46 47 ))))))))); 
ttag *!; 
ttag +49 ???; 
ttag +50 4; 
ttag +51 5; 
ttag +52 9; 
ttag +53 6; 
ttag +54 1; 
ttag +55 2; 
ttag +56 1; 
ttag +57 7; 
ttag +58 1; 
ttag +59 8; 
ttag +60 8; 
ttag +61 7; 
ttag +62 7; 
ttag +63 2; 
ttag +64 12; 
ttag +65 8; 
ttag +66 7; 
ttag +67 3; 
ttag +68 7; 
ttag +69 10; 
ttag +70 2; 
ttag +71 2; 
ttag +72 4; 
ttag +73 6; 
ttag +74 5; 
ttag +75 5; 
ttag +76 12; 
ttag +77 2; 
ttag +78 3; 
ttag +79 2; 
ttag +80 10; 
ttag +81 8; 
ttag +82 3; 
ttag +83 8; 
ttag +84 6; 
ttag +85 5; 
ttag +86 5; 
ttag +87 10; 
ttag +88 2; 
tread
'Tree with tags' 
(0 ((1 ((2 3 )(9 (8 (((4 5 )(6 7 ))(10 (11 12 )))))))(((13 14 )(17 ((15 16 )(18 (19 ((20 21 )((22 23 )(24 25 ))))))))((26 (27 (28 (29 30 ))))((31 ((32 33 )((34 35 )(36 (37 38 )))))(39 ((40 41 )(42 (43 ((44 45 )(46 47 ))))))))))); 
ttag *!; 
ttag +0 ////; 
ttag +1 ////; 
ttag +2 ////; 
ttag +3 ////; 
ttag +4 ////; 
ttag +5 ////; 
ttag +6 ////; 
ttag +7 ////; 
ttag +8 ////; 
ttag +9 ////; 
ttag +10 ////; 
ttag +11 ////; 
ttag +12 ////; 
ttag +13 ////; 
ttag +14 ////; 
ttag +15 ////; 
ttag +16 ////; 
ttag +17 ////; 
ttag +18 ////; 
ttag +19 ////; 
ttag +20 ////; 
ttag +21 ////; 
ttag +22 ////; 
ttag +23 ////; 
ttag +24 ////; 
ttag +25 ////; 
ttag +26 ////; 
ttag +27 ////; 
ttag +28 ////; 
ttag +29 ////; 
ttag +30 ////; 
ttag +31 ////; 
ttag +32 ////; 
ttag +33 ////; 
ttag +34 ////; 
ttag +35 ////; 
ttag +36 ////; 
ttag +37 ////; 
ttag +38 ////; 
ttag +39 ////; 
ttag +40 ////; 
ttag +41 ////; 
ttag +42 ////; 
ttag +43 ////; 
ttag +44 ////; 
ttag +45 ////; 
ttag +46 ////; 
ttag +47 ////; 
ttag +48 ////; 
ttag +49 11/[6]/?/?/?; 
ttag +50 100/100/100/100/100; 
ttag +51 87/83/75/90/74; 
ttag +52 91/90/79/91/81; 
ttag +53 100/100/98/100/98; 
ttag +54 95/94/86/97/88; 
ttag +55 24/13/9/12/2; 
ttag +56 34/18/13/17/2; 
ttag +57 26/14/10/20/8; 
ttag +58 95/94/91/97/90; 
ttag +59 31/20/16/15/6; 
ttag +60 98/98/98/100/99; 
ttag +61 100/100/99/100/99; 
ttag +62 2/[35]/?/?/?; 
ttag +63 18/2/?/?/4; 
ttag +64 100/100/99/99/100; 
ttag +65 20/[18]/?/?/?; 
ttag +66 29/[8]/?/0/?; 
ttag +67 99/98/96/96/94; 
ttag +68 74/65/63/65/54; 
ttag +69 100/100/100/100/100; 
ttag +70 100/100/98/100/100; 
ttag +71 98/98/98/99/96; 
ttag +72 91/88/76/88/76; 
ttag +73 99/99/98/99/99; 
ttag +74 99/99/98/100/99; 
ttag +75 70/57/45/60/50; 
ttag +76 95/95/88/93/85; 
ttag +77 96/94/91/97/86; 
ttag +78 100/100/100/100/99; 
ttag +79 94/93/86/97/90; 
ttag +80 98/97/96/99/98; 
ttag +81 100/100/100/100/100; 
ttag +82 65/57/56/60/54; 
ttag +83 75/72/61/74/59; 
ttag +84 66/54/33/55/37; 
ttag +85 99/99/97/99/96; 
ttag +86 100/100/99/100/100; 
ttag +87 92/90/83/91/86; 
ttag +88 100/100/99/100/100; 
ttag +89 96/95/84/95/94; 
ttag +90 96/95/86/94/85; 
ttag +91 98/98/90/98/90; 
ttag +92 100/100/100/100/100; 
ttag +93 45/6/9/?/?; 
ttag +94 78/76/75/82/69; 
