tread
'Tree with tags' 
(0 (1 ((2 3 )(((4 5 )(6 7 ))(8 (9 (10 (11 12 ))))))(13 14 )(17 18 (15 16 )(19 ((20 21 )((22 23 )(24 25 )))))((26 27 (28 (29 30 )))(39 (31 ((32 33 )(34 35 )(36 (37 38 ))))(40 41 )(42 (43 ((44 45 )(46 47 )))))))); 
ttag *!; 
ttag +49 ???; 
ttag +50 12; 
ttag +51 5; 
ttag +52 6; 
ttag +53 5; 
ttag +54 2; 
ttag +55 4; 
ttag +56 1; 
ttag +57 2; 
ttag +58 1; 
ttag +59 1; 
ttag +60 6; 
ttag +61 12; 
ttag +62 3; 
ttag +63 2; 
ttag +64 4; 
ttag +65 7; 
ttag +66 9; 
ttag +67 4; 
ttag +68 9; 
ttag +69 4; 
ttag +70 2; 
ttag +71 6; 
ttag +72 5; 
ttag +73 4; 
ttag +74 5; 
ttag +75 10; 
ttag +76 1; 
ttag +77 3; 
ttag +78 11; 
ttag +79 7; 
ttag +80 5; 
ttag +81 10; 
ttag +82 1; 
ttag +83 11; 
ttag +84 3; 
ttag +85 3; 
tread
'Tree with tags' 
(0 ((1 (18 ((17 (15 16 ))(19 ((20 21 )((22 23 )(24 25 )))))))((((2 3 )(((4 5 )(6 7 ))(8 (9 (10 (11 12 ))))))((26 (27 (28 (29 30 ))))(((39 (31 ((32 33 )((34 35 )(36 (37 38 ))))))(40 41 ))(42 (43 ((44 45 )(46 47 )))))))(13 14 )))); 
ttag *!; 
ttag +0 ////; 
ttag +1 ////; 
ttag +2 ////; 
ttag +3 ////; 
ttag +4 ////; 
ttag +5 ////; 
ttag +6 ////; 
ttag +7 ////; 
ttag +8 ////; 
ttag +9 ////; 
ttag +10 ////; 
ttag +11 ////; 
ttag +12 ////; 
ttag +13 ////; 
ttag +14 ////; 
ttag +15 ////; 
ttag +16 ////; 
ttag +17 ////; 
ttag +18 ////; 
ttag +19 ////; 
ttag +20 ////; 
ttag +21 ////; 
ttag +22 ////; 
ttag +23 ////; 
ttag +24 ////; 
ttag +25 ////; 
ttag +26 ////; 
ttag +27 ////; 
ttag +28 ////; 
ttag +29 ////; 
ttag +30 ////; 
ttag +31 ////; 
ttag +32 ////; 
ttag +33 ////; 
ttag +34 ////; 
ttag +35 ////; 
ttag +36 ////; 
ttag +37 ////; 
ttag +38 ////; 
ttag +39 ////; 
ttag +40 ////; 
ttag +41 ////; 
ttag +42 ////; 
ttag +43 ////; 
ttag +44 ////; 
ttag +45 ////; 
ttag +46 ////; 
ttag +47 ////; 
ttag +48 ////; 
ttag +49 24/10/9/14/2; 
ttag +50 100/100/100/100/100; 
ttag +51 100/100/100/100/100; 
ttag +52 96/96/90/96/84; 
ttag +53 16/[19]/?/?/?; 
ttag +54 23/11/6/10/2; 
ttag +55 96/96/88/94/91; 
ttag +56 95/94/77/96/89; 
ttag +57 68/64/49/57/55; 
ttag +58 91/87/80/90/82; 
ttag +59 44/34/22/31/33; 
ttag +60 61/51/43/55/52; 
ttag +61 55/42/39/54/43; 
ttag +62 67/58/50/49/46; 
ttag +63 99/99/99/97/98; 
ttag +64 100/100/98/100/99; 
ttag +65 40/15/14/18/?; 
ttag +66 31/[3]/?/?/?; 
ttag +67 80/76/62/78/62; 
ttag +68 66/54/36/55/40; 
ttag +69 97/97/97/97/99; 
ttag +70 98/96/92/98/92; 
ttag +71 99/98/98/98/96; 
ttag +72 96/94/90/95/86; 
ttag +73 100/100/99/100/100; 
ttag +74 94/94/90/95/88; 
ttag +75 96/96/79/93/86; 
ttag +76 55/27/21/35/33; 
ttag +77 98/96/95/98/94; 
ttag +78 100/100/99/99/98; 
ttag +79 95/94/90/95/88; 
ttag +80 33/[3]/?/?/6; 
ttag +81 25/[11]/?/?/?; 
ttag +82 97/96/92/96/91; 
ttag +83 100/100/100/100/100; 
ttag +84 75/65/51/64/50; 
ttag +85 95/94/92/97/91; 
ttag +86 32/[8]/?/?/?; 
ttag +87 100/100/100/100/100; 
ttag +88 98/97/96/99/96; 
ttag +89 96/96/91/95/92; 
ttag +90 100/100/99/100/99; 
ttag +91 64/44/40/50/39; 
ttag +92 100/100/100/100/100; 
ttag +93 96/95/91/96/90; 
ttag +94 95/95/93/95/96; 
