tread
'Tree with tags' 
(0 (1 ((2 3 )((((4 5 )(6 7 ))(10 (11 12 )))(8 9 )))((13 14 )((15 16 )(17 (18 (19 ((20 21 )((22 23 )(24 25 )))))))((26 (27 (28 (29 30 ))))((31 ((32 33 )(34 35 )(36 (37 38 ))))(39 ((40 41 )(42 (43 ((44 45 )(46 47 ))))))))))); 
ttag *!; 
ttag +49 ???; 
ttag +50 11; 
ttag +51 10; 
ttag +52 7; 
ttag +53 8; 
ttag +54 1; 
ttag +55 3; 
ttag +56 3; 
ttag +57 2; 
ttag +58 4; 
ttag +59 6; 
ttag +60 9; 
ttag +61 3; 
ttag +62 10; 
ttag +63 3; 
ttag +64 1; 
ttag +65 4; 
ttag +66 5; 
ttag +67 6; 
ttag +68 11; 
ttag +69 11; 
ttag +70 3; 
ttag +71 1; 
ttag +72 8; 
ttag +73 5; 
ttag +74 2; 
ttag +75 10; 
ttag +76 11; 
ttag +77 8; 
ttag +78 3; 
ttag +79 6; 
ttag +80 5; 
ttag +81 1; 
ttag +82 9; 
ttag +83 7; 
ttag +84 3; 
ttag +85 3; 
ttag +86 6; 
ttag +87 10; 
ttag +88 1; 
ttag +89 8; 
ttag +90 1; 
ttag +91 1; 
tread
'Tree with tags' 
(0 ((1 ((2 3 )((((4 5 )(6 7 ))(10 (11 12 )))(8 9 ))))(((13 14 )((26 (27 (28 (29 30 ))))((31 (((32 33 )(36 (37 38 )))(34 35 )))(39 ((40 41 )(42 (43 ((44 45 )(46 47 )))))))))((15 16 )(17 (18 (19 ((20 21 )((22 23 )(24 25 )))))))))); 
ttag *!; 
ttag +0 ////; 
ttag +1 ////; 
ttag +2 ////; 
ttag +3 ////; 
ttag +4 ////; 
ttag +5 ////; 
ttag +6 ////; 
ttag +7 ////; 
ttag +8 ////; 
ttag +9 ////; 
ttag +10 ////; 
ttag +11 ////; 
ttag +12 ////; 
ttag +13 ////; 
ttag +14 ////; 
ttag +15 ////; 
ttag +16 ////; 
ttag +17 ////; 
ttag +18 ////; 
ttag +19 ////; 
ttag +20 ////; 
ttag +21 ////; 
ttag +22 ////; 
ttag +23 ////; 
ttag +24 ////; 
ttag +25 ////; 
ttag +26 ////; 
ttag +27 ////; 
ttag +28 ////; 
ttag +29 ////; 
ttag +30 ////; 
ttag +31 ////; 
ttag +32 ////; 
ttag +33 ////; 
ttag +34 ////; 
ttag +35 ////; 
ttag +36 ////; 
ttag +37 ////; 
ttag +38 ////; 
ttag +39 ////; 
ttag +40 ////; 
ttag +41 ////; 
ttag +42 ////; 
ttag +43 ////; 
ttag +44 ////; 
ttag +45 ////; 
ttag +46 ////; 
ttag +47 ////; 
ttag +48 ////; 
ttag +49 26/[3]/?/?/?; 
ttag +50 100/100/100/100/100; 
ttag +51 100/100/100/100/100; 
ttag +52 99/99/99/100/99; 
ttag +53 98/97/94/98/93; 
ttag +54 98/97/92/99/95; 
ttag +55 30/13/12/17/7; 
ttag +56 64/50/39/57/41; 
ttag +57 88/84/86/92/84; 
ttag +58 51/37/25/37/24; 
ttag +59 92/91/88/92/83; 
ttag +60 98/98/95/98/98; 
ttag +61 100/100/99/100/99; 
ttag +62 4/[24]/?/?/?; 
ttag +63 77/67/64/71/57; 
ttag +64 100/100/100/100/98; 
ttag +65 93/92/82/88/85; 
ttag +66 68/55/43/48/36; 
ttag +67 94/92/84/94/86; 
ttag +68 92/88/87/91/84; 
ttag +69 99/99/100/100/99; 
ttag +70 100/100/100/100/100; 
ttag +71 100/100/100/100/100; 
ttag +72 88/84/76/85/80; 
ttag +73 58/36/26/29/24; 
ttag +74 99/99/99/99/97; 
ttag +75 96/96/89/93/87; 
ttag +76 84/80/63/74/63; 
ttag +77 100/100/100/100/100; 
ttag +78 100/100/100/100/100; 
ttag +79 98/97/96/97/94; 
ttag +80 87/85/74/84/73; 
ttag +81 100/100/99/99/100; 
ttag +82 26/[11]/2/?/?; 
ttag +83 98/98/95/96/91; 
ttag +84 61/52/42/49/40; 
ttag +85 100/100/98/100/98; 
ttag +86 97/96/95/99/94; 
ttag +87 86/84/72/88/78; 
ttag +88 96/96/93/95/95; 
ttag +89 98/98/92/97/95; 
ttag +90 100/100/98/100/98; 
ttag +91 36/12/?/1/?; 
ttag +92 100/100/98/100/98; 
ttag +93 75/65/44/53/46; 
ttag +94 46/26/21/19/13; 
