tread
'Tree with tags' 
(0 (1 ((2 3 )((6 7 (4 5 ))(9 (8 (10 (11 12 ))))))(13 14 )((15 16 )(17 (18 (19 ((20 21 )((22 23 )(24 25 )))))))((26 (27 28 (29 30 )))((39 (31 (((32 33 )(34 35 ))(36 (37 38 )))))((40 41 )(42 (43 ((44 45 )(46 47 ))))))))); 
ttag *!; 
ttag +49 ???; 
ttag +50 5; 
ttag +51 3; 
ttag +52 8; 
ttag +53 5; 
ttag +54 2; 
ttag +55 1; 
ttag +56 1; 
ttag +57 6; 
ttag +58 4; 
ttag +59 6; 
ttag +60 13; 
ttag +61 2; 
ttag +62 2; 
ttag +63 2; 
ttag +64 2; 
ttag +65 8; 
ttag +66 2; 
ttag +67 10; 
ttag +68 2; 
ttag +69 1; 
ttag +70 10; 
ttag +71 3; 
ttag +72 4; 
ttag +73 6; 
ttag +74 4; 
ttag +75 3; 
ttag +76 9; 
ttag +77 4; 
ttag +78 2; 
ttag +79 7; 
ttag +80 3; 
ttag +81 12; 
ttag +82 5; 
ttag +83 2; 
ttag +84 6; 
ttag +85 8; 
ttag +86 6; 
ttag +87 4; 
ttag +88 14; 
ttag +89 3; 
tread
'Tree with tags' 
(0 ((1 (((2 3 )((6 (7 (4 5 )))(9 (8 (10 (11 12 ))))))((15 16 )(17 (18 (19 ((20 21 )((22 23 )(24 25 )))))))))((13 14 )((26 (28 (27 (29 30 ))))((39 (31 (((32 33 )(34 35 ))(36 (37 38 )))))((40 41 )(42 (43 ((44 45 )(46 47 )))))))))); 
ttag *!; 
ttag +0 ////; 
ttag +1 ////; 
ttag +2 ////; 
ttag +3 ////; 
ttag +4 ////; 
ttag +5 ////; 
ttag +6 ////; 
ttag +7 ////; 
ttag +8 ////; 
ttag +9 ////; 
ttag +10 ////; 
ttag +11 ////; 
ttag +12 ////; 
ttag +13 ////; 
ttag +14 ////; 
ttag +15 ////; 
ttag +16 ////; 
ttag +17 ////; 
ttag +18 ////; 
ttag +19 ////; 
ttag +20 ////; 
ttag +21 ////; 
ttag +22 ////; 
ttag +23 ////; 
ttag +24 ////; 
ttag +25 ////; 
ttag +26 ////; 
ttag +27 ////; 
ttag +28 ////; 
ttag +29 ////; 
ttag +30 ////; 
ttag +31 ////; 
ttag +32 ////; 
ttag +33 ////; 
ttag +34 ////; 
ttag +35 ////; 
ttag +36 ////; 
ttag +37 ////; 
ttag +38 ////; 
ttag +39 ////; 
ttag +40 ////; 
ttag +41 ////; 
ttag +42 ////; 
ttag +43 ////; 
ttag +44 ////; 
ttag +45 ////; 
ttag +46 ////; 
ttag +47 ////; 
ttag +48 ////; 
ttag +49 24/[12]/?/?/?; 
ttag +50 100/100/100/100/100; 
ttag +51 94/93/95/98/92; 
ttag +52 78/74/60/72/61; 
ttag +53 25/[10]/?/?/?; 
ttag +54 98/97/96/98/95; 
ttag +55 36/[4]/?/?/?; 
ttag +56 90/88/79/90/78; 
ttag +57 63/59/50/56/43; 
ttag +58 49/36/24/38/34; 
ttag +59 41/26/17/32/23; 
ttag +60 99/99/97/98/95; 
ttag +61 92/90/86/94/89; 
ttag +62 98/97/92/96/95; 
ttag +63 3/[32]/?/?/?; 
ttag +64 100/100/100/100/100; 
ttag +65 75/71/55/73/56; 
ttag +66 64/46/40/41/42; 
ttag +67 62/45/42/42/42; 
ttag +68 69/52/50/49/48; 
ttag +69 100/100/100/100/99; 
ttag +70 68/50/48/48/45; 
ttag +71 100/100/99/98/98; 
ttag +72 80/71/69/63/71; 
ttag +73 58/43/38/41/34; 
ttag +74 100/100/100/100/99; 
ttag +75 81/76/58/76/65; 
ttag +76 31/[14]/?/?/?; 
ttag +77 98/97/94/95/94; 
ttag +78 99/99/95/98/92; 
ttag +79 84/79/71/84/67; 
ttag +80 80/72/66/80/60; 
ttag +81 100/100/97/100/99; 
ttag +82 89/85/88/89/82; 
ttag +83 70/58/49/60/42; 
ttag +84 98/97/93/96/94; 
ttag +85 91/91/85/86/85; 
ttag +86 100/100/100/100/99; 
ttag +87 95/94/86/95/88; 
ttag +88 77/68/46/66/48; 
ttag +89 98/98/84/94/80; 
ttag +90 100/100/97/99/94; 
ttag +91 98/96/96/96/94; 
ttag +92 91/90/79/94/88; 
ttag +93 100/100/100/100/100; 
ttag +94 90/90/82/97/88; 
