tread
'Tree with tags' 
(0 (1 ((2 3 )(((4 5 )(6 7 ))(8 9 (10 (11 12 )))))(13 14 )((15 16 )(17 (18 (19 (20 21 )((22 23 )(24 25 ))))))((26 27 (28 (29 30 )))((39 (31 (((32 33 )(36 (37 38 )))(34 35 ))))((40 41 )(42 (43 ((44 45 )(46 47 ))))))))); 
ttag *!; 
ttag +49 ???; 
ttag +50 10; 
ttag +51 5; 
ttag +52 4; 
ttag +53 6; 
ttag +54 2; 
ttag +55 3; 
ttag +56 2; 
ttag +57 2; 
ttag +58 5; 
ttag +59 9; 
ttag +60 7; 
ttag +61 1; 
ttag +62 2; 
ttag +63 1; 
ttag +64 2; 
ttag +65 6; 
ttag +66 10; 
ttag +67 4; 
ttag +68 5; 
ttag +69 6; 
ttag +70 7; 
ttag +71 2; 
ttag +72 5; 
ttag +73 8; 
ttag +74 1; 
ttag +75 5; 
ttag +76 3; 
ttag +77 2; 
ttag +78 5; 
ttag +79 1; 
ttag +80 15; 
ttag +81 10; 
ttag +82 5; 
ttag +83 4; 
ttag +84 16; 
ttag +85 3; 
ttag +86 7; 
ttag +87 4; 
ttag +88 1; 
tread
'Tree with tags' 
(0 (((1 ((15 16 )(17 (18 (19 ((20 21 )((22 23 )(24 25 ))))))))((13 14 )((26 (27 (28 (29 30 ))))((39 (31 (((32 33 )(36 (37 38 )))(34 35 ))))((40 41 )(42 (43 ((44 45 )(46 47 )))))))))((2 3 )(((4 5 )(6 7 ))((8 9 )(10 (11 12 ))))))); 
ttag *!; 
ttag +0 ////; 
ttag +1 ////; 
ttag +2 ////; 
ttag +3 ////; 
ttag +4 ////; 
ttag +5 ////; 
ttag +6 ////; 
ttag +7 ////; 
ttag +8 ////; 
ttag +9 ////; 
ttag +10 ////; 
ttag +11 ////; 
ttag +12 ////; 
ttag +13 ////; 
ttag +14 ////; 
ttag +15 ////; 
ttag +16 ////; 
ttag +17 ////; 
ttag +18 ////; 
ttag +19 ////; 
ttag +20 ////; 
ttag +21 ////; 
ttag +22 ////; 
ttag +23 ////; 
ttag +24 ////; 
ttag +25 ////; 
ttag +26 ////; 
ttag +27 ////; 
ttag +28 ////; 
ttag +29 ////; 
ttag +30 ////; 
ttag +31 ////; 
ttag +32 ////; 
ttag +33 ////; 
ttag +34 ////; 
ttag +35 ////; 
ttag +36 ////; 
ttag +37 ////; 
ttag +38 ////; 
ttag +39 ////; 
ttag +40 ////; 
ttag +41 ////; 
ttag +42 ////; 
ttag +43 ////; 
ttag +44 ////; 
ttag +45 ////; 
ttag +46 ////; 
ttag +47 ////; 
ttag +48 ////; 
ttag +49 16/[4]/?/?/?; 
ttag +50 3/[17]/?/?/?; 
ttag +51 100/100/100/100/100; 
ttag +52 100/100/99/100/99; 
ttag +53 96/95/87/96/86; 
ttag +54 94/88/85/94/86; 
ttag +55 97/96/94/97/94; 
ttag +56 78/74/57/72/68; 
ttag +57 89/88/84/89/83; 
ttag +58 40/14/1/13/14; 
ttag +59 64/56/46/62/46; 
ttag +60 84/80/82/84/70; 
ttag +61 97/97/96/98/95; 
ttag +62 100/100/100/100/100; 
ttag +63 21/1/5/?/3; 
ttag +64 99/99/99/100/100; 
ttag +65 65/53/51/57/38; 
ttag +66 62/54/34/58/45; 
ttag +67 66/61/48/61/59; 
ttag +68 68/53/43/52/46; 
ttag +69 99/99/100/100/100; 
ttag +70 29/[8]/?/?/?; 
ttag +71 100/100/99/100/99; 
ttag +72 90/86/72/89/68; 
ttag +73 96/95/86/96/88; 
ttag +74 94/94/87/96/86; 
ttag +75 98/97/91/97/89; 
ttag +76 36/14/6/4/6; 
ttag +77 82/74/78/76/75; 
ttag +78 97/96/94/97/95; 
ttag +79 98/98/95/100/93; 
ttag +80 50/42/35/44/39; 
ttag +81 95/94/74/95/78; 
ttag +82 86/79/69/78/80; 
ttag +83 82/75/74/78/75; 
ttag +84 98/98/96/98/94; 
ttag +85 68/54/52/53/46; 
ttag +86 100/100/100/100/100; 
ttag +87 100/100/100/100/100; 
ttag +88 94/91/79/94/83; 
ttag +89 93/92/72/91/75; 
ttag +90 100/100/100/100/100; 
ttag +91 90/87/66/86/66; 
ttag +92 100/100/96/99/97; 
ttag +93 91/88/81/93/76; 
ttag +94 60/41/41/42/36; 
