tread
'Tree with tags' 
(0 ((1 (((2 3 )((4 5 )(6 7 )((8 9 )(10 11 12 ))))(13 14 )))((15 16 )(17 (18 (19 ((20 21 )((22 23 )(24 25 ))))))((26 (27 (28 (29 30 ))))(39 (31 (((32 33 )(34 35 ))(36 (37 38 ))))(40 41 )(42 (43 ((44 45 )(46 47 ))))))))); 
ttag *!; 
ttag +49 1; 
ttag +50 ???; 
ttag +51 13; 
ttag +52 8; 
ttag +53 2; 
ttag +54 7; 
ttag +55 4; 
ttag +56 1; 
ttag +57 3; 
ttag +58 2; 
ttag +59 4; 
ttag +60 7; 
ttag +61 13; 
ttag +62 2; 
ttag +63 3; 
ttag +64 3; 
ttag +65 2; 
ttag +66 7; 
ttag +67 5; 
ttag +68 8; 
ttag +69 4; 
ttag +70 8; 
ttag +71 6; 
ttag +72 6; 
ttag +73 1; 
ttag +74 4; 
ttag +75 11; 
ttag +76 8; 
ttag +77 8; 
ttag +78 12; 
ttag +79 1; 
ttag +80 1; 
ttag +81 4; 
ttag +82 9; 
ttag +83 3; 
ttag +84 5; 
ttag +85 8; 
ttag +86 2; 
ttag +87 6; 
ttag +88 3; 
ttag +89 3; 
tread
'Tree with tags' 
(0 ((1 (((2 3 )(((4 5 )(6 7 ))((8 9 )(12 (10 11 )))))(13 14 )))((15 16 )((17 (18 (19 ((20 21 )((22 23 )(24 25 ))))))((26 (27 (28 (29 30 ))))((31 (((32 33 )(34 35 ))(36 (37 38 ))))(39 ((40 41 )(42 (43 ((44 45 )(46 47 )))))))))))); 
ttag *!; 
ttag +0 ////; 
ttag +1 ////; 
ttag +2 ////; 
ttag +3 ////; 
ttag +4 ////; 
ttag +5 ////; 
ttag +6 ////; 
ttag +7 ////; 
ttag +8 ////; 
ttag +9 ////; 
ttag +10 ////; 
ttag +11 ////; 
ttag +12 ////; 
ttag +13 ////; 
ttag +14 ////; 
ttag +15 ////; 
ttag +16 ////; 
ttag +17 ////; 
ttag +18 ////; 
ttag +19 ////; 
ttag +20 ////; 
ttag +21 ////; 
ttag +22 ////; 
ttag +23 ////; 
ttag +24 ////; 
ttag +25 ////; 
ttag +26 ////; 
ttag +27 ////; 
ttag +28 ////; 
ttag +29 ////; 
ttag +30 ////; 
ttag +31 ////; 
ttag +32 ////; 
ttag +33 ////; 
ttag +34 ////; 
ttag +35 ////; 
ttag +36 ////; 
ttag +37 ////; 
ttag +38 ////; 
ttag +39 ////; 
ttag +40 ////; 
ttag +41 ////; 
ttag +42 ////; 
ttag +43 ////; 
ttag +44 ////; 
ttag +45 ////; 
ttag +46 ////; 
ttag +47 ////; 
ttag +48 ////; 
ttag +49 24/3/?/18/?; 
ttag +50 100/100/100/100/100; 
ttag +51 100/100/100/100/100; 
ttag +52 97/96/87/98/91; 
ttag +53 43/22/12/38/20; 
ttag +54 99/99/98/99/96; 
ttag +55 43/8/?/8/11; 
ttag +56 91/88/76/90/80; 
ttag +57 64/53/39/50/38; 
ttag +58 91/89/82/84/77; 
ttag +59 76/70/59/71/55; 
ttag +60 26/[13]/?/?/?; 
ttag +61 97/96/88/92/90; 
ttag +62 99/99/98/99/97; 
ttag +63 100/100/100/100/100; 
ttag +64 51/30/24/40/21; 
ttag +65 72/65/58/62/52; 
ttag +66 17/[35]/?/?/?; 
ttag +67 72/66/49/63/50; 
ttag +68 62/53/48/60/45; 
ttag +69 100/100/100/100/100; 
ttag +70 94/92/84/89/83; 
ttag +71 100/100/99/100/99; 
ttag +72 84/77/73/77/66; 
ttag +73 100/100/99/100/100; 
ttag +74 98/98/98/100/98; 
ttag +75 97/96/93/95/83; 
ttag +76 74/64/54/57/52; 
ttag +77 98/97/95/97/96; 
ttag +78 100/100/100/100/100; 
ttag +79 100/100/96/99/99; 
ttag +80 99/99/97/100/94; 
ttag +81 100/100/100/100/100; 
ttag +82 57/45/41/56/49; 
ttag +83 64/44/40/36/46; 
ttag +84 97/96/96/93/90; 
ttag +85 99/99/99/100/100; 
ttag +86 94/92/78/89/82; 
ttag +87 30/[2]/?/1/?; 
ttag +88 97/97/96/98/93; 
ttag +89 44/12/17/20/16; 
ttag +90 99/99/98/99/99; 
ttag +91 84/80/66/72/66; 
ttag +92 98/98/94/97/95; 
ttag +93 90/89/81/92/80; 
ttag +94 95/92/81/86/84; 
