tread
'Tree with tags' 
(0 (1 ((2 3 )(8 9 ((4 5 )(6 7 ))(10 (11 12 ))))(13 14 )((15 16 )(17 (18 (19 ((20 21 )((22 23 )(24 25 )))))))((26 (27 (28 (29 30 ))))((31 ((32 33 )((34 35 )(36 (37 38 )))))(39 ((40 41 )(42 (43 ((44 45 )(46 47 )))))))))); 
ttag *!; 
ttag +49 ???; 
ttag +50 6; 
ttag +51 2; 
ttag +52 6; 
ttag +53 4; 
ttag +54 3; 
ttag +55 2; 
ttag +56 2; 
ttag +57 10; 
ttag +58 5; 
ttag +59 10; 
ttag +60 2; 
ttag +61 2; 
ttag +62 5; 
ttag +63 2; 
ttag +64 7; 
ttag +65 6; 
ttag +66 9; 
ttag +67 3; 
ttag +68 1; 
ttag +69 5; 
ttag +70 11; 
ttag +71 1; 
ttag +72 1; 
ttag +73 11; 
ttag +74 7; 
ttag +75 1; 
ttag +76 6; 
ttag +77 7; 
ttag +78 1; 
ttag +79 1; 
ttag +80 14; 
ttag +81 10; 
ttag +82 1; 
ttag +83 6; 
ttag +84 7; 
ttag +85 7; 
ttag +86 4; 
ttag +87 10; 
ttag +88 4; 
ttag +89 3; 
tread
'Tree with tags' 
(0 (1 (((((2 3 )(((4 5 )(6 7 ))(8 (9 (10 (11 12 ))))))(13 14 ))((15 16 )(17 (18 (19 ((20 21 )((22 23 )(24 25 ))))))))((26 (27 (28 (29 30 ))))((31 ((32 33 )((34 35 )(36 (37 38 )))))(39 ((40 41 )(42 (43 ((44 45 )(46 47 ))))))))))); 
ttag *!; 
ttag +0 ////; 
ttag +1 ////; 
ttag +2 ////; 
ttag +3 ////; 
ttag +4 ////; 
ttag +5 ////; 
ttag +6 ////; 
ttag +7 ////; 
ttag +8 ////; 
ttag +9 ////; 
ttag +10 ////; 
ttag +11 ////; 
ttag +12 ////; 
ttag +13 ////; 
ttag +14 ////; 
ttag +15 ////; 
ttag +16 ////; 
ttag +17 ////; 
ttag +18 ////; 
ttag +19 ////; 
ttag +20 ////; 
ttag +21 ////; 
ttag +22 ////; 
ttag +23 ////; 
ttag +24 ////; 
ttag +25 ////; 
ttag +26 ////; 
ttag +27 ////; 
ttag +28 ////; 
ttag +29 ////; 
ttag +30 ////; 
ttag +31 ////; 
ttag +32 ////; 
ttag +33 ////; 
ttag +34 ////; 
ttag +35 ////; 
ttag +36 ////; 
ttag +37 ////; 
ttag +38 ////; 
ttag +39 ////; 
ttag +40 ////; 
ttag +41 ////; 
ttag +42 ////; 
ttag +43 ////; 
ttag +44 ////; 
ttag +45 ////; 
ttag +46 ////; 
ttag +47 ////; 
ttag +48 ////; 
ttag +49 100/100/100/100/100; 
ttag +50 99/99/96/99/98; 
ttag +51 69/52/52/58/50; 
ttag +52 13/[8]/?/?/?; 
ttag +53 10/[10]/?/?/?; 
ttag +54 23/5/2/13/5; 
ttag +55 99/98/94/98/94; 
ttag +56 97/96/92/94/91; 
ttag +57 90/89/78/89/83; 
ttag +58 74/67/52/67/59; 
ttag +59 42/17/20/13/11; 
ttag +60 24/[10]/?/?/?; 
ttag +61 73/62/46/66/55; 
ttag +62 100/100/100/100/100; 
ttag +63 100/100/98/98/96; 
ttag +64 100/100/98/100/99; 
ttag +65 84/80/65/80/66; 
ttag +66 68/55/46/59/52; 
ttag +67 96/96/92/96/93; 
ttag +68 84/83/75/82/78; 
ttag +69 100/100/100/100/99; 
ttag +70 98/97/94/98/95; 
ttag +71 100/100/99/100/99; 
ttag +72 90/85/70/86/71; 
ttag +73 52/26/27/44/32; 
ttag +74 99/98/93/100/98; 
ttag +75 100/100/99/100/99; 
ttag +76 75/62/65/63/64; 
ttag +77 71/60/58/62/56; 
ttag +78 100/100/100/100/99; 
ttag +79 99/99/94/98/96; 
ttag +80 64/50/40/42/40; 
ttag +81 98/98/98/100/96; 
ttag +82 98/98/93/98/94; 
ttag +83 58/43/28/50/35; 
ttag +84 42/29/15/31/19; 
ttag +85 100/100/100/99/100; 
ttag +86 100/100/100/100/100; 
ttag +87 53/44/33/44/31; 
ttag +88 97/97/91/99/95; 
ttag +89 98/98/98/100/95; 
ttag +90 99/99/95/99/97; 
ttag +91 93/92/82/90/81; 
ttag +92 100/100/100/100/100; 
ttag +93 94/93/84/95/86; 
ttag +94 80/72/62/81/73; 
