tread
'Tree with tags' 
(0 (1 (((9 (8 (2 3 )))(((4 5 )(6 7 ))(10 (11 12 ))))((26 (27 (28 (29 30 ))))((31 (((32 33 )(36 (37 38 )))(34 35 )))(39 (40 41 (42 (43 (46 47 (44 45 )))))))))(13 14 )(17 (15 16 )(18 (19 ((20 21 )((22 23 )(24 25 )))))))); 
ttag *!; 
ttag +49 ???; 
ttag +50 7; 
ttag +51 1; 
ttag +52 1; 
ttag +53 6; 
ttag +54 1; 
ttag +55 8; 
ttag +56 10; 
ttag +57 1; 
ttag +58 2; 
ttag +59 2; 
ttag +60 6; 
ttag +61 9; 
ttag +62 7; 
ttag +63 2; 
ttag +64 8; 
ttag +65 3; 
ttag +66 3; 
ttag +67 6; 
ttag +68 9; 
ttag +69 8; 
ttag +70 2; 
ttag +71 8; 
ttag +72 8; 
ttag +73 3; 
ttag +74 9; 
ttag +75 11; 
ttag +76 3; 
ttag +77 1; 
ttag +78 7; 
ttag +79 1; 
ttag +80 2; 
ttag +81 3; 
ttag +82 10; 
ttag +83 8; 
ttag +84 1; 
ttag +85 5; 
ttag +86 6; 
ttag +87 1; 
ttag +88 6; 
ttag +89 4; 
tread
'Tree with tags' 
(0 ((1 ((13 14 )((15 16 )(17 (18 (19 ((20 21 )((22 23 )(24 25 )))))))))(((9 (8 (2 3 )))(((4 5 )(6 7 ))(10 (11 12 ))))((26 (27 (28 (29 30 ))))((31 (((32 33 )(36 (37 38 )))(34 35 )))(39 (40 (41 (42 (43 (46 (47 (44 45 ))))))))))))); 
ttag *!; 
ttag +0 ////; 
ttag +1 ////; 
ttag +2 ////; 
ttag +3 ////; 
ttag +4 ////; 
ttag +5 ////; 
ttag +6 ////; 
ttag +7 ////; 
ttag +8 ////; 
ttag +9 ////; 
ttag +10 ////; 
ttag +11 ////; 
ttag +12 ////; 
ttag +13 ////; 
ttag +14 ////; 
ttag +15 ////; 
ttag +16 ////; 
ttag +17 ////; 
ttag +18 ////; 
ttag +19 ////; 
ttag +20 ////; 
ttag +21 ////; 
ttag +22 ////; 
ttag +23 ////; 
ttag +24 ////; 
ttag +25 ////; 
ttag +26 ////; 
ttag +27 ////; 
ttag +28 ////; 
ttag +29 ////; 
ttag +30 ////; 
ttag +31 ////; 
ttag +32 ////; 
ttag +33 ////; 
ttag +34 ////; 
ttag +35 ////; 
ttag +36 ////; 
ttag +37 ////; 
ttag +38 ////; 
ttag +39 ////; 
ttag +40 ////; 
ttag +41 ////; 
ttag +42 ////; 
ttag +43 ////; 
ttag +44 ////; 
ttag +45 ////; 
ttag +46 ////; 
ttag +47 ////; 
ttag +48 ////; 
ttag +49 13/[4]/2/4/?; 
ttag +50 100/100/100/100/100; 
ttag +51 96/95/93/97/93; 
ttag +52 27/[20]/?/?/?; 
ttag +53 30/[16]/?/?/?; 
ttag +54 96/95/92/96/86; 
ttag +55 33/15/11/24/8; 
ttag +56 100/100/95/98/98; 
ttag +57 100/100/100/100/98; 
ttag +58 54/37/46/45/39; 
ttag +59 62/49/48/60/51; 
ttag +60 64/46/34/58/46; 
ttag +61 96/96/95/98/97; 
ttag +62 99/99/98/100/98; 
ttag +63 6/[11]/?/?/?; 
ttag +64 100/100/99/99/99; 
ttag +65 70/62/42/68/46; 
ttag +66 27/[22]/?/?/?; 
ttag +67 99/99/96/100/97; 
ttag +68 81/78/69/81/62; 
ttag +69 96/96/96/97/93; 
ttag +70 90/87/82/91/82; 
ttag +71 99/99/100/100/100; 
ttag +72 98/98/97/99/98; 
ttag +73 68/56/49/68/47; 
ttag +74 98/98/94/99/91; 
ttag +75 99/99/100/99/98; 
ttag +76 83/80/75/83/68; 
ttag +77 99/99/99/100/99; 
ttag +78 100/100/100/100/100; 
ttag +79 89/84/61/79/79; 
ttag +80 75/68/57/62/63; 
ttag +81 100/100/98/98/99; 
ttag +82 44/28/14/25/6; 
ttag +83 79/73/63/65/62; 
ttag +84 90/89/80/83/82; 
ttag +85 100/100/100/100/98; 
ttag +86 100/100/99/100/99; 
ttag +87 65/52/52/61/48; 
ttag +88 96/96/95/94/94; 
ttag +89 25/[25]/?/?/?; 
ttag +90 99/98/92/98/95; 
ttag +91 70/54/54/57/47; 
ttag +92 100/100/98/100/98; 
ttag +93 27/[23]/?/?/?; 
ttag +94 96/94/91/97/85; 
