tread
'Tree with tags' 
(0 ((1 (8 9 10 (2 3 )((4 5 )(6 7 ))(11 12 )))(((13 14 )((26 (27 (28 (29 30 ))))((31 (((32 33 )(34 35 ))(36 (37 38 ))))(39 ((40 41 )(42 (43 ((44 45 )(46 47 )))))))))((15 16 )(17 (18 19 ((20 21 )((22 23 )(24 25 ))))))))); 
ttag *!; 
ttag +49 1; 
ttag +50 ???; 
ttag +51 15; 
ttag +52 5; 
ttag +53 9; 
ttag +54 8; 
ttag +55 2; 
ttag +56 10; 
ttag +57 7; 
ttag +58 1; 
ttag +59 1; 
ttag +60 11; 
ttag +61 4; 
ttag +62 3; 
ttag +63 7; 
ttag +64 11; 
ttag +65 5; 
ttag +66 7; 
ttag +67 1; 
ttag +68 6; 
ttag +69 7; 
ttag +70 10; 
ttag +71 2; 
ttag +72 7; 
ttag +73 15; 
ttag +74 7; 
ttag +75 5; 
ttag +76 4; 
ttag +77 1; 
ttag +78 2; 
ttag +79 2; 
ttag +80 7; 
ttag +81 5; 
ttag +82 1; 
ttag +83 8; 
ttag +84 5; 
ttag +85 7; 
ttag +86 3; 
ttag +87 4; 
ttag +88 8; 
ttag +89 3; 
tread
'Tree with tags' 
(0 ((1 ((10 (9 (8 ((2 3 )(11 12 )))))((4 5 )(6 7 ))))(((13 14 )((26 (27 (28 (29 30 ))))((31 (((32 33 )(34 35 ))(36 (37 38 ))))(39 ((40 41 )(42 (43 ((44 45 )(46 47 )))))))))((15 16 )(17 (19 (18 ((20 21 )((22 23 )(24 25 )))))))))); 
ttag *!; 
ttag +0 ////; 
ttag +1 ////; 
ttag +2 ////; 
ttag +3 ////; 
ttag +4 ////; 
ttag +5 ////; 
ttag +6 ////; 
ttag +7 ////; 
ttag +8 ////; 
ttag +9 ////; 
ttag +10 ////; 
ttag +11 ////; 
ttag +12 ////; 
ttag +13 ////; 
ttag +14 ////; 
ttag +15 ////; 
ttag +16 ////; 
ttag +17 ////; 
ttag +18 ////; 
ttag +19 ////; 
ttag +20 ////; 
ttag +21 ////; 
ttag +22 ////; 
ttag +23 ////; 
ttag +24 ////; 
ttag +25 ////; 
ttag +26 ////; 
ttag +27 ////; 
ttag +28 ////; 
ttag +29 ////; 
ttag +30 ////; 
ttag +31 ////; 
ttag +32 ////; 
ttag +33 ////; 
ttag +34 ////; 
ttag +35 ////; 
ttag +36 ////; 
ttag +37 ////; 
ttag +38 ////; 
ttag +39 ////; 
ttag +40 ////; 
ttag +41 ////; 
ttag +42 ////; 
ttag +43 ////; 
ttag +44 ////; 
ttag +45 ////; 
ttag +46 ////; 
ttag +47 ////; 
ttag +48 ////; 
ttag +49 65/50/41/46/36; 
ttag +50 100/100/100/100/100; 
ttag +51 100/100/100/100/99; 
ttag +52 18/[10]/?/?/?; 
ttag +53 14/[14]/?/?/?; 
ttag +54 22/7/?/1/4; 
ttag +55 32/15/10/15/11; 
ttag +56 92/90/84/90/78; 
ttag +57 99/99/99/99/98; 
ttag +58 99/98/98/98/96; 
ttag +59 79/67/51/67/46; 
ttag +60 100/100/100/100/100; 
ttag +61 99/99/96/100/95; 
ttag +62 65/60/54/53/50; 
ttag +63 57/41/29/32/29; 
ttag +64 100/100/100/100/100; 
ttag +65 94/93/89/93/86; 
ttag +66 89/85/76/86/78; 
ttag +67 29/[15]/?/?/?; 
ttag +68 99/98/98/99/98; 
ttag +69 100/100/100/100/100; 
ttag +70 98/98/96/100/98; 
ttag +71 100/100/99/99/98; 
ttag +72 64/47/44/57/40; 
ttag +73 98/98/94/97/94; 
ttag +74 100/100/97/99/98; 
ttag +75 100/100/99/100/99; 
ttag +76 71/65/68/78/65; 
ttag +77 100/100/96/99/98; 
ttag +78 100/100/100/100/100; 
ttag +79 98/96/92/96/92; 
ttag +80 86/82/78/92/86; 
ttag +81 91/89/83/92/85; 
ttag +82 60/58/52/60/54; 
ttag +83 76/64/58/63/61; 
ttag +84 70/69/62/72/66; 
ttag +85 98/97/96/96/93; 
ttag +86 96/95/91/96/92; 
ttag +87 45/35/34/46/34; 
ttag +88 99/98/95/100/98; 
ttag +89 95/94/86/98/84; 
ttag +90 98/98/92/97/93; 
ttag +91 88/83/70/81/58; 
ttag +92 90/87/70/84/72; 
ttag +93 99/99/96/99/95; 
ttag +94 83/82/74/83/75; 
