tread
'Tree with tags' 
(0 (1 ((2 3 )((6 7 (4 5 ))(8 9 (10 (11 12 )))))((13 14 )((17 (15 16 ))(18 (19 ((20 21 )((22 23 )(24 25 ))))))((26 (27 (28 (29 30 ))))(39 (31 (((32 33 )(34 35 ))(36 (37 38 ))))(40 41 (42 (43 ((44 45 )(46 47 )))))))))); 
ttag *!; 
ttag +49 ???; 
ttag +50 4; 
ttag +51 6; 
ttag +52 2; 
ttag +53 6; 
ttag +54 1; 
ttag +55 1; 
ttag +56 5; 
ttag +57 10; 
ttag +58 8; 
ttag +59 2; 
ttag +60 8; 
ttag +61 1; 
ttag +62 6; 
ttag +63 7; 
ttag +64 2; 
ttag +65 10; 
ttag +66 7; 
ttag +67 6; 
ttag +68 4; 
ttag +69 2; 
ttag +70 7; 
ttag +71 4; 
ttag +72 3; 
ttag +73 10; 
ttag +74 10; 
ttag +75 6; 
ttag +76 5; 
ttag +77 5; 
ttag +78 1; 
ttag +79 5; 
ttag +80 3; 
ttag +81 6; 
ttag +82 9; 
ttag +83 4; 
ttag +84 6; 
ttag +85 1; 
ttag +86 2; 
ttag +87 11; 
ttag +88 8; 
tread
'Tree with tags' 
(0 ((1 ((2 3 )(((4 5 )(6 7 ))(9 (8 (10 (11 12 )))))))((13 14 )(((17 (15 16 ))(18 (19 ((20 21 )((22 23 )(24 25 ))))))((26 (27 (28 (29 30 ))))((31 (((32 33 )(34 35 ))(36 (37 38 ))))(39 (40 (41 (42 (43 ((44 45 )(46 47 ))))))))))))); 
ttag *!; 
ttag +0 ////; 
ttag +1 ////; 
ttag +2 ////; 
ttag +3 ////; 
ttag +4 ////; 
ttag +5 ////; 
ttag +6 ////; 
ttag +7 ////; 
ttag +8 ////; 
ttag +9 ////; 
ttag +10 ////; 
ttag +11 ////; 
ttag +12 ////; 
ttag +13 ////; 
ttag +14 ////; 
ttag +15 ////; 
ttag +16 ////; 
ttag +17 ////; 
ttag +18 ////; 
ttag +19 ////; 
ttag +20 ////; 
ttag +21 ////; 
ttag +22 ////; 
ttag +23 ////; 
ttag +24 ////; 
ttag +25 ////; 
ttag +26 ////; 
ttag +27 ////; 
ttag +28 ////; 
ttag +29 ////; 
ttag +30 ////; 
ttag +31 ////; 
ttag +32 ////; 
ttag +33 ////; 
ttag +34 ////; 
ttag +35 ////; 
ttag +36 ////; 
ttag +37 ////; 
ttag +38 ////; 
ttag +39 ////; 
ttag +40 ////; 
ttag +41 ////; 
ttag +42 ////; 
ttag +43 ////; 
ttag +44 ////; 
ttag +45 ////; 
ttag +46 ////; 
ttag +47 ////; 
ttag +48 ////; 
ttag +49 45/22/14/21/24; 
ttag +50 100/100/100/100/100; 
ttag +51 87/82/70/88/76; 
ttag +52 99/99/96/99/98; 
ttag +53 90/88/78/82/76; 
ttag +54 99/99/95/98/94; 
ttag +55 55/45/37/43/29; 
ttag +56 35/[5]/?/?/?; 
ttag +57 23/[7]/?/?/?; 
ttag +58 56/51/43/52/40; 
ttag +59 90/86/79/85/72; 
ttag +60 100/100/100/100/99; 
ttag +61 100/100/99/99/99; 
ttag +62 80/79/72/80/74; 
ttag +63 99/99/99/100/98; 
ttag +64 59/38/19/37/20; 
ttag +65 99/99/92/98/94; 
ttag +66 37/6/?/13/3; 
ttag +67 98/97/96/98/96; 
ttag +68 78/70/51/66/45; 
ttag +69 100/100/100/100/100; 
ttag +70 99/99/97/99/97; 
ttag +71 99/99/95/98/96; 
ttag +72 93/92/91/96/86; 
ttag +73 74/60/57/66/65; 
ttag +74 100/100/98/100/95; 
ttag +75 96/95/91/94/90; 
ttag +76 90/86/80/82/75; 
ttag +77 100/100/99/99/99; 
ttag +78 100/100/100/100/100; 
ttag +79 98/98/96/97/92; 
ttag +80 99/98/97/98/90; 
ttag +81 99/99/97/100/97; 
ttag +82 64/48/48/52/35; 
ttag +83 97/97/90/96/88; 
ttag +84 88/84/78/86/83; 
ttag +85 97/96/92/98/93; 
ttag +86 99/99/100/100/97; 
ttag +87 27/[5]/?/?/?; 
ttag +88 90/88/71/88/81; 
ttag +89 46/13/?/8/7; 
ttag +90 99/98/93/99/95; 
ttag +91 71/56/42/55/53; 
ttag +92 76/63/57/68/62; 
ttag +93 100/100/100/100/100; 
ttag +94 100/100/96/100/98; 
