tread
'Tree with tags' 
(0 (1 (((2 3 )(9 (8 (6 7 (4 5 ))(10 (11 12 )))))((26 27 (28 (29 30 )))((31 (34 35 (32 33 )(36 (37 38 ))))(39 ((40 41 )(42 (43 ((44 45 )(46 47 )))))))))((13 14 )((15 16 )(17 18 19 ((20 21 )((22 23 )(24 25 )))))))); 
ttag *!; 
ttag +49 ???; 
ttag +50 4; 
ttag +51 11; 
ttag +52 1; 
ttag +53 5; 
ttag +54 11; 
ttag +55 1; 
ttag +56 3; 
ttag +57 4; 
ttag +58 7; 
ttag +59 8; 
ttag +60 1; 
ttag +61 6; 
ttag +62 4; 
ttag +63 1; 
ttag +64 9; 
ttag +65 6; 
ttag +66 8; 
ttag +67 5; 
ttag +68 1; 
ttag +69 8; 
ttag +70 4; 
ttag +71 6; 
ttag +72 10; 
ttag +73 9; 
ttag +74 4; 
ttag +75 7; 
ttag +76 4; 
ttag +77 10; 
ttag +78 4; 
ttag +79 2; 
ttag +80 1; 
ttag +81 10; 
ttag +82 6; 
ttag +83 10; 
ttag +84 8; 
ttag +85 5; 
ttag +86 2; 
tread
'Tree with tags' 
(0 (1 ((((2 3 )(9 (8 (((4 5 )(6 7 ))(10 (11 12 ))))))((27 (26 (28 (29 30 ))))((31 ((32 33 )(34 (35 (36 (37 38 ))))))(39 ((40 41 )(42 (43 ((44 45 )(46 47 )))))))))((13 14 )((15 16 )((17 (18 19 ))((20 21 )((22 23 )(24 25 ))))))))); 
ttag *!; 
ttag +0 ////; 
ttag +1 ////; 
ttag +2 ////; 
ttag +3 ////; 
ttag +4 ////; 
ttag +5 ////; 
ttag +6 ////; 
ttag +7 ////; 
ttag +8 ////; 
ttag +9 ////; 
ttag +10 ////; 
ttag +11 ////; 
ttag +12 ////; 
ttag +13 ////; 
ttag +14 ////; 
ttag +15 ////; 
ttag +16 ////; 
ttag +17 ////; 
ttag +18 ////; 
ttag +19 ////; 
ttag +20 ////; 
ttag +21 ////; 
ttag +22 ////; 
ttag +23 ////; 
ttag +24 ////; 
ttag +25 ////; 
ttag +26 ////; 
ttag +27 ////; 
ttag +28 ////; 
ttag +29 ////; 
ttag +30 ////; 
ttag +31 ////; 
ttag +32 ////; 
ttag +33 ////; 
ttag +34 ////; 
ttag +35 ////; 
ttag +36 ////; 
ttag +37 ////; 
ttag +38 ////; 
ttag +39 ////; 
ttag +40 ////; 
ttag +41 ////; 
ttag +42 ////; 
ttag +43 ////; 
ttag +44 ////; 
ttag +45 ////; 
ttag +46 ////; 
ttag +47 ////; 
ttag +48 ////; 
ttag +49 100/100/100/100/100; 
ttag +50 90/86/81/85/83; 
ttag +51 100/100/99/100/100; 
ttag +52 53/34/26/40/30; 
ttag +53 16/0/10/?/4; 
ttag +54 98/98/94/97/96; 
ttag +55 100/100/100/100/100; 
ttag +56 22/[1]/?/?/?; 
ttag +57 41/18/17/23/16; 
ttag +58 86/82/74/84/74; 
ttag +59 47/14/?/?/5; 
ttag +60 92/90/75/82/78; 
ttag +61 100/100/99/100/99; 
ttag +62 100/100/99/100/98; 
ttag +63 28/9/6/18/12; 
ttag +64 99/98/93/98/91; 
ttag +65 92/90/90/93/87; 
ttag +66 27/[25]/?/?/?; 
ttag +67 86/84/70/74/67; 
ttag +68 51/26/29/20/38; 
ttag +69 100/100/100/100/100; 
ttag +70 98/98/97/99/95; 
ttag +71 100/100/98/99/98; 
ttag +72 94/92/88/95/81; 
ttag +73 68/47/38/49/34; 
ttag +74 34/[15]/?/?/?; 
ttag +75 100/100/98/99/99; 
ttag +76 85/82/73/84/77; 
ttag +77 98/98/96/98/96; 
ttag +78 100/100/99/100/99; 
ttag +79 100/100/98/99/98; 
ttag +80 93/91/91/94/86; 
ttag +81 100/100/98/99/100; 
ttag +82 91/89/76/88/77; 
ttag +83 57/32/32/32/44; 
ttag +84 14/[42]/?/?/?; 
ttag +85 100/100/98/99/100; 
ttag +86 100/100/99/99/98; 
ttag +87 75/68/65/68/62; 
ttag +88 59/33/36/39/32; 
ttag +89 100/100/98/100/100; 
ttag +90 97/96/96/98/95; 
ttag +91 99/99/99/100/99; 
ttag +92 100/100/99/100/100; 
ttag +93 96/94/87/94/87; 
ttag +94 72/68/54/70/60; 
