tread
'Tree with tags' 
(0 (1 ((2 3 )(((4 5 )(6 7 ))(8 9 )(10 (11 12 ))))((13 14 )(((15 16 )(17 (18 (19 ((20 21 )((22 23 )(24 25 )))))))((26 (27 (28 (29 30 ))))(39 ((31 (((32 33 )(34 35 ))(36 (37 38 ))))((40 41 )(43 (42 (47 (46 (44 45 ))))))))))))); 
ttag *!; 
ttag +49 ???; 
ttag +50 10; 
ttag +51 7; 
ttag +52 4; 
ttag +53 5; 
ttag +54 1; 
ttag +55 2; 
ttag +56 1; 
ttag +57 8; 
ttag +58 5; 
ttag +59 6; 
ttag +60 1; 
ttag +61 11; 
ttag +62 5; 
ttag +63 1; 
ttag +64 3; 
ttag +65 4; 
ttag +66 1; 
ttag +67 2; 
ttag +68 7; 
ttag +69 8; 
ttag +70 12; 
ttag +71 2; 
ttag +72 11; 
ttag +73 4; 
ttag +74 4; 
ttag +75 4; 
ttag +76 15; 
ttag +77 6; 
ttag +78 1; 
ttag +79 8; 
ttag +80 4; 
ttag +81 1; 
ttag +82 4; 
ttag +83 5; 
ttag +84 10; 
ttag +85 5; 
ttag +86 3; 
ttag +87 4; 
ttag +88 1; 
ttag +89 4; 
ttag +90 8; 
ttag +91 1; 
ttag +92 1; 
tread
'Tree with tags' 
(0 ((1 ((13 14 )(((15 16 )(17 (18 (19 ((20 21 )((22 23 )(24 25 )))))))((26 (27 (28 (29 30 ))))(39 ((31 (((32 33 )(34 35 ))(36 (37 38 ))))((40 41 )(43 (42 (47 (46 (44 45 ))))))))))))((2 3 )(((4 5 )(6 7 ))((8 9 )(10 (11 12 ))))))); 
ttag *!; 
ttag +0 ////; 
ttag +1 ////; 
ttag +2 ////; 
ttag +3 ////; 
ttag +4 ////; 
ttag +5 ////; 
ttag +6 ////; 
ttag +7 ////; 
ttag +8 ////; 
ttag +9 ////; 
ttag +10 ////; 
ttag +11 ////; 
ttag +12 ////; 
ttag +13 ////; 
ttag +14 ////; 
ttag +15 ////; 
ttag +16 ////; 
ttag +17 ////; 
ttag +18 ////; 
ttag +19 ////; 
ttag +20 ////; 
ttag +21 ////; 
ttag +22 ////; 
ttag +23 ////; 
ttag +24 ////; 
ttag +25 ////; 
ttag +26 ////; 
ttag +27 ////; 
ttag +28 ////; 
ttag +29 ////; 
ttag +30 ////; 
ttag +31 ////; 
ttag +32 ////; 
ttag +33 ////; 
ttag +34 ////; 
ttag +35 ////; 
ttag +36 ////; 
ttag +37 ////; 
ttag +38 ////; 
ttag +39 ////; 
ttag +40 ////; 
ttag +41 ////; 
ttag +42 ////; 
ttag +43 ////; 
ttag +44 ////; 
ttag +45 ////; 
ttag +46 ////; 
ttag +47 ////; 
ttag +48 ////; 
ttag +49 10/[31]/?/?/?; 
ttag +50 100/100/100/100/100; 
ttag +51 100/100/100/100/100; 
ttag +52 99/99/96/99/95; 
ttag +53 94/91/84/96/91; 
ttag +54 98/97/94/96/90; 
ttag +55 67/52/44/43/37; 
ttag +56 82/78/60/80/62; 
ttag +57 52/39/44/42/37; 
ttag +58 22/5/?/?/?; 
ttag +59 99/99/98/100/95; 
ttag +60 99/99/99/100/100; 
ttag +61 100/100/99/99/98; 
ttag +62 47/33/30/37/35; 
ttag +63 100/100/100/100/100; 
ttag +64 92/90/71/92/78; 
ttag +65 66/56/48/54/51; 
ttag +66 87/85/72/80/64; 
ttag +67 92/90/78/90/81; 
ttag +68 65/62/45/56/36; 
ttag +69 82/78/73/79/75; 
ttag +70 99/99/96/97/95; 
ttag +71 100/100/100/100/100; 
ttag +72 99/99/99/100/99; 
ttag +73 71/65/62/73/62; 
ttag +74 99/99/95/99/95; 
ttag +75 92/90/81/93/80; 
ttag +76 90/86/70/89/81; 
ttag +77 85/82/66/85/74; 
ttag +78 100/100/98/100/98; 
ttag +79 99/98/97/99/98; 
ttag +80 50/24/18/21/33; 
ttag +81 100/100/96/99/97; 
ttag +82 97/96/90/94/91; 
ttag +83 62/49/46/43/40; 
ttag +84 96/93/91/96/88; 
ttag +85 98/98/97/97/96; 
ttag +86 99/99/99/100/100; 
ttag +87 96/96/90/94/90; 
ttag +88 89/85/73/88/73; 
ttag +89 87/83/66/82/74; 
ttag +90 36/[11]/?/?/?; 
ttag +91 99/99/97/100/100; 
ttag +92 99/99/97/98/96; 
ttag +93 42/8/13/10/12; 
ttag +94 56/29/39/34/42; 
