tread
'Tree with tags' 
(0 ((1 ((2 3 )(((4 5 )(6 7 ))((8 9 )(10 (11 12 ))))))(((13 14 )((15 16 )(17 (18 19 ((20 21 )((22 23 )(24 25 )))))))((26 (27 (28 (29 30 ))))((31 (((32 33 )(36 (37 38 )))(34 35 )))(39 ((40 41 )(42 (43 ((44 45 )(46 47 ))))))))))); 
ttag *!; 
ttag +49 3; 
ttag +50 ???; 
ttag +51 17; 
ttag +52 6; 
ttag +53 10; 
ttag +54 8; 
ttag +55 6; 
ttag +56 10; 
ttag +57 1; 
ttag +58 2; 
ttag +59 1; 
ttag +60 9; 
ttag +61 5; 
ttag +62 1; 
ttag +63 3; 
ttag +64 6; 
ttag +65 6; 
ttag +66 3; 
ttag +67 1; 
ttag +68 7; 
ttag +69 3; 
ttag +70 9; 
ttag +71 7; 
ttag +72 5; 
ttag +73 9; 
ttag +74 7; 
ttag +75 6; 
ttag +76 2; 
ttag +77 13; 
ttag +78 7; 
ttag +79 4; 
ttag +80 6; 
ttag +81 1; 
ttag +82 6; 
ttag +83 2; 
ttag +84 15; 
ttag +85 10; 
ttag +86 2; 
ttag +87 3; 
ttag +88 6; 
ttag +89 8; 
ttag +90 3; 
ttag +91 12; 
ttag +92 5; 
ttag +93 2; 
tread
'Tree with tags' 
(0 ((1 ((2 3 )(((4 5 )(6 7 ))((8 9 )(10 (11 12 ))))))(((13 14 )((15 16 )(17 (18 (19 ((20 21 )((22 23 )(24 25 ))))))))((26 (27 (28 (29 30 ))))((31 (((32 33 )(36 (37 38 )))(34 35 )))(39 ((40 41 )(42 (43 ((44 45 )(46 47 ))))))))))); 
ttag *!; 
ttag +0 ////; 
ttag +1 ////; 
ttag +2 ////; 
ttag +3 ////; 
ttag +4 ////; 
ttag +5 ////; 
ttag +6 ////; 
ttag +7 ////; 
ttag +8 ////; 
ttag +9 ////; 
ttag +10 ////; 
ttag +11 ////; 
ttag +12 ////; 
ttag +13 ////; 
ttag +14 ////; 
ttag +15 ////; 
ttag +16 ////; 
ttag +17 ////; 
ttag +18 ////; 
ttag +19 ////; 
ttag +20 ////; 
ttag +21 ////; 
ttag +22 ////; 
ttag +23 ////; 
ttag +24 ////; 
ttag +25 ////; 
ttag +26 ////; 
ttag +27 ////; 
ttag +28 ////; 
ttag +29 ////; 
ttag +30 ////; 
ttag +31 ////; 
ttag +32 ////; 
ttag +33 ////; 
ttag +34 ////; 
ttag +35 ////; 
ttag +36 ////; 
ttag +37 ////; 
ttag +38 ////; 
ttag +39 ////; 
ttag +40 ////; 
ttag +41 ////; 
ttag +42 ////; 
ttag +43 ////; 
ttag +44 ////; 
ttag +45 ////; 
ttag +46 ////; 
ttag +47 ////; 
ttag +48 ////; 
ttag +49 88/86/71/85/74; 
ttag +50 100/100/100/100/100; 
ttag +51 100/100/100/100/100; 
ttag +52 96/96/83/98/92; 
ttag +53 100/100/100/100/100; 
ttag +54 100/100/98/100/99; 
ttag +55 92/91/82/93/84; 
ttag +56 100/100/100/100/100; 
ttag +57 46/40/23/24/9; 
ttag +58 54/46/25/40/22; 
ttag +59 46/37/21/39/24; 
ttag +60 100/100/100/100/99; 
ttag +61 96/94/86/92/86; 
ttag +62 54/38/38/48/31; 
ttag +63 90/88/75/89/72; 
ttag +64 99/99/95/100/94; 
ttag +65 99/99/98/98/96; 
ttag +66 92/88/75/86/79; 
ttag +67 58/44/31/34/31; 
ttag +68 34/12/13/8/7; 
ttag +69 100/100/100/100/99; 
ttag +70 93/92/82/92/82; 
ttag +71 100/100/99/100/99; 
ttag +72 99/99/96/99/95; 
ttag +73 95/94/91/98/92; 
ttag +74 100/100/99/100/93; 
ttag +75 99/99/97/98/96; 
ttag +76 99/99/95/98/94; 
ttag +77 84/84/86/88/85; 
ttag +78 100/100/100/100/100; 
ttag +79 100/100/95/98/95; 
ttag +80 90/86/74/87/73; 
ttag +81 95/93/94/97/91; 
ttag +82 48/39/33/48/28; 
ttag +83 94/92/84/94/80; 
ttag +84 86/85/70/82/69; 
ttag +85 100/100/100/100/100; 
ttag +86 100/100/100/100/100; 
ttag +87 56/41/39/52/22; 
ttag +88 76/66/56/74/62; 
ttag +89 97/97/90/97/87; 
ttag +90 100/100/97/99/99; 
ttag +91 77/71/53/71/60; 
ttag +92 100/100/100/100/100; 
ttag +93 96/94/88/96/87; 
ttag +94 70/54/48/59/58; 
