tread
'Tree with tags' 
(0 (1 (2 3 (10 (8 9 (6 7 (4 5 )))(11 12 )))((13 14 )((15 16 )(17 ((18 19 )((20 21 )((22 23 )(24 25 )))))))(39 (26 (27 (28 (29 30 ))))(31 (((32 33 )(36 (37 38 )))(34 35 )))((40 41 )(42 (43 (45 (44 (46 47 ))))))))); 
ttag *!; 
ttag +49 ???; 
ttag +50 6; 
ttag +51 3; 
ttag +52 9; 
ttag +53 1; 
ttag +54 4; 
ttag +55 9; 
ttag +56 6; 
ttag +57 2; 
ttag +58 3; 
ttag +59 3; 
ttag +60 1; 
ttag +61 1; 
ttag +62 4; 
ttag +63 7; 
ttag +64 6; 
ttag +65 6; 
ttag +66 7; 
ttag +67 5; 
ttag +68 2; 
ttag +69 6; 
ttag +70 4; 
ttag +71 2; 
ttag +72 15; 
ttag +73 8; 
ttag +74 3; 
ttag +75 2; 
ttag +76 4; 
ttag +77 5; 
ttag +78 7; 
ttag +79 4; 
ttag +80 4; 
ttag +81 1; 
ttag +82 2; 
ttag +83 4; 
ttag +84 1; 
ttag +85 8; 
ttag +86 4; 
tread
'Tree with tags' 
(0 (((1 ((26 (27 (28 (29 30 ))))((39 (31 (((32 33 )(36 (37 38 )))(34 35 ))))((40 41 )(42 (43 (45 (44 (46 47 )))))))))((2 3 )(((7 (6 (4 5 )))(8 9 ))(10 (11 12 )))))((13 14 )((15 16 )(17 ((18 19 )((20 21 )((22 23 )(24 25 ))))))))); 
ttag *!; 
ttag +0 ////; 
ttag +1 ////; 
ttag +2 ////; 
ttag +3 ////; 
ttag +4 ////; 
ttag +5 ////; 
ttag +6 ////; 
ttag +7 ////; 
ttag +8 ////; 
ttag +9 ////; 
ttag +10 ////; 
ttag +11 ////; 
ttag +12 ////; 
ttag +13 ////; 
ttag +14 ////; 
ttag +15 ////; 
ttag +16 ////; 
ttag +17 ////; 
ttag +18 ////; 
ttag +19 ////; 
ttag +20 ////; 
ttag +21 ////; 
ttag +22 ////; 
ttag +23 ////; 
ttag +24 ////; 
ttag +25 ////; 
ttag +26 ////; 
ttag +27 ////; 
ttag +28 ////; 
ttag +29 ////; 
ttag +30 ////; 
ttag +31 ////; 
ttag +32 ////; 
ttag +33 ////; 
ttag +34 ////; 
ttag +35 ////; 
ttag +36 ////; 
ttag +37 ////; 
ttag +38 ////; 
ttag +39 ////; 
ttag +40 ////; 
ttag +41 ////; 
ttag +42 ////; 
ttag +43 ////; 
ttag +44 ////; 
ttag +45 ////; 
ttag +46 ////; 
ttag +47 ////; 
ttag +48 ////; 
ttag +49 18/[23]/?/?/?; 
ttag +50 26/[14]/?/?/?; 
ttag +51 100/100/100/100/100; 
ttag +52 64/43/18/29/30; 
ttag +53 98/98/94/98/93; 
ttag +54 94/92/84/90/84; 
ttag +55 28/[12]/?/?/?; 
ttag +56 100/100/100/100/99; 
ttag +57 41/12/11/19/14; 
ttag +58 96/96/94/94/92; 
ttag +59 26/8/9/?/5; 
ttag +60 70/60/43/48/44; 
ttag +61 100/100/99/100/100; 
ttag +62 99/99/99/99/98; 
ttag +63 60/53/35/56/42; 
ttag +64 95/94/93/94/93; 
ttag +65 85/78/63/80/72; 
ttag +66 64/50/40/46/41; 
ttag +67 59/44/45/46/48; 
ttag +68 92/90/80/91/91; 
ttag +69 99/99/100/100/100; 
ttag +70 99/99/91/98/93; 
ttag +71 100/100/99/99/96; 
ttag +72 96/96/91/97/93; 
ttag +73 97/97/91/97/96; 
ttag +74 84/76/81/78/83; 
ttag +75 98/98/96/96/94; 
ttag +76 94/93/90/98/89; 
ttag +77 80/72/54/72/56; 
ttag +78 100/100/100/100/100; 
ttag +79 100/100/98/99/99; 
ttag +80 24/[23]/?/?/?; 
ttag +81 43/23/26/28/14; 
ttag +82 89/86/65/87/67; 
ttag +83 76/70/60/70/59; 
ttag +84 84/78/78/79/69; 
ttag +85 99/99/99/99/98; 
ttag +86 99/99/98/99/97; 
ttag +87 92/90/80/90/74; 
ttag +88 95/94/87/93/84; 
ttag +89 89/86/86/82/78; 
ttag +90 84/78/69/76/69; 
ttag +91 92/89/82/94/88; 
ttag +92 51/19/7/39/17; 
ttag +93 99/99/99/100/98; 
ttag +94 79/72/65/80/69; 
