tread
'Tree with tags' 
(0 ((1 ((2 3 )(((4 5 )(6 7 ))(8 9 (10 (11 12 ))))))((13 14 )((17 ((15 16 )(18 (19 ((20 21 )((22 23 )(24 25 )))))))((26 (27 (28 (29 30 ))))((39 (31 ((32 33 )(34 35 )(36 (37 38 )))))(40 (41 (42 (43 ((44 45 )(46 47 )))))))))))); 
ttag *!; 
ttag +49 2; 
ttag +50 ???; 
ttag +51 6; 
ttag +52 4; 
ttag +53 7; 
ttag +54 2; 
ttag +55 1; 
ttag +56 2; 
ttag +57 2; 
ttag +58 8; 
ttag +59 7; 
ttag +60 11; 
ttag +61 1; 
ttag +62 8; 
ttag +63 1; 
ttag +64 10; 
ttag +65 3; 
ttag +66 1; 
ttag +67 1; 
ttag +68 10; 
ttag +69 8; 
ttag +70 6; 
ttag +71 8; 
ttag +72 4; 
ttag +73 6; 
ttag +74 6; 
ttag +75 1; 
ttag +76 12; 
ttag +77 4; 
ttag +78 1; 
ttag +79 1; 
ttag +80 5; 
ttag +81 5; 
ttag +82 6; 
ttag +83 4; 
ttag +84 9; 
ttag +85 11; 
ttag +86 5; 
ttag +87 1; 
ttag +88 6; 
ttag +89 2; 
ttag +90 7; 
ttag +91 3; 
ttag +92 2; 
tread
'Tree with tags' 
(0 ((1 ((2 3 )(((4 5 )(6 7 ))(8 (9 (10 (11 12 )))))))((13 14 )((17 ((15 16 )(18 (19 ((20 21 )((22 23 )(24 25 )))))))((26 (27 (28 (29 30 ))))((39 (31 ((32 33 )((34 35 )(36 (37 38 ))))))(40 (41 (42 (43 ((44 45 )(46 47 )))))))))))); 
ttag *!; 
ttag +0 ////; 
ttag +1 ////; 
ttag +2 ////; 
ttag +3 ////; 
ttag +4 ////; 
ttag +5 ////; 
ttag +6 ////; 
ttag +7 ////; 
ttag +8 ////; 
ttag +9 ////; 
ttag +10 ////; 
ttag +11 ////; 
ttag +12 ////; 
ttag +13 ////; 
ttag +14 ////; 
ttag +15 ////; 
ttag +16 ////; 
ttag +17 ////; 
ttag +18 ////; 
ttag +19 ////; 
ttag +20 ////; 
ttag +21 ////; 
ttag +22 ////; 
ttag +23 ////; 
ttag +24 ////; 
ttag +25 ////; 
ttag +26 ////; 
ttag +27 ////; 
ttag +28 ////; 
ttag +29 ////; 
ttag +30 ////; 
ttag +31 ////; 
ttag +32 ////; 
ttag +33 ////; 
ttag +34 ////; 
ttag +35 ////; 
ttag +36 ////; 
ttag +37 ////; 
ttag +38 ////; 
ttag +39 ////; 
ttag +40 ////; 
ttag +41 ////; 
ttag +42 ////; 
ttag +43 ////; 
ttag +44 ////; 
ttag +45 ////; 
ttag +46 ////; 
ttag +47 ////; 
ttag +48 ////; 
ttag +49 49/42/28/41/29; 
ttag +50 100/100/100/100/100; 
ttag +51 99/99/96/99/92; 
ttag +52 72/66/45/75/57; 
ttag +53 98/98/99/98/97; 
ttag +54 70/59/66/66/61; 
ttag +55 64/51/49/46/44; 
ttag +56 57/42/42/41/38; 
ttag +57 68/52/40/52/43; 
ttag +58 26/2/?/0/?; 
ttag +59 99/99/97/99/96; 
ttag +60 100/100/98/98/98; 
ttag +61 100/100/100/100/100; 
ttag +62 41/28/22/34/32; 
ttag +63 100/100/99/100/99; 
ttag +64 40/0/2/?/?; 
ttag +65 98/96/98/99/96; 
ttag +66 74/68/53/70/60; 
ttag +67 64/55/40/40/37; 
ttag +68 53/34/31/27/22; 
ttag +69 100/100/100/100/100; 
ttag +70 99/99/98/100/98; 
ttag +71 96/95/94/97/97; 
ttag +72 100/100/97/99/99; 
ttag +73 94/92/78/83/75; 
ttag +74 95/94/93/96/90; 
ttag +75 88/84/77/91/74; 
ttag +76 45/21/24/24/14; 
ttag +77 99/99/100/100/100; 
ttag +78 97/97/94/94/93; 
ttag +79 61/55/48/53/42; 
ttag +80 51/42/37/47/39; 
ttag +81 97/97/93/96/93; 
ttag +82 98/97/96/99/95; 
ttag +83 98/98/96/98/96; 
ttag +84 99/99/97/97/99; 
ttag +85 34/4/?/5/?; 
ttag +86 100/100/100/100/100; 
ttag +87 100/100/100/100/100; 
ttag +88 94/92/84/95/85; 
ttag +89 40/17/12/18/7; 
ttag +90 99/98/97/98/94; 
ttag +91 54/20/24/31/21; 
ttag +92 99/98/97/98/97; 
ttag +93 77/65/69/68/62; 
ttag +94 72/64/66/61/60; 
