tread
'Tree with tags' 
(0 (1 (((((2 3 )(((7 (6 (4 5 )))(10 (11 12 )))(8 9 )))(13 14 ))((26 (27 (28 (29 30 ))))((31 (((32 33 )(36 (37 38 )))(34 35 )))(39 (40 41 (42 43 ((44 45 )(46 47 ))))))))((17 (15 16 ))(18 (19 ((20 21 )((22 23 )(24 25 ))))))))); 
ttag *!; 
ttag +49 ???; 
ttag +50 9; 
ttag +51 7; 
ttag +52 2; 
ttag +53 2; 
ttag +54 2; 
ttag +55 12; 
ttag +56 1; 
ttag +57 5; 
ttag +58 1; 
ttag +59 5; 
ttag +60 2; 
ttag +61 2; 
ttag +62 11; 
ttag +63 8; 
ttag +64 8; 
ttag +65 2; 
ttag +66 5; 
ttag +67 3; 
ttag +68 1; 
ttag +69 6; 
ttag +70 3; 
ttag +71 6; 
ttag +72 7; 
ttag +73 3; 
ttag +74 4; 
ttag +75 5; 
ttag +76 4; 
ttag +77 6; 
ttag +78 15; 
ttag +79 8; 
ttag +80 5; 
ttag +81 2; 
ttag +82 2; 
ttag +83 6; 
ttag +84 4; 
ttag +85 13; 
ttag +86 14; 
ttag +87 1; 
ttag +88 5; 
ttag +89 4; 
ttag +90 6; 
ttag +91 8; 
ttag +92 6; 
tread
'Tree with tags' 
(0 (1 (((((2 3 )(((7 (6 (4 5 )))(10 (11 12 )))(8 9 )))(13 14 ))((26 (27 (28 (29 30 ))))((31 (((32 33 )(36 (37 38 )))(34 35 )))(39 ((40 41 )(42 (43 ((44 45 )(46 47 )))))))))((17 (15 16 ))(18 (19 ((20 21 )((22 23 )(24 25 ))))))))); 
ttag *!; 
ttag +0 ////; 
ttag +1 ////; 
ttag +2 ////; 
ttag +3 ////; 
ttag +4 ////; 
ttag +5 ////; 
ttag +6 ////; 
ttag +7 ////; 
ttag +8 ////; 
ttag +9 ////; 
ttag +10 ////; 
ttag +11 ////; 
ttag +12 ////; 
ttag +13 ////; 
ttag +14 ////; 
ttag +15 ////; 
ttag +16 ////; 
ttag +17 ////; 
ttag +18 ////; 
ttag +19 ////; 
ttag +20 ////; 
ttag +21 ////; 
ttag +22 ////; 
ttag +23 ////; 
ttag +24 ////; 
ttag +25 ////; 
ttag +26 ////; 
ttag +27 ////; 
ttag +28 ////; 
ttag +29 ////; 
ttag +30 ////; 
ttag +31 ////; 
ttag +32 ////; 
ttag +33 ////; 
ttag +34 ////; 
ttag +35 ////; 
ttag +36 ////; 
ttag +37 ////; 
ttag +38 ////; 
ttag +39 ////; 
ttag +40 ////; 
ttag +41 ////; 
ttag +42 ////; 
ttag +43 ////; 
ttag +44 ////; 
ttag +45 ////; 
ttag +46 ////; 
ttag +47 ////; 
ttag +48 ////; 
ttag +49 100/100/100/100/100; 
ttag +50 99/99/94/98/94; 
ttag +51 92/91/84/92/83; 
ttag +52 36/17/5/20/?; 
ttag +53 38/21/6/24/1; 
ttag +54 36/19/6/24/1; 
ttag +55 99/99/97/100/98; 
ttag +56 60/52/39/53/33; 
ttag +57 91/90/83/91/83; 
ttag +58 34/6/5/12/9; 
ttag +59 84/80/68/82/66; 
ttag +60 48/39/31/44/23; 
ttag +61 68/54/49/62/46; 
ttag +62 100/100/99/100/99; 
ttag +63 100/100/98/100/100; 
ttag +64 99/99/99/100/99; 
ttag +65 54/29/5/29/3; 
ttag +66 93/92/80/90/86; 
ttag +67 78/72/60/74/64; 
ttag +68 38/27/21/29/13; 
ttag +69 100/100/100/100/99; 
ttag +70 70/66/51/62/50; 
ttag +71 99/99/94/99/96; 
ttag +72 96/96/93/98/90; 
ttag +73 80/69/58/74/56; 
ttag +74 94/94/94/96/91; 
ttag +75 84/82/73/86/79; 
ttag +76 93/90/86/93/84; 
ttag +77 99/99/99/99/99; 
ttag +78 100/100/100/100/100; 
ttag +79 99/98/96/98/97; 
ttag +80 95/94/89/94/82; 
ttag +81 71/64/60/67/54; 
ttag +82 75/69/57/70/56; 
ttag +83 98/97/92/97/91; 
ttag +84 89/87/85/93/84; 
ttag +85 100/100/100/100/99; 
ttag +86 100/100/100/100/100; 
ttag +87 58/36/48/36/20; 
ttag +88 55/28/14/32/24; 
ttag +89 95/95/90/96/86; 
ttag +90 88/85/70/84/73; 
ttag +91 26/[15]/?/?/?; 
ttag +92 100/100/98/99/98; 
ttag +93 98/98/96/100/98; 
ttag +94 98/98/88/99/96; 
