tread
'Tree with tags' 
(0 ((1 ((2 3 )(((4 5 )(6 7 ))(8 9 (10 (11 12 ))))))((13 14 )((15 16 )(17 (18 (19 ((20 21 )((22 23 )(24 25 ))))))))(39 (26 (27 (28 (29 30 ))))(31 ((32 33 )(34 35 )(36 (37 38 ))))(40 41 (42 (43 (46 (47 (44 45 ))))))))); 
ttag *!; 
ttag +49 1; 
ttag +50 ???; 
ttag +51 12; 
ttag +52 7; 
ttag +53 3; 
ttag +54 8; 
ttag +55 3; 
ttag +56 2; 
ttag +57 3; 
ttag +58 6; 
ttag +59 2; 
ttag +60 8; 
ttag +61 2; 
ttag +62 8; 
ttag +63 4; 
ttag +64 5; 
ttag +65 9; 
ttag +66 3; 
ttag +67 6; 
ttag +68 7; 
ttag +69 9; 
ttag +70 6; 
ttag +71 1; 
ttag +72 6; 
ttag +73 5; 
ttag +74 1; 
ttag +75 4; 
ttag +76 5; 
ttag +77 5; 
ttag +78 2; 
ttag +79 1; 
ttag +80 4; 
ttag +81 8; 
ttag +82 1; 
ttag +83 6; 
ttag +84 8; 
ttag +85 5; 
ttag +86 7; 
ttag +87 1; 
ttag +88 4; 
tread
'Tree with tags' 
(0 ((1 ((2 3 )(((4 5 )(6 7 ))(9 (8 (10 (11 12 )))))))(((13 14 )((15 16 )(17 (18 (19 ((20 21 )((22 23 )(24 25 ))))))))(((39 (26 (27 (28 (29 30 )))))(41 (40 (42 (43 (46 (47 (44 45 ))))))))(31 (((32 33 )(36 (37 38 )))(34 35 ))))))); 
ttag *!; 
ttag +0 ////; 
ttag +1 ////; 
ttag +2 ////; 
ttag +3 ////; 
ttag +4 ////; 
ttag +5 ////; 
ttag +6 ////; 
ttag +7 ////; 
ttag +8 ////; 
ttag +9 ////; 
ttag +10 ////; 
ttag +11 ////; 
ttag +12 ////; 
ttag +13 ////; 
ttag +14 ////; 
ttag +15 ////; 
ttag +16 ////; 
ttag +17 ////; 
ttag +18 ////; 
ttag +19 ////; 
ttag +20 ////; 
ttag +21 ////; 
ttag +22 ////; 
ttag +23 ////; 
ttag +24 ////; 
ttag +25 ////; 
ttag +26 ////; 
ttag +27 ////; 
ttag +28 ////; 
ttag +29 ////; 
ttag +30 ////; 
ttag +31 ////; 
ttag +32 ////; 
ttag +33 ////; 
ttag +34 ////; 
ttag +35 ////; 
ttag +36 ////; 
ttag +37 ////; 
ttag +38 ////; 
ttag +39 ////; 
ttag +40 ////; 
ttag +41 ////; 
ttag +42 ////; 
ttag +43 ////; 
ttag +44 ////; 
ttag +45 ////; 
ttag +46 ////; 
ttag +47 ////; 
ttag +48 ////; 
ttag +49 59/46/31/52/33; 
ttag +50 100/100/100/100/100; 
ttag +51 100/100/100/100/100; 
ttag +52 98/98/94/98/96; 
ttag +53 94/92/92/94/89; 
ttag +54 100/100/100/100/98; 
ttag +55 88/87/80/90/75; 
ttag +56 83/76/74/77/77; 
ttag +57 28/1/?/?/?; 
ttag +58 73/67/53/70/52; 
ttag +59 99/98/96/98/96; 
ttag +60 66/47/52/60/42; 
ttag +61 100/100/99/98/98; 
ttag +62 84/82/72/77/76; 
ttag +63 49/29/28/40/33; 
ttag +64 100/100/99/100/99; 
ttag +65 93/92/87/90/83; 
ttag +66 98/98/98/98/98; 
ttag +67 100/100/100/99/99; 
ttag +68 94/92/82/86/78; 
ttag +69 98/98/100/99/99; 
ttag +70 99/99/98/98/99; 
ttag +71 99/99/98/100/99; 
ttag +72 96/95/90/97/92; 
ttag +73 64/48/41/46/40; 
ttag +74 99/99/99/99/98; 
ttag +75 44/13/16/10/9; 
ttag +76 52/21/26/22/20; 
ttag +77 93/92/90/92/83; 
ttag +78 76/67/57/72/57; 
ttag +79 92/88/90/92/88; 
ttag +80 100/100/99/99/98; 
ttag +81 97/97/94/97/96; 
ttag +82 86/82/74/86/70; 
ttag +83 30/14/11/6/4; 
ttag +84 53/43/35/35/27; 
ttag +85 96/96/95/94/92; 
ttag +86 100/100/98/100/99; 
ttag +87 59/36/42/50/41; 
ttag +88 62/38/24/25/27; 
ttag +89 97/96/94/99/91; 
ttag +90 100/100/99/100/100; 
ttag +91 96/96/89/98/94; 
ttag +92 100/100/97/100/98; 
ttag +93 61/37/31/40/34; 
ttag +94 92/91/85/95/87; 
