tread
'Tree with tags' 
(0 (1 ((2 3 )(6 7 (4 5 ))(8 (9 (10 (11 12 )))))((13 14 )(((15 16 )(17 ((18 19 )((20 21 )((22 23 )(24 25 ))))))((26 (27 (28 (29 30 ))))(39 (31 ((32 33 )((34 35 )(36 (37 38 )))))(40 (41 (42 43 (44 45 )(46 47 )))))))))); 
ttag *!; 
ttag +49 ???; 
ttag +50 8; 
ttag +51 6; 
ttag +52 3; 
ttag +53 5; 
ttag +54 2; 
ttag +55 1; 
ttag +56 4; 
ttag +57 9; 
ttag +58 9; 
ttag +59 4; 
ttag +60 7; 
ttag +61 5; 
ttag +62 2; 
ttag +63 1; 
ttag +64 1; 
ttag +65 6; 
ttag +66 7; 
ttag +67 5; 
ttag +68 8; 
ttag +69 10; 
ttag +70 3; 
ttag +71 7; 
ttag +72 5; 
ttag +73 4; 
ttag +74 5; 
ttag +75 8; 
ttag +76 5; 
ttag +77 8; 
ttag +78 3; 
ttag +79 5; 
ttag +80 2; 
ttag +81 4; 
ttag +82 8; 
ttag +83 10; 
ttag +84 4; 
ttag +85 1; 
ttag +86 8; 
ttag +87 5; 
ttag +88 2; 
tread
'Tree with tags' 
(0 ((1 ((2 3 )(((4 5 )(6 7 ))(8 (9 (10 (11 12 )))))))((13 14 )(((15 16 )(17 ((18 19 )((20 21 )((22 23 )(24 25 ))))))((26 (27 (28 (29 30 ))))(39 ((31 ((32 33 )((34 35 )(36 (37 38 )))))(40 (41 (43 (42 ((44 45 )(46 47 ))))))))))))); 
ttag *!; 
ttag +0 ////; 
ttag +1 ////; 
ttag +2 ////; 
ttag +3 ////; 
ttag +4 ////; 
ttag +5 ////; 
ttag +6 ////; 
ttag +7 ////; 
ttag +8 ////; 
ttag +9 ////; 
ttag +10 ////; 
ttag +11 ////; 
ttag +12 ////; 
ttag +13 ////; 
ttag +14 ////; 
ttag +15 ////; 
ttag +16 ////; 
ttag +17 ////; 
ttag +18 ////; 
ttag +19 ////; 
ttag +20 ////; 
ttag +21 ////; 
ttag +22 ////; 
ttag +23 ////; 
ttag +24 ////; 
ttag +25 ////; 
ttag +26 ////; 
ttag +27 ////; 
ttag +28 ////; 
ttag +29 ////; 
ttag +30 ////; 
ttag +31 ////; 
ttag +32 ////; 
ttag +33 ////; 
ttag +34 ////; 
ttag +35 ////; 
ttag +36 ////; 
ttag +37 ////; 
ttag +38 ////; 
ttag +39 ////; 
ttag +40 ////; 
ttag +41 ////; 
ttag +42 ////; 
ttag +43 ////; 
ttag +44 ////; 
ttag +45 ////; 
ttag +46 ////; 
ttag +47 ////; 
ttag +48 ////; 
ttag +49 56/36/13/25/15; 
ttag +50 100/100/100/100/100; 
ttag +51 99/98/96/100/96; 
ttag +52 99/98/95/98/92; 
ttag +53 87/83/84/88/81; 
ttag +54 94/94/89/96/88; 
ttag +55 28/[20]/?/?/?; 
ttag +56 45/19/4/?/20; 
ttag +57 77/68/58/69/60; 
ttag +58 53/26/22/37/17; 
ttag +59 91/89/86/92/82; 
ttag +60 100/100/100/100/99; 
ttag +61 100/100/100/100/99; 
ttag +62 91/89/79/90/70; 
ttag +63 99/99/98/98/96; 
ttag +64 96/95/91/94/82; 
ttag +65 74/67/58/68/49; 
ttag +66 44/25/32/23/31; 
ttag +67 39/2/6/0/6; 
ttag +68 98/97/92/98/89; 
ttag +69 100/100/97/100/95; 
ttag +70 96/95/93/96/92; 
ttag +71 99/99/99/100/99; 
ttag +72 100/100/100/100/100; 
ttag +73 88/82/70/81/71; 
ttag +74 100/100/98/100/100; 
ttag +75 99/99/96/99/97; 
ttag +76 94/92/90/97/92; 
ttag +77 99/99/98/100/97; 
ttag +78 100/100/99/100/98; 
ttag +79 95/95/91/97/85; 
ttag +80 32/[3]/?/?/3; 
ttag +81 100/100/98/100/98; 
ttag +82 87/81/75/79/73; 
ttag +83 98/98/93/96/91; 
ttag +84 84/80/70/75/69; 
ttag +85 97/97/94/96/95; 
ttag +86 100/100/98/100/99; 
ttag +87 99/99/100/100/99; 
ttag +88 88/84/74/90/79; 
ttag +89 39/0/?/7/?; 
ttag +90 16/[21]/?/?/?; 
ttag +91 99/99/98/100/99; 
ttag +92 97/97/92/98/95; 
ttag +93 42/4/9/?/12; 
ttag +94 73/66/64/63/54; 
