tread
'Tree with tags' 
(0 ((1 (13 14 ))(((2 3 )((7 (6 (4 5 )))(8 (9 (10 (11 12 ))))))(((15 16 )(17 (18 (19 ((20 21 )((22 23 )(24 25 )))))))((26 (27 (28 (29 30 ))))((31 (((32 33 )(34 35 ))(36 (37 38 ))))(39 ((40 41 )(42 (43 ((44 45 )(46 47 )))))))))))); 
ttag *!; 
ttag +49 2; 
ttag +50 ???; 
ttag +51 9; 
ttag +52 6; 
ttag +53 1; 
ttag +54 7; 
ttag +55 1; 
ttag +56 9; 
ttag +57 3; 
ttag +58 2; 
ttag +59 1; 
ttag +60 8; 
ttag +61 9; 
ttag +62 7; 
ttag +63 16; 
ttag +64 4; 
ttag +65 1; 
ttag +66 3; 
ttag +67 5; 
ttag +68 3; 
ttag +69 4; 
ttag +70 7; 
ttag +71 12; 
ttag +72 7; 
ttag +73 2; 
ttag +74 2; 
ttag +75 6; 
ttag +76 2; 
ttag +77 2; 
ttag +78 6; 
ttag +79 9; 
ttag +80 12; 
ttag +81 6; 
ttag +82 1; 
ttag +83 4; 
ttag +84 1; 
ttag +85 5; 
ttag +86 7; 
ttag +87 2; 
ttag +88 4; 
ttag +89 14; 
ttag +90 8; 
ttag +91 7; 
ttag +92 4; 
ttag +93 2; 
ttag +94 2; 
tread
'Tree with tags' 
(0 ((1 (13 14 ))(((2 3 )((7 (6 (4 5 )))(8 (9 (10 (11 12 ))))))(((15 16 )(17 (18 (19 ((20 21 )((22 23 )(24 25 )))))))((26 (27 (28 (29 30 ))))((31 (((32 33 )(34 35 ))(36 (37 38 ))))(39 ((40 41 )(42 (43 ((44 45 )(46 47 )))))))))))); 
ttag *!; 
ttag +0 ////; 
ttag +1 ////; 
ttag +2 ////; 
ttag +3 ////; 
ttag +4 ////; 
ttag +5 ////; 
ttag +6 ////; 
ttag +7 ////; 
ttag +8 ////; 
ttag +9 ////; 
ttag +10 ////; 
ttag +11 ////; 
ttag +12 ////; 
ttag +13 ////; 
ttag +14 ////; 
ttag +15 ////; 
ttag +16 ////; 
ttag +17 ////; 
ttag +18 ////; 
ttag +19 ////; 
ttag +20 ////; 
ttag +21 ////; 
ttag +22 ////; 
ttag +23 ////; 
ttag +24 ////; 
ttag +25 ////; 
ttag +26 ////; 
ttag +27 ////; 
ttag +28 ////; 
ttag +29 ////; 
ttag +30 ////; 
ttag +31 ////; 
ttag +32 ////; 
ttag +33 ////; 
ttag +34 ////; 
ttag +35 ////; 
ttag +36 ////; 
ttag +37 ////; 
ttag +38 ////; 
ttag +39 ////; 
ttag +40 ////; 
ttag +41 ////; 
ttag +42 ////; 
ttag +43 ////; 
ttag +44 ////; 
ttag +45 ////; 
ttag +46 ////; 
ttag +47 ////; 
ttag +48 ////; 
ttag +49 58/42/36/35/34; 
ttag +50 100/100/100/100/100; 
ttag +51 99/99/97/100/97; 
ttag +52 96/94/90/97/88; 
ttag +53 31/15/8/17/6; 
ttag +54 100/100/98/98/97; 
ttag +55 62/48/37/52/44; 
ttag +56 99/99/96/98/98; 
ttag +57 79/70/58/76/65; 
ttag +58 71/68/54/67/54; 
ttag +59 52/33/26/40/32; 
ttag +60 99/99/99/99/98; 
ttag +61 100/100/98/100/100; 
ttag +62 99/98/97/99/97; 
ttag +63 100/100/100/100/100; 
ttag +64 79/69/62/72/66; 
ttag +65 48/36/36/32/25; 
ttag +66 90/89/84/90/79; 
ttag +67 96/95/90/95/88; 
ttag +68 91/89/86/89/82; 
ttag +69 98/98/99/98/99; 
ttag +70 98/98/99/98/96; 
ttag +71 100/100/100/100/100; 
ttag +72 99/99/96/99/98; 
ttag +73 71/61/59/70/56; 
ttag +74 65/60/50/60/49; 
ttag +75 98/97/90/96/90; 
ttag +76 67/57/34/54/42; 
ttag +77 71/61/60/71/52; 
ttag +78 94/93/82/96/85; 
ttag +79 99/99/96/99/94; 
ttag +80 100/100/100/100/99; 
ttag +81 99/99/95/99/96; 
ttag +82 49/26/18/31/31; 
ttag +83 78/70/56/79/62; 
ttag +84 48/25/18/35/30; 
ttag +85 85/79/66/85/67; 
ttag +86 96/95/88/97/90; 
ttag +87 68/58/42/54/33; 
ttag +88 94/92/82/92/84; 
ttag +89 99/99/97/100/97; 
ttag +90 100/100/95/100/96; 
ttag +91 100/100/96/100/96; 
ttag +92 92/90/83/95/89; 
ttag +93 70/55/52/66/56; 
ttag +94 79/71/74/78/70; 
