tread
'Tree with tags' 
(0 ((1 ((2 3 )(((4 5 )(6 7 ))(8 9 (10 (11 12 ))))))(13 14 )(((15 16 )(17 (18 19 ((20 21 )((22 23 )(24 25 ))))))((26 (27 (28 (29 30 ))))((31 (((32 33 )(34 35 ))(36 (37 38 ))))(39 (40 41 (42 (43 ((44 45 )(46 47 ))))))))))); 
ttag *!; 
ttag +49 1; 
ttag +50 ???; 
ttag +51 5; 
ttag +52 7; 
ttag +53 1; 
ttag +54 4; 
ttag +55 2; 
ttag +56 3; 
ttag +57 1; 
ttag +58 9; 
ttag +59 2; 
ttag +60 7; 
ttag +61 14; 
ttag +62 2; 
ttag +63 1; 
ttag +64 3; 
ttag +65 4; 
ttag +66 6; 
ttag +67 9; 
ttag +68 8; 
ttag +69 3; 
ttag +70 1; 
ttag +71 11; 
ttag +72 7; 
ttag +73 2; 
ttag +74 8; 
ttag +75 11; 
ttag +76 9; 
ttag +77 3; 
ttag +78 6; 
ttag +79 1; 
ttag +80 1; 
ttag +81 7; 
ttag +82 11; 
ttag +83 10; 
ttag +84 3; 
ttag +85 12; 
ttag +86 4; 
ttag +87 4; 
ttag +88 9; 
ttag +89 8; 
ttag +90 5; 
tread
'Tree with tags' 
(0 ((1 ((2 3 )(((4 5 )(6 7 ))(8 (9 (10 (11 12 )))))))((13 14 )(((15 16 )(17 (18 (19 ((20 21 )((22 23 )(24 25 )))))))((26 (27 (28 (29 30 ))))((31 (((32 33 )(34 35 ))(36 (37 38 ))))(39 ((40 41 )(42 (43 ((44 45 )(46 47 )))))))))))); 
ttag *!; 
ttag +0 ////; 
ttag +1 ////; 
ttag +2 ////; 
ttag +3 ////; 
ttag +4 ////; 
ttag +5 ////; 
ttag +6 ////; 
ttag +7 ////; 
ttag +8 ////; 
ttag +9 ////; 
ttag +10 ////; 
ttag +11 ////; 
ttag +12 ////; 
ttag +13 ////; 
ttag +14 ////; 
ttag +15 ////; 
ttag +16 ////; 
ttag +17 ////; 
ttag +18 ////; 
ttag +19 ////; 
ttag +20 ////; 
ttag +21 ////; 
ttag +22 ////; 
ttag +23 ////; 
ttag +24 ////; 
ttag +25 ////; 
ttag +26 ////; 
ttag +27 ////; 
ttag +28 ////; 
ttag +29 ////; 
ttag +30 ////; 
ttag +31 ////; 
ttag +32 ////; 
ttag +33 ////; 
ttag +34 ////; 
ttag +35 ////; 
ttag +36 ////; 
ttag +37 ////; 
ttag +38 ////; 
ttag +39 ////; 
ttag +40 ////; 
ttag +41 ////; 
ttag +42 ////; 
ttag +43 ////; 
ttag +44 ////; 
ttag +45 ////; 
ttag +46 ////; 
ttag +47 ////; 
ttag +48 ////; 
ttag +49 28/12/14/17/25; 
ttag +50 100/100/100/100/100; 
ttag +51 96/95/84/94/84; 
ttag +52 98/98/95/98/96; 
ttag +53 66/48/50/47/40; 
ttag +54 95/94/86/94/85; 
ttag +55 79/69/69/72/60; 
ttag +56 84/81/77/89/74; 
ttag +57 62/54/48/64/54; 
ttag +58 31/9/?/?/2; 
ttag +59 99/99/100/100/100; 
ttag +60 81/74/70/78/68; 
ttag +61 100/100/100/100/100; 
ttag +62 0/[16]/?/?/?; 
ttag +63 100/100/100/100/100; 
ttag +64 65/56/54/65/46; 
ttag +65 23/7/7/20/4; 
ttag +66 83/81/71/86/76; 
ttag +67 86/81/63/76/62; 
ttag +68 32/6/5/?/?; 
ttag +69 100/100/100/100/99; 
ttag +70 100/100/99/100/100; 
ttag +71 99/99/98/100/99; 
ttag +72 92/91/88/94/86; 
ttag +73 47/31/15/26/24; 
ttag +74 100/100/99/100/98; 
ttag +75 100/100/96/98/95; 
ttag +76 62/46/41/57/41; 
ttag +77 99/99/99/100/98; 
ttag +78 100/100/100/100/100; 
ttag +79 99/98/98/99/97; 
ttag +80 84/81/70/79/69; 
ttag +81 98/98/95/98/96; 
ttag +82 51/39/30/31/28; 
ttag +83 72/60/50/54/49; 
ttag +84 100/100/94/99/96; 
ttag +85 100/100/99/100/99; 
ttag +86 100/100/100/100/100; 
ttag +87 80/76/70/81/68; 
ttag +88 32/[6]/?/?/?; 
ttag +89 100/100/98/100/98; 
ttag +90 97/96/95/98/94; 
ttag +91 95/94/92/96/92; 
ttag +92 100/100/100/100/100; 
ttag +93 99/99/98/99/98; 
ttag +94 98/98/89/96/90; 
