tread
'Tree with tags' 
(0 ((1 ((2 3 )((6 (7 (4 5 )))((8 9 )(10 (11 12 ))))))((13 14 )(((15 16 )(17 (18 (19 ((20 21 )(24 25 (22 23 )))))))((26 27 (28 (29 30 )))(39 (31 ((32 33 )((34 35 )(36 (37 38 )))))((40 41 )(42 43 (46 47 (44 45 )))))))))); 
ttag *!; 
ttag +49 2; 
ttag +50 ???; 
ttag +51 2; 
ttag +52 13; 
ttag +53 9; 
ttag +54 1; 
ttag +55 8; 
ttag +56 1; 
ttag +57 3; 
ttag +58 1; 
ttag +59 7; 
ttag +60 4; 
ttag +61 8; 
ttag +62 4; 
ttag +63 10; 
ttag +64 2; 
ttag +65 1; 
ttag +66 3; 
ttag +67 8; 
ttag +68 2; 
ttag +69 5; 
ttag +70 7; 
ttag +71 15; 
ttag +72 5; 
ttag +73 8; 
ttag +74 4; 
ttag +75 3; 
ttag +76 10; 
ttag +77 4; 
ttag +78 4; 
ttag +79 4; 
ttag +80 9; 
ttag +81 3; 
ttag +82 4; 
ttag +83 9; 
ttag +84 10; 
ttag +85 3; 
ttag +86 7; 
ttag +87 4; 
ttag +88 9; 
ttag +89 6; 
tread
'Tree with tags' 
(0 ((1 ((2 3 )((6 (7 (4 5 )))((8 9 )(10 (11 12 ))))))((13 14 )(((15 16 )(17 (18 (19 ((20 21 )(24 (25 (22 23 ))))))))((27 (26 (28 (29 30 ))))((31 ((32 33 )((34 35 )(36 (37 38 )))))(39 ((40 41 )(42 (43 (46 (47 (44 45 ))))))))))))); 
ttag *!; 
ttag +0 ////; 
ttag +1 ////; 
ttag +2 ////; 
ttag +3 ////; 
ttag +4 ////; 
ttag +5 ////; 
ttag +6 ////; 
ttag +7 ////; 
ttag +8 ////; 
ttag +9 ////; 
ttag +10 ////; 
ttag +11 ////; 
ttag +12 ////; 
ttag +13 ////; 
ttag +14 ////; 
ttag +15 ////; 
ttag +16 ////; 
ttag +17 ////; 
ttag +18 ////; 
ttag +19 ////; 
ttag +20 ////; 
ttag +21 ////; 
ttag +22 ////; 
ttag +23 ////; 
ttag +24 ////; 
ttag +25 ////; 
ttag +26 ////; 
ttag +27 ////; 
ttag +28 ////; 
ttag +29 ////; 
ttag +30 ////; 
ttag +31 ////; 
ttag +32 ////; 
ttag +33 ////; 
ttag +34 ////; 
ttag +35 ////; 
ttag +36 ////; 
ttag +37 ////; 
ttag +38 ////; 
ttag +39 ////; 
ttag +40 ////; 
ttag +41 ////; 
ttag +42 ////; 
ttag +43 ////; 
ttag +44 ////; 
ttag +45 ////; 
ttag +46 ////; 
ttag +47 ////; 
ttag +48 ////; 
ttag +49 73/72/54/72/60; 
ttag +50 100/100/100/100/100; 
ttag +51 69/62/51/61/36; 
ttag +52 100/100/98/100/99; 
ttag +53 100/100/98/98/97; 
ttag +54 61/38/14/36/31; 
ttag +55 98/98/96/100/95; 
ttag +56 46/35/23/35/31; 
ttag +57 88/86/83/83/80; 
ttag +58 60/47/46/53/41; 
ttag +59 99/99/98/99/98; 
ttag +60 94/91/80/92/86; 
ttag +61 100/100/97/99/100; 
ttag +62 90/89/82/95/86; 
ttag +63 100/100/100/100/99; 
ttag +64 68/47/36/45/21; 
ttag +65 69/60/57/72/60; 
ttag +66 90/88/70/80/75; 
ttag +67 100/100/97/99/98; 
ttag +68 78/66/48/59/52; 
ttag +69 99/99/100/98/100; 
ttag +70 98/97/93/96/90; 
ttag +71 100/100/100/100/100; 
ttag +72 29/[10]/?/?/?; 
ttag +73 95/94/87/94/86; 
ttag +74 39/8/5/6/4; 
ttag +75 100/100/98/99/97; 
ttag +76 88/80/71/86/68; 
ttag +77 90/86/80/87/83; 
ttag +78 100/100/100/100/100; 
ttag +79 92/90/72/86/78; 
ttag +80 95/94/92/96/94; 
ttag +81 97/96/89/94/90; 
ttag +82 100/100/98/99/96; 
ttag +83 90/86/82/92/81; 
ttag +84 95/93/83/93/86; 
ttag +85 100/100/100/100/98; 
ttag +86 100/100/99/100/100; 
ttag +87 50/37/28/35/26; 
ttag +88 95/94/94/93/92; 
ttag +89 96/94/90/96/87; 
ttag +90 93/90/86/90/85; 
ttag +91 27/[6]/?/?/?; 
ttag +92 100/100/97/100/98; 
ttag +93 42/8/?/3/1; 
ttag +94 100/100/96/100/98; 
