tread
'Tree with tags' 
(0 (1 ((2 3 )(((4 5 )(6 7 ))((8 9 )(10 (11 12 )))))(13 14 )((15 16 )(17 (18 (19 ((20 21 )((22 23 )(24 25 )))))))((26 (27 (28 (29 30 ))))(39 ((31 ((32 33 )((34 35 )(36 (37 38 )))))((40 41 )(42 (43 (46 47 (44 45 )))))))))); 
ttag *!; 
ttag +49 ???; 
ttag +50 13; 
ttag +51 3; 
ttag +52 3; 
ttag +53 6; 
ttag +54 2; 
ttag +55 6; 
ttag +56 2; 
ttag +57 2; 
ttag +58 4; 
ttag +59 6; 
ttag +60 10; 
ttag +61 10; 
ttag +62 6; 
ttag +63 1; 
ttag +64 5; 
ttag +65 3; 
ttag +66 3; 
ttag +67 6; 
ttag +68 9; 
ttag +69 6; 
ttag +70 4; 
ttag +71 6; 
ttag +72 6; 
ttag +73 2; 
ttag +74 7; 
ttag +75 6; 
ttag +76 6; 
ttag +77 1; 
ttag +78 1; 
ttag +79 5; 
ttag +80 3; 
ttag +81 4; 
ttag +82 1; 
ttag +83 8; 
ttag +84 6; 
ttag +85 1; 
ttag +86 3; 
ttag +87 8; 
ttag +88 4; 
ttag +89 4; 
ttag +90 6; 
tread
'Tree with tags' 
(0 (1 (((2 3 )(((4 5 )(6 7 ))((8 9 )(10 (11 12 )))))((13 14 )(((15 16 )(17 (18 (19 ((20 21 )((22 23 )(24 25 )))))))((26 (27 (28 (29 30 ))))(39 ((31 ((32 33 )((34 35 )(36 (37 38 )))))((40 41 )(42 (43 (47 (46 (44 45 )))))))))))))); 
ttag *!; 
ttag +0 ////; 
ttag +1 ////; 
ttag +2 ////; 
ttag +3 ////; 
ttag +4 ////; 
ttag +5 ////; 
ttag +6 ////; 
ttag +7 ////; 
ttag +8 ////; 
ttag +9 ////; 
ttag +10 ////; 
ttag +11 ////; 
ttag +12 ////; 
ttag +13 ////; 
ttag +14 ////; 
ttag +15 ////; 
ttag +16 ////; 
ttag +17 ////; 
ttag +18 ////; 
ttag +19 ////; 
ttag +20 ////; 
ttag +21 ////; 
ttag +22 ////; 
ttag +23 ////; 
ttag +24 ////; 
ttag +25 ////; 
ttag +26 ////; 
ttag +27 ////; 
ttag +28 ////; 
ttag +29 ////; 
ttag +30 ////; 
ttag +31 ////; 
ttag +32 ////; 
ttag +33 ////; 
ttag +34 ////; 
ttag +35 ////; 
ttag +36 ////; 
ttag +37 ////; 
ttag +38 ////; 
ttag +39 ////; 
ttag +40 ////; 
ttag +41 ////; 
ttag +42 ////; 
ttag +43 ////; 
ttag +44 ////; 
ttag +45 ////; 
ttag +46 ////; 
ttag +47 ////; 
ttag +48 ////; 
ttag +49 100/100/100/100/100; 
ttag +50 100/100/100/100/100; 
ttag +51 91/86/72/78/73; 
ttag +52 48/33/38/32/28; 
ttag +53 84/78/77/84/76; 
ttag +54 98/98/97/99/99; 
ttag +55 75/59/62/66/64; 
ttag +56 99/99/95/98/97; 
ttag +57 79/71/71/83/62; 
ttag +58 84/78/70/84/75; 
ttag +59 90/88/87/90/84; 
ttag +60 98/98/97/97/97; 
ttag +61 98/98/98/100/99; 
ttag +62 16/[21]/?/?/?; 
ttag +63 100/100/99/100/98; 
ttag +64 94/93/88/97/90; 
ttag +65 25/[12]/1/?/?; 
ttag +66 73/64/60/62/60; 
ttag +67 93/91/85/92/86; 
ttag +68 83/80/71/81/68; 
ttag +69 97/97/95/93/96; 
ttag +70 99/98/91/96/93; 
ttag +71 100/100/100/100/99; 
ttag +72 96/95/96/98/95; 
ttag +73 94/93/84/92/74; 
ttag +74 97/96/90/97/92; 
ttag +75 96/95/90/99/94; 
ttag +76 74/68/68/68/60; 
ttag +77 99/99/96/99/98; 
ttag +78 99/99/96/99/99; 
ttag +79 98/98/96/99/95; 
ttag +80 42/16/10/10/16; 
ttag +81 73/63/70/60/64; 
ttag +82 98/98/95/96/97; 
ttag +83 93/91/86/90/83; 
ttag +84 96/95/95/95/94; 
ttag +85 66/64/57/54/57; 
ttag +86 100/100/98/100/98; 
ttag +87 99/98/92/97/94; 
ttag +88 66/55/51/52/50; 
ttag +89 90/89/77/88/75; 
ttag +90 96/95/87/98/90; 
ttag +91 90/85/71/83/68; 
ttag +92 94/92/84/92/82; 
ttag +93 41/15/8/13/9; 
ttag +94 99/99/95/97/93; 
