tread
'Tree with tags' 
(0 (1 ((2 3 )(8 9 (6 7 (4 5 ))(10 (11 12 ))))(13 14 )(17 (15 16 )(18 (19 ((20 21 )(24 25 (22 23 ))))))((26 (27 (28 (29 30 ))))(39 ((31 ((32 33 )((34 35 )(36 (37 38 )))))(40 (41 (42 (43 ((44 45 )(46 47 ))))))))))); 
ttag *!; 
ttag +49 ???; 
ttag +50 1; 
ttag +51 6; 
ttag +52 6; 
ttag +53 7; 
ttag +54 4; 
ttag +55 4; 
ttag +56 8; 
ttag +57 8; 
ttag +58 8; 
ttag +59 12; 
ttag +60 6; 
ttag +61 3; 
ttag +62 7; 
ttag +63 9; 
ttag +64 6; 
ttag +65 4; 
ttag +66 9; 
ttag +67 4; 
ttag +68 3; 
ttag +69 5; 
ttag +70 11; 
ttag +71 4; 
ttag +72 1; 
ttag +73 5; 
ttag +74 11; 
ttag +75 3; 
ttag +76 7; 
ttag +77 1; 
ttag +78 9; 
ttag +79 6; 
ttag +80 8; 
ttag +81 1; 
ttag +82 5; 
ttag +83 1; 
ttag +84 13; 
ttag +85 4; 
ttag +86 2; 
tread
'Tree with tags' 
(0 ((((1 ((15 16 )(17 (18 (19 ((20 21 )(24 (25 (22 23 )))))))))(13 14 ))((2 3 )((6 (7 (4 5 )))(8 (9 (10 (11 12 )))))))((26 (27 (28 (29 30 ))))(39 ((31 ((32 33 )((34 35 )(36 (37 38 )))))(40 (41 (42 (43 ((44 45 )(46 47 ))))))))))); 
ttag *!; 
ttag +0 ////; 
ttag +1 ////; 
ttag +2 ////; 
ttag +3 ////; 
ttag +4 ////; 
ttag +5 ////; 
ttag +6 ////; 
ttag +7 ////; 
ttag +8 ////; 
ttag +9 ////; 
ttag +10 ////; 
ttag +11 ////; 
ttag +12 ////; 
ttag +13 ////; 
ttag +14 ////; 
ttag +15 ////; 
ttag +16 ////; 
ttag +17 ////; 
ttag +18 ////; 
ttag +19 ////; 
ttag +20 ////; 
ttag +21 ////; 
ttag +22 ////; 
ttag +23 ////; 
ttag +24 ////; 
ttag +25 ////; 
ttag +26 ////; 
ttag +27 ////; 
ttag +28 ////; 
ttag +29 ////; 
ttag +30 ////; 
ttag +31 ////; 
ttag +32 ////; 
ttag +33 ////; 
ttag +34 ////; 
ttag +35 ////; 
ttag +36 ////; 
ttag +37 ////; 
ttag +38 ////; 
ttag +39 ////; 
ttag +40 ////; 
ttag +41 ////; 
ttag +42 ////; 
ttag +43 ////; 
ttag +44 ////; 
ttag +45 ////; 
ttag +46 ////; 
ttag +47 ////; 
ttag +48 ////; 
ttag +49 21/8/4/8/6; 
ttag +50 29/13/?/24/10; 
ttag +51 2/[23]/?/?/?; 
ttag +52 100/100/100/100/100; 
ttag +53 72/59/52/65/58; 
ttag +54 99/99/95/99/95; 
ttag +55 98/98/97/99/98; 
ttag +56 52/26/16/32/23; 
ttag +57 100/100/99/100/99; 
ttag +58 95/94/93/95/90; 
ttag +59 21/[11]/?/?/?; 
ttag +60 21/[2]/3/5/8; 
ttag +61 92/90/87/92/87; 
ttag +62 100/100/98/100/99; 
ttag +63 99/99/97/99/99; 
ttag +64 99/99/100/100/100; 
ttag +65 100/100/99/100/99; 
ttag +66 42/21/11/37/15; 
ttag +67 96/96/92/96/91; 
ttag +68 96/96/92/97/92; 
ttag +69 100/100/100/100/100; 
ttag +70 100/100/99/100/100; 
ttag +71 98/97/95/96/94; 
ttag +72 40/6/3/6/7; 
ttag +73 95/93/86/91/87; 
ttag +74 100/100/98/100/100; 
ttag +75 98/98/86/97/87; 
ttag +76 87/83/66/81/64; 
ttag +77 98/97/94/98/91; 
ttag +78 100/100/98/99/98; 
ttag +79 86/78/75/86/66; 
ttag +80 58/39/29/33/32; 
ttag +81 96/96/93/96/93; 
ttag +82 100/100/100/100/100; 
ttag +83 72/64/55/69/49; 
ttag +84 100/100/100/100/100; 
ttag +85 55/23/18/21/13; 
ttag +86 98/98/97/100/97; 
ttag +87 94/91/87/96/89; 
ttag +88 98/98/95/98/96; 
ttag +89 36/12/15/16/19; 
ttag +90 98/97/93/96/93; 
ttag +91 59/44/30/47/34; 
ttag +92 100/100/100/100/99; 
ttag +93 92/89/80/92/85; 
ttag +94 83/78/78/78/77; 
