tread
'Tree with tags' 
(0 (1 ((2 3 )(((4 5 )(6 7 ))((8 9 )(10 (11 12 )))))(13 14 )(17 (15 16 )(18 (19 ((20 21 )((22 23 )(24 25 ))))))((26 27 (28 (29 30 )))((31 ((32 33 )(34 35 )(36 (37 38 ))))(39 ((40 41 )(42 (43 ((44 45 )(46 47 )))))))))); 
ttag *!; 
ttag +49 ???; 
ttag +50 4; 
ttag +51 14; 
ttag +52 5; 
ttag +53 11; 
ttag +54 5; 
ttag +55 1; 
ttag +56 2; 
ttag +57 2; 
ttag +58 6; 
ttag +59 8; 
ttag +60 6; 
ttag +61 15; 
ttag +62 5; 
ttag +63 3; 
ttag +64 5; 
ttag +65 7; 
ttag +66 6; 
ttag +67 8; 
ttag +68 1; 
ttag +69 3; 
ttag +70 5; 
ttag +71 5; 
ttag +72 6; 
ttag +73 7; 
ttag +74 4; 
ttag +75 8; 
ttag +76 6; 
ttag +77 2; 
ttag +78 3; 
ttag +79 11; 
ttag +80 9; 
ttag +81 2; 
ttag +82 6; 
ttag +83 8; 
ttag +84 6; 
ttag +85 4; 
ttag +86 3; 
ttag +87 3; 
ttag +88 5; 
tread
'Tree with tags' 
(0 ((((1 ((2 3 )(((4 5 )(6 7 ))((8 9 )(10 (11 12 ))))))((27 (26 (28 (29 30 ))))((31 ((32 33 )((34 35 )(36 (37 38 )))))(39 ((40 41 )(42 (43 ((44 45 )(46 47 )))))))))(17 ((15 16 )(18 (19 ((20 21 )((22 23 )(24 25 ))))))))(13 14 ))); 
ttag *!; 
ttag +0 ////; 
ttag +1 ////; 
ttag +2 ////; 
ttag +3 ////; 
ttag +4 ////; 
ttag +5 ////; 
ttag +6 ////; 
ttag +7 ////; 
ttag +8 ////; 
ttag +9 ////; 
ttag +10 ////; 
ttag +11 ////; 
ttag +12 ////; 
ttag +13 ////; 
ttag +14 ////; 
ttag +15 ////; 
ttag +16 ////; 
ttag +17 ////; 
ttag +18 ////; 
ttag +19 ////; 
ttag +20 ////; 
ttag +21 ////; 
ttag +22 ////; 
ttag +23 ////; 
ttag +24 ////; 
ttag +25 ////; 
ttag +26 ////; 
ttag +27 ////; 
ttag +28 ////; 
ttag +29 ////; 
ttag +30 ////; 
ttag +31 ////; 
ttag +32 ////; 
ttag +33 ////; 
ttag +34 ////; 
ttag +35 ////; 
ttag +36 ////; 
ttag +37 ////; 
ttag +38 ////; 
ttag +39 ////; 
ttag +40 ////; 
ttag +41 ////; 
ttag +42 ////; 
ttag +43 ////; 
ttag +44 ////; 
ttag +45 ////; 
ttag +46 ////; 
ttag +47 ////; 
ttag +48 ////; 
ttag +49 25/4/?/1/?; 
ttag +50 7/[13]/?/?/?; 
ttag +51 1/[18]/?/?/?; 
ttag +52 100/100/100/100/100; 
ttag +53 97/97/96/98/93; 
ttag +54 100/100/100/100/100; 
ttag +55 97/96/98/99/95; 
ttag +56 100/100/99/100/98; 
ttag +57 84/80/73/88/76; 
ttag +58 49/35/28/36/27; 
ttag +59 70/60/44/54/47; 
ttag +60 80/78/66/78/64; 
ttag +61 94/93/90/96/89; 
ttag +62 99/99/97/100/98; 
ttag +63 99/99/96/99/98; 
ttag +64 100/100/100/100/100; 
ttag +65 35/8/3/4/?; 
ttag +66 91/90/71/92/74; 
ttag +67 78/73/59/78/64; 
ttag +68 88/83/73/90/81; 
ttag +69 99/99/98/100/100; 
ttag +70 91/88/84/89/85; 
ttag +71 100/100/100/99/98; 
ttag +72 52/22/21/40/34; 
ttag +73 88/81/70/83/73; 
ttag +74 36/[7]/?/?/0; 
ttag +75 96/96/90/96/85; 
ttag +76 90/88/75/90/71; 
ttag +77 98/96/90/98/95; 
ttag +78 99/99/97/98/99; 
ttag +79 97/96/92/96/92; 
ttag +80 97/96/95/98/94; 
ttag +81 99/99/96/100/98; 
ttag +82 70/62/52/66/50; 
ttag +83 96/96/93/96/94; 
ttag +84 27/[2]/?/?/?; 
ttag +85 100/100/100/100/99; 
ttag +86 100/100/99/100/96; 
ttag +87 64/51/47/52/42; 
ttag +88 96/95/93/98/92; 
ttag +89 96/96/96/99/94; 
ttag +90 100/100/98/98/95; 
ttag +91 92/88/84/94/84; 
ttag +92 88/84/70/81/70; 
ttag +93 85/78/78/81/73; 
ttag +94 96/96/97/98/97; 
