tread
'Tree with tags' 
(0 ((1 ((2 3 )(((4 5 )(6 7 ))((8 9 )(10 (11 12 ))))))(((13 14 )(((26 27 )(28 (29 30 )))(39 ((31 ((32 33 )(34 (35 (36 (37 38 ))))))((40 41 )(42 (43 ((44 45 )(46 47 )))))))))(17 (15 16 )(18 (19 ((20 21 )((22 23 )(24 25 ))))))))); 
ttag *!; 
ttag +49 1; 
ttag +50 ???; 
ttag +51 6; 
ttag +52 8; 
ttag +53 3; 
ttag +54 2; 
ttag +55 1; 
ttag +56 5; 
ttag +57 2; 
ttag +58 1; 
ttag +59 5; 
ttag +60 5; 
ttag +61 6; 
ttag +62 1; 
ttag +63 1; 
ttag +64 8; 
ttag +65 7; 
ttag +66 2; 
ttag +67 6; 
ttag +68 5; 
ttag +69 15; 
ttag +70 6; 
ttag +71 3; 
ttag +72 6; 
ttag +73 1; 
ttag +74 7; 
ttag +75 8; 
ttag +76 5; 
ttag +77 8; 
ttag +78 3; 
ttag +79 1; 
ttag +80 4; 
ttag +81 6; 
ttag +82 6; 
ttag +83 1; 
ttag +84 1; 
ttag +85 8; 
ttag +86 8; 
ttag +87 5; 
ttag +88 10; 
ttag +89 9; 
ttag +90 5; 
ttag +91 7; 
ttag +92 6; 
ttag +93 3; 
tread
'Tree with tags' 
(0 ((1 ((2 3 )(((4 5 )(6 7 ))((8 9 )(10 (11 12 ))))))(((13 14 )(((26 27 )(28 (29 30 )))(39 ((31 ((32 33 )(34 (35 (36 (37 38 ))))))((40 41 )(42 (43 ((44 45 )(46 47 )))))))))((17 (15 16 ))(18 (19 ((20 21 )((22 23 )(24 25 ))))))))); 
ttag *!; 
ttag +0 ////; 
ttag +1 ////; 
ttag +2 ////; 
ttag +3 ////; 
ttag +4 ////; 
ttag +5 ////; 
ttag +6 ////; 
ttag +7 ////; 
ttag +8 ////; 
ttag +9 ////; 
ttag +10 ////; 
ttag +11 ////; 
ttag +12 ////; 
ttag +13 ////; 
ttag +14 ////; 
ttag +15 ////; 
ttag +16 ////; 
ttag +17 ////; 
ttag +18 ////; 
ttag +19 ////; 
ttag +20 ////; 
ttag +21 ////; 
ttag +22 ////; 
ttag +23 ////; 
ttag +24 ////; 
ttag +25 ////; 
ttag +26 ////; 
ttag +27 ////; 
ttag +28 ////; 
ttag +29 ////; 
ttag +30 ////; 
ttag +31 ////; 
ttag +32 ////; 
ttag +33 ////; 
ttag +34 ////; 
ttag +35 ////; 
ttag +36 ////; 
ttag +37 ////; 
ttag +38 ////; 
ttag +39 ////; 
ttag +40 ////; 
ttag +41 ////; 
ttag +42 ////; 
ttag +43 ////; 
ttag +44 ////; 
ttag +45 ////; 
ttag +46 ////; 
ttag +47 ////; 
ttag +48 ////; 
ttag +49 59/41/39/42/48; 
ttag +50 100/100/100/100/100; 
ttag +51 97/96/91/98/93; 
ttag +52 98/98/96/98/95; 
ttag +53 92/89/84/87/83; 
ttag +54 77/71/56/72/64; 
ttag +55 62/48/54/51/48; 
ttag +56 97/96/88/94/91; 
ttag +57 85/78/84/82/70; 
ttag +58 62/47/52/61/41; 
ttag +59 97/96/95/99/94; 
ttag +60 97/96/92/96/92; 
ttag +61 99/99/98/99/97; 
ttag +62 65/50/38/44/45; 
ttag +63 50/32/31/31/33; 
ttag +64 100/100/100/99/97; 
ttag +65 30/[14]/?/?/?; 
ttag +66 100/100/96/98/95; 
ttag +67 91/88/81/86/80; 
ttag +68 99/99/98/98/98; 
ttag +69 100/100/99/99/99; 
ttag +70 100/100/100/100/100; 
ttag +71 99/98/95/98/96; 
ttag +72 80/72/69/81/78; 
ttag +73 98/97/93/99/94; 
ttag +74 60/48/42/47/44; 
ttag +75 98/97/93/97/94; 
ttag +76 99/99/95/98/94; 
ttag +77 98/98/94/98/94; 
ttag +78 100/100/99/100/98; 
ttag +79 90/89/78/88/77; 
ttag +80 54/39/31/43/32; 
ttag +81 93/93/88/96/88; 
ttag +82 98/98/96/98/94; 
ttag +83 97/96/90/93/84; 
ttag +84 52/41/24/31/31; 
ttag +85 50/23/11/18/10; 
ttag +86 99/98/96/98/95; 
ttag +87 96/96/98/98/90; 
ttag +88 95/94/88/94/88; 
ttag +89 100/100/97/96/96; 
ttag +90 98/97/96/99/93; 
ttag +91 91/88/70/86/74; 
ttag +92 99/99/94/98/94; 
ttag +93 90/87/69/88/73; 
ttag +94 92/91/82/88/80; 
