tread
'Tree with tags' 
(0 ((1 (((2 3 )(8 (9 (10 (11 12 )))))((4 5 )(6 7 ))))(13 14 )(17 (15 16 )(18 (19 ((20 21 )((22 23 )(24 25 ))))))((26 (27 (28 (29 30 ))))((31 (((32 33 )(34 35 ))(36 (37 38 ))))(39 ((40 41 )(42 (43 (46 47 (44 45 )))))))))); 
ttag *!; 
ttag +49 3; 
ttag +50 ???; 
ttag +51 6; 
ttag +52 2; 
ttag +53 10; 
ttag +54 3; 
ttag +55 7; 
ttag +56 4; 
ttag +57 2; 
ttag +58 1; 
ttag +59 6; 
ttag +60 10; 
ttag +61 12; 
ttag +62 14; 
ttag +63 5; 
ttag +64 2; 
ttag +65 3; 
ttag +66 6; 
ttag +67 4; 
ttag +68 7; 
ttag +69 4; 
ttag +70 1; 
ttag +71 1; 
ttag +72 2; 
ttag +73 2; 
ttag +74 2; 
ttag +75 13; 
ttag +76 5; 
ttag +77 8; 
ttag +78 9; 
ttag +79 1; 
ttag +80 10; 
ttag +81 4; 
ttag +82 10; 
ttag +83 5; 
ttag +84 2; 
ttag +85 4; 
ttag +86 4; 
ttag +87 12; 
ttag +88 2; 
ttag +89 7; 
ttag +90 10; 
tread
'Tree with tags' 
(0 ((((1 (((2 3 )(8 (9 (10 (11 12 )))))((4 5 )(6 7 ))))((15 16 )(17 (18 (19 ((20 21 )((22 23 )(24 25 ))))))))((26 (27 (28 (29 30 ))))((31 (((32 33 )(34 35 ))(36 (37 38 ))))(39 ((40 41 )(42 (43 (46 (47 (44 45 ))))))))))(13 14 ))); 
ttag *!; 
ttag +0 ////; 
ttag +1 ////; 
ttag +2 ////; 
ttag +3 ////; 
ttag +4 ////; 
ttag +5 ////; 
ttag +6 ////; 
ttag +7 ////; 
ttag +8 ////; 
ttag +9 ////; 
ttag +10 ////; 
ttag +11 ////; 
ttag +12 ////; 
ttag +13 ////; 
ttag +14 ////; 
ttag +15 ////; 
ttag +16 ////; 
ttag +17 ////; 
ttag +18 ////; 
ttag +19 ////; 
ttag +20 ////; 
ttag +21 ////; 
ttag +22 ////; 
ttag +23 ////; 
ttag +24 ////; 
ttag +25 ////; 
ttag +26 ////; 
ttag +27 ////; 
ttag +28 ////; 
ttag +29 ////; 
ttag +30 ////; 
ttag +31 ////; 
ttag +32 ////; 
ttag +33 ////; 
ttag +34 ////; 
ttag +35 ////; 
ttag +36 ////; 
ttag +37 ////; 
ttag +38 ////; 
ttag +39 ////; 
ttag +40 ////; 
ttag +41 ////; 
ttag +42 ////; 
ttag +43 ////; 
ttag +44 ////; 
ttag +45 ////; 
ttag +46 ////; 
ttag +47 ////; 
ttag +48 ////; 
ttag +49 80/74/69/72/63; 
ttag +50 29/3/2/6/4; 
ttag +51 18/[8]/?/?/?; 
ttag +52 100/100/100/100/100; 
ttag +53 99/98/96/97/95; 
ttag +54 64/48/38/49/34; 
ttag +55 100/100/100/100/99; 
ttag +56 84/80/64/80/70; 
ttag +57 99/98/96/99/96; 
ttag +58 94/92/88/94/90; 
ttag +59 46/35/29/34/30; 
ttag +60 43/24/19/31/14; 
ttag +61 86/79/72/82/72; 
ttag +62 100/100/99/100/98; 
ttag +63 100/100/100/100/100; 
ttag +64 100/100/100/100/100; 
ttag +65 97/96/92/93/92; 
ttag +66 32/[8]/6/?/?; 
ttag +67 74/69/63/72/57; 
ttag +68 82/80/64/80/68; 
ttag +69 99/99/100/99/100; 
ttag +70 92/90/86/94/89; 
ttag +71 100/100/98/100/99; 
ttag +72 94/91/81/94/88; 
ttag +73 61/40/38/35/30; 
ttag +74 56/32/33/39/20; 
ttag +75 84/78/68/80/80; 
ttag +76 80/74/72/75/66; 
ttag +77 78/70/58/78/71; 
ttag +78 100/100/100/100/100; 
ttag +79 90/88/80/93/81; 
ttag +80 100/100/96/100/97; 
ttag +81 100/100/98/100/100; 
ttag +82 33/30/30/30/24; 
ttag +83 98/98/96/99/95; 
ttag +84 92/91/86/93/83; 
ttag +85 100/100/99/99/99; 
ttag +86 87/81/81/89/80; 
ttag +87 75/70/51/76/57; 
ttag +88 86/81/79/90/81; 
ttag +89 79/74/60/82/66; 
ttag +90 100/100/100/100/100; 
ttag +91 77/68/51/72/56; 
ttag +92 99/99/96/100/97; 
ttag +93 34/4/?/?/2; 
ttag +94 100/100/99/100/100; 
