tread
'Tree with tags' 
(0 ((1 ((2 3 )(8 9 ((4 5 )(6 7 ))(10 (11 12 )))))((13 14 )(17 (15 16 )(18 19 ((20 21 )((22 23 )(24 25 )))))((26 27 (28 (29 30 )))((39 (31 (((32 33 )(36 (37 38 )))(34 35 ))))((40 41 )(42 (43 ((44 45 )(46 47 )))))))))); 
ttag *!; 
ttag +49 1; 
ttag +50 ???; 
ttag +51 4; 
ttag +52 8; 
ttag +53 9; 
ttag +54 6; 
ttag +55 3; 
ttag +56 1; 
ttag +57 2; 
ttag +58 7; 
ttag +59 8; 
ttag +60 1; 
ttag +61 10; 
ttag +62 4; 
ttag +63 5; 
ttag +64 8; 
ttag +65 6; 
ttag +66 9; 
ttag +67 6; 
ttag +68 7; 
ttag +69 8; 
ttag +70 9; 
ttag +71 4; 
ttag +72 11; 
ttag +73 2; 
ttag +74 1; 
ttag +75 12; 
ttag +76 3; 
ttag +77 1; 
ttag +78 6; 
ttag +79 3; 
ttag +80 9; 
ttag +81 8; 
ttag +82 3; 
ttag +83 5; 
ttag +84 6; 
ttag +85 6; 
ttag +86 10; 
ttag +87 5; 
ttag +88 1; 
tread
'Tree with tags' 
(0 ((1 ((2 3 )(((4 5 )(6 7 ))(8 (9 (10 (11 12 )))))))((13 14 )(((15 16 )(17 (18 (19 ((20 21 )((22 23 )(24 25 )))))))((26 (27 (28 (29 30 ))))((39 (31 (((32 33 )(36 (37 38 )))(34 35 ))))((40 41 )(42 (43 ((44 45 )(46 47 ))))))))))); 
ttag *!; 
ttag +0 ////; 
ttag +1 ////; 
ttag +2 ////; 
ttag +3 ////; 
ttag +4 ////; 
ttag +5 ////; 
ttag +6 ////; 
ttag +7 ////; 
ttag +8 ////; 
ttag +9 ////; 
ttag +10 ////; 
ttag +11 ////; 
ttag +12 ////; 
ttag +13 ////; 
ttag +14 ////; 
ttag +15 ////; 
ttag +16 ////; 
ttag +17 ////; 
ttag +18 ////; 
ttag +19 ////; 
ttag +20 ////; 
ttag +21 ////; 
ttag +22 ////; 
ttag +23 ////; 
ttag +24 ////; 
ttag +25 ////; 
ttag +26 ////; 
ttag +27 ////; 
ttag +28 ////; 
ttag +29 ////; 
ttag +30 ////; 
ttag +31 ////; 
ttag +32 ////; 
ttag +33 ////; 
ttag +34 ////; 
ttag +35 ////; 
ttag +36 ////; 
ttag +37 ////; 
ttag +38 ////; 
ttag +39 ////; 
ttag +40 ////; 
ttag +41 ////; 
ttag +42 ////; 
ttag +43 ////; 
ttag +44 ////; 
ttag +45 ////; 
ttag +46 ////; 
ttag +47 ////; 
ttag +48 ////; 
ttag +49 44/30/16/21/20; 
ttag +50 100/100/100/100/100; 
ttag +51 82/79/75/85/81; 
ttag +52 100/100/99/100/99; 
ttag +53 100/100/99/100/99; 
ttag +54 99/99/96/98/97; 
ttag +55 68/62/62/71/56; 
ttag +56 64/45/45/53/40; 
ttag +57 24/7/16/1/14; 
ttag +58 20/3/0/?/8; 
ttag +59 58/46/36/40/37; 
ttag +60 100/100/99/99/100; 
ttag +61 99/99/99/100/98; 
ttag +62 45/31/18/30/21; 
ttag +63 99/99/100/100/100; 
ttag +64 94/94/77/94/84; 
ttag +65 48/33/26/31/26; 
ttag +66 54/33/33/25/20; 
ttag +67 98/98/95/98/96; 
ttag +68 44/21/21/22/24; 
ttag +69 100/100/100/100/99; 
ttag +70 98/98/96/99/95; 
ttag +71 100/100/99/100/100; 
ttag +72 98/97/94/98/96; 
ttag +73 100/100/98/99/98; 
ttag +74 98/98/95/99/96; 
ttag +75 100/100/97/99/98; 
ttag +76 31/[10]/?/?/?; 
ttag +77 92/89/87/95/86; 
ttag +78 100/100/100/100/100; 
ttag +79 55/37/32/46/39; 
ttag +80 47/29/20/33/24; 
ttag +81 99/99/100/100/100; 
ttag +82 97/97/90/88/89; 
ttag +83 48/38/36/38/25; 
ttag +84 92/90/84/89/80; 
ttag +85 88/87/80/83/74; 
ttag +86 100/100/99/100/99; 
ttag +87 100/100/100/99/98; 
ttag +88 73/62/56/70/64; 
ttag +89 91/89/84/92/88; 
ttag +90 98/97/92/98/96; 
ttag +91 95/95/89/96/90; 
ttag +92 100/100/99/100/99; 
ttag +93 98/97/96/98/95; 
ttag +94 55/28/12/30/25; 
