tread
'Tree with tags' 
(0 ((1 (8 9 (2 3 )((4 5 )(6 7 ))(10 (11 12 ))))(((13 14 )((15 16 )(17 (18 19 ((20 21 )((22 23 )(24 25 )))))))((26 (27 (28 (29 30 ))))(39 ((31 (((32 33 )(36 (37 38 )))(34 35 )))((40 41 )((42 43 )((44 45 )(46 47 )))))))))); 
ttag *!; 
ttag +49 1; 
ttag +50 ???; 
ttag +51 7; 
ttag +52 11; 
ttag +53 3; 
ttag +54 1; 
ttag +55 6; 
ttag +56 3; 
ttag +57 9; 
ttag +58 8; 
ttag +59 1; 
ttag +60 1; 
ttag +61 5; 
ttag +62 4; 
ttag +63 2; 
ttag +64 2; 
ttag +65 9; 
ttag +66 11; 
ttag +67 10; 
ttag +68 4; 
ttag +69 3; 
ttag +70 9; 
ttag +71 5; 
ttag +72 6; 
ttag +73 6; 
ttag +74 8; 
ttag +75 4; 
ttag +76 2; 
ttag +77 7; 
ttag +78 7; 
ttag +79 1; 
ttag +80 4; 
ttag +81 7; 
ttag +82 4; 
ttag +83 6; 
ttag +84 6; 
ttag +85 5; 
ttag +86 1; 
ttag +87 6; 
ttag +88 2; 
ttag +89 5; 
ttag +90 2; 
tread
'Tree with tags' 
(0 ((1 ((2 3 )((9 ((4 5 )(6 7 )))(8 (10 (11 12 ))))))(((13 14 )((15 16 )(17 (18 (19 ((20 21 )((22 23 )(24 25 ))))))))((26 (27 (28 (29 30 ))))(39 ((31 (((32 33 )(36 (37 38 )))(34 35 )))((40 41 )((42 43 )((44 45 )(46 47 )))))))))); 
ttag *!; 
ttag +0 ////; 
ttag +1 ////; 
ttag +2 ////; 
ttag +3 ////; 
ttag +4 ////; 
ttag +5 ////; 
ttag +6 ////; 
ttag +7 ////; 
ttag +8 ////; 
ttag +9 ////; 
ttag +10 ////; 
ttag +11 ////; 
ttag +12 ////; 
ttag +13 ////; 
ttag +14 ////; 
ttag +15 ////; 
ttag +16 ////; 
ttag +17 ////; 
ttag +18 ////; 
ttag +19 ////; 
ttag +20 ////; 
ttag +21 ////; 
ttag +22 ////; 
ttag +23 ////; 
ttag +24 ////; 
ttag +25 ////; 
ttag +26 ////; 
ttag +27 ////; 
ttag +28 ////; 
ttag +29 ////; 
ttag +30 ////; 
ttag +31 ////; 
ttag +32 ////; 
ttag +33 ////; 
ttag +34 ////; 
ttag +35 ////; 
ttag +36 ////; 
ttag +37 ////; 
ttag +38 ////; 
ttag +39 ////; 
ttag +40 ////; 
ttag +41 ////; 
ttag +42 ////; 
ttag +43 ////; 
ttag +44 ////; 
ttag +45 ////; 
ttag +46 ////; 
ttag +47 ////; 
ttag +48 ////; 
ttag +49 31/14/13/15/12; 
ttag +50 100/100/100/100/100; 
ttag +51 100/100/98/100/97; 
ttag +52 100/100/98/100/99; 
ttag +53 88/85/85/89/82; 
ttag +54 64/49/40/45/29; 
ttag +55 9/[22]/?/?/?; 
ttag +56 25/[4]/?/0/?; 
ttag +57 98/98/90/98/94; 
ttag +58 24/[3]/?/?/?; 
ttag +59 75/68/57/69/58; 
ttag +60 100/100/99/100/100; 
ttag +61 100/100/100/100/100; 
ttag +62 59/43/19/40/32; 
ttag +63 24/8/7/12/7; 
ttag +64 98/98/97/99/96; 
ttag +65 90/88/80/90/87; 
ttag +66 88/86/69/81/80; 
ttag +67 80/70/68/75/68; 
ttag +68 31/[5]/3/?/?; 
ttag +69 100/100/100/100/99; 
ttag +70 99/98/98/100/98; 
ttag +71 100/100/100/100/98; 
ttag +72 93/92/85/97/90; 
ttag +73 91/88/81/88/81; 
ttag +74 100/100/100/99/99; 
ttag +75 91/89/77/91/79; 
ttag +76 98/97/97/98/96; 
ttag +77 99/99/94/99/97; 
ttag +78 99/99/99/98/97; 
ttag +79 89/87/80/92/85; 
ttag +80 45/32/13/34/11; 
ttag +81 97/97/92/97/90; 
ttag +82 100/100/96/99/97; 
ttag +83 54/47/34/48/37; 
ttag +84 86/83/75/87/74; 
ttag +85 99/99/100/99/100; 
ttag +86 90/88/77/88/74; 
ttag +87 99/99/92/98/94; 
ttag +88 93/92/89/94/88; 
ttag +89 92/91/83/94/81; 
ttag +90 40/10/9/22/14; 
ttag +91 99/98/94/99/94; 
ttag +92 72/56/42/54/47; 
ttag +93 97/96/90/94/91; 
ttag +94 69/54/61/63/56; 
