tread
'Tree with tags' 
(0 (1 (((2 3 )((6 7 (4 5 ))((8 9 )(10 (11 12 )))))(((13 14 )(17 (18 19 ((20 21 )((22 23 )(24 25 ))))))((15 16 )((26 27 (28 (29 30 )))(39 (31 ((32 33 )((34 35 )(36 (37 38 )))))(40 41 (42 (43 ((44 45 )(46 47 )))))))))))); 
ttag *!; 
ttag +49 ???; 
ttag +50 8; 
ttag +51 3; 
ttag +52 1; 
ttag +53 1; 
ttag +54 4; 
ttag +55 4; 
ttag +56 1; 
ttag +57 2; 
ttag +58 2; 
ttag +59 10; 
ttag +60 11; 
ttag +61 1; 
ttag +62 2; 
ttag +63 12; 
ttag +64 1; 
ttag +65 3; 
ttag +66 3; 
ttag +67 5; 
ttag +68 1; 
ttag +69 6; 
ttag +70 1; 
ttag +71 3; 
ttag +72 1; 
ttag +73 6; 
ttag +74 5; 
ttag +75 9; 
ttag +76 5; 
ttag +77 1; 
ttag +78 10; 
ttag +79 6; 
ttag +80 5; 
ttag +81 2; 
ttag +82 10; 
ttag +83 6; 
ttag +84 1; 
ttag +85 8; 
ttag +86 4; 
ttag +87 11; 
ttag +88 4; 
ttag +89 2; 
tread
'Tree with tags' 
(0 (1 (((2 3 )((7 (6 (4 5 )))((8 9 )(10 (11 12 )))))(((13 14 )(17 (19 (18 ((20 21 )((22 23 )(24 25 )))))))((15 16 )(((26 27 )(28 (29 30 )))((39 (31 ((32 33 )((34 35 )(36 (37 38 ))))))((40 41 )(42 (43 ((44 45 )(46 47 )))))))))))); 
ttag *!; 
ttag +0 ////; 
ttag +1 ////; 
ttag +2 ////; 
ttag +3 ////; 
ttag +4 ////; 
ttag +5 ////; 
ttag +6 ////; 
ttag +7 ////; 
ttag +8 ////; 
ttag +9 ////; 
ttag +10 ////; 
ttag +11 ////; 
ttag +12 ////; 
ttag +13 ////; 
ttag +14 ////; 
ttag +15 ////; 
ttag +16 ////; 
ttag +17 ////; 
ttag +18 ////; 
ttag +19 ////; 
ttag +20 ////; 
ttag +21 ////; 
ttag +22 ////; 
ttag +23 ////; 
ttag +24 ////; 
ttag +25 ////; 
ttag +26 ////; 
ttag +27 ////; 
ttag +28 ////; 
ttag +29 ////; 
ttag +30 ////; 
ttag +31 ////; 
ttag +32 ////; 
ttag +33 ////; 
ttag +34 ////; 
ttag +35 ////; 
ttag +36 ////; 
ttag +37 ////; 
ttag +38 ////; 
ttag +39 ////; 
ttag +40 ////; 
ttag +41 ////; 
ttag +42 ////; 
ttag +43 ////; 
ttag +44 ////; 
ttag +45 ////; 
ttag +46 ////; 
ttag +47 ////; 
ttag +48 ////; 
ttag +49 100/100/100/100/100; 
ttag +50 100/100/98/99/97; 
ttag +51 78/74/63/64/55; 
ttag +52 74/70/47/62/46; 
ttag +53 47/22/40/44/38; 
ttag +54 18/[35]/?/?/?; 
ttag +55 95/94/86/94/84; 
ttag +56 96/95/85/95/90; 
ttag +57 59/42/34/37/42; 
ttag +58 78/72/63/72/65; 
ttag +59 89/85/76/88/78; 
ttag +60 100/100/100/100/100; 
ttag +61 100/100/99/100/99; 
ttag +62 40/22/10/21/13; 
ttag +63 38/22/17/27/23; 
ttag +64 100/100/98/100/100; 
ttag +65 24/6/4/2/4; 
ttag +66 80/77/60/76/62; 
ttag +67 12/[54]/?/?/?; 
ttag +68 80/72/56/66/54; 
ttag +69 100/100/100/100/99; 
ttag +70 56/42/45/38/47; 
ttag +71 98/98/97/100/96; 
ttag +72 45/27/25/34/32; 
ttag +73 84/78/66/77/68; 
ttag +74 42/17/3/14/5; 
ttag +75 78/74/72/75/72; 
ttag +76 97/96/91/98/96; 
ttag +77 96/95/90/96/94; 
ttag +78 100/100/100/100/98; 
ttag +79 97/97/94/99/92; 
ttag +80 46/20/15/10/14; 
ttag +81 71/62/61/69/58; 
ttag +82 100/100/100/100/100; 
ttag +83 98/97/94/100/94; 
ttag +84 100/100/99/99/99; 
ttag +85 88/88/80/84/80; 
ttag +86 100/100/100/100/99; 
ttag +87 98/98/94/97/91; 
ttag +88 39/20/21/24/18; 
ttag +89 58/42/41/38/43; 
ttag +90 99/99/98/99/98; 
ttag +91 98/97/91/96/94; 
ttag +92 100/100/100/100/100; 
ttag +93 89/85/73/85/68; 
ttag +94 74/66/60/64/64; 
