tread
'Tree with tags' 
(0 ((1 ((2 3 )(8 ((4 5 )(6 7 ))(9 (10 (11 12 ))))))((13 14 )(17 ((15 16 )(18 (19 ((20 21 )((22 23 )(24 25 )))))))((26 27 (28 (29 30 )))(39 (31 ((32 33 )((34 35 )(36 (37 38 )))))((40 41 )(43 (42 ((44 45 )(46 47 )))))))))); 
ttag *!; 
ttag +49 1; 
ttag +50 ???; 
ttag +51 4; 
ttag +52 12; 
ttag +53 11; 
ttag +54 6; 
ttag +55 8; 
ttag +56 3; 
ttag +57 2; 
ttag +58 4; 
ttag +59 7; 
ttag +60 3; 
ttag +61 1; 
ttag +62 16; 
ttag +63 1; 
ttag +64 4; 
ttag +65 2; 
ttag +66 3; 
ttag +67 8; 
ttag +68 2; 
ttag +69 10; 
ttag +70 6; 
ttag +71 4; 
ttag +72 5; 
ttag +73 7; 
ttag +74 7; 
ttag +75 6; 
ttag +76 6; 
ttag +77 9; 
ttag +78 3; 
ttag +79 8; 
ttag +80 4; 
ttag +81 2; 
ttag +82 7; 
ttag +83 7; 
ttag +84 3; 
ttag +85 9; 
ttag +86 2; 
ttag +87 7; 
ttag +88 8; 
ttag +89 9; 
ttag +90 4; 
tread
'Tree with tags' 
(0 ((1 ((2 3 )(((4 5 )(6 7 ))(8 (9 (10 (11 12 )))))))(((13 14 )(((26 27 )(28 (29 30 )))((31 ((32 33 )((34 35 )(36 (37 38 )))))(39 ((40 41 )(43 (42 ((44 45 )(46 47 )))))))))(17 ((15 16 )(18 (19 ((20 21 )((22 23 )(24 25 )))))))))); 
ttag *!; 
ttag +0 ////; 
ttag +1 ////; 
ttag +2 ////; 
ttag +3 ////; 
ttag +4 ////; 
ttag +5 ////; 
ttag +6 ////; 
ttag +7 ////; 
ttag +8 ////; 
ttag +9 ////; 
ttag +10 ////; 
ttag +11 ////; 
ttag +12 ////; 
ttag +13 ////; 
ttag +14 ////; 
ttag +15 ////; 
ttag +16 ////; 
ttag +17 ////; 
ttag +18 ////; 
ttag +19 ////; 
ttag +20 ////; 
ttag +21 ////; 
ttag +22 ////; 
ttag +23 ////; 
ttag +24 ////; 
ttag +25 ////; 
ttag +26 ////; 
ttag +27 ////; 
ttag +28 ////; 
ttag +29 ////; 
ttag +30 ////; 
ttag +31 ////; 
ttag +32 ////; 
ttag +33 ////; 
ttag +34 ////; 
ttag +35 ////; 
ttag +36 ////; 
ttag +37 ////; 
ttag +38 ////; 
ttag +39 ////; 
ttag +40 ////; 
ttag +41 ////; 
ttag +42 ////; 
ttag +43 ////; 
ttag +44 ////; 
ttag +45 ////; 
ttag +46 ////; 
ttag +47 ////; 
ttag +48 ////; 
ttag +49 60/46/36/53/41; 
ttag +50 100/100/100/100/100; 
ttag +51 89/84/69/88/74; 
ttag +52 100/100/100/100/100; 
ttag +53 100/100/99/100/99; 
ttag +54 97/96/88/98/93; 
ttag +55 99/99/90/98/91; 
ttag +56 93/92/84/93/80; 
ttag +57 33/[3]/?/?/?; 
ttag +58 75/69/46/74/55; 
ttag +59 94/92/87/93/88; 
ttag +60 99/99/99/99/100; 
ttag +61 97/94/92/96/95; 
ttag +62 28/0/13/6/7; 
ttag +63 36/21/18/24/18; 
ttag +64 100/100/100/100/100; 
ttag +65 44/24/24/23/14; 
ttag +66 93/92/86/92/88; 
ttag +67 74/66/55/66/50; 
ttag +68 79/71/66/72/60; 
ttag +69 99/99/99/100/99; 
ttag +70 82/74/51/70/66; 
ttag +71 100/100/99/100/100; 
ttag +72 97/96/90/98/94; 
ttag +73 97/96/91/96/96; 
ttag +74 30/[15]/1/5/?; 
ttag +75 97/96/91/97/92; 
ttag +76 99/99/92/99/96; 
ttag +77 99/98/98/99/97; 
ttag +78 100/100/99/99/100; 
ttag +79 99/98/96/99/96; 
ttag +80 100/100/98/99/99; 
ttag +81 85/82/72/85/75; 
ttag +82 100/100/98/99/98; 
ttag +83 97/96/91/96/92; 
ttag +84 88/86/69/80/76; 
ttag +85 99/99/93/98/96; 
ttag +86 99/98/98/98/98; 
ttag +87 27/4/8/?/7; 
ttag +88 73/60/54/78/64; 
ttag +89 99/99/98/100/98; 
ttag +90 62/51/43/60/49; 
ttag +91 99/99/99/100/97; 
ttag +92 100/100/99/100/99; 
ttag +93 98/98/95/100/96; 
ttag +94 94/92/91/94/92; 
