tread
'Tree with tags' 
(0 ((1 ((2 3 )(((4 5 )(6 7 ))((8 9 )(10 (11 12 ))))))(((13 14 )((15 16 )(17 (18 19 (((20 21 )(22 23 ))(24 25 ))))))((26 27 (28 (29 30 )))(39 (31 (((32 33 )(34 35 ))(36 (37 38 ))))(40 41 (42 43 ((44 45 )(46 47 ))))))))); 
ttag *!; 
ttag +49 3; 
ttag +50 ???; 
ttag +51 7; 
ttag +52 11; 
ttag +53 10; 
ttag +54 5; 
ttag +55 3; 
ttag +56 2; 
ttag +57 2; 
ttag +58 1; 
ttag +59 4; 
ttag +60 12; 
ttag +61 10; 
ttag +62 3; 
ttag +63 1; 
ttag +64 6; 
ttag +65 5; 
ttag +66 1; 
ttag +67 5; 
ttag +68 4; 
ttag +69 1; 
ttag +70 6; 
ttag +71 9; 
ttag +72 2; 
ttag +73 3; 
ttag +74 6; 
ttag +75 5; 
ttag +76 9; 
ttag +77 6; 
ttag +78 5; 
ttag +79 7; 
ttag +80 1; 
ttag +81 2; 
ttag +82 6; 
ttag +83 9; 
ttag +84 10; 
ttag +85 1; 
ttag +86 6; 
ttag +87 7; 
ttag +88 3; 
ttag +89 3; 
tread
'Tree with tags' 
(0 ((1 ((2 3 )(((4 5 )(6 7 ))((8 9 )(10 (11 12 ))))))(((13 14 )((15 16 )(17 (18 (19 (((20 21 )(22 23 ))(24 25 )))))))((26 (27 (28 (29 30 ))))((39 (31 (((32 33 )(34 35 ))(36 (37 38 )))))((40 41 )(42 (43 ((44 45 )(46 47 )))))))))); 
ttag *!; 
ttag +0 ////; 
ttag +1 ////; 
ttag +2 ////; 
ttag +3 ////; 
ttag +4 ////; 
ttag +5 ////; 
ttag +6 ////; 
ttag +7 ////; 
ttag +8 ////; 
ttag +9 ////; 
ttag +10 ////; 
ttag +11 ////; 
ttag +12 ////; 
ttag +13 ////; 
ttag +14 ////; 
ttag +15 ////; 
ttag +16 ////; 
ttag +17 ////; 
ttag +18 ////; 
ttag +19 ////; 
ttag +20 ////; 
ttag +21 ////; 
ttag +22 ////; 
ttag +23 ////; 
ttag +24 ////; 
ttag +25 ////; 
ttag +26 ////; 
ttag +27 ////; 
ttag +28 ////; 
ttag +29 ////; 
ttag +30 ////; 
ttag +31 ////; 
ttag +32 ////; 
ttag +33 ////; 
ttag +34 ////; 
ttag +35 ////; 
ttag +36 ////; 
ttag +37 ////; 
ttag +38 ////; 
ttag +39 ////; 
ttag +40 ////; 
ttag +41 ////; 
ttag +42 ////; 
ttag +43 ////; 
ttag +44 ////; 
ttag +45 ////; 
ttag +46 ////; 
ttag +47 ////; 
ttag +48 ////; 
ttag +49 62/52/40/54/36; 
ttag +50 100/100/100/100/100; 
ttag +51 98/98/96/98/92; 
ttag +52 99/99/98/99/97; 
ttag +53 100/100/98/100/98; 
ttag +54 87/82/77/88/74; 
ttag +55 69/58/49/57/45; 
ttag +56 67/51/42/48/36; 
ttag +57 61/56/50/52/50; 
ttag +58 49/38/34/35/28; 
ttag +59 70/58/56/60/51; 
ttag +60 100/100/100/100/99; 
ttag +61 100/100/100/100/99; 
ttag +62 68/58/42/54/37; 
ttag +63 40/29/18/36/13; 
ttag +64 99/98/99/98/94; 
ttag +65 89/87/76/90/74; 
ttag +66 64/49/40/52/46; 
ttag +67 94/90/84/91/82; 
ttag +68 53/28/23/20/9; 
ttag +69 97/97/98/99/99; 
ttag +70 45/7/24/25/18; 
ttag +71 99/99/97/99/96; 
ttag +72 99/99/99/99/99; 
ttag +73 64/46/56/56/48; 
ttag +74 90/88/84/92/82; 
ttag +75 96/95/89/91/88; 
ttag +76 30/[6]/?/?/?; 
ttag +77 94/92/83/94/84; 
ttag +78 100/100/100/99/100; 
ttag +79 96/96/92/98/92; 
ttag +80 38/9/5/10/4; 
ttag +81 97/96/99/99/97; 
ttag +82 100/100/99/100/100; 
ttag +83 59/43/37/49/39; 
ttag +84 85/81/66/80/64; 
ttag +85 99/99/97/99/98; 
ttag +86 100/100/99/100/99; 
ttag +87 100/100/97/100/96; 
ttag +88 40/15/17/17/21; 
ttag +89 62/52/49/53/49; 
ttag +90 100/100/98/99/98; 
ttag +91 20/[22]/?/?/?; 
ttag +92 100/100/99/99/98; 
ttag +93 92/90/89/87/81; 
ttag +94 94/94/93/94/96; 
