tread
'Tree with tags' 
(0 ((1 ((2 3 )((8 (9 ((4 5 )(6 7 ))))(10 (11 12 )))))(13 14 )((15 16 )(17 (18 19 ((20 21 )((22 23 )(24 25 ))))))((26 27 (28 (29 30 )))(39 ((31 ((32 33 )((34 35 )(36 (37 38 )))))((40 41 )(42 (43 ((44 45 )(46 47 )))))))))); 
ttag *!; 
ttag +49 1; 
ttag +50 ???; 
ttag +51 10; 
ttag +52 8; 
ttag +53 5; 
ttag +54 9; 
ttag +55 1; 
ttag +56 2; 
ttag +57 4; 
ttag +58 1; 
ttag +59 3; 
ttag +60 8; 
ttag +61 12; 
ttag +62 16; 
ttag +63 3; 
ttag +64 1; 
ttag +65 4; 
ttag +66 9; 
ttag +67 9; 
ttag +68 11; 
ttag +69 7; 
ttag +70 3; 
ttag +71 8; 
ttag +72 9; 
ttag +73 6; 
ttag +74 13; 
ttag +75 6; 
ttag +76 2; 
ttag +77 6; 
ttag +78 5; 
ttag +79 9; 
ttag +80 5; 
ttag +81 2; 
ttag +82 11; 
ttag +83 12; 
ttag +84 7; 
ttag +85 7; 
ttag +86 6; 
ttag +87 2; 
ttag +88 6; 
ttag +89 10; 
ttag +90 2; 
tread
'Tree with tags' 
(0 (((1 ((2 3 )((8 (9 ((4 5 )(6 7 ))))(10 (11 12 )))))((15 16 )(17 (18 (19 ((20 21 )((22 23 )(24 25 ))))))))((13 14 )((26 (27 (28 (29 30 ))))(39 ((31 ((32 33 )((34 35 )(36 (37 38 )))))((40 41 )(42 (43 ((44 45 )(46 47 ))))))))))); 
ttag *!; 
ttag +0 ////; 
ttag +1 ////; 
ttag +2 ////; 
ttag +3 ////; 
ttag +4 ////; 
ttag +5 ////; 
ttag +6 ////; 
ttag +7 ////; 
ttag +8 ////; 
ttag +9 ////; 
ttag +10 ////; 
ttag +11 ////; 
ttag +12 ////; 
ttag +13 ////; 
ttag +14 ////; 
ttag +15 ////; 
ttag +16 ////; 
ttag +17 ////; 
ttag +18 ////; 
ttag +19 ////; 
ttag +20 ////; 
ttag +21 ////; 
ttag +22 ////; 
ttag +23 ////; 
ttag +24 ////; 
ttag +25 ////; 
ttag +26 ////; 
ttag +27 ////; 
ttag +28 ////; 
ttag +29 ////; 
ttag +30 ////; 
ttag +31 ////; 
ttag +32 ////; 
ttag +33 ////; 
ttag +34 ////; 
ttag +35 ////; 
ttag +36 ////; 
ttag +37 ////; 
ttag +38 ////; 
ttag +39 ////; 
ttag +40 ////; 
ttag +41 ////; 
ttag +42 ////; 
ttag +43 ////; 
ttag +44 ////; 
ttag +45 ////; 
ttag +46 ////; 
ttag +47 ////; 
ttag +48 ////; 
ttag +49 43/24/15/29/19; 
ttag +50 12/[10]/?/?/?; 
ttag +51 100/100/100/100/100; 
ttag +52 100/100/100/100/98; 
ttag +53 98/97/96/99/94; 
ttag +54 94/93/88/96/88; 
ttag +55 99/99/95/98/98; 
ttag +56 45/34/17/28/22; 
ttag +57 61/54/32/55/34; 
ttag +58 84/80/62/79/69; 
ttag +59 62/40/26/26/16; 
ttag +60 77/70/49/72/63; 
ttag +61 99/99/100/99/99; 
ttag +62 100/100/100/100/100; 
ttag +63 6/[12]/?/?/?; 
ttag +64 100/100/100/100/100; 
ttag +65 81/72/54/73/52; 
ttag +66 86/84/77/82/73; 
ttag +67 95/93/90/95/86; 
ttag +68 42/7/2/10/7; 
ttag +69 100/100/100/100/100; 
ttag +70 100/100/95/99/97; 
ttag +71 100/100/100/100/100; 
ttag +72 99/99/96/99/95; 
ttag +73 90/88/82/88/84; 
ttag +74 100/100/98/99/97; 
ttag +75 98/98/93/98/94; 
ttag +76 53/31/30/28/28; 
ttag +77 98/97/95/99/95; 
ttag +78 100/100/100/100/100; 
ttag +79 99/99/95/99/95; 
ttag +80 80/76/61/78/59; 
ttag +81 90/88/83/95/79; 
ttag +82 98/98/94/98/95; 
ttag +83 99/99/96/99/96; 
ttag +84 97/96/91/98/91; 
ttag +85 89/88/80/89/80; 
ttag +86 99/99/97/99/98; 
ttag +87 100/100/99/100/98; 
ttag +88 98/96/91/98/94; 
ttag +89 97/97/94/98/92; 
ttag +90 96/95/90/96/90; 
ttag +91 68/50/42/60/37; 
ttag +92 96/94/87/97/90; 
ttag +93 98/98/96/99/97; 
ttag +94 68/56/50/64/50; 
