tread
'Tree with tags' 
(0 ((1 ((26 (27 (28 (29 30 ))))((31 ((32 33 )(34 35 )(36 (37 38 ))))(39 ((40 41 )(42 43 ((44 45 )(46 47 ))))))))((((2 3 )(((4 5 )(6 7 ))((8 9 )(10 (11 12 )))))(13 14 ))((15 16 )(17 (19 (18 ((20 21 )((22 23 )(24 25 )))))))))); 
ttag *!; 
ttag +49 2; 
ttag +50 ???; 
ttag +51 9; 
ttag +52 12; 
ttag +53 2; 
ttag +54 3; 
ttag +55 7; 
ttag +56 10; 
ttag +57 4; 
ttag +58 2; 
ttag +59 2; 
ttag +60 3; 
ttag +61 6; 
ttag +62 8; 
ttag +63 5; 
ttag +64 13; 
ttag +65 6; 
ttag +66 3; 
ttag +67 3; 
ttag +68 6; 
ttag +69 6; 
ttag +70 10; 
ttag +71 4; 
ttag +72 5; 
ttag +73 7; 
ttag +74 6; 
ttag +75 8; 
ttag +76 3; 
ttag +77 4; 
ttag +78 13; 
ttag +79 1; 
ttag +80 10; 
ttag +81 1; 
ttag +82 4; 
ttag +83 2; 
ttag +84 9; 
ttag +85 7; 
ttag +86 1; 
ttag +87 1; 
ttag +88 5; 
ttag +89 5; 
ttag +90 8; 
ttag +91 4; 
ttag +92 1; 
tread
'Tree with tags' 
(0 ((1 ((26 (27 (28 (29 30 ))))((31 (((32 33 )(34 35 ))(36 (37 38 ))))(39 ((40 41 )(42 (43 ((44 45 )(46 47 )))))))))((((2 3 )(((4 5 )(6 7 ))((8 9 )(10 (11 12 )))))(13 14 ))((15 16 )(17 (19 (18 ((20 21 )((22 23 )(24 25 )))))))))); 
ttag *!; 
ttag +0 ////; 
ttag +1 ////; 
ttag +2 ////; 
ttag +3 ////; 
ttag +4 ////; 
ttag +5 ////; 
ttag +6 ////; 
ttag +7 ////; 
ttag +8 ////; 
ttag +9 ////; 
ttag +10 ////; 
ttag +11 ////; 
ttag +12 ////; 
ttag +13 ////; 
ttag +14 ////; 
ttag +15 ////; 
ttag +16 ////; 
ttag +17 ////; 
ttag +18 ////; 
ttag +19 ////; 
ttag +20 ////; 
ttag +21 ////; 
ttag +22 ////; 
ttag +23 ////; 
ttag +24 ////; 
ttag +25 ////; 
ttag +26 ////; 
ttag +27 ////; 
ttag +28 ////; 
ttag +29 ////; 
ttag +30 ////; 
ttag +31 ////; 
ttag +32 ////; 
ttag +33 ////; 
ttag +34 ////; 
ttag +35 ////; 
ttag +36 ////; 
ttag +37 ////; 
ttag +38 ////; 
ttag +39 ////; 
ttag +40 ////; 
ttag +41 ////; 
ttag +42 ////; 
ttag +43 ////; 
ttag +44 ////; 
ttag +45 ////; 
ttag +46 ////; 
ttag +47 ////; 
ttag +48 ////; 
ttag +49 72/62/47/60/52; 
ttag +50 100/100/100/100/100; 
ttag +51 100/100/99/100/98; 
ttag +52 100/100/99/100/100; 
ttag +53 74/64/48/59/46; 
ttag +54 75/66/50/64/50; 
ttag +55 99/99/98/100/98; 
ttag +56 100/100/99/99/98; 
ttag +57 96/95/92/95/91; 
ttag +58 81/74/73/74/58; 
ttag +59 77/73/58/73/63; 
ttag +60 88/87/80/86/80; 
ttag +61 98/98/89/96/91; 
ttag +62 100/100/99/100/100; 
ttag +63 97/96/97/98/95; 
ttag +64 100/100/100/100/99; 
ttag +65 98/97/91/98/93; 
ttag +66 91/91/89/91/88; 
ttag +67 90/88/77/87/66; 
ttag +68 98/98/94/97/93; 
ttag +69 100/100/100/99/100; 
ttag +70 100/100/98/100/99; 
ttag +71 94/91/85/94/83; 
ttag +72 96/96/88/96/90; 
ttag +73 100/100/99/100/99; 
ttag +74 98/98/89/94/92; 
ttag +75 99/99/96/97/94; 
ttag +76 90/90/79/86/81; 
ttag +77 91/88/81/92/80; 
ttag +78 100/100/100/100/100; 
ttag +79 59/50/49/59/47; 
ttag +80 100/100/98/100/98; 
ttag +81 61/45/41/48/45; 
ttag +82 22/0/?/?/?; 
ttag +83 89/82/73/86/76; 
ttag +84 80/74/66/78/64; 
ttag +85 99/98/94/99/95; 
ttag +86 98/97/98/99/99; 
ttag +87 29/15/20/21/17; 
ttag +88 40/14/27/14/19; 
ttag +89 86/83/78/89/76; 
ttag +90 99/99/96/100/93; 
ttag +91 33/[11]/?/?/?; 
ttag +92 100/100/100/100/99; 
ttag +93 84/78/72/92/82; 
ttag +94 73/67/64/67/70; 
