tread
'Tree with tags' 
(0 ((1 ((2 3 )(8 9 ((4 5 )(6 7 ))(10 (11 12 )))))(13 14 )((17 (15 16 ))(18 (19 ((20 21 )((22 23 )(24 25 ))))))((26 (27 (28 (29 30 ))))((39 (31 ((32 33 )((34 35 )(36 (37 38 ))))))((40 41 )(42 (43 ((44 45 )(46 47 ))))))))); 
ttag *!; 
ttag +49 1; 
ttag +50 ???; 
ttag +51 9; 
ttag +52 6; 
ttag +53 9; 
ttag +54 5; 
ttag +55 2; 
ttag +56 2; 
ttag +57 3; 
ttag +58 6; 
ttag +59 4; 
ttag +60 10; 
ttag +61 1; 
ttag +62 6; 
ttag +63 5; 
ttag +64 1; 
ttag +65 8; 
ttag +66 3; 
ttag +67 11; 
ttag +68 5; 
ttag +69 2; 
ttag +70 4; 
ttag +71 5; 
ttag +72 1; 
ttag +73 5; 
ttag +74 9; 
ttag +75 6; 
ttag +76 1; 
ttag +77 10; 
ttag +78 6; 
ttag +79 11; 
ttag +80 2; 
ttag +81 1; 
ttag +82 8; 
ttag +83 9; 
ttag +84 1; 
ttag +85 4; 
ttag +86 4; 
ttag +87 1; 
ttag +88 7; 
ttag +89 5; 
ttag +90 2; 
tread
'Tree with tags' 
(0 (((1 ((2 3 )((9 (8 ((4 5 )(6 7 ))))(10 (11 12 )))))((13 14 )((26 (27 (28 (29 30 ))))((39 (31 ((32 33 )((34 35 )(36 (37 38 ))))))((40 41 )(42 (43 ((44 45 )(46 47 )))))))))((17 (15 16 ))(18 (19 ((20 21 )((22 23 )(24 25 )))))))); 
ttag *!; 
ttag +0 ////; 
ttag +1 ////; 
ttag +2 ////; 
ttag +3 ////; 
ttag +4 ////; 
ttag +5 ////; 
ttag +6 ////; 
ttag +7 ////; 
ttag +8 ////; 
ttag +9 ////; 
ttag +10 ////; 
ttag +11 ////; 
ttag +12 ////; 
ttag +13 ////; 
ttag +14 ////; 
ttag +15 ////; 
ttag +16 ////; 
ttag +17 ////; 
ttag +18 ////; 
ttag +19 ////; 
ttag +20 ////; 
ttag +21 ////; 
ttag +22 ////; 
ttag +23 ////; 
ttag +24 ////; 
ttag +25 ////; 
ttag +26 ////; 
ttag +27 ////; 
ttag +28 ////; 
ttag +29 ////; 
ttag +30 ////; 
ttag +31 ////; 
ttag +32 ////; 
ttag +33 ////; 
ttag +34 ////; 
ttag +35 ////; 
ttag +36 ////; 
ttag +37 ////; 
ttag +38 ////; 
ttag +39 ////; 
ttag +40 ////; 
ttag +41 ////; 
ttag +42 ////; 
ttag +43 ////; 
ttag +44 ////; 
ttag +45 ////; 
ttag +46 ////; 
ttag +47 ////; 
ttag +48 ////; 
ttag +49 33/21/18/21/17; 
ttag +50 0/[16]/?/?/?; 
ttag +51 100/100/100/100/100; 
ttag +52 100/100/100/100/100; 
ttag +53 98/97/89/99/90; 
ttag +54 99/99/99/100/100; 
ttag +55 99/99/95/96/96; 
ttag +56 16/[19]/?/?/?; 
ttag +57 32/[4]/0/?/?; 
ttag +58 87/79/74/80/72; 
ttag +59 78/68/53/64/48; 
ttag +60 96/96/90/92/85; 
ttag +61 99/99/99/99/96; 
ttag +62 98/98/95/98/94; 
ttag +63 18/2/4/1/7; 
ttag +64 100/100/98/100/100; 
ttag +65 42/16/15/27/12; 
ttag +66 98/98/90/98/94; 
ttag +67 90/86/79/89/79; 
ttag +68 57/40/38/47/32; 
ttag +69 100/100/100/100/100; 
ttag +70 83/81/71/78/68; 
ttag +71 100/100/100/100/100; 
ttag +72 100/100/100/99/98; 
ttag +73 76/70/74/72/61; 
ttag +74 91/89/79/88/78; 
ttag +75 94/90/84/92/85; 
ttag +76 69/52/47/51/41; 
ttag +77 98/98/91/98/93; 
ttag +78 100/100/99/100/100; 
ttag +79 97/97/96/99/96; 
ttag +80 55/42/27/38/25; 
ttag +81 99/99/98/100/99; 
ttag +82 100/100/99/99/99; 
ttag +83 100/100/99/100/100; 
ttag +84 74/63/52/62/56; 
ttag +85 53/31/23/36/32; 
ttag +86 99/99/98/100/99; 
ttag +87 100/100/98/100/98; 
ttag +88 50/29/22/33/20; 
ttag +89 97/96/92/94/87; 
ttag +90 93/93/85/87/85; 
ttag +91 50/25/13/21/13; 
ttag +92 96/95/91/97/93; 
ttag +93 99/98/94/99/96; 
ttag +94 64/56/39/60/42; 
