tread
'Tree with tags' 
(0 ((1 ((2 3 )((6 (7 (4 5 )))((8 9 )(10 (11 12 ))))))(((13 14 )((26 (27 (28 (29 30 ))))((31 ((32 33 )(34 35 )(36 (37 38 ))))(39 ((40 41 )(42 (43 ((44 45 )(46 47 )))))))))((17 (15 16 ))(18 (19 ((20 21 )((22 23 )(24 25 ))))))))); 
ttag *!; 
ttag +49 2; 
ttag +50 ???; 
ttag +51 6; 
ttag +52 9; 
ttag +53 4; 
ttag +54 1; 
ttag +55 12; 
ttag +56 1; 
ttag +57 1; 
ttag +58 1; 
ttag +59 7; 
ttag +60 5; 
ttag +61 6; 
ttag +62 1; 
ttag +63 2; 
ttag +64 11; 
ttag +65 1; 
ttag +66 8; 
ttag +67 7; 
ttag +68 3; 
ttag +69 10; 
ttag +70 11; 
ttag +71 5; 
ttag +72 8; 
ttag +73 7; 
ttag +74 5; 
ttag +75 4; 
ttag +76 3; 
ttag +77 3; 
ttag +78 12; 
ttag +79 6; 
ttag +80 5; 
ttag +81 2; 
ttag +82 3; 
ttag +83 1; 
ttag +84 12; 
ttag +85 3; 
ttag +86 1; 
ttag +87 2; 
ttag +88 6; 
ttag +89 9; 
ttag +90 2; 
ttag +91 5; 
ttag +92 5; 
ttag +93 3; 
tread
'Tree with tags' 
(0 ((1 ((2 3 )((6 (7 (4 5 )))((8 9 )(10 (11 12 ))))))(((13 14 )((26 (27 (28 (29 30 ))))((31 ((32 33 )(34 35 )(36 (37 38 ))))(39 ((40 41 )(42 (43 ((44 45 )(46 47 )))))))))((17 (15 16 ))(18 (19 ((20 21 )((22 23 )(24 25 ))))))))); 
ttag *!; 
ttag +0 ////; 
ttag +1 ////; 
ttag +2 ////; 
ttag +3 ////; 
ttag +4 ////; 
ttag +5 ////; 
ttag +6 ////; 
ttag +7 ////; 
ttag +8 ////; 
ttag +9 ////; 
ttag +10 ////; 
ttag +11 ////; 
ttag +12 ////; 
ttag +13 ////; 
ttag +14 ////; 
ttag +15 ////; 
ttag +16 ////; 
ttag +17 ////; 
ttag +18 ////; 
ttag +19 ////; 
ttag +20 ////; 
ttag +21 ////; 
ttag +22 ////; 
ttag +23 ////; 
ttag +24 ////; 
ttag +25 ////; 
ttag +26 ////; 
ttag +27 ////; 
ttag +28 ////; 
ttag +29 ////; 
ttag +30 ////; 
ttag +31 ////; 
ttag +32 ////; 
ttag +33 ////; 
ttag +34 ////; 
ttag +35 ////; 
ttag +36 ////; 
ttag +37 ////; 
ttag +38 ////; 
ttag +39 ////; 
ttag +40 ////; 
ttag +41 ////; 
ttag +42 ////; 
ttag +43 ////; 
ttag +44 ////; 
ttag +45 ////; 
ttag +46 ////; 
ttag +47 ////; 
ttag +48 ////; 
ttag +49 56/45/44/42/37; 
ttag +50 100/100/100/100/100; 
ttag +51 94/92/85/94/90; 
ttag +52 98/98/91/98/94; 
ttag +53 98/97/98/97/95; 
ttag +54 38/[3]/?/7/2; 
ttag +55 100/100/99/100/99; 
ttag +56 36/16/10/14/9; 
ttag +57 57/50/43/59/45; 
ttag +58 25/5/7/14/12; 
ttag +59 96/94/90/96/91; 
ttag +60 98/98/98/99/99; 
ttag +61 100/100/99/100/99; 
ttag +62 53/43/26/38/36; 
ttag +63 51/40/36/39/31; 
ttag +64 100/100/99/100/100; 
ttag +65 52/43/33/36/28; 
ttag +66 99/99/92/98/94; 
ttag +67 97/96/90/95/91; 
ttag +68 85/83/74/85/76; 
ttag +69 100/100/100/100/100; 
ttag +70 100/100/98/100/99; 
ttag +71 98/98/92/98/90; 
ttag +72 99/98/97/99/98; 
ttag +73 100/100/98/100/98; 
ttag +74 97/96/88/96/89; 
ttag +75 88/82/75/90/81; 
ttag +76 85/81/76/80/71; 
ttag +77 88/87/74/82/77; 
ttag +78 100/100/100/100/100; 
ttag +79 99/98/96/98/94; 
ttag +80 94/93/90/95/85; 
ttag +81 82/75/68/77/71; 
ttag +82 89/86/78/85/75; 
ttag +83 71/68/65/64/59; 
ttag +84 100/100/100/100/100; 
ttag +85 82/76/72/78/66; 
ttag +86 48/22/14/32/9; 
ttag +87 61/42/36/54/37; 
ttag +88 95/94/87/91/83; 
ttag +89 100/100/100/100/99; 
ttag +90 70/56/45/52/42; 
ttag +91 94/92/86/93/88; 
ttag +92 98/97/96/95/93; 
ttag +93 82/73/62/79/64; 
