tread
'Tree with tags' 
(0 ((1 ((13 14 )((15 16 )(17 (18 (19 ((20 21 )((22 23 )(24 25 )))))))))(((2 3 )(((4 5 )(6 7 ))((8 9 )(10 (11 12 )))))((26 (27 (28 (29 30 ))))(31 (((32 33 )(34 35 ))(36 (37 38 ))))(39 ((40 41 )(42 (43 (46 (47 (44 45 ))))))))))); 
ttag *!; 
ttag +49 1; 
ttag +50 ???; 
ttag +51 6; 
ttag +52 6; 
ttag +53 1; 
ttag +54 8; 
ttag +55 3; 
ttag +56 2; 
ttag +57 6; 
ttag +58 4; 
ttag +59 2; 
ttag +60 5; 
ttag +61 10; 
ttag +62 5; 
ttag +63 1; 
ttag +64 7; 
ttag +65 3; 
ttag +66 1; 
ttag +67 8; 
ttag +68 2; 
ttag +69 8; 
ttag +70 4; 
ttag +71 6; 
ttag +72 6; 
ttag +73 4; 
ttag +74 3; 
ttag +75 7; 
ttag +76 1; 
ttag +77 7; 
ttag +78 5; 
ttag +79 3; 
ttag +80 9; 
ttag +81 2; 
ttag +82 4; 
ttag +83 7; 
ttag +84 7; 
ttag +85 6; 
ttag +86 1; 
ttag +87 2; 
ttag +88 11; 
ttag +89 7; 
ttag +90 5; 
ttag +91 10; 
ttag +92 2; 
ttag +93 4; 
tread
'Tree with tags' 
(0 ((1 ((13 14 )((15 16 )(17 (18 (19 ((20 21 )((22 23 )(24 25 )))))))))(((2 3 )(((4 5 )(6 7 ))((8 9 )(10 (11 12 )))))((26 (27 (28 (29 30 ))))((31 (((32 33 )(34 35 ))(36 (37 38 ))))(39 ((40 41 )(42 (43 (46 (47 (44 45 )))))))))))); 
ttag *!; 
ttag +0 ////; 
ttag +1 ////; 
ttag +2 ////; 
ttag +3 ////; 
ttag +4 ////; 
ttag +5 ////; 
ttag +6 ////; 
ttag +7 ////; 
ttag +8 ////; 
ttag +9 ////; 
ttag +10 ////; 
ttag +11 ////; 
ttag +12 ////; 
ttag +13 ////; 
ttag +14 ////; 
ttag +15 ////; 
ttag +16 ////; 
ttag +17 ////; 
ttag +18 ////; 
ttag +19 ////; 
ttag +20 ////; 
ttag +21 ////; 
ttag +22 ////; 
ttag +23 ////; 
ttag +24 ////; 
ttag +25 ////; 
ttag +26 ////; 
ttag +27 ////; 
ttag +28 ////; 
ttag +29 ////; 
ttag +30 ////; 
ttag +31 ////; 
ttag +32 ////; 
ttag +33 ////; 
ttag +34 ////; 
ttag +35 ////; 
ttag +36 ////; 
ttag +37 ////; 
ttag +38 ////; 
ttag +39 ////; 
ttag +40 ////; 
ttag +41 ////; 
ttag +42 ////; 
ttag +43 ////; 
ttag +44 ////; 
ttag +45 ////; 
ttag +46 ////; 
ttag +47 ////; 
ttag +48 ////; 
ttag +49 6/[24]/?/?/?; 
ttag +50 100/100/100/100/100; 
ttag +51 98/98/94/98/97; 
ttag +52 99/98/96/100/94; 
ttag +53 12/[19]/?/?/?; 
ttag +54 100/100/100/100/100; 
ttag +55 86/81/83/86/77; 
ttag +56 83/75/66/71/61; 
ttag +57 99/99/96/99/95; 
ttag +58 94/94/89/92/90; 
ttag +59 63/44/47/43/42; 
ttag +60 93/92/86/89/85; 
ttag +61 100/100/100/99/100; 
ttag +62 98/97/96/99/95; 
ttag +63 9/[21]/?/?/?; 
ttag +64 99/99/99/100/99; 
ttag +65 82/78/66/87/70; 
ttag +66 44/13/22/11/18; 
ttag +67 99/98/96/100/97; 
ttag +68 83/81/66/80/72; 
ttag +69 100/100/99/100/99; 
ttag +70 95/94/88/92/85; 
ttag +71 99/99/94/97/92; 
ttag +72 99/99/92/96/96; 
ttag +73 90/87/79/90/84; 
ttag +74 92/90/88/92/89; 
ttag +75 98/98/94/99/95; 
ttag +76 79/72/68/70/67; 
ttag +77 100/100/99/100/97; 
ttag +78 99/99/98/98/99; 
ttag +79 94/92/86/94/88; 
ttag +80 29/0/7/6/6; 
ttag +81 100/100/99/100/100; 
ttag +82 82/78/76/81/81; 
ttag +83 94/91/81/90/81; 
ttag +84 99/99/99/100/99; 
ttag +85 98/96/92/95/93; 
ttag +86 98/97/92/97/92; 
ttag +87 58/48/43/50/48; 
ttag +88 76/65/60/70/52; 
ttag +89 100/100/99/98/96; 
ttag +90 98/98/95/98/94; 
ttag +91 96/94/87/95/87; 
ttag +92 100/100/99/100/100; 
ttag +93 62/51/27/56/42; 
ttag +94 86/82/64/81/70; 
