tread
'Tree with tags' 
(0 (1 ((2 3 )((6 (7 (4 5 )))((8 9 )(10 (11 12 )))))((13 14 )(17 ((26 (27 (28 (29 30 ))))((31 ((32 33 )((34 35 )(36 (37 38 )))))(39 ((40 41 )(42 (43 (46 47 (44 45 ))))))))))((15 16 )(18 (19 ((20 21 )((22 23 )(24 25 )))))))); 
ttag *!; 
ttag +49 ???; 
ttag +50 5; 
ttag +51 6; 
ttag +52 8; 
ttag +53 2; 
ttag +54 5; 
ttag +55 1; 
ttag +56 3; 
ttag +57 3; 
ttag +58 3; 
ttag +59 11; 
ttag +60 8; 
ttag +61 1; 
ttag +62 11; 
ttag +63 1; 
ttag +64 1; 
ttag +65 3; 
ttag +66 6; 
ttag +67 8; 
ttag +68 2; 
ttag +69 6; 
ttag +70 3; 
ttag +71 5; 
ttag +72 7; 
ttag +73 5; 
ttag +74 3; 
ttag +75 5; 
ttag +76 10; 
ttag +77 7; 
ttag +78 9; 
ttag +79 5; 
ttag +80 7; 
ttag +81 6; 
ttag +82 3; 
ttag +83 15; 
ttag +84 4; 
ttag +85 1; 
ttag +86 7; 
ttag +87 4; 
ttag +88 10; 
ttag +89 2; 
ttag +90 6; 
ttag +91 4; 
tread
'Tree with tags' 
(0 ((1 ((2 3 )((6 (7 (4 5 )))((8 9 )(10 (11 12 ))))))(((13 14 )(17 ((26 (27 (28 (29 30 ))))((31 ((32 33 )((34 35 )(36 (37 38 )))))(39 ((40 41 )(42 (43 (46 (47 (44 45 )))))))))))((15 16 )(18 (19 ((20 21 )((22 23 )(24 25 ))))))))); 
ttag *!; 
ttag +0 ////; 
ttag +1 ////; 
ttag +2 ////; 
ttag +3 ////; 
ttag +4 ////; 
ttag +5 ////; 
ttag +6 ////; 
ttag +7 ////; 
ttag +8 ////; 
ttag +9 ////; 
ttag +10 ////; 
ttag +11 ////; 
ttag +12 ////; 
ttag +13 ////; 
ttag +14 ////; 
ttag +15 ////; 
ttag +16 ////; 
ttag +17 ////; 
ttag +18 ////; 
ttag +19 ////; 
ttag +20 ////; 
ttag +21 ////; 
ttag +22 ////; 
ttag +23 ////; 
ttag +24 ////; 
ttag +25 ////; 
ttag +26 ////; 
ttag +27 ////; 
ttag +28 ////; 
ttag +29 ////; 
ttag +30 ////; 
ttag +31 ////; 
ttag +32 ////; 
ttag +33 ////; 
ttag +34 ////; 
ttag +35 ////; 
ttag +36 ////; 
ttag +37 ////; 
ttag +38 ////; 
ttag +39 ////; 
ttag +40 ////; 
ttag +41 ////; 
ttag +42 ////; 
ttag +43 ////; 
ttag +44 ////; 
ttag +45 ////; 
ttag +46 ////; 
ttag +47 ////; 
ttag +48 ////; 
ttag +49 29/15/15/9/12; 
ttag +50 100/100/100/100/100; 
ttag +51 97/96/91/97/95; 
ttag +52 97/96/83/94/90; 
ttag +53 99/98/94/98/92; 
ttag +54 70/66/64/66/59; 
ttag +55 96/94/94/96/93; 
ttag +56 56/38/38/51/37; 
ttag +57 79/73/58/73/62; 
ttag +58 77/66/48/64/56; 
ttag +59 86/85/73/87/82; 
ttag +60 100/100/99/100/100; 
ttag +61 100/100/100/100/98; 
ttag +62 13/[20]/?/?/?; 
ttag +63 34/19/18/11/14; 
ttag +64 100/100/100/100/100; 
ttag +65 40/26/12/30/7; 
ttag +66 18/[15]/?/?/?; 
ttag +67 85/81/74/80/64; 
ttag +68 99/99/95/97/94; 
ttag +69 100/100/99/100/99; 
ttag +70 78/71/52/72/54; 
ttag +71 97/97/92/97/92; 
ttag +72 92/89/85/85/78; 
ttag +73 98/96/93/95/91; 
ttag +74 98/98/96/100/97; 
ttag +75 87/85/71/89/71; 
ttag +76 94/92/76/88/77; 
ttag +77 97/97/93/98/90; 
ttag +78 100/100/99/100/100; 
ttag +79 98/98/95/98/96; 
ttag +80 99/98/96/98/96; 
ttag +81 96/95/94/98/94; 
ttag +82 98/98/95/98/96; 
ttag +83 98/98/94/98/93; 
ttag +84 94/92/82/95/87; 
ttag +85 100/100/100/100/100; 
ttag +86 88/85/79/92/74; 
ttag +87 24/10/7/19/10; 
ttag +88 97/97/93/98/96; 
ttag +89 85/81/71/88/66; 
ttag +90 100/100/100/100/100; 
ttag +91 63/42/38/49/44; 
ttag +92 97/96/96/98/94; 
ttag +93 28/[8]/?/2/?; 
ttag +94 98/97/94/96/94; 
