tread
'Tree with tags' 
(0 (1 ((2 3 )((6 7 (4 5 ))((8 9 )(10 (11 12 )))))((13 14 )((15 16 )(17 18 (19 ((20 21 )((22 23 )(24 25 ))))))((26 (27 (28 (29 30 ))))(39 ((31 ((32 33 )(34 35 )(36 (37 38 ))))((40 41 )(42 (43 ((44 45 )(46 47 ))))))))))); 
ttag *!; 
ttag +49 ???; 
ttag +50 3; 
ttag +51 4; 
ttag +52 8; 
ttag +53 4; 
ttag +54 3; 
ttag +55 1; 
ttag +56 1; 
ttag +57 1; 
ttag +58 9; 
ttag +59 3; 
ttag +60 1; 
ttag +61 4; 
ttag +62 5; 
ttag +63 1; 
ttag +64 2; 
ttag +65 14; 
ttag +66 4; 
ttag +67 10; 
ttag +68 4; 
ttag +69 5; 
ttag +70 4; 
ttag +71 10; 
ttag +72 4; 
ttag +73 2; 
ttag +74 9; 
ttag +75 3; 
ttag +76 1; 
ttag +77 6; 
ttag +78 4; 
ttag +79 8; 
ttag +80 2; 
ttag +81 8; 
ttag +82 6; 
ttag +83 3; 
ttag +84 4; 
ttag +85 6; 
ttag +86 2; 
ttag +87 9; 
ttag +88 2; 
ttag +89 2; 
tread
'Tree with tags' 
(0 ((1 (((13 14 )((15 16 )((17 18 )(19 ((20 21 )((22 23 )(24 25 )))))))((26 (27 (28 (29 30 ))))(39 ((31 ((32 33 )((34 35 )(36 (37 38 )))))((40 41 )(42 (43 ((44 45 )(46 47 ))))))))))((2 3 )((7 (6 (4 5 )))((8 9 )(10 (11 12 ))))))); 
ttag *!; 
ttag +0 ////; 
ttag +1 ////; 
ttag +2 ////; 
ttag +3 ////; 
ttag +4 ////; 
ttag +5 ////; 
ttag +6 ////; 
ttag +7 ////; 
ttag +8 ////; 
ttag +9 ////; 
ttag +10 ////; 
ttag +11 ////; 
ttag +12 ////; 
ttag +13 ////; 
ttag +14 ////; 
ttag +15 ////; 
ttag +16 ////; 
ttag +17 ////; 
ttag +18 ////; 
ttag +19 ////; 
ttag +20 ////; 
ttag +21 ////; 
ttag +22 ////; 
ttag +23 ////; 
ttag +24 ////; 
ttag +25 ////; 
ttag +26 ////; 
ttag +27 ////; 
ttag +28 ////; 
ttag +29 ////; 
ttag +30 ////; 
ttag +31 ////; 
ttag +32 ////; 
ttag +33 ////; 
ttag +34 ////; 
ttag +35 ////; 
ttag +36 ////; 
ttag +37 ////; 
ttag +38 ////; 
ttag +39 ////; 
ttag +40 ////; 
ttag +41 ////; 
ttag +42 ////; 
ttag +43 ////; 
ttag +44 ////; 
ttag +45 ////; 
ttag +46 ////; 
ttag +47 ////; 
ttag +48 ////; 
ttag +49 8/[17]/?/?/?; 
ttag +50 100/100/100/100/100; 
ttag +51 88/82/82/87/79; 
ttag +52 93/91/87/90/84; 
ttag +53 100/100/99/99/99; 
ttag +54 23/0/?/3/0; 
ttag +55 93/92/90/96/88; 
ttag +56 87/82/82/89/82; 
ttag +57 46/28/32/32/27; 
ttag +58 50/28/34/30/36; 
ttag +59 55/42/39/46/44; 
ttag +60 100/100/99/100/100; 
ttag +61 95/94/88/95/88; 
ttag +62 41/28/17/28/20; 
ttag +63 58/52/49/52/44; 
ttag +64 96/96/94/96/92; 
ttag +65 98/97/96/98/95; 
ttag +66 28/[12]/?/?/?; 
ttag +67 65/53/38/52/41; 
ttag +68 82/77/56/82/68; 
ttag +69 100/100/100/100/100; 
ttag +70 95/94/86/95/86; 
ttag +71 100/100/100/100/100; 
ttag +72 94/93/82/94/85; 
ttag +73 96/94/88/95/82; 
ttag +74 99/99/95/99/95; 
ttag +75 100/100/98/99/98; 
ttag +76 98/98/88/97/93; 
ttag +77 82/75/64/72/66; 
ttag +78 100/100/100/100/99; 
ttag +79 95/95/91/94/93; 
ttag +80 54/28/31/38/34; 
ttag +81 98/97/93/97/88; 
ttag +82 98/98/96/97/94; 
ttag +83 99/99/99/100/97; 
ttag +84 85/80/76/78/72; 
ttag +85 32/1/?/?/?; 
ttag +86 99/98/98/99/99; 
ttag +87 98/97/97/99/96; 
ttag +88 88/84/75/85/70; 
ttag +89 97/96/90/96/86; 
ttag +90 98/98/95/97/92; 
ttag +91 57/42/28/46/44; 
ttag +92 98/98/96/99/98; 
ttag +93 68/52/34/54/49; 
ttag +94 80/74/72/78/74; 
