tread
'Tree with tags' 
(0 (1 ((2 3 )(((4 5 )(6 7 ))(8 9 (10 (11 12 )))))((13 14 )((15 16 )(17 (18 (19 ((20 21 )((22 23 )(24 25 ))))))))((26 (27 (28 (29 30 ))))(39 (31 ((32 33 )(34 35 (36 (37 38 )))))((40 41 )(42 (43 ((44 45 )(46 47 ))))))))); 
ttag *!; 
ttag +49 ???; 
ttag +50 2; 
ttag +51 8; 
ttag +52 3; 
ttag +53 7; 
ttag +54 2; 
ttag +55 2; 
ttag +56 1; 
ttag +57 2; 
ttag +58 9; 
ttag +59 9; 
ttag +60 2; 
ttag +61 8; 
ttag +62 6; 
ttag +63 1; 
ttag +64 3; 
ttag +65 1; 
ttag +66 11; 
ttag +67 4; 
ttag +68 11; 
ttag +69 14; 
ttag +70 7; 
ttag +71 7; 
ttag +72 5; 
ttag +73 2; 
ttag +74 5; 
ttag +75 13; 
ttag +76 8; 
ttag +77 7; 
ttag +78 6; 
ttag +79 5; 
ttag +80 2; 
ttag +81 3; 
ttag +82 7; 
ttag +83 4; 
ttag +84 7; 
ttag +85 6; 
ttag +86 1; 
ttag +87 10; 
ttag +88 6; 
ttag +89 6; 
tread
'Tree with tags' 
(0 ((1 ((26 (27 (28 (29 30 ))))((39 (31 ((32 33 )(34 (35 (36 (37 38 )))))))((40 41 )(42 (43 ((44 45 )(46 47 ))))))))(((2 3 )(((4 5 )(6 7 ))(8 (9 (10 (11 12 ))))))((13 14 )((15 16 )(17 (18 (19 ((20 21 )((22 23 )(24 25 ))))))))))); 
ttag *!; 
ttag +0 ////; 
ttag +1 ////; 
ttag +2 ////; 
ttag +3 ////; 
ttag +4 ////; 
ttag +5 ////; 
ttag +6 ////; 
ttag +7 ////; 
ttag +8 ////; 
ttag +9 ////; 
ttag +10 ////; 
ttag +11 ////; 
ttag +12 ////; 
ttag +13 ////; 
ttag +14 ////; 
ttag +15 ////; 
ttag +16 ////; 
ttag +17 ////; 
ttag +18 ////; 
ttag +19 ////; 
ttag +20 ////; 
ttag +21 ////; 
ttag +22 ////; 
ttag +23 ////; 
ttag +24 ////; 
ttag +25 ////; 
ttag +26 ////; 
ttag +27 ////; 
ttag +28 ////; 
ttag +29 ////; 
ttag +30 ////; 
ttag +31 ////; 
ttag +32 ////; 
ttag +33 ////; 
ttag +34 ////; 
ttag +35 ////; 
ttag +36 ////; 
ttag +37 ////; 
ttag +38 ////; 
ttag +39 ////; 
ttag +40 ////; 
ttag +41 ////; 
ttag +42 ////; 
ttag +43 ////; 
ttag +44 ////; 
ttag +45 ////; 
ttag +46 ////; 
ttag +47 ////; 
ttag +48 ////; 
ttag +49 27/6/?/10/8; 
ttag +50 100/100/100/100/100; 
ttag +51 85/80/76/87/74; 
ttag +52 98/98/94/97/96; 
ttag +53 27/8/?/15/8; 
ttag +54 80/71/57/74/54; 
ttag +55 100/100/99/100/99; 
ttag +56 85/80/76/81/84; 
ttag +57 91/90/83/88/89; 
ttag +58 49/24/28/24/9; 
ttag +59 26/[7]/?/?/?; 
ttag +60 82/75/57/70/60; 
ttag +61 100/100/100/100/100; 
ttag +62 99/99/98/100/97; 
ttag +63 52/43/34/54/40; 
ttag +64 100/100/100/100/98; 
ttag +65 94/94/90/95/88; 
ttag +66 49/36/34/41/38; 
ttag +67 88/84/71/81/66; 
ttag +68 50/22/9/18/15; 
ttag +69 100/100/100/100/100; 
ttag +70 94/92/86/92/79; 
ttag +71 100/100/100/100/100; 
ttag +72 100/100/100/100/100; 
ttag +73 96/95/95/96/92; 
ttag +74 99/99/96/98/95; 
ttag +75 88/86/80/88/75; 
ttag +76 62/48/45/62/50; 
ttag +77 99/99/97/96/96; 
ttag +78 100/100/100/100/100; 
ttag +79 99/99/98/100/97; 
ttag +80 44/11/12/14/1; 
ttag +81 99/98/96/98/92; 
ttag +82 98/98/96/98/96; 
ttag +83 96/95/90/92/83; 
ttag +84 66/55/54/70/43; 
ttag +85 27/[6]/?/?/?; 
ttag +86 73/62/58/76/47; 
ttag +87 100/100/98/98/98; 
ttag +88 92/90/86/93/82; 
ttag +89 98/96/93/99/92; 
ttag +90 99/98/94/98/84; 
ttag +91 58/42/26/42/22; 
ttag +92 100/100/100/100/100; 
ttag +93 99/98/94/99/94; 
ttag +94 100/100/100/100/100; 
