tread
'Tree with tags' 
(0 (1 ((((2 3 )((6 7 (4 5 ))((8 9 )(10 (11 12 )))))((15 16 )(17 (18 (19 ((20 21 )((22 23 )(24 25 ))))))))(13 14 )((26 (27 (28 (29 30 ))))(39 (31 ((32 33 )((34 35 )(36 (37 38 )))))((40 41 )(42 (43 (46 (47 (44 45 ))))))))))); 
ttag *!; 
ttag +49 ???; 
ttag +50 3; 
ttag +51 5; 
ttag +52 1; 
ttag +53 1; 
ttag +54 4; 
ttag +55 2; 
ttag +56 3; 
ttag +57 3; 
ttag +58 3; 
ttag +59 4; 
ttag +60 8; 
ttag +61 3; 
ttag +62 10; 
ttag +63 11; 
ttag +64 2; 
ttag +65 1; 
ttag +66 5; 
ttag +67 6; 
ttag +68 5; 
ttag +69 12; 
ttag +70 1; 
ttag +71 6; 
ttag +72 7; 
ttag +73 7; 
ttag +74 1; 
ttag +75 5; 
ttag +76 11; 
ttag +77 8; 
ttag +78 3; 
ttag +79 4; 
ttag +80 3; 
ttag +81 7; 
ttag +82 1; 
ttag +83 4; 
ttag +84 11; 
ttag +85 5; 
ttag +86 5; 
ttag +87 13; 
ttag +88 4; 
ttag +89 10; 
ttag +90 2; 
ttag +91 9; 
tread
'Tree with tags' 
(0 (1 (((((2 3 )(((4 5 )(6 7 ))((8 9 )(10 (11 12 )))))((15 16 )(17 (18 (19 ((20 21 )((22 23 )(24 25 ))))))))(13 14 ))((26 (27 (28 (29 30 ))))((31 ((32 33 )((34 35 )(36 (37 38 )))))(39 ((40 41 )(42 (43 (46 (47 (44 45 )))))))))))); 
ttag *!; 
ttag +0 ////; 
ttag +1 ////; 
ttag +2 ////; 
ttag +3 ////; 
ttag +4 ////; 
ttag +5 ////; 
ttag +6 ////; 
ttag +7 ////; 
ttag +8 ////; 
ttag +9 ////; 
ttag +10 ////; 
ttag +11 ////; 
ttag +12 ////; 
ttag +13 ////; 
ttag +14 ////; 
ttag +15 ////; 
ttag +16 ////; 
ttag +17 ////; 
ttag +18 ////; 
ttag +19 ////; 
ttag +20 ////; 
ttag +21 ////; 
ttag +22 ////; 
ttag +23 ////; 
ttag +24 ////; 
ttag +25 ////; 
ttag +26 ////; 
ttag +27 ////; 
ttag +28 ////; 
ttag +29 ////; 
ttag +30 ////; 
ttag +31 ////; 
ttag +32 ////; 
ttag +33 ////; 
ttag +34 ////; 
ttag +35 ////; 
ttag +36 ////; 
ttag +37 ////; 
ttag +38 ////; 
ttag +39 ////; 
ttag +40 ////; 
ttag +41 ////; 
ttag +42 ////; 
ttag +43 ////; 
ttag +44 ////; 
ttag +45 ////; 
ttag +46 ////; 
ttag +47 ////; 
ttag +48 ////; 
ttag +49 100/100/100/100/100; 
ttag +50 92/90/88/88/82; 
ttag +51 92/90/83/92/86; 
ttag +52 49/32/14/24/26; 
ttag +53 5/[18]/?/?/?; 
ttag +54 30/16/25/21/30; 
ttag +55 92/89/86/90/82; 
ttag +56 77/73/60/66/58; 
ttag +57 80/75/62/76/67; 
ttag +58 28/[5]/5/1/?; 
ttag +59 90/87/89/94/86; 
ttag +60 86/85/72/82/76; 
ttag +61 92/90/76/93/78; 
ttag +62 100/100/100/100/98; 
ttag +63 96/95/95/96/92; 
ttag +64 99/99/99/100/100; 
ttag +65 100/100/100/100/98; 
ttag +66 77/72/52/64/46; 
ttag +67 56/46/40/44/36; 
ttag +68 93/91/88/93/84; 
ttag +69 100/100/97/100/98; 
ttag +70 96/95/90/94/87; 
ttag +71 100/100/100/100/100; 
ttag +72 60/36/26/32/13; 
ttag +73 99/99/100/99/100; 
ttag +74 98/98/95/98/96; 
ttag +75 98/97/96/100/95; 
ttag +76 42/28/28/35/18; 
ttag +77 99/99/95/97/94; 
ttag +78 100/100/100/100/99; 
ttag +79 100/100/100/100/98; 
ttag +80 82/76/66/70/56; 
ttag +81 95/93/92/95/87; 
ttag +82 84/82/76/84/72; 
ttag +83 100/100/98/98/97; 
ttag +84 57/53/44/56/44; 
ttag +85 97/97/89/94/89; 
ttag +86 100/100/100/100/99; 
ttag +87 26/[4]/?/?/?; 
ttag +88 96/96/92/96/90; 
ttag +89 90/88/78/89/81; 
ttag +90 100/100/99/100/100; 
ttag +91 96/96/92/95/95; 
ttag +92 100/100/99/100/99; 
ttag +93 74/62/55/76/60; 
ttag +94 99/99/98/98/96; 
