tread
'Tree with tags' 
(0 (1 ((2 3 )((6 (7 (4 5 )))(8 9 (10 (11 12 )))))((13 14 )(17 (15 16 )(18 (19 ((20 21 )((22 23 )(24 25 ))))))((26 (27 (28 (29 30 ))))(39 (31 ((32 33 )(34 35 )(36 (37 38 ))))(40 41 (42 (43 ((44 45 )(46 47 )))))))))); 
ttag *!; 
ttag +49 ???; 
ttag +50 5; 
ttag +51 2; 
ttag +52 3; 
ttag +53 2; 
ttag +54 10; 
ttag +55 8; 
ttag +56 3; 
ttag +57 2; 
ttag +58 1; 
ttag +59 9; 
ttag +60 2; 
ttag +61 9; 
ttag +62 6; 
ttag +63 4; 
ttag +64 1; 
ttag +65 10; 
ttag +66 2; 
ttag +67 9; 
ttag +68 6; 
ttag +69 4; 
ttag +70 9; 
ttag +71 2; 
ttag +72 3; 
ttag +73 4; 
ttag +74 12; 
ttag +75 4; 
ttag +76 6; 
ttag +77 7; 
ttag +78 4; 
ttag +79 1; 
ttag +80 6; 
ttag +81 10; 
ttag +82 3; 
ttag +83 7; 
ttag +84 4; 
ttag +85 11; 
ttag +86 5; 
ttag +87 6; 
tread
'Tree with tags' 
(0 (1 (((2 3 )((6 (7 (4 5 )))(8 (9 (10 (11 12 ))))))(((13 14 )((26 (27 (28 (29 30 ))))((31 (((32 33 )(36 (37 38 )))(34 35 )))(39 (41 (40 (42 (43 ((44 45 )(46 47 ))))))))))((15 16 )(17 (18 (19 ((20 21 )((22 23 )(24 25 ))))))))))); 
ttag *!; 
ttag +0 ////; 
ttag +1 ////; 
ttag +2 ////; 
ttag +3 ////; 
ttag +4 ////; 
ttag +5 ////; 
ttag +6 ////; 
ttag +7 ////; 
ttag +8 ////; 
ttag +9 ////; 
ttag +10 ////; 
ttag +11 ////; 
ttag +12 ////; 
ttag +13 ////; 
ttag +14 ////; 
ttag +15 ////; 
ttag +16 ////; 
ttag +17 ////; 
ttag +18 ////; 
ttag +19 ////; 
ttag +20 ////; 
ttag +21 ////; 
ttag +22 ////; 
ttag +23 ////; 
ttag +24 ////; 
ttag +25 ////; 
ttag +26 ////; 
ttag +27 ////; 
ttag +28 ////; 
ttag +29 ////; 
ttag +30 ////; 
ttag +31 ////; 
ttag +32 ////; 
ttag +33 ////; 
ttag +34 ////; 
ttag +35 ////; 
ttag +36 ////; 
ttag +37 ////; 
ttag +38 ////; 
ttag +39 ////; 
ttag +40 ////; 
ttag +41 ////; 
ttag +42 ////; 
ttag +43 ////; 
ttag +44 ////; 
ttag +45 ////; 
ttag +46 ////; 
ttag +47 ////; 
ttag +48 ////; 
ttag +49 100/100/100/100/100; 
ttag +50 98/98/94/96/92; 
ttag +51 61/48/41/58/44; 
ttag +52 12/[5]/?/?/?; 
ttag +53 88/84/76/89/78; 
ttag +54 82/76/56/75/67; 
ttag +55 99/98/98/99/98; 
ttag +56 99/99/96/99/96; 
ttag +57 85/82/71/86/78; 
ttag +58 26/[24]/?/?/?; 
ttag +59 76/64/63/67/52; 
ttag +60 71/62/64/64/54; 
ttag +61 100/100/100/100/100; 
ttag +62 36/1/?/?/1; 
ttag +63 77/69/56/67/60; 
ttag +64 100/100/99/98/100; 
ttag +65 96/96/90/93/92; 
ttag +66 33/9/?/8/3; 
ttag +67 94/92/84/94/82; 
ttag +68 54/42/36/54/36; 
ttag +69 100/100/100/100/100; 
ttag +70 82/78/61/79/60; 
ttag +71 100/100/99/98/99; 
ttag +72 94/91/84/95/84; 
ttag +73 93/93/88/94/86; 
ttag +74 100/100/99/99/99; 
ttag +75 88/85/70/83/68; 
ttag +76 92/90/84/92/78; 
ttag +77 96/95/89/97/90; 
ttag +78 100/100/100/100/100; 
ttag +79 95/94/87/90/82; 
ttag +80 98/98/93/97/93; 
ttag +81 100/100/100/100/100; 
ttag +82 32/[4]/?/?/?; 
ttag +83 94/94/84/92/78; 
ttag +84 66/56/54/46/42; 
ttag +85 98/98/96/100/98; 
ttag +86 100/100/100/100/100; 
ttag +87 27/[3]/?/?/?; 
ttag +88 24/4/?/?/?; 
ttag +89 83/75/52/70/47; 
ttag +90 98/98/98/100/99; 
ttag +91 96/95/87/95/89; 
ttag +92 100/100/99/100/100; 
ttag +93 91/88/82/92/89; 
ttag +94 98/98/94/99/96; 
