tread
'Tree with tags' 
(0 (1 (((2 3 )(((4 5 )(6 7 ))(8 9 )(10 (11 12 ))))((13 14 )(17 ((15 16 )(18 (19 ((20 21 )((22 23 )(24 25 ))))))))((26 (27 (28 (29 30 ))))((31 ((32 33 )((34 35 )(36 (37 38 )))))(39 ((40 41 )(42 (43 ((44 45 )(46 47 ))))))))))); 
ttag *!; 
ttag +49 ???; 
ttag +50 7; 
ttag +51 10; 
ttag +52 1; 
ttag +53 3; 
ttag +54 8; 
ttag +55 1; 
ttag +56 6; 
ttag +57 2; 
ttag +58 6; 
ttag +59 6; 
ttag +60 6; 
ttag +61 1; 
ttag +62 10; 
ttag +63 1; 
ttag +64 7; 
ttag +65 2; 
ttag +66 5; 
ttag +67 10; 
ttag +68 8; 
ttag +69 3; 
ttag +70 1; 
ttag +71 5; 
ttag +72 5; 
ttag +73 2; 
ttag +74 3; 
ttag +75 5; 
ttag +76 9; 
ttag +77 6; 
ttag +78 6; 
ttag +79 8; 
ttag +80 6; 
ttag +81 4; 
ttag +82 4; 
ttag +83 9; 
ttag +84 12; 
ttag +85 1; 
ttag +86 5; 
ttag +87 6; 
ttag +88 9; 
ttag +89 3; 
ttag +90 4; 
ttag +91 2; 
ttag +92 3; 
tread
'Tree with tags' 
(0 (1 ((((2 3 )(((4 5 )(6 7 ))((8 9 )(10 (11 12 )))))((26 (27 (28 (29 30 ))))((31 ((32 33 )((34 35 )(36 (37 38 )))))(39 ((40 41 )(42 (43 ((44 45 )(46 47 )))))))))((13 14 )(17 ((15 16 )(18 (19 ((20 21 )((22 23 )(24 25 ))))))))))); 
ttag *!; 
ttag +0 ////; 
ttag +1 ////; 
ttag +2 ////; 
ttag +3 ////; 
ttag +4 ////; 
ttag +5 ////; 
ttag +6 ////; 
ttag +7 ////; 
ttag +8 ////; 
ttag +9 ////; 
ttag +10 ////; 
ttag +11 ////; 
ttag +12 ////; 
ttag +13 ////; 
ttag +14 ////; 
ttag +15 ////; 
ttag +16 ////; 
ttag +17 ////; 
ttag +18 ////; 
ttag +19 ////; 
ttag +20 ////; 
ttag +21 ////; 
ttag +22 ////; 
ttag +23 ////; 
ttag +24 ////; 
ttag +25 ////; 
ttag +26 ////; 
ttag +27 ////; 
ttag +28 ////; 
ttag +29 ////; 
ttag +30 ////; 
ttag +31 ////; 
ttag +32 ////; 
ttag +33 ////; 
ttag +34 ////; 
ttag +35 ////; 
ttag +36 ////; 
ttag +37 ////; 
ttag +38 ////; 
ttag +39 ////; 
ttag +40 ////; 
ttag +41 ////; 
ttag +42 ////; 
ttag +43 ////; 
ttag +44 ////; 
ttag +45 ////; 
ttag +46 ////; 
ttag +47 ////; 
ttag +48 ////; 
ttag +49 100/100/100/100/100; 
ttag +50 100/100/99/99/100; 
ttag +51 99/98/99/99/99; 
ttag +52 39/20/7/16/12; 
ttag +53 54/45/32/38/35; 
ttag +54 91/88/87/88/87; 
ttag +55 99/98/97/99/99; 
ttag +56 65/56/48/58/45; 
ttag +57 98/97/96/98/93; 
ttag +58 89/88/77/88/76; 
ttag +59 20/[30]/?/?/?; 
ttag +60 86/79/66/80/69; 
ttag +61 99/98/98/99/97; 
ttag +62 100/100/100/100/99; 
ttag +63 56/44/30/38/19; 
ttag +64 100/100/99/100/100; 
ttag +65 47/35/18/37/28; 
ttag +66 99/99/98/99/98; 
ttag +67 79/72/66/80/65; 
ttag +68 96/96/86/94/80; 
ttag +69 100/100/100/100/100; 
ttag +70 100/100/98/98/95; 
ttag +71 87/85/81/90/78; 
ttag +72 59/36/18/39/20; 
ttag +73 94/91/76/91/79; 
ttag +74 98/98/96/100/95; 
ttag +75 81/75/76/79/73; 
ttag +76 93/90/86/90/82; 
ttag +77 100/100/98/98/97; 
ttag +78 99/99/98/100/99; 
ttag +79 98/98/92/97/96; 
ttag +80 97/96/89/99/94; 
ttag +81 100/100/99/100/99; 
ttag +82 98/98/94/98/96; 
ttag +83 98/98/97/97/97; 
ttag +84 96/96/93/97/95; 
ttag +85 100/100/98/99/100; 
ttag +86 100/100/100/100/99; 
ttag +87 50/39/35/46/25; 
ttag +88 98/98/93/97/93; 
ttag +89 98/98/94/98/95; 
ttag +90 100/100/100/100/97; 
ttag +91 94/93/83/91/82; 
ttag +92 96/96/84/94/84; 
ttag +93 73/65/54/69/58; 
ttag +94 90/86/74/85/77; 
