tread
'Tree with tags' 
(0 (1 ((2 3 )(((4 5 )(6 7 ))((8 9 )(10 (11 12 )))))(13 14 )(17 18 (15 16 )(19 ((20 21 )((22 23 )(24 25 )))))((26 (27 (28 (29 30 ))))((31 ((32 33 )((34 35 )(36 (37 38 )))))(39 ((40 41 )(42 (43 ((44 45 )(46 47 )))))))))); 
ttag *!; 
ttag +49 ???; 
ttag +50 4; 
ttag +51 12; 
ttag +52 4; 
ttag +53 3; 
ttag +54 1; 
ttag +55 2; 
ttag +56 2; 
ttag +57 1; 
ttag +58 5; 
ttag +59 7; 
ttag +60 9; 
ttag +61 8; 
ttag +62 5; 
ttag +63 2; 
ttag +64 7; 
ttag +65 6; 
ttag +66 6; 
ttag +67 6; 
ttag +68 5; 
ttag +69 9; 
ttag +70 2; 
ttag +71 2; 
ttag +72 3; 
ttag +73 9; 
ttag +74 3; 
ttag +75 5; 
ttag +76 9; 
ttag +77 5; 
ttag +78 3; 
ttag +79 1; 
ttag +80 5; 
ttag +81 11; 
ttag +82 2; 
ttag +83 1; 
ttag +84 12; 
ttag +85 5; 
ttag +86 3; 
ttag +87 6; 
ttag +88 4; 
ttag +89 5; 
tread
'Tree with tags' 
(0 ((1 (((2 3 )(((4 5 )(6 7 ))((8 9 )(10 (11 12 )))))((26 (27 (28 (29 30 ))))((31 ((32 33 )((34 35 )(36 (37 38 )))))(39 ((40 41 )(42 (43 ((44 45 )(46 47 ))))))))))((13 14 )((15 16 )(18 (17 (19 ((20 21 )((22 23 )(24 25 )))))))))); 
ttag *!; 
ttag +0 ////; 
ttag +1 ////; 
ttag +2 ////; 
ttag +3 ////; 
ttag +4 ////; 
ttag +5 ////; 
ttag +6 ////; 
ttag +7 ////; 
ttag +8 ////; 
ttag +9 ////; 
ttag +10 ////; 
ttag +11 ////; 
ttag +12 ////; 
ttag +13 ////; 
ttag +14 ////; 
ttag +15 ////; 
ttag +16 ////; 
ttag +17 ////; 
ttag +18 ////; 
ttag +19 ////; 
ttag +20 ////; 
ttag +21 ////; 
ttag +22 ////; 
ttag +23 ////; 
ttag +24 ////; 
ttag +25 ////; 
ttag +26 ////; 
ttag +27 ////; 
ttag +28 ////; 
ttag +29 ////; 
ttag +30 ////; 
ttag +31 ////; 
ttag +32 ////; 
ttag +33 ////; 
ttag +34 ////; 
ttag +35 ////; 
ttag +36 ////; 
ttag +37 ////; 
ttag +38 ////; 
ttag +39 ////; 
ttag +40 ////; 
ttag +41 ////; 
ttag +42 ////; 
ttag +43 ////; 
ttag +44 ////; 
ttag +45 ////; 
ttag +46 ////; 
ttag +47 ////; 
ttag +48 ////; 
ttag +49 48/19/11/18/21; 
ttag +50 100/100/100/100/100; 
ttag +51 97/96/90/94/88; 
ttag +52 100/100/99/100/99; 
ttag +53 44/14/8/16/18; 
ttag +54 91/89/81/87/78; 
ttag +55 71/67/57/71/55; 
ttag +56 34/13/10/20/19; 
ttag +57 61/55/40/60/50; 
ttag +58 74/65/66/76/72; 
ttag +59 48/38/29/35/25; 
ttag +60 76/73/62/78/55; 
ttag +61 100/100/99/100/99; 
ttag +62 99/98/98/99/99; 
ttag +63 42/13/6/14/17; 
ttag +64 100/100/98/98/99; 
ttag +65 94/93/92/94/90; 
ttag +66 14/[21]/?/?/?; 
ttag +67 26/[9]/?/?/?; 
ttag +68 88/83/74/84/78; 
ttag +69 100/100/100/100/98; 
ttag +70 96/93/90/97/88; 
ttag +71 99/98/97/98/98; 
ttag +72 95/92/88/98/86; 
ttag +73 95/93/95/94/89; 
ttag +74 100/100/95/99/96; 
ttag +75 63/46/46/58/44; 
ttag +76 63/43/41/42/32; 
ttag +77 84/82/73/73/68; 
ttag +78 100/100/98/100/97; 
ttag +79 79/70/67/76/71; 
ttag +80 89/86/86/90/83; 
ttag +81 100/100/96/100/98; 
ttag +82 94/93/89/96/90; 
ttag +83 91/88/86/92/84; 
ttag +84 62/49/39/44/36; 
ttag +85 95/95/81/96/88; 
ttag +86 100/100/100/100/100; 
ttag +87 65/47/39/46/27; 
ttag +88 50/42/24/41/27; 
ttag +89 100/100/100/100/99; 
ttag +90 94/92/92/96/88; 
ttag +91 84/80/63/80/68; 
ttag +92 98/98/94/100/96; 
ttag +93 92/90/83/93/88; 
ttag +94 99/99/94/97/94; 
