tread
'Tree with tags' 
(0 ((1 ((2 3 )(((4 5 )(6 7 ))((8 9 )(10 (11 12 ))))))(((13 14 )((15 16 )(17 (18 (19 ((20 21 )((22 23 )(24 25 ))))))))((26 (27 (28 (29 30 ))))(39 ((31 (((32 33 )(34 35 ))(36 (37 38 ))))(40 (41 (42 (43 ((44 45 )(46 47 )))))))))))); 
ttag *!; 
ttag +49 3; 
ttag +50 ???; 
ttag +51 7; 
ttag +52 11; 
ttag +53 6; 
ttag +54 11; 
ttag +55 6; 
ttag +56 5; 
ttag +57 1; 
ttag +58 1; 
ttag +59 5; 
ttag +60 11; 
ttag +61 9; 
ttag +62 1; 
ttag +63 1; 
ttag +64 6; 
ttag +65 9; 
ttag +66 2; 
ttag +67 8; 
ttag +68 3; 
ttag +69 9; 
ttag +70 6; 
ttag +71 6; 
ttag +72 9; 
ttag +73 5; 
ttag +74 4; 
ttag +75 6; 
ttag +76 3; 
ttag +77 1; 
ttag +78 11; 
ttag +79 6; 
ttag +80 2; 
ttag +81 2; 
ttag +82 8; 
ttag +83 1; 
ttag +84 1; 
ttag +85 4; 
ttag +86 13; 
ttag +87 8; 
ttag +88 9; 
ttag +89 2; 
ttag +90 7; 
ttag +91 2; 
ttag +92 6; 
ttag +93 5; 
ttag +94 5; 
tread
'Tree with tags' 
(0 ((1 ((2 3 )(((4 5 )(6 7 ))((8 9 )(10 (11 12 ))))))(((13 14 )((15 16 )(17 (18 (19 ((20 21 )((22 23 )(24 25 ))))))))((26 (27 (28 (29 30 ))))(39 ((31 (((32 33 )(34 35 ))(36 (37 38 ))))(40 (41 (42 (43 ((44 45 )(46 47 )))))))))))); 
ttag *!; 
ttag +0 ////; 
ttag +1 ////; 
ttag +2 ////; 
ttag +3 ////; 
ttag +4 ////; 
ttag +5 ////; 
ttag +6 ////; 
ttag +7 ////; 
ttag +8 ////; 
ttag +9 ////; 
ttag +10 ////; 
ttag +11 ////; 
ttag +12 ////; 
ttag +13 ////; 
ttag +14 ////; 
ttag +15 ////; 
ttag +16 ////; 
ttag +17 ////; 
ttag +18 ////; 
ttag +19 ////; 
ttag +20 ////; 
ttag +21 ////; 
ttag +22 ////; 
ttag +23 ////; 
ttag +24 ////; 
ttag +25 ////; 
ttag +26 ////; 
ttag +27 ////; 
ttag +28 ////; 
ttag +29 ////; 
ttag +30 ////; 
ttag +31 ////; 
ttag +32 ////; 
ttag +33 ////; 
ttag +34 ////; 
ttag +35 ////; 
ttag +36 ////; 
ttag +37 ////; 
ttag +38 ////; 
ttag +39 ////; 
ttag +40 ////; 
ttag +41 ////; 
ttag +42 ////; 
ttag +43 ////; 
ttag +44 ////; 
ttag +45 ////; 
ttag +46 ////; 
ttag +47 ////; 
ttag +48 ////; 
ttag +49 71/60/57/71/54; 
ttag +50 100/100/100/100/100; 
ttag +51 98/98/100/100/99; 
ttag +52 100/100/99/100/99; 
ttag +53 98/98/96/97/93; 
ttag +54 99/99/99/99/99; 
ttag +55 100/100/93/97/97; 
ttag +56 96/96/92/98/94; 
ttag +57 57/34/26/30/21; 
ttag +58 46/28/28/26/20; 
ttag +59 97/96/92/97/91; 
ttag +60 100/100/98/100/100; 
ttag +61 100/100/100/100/98; 
ttag +62 41/18/28/20/22; 
ttag +63 40/22/31/26/24; 
ttag +64 99/99/100/99/97; 
ttag +65 98/98/96/100/97; 
ttag +66 74/68/62/74/60; 
ttag +67 100/100/99/99/97; 
ttag +68 86/82/69/84/68; 
ttag +69 100/100/100/100/100; 
ttag +70 96/94/84/96/88; 
ttag +71 100/100/99/99/100; 
ttag +72 100/100/99/100/99; 
ttag +73 99/99/98/98/99; 
ttag +74 87/83/76/85/82; 
ttag +75 98/98/94/98/93; 
ttag +76 73/60/45/67/52; 
ttag +77 56/41/26/30/30; 
ttag +78 100/100/99/100/99; 
ttag +79 94/92/82/94/87; 
ttag +80 65/49/56/51/40; 
ttag +81 70/64/66/62/69; 
ttag +82 100/100/99/100/98; 
ttag +83 44/28/15/32/22; 
ttag +84 48/40/31/40/28; 
ttag +85 92/88/87/90/91; 
ttag +86 99/99/98/98/98; 
ttag +87 100/100/100/100/100; 
ttag +88 97/95/92/99/92; 
ttag +89 72/65/53/62/53; 
ttag +90 95/93/84/92/89; 
ttag +91 68/57/51/55/46; 
ttag +92 99/99/92/98/90; 
ttag +93 97/97/94/98/95; 
ttag +94 98/98/97/99/98; 
