tread
'Tree with tags' 
(0 (1 (((2 3 )(8 (9 (10 (11 12 )))))((4 5 )(6 7 )))((13 14 )((15 16 )(17 (18 (19 ((20 21 )((22 23 )(24 25 )))))))((27 (26 (28 (29 30 ))))(39 (31 ((32 33 )((34 35 )(36 (37 38 )))))((40 41 )(42 (43 ((44 45 )(46 47 )))))))))); 
ttag *!; 
ttag +49 ???; 
ttag +50 12; 
ttag +51 1; 
ttag +52 7; 
ttag +53 4; 
ttag +54 9; 
ttag +55 7; 
ttag +56 3; 
ttag +57 1; 
ttag +58 4; 
ttag +59 11; 
ttag +60 8; 
ttag +61 2; 
ttag +62 10; 
ttag +63 3; 
ttag +64 1; 
ttag +65 5; 
ttag +66 4; 
ttag +67 7; 
ttag +68 10; 
ttag +69 8; 
ttag +70 2; 
ttag +71 5; 
ttag +72 2; 
ttag +73 4; 
ttag +74 5; 
ttag +75 7; 
ttag +76 6; 
ttag +77 6; 
ttag +78 1; 
ttag +79 9; 
ttag +80 2; 
ttag +81 3; 
ttag +82 2; 
ttag +83 16; 
ttag +84 14; 
ttag +85 2; 
ttag +86 9; 
ttag +87 6; 
ttag +88 1; 
ttag +89 8; 
ttag +90 6; 
ttag +91 1; 
tread
'Tree with tags' 
(0 ((1 (((2 3 )(8 (9 (10 (11 12 )))))((4 5 )(6 7 ))))(((13 14 )((27 (26 (28 (29 30 ))))((39 (31 ((32 33 )((34 35 )(36 (37 38 ))))))((40 41 )(42 (43 ((44 45 )(46 47 ))))))))((15 16 )(17 (18 (19 ((20 21 )((22 23 )(24 25 )))))))))); 
ttag *!; 
ttag +0 ////; 
ttag +1 ////; 
ttag +2 ////; 
ttag +3 ////; 
ttag +4 ////; 
ttag +5 ////; 
ttag +6 ////; 
ttag +7 ////; 
ttag +8 ////; 
ttag +9 ////; 
ttag +10 ////; 
ttag +11 ////; 
ttag +12 ////; 
ttag +13 ////; 
ttag +14 ////; 
ttag +15 ////; 
ttag +16 ////; 
ttag +17 ////; 
ttag +18 ////; 
ttag +19 ////; 
ttag +20 ////; 
ttag +21 ////; 
ttag +22 ////; 
ttag +23 ////; 
ttag +24 ////; 
ttag +25 ////; 
ttag +26 ////; 
ttag +27 ////; 
ttag +28 ////; 
ttag +29 ////; 
ttag +30 ////; 
ttag +31 ////; 
ttag +32 ////; 
ttag +33 ////; 
ttag +34 ////; 
ttag +35 ////; 
ttag +36 ////; 
ttag +37 ////; 
ttag +38 ////; 
ttag +39 ////; 
ttag +40 ////; 
ttag +41 ////; 
ttag +42 ////; 
ttag +43 ////; 
ttag +44 ////; 
ttag +45 ////; 
ttag +46 ////; 
ttag +47 ////; 
ttag +48 ////; 
ttag +49 24/[17]/?/?/?; 
ttag +50 100/100/100/100/100; 
ttag +51 100/100/100/100/100; 
ttag +52 29/[12]/?/?/?; 
ttag +53 96/95/95/97/92; 
ttag +54 90/86/81/88/75; 
ttag +55 100/100/100/99/96; 
ttag +56 98/98/92/99/93; 
ttag +57 71/63/54/66/51; 
ttag +58 53/38/36/46/30; 
ttag +59 80/73/68/80/64; 
ttag +60 100/100/99/100/100; 
ttag +61 100/100/98/99/98; 
ttag +62 36/22/20/21/20; 
ttag +63 56/42/36/50/38; 
ttag +64 99/99/100/100/100; 
ttag +65 57/52/39/59/48; 
ttag +66 44/33/28/38/29; 
ttag +67 85/82/72/88/77; 
ttag +68 84/76/63/83/78; 
ttag +69 100/100/98/99/99; 
ttag +70 99/99/97/99/100; 
ttag +71 99/99/95/99/99; 
ttag +72 74/61/62/58/44; 
ttag +73 90/87/80/90/78; 
ttag +74 78/73/70/74/64; 
ttag +75 92/91/83/93/84; 
ttag +76 98/98/91/94/94; 
ttag +77 98/98/97/99/98; 
ttag +78 99/99/94/98/95; 
ttag +79 100/100/97/99/98; 
ttag +80 54/33/36/28/38; 
ttag +81 48/33/28/33/19; 
ttag +82 100/100/99/100/100; 
ttag +83 87/83/79/77/68; 
ttag +84 90/88/83/90/77; 
ttag +85 86/83/75/78/74; 
ttag +86 100/100/100/100/100; 
ttag +87 100/100/100/100/100; 
ttag +88 78/68/50/65/56; 
ttag +89 100/100/95/99/99; 
ttag +90 100/100/99/100/99; 
ttag +91 51/29/33/40/36; 
ttag +92 100/100/98/100/98; 
ttag +93 98/98/95/98/91; 
ttag +94 65/50/42/45/41; 
