tread
'Tree with tags' 
(0 ((1 (17 (15 16 )(18 (19 ((20 21 )((22 23 )(24 25 )))))))(((2 3 )((((4 5 )(6 7 ))(10 (11 12 )))(8 9 )))((13 14 )(((26 (27 (28 (29 30 ))))(40 (41 (42 43 ((44 45 )(46 47 ))))))(39 (31 (32 33 )(34 35 )(36 (37 38 ))))))))); 
ttag *!; 
ttag +49 1; 
ttag +50 ???; 
ttag +51 8; 
ttag +52 13; 
ttag +53 1; 
ttag +54 8; 
ttag +55 5; 
ttag +56 1; 
ttag +57 5; 
ttag +58 5; 
ttag +59 1; 
ttag +60 5; 
ttag +61 7; 
ttag +62 11; 
ttag +63 3; 
ttag +64 13; 
ttag +65 10; 
ttag +66 1; 
ttag +67 1; 
ttag +68 5; 
ttag +69 4; 
ttag +70 14; 
ttag +71 3; 
ttag +72 2; 
ttag +73 11; 
ttag +74 1; 
ttag +75 6; 
ttag +76 1; 
ttag +77 5; 
ttag +78 8; 
ttag +79 9; 
ttag +80 2; 
ttag +81 8; 
ttag +82 2; 
ttag +83 12; 
ttag +84 5; 
ttag +85 10; 
ttag +86 1; 
ttag +87 9; 
ttag +88 5; 
ttag +89 2; 
ttag +90 2; 
tread
'Tree with tags' 
(0 ((1 (17 ((15 16 )(18 (19 ((20 21 )((22 23 )(24 25 ))))))))(((2 3 )((((4 5 )(6 7 ))(10 (11 12 )))(8 9 )))((13 14 )(((26 (27 (28 (29 30 ))))(40 (41 (43 (42 ((44 45 )(46 47 )))))))(39 (31 (((32 33 )(36 (37 38 )))(34 35 ))))))))); 
ttag *!; 
ttag +0 ////; 
ttag +1 ////; 
ttag +2 ////; 
ttag +3 ////; 
ttag +4 ////; 
ttag +5 ////; 
ttag +6 ////; 
ttag +7 ////; 
ttag +8 ////; 
ttag +9 ////; 
ttag +10 ////; 
ttag +11 ////; 
ttag +12 ////; 
ttag +13 ////; 
ttag +14 ////; 
ttag +15 ////; 
ttag +16 ////; 
ttag +17 ////; 
ttag +18 ////; 
ttag +19 ////; 
ttag +20 ////; 
ttag +21 ////; 
ttag +22 ////; 
ttag +23 ////; 
ttag +24 ////; 
ttag +25 ////; 
ttag +26 ////; 
ttag +27 ////; 
ttag +28 ////; 
ttag +29 ////; 
ttag +30 ////; 
ttag +31 ////; 
ttag +32 ////; 
ttag +33 ////; 
ttag +34 ////; 
ttag +35 ////; 
ttag +36 ////; 
ttag +37 ////; 
ttag +38 ////; 
ttag +39 ////; 
ttag +40 ////; 
ttag +41 ////; 
ttag +42 ////; 
ttag +43 ////; 
ttag +44 ////; 
ttag +45 ////; 
ttag +46 ////; 
ttag +47 ////; 
ttag +48 ////; 
ttag +49 52/37/26/40/36; 
ttag +50 100/100/100/100/100; 
ttag +51 98/97/96/99/96; 
ttag +52 100/100/100/100/99; 
ttag +53 54/46/23/38/40; 
ttag +54 100/100/99/100/99; 
ttag +55 96/95/94/98/93; 
ttag +56 47/22/19/28/23; 
ttag +57 93/92/87/94/87; 
ttag +58 97/96/94/95/93; 
ttag +59 50/41/38/44/42; 
ttag +60 95/95/92/97/87; 
ttag +61 99/99/99/99/98; 
ttag +62 100/100/100/100/99; 
ttag +63 67/60/36/57/40; 
ttag +64 100/100/100/100/100; 
ttag +65 15/[16]/?/?/?; 
ttag +66 99/99/96/98/95; 
ttag +67 52/31/42/56/44; 
ttag +68 72/67/66/61/56; 
ttag +69 99/99/99/100/99; 
ttag +70 96/94/93/95/90; 
ttag +71 100/100/100/100/100; 
ttag +72 84/78/67/77/64; 
ttag +73 78/73/72/76/72; 
ttag +74 100/100/100/100/99; 
ttag +75 49/35/22/37/16; 
ttag +76 94/94/86/96/86; 
ttag +77 55/36/30/44/43; 
ttag +78 95/94/88/90/86; 
ttag +79 98/96/95/96/95; 
ttag +80 99/99/96/99/97; 
ttag +81 60/46/26/49/25; 
ttag +82 99/98/98/100/98; 
ttag +83 17/[19]/?/?/?; 
ttag +84 32/4/12/11/2; 
ttag +85 67/51/46/60/42; 
ttag +86 100/100/99/100/99; 
ttag +87 98/97/99/98/98; 
ttag +88 100/100/99/98/97; 
ttag +89 54/28/23/26/15; 
ttag +90 28/[26]/?/?/?; 
ttag +91 99/99/98/100/98; 
ttag +92 97/97/92/97/90; 
ttag +93 78/72/68/76/71; 
ttag +94 79/68/68/70/64; 
