tread
'Tree with tags' 
(0 (1 ((2 3 )(((4 5 )(6 7 ))((8 9 )(10 (11 12 )))))(13 14 )(((15 16 )(17 (18 (19 ((20 21 )((22 23 )(24 25 )))))))((26 27 (28 (29 30 )))(39 (31 ((32 33 )(34 35 )(36 (37 38 ))))((40 41 )(42 (43 ((44 45 )(46 47 )))))))))); 
ttag *!; 
ttag +49 ???; 
ttag +50 12; 
ttag +51 6; 
ttag +52 6; 
ttag +53 3; 
ttag +54 3; 
ttag +55 1; 
ttag +56 1; 
ttag +57 2; 
ttag +58 10; 
ttag +59 7; 
ttag +60 11; 
ttag +61 7; 
ttag +62 4; 
ttag +63 2; 
ttag +64 3; 
ttag +65 5; 
ttag +66 6; 
ttag +67 7; 
ttag +68 6; 
ttag +69 8; 
ttag +70 5; 
ttag +71 2; 
ttag +72 9; 
ttag +73 5; 
ttag +74 2; 
ttag +75 7; 
ttag +76 7; 
ttag +77 5; 
ttag +78 5; 
ttag +79 6; 
ttag +80 4; 
ttag +81 11; 
ttag +82 8; 
ttag +83 1; 
ttag +84 1; 
ttag +85 7; 
ttag +86 5; 
ttag +87 6; 
ttag +88 2; 
ttag +89 8; 
tread
'Tree with tags' 
(0 (((1 (((15 16 )(17 (18 (19 ((20 21 )((22 23 )(24 25 )))))))((26 (27 (28 (29 30 ))))((39 (31 (((32 33 )(34 35 ))(36 (37 38 )))))((40 41 )(42 (43 ((44 45 )(46 47 )))))))))((2 3 )(((4 5 )(6 7 ))((8 9 )(10 (11 12 ))))))(13 14 ))); 
ttag *!; 
ttag +0 ////; 
ttag +1 ////; 
ttag +2 ////; 
ttag +3 ////; 
ttag +4 ////; 
ttag +5 ////; 
ttag +6 ////; 
ttag +7 ////; 
ttag +8 ////; 
ttag +9 ////; 
ttag +10 ////; 
ttag +11 ////; 
ttag +12 ////; 
ttag +13 ////; 
ttag +14 ////; 
ttag +15 ////; 
ttag +16 ////; 
ttag +17 ////; 
ttag +18 ////; 
ttag +19 ////; 
ttag +20 ////; 
ttag +21 ////; 
ttag +22 ////; 
ttag +23 ////; 
ttag +24 ////; 
ttag +25 ////; 
ttag +26 ////; 
ttag +27 ////; 
ttag +28 ////; 
ttag +29 ////; 
ttag +30 ////; 
ttag +31 ////; 
ttag +32 ////; 
ttag +33 ////; 
ttag +34 ////; 
ttag +35 ////; 
ttag +36 ////; 
ttag +37 ////; 
ttag +38 ////; 
ttag +39 ////; 
ttag +40 ////; 
ttag +41 ////; 
ttag +42 ////; 
ttag +43 ////; 
ttag +44 ////; 
ttag +45 ////; 
ttag +46 ////; 
ttag +47 ////; 
ttag +48 ////; 
ttag +49 9/[7]/?/?/?; 
ttag +50 20/7/8/8/8; 
ttag +51 100/100/100/100/100; 
ttag +52 100/100/100/100/100; 
ttag +53 90/88/84/94/84; 
ttag +54 99/99/92/98/98; 
ttag +55 77/75/67/82/67; 
ttag +56 80/78/63/84/63; 
ttag +57 50/16/4/16/10; 
ttag +58 38/25/27/29/18; 
ttag +59 54/42/34/44/43; 
ttag +60 100/100/97/99/99; 
ttag +61 100/100/98/99/99; 
ttag +62 100/100/100/100/100; 
ttag +63 99/98/94/99/95; 
ttag +64 88/84/73/91/74; 
ttag +65 66/57/45/65/46; 
ttag +66 77/69/50/70/51; 
ttag +67 79/72/55/73/58; 
ttag +68 91/87/70/84/76; 
ttag +69 100/100/100/100/100; 
ttag +70 99/98/90/98/98; 
ttag +71 99/99/99/100/98; 
ttag +72 96/95/94/98/94; 
ttag +73 76/67/70/80/69; 
ttag +74 100/100/97/100/98; 
ttag +75 94/91/86/94/85; 
ttag +76 24/[18]/?/?/0; 
ttag +77 83/79/72/78/60; 
ttag +78 100/100/98/100/98; 
ttag +79 99/99/96/100/94; 
ttag +80 54/41/36/35/39; 
ttag +81 89/88/77/92/71; 
ttag +82 98/98/96/97/95; 
ttag +83 32/[6]/1/?/2; 
ttag +84 98/98/92/98/91; 
ttag +85 99/99/98/99/99; 
ttag +86 100/100/99/100/99; 
ttag +87 100/100/98/100/97; 
ttag +88 52/44/33/44/28; 
ttag +89 52/35/32/40/33; 
ttag +90 97/96/90/96/92; 
ttag +91 77/68/60/72/62; 
ttag +92 95/95/90/95/92; 
ttag +93 70/58/48/64/53; 
ttag +94 100/100/100/100/100; 
