tread
'Tree with tags' 
(0 ((1 ((8 (9 (2 3 )))(((4 5 )(6 7 ))(10 (11 12 )))))(13 14 )((15 16 )(17 (18 (19 ((20 21 )((22 23 )(24 25 )))))))((26 27 (28 (29 30 )))(39 (31 ((32 33 )((34 35 )(36 (37 38 )))))((40 41 )(43 (42 ((44 45 )(46 47 ))))))))); 
ttag *!; 
ttag +49 1; 
ttag +50 ???; 
ttag +51 9; 
ttag +52 1; 
ttag +53 1; 
ttag +54 7; 
ttag +55 5; 
ttag +56 5; 
ttag +57 1; 
ttag +58 3; 
ttag +59 6; 
ttag +60 7; 
ttag +61 8; 
ttag +62 8; 
ttag +63 1; 
ttag +64 4; 
ttag +65 9; 
ttag +66 4; 
ttag +67 10; 
ttag +68 8; 
ttag +69 11; 
ttag +70 4; 
ttag +71 8; 
ttag +72 3; 
ttag +73 7; 
ttag +74 9; 
ttag +75 8; 
ttag +76 6; 
ttag +77 6; 
ttag +78 8; 
ttag +79 1; 
ttag +80 2; 
ttag +81 2; 
ttag +82 9; 
ttag +83 5; 
ttag +84 2; 
ttag +85 5; 
ttag +86 3; 
ttag +87 1; 
ttag +88 5; 
ttag +89 10; 
ttag +90 3; 
tread
'Tree with tags' 
(0 ((((1 ((8 (9 (2 3 )))(((4 5 )(6 7 ))(10 (11 12 )))))(13 14 ))((15 16 )(17 (18 (19 ((20 21 )((22 23 )(24 25 ))))))))((26 (27 (28 (29 30 ))))((31 ((32 33 )((34 35 )(36 (37 38 )))))(39 ((40 41 )(43 (42 ((44 45 )(46 47 )))))))))); 
ttag *!; 
ttag +0 ////; 
ttag +1 ////; 
ttag +2 ////; 
ttag +3 ////; 
ttag +4 ////; 
ttag +5 ////; 
ttag +6 ////; 
ttag +7 ////; 
ttag +8 ////; 
ttag +9 ////; 
ttag +10 ////; 
ttag +11 ////; 
ttag +12 ////; 
ttag +13 ////; 
ttag +14 ////; 
ttag +15 ////; 
ttag +16 ////; 
ttag +17 ////; 
ttag +18 ////; 
ttag +19 ////; 
ttag +20 ////; 
ttag +21 ////; 
ttag +22 ////; 
ttag +23 ////; 
ttag +24 ////; 
ttag +25 ////; 
ttag +26 ////; 
ttag +27 ////; 
ttag +28 ////; 
ttag +29 ////; 
ttag +30 ////; 
ttag +31 ////; 
ttag +32 ////; 
ttag +33 ////; 
ttag +34 ////; 
ttag +35 ////; 
ttag +36 ////; 
ttag +37 ////; 
ttag +38 ////; 
ttag +39 ////; 
ttag +40 ////; 
ttag +41 ////; 
ttag +42 ////; 
ttag +43 ////; 
ttag +44 ////; 
ttag +45 ////; 
ttag +46 ////; 
ttag +47 ////; 
ttag +48 ////; 
ttag +49 53/37/36/41/37; 
ttag +50 21/[2]/1/8/5; 
ttag +51 17/[6]/?/?/?; 
ttag +52 100/100/100/100/100; 
ttag +53 100/100/100/100/99; 
ttag +54 41/2/?/1/?; 
ttag +55 37/[1]/?/?/?; 
ttag +56 97/96/93/98/94; 
ttag +57 95/94/88/94/88; 
ttag +58 96/95/90/97/90; 
ttag +59 40/9/18/5/6; 
ttag +60 88/83/80/87/81; 
ttag +61 96/95/87/95/86; 
ttag +62 100/100/99/99/99; 
ttag +63 100/100/99/98/98; 
ttag +64 100/100/100/100/98; 
ttag +65 78/75/71/76/71; 
ttag +66 93/90/76/89/77; 
ttag +67 100/100/98/99/99; 
ttag +68 95/93/85/96/89; 
ttag +69 100/100/100/100/100; 
ttag +70 100/100/100/100/98; 
ttag +71 100/100/100/100/100; 
ttag +72 94/93/90/92/85; 
ttag +73 99/99/98/100/100; 
ttag +74 90/86/78/84/80; 
ttag +75 99/98/93/96/97; 
ttag +76 32/3/0/?/0; 
ttag +77 99/99/98/98/97; 
ttag +78 100/100/100/100/100; 
ttag +79 100/100/97/98/93; 
ttag +80 100/100/99/98/99; 
ttag +81 99/99/98/99/96; 
ttag +82 50/41/34/46/37; 
ttag +83 81/75/75/82/72; 
ttag +84 77/72/58/70/55; 
ttag +85 100/100/98/100/99; 
ttag +86 92/88/75/88/74; 
ttag +87 24/[17]/?/?/?; 
ttag +88 68/50/43/53/36; 
ttag +89 96/96/88/96/84; 
ttag +90 76/72/68/78/64; 
ttag +91 47/32/26/33/17; 
ttag +92 98/98/90/97/93; 
ttag +93 99/99/98/100/99; 
ttag +94 90/87/82/85/83; 
