tread
'Tree with tags' 
(0 ((1 ((2 3 )(((4 5 )(6 7 ))(8 9 (10 (11 12 ))))))(13 14 )(17 ((15 16 )((18 19 )((20 21 )(25 (24 (22 23 )))))))((26 (27 (28 (29 30 ))))(39 (31 ((32 33 )((34 35 )(36 (37 38 )))))((40 41 )(42 (43 ((44 45 )(46 47 ))))))))); 
ttag *!; 
ttag +49 2; 
ttag +50 ???; 
ttag +51 5; 
ttag +52 7; 
ttag +53 4; 
ttag +54 2; 
ttag +55 4; 
ttag +56 5; 
ttag +57 2; 
ttag +58 7; 
ttag +59 9; 
ttag +60 6; 
ttag +61 9; 
ttag +62 1; 
ttag +63 5; 
ttag +64 1; 
ttag +65 6; 
ttag +66 12; 
ttag +67 4; 
ttag +68 10; 
ttag +69 1; 
ttag +70 4; 
ttag +71 7; 
ttag +72 4; 
ttag +73 4; 
ttag +74 2; 
ttag +75 3; 
ttag +76 1; 
ttag +77 2; 
ttag +78 10; 
ttag +79 2; 
ttag +80 3; 
ttag +81 1; 
ttag +82 8; 
ttag +83 6; 
ttag +84 2; 
ttag +85 13; 
ttag +86 4; 
ttag +87 7; 
ttag +88 16; 
ttag +89 9; 
ttag +90 3; 
tread
'Tree with tags' 
(0 ((1 ((2 3 )(((4 5 )(6 7 ))((8 9 )(10 (11 12 ))))))(((13 14 )(17 ((15 16 )((18 19 )((20 21 )(25 (24 (22 23 ))))))))((26 (27 (28 (29 30 ))))((31 ((32 33 )((34 35 )(36 (37 38 )))))(39 ((40 41 )(42 (43 ((44 45 )(46 47 ))))))))))); 
ttag *!; 
ttag +0 ////; 
ttag +1 ////; 
ttag +2 ////; 
ttag +3 ////; 
ttag +4 ////; 
ttag +5 ////; 
ttag +6 ////; 
ttag +7 ////; 
ttag +8 ////; 
ttag +9 ////; 
ttag +10 ////; 
ttag +11 ////; 
ttag +12 ////; 
ttag +13 ////; 
ttag +14 ////; 
ttag +15 ////; 
ttag +16 ////; 
ttag +17 ////; 
ttag +18 ////; 
ttag +19 ////; 
ttag +20 ////; 
ttag +21 ////; 
ttag +22 ////; 
ttag +23 ////; 
ttag +24 ////; 
ttag +25 ////; 
ttag +26 ////; 
ttag +27 ////; 
ttag +28 ////; 
ttag +29 ////; 
ttag +30 ////; 
ttag +31 ////; 
ttag +32 ////; 
ttag +33 ////; 
ttag +34 ////; 
ttag +35 ////; 
ttag +36 ////; 
ttag +37 ////; 
ttag +38 ////; 
ttag +39 ////; 
ttag +40 ////; 
ttag +41 ////; 
ttag +42 ////; 
ttag +43 ////; 
ttag +44 ////; 
ttag +45 ////; 
ttag +46 ////; 
ttag +47 ////; 
ttag +48 ////; 
ttag +49 48/30/25/37/32; 
ttag +50 100/100/100/100/100; 
ttag +51 98/98/96/97/97; 
ttag +52 95/94/92/97/96; 
ttag +53 98/98/91/94/92; 
ttag +54 66/58/48/54/39; 
ttag +55 92/91/86/94/88; 
ttag +56 89/88/84/90/79; 
ttag +57 35/0/1/?/2; 
ttag +58 76/71/62/76/62; 
ttag +59 100/100/95/99/97; 
ttag +60 100/100/100/100/100; 
ttag +61 97/97/97/98/97; 
ttag +62 28/4/?/4/?; 
ttag +63 16/[8]/?/?/?; 
ttag +64 100/100/99/100/99; 
ttag +65 45/32/26/41/26; 
ttag +66 92/91/92/92/86; 
ttag +67 58/32/24/35/33; 
ttag +68 97/97/89/96/94; 
ttag +69 100/100/100/100/100; 
ttag +70 95/94/88/92/89; 
ttag +71 100/100/99/99/100; 
ttag +72 58/45/33/50/43; 
ttag +73 98/98/91/94/89; 
ttag +74 100/100/98/99/99; 
ttag +75 89/88/81/90/80; 
ttag +76 93/91/84/92/84; 
ttag +77 71/58/52/65/62; 
ttag +78 89/86/72/80/76; 
ttag +79 63/52/46/53/50; 
ttag +80 82/80/67/75/68; 
ttag +81 100/100/99/100/99; 
ttag +82 75/64/52/62/55; 
ttag +83 87/84/75/86/76; 
ttag +84 50/38/22/38/36; 
ttag +85 100/100/100/100/100; 
ttag +86 96/95/93/96/90; 
ttag +87 38/8/?/12/6; 
ttag +88 73/65/68/71/55; 
ttag +89 100/100/98/100/98; 
ttag +90 98/98/96/97/96; 
ttag +91 99/99/98/98/98; 
ttag +92 100/100/100/100/100; 
ttag +93 100/100/97/100/98; 
ttag +94 94/94/94/94/94; 
