tread
'Tree with tags' 
(0 (1 ((2 3 )(((4 5 )(6 7 ))(8 9 10 (11 12 ))))(13 14 )(17 (15 16 )(18 19 ((20 21 )((22 23 )(24 25 )))))((26 (27 (28 (29 30 ))))(39 (31 ((32 33 )(34 35 )(36 (37 38 ))))((40 41 )(42 (43 ((44 45 )(46 47 ))))))))); 
ttag *!; 
ttag +49 ???; 
ttag +50 6; 
ttag +51 9; 
ttag +52 14; 
ttag +53 1; 
ttag +54 4; 
ttag +55 1; 
ttag +56 1; 
ttag +57 8; 
ttag +58 8; 
ttag +59 9; 
ttag +60 3; 
ttag +61 6; 
ttag +62 3; 
ttag +63 15; 
ttag +64 3; 
ttag +65 3; 
ttag +66 7; 
ttag +67 8; 
ttag +68 6; 
ttag +69 2; 
ttag +70 4; 
ttag +71 11; 
ttag +72 3; 
ttag +73 9; 
ttag +74 1; 
ttag +75 3; 
ttag +76 5; 
ttag +77 6; 
ttag +78 10; 
ttag +79 1; 
ttag +80 4; 
ttag +81 4; 
ttag +82 1; 
ttag +83 7; 
ttag +84 2; 
ttag +85 5; 
tread
'Tree with tags' 
(0 ((1 (((13 14 )((26 (27 (28 (29 30 ))))((31 ((32 33 )((34 35 )(36 (37 38 )))))(39 ((40 41 )(42 (43 ((44 45 )(46 47 )))))))))((17 (15 16 ))(18 (19 ((20 21 )((22 23 )(24 25 ))))))))((2 3 )(((4 5 )(6 7 ))((10 (8 9 ))(11 12 )))))); 
ttag *!; 
ttag +0 ////; 
ttag +1 ////; 
ttag +2 ////; 
ttag +3 ////; 
ttag +4 ////; 
ttag +5 ////; 
ttag +6 ////; 
ttag +7 ////; 
ttag +8 ////; 
ttag +9 ////; 
ttag +10 ////; 
ttag +11 ////; 
ttag +12 ////; 
ttag +13 ////; 
ttag +14 ////; 
ttag +15 ////; 
ttag +16 ////; 
ttag +17 ////; 
ttag +18 ////; 
ttag +19 ////; 
ttag +20 ////; 
ttag +21 ////; 
ttag +22 ////; 
ttag +23 ////; 
ttag +24 ////; 
ttag +25 ////; 
ttag +26 ////; 
ttag +27 ////; 
ttag +28 ////; 
ttag +29 ////; 
ttag +30 ////; 
ttag +31 ////; 
ttag +32 ////; 
ttag +33 ////; 
ttag +34 ////; 
ttag +35 ////; 
ttag +36 ////; 
ttag +37 ////; 
ttag +38 ////; 
ttag +39 ////; 
ttag +40 ////; 
ttag +41 ////; 
ttag +42 ////; 
ttag +43 ////; 
ttag +44 ////; 
ttag +45 ////; 
ttag +46 ////; 
ttag +47 ////; 
ttag +48 ////; 
ttag +49 44/27/21/21/23; 
ttag +50 100/100/100/100/100; 
ttag +51 98/98/96/98/96; 
ttag +52 99/98/98/99/97; 
ttag +53 100/100/100/100/100; 
ttag +54 65/56/56/57/61; 
ttag +55 95/93/93/97/92; 
ttag +56 48/36/34/31/25; 
ttag +57 46/30/42/30/41; 
ttag +58 16/[28]/?/?/?; 
ttag +59 56/46/44/46/34; 
ttag +60 100/100/99/100/99; 
ttag +61 100/100/100/100/100; 
ttag +62 45/20/?/16/8; 
ttag +63 29/12/13/14/18; 
ttag +64 100/100/98/100/99; 
ttag +65 4/[44]/?/?/?; 
ttag +66 94/91/78/84/83; 
ttag +67 100/100/96/96/91; 
ttag +68 30/[10]/3/?/1; 
ttag +69 89/86/77/90/83; 
ttag +70 100/100/100/100/100; 
ttag +71 88/83/69/81/82; 
ttag +72 86/84/70/78/63; 
ttag +73 100/100/98/98/96; 
ttag +74 100/100/99/99/99; 
ttag +75 98/98/94/97/92; 
ttag +76 81/77/65/82/66; 
ttag +77 89/88/85/91/79; 
ttag +78 100/100/100/100/100; 
ttag +79 94/91/90/92/91; 
ttag +80 99/99/99/100/98; 
ttag +81 72/58/49/50/53; 
ttag +82 98/97/91/94/92; 
ttag +83 100/100/99/99/100; 
ttag +84 30/3/4/15/12; 
ttag +85 99/99/94/99/94; 
ttag +86 100/100/100/100/100; 
ttag +87 32/9/13/11/14; 
ttag +88 61/40/29/36/35; 
ttag +89 99/98/94/92/93; 
ttag +90 95/94/82/91/84; 
ttag +91 47/11/?/24/8; 
ttag +92 100/100/99/99/98; 
ttag +93 70/56/34/48/46; 
ttag +94 96/95/89/94/90; 
