tread
'Tree with tags' 
(0 ((1 ((2 3 )(((4 5 )(6 7 ))(8 9 )(10 (11 12 )))))(((13 14 )((26 (27 (28 (29 30 ))))((39 (31 (((32 33 )(34 35 ))(36 (37 38 )))))((40 41 )(42 (43 ((44 45 )(46 47 ))))))))((17 ((15 16 )((20 21 )((22 23 )(24 25 )))))(18 19 ))))); 
ttag *!; 
ttag +49 1; 
ttag +50 ???; 
ttag +51 10; 
ttag +52 9; 
ttag +53 5; 
ttag +54 4; 
ttag +55 4; 
ttag +56 2; 
ttag +57 1; 
ttag +58 5; 
ttag +59 7; 
ttag +60 3; 
ttag +61 1; 
ttag +62 1; 
ttag +63 8; 
ttag +64 1; 
ttag +65 1; 
ttag +66 5; 
ttag +67 1; 
ttag +68 7; 
ttag +69 1; 
ttag +70 13; 
ttag +71 4; 
ttag +72 1; 
ttag +73 4; 
ttag +74 6; 
ttag +75 4; 
ttag +76 5; 
ttag +77 3; 
ttag +78 7; 
ttag +79 1; 
ttag +80 4; 
ttag +81 8; 
ttag +82 2; 
ttag +83 8; 
ttag +84 7; 
ttag +85 9; 
ttag +86 10; 
ttag +87 5; 
ttag +88 4; 
ttag +89 15; 
ttag +90 5; 
ttag +91 4; 
ttag +92 1; 
ttag +93 5; 
tread
'Tree with tags' 
(0 ((1 ((2 3 )(((4 5 )(6 7 ))((8 9 )(10 (11 12 ))))))(((13 14 )((26 (27 (28 (29 30 ))))((39 (31 (((32 33 )(34 35 ))(36 (37 38 )))))((40 41 )(42 (43 ((44 45 )(46 47 ))))))))((17 ((15 16 )((20 21 )((22 23 )(24 25 )))))(18 19 ))))); 
ttag *!; 
ttag +0 ////; 
ttag +1 ////; 
ttag +2 ////; 
ttag +3 ////; 
ttag +4 ////; 
ttag +5 ////; 
ttag +6 ////; 
ttag +7 ////; 
ttag +8 ////; 
ttag +9 ////; 
ttag +10 ////; 
ttag +11 ////; 
ttag +12 ////; 
ttag +13 ////; 
ttag +14 ////; 
ttag +15 ////; 
ttag +16 ////; 
ttag +17 ////; 
ttag +18 ////; 
ttag +19 ////; 
ttag +20 ////; 
ttag +21 ////; 
ttag +22 ////; 
ttag +23 ////; 
ttag +24 ////; 
ttag +25 ////; 
ttag +26 ////; 
ttag +27 ////; 
ttag +28 ////; 
ttag +29 ////; 
ttag +30 ////; 
ttag +31 ////; 
ttag +32 ////; 
ttag +33 ////; 
ttag +34 ////; 
ttag +35 ////; 
ttag +36 ////; 
ttag +37 ////; 
ttag +38 ////; 
ttag +39 ////; 
ttag +40 ////; 
ttag +41 ////; 
ttag +42 ////; 
ttag +43 ////; 
ttag +44 ////; 
ttag +45 ////; 
ttag +46 ////; 
ttag +47 ////; 
ttag +48 ////; 
ttag +49 38/23/21/20/8; 
ttag +50 100/100/100/100/100; 
ttag +51 100/100/99/99/97; 
ttag +52 100/100/100/100/99; 
ttag +53 98/98/97/97/98; 
ttag +54 96/95/94/93/90; 
ttag +55 90/89/74/88/72; 
ttag +56 79/67/58/66/66; 
ttag +57 46/37/29/34/30; 
ttag +58 42/10/14/9/14; 
ttag +59 92/89/84/94/83; 
ttag +60 100/100/99/99/98; 
ttag +61 89/84/82/82/77; 
ttag +62 32/8/7/12/?; 
ttag +63 29/5/1/10/?; 
ttag +64 99/98/97/99/98; 
ttag +65 30/9/13/10/5; 
ttag +66 35/23/19/34/15; 
ttag +67 90/89/76/86/79; 
ttag +68 37/25/22/23/19; 
ttag +69 100/100/100/100/100; 
ttag +70 62/40/48/43/37; 
ttag +71 100/100/100/100/100; 
ttag +72 96/95/87/94/89; 
ttag +73 60/36/23/29/30; 
ttag +74 97/97/91/97/93; 
ttag +75 96/95/92/94/93; 
ttag +76 97/97/92/94/85; 
ttag +77 98/98/96/99/99; 
ttag +78 92/90/82/86/81; 
ttag +79 99/99/93/98/98; 
ttag +80 75/75/72/70/76; 
ttag +81 86/79/77/75/75; 
ttag +82 99/98/98/99/98; 
ttag +83 87/86/76/85/82; 
ttag +84 99/98/95/98/93; 
ttag +85 100/100/100/100/100; 
ttag +86 100/100/100/100/99; 
ttag +87 100/100/99/100/99; 
ttag +88 96/95/94/95/95; 
ttag +89 92/90/80/90/75; 
ttag +90 100/100/100/100/99; 
ttag +91 98/97/96/97/95; 
ttag +92 88/85/83/88/78; 
ttag +93 58/35/32/37/30; 
ttag +94 96/95/92/94/89; 
