tread
'Tree with tags' 
(0 (((1 ((15 16 )(17 (18 (19 ((20 21 )((22 23 )(24 25 ))))))))((13 14 )((26 (27 (28 (29 30 ))))(39 ((31 (((32 33 )(36 (37 38 )))(34 35 )))((40 41 )(42 (43 ((44 45 )(46 47 ))))))))))((2 3 )(((4 5 )(6 7 ))(8 9 (10 (11 12 ))))))); 
ttag *!; 
ttag +49 1; 
ttag +50 1; 
ttag +51 ???; 
ttag +52 6; 
ttag +53 7; 
ttag +54 5; 
ttag +55 4; 
ttag +56 3; 
ttag +57 4; 
ttag +58 4; 
ttag +59 5; 
ttag +60 7; 
ttag +61 9; 
ttag +62 2; 
ttag +63 8; 
ttag +64 3; 
ttag +65 1; 
ttag +66 8; 
ttag +67 2; 
ttag +68 6; 
ttag +69 3; 
ttag +70 8; 
ttag +71 8; 
ttag +72 4; 
ttag +73 3; 
ttag +74 12; 
ttag +75 2; 
ttag +76 7; 
ttag +77 7; 
ttag +78 6; 
ttag +79 2; 
ttag +80 6; 
ttag +81 6; 
ttag +82 2; 
ttag +83 9; 
ttag +84 1; 
ttag +85 10; 
ttag +86 7; 
ttag +87 3; 
ttag +88 5; 
ttag +89 11; 
ttag +90 5; 
ttag +91 4; 
ttag +92 7; 
ttag +93 2; 
tread
'Tree with tags' 
(0 (((1 ((15 16 )(17 (18 (19 ((20 21 )((22 23 )(24 25 ))))))))((13 14 )((26 (27 (28 (29 30 ))))(39 ((31 (((32 33 )(36 (37 38 )))(34 35 )))((40 41 )(42 (43 ((44 45 )(46 47 ))))))))))((2 3 )(((4 5 )(6 7 ))(9 (8 (10 (11 12 )))))))); 
ttag *!; 
ttag +0 ////; 
ttag +1 ////; 
ttag +2 ////; 
ttag +3 ////; 
ttag +4 ////; 
ttag +5 ////; 
ttag +6 ////; 
ttag +7 ////; 
ttag +8 ////; 
ttag +9 ////; 
ttag +10 ////; 
ttag +11 ////; 
ttag +12 ////; 
ttag +13 ////; 
ttag +14 ////; 
ttag +15 ////; 
ttag +16 ////; 
ttag +17 ////; 
ttag +18 ////; 
ttag +19 ////; 
ttag +20 ////; 
ttag +21 ////; 
ttag +22 ////; 
ttag +23 ////; 
ttag +24 ////; 
ttag +25 ////; 
ttag +26 ////; 
ttag +27 ////; 
ttag +28 ////; 
ttag +29 ////; 
ttag +30 ////; 
ttag +31 ////; 
ttag +32 ////; 
ttag +33 ////; 
ttag +34 ////; 
ttag +35 ////; 
ttag +36 ////; 
ttag +37 ////; 
ttag +38 ////; 
ttag +39 ////; 
ttag +40 ////; 
ttag +41 ////; 
ttag +42 ////; 
ttag +43 ////; 
ttag +44 ////; 
ttag +45 ////; 
ttag +46 ////; 
ttag +47 ////; 
ttag +48 ////; 
ttag +49 31/3/?/4/?; 
ttag +50 21/[6]/?/?/?; 
ttag +51 100/100/100/100/100; 
ttag +52 92/90/86/93/84; 
ttag +53 94/94/91/99/95; 
ttag +54 93/90/82/91/88; 
ttag +55 96/95/88/96/87; 
ttag +56 75/64/64/63/55; 
ttag +57 98/98/96/97/96; 
ttag +58 0/[8]/?/?/?; 
ttag +59 82/73/49/67/42; 
ttag +60 90/88/76/93/79; 
ttag +61 99/99/95/99/96; 
ttag +62 100/100/99/100/100; 
ttag +63 71/64/48/58/50; 
ttag +64 99/98/96/100/99; 
ttag +65 76/68/67/73/57; 
ttag +66 52/36/30/40/23; 
ttag +67 98/97/97/100/96; 
ttag +68 66/54/42/58/51; 
ttag +69 100/100/99/99/100; 
ttag +70 84/81/72/81/66; 
ttag +71 99/99/98/99/98; 
ttag +72 100/100/98/100/100; 
ttag +73 91/86/86/92/84; 
ttag +74 76/70/59/74/68; 
ttag +75 100/100/99/100/100; 
ttag +76 62/52/36/63/42; 
ttag +77 98/98/96/99/96; 
ttag +78 100/100/100/100/99; 
ttag +79 95/93/83/95/89; 
ttag +80 67/64/48/69/49; 
ttag +81 93/91/84/96/83; 
ttag +82 95/94/94/98/89; 
ttag +83 82/82/83/86/80; 
ttag +84 100/100/99/100/99; 
ttag +85 58/38/24/46/30; 
ttag +86 100/100/98/99/98; 
ttag +87 100/100/100/99/99; 
ttag +88 77/71/63/80/56; 
ttag +89 94/94/84/94/83; 
ttag +90 99/98/98/98/97; 
ttag +91 96/94/93/96/96; 
ttag +92 87/84/80/90/77; 
ttag +93 99/99/96/98/98; 
ttag +94 72/58/55/66/55; 
