tread
'Tree with tags' 
(0 (1 (8 9 (2 3 )(6 7 (4 5 ))(10 (11 12 )))((13 14 )((15 16 )(17 (18 (19 ((20 21 )((22 23 )(24 25 )))))))((26 (27 (28 (29 30 ))))((39 (31 ((32 33 )(34 35 (36 (37 38 ))))))((40 41 )(42 (43 ((44 45 )(46 47 )))))))))); 
ttag *!; 
ttag +49 ???; 
ttag +50 10; 
ttag +51 2; 
ttag +52 5; 
ttag +53 6; 
ttag +54 5; 
ttag +55 8; 
ttag +56 5; 
ttag +57 2; 
ttag +58 12; 
ttag +59 5; 
ttag +60 2; 
ttag +61 6; 
ttag +62 5; 
ttag +63 6; 
ttag +64 9; 
ttag +65 8; 
ttag +66 5; 
ttag +67 3; 
ttag +68 9; 
ttag +69 4; 
ttag +70 1; 
ttag +71 4; 
ttag +72 5; 
ttag +73 6; 
ttag +74 2; 
ttag +75 1; 
ttag +76 7; 
ttag +77 4; 
ttag +78 3; 
ttag +79 13; 
ttag +80 9; 
ttag +81 5; 
ttag +82 7; 
ttag +83 3; 
ttag +84 3; 
ttag +85 5; 
ttag +86 9; 
ttag +87 4; 
tread
'Tree with tags' 
(0 ((1 (9 ((2 3 )(8 (((4 5 )(6 7 ))(10 (11 12 )))))))(((13 14 )((26 (27 (28 (29 30 ))))((39 (31 ((32 33 )(34 (35 (36 (37 38 )))))))((40 41 )(42 (43 ((44 45 )(46 47 ))))))))((15 16 )(17 (18 (19 ((20 21 )((22 23 )(24 25 )))))))))); 
ttag *!; 
ttag +0 ////; 
ttag +1 ////; 
ttag +2 ////; 
ttag +3 ////; 
ttag +4 ////; 
ttag +5 ////; 
ttag +6 ////; 
ttag +7 ////; 
ttag +8 ////; 
ttag +9 ////; 
ttag +10 ////; 
ttag +11 ////; 
ttag +12 ////; 
ttag +13 ////; 
ttag +14 ////; 
ttag +15 ////; 
ttag +16 ////; 
ttag +17 ////; 
ttag +18 ////; 
ttag +19 ////; 
ttag +20 ////; 
ttag +21 ////; 
ttag +22 ////; 
ttag +23 ////; 
ttag +24 ////; 
ttag +25 ////; 
ttag +26 ////; 
ttag +27 ////; 
ttag +28 ////; 
ttag +29 ////; 
ttag +30 ////; 
ttag +31 ////; 
ttag +32 ////; 
ttag +33 ////; 
ttag +34 ////; 
ttag +35 ////; 
ttag +36 ////; 
ttag +37 ////; 
ttag +38 ////; 
ttag +39 ////; 
ttag +40 ////; 
ttag +41 ////; 
ttag +42 ////; 
ttag +43 ////; 
ttag +44 ////; 
ttag +45 ////; 
ttag +46 ////; 
ttag +47 ////; 
ttag +48 ////; 
ttag +49 15/[1]/?/?/?; 
ttag +50 100/100/100/100/100; 
ttag +51 100/100/100/100/100; 
ttag +52 45/3/18/5/8; 
ttag +53 66/49/44/53/47; 
ttag +54 99/99/97/98/96; 
ttag +55 99/99/95/98/93; 
ttag +56 38/24/20/17/11; 
ttag +57 39/23/23/18/24; 
ttag +58 46/13/16/14/16; 
ttag +59 97/96/92/97/94; 
ttag +60 100/100/99/100/99; 
ttag +61 98/98/95/97/94; 
ttag +62 20/[12]/?/?/?; 
ttag +63 47/30/21/31/24; 
ttag +64 100/100/99/100/99; 
ttag +65 87/84/68/84/76; 
ttag +66 91/90/80/86/80; 
ttag +67 99/99/90/98/86; 
ttag +68 100/100/96/99/98; 
ttag +69 99/99/99/99/100; 
ttag +70 99/99/97/98/93; 
ttag +71 100/100/98/100/98; 
ttag +72 96/96/91/95/91; 
ttag +73 80/71/66/82/65; 
ttag +74 99/99/98/99/97; 
ttag +75 93/91/86/92/88; 
ttag +76 60/42/35/45/33; 
ttag +77 92/90/79/88/77; 
ttag +78 97/97/94/98/91; 
ttag +79 94/92/88/94/88; 
ttag +80 72/59/53/58/39; 
ttag +81 57/43/38/47/42; 
ttag +82 100/100/99/100/100; 
ttag +83 94/94/88/92/84; 
ttag +84 90/86/84/92/81; 
ttag +85 31/0/0/?/?; 
ttag +86 100/100/98/99/99; 
ttag +87 99/99/96/99/96; 
ttag +88 98/98/94/96/93; 
ttag +89 100/100/96/99/96; 
ttag +90 92/90/88/95/80; 
ttag +91 80/68/59/74/62; 
ttag +92 98/98/100/97/94; 
ttag +93 100/100/99/100/100; 
ttag +94 96/95/88/96/92; 
