tread
'Tree with tags' 
(0 ((1 (((2 3 )(((4 5 )(6 7 ))(8 (9 (10 (11 12 ))))))((15 16 )(17 (18 (19 ((20 21 )((22 23 )(24 25 )))))))))((13 14 )((26 (27 (28 (29 30 ))))((39 (31 ((32 33 )((34 35 )(36 (37 38 ))))))((40 41 )(42 (43 ((44 45 )(46 47 )))))))))); 
ttag *!; 
ttag +49 1; 
ttag +50 ???; 
ttag +51 8; 
ttag +52 3; 
ttag +53 2; 
ttag +54 9; 
ttag +55 9; 
ttag +56 4; 
ttag +57 1; 
ttag +58 3; 
ttag +59 1; 
ttag +60 4; 
ttag +61 3; 
ttag +62 7; 
ttag +63 1; 
ttag +64 11; 
ttag +65 7; 
ttag +66 2; 
ttag +67 4; 
ttag +68 3; 
ttag +69 4; 
ttag +70 7; 
ttag +71 12; 
ttag +72 8; 
ttag +73 3; 
ttag +74 9; 
ttag +75 4; 
ttag +76 2; 
ttag +77 1; 
ttag +78 2; 
ttag +79 2; 
ttag +80 1; 
ttag +81 6; 
ttag +82 6; 
ttag +83 4; 
ttag +84 3; 
ttag +85 2; 
ttag +86 16; 
ttag +87 7; 
ttag +88 8; 
ttag +89 7; 
ttag +90 5; 
ttag +91 3; 
ttag +92 6; 
ttag +93 4; 
ttag +94 3; 
tread
'Tree with tags' 
(0 ((1 (((2 3 )(((4 5 )(6 7 ))(8 (9 (10 (11 12 ))))))((15 16 )(17 (18 (19 ((20 21 )((22 23 )(24 25 )))))))))((13 14 )((26 (27 (28 (29 30 ))))((39 (31 ((32 33 )((34 35 )(36 (37 38 ))))))((40 41 )(42 (43 ((44 45 )(46 47 )))))))))); 
ttag *!; 
ttag +0 ////; 
ttag +1 ////; 
ttag +2 ////; 
ttag +3 ////; 
ttag +4 ////; 
ttag +5 ////; 
ttag +6 ////; 
ttag +7 ////; 
ttag +8 ////; 
ttag +9 ////; 
ttag +10 ////; 
ttag +11 ////; 
ttag +12 ////; 
ttag +13 ////; 
ttag +14 ////; 
ttag +15 ////; 
ttag +16 ////; 
ttag +17 ////; 
ttag +18 ////; 
ttag +19 ////; 
ttag +20 ////; 
ttag +21 ////; 
ttag +22 ////; 
ttag +23 ////; 
ttag +24 ////; 
ttag +25 ////; 
ttag +26 ////; 
ttag +27 ////; 
ttag +28 ////; 
ttag +29 ////; 
ttag +30 ////; 
ttag +31 ////; 
ttag +32 ////; 
ttag +33 ////; 
ttag +34 ////; 
ttag +35 ////; 
ttag +36 ////; 
ttag +37 ////; 
ttag +38 ////; 
ttag +39 ////; 
ttag +40 ////; 
ttag +41 ////; 
ttag +42 ////; 
ttag +43 ////; 
ttag +44 ////; 
ttag +45 ////; 
ttag +46 ////; 
ttag +47 ////; 
ttag +48 ////; 
ttag +49 18/0/?/6/?; 
ttag +50 100/100/100/100/100; 
ttag +51 99/99/97/100/96; 
ttag +52 69/58/47/58/57; 
ttag +53 52/38/24/42/34; 
ttag +54 100/100/99/100/99; 
ttag +55 99/99/98/100/99; 
ttag +56 94/93/86/93/88; 
ttag +57 66/50/44/46/29; 
ttag +58 83/76/60/72/55; 
ttag +59 52/34/20/42/27; 
ttag +60 86/84/76/81/74; 
ttag +61 86/81/79/86/78; 
ttag +62 99/99/95/97/98; 
ttag +63 25/6/5/10/5; 
ttag +64 100/100/100/100/99; 
ttag +65 99/99/96/99/96; 
ttag +66 68/57/39/52/43; 
ttag +67 93/91/86/90/84; 
ttag +68 94/94/91/92/88; 
ttag +69 98/98/98/99/96; 
ttag +70 99/99/98/99/99; 
ttag +71 100/100/100/100/100; 
ttag +72 100/100/98/100/98; 
ttag +73 88/82/71/83/74; 
ttag +74 98/98/97/99/96; 
ttag +75 74/68/57/66/63; 
ttag +76 76/71/65/73/74; 
ttag +77 60/33/37/44/48; 
ttag +78 78/68/64/61/52; 
ttag +79 60/54/41/67/50; 
ttag +80 49/42/20/47/24; 
ttag +81 98/98/91/98/92; 
ttag +82 98/98/94/98/99; 
ttag +83 88/86/73/88/75; 
ttag +84 91/88/82/86/84; 
ttag +85 78/73/53/75/60; 
ttag +86 100/100/100/100/100; 
ttag +87 100/100/96/99/99; 
ttag +88 99/99/97/98/98; 
ttag +89 100/100/97/99/98; 
ttag +90 98/98/93/98/94; 
ttag +91 86/80/56/80/66; 
ttag +92 100/100/98/99/99; 
ttag +93 91/87/80/90/84; 
ttag +94 81/74/66/77/69; 
