tread
'Tree with tags' 
(0 (1 ((2 3 )(((4 5 )(6 7 ))((8 9 )(10 (11 12 )))))((13 14 )(17 (15 16 )(18 (19 ((20 21 )((22 23 )(24 25 ))))))((26 (27 (28 (29 30 ))))(39 ((31 ((32 33 )((34 35 )(36 (37 38 )))))((40 41 )(42 (43 ((44 45 )(46 47 ))))))))))); 
ttag *!; 
ttag +49 ???; 
ttag +50 11; 
ttag +51 10; 
ttag +52 9; 
ttag +53 5; 
ttag +54 2; 
ttag +55 2; 
ttag +56 1; 
ttag +57 2; 
ttag +58 3; 
ttag +59 8; 
ttag +60 8; 
ttag +61 1; 
ttag +62 9; 
ttag +63 2; 
ttag +64 3; 
ttag +65 2; 
ttag +66 3; 
ttag +67 3; 
ttag +68 13; 
ttag +69 4; 
ttag +70 5; 
ttag +71 8; 
ttag +72 8; 
ttag +73 3; 
ttag +74 6; 
ttag +75 8; 
ttag +76 9; 
ttag +77 1; 
ttag +78 2; 
ttag +79 7; 
ttag +80 4; 
ttag +81 2; 
ttag +82 3; 
ttag +83 9; 
ttag +84 4; 
ttag +85 1; 
ttag +86 6; 
ttag +87 10; 
ttag +88 2; 
ttag +89 4; 
ttag +90 7; 
ttag +91 3; 
tread
'Tree with tags' 
(0 ((1 ((2 3 )(((4 5 )(6 7 ))((8 9 )(10 (11 12 ))))))((13 14 )(((15 16 )(17 (18 (19 ((20 21 )((22 23 )(24 25 )))))))((26 (27 (28 (29 30 ))))(39 ((31 ((32 33 )((34 35 )(36 (37 38 )))))((40 41 )(42 (43 ((44 45 )(46 47 )))))))))))); 
ttag *!; 
ttag +0 ////; 
ttag +1 ////; 
ttag +2 ////; 
ttag +3 ////; 
ttag +4 ////; 
ttag +5 ////; 
ttag +6 ////; 
ttag +7 ////; 
ttag +8 ////; 
ttag +9 ////; 
ttag +10 ////; 
ttag +11 ////; 
ttag +12 ////; 
ttag +13 ////; 
ttag +14 ////; 
ttag +15 ////; 
ttag +16 ////; 
ttag +17 ////; 
ttag +18 ////; 
ttag +19 ////; 
ttag +20 ////; 
ttag +21 ////; 
ttag +22 ////; 
ttag +23 ////; 
ttag +24 ////; 
ttag +25 ////; 
ttag +26 ////; 
ttag +27 ////; 
ttag +28 ////; 
ttag +29 ////; 
ttag +30 ////; 
ttag +31 ////; 
ttag +32 ////; 
ttag +33 ////; 
ttag +34 ////; 
ttag +35 ////; 
ttag +36 ////; 
ttag +37 ////; 
ttag +38 ////; 
ttag +39 ////; 
ttag +40 ////; 
ttag +41 ////; 
ttag +42 ////; 
ttag +43 ////; 
ttag +44 ////; 
ttag +45 ////; 
ttag +46 ////; 
ttag +47 ////; 
ttag +48 ////; 
ttag +49 35/21/15/21/13; 
ttag +50 100/100/100/100/100; 
ttag +51 100/100/100/100/100; 
ttag +52 100/100/98/98/98; 
ttag +53 100/100/100/100/99; 
ttag +54 93/89/72/90/70; 
ttag +55 74/63/50/60/42; 
ttag +56 68/58/42/62/39; 
ttag +57 54/36/40/42/40; 
ttag +58 79/76/65/74/58; 
ttag +59 85/82/68/84/64; 
ttag +60 100/100/100/100/100; 
ttag +61 100/100/99/99/98; 
ttag +62 53/39/33/39/36; 
ttag +63 100/100/100/100/100; 
ttag +64 82/77/62/77/59; 
ttag +65 22/8/11/6/15; 
ttag +66 14/[11]/?/?/?; 
ttag +67 87/80/81/85/74; 
ttag +68 88/87/77/86/77; 
ttag +69 92/89/83/92/84; 
ttag +70 88/88/78/91/77; 
ttag +71 100/100/100/100/100; 
ttag +72 93/92/81/90/79; 
ttag +73 97/96/94/98/94; 
ttag +74 100/100/99/100/98; 
ttag +75 98/98/96/98/96; 
ttag +76 94/93/76/92/80; 
ttag +77 98/97/97/99/95; 
ttag +78 99/99/98/100/98; 
ttag +79 100/100/98/100/98; 
ttag +80 48/37/32/33/14; 
ttag +81 87/83/81/84/76; 
ttag +82 100/100/99/100/100; 
ttag +83 87/82/76/83/83; 
ttag +84 88/88/86/83/84; 
ttag +85 87/82/79/77/78; 
ttag +86 100/100/99/99/100; 
ttag +87 96/94/92/97/92; 
ttag +88 62/46/38/52/39; 
ttag +89 95/94/93/96/89; 
ttag +90 99/99/100/100/96; 
ttag +91 76/71/64/71/61; 
ttag +92 97/95/87/92/85; 
ttag +93 99/99/99/99/98; 
ttag +94 87/85/82/85/84; 
