tread
'Tree with tags' 
(0 (1 ((2 3 )((6 7 (4 5 ))((8 9 )(10 (11 12 )))))((13 14 )(15 16 )(17 (18 (19 ((20 21 )((22 23 )(24 25 ))))))((26 (27 (28 (29 30 ))))((31 ((32 33 )((34 35 )(36 (37 38 )))))(39 ((40 41 )(42 (43 (47 (46 (44 45 )))))))))))); 
ttag *!; 
ttag +49 ???; 
ttag +50 2; 
ttag +51 7; 
ttag +52 11; 
ttag +53 5; 
ttag +54 8; 
ttag +55 1; 
ttag +56 2; 
ttag +57 5; 
ttag +58 10; 
ttag +59 10; 
ttag +60 1; 
ttag +61 11; 
ttag +62 2; 
ttag +63 7; 
ttag +64 4; 
ttag +65 12; 
ttag +66 6; 
ttag +67 7; 
ttag +68 7; 
ttag +69 8; 
ttag +70 9; 
ttag +71 4; 
ttag +72 4; 
ttag +73 2; 
ttag +74 7; 
ttag +75 4; 
ttag +76 4; 
ttag +77 2; 
ttag +78 6; 
ttag +79 4; 
ttag +80 1; 
ttag +81 12; 
ttag +82 1; 
ttag +83 1; 
ttag +84 5; 
ttag +85 8; 
ttag +86 5; 
ttag +87 6; 
ttag +88 9; 
ttag +89 1; 
ttag +90 7; 
tread
'Tree with tags' 
(0 (1 (((2 3 )((6 (7 (4 5 )))((8 9 )(10 (11 12 )))))(((13 14 )((15 16 )(17 (18 (19 ((20 21 )((22 23 )(24 25 ))))))))((26 (27 (28 (29 30 ))))((31 ((32 33 )((34 35 )(36 (37 38 )))))(39 ((40 41 )(42 (43 (47 (46 (44 45 ))))))))))))); 
ttag *!; 
ttag +0 ////; 
ttag +1 ////; 
ttag +2 ////; 
ttag +3 ////; 
ttag +4 ////; 
ttag +5 ////; 
ttag +6 ////; 
ttag +7 ////; 
ttag +8 ////; 
ttag +9 ////; 
ttag +10 ////; 
ttag +11 ////; 
ttag +12 ////; 
ttag +13 ////; 
ttag +14 ////; 
ttag +15 ////; 
ttag +16 ////; 
ttag +17 ////; 
ttag +18 ////; 
ttag +19 ////; 
ttag +20 ////; 
ttag +21 ////; 
ttag +22 ////; 
ttag +23 ////; 
ttag +24 ////; 
ttag +25 ////; 
ttag +26 ////; 
ttag +27 ////; 
ttag +28 ////; 
ttag +29 ////; 
ttag +30 ////; 
ttag +31 ////; 
ttag +32 ////; 
ttag +33 ////; 
ttag +34 ////; 
ttag +35 ////; 
ttag +36 ////; 
ttag +37 ////; 
ttag +38 ////; 
ttag +39 ////; 
ttag +40 ////; 
ttag +41 ////; 
ttag +42 ////; 
ttag +43 ////; 
ttag +44 ////; 
ttag +45 ////; 
ttag +46 ////; 
ttag +47 ////; 
ttag +48 ////; 
ttag +49 100/100/100/100/100; 
ttag +50 71/54/50/58/47; 
ttag +51 99/99/94/97/95; 
ttag +52 22/[10]/?/?/?; 
ttag +53 100/100/100/100/100; 
ttag +54 26/[18]/?/?/?; 
ttag +55 92/90/86/89/86; 
ttag +56 98/98/97/99/97; 
ttag +57 51/29/26/32/21; 
ttag +58 68/53/46/68/42; 
ttag +59 91/89/84/91/86; 
ttag +60 100/100/100/100/100; 
ttag +61 100/100/100/100/100; 
ttag +62 30/18/17/8/15; 
ttag +63 64/53/48/59/48; 
ttag +64 100/100/100/100/99; 
ttag +65 26/[9]/?/1/?; 
ttag +66 86/80/75/82/77; 
ttag +67 100/100/98/100/98; 
ttag +68 96/95/94/94/88; 
ttag +69 100/100/100/100/100; 
ttag +70 98/98/96/100/98; 
ttag +71 100/100/99/100/100; 
ttag +72 100/100/100/100/100; 
ttag +73 99/99/100/100/99; 
ttag +74 100/100/99/99/100; 
ttag +75 93/92/83/93/84; 
ttag +76 95/94/88/94/88; 
ttag +77 78/72/59/74/65; 
ttag +78 99/99/99/99/100; 
ttag +79 90/86/86/87/81; 
ttag +80 81/70/50/71/65; 
ttag +81 71/65/56/65/53; 
ttag +82 97/97/95/98/96; 
ttag +83 95/94/90/95/92; 
ttag +84 46/20/19/24/8; 
ttag +85 100/100/99/100/99; 
ttag +86 46/10/18/8/?; 
ttag +87 52/42/15/39/25; 
ttag +88 97/96/95/99/96; 
ttag +89 98/98/96/98/96; 
ttag +90 95/93/89/90/82; 
ttag +91 98/98/93/98/96; 
ttag +92 100/100/100/99/98; 
ttag +93 52/43/35/43/38; 
ttag +94 98/97/98/99/94; 
