tread
'Tree with tags' 
(0 ((1 ((2 3 )(((6 7 (4 5 ))(8 9 ))(10 (11 12 )))))(((13 14 )((26 (27 (28 (29 30 ))))(39 (31 (((32 33 )(34 35 ))(36 (37 38 ))))((40 41 )(42 (43 ((44 45 )(46 47 ))))))))((15 16 )(17 (18 (19 ((20 21 )((22 23 )(24 25 )))))))))); 
ttag *!; 
ttag +49 3; 
ttag +50 ???; 
ttag +51 4; 
ttag +52 5; 
ttag +53 9; 
ttag +54 8; 
ttag +55 1; 
ttag +56 4; 
ttag +57 1; 
ttag +58 5; 
ttag +59 5; 
ttag +60 8; 
ttag +61 1; 
ttag +62 2; 
ttag +63 7; 
ttag +64 6; 
ttag +65 2; 
ttag +66 5; 
ttag +67 1; 
ttag +68 8; 
ttag +69 6; 
ttag +70 14; 
ttag +71 5; 
ttag +72 5; 
ttag +73 7; 
ttag +74 7; 
ttag +75 1; 
ttag +76 4; 
ttag +77 7; 
ttag +78 9; 
ttag +79 6; 
ttag +80 7; 
ttag +81 2; 
ttag +82 3; 
ttag +83 4; 
ttag +84 11; 
ttag +85 10; 
ttag +86 2; 
ttag +87 5; 
ttag +88 9; 
ttag +89 1; 
ttag +90 4; 
ttag +91 6; 
ttag +92 5; 
tread
'Tree with tags' 
(0 ((1 ((2 3 )(((7 (6 (4 5 )))(8 9 ))(10 (11 12 )))))(((13 14 )((26 (27 (28 (29 30 ))))((39 (31 (((32 33 )(34 35 ))(36 (37 38 )))))((40 41 )(42 (43 ((44 45 )(46 47 ))))))))((15 16 )(17 (18 (19 ((20 21 )((22 23 )(24 25 )))))))))); 
ttag *!; 
ttag +0 ////; 
ttag +1 ////; 
ttag +2 ////; 
ttag +3 ////; 
ttag +4 ////; 
ttag +5 ////; 
ttag +6 ////; 
ttag +7 ////; 
ttag +8 ////; 
ttag +9 ////; 
ttag +10 ////; 
ttag +11 ////; 
ttag +12 ////; 
ttag +13 ////; 
ttag +14 ////; 
ttag +15 ////; 
ttag +16 ////; 
ttag +17 ////; 
ttag +18 ////; 
ttag +19 ////; 
ttag +20 ////; 
ttag +21 ////; 
ttag +22 ////; 
ttag +23 ////; 
ttag +24 ////; 
ttag +25 ////; 
ttag +26 ////; 
ttag +27 ////; 
ttag +28 ////; 
ttag +29 ////; 
ttag +30 ////; 
ttag +31 ////; 
ttag +32 ////; 
ttag +33 ////; 
ttag +34 ////; 
ttag +35 ////; 
ttag +36 ////; 
ttag +37 ////; 
ttag +38 ////; 
ttag +39 ////; 
ttag +40 ////; 
ttag +41 ////; 
ttag +42 ////; 
ttag +43 ////; 
ttag +44 ////; 
ttag +45 ////; 
ttag +46 ////; 
ttag +47 ////; 
ttag +48 ////; 
ttag +49 51/43/38/52/36; 
ttag +50 100/100/100/100/100; 
ttag +51 92/91/84/90/86; 
ttag +52 88/85/71/88/75; 
ttag +53 100/100/99/100/100; 
ttag +54 23/[30]/?/?/?; 
ttag +55 100/100/98/99/94; 
ttag +56 40/0/?/22/5; 
ttag +57 87/82/62/82/70; 
ttag +58 41/19/24/30/26; 
ttag +59 94/93/83/96/81; 
ttag +60 92/90/87/96/88; 
ttag +61 100/100/99/100/100; 
ttag +62 44/30/29/35/29; 
ttag +63 43/32/22/34/29; 
ttag +64 94/91/90/95/91; 
ttag +65 88/82/72/80/81; 
ttag +66 88/86/69/80/70; 
ttag +67 94/92/83/93/81; 
ttag +68 46/27/22/43/37; 
ttag +69 100/100/100/100/100; 
ttag +70 94/92/82/94/80; 
ttag +71 100/100/100/99/100; 
ttag +72 94/92/86/95/81; 
ttag +73 96/95/88/97/91; 
ttag +74 99/99/97/98/96; 
ttag +75 96/94/87/98/93; 
ttag +76 42/2/2/16/12; 
ttag +77 97/97/93/94/87; 
ttag +78 100/100/99/100/99; 
ttag +79 99/99/97/100/99; 
ttag +80 34/8/?/0/?; 
ttag +81 94/93/85/95/91; 
ttag +82 100/100/100/99/100; 
ttag +83 82/81/76/80/82; 
ttag +84 90/89/86/91/91; 
ttag +85 92/90/89/88/83; 
ttag +86 100/100/99/100/99; 
ttag +87 100/100/100/100/100; 
ttag +88 65/51/52/54/37; 
ttag +89 90/88/76/90/84; 
ttag +90 100/100/99/99/98; 
ttag +91 54/36/22/36/16; 
ttag +92 94/92/86/89/79; 
ttag +93 95/93/88/91/80; 
ttag +94 97/97/90/97/90; 
