tread
'Tree with tags' 
(0 ((1 (13 14 ))(8 9 (2 3 )((4 5 )(6 7 ))(10 (11 12 )))((15 16 )(17 (18 (19 ((20 21 )((22 23 )(24 25 )))))))(26 (27 (28 (29 30 ))))((31 (((32 33 )(34 35 ))(36 (37 38 ))))(39 ((40 41 )(42 (43 ((44 45 )(46 47 ))))))))); 
ttag *!; 
ttag +49 1; 
ttag +50 ???; 
ttag +51 3; 
ttag +52 5; 
ttag +53 4; 
ttag +54 8; 
ttag +55 3; 
ttag +56 2; 
ttag +57 10; 
ttag +58 8; 
ttag +59 7; 
ttag +60 7; 
ttag +61 2; 
ttag +62 5; 
ttag +63 2; 
ttag +64 5; 
ttag +65 5; 
ttag +66 6; 
ttag +67 9; 
ttag +68 2; 
ttag +69 5; 
ttag +70 1; 
ttag +71 1; 
ttag +72 7; 
ttag +73 5; 
ttag +74 3; 
ttag +75 7; 
ttag +76 2; 
ttag +77 5; 
ttag +78 1; 
ttag +79 12; 
ttag +80 6; 
ttag +81 1; 
ttag +82 4; 
ttag +83 6; 
ttag +84 7; 
ttag +85 3; 
ttag +86 11; 
ttag +87 5; 
ttag +88 4; 
tread
'Tree with tags' 
(0 ((1 (13 14 ))(((((2 3 )(((4 5 )(6 7 ))((8 9 )(10 (11 12 )))))(26 (27 (28 (29 30 )))))((31 (((32 33 )(34 35 ))(36 (37 38 ))))(39 ((40 41 )(42 (43 ((44 45 )(46 47 ))))))))((15 16 )(17 (18 (19 ((20 21 )((22 23 )(24 25 )))))))))); 
ttag *!; 
ttag +0 ////; 
ttag +1 ////; 
ttag +2 ////; 
ttag +3 ////; 
ttag +4 ////; 
ttag +5 ////; 
ttag +6 ////; 
ttag +7 ////; 
ttag +8 ////; 
ttag +9 ////; 
ttag +10 ////; 
ttag +11 ////; 
ttag +12 ////; 
ttag +13 ////; 
ttag +14 ////; 
ttag +15 ////; 
ttag +16 ////; 
ttag +17 ////; 
ttag +18 ////; 
ttag +19 ////; 
ttag +20 ////; 
ttag +21 ////; 
ttag +22 ////; 
ttag +23 ////; 
ttag +24 ////; 
ttag +25 ////; 
ttag +26 ////; 
ttag +27 ////; 
ttag +28 ////; 
ttag +29 ////; 
ttag +30 ////; 
ttag +31 ////; 
ttag +32 ////; 
ttag +33 ////; 
ttag +34 ////; 
ttag +35 ////; 
ttag +36 ////; 
ttag +37 ////; 
ttag +38 ////; 
ttag +39 ////; 
ttag +40 ////; 
ttag +41 ////; 
ttag +42 ////; 
ttag +43 ////; 
ttag +44 ////; 
ttag +45 ////; 
ttag +46 ////; 
ttag +47 ////; 
ttag +48 ////; 
ttag +49 51/42/30/38/32; 
ttag +50 100/100/100/100/100; 
ttag +51 93/92/88/94/91; 
ttag +52 94/94/80/93/86; 
ttag +53 32/[2]/?/?/?; 
ttag +54 48/22/12/14/15; 
ttag +55 7/[1]/?/1/0; 
ttag +56 92/89/88/92/81; 
ttag +57 100/100/100/100/98; 
ttag +58 38/4/?/?/?; 
ttag +59 88/83/74/88/77; 
ttag +60 46/26/28/6/18; 
ttag +61 18/[16]/?/?/?; 
ttag +62 77/70/71/69/63; 
ttag +63 100/100/100/99/100; 
ttag +64 100/100/99/100/99; 
ttag +65 100/100/98/100/98; 
ttag +66 95/94/86/94/87; 
ttag +67 81/74/64/72/55; 
ttag +68 95/94/83/97/88; 
ttag +69 73/62/49/62/54; 
ttag +70 99/98/96/97/94; 
ttag +71 95/94/86/91/80; 
ttag +72 96/95/91/92/89; 
ttag +73 98/98/98/100/98; 
ttag +74 77/64/57/76/62; 
ttag +75 100/100/97/97/96; 
ttag +76 65/55/45/48/43; 
ttag +77 48/19/18/33/25; 
ttag +78 99/99/98/100/99; 
ttag +79 96/95/87/93/87; 
ttag +80 84/81/61/82/60; 
ttag +81 100/100/99/100/98; 
ttag +82 80/75/58/71/56; 
ttag +83 95/94/87/98/89; 
ttag +84 52/38/32/35/26; 
ttag +85 100/100/100/99/100; 
ttag +86 98/97/97/97/94; 
ttag +87 48/35/29/40/22; 
ttag +88 86/84/74/83/71; 
ttag +89 98/98/92/98/95; 
ttag +90 98/98/95/100/96; 
ttag +91 84/78/74/84/69; 
ttag +92 99/99/99/100/100; 
ttag +93 98/97/92/96/91; 
ttag +94 98/97/90/92/82; 
