tread
'Tree with tags' 
(0 (((1 ((26 27 (28 (29 30 )))((31 ((32 33 )((34 35 )(36 (37 38 )))))(39 ((40 41 )(42 (43 ((44 45 )(46 47 )))))))))((13 14 )((15 16 )(17 (18 (19 ((20 21 )((22 23 )(24 25 )))))))))((2 3 )(((4 5 )(6 7 ))((8 9 )(10 (11 12 ))))))); 
ttag *!; 
ttag +49 3; 
ttag +50 1; 
ttag +51 ???; 
ttag +52 11; 
ttag +53 8; 
ttag +54 4; 
ttag +55 7; 
ttag +56 4; 
ttag +57 1; 
ttag +58 3; 
ttag +59 2; 
ttag +60 6; 
ttag +61 9; 
ttag +62 10; 
ttag +63 4; 
ttag +64 10; 
ttag +65 5; 
ttag +66 3; 
ttag +67 10; 
ttag +68 2; 
ttag +69 7; 
ttag +70 11; 
ttag +71 4; 
ttag +72 7; 
ttag +73 2; 
ttag +74 5; 
ttag +75 9; 
ttag +76 1; 
ttag +77 9; 
ttag +78 6; 
ttag +79 5; 
ttag +80 4; 
ttag +81 5; 
ttag +82 9; 
ttag +83 2; 
ttag +84 8; 
ttag +85 6; 
ttag +86 1; 
ttag +87 4; 
ttag +88 4; 
ttag +89 8; 
ttag +90 6; 
ttag +91 9; 
ttag +92 6; 
ttag +93 1; 
tread
'Tree with tags' 
(0 (((1 ((27 (26 (28 (29 30 ))))((31 ((32 33 )((34 35 )(36 (37 38 )))))(39 ((40 41 )(42 (43 ((44 45 )(46 47 )))))))))((13 14 )((15 16 )(17 (18 (19 ((20 21 )((22 23 )(24 25 )))))))))((2 3 )(((4 5 )(6 7 ))((8 9 )(10 (11 12 ))))))); 
ttag *!; 
ttag +0 ////; 
ttag +1 ////; 
ttag +2 ////; 
ttag +3 ////; 
ttag +4 ////; 
ttag +5 ////; 
ttag +6 ////; 
ttag +7 ////; 
ttag +8 ////; 
ttag +9 ////; 
ttag +10 ////; 
ttag +11 ////; 
ttag +12 ////; 
ttag +13 ////; 
ttag +14 ////; 
ttag +15 ////; 
ttag +16 ////; 
ttag +17 ////; 
ttag +18 ////; 
ttag +19 ////; 
ttag +20 ////; 
ttag +21 ////; 
ttag +22 ////; 
ttag +23 ////; 
ttag +24 ////; 
ttag +25 ////; 
ttag +26 ////; 
ttag +27 ////; 
ttag +28 ////; 
ttag +29 ////; 
ttag +30 ////; 
ttag +31 ////; 
ttag +32 ////; 
ttag +33 ////; 
ttag +34 ////; 
ttag +35 ////; 
ttag +36 ////; 
ttag +37 ////; 
ttag +38 ////; 
ttag +39 ////; 
ttag +40 ////; 
ttag +41 ////; 
ttag +42 ////; 
ttag +43 ////; 
ttag +44 ////; 
ttag +45 ////; 
ttag +46 ////; 
ttag +47 ////; 
ttag +48 ////; 
ttag +49 68/59/53/73/49; 
ttag +50 33/6/1/24/1; 
ttag +51 100/100/100/100/100; 
ttag +52 100/100/98/100/100; 
ttag +53 98/97/94/100/93; 
ttag +54 92/90/79/93/85; 
ttag +55 99/99/94/98/95; 
ttag +56 78/71/64/82/64; 
ttag +57 62/46/48/49/48; 
ttag +58 85/80/71/81/82; 
ttag +59 62/49/30/56/30; 
ttag +60 97/96/94/97/94; 
ttag +61 100/100/100/100/100; 
ttag +62 100/100/100/100/99; 
ttag +63 80/75/54/86/66; 
ttag +64 100/100/99/100/100; 
ttag +65 96/95/82/96/82; 
ttag +66 90/89/89/92/88; 
ttag +67 100/100/100/100/100; 
ttag +68 76/64/55/64/52; 
ttag +69 99/99/99/100/100; 
ttag +70 100/100/99/100/100; 
ttag +71 90/84/72/86/75; 
ttag +72 98/97/95/98/96; 
ttag +73 63/46/42/54/35; 
ttag +74 24/4/?/0/0; 
ttag +75 92/91/85/93/84; 
ttag +76 99/99/98/100/100; 
ttag +77 54/33/31/38/27; 
ttag +78 98/98/96/99/96; 
ttag +79 93/89/85/94/86; 
ttag +80 95/92/94/96/93; 
ttag +81 96/96/88/95/86; 
ttag +82 93/90/83/90/82; 
ttag +83 100/100/100/100/100; 
ttag +84 64/56/40/54/37; 
ttag +85 99/99/98/98/98; 
ttag +86 99/99/97/98/96; 
ttag +87 52/35/23/42/16; 
ttag +88 88/83/80/89/75; 
ttag +89 92/90/83/88/76; 
ttag +90 98/98/98/99/98; 
ttag +91 98/98/96/98/96; 
ttag +92 98/98/100/100/99; 
ttag +93 98/98/94/99/94; 
ttag +94 60/32/30/38/42; 
