tread
'Tree with tags' 
(0 ((1 (((2 3 )(((4 5 )(6 7 ))(8 9 )(10 (11 12 ))))(13 14 )))(((15 16 )(17 (18 (19 ((20 21 )((22 23 )(24 25 )))))))((26 (27 (28 (29 30 ))))(39 ((31 (((32 33 )(34 35 ))(36 (37 38 ))))((40 41 )(42 (43 ((44 45 )(46 47 ))))))))))); 
ttag *!; 
ttag +49 1; 
ttag +50 ???; 
ttag +51 4; 
ttag +52 10; 
ttag +53 1; 
ttag +54 4; 
ttag +55 3; 
ttag +56 2; 
ttag +57 1; 
ttag +58 3; 
ttag +59 9; 
ttag +60 8; 
ttag +61 8; 
ttag +62 3; 
ttag +63 5; 
ttag +64 1; 
ttag +65 3; 
ttag +66 2; 
ttag +67 3; 
ttag +68 10; 
ttag +69 7; 
ttag +70 13; 
ttag +71 3; 
ttag +72 1; 
ttag +73 8; 
ttag +74 5; 
ttag +75 2; 
ttag +76 3; 
ttag +77 13; 
ttag +78 4; 
ttag +79 1; 
ttag +80 7; 
ttag +81 9; 
ttag +82 2; 
ttag +83 3; 
ttag +84 4; 
ttag +85 6; 
ttag +86 9; 
ttag +87 4; 
ttag +88 5; 
ttag +89 8; 
ttag +90 6; 
ttag +91 2; 
ttag +92 7; 
ttag +93 3; 
tread
'Tree with tags' 
(0 ((1 (((2 3 )((((4 5 )(6 7 ))(10 (11 12 )))(8 9 )))(13 14 )))(((15 16 )(17 (18 (19 ((20 21 )((22 23 )(24 25 )))))))((26 (27 (28 (29 30 ))))(39 ((31 (((32 33 )(34 35 ))(36 (37 38 ))))((40 41 )(42 (43 ((44 45 )(46 47 ))))))))))); 
ttag *!; 
ttag +0 ////; 
ttag +1 ////; 
ttag +2 ////; 
ttag +3 ////; 
ttag +4 ////; 
ttag +5 ////; 
ttag +6 ////; 
ttag +7 ////; 
ttag +8 ////; 
ttag +9 ////; 
ttag +10 ////; 
ttag +11 ////; 
ttag +12 ////; 
ttag +13 ////; 
ttag +14 ////; 
ttag +15 ////; 
ttag +16 ////; 
ttag +17 ////; 
ttag +18 ////; 
ttag +19 ////; 
ttag +20 ////; 
ttag +21 ////; 
ttag +22 ////; 
ttag +23 ////; 
ttag +24 ////; 
ttag +25 ////; 
ttag +26 ////; 
ttag +27 ////; 
ttag +28 ////; 
ttag +29 ////; 
ttag +30 ////; 
ttag +31 ////; 
ttag +32 ////; 
ttag +33 ////; 
ttag +34 ////; 
ttag +35 ////; 
ttag +36 ////; 
ttag +37 ////; 
ttag +38 ////; 
ttag +39 ////; 
ttag +40 ////; 
ttag +41 ////; 
ttag +42 ////; 
ttag +43 ////; 
ttag +44 ////; 
ttag +45 ////; 
ttag +46 ////; 
ttag +47 ////; 
ttag +48 ////; 
ttag +49 21/[2]/?/4/?; 
ttag +50 100/100/100/100/100; 
ttag +51 91/90/78/86/81; 
ttag +52 100/100/100/100/99; 
ttag +53 42/35/28/35/28; 
ttag +54 91/88/78/88/80; 
ttag +55 94/94/78/88/79; 
ttag +56 8/[31]/?/?/?; 
ttag +57 77/66/57/58/55; 
ttag +58 53/27/29/30/19; 
ttag +59 78/70/65/78/67; 
ttag +60 100/100/99/100/100; 
ttag +61 100/100/99/100/98; 
ttag +62 100/100/99/100/94; 
ttag +63 89/84/81/87/76; 
ttag +64 94/93/91/94/87; 
ttag +65 35/11/2/15/?; 
ttag +66 81/73/61/75/73; 
ttag +67 80/76/59/69/65; 
ttag +68 85/82/64/76/71; 
ttag +69 100/100/100/100/100; 
ttag +70 99/99/98/100/96; 
ttag +71 100/100/100/100/100; 
ttag +72 83/80/77/85/76; 
ttag +73 45/29/25/28/21; 
ttag +74 100/100/98/99/98; 
ttag +75 88/83/77/85/78; 
ttag +76 70/63/57/70/58; 
ttag +77 90/88/82/94/75; 
ttag +78 100/100/100/100/100; 
ttag +79 72/63/50/68/54; 
ttag +80 48/40/31/44/34; 
ttag +81 98/98/95/99/95; 
ttag +82 100/100/100/100/99; 
ttag +83 89/88/73/81/71; 
ttag +84 67/53/39/61/46; 
ttag +85 94/94/89/96/89; 
ttag +86 93/91/73/94/80; 
ttag +87 100/100/99/99/99; 
ttag +88 95/94/90/93/94; 
ttag +89 84/81/70/79/62; 
ttag +90 99/99/100/100/99; 
ttag +91 98/98/97/98/97; 
ttag +92 88/88/86/87/88; 
ttag +93 99/98/99/100/97; 
ttag +94 92/91/89/88/85; 
