tread
'Tree with tags' 
(0 (1 ((2 3 )((4 5 )(6 7 ))(8 9 10 (11 12 )))(13 14 )(17 (15 16 )(18 19 ((20 21 )((22 23 )(24 25 )))))(((26 27 )(28 (29 30 )))((39 (31 ((32 33 )((34 35 )(36 (37 38 ))))))((40 41 )(42 (43 ((44 45 )(46 47 ))))))))); 
ttag *!; 
ttag +49 ???; 
ttag +50 5; 
ttag +51 7; 
ttag +52 3; 
ttag +53 7; 
ttag +54 5; 
ttag +55 3; 
ttag +56 11; 
ttag +57 5; 
ttag +58 12; 
ttag +59 7; 
ttag +60 2; 
ttag +61 6; 
ttag +62 5; 
ttag +63 2; 
ttag +64 3; 
ttag +65 2; 
ttag +66 1; 
ttag +67 4; 
ttag +68 5; 
ttag +69 2; 
ttag +70 7; 
ttag +71 2; 
ttag +72 1; 
ttag +73 6; 
ttag +74 5; 
ttag +75 4; 
ttag +76 6; 
ttag +77 4; 
ttag +78 12; 
ttag +79 10; 
ttag +80 3; 
ttag +81 3; 
ttag +82 7; 
ttag +83 4; 
ttag +84 13; 
ttag +85 4; 
ttag +86 3; 
tread
'Tree with tags' 
(0 (1 ((((((2 3 )((4 5 )(6 7 )))(8 ((9 10 )(11 12 ))))(13 14 ))(((26 27 )(28 (29 30 )))((39 (31 ((32 33 )((34 35 )(36 (37 38 ))))))((40 41 )(42 (43 ((44 45 )(46 47 ))))))))((17 (15 16 ))((18 19 )((20 21 )((22 23 )(24 25 )))))))); 
ttag *!; 
ttag +0 ////; 
ttag +1 ////; 
ttag +2 ////; 
ttag +3 ////; 
ttag +4 ////; 
ttag +5 ////; 
ttag +6 ////; 
ttag +7 ////; 
ttag +8 ////; 
ttag +9 ////; 
ttag +10 ////; 
ttag +11 ////; 
ttag +12 ////; 
ttag +13 ////; 
ttag +14 ////; 
ttag +15 ////; 
ttag +16 ////; 
ttag +17 ////; 
ttag +18 ////; 
ttag +19 ////; 
ttag +20 ////; 
ttag +21 ////; 
ttag +22 ////; 
ttag +23 ////; 
ttag +24 ////; 
ttag +25 ////; 
ttag +26 ////; 
ttag +27 ////; 
ttag +28 ////; 
ttag +29 ////; 
ttag +30 ////; 
ttag +31 ////; 
ttag +32 ////; 
ttag +33 ////; 
ttag +34 ////; 
ttag +35 ////; 
ttag +36 ////; 
ttag +37 ////; 
ttag +38 ////; 
ttag +39 ////; 
ttag +40 ////; 
ttag +41 ////; 
ttag +42 ////; 
ttag +43 ////; 
ttag +44 ////; 
ttag +45 ////; 
ttag +46 ////; 
ttag +47 ////; 
ttag +48 ////; 
ttag +49 100/100/100/100/100; 
ttag +50 96/94/94/98/94; 
ttag +51 27/[14]/?/?/14; 
ttag +52 98/97/93/99/95; 
ttag +53 47/28/22/22/24; 
ttag +54 19/0/?/0/4; 
ttag +55 23/8/1/9/3; 
ttag +56 91/88/82/88/80; 
ttag +57 100/100/98/100/97; 
ttag +58 96/94/92/95/92; 
ttag +59 90/89/83/91/87; 
ttag +60 35/[4]/10/2/12; 
ttag +61 46/38/22/30/28; 
ttag +62 100/100/100/100/100; 
ttag +63 98/97/97/99/96; 
ttag +64 100/100/100/100/100; 
ttag +65 20/[42]/?/?/?; 
ttag +66 100/100/99/100/97; 
ttag +67 44/24/27/29/23; 
ttag +68 89/86/85/86/82; 
ttag +69 99/99/98/100/98; 
ttag +70 94/94/88/93/83; 
ttag +71 81/76/77/77/66; 
ttag +72 91/88/82/90/76; 
ttag +73 85/78/71/76/74; 
ttag +74 60/36/22/22/30; 
ttag +75 95/94/92/96/91; 
ttag +76 95/94/90/97/91; 
ttag +77 83/80/83/79/68; 
ttag +78 99/99/100/99/98; 
ttag +79 72/65/60/68/63; 
ttag +80 53/46/34/47/39; 
ttag +81 95/93/92/96/92; 
ttag +82 98/98/96/98/97; 
ttag +83 90/88/78/91/84; 
ttag +84 99/99/98/100/95; 
ttag +85 92/90/75/94/81; 
ttag +86 100/100/99/100/99; 
ttag +87 100/100/100/100/99; 
ttag +88 85/80/61/78/69; 
ttag +89 87/83/71/84/75; 
ttag +90 100/100/98/100/98; 
ttag +91 87/85/82/87/74; 
ttag +92 100/100/100/100/99; 
ttag +93 93/90/87/94/77; 
ttag +94 86/80/62/82/70; 
