tread
'Tree with tags' 
(0 ((1 ((2 3 )((6 7 (4 5 ))(8 9 (10 (11 12 ))))))((13 14 )(((15 16 )(17 (18 (19 ((20 21 )((22 23 )(24 25 )))))))((26 (27 28 (29 30 )))(39 (31 ((32 33 )((34 35 )(36 (37 38 )))))(41 (40 (42 (43 ((44 45 )(46 47 )))))))))))); 
ttag *!; 
ttag +49 5; 
ttag +50 ???; 
ttag +51 7; 
ttag +52 7; 
ttag +53 7; 
ttag +54 3; 
ttag +55 1; 
ttag +56 3; 
ttag +57 7; 
ttag +58 8; 
ttag +59 9; 
ttag +60 2; 
ttag +61 10; 
ttag +62 1; 
ttag +63 1; 
ttag +64 3; 
ttag +65 7; 
ttag +66 2; 
ttag +67 10; 
ttag +68 8; 
ttag +69 9; 
ttag +70 6; 
ttag +71 4; 
ttag +72 9; 
ttag +73 12; 
ttag +74 4; 
ttag +75 7; 
ttag +76 7; 
ttag +77 5; 
ttag +78 10; 
ttag +79 3; 
ttag +80 4; 
ttag +81 1; 
ttag +82 11; 
ttag +83 8; 
ttag +84 1; 
ttag +85 6; 
ttag +86 9; 
ttag +87 4; 
ttag +88 9; 
ttag +89 5; 
ttag +90 1; 
tread
'Tree with tags' 
(0 ((1 ((2 3 )(((4 5 )(6 7 ))((8 9 )(10 (11 12 ))))))((13 14 )(((15 16 )(17 (18 (19 ((20 21 )((22 23 )(24 25 )))))))((26 (27 (28 (29 30 ))))((31 ((32 33 )((34 35 )(36 (37 38 )))))(39 (41 (40 (42 (43 ((44 45 )(46 47 ))))))))))))); 
ttag *!; 
ttag +0 ////; 
ttag +1 ////; 
ttag +2 ////; 
ttag +3 ////; 
ttag +4 ////; 
ttag +5 ////; 
ttag +6 ////; 
ttag +7 ////; 
ttag +8 ////; 
ttag +9 ////; 
ttag +10 ////; 
ttag +11 ////; 
ttag +12 ////; 
ttag +13 ////; 
ttag +14 ////; 
ttag +15 ////; 
ttag +16 ////; 
ttag +17 ////; 
ttag +18 ////; 
ttag +19 ////; 
ttag +20 ////; 
ttag +21 ////; 
ttag +22 ////; 
ttag +23 ////; 
ttag +24 ////; 
ttag +25 ////; 
ttag +26 ////; 
ttag +27 ////; 
ttag +28 ////; 
ttag +29 ////; 
ttag +30 ////; 
ttag +31 ////; 
ttag +32 ////; 
ttag +33 ////; 
ttag +34 ////; 
ttag +35 ////; 
ttag +36 ////; 
ttag +37 ////; 
ttag +38 ////; 
ttag +39 ////; 
ttag +40 ////; 
ttag +41 ////; 
ttag +42 ////; 
ttag +43 ////; 
ttag +44 ////; 
ttag +45 ////; 
ttag +46 ////; 
ttag +47 ////; 
ttag +48 ////; 
ttag +49 91/89/75/90/70; 
ttag +50 100/100/100/100/100; 
ttag +51 99/99/95/99/93; 
ttag +52 97/96/89/98/89; 
ttag +53 100/100/97/99/98; 
ttag +54 92/88/76/80/78; 
ttag +55 56/35/39/44/33; 
ttag +56 41/14/13/10/6; 
ttag +57 31/6/12/1/1; 
ttag +58 94/92/89/88/87; 
ttag +59 100/100/99/100/99; 
ttag +60 99/99/99/100/98; 
ttag +61 100/100/100/100/100; 
ttag +62 60/53/46/59/42; 
ttag +63 100/100/100/100/100; 
ttag +64 51/24/20/28/14; 
ttag +65 30/3/?/12/?; 
ttag +66 92/89/79/92/78; 
ttag +67 100/100/99/98/97; 
ttag +68 70/65/50/72/60; 
ttag +69 100/100/99/100/100; 
ttag +70 99/99/98/99/98; 
ttag +71 100/100/99/100/99; 
ttag +72 98/97/92/99/96; 
ttag +73 85/78/74/86/72; 
ttag +74 100/100/100/100/99; 
ttag +75 99/99/100/100/99; 
ttag +76 94/93/91/92/91; 
ttag +77 45/8/4/?/6; 
ttag +78 98/98/95/98/96; 
ttag +79 97/97/91/96/92; 
ttag +80 90/87/75/93/77; 
ttag +81 100/100/99/100/98; 
ttag +82 79/70/68/80/78; 
ttag +83 98/97/90/96/94; 
ttag +84 54/45/43/43/36; 
ttag +85 99/99/98/99/98; 
ttag +86 99/99/98/100/99; 
ttag +87 0/[15]/?/?/?; 
ttag +88 59/40/10/43/36; 
ttag +89 98/98/91/98/94; 
ttag +90 100/100/99/100/100; 
ttag +91 96/95/94/93/94; 
ttag +92 100/100/98/99/98; 
ttag +93 94/92/86/94/88; 
ttag +94 62/46/47/54/46; 
