tread
'Tree with tags' 
(0 ((1 ((13 14 )((17 (15 16 ))(18 (19 ((20 21 )((22 23 )(24 25 ))))))))(((2 3 )(((4 5 )(6 7 ))((8 9 )(10 (11 12 )))))((26 (27 (28 (29 30 ))))(39 ((31 (((32 33 )(36 (37 38 )))(34 35 )))((40 41 )(42 (43 ((44 45 )(46 47 ))))))))))); 
ttag *!; 
ttag +49 2; 
ttag +50 ???; 
ttag +51 11; 
ttag +52 5; 
ttag +53 2; 
ttag +54 6; 
ttag +55 13; 
ttag +56 4; 
ttag +57 7; 
ttag +58 3; 
ttag +59 2; 
ttag +60 3; 
ttag +61 7; 
ttag +62 7; 
ttag +63 2; 
ttag +64 6; 
ttag +65 1; 
ttag +66 9; 
ttag +67 2; 
ttag +68 2; 
ttag +69 8; 
ttag +70 4; 
ttag +71 4; 
ttag +72 7; 
ttag +73 4; 
ttag +74 3; 
ttag +75 9; 
ttag +76 1; 
ttag +77 3; 
ttag +78 11; 
ttag +79 2; 
ttag +80 2; 
ttag +81 7; 
ttag +82 6; 
ttag +83 1; 
ttag +84 4; 
ttag +85 3; 
ttag +86 12; 
ttag +87 7; 
ttag +88 1; 
ttag +89 10; 
ttag +90 5; 
ttag +91 2; 
ttag +92 9; 
ttag +93 9; 
ttag +94 6; 
tread
'Tree with tags' 
(0 ((1 ((13 14 )((17 (15 16 ))(18 (19 ((20 21 )((22 23 )(24 25 ))))))))(((2 3 )(((4 5 )(6 7 ))((8 9 )(10 (11 12 )))))((26 (27 (28 (29 30 ))))(39 ((31 (((32 33 )(36 (37 38 )))(34 35 )))((40 41 )(42 (43 ((44 45 )(46 47 ))))))))))); 
ttag *!; 
ttag +0 ////; 
ttag +1 ////; 
ttag +2 ////; 
ttag +3 ////; 
ttag +4 ////; 
ttag +5 ////; 
ttag +6 ////; 
ttag +7 ////; 
ttag +8 ////; 
ttag +9 ////; 
ttag +10 ////; 
ttag +11 ////; 
ttag +12 ////; 
ttag +13 ////; 
ttag +14 ////; 
ttag +15 ////; 
ttag +16 ////; 
ttag +17 ////; 
ttag +18 ////; 
ttag +19 ////; 
ttag +20 ////; 
ttag +21 ////; 
ttag +22 ////; 
ttag +23 ////; 
ttag +24 ////; 
ttag +25 ////; 
ttag +26 ////; 
ttag +27 ////; 
ttag +28 ////; 
ttag +29 ////; 
ttag +30 ////; 
ttag +31 ////; 
ttag +32 ////; 
ttag +33 ////; 
ttag +34 ////; 
ttag +35 ////; 
ttag +36 ////; 
ttag +37 ////; 
ttag +38 ////; 
ttag +39 ////; 
ttag +40 ////; 
ttag +41 ////; 
ttag +42 ////; 
ttag +43 ////; 
ttag +44 ////; 
ttag +45 ////; 
ttag +46 ////; 
ttag +47 ////; 
ttag +48 ////; 
ttag +49 32/19/8/28/8; 
ttag +50 100/100/100/100/100; 
ttag +51 100/100/100/99/99; 
ttag +52 95/94/89/96/90; 
ttag +53 36/23/13/33/14; 
ttag +54 99/99/95/98/96; 
ttag +55 100/100/99/100/99; 
ttag +56 84/78/58/72/64; 
ttag +57 97/97/91/94/86; 
ttag +58 73/64/57/74/55; 
ttag +59 53/41/27/37/21; 
ttag +60 77/70/43/67/52; 
ttag +61 98/98/99/99/99; 
ttag +62 98/98/94/98/96; 
ttag +63 40/28/28/38/24; 
ttag +64 98/98/98/99/95; 
ttag +65 66/53/46/52/39; 
ttag +66 98/98/92/96/88; 
ttag +67 55/30/25/31/19; 
ttag +68 50/26/26/22/13; 
ttag +69 100/100/100/100/100; 
ttag +70 87/80/76/79/74; 
ttag +71 96/95/79/84/82; 
ttag +72 98/97/96/98/94; 
ttag +73 97/97/96/98/96; 
ttag +74 76/64/56/73/64; 
ttag +75 96/95/87/97/84; 
ttag +76 48/36/25/41/29; 
ttag +77 86/81/71/80/62; 
ttag +78 100/100/100/100/98; 
ttag +79 46/20/15/15/16; 
ttag +80 59/43/31/35/27; 
ttag +81 93/90/83/90/76; 
ttag +82 99/99/98/98/98; 
ttag +83 41/24/15/24/19; 
ttag +84 94/91/82/83/80; 
ttag +85 81/77/66/83/69; 
ttag +86 100/100/100/100/100; 
ttag +87 100/100/96/98/99; 
ttag +88 54/26/24/28/23; 
ttag +89 100/100/99/99/97; 
ttag +90 93/88/77/88/78; 
ttag +91 52/34/20/37/28; 
ttag +92 99/99/98/100/98; 
ttag +93 97/96/93/96/92; 
ttag +94 96/93/89/97/95; 
