tread
'Tree with tags' 
(0 (1 (((2 3 )(((4 5 )(6 7 ))(8 9 (10 (11 12 )))))(((13 14 )((26 (27 (28 (29 30 ))))((39 (31 ((32 33 )(34 35 )(36 (37 38 )))))(42 43 (40 41 )(46 47 (44 45 ))))))((15 16 )(17 (18 (19 ((20 21 )((22 23 )(24 25 ))))))))))); 
ttag *!; 
ttag +49 ???; 
ttag +50 5; 
ttag +51 5; 
ttag +52 2; 
ttag +53 9; 
ttag +54 3; 
ttag +55 4; 
ttag +56 1; 
ttag +57 3; 
ttag +58 9; 
ttag +59 5; 
ttag +60 4; 
ttag +61 1; 
ttag +62 1; 
ttag +63 7; 
ttag +64 6; 
ttag +65 2; 
ttag +66 9; 
ttag +67 2; 
ttag +68 9; 
ttag +69 5; 
ttag +70 2; 
ttag +71 8; 
ttag +72 1; 
ttag +73 4; 
ttag +74 6; 
ttag +75 1; 
ttag +76 3; 
ttag +77 8; 
ttag +78 4; 
ttag +79 2; 
ttag +80 4; 
ttag +81 1; 
ttag +82 3; 
ttag +83 5; 
ttag +84 9; 
ttag +85 7; 
ttag +86 3; 
ttag +87 5; 
ttag +88 9; 
ttag +89 4; 
tread
'Tree with tags' 
(0 (1 (((2 3 )(((4 5 )(6 7 ))(9 (8 (10 (11 12 ))))))(((13 14 )((26 (27 (28 (29 30 ))))((39 (31 ((32 33 )((34 35 )(36 (37 38 ))))))((40 41 )(43 (42 (46 (47 (44 45 )))))))))((15 16 )(17 (18 (19 ((20 21 )((22 23 )(24 25 ))))))))))); 
ttag *!; 
ttag +0 ////; 
ttag +1 ////; 
ttag +2 ////; 
ttag +3 ////; 
ttag +4 ////; 
ttag +5 ////; 
ttag +6 ////; 
ttag +7 ////; 
ttag +8 ////; 
ttag +9 ////; 
ttag +10 ////; 
ttag +11 ////; 
ttag +12 ////; 
ttag +13 ////; 
ttag +14 ////; 
ttag +15 ////; 
ttag +16 ////; 
ttag +17 ////; 
ttag +18 ////; 
ttag +19 ////; 
ttag +20 ////; 
ttag +21 ////; 
ttag +22 ////; 
ttag +23 ////; 
ttag +24 ////; 
ttag +25 ////; 
ttag +26 ////; 
ttag +27 ////; 
ttag +28 ////; 
ttag +29 ////; 
ttag +30 ////; 
ttag +31 ////; 
ttag +32 ////; 
ttag +33 ////; 
ttag +34 ////; 
ttag +35 ////; 
ttag +36 ////; 
ttag +37 ////; 
ttag +38 ////; 
ttag +39 ////; 
ttag +40 ////; 
ttag +41 ////; 
ttag +42 ////; 
ttag +43 ////; 
ttag +44 ////; 
ttag +45 ////; 
ttag +46 ////; 
ttag +47 ////; 
ttag +48 ////; 
ttag +49 100/100/100/100/100; 
ttag +50 92/88/79/86/79; 
ttag +51 95/92/86/95/86; 
ttag +52 42/33/21/32/23; 
ttag +53 99/99/99/100/99; 
ttag +54 84/75/76/83/76; 
ttag +55 95/94/88/96/94; 
ttag +56 55/44/33/54/34; 
ttag +57 18/[24]/?/?/?; 
ttag +58 85/77/70/78/77; 
ttag +59 99/99/99/99/100; 
ttag +60 97/97/98/99/95; 
ttag +61 97/96/92/96/90; 
ttag +62 47/19/13/34/14; 
ttag +63 42/28/14/30/24; 
ttag +64 99/98/96/99/98; 
ttag +65 94/94/92/97/94; 
ttag +66 57/30/15/33/26; 
ttag +67 99/99/98/99/96; 
ttag +68 82/78/68/74/63; 
ttag +69 100/100/100/100/100; 
ttag +70 97/96/90/95/86; 
ttag +71 83/76/65/72/69; 
ttag +72 99/99/98/99/96; 
ttag +73 58/28/32/36/30; 
ttag +74 94/93/88/92/88; 
ttag +75 96/95/92/96/91; 
ttag +76 69/53/48/57/40; 
ttag +77 88/84/76/84/75; 
ttag +78 100/100/100/99/100; 
ttag +79 96/95/88/94/85; 
ttag +80 70/54/37/54/39; 
ttag +81 93/92/83/88/82; 
ttag +82 62/49/42/46/44; 
ttag +83 94/92/82/93/88; 
ttag +84 96/94/93/98/92; 
ttag +85 0/[15]/?/?/?; 
ttag +86 99/98/99/99/98; 
ttag +87 100/100/98/99/98; 
ttag +88 82/73/63/76/66; 
ttag +89 98/97/97/96/95; 
ttag +90 38/17/18/15/9; 
ttag +91 43/29/26/29/23; 
ttag +92 100/100/98/100/99; 
ttag +93 32/[1]/4/4/6; 
ttag +94 96/95/96/97/94; 
