tread
'Tree with tags' 
(0 ((1 ((2 3 )(((4 5 )(6 7 ))(8 9 )(10 (11 12 ))))((13 14 )((26 (27 (28 (29 30 ))))((39 (31 (32 33 )((34 35 )(36 (37 38 )))))((40 41 )(42 (43 ((44 45 )(46 47 )))))))))((15 16 )(17 (18 (19 ((20 21 )((22 23 )(24 25 ))))))))); 
ttag *!; 
ttag +49 2; 
ttag +50 ???; 
ttag +51 5; 
ttag +52 4; 
ttag +53 13; 
ttag +54 1; 
ttag +55 3; 
ttag +56 1; 
ttag +57 2; 
ttag +58 3; 
ttag +59 12; 
ttag +60 4; 
ttag +61 1; 
ttag +62 14; 
ttag +63 11; 
ttag +64 1; 
ttag +65 6; 
ttag +66 1; 
ttag +67 14; 
ttag +68 5; 
ttag +69 7; 
ttag +70 3; 
ttag +71 8; 
ttag +72 3; 
ttag +73 1; 
ttag +74 4; 
ttag +75 8; 
ttag +76 9; 
ttag +77 2; 
ttag +78 1; 
ttag +79 4; 
ttag +80 4; 
ttag +81 8; 
ttag +82 1; 
ttag +83 10; 
ttag +84 7; 
ttag +85 6; 
ttag +86 5; 
ttag +87 2; 
ttag +88 6; 
ttag +89 10; 
ttag +90 3; 
ttag +91 7; 
tread
'Tree with tags' 
(0 (((1 ((13 14 )((26 (27 (28 (29 30 ))))((39 ((31 ((34 35 )(36 (37 38 ))))(32 33 )))((40 41 )(42 (43 ((44 45 )(46 47 )))))))))((2 3 )((((4 5 )(6 7 ))(10 (11 12 )))(8 9 ))))((15 16 )(17 (18 (19 ((20 21 )((22 23 )(24 25 ))))))))); 
ttag *!; 
ttag +0 ////; 
ttag +1 ////; 
ttag +2 ////; 
ttag +3 ////; 
ttag +4 ////; 
ttag +5 ////; 
ttag +6 ////; 
ttag +7 ////; 
ttag +8 ////; 
ttag +9 ////; 
ttag +10 ////; 
ttag +11 ////; 
ttag +12 ////; 
ttag +13 ////; 
ttag +14 ////; 
ttag +15 ////; 
ttag +16 ////; 
ttag +17 ////; 
ttag +18 ////; 
ttag +19 ////; 
ttag +20 ////; 
ttag +21 ////; 
ttag +22 ////; 
ttag +23 ////; 
ttag +24 ////; 
ttag +25 ////; 
ttag +26 ////; 
ttag +27 ////; 
ttag +28 ////; 
ttag +29 ////; 
ttag +30 ////; 
ttag +31 ////; 
ttag +32 ////; 
ttag +33 ////; 
ttag +34 ////; 
ttag +35 ////; 
ttag +36 ////; 
ttag +37 ////; 
ttag +38 ////; 
ttag +39 ////; 
ttag +40 ////; 
ttag +41 ////; 
ttag +42 ////; 
ttag +43 ////; 
ttag +44 ////; 
ttag +45 ////; 
ttag +46 ////; 
ttag +47 ////; 
ttag +48 ////; 
ttag +49 5/[15]/?/?/?; 
ttag +50 54/46/30/44/33; 
ttag +51 100/100/100/100/100; 
ttag +52 98/98/95/99/96; 
ttag +53 81/74/65/76/63; 
ttag +54 100/100/100/100/100; 
ttag +55 57/42/35/46/41; 
ttag +56 22/4/5/11/2; 
ttag +57 87/84/74/86/77; 
ttag +58 56/41/38/48/35; 
ttag +59 60/52/47/54/39; 
ttag +60 82/77/64/80/62; 
ttag +61 100/100/100/100/99; 
ttag +62 97/96/94/96/92; 
ttag +63 29/8/?/8/?; 
ttag +64 100/100/100/100/100; 
ttag +65 99/99/98/100/99; 
ttag +66 35/13/?/11/3; 
ttag +67 94/93/85/94/88; 
ttag +68 58/43/28/48/34; 
ttag +69 100/100/100/100/100; 
ttag +70 85/82/72/87/74; 
ttag +71 99/99/98/99/97; 
ttag +72 92/91/75/89/76; 
ttag +73 96/95/92/97/91; 
ttag +74 96/95/96/96/96; 
ttag +75 58/45/39/40/34; 
ttag +76 97/96/94/96/90; 
ttag +77 100/100/100/100/99; 
ttag +78 100/100/100/100/100; 
ttag +79 32/[12]/?/?/?; 
ttag +80 85/84/68/87/64; 
ttag +81 64/58/38/46/34; 
ttag +82 84/81/70/81/60; 
ttag +83 93/91/87/93/85; 
ttag +84 100/100/99/100/99; 
ttag +85 60/47/36/43/24; 
ttag +86 99/98/96/100/96; 
ttag +87 96/94/89/96/93; 
ttag +88 97/97/91/98/91; 
ttag +89 88/86/75/90/71; 
ttag +90 78/72/50/73/52; 
ttag +91 92/90/78/89/74; 
ttag +92 100/100/99/100/100; 
ttag +93 82/76/61/81/59; 
ttag +94 96/95/95/99/95; 
