tread
'Tree with tags' 
(0 (1 ((((2 3 )((4 5 )(6 7 ))(9 (8 (10 (11 12 )))))((15 16 )(17 (18 (19 ((20 21 )((22 23 )(24 25 ))))))))((13 14 )((26 (27 (28 (29 30 ))))((31 (39 (40 41 (43 (42 ((44 45 )(46 47 )))))))((32 33 )(34 35 )(36 (37 38 ))))))))); 
ttag *!; 
ttag +49 ???; 
ttag +50 2; 
ttag +51 7; 
ttag +52 1; 
ttag +53 1; 
ttag +54 3; 
ttag +55 6; 
ttag +56 2; 
ttag +57 3; 
ttag +58 2; 
ttag +59 8; 
ttag +60 4; 
ttag +61 8; 
ttag +62 1; 
ttag +63 13; 
ttag +64 1; 
ttag +65 1; 
ttag +66 1; 
ttag +67 1; 
ttag +68 5; 
ttag +69 9; 
ttag +70 8; 
ttag +71 7; 
ttag +72 6; 
ttag +73 5; 
ttag +74 5; 
ttag +75 3; 
ttag +76 5; 
ttag +77 10; 
ttag +78 1; 
ttag +79 5; 
ttag +80 5; 
ttag +81 1; 
ttag +82 4; 
ttag +83 9; 
ttag +84 4; 
ttag +85 3; 
ttag +86 5; 
ttag +87 1; 
ttag +88 7; 
ttag +89 4; 
ttag +90 12; 
ttag +91 2; 
tread
'Tree with tags' 
(0 (1 (((((2 3 )(9 (8 (10 (11 12 )))))((4 5 )(6 7 )))((15 16 )(17 (18 (19 ((20 21 )((22 23 )(24 25 ))))))))((13 14 )((26 (27 (28 (29 30 ))))((31 (39 ((40 41 )(43 (42 ((44 45 )(46 47 )))))))(((32 33 )(36 (37 38 )))(34 35 )))))))); 
ttag *!; 
ttag +0 ////; 
ttag +1 ////; 
ttag +2 ////; 
ttag +3 ////; 
ttag +4 ////; 
ttag +5 ////; 
ttag +6 ////; 
ttag +7 ////; 
ttag +8 ////; 
ttag +9 ////; 
ttag +10 ////; 
ttag +11 ////; 
ttag +12 ////; 
ttag +13 ////; 
ttag +14 ////; 
ttag +15 ////; 
ttag +16 ////; 
ttag +17 ////; 
ttag +18 ////; 
ttag +19 ////; 
ttag +20 ////; 
ttag +21 ////; 
ttag +22 ////; 
ttag +23 ////; 
ttag +24 ////; 
ttag +25 ////; 
ttag +26 ////; 
ttag +27 ////; 
ttag +28 ////; 
ttag +29 ////; 
ttag +30 ////; 
ttag +31 ////; 
ttag +32 ////; 
ttag +33 ////; 
ttag +34 ////; 
ttag +35 ////; 
ttag +36 ////; 
ttag +37 ////; 
ttag +38 ////; 
ttag +39 ////; 
ttag +40 ////; 
ttag +41 ////; 
ttag +42 ////; 
ttag +43 ////; 
ttag +44 ////; 
ttag +45 ////; 
ttag +46 ////; 
ttag +47 ////; 
ttag +48 ////; 
ttag +49 100/100/100/100/100; 
ttag +50 85/84/77/83/80; 
ttag +51 13/[28]/?/?/?; 
ttag +52 98/97/95/98/96; 
ttag +53 52/38/26/31/38; 
ttag +54 14/[2]/?/3/?; 
ttag +55 87/81/82/86/73; 
ttag +56 96/96/92/96/92; 
ttag +57 75/65/58/67/57; 
ttag +58 79/74/73/75/66; 
ttag +59 76/70/68/76/55; 
ttag +60 99/99/100/99/98; 
ttag +61 95/94/87/96/91; 
ttag +62 99/98/99/99/99; 
ttag +63 24/6/2/6/?; 
ttag +64 100/100/100/100/100; 
ttag +65 85/81/73/75/66; 
ttag +66 36/11/8/4/8; 
ttag +67 52/28/16/14/18; 
ttag +68 52/28/14/16/20; 
ttag +69 98/98/94/96/94; 
ttag +70 100/100/99/99/97; 
ttag +71 99/99/99/100/98; 
ttag +72 100/100/98/100/97; 
ttag +73 97/96/93/99/94; 
ttag +74 97/95/90/97/88; 
ttag +75 91/89/84/88/78; 
ttag +76 92/92/82/92/88; 
ttag +77 97/96/90/96/89; 
ttag +78 100/100/100/100/99; 
ttag +79 64/60/48/61/44; 
ttag +80 93/89/80/92/87; 
ttag +81 99/99/99/100/98; 
ttag +82 14/[28]/?/?/?; 
ttag +83 38/3/?/?/2; 
ttag +84 99/99/98/99/96; 
ttag +85 99/99/96/99/98; 
ttag +86 98/97/87/96/86; 
ttag +87 74/68/48/76/47; 
ttag +88 46/22/30/7/17; 
ttag +89 98/98/86/96/82; 
ttag +90 52/32/28/38/38; 
ttag +91 96/95/80/94/75; 
ttag +92 92/90/82/92/84; 
ttag +93 100/100/99/100/100; 
ttag +94 74/61/58/60/54; 
