tread
'Tree with tags' 
(0 (1 ((2 3 )(((4 5 )(6 7 ))((8 9 )(10 (11 12 )))))((13 14 )((15 16 )(17 (18 (19 ((20 21 )((22 23 )(24 25 )))))))((26 (27 (28 (29 30 ))))((39 (31 ((32 33 )((34 35 )(36 (37 38 ))))))(41 (40 (42 (43 ((44 45 )(46 47 ))))))))))); 
ttag *!; 
ttag +49 ???; 
ttag +50 6; 
ttag +51 12; 
ttag +52 7; 
ttag +53 10; 
ttag +54 3; 
ttag +55 2; 
ttag +56 2; 
ttag +57 1; 
ttag +58 3; 
ttag +59 12; 
ttag +60 4; 
ttag +61 2; 
ttag +62 6; 
ttag +63 8; 
ttag +64 3; 
ttag +65 4; 
ttag +66 3; 
ttag +67 9; 
ttag +68 7; 
ttag +69 10; 
ttag +70 2; 
ttag +71 8; 
ttag +72 1; 
ttag +73 4; 
ttag +74 3; 
ttag +75 5; 
ttag +76 8; 
ttag +77 5; 
ttag +78 2; 
ttag +79 6; 
ttag +80 6; 
ttag +81 4; 
ttag +82 7; 
ttag +83 1; 
ttag +84 8; 
ttag +85 9; 
ttag +86 2; 
ttag +87 5; 
ttag +88 9; 
ttag +89 1; 
ttag +90 7; 
ttag +91 3; 
ttag +92 2; 
tread
'Tree with tags' 
(0 ((1 ((2 3 )(((4 5 )(6 7 ))((8 9 )(10 (11 12 ))))))(((13 14 )((15 16 )(17 (18 (19 ((20 21 )((22 23 )(24 25 ))))))))((26 (27 (28 (29 30 ))))((39 (31 ((32 33 )((34 35 )(36 (37 38 ))))))(41 (40 (42 (43 ((44 45 )(46 47 ))))))))))); 
ttag *!; 
ttag +0 ////; 
ttag +1 ////; 
ttag +2 ////; 
ttag +3 ////; 
ttag +4 ////; 
ttag +5 ////; 
ttag +6 ////; 
ttag +7 ////; 
ttag +8 ////; 
ttag +9 ////; 
ttag +10 ////; 
ttag +11 ////; 
ttag +12 ////; 
ttag +13 ////; 
ttag +14 ////; 
ttag +15 ////; 
ttag +16 ////; 
ttag +17 ////; 
ttag +18 ////; 
ttag +19 ////; 
ttag +20 ////; 
ttag +21 ////; 
ttag +22 ////; 
ttag +23 ////; 
ttag +24 ////; 
ttag +25 ////; 
ttag +26 ////; 
ttag +27 ////; 
ttag +28 ////; 
ttag +29 ////; 
ttag +30 ////; 
ttag +31 ////; 
ttag +32 ////; 
ttag +33 ////; 
ttag +34 ////; 
ttag +35 ////; 
ttag +36 ////; 
ttag +37 ////; 
ttag +38 ////; 
ttag +39 ////; 
ttag +40 ////; 
ttag +41 ////; 
ttag +42 ////; 
ttag +43 ////; 
ttag +44 ////; 
ttag +45 ////; 
ttag +46 ////; 
ttag +47 ////; 
ttag +48 ////; 
ttag +49 27/[10]/?/?/?; 
ttag +50 100/100/100/100/100; 
ttag +51 98/98/96/99/94; 
ttag +52 100/100/98/100/99; 
ttag +53 100/100/100/100/99; 
ttag +54 99/99/96/100/94; 
ttag +55 85/83/79/85/77; 
ttag +56 73/60/55/76/54; 
ttag +57 76/72/59/68/56; 
ttag +58 50/28/22/43/13; 
ttag +59 80/74/60/74/63; 
ttag +60 100/100/100/100/100; 
ttag +61 98/98/92/96/95; 
ttag +62 17/[21]/?/?/1; 
ttag +63 74/67/60/64/56; 
ttag +64 97/96/97/97/97; 
ttag +65 98/98/93/99/94; 
ttag +66 70/58/47/72/50; 
ttag +67 80/68/58/79/56; 
ttag +68 74/61/44/76/45; 
ttag +69 100/100/100/100/100; 
ttag +70 97/96/89/98/88; 
ttag +71 100/100/99/100/100; 
ttag +72 84/78/64/79/72; 
ttag +73 100/100/100/100/100; 
ttag +74 58/46/50/49/44; 
ttag +75 88/87/82/92/80; 
ttag +76 80/75/67/74/61; 
ttag +77 96/95/92/94/91; 
ttag +78 100/100/98/99/99; 
ttag +79 96/95/89/96/88; 
ttag +80 78/72/59/71/58; 
ttag +81 98/96/92/98/98; 
ttag +82 99/99/98/98/99; 
ttag +83 89/87/82/93/88; 
ttag +84 100/100/100/100/99; 
ttag +85 62/49/34/49/42; 
ttag +86 98/98/96/100/98; 
ttag +87 99/99/98/100/100; 
ttag +88 60/37/24/32/26; 
ttag +89 91/88/91/94/90; 
ttag +90 99/99/97/100/98; 
ttag +91 42/30/26/34/32; 
ttag +92 99/99/99/98/96; 
ttag +93 81/72/56/70/60; 
ttag +94 78/72/68/76/59; 
