tread
'Tree with tags' 
(0 (1 ((2 3 )(8 9 (7 (6 (4 5 )))(10 (11 12 ))))(((13 14 )((26 (27 (28 (29 30 ))))(39 (31 (((32 33 )(36 (37 38 )))(34 35 )))(40 (41 ((42 43 )((44 45 )(46 47 ))))))))((17 (15 16 ))(18 (19 ((20 21 )((22 23 )(24 25 ))))))))); 
ttag *!; 
ttag +49 ???; 
ttag +50 2; 
ttag +51 6; 
ttag +52 9; 
ttag +53 2; 
ttag +54 9; 
ttag +55 1; 
ttag +56 5; 
ttag +57 3; 
ttag +58 13; 
ttag +59 1; 
ttag +60 3; 
ttag +61 11; 
ttag +62 1; 
ttag +63 3; 
ttag +64 4; 
ttag +65 1; 
ttag +66 12; 
ttag +67 7; 
ttag +68 9; 
ttag +69 1; 
ttag +70 3; 
ttag +71 4; 
ttag +72 1; 
ttag +73 3; 
ttag +74 5; 
ttag +75 10; 
ttag +76 5; 
ttag +77 8; 
ttag +78 3; 
ttag +79 1; 
ttag +80 5; 
ttag +81 2; 
ttag +82 4; 
ttag +83 9; 
ttag +84 4; 
ttag +85 1; 
ttag +86 1; 
ttag +87 4; 
ttag +88 9; 
ttag +89 7; 
ttag +90 1; 
tread
'Tree with tags' 
(0 ((1 ((2 3 )(((7 (6 (4 5 )))(10 (11 12 )))(8 9 ))))(((13 14 )((26 (27 (28 (29 30 ))))(39 ((31 (((32 33 )(36 (37 38 )))(34 35 )))(40 (41 ((42 43 )((44 45 )(46 47 )))))))))((17 (15 16 ))(18 (19 ((20 21 )((22 23 )(24 25 ))))))))); 
ttag *!; 
ttag +0 ////; 
ttag +1 ////; 
ttag +2 ////; 
ttag +3 ////; 
ttag +4 ////; 
ttag +5 ////; 
ttag +6 ////; 
ttag +7 ////; 
ttag +8 ////; 
ttag +9 ////; 
ttag +10 ////; 
ttag +11 ////; 
ttag +12 ////; 
ttag +13 ////; 
ttag +14 ////; 
ttag +15 ////; 
ttag +16 ////; 
ttag +17 ////; 
ttag +18 ////; 
ttag +19 ////; 
ttag +20 ////; 
ttag +21 ////; 
ttag +22 ////; 
ttag +23 ////; 
ttag +24 ////; 
ttag +25 ////; 
ttag +26 ////; 
ttag +27 ////; 
ttag +28 ////; 
ttag +29 ////; 
ttag +30 ////; 
ttag +31 ////; 
ttag +32 ////; 
ttag +33 ////; 
ttag +34 ////; 
ttag +35 ////; 
ttag +36 ////; 
ttag +37 ////; 
ttag +38 ////; 
ttag +39 ////; 
ttag +40 ////; 
ttag +41 ////; 
ttag +42 ////; 
ttag +43 ////; 
ttag +44 ////; 
ttag +45 ////; 
ttag +46 ////; 
ttag +47 ////; 
ttag +48 ////; 
ttag +49 50/30/43/36/37; 
ttag +50 100/100/100/100/100; 
ttag +51 91/87/73/82/72; 
ttag +52 98/98/98/98/97; 
ttag +53 100/100/100/100/100; 
ttag +54 74/62/50/58/61; 
ttag +55 100/100/99/99/98; 
ttag +56 9/[21]/?/?/?; 
ttag +57 52/21/24/28/19; 
ttag +58 13/[10]/?/?/?; 
ttag +59 90/88/85/94/90; 
ttag +60 91/87/86/87/83; 
ttag +61 100/100/100/100/100; 
ttag +62 41/13/?/14/2; 
ttag +63 79/72/67/64/56; 
ttag +64 100/100/100/100/100; 
ttag +65 54/33/30/39/23; 
ttag +66 88/85/78/85/71; 
ttag +67 93/92/83/94/82; 
ttag +68 54/44/38/46/49; 
ttag +69 100/100/100/100/100; 
ttag +70 96/94/94/98/94; 
ttag +71 99/99/99/100/99; 
ttag +72 42/[1]/2/26/12; 
ttag +73 89/84/71/84/69; 
ttag +74 91/89/86/88/80; 
ttag +75 64/57/53/53/47; 
ttag +76 82/75/76/81/66; 
ttag +77 97/96/90/95/90; 
ttag +78 100/100/99/100/99; 
ttag +79 98/98/92/95/91; 
ttag +80 15/[20]/?/?/?; 
ttag +81 100/100/97/100/99; 
ttag +82 78/73/66/78/57; 
ttag +83 44/37/33/40/34; 
ttag +84 96/95/92/96/88; 
ttag +85 64/59/53/62/53; 
ttag +86 86/84/78/82/78; 
ttag +87 99/99/98/100/99; 
ttag +88 91/89/83/90/84; 
ttag +89 38/3/12/22/14; 
ttag +90 59/36/33/41/24; 
ttag +91 95/94/89/96/94; 
ttag +92 100/100/100/100/99; 
ttag +93 98/98/96/99/97; 
ttag +94 57/36/32/41/37; 
