tread
'Tree with tags' 
(0 (1 ((2 3 )(10 ((4 5 )(6 7 ))(8 9 )(11 12 )))((13 14 )((15 16 )(17 (18 (19 ((20 21 )((22 23 )(24 25 ))))))))((26 (27 (28 (29 30 ))))((31 (((32 33 )(36 (37 38 )))(34 35 )))(39 (40 (41 ((42 43 )((44 45 )(46 47 )))))))))); 
ttag *!; 
ttag +49 ???; 
ttag +50 3; 
ttag +51 8; 
ttag +52 7; 
ttag +53 7; 
ttag +54 5; 
ttag +55 2; 
ttag +56 1; 
ttag +57 7; 
ttag +58 4; 
ttag +59 1; 
ttag +60 6; 
ttag +61 9; 
ttag +62 2; 
ttag +63 2; 
ttag +64 3; 
ttag +65 7; 
ttag +66 6; 
ttag +67 11; 
ttag +68 4; 
ttag +69 5; 
ttag +70 7; 
ttag +71 7; 
ttag +72 3; 
ttag +73 5; 
ttag +74 7; 
ttag +75 3; 
ttag +76 6; 
ttag +77 5; 
ttag +78 2; 
ttag +79 4; 
ttag +80 1; 
ttag +81 7; 
ttag +82 4; 
ttag +83 1; 
ttag +84 6; 
ttag +85 3; 
ttag +86 2; 
ttag +87 6; 
ttag +88 7; 
ttag +89 4; 
ttag +90 2; 
tread
'Tree with tags' 
(0 (1 ((2 3 )(10 ((4 5 )(6 7 ))(8 9 )(11 12 )))((13 14 )((15 16 )(17 (18 (19 ((20 21 )((22 23 )(24 25 ))))))))((26 (27 (28 (29 30 ))))((31 (((32 33 )(36 (37 38 )))(34 35 )))(39 (40 (41 ((42 43 )((44 45 )(46 47 )))))))))); 
ttag *!; 
ttag +0 ////; 
ttag +1 ////; 
ttag +2 ////; 
ttag +3 ////; 
ttag +4 ////; 
ttag +5 ////; 
ttag +6 ////; 
ttag +7 ////; 
ttag +8 ////; 
ttag +9 ////; 
ttag +10 ////; 
ttag +11 ////; 
ttag +12 ////; 
ttag +13 ////; 
ttag +14 ////; 
ttag +15 ////; 
ttag +16 ////; 
ttag +17 ////; 
ttag +18 ////; 
ttag +19 ////; 
ttag +20 ////; 
ttag +21 ////; 
ttag +22 ////; 
ttag +23 ////; 
ttag +24 ////; 
ttag +25 ////; 
ttag +26 ////; 
ttag +27 ////; 
ttag +28 ////; 
ttag +29 ////; 
ttag +30 ////; 
ttag +31 ////; 
ttag +32 ////; 
ttag +33 ////; 
ttag +34 ////; 
ttag +35 ////; 
ttag +36 ////; 
ttag +37 ////; 
ttag +38 ////; 
ttag +39 ////; 
ttag +40 ////; 
ttag +41 ////; 
ttag +42 ////; 
ttag +43 ////; 
ttag +44 ////; 
ttag +45 ////; 
ttag +46 ////; 
ttag +47 ////; 
ttag +48 ////; 
ttag +49 100/100/100/100/100; 
ttag +50 90/89/88/89/84; 
ttag +51 100/100/97/99/96; 
ttag +52 99/99/98/99/97; 
ttag +53 100/100/98/98/98; 
ttag +54 91/89/73/92/75; 
ttag +55 68/49/34/50/35; 
ttag +56 72/65/51/59/51; 
ttag +57 99/99/99/100/99; 
ttag +58 97/97/89/97/89; 
ttag +59 38/7/2/28/1; 
ttag +60 93/90/92/97/94; 
ttag +61 100/100/98/100/97; 
ttag +62 75/70/68/74/56; 
ttag +63 75/70/62/72/52; 
ttag +64 86/78/69/80/71; 
ttag +65 100/100/100/100/100; 
ttag +66 98/98/92/98/92; 
ttag +67 100/100/100/100/100; 
ttag +68 96/96/84/95/85; 
ttag +69 95/94/76/94/84; 
ttag +70 95/94/81/94/80; 
ttag +71 98/98/97/100/96; 
ttag +72 80/75/61/76/62; 
ttag +73 96/96/92/96/91; 
ttag +74 98/98/94/99/97; 
ttag +75 79/74/63/83/61; 
ttag +76 96/96/90/99/96; 
ttag +77 97/96/92/97/92; 
ttag +78 63/48/33/45/15; 
ttag +79 89/86/72/87/70; 
ttag +80 51/43/37/42/26; 
ttag +81 99/99/97/97/96; 
ttag +82 95/93/78/90/82; 
ttag +83 54/52/41/51/47; 
ttag +84 93/92/84/94/81; 
ttag +85 73/58/53/69/49; 
ttag +86 64/47/50/56/44; 
ttag +87 99/99/89/99/91; 
ttag +88 99/99/99/99/97; 
ttag +89 88/85/82/91/75; 
ttag +90 86/84/80/82/79; 
