tread
'Tree with tags' 
(0 ((1 (17 ((15 16 )(18 (19 ((20 21 )((22 23 )(24 25 ))))))))(((2 3 )(((4 5 )(6 7 ))(8 (9 (10 (11 12 ))))))(13 14 ))((26 27 (28 (29 30 )))((31 (((32 33 )(34 35 ))(36 (37 38 ))))(39 ((40 41 )(42 (43 (46 47 (44 45 )))))))))); 
ttag *!; 
ttag +49 1; 
ttag +50 ???; 
ttag +51 6; 
ttag +52 6; 
ttag +53 1; 
ttag +54 4; 
ttag +55 3; 
ttag +56 2; 
ttag +57 7; 
ttag +58 1; 
ttag +59 1; 
ttag +60 8; 
ttag +61 5; 
ttag +62 9; 
ttag +63 13; 
ttag +64 1; 
ttag +65 11; 
ttag +66 7; 
ttag +67 2; 
ttag +68 9; 
ttag +69 5; 
ttag +70 1; 
ttag +71 8; 
ttag +72 3; 
ttag +73 5; 
ttag +74 5; 
ttag +75 3; 
ttag +76 9; 
ttag +77 5; 
ttag +78 6; 
ttag +79 2; 
ttag +80 1; 
ttag +81 3; 
ttag +82 5; 
ttag +83 8; 
ttag +84 9; 
ttag +85 1; 
ttag +86 4; 
ttag +87 12; 
ttag +88 9; 
ttag +89 6; 
ttag +90 7; 
ttag +91 6; 
tread
'Tree with tags' 
(0 (((1 (17 ((15 16 )(18 (19 ((20 21 )((22 23 )(24 25 ))))))))((27 (26 (28 (29 30 ))))((31 (((32 33 )(34 35 ))(36 (37 38 ))))(39 ((40 41 )(42 (43 (46 (47 (44 45 ))))))))))(((2 3 )(((4 5 )(6 7 ))(8 (9 (10 (11 12 ))))))(13 14 )))); 
ttag *!; 
ttag +0 ////; 
ttag +1 ////; 
ttag +2 ////; 
ttag +3 ////; 
ttag +4 ////; 
ttag +5 ////; 
ttag +6 ////; 
ttag +7 ////; 
ttag +8 ////; 
ttag +9 ////; 
ttag +10 ////; 
ttag +11 ////; 
ttag +12 ////; 
ttag +13 ////; 
ttag +14 ////; 
ttag +15 ////; 
ttag +16 ////; 
ttag +17 ////; 
ttag +18 ////; 
ttag +19 ////; 
ttag +20 ////; 
ttag +21 ////; 
ttag +22 ////; 
ttag +23 ////; 
ttag +24 ////; 
ttag +25 ////; 
ttag +26 ////; 
ttag +27 ////; 
ttag +28 ////; 
ttag +29 ////; 
ttag +30 ////; 
ttag +31 ////; 
ttag +32 ////; 
ttag +33 ////; 
ttag +34 ////; 
ttag +35 ////; 
ttag +36 ////; 
ttag +37 ////; 
ttag +38 ////; 
ttag +39 ////; 
ttag +40 ////; 
ttag +41 ////; 
ttag +42 ////; 
ttag +43 ////; 
ttag +44 ////; 
ttag +45 ////; 
ttag +46 ////; 
ttag +47 ////; 
ttag +48 ////; 
ttag +49 22/[4]/?/0/?; 
ttag +50 3/[24]/?/?/?; 
ttag +51 100/100/100/100/100; 
ttag +52 100/100/98/99/98; 
ttag +53 99/99/95/100/97; 
ttag +54 31/4/?/9/8; 
ttag +55 90/85/80/86/80; 
ttag +56 89/86/81/89/82; 
ttag +57 74/63/63/67/66; 
ttag +58 98/98/95/97/94; 
ttag +59 44/18/8/31/6; 
ttag +60 39/13/5/25/7; 
ttag +61 98/98/98/100/97; 
ttag +62 96/95/86/92/86; 
ttag +63 100/100/100/100/100; 
ttag +64 100/100/100/100/100; 
ttag +65 70/64/56/58/50; 
ttag +66 100/100/98/100/100; 
ttag +67 99/99/98/99/96; 
ttag +68 57/43/38/48/38; 
ttag +69 100/100/99/100/100; 
ttag +70 95/94/91/95/85; 
ttag +71 59/46/36/40/32; 
ttag +72 100/100/97/99/98; 
ttag +73 78/67/63/74/58; 
ttag +74 24/[17]/?/?/?; 
ttag +75 96/93/82/93/86; 
ttag +76 96/95/88/95/87; 
ttag +77 81/76/72/79/72; 
ttag +78 100/100/100/100/100; 
ttag +79 96/95/90/95/91; 
ttag +80 96/94/90/97/96; 
ttag +81 75/63/56/67/57; 
ttag +82 54/35/25/37/26; 
ttag +83 88/83/65/80/74; 
ttag +84 99/99/98/98/96; 
ttag +85 99/99/98/98/97; 
ttag +86 99/99/99/100/100; 
ttag +87 70/62/62/62/56; 
ttag +88 95/95/93/97/90; 
ttag +89 100/100/98/100/98; 
ttag +90 99/98/96/99/96; 
ttag +91 99/98/96/98/92; 
ttag +92 100/100/99/100/100; 
ttag +93 20/0/0/?/?; 
ttag +94 98/97/94/98/99; 
