tread
'Tree with tags' 
(0 (1 ((2 3 )(((4 5 )(6 7 ))((8 9 )(10 (11 12 )))))((13 14 )((17 (15 16 )(18 (19 ((20 21 )((22 23 )(24 25 ))))))((26 (27 (28 (29 30 ))))(39 ((31 ((32 33 )((34 35 )(36 (37 38 )))))(40 41 (42 (43 (46 47 (44 45 )))))))))))); 
ttag *!; 
ttag +49 ???; 
ttag +50 12; 
ttag +51 10; 
ttag +52 7; 
ttag +53 9; 
ttag +54 4; 
ttag +55 3; 
ttag +56 3; 
ttag +57 4; 
ttag +58 9; 
ttag +59 8; 
ttag +60 11; 
ttag +61 1; 
ttag +62 9; 
ttag +63 2; 
ttag +64 1; 
ttag +65 4; 
ttag +66 4; 
ttag +67 3; 
ttag +68 7; 
ttag +69 9; 
ttag +70 5; 
ttag +71 4; 
ttag +72 2; 
ttag +73 8; 
ttag +74 2; 
ttag +75 3; 
ttag +76 9; 
ttag +77 3; 
ttag +78 1; 
ttag +79 3; 
ttag +80 6; 
ttag +81 4; 
ttag +82 5; 
ttag +83 2; 
ttag +84 11; 
ttag +85 2; 
ttag +86 7; 
ttag +87 5; 
ttag +88 2; 
ttag +89 4; 
ttag +90 4; 
tread
'Tree with tags' 
(0 ((1 ((13 14 )(((15 16 )(17 (18 (19 ((20 21 )((22 23 )(24 25 )))))))((26 (27 (28 (29 30 ))))(39 ((31 ((32 33 )((34 35 )(36 (37 38 )))))(41 (40 (42 (43 ((44 45 )(46 47 ))))))))))))((2 3 )(((4 5 )(6 7 ))((8 9 )(10 (11 12 ))))))); 
ttag *!; 
ttag +0 ////; 
ttag +1 ////; 
ttag +2 ////; 
ttag +3 ////; 
ttag +4 ////; 
ttag +5 ////; 
ttag +6 ////; 
ttag +7 ////; 
ttag +8 ////; 
ttag +9 ////; 
ttag +10 ////; 
ttag +11 ////; 
ttag +12 ////; 
ttag +13 ////; 
ttag +14 ////; 
ttag +15 ////; 
ttag +16 ////; 
ttag +17 ////; 
ttag +18 ////; 
ttag +19 ////; 
ttag +20 ////; 
ttag +21 ////; 
ttag +22 ////; 
ttag +23 ////; 
ttag +24 ////; 
ttag +25 ////; 
ttag +26 ////; 
ttag +27 ////; 
ttag +28 ////; 
ttag +29 ////; 
ttag +30 ////; 
ttag +31 ////; 
ttag +32 ////; 
ttag +33 ////; 
ttag +34 ////; 
ttag +35 ////; 
ttag +36 ////; 
ttag +37 ////; 
ttag +38 ////; 
ttag +39 ////; 
ttag +40 ////; 
ttag +41 ////; 
ttag +42 ////; 
ttag +43 ////; 
ttag +44 ////; 
ttag +45 ////; 
ttag +46 ////; 
ttag +47 ////; 
ttag +48 ////; 
ttag +49 26/[3]/?/?/?; 
ttag +50 100/100/100/100/100; 
ttag +51 100/100/100/100/100; 
ttag +52 100/100/98/100/99; 
ttag +53 99/99/98/98/96; 
ttag +54 98/97/96/99/96; 
ttag +55 79/74/72/82/60; 
ttag +56 86/81/64/85/66; 
ttag +57 81/76/67/82/69; 
ttag +58 78/73/65/80/58; 
ttag +59 99/99/97/100/98; 
ttag +60 100/100/100/100/99; 
ttag +61 100/100/100/100/100; 
ttag +62 67/58/38/49/34; 
ttag +63 100/100/98/99/98; 
ttag +64 68/61/48/57/46; 
ttag +65 44/34/17/27/14; 
ttag +66 35/[2]/?/?/3; 
ttag +67 91/90/80/86/79; 
ttag +68 90/88/75/88/76; 
ttag +69 96/96/95/95/93; 
ttag +70 99/99/97/100/97; 
ttag +71 99/99/99/100/99; 
ttag +72 100/100/98/98/98; 
ttag +73 91/86/78/92/74; 
ttag +74 77/70/65/72/66; 
ttag +75 96/94/94/94/90; 
ttag +76 62/41/26/46/30; 
ttag +77 94/94/92/89/89; 
ttag +78 100/100/99/100/99; 
ttag +79 84/82/63/78/76; 
ttag +80 38/22/15/23/16; 
ttag +81 86/82/77/82/74; 
ttag +82 96/95/96/93/92; 
ttag +83 96/95/82/93/85; 
ttag +84 96/95/90/96/90; 
ttag +85 60/42/32/48/32; 
ttag +86 100/100/99/100/100; 
ttag +87 69/48/48/58/39; 
ttag +88 28/[8]/?/?/?; 
ttag +89 98/97/91/97/89; 
ttag +90 96/94/86/95/87; 
ttag +91 80/74/64/65/60; 
ttag +92 90/88/78/90/80; 
ttag +93 90/86/82/92/80; 
ttag +94 30/19/15/20/14; 
