tread
'Tree with tags' 
(0 (1 ((2 3 )(6 7 (4 5 ))(8 9 )(10 (11 12 )))(13 14 )((15 16 )(17 (18 (19 ((20 21 )((22 23 )(24 25 )))))))((26 (27 (28 (29 30 ))))((31 (((32 33 )(34 35 ))(36 (37 38 ))))(39 ((40 41 )(42 (43 ((44 45 )(46 47 )))))))))); 
ttag *!; 
ttag +49 ???; 
ttag +50 4; 
ttag +51 6; 
ttag +52 4; 
ttag +53 6; 
ttag +54 3; 
ttag +55 2; 
ttag +56 11; 
ttag +57 7; 
ttag +58 14; 
ttag +59 4; 
ttag +60 4; 
ttag +61 2; 
ttag +62 1; 
ttag +63 5; 
ttag +64 10; 
ttag +65 11; 
ttag +66 3; 
ttag +67 3; 
ttag +68 5; 
ttag +69 6; 
ttag +70 5; 
ttag +71 10; 
ttag +72 8; 
ttag +73 3; 
ttag +74 5; 
ttag +75 3; 
ttag +76 1; 
ttag +77 5; 
ttag +78 1; 
ttag +79 6; 
ttag +80 7; 
ttag +81 2; 
ttag +82 6; 
ttag +83 7; 
ttag +84 11; 
ttag +85 5; 
ttag +86 5; 
ttag +87 11; 
ttag +88 2; 
tread
'Tree with tags' 
(0 (1 (((((2 3 )(((6 (7 (4 5 )))(10 (11 12 )))(8 9 )))((26 (27 (28 (29 30 ))))((31 (((32 33 )(34 35 ))(36 (37 38 ))))(39 ((40 41 )(42 (43 ((44 45 )(46 47 )))))))))(13 14 ))((15 16 )(17 (18 (19 ((20 21 )((22 23 )(24 25 )))))))))); 
ttag *!; 
ttag +0 ////; 
ttag +1 ////; 
ttag +2 ////; 
ttag +3 ////; 
ttag +4 ////; 
ttag +5 ////; 
ttag +6 ////; 
ttag +7 ////; 
ttag +8 ////; 
ttag +9 ////; 
ttag +10 ////; 
ttag +11 ////; 
ttag +12 ////; 
ttag +13 ////; 
ttag +14 ////; 
ttag +15 ////; 
ttag +16 ////; 
ttag +17 ////; 
ttag +18 ////; 
ttag +19 ////; 
ttag +20 ////; 
ttag +21 ////; 
ttag +22 ////; 
ttag +23 ////; 
ttag +24 ////; 
ttag +25 ////; 
ttag +26 ////; 
ttag +27 ////; 
ttag +28 ////; 
ttag +29 ////; 
ttag +30 ////; 
ttag +31 ////; 
ttag +32 ////; 
ttag +33 ////; 
ttag +34 ////; 
ttag +35 ////; 
ttag +36 ////; 
ttag +37 ////; 
ttag +38 ////; 
ttag +39 ////; 
ttag +40 ////; 
ttag +41 ////; 
ttag +42 ////; 
ttag +43 ////; 
ttag +44 ////; 
ttag +45 ////; 
ttag +46 ////; 
ttag +47 ////; 
ttag +48 ////; 
ttag +49 100/100/100/100/100; 
ttag +50 93/92/78/93/81; 
ttag +51 97/96/93/99/91; 
ttag +52 26/3/1/13/?; 
ttag +53 22/0/?/8/?; 
ttag +54 44/30/32/35/35; 
ttag +55 90/88/80/90/85; 
ttag +56 45/23/27/23/17; 
ttag +57 96/95/88/98/92; 
ttag +58 3/[31]/?/?/?; 
ttag +59 32/[2]/10/8/19; 
ttag +60 94/93/86/90/90; 
ttag +61 78/72/68/77/59; 
ttag +62 100/100/100/100/100; 
ttag +63 100/100/99/100/100; 
ttag +64 100/100/99/100/100; 
ttag +65 76/69/64/71/64; 
ttag +66 85/80/79/89/74; 
ttag +67 52/31/25/38/18; 
ttag +68 36/2/10/18/?; 
ttag +69 96/93/95/98/95; 
ttag +70 100/100/96/100/98; 
ttag +71 100/100/99/100/99; 
ttag +72 69/48/46/64/43; 
ttag +73 94/93/86/94/84; 
ttag +74 98/98/94/98/94; 
ttag +75 96/95/91/96/91; 
ttag +76 99/99/99/99/96; 
ttag +77 100/100/99/100/99; 
ttag +78 100/100/100/100/99; 
ttag +79 81/75/69/85/68; 
ttag +80 96/95/91/94/86; 
ttag +81 92/91/77/89/79; 
ttag +82 60/45/35/54/44; 
ttag +83 95/94/92/95/90; 
ttag +84 56/44/33/46/41; 
ttag +85 100/100/97/99/99; 
ttag +86 100/100/97/99/96; 
ttag +87 83/81/73/84/74; 
ttag +88 99/99/98/98/98; 
ttag +89 100/100/95/98/96; 
ttag +90 100/100/100/100/100; 
ttag +91 94/92/84/98/94; 
ttag +92 93/92/86/96/87; 
ttag +93 100/100/100/100/99; 
ttag +94 74/61/54/62/53; 
