tread
'Tree with tags' 
(0 (1 ((2 3 )(8 9 (6 7 (4 5 ))(10 (11 12 ))))(13 14 )(((15 16 )(17 (18 (19 ((20 21 )((22 23 )(24 25 )))))))((26 (27 28 (29 30 )))(39 (31 ((32 33 )((34 35 )(36 (37 38 )))))((40 41 )(42 (43 ((44 45 )(46 47 )))))))))); 
ttag *!; 
ttag +49 ???; 
ttag +50 4; 
ttag +51 3; 
ttag +52 4; 
ttag +53 9; 
ttag +54 4; 
ttag +55 1; 
ttag +56 6; 
ttag +57 7; 
ttag +58 11; 
ttag +59 6; 
ttag +60 1; 
ttag +61 2; 
ttag +62 6; 
ttag +63 1; 
ttag +64 11; 
ttag +65 3; 
ttag +66 9; 
ttag +67 7; 
ttag +68 7; 
ttag +69 8; 
ttag +70 1; 
ttag +71 4; 
ttag +72 7; 
ttag +73 5; 
ttag +74 1; 
ttag +75 6; 
ttag +76 5; 
ttag +77 5; 
ttag +78 1; 
ttag +79 8; 
ttag +80 8; 
ttag +81 1; 
ttag +82 7; 
ttag +83 7; 
ttag +84 2; 
ttag +85 8; 
ttag +86 9; 
ttag +87 6; 
tread
'Tree with tags' 
(0 ((1 (((15 16 )(17 (18 (19 ((20 21 )((22 23 )(24 25 )))))))((26 (27 (28 (29 30 ))))((31 ((32 33 )((34 35 )(36 (37 38 )))))(39 ((40 41 )(42 (43 ((44 45 )(46 47 ))))))))))(((2 3 )(((7 (6 (4 5 )))(8 9 ))(10 (11 12 ))))(13 14 )))); 
ttag *!; 
ttag +0 ////; 
ttag +1 ////; 
ttag +2 ////; 
ttag +3 ////; 
ttag +4 ////; 
ttag +5 ////; 
ttag +6 ////; 
ttag +7 ////; 
ttag +8 ////; 
ttag +9 ////; 
ttag +10 ////; 
ttag +11 ////; 
ttag +12 ////; 
ttag +13 ////; 
ttag +14 ////; 
ttag +15 ////; 
ttag +16 ////; 
ttag +17 ////; 
ttag +18 ////; 
ttag +19 ////; 
ttag +20 ////; 
ttag +21 ////; 
ttag +22 ////; 
ttag +23 ////; 
ttag +24 ////; 
ttag +25 ////; 
ttag +26 ////; 
ttag +27 ////; 
ttag +28 ////; 
ttag +29 ////; 
ttag +30 ////; 
ttag +31 ////; 
ttag +32 ////; 
ttag +33 ////; 
ttag +34 ////; 
ttag +35 ////; 
ttag +36 ////; 
ttag +37 ////; 
ttag +38 ////; 
ttag +39 ////; 
ttag +40 ////; 
ttag +41 ////; 
ttag +42 ////; 
ttag +43 ////; 
ttag +44 ////; 
ttag +45 ////; 
ttag +46 ////; 
ttag +47 ////; 
ttag +48 ////; 
ttag +49 11/[6]/?/?/?; 
ttag +50 100/100/100/100/100; 
ttag +51 99/98/98/99/97; 
ttag +52 92/90/78/89/81; 
ttag +53 7/[20]/?/?/?; 
ttag +54 93/91/86/93/87; 
ttag +55 44/12/6/7/?; 
ttag +56 99/99/97/98/98; 
ttag +57 18/[21]/?/?/?; 
ttag +58 91/89/79/86/84; 
ttag +59 40/25/18/26/24; 
ttag +60 54/27/45/32/24; 
ttag +61 97/95/90/98/93; 
ttag +62 98/97/93/98/88; 
ttag +63 100/100/100/100/100; 
ttag +64 94/92/82/94/85; 
ttag +65 51/42/32/41/39; 
ttag +66 73/64/60/72/59; 
ttag +67 93/93/89/93/85; 
ttag +68 35/25/23/32/24; 
ttag +69 100/100/100/100/100; 
ttag +70 65/58/48/63/52; 
ttag +71 99/99/100/100/96; 
ttag +72 99/99/98/100/98; 
ttag +73 99/99/99/99/97; 
ttag +74 98/98/97/99/96; 
ttag +75 52/44/34/37/29; 
ttag +76 91/90/85/89/81; 
ttag +77 33/[6]/?/0/4; 
ttag +78 98/98/98/99/96; 
ttag +79 96/95/92/96/91; 
ttag +80 53/41/38/36/26; 
ttag +81 98/98/95/98/96; 
ttag +82 98/97/95/97/90; 
ttag +83 98/98/96/96/96; 
ttag +84 66/53/42/39/31; 
ttag +85 99/99/98/100/98; 
ttag +86 100/100/98/100/96; 
ttag +87 32/[6]/?/?/?; 
ttag +88 55/36/36/41/36; 
ttag +89 96/94/92/95/91; 
ttag +90 99/99/98/100/98; 
ttag +91 80/77/66/76/70; 
ttag +92 100/100/100/100/100; 
ttag +93 100/100/98/100/99; 
ttag +94 99/98/98/100/99; 
