tread
'Tree with tags' 
(0 (1 ((2 3 )((6 (7 (4 5 )))(8 9 (10 (11 12 )))))(13 14 )(17 (15 16 )(18 19 ((20 21 )((22 23 )(24 25 )))))((26 27 (28 (29 30 )))((31 ((32 33 )(34 35 )(36 (37 38 ))))(39 ((40 41 )(42 (43 ((44 45 )(46 47 )))))))))); 
ttag *!; 
ttag +49 ???; 
ttag +50 4; 
ttag +51 7; 
ttag +52 7; 
ttag +53 2; 
ttag +54 7; 
ttag +55 3; 
ttag +56 1; 
ttag +57 7; 
ttag +58 6; 
ttag +59 6; 
ttag +60 12; 
ttag +61 2; 
ttag +62 4; 
ttag +63 7; 
ttag +64 7; 
ttag +65 4; 
ttag +66 6; 
ttag +67 3; 
ttag +68 2; 
ttag +69 7; 
ttag +70 4; 
ttag +71 4; 
ttag +72 5; 
ttag +73 3; 
ttag +74 8; 
ttag +75 1; 
ttag +76 3; 
ttag +77 11; 
ttag +78 11; 
ttag +79 1; 
ttag +80 3; 
ttag +81 5; 
ttag +82 6; 
ttag +83 4; 
ttag +84 5; 
ttag +85 4; 
ttag +86 2; 
tread
'Tree with tags' 
(0 ((1 ((2 3 )((6 (7 (4 5 )))((8 9 )(10 (11 12 ))))))((13 14 )((17 ((15 16 )(18 (19 ((20 21 )((22 23 )(24 25 )))))))((26 (27 (28 (29 30 ))))((31 (((32 33 )(36 (37 38 )))(34 35 )))(39 ((40 41 )(42 (43 ((44 45 )(46 47 )))))))))))); 
ttag *!; 
ttag +0 ////; 
ttag +1 ////; 
ttag +2 ////; 
ttag +3 ////; 
ttag +4 ////; 
ttag +5 ////; 
ttag +6 ////; 
ttag +7 ////; 
ttag +8 ////; 
ttag +9 ////; 
ttag +10 ////; 
ttag +11 ////; 
ttag +12 ////; 
ttag +13 ////; 
ttag +14 ////; 
ttag +15 ////; 
ttag +16 ////; 
ttag +17 ////; 
ttag +18 ////; 
ttag +19 ////; 
ttag +20 ////; 
ttag +21 ////; 
ttag +22 ////; 
ttag +23 ////; 
ttag +24 ////; 
ttag +25 ////; 
ttag +26 ////; 
ttag +27 ////; 
ttag +28 ////; 
ttag +29 ////; 
ttag +30 ////; 
ttag +31 ////; 
ttag +32 ////; 
ttag +33 ////; 
ttag +34 ////; 
ttag +35 ////; 
ttag +36 ////; 
ttag +37 ////; 
ttag +38 ////; 
ttag +39 ////; 
ttag +40 ////; 
ttag +41 ////; 
ttag +42 ////; 
ttag +43 ////; 
ttag +44 ////; 
ttag +45 ////; 
ttag +46 ////; 
ttag +47 ////; 
ttag +48 ////; 
ttag +49 31/8/3/6/5; 
ttag +50 100/100/100/100/100; 
ttag +51 99/99/92/99/97; 
ttag +52 96/95/91/93/89; 
ttag +53 98/97/96/98/98; 
ttag +54 72/54/58/68/59; 
ttag +55 99/99/97/99/98; 
ttag +56 72/63/54/58/54; 
ttag +57 28/10/2/?/?; 
ttag +58 39/26/19/27/16; 
ttag +59 94/92/82/96/85; 
ttag +60 98/98/98/99/98; 
ttag +61 99/99/95/99/93; 
ttag +62 18/[4]/?/?/?; 
ttag +63 100/100/100/100/100; 
ttag +64 34/0/1/0/?; 
ttag +65 79/72/68/72/66; 
ttag +66 11/[11]/?/?/?; 
ttag +67 90/89/84/95/82; 
ttag +68 53/30/34/30/22; 
ttag +69 100/100/100/100/100; 
ttag +70 99/99/96/100/94; 
ttag +71 92/88/78/84/76; 
ttag +72 94/93/87/96/92; 
ttag +73 84/79/76/77/68; 
ttag +74 76/72/53/77/62; 
ttag +75 100/100/98/100/95; 
ttag +76 25/21/15/20/15; 
ttag +77 98/97/92/96/94; 
ttag +78 97/96/89/96/90; 
ttag +79 97/96/91/94/87; 
ttag +80 91/86/79/83/77; 
ttag +81 100/100/99/100/99; 
ttag +82 18/[6]/?/?/?; 
ttag +83 49/23/29/35/27; 
ttag +84 91/89/81/88/85; 
ttag +85 100/100/100/100/99; 
ttag +86 100/100/100/100/100; 
ttag +87 44/19/?/21/2; 
ttag +88 84/79/69/83/74; 
ttag +89 95/94/90/93/83; 
ttag +90 99/98/93/97/94; 
ttag +91 91/86/76/86/79; 
ttag +92 98/98/97/98/93; 
ttag +93 94/92/78/92/79; 
ttag +94 76/65/72/72/66; 
