tread
'Tree with tags' 
(0 ((1 ((2 3 )(((4 5 )(6 7 ))(8 9 )(10 (11 12 )))))((13 14 )(((15 16 )(17 (18 (19 ((20 21 )((22 23 )(24 25 )))))))((26 (27 (28 (29 30 ))))(39 (31 ((32 33 )(34 35 )(36 (37 38 ))))((40 41 )(42 (43 ((44 45 )(46 47 ))))))))))); 
ttag *!; 
ttag +49 4; 
ttag +50 ???; 
ttag +51 11; 
ttag +52 8; 
ttag +53 7; 
ttag +54 5; 
ttag +55 3; 
ttag +56 3; 
ttag +57 6; 
ttag +58 9; 
ttag +59 6; 
ttag +60 11; 
ttag +61 5; 
ttag +62 7; 
ttag +63 4; 
ttag +64 2; 
ttag +65 1; 
ttag +66 5; 
ttag +67 2; 
ttag +68 8; 
ttag +69 4; 
ttag +70 14; 
ttag +71 1; 
ttag +72 4; 
ttag +73 12; 
ttag +74 9; 
ttag +75 3; 
ttag +76 8; 
ttag +77 12; 
ttag +78 4; 
ttag +79 5; 
ttag +80 6; 
ttag +81 4; 
ttag +82 4; 
ttag +83 7; 
ttag +84 5; 
ttag +85 1; 
ttag +86 5; 
ttag +87 9; 
ttag +88 2; 
ttag +89 4; 
ttag +90 2; 
ttag +91 1; 
tread
'Tree with tags' 
(0 ((1 ((2 3 )(((4 5 )(6 7 ))((8 9 )(10 (11 12 ))))))((13 14 )(((15 16 )(17 (18 (19 ((20 21 )((22 23 )(24 25 )))))))((26 (27 (28 (29 30 ))))((39 (31 ((32 33 )((34 35 )(36 (37 38 ))))))((40 41 )(42 (43 ((44 45 )(46 47 ))))))))))); 
ttag *!; 
ttag +0 ////; 
ttag +1 ////; 
ttag +2 ////; 
ttag +3 ////; 
ttag +4 ////; 
ttag +5 ////; 
ttag +6 ////; 
ttag +7 ////; 
ttag +8 ////; 
ttag +9 ////; 
ttag +10 ////; 
ttag +11 ////; 
ttag +12 ////; 
ttag +13 ////; 
ttag +14 ////; 
ttag +15 ////; 
ttag +16 ////; 
ttag +17 ////; 
ttag +18 ////; 
ttag +19 ////; 
ttag +20 ////; 
ttag +21 ////; 
ttag +22 ////; 
ttag +23 ////; 
ttag +24 ////; 
ttag +25 ////; 
ttag +26 ////; 
ttag +27 ////; 
ttag +28 ////; 
ttag +29 ////; 
ttag +30 ////; 
ttag +31 ////; 
ttag +32 ////; 
ttag +33 ////; 
ttag +34 ////; 
ttag +35 ////; 
ttag +36 ////; 
ttag +37 ////; 
ttag +38 ////; 
ttag +39 ////; 
ttag +40 ////; 
ttag +41 ////; 
ttag +42 ////; 
ttag +43 ////; 
ttag +44 ////; 
ttag +45 ////; 
ttag +46 ////; 
ttag +47 ////; 
ttag +48 ////; 
ttag +49 92/91/82/90/87; 
ttag +50 100/100/100/100/100; 
ttag +51 100/100/100/100/99; 
ttag +52 99/99/95/98/96; 
ttag +53 100/100/98/98/98; 
ttag +54 97/97/95/99/92; 
ttag +55 88/86/74/86/73; 
ttag +56 87/86/72/89/79; 
ttag +57 100/100/98/99/96; 
ttag +58 34/[5]/6/?/?; 
ttag +59 99/99/99/99/95; 
ttag +60 99/99/100/100/99; 
ttag +61 99/99/100/100/100; 
ttag +62 96/95/89/96/88; 
ttag +63 99/98/98/98/98; 
ttag +64 94/92/85/93/85; 
ttag +65 85/84/80/86/77; 
ttag +66 68/58/38/48/44; 
ttag +67 95/94/91/95/89; 
ttag +68 71/62/52/65/59; 
ttag +69 100/100/100/100/100; 
ttag +70 93/92/87/91/87; 
ttag +71 100/100/100/100/100; 
ttag +72 62/44/35/36/26; 
ttag +73 93/89/82/93/79; 
ttag +74 100/100/100/99/99; 
ttag +75 99/99/97/98/94; 
ttag +76 86/84/76/86/76; 
ttag +77 99/99/97/99/98; 
ttag +78 100/100/100/100/100; 
ttag +79 96/95/89/94/88; 
ttag +80 39/3/5/10/?; 
ttag +81 96/95/85/96/86; 
ttag +82 99/99/96/99/98; 
ttag +83 87/82/79/85/74; 
ttag +84 90/87/78/87/74; 
ttag +85 34/2/2/?/?; 
ttag +86 98/98/97/100/98; 
ttag +87 98/98/95/98/95; 
ttag +88 62/41/43/26/40; 
ttag +89 93/91/82/93/86; 
ttag +90 100/100/100/100/99; 
ttag +91 60/48/48/52/48; 
ttag +92 96/96/90/94/90; 
ttag +93 61/51/52/74/56; 
ttag +94 51/42/32/36/30; 
