tread
'Tree with tags' 
(0 (1 (((2 3 )((4 5 )(6 7 )))((8 9 )(10 (11 12 ))))(13 14 )(15 16 )(17 (18 (19 ((20 21 )((22 23 )(24 25 ))))))(26 27 (28 (29 30 )))((31 ((32 33 )(34 35 )(36 (37 38 ))))(39 ((40 41 )(42 (43 ((44 45 )(46 47 ))))))))); 
ttag *!; 
ttag +49 ???; 
ttag +50 7; 
ttag +51 1; 
ttag +52 7; 
ttag +53 4; 
ttag +54 4; 
ttag +55 2; 
ttag +56 1; 
ttag +57 1; 
ttag +58 7; 
ttag +59 3; 
ttag +60 3; 
ttag +61 11; 
ttag +62 3; 
ttag +63 2; 
ttag +64 1; 
ttag +65 11; 
ttag +66 4; 
ttag +67 8; 
ttag +68 9; 
ttag +69 1; 
ttag +70 3; 
ttag +71 4; 
ttag +72 9; 
ttag +73 5; 
ttag +74 8; 
ttag +75 2; 
ttag +76 3; 
ttag +77 1; 
ttag +78 6; 
ttag +79 1; 
ttag +80 2; 
ttag +81 6; 
ttag +82 4; 
ttag +83 3; 
ttag +84 6; 
ttag +85 10; 
ttag +86 9; 
ttag +87 4; 
tread
'Tree with tags' 
(0 (((1 (((26 27 )(28 (29 30 )))((31 ((32 33 )((34 35 )(36 (37 38 )))))(39 ((40 41 )(42 (43 ((44 45 )(46 47 )))))))))(13 14 ))(((((2 3 )((4 5 )(6 7 )))((8 9 )(10 (11 12 ))))(15 16 ))(17 (18 (19 ((20 21 )((22 23 )(24 25 ))))))))); 
ttag *!; 
ttag +0 ////; 
ttag +1 ////; 
ttag +2 ////; 
ttag +3 ////; 
ttag +4 ////; 
ttag +5 ////; 
ttag +6 ////; 
ttag +7 ////; 
ttag +8 ////; 
ttag +9 ////; 
ttag +10 ////; 
ttag +11 ////; 
ttag +12 ////; 
ttag +13 ////; 
ttag +14 ////; 
ttag +15 ////; 
ttag +16 ////; 
ttag +17 ////; 
ttag +18 ////; 
ttag +19 ////; 
ttag +20 ////; 
ttag +21 ////; 
ttag +22 ////; 
ttag +23 ////; 
ttag +24 ////; 
ttag +25 ////; 
ttag +26 ////; 
ttag +27 ////; 
ttag +28 ////; 
ttag +29 ////; 
ttag +30 ////; 
ttag +31 ////; 
ttag +32 ////; 
ttag +33 ////; 
ttag +34 ////; 
ttag +35 ////; 
ttag +36 ////; 
ttag +37 ////; 
ttag +38 ////; 
ttag +39 ////; 
ttag +40 ////; 
ttag +41 ////; 
ttag +42 ////; 
ttag +43 ////; 
ttag +44 ////; 
ttag +45 ////; 
ttag +46 ////; 
ttag +47 ////; 
ttag +48 ////; 
ttag +49 3/[8]/?/?/?; 
ttag +50 5/[8]/?/?/?; 
ttag +51 100/100/100/100/100; 
ttag +52 100/100/98/99/98; 
ttag +53 58/36/19/35/32; 
ttag +54 97/96/95/98/93; 
ttag +55 20/[18]/?/?/?; 
ttag +56 12/[1]/?/?/?; 
ttag +57 97/96/92/96/89; 
ttag +58 90/89/84/93/81; 
ttag +59 76/70/64/73/60; 
ttag +60 70/59/46/55/44; 
ttag +61 70/66/59/66/59; 
ttag +62 98/97/95/100/92; 
ttag +63 96/96/95/97/94; 
ttag +64 96/96/90/98/93; 
ttag +65 100/100/100/100/99; 
ttag +66 62/53/48/58/45; 
ttag +67 40/28/33/32/28; 
ttag +68 40/16/14/30/5; 
ttag +69 100/100/100/100/100; 
ttag +70 68/56/57/63/54; 
ttag +71 97/96/95/100/96; 
ttag +72 98/98/93/98/93; 
ttag +73 77/69/62/65/66; 
ttag +74 41/3/4/?/?; 
ttag +75 86/83/74/84/79; 
ttag +76 33/22/12/20/10; 
ttag +77 95/94/86/94/89; 
ttag +78 100/100/98/100/100; 
ttag +79 94/94/89/95/92; 
ttag +80 97/96/94/99/96; 
ttag +81 81/76/73/78/75; 
ttag +82 91/90/82/90/79; 
ttag +83 74/63/62/58/53; 
ttag +84 45/22/9/21/12; 
ttag +85 99/99/96/98/97; 
ttag +86 66/45/33/42/44; 
ttag +87 75/68/64/77/72; 
ttag +88 98/97/94/99/92; 
ttag +89 84/79/72/87/78; 
ttag +90 88/85/78/89/74; 
ttag +91 99/98/94/99/95; 
ttag +92 100/100/100/100/100; 
ttag +93 99/99/98/99/97; 
ttag +94 97/96/93/94/89; 
