tread
'Tree with tags' 
(0 (((1 ((15 16 )((27 (26 (28 (29 30 ))))((39 (31 ((32 33 )(34 35 )(36 (37 38 )))))((40 41 )(42 (43 ((44 45 )(46 47 )))))))))(17 (((2 3 )(((6 7 (4 5 ))(10 (11 12 )))(8 9 )))(18 (19 ((20 21 )((22 23 )(24 25 ))))))))(13 14 ))); 
ttag *!; 
ttag +49 1; 
ttag +50 2; 
ttag +51 ???; 
ttag +52 11; 
ttag +53 13; 
ttag +54 2; 
ttag +55 2; 
ttag +56 14; 
ttag +57 8; 
ttag +58 1; 
ttag +59 2; 
ttag +60 4; 
ttag +61 2; 
ttag +62 7; 
ttag +63 7; 
ttag +64 11; 
ttag +65 1; 
ttag +66 7; 
ttag +67 5; 
ttag +68 9; 
ttag +69 6; 
ttag +70 6; 
ttag +71 1; 
ttag +72 8; 
ttag +73 1; 
ttag +74 4; 
ttag +75 6; 
ttag +76 5; 
ttag +77 6; 
ttag +78 10; 
ttag +79 1; 
ttag +80 8; 
ttag +81 8; 
ttag +82 4; 
ttag +83 1; 
ttag +84 8; 
ttag +85 5; 
ttag +86 2; 
ttag +87 5; 
ttag +88 9; 
ttag +89 4; 
ttag +90 1; 
ttag +91 1; 
ttag +92 3; 
tread
'Tree with tags' 
(0 (((1 ((15 16 )((27 (26 (28 (29 30 ))))((39 (31 ((32 33 )(34 35 )(36 (37 38 )))))((40 41 )(42 (43 ((44 45 )(46 47 )))))))))(17 (((2 3 )(((6 7 (4 5 ))(10 (11 12 )))(8 9 )))(18 (19 ((20 21 )((22 23 )(24 25 ))))))))(13 14 ))); 
ttag *!; 
ttag +0 ////; 
ttag +1 ////; 
ttag +2 ////; 
ttag +3 ////; 
ttag +4 ////; 
ttag +5 ////; 
ttag +6 ////; 
ttag +7 ////; 
ttag +8 ////; 
ttag +9 ////; 
ttag +10 ////; 
ttag +11 ////; 
ttag +12 ////; 
ttag +13 ////; 
ttag +14 ////; 
ttag +15 ////; 
ttag +16 ////; 
ttag +17 ////; 
ttag +18 ////; 
ttag +19 ////; 
ttag +20 ////; 
ttag +21 ////; 
ttag +22 ////; 
ttag +23 ////; 
ttag +24 ////; 
ttag +25 ////; 
ttag +26 ////; 
ttag +27 ////; 
ttag +28 ////; 
ttag +29 ////; 
ttag +30 ////; 
ttag +31 ////; 
ttag +32 ////; 
ttag +33 ////; 
ttag +34 ////; 
ttag +35 ////; 
ttag +36 ////; 
ttag +37 ////; 
ttag +38 ////; 
ttag +39 ////; 
ttag +40 ////; 
ttag +41 ////; 
ttag +42 ////; 
ttag +43 ////; 
ttag +44 ////; 
ttag +45 ////; 
ttag +46 ////; 
ttag +47 ////; 
ttag +48 ////; 
ttag +49 13/[16]/?/?/?; 
ttag +50 38/31/28/32/25; 
ttag +51 100/100/100/100/100; 
ttag +52 99/99/98/99/98; 
ttag +53 100/100/98/100/98; 
ttag +54 37/8/3/17/2; 
ttag +55 18/[10]/?/?/?; 
ttag +56 100/100/100/100/100; 
ttag +57 97/96/94/97/90; 
ttag +58 41/22/18/32/18; 
ttag +59 68/58/53/65/52; 
ttag +60 93/91/80/91/81; 
ttag +61 64/54/50/56/47; 
ttag +62 99/99/97/98/96; 
ttag +63 99/99/97/99/95; 
ttag +64 100/100/99/100/98; 
ttag +65 10/[18]/?/?/?; 
ttag +66 97/96/95/98/98; 
ttag +67 96/96/92/98/92; 
ttag +68 100/100/100/100/100; 
ttag +69 97/96/91/97/94; 
ttag +70 99/99/98/99/98; 
ttag +71 40/22/18/30/22; 
ttag +72 100/100/99/100/100; 
ttag +73 22/[30]/?/?/?; 
ttag +74 96/96/89/94/89; 
ttag +75 94/92/88/94/84; 
ttag +76 98/97/96/99/97; 
ttag +77 100/100/99/100/100; 
ttag +78 99/99/98/98/97; 
ttag +79 26/[18]/?/?/?; 
ttag +80 99/98/96/98/96; 
ttag +81 100/100/96/98/98; 
ttag +82 89/84/72/82/71; 
ttag +83 67/64/50/61/56; 
ttag +84 99/99/97/99/98; 
ttag +85 98/97/99/97/95; 
ttag +86 54/37/36/47/26; 
ttag +87 91/89/76/88/76; 
ttag +88 100/100/98/100/98; 
ttag +89 78/71/61/76/60; 
ttag +90 56/32/10/34/30; 
ttag +91 60/52/38/51/49; 
ttag +92 98/98/90/95/92; 
