tread
'Tree with tags' 
(0 ((1 ((2 3 )(((6 (7 (4 5 )))(10 (11 12 )))(8 9 ))))((13 14 )((26 (27 (28 (29 30 ))))((31 (((32 33 )(36 (37 38 )))(34 35 )))(39 ((40 41 )(42 (43 ((44 45 )(46 47 )))))))))(17 (15 16 )(18 19 ((20 21 )((22 23 )(24 25 ))))))); 
ttag *!; 
ttag +49 3; 
ttag +50 ???; 
ttag +51 6; 
ttag +52 11; 
ttag +53 4; 
ttag +54 1; 
ttag +55 5; 
ttag +56 2; 
ttag +57 2; 
ttag +58 1; 
ttag +59 4; 
ttag +60 8; 
ttag +61 14; 
ttag +62 1; 
ttag +63 10; 
ttag +64 7; 
ttag +65 2; 
ttag +66 8; 
ttag +67 4; 
ttag +68 9; 
ttag +69 5; 
ttag +70 4; 
ttag +71 6; 
ttag +72 5; 
ttag +73 5; 
ttag +74 4; 
ttag +75 14; 
ttag +76 4; 
ttag +77 5; 
ttag +78 5; 
ttag +79 1; 
ttag +80 5; 
ttag +81 3; 
ttag +82 6; 
ttag +83 13; 
ttag +84 1; 
ttag +85 1; 
ttag +86 7; 
ttag +87 5; 
ttag +88 5; 
ttag +89 8; 
ttag +90 7; 
ttag +91 3; 
tread
'Tree with tags' 
(0 ((1 ((2 3 )(((6 (7 (4 5 )))(10 (11 12 )))(8 9 ))))(((13 14 )((26 (27 (28 (29 30 ))))((31 (((32 33 )(36 (37 38 )))(34 35 )))(39 ((40 41 )(42 (43 ((44 45 )(46 47 )))))))))((17 (15 16 ))(19 (18 ((20 21 )((22 23 )(24 25 ))))))))); 
ttag *!; 
ttag +0 ////; 
ttag +1 ////; 
ttag +2 ////; 
ttag +3 ////; 
ttag +4 ////; 
ttag +5 ////; 
ttag +6 ////; 
ttag +7 ////; 
ttag +8 ////; 
ttag +9 ////; 
ttag +10 ////; 
ttag +11 ////; 
ttag +12 ////; 
ttag +13 ////; 
ttag +14 ////; 
ttag +15 ////; 
ttag +16 ////; 
ttag +17 ////; 
ttag +18 ////; 
ttag +19 ////; 
ttag +20 ////; 
ttag +21 ////; 
ttag +22 ////; 
ttag +23 ////; 
ttag +24 ////; 
ttag +25 ////; 
ttag +26 ////; 
ttag +27 ////; 
ttag +28 ////; 
ttag +29 ////; 
ttag +30 ////; 
ttag +31 ////; 
ttag +32 ////; 
ttag +33 ////; 
ttag +34 ////; 
ttag +35 ////; 
ttag +36 ////; 
ttag +37 ////; 
ttag +38 ////; 
ttag +39 ////; 
ttag +40 ////; 
ttag +41 ////; 
ttag +42 ////; 
ttag +43 ////; 
ttag +44 ////; 
ttag +45 ////; 
ttag +46 ////; 
ttag +47 ////; 
ttag +48 ////; 
ttag +49 75/70/53/73/54; 
ttag +50 100/100/100/100/100; 
ttag +51 99/99/97/99/99; 
ttag +52 100/100/100/100/100; 
ttag +53 92/90/84/94/90; 
ttag +54 45/24/21/39/17; 
ttag +55 90/87/80/94/86; 
ttag +56 62/54/43/60/40; 
ttag +57 54/40/35/41/27; 
ttag +58 72/67/64/61/56; 
ttag +59 91/88/70/86/74; 
ttag +60 100/100/98/98/97; 
ttag +61 100/100/100/100/100; 
ttag +62 43/26/12/29/7; 
ttag +63 28/12/2/14/?; 
ttag +64 100/100/100/100/100; 
ttag +65 30/4/12/10/10; 
ttag +66 96/96/91/98/94; 
ttag +67 47/35/26/30/25; 
ttag +68 76/69/62/80/66; 
ttag +69 100/100/100/100/100; 
ttag +70 96/95/93/96/94; 
ttag +71 100/100/99/100/100; 
ttag +72 90/85/84/93/89; 
ttag +73 96/94/89/93/89; 
ttag +74 98/97/94/95/89; 
ttag +75 93/93/90/94/90; 
ttag +76 99/99/99/99/100; 
ttag +77 99/99/99/99/99; 
ttag +78 100/100/100/100/100; 
ttag +79 93/92/88/93/88; 
ttag +80 97/97/86/96/85; 
ttag +81 95/92/86/94/92; 
ttag +82 66/52/43/40/34; 
ttag +83 100/100/98/98/97; 
ttag +84 92/90/85/90/86; 
ttag +85 98/98/96/98/99; 
ttag +86 100/100/100/100/100; 
ttag +87 54/32/20/34/24; 
ttag +88 52/32/24/45/33; 
ttag +89 98/97/91/94/90; 
ttag +90 96/95/94/96/94; 
ttag +91 96/95/96/98/94; 
ttag +92 99/99/99/99/98; 
ttag +93 99/99/98/100/99; 
ttag +94 84/77/76/84/79; 
