tread
'Tree with tags' 
(0 (1 (8 9 (2 3 )(6 7 (4 5 ))(10 (11 12 )))(((13 14 )((26 (27 (28 (29 30 ))))((39 (31 (((32 33 )(36 (37 38 )))(34 35 ))))((40 41 )(42 (43 (46 47 (44 45 ))))))))((15 16 )(17 (18 (19 ((20 21 )((22 23 )(24 25 )))))))))); 
ttag *!; 
ttag +49 ???; 
ttag +50 5; 
ttag +51 6; 
ttag +52 3; 
ttag +53 7; 
ttag +54 8; 
ttag +55 8; 
ttag +56 8; 
ttag +57 2; 
ttag +58 1; 
ttag +59 12; 
ttag +60 7; 
ttag +61 2; 
ttag +62 4; 
ttag +63 4; 
ttag +64 9; 
ttag +65 10; 
ttag +66 7; 
ttag +67 8; 
ttag +68 4; 
ttag +69 5; 
ttag +70 6; 
ttag +71 6; 
ttag +72 8; 
ttag +73 9; 
ttag +74 10; 
ttag +75 2; 
ttag +76 11; 
ttag +77 7; 
ttag +78 2; 
ttag +79 5; 
ttag +80 4; 
ttag +81 6; 
ttag +82 2; 
ttag +83 5; 
ttag +84 6; 
ttag +85 5; 
ttag +86 1; 
ttag +87 1; 
ttag +88 3; 
tread
'Tree with tags' 
(0 ((1 ((2 3 )((((4 5 )(6 7 ))(10 (11 12 )))(8 9 ))))(((13 14 )((26 (27 (28 (29 30 ))))((39 (31 (((32 33 )(36 (37 38 )))(34 35 ))))((40 41 )(42 (43 (46 (47 (44 45 )))))))))((15 16 )(17 (18 (19 ((20 21 )((22 23 )(24 25 )))))))))); 
ttag *!; 
ttag +0 ////; 
ttag +1 ////; 
ttag +2 ////; 
ttag +3 ////; 
ttag +4 ////; 
ttag +5 ////; 
ttag +6 ////; 
ttag +7 ////; 
ttag +8 ////; 
ttag +9 ////; 
ttag +10 ////; 
ttag +11 ////; 
ttag +12 ////; 
ttag +13 ////; 
ttag +14 ////; 
ttag +15 ////; 
ttag +16 ////; 
ttag +17 ////; 
ttag +18 ////; 
ttag +19 ////; 
ttag +20 ////; 
ttag +21 ////; 
ttag +22 ////; 
ttag +23 ////; 
ttag +24 ////; 
ttag +25 ////; 
ttag +26 ////; 
ttag +27 ////; 
ttag +28 ////; 
ttag +29 ////; 
ttag +30 ////; 
ttag +31 ////; 
ttag +32 ////; 
ttag +33 ////; 
ttag +34 ////; 
ttag +35 ////; 
ttag +36 ////; 
ttag +37 ////; 
ttag +38 ////; 
ttag +39 ////; 
ttag +40 ////; 
ttag +41 ////; 
ttag +42 ////; 
ttag +43 ////; 
ttag +44 ////; 
ttag +45 ////; 
ttag +46 ////; 
ttag +47 ////; 
ttag +48 ////; 
ttag +49 50/38/48/34/40; 
ttag +50 100/100/100/100/100; 
ttag +51 97/96/91/97/95; 
ttag +52 97/96/94/98/93; 
ttag +53 88/85/74/86/74; 
ttag +54 99/98/98/98/96; 
ttag +55 24/[2]/?/?/?; 
ttag +56 63/56/53/42/52; 
ttag +57 50/16/16/13/20; 
ttag +58 22/[5]/5/?/?; 
ttag +59 99/99/97/99/97; 
ttag +60 100/100/98/100/100; 
ttag +61 100/100/99/100/100; 
ttag +62 67/62/56/70/54; 
ttag +63 55/48/45/48/38; 
ttag +64 100/100/98/100/100; 
ttag +65 98/98/93/96/94; 
ttag +66 78/74/68/78/62; 
ttag +67 90/88/88/92/89; 
ttag +68 97/96/88/90/87; 
ttag +69 100/100/100/100/100; 
ttag +70 100/100/99/100/100; 
ttag +71 99/99/92/98/94; 
ttag +72 100/100/100/99/100; 
ttag +73 89/83/83/88/74; 
ttag +74 96/95/91/95/87; 
ttag +75 98/98/94/98/92; 
ttag +76 97/96/94/96/91; 
ttag +77 100/100/98/99/98; 
ttag +78 100/100/100/100/100; 
ttag +79 99/99/98/100/100; 
ttag +80 70/63/50/65/54; 
ttag +81 99/99/98/99/100; 
ttag +82 99/99/95/98/92; 
ttag +83 84/83/74/84/68; 
ttag +84 97/96/88/97/92; 
ttag +85 93/92/85/92/80; 
ttag +86 97/97/92/98/85; 
ttag +87 77/66/62/72/68; 
ttag +88 98/98/93/97/97; 
ttag +89 98/98/94/99/92; 
ttag +90 99/99/95/98/95; 
ttag +91 68/53/47/53/50; 
ttag +92 61/45/34/47/41; 
ttag +93 18/[30]/?/?/?; 
ttag +94 93/93/91/90/92; 
