tread
'Tree with tags' 
(0 (1 ((2 3 )(8 9 ((4 5 )(6 7 ))(10 (11 12 ))))(13 14 )((15 16 )(17 (18 (19 ((20 21 )((22 23 )(24 25 )))))))((26 27 (28 (29 30 )))((39 (31 ((32 33 )((34 35 )(36 (37 38 ))))))((40 41 )(42 (43 ((44 45 )(46 47 ))))))))); 
ttag *!; 
ttag +49 ???; 
ttag +50 5; 
ttag +51 6; 
ttag +52 8; 
ttag +53 4; 
ttag +54 7; 
ttag +55 2; 
ttag +56 5; 
ttag +57 5; 
ttag +58 10; 
ttag +59 13; 
ttag +60 4; 
ttag +61 1; 
ttag +62 2; 
ttag +63 2; 
ttag +64 13; 
ttag +65 10; 
ttag +66 10; 
ttag +67 9; 
ttag +68 11; 
ttag +69 5; 
ttag +70 3; 
ttag +71 3; 
ttag +72 5; 
ttag +73 7; 
ttag +74 1; 
ttag +75 4; 
ttag +76 7; 
ttag +77 5; 
ttag +78 3; 
ttag +79 3; 
ttag +80 7; 
ttag +81 11; 
ttag +82 2; 
ttag +83 11; 
ttag +84 10; 
ttag +85 1; 
ttag +86 7; 
ttag +87 6; 
ttag +88 2; 
tread
'Tree with tags' 
(0 ((1 (((2 3 )(8 (9 (((4 5 )(6 7 ))(10 (11 12 ))))))((15 16 )(17 (18 (19 ((20 21 )((22 23 )(24 25 )))))))))((13 14 )((27 (26 (28 (29 30 ))))((39 (31 ((32 33 )((34 35 )(36 (37 38 ))))))((40 41 )(42 (43 ((44 45 )(46 47 )))))))))); 
ttag *!; 
ttag +0 ////; 
ttag +1 ////; 
ttag +2 ////; 
ttag +3 ////; 
ttag +4 ////; 
ttag +5 ////; 
ttag +6 ////; 
ttag +7 ////; 
ttag +8 ////; 
ttag +9 ////; 
ttag +10 ////; 
ttag +11 ////; 
ttag +12 ////; 
ttag +13 ////; 
ttag +14 ////; 
ttag +15 ////; 
ttag +16 ////; 
ttag +17 ////; 
ttag +18 ////; 
ttag +19 ////; 
ttag +20 ////; 
ttag +21 ////; 
ttag +22 ////; 
ttag +23 ////; 
ttag +24 ////; 
ttag +25 ////; 
ttag +26 ////; 
ttag +27 ////; 
ttag +28 ////; 
ttag +29 ////; 
ttag +30 ////; 
ttag +31 ////; 
ttag +32 ////; 
ttag +33 ////; 
ttag +34 ////; 
ttag +35 ////; 
ttag +36 ////; 
ttag +37 ////; 
ttag +38 ////; 
ttag +39 ////; 
ttag +40 ////; 
ttag +41 ////; 
ttag +42 ////; 
ttag +43 ////; 
ttag +44 ////; 
ttag +45 ////; 
ttag +46 ////; 
ttag +47 ////; 
ttag +48 ////; 
ttag +49 17/[20]/?/?/?; 
ttag +50 100/100/100/100/100; 
ttag +51 97/96/90/96/92; 
ttag +52 98/97/91/98/92; 
ttag +53 34/[2]/3/?/3; 
ttag +54 98/96/94/99/95; 
ttag +55 89/88/80/90/75; 
ttag +56 11/[24]/?/?/?; 
ttag +57 23/[12]/?/?/?; 
ttag +58 100/100/98/98/92; 
ttag +59 77/72/63/76/66; 
ttag +60 96/96/88/97/87; 
ttag +61 99/99/99/100/99; 
ttag +62 100/100/100/100/100; 
ttag +63 11/[25]/?/?/?; 
ttag +64 100/100/100/100/100; 
ttag +65 87/84/72/90/78; 
ttag +66 57/42/25/31/24; 
ttag +67 66/52/44/54/49; 
ttag +68 64/54/51/58/49; 
ttag +69 100/100/100/100/100; 
ttag +70 100/100/99/100/98; 
ttag +71 100/100/100/99/98; 
ttag +72 100/100/99/100/99; 
ttag +73 100/100/100/100/100; 
ttag +74 23/[1]/?/2/0; 
ttag +75 98/98/94/95/92; 
ttag +76 93/91/78/87/84; 
ttag +77 94/93/83/90/84; 
ttag +78 97/96/96/96/94; 
ttag +79 98/98/92/99/95; 
ttag +80 54/50/44/50/46; 
ttag +81 94/92/84/91/83; 
ttag +82 100/100/98/99/99; 
ttag +83 94/92/83/95/91; 
ttag +84 96/96/97/96/94; 
ttag +85 85/81/68/85/71; 
ttag +86 100/100/98/100/100; 
ttag +87 100/100/100/100/100; 
ttag +88 72/57/58/65/51; 
ttag +89 99/99/98/100/96; 
ttag +90 99/99/93/100/94; 
ttag +91 63/54/35/54/46; 
ttag +92 98/98/96/98/99; 
ttag +93 96/94/87/95/91; 
ttag +94 71/59/50/64/58; 
