tread
'Tree with tags' 
(0 ((1 (13 14 )(17 (15 16 )(18 (19 ((20 21 )(23 (22 (24 25 ))))))))(((2 3 )(((4 5 )(6 7 ))(9 (8 (10 (11 12 ))))))((26 (27 (28 (29 30 ))))((39 (31 (((32 33 )(34 35 ))(36 (37 38 )))))(40 (41 (42 (43 ((44 45 )(46 47 ))))))))))); 
ttag *!; 
ttag +49 1; 
ttag +50 ???; 
ttag +51 5; 
ttag +52 6; 
ttag +53 1; 
ttag +54 9; 
ttag +55 5; 
ttag +56 4; 
ttag +57 8; 
ttag +58 1; 
ttag +59 1; 
ttag +60 6; 
ttag +61 7; 
ttag +62 7; 
ttag +63 17; 
ttag +64 5; 
ttag +65 4; 
ttag +66 1; 
ttag +67 4; 
ttag +68 1; 
ttag +69 1; 
ttag +70 9; 
ttag +71 2; 
ttag +72 5; 
ttag +73 5; 
ttag +74 1; 
ttag +75 6; 
ttag +76 7; 
ttag +77 4; 
ttag +78 1; 
ttag +79 4; 
ttag +80 9; 
ttag +81 2; 
ttag +82 7; 
ttag +83 4; 
ttag +84 7; 
ttag +85 5; 
ttag +86 7; 
ttag +87 1; 
ttag +88 4; 
ttag +89 2; 
ttag +90 1; 
ttag +91 5; 
ttag +92 2; 
tread
'Tree with tags' 
(0 ((1 ((13 14 )((17 (15 16 ))(18 (19 ((20 21 )(23 (22 (24 25 )))))))))(((2 3 )(((4 5 )(6 7 ))(9 (8 (10 (11 12 ))))))((26 (27 (28 (29 30 ))))((39 (31 (((32 33 )(34 35 ))(36 (37 38 )))))(40 (41 (42 (43 ((44 45 )(46 47 ))))))))))); 
ttag *!; 
ttag +0 ////; 
ttag +1 ////; 
ttag +2 ////; 
ttag +3 ////; 
ttag +4 ////; 
ttag +5 ////; 
ttag +6 ////; 
ttag +7 ////; 
ttag +8 ////; 
ttag +9 ////; 
ttag +10 ////; 
ttag +11 ////; 
ttag +12 ////; 
ttag +13 ////; 
ttag +14 ////; 
ttag +15 ////; 
ttag +16 ////; 
ttag +17 ////; 
ttag +18 ////; 
ttag +19 ////; 
ttag +20 ////; 
ttag +21 ////; 
ttag +22 ////; 
ttag +23 ////; 
ttag +24 ////; 
ttag +25 ////; 
ttag +26 ////; 
ttag +27 ////; 
ttag +28 ////; 
ttag +29 ////; 
ttag +30 ////; 
ttag +31 ////; 
ttag +32 ////; 
ttag +33 ////; 
ttag +34 ////; 
ttag +35 ////; 
ttag +36 ////; 
ttag +37 ////; 
ttag +38 ////; 
ttag +39 ////; 
ttag +40 ////; 
ttag +41 ////; 
ttag +42 ////; 
ttag +43 ////; 
ttag +44 ////; 
ttag +45 ////; 
ttag +46 ////; 
ttag +47 ////; 
ttag +48 ////; 
ttag +49 47/28/13/32/22; 
ttag +50 100/100/100/100/100; 
ttag +51 93/91/83/92/82; 
ttag +52 96/95/92/95/92; 
ttag +53 56/36/18/40/30; 
ttag +54 100/100/100/100/100; 
ttag +55 93/92/89/94/87; 
ttag +56 85/82/70/85/73; 
ttag +57 100/100/98/100/98; 
ttag +58 48/37/31/40/25; 
ttag +59 32/14/?/17/?; 
ttag +60 96/94/79/93/86; 
ttag +61 100/100/98/100/99; 
ttag +62 97/95/93/99/93; 
ttag +63 32/13/3/4/14; 
ttag +64 100/100/100/100/100; 
ttag +65 47/33/27/36/25; 
ttag +66 98/98/94/96/94; 
ttag +67 84/80/69/78/67; 
ttag +68 40/14/1/7/2; 
ttag +69 96/96/92/96/92; 
ttag +70 51/24/8/13/6; 
ttag +71 45/4/?/?/?; 
ttag +72 99/98/100/100/97; 
ttag +73 79/72/67/72/64; 
ttag +74 97/96/89/95/93; 
ttag +75 98/96/96/97/95; 
ttag +76 52/27/13/11/16; 
ttag +77 99/98/98/99/98; 
ttag +78 99/99/94/99/97; 
ttag +79 85/79/70/83/72; 
ttag +80 27/4/?/?/?; 
ttag +81 95/93/90/92/94; 
ttag +82 100/100/99/99/99; 
ttag +83 68/52/45/63/46; 
ttag +84 97/97/91/98/94; 
ttag +85 91/90/84/92/84; 
ttag +86 98/98/95/99/96; 
ttag +87 92/90/83/94/90; 
ttag +88 100/100/99/99/98; 
ttag +89 39/12/4/18/14; 
ttag +90 90/88/77/90/83; 
ttag +91 77/65/42/69/52; 
ttag +92 61/35/47/33/32; 
ttag +93 92/90/89/94/92; 
ttag +94 68/64/56/74/59; 
