tread
'Tree with tags' 
(0 (1 ((2 3 )(((4 5 )(6 7 ))(8 (9 (10 (11 12 ))))))((13 14 )(((17 (15 16 ))(18 (19 ((20 21 )((22 23 )(24 25 ))))))((26 (27 (28 (29 30 ))))((39 (31 ((32 33 )(34 35 )(36 (37 38 )))))((40 41 )(42 (43 (46 47 (44 45 ))))))))))); 
ttag *!; 
ttag +49 ???; 
ttag +50 4; 
ttag +51 8; 
ttag +52 4; 
ttag +53 8; 
ttag +54 1; 
ttag +55 3; 
ttag +56 2; 
ttag +57 3; 
ttag +58 4; 
ttag +59 9; 
ttag +60 7; 
ttag +61 1; 
ttag +62 10; 
ttag +63 2; 
ttag +64 8; 
ttag +65 1; 
ttag +66 7; 
ttag +67 2; 
ttag +68 13; 
ttag +69 3; 
ttag +70 10; 
ttag +71 4; 
ttag +72 6; 
ttag +73 8; 
ttag +74 11; 
ttag +75 1; 
ttag +76 5; 
ttag +77 13; 
ttag +78 7; 
ttag +79 1; 
ttag +80 6; 
ttag +81 4; 
ttag +82 7; 
ttag +83 2; 
ttag +84 10; 
ttag +85 3; 
ttag +86 3; 
ttag +87 6; 
ttag +88 4; 
ttag +89 4; 
ttag +90 5; 
ttag +91 4; 
tread
'Tree with tags' 
(0 ((1 ((13 14 )(((17 (15 16 ))(18 (19 ((20 21 )((22 23 )(24 25 ))))))((26 (27 (28 (29 30 ))))((39 (31 ((32 33 )((34 35 )(36 (37 38 ))))))((40 41 )(42 (43 ((44 45 )(46 47 ))))))))))((2 3 )(((4 5 )(6 7 ))(8 (9 (10 (11 12 )))))))); 
ttag *!; 
ttag +0 ////; 
ttag +1 ////; 
ttag +2 ////; 
ttag +3 ////; 
ttag +4 ////; 
ttag +5 ////; 
ttag +6 ////; 
ttag +7 ////; 
ttag +8 ////; 
ttag +9 ////; 
ttag +10 ////; 
ttag +11 ////; 
ttag +12 ////; 
ttag +13 ////; 
ttag +14 ////; 
ttag +15 ////; 
ttag +16 ////; 
ttag +17 ////; 
ttag +18 ////; 
ttag +19 ////; 
ttag +20 ////; 
ttag +21 ////; 
ttag +22 ////; 
ttag +23 ////; 
ttag +24 ////; 
ttag +25 ////; 
ttag +26 ////; 
ttag +27 ////; 
ttag +28 ////; 
ttag +29 ////; 
ttag +30 ////; 
ttag +31 ////; 
ttag +32 ////; 
ttag +33 ////; 
ttag +34 ////; 
ttag +35 ////; 
ttag +36 ////; 
ttag +37 ////; 
ttag +38 ////; 
ttag +39 ////; 
ttag +40 ////; 
ttag +41 ////; 
ttag +42 ////; 
ttag +43 ////; 
ttag +44 ////; 
ttag +45 ////; 
ttag +46 ////; 
ttag +47 ////; 
ttag +48 ////; 
ttag +49 18/[14]/?/?/?; 
ttag +50 100/100/100/100/100; 
ttag +51 90/86/86/90/74; 
ttag +52 99/99/94/98/93; 
ttag +53 98/98/91/97/88; 
ttag +54 100/100/97/99/98; 
ttag +55 64/55/48/58/43; 
ttag +56 83/78/70/82/70; 
ttag +57 70/64/49/68/49; 
ttag +58 80/73/57/78/60; 
ttag +59 88/87/84/96/87; 
ttag +60 100/100/99/100/97; 
ttag +61 99/99/96/100/98; 
ttag +62 43/30/18/33/18; 
ttag +63 100/100/99/100/100; 
ttag +64 71/63/41/59/46; 
ttag +65 99/99/95/97/96; 
ttag +66 43/26/21/26/28; 
ttag +67 96/95/83/96/87; 
ttag +68 71/61/51/64/43; 
ttag +69 100/100/100/100/100; 
ttag +70 86/82/61/79/65; 
ttag +71 100/100/100/100/100; 
ttag +72 91/86/77/92/86; 
ttag +73 98/98/94/96/94; 
ttag +74 98/98/92/97/90; 
ttag +75 100/100/98/100/97; 
ttag +76 66/49/34/45/35; 
ttag +77 96/96/84/96/80; 
ttag +78 100/100/100/100/100; 
ttag +79 100/100/96/99/97; 
ttag +80 68/55/47/46/42; 
ttag +81 99/98/93/98/92; 
ttag +82 85/82/70/83/76; 
ttag +83 99/99/94/98/98; 
ttag +84 67/62/60/70/60; 
ttag +85 4/[1]/?/?/1; 
ttag +86 100/100/100/100/100; 
ttag +87 84/75/64/77/63; 
ttag +88 79/74/62/77/64; 
ttag +89 99/98/93/97/92; 
ttag +90 93/92/80/91/81; 
ttag +91 94/93/83/90/82; 
ttag +92 98/98/97/98/97; 
ttag +93 94/92/81/88/78; 
ttag +94 23/0/12/2/14; 
