tread
'Tree with tags' 
(0 ((1 ((2 3 )(4 (5 (6 7 )))(8 9 )(10 (11 12 ))))(13 14 )((15 16 )(17 (18 (19 ((20 21 )((22 23 )(24 25 )))))))((26 (27 (28 (29 30 ))))((31 ((32 33 )((34 35 )(36 (37 38 )))))(39 ((40 41 )(42 (43 (47 (46 (44 45 ))))))))))); 
ttag *!; 
ttag +49 1; 
ttag +50 ???; 
ttag +51 5; 
ttag +52 7; 
ttag +53 7; 
ttag +54 3; 
ttag +55 6; 
ttag +56 1; 
ttag +57 5; 
ttag +58 5; 
ttag +59 3; 
ttag +60 7; 
ttag +61 10; 
ttag +62 1; 
ttag +63 10; 
ttag +64 5; 
ttag +65 9; 
ttag +66 8; 
ttag +67 10; 
ttag +68 3; 
ttag +69 7; 
ttag +70 3; 
ttag +71 8; 
ttag +72 3; 
ttag +73 6; 
ttag +74 12; 
ttag +75 8; 
ttag +76 4; 
ttag +77 8; 
ttag +78 4; 
ttag +79 2; 
ttag +80 2; 
ttag +81 11; 
ttag +82 2; 
ttag +83 2; 
ttag +84 7; 
ttag +85 6; 
ttag +86 8; 
ttag +87 3; 
ttag +88 6; 
ttag +89 1; 
ttag +90 9; 
tread
'Tree with tags' 
(0 (((1 (((2 3 )(4 (5 (6 7 ))))((8 9 )(10 (11 12 )))))((13 14 )((15 16 )(17 (18 (19 ((20 21 )((22 23 )(24 25 )))))))))((26 (27 (28 (29 30 ))))((31 ((32 33 )((34 35 )(36 (37 38 )))))(39 ((40 41 )(42 (43 (47 (46 (44 45 ))))))))))); 
ttag *!; 
ttag +0 ////; 
ttag +1 ////; 
ttag +2 ////; 
ttag +3 ////; 
ttag +4 ////; 
ttag +5 ////; 
ttag +6 ////; 
ttag +7 ////; 
ttag +8 ////; 
ttag +9 ////; 
ttag +10 ////; 
ttag +11 ////; 
ttag +12 ////; 
ttag +13 ////; 
ttag +14 ////; 
ttag +15 ////; 
ttag +16 ////; 
ttag +17 ////; 
ttag +18 ////; 
ttag +19 ////; 
ttag +20 ////; 
ttag +21 ////; 
ttag +22 ////; 
ttag +23 ////; 
ttag +24 ////; 
ttag +25 ////; 
ttag +26 ////; 
ttag +27 ////; 
ttag +28 ////; 
ttag +29 ////; 
ttag +30 ////; 
ttag +31 ////; 
ttag +32 ////; 
ttag +33 ////; 
ttag +34 ////; 
ttag +35 ////; 
ttag +36 ////; 
ttag +37 ////; 
ttag +38 ////; 
ttag +39 ////; 
ttag +40 ////; 
ttag +41 ////; 
ttag +42 ////; 
ttag +43 ////; 
ttag +44 ////; 
ttag +45 ////; 
ttag +46 ////; 
ttag +47 ////; 
ttag +48 ////; 
ttag +49 68/50/36/50/37; 
ttag +50 12/[14]/?/?/?; 
ttag +51 100/100/100/100/100; 
ttag +52 98/98/93/98/95; 
ttag +53 22/[3]/?/0/?; 
ttag +54 96/95/92/98/90; 
ttag +55 98/98/97/99/98; 
ttag +56 80/76/67/78/72; 
ttag +57 94/93/86/95/93; 
ttag +58 68/59/44/61/49; 
ttag +59 42/18/2/18/5; 
ttag +60 88/83/78/86/80; 
ttag +61 96/94/90/96/87; 
ttag +62 88/86/87/88/87; 
ttag +63 37/23/22/17/18; 
ttag +64 100/100/100/99/100; 
ttag +65 100/100/99/100/100; 
ttag +66 81/74/78/75/79; 
ttag +67 99/99/99/100/99; 
ttag +68 94/93/92/96/86; 
ttag +69 100/100/99/100/100; 
ttag +70 98/98/97/98/96; 
ttag +71 100/100/98/100/99; 
ttag +72 88/84/82/85/73; 
ttag +73 100/100/94/98/96; 
ttag +74 79/74/61/81/61; 
ttag +75 99/99/98/100/96; 
ttag +76 80/73/66/83/73; 
ttag +77 99/99/98/99/98; 
ttag +78 100/100/100/100/100; 
ttag +79 98/98/93/98/94; 
ttag +80 94/93/87/91/83; 
ttag +81 99/99/98/99/100; 
ttag +82 98/97/93/97/94; 
ttag +83 87/86/86/90/93; 
ttag +84 55/29/40/57/43; 
ttag +85 100/100/99/100/99; 
ttag +86 61/39/46/54/45; 
ttag +87 66/60/42/68/48; 
ttag +88 99/99/97/100/99; 
ttag +89 98/97/94/96/90; 
ttag +90 100/100/98/99/99; 
ttag +91 82/78/66/76/69; 
ttag +92 100/100/98/98/100; 
ttag +93 56/35/35/44/30; 
ttag +94 100/100/99/99/98; 
