tread
'Tree with tags' 
(0 ((1 ((2 3 )(((4 5 )(6 7 ))((8 9 )(10 (11 12 ))))))(((13 14 )(17 ((15 16 )(18 (19 ((20 21 )((22 23 )(24 25 ))))))))((26 (27 (28 (29 30 ))))((39 (31 ((32 33 )(34 35 )(36 (37 38 )))))((40 41 )(42 (43 (46 (47 (44 45 ))))))))))); 
ttag *!; 
ttag +49 2; 
ttag +50 ???; 
ttag +51 11; 
ttag +52 7; 
ttag +53 7; 
ttag +54 10; 
ttag +55 1; 
ttag +56 2; 
ttag +57 2; 
ttag +58 2; 
ttag +59 3; 
ttag +60 5; 
ttag +61 8; 
ttag +62 1; 
ttag +63 2; 
ttag +64 11; 
ttag +65 3; 
ttag +66 5; 
ttag +67 4; 
ttag +68 1; 
ttag +69 9; 
ttag +70 4; 
ttag +71 8; 
ttag +72 4; 
ttag +73 2; 
ttag +74 8; 
ttag +75 11; 
ttag +76 3; 
ttag +77 6; 
ttag +78 7; 
ttag +79 2; 
ttag +80 1; 
ttag +81 4; 
ttag +82 2; 
ttag +83 2; 
ttag +84 6; 
ttag +85 9; 
ttag +86 3; 
ttag +87 3; 
ttag +88 9; 
ttag +89 6; 
ttag +90 1; 
ttag +91 9; 
ttag +92 1; 
ttag +93 2; 
tread
'Tree with tags' 
(0 ((1 ((2 3 )(((4 5 )(6 7 ))((8 9 )(10 (11 12 ))))))(((13 14 )(17 ((15 16 )(18 (19 ((20 21 )((22 23 )(24 25 ))))))))((26 (27 (28 (29 30 ))))((39 (31 (((32 33 )(36 (37 38 )))(34 35 ))))((40 41 )(42 (43 (46 (47 (44 45 ))))))))))); 
ttag *!; 
ttag +0 ////; 
ttag +1 ////; 
ttag +2 ////; 
ttag +3 ////; 
ttag +4 ////; 
ttag +5 ////; 
ttag +6 ////; 
ttag +7 ////; 
ttag +8 ////; 
ttag +9 ////; 
ttag +10 ////; 
ttag +11 ////; 
ttag +12 ////; 
ttag +13 ////; 
ttag +14 ////; 
ttag +15 ////; 
ttag +16 ////; 
ttag +17 ////; 
ttag +18 ////; 
ttag +19 ////; 
ttag +20 ////; 
ttag +21 ////; 
ttag +22 ////; 
ttag +23 ////; 
ttag +24 ////; 
ttag +25 ////; 
ttag +26 ////; 
ttag +27 ////; 
ttag +28 ////; 
ttag +29 ////; 
ttag +30 ////; 
ttag +31 ////; 
ttag +32 ////; 
ttag +33 ////; 
ttag +34 ////; 
ttag +35 ////; 
ttag +36 ////; 
ttag +37 ////; 
ttag +38 ////; 
ttag +39 ////; 
ttag +40 ////; 
ttag +41 ////; 
ttag +42 ////; 
ttag +43 ////; 
ttag +44 ////; 
ttag +45 ////; 
ttag +46 ////; 
ttag +47 ////; 
ttag +48 ////; 
ttag +49 40/24/10/38/18; 
ttag +50 100/100/100/100/100; 
ttag +51 99/99/98/100/100; 
ttag +52 91/89/87/89/76; 
ttag +53 99/99/98/100/97; 
ttag +54 100/100/97/99/98; 
ttag +55 56/33/22/26/14; 
ttag +56 55/29/24/34/24; 
ttag +57 80/78/74/82/78; 
ttag +58 59/52/48/60/53; 
ttag +59 80/76/67/76/60; 
ttag +60 93/90/91/96/86; 
ttag +61 100/100/97/100/97; 
ttag +62 30/14/?/24/3; 
ttag +63 37/21/6/37/13; 
ttag +64 100/100/99/100/98; 
ttag +65 82/75/64/79/60; 
ttag +66 87/83/75/80/69; 
ttag +67 85/79/78/86/74; 
ttag +68 46/38/37/45/42; 
ttag +69 100/100/100/100/100; 
ttag +70 90/86/81/86/78; 
ttag +71 100/100/100/100/100; 
ttag +72 90/85/82/93/84; 
ttag +73 74/59/48/52/43; 
ttag +74 99/99/98/100/98; 
ttag +75 99/99/96/99/96; 
ttag +76 92/92/85/88/89; 
ttag +77 99/99/99/99/96; 
ttag +78 99/98/97/98/98; 
ttag +79 61/55/37/55/39; 
ttag +80 15/7/1/14/2; 
ttag +81 75/70/57/71/56; 
ttag +82 82/81/75/77/77; 
ttag +83 20/[3]/?/?/?; 
ttag +84 61/57/44/66/48; 
ttag +85 96/94/88/96/92; 
ttag +86 100/100/98/100/100; 
ttag +87 90/85/80/88/77; 
ttag +88 79/72/71/80/60; 
ttag +89 99/99/98/100/98; 
ttag +90 98/97/95/98/95; 
ttag +91 54/30/23/29/10; 
ttag +92 99/99/100/99/99; 
ttag +93 40/[2]/7/18/15; 
ttag +94 64/44/49/52/55; 
