tread
'Tree with tags' 
(0 (1 ((2 3 )(((4 5 )(6 7 ))(8 9 (10 (11 12 )))))(13 14 )(17 ((15 16 )(18 (19 ((20 21 )((22 23 )(24 25 )))))))((26 (27 (28 (29 30 ))))(39 (31 ((32 33 )(34 35 )(36 (37 38 ))))(40 41 ((42 43 )(44 45 )(46 47 ))))))); 
ttag *!; 
ttag +49 ???; 
ttag +50 13; 
ttag +51 5; 
ttag +52 3; 
ttag +53 4; 
ttag +54 5; 
ttag +55 5; 
ttag +56 2; 
ttag +57 1; 
ttag +58 3; 
ttag +59 7; 
ttag +60 15; 
ttag +61 1; 
ttag +62 9; 
ttag +63 4; 
ttag +64 2; 
ttag +65 5; 
ttag +66 10; 
ttag +67 5; 
ttag +68 4; 
ttag +69 7; 
ttag +70 8; 
ttag +71 2; 
ttag +72 1; 
ttag +73 4; 
ttag +74 6; 
ttag +75 5; 
ttag +76 4; 
ttag +77 6; 
ttag +78 4; 
ttag +79 1; 
ttag +80 10; 
ttag +81 6; 
ttag +82 2; 
ttag +83 1; 
ttag +84 3; 
ttag +85 5; 
ttag +86 3; 
tread
'Tree with tags' 
(0 ((1 (17 ((15 16 )(18 (19 ((20 21 )((22 23 )(24 25 ))))))))((((2 3 )(((4 5 )(6 7 ))((8 9 )(10 (11 12 )))))(13 14 ))((26 (27 (28 (29 30 ))))((39 (31 (((32 33 )(34 35 ))(36 (37 38 )))))(41 (40 ((42 43 )((44 45 )(46 47 )))))))))); 
ttag *!; 
ttag +0 ////; 
ttag +1 ////; 
ttag +2 ////; 
ttag +3 ////; 
ttag +4 ////; 
ttag +5 ////; 
ttag +6 ////; 
ttag +7 ////; 
ttag +8 ////; 
ttag +9 ////; 
ttag +10 ////; 
ttag +11 ////; 
ttag +12 ////; 
ttag +13 ////; 
ttag +14 ////; 
ttag +15 ////; 
ttag +16 ////; 
ttag +17 ////; 
ttag +18 ////; 
ttag +19 ////; 
ttag +20 ////; 
ttag +21 ////; 
ttag +22 ////; 
ttag +23 ////; 
ttag +24 ////; 
ttag +25 ////; 
ttag +26 ////; 
ttag +27 ////; 
ttag +28 ////; 
ttag +29 ////; 
ttag +30 ////; 
ttag +31 ////; 
ttag +32 ////; 
ttag +33 ////; 
ttag +34 ////; 
ttag +35 ////; 
ttag +36 ////; 
ttag +37 ////; 
ttag +38 ////; 
ttag +39 ////; 
ttag +40 ////; 
ttag +41 ////; 
ttag +42 ////; 
ttag +43 ////; 
ttag +44 ////; 
ttag +45 ////; 
ttag +46 ////; 
ttag +47 ////; 
ttag +48 ////; 
ttag +49 23/[7]/?/0/?; 
ttag +50 100/100/100/100/100; 
ttag +51 100/100/100/100/99; 
ttag +52 98/97/94/98/92; 
ttag +53 47/40/30/35/29; 
ttag +54 11/[20]/?/?/?; 
ttag +55 96/95/92/95/93; 
ttag +56 98/97/96/98/97; 
ttag +57 94/91/88/95/87; 
ttag +58 98/97/91/98/90; 
ttag +59 12/[8]/?/?/?; 
ttag +60 84/82/67/84/75; 
ttag +61 40/27/27/32/33; 
ttag +62 87/82/73/82/71; 
ttag +63 99/99/98/100/98; 
ttag +64 100/100/100/100/100; 
ttag +65 62/56/43/63/40; 
ttag +66 98/98/93/98/92; 
ttag +67 78/72/58/82/55; 
ttag +68 74/72/68/77/66; 
ttag +69 98/98/95/97/92; 
ttag +70 100/100/99/100/100; 
ttag +71 99/99/95/99/94; 
ttag +72 97/95/91/92/89; 
ttag +73 99/99/98/99/96; 
ttag +74 100/100/99/100/99; 
ttag +75 67/51/48/65/49; 
ttag +76 49/32/37/51/33; 
ttag +77 96/94/93/95/93; 
ttag +78 100/100/100/99/98; 
ttag +79 98/98/95/99/97; 
ttag +80 65/50/46/36/25; 
ttag +81 96/96/95/97/96; 
ttag +82 99/99/98/97/99; 
ttag +83 23/0/?/?/?; 
ttag +84 99/99/95/98/95; 
ttag +85 51/37/20/38/37; 
ttag +86 100/100/100/100/100; 
ttag +87 99/98/98/100/96; 
ttag +88 33/[2]/?/?/?; 
ttag +89 60/48/43/51/47; 
ttag +90 63/50/32/46/32; 
ttag +91 95/94/90/96/90; 
ttag +92 98/97/96/99/97; 
ttag +93 58/31/28/29/34; 
ttag +94 81/75/70/83/68; 
