tread
'Tree with tags' 
(0 ((1 ((8 9 (2 3 )((4 5 )(6 7 )))(10 (11 12 ))))((13 14 )((17 (15 16 )(18 (19 (20 21 )((22 23 )(24 25 )))))((26 (27 (28 (29 30 ))))(((31 ((34 35 )(36 (37 38 ))))(32 33 ))(39 ((40 41 )(42 (43 ((44 45 )(46 47 )))))))))))); 
ttag *!; 
ttag +49 2; 
ttag +50 ???; 
ttag +51 13; 
ttag +52 4; 
ttag +53 9; 
ttag +54 2; 
ttag +55 8; 
ttag +56 4; 
ttag +57 8; 
ttag +58 6; 
ttag +59 9; 
ttag +60 1; 
ttag +61 13; 
ttag +62 8; 
ttag +63 1; 
ttag +64 3; 
ttag +65 3; 
ttag +66 6; 
ttag +67 6; 
ttag +68 7; 
ttag +69 7; 
ttag +70 8; 
ttag +71 5; 
ttag +72 1; 
ttag +73 6; 
ttag +74 11; 
ttag +75 1; 
ttag +76 5; 
ttag +77 5; 
ttag +78 10; 
ttag +79 3; 
ttag +80 4; 
ttag +81 7; 
ttag +82 6; 
ttag +83 1; 
ttag +84 4; 
ttag +85 9; 
ttag +86 9; 
ttag +87 7; 
ttag +88 7; 
ttag +89 3; 
ttag +90 7; 
tread
'Tree with tags' 
(0 ((1 ((((2 3 )((4 5 )(6 7 )))(8 9 ))(10 (11 12 ))))((13 14 )(((17 (15 16 ))(18 ((19 (20 21 ))((22 23 )(24 25 )))))((26 (27 (28 (29 30 ))))(((31 ((34 35 )(36 (37 38 ))))(32 33 ))(39 ((40 41 )(42 (43 ((44 45 )(46 47 )))))))))))); 
ttag *!; 
ttag +0 ////; 
ttag +1 ////; 
ttag +2 ////; 
ttag +3 ////; 
ttag +4 ////; 
ttag +5 ////; 
ttag +6 ////; 
ttag +7 ////; 
ttag +8 ////; 
ttag +9 ////; 
ttag +10 ////; 
ttag +11 ////; 
ttag +12 ////; 
ttag +13 ////; 
ttag +14 ////; 
ttag +15 ////; 
ttag +16 ////; 
ttag +17 ////; 
ttag +18 ////; 
ttag +19 ////; 
ttag +20 ////; 
ttag +21 ////; 
ttag +22 ////; 
ttag +23 ////; 
ttag +24 ////; 
ttag +25 ////; 
ttag +26 ////; 
ttag +27 ////; 
ttag +28 ////; 
ttag +29 ////; 
ttag +30 ////; 
ttag +31 ////; 
ttag +32 ////; 
ttag +33 ////; 
ttag +34 ////; 
ttag +35 ////; 
ttag +36 ////; 
ttag +37 ////; 
ttag +38 ////; 
ttag +39 ////; 
ttag +40 ////; 
ttag +41 ////; 
ttag +42 ////; 
ttag +43 ////; 
ttag +44 ////; 
ttag +45 ////; 
ttag +46 ////; 
ttag +47 ////; 
ttag +48 ////; 
ttag +49 56/36/28/45/25; 
ttag +50 100/100/100/100/100; 
ttag +51 100/100/99/100/100; 
ttag +52 16/[17]/?/?/?; 
ttag +53 85/80/81/89/77; 
ttag +54 98/98/94/99/94; 
ttag +55 82/75/53/77/55; 
ttag +56 100/100/98/100/97; 
ttag +57 97/96/91/94/90; 
ttag +58 20/[13]/?/?/?; 
ttag +59 99/99/98/100/98; 
ttag +60 98/98/99/98/96; 
ttag +61 100/100/99/100/98; 
ttag +62 40/29/28/28/27; 
ttag +63 100/100/100/100/100; 
ttag +64 26/[12]/?/?/?; 
ttag +65 99/99/99/99/97; 
ttag +66 58/51/49/50/45; 
ttag +67 89/86/82/92/84; 
ttag +68 38/0/?/?/?; 
ttag +69 85/82/70/87/79; 
ttag +70 100/100/100/99/100; 
ttag +71 98/98/96/99/98; 
ttag +72 100/100/98/100/99; 
ttag +73 98/98/96/98/98; 
ttag +74 99/98/96/99/96; 
ttag +75 94/93/83/90/87; 
ttag +76 78/72/53/65/62; 
ttag +77 98/98/94/98/95; 
ttag +78 100/100/100/100/100; 
ttag +79 55/36/13/38/16; 
ttag +80 94/93/84/96/86; 
ttag +81 99/99/94/97/92; 
ttag +82 100/100/98/100/99; 
ttag +83 88/83/71/81/79; 
ttag +84 95/94/87/92/82; 
ttag +85 100/100/99/98/97; 
ttag +86 99/99/97/99/98; 
ttag +87 50/36/26/39/15; 
ttag +88 94/92/87/92/87; 
ttag +89 100/100/98/100/99; 
ttag +90 99/99/98/98/98; 
ttag +91 100/100/95/100/96; 
ttag +92 98/97/98/98/94; 
ttag +93 90/88/78/90/78; 
ttag +94 98/98/89/98/93; 
