tread
'Tree with tags' 
(0 (1 ((((2 3 )((8 (9 ((4 5 )(6 7 ))))(10 (11 12 ))))((26 27 (28 (29 30 )))((39 (31 ((32 33 )((34 35 )(36 (37 38 ))))))(41 (40 (42 (43 ((44 45 )(46 47 )))))))))((13 14 )((15 16 )(17 (18 (19 ((20 21 )((22 23 )(24 25 ))))))))))); 
ttag *!; 
ttag +49 ???; 
ttag +50 3; 
ttag +51 8; 
ttag +52 1; 
ttag +53 1; 
ttag +54 10; 
ttag +55 7; 
ttag +56 2; 
ttag +57 1; 
ttag +58 3; 
ttag +59 3; 
ttag +60 4; 
ttag +61 11; 
ttag +62 6; 
ttag +63 1; 
ttag +64 11; 
ttag +65 4; 
ttag +66 2; 
ttag +67 5; 
ttag +68 3; 
ttag +69 6; 
ttag +70 11; 
ttag +71 16; 
ttag +72 6; 
ttag +73 3; 
ttag +74 7; 
ttag +75 7; 
ttag +76 3; 
ttag +77 6; 
ttag +78 10; 
ttag +79 1; 
ttag +80 3; 
ttag +81 5; 
ttag +82 5; 
ttag +83 3; 
ttag +84 3; 
ttag +85 10; 
ttag +86 9; 
ttag +87 1; 
ttag +88 5; 
ttag +89 10; 
ttag +90 2; 
ttag +91 6; 
ttag +92 2; 
ttag +93 3; 
tread
'Tree with tags' 
(0 (1 ((((2 3 )((8 (9 ((4 5 )(6 7 ))))(10 (11 12 ))))((27 (26 (28 (29 30 ))))((39 (31 ((32 33 )((34 35 )(36 (37 38 ))))))(41 (40 (42 (43 ((44 45 )(46 47 )))))))))((13 14 )((15 16 )(17 (18 (19 ((20 21 )((22 23 )(24 25 ))))))))))); 
ttag *!; 
ttag +0 ////; 
ttag +1 ////; 
ttag +2 ////; 
ttag +3 ////; 
ttag +4 ////; 
ttag +5 ////; 
ttag +6 ////; 
ttag +7 ////; 
ttag +8 ////; 
ttag +9 ////; 
ttag +10 ////; 
ttag +11 ////; 
ttag +12 ////; 
ttag +13 ////; 
ttag +14 ////; 
ttag +15 ////; 
ttag +16 ////; 
ttag +17 ////; 
ttag +18 ////; 
ttag +19 ////; 
ttag +20 ////; 
ttag +21 ////; 
ttag +22 ////; 
ttag +23 ////; 
ttag +24 ////; 
ttag +25 ////; 
ttag +26 ////; 
ttag +27 ////; 
ttag +28 ////; 
ttag +29 ////; 
ttag +30 ////; 
ttag +31 ////; 
ttag +32 ////; 
ttag +33 ////; 
ttag +34 ////; 
ttag +35 ////; 
ttag +36 ////; 
ttag +37 ////; 
ttag +38 ////; 
ttag +39 ////; 
ttag +40 ////; 
ttag +41 ////; 
ttag +42 ////; 
ttag +43 ////; 
ttag +44 ////; 
ttag +45 ////; 
ttag +46 ////; 
ttag +47 ////; 
ttag +48 ////; 
ttag +49 100/100/100/100/100; 
ttag +50 84/74/47/69/62; 
ttag +51 98/98/94/98/93; 
ttag +52 40/16/5/15/4; 
ttag +53 26/12/7/12/4; 
ttag +54 99/99/99/100/99; 
ttag +55 96/96/88/97/89; 
ttag +56 76/72/48/72/53; 
ttag +57 25/2/?/6/?; 
ttag +58 85/83/80/85/70; 
ttag +59 82/79/77/84/70; 
ttag +60 87/86/68/82/69; 
ttag +61 100/100/100/100/100; 
ttag +62 98/98/98/100/98; 
ttag +63 39/14/9/16/6; 
ttag +64 100/100/99/99/100; 
ttag +65 90/88/84/90/76; 
ttag +66 67/56/39/54/37; 
ttag +67 92/87/74/87/78; 
ttag +68 88/83/72/84/77; 
ttag +69 100/100/99/99/99; 
ttag +70 99/99/100/100/100; 
ttag +71 100/100/100/100/100; 
ttag +72 98/98/97/99/98; 
ttag +73 90/87/79/90/84; 
ttag +74 25/20/19/14/19; 
ttag +75 99/99/90/98/92; 
ttag +76 98/98/91/96/95; 
ttag +77 83/78/59/74/66; 
ttag +78 99/99/96/98/96; 
ttag +79 100/100/97/100/98; 
ttag +80 39/18/4/22/11; 
ttag +81 81/76/67/72/70; 
ttag +82 98/98/91/96/92; 
ttag +83 97/97/90/96/89; 
ttag +84 86/83/80/80/78; 
ttag +85 86/82/62/80/64; 
ttag +86 100/100/99/100/98; 
ttag +87 100/100/99/100/99; 
ttag +88 43/8/7/11/14; 
ttag +89 88/85/78/84/80; 
ttag +90 100/100/98/100/99; 
ttag +91 70/54/28/47/37; 
ttag +92 99/98/97/99/98; 
ttag +93 71/58/52/56/57; 
ttag +94 89/85/76/82/72; 
