tread
'Tree with tags' 
(0 (1 ((2 3 )((9 (8 (6 (7 (4 5 )))))(10 (11 12 ))))(13 14 )(((15 16 )(17 (18 (19 ((20 21 )((22 23 )(24 25 )))))))((26 (27 (28 (29 30 ))))(39 (31 (32 33 )(34 35 )(36 (37 38 )))((40 41 )(42 (43 ((44 45 )(46 47 )))))))))); 
ttag *!; 
ttag +49 ???; 
ttag +50 7; 
ttag +51 4; 
ttag +52 6; 
ttag +53 2; 
ttag +54 11; 
ttag +55 1; 
ttag +56 1; 
ttag +57 7; 
ttag +58 5; 
ttag +59 4; 
ttag +60 9; 
ttag +61 9; 
ttag +62 8; 
ttag +63 1; 
ttag +64 2; 
ttag +65 5; 
ttag +66 2; 
ttag +67 5; 
ttag +68 4; 
ttag +69 7; 
ttag +70 6; 
ttag +71 1; 
ttag +72 1; 
ttag +73 6; 
ttag +74 2; 
ttag +75 1; 
ttag +76 5; 
ttag +77 8; 
ttag +78 7; 
ttag +79 4; 
ttag +80 5; 
ttag +81 7; 
ttag +82 10; 
ttag +83 3; 
ttag +84 4; 
ttag +85 8; 
ttag +86 3; 
ttag +87 7; 
ttag +88 3; 
ttag +89 2; 
tread
'Tree with tags' 
(0 (((1 ((2 3 )((9 (8 (6 (7 (4 5 )))))(10 (11 12 )))))(((15 16 )(17 (18 (19 ((20 21 )((22 23 )(24 25 )))))))((26 (27 (28 (29 30 ))))(39 ((((31 (34 35 ))(36 (37 38 )))(32 33 ))((40 41 )(42 (43 ((44 45 )(46 47 ))))))))))(13 14 ))); 
ttag *!; 
ttag +0 ////; 
ttag +1 ////; 
ttag +2 ////; 
ttag +3 ////; 
ttag +4 ////; 
ttag +5 ////; 
ttag +6 ////; 
ttag +7 ////; 
ttag +8 ////; 
ttag +9 ////; 
ttag +10 ////; 
ttag +11 ////; 
ttag +12 ////; 
ttag +13 ////; 
ttag +14 ////; 
ttag +15 ////; 
ttag +16 ////; 
ttag +17 ////; 
ttag +18 ////; 
ttag +19 ////; 
ttag +20 ////; 
ttag +21 ////; 
ttag +22 ////; 
ttag +23 ////; 
ttag +24 ////; 
ttag +25 ////; 
ttag +26 ////; 
ttag +27 ////; 
ttag +28 ////; 
ttag +29 ////; 
ttag +30 ////; 
ttag +31 ////; 
ttag +32 ////; 
ttag +33 ////; 
ttag +34 ////; 
ttag +35 ////; 
ttag +36 ////; 
ttag +37 ////; 
ttag +38 ////; 
ttag +39 ////; 
ttag +40 ////; 
ttag +41 ////; 
ttag +42 ////; 
ttag +43 ////; 
ttag +44 ////; 
ttag +45 ////; 
ttag +46 ////; 
ttag +47 ////; 
ttag +48 ////; 
ttag +49 21/1/1/?/0; 
ttag +50 8/[11]/?/?/?; 
ttag +51 100/100/100/100/100; 
ttag +52 99/99/99/99/98; 
ttag +53 81/79/58/79/69; 
ttag +54 100/100/97/98/95; 
ttag +55 80/76/68/78/73; 
ttag +56 100/100/99/100/98; 
ttag +57 43/13/11/24/16; 
ttag +58 38/20/23/33/22; 
ttag +59 99/99/94/99/95; 
ttag +60 95/94/93/97/95; 
ttag +61 90/84/72/85/70; 
ttag +62 99/99/99/100/98; 
ttag +63 100/100/100/100/100; 
ttag +64 97/97/88/97/92; 
ttag +65 51/42/26/43/34; 
ttag +66 76/69/44/72/64; 
ttag +67 89/86/72/89/79; 
ttag +68 76/72/57/72/58; 
ttag +69 100/100/99/100/99; 
ttag +70 94/94/88/96/91; 
ttag +71 98/98/99/100/97; 
ttag +72 96/96/93/96/91; 
ttag +73 60/37/30/31/34; 
ttag +74 50/26/17/23/9; 
ttag +75 95/94/88/97/88; 
ttag +76 66/55/40/46/42; 
ttag +77 73/60/44/56/55; 
ttag +78 95/94/90/96/94; 
ttag +79 24/[11]/?/?/?; 
ttag +80 34/12/8/4/3; 
ttag +81 100/100/97/100/98; 
ttag +82 46/19/17/15/10; 
ttag +83 98/98/92/99/94; 
ttag +84 89/87/82/84/80; 
ttag +85 100/100/97/99/96; 
ttag +86 99/99/95/100/95; 
ttag +87 100/100/100/100/100; 
ttag +88 89/85/74/82/70; 
ttag +89 84/80/66/77/72; 
ttag +90 96/94/88/96/93; 
ttag +91 89/85/77/87/72; 
ttag +92 98/97/93/99/96; 
ttag +93 85/81/65/83/69; 
ttag +94 77/70/62/68/56; 
