tread
'Tree with tags' 
(0 (1 (((((2 3 )(((4 5 )(6 7 ))((8 9 )(10 (11 12 )))))(15 16 ))(17 (18 (19 ((20 21 )((22 23 )(24 25 )))))))(13 14 )(26 (27 (28 (29 30 ))))(39 (31 ((32 33 )(34 35 )(36 (37 38 ))))((40 41 )(42 (43 ((44 45 )(46 47 ))))))))); 
ttag *!; 
ttag +49 ???; 
ttag +50 8; 
ttag +51 8; 
ttag +52 1; 
ttag +53 1; 
ttag +54 1; 
ttag +55 7; 
ttag +56 4; 
ttag +57 1; 
ttag +58 2; 
ttag +59 1; 
ttag +60 1; 
ttag +61 4; 
ttag +62 5; 
ttag +63 6; 
ttag +64 7; 
ttag +65 1; 
ttag +66 2; 
ttag +67 2; 
ttag +68 8; 
ttag +69 7; 
ttag +70 4; 
ttag +71 5; 
ttag +72 3; 
ttag +73 5; 
ttag +74 2; 
ttag +75 3; 
ttag +76 10; 
ttag +77 5; 
ttag +78 5; 
ttag +79 5; 
ttag +80 9; 
ttag +81 6; 
ttag +82 8; 
ttag +83 6; 
ttag +84 1; 
ttag +85 2; 
ttag +86 6; 
ttag +87 2; 
ttag +88 1; 
ttag +89 8; 
ttag +90 2; 
tread
'Tree with tags' 
(0 (1 (((((2 3 )(((4 5 )(6 7 ))((8 9 )(10 (11 12 )))))(15 16 ))(17 (18 (19 ((20 21 )((22 23 )(24 25 )))))))(13 14 )(26 (27 (28 (29 30 ))))(39 (31 ((32 33 )(34 35 )(36 (37 38 ))))((40 41 )(42 (43 ((44 45 )(46 47 ))))))))); 
ttag *!; 
ttag +0 ////; 
ttag +1 ////; 
ttag +2 ////; 
ttag +3 ////; 
ttag +4 ////; 
ttag +5 ////; 
ttag +6 ////; 
ttag +7 ////; 
ttag +8 ////; 
ttag +9 ////; 
ttag +10 ////; 
ttag +11 ////; 
ttag +12 ////; 
ttag +13 ////; 
ttag +14 ////; 
ttag +15 ////; 
ttag +16 ////; 
ttag +17 ////; 
ttag +18 ////; 
ttag +19 ////; 
ttag +20 ////; 
ttag +21 ////; 
ttag +22 ////; 
ttag +23 ////; 
ttag +24 ////; 
ttag +25 ////; 
ttag +26 ////; 
ttag +27 ////; 
ttag +28 ////; 
ttag +29 ////; 
ttag +30 ////; 
ttag +31 ////; 
ttag +32 ////; 
ttag +33 ////; 
ttag +34 ////; 
ttag +35 ////; 
ttag +36 ////; 
ttag +37 ////; 
ttag +38 ////; 
ttag +39 ////; 
ttag +40 ////; 
ttag +41 ////; 
ttag +42 ////; 
ttag +43 ////; 
ttag +44 ////; 
ttag +45 ////; 
ttag +46 ////; 
ttag +47 ////; 
ttag +48 ////; 
ttag +49 100/100/100/100/100; 
ttag +50 100/100/100/100/99; 
ttag +51 100/100/100/100/99; 
ttag +52 46/6/?/6/1; 
ttag +53 23/3/1/8/7; 
ttag +54 43/36/36/32/40; 
ttag +55 100/100/100/100/98; 
ttag +56 84/81/78/84/63; 
ttag +57 62/52/47/55/49; 
ttag +58 63/56/49/56/48; 
ttag +59 42/22/7/14/6; 
ttag +60 52/26/16/24/24; 
ttag +61 95/94/89/95/89; 
ttag +62 98/96/94/98/94; 
ttag +63 98/98/97/99/97; 
ttag +64 100/100/100/100/100; 
ttag +65 52/30/15/35/15; 
ttag +66 81/79/66/76/70; 
ttag +67 87/85/69/80/72; 
ttag +68 100/100/100/100/100; 
ttag +69 95/93/83/94/90; 
ttag +70 89/84/67/86/74; 
ttag +71 93/92/86/94/88; 
ttag +72 84/77/66/82/74; 
ttag +73 99/98/96/97/94; 
ttag +74 78/72/61/79/70; 
ttag +75 88/86/69/83/70; 
ttag +76 100/100/99/100/100; 
ttag +77 93/90/90/96/88; 
ttag +78 94/93/84/95/84; 
ttag +79 99/99/99/99/98; 
ttag +80 100/100/99/100/99; 
ttag +81 99/99/98/100/98; 
ttag +82 100/100/99/99/99; 
ttag +83 98/98/95/97/94; 
ttag +84 71/66/64/74/66; 
ttag +85 66/47/28/44/37; 
ttag +86 99/98/96/94/93; 
ttag +87 61/48/49/59/39; 
ttag +88 50/20/20/17/14; 
ttag +89 100/100/99/100/98; 
ttag +90 83/80/76/80/72; 
