tread
'Tree with tags' 
(0 (1 ((2 3 )((4 5 )(6 7 ))(8 9 (10 (11 12 ))))(13 14 )(17 (15 16 )(18 (19 ((20 21 )(24 25 (22 23 ))))))((26 (27 (28 (29 30 ))))((39 (31 ((32 33 )(34 35 )(36 (37 38 )))))((40 41 )(42 (43 ((44 45 )(46 47 ))))))))); 
ttag *!; 
ttag +49 ???; 
ttag +50 6; 
ttag +51 7; 
ttag +52 4; 
ttag +53 3; 
ttag +54 2; 
ttag +55 1; 
ttag +56 4; 
ttag +57 9; 
ttag +58 5; 
ttag +59 9; 
ttag +60 2; 
ttag +61 6; 
ttag +62 2; 
ttag +63 6; 
ttag +64 3; 
ttag +65 6; 
ttag +66 8; 
ttag +67 7; 
ttag +68 5; 
ttag +69 5; 
ttag +70 3; 
ttag +71 12; 
ttag +72 4; 
ttag +73 2; 
ttag +74 6; 
ttag +75 7; 
ttag +76 6; 
ttag +77 1; 
ttag +78 12; 
ttag +79 2; 
ttag +80 6; 
ttag +81 3; 
ttag +82 10; 
ttag +83 5; 
ttag +84 7; 
ttag +85 2; 
ttag +86 6; 
tread
'Tree with tags' 
(0 ((1 (((((2 3 )((8 9 )(10 (11 12 ))))((4 5 )(6 7 )))((26 (27 (28 (29 30 ))))((39 (31 ((32 33 )((34 35 )(36 (37 38 ))))))((40 41 )(42 (43 ((44 45 )(46 47 ))))))))(13 14 )))((17 (15 16 ))(18 (19 ((20 21 )((22 23 )(24 25 )))))))); 
ttag *!; 
ttag +0 ////; 
ttag +1 ////; 
ttag +2 ////; 
ttag +3 ////; 
ttag +4 ////; 
ttag +5 ////; 
ttag +6 ////; 
ttag +7 ////; 
ttag +8 ////; 
ttag +9 ////; 
ttag +10 ////; 
ttag +11 ////; 
ttag +12 ////; 
ttag +13 ////; 
ttag +14 ////; 
ttag +15 ////; 
ttag +16 ////; 
ttag +17 ////; 
ttag +18 ////; 
ttag +19 ////; 
ttag +20 ////; 
ttag +21 ////; 
ttag +22 ////; 
ttag +23 ////; 
ttag +24 ////; 
ttag +25 ////; 
ttag +26 ////; 
ttag +27 ////; 
ttag +28 ////; 
ttag +29 ////; 
ttag +30 ////; 
ttag +31 ////; 
ttag +32 ////; 
ttag +33 ////; 
ttag +34 ////; 
ttag +35 ////; 
ttag +36 ////; 
ttag +37 ////; 
ttag +38 ////; 
ttag +39 ////; 
ttag +40 ////; 
ttag +41 ////; 
ttag +42 ////; 
ttag +43 ////; 
ttag +44 ////; 
ttag +45 ////; 
ttag +46 ////; 
ttag +47 ////; 
ttag +48 ////; 
ttag +49 20/[5]/?/?/?; 
ttag +50 100/100/100/100/100; 
ttag +51 99/98/96/99/98; 
ttag +52 19/[20]/?/?/?; 
ttag +53 99/99/97/100/96; 
ttag +54 42/18/6/13/5; 
ttag +55 21/[5]/?/?/?; 
ttag +56 94/92/86/92/86; 
ttag +57 91/90/77/90/75; 
ttag +58 87/86/78/84/82; 
ttag +59 40/14/24/11/17; 
ttag +60 51/42/24/45/28; 
ttag +61 90/82/67/89/69; 
ttag +62 100/100/98/99/100; 
ttag +63 100/100/98/98/97; 
ttag +64 100/100/99/100/99; 
ttag +65 28/0/?/?/?; 
ttag +66 86/82/74/76/72; 
ttag +67 98/97/93/99/96; 
ttag +68 80/75/69/77/72; 
ttag +69 100/100/99/99/100; 
ttag +70 88/86/71/89/78; 
ttag +71 99/98/97/98/99; 
ttag +72 99/99/98/99/97; 
ttag +73 42/8/10/3/1; 
ttag +74 96/95/92/96/93; 
ttag +75 98/98/96/100/95; 
ttag +76 88/85/80/92/80; 
ttag +77 81/78/73/88/73; 
ttag +78 100/100/100/100/100; 
ttag +79 93/92/84/89/81; 
ttag +80 73/67/48/67/60; 
ttag +81 99/98/94/98/95; 
ttag +82 99/99/96/99/98; 
ttag +83 96/94/87/94/82; 
ttag +84 68/59/58/54/54; 
ttag +85 29/[4]/?/?/?; 
ttag +86 100/100/100/100/100; 
ttag +87 82/75/67/82/70; 
ttag +88 97/96/97/98/94; 
ttag +89 91/90/86/88/81; 
ttag +90 99/99/98/100/98; 
ttag +91 95/94/90/98/87; 
ttag +92 98/98/95/100/92; 
ttag +93 69/50/42/55/48; 
ttag +94 98/98/98/98/94; 
