tread
'Tree with tags' 
(0 (1 (2 3 ((6 7 (4 5 ))((8 9 )(10 (11 12 )))))(13 14 )((15 16 )(17 (18 19 ((20 21 )((22 23 )(24 25 ))))))((26 (27 (28 (29 30 ))))((31 (((32 33 )(36 (37 38 )))(34 35 )))(39 ((40 41 )(42 (43 ((44 45 )(46 47 )))))))))); 
ttag *!; 
ttag +49 ???; 
ttag +50 5; 
ttag +51 5; 
ttag +52 1; 
ttag +53 1; 
ttag +54 2; 
ttag +55 1; 
ttag +56 3; 
ttag +57 4; 
ttag +58 11; 
ttag +59 14; 
ttag +60 2; 
ttag +61 1; 
ttag +62 2; 
ttag +63 2; 
ttag +64 7; 
ttag +65 8; 
ttag +66 9; 
ttag +67 4; 
ttag +68 4; 
ttag +69 2; 
ttag +70 1; 
ttag +71 6; 
ttag +72 8; 
ttag +73 10; 
ttag +74 6; 
ttag +75 5; 
ttag +76 1; 
ttag +77 2; 
ttag +78 3; 
ttag +79 11; 
ttag +80 5; 
ttag +81 2; 
ttag +82 2; 
ttag +83 6; 
ttag +84 11; 
ttag +85 7; 
ttag +86 5; 
ttag +87 4; 
ttag +88 1; 
tread
'Tree with tags' 
(0 (((1 (2 (3 (((4 5 )(6 7 ))((8 9 )(10 (11 12 )))))))((15 16 )(17 (18 (19 ((20 21 )((22 23 )(24 25 ))))))))((13 14 )((26 (27 (28 (29 30 ))))((31 (((32 33 )(36 (37 38 )))(34 35 )))(39 ((40 41 )(42 (43 ((44 45 )(46 47 ))))))))))); 
ttag *!; 
ttag +0 ////; 
ttag +1 ////; 
ttag +2 ////; 
ttag +3 ////; 
ttag +4 ////; 
ttag +5 ////; 
ttag +6 ////; 
ttag +7 ////; 
ttag +8 ////; 
ttag +9 ////; 
ttag +10 ////; 
ttag +11 ////; 
ttag +12 ////; 
ttag +13 ////; 
ttag +14 ////; 
ttag +15 ////; 
ttag +16 ////; 
ttag +17 ////; 
ttag +18 ////; 
ttag +19 ////; 
ttag +20 ////; 
ttag +21 ////; 
ttag +22 ////; 
ttag +23 ////; 
ttag +24 ////; 
ttag +25 ////; 
ttag +26 ////; 
ttag +27 ////; 
ttag +28 ////; 
ttag +29 ////; 
ttag +30 ////; 
ttag +31 ////; 
ttag +32 ////; 
ttag +33 ////; 
ttag +34 ////; 
ttag +35 ////; 
ttag +36 ////; 
ttag +37 ////; 
ttag +38 ////; 
ttag +39 ////; 
ttag +40 ////; 
ttag +41 ////; 
ttag +42 ////; 
ttag +43 ////; 
ttag +44 ////; 
ttag +45 ////; 
ttag +46 ////; 
ttag +47 ////; 
ttag +48 ////; 
ttag +49 42/24/19/20/19; 
ttag +50 10/[3]/?/?/?; 
ttag +51 100/100/100/100/100; 
ttag +52 98/98/99/99/95; 
ttag +53 39/[6]/?/?/?; 
ttag +54 98/97/94/97/95; 
ttag +55 46/22/12/31/17; 
ttag +56 65/54/47/61/51; 
ttag +57 24/[38]/?/?/?; 
ttag +58 70/66/54/64/45; 
ttag +59 54/29/15/36/12; 
ttag +60 86/84/74/85/75; 
ttag +61 96/95/92/95/91; 
ttag +62 98/98/100/100/100; 
ttag +63 6/[8]/?/?/?; 
ttag +64 100/100/100/100/100; 
ttag +65 70/64/57/65/48; 
ttag +66 51/23/18/18/17; 
ttag +67 70/62/56/60/60; 
ttag +68 33/[2]/0/2/?; 
ttag +69 95/95/91/87/90; 
ttag +70 97/97/94/96/97; 
ttag +71 100/100/99/100/99; 
ttag +72 100/100/99/100/100; 
ttag +73 94/92/88/92/90; 
ttag +74 96/96/88/97/92; 
ttag +75 74/68/48/68/52; 
ttag +76 44/7/19/14/8; 
ttag +77 99/99/95/99/94; 
ttag +78 100/100/99/100/100; 
ttag +79 99/99/99/100/99; 
ttag +80 92/90/82/94/83; 
ttag +81 96/95/91/98/93; 
ttag +82 44/28/15/21/18; 
ttag +83 74/60/52/58/49; 
ttag +84 96/96/95/96/94; 
ttag +85 100/100/98/99/99; 
ttag +86 98/98/94/98/95; 
ttag +87 67/52/32/54/37; 
ttag +88 66/43/33/42/41; 
ttag +89 89/87/74/90/76; 
ttag +90 100/100/100/100/98; 
ttag +91 99/99/95/99/96; 
ttag +92 96/96/94/94/88; 
ttag +93 93/92/79/94/76; 
ttag +94 60/44/42/54/38; 
