tread
'Tree with tags' 
(0 ((1 ((2 3 )(((4 5 )(6 7 ))(8 9 (10 (11 12 ))))))((13 14 )((15 16 )(17 (18 (19 ((20 21 )((22 23 )(24 25 )))))))((26 (27 (28 (29 30 ))))(39 (31 (((32 33 )(34 35 ))(36 (37 38 ))))((40 41 )(42 (43 ((44 45 )(46 47 )))))))))); 
ttag *!; 
ttag +49 2; 
ttag +50 ???; 
ttag +51 3; 
ttag +52 7; 
ttag +53 4; 
ttag +54 7; 
ttag +55 1; 
ttag +56 5; 
ttag +57 2; 
ttag +58 5; 
ttag +59 1; 
ttag +60 6; 
ttag +61 4; 
ttag +62 6; 
ttag +63 2; 
ttag +64 2; 
ttag +65 11; 
ttag +66 3; 
ttag +67 9; 
ttag +68 6; 
ttag +69 11; 
ttag +70 4; 
ttag +71 7; 
ttag +72 7; 
ttag +73 5; 
ttag +74 2; 
ttag +75 1; 
ttag +76 16; 
ttag +77 5; 
ttag +78 2; 
ttag +79 8; 
ttag +80 1; 
ttag +81 3; 
ttag +82 1; 
ttag +83 9; 
ttag +84 11; 
ttag +85 5; 
ttag +86 5; 
ttag +87 6; 
ttag +88 3; 
ttag +89 4; 
ttag +90 5; 
ttag +91 2; 
tread
'Tree with tags' 
(0 ((1 ((2 3 )(((4 5 )(6 7 ))(8 (9 (10 (11 12 )))))))((13 14 )(((15 16 )(17 (18 (19 ((20 21 )((22 23 )(24 25 )))))))((26 (27 (28 (29 30 ))))((39 (31 (((32 33 )(34 35 ))(36 (37 38 )))))((40 41 )(42 (43 ((44 45 )(46 47 ))))))))))); 
ttag *!; 
ttag +0 ////; 
ttag +1 ////; 
ttag +2 ////; 
ttag +3 ////; 
ttag +4 ////; 
ttag +5 ////; 
ttag +6 ////; 
ttag +7 ////; 
ttag +8 ////; 
ttag +9 ////; 
ttag +10 ////; 
ttag +11 ////; 
ttag +12 ////; 
ttag +13 ////; 
ttag +14 ////; 
ttag +15 ////; 
ttag +16 ////; 
ttag +17 ////; 
ttag +18 ////; 
ttag +19 ////; 
ttag +20 ////; 
ttag +21 ////; 
ttag +22 ////; 
ttag +23 ////; 
ttag +24 ////; 
ttag +25 ////; 
ttag +26 ////; 
ttag +27 ////; 
ttag +28 ////; 
ttag +29 ////; 
ttag +30 ////; 
ttag +31 ////; 
ttag +32 ////; 
ttag +33 ////; 
ttag +34 ////; 
ttag +35 ////; 
ttag +36 ////; 
ttag +37 ////; 
ttag +38 ////; 
ttag +39 ////; 
ttag +40 ////; 
ttag +41 ////; 
ttag +42 ////; 
ttag +43 ////; 
ttag +44 ////; 
ttag +45 ////; 
ttag +46 ////; 
ttag +47 ////; 
ttag +48 ////; 
ttag +49 74/70/44/66/52; 
ttag +50 100/100/100/100/100; 
ttag +51 96/95/92/97/93; 
ttag +52 99/99/98/99/95; 
ttag +53 90/88/87/94/94; 
ttag +54 100/100/98/99/96; 
ttag +55 76/65/58/64/61; 
ttag +56 96/94/90/95/90; 
ttag +57 86/82/76/82/81; 
ttag +58 33/11/12/10/7; 
ttag +59 85/80/70/80/65; 
ttag +60 75/66/65/61/62; 
ttag +61 100/100/99/100/98; 
ttag +62 89/88/76/88/76; 
ttag +63 99/99/97/100/96; 
ttag +64 60/44/46/47/54; 
ttag +65 24/6/4/2/?; 
ttag +66 85/80/72/82/65; 
ttag +67 100/100/100/100/98; 
ttag +68 90/88/80/93/84; 
ttag +69 100/100/100/100/100; 
ttag +70 94/92/89/98/90; 
ttag +71 100/100/100/100/100; 
ttag +72 92/90/78/93/81; 
ttag +73 98/98/98/98/96; 
ttag +74 99/99/95/98/97; 
ttag +75 97/97/90/96/90; 
ttag +76 60/44/38/34/35; 
ttag +77 56/31/22/21/23; 
ttag +78 100/100/100/100/100; 
ttag +79 99/98/94/97/96; 
ttag +80 28/6/8/6/20; 
ttag +81 70/65/62/69/62; 
ttag +82 99/99/100/100/99; 
ttag +83 43/1/13/25/9; 
ttag +84 90/87/78/86/77; 
ttag +85 46/24/36/39/34; 
ttag +86 100/100/100/100/100; 
ttag +87 100/100/100/100/100; 
ttag +88 98/98/90/95/94; 
ttag +89 95/92/91/97/89; 
ttag +90 99/99/98/100/98; 
ttag +91 88/85/78/91/75; 
ttag +92 92/88/84/94/75; 
ttag +93 97/97/87/96/92; 
ttag +94 82/78/68/74/61; 
