tread
'Tree with tags' 
(0 (1 ((((2 3 )(((4 5 )(6 7 ))((8 9 )(10 (11 12 )))))(17 ((15 16 )(18 (19 ((20 21 )((22 23 )(24 25 ))))))))(13 14 ))((26 27 (28 (29 30 )))(39 ((31 (((32 33 )(34 35 ))(36 (37 38 ))))(40 41 )(42 (43 ((44 45 )(46 47 ))))))))); 
ttag *!; 
ttag +49 ???; 
ttag +50 7; 
ttag +51 7; 
ttag +52 1; 
ttag +53 1; 
ttag +54 6; 
ttag +55 3; 
ttag +56 3; 
ttag +57 3; 
ttag +58 4; 
ttag +59 2; 
ttag +60 7; 
ttag +61 8; 
ttag +62 9; 
ttag +63 7; 
ttag +64 1; 
ttag +65 6; 
ttag +66 4; 
ttag +67 4; 
ttag +68 9; 
ttag +69 3; 
ttag +70 7; 
ttag +71 3; 
ttag +72 8; 
ttag +73 9; 
ttag +74 4; 
ttag +75 9; 
ttag +76 8; 
ttag +77 6; 
ttag +78 1; 
ttag +79 3; 
ttag +80 8; 
ttag +81 1; 
ttag +82 6; 
ttag +83 6; 
ttag +84 8; 
ttag +85 4; 
ttag +86 2; 
ttag +87 10; 
ttag +88 5; 
ttag +89 8; 
ttag +90 4; 
ttag +91 3; 
tread
'Tree with tags' 
(0 ((1 ((26 (27 (28 (29 30 ))))(39 ((31 (((32 33 )(34 35 ))(36 (37 38 ))))((40 41 )(42 (43 ((44 45 )(46 47 )))))))))((((2 3 )(((4 5 )(6 7 ))((8 9 )(10 (11 12 )))))(17 ((15 16 )(18 (19 ((20 21 )((22 23 )(24 25 ))))))))(13 14 )))); 
ttag *!; 
ttag +0 ////; 
ttag +1 ////; 
ttag +2 ////; 
ttag +3 ////; 
ttag +4 ////; 
ttag +5 ////; 
ttag +6 ////; 
ttag +7 ////; 
ttag +8 ////; 
ttag +9 ////; 
ttag +10 ////; 
ttag +11 ////; 
ttag +12 ////; 
ttag +13 ////; 
ttag +14 ////; 
ttag +15 ////; 
ttag +16 ////; 
ttag +17 ////; 
ttag +18 ////; 
ttag +19 ////; 
ttag +20 ////; 
ttag +21 ////; 
ttag +22 ////; 
ttag +23 ////; 
ttag +24 ////; 
ttag +25 ////; 
ttag +26 ////; 
ttag +27 ////; 
ttag +28 ////; 
ttag +29 ////; 
ttag +30 ////; 
ttag +31 ////; 
ttag +32 ////; 
ttag +33 ////; 
ttag +34 ////; 
ttag +35 ////; 
ttag +36 ////; 
ttag +37 ////; 
ttag +38 ////; 
ttag +39 ////; 
ttag +40 ////; 
ttag +41 ////; 
ttag +42 ////; 
ttag +43 ////; 
ttag +44 ////; 
ttag +45 ////; 
ttag +46 ////; 
ttag +47 ////; 
ttag +48 ////; 
ttag +49 22/[31]/?/?/?; 
ttag +50 100/100/100/100/100; 
ttag +51 99/99/95/98/96; 
ttag +52 98/98/95/98/97; 
ttag +53 23/[2]/4/2/11; 
ttag +54 30/8/2/13/16; 
ttag +55 100/100/98/99/94; 
ttag +56 77/63/58/62/63; 
ttag +57 78/71/69/80/62; 
ttag +58 78/69/64/71/64; 
ttag +59 89/87/77/82/75; 
ttag +60 52/34/21/35/13; 
ttag +61 98/98/90/96/92; 
ttag +62 97/95/95/98/94; 
ttag +63 100/100/100/100/100; 
ttag +64 99/99/100/100/99; 
ttag +65 32/[10]/?/?/?; 
ttag +66 95/94/92/97/89; 
ttag +67 92/91/70/88/78; 
ttag +68 82/80/74/79/68; 
ttag +69 100/100/100/100/100; 
ttag +70 68/61/64/74/60; 
ttag +71 99/99/98/100/98; 
ttag +72 85/79/64/81/64; 
ttag +73 99/98/97/99/98; 
ttag +74 100/100/99/100/100; 
ttag +75 93/92/88/96/92; 
ttag +76 30/[4]/6/?/?; 
ttag +77 100/100/100/100/99; 
ttag +78 100/100/99/100/98; 
ttag +79 100/100/97/97/99; 
ttag +80 67/61/45/50/32; 
ttag +81 90/88/77/89/84; 
ttag +82 100/100/99/100/99; 
ttag +83 63/44/42/50/50; 
ttag +84 100/100/96/99/94; 
ttag +85 100/100/98/100/99; 
ttag +86 100/100/99/100/99; 
ttag +87 95/95/88/90/92; 
ttag +88 84/79/74/77/69; 
ttag +89 40/16/14/14/16; 
ttag +90 100/100/99/99/99; 
ttag +91 97/96/92/98/94; 
ttag +92 100/100/99/99/100; 
ttag +93 90/88/80/94/76; 
ttag +94 90/86/85/93/87; 
