tread
'Tree with tags' 
(0 (1 (((2 3 )(8 9 ((4 5 )(6 7 ))(10 (11 12 ))))(((13 14 )((26 (27 (28 (29 30 ))))((39 (31 ((32 33 )((34 35 )(36 (37 38 ))))))((40 41 )(42 (43 ((44 45 )(46 47 ))))))))((15 16 )(17 (18 (19 ((20 21 )(22 23 )(24 25 )))))))))); 
ttag *!; 
ttag +49 ???; 
ttag +50 9; 
ttag +51 9; 
ttag +52 1; 
ttag +53 3; 
ttag +54 11; 
ttag +55 1; 
ttag +56 2; 
ttag +57 3; 
ttag +58 8; 
ttag +59 11; 
ttag +60 1; 
ttag +61 2; 
ttag +62 5; 
ttag +63 6; 
ttag +64 1; 
ttag +65 4; 
ttag +66 1; 
ttag +67 8; 
ttag +68 10; 
ttag +69 11; 
ttag +70 5; 
ttag +71 8; 
ttag +72 4; 
ttag +73 1; 
ttag +74 6; 
ttag +75 6; 
ttag +76 6; 
ttag +77 1; 
ttag +78 5; 
ttag +79 10; 
ttag +80 5; 
ttag +81 3; 
ttag +82 1; 
ttag +83 13; 
ttag +84 7; 
ttag +85 2; 
ttag +86 4; 
ttag +87 7; 
ttag +88 10; 
ttag +89 3; 
ttag +90 2; 
ttag +91 4; 
tread
'Tree with tags' 
(0 (1 (((2 3 )(9 (8 (((4 5 )(6 7 ))(10 (11 12 ))))))(((13 14 )((26 (27 (28 (29 30 ))))((39 (31 ((32 33 )((34 35 )(36 (37 38 ))))))((40 41 )(42 (43 ((44 45 )(46 47 ))))))))((15 16 )(17 (18 (19 ((20 21 )((22 23 )(24 25 ))))))))))); 
ttag *!; 
ttag +0 ////; 
ttag +1 ////; 
ttag +2 ////; 
ttag +3 ////; 
ttag +4 ////; 
ttag +5 ////; 
ttag +6 ////; 
ttag +7 ////; 
ttag +8 ////; 
ttag +9 ////; 
ttag +10 ////; 
ttag +11 ////; 
ttag +12 ////; 
ttag +13 ////; 
ttag +14 ////; 
ttag +15 ////; 
ttag +16 ////; 
ttag +17 ////; 
ttag +18 ////; 
ttag +19 ////; 
ttag +20 ////; 
ttag +21 ////; 
ttag +22 ////; 
ttag +23 ////; 
ttag +24 ////; 
ttag +25 ////; 
ttag +26 ////; 
ttag +27 ////; 
ttag +28 ////; 
ttag +29 ////; 
ttag +30 ////; 
ttag +31 ////; 
ttag +32 ////; 
ttag +33 ////; 
ttag +34 ////; 
ttag +35 ////; 
ttag +36 ////; 
ttag +37 ////; 
ttag +38 ////; 
ttag +39 ////; 
ttag +40 ////; 
ttag +41 ////; 
ttag +42 ////; 
ttag +43 ////; 
ttag +44 ////; 
ttag +45 ////; 
ttag +46 ////; 
ttag +47 ////; 
ttag +48 ////; 
ttag +49 100/100/100/100/100; 
ttag +50 100/100/99/99/99; 
ttag +51 100/100/97/99/98; 
ttag +52 30/12/12/27/17; 
ttag +53 95/95/96/97/98; 
ttag +54 100/100/99/100/98; 
ttag +55 25/4/?/?/?; 
ttag +56 31/7/3/?/2; 
ttag +57 49/21/15/25/10; 
ttag +58 75/62/49/67/59; 
ttag +59 87/85/76/91/75; 
ttag +60 100/100/98/100/100; 
ttag +61 100/100/100/100/100; 
ttag +62 35/1/6/3/7; 
ttag +63 56/47/35/58/44; 
ttag +64 98/97/94/99/92; 
ttag +65 96/95/86/97/90; 
ttag +66 36/[7]/2/2/?; 
ttag +67 92/92/80/92/82; 
ttag +68 52/35/20/37/21; 
ttag +69 100/100/100/100/100; 
ttag +70 100/100/99/99/98; 
ttag +71 100/100/100/100/100; 
ttag +72 44/9/13/2/9; 
ttag +73 98/97/92/93/90; 
ttag +74 98/98/94/99/95; 
ttag +75 96/95/92/97/93; 
ttag +76 49/38/31/38/28; 
ttag +77 98/98/95/98/94; 
ttag +78 98/97/98/98/96; 
ttag +79 100/100/98/100/97; 
ttag +80 64/61/49/57/46; 
ttag +81 94/93/94/91/89; 
ttag +82 100/100/100/100/100; 
ttag +83 96/95/92/97/90; 
ttag +84 88/86/80/91/85; 
ttag +85 47/36/24/42/30; 
ttag +86 100/100/100/100/100; 
ttag +87 99/99/98/99/97; 
ttag +88 78/73/70/72/62; 
ttag +89 89/87/81/91/84; 
ttag +90 97/96/93/98/94; 
ttag +91 99/99/98/100/99; 
ttag +92 78/69/64/79/74; 
ttag +93 72/54/50/46/46; 
ttag +94 96/95/89/94/92; 
