tread
'Tree with tags' 
(0 ((1 ((2 3 )(((4 5 )(6 7 ))((8 9 )(10 (11 12 )))))((26 27 (28 (29 30 )))((31 ((32 33 )((34 35 )(36 (37 38 )))))(39 ((40 41 )(42 (43 ((44 45 )(46 47 )))))))))(13 14 )(17 (15 16 )(18 (19 ((20 21 )((22 23 )(24 25 )))))))); 
ttag *!; 
ttag +49 1; 
ttag +50 ???; 
ttag +51 13; 
ttag +52 6; 
ttag +53 5; 
ttag +54 8; 
ttag +55 4; 
ttag +56 7; 
ttag +57 5; 
ttag +58 2; 
ttag +59 9; 
ttag +60 8; 
ttag +61 9; 
ttag +62 11; 
ttag +63 5; 
ttag +64 3; 
ttag +65 3; 
ttag +66 10; 
ttag +67 11; 
ttag +68 6; 
ttag +69 8; 
ttag +70 2; 
ttag +71 7; 
ttag +72 6; 
ttag +73 10; 
ttag +74 10; 
ttag +75 7; 
ttag +76 3; 
ttag +77 5; 
ttag +78 4; 
ttag +79 2; 
ttag +80 1; 
ttag +81 12; 
ttag +82 11; 
ttag +83 1; 
ttag +84 5; 
ttag +85 1; 
ttag +86 3; 
ttag +87 5; 
ttag +88 8; 
ttag +89 4; 
ttag +90 3; 
tread
'Tree with tags' 
(0 ((((1 ((2 3 )(((4 5 )(6 7 ))((8 9 )(10 (11 12 ))))))(((26 27 )(28 (29 30 )))((31 ((32 33 )((34 35 )(36 (37 38 )))))(39 ((40 41 )(42 (43 ((44 45 )(46 47 )))))))))(13 14 ))(17 ((15 16 )(18 (19 ((20 21 )((22 23 )(24 25 ))))))))); 
ttag *!; 
ttag +0 ////; 
ttag +1 ////; 
ttag +2 ////; 
ttag +3 ////; 
ttag +4 ////; 
ttag +5 ////; 
ttag +6 ////; 
ttag +7 ////; 
ttag +8 ////; 
ttag +9 ////; 
ttag +10 ////; 
ttag +11 ////; 
ttag +12 ////; 
ttag +13 ////; 
ttag +14 ////; 
ttag +15 ////; 
ttag +16 ////; 
ttag +17 ////; 
ttag +18 ////; 
ttag +19 ////; 
ttag +20 ////; 
ttag +21 ////; 
ttag +22 ////; 
ttag +23 ////; 
ttag +24 ////; 
ttag +25 ////; 
ttag +26 ////; 
ttag +27 ////; 
ttag +28 ////; 
ttag +29 ////; 
ttag +30 ////; 
ttag +31 ////; 
ttag +32 ////; 
ttag +33 ////; 
ttag +34 ////; 
ttag +35 ////; 
ttag +36 ////; 
ttag +37 ////; 
ttag +38 ////; 
ttag +39 ////; 
ttag +40 ////; 
ttag +41 ////; 
ttag +42 ////; 
ttag +43 ////; 
ttag +44 ////; 
ttag +45 ////; 
ttag +46 ////; 
ttag +47 ////; 
ttag +48 ////; 
ttag +49 25/[18]/?/?/?; 
ttag +50 48/34/21/32/30; 
ttag +51 5/[15]/?/?/?; 
ttag +52 100/100/100/100/100; 
ttag +53 100/100/100/100/100; 
ttag +54 98/97/95/96/95; 
ttag +55 96/95/90/96/89; 
ttag +56 99/99/100/99/98; 
ttag +57 94/92/87/95/85; 
ttag +58 98/98/96/99/93; 
ttag +59 100/100/98/99/97; 
ttag +60 79/74/64/72/57; 
ttag +61 98/98/97/100/99; 
ttag +62 99/99/98/100/98; 
ttag +63 100/100/99/100/99; 
ttag +64 100/100/100/100/100; 
ttag +65 33/[13]/?/?/5; 
ttag +66 94/91/81/95/86; 
ttag +67 92/91/88/89/87; 
ttag +68 94/93/88/94/94; 
ttag +69 100/100/100/100/99; 
ttag +70 100/100/98/99/99; 
ttag +71 99/99/98/98/96; 
ttag +72 100/100/98/100/98; 
ttag +73 80/71/59/68/59; 
ttag +74 35/10/2/11/5; 
ttag +75 99/99/98/99/99; 
ttag +76 99/99/96/98/96; 
ttag +77 100/100/99/100/100; 
ttag +78 100/100/100/100/100; 
ttag +79 97/96/88/96/90; 
ttag +80 93/92/86/93/84; 
ttag +81 97/96/98/98/96; 
ttag +82 90/88/79/90/78; 
ttag +83 83/81/76/83/77; 
ttag +84 47/36/19/40/32; 
ttag +85 100/100/99/100/100; 
ttag +86 100/100/100/100/100; 
ttag +87 40/25/14/30/14; 
ttag +88 87/84/82/87/82; 
ttag +89 67/52/44/58/42; 
ttag +90 90/87/84/86/83; 
ttag +91 89/84/81/91/84; 
ttag +92 100/100/97/100/98; 
ttag +93 96/95/88/90/90; 
ttag +94 86/84/79/84/78; 
