tread
'Tree with tags' 
(0 (((1 ((2 3 )(6 (7 (4 5 )))(8 9 )(10 (11 12 ))))(13 14 ))(((15 16 )(17 (18 (19 ((20 21 )((22 23 )(24 25 )))))))((26 (27 (28 (29 30 ))))(39 (31 ((32 33 )((34 35 )(36 (37 38 )))))((40 41 )(42 (43 ((44 45 )(46 47 )))))))))); 
ttag *!; 
ttag +49 2; 
ttag +50 1; 
ttag +51 ???; 
ttag +52 5; 
ttag +53 9; 
ttag +54 11; 
ttag +55 2; 
ttag +56 7; 
ttag +57 1; 
ttag +58 4; 
ttag +59 6; 
ttag +60 13; 
ttag +61 7; 
ttag +62 2; 
ttag +63 2; 
ttag +64 6; 
ttag +65 8; 
ttag +66 1; 
ttag +67 10; 
ttag +68 8; 
ttag +69 6; 
ttag +70 7; 
ttag +71 4; 
ttag +72 6; 
ttag +73 3; 
ttag +74 2; 
ttag +75 2; 
ttag +76 9; 
ttag +77 9; 
ttag +78 1; 
ttag +79 6; 
ttag +80 2; 
ttag +81 3; 
ttag +82 2; 
ttag +83 7; 
ttag +84 6; 
ttag +85 3; 
ttag +86 3; 
ttag +87 8; 
ttag +88 3; 
ttag +89 8; 
ttag +90 2; 
ttag +91 3; 
tread
'Tree with tags' 
(0 (((1 ((((2 3 )(6 (7 (4 5 ))))(8 9 ))(10 (11 12 ))))(13 14 ))(((15 16 )(17 (18 (19 ((20 21 )((22 23 )(24 25 )))))))((26 (27 (28 (29 30 ))))((39 (31 ((32 33 )((34 35 )(36 (37 38 ))))))((40 41 )(42 (43 ((44 45 )(46 47 )))))))))); 
ttag *!; 
ttag +0 ////; 
ttag +1 ////; 
ttag +2 ////; 
ttag +3 ////; 
ttag +4 ////; 
ttag +5 ////; 
ttag +6 ////; 
ttag +7 ////; 
ttag +8 ////; 
ttag +9 ////; 
ttag +10 ////; 
ttag +11 ////; 
ttag +12 ////; 
ttag +13 ////; 
ttag +14 ////; 
ttag +15 ////; 
ttag +16 ////; 
ttag +17 ////; 
ttag +18 ////; 
ttag +19 ////; 
ttag +20 ////; 
ttag +21 ////; 
ttag +22 ////; 
ttag +23 ////; 
ttag +24 ////; 
ttag +25 ////; 
ttag +26 ////; 
ttag +27 ////; 
ttag +28 ////; 
ttag +29 ////; 
ttag +30 ////; 
ttag +31 ////; 
ttag +32 ////; 
ttag +33 ////; 
ttag +34 ////; 
ttag +35 ////; 
ttag +36 ////; 
ttag +37 ////; 
ttag +38 ////; 
ttag +39 ////; 
ttag +40 ////; 
ttag +41 ////; 
ttag +42 ////; 
ttag +43 ////; 
ttag +44 ////; 
ttag +45 ////; 
ttag +46 ////; 
ttag +47 ////; 
ttag +48 ////; 
ttag +49 74/70/51/66/58; 
ttag +50 42/24/20/24/25; 
ttag +51 100/100/100/100/100; 
ttag +52 96/95/92/93/93; 
ttag +53 46/16/10/10/3; 
ttag +54 20/[18]/?/?/?; 
ttag +55 99/99/97/99/95; 
ttag +56 99/99/99/100/100; 
ttag +57 68/61/47/70/50; 
ttag +58 100/100/98/100/97; 
ttag +59 51/36/21/26/19; 
ttag +60 90/89/76/90/82; 
ttag +61 99/98/97/100/97; 
ttag +62 100/100/100/100/100; 
ttag +63 99/99/98/99/97; 
ttag +64 72/66/59/74/53; 
ttag +65 55/49/40/51/42; 
ttag +66 98/98/92/98/92; 
ttag +67 99/99/97/99/96; 
ttag +68 60/45/33/48/38; 
ttag +69 100/100/100/100/100; 
ttag +70 98/98/98/100/96; 
ttag +71 100/100/100/99/100; 
ttag +72 98/98/97/98/96; 
ttag +73 90/86/76/88/73; 
ttag +74 99/99/96/99/98; 
ttag +75 76/74/69/74/73; 
ttag +76 82/79/57/68/70; 
ttag +77 81/76/70/76/72; 
ttag +78 100/100/99/100/98; 
ttag +79 100/100/99/100/99; 
ttag +80 15/[20]/?/?/?; 
ttag +81 62/48/44/42/45; 
ttag +82 100/100/97/99/97; 
ttag +83 71/65/48/58/52; 
ttag +84 92/90/82/85/81; 
ttag +85 79/75/55/67/63; 
ttag +86 99/99/97/98/96; 
ttag +87 99/99/95/98/94; 
ttag +88 83/78/78/85/72; 
ttag +89 90/88/76/90/72; 
ttag +90 100/100/98/100/98; 
ttag +91 82/74/56/81/61; 
ttag +92 98/98/96/99/94; 
ttag +93 73/64/49/61/58; 
ttag +94 87/82/72/87/76; 
