tread
'Tree with tags' 
(0 ((1 ((2 3 )(8 ((4 5 )(6 7 ))(9 (10 (11 12 ))))))((13 14 )((15 16 )(17 (18 19 ((20 21 )((22 23 )(24 25 ))))))((26 (27 (28 (29 30 ))))(31 39 ((32 33 )((34 35 )(36 (37 38 ))))((40 41 )(42 (43 ((44 45 )(46 47 )))))))))); 
ttag *!; 
ttag +49 3; 
ttag +50 ???; 
ttag +51 8; 
ttag +52 7; 
ttag +53 9; 
ttag +54 8; 
ttag +55 4; 
ttag +56 1; 
ttag +57 1; 
ttag +58 10; 
ttag +59 3; 
ttag +60 14; 
ttag +61 1; 
ttag +62 12; 
ttag +63 4; 
ttag +64 3; 
ttag +65 8; 
ttag +66 6; 
ttag +67 3; 
ttag +68 7; 
ttag +69 6; 
ttag +70 6; 
ttag +71 4; 
ttag +72 2; 
ttag +73 7; 
ttag +74 4; 
ttag +75 6; 
ttag +76 2; 
ttag +77 3; 
ttag +78 3; 
ttag +79 1; 
ttag +80 1; 
ttag +81 10; 
ttag +82 11; 
ttag +83 1; 
ttag +84 7; 
ttag +85 5; 
ttag +86 2; 
ttag +87 4; 
ttag +88 2; 
ttag +89 1; 
tread
'Tree with tags' 
(0 ((1 ((2 3 )((8 ((4 5 )(6 7 )))(9 (10 (11 12 ))))))(((13 14 )((15 16 )(17 ((18 19 )((20 21 )((22 23 )(24 25 )))))))((26 (27 (28 (29 30 ))))((31 ((32 33 )((34 35 )(36 (37 38 )))))(39 ((40 41 )(42 (43 ((44 45 )(46 47 ))))))))))); 
ttag *!; 
ttag +0 ////; 
ttag +1 ////; 
ttag +2 ////; 
ttag +3 ////; 
ttag +4 ////; 
ttag +5 ////; 
ttag +6 ////; 
ttag +7 ////; 
ttag +8 ////; 
ttag +9 ////; 
ttag +10 ////; 
ttag +11 ////; 
ttag +12 ////; 
ttag +13 ////; 
ttag +14 ////; 
ttag +15 ////; 
ttag +16 ////; 
ttag +17 ////; 
ttag +18 ////; 
ttag +19 ////; 
ttag +20 ////; 
ttag +21 ////; 
ttag +22 ////; 
ttag +23 ////; 
ttag +24 ////; 
ttag +25 ////; 
ttag +26 ////; 
ttag +27 ////; 
ttag +28 ////; 
ttag +29 ////; 
ttag +30 ////; 
ttag +31 ////; 
ttag +32 ////; 
ttag +33 ////; 
ttag +34 ////; 
ttag +35 ////; 
ttag +36 ////; 
ttag +37 ////; 
ttag +38 ////; 
ttag +39 ////; 
ttag +40 ////; 
ttag +41 ////; 
ttag +42 ////; 
ttag +43 ////; 
ttag +44 ////; 
ttag +45 ////; 
ttag +46 ////; 
ttag +47 ////; 
ttag +48 ////; 
ttag +49 79/75/62/72/60; 
ttag +50 100/100/100/100/100; 
ttag +51 99/99/98/99/98; 
ttag +52 99/99/99/100/99; 
ttag +53 100/100/97/100/100; 
ttag +54 98/98/95/98/95; 
ttag +55 20/[14]/?/?/?; 
ttag +56 82/73/70/75/76; 
ttag +57 36/3/?/2/?; 
ttag +58 44/28/17/25/15; 
ttag +59 97/96/92/94/94; 
ttag +60 84/76/62/76/67; 
ttag +61 100/100/100/100/100; 
ttag +62 21/0/7/?/1; 
ttag +63 38/17/16/16/16; 
ttag +64 100/100/100/100/100; 
ttag +65 96/93/88/93/92; 
ttag +66 84/78/69/79/67; 
ttag +67 32/0/?/?/?; 
ttag +68 100/100/99/100/98; 
ttag +69 99/99/99/99/100; 
ttag +70 92/88/86/89/80; 
ttag +71 99/99/99/99/99; 
ttag +72 98/98/96/98/98; 
ttag +73 99/99/97/98/98; 
ttag +74 95/93/91/94/90; 
ttag +75 76/66/67/67/57; 
ttag +76 98/98/95/99/96; 
ttag +77 99/99/98/98/96; 
ttag +78 99/99/97/99/96; 
ttag +79 52/40/30/32/35; 
ttag +80 86/84/69/82/69; 
ttag +81 90/89/80/92/86; 
ttag +82 73/67/51/70/56; 
ttag +83 47/42/33/40/27; 
ttag +84 44/38/26/40/25; 
ttag +85 100/100/98/100/100; 
ttag +86 100/100/99/100/99; 
ttag +87 36/[3]/?/?/?; 
ttag +88 70/61/53/62/54; 
ttag +89 97/96/94/98/93; 
ttag +90 97/96/92/96/89; 
ttag +91 78/67/72/78/74; 
ttag +92 92/91/85/95/89; 
ttag +93 68/53/46/56/41; 
ttag +94 50/35/34/38/32; 
