tread
'Tree with tags' 
(0 ((1 ((2 3 )((((4 5 )(6 7 ))(10 (11 12 )))(8 9 ))))(((13 14 )((26 (27 (28 (29 30 ))))((31 ((32 33 )((34 35 )(36 (37 38 )))))(39 (40 (41 (42 (43 ((44 45 )(46 47 ))))))))))((15 16 )(17 ((18 19 )((20 21 )((22 23 )(24 25 ))))))))); 
ttag *!; 
ttag +49 2; 
ttag +50 ???; 
ttag +51 8; 
ttag +52 8; 
ttag +53 2; 
ttag +54 9; 
ttag +55 2; 
ttag +56 2; 
ttag +57 3; 
ttag +58 1; 
ttag +59 1; 
ttag +60 11; 
ttag +61 6; 
ttag +62 1; 
ttag +63 2; 
ttag +64 9; 
ttag +65 5; 
ttag +66 1; 
ttag +67 1; 
ttag +68 8; 
ttag +69 6; 
ttag +70 4; 
ttag +71 5; 
ttag +72 9; 
ttag +73 6; 
ttag +74 6; 
ttag +75 8; 
ttag +76 2; 
ttag +77 6; 
ttag +78 12; 
ttag +79 8; 
ttag +80 9; 
ttag +81 7; 
ttag +82 9; 
ttag +83 2; 
ttag +84 2; 
ttag +85 8; 
ttag +86 10; 
ttag +87 1; 
ttag +88 6; 
ttag +89 1; 
ttag +90 8; 
ttag +91 5; 
ttag +92 8; 
ttag +93 5; 
ttag +94 4; 
tread
'Tree with tags' 
(0 ((1 ((2 3 )((((4 5 )(6 7 ))(10 (11 12 )))(8 9 ))))(((13 14 )((26 (27 (28 (29 30 ))))((31 ((32 33 )((34 35 )(36 (37 38 )))))(39 (40 (41 (42 (43 ((44 45 )(46 47 ))))))))))((15 16 )(17 ((18 19 )((20 21 )((22 23 )(24 25 ))))))))); 
ttag *!; 
ttag +0 ////; 
ttag +1 ////; 
ttag +2 ////; 
ttag +3 ////; 
ttag +4 ////; 
ttag +5 ////; 
ttag +6 ////; 
ttag +7 ////; 
ttag +8 ////; 
ttag +9 ////; 
ttag +10 ////; 
ttag +11 ////; 
ttag +12 ////; 
ttag +13 ////; 
ttag +14 ////; 
ttag +15 ////; 
ttag +16 ////; 
ttag +17 ////; 
ttag +18 ////; 
ttag +19 ////; 
ttag +20 ////; 
ttag +21 ////; 
ttag +22 ////; 
ttag +23 ////; 
ttag +24 ////; 
ttag +25 ////; 
ttag +26 ////; 
ttag +27 ////; 
ttag +28 ////; 
ttag +29 ////; 
ttag +30 ////; 
ttag +31 ////; 
ttag +32 ////; 
ttag +33 ////; 
ttag +34 ////; 
ttag +35 ////; 
ttag +36 ////; 
ttag +37 ////; 
ttag +38 ////; 
ttag +39 ////; 
ttag +40 ////; 
ttag +41 ////; 
ttag +42 ////; 
ttag +43 ////; 
ttag +44 ////; 
ttag +45 ////; 
ttag +46 ////; 
ttag +47 ////; 
ttag +48 ////; 
ttag +49 59/52/36/50/35; 
ttag +50 100/100/100/100/100; 
ttag +51 99/99/96/98/98; 
ttag +52 99/99/94/98/94; 
ttag +53 89/84/74/77/73; 
ttag +54 99/99/98/98/96; 
ttag +55 58/40/22/51/26; 
ttag +56 80/75/70/79/60; 
ttag +57 82/74/55/76/52; 
ttag +58 41/14/18/18/17; 
ttag +59 54/27/27/31/32; 
ttag +60 100/100/100/100/100; 
ttag +61 98/98/95/99/97; 
ttag +62 57/48/36/40/37; 
ttag +63 47/36/25/40/25; 
ttag +64 100/100/100/100/98; 
ttag +65 85/83/66/84/65; 
ttag +66 62/56/42/43/37; 
ttag +67 51/30/19/31/14; 
ttag +68 100/100/98/100/92; 
ttag +69 100/100/99/99/99; 
ttag +70 98/98/98/98/94; 
ttag +71 95/94/86/94/85; 
ttag +72 100/100/98/100/97; 
ttag +73 98/98/93/98/99; 
ttag +74 95/94/85/95/94; 
ttag +75 98/97/92/99/92; 
ttag +76 68/62/50/64/52; 
ttag +77 95/93/87/95/84; 
ttag +78 100/100/100/100/100; 
ttag +79 99/99/96/98/94; 
ttag +80 100/100/98/99/97; 
ttag +81 99/99/98/100/99; 
ttag +82 100/100/98/100/98; 
ttag +83 80/77/60/72/60; 
ttag +84 83/80/58/76/61; 
ttag +85 99/99/91/100/96; 
ttag +86 100/100/100/100/99; 
ttag +87 67/50/57/60/51; 
ttag +88 93/89/87/93/82; 
ttag +89 58/34/19/50/16; 
ttag +90 100/100/98/99/97; 
ttag +91 92/89/84/92/83; 
ttag +92 99/99/97/99/97; 
ttag +93 96/95/91/98/92; 
ttag +94 90/89/73/91/81; 
