tread
'Tree with tags' 
(0 (((1 ((26 (27 (28 (29 30 ))))((31 ((32 33 )((34 35 )(36 (37 38 )))))(39 ((40 41 )(42 (43 ((44 45 )(46 47 )))))))))((13 14 )((15 16 )(17 (19 (18 ((20 21 )((22 23 )(24 25 )))))))))((2 3 )((6 7 (4 5 ))(8 9 (10 (11 12 ))))))); 
ttag *!; 
ttag +49 1; 
ttag +50 2; 
ttag +51 ???; 
ttag +52 2; 
ttag +53 8; 
ttag +54 9; 
ttag +55 5; 
ttag +56 10; 
ttag +57 1; 
ttag +58 4; 
ttag +59 6; 
ttag +60 9; 
ttag +61 1; 
ttag +62 10; 
ttag +63 4; 
ttag +64 3; 
ttag +65 1; 
ttag +66 5; 
ttag +67 10; 
ttag +68 8; 
ttag +69 9; 
ttag +70 3; 
ttag +71 5; 
ttag +72 4; 
ttag +73 11; 
ttag +74 3; 
ttag +75 5; 
ttag +76 10; 
ttag +77 8; 
ttag +78 7; 
ttag +79 3; 
ttag +80 3; 
ttag +81 4; 
ttag +82 2; 
ttag +83 7; 
ttag +84 7; 
ttag +85 1; 
ttag +86 4; 
ttag +87 2; 
ttag +88 8; 
ttag +89 4; 
ttag +90 4; 
ttag +91 5; 
ttag +92 3; 
tread
'Tree with tags' 
(0 (((1 ((26 (27 (28 (29 30 ))))((31 ((32 33 )((34 35 )(36 (37 38 )))))(39 ((40 41 )(42 (43 ((44 45 )(46 47 )))))))))((13 14 )((15 16 )(17 (19 (18 ((20 21 )((22 23 )(24 25 )))))))))((2 3 )(((4 5 )(6 7 ))(8 (9 (10 (11 12 )))))))); 
ttag *!; 
ttag +0 ////; 
ttag +1 ////; 
ttag +2 ////; 
ttag +3 ////; 
ttag +4 ////; 
ttag +5 ////; 
ttag +6 ////; 
ttag +7 ////; 
ttag +8 ////; 
ttag +9 ////; 
ttag +10 ////; 
ttag +11 ////; 
ttag +12 ////; 
ttag +13 ////; 
ttag +14 ////; 
ttag +15 ////; 
ttag +16 ////; 
ttag +17 ////; 
ttag +18 ////; 
ttag +19 ////; 
ttag +20 ////; 
ttag +21 ////; 
ttag +22 ////; 
ttag +23 ////; 
ttag +24 ////; 
ttag +25 ////; 
ttag +26 ////; 
ttag +27 ////; 
ttag +28 ////; 
ttag +29 ////; 
ttag +30 ////; 
ttag +31 ////; 
ttag +32 ////; 
ttag +33 ////; 
ttag +34 ////; 
ttag +35 ////; 
ttag +36 ////; 
ttag +37 ////; 
ttag +38 ////; 
ttag +39 ////; 
ttag +40 ////; 
ttag +41 ////; 
ttag +42 ////; 
ttag +43 ////; 
ttag +44 ////; 
ttag +45 ////; 
ttag +46 ////; 
ttag +47 ////; 
ttag +48 ////; 
ttag +49 24/0/?/6/1; 
ttag +50 38/18/15/27/23; 
ttag +51 100/100/100/100/100; 
ttag +52 80/76/71/84/68; 
ttag +53 98/98/96/98/94; 
ttag +54 100/100/100/100/100; 
ttag +55 94/91/86/97/86; 
ttag +56 100/100/98/99/98; 
ttag +57 30/[6]/3/?/?; 
ttag +58 50/37/24/31/36; 
ttag +59 26/[10]/?/1/?; 
ttag +60 93/91/84/94/91; 
ttag +61 100/100/98/100/99; 
ttag +62 100/100/100/100/100; 
ttag +63 26/11/6/16/10; 
ttag +64 100/100/100/100/99; 
ttag +65 85/83/71/80/67; 
ttag +66 86/84/75/83/79; 
ttag +67 58/34/22/28/17; 
ttag +68 99/98/92/96/95; 
ttag +69 100/100/100/100/100; 
ttag +70 98/98/92/98/94; 
ttag +71 100/100/98/100/100; 
ttag +72 86/82/73/84/74; 
ttag +73 92/90/92/96/91; 
ttag +74 82/76/72/83/67; 
ttag +75 99/99/97/99/97; 
ttag +76 58/34/42/50/35; 
ttag +77 97/97/96/99/91; 
ttag +78 99/99/100/100/99; 
ttag +79 99/99/99/100/98; 
ttag +80 99/99/98/98/96; 
ttag +81 95/93/84/89/83; 
ttag +82 84/77/79/78/73; 
ttag +83 98/98/97/99/94; 
ttag +84 78/69/54/61/51; 
ttag +85 98/97/96/99/98; 
ttag +86 99/99/93/97/92; 
ttag +87 41/25/32/33/26; 
ttag +88 90/86/84/91/83; 
ttag +89 49/42/28/45/32; 
ttag +90 97/96/92/97/92; 
ttag +91 87/82/77/87/84; 
ttag +92 88/84/73/84/79; 
ttag +93 93/92/87/96/86; 
ttag +94 89/86/75/84/74; 
