tread
'Tree with tags' 
(0 ((1 ((13 14 )(17 (15 16 )(18 (19 ((20 21 )((22 23 )(24 25 ))))))((26 (27 (28 (29 30 ))))((39 (31 ((32 33 )((34 35 )(36 (37 38 ))))))((40 41 )(42 (43 ((44 45 )(46 47 )))))))))((2 3 )((9 (8 (7 (6 (4 5 )))))(10 (11 12 )))))); 
ttag *!; 
ttag +49 1; 
ttag +50 ???; 
ttag +51 6; 
ttag +52 11; 
ttag +53 1; 
ttag +54 1; 
ttag +55 11; 
ttag +56 1; 
ttag +57 1; 
ttag +58 2; 
ttag +59 8; 
ttag +60 6; 
ttag +61 6; 
ttag +62 1; 
ttag +63 13; 
ttag +64 1; 
ttag +65 2; 
ttag +66 4; 
ttag +67 2; 
ttag +68 5; 
ttag +69 8; 
ttag +70 3; 
ttag +71 8; 
ttag +72 6; 
ttag +73 6; 
ttag +74 1; 
ttag +75 3; 
ttag +76 5; 
ttag +77 7; 
ttag +78 1; 
ttag +79 7; 
ttag +80 2; 
ttag +81 5; 
ttag +82 6; 
ttag +83 1; 
ttag +84 7; 
ttag +85 7; 
ttag +86 2; 
ttag +87 7; 
ttag +88 6; 
ttag +89 3; 
ttag +90 5; 
ttag +91 5; 
ttag +92 2; 
tread
'Tree with tags' 
(0 ((1 ((13 14 )(((15 16 )(17 (18 (19 ((20 21 )((22 23 )(24 25 )))))))((26 (27 (28 (29 30 ))))((39 (31 ((32 33 )((34 35 )(36 (37 38 ))))))((40 41 )(42 (43 ((44 45 )(46 47 ))))))))))((2 3 )((9 (8 (7 (6 (4 5 )))))(10 (11 12 )))))); 
ttag *!; 
ttag +0 ////; 
ttag +1 ////; 
ttag +2 ////; 
ttag +3 ////; 
ttag +4 ////; 
ttag +5 ////; 
ttag +6 ////; 
ttag +7 ////; 
ttag +8 ////; 
ttag +9 ////; 
ttag +10 ////; 
ttag +11 ////; 
ttag +12 ////; 
ttag +13 ////; 
ttag +14 ////; 
ttag +15 ////; 
ttag +16 ////; 
ttag +17 ////; 
ttag +18 ////; 
ttag +19 ////; 
ttag +20 ////; 
ttag +21 ////; 
ttag +22 ////; 
ttag +23 ////; 
ttag +24 ////; 
ttag +25 ////; 
ttag +26 ////; 
ttag +27 ////; 
ttag +28 ////; 
ttag +29 ////; 
ttag +30 ////; 
ttag +31 ////; 
ttag +32 ////; 
ttag +33 ////; 
ttag +34 ////; 
ttag +35 ////; 
ttag +36 ////; 
ttag +37 ////; 
ttag +38 ////; 
ttag +39 ////; 
ttag +40 ////; 
ttag +41 ////; 
ttag +42 ////; 
ttag +43 ////; 
ttag +44 ////; 
ttag +45 ////; 
ttag +46 ////; 
ttag +47 ////; 
ttag +48 ////; 
ttag +49 36/26/12/20/15; 
ttag +50 100/100/100/100/100; 
ttag +51 98/98/96/97/96; 
ttag +52 98/98/98/99/99; 
ttag +53 50/30/18/17/14; 
ttag +54 29/10/?/2/?; 
ttag +55 100/100/98/100/99; 
ttag +56 40/26/17/22/18; 
ttag +57 42/25/24/30/29; 
ttag +58 65/52/38/55/44; 
ttag +59 100/100/94/100/96; 
ttag +60 100/100/95/97/92; 
ttag +61 99/99/99/99/99; 
ttag +62 57/49/29/40/28; 
ttag +63 100/100/100/100/100; 
ttag +64 46/20/19/22/24; 
ttag +65 33/23/20/15/14; 
ttag +66 20/[10]/?/?/?; 
ttag +67 69/66/53/60/52; 
ttag +68 81/78/66/82/68; 
ttag +69 87/87/86/84/83; 
ttag +70 87/83/70/85/78; 
ttag +71 99/99/99/100/100; 
ttag +72 74/63/49/74/57; 
ttag +73 98/97/98/99/97; 
ttag +74 95/93/89/98/94; 
ttag +75 95/94/90/94/85; 
ttag +76 52/38/33/36/32; 
ttag +77 84/80/75/82/74; 
ttag +78 94/90/85/89/88; 
ttag +79 98/97/90/98/95; 
ttag +80 58/45/37/46/33; 
ttag +81 100/100/98/99/98; 
ttag +82 77/64/60/62/66; 
ttag +83 96/96/84/95/84; 
ttag +84 98/97/89/98/88; 
ttag +85 46/27/20/25/29; 
ttag +86 100/100/97/100/99; 
ttag +87 99/99/97/99/96; 
ttag +88 66/54/49/64/52; 
ttag +89 99/99/98/99/97; 
ttag +90 97/96/93/98/97; 
ttag +91 79/74/66/73/62; 
ttag +92 95/94/86/93/88; 
ttag +93 93/93/87/95/86; 
ttag +94 74/65/54/67/50; 
