tread
'Tree with tags' 
(0 (1 (((2 3 )((8 (9 ((4 5 )(6 7 ))))(10 (11 12 ))))((13 14 )((15 16 )(17 (18 (19 ((20 21 )((22 23 )(24 25 )))))))((26 (27 (28 (29 30 ))))(39 (31 (((32 33 )(36 (37 38 )))(34 35 )))((40 41 )(42 (43 ((44 45 )(46 47 ))))))))))); 
ttag *!; 
ttag +49 ???; 
ttag +50 9; 
ttag +51 6; 
ttag +52 1; 
ttag +53 6; 
ttag +54 9; 
ttag +55 3; 
ttag +56 4; 
ttag +57 3; 
ttag +58 6; 
ttag +59 6; 
ttag +60 12; 
ttag +61 7; 
ttag +62 2; 
ttag +63 9; 
ttag +64 7; 
ttag +65 1; 
ttag +66 7; 
ttag +67 1; 
ttag +68 8; 
ttag +69 11; 
ttag +70 3; 
ttag +71 3; 
ttag +72 1; 
ttag +73 4; 
ttag +74 10; 
ttag +75 4; 
ttag +76 3; 
ttag +77 13; 
ttag +78 4; 
ttag +79 4; 
ttag +80 10; 
ttag +81 4; 
ttag +82 3; 
ttag +83 5; 
ttag +84 8; 
ttag +85 7; 
ttag +86 1; 
ttag +87 1; 
ttag +88 5; 
ttag +89 1; 
ttag +90 6; 
ttag +91 6; 
ttag +92 3; 
tread
'Tree with tags' 
(0 (1 (((2 3 )((8 (9 ((4 5 )(6 7 ))))(10 (11 12 ))))(((13 14 )((26 (27 (28 (29 30 ))))((39 (31 (((32 33 )(36 (37 38 )))(34 35 ))))((40 41 )(42 (43 ((44 45 )(46 47 ))))))))((15 16 )(17 (18 (19 ((20 21 )((22 23 )(24 25 ))))))))))); 
ttag *!; 
ttag +0 ////; 
ttag +1 ////; 
ttag +2 ////; 
ttag +3 ////; 
ttag +4 ////; 
ttag +5 ////; 
ttag +6 ////; 
ttag +7 ////; 
ttag +8 ////; 
ttag +9 ////; 
ttag +10 ////; 
ttag +11 ////; 
ttag +12 ////; 
ttag +13 ////; 
ttag +14 ////; 
ttag +15 ////; 
ttag +16 ////; 
ttag +17 ////; 
ttag +18 ////; 
ttag +19 ////; 
ttag +20 ////; 
ttag +21 ////; 
ttag +22 ////; 
ttag +23 ////; 
ttag +24 ////; 
ttag +25 ////; 
ttag +26 ////; 
ttag +27 ////; 
ttag +28 ////; 
ttag +29 ////; 
ttag +30 ////; 
ttag +31 ////; 
ttag +32 ////; 
ttag +33 ////; 
ttag +34 ////; 
ttag +35 ////; 
ttag +36 ////; 
ttag +37 ////; 
ttag +38 ////; 
ttag +39 ////; 
ttag +40 ////; 
ttag +41 ////; 
ttag +42 ////; 
ttag +43 ////; 
ttag +44 ////; 
ttag +45 ////; 
ttag +46 ////; 
ttag +47 ////; 
ttag +48 ////; 
ttag +49 100/100/100/100/100; 
ttag +50 99/98/98/99/100; 
ttag +51 96/93/89/94/88; 
ttag +52 48/33/27/41/22; 
ttag +53 99/99/96/99/99; 
ttag +54 99/99/100/100/97; 
ttag +55 78/68/48/69/48; 
ttag +56 78/75/58/75/53; 
ttag +57 76/70/56/69/48; 
ttag +58 95/94/83/89/77; 
ttag +59 90/88/79/88/75; 
ttag +60 100/100/99/100/100; 
ttag +61 98/98/94/99/96; 
ttag +62 29/[18]/?/?/?; 
ttag +63 63/45/42/57/42; 
ttag +64 100/100/98/100/97; 
ttag +65 98/98/96/99/97; 
ttag +66 72/64/51/63/47; 
ttag +67 99/99/98/97/97; 
ttag +68 52/38/36/43/27; 
ttag +69 100/100/99/100/100; 
ttag +70 100/100/100/100/99; 
ttag +71 91/88/77/82/72; 
ttag +72 83/80/73/80/73; 
ttag +73 60/43/38/42/39; 
ttag +74 93/92/79/85/77; 
ttag +75 100/100/97/100/98; 
ttag +76 82/76/64/75/64; 
ttag +77 84/80/64/77/64; 
ttag +78 100/100/100/100/100; 
ttag +79 95/94/88/94/85; 
ttag +80 22/[1]/11/6/0; 
ttag +81 82/76/60/74/67; 
ttag +82 100/100/100/100/99; 
ttag +83 85/82/79/91/76; 
ttag +84 85/80/73/83/78; 
ttag +85 98/98/95/96/95; 
ttag +86 99/99/96/99/97; 
ttag +87 100/100/100/100/99; 
ttag +88 64/42/46/37/31; 
ttag +89 63/54/40/49/51; 
ttag +90 98/96/88/96/88; 
ttag +91 38/17/3/12/3; 
ttag +92 98/97/94/100/95; 
ttag +93 96/95/93/98/94; 
ttag +94 86/79/76/73/73; 
