tread
'Tree with tags' 
(0 (1 ((2 3 )(((4 5 )(6 7 ))((8 9 )(10 (11 12 )))))((13 14 )(17 (15 16 )((18 19 )((20 21 )((22 23 )(24 25 )))))((26 (27 (28 (29 30 ))))(39 (31 (34 35 (32 33 )(36 (37 38 ))))(40 41 (42 (43 (46 47 (44 45 )))))))))); 
ttag *!; 
ttag +49 ???; 
ttag +50 4; 
ttag +51 7; 
ttag +52 1; 
ttag +53 9; 
ttag +54 7; 
ttag +55 3; 
ttag +56 4; 
ttag +57 5; 
ttag +58 2; 
ttag +59 11; 
ttag +60 11; 
ttag +61 1; 
ttag +62 9; 
ttag +63 4; 
ttag +64 1; 
ttag +65 3; 
ttag +66 7; 
ttag +67 2; 
ttag +68 11; 
ttag +69 4; 
ttag +70 3; 
ttag +71 11; 
ttag +72 7; 
ttag +73 5; 
ttag +74 6; 
ttag +75 7; 
ttag +76 5; 
ttag +77 2; 
ttag +78 6; 
ttag +79 3; 
ttag +80 10; 
ttag +81 11; 
ttag +82 6; 
ttag +83 9; 
ttag +84 3; 
ttag +85 11; 
ttag +86 3; 
tread
'Tree with tags' 
(0 ((1 (((13 14 )(17 ((15 16 )((18 19 )((20 21 )((22 23 )(24 25 )))))))((26 (27 (28 (29 30 ))))((39 (31 (((32 33 )(36 (37 38 )))(34 35 ))))(41 (40 (42 (43 (47 (46 (44 45 )))))))))))((2 3 )(((4 5 )(6 7 ))((8 9 )(10 (11 12 ))))))); 
ttag *!; 
ttag +0 ////; 
ttag +1 ////; 
ttag +2 ////; 
ttag +3 ////; 
ttag +4 ////; 
ttag +5 ////; 
ttag +6 ////; 
ttag +7 ////; 
ttag +8 ////; 
ttag +9 ////; 
ttag +10 ////; 
ttag +11 ////; 
ttag +12 ////; 
ttag +13 ////; 
ttag +14 ////; 
ttag +15 ////; 
ttag +16 ////; 
ttag +17 ////; 
ttag +18 ////; 
ttag +19 ////; 
ttag +20 ////; 
ttag +21 ////; 
ttag +22 ////; 
ttag +23 ////; 
ttag +24 ////; 
ttag +25 ////; 
ttag +26 ////; 
ttag +27 ////; 
ttag +28 ////; 
ttag +29 ////; 
ttag +30 ////; 
ttag +31 ////; 
ttag +32 ////; 
ttag +33 ////; 
ttag +34 ////; 
ttag +35 ////; 
ttag +36 ////; 
ttag +37 ////; 
ttag +38 ////; 
ttag +39 ////; 
ttag +40 ////; 
ttag +41 ////; 
ttag +42 ////; 
ttag +43 ////; 
ttag +44 ////; 
ttag +45 ////; 
ttag +46 ////; 
ttag +47 ////; 
ttag +48 ////; 
ttag +49 30/6/3/9/8; 
ttag +50 100/100/100/100/100; 
ttag +51 92/90/77/93/80; 
ttag +52 98/98/92/97/97; 
ttag +53 73/62/58/60/55; 
ttag +54 100/100/98/100/99; 
ttag +55 99/99/96/97/98; 
ttag +56 97/97/93/94/92; 
ttag +57 94/92/88/91/91; 
ttag +58 93/90/84/88/86; 
ttag +59 70/54/42/54/47; 
ttag +60 100/100/100/100/100; 
ttag +61 100/100/100/100/100; 
ttag +62 16/[6]/7/8/9; 
ttag +63 28/4/12/13/16; 
ttag +64 100/100/100/100/100; 
ttag +65 48/24/10/32/19; 
ttag +66 92/90/84/93/83; 
ttag +67 52/42/36/48/35; 
ttag +68 87/81/76/88/78; 
ttag +69 99/99/99/99/99; 
ttag +70 82/80/71/79/72; 
ttag +71 100/100/100/100/100; 
ttag +72 98/98/95/96/94; 
ttag +73 88/84/66/78/74; 
ttag +74 99/99/99/99/99; 
ttag +75 96/95/82/94/86; 
ttag +76 96/96/82/98/94; 
ttag +77 99/98/94/100/96; 
ttag +78 99/99/99/99/98; 
ttag +79 96/95/89/96/87; 
ttag +80 38/5/0/1/12; 
ttag +81 84/82/65/82/71; 
ttag +82 100/100/96/99/98; 
ttag +83 22/[10]/?/?/?; 
ttag +84 84/76/64/77/67; 
ttag +85 44/25/32/26/33; 
ttag +86 99/99/96/99/98; 
ttag +87 100/100/100/100/100; 
ttag +88 36/7/10/0/9; 
ttag +89 96/95/86/96/86; 
ttag +90 100/100/100/100/100; 
ttag +91 91/88/80/88/78; 
ttag +92 100/100/100/100/100; 
ttag +93 47/33/14/27/17; 
ttag +94 78/68/59/76/65; 
