tread
'Tree with tags' 
(0 ((1 ((15 16 )(17 (19 (18 ((20 21 )((22 23 )(24 25 ))))))))((((2 3 )(9 (6 7 (4 5 ))(8 (10 (11 12 )))))(13 14 ))((26 (27 (28 (29 30 ))))(39 (31 ((32 33 )(34 35 )(36 (37 38 ))))((40 41 )(42 (43 (47 (46 (44 45 ))))))))))); 
ttag *!; 
ttag +49 1; 
ttag +50 ???; 
ttag +51 1; 
ttag +52 10; 
ttag +53 1; 
ttag +54 2; 
ttag +55 8; 
ttag +56 5; 
ttag +57 4; 
ttag +58 1; 
ttag +59 1; 
ttag +60 4; 
ttag +61 7; 
ttag +62 10; 
ttag +63 7; 
ttag +64 1; 
ttag +65 1; 
ttag +66 2; 
ttag +67 15; 
ttag +68 7; 
ttag +69 8; 
ttag +70 2; 
ttag +71 8; 
ttag +72 4; 
ttag +73 1; 
ttag +74 1; 
ttag +75 1; 
ttag +76 3; 
ttag +77 8; 
ttag +78 6; 
ttag +79 7; 
ttag +80 5; 
ttag +81 3; 
ttag +82 9; 
ttag +83 5; 
ttag +84 5; 
ttag +85 5; 
ttag +86 5; 
ttag +87 5; 
ttag +88 5; 
ttag +89 2; 
ttag +90 11; 
tread
'Tree with tags' 
(0 ((1 ((15 16 )(17 (19 (18 ((20 21 )((22 23 )(24 25 ))))))))((((2 3 )(9 (((4 5 )(6 7 ))(8 (10 (11 12 ))))))(13 14 ))((26 (27 (28 (29 30 ))))((39 (31 (((32 33 )(36 (37 38 )))(34 35 ))))((40 41 )(42 (43 (47 (46 (44 45 ))))))))))); 
ttag *!; 
ttag +0 ////; 
ttag +1 ////; 
ttag +2 ////; 
ttag +3 ////; 
ttag +4 ////; 
ttag +5 ////; 
ttag +6 ////; 
ttag +7 ////; 
ttag +8 ////; 
ttag +9 ////; 
ttag +10 ////; 
ttag +11 ////; 
ttag +12 ////; 
ttag +13 ////; 
ttag +14 ////; 
ttag +15 ////; 
ttag +16 ////; 
ttag +17 ////; 
ttag +18 ////; 
ttag +19 ////; 
ttag +20 ////; 
ttag +21 ////; 
ttag +22 ////; 
ttag +23 ////; 
ttag +24 ////; 
ttag +25 ////; 
ttag +26 ////; 
ttag +27 ////; 
ttag +28 ////; 
ttag +29 ////; 
ttag +30 ////; 
ttag +31 ////; 
ttag +32 ////; 
ttag +33 ////; 
ttag +34 ////; 
ttag +35 ////; 
ttag +36 ////; 
ttag +37 ////; 
ttag +38 ////; 
ttag +39 ////; 
ttag +40 ////; 
ttag +41 ////; 
ttag +42 ////; 
ttag +43 ////; 
ttag +44 ////; 
ttag +45 ////; 
ttag +46 ////; 
ttag +47 ////; 
ttag +48 ////; 
ttag +49 16/[11]/?/?/?; 
ttag +50 100/100/100/100/100; 
ttag +51 73/61/50/64/55; 
ttag +52 100/100/97/100/99; 
ttag +53 14/[22]/?/?/?; 
ttag +54 50/44/26/52/26; 
ttag +55 100/100/97/99/96; 
ttag +56 98/97/93/96/87; 
ttag +57 34/7/?/?/3; 
ttag +58 94/91/89/92/83; 
ttag +59 47/29/16/16/24; 
ttag +60 26/3/3/8/?; 
ttag +61 64/41/50/54/46; 
ttag +62 99/99/97/96/98; 
ttag +63 100/100/100/100/100; 
ttag +64 99/99/99/100/98; 
ttag +65 95/94/88/88/87; 
ttag +66 36/6/0/4/1; 
ttag +67 44/29/30/30/35; 
ttag +68 72/69/60/75/60; 
ttag +69 100/100/100/100/100; 
ttag +70 99/99/96/99/94; 
ttag +71 100/100/100/100/98; 
ttag +72 87/82/75/82/71; 
ttag +73 100/100/100/100/100; 
ttag +74 96/95/95/96/90; 
ttag +75 87/80/77/81/76; 
ttag +76 47/8/4/16/7; 
ttag +77 74/60/54/62/65; 
ttag +78 94/91/94/93/92; 
ttag +79 100/100/98/99/97; 
ttag +80 45/18/16/16/8; 
ttag +81 97/96/94/99/93; 
ttag +82 99/99/99/99/97; 
ttag +83 42/4/12/11/?; 
ttag +84 98/98/88/95/90; 
ttag +85 86/82/77/81/72; 
ttag +86 100/100/100/100/99; 
ttag +87 95/94/92/96/90; 
ttag +88 96/96/89/96/92; 
ttag +89 98/97/89/98/90; 
ttag +90 98/97/90/98/94; 
ttag +91 95/94/87/98/89; 
ttag +92 97/96/83/96/86; 
ttag +93 85/78/66/80/69; 
ttag +94 100/100/98/99/99; 
