tread
'Tree with tags' 
(0 (((1 ((26 (27 (28 (29 30 ))))((31 ((32 33 )((34 35 )(36 (37 38 )))))(39 ((40 41 )(42 (43 (47 (46 (44 45 ))))))))))((13 14 )((15 16 )(17 (18 (19 ((20 21 )((22 23 )(24 25 )))))))))((2 3 )((7 (6 (4 5 )))(8 9 )(10 (11 12 )))))); 
ttag *!; 
ttag +49 2; 
ttag +50 1; 
ttag +51 ???; 
ttag +52 3; 
ttag +53 6; 
ttag +54 3; 
ttag +55 1; 
ttag +56 9; 
ttag +57 1; 
ttag +58 3; 
ttag +59 5; 
ttag +60 11; 
ttag +61 9; 
ttag +62 1; 
ttag +63 10; 
ttag +64 3; 
ttag +65 1; 
ttag +66 5; 
ttag +67 3; 
ttag +68 16; 
ttag +69 5; 
ttag +70 5; 
ttag +71 7; 
ttag +72 3; 
ttag +73 7; 
ttag +74 6; 
ttag +75 3; 
ttag +76 5; 
ttag +77 11; 
ttag +78 5; 
ttag +79 1; 
ttag +80 6; 
ttag +81 2; 
ttag +82 2; 
ttag +83 3; 
ttag +84 8; 
ttag +85 8; 
ttag +86 3; 
ttag +87 5; 
ttag +88 6; 
ttag +89 5; 
ttag +90 6; 
ttag +91 7; 
ttag +92 1; 
ttag +93 5; 
tread
'Tree with tags' 
(0 (((1 ((26 (27 (28 (29 30 ))))((31 ((32 33 )((34 35 )(36 (37 38 )))))(39 ((40 41 )(42 (43 (47 (46 (44 45 ))))))))))((13 14 )((15 16 )(17 (18 (19 ((20 21 )((22 23 )(24 25 )))))))))((2 3 )((7 (6 (4 5 )))((8 9 )(10 (11 12 ))))))); 
ttag *!; 
ttag +0 ////; 
ttag +1 ////; 
ttag +2 ////; 
ttag +3 ////; 
ttag +4 ////; 
ttag +5 ////; 
ttag +6 ////; 
ttag +7 ////; 
ttag +8 ////; 
ttag +9 ////; 
ttag +10 ////; 
ttag +11 ////; 
ttag +12 ////; 
ttag +13 ////; 
ttag +14 ////; 
ttag +15 ////; 
ttag +16 ////; 
ttag +17 ////; 
ttag +18 ////; 
ttag +19 ////; 
ttag +20 ////; 
ttag +21 ////; 
ttag +22 ////; 
ttag +23 ////; 
ttag +24 ////; 
ttag +25 ////; 
ttag +26 ////; 
ttag +27 ////; 
ttag +28 ////; 
ttag +29 ////; 
ttag +30 ////; 
ttag +31 ////; 
ttag +32 ////; 
ttag +33 ////; 
ttag +34 ////; 
ttag +35 ////; 
ttag +36 ////; 
ttag +37 ////; 
ttag +38 ////; 
ttag +39 ////; 
ttag +40 ////; 
ttag +41 ////; 
ttag +42 ////; 
ttag +43 ////; 
ttag +44 ////; 
ttag +45 ////; 
ttag +46 ////; 
ttag +47 ////; 
ttag +48 ////; 
ttag +49 57/52/35/42/33; 
ttag +50 27/[3]/15/6/8; 
ttag +51 100/100/100/100/100; 
ttag +52 86/82/86/88/83; 
ttag +53 98/98/96/100/88; 
ttag +54 85/81/72/80/74; 
ttag +55 56/46/45/48/40; 
ttag +56 100/100/99/99/95; 
ttag +57 54/25/42/44/38; 
ttag +58 92/91/85/87/82; 
ttag +59 37/12/8/6/16; 
ttag +60 99/99/92/96/96; 
ttag +61 100/100/100/100/100; 
ttag +62 100/100/100/100/100; 
ttag +63 12/[21]/?/?/?; 
ttag +64 100/100/100/100/100; 
ttag +65 81/77/61/84/61; 
ttag +66 64/48/42/46/46; 
ttag +67 94/93/86/96/86; 
ttag +68 90/88/78/93/77; 
ttag +69 100/100/100/100/100; 
ttag +70 96/96/92/99/92; 
ttag +71 96/96/93/97/95; 
ttag +72 98/97/97/99/96; 
ttag +73 86/81/64/84/81; 
ttag +74 94/94/90/97/92; 
ttag +75 96/94/86/96/89; 
ttag +76 92/91/82/91/78; 
ttag +77 97/96/89/95/90; 
ttag +78 100/100/100/100/100; 
ttag +79 98/97/94/98/92; 
ttag +80 42/30/27/27/20; 
ttag +81 99/99/97/98/96; 
ttag +82 74/64/45/72/52; 
ttag +83 78/72/57/75/62; 
ttag +84 90/87/82/88/82; 
ttag +85 100/100/100/100/98; 
ttag +86 100/100/98/100/97; 
ttag +87 83/81/68/85/74; 
ttag +88 95/94/89/96/90; 
ttag +89 93/91/82/92/84; 
ttag +90 98/98/95/98/96; 
ttag +91 98/98/98/99/96; 
ttag +92 100/100/98/99/98; 
ttag +93 47/38/36/47/26; 
ttag +94 98/98/95/97/95; 
