tread
'Tree with tags' 
(0 ((1 (13 14 ))(((2 3 )(8 9 ((4 5 )(6 7 ))(10 (11 12 ))))((15 16 )(17 (18 (19 ((20 21 )((22 23 )(24 25 ))))))))((26 (27 (28 (29 30 ))))(39 (31 ((32 33 )(34 35 )(36 (37 38 ))))(40 41 (42 (43 ((44 45 )(46 47 ))))))))); 
ttag *!; 
ttag +49 1; 
ttag +50 ???; 
ttag +51 7; 
ttag +52 9; 
ttag +53 1; 
ttag +54 4; 
ttag +55 10; 
ttag +56 3; 
ttag +57 1; 
ttag +58 6; 
ttag +59 7; 
ttag +60 11; 
ttag +61 12; 
ttag +62 9; 
ttag +63 3; 
ttag +64 6; 
ttag +65 4; 
ttag +66 7; 
ttag +67 8; 
ttag +68 9; 
ttag +69 4; 
ttag +70 5; 
ttag +71 9; 
ttag +72 3; 
ttag +73 1; 
ttag +74 4; 
ttag +75 8; 
ttag +76 1; 
ttag +77 7; 
ttag +78 2; 
ttag +79 4; 
ttag +80 7; 
ttag +81 13; 
ttag +82 4; 
ttag +83 9; 
ttag +84 1; 
ttag +85 4; 
ttag +86 6; 
ttag +87 1; 
ttag +88 5; 
tread
'Tree with tags' 
(0 (((1 (13 14 ))(((2 3 )((((4 5 )(6 7 ))(10 (11 12 )))(8 9 )))((15 16 )(17 (18 (19 ((20 21 )((22 23 )(24 25 )))))))))((26 (27 (28 (29 30 ))))((31 ((32 33 )((34 35 )(36 (37 38 )))))(39 ((40 41 )(42 (43 ((44 45 )(46 47 )))))))))); 
ttag *!; 
ttag +0 ////; 
ttag +1 ////; 
ttag +2 ////; 
ttag +3 ////; 
ttag +4 ////; 
ttag +5 ////; 
ttag +6 ////; 
ttag +7 ////; 
ttag +8 ////; 
ttag +9 ////; 
ttag +10 ////; 
ttag +11 ////; 
ttag +12 ////; 
ttag +13 ////; 
ttag +14 ////; 
ttag +15 ////; 
ttag +16 ////; 
ttag +17 ////; 
ttag +18 ////; 
ttag +19 ////; 
ttag +20 ////; 
ttag +21 ////; 
ttag +22 ////; 
ttag +23 ////; 
ttag +24 ////; 
ttag +25 ////; 
ttag +26 ////; 
ttag +27 ////; 
ttag +28 ////; 
ttag +29 ////; 
ttag +30 ////; 
ttag +31 ////; 
ttag +32 ////; 
ttag +33 ////; 
ttag +34 ////; 
ttag +35 ////; 
ttag +36 ////; 
ttag +37 ////; 
ttag +38 ////; 
ttag +39 ////; 
ttag +40 ////; 
ttag +41 ////; 
ttag +42 ////; 
ttag +43 ////; 
ttag +44 ////; 
ttag +45 ////; 
ttag +46 ////; 
ttag +47 ////; 
ttag +48 ////; 
ttag +49 49/31/16/25/15; 
ttag +50 15/3/0/4/?; 
ttag +51 100/100/100/100/100; 
ttag +52 99/99/97/98/98; 
ttag +53 99/99/96/99/97; 
ttag +54 32/14/3/18/5; 
ttag +55 95/92/88/92/90; 
ttag +56 100/100/100/100/100; 
ttag +57 42/22/12/17/11; 
ttag +58 83/82/70/80/66; 
ttag +59 55/23/30/25/19; 
ttag +60 17/[3]/?/?/?; 
ttag +61 98/97/92/96/90; 
ttag +62 99/98/96/100/98; 
ttag +63 100/100/100/100/100; 
ttag +64 100/100/99/100/100; 
ttag +65 99/99/98/100/96; 
ttag +66 89/88/83/89/82; 
ttag +67 98/98/96/99/96; 
ttag +68 97/96/89/92/89; 
ttag +69 100/100/100/100/99; 
ttag +70 99/99/100/99/100; 
ttag +71 99/99/99/100/100; 
ttag +72 92/89/85/88/86; 
ttag +73 98/98/93/97/89; 
ttag +74 99/99/98/99/98; 
ttag +75 66/55/48/66/43; 
ttag +76 66/58/43/55/56; 
ttag +77 95/95/88/94/84; 
ttag +78 100/100/100/100/99; 
ttag +79 76/63/58/65/62; 
ttag +80 97/96/93/98/92; 
ttag +81 85/82/78/76/63; 
ttag +82 88/85/85/87/75; 
ttag +83 99/99/99/100/98; 
ttag +84 15/[22]/?/?/?; 
ttag +85 100/100/100/100/100; 
ttag +86 94/91/83/93/90; 
ttag +87 32/9/10/?/6; 
ttag +88 35/0/?/?/?; 
ttag +89 100/100/98/100/98; 
ttag +90 55/44/36/46/38; 
ttag +91 78/73/68/79/63; 
ttag +92 95/94/94/97/92; 
ttag +93 52/37/29/47/30; 
ttag +94 96/95/92/97/92; 
