tread
'Tree with tags' 
(0 (1 ((2 3 )(((4 5 )(6 7 ))((8 9 )(10 (11 12 )))))(13 14 )((17 (15 16 ))(18 (19 ((20 21 )((22 23 )(24 25 ))))))(26 27 (28 (29 30 ))((31 ((32 33 )(34 35 )(36 (37 38 ))))(39 ((40 41 )(42 (43 ((44 45 )(46 47 )))))))))); 
ttag *!; 
ttag +49 ???; 
ttag +50 7; 
ttag +51 7; 
ttag +52 6; 
ttag +53 6; 
ttag +54 1; 
ttag +55 4; 
ttag +56 2; 
ttag +57 6; 
ttag +58 4; 
ttag +59 9; 
ttag +60 8; 
ttag +61 9; 
ttag +62 2; 
ttag +63 9; 
ttag +64 6; 
ttag +65 2; 
ttag +66 12; 
ttag +67 8; 
ttag +68 6; 
ttag +69 5; 
ttag +70 11; 
ttag +71 1; 
ttag +72 6; 
ttag +73 13; 
ttag +74 6; 
ttag +75 4; 
ttag +76 6; 
ttag +77 9; 
ttag +78 4; 
ttag +79 5; 
ttag +80 8; 
ttag +81 1; 
ttag +82 1; 
ttag +83 3; 
ttag +84 7; 
ttag +85 4; 
ttag +86 6; 
ttag +87 7; 
ttag +88 1; 
tread
'Tree with tags' 
(0 (1 ((((2 3 )(((4 5 )(6 7 ))((8 9 )(10 (11 12 )))))(13 14 ))(((17 (15 16 ))(18 (19 ((20 21 )((22 23 )(24 25 ))))))((26 (27 (28 (29 30 ))))((31 (((32 33 )(34 35 ))(36 (37 38 ))))(39 ((40 41 )(42 (43 ((44 45 )(46 47 )))))))))))); 
ttag *!; 
ttag +0 ////; 
ttag +1 ////; 
ttag +2 ////; 
ttag +3 ////; 
ttag +4 ////; 
ttag +5 ////; 
ttag +6 ////; 
ttag +7 ////; 
ttag +8 ////; 
ttag +9 ////; 
ttag +10 ////; 
ttag +11 ////; 
ttag +12 ////; 
ttag +13 ////; 
ttag +14 ////; 
ttag +15 ////; 
ttag +16 ////; 
ttag +17 ////; 
ttag +18 ////; 
ttag +19 ////; 
ttag +20 ////; 
ttag +21 ////; 
ttag +22 ////; 
ttag +23 ////; 
ttag +24 ////; 
ttag +25 ////; 
ttag +26 ////; 
ttag +27 ////; 
ttag +28 ////; 
ttag +29 ////; 
ttag +30 ////; 
ttag +31 ////; 
ttag +32 ////; 
ttag +33 ////; 
ttag +34 ////; 
ttag +35 ////; 
ttag +36 ////; 
ttag +37 ////; 
ttag +38 ////; 
ttag +39 ////; 
ttag +40 ////; 
ttag +41 ////; 
ttag +42 ////; 
ttag +43 ////; 
ttag +44 ////; 
ttag +45 ////; 
ttag +46 ////; 
ttag +47 ////; 
ttag +48 ////; 
ttag +49 100/100/100/100/100; 
ttag +50 99/99/98/99/99; 
ttag +51 100/100/98/99/98; 
ttag +52 14/[30]/?/?/?; 
ttag +53 59/54/46/42/38; 
ttag +54 98/98/94/98/94; 
ttag +55 99/99/96/99/97; 
ttag +56 72/63/51/69/43; 
ttag +57 92/90/85/94/79; 
ttag +58 73/68/63/70/72; 
ttag +59 98/98/92/97/92; 
ttag +60 92/90/86/91/78; 
ttag +61 100/100/98/100/100; 
ttag +62 100/100/99/100/100; 
ttag +63 99/99/98/99/96; 
ttag +64 68/58/58/62/43; 
ttag +65 99/99/98/100/98; 
ttag +66 15/[29]/?/?/?; 
ttag +67 96/96/92/96/90; 
ttag +68 77/73/57/69/63; 
ttag +69 100/100/100/100/100; 
ttag +70 98/98/92/98/91; 
ttag +71 100/100/98/99/97; 
ttag +72 93/91/76/84/72; 
ttag +73 100/100/98/99/100; 
ttag +74 47/19/25/42/12; 
ttag +75 72/65/58/73/60; 
ttag +76 24/[3]/6/18/?; 
ttag +77 97/96/93/98/89; 
ttag +78 100/100/98/100/100; 
ttag +79 99/98/93/98/94; 
ttag +80 94/93/84/92/84; 
ttag +81 100/100/96/99/97; 
ttag +82 18/[12]/?/?/?; 
ttag +83 99/99/99/100/99; 
ttag +84 93/91/82/93/80; 
ttag +85 99/99/99/97/95; 
ttag +86 99/99/100/100/98; 
ttag +87 67/62/55/66/60; 
ttag +88 67/52/39/42/34; 
ttag +89 94/93/88/93/85; 
ttag +90 99/99/98/99/96; 
ttag +91 98/98/90/97/92; 
ttag +92 97/96/96/98/91; 
ttag +93 99/99/98/99/97; 
ttag +94 58/41/31/44/32; 
