tread
'Tree with tags' 
(0 (1 ((2 3 )((6 7 (4 5 ))((8 9 )(10 (11 12 )))))(13 14 )(17 18 19 (15 16 )(20 21 )(24 25 (22 23 )))((26 (27 (28 (29 30 ))))((39 (31 ((32 33 )(34 35 )(36 (37 38 )))))((40 41 )(42 43 (46 47 (44 45 )))))))); 
ttag *!; 
ttag +49 ???; 
ttag +50 7; 
ttag +51 4; 
ttag +52 4; 
ttag +53 9; 
ttag +54 2; 
ttag +55 2; 
ttag +56 3; 
ttag +57 4; 
ttag +58 7; 
ttag +59 7; 
ttag +60 13; 
ttag +61 2; 
ttag +62 3; 
ttag +63 12; 
ttag +64 6; 
ttag +65 10; 
ttag +66 4; 
ttag +67 3; 
ttag +68 9; 
ttag +69 9; 
ttag +70 8; 
ttag +71 1; 
ttag +72 1; 
ttag +73 9; 
ttag +74 3; 
ttag +75 2; 
ttag +76 6; 
ttag +77 7; 
ttag +78 3; 
ttag +79 6; 
ttag +80 6; 
ttag +81 1; 
ttag +82 7; 
tread
'Tree with tags' 
(0 ((1 ((2 3 )((6 (7 (4 5 )))((8 9 )(10 (11 12 ))))))((13 14 )((17 (18 (19 (((15 16 )(24 (25 (22 23 ))))(20 21 )))))((26 (27 (28 (29 30 ))))((39 (31 ((32 33 )((34 35 )(36 (37 38 ))))))((40 41 )(43 (42 (47 (46 (44 45 )))))))))))); 
ttag *!; 
ttag +0 ////; 
ttag +1 ////; 
ttag +2 ////; 
ttag +3 ////; 
ttag +4 ////; 
ttag +5 ////; 
ttag +6 ////; 
ttag +7 ////; 
ttag +8 ////; 
ttag +9 ////; 
ttag +10 ////; 
ttag +11 ////; 
ttag +12 ////; 
ttag +13 ////; 
ttag +14 ////; 
ttag +15 ////; 
ttag +16 ////; 
ttag +17 ////; 
ttag +18 ////; 
ttag +19 ////; 
ttag +20 ////; 
ttag +21 ////; 
ttag +22 ////; 
ttag +23 ////; 
ttag +24 ////; 
ttag +25 ////; 
ttag +26 ////; 
ttag +27 ////; 
ttag +28 ////; 
ttag +29 ////; 
ttag +30 ////; 
ttag +31 ////; 
ttag +32 ////; 
ttag +33 ////; 
ttag +34 ////; 
ttag +35 ////; 
ttag +36 ////; 
ttag +37 ////; 
ttag +38 ////; 
ttag +39 ////; 
ttag +40 ////; 
ttag +41 ////; 
ttag +42 ////; 
ttag +43 ////; 
ttag +44 ////; 
ttag +45 ////; 
ttag +46 ////; 
ttag +47 ////; 
ttag +48 ////; 
ttag +49 25/16/21/12/24; 
ttag +50 100/100/100/100/100; 
ttag +51 99/99/100/100/99; 
ttag +52 92/90/84/89/82; 
ttag +53 82/77/66/82/70; 
ttag +54 19/[17]/?/?/?; 
ttag +55 100/100/99/100/99; 
ttag +56 84/81/72/76/66; 
ttag +57 72/64/65/62/54; 
ttag +58 79/76/66/72/60; 
ttag +59 88/87/79/89/81; 
ttag +60 100/100/100/100/100; 
ttag +61 99/98/99/100/98; 
ttag +62 28/16/9/15/17; 
ttag +63 100/100/100/100/100; 
ttag +64 27/[16]/?/?/?; 
ttag +65 50/19/19/19/21; 
ttag +66 30/5/10/?/3; 
ttag +67 15/[8]/?/?/?; 
ttag +68 96/95/88/96/92; 
ttag +69 22/0/?/4/2; 
ttag +70 96/95/89/98/90; 
ttag +71 100/100/100/100/100; 
ttag +72 45/17/14/19/21; 
ttag +73 98/98/92/100/96; 
ttag +74 100/100/100/99/100; 
ttag +75 92/89/76/93/83; 
ttag +76 84/75/72/80/79; 
ttag +77 100/100/99/100/100; 
ttag +78 100/100/100/99/99; 
ttag +79 100/100/100/100/98; 
ttag +80 73/68/54/58/60; 
ttag +81 76/64/76/70/58; 
ttag +82 100/100/99/100/100; 
ttag +83 96/94/91/93/86; 
ttag +84 81/76/69/73/71; 
ttag +85 32/[1]/?/?/?; 
ttag +86 99/99/96/99/96; 
ttag +87 100/100/100/100/98; 
ttag +88 90/87/75/87/78; 
ttag +89 98/98/95/98/94; 
ttag +90 40/0/?/?/?; 
ttag +91 97/96/97/99/98; 
ttag +92 75/60/61/52/53; 
ttag +93 26/[10]/?/?/?; 
ttag +94 98/98/97/98/97; 
