tread
'Tree with tags' 
(0 (1 (((2 3 )((7 (6 (4 5 )))(8 (9 (10 (11 12 ))))))((13 14 )(((15 16 )(17 (19 (18 ((20 21 )((22 23 )(24 25 )))))))((26 (27 (28 (29 30 ))))((39 (31 ((32 33 )((34 35 )(36 (37 38 ))))))((40 41 )(42 (43 ((44 45 )(46 47 )))))))))))); 
ttag *!; 
ttag +49 ???; 
ttag +50 11; 
ttag +51 3; 
ttag +52 1; 
ttag +53 13; 
ttag +54 2; 
ttag +55 6; 
ttag +56 3; 
ttag +57 2; 
ttag +58 1; 
ttag +59 5; 
ttag +60 10; 
ttag +61 9; 
ttag +62 3; 
ttag +63 12; 
ttag +64 3; 
ttag +65 2; 
ttag +66 2; 
ttag +67 1; 
ttag +68 3; 
ttag +69 5; 
ttag +70 4; 
ttag +71 10; 
ttag +72 2; 
ttag +73 10; 
ttag +74 5; 
ttag +75 4; 
ttag +76 2; 
ttag +77 8; 
ttag +78 9; 
ttag +79 5; 
ttag +80 2; 
ttag +81 7; 
ttag +82 5; 
ttag +83 9; 
ttag +84 2; 
ttag +85 1; 
ttag +86 9; 
ttag +87 9; 
ttag +88 5; 
ttag +89 7; 
ttag +90 5; 
ttag +91 6; 
ttag +92 8; 
ttag +93 5; 
ttag +94 1; 
tread
'Tree with tags' 
(0 (1 (((2 3 )((7 (6 (4 5 )))(8 (9 (10 (11 12 ))))))((13 14 )(((15 16 )(17 (19 (18 ((20 21 )((22 23 )(24 25 )))))))((26 (27 (28 (29 30 ))))((39 (31 ((32 33 )((34 35 )(36 (37 38 ))))))((40 41 )(42 (43 ((44 45 )(46 47 )))))))))))); 
ttag *!; 
ttag +0 ////; 
ttag +1 ////; 
ttag +2 ////; 
ttag +3 ////; 
ttag +4 ////; 
ttag +5 ////; 
ttag +6 ////; 
ttag +7 ////; 
ttag +8 ////; 
ttag +9 ////; 
ttag +10 ////; 
ttag +11 ////; 
ttag +12 ////; 
ttag +13 ////; 
ttag +14 ////; 
ttag +15 ////; 
ttag +16 ////; 
ttag +17 ////; 
ttag +18 ////; 
ttag +19 ////; 
ttag +20 ////; 
ttag +21 ////; 
ttag +22 ////; 
ttag +23 ////; 
ttag +24 ////; 
ttag +25 ////; 
ttag +26 ////; 
ttag +27 ////; 
ttag +28 ////; 
ttag +29 ////; 
ttag +30 ////; 
ttag +31 ////; 
ttag +32 ////; 
ttag +33 ////; 
ttag +34 ////; 
ttag +35 ////; 
ttag +36 ////; 
ttag +37 ////; 
ttag +38 ////; 
ttag +39 ////; 
ttag +40 ////; 
ttag +41 ////; 
ttag +42 ////; 
ttag +43 ////; 
ttag +44 ////; 
ttag +45 ////; 
ttag +46 ////; 
ttag +47 ////; 
ttag +48 ////; 
ttag +49 100/100/100/100/100; 
ttag +50 100/100/100/99/99; 
ttag +51 79/69/54/70/60; 
ttag +52 31/16/9/24/17; 
ttag +53 100/100/100/100/100; 
ttag +54 66/51/36/49/36; 
ttag +55 98/98/93/98/95; 
ttag +56 72/56/32/60/44; 
ttag +57 38/18/?/29/12; 
ttag +58 25/4/?/16/2; 
ttag +59 86/80/80/88/81; 
ttag +60 99/99/99/99/99; 
ttag +61 99/99/99/100/99; 
ttag +62 82/80/67/83/66; 
ttag +63 100/100/99/100/99; 
ttag +64 58/52/37/53/43; 
ttag +65 45/36/28/42/29; 
ttag +66 49/36/30/36/22; 
ttag +67 28/5/4/13/3; 
ttag +68 79/73/58/75/65; 
ttag +69 93/92/91/94/86; 
ttag +70 84/80/64/80/66; 
ttag +71 100/100/100/100/99; 
ttag +72 68/48/34/43/32; 
ttag +73 100/100/99/99/98; 
ttag +74 95/94/84/94/84; 
ttag +75 72/65/62/75/62; 
ttag +76 75/63/51/72/58; 
ttag +77 100/100/97/100/96; 
ttag +78 100/100/99/100/100; 
ttag +79 81/74/68/82/63; 
ttag +80 61/40/24/54/22; 
ttag +81 99/99/95/100/96; 
ttag +82 97/97/91/97/96; 
ttag +83 96/95/94/98/95; 
ttag +84 81/76/68/72/66; 
ttag +85 64/52/36/59/44; 
ttag +86 99/98/98/100/99; 
ttag +87 99/99/100/100/99; 
ttag +88 97/95/90/97/90; 
ttag +89 98/98/93/99/95; 
ttag +90 98/98/90/97/90; 
ttag +91 98/97/90/99/92; 
ttag +92 100/100/99/100/99; 
ttag +93 93/91/94/92/90; 
ttag +94 53/43/36/45/39; 
