tread
'Tree with tags' 
(0 (1 (((2 3 )(((4 5 )(6 7 ))(8 9 (10 (11 12 )))))((17 (15 16 ))((18 19 )((20 21 )((22 23 )(24 25 ))))))((13 14 )((26 27 (28 (29 30 )))((31 ((32 33 )((34 35 )(36 (37 38 )))))(39 ((40 41 )(42 (43 ((44 45 )(46 47 ))))))))))); 
ttag *!; 
ttag +49 ???; 
ttag +50 6; 
ttag +51 4; 
ttag +52 1; 
ttag +53 6; 
ttag +54 4; 
ttag +55 1; 
ttag +56 3; 
ttag +57 4; 
ttag +58 3; 
ttag +59 9; 
ttag +60 5; 
ttag +61 2; 
ttag +62 17; 
ttag +63 1; 
ttag +64 4; 
ttag +65 1; 
ttag +66 3; 
ttag +67 5; 
ttag +68 4; 
ttag +69 10; 
ttag +70 9; 
ttag +71 1; 
ttag +72 6; 
ttag +73 5; 
ttag +74 5; 
ttag +75 12; 
ttag +76 2; 
ttag +77 9; 
ttag +78 11; 
ttag +79 5; 
ttag +80 4; 
ttag +81 2; 
ttag +82 14; 
ttag +83 9; 
ttag +84 1; 
ttag +85 3; 
ttag +86 9; 
ttag +87 9; 
ttag +88 5; 
ttag +89 10; 
ttag +90 16; 
ttag +91 4; 
tread
'Tree with tags' 
(0 (1 ((((2 3 )(((4 5 )(6 7 ))(8 (9 (10 (11 12 ))))))((17 (15 16 ))((18 19 )((20 21 )((22 23 )(24 25 ))))))((13 14 )((26 (27 (28 (29 30 ))))((31 ((32 33 )((34 35 )(36 (37 38 )))))(39 ((40 41 )(42 (43 ((44 45 )(46 47 )))))))))))); 
ttag *!; 
ttag +0 ////; 
ttag +1 ////; 
ttag +2 ////; 
ttag +3 ////; 
ttag +4 ////; 
ttag +5 ////; 
ttag +6 ////; 
ttag +7 ////; 
ttag +8 ////; 
ttag +9 ////; 
ttag +10 ////; 
ttag +11 ////; 
ttag +12 ////; 
ttag +13 ////; 
ttag +14 ////; 
ttag +15 ////; 
ttag +16 ////; 
ttag +17 ////; 
ttag +18 ////; 
ttag +19 ////; 
ttag +20 ////; 
ttag +21 ////; 
ttag +22 ////; 
ttag +23 ////; 
ttag +24 ////; 
ttag +25 ////; 
ttag +26 ////; 
ttag +27 ////; 
ttag +28 ////; 
ttag +29 ////; 
ttag +30 ////; 
ttag +31 ////; 
ttag +32 ////; 
ttag +33 ////; 
ttag +34 ////; 
ttag +35 ////; 
ttag +36 ////; 
ttag +37 ////; 
ttag +38 ////; 
ttag +39 ////; 
ttag +40 ////; 
ttag +41 ////; 
ttag +42 ////; 
ttag +43 ////; 
ttag +44 ////; 
ttag +45 ////; 
ttag +46 ////; 
ttag +47 ////; 
ttag +48 ////; 
ttag +49 100/100/100/100/100; 
ttag +50 99/98/96/98/96; 
ttag +51 89/87/88/92/89; 
ttag +52 66/58/43/64/46; 
ttag +53 32/13/20/14/18; 
ttag +54 96/96/90/97/90; 
ttag +55 87/85/70/92/80; 
ttag +56 48/27/21/29/32; 
ttag +57 75/67/57/72/61; 
ttag +58 96/95/87/92/85; 
ttag +59 30/[2]/?/?/?; 
ttag +60 83/78/66/82/70; 
ttag +61 100/100/100/100/100; 
ttag +62 98/97/95/97/95; 
ttag +63 73/70/44/70/53; 
ttag +64 100/100/100/100/100; 
ttag +65 36/6/?/9/0; 
ttag +66 87/84/67/81/72; 
ttag +67 46/8/6/9/4; 
ttag +68 82/79/56/73/63; 
ttag +69 97/97/97/98/94; 
ttag +70 94/94/86/97/86; 
ttag +71 100/100/100/100/100; 
ttag +72 100/100/99/100/100; 
ttag +73 58/35/28/27/24; 
ttag +74 98/98/98/98/96; 
ttag +75 96/96/90/98/93; 
ttag +76 15/[22]/?/?/?; 
ttag +77 98/98/87/96/93; 
ttag +78 100/100/100/100/100; 
ttag +79 85/83/74/85/77; 
ttag +80 99/99/98/99/98; 
ttag +81 100/100/99/100/100; 
ttag +82 90/86/80/92/82; 
ttag +83 99/99/99/98/98; 
ttag +84 86/86/84/83/78; 
ttag +85 100/100/100/100/100; 
ttag +86 100/100/100/100/99; 
ttag +87 64/62/48/58/53; 
ttag +88 85/78/76/76/63; 
ttag +89 99/99/98/99/97; 
ttag +90 100/100/97/99/98; 
ttag +91 98/98/86/96/90; 
ttag +92 100/100/100/100/100; 
ttag +93 100/100/100/100/100; 
ttag +94 94/92/90/95/87; 
