tread
'Tree with tags' 
(0 ((1 ((((2 3 )((((4 5 )(6 7 ))(8 9 ))(10 (11 12 ))))(13 14 ))(17 ((15 16 )(18 (19 ((20 21 )((22 23 )(24 25 )))))))))((27 (26 (28 (29 30 ))))(39 ((31 ((32 33 )((34 35 )(36 (37 38 )))))((40 41 )(42 (43 (46 47 (44 45 )))))))))); 
ttag *!; 
ttag +49 1; 
ttag +50 ???; 
ttag +51 6; 
ttag +52 14; 
ttag +53 2; 
ttag +54 2; 
ttag +55 6; 
ttag +56 7; 
ttag +57 1; 
ttag +58 2; 
ttag +59 3; 
ttag +60 2; 
ttag +61 5; 
ttag +62 5; 
ttag +63 5; 
ttag +64 6; 
ttag +65 4; 
ttag +66 7; 
ttag +67 6; 
ttag +68 4; 
ttag +69 7; 
ttag +70 7; 
ttag +71 14; 
ttag +72 6; 
ttag +73 2; 
ttag +74 4; 
ttag +75 6; 
ttag +76 8; 
ttag +77 4; 
ttag +78 7; 
ttag +79 5; 
ttag +80 2; 
ttag +81 6; 
ttag +82 5; 
ttag +83 3; 
ttag +84 3; 
ttag +85 3; 
ttag +86 7; 
ttag +87 11; 
ttag +88 1; 
ttag +89 8; 
ttag +90 9; 
ttag +91 2; 
ttag +92 5; 
ttag +93 6; 
tread
'Tree with tags' 
(0 ((1 ((((2 3 )((((4 5 )(6 7 ))(8 9 ))(10 (11 12 ))))(13 14 ))(17 ((15 16 )(18 (19 ((20 21 )((22 23 )(24 25 )))))))))((27 (26 (28 (29 30 ))))(39 ((31 ((32 33 )((34 35 )(36 (37 38 )))))((40 41 )(42 (43 ((44 45 )(46 47 )))))))))); 
ttag *!; 
ttag +0 ////; 
ttag +1 ////; 
ttag +2 ////; 
ttag +3 ////; 
ttag +4 ////; 
ttag +5 ////; 
ttag +6 ////; 
ttag +7 ////; 
ttag +8 ////; 
ttag +9 ////; 
ttag +10 ////; 
ttag +11 ////; 
ttag +12 ////; 
ttag +13 ////; 
ttag +14 ////; 
ttag +15 ////; 
ttag +16 ////; 
ttag +17 ////; 
ttag +18 ////; 
ttag +19 ////; 
ttag +20 ////; 
ttag +21 ////; 
ttag +22 ////; 
ttag +23 ////; 
ttag +24 ////; 
ttag +25 ////; 
ttag +26 ////; 
ttag +27 ////; 
ttag +28 ////; 
ttag +29 ////; 
ttag +30 ////; 
ttag +31 ////; 
ttag +32 ////; 
ttag +33 ////; 
ttag +34 ////; 
ttag +35 ////; 
ttag +36 ////; 
ttag +37 ////; 
ttag +38 ////; 
ttag +39 ////; 
ttag +40 ////; 
ttag +41 ////; 
ttag +42 ////; 
ttag +43 ////; 
ttag +44 ////; 
ttag +45 ////; 
ttag +46 ////; 
ttag +47 ////; 
ttag +48 ////; 
ttag +49 37/26/10/21/6; 
ttag +50 100/100/100/100/100; 
ttag +51 97/96/97/96/94; 
ttag +52 99/99/100/100/98; 
ttag +53 41/22/28/32/30; 
ttag +54 44/25/27/34/27; 
ttag +55 97/97/91/95/90; 
ttag +56 86/78/70/87/70; 
ttag +57 28/4/2/16/6; 
ttag +58 46/24/25/40/23; 
ttag +59 79/71/59/73/58; 
ttag +60 48/33/26/31/30; 
ttag +61 91/90/80/89/80; 
ttag +62 94/94/88/92/84; 
ttag +63 98/98/93/96/92; 
ttag +64 99/99/98/100/99; 
ttag +65 89/83/80/89/66; 
ttag +66 98/97/96/100/96; 
ttag +67 98/98/96/99/96; 
ttag +68 92/90/80/92/84; 
ttag +69 99/99/98/99/98; 
ttag +70 99/99/95/99/98; 
ttag +71 100/100/100/100/100; 
ttag +72 98/98/90/98/94; 
ttag +73 75/62/59/72/57; 
ttag +74 90/88/69/86/68; 
ttag +75 95/94/84/91/87; 
ttag +76 98/98/95/100/94; 
ttag +77 90/88/82/87/74; 
ttag +78 98/98/95/98/96; 
ttag +79 99/98/97/99/95; 
ttag +80 76/65/61/71/54; 
ttag +81 97/97/96/98/95; 
ttag +82 95/93/90/96/87; 
ttag +83 92/88/87/86/78; 
ttag +84 92/91/86/90/87; 
ttag +85 94/94/94/92/88; 
ttag +86 98/96/93/99/92; 
ttag +87 100/100/100/100/99; 
ttag +88 60/36/28/41/32; 
ttag +89 100/100/98/100/97; 
ttag +90 100/100/99/100/99; 
ttag +91 81/76/65/70/67; 
ttag +92 98/98/93/98/94; 
ttag +93 98/98/93/98/96; 
ttag +94 19/[3]/?/?/?; 
