tread
'Tree with tags' 
(0 ((1 ((26 (27 (28 (29 30 ))))(39 (31 (((32 33 )(36 (37 38 )))(34 35 )))(40 41 )(42 (43 (46 47 (44 45 )))))))((((2 3 )((8 (9 ((4 5 )(6 7 ))))(10 (11 12 ))))(13 14 ))((15 16 )(17 (18 19 ((20 21 )((22 23 )(24 25 ))))))))); 
ttag *!; 
ttag +49 2; 
ttag +50 ???; 
ttag +51 1; 
ttag +52 5; 
ttag +53 1; 
ttag +54 1; 
ttag +55 4; 
ttag +56 7; 
ttag +57 1; 
ttag +58 1; 
ttag +59 5; 
ttag +60 3; 
ttag +61 9; 
ttag +62 10; 
ttag +63 6; 
ttag +64 16; 
ttag +65 2; 
ttag +66 2; 
ttag +67 1; 
ttag +68 7; 
ttag +69 4; 
ttag +70 11; 
ttag +71 9; 
ttag +72 8; 
ttag +73 9; 
ttag +74 6; 
ttag +75 1; 
ttag +76 5; 
ttag +77 6; 
ttag +78 6; 
ttag +79 4; 
ttag +80 8; 
ttag +81 2; 
ttag +82 6; 
ttag +83 5; 
ttag +84 6; 
ttag +85 16; 
ttag +86 7; 
ttag +87 5; 
ttag +88 1; 
ttag +89 7; 
ttag +90 5; 
tread
'Tree with tags' 
(0 ((1 ((26 (27 (28 (29 30 ))))((31 (((32 33 )(36 (37 38 )))(34 35 )))(39 ((40 41 )(42 (43 (46 (47 (44 45 ))))))))))((((2 3 )((8 (9 ((4 5 )(6 7 ))))(10 (11 12 ))))(13 14 ))((15 16 )(17 (18 (19 ((20 21 )((22 23 )(24 25 )))))))))); 
ttag *!; 
ttag +0 ////; 
ttag +1 ////; 
ttag +2 ////; 
ttag +3 ////; 
ttag +4 ////; 
ttag +5 ////; 
ttag +6 ////; 
ttag +7 ////; 
ttag +8 ////; 
ttag +9 ////; 
ttag +10 ////; 
ttag +11 ////; 
ttag +12 ////; 
ttag +13 ////; 
ttag +14 ////; 
ttag +15 ////; 
ttag +16 ////; 
ttag +17 ////; 
ttag +18 ////; 
ttag +19 ////; 
ttag +20 ////; 
ttag +21 ////; 
ttag +22 ////; 
ttag +23 ////; 
ttag +24 ////; 
ttag +25 ////; 
ttag +26 ////; 
ttag +27 ////; 
ttag +28 ////; 
ttag +29 ////; 
ttag +30 ////; 
ttag +31 ////; 
ttag +32 ////; 
ttag +33 ////; 
ttag +34 ////; 
ttag +35 ////; 
ttag +36 ////; 
ttag +37 ////; 
ttag +38 ////; 
ttag +39 ////; 
ttag +40 ////; 
ttag +41 ////; 
ttag +42 ////; 
ttag +43 ////; 
ttag +44 ////; 
ttag +45 ////; 
ttag +46 ////; 
ttag +47 ////; 
ttag +48 ////; 
ttag +49 40/26/23/39/34; 
ttag +50 100/100/100/100/100; 
ttag +51 69/51/38/59/50; 
ttag +52 94/91/86/90/82; 
ttag +53 34/20/18/22/15; 
ttag +54 20/6/5/8/2; 
ttag +55 93/92/87/91/88; 
ttag +56 100/100/97/95/92; 
ttag +57 31/[6]/?/1/?; 
ttag +58 33/0/6/4/?; 
ttag +59 83/81/64/83/62; 
ttag +60 85/80/74/76/61; 
ttag +61 100/100/94/99/96; 
ttag +62 99/99/99/100/99; 
ttag +63 99/99/98/99/98; 
ttag +64 100/100/100/100/100; 
ttag +65 52/44/32/45/23; 
ttag +66 80/75/72/75/66; 
ttag +67 58/46/46/47/46; 
ttag +68 19/[27]/?/?/?; 
ttag +69 100/100/99/100/98; 
ttag +70 97/97/92/97/88; 
ttag +71 100/100/100/100/100; 
ttag +72 100/100/99/100/98; 
ttag +73 100/100/100/99/99; 
ttag +74 99/99/98/100/100; 
ttag +75 89/86/78/88/87; 
ttag +76 50/23/24/21/31; 
ttag +77 99/99/96/98/94; 
ttag +78 98/98/93/99/97; 
ttag +79 99/99/95/99/97; 
ttag +80 83/77/74/88/69; 
ttag +81 100/100/99/99/97; 
ttag +82 75/64/50/64/57; 
ttag +83 99/99/94/98/94; 
ttag +84 99/99/89/98/89; 
ttag +85 98/98/98/99/98; 
ttag +86 100/100/100/100/100; 
ttag +87 18/[7]/?/?/0; 
ttag +88 99/98/96/98/98; 
ttag +89 17/[8]/?/?/?; 
ttag +90 96/96/93/96/88; 
ttag +91 57/43/35/52/35; 
ttag +92 99/99/97/99/98; 
ttag +93 42/1/?/?/?; 
ttag +94 95/93/87/94/83; 
