tread
'Tree with tags' 
(0 (1 ((2 3 )(((4 5 )(6 7 ))(8 9 )(10 (11 12 ))))(13 14 )((15 16 )(17 (18 (19 ((20 21 )(24 (25 (22 23 ))))))))((26 (27 (28 (29 30 ))))(39 (31 ((32 33 )(34 35 )(36 (37 38 ))))((40 41 )(42 (43 ((44 45 )(46 47 ))))))))); 
ttag *!; 
ttag +49 ???; 
ttag +50 5; 
ttag +51 9; 
ttag +52 7; 
ttag +53 6; 
ttag +54 2; 
ttag +55 5; 
ttag +56 2; 
ttag +57 4; 
ttag +58 13; 
ttag +59 3; 
ttag +60 8; 
ttag +61 7; 
ttag +62 1; 
ttag +63 4; 
ttag +64 2; 
ttag +65 10; 
ttag +66 5; 
ttag +67 7; 
ttag +68 2; 
ttag +69 7; 
ttag +70 3; 
ttag +71 3; 
ttag +72 2; 
ttag +73 6; 
ttag +74 12; 
ttag +75 3; 
ttag +76 8; 
ttag +77 5; 
ttag +78 7; 
ttag +79 2; 
ttag +80 9; 
ttag +81 7; 
ttag +82 6; 
ttag +83 3; 
ttag +84 8; 
ttag +85 2; 
ttag +86 2; 
ttag +87 8; 
ttag +88 3; 
tread
'Tree with tags' 
(0 ((1 (((2 3 )((((4 5 )(6 7 ))(10 (11 12 )))(8 9 )))(13 14 )))(((15 16 )(17 (18 (19 ((20 21 )(24 (25 (22 23 ))))))))((26 (27 (28 (29 30 ))))((39 (31 ((32 33 )((34 35 )(36 (37 38 ))))))((40 41 )(42 (43 ((44 45 )(46 47 )))))))))); 
ttag *!; 
ttag +0 ////; 
ttag +1 ////; 
ttag +2 ////; 
ttag +3 ////; 
ttag +4 ////; 
ttag +5 ////; 
ttag +6 ////; 
ttag +7 ////; 
ttag +8 ////; 
ttag +9 ////; 
ttag +10 ////; 
ttag +11 ////; 
ttag +12 ////; 
ttag +13 ////; 
ttag +14 ////; 
ttag +15 ////; 
ttag +16 ////; 
ttag +17 ////; 
ttag +18 ////; 
ttag +19 ////; 
ttag +20 ////; 
ttag +21 ////; 
ttag +22 ////; 
ttag +23 ////; 
ttag +24 ////; 
ttag +25 ////; 
ttag +26 ////; 
ttag +27 ////; 
ttag +28 ////; 
ttag +29 ////; 
ttag +30 ////; 
ttag +31 ////; 
ttag +32 ////; 
ttag +33 ////; 
ttag +34 ////; 
ttag +35 ////; 
ttag +36 ////; 
ttag +37 ////; 
ttag +38 ////; 
ttag +39 ////; 
ttag +40 ////; 
ttag +41 ////; 
ttag +42 ////; 
ttag +43 ////; 
ttag +44 ////; 
ttag +45 ////; 
ttag +46 ////; 
ttag +47 ////; 
ttag +48 ////; 
ttag +49 3/[28]/?/?/?; 
ttag +50 100/100/100/100/100; 
ttag +51 96/95/93/97/91; 
ttag +52 100/100/98/100/99; 
ttag +53 34/2/12/?/5; 
ttag +54 99/99/96/99/98; 
ttag +55 99/98/98/99/99; 
ttag +56 34/[1]/?/?/?; 
ttag +57 80/71/68/67/60; 
ttag +58 99/98/98/98/98; 
ttag +59 85/83/79/83/75; 
ttag +60 93/91/76/90/79; 
ttag +61 100/100/100/100/100; 
ttag +62 94/93/88/96/92; 
ttag +63 100/100/100/100/100; 
ttag +64 99/99/97/99/98; 
ttag +65 24/[7]/2/?/?; 
ttag +66 69/58/57/62/59; 
ttag +67 93/91/80/94/80; 
ttag +68 81/76/59/80/67; 
ttag +69 100/100/100/100/100; 
ttag +70 96/96/90/96/93; 
ttag +71 99/99/100/99/98; 
ttag +72 65/56/42/64/47; 
ttag +73 98/98/96/99/96; 
ttag +74 97/96/96/94/91; 
ttag +75 89/88/78/84/80; 
ttag +76 80/72/56/69/54; 
ttag +77 99/99/97/99/96; 
ttag +78 100/100/100/100/100; 
ttag +79 85/77/75/85/76; 
ttag +80 27/[16]/?/?/?; 
ttag +81 100/100/99/99/98; 
ttag +82 97/96/96/98/94; 
ttag +83 96/95/91/99/97; 
ttag +84 84/80/69/86/80; 
ttag +85 43/9/3/?/6; 
ttag +86 99/99/98/99/100; 
ttag +87 99/98/94/98/96; 
ttag +88 100/100/97/99/97; 
ttag +89 91/89/82/92/83; 
ttag +90 100/100/94/99/94; 
ttag +91 86/82/69/84/72; 
ttag +92 78/68/59/72/64; 
ttag +93 99/99/99/100/98; 
ttag +94 80/67/62/70/60; 
