tread
'Tree with tags' 
(0 ((1 ((2 3 )(8 ((9 ((4 5 )(6 7 )))(10 (11 12 ))))))((13 14 )(((15 16 )(17 (18 (19 ((20 21 )((22 23 )(24 25 )))))))((26 (27 (28 (29 30 ))))((31 ((32 33 )((34 35 )(36 (37 38 )))))(39 ((40 41 )(42 (43 (46 47 (44 45 )))))))))))); 
ttag *!; 
ttag +49 1; 
ttag +50 ???; 
ttag +51 9; 
ttag +52 8; 
ttag +53 7; 
ttag +54 6; 
ttag +55 1; 
ttag +56 1; 
ttag +57 5; 
ttag +58 7; 
ttag +59 5; 
ttag +60 8; 
ttag +61 12; 
ttag +62 1; 
ttag +63 7; 
ttag +64 5; 
ttag +65 1; 
ttag +66 1; 
ttag +67 4; 
ttag +68 1; 
ttag +69 5; 
ttag +70 6; 
ttag +71 5; 
ttag +72 4; 
ttag +73 3; 
ttag +74 8; 
ttag +75 4; 
ttag +76 2; 
ttag +77 5; 
ttag +78 9; 
ttag +79 4; 
ttag +80 5; 
ttag +81 5; 
ttag +82 7; 
ttag +83 1; 
ttag +84 3; 
ttag +85 11; 
ttag +86 12; 
ttag +87 1; 
ttag +88 5; 
ttag +89 5; 
ttag +90 8; 
ttag +91 4; 
ttag +92 9; 
ttag +93 9; 
tread
'Tree with tags' 
(0 ((1 ((2 3 )(8 ((9 ((4 5 )(6 7 )))(10 (11 12 ))))))((13 14 )(((15 16 )(17 (18 (19 ((20 21 )((22 23 )(24 25 )))))))((26 (27 (28 (29 30 ))))((31 ((32 33 )((34 35 )(36 (37 38 )))))(39 ((40 41 )(42 (43 (47 (46 (44 45 ))))))))))))); 
ttag *!; 
ttag +0 ////; 
ttag +1 ////; 
ttag +2 ////; 
ttag +3 ////; 
ttag +4 ////; 
ttag +5 ////; 
ttag +6 ////; 
ttag +7 ////; 
ttag +8 ////; 
ttag +9 ////; 
ttag +10 ////; 
ttag +11 ////; 
ttag +12 ////; 
ttag +13 ////; 
ttag +14 ////; 
ttag +15 ////; 
ttag +16 ////; 
ttag +17 ////; 
ttag +18 ////; 
ttag +19 ////; 
ttag +20 ////; 
ttag +21 ////; 
ttag +22 ////; 
ttag +23 ////; 
ttag +24 ////; 
ttag +25 ////; 
ttag +26 ////; 
ttag +27 ////; 
ttag +28 ////; 
ttag +29 ////; 
ttag +30 ////; 
ttag +31 ////; 
ttag +32 ////; 
ttag +33 ////; 
ttag +34 ////; 
ttag +35 ////; 
ttag +36 ////; 
ttag +37 ////; 
ttag +38 ////; 
ttag +39 ////; 
ttag +40 ////; 
ttag +41 ////; 
ttag +42 ////; 
ttag +43 ////; 
ttag +44 ////; 
ttag +45 ////; 
ttag +46 ////; 
ttag +47 ////; 
ttag +48 ////; 
ttag +49 22/[11]/?/?/?; 
ttag +50 100/100/100/100/100; 
ttag +51 99/99/97/99/99; 
ttag +52 98/98/87/99/91; 
ttag +53 98/98/98/99/98; 
ttag +54 98/98/94/99/90; 
ttag +55 38/12/4/10/2; 
ttag +56 58/32/24/28/20; 
ttag +57 95/94/90/91/85; 
ttag +58 100/100/99/99/98; 
ttag +59 98/98/95/98/96; 
ttag +60 98/98/98/98/95; 
ttag +61 100/100/100/100/100; 
ttag +62 34/1/0/8/?; 
ttag +63 100/100/98/99/98; 
ttag +64 95/93/91/95/91; 
ttag +65 55/35/31/36/20; 
ttag +66 40/14/12/14/15; 
ttag +67 87/81/72/78/76; 
ttag +68 69/53/46/45/42; 
ttag +69 99/99/98/98/92; 
ttag +70 99/99/99/99/96; 
ttag +71 97/96/93/97/92; 
ttag +72 96/93/89/94/91; 
ttag +73 84/80/70/80/71; 
ttag +74 100/100/99/100/98; 
ttag +75 91/90/87/90/83; 
ttag +76 79/76/60/67/58; 
ttag +77 98/98/92/95/90; 
ttag +78 100/100/98/100/97; 
ttag +79 91/90/72/90/79; 
ttag +80 92/90/79/88/80; 
ttag +81 96/96/90/98/88; 
ttag +82 95/94/86/95/90; 
ttag +83 66/65/58/59/56; 
ttag +84 88/88/78/86/76; 
ttag +85 99/99/99/100/96; 
ttag +86 100/100/100/100/100; 
ttag +87 39/24/26/28/20; 
ttag +88 98/97/94/98/94; 
ttag +89 86/82/76/88/72; 
ttag +90 100/100/98/100/99; 
ttag +91 87/80/80/88/78; 
ttag +92 100/100/98/100/100; 
ttag +93 38/[1]/?/?/?; 
ttag +94 99/99/95/100/96; 
