tread
'Tree with tags' 
(0 ((1 ((2 3 )((6 7 (4 5 ))((8 9 )(10 (11 12 ))))))((13 14 )((17 ((15 16 )(18 (19 ((20 21 )((22 23 )(24 25 )))))))((26 (27 (28 (29 30 ))))(31 ((32 33 )((34 35 )(36 (37 38 ))))(39 ((40 41 )(42 (43 ((44 45 )(46 47 )))))))))))); 
ttag *!; 
ttag +49 1; 
ttag +50 ???; 
ttag +51 12; 
ttag +52 4; 
ttag +53 2; 
ttag +54 4; 
ttag +55 2; 
ttag +56 3; 
ttag +57 1; 
ttag +58 6; 
ttag +59 7; 
ttag +60 9; 
ttag +61 1; 
ttag +62 6; 
ttag +63 1; 
ttag +64 7; 
ttag +65 1; 
ttag +66 8; 
ttag +67 3; 
ttag +68 9; 
ttag +69 5; 
ttag +70 7; 
ttag +71 2; 
ttag +72 1; 
ttag +73 6; 
ttag +74 7; 
ttag +75 8; 
ttag +76 3; 
ttag +77 6; 
ttag +78 4; 
ttag +79 2; 
ttag +80 4; 
ttag +81 3; 
ttag +82 1; 
ttag +83 13; 
ttag +84 4; 
ttag +85 1; 
ttag +86 5; 
ttag +87 9; 
ttag +88 6; 
ttag +89 1; 
ttag +90 10; 
ttag +91 6; 
ttag +92 1; 
tread
'Tree with tags' 
(0 ((1 ((2 3 )((7 (6 (4 5 )))((8 9 )(10 (11 12 ))))))((13 14 )((17 ((15 16 )(18 (19 ((20 21 )((22 23 )(24 25 )))))))((26 (27 (28 (29 30 ))))(31 (((32 33 )((34 35 )(36 (37 38 ))))(39 ((40 41 )(42 (43 ((44 45 )(46 47 ))))))))))))); 
ttag *!; 
ttag +0 ////; 
ttag +1 ////; 
ttag +2 ////; 
ttag +3 ////; 
ttag +4 ////; 
ttag +5 ////; 
ttag +6 ////; 
ttag +7 ////; 
ttag +8 ////; 
ttag +9 ////; 
ttag +10 ////; 
ttag +11 ////; 
ttag +12 ////; 
ttag +13 ////; 
ttag +14 ////; 
ttag +15 ////; 
ttag +16 ////; 
ttag +17 ////; 
ttag +18 ////; 
ttag +19 ////; 
ttag +20 ////; 
ttag +21 ////; 
ttag +22 ////; 
ttag +23 ////; 
ttag +24 ////; 
ttag +25 ////; 
ttag +26 ////; 
ttag +27 ////; 
ttag +28 ////; 
ttag +29 ////; 
ttag +30 ////; 
ttag +31 ////; 
ttag +32 ////; 
ttag +33 ////; 
ttag +34 ////; 
ttag +35 ////; 
ttag +36 ////; 
ttag +37 ////; 
ttag +38 ////; 
ttag +39 ////; 
ttag +40 ////; 
ttag +41 ////; 
ttag +42 ////; 
ttag +43 ////; 
ttag +44 ////; 
ttag +45 ////; 
ttag +46 ////; 
ttag +47 ////; 
ttag +48 ////; 
ttag +49 34/20/26/22/13; 
ttag +50 100/100/100/100/100; 
ttag +51 100/100/100/100/99; 
ttag +52 87/79/68/80/67; 
ttag +53 85/80/72/78/73; 
ttag +54 35/0/?/?/?; 
ttag +55 91/90/80/87/82; 
ttag +56 66/54/50/62/55; 
ttag +57 85/83/76/84/78; 
ttag +58 64/55/47/58/51; 
ttag +59 94/94/89/95/90; 
ttag +60 99/99/96/98/98; 
ttag +61 100/100/100/100/99; 
ttag +62 23/8/14/13/6; 
ttag +63 98/98/96/98/92; 
ttag +64 48/30/32/36/34; 
ttag +65 99/98/97/98/96; 
ttag +66 33/18/26/18/16; 
ttag +67 100/100/97/99/97; 
ttag +68 91/90/84/90/86; 
ttag +69 100/100/100/99/100; 
ttag +70 96/96/92/97/91; 
ttag +71 100/100/97/100/99; 
ttag +72 82/72/64/70/59; 
ttag +73 54/26/23/36/26; 
ttag +74 98/98/92/97/94; 
ttag +75 98/98/95/99/95; 
ttag +76 100/100/100/99/99; 
ttag +77 90/88/81/88/89; 
ttag +78 99/99/96/100/98; 
ttag +79 91/89/80/86/80; 
ttag +80 79/72/57/71/62; 
ttag +81 93/92/83/89/84; 
ttag +82 23/[24]/?/?/?; 
ttag +83 92/92/92/90/88; 
ttag +84 48/37/17/21/15; 
ttag +85 100/100/100/100/99; 
ttag +86 94/92/85/90/89; 
ttag +87 52/39/22/38/26; 
ttag +88 94/94/85/95/82; 
ttag +89 100/100/96/100/99; 
ttag +90 99/98/98/98/95; 
ttag +91 64/47/26/34/32; 
ttag +92 100/100/99/99/98; 
ttag +93 97/97/92/98/91; 
ttag +94 52/36/32/48/29; 
