tread
'Tree with tags' 
(0 ((1 ((2 3 )(((4 5 )(6 7 ))(9 (8 (10 (11 12 )))))))(((13 14 )((15 16 )(17 (18 19 ((20 21 )(24 25 (22 23 )))))))((26 (27 (28 (29 30 ))))((31 ((32 33 )(34 35 )(36 (37 38 ))))(39 ((40 41 )(42 (43 (47 (46 (44 45 )))))))))))); 
ttag *!; 
ttag +49 3; 
ttag +50 ???; 
ttag +51 1; 
ttag +52 2; 
ttag +53 5; 
ttag +54 12; 
ttag +55 6; 
ttag +56 3; 
ttag +57 1; 
ttag +58 5; 
ttag +59 9; 
ttag +60 6; 
ttag +61 10; 
ttag +62 1; 
ttag +63 3; 
ttag +64 13; 
ttag +65 9; 
ttag +66 1; 
ttag +67 5; 
ttag +68 11; 
ttag +69 9; 
ttag +70 7; 
ttag +71 4; 
ttag +72 8; 
ttag +73 11; 
ttag +74 4; 
ttag +75 5; 
ttag +76 16; 
ttag +77 2; 
ttag +78 2; 
ttag +79 3; 
ttag +80 2; 
ttag +81 7; 
ttag +82 8; 
ttag +83 1; 
ttag +84 2; 
ttag +85 4; 
ttag +86 8; 
ttag +87 12; 
ttag +88 2; 
ttag +89 5; 
ttag +90 2; 
ttag +91 7; 
tread
'Tree with tags' 
(0 ((1 ((2 3 )(((4 5 )(6 7 ))(9 (8 (10 (11 12 )))))))(((13 14 )((15 16 )(17 ((18 19 )((20 21 )(25 (24 (22 23 ))))))))((26 (27 (28 (29 30 ))))((31 ((32 33 )((34 35 )(36 (37 38 )))))(39 ((40 41 )(42 (43 (47 (46 (44 45 )))))))))))); 
ttag *!; 
ttag +0 ////; 
ttag +1 ////; 
ttag +2 ////; 
ttag +3 ////; 
ttag +4 ////; 
ttag +5 ////; 
ttag +6 ////; 
ttag +7 ////; 
ttag +8 ////; 
ttag +9 ////; 
ttag +10 ////; 
ttag +11 ////; 
ttag +12 ////; 
ttag +13 ////; 
ttag +14 ////; 
ttag +15 ////; 
ttag +16 ////; 
ttag +17 ////; 
ttag +18 ////; 
ttag +19 ////; 
ttag +20 ////; 
ttag +21 ////; 
ttag +22 ////; 
ttag +23 ////; 
ttag +24 ////; 
ttag +25 ////; 
ttag +26 ////; 
ttag +27 ////; 
ttag +28 ////; 
ttag +29 ////; 
ttag +30 ////; 
ttag +31 ////; 
ttag +32 ////; 
ttag +33 ////; 
ttag +34 ////; 
ttag +35 ////; 
ttag +36 ////; 
ttag +37 ////; 
ttag +38 ////; 
ttag +39 ////; 
ttag +40 ////; 
ttag +41 ////; 
ttag +42 ////; 
ttag +43 ////; 
ttag +44 ////; 
ttag +45 ////; 
ttag +46 ////; 
ttag +47 ////; 
ttag +48 ////; 
ttag +49 82/80/71/86/77; 
ttag +50 100/100/100/100/100; 
ttag +51 62/36/34/36/47; 
ttag +52 77/68/53/68/53; 
ttag +53 98/98/92/95/91; 
ttag +54 100/100/99/100/99; 
ttag +55 94/93/86/95/87; 
ttag +56 87/82/74/88/71; 
ttag +57 58/45/49/49/44; 
ttag +58 97/96/92/95/90; 
ttag +59 100/100/98/99/97; 
ttag +60 99/98/95/98/94; 
ttag +61 100/100/100/100/99; 
ttag +62 66/64/56/59/58; 
ttag +63 78/73/51/84/60; 
ttag +64 100/100/99/100/100; 
ttag +65 100/100/99/100/100; 
ttag +66 56/54/54/62/52; 
ttag +67 39/3/?/4/11; 
ttag +68 95/93/83/93/84; 
ttag +69 100/100/100/100/100; 
ttag +70 99/99/99/100/100; 
ttag +71 99/98/100/99/99; 
ttag +72 48/12/0/7/4; 
ttag +73 97/97/93/98/94; 
ttag +74 99/99/99/100/97; 
ttag +75 99/99/98/100/98; 
ttag +76 94/93/89/96/91; 
ttag +77 99/99/100/99/98; 
ttag +78 100/100/100/100/100; 
ttag +79 86/85/80/88/84; 
ttag +80 70/56/51/78/52; 
ttag +81 94/90/88/93/91; 
ttag +82 84/80/79/83/75; 
ttag +83 100/100/100/99/100; 
ttag +84 42/1/?/0/4; 
ttag +85 99/99/99/98/95; 
ttag +86 63/40/53/44/43; 
ttag +87 89/88/83/85/84; 
ttag +88 96/96/90/96/93; 
ttag +89 99/99/100/100/99; 
ttag +90 100/100/97/99/100; 
ttag +91 68/53/46/51/45; 
ttag +92 88/81/76/87/80; 
ttag +93 71/57/43/62/42; 
ttag +94 96/95/92/97/90; 
