tread
'Tree with tags' 
(0 (1 ((2 3 )((8 (9 (7 (6 (4 5 )))))(10 (11 12 ))))(13 14 )((15 16 )(17 (18 (19 ((20 21 )((22 23 )(24 25 )))))))((26 (27 (28 (29 30 ))))((39 (31 34 35 (32 33 )(36 (37 38 ))))((40 41 )(42 (43 ((44 45 )(46 47 ))))))))); 
ttag *!; 
ttag +49 ???; 
ttag +50 6; 
ttag +51 8; 
ttag +52 3; 
ttag +53 1; 
ttag +54 7; 
ttag +55 2; 
ttag +56 1; 
ttag +57 2; 
ttag +58 7; 
ttag +59 9; 
ttag +60 2; 
ttag +61 1; 
ttag +62 7; 
ttag +63 2; 
ttag +64 3; 
ttag +65 7; 
ttag +66 4; 
ttag +67 4; 
ttag +68 10; 
ttag +69 6; 
ttag +70 7; 
ttag +71 3; 
ttag +72 1; 
ttag +73 2; 
ttag +74 5; 
ttag +75 6; 
ttag +76 9; 
ttag +77 1; 
ttag +78 8; 
ttag +79 5; 
ttag +80 10; 
ttag +81 7; 
ttag +82 1; 
ttag +83 1; 
ttag +84 5; 
ttag +85 5; 
ttag +86 7; 
ttag +87 5; 
ttag +88 2; 
tread
'Tree with tags' 
(0 (1 (((2 3 )((8 (9 (7 (6 (4 5 )))))(10 (11 12 ))))((13 14 )(((15 16 )(17 (18 (19 ((20 21 )((22 23 )(24 25 )))))))((26 (27 (28 (29 30 ))))((39 (31 ((32 33 )(35 (34 (36 (37 38 )))))))((40 41 )(42 (43 ((44 45 )(46 47 )))))))))))); 
ttag *!; 
ttag +0 ////; 
ttag +1 ////; 
ttag +2 ////; 
ttag +3 ////; 
ttag +4 ////; 
ttag +5 ////; 
ttag +6 ////; 
ttag +7 ////; 
ttag +8 ////; 
ttag +9 ////; 
ttag +10 ////; 
ttag +11 ////; 
ttag +12 ////; 
ttag +13 ////; 
ttag +14 ////; 
ttag +15 ////; 
ttag +16 ////; 
ttag +17 ////; 
ttag +18 ////; 
ttag +19 ////; 
ttag +20 ////; 
ttag +21 ////; 
ttag +22 ////; 
ttag +23 ////; 
ttag +24 ////; 
ttag +25 ////; 
ttag +26 ////; 
ttag +27 ////; 
ttag +28 ////; 
ttag +29 ////; 
ttag +30 ////; 
ttag +31 ////; 
ttag +32 ////; 
ttag +33 ////; 
ttag +34 ////; 
ttag +35 ////; 
ttag +36 ////; 
ttag +37 ////; 
ttag +38 ////; 
ttag +39 ////; 
ttag +40 ////; 
ttag +41 ////; 
ttag +42 ////; 
ttag +43 ////; 
ttag +44 ////; 
ttag +45 ////; 
ttag +46 ////; 
ttag +47 ////; 
ttag +48 ////; 
ttag +49 100/100/100/100/100; 
ttag +50 97/96/93/98/92; 
ttag +51 100/100/99/100/100; 
ttag +52 42/22/13/24/11; 
ttag +53 89/88/83/91/80; 
ttag +54 52/32/14/24/12; 
ttag +55 99/99/94/98/94; 
ttag +56 40/21/22/34/13; 
ttag +57 34/13/8/12/5; 
ttag +58 49/28/27/29/20; 
ttag +59 98/98/96/98/96; 
ttag +60 100/100/99/100/99; 
ttag +61 85/84/85/82/86; 
ttag +62 22/[10]/?/?/?; 
ttag +63 45/22/16/19/24; 
ttag +64 99/98/98/98/98; 
ttag +65 17/[15]/?/?/?; 
ttag +66 72/60/71/73/66; 
ttag +67 94/92/86/93/89; 
ttag +68 98/98/94/98/95; 
ttag +69 98/98/98/97/97; 
ttag +70 90/87/79/86/74; 
ttag +71 100/100/100/100/100; 
ttag +72 99/99/98/98/98; 
ttag +73 100/100/100/99/100; 
ttag +74 91/89/92/94/84; 
ttag +75 56/39/40/46/35; 
ttag +76 84/80/80/86/72; 
ttag +77 97/96/94/96/91; 
ttag +78 92/88/85/92/84; 
ttag +79 100/100/98/100/98; 
ttag +80 54/36/30/42/36; 
ttag +81 99/98/95/99/98; 
ttag +82 99/99/96/98/94; 
ttag +83 52/23/20/19/21; 
ttag +84 22/[16]/?/?/?; 
ttag +85 6/[24]/?/?/?; 
ttag +86 99/99/99/100/100; 
ttag +87 100/100/99/98/98; 
ttag +88 31/9/4/3/3; 
ttag +89 48/26/26/20/22; 
ttag +90 96/96/91/98/92; 
ttag +91 95/94/92/91/93; 
ttag +92 99/99/98/100/98; 
ttag +93 96/96/88/94/91; 
ttag +94 75/67/66/68/53; 
