tread
'Tree with tags' 
(0 ((1 ((13 14 )((15 16 )(17 (18 (19 ((20 21 )((22 23 )(24 25 )))))))((26 (27 (28 (29 30 ))))(39 (31 ((32 33 )(34 35 )(36 (37 38 ))))((40 41 )(42 (43 ((44 45 )(46 47 )))))))))((2 3 )((7 (6 (4 5 )))(9 (8 (10 (11 12 )))))))); 
ttag *!; 
ttag +49 1; 
ttag +50 ???; 
ttag +51 9; 
ttag +52 6; 
ttag +53 1; 
ttag +54 1; 
ttag +55 5; 
ttag +56 7; 
ttag +57 1; 
ttag +58 2; 
ttag +59 8; 
ttag +60 9; 
ttag +61 8; 
ttag +62 2; 
ttag +63 13; 
ttag +64 2; 
ttag +65 2; 
ttag +66 2; 
ttag +67 1; 
ttag +68 8; 
ttag +69 8; 
ttag +70 10; 
ttag +71 4; 
ttag +72 3; 
ttag +73 7; 
ttag +74 4; 
ttag +75 4; 
ttag +76 4; 
ttag +77 12; 
ttag +78 7; 
ttag +79 3; 
ttag +80 6; 
ttag +81 2; 
ttag +82 4; 
ttag +83 14; 
ttag +84 2; 
ttag +85 3; 
ttag +86 5; 
ttag +87 8; 
ttag +88 2; 
ttag +89 2; 
ttag +90 6; 
ttag +91 6; 
tread
'Tree with tags' 
(0 ((1 ((13 14 )(((15 16 )(17 (18 (19 ((20 21 )((22 23 )(24 25 )))))))((26 (27 (28 (29 30 ))))((31 ((32 33 )((34 35 )(36 (37 38 )))))(39 ((40 41 )(42 (43 ((44 45 )(46 47 )))))))))))((2 3 )((7 (6 (4 5 )))(9 (8 (10 (11 12 )))))))); 
ttag *!; 
ttag +0 ////; 
ttag +1 ////; 
ttag +2 ////; 
ttag +3 ////; 
ttag +4 ////; 
ttag +5 ////; 
ttag +6 ////; 
ttag +7 ////; 
ttag +8 ////; 
ttag +9 ////; 
ttag +10 ////; 
ttag +11 ////; 
ttag +12 ////; 
ttag +13 ////; 
ttag +14 ////; 
ttag +15 ////; 
ttag +16 ////; 
ttag +17 ////; 
ttag +18 ////; 
ttag +19 ////; 
ttag +20 ////; 
ttag +21 ////; 
ttag +22 ////; 
ttag +23 ////; 
ttag +24 ////; 
ttag +25 ////; 
ttag +26 ////; 
ttag +27 ////; 
ttag +28 ////; 
ttag +29 ////; 
ttag +30 ////; 
ttag +31 ////; 
ttag +32 ////; 
ttag +33 ////; 
ttag +34 ////; 
ttag +35 ////; 
ttag +36 ////; 
ttag +37 ////; 
ttag +38 ////; 
ttag +39 ////; 
ttag +40 ////; 
ttag +41 ////; 
ttag +42 ////; 
ttag +43 ////; 
ttag +44 ////; 
ttag +45 ////; 
ttag +46 ////; 
ttag +47 ////; 
ttag +48 ////; 
ttag +49 41/33/24/41/28; 
ttag +50 100/100/100/100/100; 
ttag +51 100/100/100/100/99; 
ttag +52 93/91/76/89/79; 
ttag +53 64/40/38/33/36; 
ttag +54 40/[3]/?/4/?; 
ttag +55 98/97/92/98/88; 
ttag +56 100/100/98/99/98; 
ttag +57 57/46/33/53/42; 
ttag +58 73/63/51/70/58; 
ttag +59 100/100/96/99/97; 
ttag +60 100/100/100/100/99; 
ttag +61 100/100/99/100/99; 
ttag +62 74/66/55/79/62; 
ttag +63 100/100/100/100/100; 
ttag +64 69/60/40/58/44; 
ttag +65 46/37/39/37/32; 
ttag +66 46/32/23/31/18; 
ttag +67 59/44/37/42/29; 
ttag +68 44/26/19/32/26; 
ttag +69 100/100/100/100/100; 
ttag +70 99/99/94/99/96; 
ttag +71 100/100/99/99/99; 
ttag +72 91/87/72/91/68; 
ttag +73 82/76/60/76/63; 
ttag +74 100/100/97/100/98; 
ttag +75 94/92/87/91/76; 
ttag +76 98/98/97/98/95; 
ttag +77 96/96/92/96/91; 
ttag +78 100/100/99/100/100; 
ttag +79 92/91/86/95/88; 
ttag +80 91/87/78/84/80; 
ttag +81 98/98/92/98/94; 
ttag +82 76/72/70/81/72; 
ttag +83 99/99/98/98/98; 
ttag +84 44/16/34/27/22; 
ttag +85 100/100/100/100/100; 
ttag +86 75/66/59/70/66; 
ttag +87 42/23/8/16/6; 
ttag +88 94/90/91/93/89; 
ttag +89 93/90/85/90/85; 
ttag +90 98/98/94/98/95; 
ttag +91 69/58/50/65/58; 
ttag +92 72/64/59/66/50; 
ttag +93 94/93/88/95/87; 
ttag +94 96/94/89/95/81; 
