tread
'Tree with tags' 
(0 (1 (((((2 3 )(((7 (6 (4 5 )))(8 9 ))(10 (11 12 ))))((26 (27 (28 (29 30 ))))((31 (((32 33 )(36 (37 38 )))(34 35 )))(39 ((40 41 )(42 (43 (46 47 (44 45 )))))))))(13 14 ))((15 16 )(17 (18 (19 (((20 21 )(22 23 ))(24 25 ))))))))); 
ttag *!; 
ttag +49 ???; 
ttag +50 13; 
ttag +51 3; 
ttag +52 2; 
ttag +53 1; 
ttag +54 2; 
ttag +55 5; 
ttag +56 2; 
ttag +57 10; 
ttag +58 1; 
ttag +59 3; 
ttag +60 2; 
ttag +61 6; 
ttag +62 9; 
ttag +63 9; 
ttag +64 11; 
ttag +65 7; 
ttag +66 3; 
ttag +67 6; 
ttag +68 4; 
ttag +69 5; 
ttag +70 3; 
ttag +71 7; 
ttag +72 15; 
ttag +73 8; 
ttag +74 7; 
ttag +75 9; 
ttag +76 2; 
ttag +77 8; 
ttag +78 11; 
ttag +79 7; 
ttag +80 3; 
ttag +81 6; 
ttag +82 2; 
ttag +83 5; 
ttag +84 5; 
ttag +85 16; 
ttag +86 7; 
ttag +87 2; 
ttag +88 2; 
ttag +89 2; 
ttag +90 7; 
ttag +91 3; 
ttag +92 2; 
ttag +93 3; 
tread
'Tree with tags' 
(0 (1 (((((2 3 )(((7 (6 (4 5 )))(8 9 ))(10 (11 12 ))))((26 (27 (28 (29 30 ))))((31 (((32 33 )(36 (37 38 )))(34 35 )))(39 ((40 41 )(42 (43 ((44 45 )(46 47 )))))))))(13 14 ))((15 16 )(17 (18 (19 (((20 21 )(22 23 ))(24 25 ))))))))); 
ttag *!; 
ttag +0 ////; 
ttag +1 ////; 
ttag +2 ////; 
ttag +3 ////; 
ttag +4 ////; 
ttag +5 ////; 
ttag +6 ////; 
ttag +7 ////; 
ttag +8 ////; 
ttag +9 ////; 
ttag +10 ////; 
ttag +11 ////; 
ttag +12 ////; 
ttag +13 ////; 
ttag +14 ////; 
ttag +15 ////; 
ttag +16 ////; 
ttag +17 ////; 
ttag +18 ////; 
ttag +19 ////; 
ttag +20 ////; 
ttag +21 ////; 
ttag +22 ////; 
ttag +23 ////; 
ttag +24 ////; 
ttag +25 ////; 
ttag +26 ////; 
ttag +27 ////; 
ttag +28 ////; 
ttag +29 ////; 
ttag +30 ////; 
ttag +31 ////; 
ttag +32 ////; 
ttag +33 ////; 
ttag +34 ////; 
ttag +35 ////; 
ttag +36 ////; 
ttag +37 ////; 
ttag +38 ////; 
ttag +39 ////; 
ttag +40 ////; 
ttag +41 ////; 
ttag +42 ////; 
ttag +43 ////; 
ttag +44 ////; 
ttag +45 ////; 
ttag +46 ////; 
ttag +47 ////; 
ttag +48 ////; 
ttag +49 100/100/100/100/100; 
ttag +50 100/100/100/100/100; 
ttag +51 74/72/55/73/58; 
ttag +52 30/8/?/10/9; 
ttag +53 17/[7]/?/?/?; 
ttag +54 40/30/21/24/22; 
ttag +55 93/89/80/89/79; 
ttag +56 56/44/36/49/32; 
ttag +57 100/100/98/100/100; 
ttag +58 23/4/?/4/?; 
ttag +59 58/45/40/50/36; 
ttag +60 50/44/25/40/36; 
ttag +61 98/97/84/96/87; 
ttag +62 100/100/99/100/99; 
ttag +63 100/100/99/100/100; 
ttag +64 100/100/100/100/100; 
ttag +65 88/85/77/83/76; 
ttag +66 76/72/49/70/52; 
ttag +67 87/84/73/81/74; 
ttag +68 83/79/71/78/71; 
ttag +69 98/98/96/98/96; 
ttag +70 71/64/43/62/48; 
ttag +71 89/85/76/82/77; 
ttag +72 100/100/100/100/100; 
ttag +73 98/97/98/97/97; 
ttag +74 98/98/98/100/97; 
ttag +75 98/98/94/98/98; 
ttag +76 73/68/54/70/65; 
ttag +77 100/100/97/99/98; 
ttag +78 100/100/100/100/100; 
ttag +79 98/98/96/99/95; 
ttag +80 64/54/37/62/42; 
ttag +81 98/97/94/98/94; 
ttag +82 76/68/57/77/51; 
ttag +83 96/94/94/97/89; 
ttag +84 95/95/92/97/90; 
ttag +85 100/100/100/100/100; 
ttag +86 100/100/98/99/96; 
ttag +87 63/56/47/60/43; 
ttag +88 81/80/71/82/70; 
ttag +89 74/71/44/71/51; 
ttag +90 100/100/95/98/98; 
ttag +91 91/87/74/84/70; 
ttag +92 83/77/73/74/74; 
ttag +93 88/84/81/88/76; 
ttag +94 40/6/?/6/?; 
