tread
'Tree with tags' 
(0 ((1 ((2 3 )(8 9 ((4 5 )(6 7 )))(10 (11 12 ))))((13 14 )((15 16 )(17 (19 (18 ((20 21 )((22 23 )(24 25 )))))))((26 (27 (28 (29 30 ))))(39 (31 ((32 33 )(34 35 (36 (37 38 )))))((40 41 )(42 (43 ((44 45 )(46 47 )))))))))); 
ttag *!; 
ttag +49 1; 
ttag +50 ???; 
ttag +51 8; 
ttag +52 11; 
ttag +53 8; 
ttag +54 4; 
ttag +55 3; 
ttag +56 5; 
ttag +57 4; 
ttag +58 8; 
ttag +59 9; 
ttag +60 3; 
ttag +61 10; 
ttag +62 3; 
ttag +63 7; 
ttag +64 1; 
ttag +65 8; 
ttag +66 7; 
ttag +67 5; 
ttag +68 15; 
ttag +69 7; 
ttag +70 6; 
ttag +71 3; 
ttag +72 7; 
ttag +73 1; 
ttag +74 6; 
ttag +75 9; 
ttag +76 4; 
ttag +77 8; 
ttag +78 7; 
ttag +79 5; 
ttag +80 3; 
ttag +81 11; 
ttag +82 8; 
ttag +83 3; 
ttag +84 2; 
ttag +85 7; 
ttag +86 5; 
ttag +87 2; 
ttag +88 4; 
ttag +89 6; 
tread
'Tree with tags' 
(0 ((1 ((2 3 )((8 (9 ((4 5 )(6 7 ))))(10 (11 12 )))))(((13 14 )((26 (27 (28 (29 30 ))))((31 ((32 33 )((34 35 )(36 (37 38 )))))(39 ((40 41 )(42 (43 ((44 45 )(46 47 )))))))))((15 16 )(17 (19 (18 ((20 21 )((22 23 )(24 25 )))))))))); 
ttag *!; 
ttag +0 ////; 
ttag +1 ////; 
ttag +2 ////; 
ttag +3 ////; 
ttag +4 ////; 
ttag +5 ////; 
ttag +6 ////; 
ttag +7 ////; 
ttag +8 ////; 
ttag +9 ////; 
ttag +10 ////; 
ttag +11 ////; 
ttag +12 ////; 
ttag +13 ////; 
ttag +14 ////; 
ttag +15 ////; 
ttag +16 ////; 
ttag +17 ////; 
ttag +18 ////; 
ttag +19 ////; 
ttag +20 ////; 
ttag +21 ////; 
ttag +22 ////; 
ttag +23 ////; 
ttag +24 ////; 
ttag +25 ////; 
ttag +26 ////; 
ttag +27 ////; 
ttag +28 ////; 
ttag +29 ////; 
ttag +30 ////; 
ttag +31 ////; 
ttag +32 ////; 
ttag +33 ////; 
ttag +34 ////; 
ttag +35 ////; 
ttag +36 ////; 
ttag +37 ////; 
ttag +38 ////; 
ttag +39 ////; 
ttag +40 ////; 
ttag +41 ////; 
ttag +42 ////; 
ttag +43 ////; 
ttag +44 ////; 
ttag +45 ////; 
ttag +46 ////; 
ttag +47 ////; 
ttag +48 ////; 
ttag +49 66/63/40/56/38; 
ttag +50 100/100/100/100/100; 
ttag +51 100/100/97/100/98; 
ttag +52 100/100/100/99/98; 
ttag +53 100/100/100/99/99; 
ttag +54 96/96/94/94/93; 
ttag +55 30/[10]/?/?/?; 
ttag +56 87/84/71/85/74; 
ttag +57 49/20/24/12/3; 
ttag +58 96/95/90/94/87; 
ttag +59 96/95/84/94/82; 
ttag +60 99/99/97/100/96; 
ttag +61 100/100/99/100/100; 
ttag +62 26/[2]/4/6/1; 
ttag +63 79/76/56/76/55; 
ttag +64 100/100/100/100/100; 
ttag +65 94/93/94/97/95; 
ttag +66 98/98/98/99/98; 
ttag +67 65/63/55/61/47; 
ttag +68 100/100/98/100/98; 
ttag +69 100/100/99/100/100; 
ttag +70 94/94/90/97/86; 
ttag +71 100/100/100/100/100; 
ttag +72 99/99/98/99/98; 
ttag +73 99/99/99/99/98; 
ttag +74 93/90/86/88/83; 
ttag +75 93/91/80/94/80; 
ttag +76 66/46/44/62/53; 
ttag +77 97/96/92/98/86; 
ttag +78 99/99/100/100/100; 
ttag +79 96/96/86/93/87; 
ttag +80 98/97/93/98/93; 
ttag +81 99/99/95/99/98; 
ttag +82 97/96/90/95/88; 
ttag +83 11/[23]/?/?/?; 
ttag +84 93/92/86/90/80; 
ttag +85 100/100/100/100/98; 
ttag +86 100/100/100/100/100; 
ttag +87 29/1/?/?/?; 
ttag +88 82/78/60/82/66; 
ttag +89 67/57/56/57/46; 
ttag +90 98/98/98/100/95; 
ttag +91 92/89/81/92/77; 
ttag +92 79/74/68/76/58; 
ttag +93 90/85/82/92/80; 
ttag +94 97/97/96/100/89; 
