tread
'Tree with tags' 
(0 ((1 ((2 3 )(((4 5 )(6 7 ))(8 (9 (10 (11 12 )))))))((13 14 )((17 (15 16 ))(18 (19 ((20 21 )((22 23 )(24 25 ))))))((26 (27 (28 (29 30 ))))((31 (((32 33 )(34 35 ))(36 (37 38 ))))(39 ((40 41 )(42 43 ((44 45 )(46 47 )))))))))); 
ttag *!; 
ttag +49 1; 
ttag +50 ???; 
ttag +51 9; 
ttag +52 6; 
ttag +53 2; 
ttag +54 10; 
ttag +55 3; 
ttag +56 2; 
ttag +57 3; 
ttag +58 1; 
ttag +59 3; 
ttag +60 14; 
ttag +61 6; 
ttag +62 1; 
ttag +63 11; 
ttag +64 2; 
ttag +65 10; 
ttag +66 6; 
ttag +67 6; 
ttag +68 15; 
ttag +69 8; 
ttag +70 5; 
ttag +71 2; 
ttag +72 3; 
ttag +73 8; 
ttag +74 8; 
ttag +75 4; 
ttag +76 9; 
ttag +77 14; 
ttag +78 2; 
ttag +79 3; 
ttag +80 1; 
ttag +81 1; 
ttag +82 4; 
ttag +83 3; 
ttag +84 12; 
ttag +85 3; 
ttag +86 2; 
ttag +87 1; 
ttag +88 5; 
ttag +89 9; 
ttag +90 5; 
ttag +91 8; 
ttag +92 3; 
tread
'Tree with tags' 
(0 ((1 ((2 3 )(((4 5 )(6 7 ))(8 (9 (10 (11 12 )))))))((13 14 )((17 (15 16 ))(18 (19 ((20 21 )((22 23 )(24 25 ))))))((26 (27 (28 (29 30 ))))((31 (((32 33 )(34 35 ))(36 (37 38 ))))(39 ((40 41 )(42 43 ((44 45 )(46 47 )))))))))); 
ttag *!; 
ttag +0 ////; 
ttag +1 ////; 
ttag +2 ////; 
ttag +3 ////; 
ttag +4 ////; 
ttag +5 ////; 
ttag +6 ////; 
ttag +7 ////; 
ttag +8 ////; 
ttag +9 ////; 
ttag +10 ////; 
ttag +11 ////; 
ttag +12 ////; 
ttag +13 ////; 
ttag +14 ////; 
ttag +15 ////; 
ttag +16 ////; 
ttag +17 ////; 
ttag +18 ////; 
ttag +19 ////; 
ttag +20 ////; 
ttag +21 ////; 
ttag +22 ////; 
ttag +23 ////; 
ttag +24 ////; 
ttag +25 ////; 
ttag +26 ////; 
ttag +27 ////; 
ttag +28 ////; 
ttag +29 ////; 
ttag +30 ////; 
ttag +31 ////; 
ttag +32 ////; 
ttag +33 ////; 
ttag +34 ////; 
ttag +35 ////; 
ttag +36 ////; 
ttag +37 ////; 
ttag +38 ////; 
ttag +39 ////; 
ttag +40 ////; 
ttag +41 ////; 
ttag +42 ////; 
ttag +43 ////; 
ttag +44 ////; 
ttag +45 ////; 
ttag +46 ////; 
ttag +47 ////; 
ttag +48 ////; 
ttag +49 38/11/14/13/8; 
ttag +50 100/100/100/100/100; 
ttag +51 100/100/99/100/99; 
ttag +52 98/97/88/96/88; 
ttag +53 65/44/24/47/31; 
ttag +54 99/99/98/98/96; 
ttag +55 77/67/64/81/63; 
ttag +56 50/30/11/35/19; 
ttag +57 78/75/64/78/66; 
ttag +58 50/40/25/33/34; 
ttag +59 72/64/57/69/59; 
ttag +60 100/100/100/100/100; 
ttag +61 99/99/96/97/95; 
ttag +62 14/[12]/?/?/?; 
ttag +63 100/100/98/100/99; 
ttag +64 76/64/53/62/53; 
ttag +65 99/99/99/99/96; 
ttag +66 99/99/92/98/92; 
ttag +67 99/98/92/98/90; 
ttag +68 100/100/100/100/100; 
ttag +69 99/99/95/99/94; 
ttag +70 96/95/89/94/86; 
ttag +71 86/80/59/76/61; 
ttag +72 85/83/72/84/73; 
ttag +73 99/99/97/99/98; 
ttag +74 99/99/97/99/96; 
ttag +75 93/91/84/90/89; 
ttag +76 100/100/100/100/100; 
ttag +77 100/100/100/99/100; 
ttag +78 59/42/36/44/36; 
ttag +79 74/68/56/57/61; 
ttag +80 64/45/35/43/37; 
ttag +81 38/10/?/10/2; 
ttag +82 94/93/89/94/90; 
ttag +83 92/91/82/91/87; 
ttag +84 100/100/99/100/98; 
ttag +85 90/86/72/83/74; 
ttag +86 64/48/32/42/35; 
ttag +87 70/58/44/60/54; 
ttag +88 94/93/86/92/86; 
ttag +89 100/100/100/100/100; 
ttag +90 95/93/94/98/94; 
ttag +91 99/99/98/98/98; 
ttag +92 90/86/84/91/82; 
