tread
'Tree with tags' 
(0 (1 (((2 3 )(((4 5 )(6 7 ))((8 9 )(10 (11 12 )))))(((13 14 )((26 (27 (28 (29 30 ))))((31 (((32 33 )(34 35 ))(36 (37 38 ))))(39 ((40 41 )(42 (43 ((44 45 )(46 47 )))))))))((15 16 )(17 (18 (19 ((20 21 )((22 23 )(24 25 ))))))))))); 
ttag *!; 
ttag +49 ???; 
ttag +50 8; 
ttag +51 10; 
ttag +52 1; 
ttag +53 9; 
ttag +54 6; 
ttag +55 3; 
ttag +56 4; 
ttag +57 1; 
ttag +58 2; 
ttag +59 4; 
ttag +60 10; 
ttag +61 9; 
ttag +62 2; 
ttag +63 1; 
ttag +64 13; 
ttag +65 6; 
ttag +66 1; 
ttag +67 6; 
ttag +68 3; 
ttag +69 10; 
ttag +70 3; 
ttag +71 6; 
ttag +72 9; 
ttag +73 2; 
ttag +74 4; 
ttag +75 6; 
ttag +76 3; 
ttag +77 7; 
ttag +78 6; 
ttag +79 7; 
ttag +80 10; 
ttag +81 7; 
ttag +82 2; 
ttag +83 2; 
ttag +84 5; 
ttag +85 5; 
ttag +86 7; 
ttag +87 3; 
ttag +88 3; 
ttag +89 8; 
ttag +90 10; 
ttag +91 5; 
ttag +92 5; 
ttag +93 4; 
ttag +94 3; 
tread
'Tree with tags' 
(0 (1 (((2 3 )(((4 5 )(6 7 ))((8 9 )(10 (11 12 )))))(((13 14 )((26 (27 (28 (29 30 ))))((31 (((32 33 )(34 35 ))(36 (37 38 ))))(39 ((40 41 )(42 (43 ((44 45 )(46 47 )))))))))((15 16 )(17 (18 (19 ((20 21 )((22 23 )(24 25 ))))))))))); 
ttag *!; 
ttag +0 ////; 
ttag +1 ////; 
ttag +2 ////; 
ttag +3 ////; 
ttag +4 ////; 
ttag +5 ////; 
ttag +6 ////; 
ttag +7 ////; 
ttag +8 ////; 
ttag +9 ////; 
ttag +10 ////; 
ttag +11 ////; 
ttag +12 ////; 
ttag +13 ////; 
ttag +14 ////; 
ttag +15 ////; 
ttag +16 ////; 
ttag +17 ////; 
ttag +18 ////; 
ttag +19 ////; 
ttag +20 ////; 
ttag +21 ////; 
ttag +22 ////; 
ttag +23 ////; 
ttag +24 ////; 
ttag +25 ////; 
ttag +26 ////; 
ttag +27 ////; 
ttag +28 ////; 
ttag +29 ////; 
ttag +30 ////; 
ttag +31 ////; 
ttag +32 ////; 
ttag +33 ////; 
ttag +34 ////; 
ttag +35 ////; 
ttag +36 ////; 
ttag +37 ////; 
ttag +38 ////; 
ttag +39 ////; 
ttag +40 ////; 
ttag +41 ////; 
ttag +42 ////; 
ttag +43 ////; 
ttag +44 ////; 
ttag +45 ////; 
ttag +46 ////; 
ttag +47 ////; 
ttag +48 ////; 
ttag +49 100/100/100/100/100; 
ttag +50 99/99/96/96/98; 
ttag +51 99/99/96/99/98; 
ttag +52 40/20/28/20/30; 
ttag +53 99/99/99/99/96; 
ttag +54 96/96/91/98/92; 
ttag +55 66/52/39/50/45; 
ttag +56 88/82/76/80/73; 
ttag +57 32/20/20/16/20; 
ttag +58 58/44/27/38/31; 
ttag +59 88/85/76/84/76; 
ttag +60 100/100/98/100/99; 
ttag +61 100/100/100/100/98; 
ttag +62 49/39/32/41/26; 
ttag +63 50/38/24/35/26; 
ttag +64 100/100/100/100/100; 
ttag +65 96/96/94/96/96; 
ttag +66 58/41/33/28/33; 
ttag +67 99/99/96/99/98; 
ttag +68 92/90/81/86/81; 
ttag +69 100/100/100/100/100; 
ttag +70 87/84/75/86/78; 
ttag +71 100/100/99/99/99; 
ttag +72 100/100/99/100/99; 
ttag +73 74/63/66/70/56; 
ttag +74 92/91/85/92/84; 
ttag +75 92/90/84/94/84; 
ttag +76 89/86/79/83/70; 
ttag +77 99/99/97/100/96; 
ttag +78 99/99/96/99/99; 
ttag +79 99/99/96/99/95; 
ttag +80 99/99/98/100/100; 
ttag +81 100/100/98/100/99; 
ttag +82 80/76/62/75/65; 
ttag +83 74/68/55/71/58; 
ttag +84 98/97/95/98/93; 
ttag +85 90/84/75/86/79; 
ttag +86 100/100/98/99/98; 
ttag +87 90/87/72/89/73; 
ttag +88 89/85/84/90/86; 
ttag +89 95/94/89/97/90; 
ttag +90 99/98/96/100/98; 
ttag +91 91/90/82/94/82; 
ttag +92 95/94/87/92/85; 
ttag +93 96/94/87/95/91; 
ttag +94 83/76/71/86/71; 
