tread
'Tree with tags' 
(0 ((1 ((3 (2 ((8 9 ((4 5 )(6 7 )))(10 (11 12 )))))((15 16 )(17 (18 (19 ((20 21 )((22 23 )(24 25 )))))))))((13 14 )((26 (27 (28 (29 30 ))))((31 ((32 33 )(34 35 )(36 (37 38 ))))(39 (40 41 (42 (43 ((44 45 )(46 47 ))))))))))); 
ttag *!; 
ttag +49 1; 
ttag +50 ???; 
ttag +51 1; 
ttag +52 6; 
ttag +53 1; 
ttag +54 6; 
ttag +55 6; 
ttag +56 2; 
ttag +57 2; 
ttag +58 3; 
ttag +59 4; 
ttag +60 12; 
ttag +61 9; 
ttag +62 1; 
ttag +63 11; 
ttag +64 10; 
ttag +65 4; 
ttag +66 3; 
ttag +67 4; 
ttag +68 9; 
ttag +69 2; 
ttag +70 3; 
ttag +71 4; 
ttag +72 7; 
ttag +73 14; 
ttag +74 6; 
ttag +75 4; 
ttag +76 6; 
ttag +77 7; 
ttag +78 5; 
ttag +79 8; 
ttag +80 8; 
ttag +81 4; 
ttag +82 3; 
ttag +83 5; 
ttag +84 4; 
ttag +85 1; 
ttag +86 7; 
ttag +87 9; 
ttag +88 1; 
ttag +89 10; 
ttag +90 4; 
ttag +91 5; 
tread
'Tree with tags' 
(0 ((1 ((3 (2 ((((4 5 )(6 7 ))(8 9 ))(10 (11 12 )))))((15 16 )(17 (18 (19 ((20 21 )((22 23 )(24 25 )))))))))((13 14 )((26 (27 (28 (29 30 ))))((31 (((32 33 )(34 35 ))(36 (37 38 ))))(39 (41 (40 (42 (43 ((44 45 )(46 47 )))))))))))); 
ttag *!; 
ttag +0 ////; 
ttag +1 ////; 
ttag +2 ////; 
ttag +3 ////; 
ttag +4 ////; 
ttag +5 ////; 
ttag +6 ////; 
ttag +7 ////; 
ttag +8 ////; 
ttag +9 ////; 
ttag +10 ////; 
ttag +11 ////; 
ttag +12 ////; 
ttag +13 ////; 
ttag +14 ////; 
ttag +15 ////; 
ttag +16 ////; 
ttag +17 ////; 
ttag +18 ////; 
ttag +19 ////; 
ttag +20 ////; 
ttag +21 ////; 
ttag +22 ////; 
ttag +23 ////; 
ttag +24 ////; 
ttag +25 ////; 
ttag +26 ////; 
ttag +27 ////; 
ttag +28 ////; 
ttag +29 ////; 
ttag +30 ////; 
ttag +31 ////; 
ttag +32 ////; 
ttag +33 ////; 
ttag +34 ////; 
ttag +35 ////; 
ttag +36 ////; 
ttag +37 ////; 
ttag +38 ////; 
ttag +39 ////; 
ttag +40 ////; 
ttag +41 ////; 
ttag +42 ////; 
ttag +43 ////; 
ttag +44 ////; 
ttag +45 ////; 
ttag +46 ////; 
ttag +47 ////; 
ttag +48 ////; 
ttag +49 4/[18]/?/?/?; 
ttag +50 100/100/100/100/100; 
ttag +51 17/[30]/?/?/?; 
ttag +52 97/96/93/95/91; 
ttag +53 12/[11]/?/?/?; 
ttag +54 97/96/96/95/93; 
ttag +55 99/99/93/97/93; 
ttag +56 39/19/13/14/14; 
ttag +57 56/36/34/30/35; 
ttag +58 84/76/60/75/58; 
ttag +59 16/[5]/?/?/?; 
ttag +60 89/85/76/89/79; 
ttag +61 100/100/100/100/99; 
ttag +62 99/99/99/100/98; 
ttag +63 28/5/3/16/9; 
ttag +64 100/100/99/99/100; 
ttag +65 99/99/97/99/96; 
ttag +66 75/66/58/71/55; 
ttag +67 68/57/44/60/46; 
ttag +68 74/63/50/66/49; 
ttag +69 100/100/100/100/100; 
ttag +70 59/48/30/46/33; 
ttag +71 88/86/81/90/83; 
ttag +72 93/92/72/82/71; 
ttag +73 98/98/98/99/97; 
ttag +74 99/99/99/100/98; 
ttag +75 96/96/94/97/94; 
ttag +76 93/91/82/94/80; 
ttag +77 95/93/86/96/88; 
ttag +78 97/97/95/98/96; 
ttag +79 98/97/93/98/95; 
ttag +80 98/97/94/99/93; 
ttag +81 100/100/100/100/100; 
ttag +82 35/6/1/?/2; 
ttag +83 94/93/87/91/85; 
ttag +84 94/94/94/94/93; 
ttag +85 98/97/93/95/94; 
ttag +86 97/96/91/94/91; 
ttag +87 57/42/49/43/38; 
ttag +88 33/4/?/6/4; 
ttag +89 96/96/93/99/94; 
ttag +90 97/96/92/98/91; 
ttag +91 54/40/28/41/34; 
ttag +92 100/100/99/100/98; 
ttag +93 89/83/66/87/77; 
ttag +94 98/97/90/99/90; 
