tread
'Tree with tags' 
(0 (1 ((2 3 )(8 9 ((4 5 )(6 7 ))(10 (11 12 ))))(13 14 )(17 18 (15 16 )(19 ((20 21 )((22 23 )(24 25 )))))((26 (27 (28 (29 30 ))))((31 (((32 33 )(36 (37 38 )))(34 35 )))(39 ((40 41 )(42 (43 ((44 45 )(46 47 )))))))))); 
ttag *!; 
ttag +49 ???; 
ttag +50 5; 
ttag +51 9; 
ttag +52 5; 
ttag +53 11; 
ttag +54 2; 
ttag +55 2; 
ttag +56 7; 
ttag +57 9; 
ttag +58 5; 
ttag +59 13; 
ttag +60 4; 
ttag +61 2; 
ttag +62 9; 
ttag +63 6; 
ttag +64 6; 
ttag +65 6; 
ttag +66 1; 
ttag +67 6; 
ttag +68 5; 
ttag +69 5; 
ttag +70 3; 
ttag +71 8; 
ttag +72 4; 
ttag +73 5; 
ttag +74 5; 
ttag +75 1; 
ttag +76 4; 
ttag +77 6; 
ttag +78 9; 
ttag +79 3; 
ttag +80 1; 
ttag +81 4; 
ttag +82 7; 
ttag +83 10; 
ttag +84 1; 
ttag +85 4; 
ttag +86 10; 
ttag +87 4; 
tread
'Tree with tags' 
(0 (1 ((((2 3 )(9 (8 (((4 5 )(6 7 ))(10 (11 12 ))))))(((15 16 )((17 18 )(19 ((20 21 )((22 23 )(24 25 ))))))((26 (27 (28 (29 30 ))))((31 (((32 33 )(36 (37 38 )))(34 35 )))(39 ((40 41 )(42 (43 ((44 45 )(46 47 ))))))))))(13 14 )))); 
ttag *!; 
ttag +0 ////; 
ttag +1 ////; 
ttag +2 ////; 
ttag +3 ////; 
ttag +4 ////; 
ttag +5 ////; 
ttag +6 ////; 
ttag +7 ////; 
ttag +8 ////; 
ttag +9 ////; 
ttag +10 ////; 
ttag +11 ////; 
ttag +12 ////; 
ttag +13 ////; 
ttag +14 ////; 
ttag +15 ////; 
ttag +16 ////; 
ttag +17 ////; 
ttag +18 ////; 
ttag +19 ////; 
ttag +20 ////; 
ttag +21 ////; 
ttag +22 ////; 
ttag +23 ////; 
ttag +24 ////; 
ttag +25 ////; 
ttag +26 ////; 
ttag +27 ////; 
ttag +28 ////; 
ttag +29 ////; 
ttag +30 ////; 
ttag +31 ////; 
ttag +32 ////; 
ttag +33 ////; 
ttag +34 ////; 
ttag +35 ////; 
ttag +36 ////; 
ttag +37 ////; 
ttag +38 ////; 
ttag +39 ////; 
ttag +40 ////; 
ttag +41 ////; 
ttag +42 ////; 
ttag +43 ////; 
ttag +44 ////; 
ttag +45 ////; 
ttag +46 ////; 
ttag +47 ////; 
ttag +48 ////; 
ttag +49 100/100/100/100/100; 
ttag +50 98/98/96/98/95; 
ttag +51 99/99/97/100/98; 
ttag +52 30/4/6/5/10; 
ttag +53 26/0/?/1/5; 
ttag +54 98/97/98/96/97; 
ttag +55 100/100/99/100/99; 
ttag +56 53/36/22/32/20; 
ttag +57 30/[15]/?/?/?; 
ttag +58 85/80/73/84/79; 
ttag +59 74/60/48/62/54; 
ttag +60 99/98/97/99/96; 
ttag +61 100/100/100/100/100; 
ttag +62 98/98/90/95/92; 
ttag +63 100/100/100/100/100; 
ttag +64 96/96/92/97/90; 
ttag +65 22/[4]/?/?/?; 
ttag +66 19/[26]/?/?/?; 
ttag +67 44/18/17/23/25; 
ttag +68 79/70/53/62/60; 
ttag +69 100/100/100/99/100; 
ttag +70 99/99/97/99/98; 
ttag +71 99/99/96/100/99; 
ttag +72 97/95/90/98/91; 
ttag +73 48/38/45/36/36; 
ttag +74 97/97/96/98/93; 
ttag +75 95/93/85/93/88; 
ttag +76 99/99/96/98/97; 
ttag +77 82/77/75/87/71; 
ttag +78 99/99/100/99/100; 
ttag +79 97/96/92/92/88; 
ttag +80 96/95/88/96/91; 
ttag +81 98/98/95/96/94; 
ttag +82 43/29/25/35/25; 
ttag +83 88/81/72/81/76; 
ttag +84 100/100/97/98/94; 
ttag +85 100/100/98/100/99; 
ttag +86 89/85/68/82/80; 
ttag +87 57/36/42/44/26; 
ttag +88 89/87/75/86/75; 
ttag +89 97/96/92/98/93; 
ttag +90 99/98/94/99/97; 
ttag +91 54/33/30/40/28; 
ttag +92 84/80/68/86/72; 
ttag +93 100/100/99/100/100; 
ttag +94 91/85/82/91/81; 
