tread
'Tree with tags' 
(0 (1 ((2 3 )(((4 5 )(6 7 ))(8 (9 (10 (11 12 ))))))(((13 14 )((26 (27 (28 (29 30 ))))(39 (31 (((32 33 )(36 (37 38 )))(34 35 )))((40 41 )(42 (43 ((44 45 )(46 47 ))))))))((15 16 )(17 (18 (19 ((20 21 )((22 23 )(24 25 )))))))))); 
ttag *!; 
ttag +49 ???; 
ttag +50 9; 
ttag +51 7; 
ttag +52 5; 
ttag +53 7; 
ttag +54 3; 
ttag +55 3; 
ttag +56 1; 
ttag +57 1; 
ttag +58 8; 
ttag +59 10; 
ttag +60 11; 
ttag +61 1; 
ttag +62 1; 
ttag +63 5; 
ttag +64 5; 
ttag +65 2; 
ttag +66 2; 
ttag +67 3; 
ttag +68 8; 
ttag +69 4; 
ttag +70 9; 
ttag +71 5; 
ttag +72 7; 
ttag +73 6; 
ttag +74 1; 
ttag +75 1; 
ttag +76 4; 
ttag +77 4; 
ttag +78 2; 
ttag +79 11; 
ttag +80 7; 
ttag +81 1; 
ttag +82 3; 
ttag +83 3; 
ttag +84 8; 
ttag +85 10; 
ttag +86 9; 
ttag +87 8; 
ttag +88 4; 
ttag +89 4; 
ttag +90 6; 
ttag +91 12; 
ttag +92 1; 
tread
'Tree with tags' 
(0 ((1 (((13 14 )((26 (27 (28 (29 30 ))))(39 ((31 (((32 33 )(36 (37 38 )))(34 35 )))((40 41 )(42 (43 ((44 45 )(46 47 )))))))))((15 16 )(17 (18 (19 ((20 21 )((22 23 )(24 25 )))))))))((2 3 )(((4 5 )(6 7 ))(8 (9 (10 (11 12 )))))))); 
ttag *!; 
ttag +0 ////; 
ttag +1 ////; 
ttag +2 ////; 
ttag +3 ////; 
ttag +4 ////; 
ttag +5 ////; 
ttag +6 ////; 
ttag +7 ////; 
ttag +8 ////; 
ttag +9 ////; 
ttag +10 ////; 
ttag +11 ////; 
ttag +12 ////; 
ttag +13 ////; 
ttag +14 ////; 
ttag +15 ////; 
ttag +16 ////; 
ttag +17 ////; 
ttag +18 ////; 
ttag +19 ////; 
ttag +20 ////; 
ttag +21 ////; 
ttag +22 ////; 
ttag +23 ////; 
ttag +24 ////; 
ttag +25 ////; 
ttag +26 ////; 
ttag +27 ////; 
ttag +28 ////; 
ttag +29 ////; 
ttag +30 ////; 
ttag +31 ////; 
ttag +32 ////; 
ttag +33 ////; 
ttag +34 ////; 
ttag +35 ////; 
ttag +36 ////; 
ttag +37 ////; 
ttag +38 ////; 
ttag +39 ////; 
ttag +40 ////; 
ttag +41 ////; 
ttag +42 ////; 
ttag +43 ////; 
ttag +44 ////; 
ttag +45 ////; 
ttag +46 ////; 
ttag +47 ////; 
ttag +48 ////; 
ttag +49 18/0/?/?/?; 
ttag +50 100/100/100/100/100; 
ttag +51 100/100/99/99/100; 
ttag +52 98/98/99/99/96; 
ttag +53 98/97/93/97/96; 
ttag +54 100/100/96/100/94; 
ttag +55 78/70/56/71/55; 
ttag +56 86/80/72/82/69; 
ttag +57 38/26/8/24/19; 
ttag +58 33/11/?/15/1; 
ttag +59 99/99/94/99/97; 
ttag +60 100/100/100/100/100; 
ttag +61 100/100/100/100/100; 
ttag +62 29/10/4/18/14; 
ttag +63 35/22/21/20/19; 
ttag +64 99/99/97/98/98; 
ttag +65 89/88/84/90/80; 
ttag +66 60/51/46/50/45; 
ttag +67 72/58/49/52/49; 
ttag +68 80/72/65/69/51; 
ttag +69 100/100/100/100/100; 
ttag +70 92/89/74/83/70; 
ttag +71 100/100/99/100/99; 
ttag +72 94/92/84/93/84; 
ttag +73 99/99/98/99/96; 
ttag +74 98/97/94/98/96; 
ttag +75 55/36/30/41/36; 
ttag +76 47/29/27/37/30; 
ttag +77 96/95/93/94/92; 
ttag +78 91/89/83/86/79; 
ttag +79 59/51/37/59/47; 
ttag +80 22/[7]/?/?/?; 
ttag +81 100/100/98/100/98; 
ttag +82 99/99/99/100/99; 
ttag +83 33/9/?/14/2; 
ttag +84 79/69/44/71/55; 
ttag +85 92/91/89/86/84; 
ttag +86 95/92/85/98/87; 
ttag +87 100/100/99/100/99; 
ttag +88 99/99/98/99/98; 
ttag +89 97/96/86/97/89; 
ttag +90 94/93/86/92/79; 
ttag +91 88/84/80/84/66; 
ttag +92 95/94/92/95/84; 
ttag +93 100/100/100/100/99; 
ttag +94 50/28/26/44/30; 
