tread
'Tree with tags' 
(0 ((1 ((9 (((2 3 )((4 5 )(6 7 )))(8 (10 (11 12 )))))((17 (15 16 ))(18 (19 ((20 21 )((22 23 )(24 25 ))))))))((13 14 )((26 (27 (28 (29 30 ))))((39 (31 ((32 33 )((34 35 )(36 (37 38 ))))))(41 (40 (42 (43 (46 47 (44 45 ))))))))))); 
ttag *!; 
ttag +49 1; 
ttag +50 ???; 
ttag +51 14; 
ttag +52 1; 
ttag +53 1; 
ttag +54 11; 
ttag +55 1; 
ttag +56 4; 
ttag +57 7; 
ttag +58 4; 
ttag +59 1; 
ttag +60 8; 
ttag +61 17; 
ttag +62 5; 
ttag +63 1; 
ttag +64 10; 
ttag +65 1; 
ttag +66 6; 
ttag +67 5; 
ttag +68 5; 
ttag +69 8; 
ttag +70 5; 
ttag +71 11; 
ttag +72 5; 
ttag +73 5; 
ttag +74 3; 
ttag +75 2; 
ttag +76 4; 
ttag +77 7; 
ttag +78 12; 
ttag +79 6; 
ttag +80 2; 
ttag +81 9; 
ttag +82 6; 
ttag +83 2; 
ttag +84 9; 
ttag +85 1; 
ttag +86 8; 
ttag +87 4; 
ttag +88 1; 
ttag +89 4; 
ttag +90 12; 
ttag +91 7; 
ttag +92 6; 
ttag +93 5; 
tread
'Tree with tags' 
(0 ((1 ((9 (((2 3 )((4 5 )(6 7 )))(8 (10 (11 12 )))))((17 (15 16 ))(18 (19 ((20 21 )((22 23 )(24 25 ))))))))((13 14 )((26 (27 (28 (29 30 ))))((39 (31 ((32 33 )((34 35 )(36 (37 38 ))))))(41 (40 (42 (43 (46 (47 (44 45 )))))))))))); 
ttag *!; 
ttag +0 ////; 
ttag +1 ////; 
ttag +2 ////; 
ttag +3 ////; 
ttag +4 ////; 
ttag +5 ////; 
ttag +6 ////; 
ttag +7 ////; 
ttag +8 ////; 
ttag +9 ////; 
ttag +10 ////; 
ttag +11 ////; 
ttag +12 ////; 
ttag +13 ////; 
ttag +14 ////; 
ttag +15 ////; 
ttag +16 ////; 
ttag +17 ////; 
ttag +18 ////; 
ttag +19 ////; 
ttag +20 ////; 
ttag +21 ////; 
ttag +22 ////; 
ttag +23 ////; 
ttag +24 ////; 
ttag +25 ////; 
ttag +26 ////; 
ttag +27 ////; 
ttag +28 ////; 
ttag +29 ////; 
ttag +30 ////; 
ttag +31 ////; 
ttag +32 ////; 
ttag +33 ////; 
ttag +34 ////; 
ttag +35 ////; 
ttag +36 ////; 
ttag +37 ////; 
ttag +38 ////; 
ttag +39 ////; 
ttag +40 ////; 
ttag +41 ////; 
ttag +42 ////; 
ttag +43 ////; 
ttag +44 ////; 
ttag +45 ////; 
ttag +46 ////; 
ttag +47 ////; 
ttag +48 ////; 
ttag +49 10/[16]/?/?/?; 
ttag +50 100/100/100/100/100; 
ttag +51 100/100/100/100/100; 
ttag +52 33/[2]/?/?/?; 
ttag +53 17/[19]/?/?/?; 
ttag +54 100/100/99/100/98; 
ttag +55 26/[1]/?/?/?; 
ttag +56 90/85/78/90/77; 
ttag +57 100/100/97/99/97; 
ttag +58 97/96/91/94/92; 
ttag +59 36/15/15/9/7; 
ttag +60 99/99/94/96/97; 
ttag +61 100/100/100/100/100; 
ttag +62 99/99/99/100/98; 
ttag +63 7/[7]/?/?/?; 
ttag +64 100/100/98/100/98; 
ttag +65 61/44/19/30/28; 
ttag +66 96/95/87/94/86; 
ttag +67 99/99/93/96/94; 
ttag +68 98/98/91/94/88; 
ttag +69 100/100/100/99/100; 
ttag +70 98/98/92/95/86; 
ttag +71 99/99/99/100/99; 
ttag +72 97/97/84/94/84; 
ttag +73 97/96/92/96/92; 
ttag +74 90/87/76/85/81; 
ttag +75 64/50/36/46/31; 
ttag +76 95/95/82/93/87; 
ttag +77 99/98/95/99/96; 
ttag +78 100/100/100/100/100; 
ttag +79 97/96/95/97/96; 
ttag +80 72/59/54/56/60; 
ttag +81 99/99/98/99/98; 
ttag +82 98/98/95/98/95; 
ttag +83 68/59/43/53/41; 
ttag +84 99/99/99/100/99; 
ttag +85 48/38/21/32/20; 
ttag +86 99/99/97/98/98; 
ttag +87 89/84/78/91/70; 
ttag +88 43/27/12/27/24; 
ttag +89 90/86/78/88/77; 
ttag +90 100/100/100/100/99; 
ttag +91 98/98/94/99/96; 
ttag +92 96/94/87/96/84; 
ttag +93 18/0/?/?/?; 
ttag +94 95/94/86/91/88; 
