tread
'Tree with tags' 
(0 ((1 (((2 3 )((8 9 )(10 (11 12 ))))(6 (7 (4 5 )))))(((13 14 )((17 (15 16 ))(18 (19 ((20 21 )((22 23 )(24 25 )))))))((26 (27 (28 (29 30 ))))((31 ((32 33 )((34 35 )(36 (37 38 )))))(39 ((40 41 )(42 (43 ((44 45 )(46 47 ))))))))))); 
ttag *!; 
ttag +49 1; 
ttag +50 ???; 
ttag +51 8; 
ttag +52 1; 
ttag +53 5; 
ttag +54 7; 
ttag +55 1; 
ttag +56 3; 
ttag +57 3; 
ttag +58 3; 
ttag +59 4; 
ttag +60 5; 
ttag +61 5; 
ttag +62 2; 
ttag +63 1; 
ttag +64 13; 
ttag +65 1; 
ttag +66 10; 
ttag +67 6; 
ttag +68 2; 
ttag +69 8; 
ttag +70 6; 
ttag +71 17; 
ttag +72 4; 
ttag +73 5; 
ttag +74 6; 
ttag +75 9; 
ttag +76 4; 
ttag +77 6; 
ttag +78 13; 
ttag +79 3; 
ttag +80 8; 
ttag +81 4; 
ttag +82 4; 
ttag +83 2; 
ttag +84 1; 
ttag +85 7; 
ttag +86 8; 
ttag +87 1; 
ttag +88 2; 
ttag +89 1; 
ttag +90 13; 
ttag +91 2; 
ttag +92 5; 
ttag +93 8; 
ttag +94 4; 
tread
'Tree with tags' 
(0 ((1 (((2 3 )((8 9 )(10 (11 12 ))))(6 (7 (4 5 )))))(((13 14 )((17 (15 16 ))(18 (19 ((20 21 )((22 23 )(24 25 )))))))((26 (27 (28 (29 30 ))))((31 ((32 33 )((34 35 )(36 (37 38 )))))(39 ((40 41 )(42 (43 ((44 45 )(46 47 ))))))))))); 
ttag *!; 
ttag +0 ////; 
ttag +1 ////; 
ttag +2 ////; 
ttag +3 ////; 
ttag +4 ////; 
ttag +5 ////; 
ttag +6 ////; 
ttag +7 ////; 
ttag +8 ////; 
ttag +9 ////; 
ttag +10 ////; 
ttag +11 ////; 
ttag +12 ////; 
ttag +13 ////; 
ttag +14 ////; 
ttag +15 ////; 
ttag +16 ////; 
ttag +17 ////; 
ttag +18 ////; 
ttag +19 ////; 
ttag +20 ////; 
ttag +21 ////; 
ttag +22 ////; 
ttag +23 ////; 
ttag +24 ////; 
ttag +25 ////; 
ttag +26 ////; 
ttag +27 ////; 
ttag +28 ////; 
ttag +29 ////; 
ttag +30 ////; 
ttag +31 ////; 
ttag +32 ////; 
ttag +33 ////; 
ttag +34 ////; 
ttag +35 ////; 
ttag +36 ////; 
ttag +37 ////; 
ttag +38 ////; 
ttag +39 ////; 
ttag +40 ////; 
ttag +41 ////; 
ttag +42 ////; 
ttag +43 ////; 
ttag +44 ////; 
ttag +45 ////; 
ttag +46 ////; 
ttag +47 ////; 
ttag +48 ////; 
ttag +49 20/4/?/13/5; 
ttag +50 100/100/100/100/100; 
ttag +51 99/98/94/98/96; 
ttag +52 45/28/27/39/31; 
ttag +53 97/96/97/95/93; 
ttag +54 98/98/97/99/96; 
ttag +55 46/24/18/30/27; 
ttag +56 80/73/64/73/61; 
ttag +57 80/78/67/75/67; 
ttag +58 80/76/68/79/69; 
ttag +59 89/86/83/92/81; 
ttag +60 96/96/93/95/88; 
ttag +61 99/99/98/98/97; 
ttag +62 66/56/52/51/42; 
ttag +63 20/4/2/12/4; 
ttag +64 100/100/100/100/100; 
ttag +65 58/44/30/39/19; 
ttag +66 100/100/96/99/97; 
ttag +67 98/97/98/99/98; 
ttag +68 73/63/58/74/58; 
ttag +69 99/99/100/99/98; 
ttag +70 97/96/96/97/96; 
ttag +71 100/100/100/100/100; 
ttag +72 96/95/90/96/90; 
ttag +73 95/94/92/97/89; 
ttag +74 98/98/93/98/98; 
ttag +75 99/99/97/100/97; 
ttag +76 90/86/85/92/82; 
ttag +77 97/97/91/98/95; 
ttag +78 100/100/100/100/100; 
ttag +79 87/84/68/82/77; 
ttag +80 98/98/95/98/96; 
ttag +81 95/94/82/95/89; 
ttag +82 93/91/74/91/83; 
ttag +83 85/80/71/80/72; 
ttag +84 62/50/28/56/50; 
ttag +85 98/98/97/99/97; 
ttag +86 99/98/96/97/98; 
ttag +87 60/45/36/35/40; 
ttag +88 78/74/70/80/68; 
ttag +89 41/14/6/8/16; 
ttag +90 100/100/100/100/99; 
ttag +91 64/39/24/38/40; 
ttag +92 99/99/94/98/94; 
ttag +93 100/100/99/100/100; 
ttag +94 90/87/80/91/81; 
