tread
'Tree with tags' 
(0 (1 (((2 3 )(8 (9 (10 (11 12 )))))(6 7 (4 5 )))(13 14 )((15 16 )(17 (18 (19 ((20 21 )((22 23 )(24 25 )))))))((26 (27 (28 (29 30 ))))(39 (31 (34 35 (32 33 )(36 (37 38 )))))((40 41 )(42 43 ((44 45 )(46 47 ))))))); 
ttag *!; 
ttag +49 ???; 
ttag +50 6; 
ttag +51 2; 
ttag +52 3; 
ttag +53 4; 
ttag +54 10; 
ttag +55 2; 
ttag +56 3; 
ttag +57 5; 
ttag +58 5; 
ttag +59 8; 
ttag +60 4; 
ttag +61 3; 
ttag +62 1; 
ttag +63 7; 
ttag +64 1; 
ttag +65 11; 
ttag +66 9; 
ttag +67 3; 
ttag +68 6; 
ttag +69 8; 
ttag +70 4; 
ttag +71 3; 
ttag +72 2; 
ttag +73 5; 
ttag +74 6; 
ttag +75 4; 
ttag +76 2; 
ttag +77 5; 
ttag +78 3; 
ttag +79 12; 
ttag +80 9; 
ttag +81 3; 
ttag +82 3; 
ttag +83 3; 
ttag +84 13; 
ttag +85 4; 
ttag +86 3; 
tread
'Tree with tags' 
(0 (((1 ((26 (27 (28 (29 30 ))))((39 (31 ((32 33 )(34 (35 (36 (37 38 )))))))((40 41 )(42 (43 ((44 45 )(46 47 ))))))))((15 16 )(17 (18 (19 ((20 21 )((22 23 )(24 25 ))))))))((((2 3 )(8 (9 (10 (11 12 )))))((4 5 )(6 7 )))(13 14 )))); 
ttag *!; 
ttag +0 ////; 
ttag +1 ////; 
ttag +2 ////; 
ttag +3 ////; 
ttag +4 ////; 
ttag +5 ////; 
ttag +6 ////; 
ttag +7 ////; 
ttag +8 ////; 
ttag +9 ////; 
ttag +10 ////; 
ttag +11 ////; 
ttag +12 ////; 
ttag +13 ////; 
ttag +14 ////; 
ttag +15 ////; 
ttag +16 ////; 
ttag +17 ////; 
ttag +18 ////; 
ttag +19 ////; 
ttag +20 ////; 
ttag +21 ////; 
ttag +22 ////; 
ttag +23 ////; 
ttag +24 ////; 
ttag +25 ////; 
ttag +26 ////; 
ttag +27 ////; 
ttag +28 ////; 
ttag +29 ////; 
ttag +30 ////; 
ttag +31 ////; 
ttag +32 ////; 
ttag +33 ////; 
ttag +34 ////; 
ttag +35 ////; 
ttag +36 ////; 
ttag +37 ////; 
ttag +38 ////; 
ttag +39 ////; 
ttag +40 ////; 
ttag +41 ////; 
ttag +42 ////; 
ttag +43 ////; 
ttag +44 ////; 
ttag +45 ////; 
ttag +46 ////; 
ttag +47 ////; 
ttag +48 ////; 
ttag +49 17/[5]/?/0/?; 
ttag +50 12/[2]/?/?/?; 
ttag +51 100/100/100/100/100; 
ttag +52 99/98/98/97/97; 
ttag +53 73/66/49/58/56; 
ttag +54 54/40/40/45/23; 
ttag +55 14/[3]/?/1/?; 
ttag +56 93/91/84/89/81; 
ttag +57 99/99/98/99/98; 
ttag +58 43/2/11/12/20; 
ttag +59 55/41/35/46/44; 
ttag +60 59/45/41/51/54; 
ttag +61 89/86/79/90/84; 
ttag +62 96/96/97/98/95; 
ttag +63 100/100/99/100/98; 
ttag +64 99/99/97/92/94; 
ttag +65 75/63/64/68/47; 
ttag +66 62/47/49/45/41; 
ttag +67 98/97/98/99/95; 
ttag +68 62/47/56/54/56; 
ttag +69 100/100/100/100/100; 
ttag +70 100/100/99/100/96; 
ttag +71 86/85/78/84/79; 
ttag +72 97/96/97/99/96; 
ttag +73 99/99/99/100/98; 
ttag +74 97/97/98/97/92; 
ttag +75 59/45/40/50/37; 
ttag +76 89/87/76/80/68; 
ttag +77 99/98/94/98/95; 
ttag +78 99/99/97/99/97; 
ttag +79 95/94/89/91/86; 
ttag +80 78/76/69/78/65; 
ttag +81 36/4/?/0/?; 
ttag +82 95/94/96/97/94; 
ttag +83 89/84/84/88/86; 
ttag +84 27/[5]/0/?/?; 
ttag +85 12/[19]/?/?/?; 
ttag +86 100/100/100/100/100; 
ttag +87 100/100/100/100/99; 
ttag +88 88/83/69/85/79; 
ttag +89 62/48/46/52/41; 
ttag +90 75/61/65/64/64; 
ttag +91 30/[10]/?/?/?; 
ttag +92 100/100/99/100/100; 
ttag +93 88/86/70/88/70; 
ttag +94 94/92/80/94/82; 
