tread
'Tree with tags' 
(0 ((1 ((15 16 )(17 (18 (19 ((20 21 )((22 23 )(24 25 ))))))))((((2 3 )(((4 5 )(6 7 ))((8 9 )(10 (11 12 )))))((26 27 (28 (29 30 )))((39 (31 (34 35 (32 33 )(36 (37 38 )))))((40 41 )(42 (43 ((44 45 )(46 47 ))))))))(13 14 )))); 
ttag *!; 
ttag +49 1; 
ttag +50 ???; 
ttag +51 6; 
ttag +52 7; 
ttag +53 1; 
ttag +54 2; 
ttag +55 5; 
ttag +56 9; 
ttag +57 1; 
ttag +58 3; 
ttag +59 3; 
ttag +60 6; 
ttag +61 3; 
ttag +62 12; 
ttag +63 6; 
ttag +64 8; 
ttag +65 3; 
ttag +66 3; 
ttag +67 10; 
ttag +68 2; 
ttag +69 8; 
ttag +70 9; 
ttag +71 9; 
ttag +72 10; 
ttag +73 6; 
ttag +74 6; 
ttag +75 2; 
ttag +76 2; 
ttag +77 14; 
ttag +78 4; 
ttag +79 1; 
ttag +80 2; 
ttag +81 9; 
ttag +82 6; 
ttag +83 5; 
ttag +84 11; 
ttag +85 3; 
ttag +86 6; 
ttag +87 8; 
ttag +88 3; 
ttag +89 8; 
ttag +90 5; 
ttag +91 8; 
tread
'Tree with tags' 
(0 ((1 ((15 16 )(17 (18 (19 ((20 21 )((22 23 )(24 25 ))))))))((((2 3 )(((4 5 )(6 7 ))((8 9 )(10 (11 12 )))))((27 (26 (28 (29 30 ))))((39 (31 ((32 33 )(34 (35 (36 (37 38 )))))))((40 41 )(42 (43 ((44 45 )(46 47 ))))))))(13 14 )))); 
ttag *!; 
ttag +0 ////; 
ttag +1 ////; 
ttag +2 ////; 
ttag +3 ////; 
ttag +4 ////; 
ttag +5 ////; 
ttag +6 ////; 
ttag +7 ////; 
ttag +8 ////; 
ttag +9 ////; 
ttag +10 ////; 
ttag +11 ////; 
ttag +12 ////; 
ttag +13 ////; 
ttag +14 ////; 
ttag +15 ////; 
ttag +16 ////; 
ttag +17 ////; 
ttag +18 ////; 
ttag +19 ////; 
ttag +20 ////; 
ttag +21 ////; 
ttag +22 ////; 
ttag +23 ////; 
ttag +24 ////; 
ttag +25 ////; 
ttag +26 ////; 
ttag +27 ////; 
ttag +28 ////; 
ttag +29 ////; 
ttag +30 ////; 
ttag +31 ////; 
ttag +32 ////; 
ttag +33 ////; 
ttag +34 ////; 
ttag +35 ////; 
ttag +36 ////; 
ttag +37 ////; 
ttag +38 ////; 
ttag +39 ////; 
ttag +40 ////; 
ttag +41 ////; 
ttag +42 ////; 
ttag +43 ////; 
ttag +44 ////; 
ttag +45 ////; 
ttag +46 ////; 
ttag +47 ////; 
ttag +48 ////; 
ttag +49 58/56/36/56/36; 
ttag +50 100/100/100/100/100; 
ttag +51 98/97/92/98/94; 
ttag +52 99/99/98/99/97; 
ttag +53 54/37/18/37/15; 
ttag +54 66/64/50/62/44; 
ttag +55 90/88/78/94/74; 
ttag +56 100/100/98/100/98; 
ttag +57 47/18/22/18/10; 
ttag +58 82/76/68/74/65; 
ttag +59 87/86/79/83/84; 
ttag +60 94/94/86/92/83; 
ttag +61 82/78/51/72/59; 
ttag +62 100/100/100/100/100; 
ttag +63 98/98/97/100/96; 
ttag +64 99/99/96/100/98; 
ttag +65 77/73/53/76/48; 
ttag +66 94/94/91/92/90; 
ttag +67 100/100/98/99/98; 
ttag +68 88/87/82/88/82; 
ttag +69 100/100/100/100/100; 
ttag +70 99/99/96/99/96; 
ttag +71 100/100/99/100/98; 
ttag +72 99/99/100/99/100; 
ttag +73 95/92/91/96/91; 
ttag +74 30/0/?/?/?; 
ttag +75 99/99/96/97/94; 
ttag +76 66/51/51/47/48; 
ttag +77 80/72/68/72/57; 
ttag +78 100/100/100/100/99; 
ttag +79 97/97/92/98/97; 
ttag +80 70/62/61/65/62; 
ttag +81 78/74/58/72/64; 
ttag +82 100/100/100/100/97; 
ttag +83 97/97/96/99/92; 
ttag +84 45/36/26/28/26; 
ttag +85 33/[12]/?/?/?; 
ttag +86 98/98/95/97/94; 
ttag +87 100/100/100/100/100; 
ttag +88 85/81/78/89/78; 
ttag +89 95/92/92/96/95; 
ttag +90 100/100/98/99/98; 
ttag +91 86/82/67/80/72; 
ttag +92 99/98/96/99/95; 
ttag +93 91/88/76/92/81; 
ttag +94 100/100/99/100/99; 
