tread
'Tree with tags' 
(0 ((1 (((13 14 )((15 16 )(17 (18 (19 ((20 21 )((22 23 )(24 25 ))))))))((26 (27 (28 (29 30 ))))(39 (31 ((32 33 )((34 35 )(36 (37 38 )))))((40 41 )(43 (42 ((44 45 )(46 47 )))))))))((2 3 )((8 (9 ((4 5 )(6 7 ))))(10 (11 12 )))))); 
ttag *!; 
ttag +49 2; 
ttag +50 ???; 
ttag +51 10; 
ttag +52 14; 
ttag +53 6; 
ttag +54 10; 
ttag +55 1; 
ttag +56 1; 
ttag +57 3; 
ttag +58 2; 
ttag +59 5; 
ttag +60 7; 
ttag +61 5; 
ttag +62 1; 
ttag +63 1; 
ttag +64 9; 
ttag +65 6; 
ttag +66 2; 
ttag +67 4; 
ttag +68 1; 
ttag +69 11; 
ttag +70 2; 
ttag +71 5; 
ttag +72 5; 
ttag +73 11; 
ttag +74 5; 
ttag +75 6; 
ttag +76 3; 
ttag +77 1; 
ttag +78 12; 
ttag +79 6; 
ttag +80 2; 
ttag +81 6; 
ttag +82 6; 
ttag +83 2; 
ttag +84 2; 
ttag +85 5; 
ttag +86 10; 
ttag +87 3; 
ttag +88 7; 
ttag +89 2; 
ttag +90 9; 
ttag +91 6; 
ttag +92 10; 
ttag +93 3; 
tread
'Tree with tags' 
(0 ((1 (((13 14 )((15 16 )(17 (18 (19 ((20 21 )((22 23 )(24 25 ))))))))((26 (27 (28 (29 30 ))))((31 ((32 33 )((34 35 )(36 (37 38 )))))(39 ((40 41 )(43 (42 ((44 45 )(46 47 ))))))))))((2 3 )((8 (9 ((4 5 )(6 7 ))))(10 (11 12 )))))); 
ttag *!; 
ttag +0 ////; 
ttag +1 ////; 
ttag +2 ////; 
ttag +3 ////; 
ttag +4 ////; 
ttag +5 ////; 
ttag +6 ////; 
ttag +7 ////; 
ttag +8 ////; 
ttag +9 ////; 
ttag +10 ////; 
ttag +11 ////; 
ttag +12 ////; 
ttag +13 ////; 
ttag +14 ////; 
ttag +15 ////; 
ttag +16 ////; 
ttag +17 ////; 
ttag +18 ////; 
ttag +19 ////; 
ttag +20 ////; 
ttag +21 ////; 
ttag +22 ////; 
ttag +23 ////; 
ttag +24 ////; 
ttag +25 ////; 
ttag +26 ////; 
ttag +27 ////; 
ttag +28 ////; 
ttag +29 ////; 
ttag +30 ////; 
ttag +31 ////; 
ttag +32 ////; 
ttag +33 ////; 
ttag +34 ////; 
ttag +35 ////; 
ttag +36 ////; 
ttag +37 ////; 
ttag +38 ////; 
ttag +39 ////; 
ttag +40 ////; 
ttag +41 ////; 
ttag +42 ////; 
ttag +43 ////; 
ttag +44 ////; 
ttag +45 ////; 
ttag +46 ////; 
ttag +47 ////; 
ttag +48 ////; 
ttag +49 61/57/44/56/42; 
ttag +50 100/100/100/100/100; 
ttag +51 100/100/100/100/100; 
ttag +52 100/100/100/100/99; 
ttag +53 96/96/94/98/93; 
ttag +54 100/100/96/99/99; 
ttag +55 49/25/18/22/17; 
ttag +56 45/21/14/19/13; 
ttag +57 80/76/61/78/69; 
ttag +58 71/64/52/64/54; 
ttag +59 93/92/89/93/89; 
ttag +60 100/100/99/100/98; 
ttag +61 98/97/95/98/93; 
ttag +62 33/14/6/26/11; 
ttag +63 52/41/26/43/26; 
ttag +64 100/100/100/100/99; 
ttag +65 94/91/84/92/85; 
ttag +66 48/33/27/45/29; 
ttag +67 92/91/75/90/87; 
ttag +68 55/42/36/45/44; 
ttag +69 100/100/100/100/99; 
ttag +70 75/62/65/70/66; 
ttag +71 99/98/94/98/97; 
ttag +72 95/93/87/96/87; 
ttag +73 100/100/98/100/100; 
ttag +74 94/93/85/95/87; 
ttag +75 94/93/88/94/89; 
ttag +76 91/90/74/84/72; 
ttag +77 62/42/26/38/31; 
ttag +78 100/100/100/100/100; 
ttag +79 99/99/95/98/92; 
ttag +80 80/76/67/74/65; 
ttag +81 98/98/97/99/97; 
ttag +82 100/100/96/99/97; 
ttag +83 63/53/48/59/45; 
ttag +84 65/55/45/57/44; 
ttag +85 96/95/88/97/90; 
ttag +86 100/100/97/98/97; 
ttag +87 15/[20]/?/?/?; 
ttag +88 94/92/88/92/89; 
ttag +89 97/96/96/99/96; 
ttag +90 87/86/83/89/82; 
ttag +91 100/100/100/100/98; 
ttag +92 99/99/98/99/95; 
ttag +93 100/100/100/100/98; 
ttag +94 88/84/74/82/77; 
